Timing is on.
vacuum (analyze, verbose) pspadm.psp_pstub_employee_info_p1;
psql:vacuum_efficiancy_2.sql:3: INFO:  aggressively vacuuming "pspapg02.pspadm.psp_pstub_employee_info_p1"
psql:vacuum_efficiancy_2.sql:3: INFO:  launched 3 parallel vacuum workers for index vacuuming (planned: 3)
psql:vacuum_efficiancy_2.sql:3: INFO:  finished vacuuming "pspapg02.pspadm.psp_pstub_employee_info_p1": index scans: 1
pages: 0 removed, 5263402 remain, 424682 scanned (8.07% of total)
tuples: 350809 removed, 117351335 remain, 0 are dead but not yet removable
removable cutoff: 4047750096, which was 231 XIDs old when operation ended
new relfrozenxid: 3997750099, which is 201574540 XIDs ahead of previous value
new relminmxid: 8475855, which is 8443489 MXIDs ahead of previous value
index scan needed: 350896 pages from table (6.67% of total) had 3050993 dead item identifiers removed
index "psp_pstub_employee_info_p1_pkey": pages: 2056788 in total, 0 newly deleted, 0 currently deleted, 0 reusable
index "psp_pstub_employee_info_fk1_p1": pages: 202475 in total, 0 newly deleted, 0 currently deleted, 0 reusable
index "psp_pstub_employee_info_fk2_p1": pages: 1230570 in total, 707 newly deleted, 820 currently deleted, 113 reusable
index "idx_pei_mod_date_p1": pages: 326211 in total, 5 newly deleted, 6 currently deleted, 1 reusable
I/O timings: read: 44580.665 ms, write: 0.000 ms
avg read rate: 0.184 MB/s, avg write rate: 0.000 MB/s
buffer usage: 3259613 hits, 1293 misses, 0 dirtied
WAL usage: 0 records, 0 full page images, 0 bytes
system usage: CPU: user: 26.30 s, system: 0.96 s, elapsed: 54.94 s
psql:vacuum_efficiancy_2.sql:3: INFO:  aggressively vacuuming "pspapg02.pg_toast.pg_toast_199583"
psql:vacuum_efficiancy_2.sql:3: INFO:  finished vacuuming "pspapg02.pg_toast.pg_toast_199583": index scans: 0
pages: 0 removed, 0 remain, 0 scanned (100.00% of total)
tuples: 0 removed, 0 remain, 0 are dead but not yet removable
removable cutoff: 4047750237, which was 90 XIDs old when operation ended
new relfrozenxid: 4047750237, which is 276937802 XIDs ahead of previous value
new relminmxid: 8475855, which is 8448063 MXIDs ahead of previous value
index scan not needed: 0 pages from table (100.00% of total) had 0 dead item identifiers removed
I/O timings: read: 0.771 ms, write: 0.000 ms
avg read rate: 8.510 MB/s, avg write rate: 0.000 MB/s
buffer usage: 26 hits, 1 misses, 0 dirtied
WAL usage: 0 records, 0 full page images, 0 bytes
system usage: CPU: user: 0.00 s, system: 0.00 s, elapsed: 0.00 s
psql:vacuum_efficiancy_2.sql:3: INFO:  analyzing "pspadm.psp_pstub_employee_info_p1"
psql:vacuum_efficiancy_2.sql:3: INFO:  "psp_pstub_employee_info_p1": scanned 30000 of 5263402 pages, containing 683277 live rows and 0 dead rows; 30000 rows in sample, 119878718 estimated total rows
VACUUM
Time: 84418.858 ms (01:24.419)
vacuum (analyze, verbose) pspadm.psp_bank_account ;
psql:vacuum_efficiancy_2.sql:4: INFO:  aggressively vacuuming "pspapg02.pspadm.psp_bank_account"
psql:vacuum_efficiancy_2.sql:4: INFO:  launched 2 parallel vacuum workers for index vacuuming (planned: 2)
psql:vacuum_efficiancy_2.sql:4: INFO:  finished vacuuming "pspapg02.pspadm.psp_bank_account": index scans: 1
pages: 0 removed, 1961475 remain, 1068536 scanned (54.48% of total)
tuples: 32274 removed, 52379006 remain, 0 are dead but not yet removable
removable cutoff: 4047750237, which was 501 XIDs old when operation ended
new relfrozenxid: 3997750611, which is 200173257 XIDs ahead of previous value
new relminmxid: 8475855, which is 8443434 MXIDs ahead of previous value
index scan needed: 163864 pages from table (8.35% of total) had 1081885 dead item identifiers removed
index "psp_bank_account_pkey": pages: 495255 in total, 0 newly deleted, 0 currently deleted, 0 reusable
index "psp_bank_account_enc_i1": pages: 498425 in total, 0 newly deleted, 0 currently deleted, 0 reusable
index "psp_bank_account_mooddate": pages: 69948 in total, 0 newly deleted, 1 currently deleted, 1 reusable
I/O timings: read: 27424.829 ms, write: 0.000 ms
avg read rate: 0.106 MB/s, avg write rate: 0.000 MB/s
buffer usage: 2800787 hits, 482 misses, 0 dirtied
WAL usage: 0 records, 0 full page images, 0 bytes
system usage: CPU: user: 16.77 s, system: 0.63 s, elapsed: 35.54 s
psql:vacuum_efficiancy_2.sql:4: INFO:  aggressively vacuuming "pspapg02.pg_toast.pg_toast_196546"
psql:vacuum_efficiancy_2.sql:4: INFO:  finished vacuuming "pspapg02.pg_toast.pg_toast_196546": index scans: 0
pages: 0 removed, 0 remain, 0 scanned (100.00% of total)
tuples: 0 removed, 0 remain, 0 are dead but not yet removable
removable cutoff: 4047750359, which was 379 XIDs old when operation ended
new relfrozenxid: 4047750359, which is 273290614 XIDs ahead of previous value
new relminmxid: 8475855, which is 8447929 MXIDs ahead of previous value
index scan not needed: 0 pages from table (100.00% of total) had 0 dead item identifiers removed
I/O timings: read: 0.724 ms, write: 0.000 ms
avg read rate: 8.898 MB/s, avg write rate: 0.000 MB/s
buffer usage: 19 hits, 1 misses, 0 dirtied
WAL usage: 0 records, 0 full page images, 0 bytes
system usage: CPU: user: 0.00 s, system: 0.00 s, elapsed: 0.00 s
psql:vacuum_efficiancy_2.sql:4: INFO:  analyzing "pspadm.psp_bank_account"
psql:vacuum_efficiancy_2.sql:4: INFO:  "psp_bank_account": scanned 30000 of 1961475 pages, containing 796788 live rows and 0 dead rows; 30000 rows in sample, 52095991 estimated total rows
VACUUM
Time: 64839.303 ms (01:04.839)
vacuum (analyze, verbose) pspadm.psp_pstub_employee_info_p2;
psql:vacuum_efficiancy_2.sql:5: INFO:  aggressively vacuuming "pspapg02.pspadm.psp_pstub_employee_info_p2"
psql:vacuum_efficiancy_2.sql:5: INFO:  launched 3 parallel vacuum workers for index vacuuming (planned: 3)
psql:vacuum_efficiancy_2.sql:5: INFO:  finished vacuuming "pspapg02.pspadm.psp_pstub_employee_info_p2": index scans: 1
pages: 0 removed, 5118471 remain, 415827 scanned (8.12% of total)
tuples: 343790 removed, 114294964 remain, 0 are dead but not yet removable
removable cutoff: 4047750359, which was 596 XIDs old when operation ended
new relfrozenxid: 3997751161, which is 201520787 XIDs ahead of previous value
new relminmxid: 8475855, which is 8443489 MXIDs ahead of previous value
index scan needed: 342973 pages from table (6.70% of total) had 2962469 dead item identifiers removed
index "psp_pstub_employee_info_p2_pkey": pages: 2001312 in total, 0 newly deleted, 0 currently deleted, 0 reusable
index "psp_pstub_employee_info_fk1_p2": pages: 197576 in total, 0 newly deleted, 0 currently deleted, 0 reusable
index "psp_pstub_employee_info_fk2_p2": pages: 1200764 in total, 704 newly deleted, 814 currently deleted, 110 reusable
index "idx_pei_mod_date_p2": pages: 317544 in total, 10 newly deleted, 14 currently deleted, 4 reusable
I/O timings: read: 43250.639 ms, write: 0.000 ms
avg read rate: 0.185 MB/s, avg write rate: 0.000 MB/s
buffer usage: 3178436 hits, 1257 misses, 0 dirtied
WAL usage: 0 records, 0 full page images, 0 bytes
system usage: CPU: user: 25.03 s, system: 0.71 s, elapsed: 52.95 s
psql:vacuum_efficiancy_2.sql:5: INFO:  aggressively vacuuming "pspapg02.pg_toast.pg_toast_199589"
psql:vacuum_efficiancy_2.sql:5: INFO:  finished vacuuming "pspapg02.pg_toast.pg_toast_199589": index scans: 0
pages: 0 removed, 0 remain, 0 scanned (100.00% of total)
tuples: 0 removed, 0 remain, 0 are dead but not yet removable
removable cutoff: 4047750359, which was 596 XIDs old when operation ended
new relfrozenxid: 4047750359, which is 276935708 XIDs ahead of previous value
new relminmxid: 8475855, which is 8448063 MXIDs ahead of previous value
index scan not needed: 0 pages from table (100.00% of total) had 0 dead item identifiers removed
I/O timings: read: 1.441 ms, write: 0.000 ms
avg read rate: 5.060 MB/s, avg write rate: 0.000 MB/s
buffer usage: 19 hits, 1 misses, 0 dirtied
WAL usage: 0 records, 0 full page images, 0 bytes
system usage: CPU: user: 0.00 s, system: 0.00 s, elapsed: 0.00 s
psql:vacuum_efficiancy_2.sql:5: INFO:  analyzing "pspadm.psp_pstub_employee_info_p2"
psql:vacuum_efficiancy_2.sql:5: INFO:  "psp_pstub_employee_info_p2": scanned 30000 of 5118471 pages, containing 683889 live rows and 0 dead rows; 30000 rows in sample, 116682200 estimated total rows
VACUUM
Time: 82504.501 ms (01:22.505)
vacuum (analyze, verbose) pspadm.psp_pstub_employee_info_p3;
psql:vacuum_efficiancy_2.sql:6: INFO:  aggressively vacuuming "pspapg02.pspadm.psp_pstub_employee_info_p3"
psql:vacuum_efficiancy_2.sql:6: INFO:  launched 3 parallel vacuum workers for index vacuuming (planned: 3)
psql:vacuum_efficiancy_2.sql:6: INFO:  finished vacuuming "pspapg02.pspadm.psp_pstub_employee_info_p3": index scans: 1
pages: 0 removed, 5188630 remain, 423504 scanned (8.16% of total)
tuples: 358745 removed, 115699039 remain, 0 are dead but not yet removable
removable cutoff: 4047750359, which was 811 XIDs old when operation ended
new relfrozenxid: 3997750714, which is 200287751 XIDs ahead of previous value
new relminmxid: 8475855, which is 8443434 MXIDs ahead of previous value
index scan needed: 352051 pages from table (6.79% of total) had 3046093 dead item identifiers removed
index "psp_pstub_employee_info_p3_pkey": pages: 2027571 in total, 3 newly deleted, 3 currently deleted, 0 reusable
index "psp_pstub_employee_info_fk1_p3": pages: 199933 in total, 0 newly deleted, 0 currently deleted, 0 reusable
index "psp_pstub_employee_info_fk2_p3": pages: 1218015 in total, 737 newly deleted, 854 currently deleted, 117 reusable
index "idx_pei_mod_date_p3": pages: 321908 in total, 4 newly deleted, 4 currently deleted, 0 reusable
I/O timings: read: 44446.132 ms, write: 0.000 ms
avg read rate: 0.183 MB/s, avg write rate: 0.000 MB/s
buffer usage: 3229076 hits, 1283 misses, 0 dirtied
WAL usage: 0 records, 0 full page images, 0 bytes
system usage: CPU: user: 26.14 s, system: 0.68 s, elapsed: 54.67 s
psql:vacuum_efficiancy_2.sql:6: INFO:  aggressively vacuuming "pspapg02.pg_toast.pg_toast_199595"
psql:vacuum_efficiancy_2.sql:6: INFO:  finished vacuuming "pspapg02.pg_toast.pg_toast_199595": index scans: 0
pages: 0 removed, 0 remain, 0 scanned (100.00% of total)
tuples: 0 removed, 0 remain, 0 are dead but not yet removable
removable cutoff: 4047751158, which was 12 XIDs old when operation ended
new relfrozenxid: 4047751158, which is 276936507 XIDs ahead of previous value
new relminmxid: 8475855, which is 8448063 MXIDs ahead of previous value
index scan not needed: 0 pages from table (100.00% of total) had 0 dead item identifiers removed
I/O timings: read: 1.423 ms, write: 0.000 ms
avg read rate: 5.123 MB/s, avg write rate: 0.000 MB/s
buffer usage: 19 hits, 1 misses, 0 dirtied
WAL usage: 0 records, 0 full page images, 0 bytes
system usage: CPU: user: 0.00 s, system: 0.00 s, elapsed: 0.00 s
psql:vacuum_efficiancy_2.sql:6: INFO:  analyzing "pspadm.psp_pstub_employee_info_p3"
psql:vacuum_efficiancy_2.sql:6: INFO:  "psp_pstub_employee_info_p3": scanned 30000 of 5188630 pages, containing 683000 live rows and 0 dead rows; 30000 rows in sample, 118127810 estimated total rows
VACUUM
Time: 83822.453 ms (01:23.822)
SELECT pg_sleep(120);
 pg_sleep 
----------
 
(1 row)

Time: 120101.154 ms (02:00.101)
vacuum (analyze, verbose) pg_index  ;
psql:vacuum_efficiancy_2.sql:8: INFO:  vacuuming "pspapg02.pg_catalog.pg_index"
psql:vacuum_efficiancy_2.sql:8: INFO:  finished vacuuming "pspapg02.pg_catalog.pg_index": index scans: 1
pages: 0 removed, 128 remain, 11 scanned (8.59% of total)
tuples: 204 removed, 2261 remain, 0 are dead but not yet removable
removable cutoff: 4047751557, which was 171 XIDs old when operation ended
index scan needed: 10 pages from table (7.81% of total) had 204 dead item identifiers removed
index "pg_index_indrelid_index": pages: 27 in total, 0 newly deleted, 7 currently deleted, 7 reusable
index "pg_index_indexrelid_index": pages: 36 in total, 0 newly deleted, 11 currently deleted, 11 reusable
I/O timings: read: 15.641 ms, write: 0.000 ms
avg read rate: 4.499 MB/s, avg write rate: 0.000 MB/s
buffer usage: 133 hits, 9 misses, 0 dirtied
WAL usage: 0 records, 0 full page images, 0 bytes
system usage: CPU: user: 0.00 s, system: 0.00 s, elapsed: 0.01 s
psql:vacuum_efficiancy_2.sql:8: INFO:  analyzing "pg_catalog.pg_index"
psql:vacuum_efficiancy_2.sql:8: INFO:  "pg_index": scanned 128 of 128 pages, containing 5468 live rows and 0 dead rows; 5468 rows in sample, 5468 estimated total rows
VACUUM
Time: 41.105 ms
vacuum (analyze, verbose) pg_inherits      ;
psql:vacuum_efficiancy_2.sql:9: INFO:  vacuuming "pspapg02.pg_catalog.pg_inherits"
psql:vacuum_efficiancy_2.sql:9: INFO:  table "pg_inherits": truncated 26 to 25 pages
psql:vacuum_efficiancy_2.sql:9: INFO:  finished vacuuming "pspapg02.pg_catalog.pg_inherits": index scans: 1
pages: 1 removed, 25 remain, 3 scanned (11.54% of total)
tuples: 204 removed, 2794 remain, 0 are dead but not yet removable
removable cutoff: 4047751557, which was 173 XIDs old when operation ended
new relfrozenxid: 4047751557, which is 73082104 XIDs ahead of previous value
new relminmxid: 8475855, which is 8057343 MXIDs ahead of previous value
index scan needed: 3 pages from table (11.54% of total) had 204 dead item identifiers removed
index "pg_inherits_parent_index": pages: 8 in total, 0 newly deleted, 0 currently deleted, 0 reusable
index "pg_inherits_relid_seqno_index": pages: 15 in total, 0 newly deleted, 0 currently deleted, 0 reusable
I/O timings: read: 8.551 ms, write: 0.000 ms
avg read rate: 2.440 MB/s, avg write rate: 0.000 MB/s
buffer usage: 86 hits, 3 misses, 0 dirtied
WAL usage: 0 records, 0 full page images, 0 bytes
system usage: CPU: user: 0.00 s, system: 0.00 s, elapsed: 0.00 s
psql:vacuum_efficiancy_2.sql:9: INFO:  analyzing "pg_catalog.pg_inherits"
psql:vacuum_efficiancy_2.sql:9: INFO:  "pg_inherits": scanned 25 of 25 pages, containing 4479 live rows and 0 dead rows; 4479 rows in sample, 4479 estimated total rows
VACUUM
Time: 43.153 ms
vacuum (analyze, verbose) pspadm.psp_ee_payrollitem_qtrtotals ;
psql:vacuum_efficiancy_2.sql:10: INFO:  vacuuming "pspapg02.pspadm.psp_ee_payrollitem_qtrtotals"
psql:vacuum_efficiancy_2.sql:10: INFO:  launched 2 parallel vacuum workers for index vacuuming (planned: 2)
psql:vacuum_efficiancy_2.sql:10: INFO:  finished vacuuming "pspapg02.pspadm.psp_ee_payrollitem_qtrtotals": index scans: 1
pages: 0 removed, 668087 remain, 54033 scanned (8.09% of total)
tuples: 117457 removed, 21023619 remain, 0 are dead but not yet removable
removable cutoff: 4047751557, which was 198 XIDs old when operation ended
index scan needed: 31511 pages from table (4.72% of total) had 435988 dead item identifiers removed
index "psp_ee_payrollitem_qtrtotals_pkey": pages: 255827 in total, 96 newly deleted, 10309 currently deleted, 10213 reusable
index "psp_employee_payroll_item_fk1_idx": pages: 27823 in total, 165 newly deleted, 178 currently deleted, 13 reusable
index "psp_employee_payroll_item_fk2_idx": pages: 37960 in total, 0 newly deleted, 0 currently deleted, 0 reusable
I/O timings: read: 6129.852 ms, write: 0.000 ms
avg read rate: 0.572 MB/s, avg write rate: 0.000 MB/s
buffer usage: 410766 hits, 545 misses, 0 dirtied
WAL usage: 0 records, 0 full page images, 0 bytes
system usage: CPU: user: 2.32 s, system: 0.57 s, elapsed: 7.44 s
psql:vacuum_efficiancy_2.sql:10: INFO:  aggressively vacuuming "pspapg02.pg_toast.pg_toast_196870"
psql:vacuum_efficiancy_2.sql:10: INFO:  finished vacuuming "pspapg02.pg_toast.pg_toast_196870": index scans: 0
pages: 0 removed, 0 remain, 0 scanned (100.00% of total)
tuples: 0 removed, 0 remain, 0 are dead but not yet removable
removable cutoff: 4047751557, which was 198 XIDs old when operation ended
new relfrozenxid: 4047751557, which is 271471943 XIDs ahead of previous value
new relminmxid: 8475855, which is 8447820 MXIDs ahead of previous value
index scan not needed: 0 pages from table (100.00% of total) had 0 dead item identifiers removed
I/O timings: read: 0.813 ms, write: 0.000 ms
avg read rate: 8.585 MB/s, avg write rate: 0.000 MB/s
buffer usage: 19 hits, 1 misses, 0 dirtied
WAL usage: 0 records, 0 full page images, 0 bytes
system usage: CPU: user: 0.00 s, system: 0.00 s, elapsed: 0.00 s
psql:vacuum_efficiancy_2.sql:10: INFO:  analyzing "pspadm.psp_ee_payrollitem_qtrtotals"
psql:vacuum_efficiancy_2.sql:10: INFO:  "psp_ee_payrollitem_qtrtotals": scanned 30000 of 668087 pages, containing 962217 live rows and 0 dead rows; 30000 rows in sample, 21428156 estimated total rows
VACUUM
Time: 36646.562 ms (00:36.647)
vacuum (analyze, verbose) pspadm.psp_company_pin  ;
psql:vacuum_efficiancy_2.sql:11: INFO:  aggressively vacuuming "pspapg02.pspadm.psp_company_pin"
psql:vacuum_efficiancy_2.sql:11: INFO:  launched 1 parallel vacuum worker for index vacuuming (planned: 1)
psql:vacuum_efficiancy_2.sql:11: INFO:  finished vacuuming "pspapg02.pspadm.psp_company_pin": index scans: 1
pages: 0 removed, 47574 remain, 4319 scanned (9.08% of total)
tuples: 1267 removed, 1541129 remain, 0 are dead but not yet removable
removable cutoff: 4047751632, which was 201 XIDs old when operation ended
new relfrozenxid: 3997751717, which is 159394628 XIDs ahead of previous value
new relminmxid: 8475855, which is 8441309 MXIDs ahead of previous value
index scan needed: 4310 pages from table (9.06% of total) had 10388 dead item identifiers removed
index "psp_company_pin_pkey": pages: 14831 in total, 0 newly deleted, 0 currently deleted, 0 reusable
index "psp_company_pin_fk1": pages: 9852 in total, 0 newly deleted, 0 currently deleted, 0 reusable
I/O timings: read: 392.138 ms, write: 0.000 ms
avg read rate: 0.192 MB/s, avg write rate: 0.000 MB/s
buffer usage: 27848 hits, 13 misses, 0 dirtied
WAL usage: 0 records, 0 full page images, 0 bytes
system usage: CPU: user: 0.24 s, system: 0.03 s, elapsed: 0.52 s
psql:vacuum_efficiancy_2.sql:11: INFO:  aggressively vacuuming "pspapg02.pg_toast.pg_toast_196752"
psql:vacuum_efficiancy_2.sql:11: INFO:  finished vacuuming "pspapg02.pg_toast.pg_toast_196752": index scans: 0
pages: 0 removed, 0 remain, 0 scanned (100.00% of total)
tuples: 0 removed, 0 remain, 0 are dead but not yet removable
removable cutoff: 4047751632, which was 201 XIDs old when operation ended
new relfrozenxid: 4047751632, which is 272257807 XIDs ahead of previous value
new relminmxid: 8475855, which is 8447835 MXIDs ahead of previous value
index scan not needed: 0 pages from table (100.00% of total) had 0 dead item identifiers removed
I/O timings: read: 0.856 ms, write: 0.000 ms
avg read rate: 7.674 MB/s, avg write rate: 0.000 MB/s
buffer usage: 19 hits, 1 misses, 0 dirtied
WAL usage: 0 records, 0 full page images, 0 bytes
system usage: CPU: user: 0.00 s, system: 0.00 s, elapsed: 0.00 s
psql:vacuum_efficiancy_2.sql:11: INFO:  analyzing "pspadm.psp_company_pin"
psql:vacuum_efficiancy_2.sql:11: INFO:  "psp_company_pin": scanned 30000 of 47574 pages, containing 975298 live rows and 0 dead rows; 30000 rows in sample, 1546628 estimated total rows
VACUUM
Time: 30740.861 ms (00:30.741)
vacuum (analyze, verbose) pspadm.psp_company_bank_account  ;
psql:vacuum_efficiancy_2.sql:12: INFO:  aggressively vacuuming "pspapg02.pspadm.psp_company_bank_account"
psql:vacuum_efficiancy_2.sql:12: INFO:  launched 3 parallel vacuum workers for index vacuuming (planned: 3)
psql:vacuum_efficiancy_2.sql:12: INFO:  finished vacuuming "pspapg02.pspadm.psp_company_bank_account": index scans: 1
pages: 0 removed, 96562 remain, 82268 scanned (85.20% of total)
tuples: 390 removed, 2502766 remain, 0 are dead but not yet removable
removable cutoff: 4047751632, which was 507 XIDs old when operation ended
new relfrozenxid: 3997753058, which is 159364171 XIDs ahead of previous value
new relminmxid: 8475855, which is 8441306 MXIDs ahead of previous value
index scan needed: 7909 pages from table (8.19% of total) had 8856 dead item identifiers removed
index "psp_company_bank_account_pkey": pages: 23453 in total, 0 newly deleted, 0 currently deleted, 0 reusable
index "psp_company_bank_account_fk1": pages: 17870 in total, 0 newly deleted, 0 currently deleted, 0 reusable
index "psp_company_bank_account_fk2": pages: 15492 in total, 0 newly deleted, 0 currently deleted, 0 reusable
index "psp_company_bank_account_u1": pages: 26081 in total, 0 newly deleted, 0 currently deleted, 0 reusable
I/O timings: read: 1896.607 ms, write: 0.000 ms
avg read rate: 0.074 MB/s, avg write rate: 0.000 MB/s
buffer usage: 196315 hits, 25 misses, 0 dirtied
WAL usage: 0 records, 0 full page images, 0 bytes
system usage: CPU: user: 0.78 s, system: 0.07 s, elapsed: 2.63 s
psql:vacuum_efficiancy_2.sql:12: INFO:  aggressively vacuuming "pspapg02.pg_toast.pg_toast_196676"
psql:vacuum_efficiancy_2.sql:12: INFO:  finished vacuuming "pspapg02.pg_toast.pg_toast_196676": index scans: 0
pages: 0 removed, 0 remain, 0 scanned (100.00% of total)
tuples: 0 removed, 0 remain, 0 are dead but not yet removable
removable cutoff: 4047751632, which was 507 XIDs old when operation ended
new relfrozenxid: 4047751632, which is 272280019 XIDs ahead of previous value
new relminmxid: 8475855, which is 8447856 MXIDs ahead of previous value
index scan not needed: 0 pages from table (100.00% of total) had 0 dead item identifiers removed
I/O timings: read: 0.828 ms, write: 0.000 ms
avg read rate: 8.529 MB/s, avg write rate: 0.000 MB/s
buffer usage: 19 hits, 1 misses, 0 dirtied
WAL usage: 0 records, 0 full page images, 0 bytes
system usage: CPU: user: 0.00 s, system: 0.00 s, elapsed: 0.00 s
psql:vacuum_efficiancy_2.sql:12: INFO:  analyzing "pspadm.psp_company_bank_account"
psql:vacuum_efficiancy_2.sql:12: INFO:  "psp_company_bank_account": scanned 30000 of 96562 pages, containing 780420 live rows and 0 dead rows; 30000 rows in sample, 2511964 estimated total rows
VACUUM
Time: 31461.228 ms (00:31.461)
SELECT pg_sleep(120);
 pg_sleep 
----------
 
(1 row)

Time: 120100.474 ms (02:00.100)
vacuum (analyze, verbose) pspadm.psp_law_rate_range ;
psql:vacuum_efficiancy_2.sql:14: INFO:  aggressively vacuuming "pspapg02.pspadm.psp_law_rate_range"
psql:vacuum_efficiancy_2.sql:14: INFO:  finished vacuuming "pspapg02.pspadm.psp_law_rate_range": index scans: 0
pages: 0 removed, 24 remain, 2 scanned (8.33% of total)
tuples: 2 removed, 129 remain, 0 are dead but not yet removable
removable cutoff: 4047751632, which was 1763 XIDs old when operation ended
new relfrozenxid: 3997989963, which is 220056655 XIDs ahead of previous value
new relminmxid: 8475855, which is 8447754 MXIDs ahead of previous value
index scan not needed: 0 pages from table (0.00% of total) had 0 dead item identifiers removed
I/O timings: read: 3.947 ms, write: 0.000 ms
avg read rate: 5.528 MB/s, avg write rate: 0.000 MB/s
buffer usage: 38 hits, 3 misses, 0 dirtied
WAL usage: 0 records, 0 full page images, 0 bytes
system usage: CPU: user: 0.00 s, system: 0.00 s, elapsed: 0.00 s
psql:vacuum_efficiancy_2.sql:14: INFO:  analyzing "pspadm.psp_law_rate_range"
psql:vacuum_efficiancy_2.sql:14: INFO:  "psp_law_rate_range": scanned 24 of 24 pages, containing 108 live rows and 0 dead rows; 108 rows in sample, 108 estimated total rows
VACUUM
Time: 31.777 ms
vacuum (analyze, verbose) pspadm.psp_fset_file    ;
psql:vacuum_efficiancy_2.sql:15: INFO:  aggressively vacuuming "pspapg02.pspadm.psp_fset_file"
psql:vacuum_efficiancy_2.sql:15: INFO:  finished vacuuming "pspapg02.pspadm.psp_fset_file": index scans: 1
pages: 0 removed, 24 remain, 2 scanned (8.33% of total)
tuples: 9 removed, 691 remain, 0 are dead but not yet removable
removable cutoff: 4047751632, which was 1764 XIDs old when operation ended
new relfrozenxid: 3997824259, which is 220033266 XIDs ahead of previous value
new relminmxid: 8475855, which is 8447760 MXIDs ahead of previous value
index scan needed: 1 pages from table (4.17% of total) had 1 dead item identifiers removed
index "psp_fset_file_pkey": pages: 11 in total, 0 newly deleted, 0 currently deleted, 0 reusable
I/O timings: read: 7.234 ms, write: 0.000 ms
avg read rate: 4.162 MB/s, avg write rate: 0.000 MB/s
buffer usage: 39 hits, 4 misses, 0 dirtied
WAL usage: 0 records, 0 full page images, 0 bytes
system usage: CPU: user: 0.00 s, system: 0.00 s, elapsed: 0.00 s
psql:vacuum_efficiancy_2.sql:15: INFO:  aggressively vacuuming "pspapg02.pg_toast.pg_toast_197143"
psql:vacuum_efficiancy_2.sql:15: INFO:  finished vacuuming "pspapg02.pg_toast.pg_toast_197143": index scans: 0
pages: 0 removed, 0 remain, 0 scanned (100.00% of total)
tuples: 0 removed, 0 remain, 0 are dead but not yet removable
removable cutoff: 4047751632, which was 1764 XIDs old when operation ended
new relfrozenxid: 4047751632, which is 269960639 XIDs ahead of previous value
new relminmxid: 8475855, which is 8447760 MXIDs ahead of previous value
index scan not needed: 0 pages from table (100.00% of total) had 0 dead item identifiers removed
I/O timings: read: 0.812 ms, write: 0.000 ms
avg read rate: 8.671 MB/s, avg write rate: 0.000 MB/s
buffer usage: 19 hits, 1 misses, 0 dirtied
WAL usage: 0 records, 0 full page images, 0 bytes
system usage: CPU: user: 0.00 s, system: 0.00 s, elapsed: 0.00 s
psql:vacuum_efficiancy_2.sql:15: INFO:  analyzing "pspadm.psp_fset_file"
psql:vacuum_efficiancy_2.sql:15: INFO:  "psp_fset_file": scanned 24 of 24 pages, containing 721 live rows and 0 dead rows; 721 rows in sample, 721 estimated total rows
VACUUM
Time: 45.817 ms
vacuum (analyze, verbose) pspadm.psp_fset_filing_detail    ;
psql:vacuum_efficiancy_2.sql:16: INFO:  aggressively vacuuming "pspapg02.pspadm.psp_fset_filing_detail"
psql:vacuum_efficiancy_2.sql:16: INFO:  launched 1 parallel vacuum worker for index vacuuming (planned: 1)
psql:vacuum_efficiancy_2.sql:16: INFO:  finished vacuuming "pspapg02.pspadm.psp_fset_filing_detail": index scans: 1
pages: 0 removed, 4183 remain, 420 scanned (10.04% of total)
tuples: 126 removed, 53300 remain, 0 are dead but not yet removable
removable cutoff: 4047751632, which was 1766 XIDs old when operation ended
new relfrozenxid: 4001946556, which is 224155563 XIDs ahead of previous value
new relminmxid: 8475855, which is 8447760 MXIDs ahead of previous value
index scan needed: 375 pages from table (8.96% of total) had 809 dead item identifiers removed
index "psp_fset_filing_detail_pkey": pages: 535 in total, 0 newly deleted, 0 currently deleted, 0 reusable
index "psp_fset_filing_detail_fk1": pages: 57 in total, 0 newly deleted, 0 currently deleted, 0 reusable
index "psp_fset_filing_detail_fk2": pages: 61 in total, 0 newly deleted, 0 currently deleted, 0 reusable
index "psp_fset_filing_detail_fk3": pages: 716 in total, 0 newly deleted, 0 currently deleted, 0 reusable
I/O timings: read: 52.633 ms, write: 0.000 ms
avg read rate: 0.480 MB/s, avg write rate: 0.000 MB/s
buffer usage: 2131 hits, 4 misses, 0 dirtied
WAL usage: 0 records, 0 full page images, 0 bytes
system usage: CPU: user: 0.00 s, system: 0.00 s, elapsed: 0.06 s
psql:vacuum_efficiancy_2.sql:16: INFO:  aggressively vacuuming "pspapg02.pg_toast.pg_toast_197149"
psql:vacuum_efficiancy_2.sql:16: INFO:  finished vacuuming "pspapg02.pg_toast.pg_toast_197149": index scans: 0
pages: 0 removed, 0 remain, 0 scanned (100.00% of total)
tuples: 0 removed, 0 remain, 0 are dead but not yet removable
removable cutoff: 4047751632, which was 1766 XIDs old when operation ended
new relfrozenxid: 4047751632, which is 269960639 XIDs ahead of previous value
new relminmxid: 8475855, which is 8447760 MXIDs ahead of previous value
index scan not needed: 0 pages from table (100.00% of total) had 0 dead item identifiers removed
I/O timings: read: 0.688 ms, write: 0.000 ms
avg read rate: 10.094 MB/s, avg write rate: 0.000 MB/s
buffer usage: 19 hits, 1 misses, 0 dirtied
WAL usage: 0 records, 0 full page images, 0 bytes
system usage: CPU: user: 0.00 s, system: 0.00 s, elapsed: 0.00 s
psql:vacuum_efficiancy_2.sql:16: INFO:  analyzing "pspadm.psp_fset_filing_detail"
psql:vacuum_efficiancy_2.sql:16: INFO:  "psp_fset_filing_detail": scanned 4183 of 4183 pages, containing 53635 live rows and 0 dead rows; 30000 rows in sample, 53635 estimated total rows
VACUUM
Time: 4590.011 ms (00:04.590)
vacuum (analyze, verbose) pspadm.psp_state_report_output   ;
psql:vacuum_efficiancy_2.sql:17: INFO:  vacuuming "pspapg02.pspadm.psp_state_report_output"
psql:vacuum_efficiancy_2.sql:17: INFO:  finished vacuuming "pspapg02.pspadm.psp_state_report_output": index scans: 1
pages: 0 removed, 2155 remain, 185 scanned (8.58% of total)
tuples: 236 removed, 25559 remain, 0 are dead but not yet removable
removable cutoff: 4047751632, which was 1863 XIDs old when operation ended
new relfrozenxid: 3997806505, which is 67868221 XIDs ahead of previous value
new relminmxid: 8475855, which is 8439262 MXIDs ahead of previous value
index scan needed: 131 pages from table (6.08% of total) had 224 dead item identifiers removed
index "psp_state_report_output_pkey": pages: 249 in total, 0 newly deleted, 0 currently deleted, 0 reusable
I/O timings: read: 31.150 ms, write: 0.000 ms
avg read rate: 1.125 MB/s, avg write rate: 0.000 MB/s
buffer usage: 777 hits, 5 misses, 0 dirtied
WAL usage: 0 records, 0 full page images, 0 bytes
system usage: CPU: user: 0.00 s, system: 0.00 s, elapsed: 0.03 s
psql:vacuum_efficiancy_2.sql:17: INFO:  vacuuming "pspapg02.pg_toast.pg_toast_197750"
psql:vacuum_efficiancy_2.sql:17: INFO:  finished vacuuming "pspapg02.pg_toast.pg_toast_197750": index scans: 0
pages: 0 removed, 34662 remain, 329 scanned (0.95% of total)
tuples: 33 removed, 141049 remain, 0 are dead but not yet removable
removable cutoff: 4047751632, which was 1865 XIDs old when operation ended
new relfrozenxid: 3997806505, which is 67868221 XIDs ahead of previous value
new relminmxid: 8475855, which is 8439262 MXIDs ahead of previous value
index scan bypassed: 19 pages from table (0.05% of total) have 72 dead item identifiers
I/O timings: read: 29.082 ms, write: 0.000 ms
avg read rate: 3.475 MB/s, avg write rate: 0.000 MB/s
buffer usage: 669 hits, 14 misses, 0 dirtied
WAL usage: 0 records, 0 full page images, 0 bytes
system usage: CPU: user: 0.00 s, system: 0.00 s, elapsed: 0.03 s
psql:vacuum_efficiancy_2.sql:17: INFO:  analyzing "pspadm.psp_state_report_output"
psql:vacuum_efficiancy_2.sql:17: INFO:  "psp_state_report_output": scanned 2155 of 2155 pages, containing 24939 live rows and 0 dead rows; 24939 rows in sample, 24939 estimated total rows
VACUUM
Time: 2143.888 ms (00:02.144)
vacuum (analyze, verbose) pg_constraint    ;
psql:vacuum_efficiancy_2.sql:18: INFO:  aggressively vacuuming "pspapg02.pg_catalog.pg_constraint"
psql:vacuum_efficiancy_2.sql:18: INFO:  finished vacuuming "pspapg02.pg_catalog.pg_constraint": index scans: 1
pages: 0 removed, 198 remain, 18 scanned (9.09% of total)
tuples: 0 removed, 2743 remain, 0 are dead but not yet removable
removable cutoff: 4047751632, which was 2102 XIDs old when operation ended
new relfrozenxid: 4047751632, which is 196544567 XIDs ahead of previous value
new relminmxid: 8475855, which is 8441999 MXIDs ahead of previous value
index scan needed: 13 pages from table (6.57% of total) had 18 dead item identifiers removed
index "pg_constraint_conparentid_index": pages: 7 in total, 0 newly deleted, 0 currently deleted, 0 reusable
index "pg_constraint_conname_nsp_index": pages: 30 in total, 0 newly deleted, 3 currently deleted, 3 reusable
index "pg_constraint_conrelid_contypid_conname_index": pages: 46 in total, 0 newly deleted, 11 currently deleted, 11 reusable
index "pg_constraint_contypid_index": pages: 7 in total, 0 newly deleted, 0 currently deleted, 0 reusable
index "pg_constraint_oid_index": pages: 14 in total, 0 newly deleted, 1 currently deleted, 1 reusable
I/O timings: read: 27.035 ms, write: 0.000 ms
avg read rate: 4.323 MB/s, avg write rate: 0.000 MB/s
buffer usage: 235 hits, 15 misses, 0 dirtied
WAL usage: 0 records, 0 full page images, 0 bytes
system usage: CPU: user: 0.00 s, system: 0.00 s, elapsed: 0.02 s
psql:vacuum_efficiancy_2.sql:18: INFO:  aggressively vacuuming "pspapg02.pg_toast.pg_toast_2606"
psql:vacuum_efficiancy_2.sql:18: INFO:  finished vacuuming "pspapg02.pg_toast.pg_toast_2606": index scans: 0
pages: 0 removed, 25 remain, 1 scanned (4.00% of total)
tuples: 0 removed, 108 remain, 0 are dead but not yet removable
removable cutoff: 4047751632, which was 2102 XIDs old when operation ended
new relfrozenxid: 4047751632, which is 196719894 XIDs ahead of previous value
new relminmxid: 8475855, which is 8442911 MXIDs ahead of previous value
index scan not needed: 0 pages from table (0.00% of total) had 0 dead item identifiers removed
I/O timings: read: 4.426 ms, write: 0.000 ms
avg read rate: 6.834 MB/s, avg write rate: 0.000 MB/s
buffer usage: 25 hits, 4 misses, 0 dirtied
WAL usage: 0 records, 0 full page images, 0 bytes
system usage: CPU: user: 0.00 s, system: 0.00 s, elapsed: 0.00 s
psql:vacuum_efficiancy_2.sql:18: INFO:  analyzing "pg_catalog.pg_constraint"
psql:vacuum_efficiancy_2.sql:18: INFO:  "pg_constraint": scanned 198 of 198 pages, containing 3495 live rows and 0 dead rows; 3495 rows in sample, 3495 estimated total rows
VACUUM
Time: 57.765 ms
SELECT pg_sleep(120);
 pg_sleep 
----------
 
(1 row)

Time: 120022.930 ms (02:00.023)
vacuum (analyze, verbose) pspadm.psp_gems_ledger_posting_rule ;
psql:vacuum_efficiancy_2.sql:20: INFO:  aggressively vacuuming "pspapg02.pspadm.psp_gems_ledger_posting_rule"
psql:vacuum_efficiancy_2.sql:20: INFO:  finished vacuuming "pspapg02.pspadm.psp_gems_ledger_posting_rule": index scans: 0
pages: 0 removed, 23 remain, 7 scanned (30.43% of total)
tuples: 2 removed, 58 remain, 0 are dead but not yet removable
removable cutoff: 4047751632, which was 2835 XIDs old when operation ended
new relfrozenxid: 4024844719, which is 246941935 XIDs ahead of previous value
new relminmxid: 8475855, which is 8447758 MXIDs ahead of previous value
index scan not needed: 0 pages from table (0.00% of total) had 0 dead item identifiers removed
I/O timings: read: 5.120 ms, write: 0.000 ms
avg read rate: 7.178 MB/s, avg write rate: 0.000 MB/s
buffer usage: 46 hits, 5 misses, 0 dirtied
WAL usage: 0 records, 0 full page images, 0 bytes
system usage: CPU: user: 0.00 s, system: 0.00 s, elapsed: 0.00 s
psql:vacuum_efficiancy_2.sql:20: INFO:  aggressively vacuuming "pspapg02.pg_toast.pg_toast_197159"
psql:vacuum_efficiancy_2.sql:20: INFO:  finished vacuuming "pspapg02.pg_toast.pg_toast_197159": index scans: 0
pages: 0 removed, 0 remain, 0 scanned (100.00% of total)
tuples: 0 removed, 0 remain, 0 are dead but not yet removable
removable cutoff: 4047751632, which was 2835 XIDs old when operation ended
new relfrozenxid: 4047751632, which is 269848848 XIDs ahead of previous value
new relminmxid: 8475855, which is 8447758 MXIDs ahead of previous value
index scan not needed: 0 pages from table (100.00% of total) had 0 dead item identifiers removed
I/O timings: read: 1.168 ms, write: 0.000 ms
avg read rate: 6.245 MB/s, avg write rate: 0.000 MB/s
buffer usage: 19 hits, 1 misses, 0 dirtied
WAL usage: 0 records, 0 full page images, 0 bytes
system usage: CPU: user: 0.00 s, system: 0.00 s, elapsed: 0.00 s
psql:vacuum_efficiancy_2.sql:20: INFO:  analyzing "pspadm.psp_gems_ledger_posting_rule"
psql:vacuum_efficiancy_2.sql:20: INFO:  "psp_gems_ledger_posting_rule": scanned 23 of 23 pages, containing 34 live rows and 0 dead rows; 34 rows in sample, 34 estimated total rows
VACUUM
Time: 28.047 ms
vacuum (analyze, verbose) pspadm.psp_company_daily_liability;
psql:vacuum_efficiancy_2.sql:21: INFO:  vacuuming "pspapg02.pspadm.psp_company_daily_liability"
psql:vacuum_efficiancy_2.sql:21: INFO:  launched 3 parallel vacuum workers for index vacuuming (planned: 3)
psql:vacuum_efficiancy_2.sql:21: INFO:  finished vacuuming "pspapg02.pspadm.psp_company_daily_liability": index scans: 1
pages: 0 removed, 5504869 remain, 540583 scanned (9.82% of total)
tuples: 919329 removed, 180990478 remain, 0 are dead but not yet removable
removable cutoff: 4047751632, which was 3154 XIDs old when operation ended
new relfrozenxid: 3997890361, which is 65906901 XIDs ahead of previous value
new relminmxid: 8475855, which is 8439179 MXIDs ahead of previous value
index scan needed: 520264 pages from table (9.45% of total) had 13114715 dead item identifiers removed
index "psp_company_daily_liability_pkey": pages: 1913701 in total, 0 newly deleted, 0 currently deleted, 0 reusable
index "psp_company_daily_liabilit_fk1": pages: 179318 in total, 577 newly deleted, 577 currently deleted, 0 reusable
index "psp_company_daily_liabilit_fk2": pages: 214184 in total, 245 newly deleted, 368 currently deleted, 123 reusable
index "idx_cdl_mod_date": pages: 245744 in total, 9576 newly deleted, 9731 currently deleted, 155 reusable
I/O timings: read: 50702.755 ms, write: 0.000 ms
avg read rate: 0.172 MB/s, avg write rate: 0.000 MB/s
buffer usage: 3518022 hits, 1356 misses, 0 dirtied
WAL usage: 0 records, 0 full page images, 0 bytes
system usage: CPU: user: 36.48 s, system: 0.64 s, elapsed: 61.69 s
psql:vacuum_efficiancy_2.sql:21: INFO:  aggressively vacuuming "pspapg02.pg_toast.pg_toast_196688"
psql:vacuum_efficiancy_2.sql:21: INFO:  finished vacuuming "pspapg02.pg_toast.pg_toast_196688": index scans: 0
pages: 0 removed, 0 remain, 0 scanned (100.00% of total)
tuples: 0 removed, 0 remain, 0 are dead but not yet removable
removable cutoff: 4047751632, which was 3154 XIDs old when operation ended
new relfrozenxid: 4047751632, which is 272257807 XIDs ahead of previous value
new relminmxid: 8475855, which is 8447856 MXIDs ahead of previous value
index scan not needed: 0 pages from table (100.00% of total) had 0 dead item identifiers removed
I/O timings: read: 1.421 ms, write: 0.000 ms
avg read rate: 5.093 MB/s, avg write rate: 0.000 MB/s
buffer usage: 19 hits, 1 misses, 0 dirtied
WAL usage: 0 records, 0 full page images, 0 bytes
system usage: CPU: user: 0.00 s, system: 0.00 s, elapsed: 0.00 s
psql:vacuum_efficiancy_2.sql:21: INFO:  analyzing "pspadm.psp_company_daily_liability"
psql:vacuum_efficiancy_2.sql:21: INFO:  "psp_company_daily_liability": scanned 30000 of 5504869 pages, containing 1044146 live rows and 0 dead rows; 30000 rows in sample, 191596232 estimated total rows
VACUUM
Time: 90666.225 ms (01:30.666)
vacuum (analyze, verbose) pspadm.psp_message_log  ;
psql:vacuum_efficiancy_2.sql:22: INFO:  vacuuming "pspapg02.pspadm.psp_message_log"
psql:vacuum_efficiancy_2.sql:22: INFO:  finished vacuuming "pspapg02.pspadm.psp_message_log": index scans: 0
pages: 0 removed, 37801 remain, 3471 scanned (9.18% of total)
tuples: 0 removed, 352969 remain, 0 are dead but not yet removable
removable cutoff: 4047751632, which was 3334 XIDs old when operation ended
new relfrozenxid: 3997752467, which is 35446563 XIDs ahead of previous value
new relminmxid: 8475855, which is 8437736 MXIDs ahead of previous value
index scan bypassed: 13 pages from table (0.03% of total) have 15 dead item identifiers
I/O timings: read: 103.696 ms, write: 0.000 ms
avg read rate: 0.605 MB/s, avg write rate: 0.000 MB/s
buffer usage: 6974 hits, 10 misses, 0 dirtied
WAL usage: 0 records, 0 full page images, 0 bytes
system usage: CPU: user: 0.02 s, system: 0.00 s, elapsed: 0.12 s
psql:vacuum_efficiancy_2.sql:22: INFO:  vacuuming "pspapg02.pg_toast.pg_toast_197304"
psql:vacuum_efficiancy_2.sql:22: INFO:  finished vacuuming "pspapg02.pg_toast.pg_toast_197304": index scans: 0
pages: 0 removed, 221 remain, 71 scanned (32.13% of total)
tuples: 0 removed, 868 remain, 0 are dead but not yet removable
removable cutoff: 4047751632, which was 3334 XIDs old when operation ended
new relfrozenxid: 3999115947, which is 36810043 XIDs ahead of previous value
new relminmxid: 8475855, which is 8437736 MXIDs ahead of previous value
index scan not needed: 0 pages from table (0.00% of total) had 0 dead item identifiers removed
I/O timings: read: 10.752 ms, write: 0.000 ms
avg read rate: 3.460 MB/s, avg write rate: 0.000 MB/s
buffer usage: 166 hits, 5 misses, 0 dirtied
WAL usage: 0 records, 0 full page images, 0 bytes
system usage: CPU: user: 0.00 s, system: 0.00 s, elapsed: 0.01 s
psql:vacuum_efficiancy_2.sql:22: INFO:  analyzing "pspadm.psp_message_log"
psql:vacuum_efficiancy_2.sql:22: INFO:  "psp_message_log": scanned 30000 of 37801 pages, containing 283316 live rows and 13 dead rows; 30000 rows in sample, 356988 estimated total rows
VACUUM
Time: 30977.337 ms (00:30.977)
vacuum (analyze, verbose) pspadm.psp_entitlement_message_2023 ;
psql:vacuum_efficiancy_2.sql:23: INFO:  vacuuming "pspapg02.pspadm.psp_entitlement_message_2023"
psql:vacuum_efficiancy_2.sql:23: INFO:  launched 5 parallel vacuum workers for index vacuuming (planned: 5)
psql:vacuum_efficiancy_2.sql:23: INFO:  finished vacuuming "pspapg02.pspadm.psp_entitlement_message_2023": index scans: 1
pages: 0 removed, 428230 remain, 42999 scanned (10.04% of total)
tuples: 12426 removed, 4496587 remain, 3039 are dead but not yet removable
removable cutoff: 4047751632, which was 3647 XIDs old when operation ended
index scan needed: 40854 pages from table (9.54% of total) had 100791 dead item identifiers removed
index "psp_entitlement_message_2023_pk": pages: 45541 in total, 0 newly deleted, 204 currently deleted, 204 reusable
index "psp_entitlement_message_u1_2023": pages: 63339 in total, 35 newly deleted, 439 currently deleted, 404 reusable
index "psp_entitlement_msg_lcno_eofcd_2023": pages: 13606 in total, 17 newly deleted, 675 currently deleted, 658 reusable
index "psp_entitlement_msg_msgts_er_2023": pages: 22153 in total, 15 newly deleted, 26 currently deleted, 11 reusable
index "psp_entitlement_msg_orno_lcno_2023": pages: 15463 in total, 15 newly deleted, 276 currently deleted, 261 reusable
index "idx_ent_msg_mod_date_2023": pages: 27381 in total, 10 newly deleted, 127 currently deleted, 117 reusable
I/O timings: read: 1825.049 ms, write: 0.000 ms
avg read rate: 0.249 MB/s, avg write rate: 0.000 MB/s
buffer usage: 172985 hits, 110 misses, 0 dirtied
WAL usage: 0 records, 0 full page images, 0 bytes
system usage: CPU: user: 0.98 s, system: 0.37 s, elapsed: 3.44 s
psql:vacuum_efficiancy_2.sql:23: INFO:  aggressively vacuuming "pspapg02.pg_toast.pg_toast_199671"
psql:vacuum_efficiancy_2.sql:23: INFO:  finished vacuuming "pspapg02.pg_toast.pg_toast_199671": index scans: 0
pages: 0 removed, 1306114 remain, 138350 scanned (10.59% of total)
tuples: 2179 removed, 6323818 remain, 0 are dead but not yet removable
removable cutoff: 4047751632, which was 3689 XIDs old when operation ended
new relfrozenxid: 3997752069, which is 159423894 XIDs ahead of previous value
new relminmxid: 8475855, which is 8441309 MXIDs ahead of previous value
index scan bypassed: 5334 pages from table (0.41% of total) have 11145 dead item identifiers
I/O timings: read: 2860.091 ms, write: 0.000 ms
avg read rate: 0.776 MB/s, avg write rate: 0.000 MB/s
buffer usage: 272088 hits, 357 misses, 0 dirtied
WAL usage: 0 records, 0 full page images, 0 bytes
system usage: CPU: user: 0.77 s, system: 0.01 s, elapsed: 3.59 s
psql:vacuum_efficiancy_2.sql:23: INFO:  analyzing "pspadm.psp_entitlement_message_2023"
psql:vacuum_efficiancy_2.sql:23: INFO:  "psp_entitlement_message_2023": scanned 30000 of 428230 pages, containing 307905 live rows and 213 dead rows; 30000 rows in sample, 4395139 estimated total rows
VACUUM
Time: 34147.536 ms (00:34.148)
vacuum (analyze, verbose) pspadm.psp_company_agency ;
psql:vacuum_efficiancy_2.sql:24: INFO:  aggressively vacuuming "pspapg02.pspadm.psp_company_agency"
psql:vacuum_efficiancy_2.sql:24: INFO:  launched 2 parallel vacuum workers for index vacuuming (planned: 2)
psql:vacuum_efficiancy_2.sql:24: INFO:  finished vacuuming "pspapg02.pspadm.psp_company_agency": index scans: 1
pages: 0 removed, 65023 remain, 7470 scanned (11.49% of total)
tuples: 643 removed, 2676146 remain, 0 are dead but not yet removable
removable cutoff: 4047751632, which was 3767 XIDs old when operation ended
new relfrozenxid: 3997753101, which is 159480167 XIDs ahead of previous value
new relminmxid: 8475855, which is 8441311 MXIDs ahead of previous value
index scan needed: 6228 pages from table (9.58% of total) had 8458 dead item identifiers removed
index "psp_company_agency_pkey": pages: 25204 in total, 0 newly deleted, 0 currently deleted, 0 reusable
index "psp_company_agency_fk1": pages: 2439 in total, 0 newly deleted, 0 currently deleted, 0 reusable
index "psp_company_agency_fk2": pages: 9261 in total, 0 newly deleted, 0 currently deleted, 0 reusable
I/O timings: read: 54.733 ms, write: 0.000 ms
avg read rate: 0.274 MB/s, avg write rate: 0.000 MB/s
buffer usage: 46471 hits, 17 misses, 0 dirtied
WAL usage: 0 records, 0 full page images, 0 bytes
system usage: CPU: user: 0.37 s, system: 0.06 s, elapsed: 0.48 s
psql:vacuum_efficiancy_2.sql:24: INFO:  aggressively vacuuming "pspapg02.pg_toast.pg_toast_196669"
psql:vacuum_efficiancy_2.sql:24: INFO:  finished vacuuming "pspapg02.pg_toast.pg_toast_196669": index scans: 0
pages: 0 removed, 0 remain, 0 scanned (100.00% of total)
tuples: 0 removed, 0 remain, 0 are dead but not yet removable
removable cutoff: 4047751632, which was 3767 XIDs old when operation ended
new relfrozenxid: 4047751632, which is 272296368 XIDs ahead of previous value
new relminmxid: 8475855, which is 8447861 MXIDs ahead of previous value
index scan not needed: 0 pages from table (100.00% of total) had 0 dead item identifiers removed
I/O timings: read: 1.113 ms, write: 0.000 ms
avg read rate: 6.451 MB/s, avg write rate: 0.000 MB/s
buffer usage: 19 hits, 1 misses, 0 dirtied
WAL usage: 0 records, 0 full page images, 0 bytes
system usage: CPU: user: 0.00 s, system: 0.00 s, elapsed: 0.00 s
psql:vacuum_efficiancy_2.sql:24: INFO:  analyzing "pspadm.psp_company_agency"
psql:vacuum_efficiancy_2.sql:24: INFO:  "psp_company_agency": scanned 30000 of 65023 pages, containing 1237682 live rows and 0 dead rows; 30000 rows in sample, 2682593 estimated total rows
VACUUM
Time: 1228.059 ms (00:01.228)
SELECT pg_sleep(120);
 pg_sleep 
----------
 
(1 row)

Time: 120100.473 ms (02:00.100)
vacuum (analyze, verbose) pspadm.psp_company_service;
psql:vacuum_efficiancy_2.sql:26: INFO:  aggressively vacuuming "pspapg02.pspadm.psp_company_service"
psql:vacuum_efficiancy_2.sql:26: INFO:  launched 4 parallel vacuum workers for index vacuuming (planned: 4)
psql:vacuum_efficiancy_2.sql:26: INFO:  finished vacuuming "pspapg02.pspadm.psp_company_service": index scans: 1
pages: 0 removed, 272898 remain, 163064 scanned (59.75% of total)
tuples: 16731 removed, 10675268 remain, 0 are dead but not yet removable
removable cutoff: 4047751632, which was 4810 XIDs old when operation ended
new relfrozenxid: 3997751750, which is 200207549 XIDs ahead of previous value
new relminmxid: 8475855, which is 8443434 MXIDs ahead of previous value
index scan needed: 30530 pages from table (11.19% of total) had 75461 dead item identifiers removed
index "psp_company_service_pkey": pages: 100708 in total, 0 newly deleted, 0 currently deleted, 0 reusable
index "psp_company_service_fk1": pages: 56919 in total, 0 newly deleted, 0 currently deleted, 0 reusable
index "psp_company_service_fk2": pages: 9441 in total, 0 newly deleted, 0 currently deleted, 0 reusable
index "psp_company_service_fk3": pages: 9239 in total, 0 newly deleted, 0 currently deleted, 0 reusable
index "psp_company_service_idx1": pages: 9650 in total, 0 newly deleted, 0 currently deleted, 0 reusable
I/O timings: read: 3225.413 ms, write: 0.000 ms
avg read rate: 0.115 MB/s, avg write rate: 0.000 MB/s
buffer usage: 458149 hits, 67 misses, 0 dirtied
WAL usage: 0 records, 0 full page images, 0 bytes
system usage: CPU: user: 2.26 s, system: 0.26 s, elapsed: 4.55 s
psql:vacuum_efficiancy_2.sql:26: INFO:  aggressively vacuuming "pspapg02.pg_toast.pg_toast_196764"
psql:vacuum_efficiancy_2.sql:26: INFO:  finished vacuuming "pspapg02.pg_toast.pg_toast_196764": index scans: 0
pages: 0 removed, 0 remain, 0 scanned (100.00% of total)
tuples: 0 removed, 0 remain, 0 are dead but not yet removable
removable cutoff: 4047751632, which was 4810 XIDs old when operation ended
new relfrozenxid: 4047751632, which is 272257807 XIDs ahead of previous value
new relminmxid: 8475855, which is 8447833 MXIDs ahead of previous value
index scan not needed: 0 pages from table (100.00% of total) had 0 dead item identifiers removed
I/O timings: read: 0.790 ms, write: 0.000 ms
avg read rate: 8.778 MB/s, avg write rate: 0.000 MB/s
buffer usage: 19 hits, 1 misses, 0 dirtied
WAL usage: 0 records, 0 full page images, 0 bytes
system usage: CPU: user: 0.00 s, system: 0.00 s, elapsed: 0.00 s
psql:vacuum_efficiancy_2.sql:26: INFO:  analyzing "pspadm.psp_company_service"
psql:vacuum_efficiancy_2.sql:26: INFO:  "psp_company_service": scanned 30000 of 272898 pages, containing 1176319 live rows and 0 dead rows; 30000 rows in sample, 10700503 estimated total rows
VACUUM
Time: 14818.048 ms (00:14.818)
vacuum (analyze, verbose) pspadm.psp_qbdt_payroll_item_info;
psql:vacuum_efficiancy_2.sql:27: INFO:  aggressively vacuuming "pspapg02.pspadm.psp_qbdt_payroll_item_info"
psql:vacuum_efficiancy_2.sql:27: INFO:  launched 3 parallel vacuum workers for index vacuuming (planned: 3)
psql:vacuum_efficiancy_2.sql:27: INFO:  finished vacuuming "pspapg02.pspadm.psp_qbdt_payroll_item_info": index scans: 1
pages: 0 removed, 1534212 remain, 204374 scanned (13.32% of total)
tuples: 63055 removed, 36829585 remain, 2 are dead but not yet removable
removable cutoff: 4047751632, which was 5118 XIDs old when operation ended
new relfrozenxid: 3997751737, which is 200025114 XIDs ahead of previous value
new relminmxid: 8475855, which is 8443434 MXIDs ahead of previous value
index scan needed: 190691 pages from table (12.43% of total) had 812327 dead item identifiers removed
index "psp_qbdt_payroll_item_info_pkey": pages: 350486 in total, 0 newly deleted, 0 currently deleted, 0 reusable
index "psp_qbdt_payroll_item_info_fk1": pages: 126644 in total, 4 newly deleted, 4 currently deleted, 0 reusable
index "psp_qbdt_payroll_item_info_fk2": pages: 240790 in total, 4 newly deleted, 4 currently deleted, 0 reusable
index "psp_qbdt_payroll_item_info_fk3": pages: 52601 in total, 6 newly deleted, 6 currently deleted, 0 reusable
I/O timings: read: 14407.121 ms, write: 0.000 ms
avg read rate: 0.159 MB/s, avg write rate: 0.000 MB/s
buffer usage: 951079 hits, 377 misses, 0 dirtied
WAL usage: 0 records, 0 full page images, 0 bytes
system usage: CPU: user: 10.77 s, system: 0.54 s, elapsed: 18.49 s
psql:vacuum_efficiancy_2.sql:27: INFO:  aggressively vacuuming "pspapg02.pg_toast.pg_toast_197567"
psql:vacuum_efficiancy_2.sql:27: INFO:  finished vacuuming "pspapg02.pg_toast.pg_toast_197567": index scans: 0
pages: 0 removed, 0 remain, 0 scanned (100.00% of total)
tuples: 0 removed, 0 remain, 0 are dead but not yet removable
removable cutoff: 4047751632, which was 5118 XIDs old when operation ended
new relfrozenxid: 4047751632, which is 269394081 XIDs ahead of previous value
new relminmxid: 8475855, which is 8447653 MXIDs ahead of previous value
index scan not needed: 0 pages from table (100.00% of total) had 0 dead item identifiers removed
I/O timings: read: 0.956 ms, write: 0.000 ms
avg read rate: 7.349 MB/s, avg write rate: 0.000 MB/s
buffer usage: 19 hits, 1 misses, 0 dirtied
WAL usage: 0 records, 0 full page images, 0 bytes
system usage: CPU: user: 0.00 s, system: 0.00 s, elapsed: 0.00 s
psql:vacuum_efficiancy_2.sql:27: INFO:  analyzing "pspadm.psp_qbdt_payroll_item_info"
psql:vacuum_efficiancy_2.sql:27: INFO:  "psp_qbdt_payroll_item_info": scanned 30000 of 1534212 pages, containing 722918 live rows and 0 dead rows; 30000 rows in sample, 36970316 estimated total rows
VACUUM
Time: 47810.839 ms (00:47.811)
vacuum (analyze, verbose) pg_stat_all_indexes_hist_p2023_11_07;
psql:vacuum_efficiancy_2.sql:28: ERROR:  relation "pg_stat_all_indexes_hist_p2023_11_07" does not exist
Time: 1.026 ms
vacuum (analyze, verbose) pspadm.psp_company_law_rate      ;
psql:vacuum_efficiancy_2.sql:29: INFO:  aggressively vacuuming "pspapg02.pspadm.psp_company_law_rate"
psql:vacuum_efficiancy_2.sql:29: INFO:  launched 1 parallel vacuum worker for index vacuuming (planned: 1)
psql:vacuum_efficiancy_2.sql:29: INFO:  finished vacuuming "pspapg02.pspadm.psp_company_law_rate": index scans: 1
pages: 0 removed, 391942 remain, 50181 scanned (12.80% of total)
tuples: 23000 removed, 15643973 remain, 0 are dead but not yet removable
removable cutoff: 4047751632, which was 5234 XIDs old when operation ended
new relfrozenxid: 3997751901, which is 200087107 XIDs ahead of previous value
new relminmxid: 8475855, which is 8443434 MXIDs ahead of previous value
index scan needed: 44169 pages from table (11.27% of total) had 80601 dead item identifiers removed
index "psp_company_law_rate_pkey": pages: 147268 in total, 0 newly deleted, 0 currently deleted, 0 reusable
index "psp_company_law_rate_fk1": pages: 68781 in total, 0 newly deleted, 0 currently deleted, 0 reusable
I/O timings: read: 5134.175 ms, write: 0.000 ms
avg read rate: 0.116 MB/s, avg write rate: 0.000 MB/s
buffer usage: 292110 hits, 96 misses, 0 dirtied
WAL usage: 0 records, 0 full page images, 0 bytes
system usage: CPU: user: 3.00 s, system: 0.34 s, elapsed: 6.45 s
psql:vacuum_efficiancy_2.sql:29: INFO:  aggressively vacuuming "pspapg02.pg_toast.pg_toast_196714"
psql:vacuum_efficiancy_2.sql:29: INFO:  finished vacuuming "pspapg02.pg_toast.pg_toast_196714": index scans: 0
pages: 0 removed, 0 remain, 0 scanned (100.00% of total)
tuples: 0 removed, 0 remain, 0 are dead but not yet removable
removable cutoff: 4047751632, which was 5234 XIDs old when operation ended
new relfrozenxid: 4047751632, which is 272257807 XIDs ahead of previous value
new relminmxid: 8475855, which is 8447846 MXIDs ahead of previous value
index scan not needed: 0 pages from table (100.00% of total) had 0 dead item identifiers removed
I/O timings: read: 0.888 ms, write: 0.000 ms
avg read rate: 7.490 MB/s, avg write rate: 0.000 MB/s
buffer usage: 19 hits, 1 misses, 0 dirtied
WAL usage: 0 records, 0 full page images, 0 bytes
system usage: CPU: user: 0.00 s, system: 0.00 s, elapsed: 0.00 s
psql:vacuum_efficiancy_2.sql:29: INFO:  analyzing "pspadm.psp_company_law_rate"
psql:vacuum_efficiancy_2.sql:29: INFO:  "psp_company_law_rate": scanned 30000 of 391942 pages, containing 1198611 live rows and 0 dead rows; 30000 rows in sample, 15659533 estimated total rows
VACUUM
Time: 36060.143 ms (00:36.060)
SELECT pg_sleep(120);
 pg_sleep 
----------
 
(1 row)

Time: 120099.620 ms (02:00.100)
vacuum (analyze, verbose) pg_stat_all_tables_hist_p2023_11_07 ;
psql:vacuum_efficiancy_2.sql:31: ERROR:  relation "pg_stat_all_tables_hist_p2023_11_07" does not exist
Time: 1.083 ms
vacuum (analyze, verbose) pspadm.psp_company      ;
psql:vacuum_efficiancy_2.sql:32: INFO:  vacuuming "pspapg02.pspadm.psp_company"
psql:vacuum_efficiancy_2.sql:32: INFO:  launched 14 parallel vacuum workers for index vacuuming (planned: 14)
psql:vacuum_efficiancy_2.sql:32: INFO:  finished vacuuming "pspapg02.pspadm.psp_company": index scans: 1
pages: 0 removed, 951555 remain, 118183 scanned (12.42% of total)
tuples: 45066 removed, 7070554 remain, 47 are dead but not yet removable
removable cutoff: 4047757747, which was 547 XIDs old when operation ended
index scan needed: 24548 pages from table (2.58% of total) had 26132 dead item identifiers removed
index "psp_company_pkey": pages: 70649 in total, 0 newly deleted, 0 currently deleted, 0 reusable
index "psp_company_fedtaxidenc_i1": pages: 87145 in total, 0 newly deleted, 0 currently deleted, 0 reusable
index "psp_company_fk2": pages: 7338 in total, 0 newly deleted, 0 currently deleted, 0 reusable
index "psp_company_fk3": pages: 52674 in total, 0 newly deleted, 0 currently deleted, 0 reusable
index "psp_company_fk4": pages: 52668 in total, 0 newly deleted, 0 currently deleted, 0 reusable
index "psp_company_fk5": pages: 7849 in total, 0 newly deleted, 0 currently deleted, 0 reusable
index "psp_company_fk7": pages: 7342 in total, 0 newly deleted, 0 currently deleted, 0 reusable
index "psp_company_fk8": pages: 7810 in total, 0 newly deleted, 0 currently deleted, 0 reusable
index "psp_company_i1": pages: 31203 in total, 0 newly deleted, 0 currently deleted, 0 reusable
index "psp_company_i5": pages: 28941 in total, 0 newly deleted, 0 currently deleted, 0 reusable
index "psp_company_i6": pages: 13158 in total, 0 newly deleted, 0 currently deleted, 0 reusable
index "psp_comp_iam_realmid_idx": pages: 15384 in total, 0 newly deleted, 0 currently deleted, 0 reusable
index "psp_company_u1": pages: 28661 in total, 0 newly deleted, 0 currently deleted, 0 reusable
index "psp_company_varchar_patops_i5": pages: 29002 in total, 0 newly deleted, 0 currently deleted, 0 reusable
index "idx_company_src_company_var_ops": pages: 28591 in total, 0 newly deleted, 0 currently deleted, 0 reusable
I/O timings: read: 2827.701 ms, write: 0.000 ms
avg read rate: 0.342 MB/s, avg write rate: 0.000 MB/s
buffer usage: 332483 hits, 229 misses, 0 dirtied
WAL usage: 0 records, 0 full page images, 0 bytes
system usage: CPU: user: 1.82 s, system: 0.62 s, elapsed: 5.23 s
psql:vacuum_efficiancy_2.sql:32: INFO:  aggressively vacuuming "pspapg02.pg_toast.pg_toast_196653"
psql:vacuum_efficiancy_2.sql:32: INFO:  finished vacuuming "pspapg02.pg_toast.pg_toast_196653": index scans: 1
pages: 0 removed, 39188 remain, 2163 scanned (5.52% of total)
tuples: 142 removed, 225261 remain, 0 are dead but not yet removable
removable cutoff: 4047757747, which was 548 XIDs old when operation ended
new relfrozenxid: 3997831160, which is 199871735 XIDs ahead of previous value
new relminmxid: 8475855, which is 8443434 MXIDs ahead of previous value
index scan needed: 1754 pages from table (4.48% of total) had 2025 dead item identifiers removed
index "pg_toast_196653_index": pages: 659 in total, 0 newly deleted, 0 currently deleted, 0 reusable
I/O timings: read: 44.654 ms, write: 0.000 ms
avg read rate: 1.240 MB/s, avg write rate: 0.000 MB/s
buffer usage: 6784 hits, 12 misses, 0 dirtied
WAL usage: 0 records, 0 full page images, 0 bytes
system usage: CPU: user: 0.03 s, system: 0.00 s, elapsed: 0.07 s
psql:vacuum_efficiancy_2.sql:32: INFO:  analyzing "pspadm.psp_company"
psql:vacuum_efficiancy_2.sql:32: INFO:  "psp_company": scanned 30000 of 951555 pages, containing 232525 live rows and 2 dead rows; 30000 rows in sample, 7375344 estimated total rows
VACUUM
Time: 28170.178 ms (00:28.170)
vacuum (analyze, verbose) pg_stat_statements_hist_p2023_11_07 ;
psql:vacuum_efficiancy_2.sql:33: ERROR:  relation "pg_stat_statements_hist_p2023_11_07" does not exist
Time: 1.101 ms
