Timing is on.
vacuum (analyze, verbose) pspadm.psp_entity_update_m062025;
psql:vacuum_30Oct_6.sql:2: INFO:  vacuuming "pspapg02.pspadm.psp_entity_update_m062025"
psql:vacuum_30Oct_6.sql:2: INFO:  finished vacuuming "pspapg02.pspadm.psp_entity_update_m062025": index scans: 0
pages: 0 removed, 0 remain, 0 scanned (100.00% of total)
tuples: 0 removed, 0 remain, 0 are dead but not yet removable
removable cutoff: 3770093191, which was 803 XIDs old when operation ended
new relfrozenxid: 3770093191, which is 88654954 XIDs ahead of previous value
new relminmxid: 27774, which is 4907 MXIDs ahead of previous value
index scan not needed: 0 pages from table (100.00% of total) had 0 dead item identifiers removed
I/O timings: read: 0.000 ms, write: 0.000 ms
avg read rate: 0.000 MB/s, avg write rate: 0.000 MB/s
buffer usage: 74 hits, 0 misses, 0 dirtied
WAL usage: 0 records, 0 full page images, 0 bytes
system usage: CPU: user: 0.00 s, system: 0.00 s, elapsed: 0.00 s
psql:vacuum_30Oct_6.sql:2: INFO:  vacuuming "pspapg02.pg_toast.pg_toast_91687958"
psql:vacuum_30Oct_6.sql:2: INFO:  finished vacuuming "pspapg02.pg_toast.pg_toast_91687958": index scans: 0
pages: 0 removed, 0 remain, 0 scanned (100.00% of total)
tuples: 0 removed, 0 remain, 0 are dead but not yet removable
removable cutoff: 3770093191, which was 812 XIDs old when operation ended
new relfrozenxid: 3770093191, which is 88654954 XIDs ahead of previous value
new relminmxid: 27774, which is 4907 MXIDs ahead of previous value
index scan not needed: 0 pages from table (100.00% of total) had 0 dead item identifiers removed
I/O timings: read: 0.919 ms, write: 0.000 ms
avg read rate: 7.322 MB/s, avg write rate: 0.000 MB/s
buffer usage: 26 hits, 1 misses, 0 dirtied
WAL usage: 0 records, 0 full page images, 0 bytes
system usage: CPU: user: 0.00 s, system: 0.00 s, elapsed: 0.00 s
psql:vacuum_30Oct_6.sql:2: INFO:  analyzing "pspadm.psp_entity_update_m062025"
psql:vacuum_30Oct_6.sql:2: INFO:  "psp_entity_update_m062025": scanned 0 of 0 pages, containing 0 live rows and 0 dead rows; 0 rows in sample, 0 estimated total rows
VACUUM
Time: 4.535 ms
vacuum (analyze, verbose) pspadm.psp_entity_update_m062026;
psql:vacuum_30Oct_6.sql:3: INFO:  vacuuming "pspapg02.pspadm.psp_entity_update_m062026"
psql:vacuum_30Oct_6.sql:3: INFO:  finished vacuuming "pspapg02.pspadm.psp_entity_update_m062026": index scans: 0
pages: 0 removed, 0 remain, 0 scanned (100.00% of total)
tuples: 0 removed, 0 remain, 0 are dead but not yet removable
removable cutoff: 3770093191, which was 832 XIDs old when operation ended
new relfrozenxid: 3770093191, which is 88654954 XIDs ahead of previous value
new relminmxid: 27774, which is 4907 MXIDs ahead of previous value
index scan not needed: 0 pages from table (100.00% of total) had 0 dead item identifiers removed
I/O timings: read: 0.000 ms, write: 0.000 ms
avg read rate: 0.000 MB/s, avg write rate: 0.000 MB/s
buffer usage: 47 hits, 0 misses, 0 dirtied
WAL usage: 0 records, 0 full page images, 0 bytes
system usage: CPU: user: 0.00 s, system: 0.00 s, elapsed: 0.00 s
psql:vacuum_30Oct_6.sql:3: INFO:  vacuuming "pspapg02.pg_toast.pg_toast_91688292"
psql:vacuum_30Oct_6.sql:3: INFO:  finished vacuuming "pspapg02.pg_toast.pg_toast_91688292": index scans: 0
pages: 0 removed, 0 remain, 0 scanned (100.00% of total)
tuples: 0 removed, 0 remain, 0 are dead but not yet removable
removable cutoff: 3770093191, which was 847 XIDs old when operation ended
new relfrozenxid: 3770093191, which is 88654954 XIDs ahead of previous value
new relminmxid: 27774, which is 4907 MXIDs ahead of previous value
index scan not needed: 0 pages from table (100.00% of total) had 0 dead item identifiers removed
I/O timings: read: 1.653 ms, write: 0.000 ms
avg read rate: 4.446 MB/s, avg write rate: 0.000 MB/s
buffer usage: 19 hits, 1 misses, 0 dirtied
WAL usage: 0 records, 0 full page images, 0 bytes
system usage: CPU: user: 0.00 s, system: 0.00 s, elapsed: 0.00 s
psql:vacuum_30Oct_6.sql:3: INFO:  analyzing "pspadm.psp_entity_update_m062026"
psql:vacuum_30Oct_6.sql:3: INFO:  "psp_entity_update_m062026": scanned 0 of 0 pages, containing 0 live rows and 0 dead rows; 0 rows in sample, 0 estimated total rows
VACUUM
Time: 3.450 ms
vacuum (analyze, verbose) pspadm.psp_entity_update_m072023;
psql:vacuum_30Oct_6.sql:4: INFO:  vacuuming "pspapg02.pspadm.psp_entity_update_m072023"
psql:vacuum_30Oct_6.sql:4: INFO:  launched 2 parallel vacuum workers for index cleanup (planned: 2)
psql:vacuum_30Oct_6.sql:4: INFO:  finished vacuuming "pspapg02.pspadm.psp_entity_update_m072023": index scans: 0
pages: 0 removed, 3018796 remain, 1635 scanned (0.05% of total)
tuples: 0 removed, 52649112 remain, 0 are dead but not yet removable
removable cutoff: 3770093191, which was 1595 XIDs old when operation ended
new relfrozenxid: 3770093191, which is 89270748 XIDs ahead of previous value
new relminmxid: 27774, which is 4944 MXIDs ahead of previous value
index scan bypassed: 1634 pages from table (0.05% of total) have 5797 dead item identifiers
I/O timings: read: 946.270 ms, write: 0.000 ms
avg read rate: 4.022 MB/s, avg write rate: 0.000 MB/s
buffer usage: 1904 hits, 841 misses, 0 dirtied
WAL usage: 0 records, 0 full page images, 0 bytes
system usage: CPU: user: 0.12 s, system: 0.57 s, elapsed: 1.63 s
psql:vacuum_30Oct_6.sql:4: INFO:  vacuuming "pspapg02.pg_toast.pg_toast_199851"
psql:vacuum_30Oct_6.sql:4: INFO:  finished vacuuming "pspapg02.pg_toast.pg_toast_199851": index scans: 0
pages: 0 removed, 0 remain, 0 scanned (100.00% of total)
tuples: 0 removed, 0 remain, 0 are dead but not yet removable
removable cutoff: 3770093216, which was 1570 XIDs old when operation ended
new relfrozenxid: 3770093216, which is 89253305 XIDs ahead of previous value
new relminmxid: 27774, which is 4944 MXIDs ahead of previous value
index scan not needed: 0 pages from table (100.00% of total) had 0 dead item identifiers removed
I/O timings: read: 1.390 ms, write: 0.000 ms
avg read rate: 5.170 MB/s, avg write rate: 0.000 MB/s
buffer usage: 19 hits, 1 misses, 0 dirtied
WAL usage: 0 records, 0 full page images, 0 bytes
system usage: CPU: user: 0.00 s, system: 0.00 s, elapsed: 0.00 s
psql:vacuum_30Oct_6.sql:4: INFO:  analyzing "pspadm.psp_entity_update_m072023"
psql:vacuum_30Oct_6.sql:4: INFO:  "psp_entity_update_m072023": scanned 30000 of 3018796 pages, containing 524221 live rows and 46 dead rows; 30000 rows in sample, 52750542 estimated total rows
VACUUM
Time: 33385.555 ms (00:33.386)
vacuum (analyze, verbose) pspadm.psp_entity_update_m072024;
psql:vacuum_30Oct_6.sql:5: INFO:  vacuuming "pspapg02.pspadm.psp_entity_update_m072024"
psql:vacuum_30Oct_6.sql:5: INFO:  finished vacuuming "pspapg02.pspadm.psp_entity_update_m072024": index scans: 0
pages: 0 removed, 0 remain, 0 scanned (100.00% of total)
tuples: 0 removed, 0 remain, 0 are dead but not yet removable
removable cutoff: 3770096466, which was 254 XIDs old when operation ended
new relfrozenxid: 3770096466, which is 88658229 XIDs ahead of previous value
new relminmxid: 27774, which is 4907 MXIDs ahead of previous value
index scan not needed: 0 pages from table (100.00% of total) had 0 dead item identifiers removed
I/O timings: read: 0.000 ms, write: 0.000 ms
avg read rate: 0.000 MB/s, avg write rate: 0.000 MB/s
buffer usage: 47 hits, 0 misses, 0 dirtied
WAL usage: 0 records, 0 full page images, 0 bytes
system usage: CPU: user: 0.00 s, system: 0.00 s, elapsed: 0.00 s
psql:vacuum_30Oct_6.sql:5: INFO:  vacuuming "pspapg02.pg_toast.pg_toast_91687870"
psql:vacuum_30Oct_6.sql:5: INFO:  finished vacuuming "pspapg02.pg_toast.pg_toast_91687870": index scans: 0
pages: 0 removed, 0 remain, 0 scanned (100.00% of total)
tuples: 0 removed, 0 remain, 0 are dead but not yet removable
removable cutoff: 3770096466, which was 254 XIDs old when operation ended
new relfrozenxid: 3770096466, which is 88658229 XIDs ahead of previous value
new relminmxid: 27774, which is 4907 MXIDs ahead of previous value
index scan not needed: 0 pages from table (100.00% of total) had 0 dead item identifiers removed
I/O timings: read: 0.849 ms, write: 0.000 ms
avg read rate: 8.250 MB/s, avg write rate: 0.000 MB/s
buffer usage: 19 hits, 1 misses, 0 dirtied
WAL usage: 0 records, 0 full page images, 0 bytes
system usage: CPU: user: 0.00 s, system: 0.00 s, elapsed: 0.00 s
psql:vacuum_30Oct_6.sql:5: INFO:  analyzing "pspadm.psp_entity_update_m072024"
psql:vacuum_30Oct_6.sql:5: INFO:  "psp_entity_update_m072024": scanned 0 of 0 pages, containing 0 live rows and 0 dead rows; 0 rows in sample, 0 estimated total rows
VACUUM
Time: 2.784 ms
vacuum (analyze, verbose) pspadm.psp_entity_update_m072025;
psql:vacuum_30Oct_6.sql:6: INFO:  vacuuming "pspapg02.pspadm.psp_entity_update_m072025"
psql:vacuum_30Oct_6.sql:6: INFO:  finished vacuuming "pspapg02.pspadm.psp_entity_update_m072025": index scans: 0
pages: 0 removed, 0 remain, 0 scanned (100.00% of total)
tuples: 0 removed, 0 remain, 0 are dead but not yet removable
removable cutoff: 3770096466, which was 254 XIDs old when operation ended
new relfrozenxid: 3770096466, which is 88658229 XIDs ahead of previous value
new relminmxid: 27774, which is 4907 MXIDs ahead of previous value
index scan not needed: 0 pages from table (100.00% of total) had 0 dead item identifiers removed
I/O timings: read: 0.000 ms, write: 0.000 ms
avg read rate: 0.000 MB/s, avg write rate: 0.000 MB/s
buffer usage: 47 hits, 0 misses, 0 dirtied
WAL usage: 0 records, 0 full page images, 0 bytes
system usage: CPU: user: 0.00 s, system: 0.00 s, elapsed: 0.00 s
psql:vacuum_30Oct_6.sql:6: INFO:  vacuuming "pspapg02.pg_toast.pg_toast_91687966"
psql:vacuum_30Oct_6.sql:6: INFO:  finished vacuuming "pspapg02.pg_toast.pg_toast_91687966": index scans: 0
pages: 0 removed, 0 remain, 0 scanned (100.00% of total)
tuples: 0 removed, 0 remain, 0 are dead but not yet removable
removable cutoff: 3770096466, which was 254 XIDs old when operation ended
new relfrozenxid: 3770096466, which is 88658229 XIDs ahead of previous value
new relminmxid: 27774, which is 4907 MXIDs ahead of previous value
index scan not needed: 0 pages from table (100.00% of total) had 0 dead item identifiers removed
I/O timings: read: 1.195 ms, write: 0.000 ms
avg read rate: 6.066 MB/s, avg write rate: 0.000 MB/s
buffer usage: 19 hits, 1 misses, 0 dirtied
WAL usage: 0 records, 0 full page images, 0 bytes
system usage: CPU: user: 0.00 s, system: 0.00 s, elapsed: 0.00 s
psql:vacuum_30Oct_6.sql:6: INFO:  analyzing "pspadm.psp_entity_update_m072025"
psql:vacuum_30Oct_6.sql:6: INFO:  "psp_entity_update_m072025": scanned 0 of 0 pages, containing 0 live rows and 0 dead rows; 0 rows in sample, 0 estimated total rows
VACUUM
Time: 2.864 ms
vacuum (analyze, verbose) pspadm.psp_entity_update_m072026;
psql:vacuum_30Oct_6.sql:7: INFO:  vacuuming "pspapg02.pspadm.psp_entity_update_m072026"
psql:vacuum_30Oct_6.sql:7: INFO:  finished vacuuming "pspapg02.pspadm.psp_entity_update_m072026": index scans: 0
pages: 0 removed, 0 remain, 0 scanned (100.00% of total)
tuples: 0 removed, 0 remain, 0 are dead but not yet removable
removable cutoff: 3770096466, which was 254 XIDs old when operation ended
new relfrozenxid: 3770096466, which is 88658229 XIDs ahead of previous value
new relminmxid: 27774, which is 4907 MXIDs ahead of previous value
index scan not needed: 0 pages from table (100.00% of total) had 0 dead item identifiers removed
I/O timings: read: 0.000 ms, write: 0.000 ms
avg read rate: 0.000 MB/s, avg write rate: 0.000 MB/s
buffer usage: 47 hits, 0 misses, 0 dirtied
WAL usage: 0 records, 0 full page images, 0 bytes
system usage: CPU: user: 0.00 s, system: 0.00 s, elapsed: 0.00 s
psql:vacuum_30Oct_6.sql:7: INFO:  vacuuming "pspapg02.pg_toast.pg_toast_91688300"
psql:vacuum_30Oct_6.sql:7: INFO:  finished vacuuming "pspapg02.pg_toast.pg_toast_91688300": index scans: 0
pages: 0 removed, 0 remain, 0 scanned (100.00% of total)
tuples: 0 removed, 0 remain, 0 are dead but not yet removable
removable cutoff: 3770096466, which was 254 XIDs old when operation ended
new relfrozenxid: 3770096466, which is 88658229 XIDs ahead of previous value
new relminmxid: 27774, which is 4907 MXIDs ahead of previous value
index scan not needed: 0 pages from table (100.00% of total) had 0 dead item identifiers removed
I/O timings: read: 0.916 ms, write: 0.000 ms
avg read rate: 7.743 MB/s, avg write rate: 0.000 MB/s
buffer usage: 19 hits, 1 misses, 0 dirtied
WAL usage: 0 records, 0 full page images, 0 bytes
system usage: CPU: user: 0.00 s, system: 0.00 s, elapsed: 0.00 s
psql:vacuum_30Oct_6.sql:7: INFO:  analyzing "pspadm.psp_entity_update_m072026"
psql:vacuum_30Oct_6.sql:7: INFO:  "psp_entity_update_m072026": scanned 0 of 0 pages, containing 0 live rows and 0 dead rows; 0 rows in sample, 0 estimated total rows
VACUUM
Time: 3.484 ms
vacuum (analyze, verbose) pspadm.psp_entity_update_m082023;
psql:vacuum_30Oct_6.sql:8: INFO:  vacuuming "pspapg02.pspadm.psp_entity_update_m082023"
psql:vacuum_30Oct_6.sql:8: INFO:  launched 2 parallel vacuum workers for index cleanup (planned: 2)
psql:vacuum_30Oct_6.sql:8: INFO:  finished vacuuming "pspapg02.pspadm.psp_entity_update_m082023": index scans: 0
pages: 0 removed, 2717045 remain, 1 scanned (0.00% of total)
tuples: 0 removed, 60386416 remain, 0 are dead but not yet removable
removable cutoff: 3770096466, which was 317 XIDs old when operation ended
new relfrozenxid: 3770096466, which is 105419552 XIDs ahead of previous value
new relminmxid: 27774, which is 5841 MXIDs ahead of previous value
index scan not needed: 0 pages from table (0.00% of total) had 0 dead item identifiers removed
I/O timings: read: 795.978 ms, write: 0.000 ms
avg read rate: 4.032 MB/s, avg write rate: 0.000 MB/s
buffer usage: 215 hits, 758 misses, 0 dirtied
WAL usage: 0 records, 0 full page images, 0 bytes
system usage: CPU: user: 0.09 s, system: 0.58 s, elapsed: 1.46 s
psql:vacuum_30Oct_6.sql:8: INFO:  vacuuming "pspapg02.pg_toast.pg_toast_199845"
psql:vacuum_30Oct_6.sql:8: INFO:  finished vacuuming "pspapg02.pg_toast.pg_toast_199845": index scans: 0
pages: 0 removed, 0 remain, 0 scanned (100.00% of total)
tuples: 0 removed, 0 remain, 0 are dead but not yet removable
removable cutoff: 3770096466, which was 317 XIDs old when operation ended
new relfrozenxid: 3770096466, which is 105419552 XIDs ahead of previous value
new relminmxid: 27774, which is 5841 MXIDs ahead of previous value
index scan not needed: 0 pages from table (100.00% of total) had 0 dead item identifiers removed
I/O timings: read: 1.036 ms, write: 0.000 ms
avg read rate: 6.695 MB/s, avg write rate: 0.000 MB/s
buffer usage: 19 hits, 1 misses, 0 dirtied
WAL usage: 0 records, 0 full page images, 0 bytes
system usage: CPU: user: 0.00 s, system: 0.00 s, elapsed: 0.00 s
psql:vacuum_30Oct_6.sql:8: INFO:  analyzing "pspadm.psp_entity_update_m082023"
psql:vacuum_30Oct_6.sql:8: INFO:  "psp_entity_update_m082023": scanned 30000 of 2717045 pages, containing 667566 live rows and 0 dead rows; 30000 rows in sample, 60460229 estimated total rows
VACUUM
Time: 33301.920 ms (00:33.302)
vacuum (analyze, verbose) pspadm.psp_entity_update_m082024;
psql:vacuum_30Oct_6.sql:9: INFO:  vacuuming "pspapg02.pspadm.psp_entity_update_m082024"
psql:vacuum_30Oct_6.sql:9: INFO:  finished vacuuming "pspapg02.pspadm.psp_entity_update_m082024": index scans: 0
pages: 0 removed, 0 remain, 0 scanned (100.00% of total)
tuples: 0 removed, 0 remain, 0 are dead but not yet removable
removable cutoff: 3770098271, which was 50 XIDs old when operation ended
new relfrozenxid: 3770098271, which is 88660034 XIDs ahead of previous value
new relminmxid: 27774, which is 4907 MXIDs ahead of previous value
index scan not needed: 0 pages from table (100.00% of total) had 0 dead item identifiers removed
I/O timings: read: 0.000 ms, write: 0.000 ms
avg read rate: 0.000 MB/s, avg write rate: 0.000 MB/s
buffer usage: 47 hits, 0 misses, 0 dirtied
WAL usage: 0 records, 0 full page images, 0 bytes
system usage: CPU: user: 0.00 s, system: 0.00 s, elapsed: 0.00 s
psql:vacuum_30Oct_6.sql:9: INFO:  vacuuming "pspapg02.pg_toast.pg_toast_91687878"
psql:vacuum_30Oct_6.sql:9: INFO:  finished vacuuming "pspapg02.pg_toast.pg_toast_91687878": index scans: 0
pages: 0 removed, 0 remain, 0 scanned (100.00% of total)
tuples: 0 removed, 0 remain, 0 are dead but not yet removable
removable cutoff: 3770098271, which was 50 XIDs old when operation ended
new relfrozenxid: 3770098271, which is 88660034 XIDs ahead of previous value
new relminmxid: 27774, which is 4907 MXIDs ahead of previous value
index scan not needed: 0 pages from table (100.00% of total) had 0 dead item identifiers removed
I/O timings: read: 0.814 ms, write: 0.000 ms
avg read rate: 8.633 MB/s, avg write rate: 0.000 MB/s
buffer usage: 19 hits, 1 misses, 0 dirtied
WAL usage: 0 records, 0 full page images, 0 bytes
system usage: CPU: user: 0.00 s, system: 0.00 s, elapsed: 0.00 s
psql:vacuum_30Oct_6.sql:9: INFO:  analyzing "pspadm.psp_entity_update_m082024"
psql:vacuum_30Oct_6.sql:9: INFO:  "psp_entity_update_m082024": scanned 0 of 0 pages, containing 0 live rows and 0 dead rows; 0 rows in sample, 0 estimated total rows
VACUUM
Time: 2.623 ms
vacuum (analyze, verbose) pspadm.psp_entity_update_m082025;
psql:vacuum_30Oct_6.sql:10: INFO:  vacuuming "pspapg02.pspadm.psp_entity_update_m082025"
psql:vacuum_30Oct_6.sql:10: INFO:  finished vacuuming "pspapg02.pspadm.psp_entity_update_m082025": index scans: 0
pages: 0 removed, 0 remain, 0 scanned (100.00% of total)
tuples: 0 removed, 0 remain, 0 are dead but not yet removable
removable cutoff: 3770098271, which was 50 XIDs old when operation ended
new relfrozenxid: 3770098271, which is 88660034 XIDs ahead of previous value
new relminmxid: 27774, which is 4907 MXIDs ahead of previous value
index scan not needed: 0 pages from table (100.00% of total) had 0 dead item identifiers removed
I/O timings: read: 0.000 ms, write: 0.000 ms
avg read rate: 0.000 MB/s, avg write rate: 0.000 MB/s
buffer usage: 47 hits, 0 misses, 0 dirtied
WAL usage: 0 records, 0 full page images, 0 bytes
system usage: CPU: user: 0.00 s, system: 0.00 s, elapsed: 0.00 s
psql:vacuum_30Oct_6.sql:10: INFO:  vacuuming "pspapg02.pg_toast.pg_toast_91687974"
psql:vacuum_30Oct_6.sql:10: INFO:  finished vacuuming "pspapg02.pg_toast.pg_toast_91687974": index scans: 0
pages: 0 removed, 0 remain, 0 scanned (100.00% of total)
tuples: 0 removed, 0 remain, 0 are dead but not yet removable
removable cutoff: 3770098271, which was 50 XIDs old when operation ended
new relfrozenxid: 3770098271, which is 88660034 XIDs ahead of previous value
new relminmxid: 27774, which is 4907 MXIDs ahead of previous value
index scan not needed: 0 pages from table (100.00% of total) had 0 dead item identifiers removed
I/O timings: read: 0.828 ms, write: 0.000 ms
avg read rate: 8.492 MB/s, avg write rate: 0.000 MB/s
buffer usage: 19 hits, 1 misses, 0 dirtied
WAL usage: 0 records, 0 full page images, 0 bytes
system usage: CPU: user: 0.00 s, system: 0.00 s, elapsed: 0.00 s
psql:vacuum_30Oct_6.sql:10: INFO:  analyzing "pspadm.psp_entity_update_m082025"
psql:vacuum_30Oct_6.sql:10: INFO:  "psp_entity_update_m082025": scanned 0 of 0 pages, containing 0 live rows and 0 dead rows; 0 rows in sample, 0 estimated total rows
VACUUM
Time: 2.486 ms
vacuum (analyze, verbose) pspadm.psp_entity_update_m082026;
psql:vacuum_30Oct_6.sql:11: INFO:  vacuuming "pspapg02.pspadm.psp_entity_update_m082026"
psql:vacuum_30Oct_6.sql:11: INFO:  finished vacuuming "pspapg02.pspadm.psp_entity_update_m082026": index scans: 0
pages: 0 removed, 0 remain, 0 scanned (100.00% of total)
tuples: 0 removed, 0 remain, 0 are dead but not yet removable
removable cutoff: 3770098271, which was 50 XIDs old when operation ended
new relfrozenxid: 3770098271, which is 88660034 XIDs ahead of previous value
new relminmxid: 27774, which is 4907 MXIDs ahead of previous value
index scan not needed: 0 pages from table (100.00% of total) had 0 dead item identifiers removed
I/O timings: read: 0.000 ms, write: 0.000 ms
avg read rate: 0.000 MB/s, avg write rate: 0.000 MB/s
buffer usage: 47 hits, 0 misses, 0 dirtied
WAL usage: 0 records, 0 full page images, 0 bytes
system usage: CPU: user: 0.00 s, system: 0.00 s, elapsed: 0.00 s
psql:vacuum_30Oct_6.sql:11: INFO:  vacuuming "pspapg02.pg_toast.pg_toast_91688308"
psql:vacuum_30Oct_6.sql:11: INFO:  finished vacuuming "pspapg02.pg_toast.pg_toast_91688308": index scans: 0
pages: 0 removed, 0 remain, 0 scanned (100.00% of total)
tuples: 0 removed, 0 remain, 0 are dead but not yet removable
removable cutoff: 3770098271, which was 50 XIDs old when operation ended
new relfrozenxid: 3770098271, which is 88660034 XIDs ahead of previous value
new relminmxid: 27774, which is 4907 MXIDs ahead of previous value
index scan not needed: 0 pages from table (100.00% of total) had 0 dead item identifiers removed
I/O timings: read: 1.653 ms, write: 0.000 ms
avg read rate: 4.495 MB/s, avg write rate: 0.000 MB/s
buffer usage: 19 hits, 1 misses, 0 dirtied
WAL usage: 0 records, 0 full page images, 0 bytes
system usage: CPU: user: 0.00 s, system: 0.00 s, elapsed: 0.00 s
psql:vacuum_30Oct_6.sql:11: INFO:  analyzing "pspadm.psp_entity_update_m082026"
psql:vacuum_30Oct_6.sql:11: INFO:  "psp_entity_update_m082026": scanned 0 of 0 pages, containing 0 live rows and 0 dead rows; 0 rows in sample, 0 estimated total rows
VACUUM
Time: 3.249 ms
vacuum (analyze, verbose) pspadm.psp_entity_update_m092023;
psql:vacuum_30Oct_6.sql:12: INFO:  vacuuming "pspapg02.pspadm.psp_entity_update_m092023"
psql:vacuum_30Oct_6.sql:12: INFO:  launched 2 parallel vacuum workers for index cleanup (planned: 2)
psql:vacuum_30Oct_6.sql:12: INFO:  finished vacuuming "pspapg02.pspadm.psp_entity_update_m092023": index scans: 0
pages: 0 removed, 2328654 remain, 1 scanned (0.00% of total)
tuples: 0 removed, 51004352 remain, 0 are dead but not yet removable
removable cutoff: 3770098271, which was 76 XIDs old when operation ended
new relfrozenxid: 3770098271, which is 89037633 XIDs ahead of previous value
new relminmxid: 27774, which is 4938 MXIDs ahead of previous value
index scan not needed: 0 pages from table (0.00% of total) had 0 dead item identifiers removed
I/O timings: read: 709.476 ms, write: 0.000 ms
avg read rate: 3.709 MB/s, avg write rate: 0.000 MB/s
buffer usage: 191 hits, 651 misses, 0 dirtied
WAL usage: 0 records, 0 full page images, 0 bytes
system usage: CPU: user: 0.06 s, system: 0.59 s, elapsed: 1.37 s
psql:vacuum_30Oct_6.sql:12: INFO:  vacuuming "pspapg02.pg_toast.pg_toast_199839"
psql:vacuum_30Oct_6.sql:12: INFO:  finished vacuuming "pspapg02.pg_toast.pg_toast_199839": index scans: 0
pages: 0 removed, 0 remain, 0 scanned (100.00% of total)
tuples: 0 removed, 0 remain, 0 are dead but not yet removable
removable cutoff: 3770098271, which was 79 XIDs old when operation ended
new relfrozenxid: 3770098271, which is 89037633 XIDs ahead of previous value
new relminmxid: 27774, which is 4938 MXIDs ahead of previous value
index scan not needed: 0 pages from table (100.00% of total) had 0 dead item identifiers removed
I/O timings: read: 1.723 ms, write: 0.000 ms
avg read rate: 4.253 MB/s, avg write rate: 0.000 MB/s
buffer usage: 19 hits, 1 misses, 0 dirtied
WAL usage: 0 records, 0 full page images, 0 bytes
system usage: CPU: user: 0.00 s, system: 0.00 s, elapsed: 0.00 s
psql:vacuum_30Oct_6.sql:12: INFO:  analyzing "pspadm.psp_entity_update_m092023"
psql:vacuum_30Oct_6.sql:12: INFO:  "psp_entity_update_m092023": scanned 30000 of 2328654 pages, containing 655466 live rows and 0 dead rows; 30000 rows in sample, 50878451 estimated total rows
VACUUM
Time: 33386.669 ms (00:33.387)
vacuum (analyze, verbose) pspadm.psp_entity_update_m092024;
psql:vacuum_30Oct_6.sql:13: INFO:  vacuuming "pspapg02.pspadm.psp_entity_update_m092024"
psql:vacuum_30Oct_6.sql:13: INFO:  finished vacuuming "pspapg02.pspadm.psp_entity_update_m092024": index scans: 0
pages: 0 removed, 0 remain, 0 scanned (100.00% of total)
tuples: 0 removed, 0 remain, 0 are dead but not yet removable
removable cutoff: 3770099278, which was 1295 XIDs old when operation ended
new relfrozenxid: 3770099278, which is 88661041 XIDs ahead of previous value
new relminmxid: 27774, which is 4907 MXIDs ahead of previous value
index scan not needed: 0 pages from table (100.00% of total) had 0 dead item identifiers removed
I/O timings: read: 0.000 ms, write: 0.000 ms
avg read rate: 0.000 MB/s, avg write rate: 0.000 MB/s
buffer usage: 47 hits, 0 misses, 0 dirtied
WAL usage: 0 records, 0 full page images, 0 bytes
system usage: CPU: user: 0.00 s, system: 0.00 s, elapsed: 0.00 s
psql:vacuum_30Oct_6.sql:13: INFO:  vacuuming "pspapg02.pg_toast.pg_toast_91687886"
psql:vacuum_30Oct_6.sql:13: INFO:  finished vacuuming "pspapg02.pg_toast.pg_toast_91687886": index scans: 0
pages: 0 removed, 0 remain, 0 scanned (100.00% of total)
tuples: 0 removed, 0 remain, 0 are dead but not yet removable
removable cutoff: 3770099278, which was 1295 XIDs old when operation ended
new relfrozenxid: 3770099278, which is 88661041 XIDs ahead of previous value
new relminmxid: 27774, which is 4907 MXIDs ahead of previous value
index scan not needed: 0 pages from table (100.00% of total) had 0 dead item identifiers removed
I/O timings: read: 0.796 ms, write: 0.000 ms
avg read rate: 8.768 MB/s, avg write rate: 0.000 MB/s
buffer usage: 19 hits, 1 misses, 0 dirtied
WAL usage: 0 records, 0 full page images, 0 bytes
system usage: CPU: user: 0.00 s, system: 0.00 s, elapsed: 0.00 s
psql:vacuum_30Oct_6.sql:13: INFO:  analyzing "pspadm.psp_entity_update_m092024"
psql:vacuum_30Oct_6.sql:13: INFO:  "psp_entity_update_m092024": scanned 0 of 0 pages, containing 0 live rows and 0 dead rows; 0 rows in sample, 0 estimated total rows
VACUUM
Time: 2.683 ms
vacuum (analyze, verbose) pspadm.psp_entity_update_m092025;
psql:vacuum_30Oct_6.sql:14: INFO:  vacuuming "pspapg02.pspadm.psp_entity_update_m092025"
psql:vacuum_30Oct_6.sql:14: INFO:  finished vacuuming "pspapg02.pspadm.psp_entity_update_m092025": index scans: 0
pages: 0 removed, 0 remain, 0 scanned (100.00% of total)
tuples: 0 removed, 0 remain, 0 are dead but not yet removable
removable cutoff: 3770099278, which was 1295 XIDs old when operation ended
new relfrozenxid: 3770099278, which is 88661041 XIDs ahead of previous value
new relminmxid: 27774, which is 4907 MXIDs ahead of previous value
index scan not needed: 0 pages from table (100.00% of total) had 0 dead item identifiers removed
I/O timings: read: 0.000 ms, write: 0.000 ms
avg read rate: 0.000 MB/s, avg write rate: 0.000 MB/s
buffer usage: 47 hits, 0 misses, 0 dirtied
WAL usage: 0 records, 0 full page images, 0 bytes
system usage: CPU: user: 0.00 s, system: 0.00 s, elapsed: 0.00 s
psql:vacuum_30Oct_6.sql:14: INFO:  vacuuming "pspapg02.pg_toast.pg_toast_91687982"
psql:vacuum_30Oct_6.sql:14: INFO:  finished vacuuming "pspapg02.pg_toast.pg_toast_91687982": index scans: 0
pages: 0 removed, 0 remain, 0 scanned (100.00% of total)
tuples: 0 removed, 0 remain, 0 are dead but not yet removable
removable cutoff: 3770099278, which was 1295 XIDs old when operation ended
new relfrozenxid: 3770099278, which is 88661041 XIDs ahead of previous value
new relminmxid: 27774, which is 4907 MXIDs ahead of previous value
index scan not needed: 0 pages from table (100.00% of total) had 0 dead item identifiers removed
I/O timings: read: 0.957 ms, write: 0.000 ms
avg read rate: 7.440 MB/s, avg write rate: 0.000 MB/s
buffer usage: 19 hits, 1 misses, 0 dirtied
WAL usage: 0 records, 0 full page images, 0 bytes
system usage: CPU: user: 0.00 s, system: 0.00 s, elapsed: 0.00 s
psql:vacuum_30Oct_6.sql:14: INFO:  analyzing "pspadm.psp_entity_update_m092025"
psql:vacuum_30Oct_6.sql:14: INFO:  "psp_entity_update_m092025": scanned 0 of 0 pages, containing 0 live rows and 0 dead rows; 0 rows in sample, 0 estimated total rows
VACUUM
Time: 2.640 ms
vacuum (analyze, verbose) pspadm.psp_entity_update_m092026;
psql:vacuum_30Oct_6.sql:15: INFO:  vacuuming "pspapg02.pspadm.psp_entity_update_m092026"
psql:vacuum_30Oct_6.sql:15: INFO:  finished vacuuming "pspapg02.pspadm.psp_entity_update_m092026": index scans: 0
pages: 0 removed, 0 remain, 0 scanned (100.00% of total)
tuples: 0 removed, 0 remain, 0 are dead but not yet removable
removable cutoff: 3770099278, which was 1295 XIDs old when operation ended
new relfrozenxid: 3770099278, which is 88661041 XIDs ahead of previous value
new relminmxid: 27774, which is 4907 MXIDs ahead of previous value
index scan not needed: 0 pages from table (100.00% of total) had 0 dead item identifiers removed
I/O timings: read: 0.000 ms, write: 0.000 ms
avg read rate: 0.000 MB/s, avg write rate: 0.000 MB/s
buffer usage: 47 hits, 0 misses, 0 dirtied
WAL usage: 0 records, 0 full page images, 0 bytes
system usage: CPU: user: 0.00 s, system: 0.00 s, elapsed: 0.00 s
psql:vacuum_30Oct_6.sql:15: INFO:  vacuuming "pspapg02.pg_toast.pg_toast_91688316"
psql:vacuum_30Oct_6.sql:15: INFO:  finished vacuuming "pspapg02.pg_toast.pg_toast_91688316": index scans: 0
pages: 0 removed, 0 remain, 0 scanned (100.00% of total)
tuples: 0 removed, 0 remain, 0 are dead but not yet removable
removable cutoff: 3770099278, which was 1295 XIDs old when operation ended
new relfrozenxid: 3770099278, which is 88661041 XIDs ahead of previous value
new relminmxid: 27774, which is 4907 MXIDs ahead of previous value
index scan not needed: 0 pages from table (100.00% of total) had 0 dead item identifiers removed
I/O timings: read: 0.939 ms, write: 0.000 ms
avg read rate: 7.629 MB/s, avg write rate: 0.000 MB/s
buffer usage: 19 hits, 1 misses, 0 dirtied
WAL usage: 0 records, 0 full page images, 0 bytes
system usage: CPU: user: 0.00 s, system: 0.00 s, elapsed: 0.00 s
psql:vacuum_30Oct_6.sql:15: INFO:  analyzing "pspadm.psp_entity_update_m092026"
psql:vacuum_30Oct_6.sql:15: INFO:  "psp_entity_update_m092026": scanned 0 of 0 pages, containing 0 live rows and 0 dead rows; 0 rows in sample, 0 estimated total rows
VACUUM
Time: 2.605 ms
vacuum (analyze, verbose) pspadm.psp_entity_update_m102023;
psql:vacuum_30Oct_6.sql:16: INFO:  vacuuming "pspapg02.pspadm.psp_entity_update_m102023"
psql:vacuum_30Oct_6.sql:16: INFO:  launched 2 parallel vacuum workers for index vacuuming (planned: 2)
psql:vacuum_30Oct_6.sql:16: INFO:  finished vacuuming "pspapg02.pspadm.psp_entity_update_m102023": index scans: 1
pages: 0 removed, 2243586 remain, 516470 scanned (23.02% of total)
tuples: 2670421 removed, 47603894 remain, 25 are dead but not yet removable
removable cutoff: 3770099278, which was 3448 XIDs old when operation ended
index scan needed: 339407 pages from table (15.13% of total) had 4210023 dead item identifiers removed
index "psp_entity_update_m102023_pk": pages: 499225 in total, 0 newly deleted, 0 currently deleted, 0 reusable
index "idx_entityupdate_crdate_m102023": pages: 176592 in total, 0 newly deleted, 0 currently deleted, 0 reusable
index "idx_ent_upd_mod_date_m102023": pages: 211028 in total, 61 newly deleted, 69 currently deleted, 8 reusable
I/O timings: read: 28548.857 ms, write: 0.000 ms
avg read rate: 0.121 MB/s, avg write rate: 0.000 MB/s
buffer usage: 1873956 hits, 612 misses, 0 dirtied
WAL usage: 0 records, 0 full page images, 0 bytes
system usage: CPU: user: 23.49 s, system: 0.71 s, elapsed: 39.55 s
psql:vacuum_30Oct_6.sql:16: INFO:  vacuuming "pspapg02.pg_toast.pg_toast_199833"
psql:vacuum_30Oct_6.sql:16: INFO:  finished vacuuming "pspapg02.pg_toast.pg_toast_199833": index scans: 0
pages: 0 removed, 0 remain, 0 scanned (100.00% of total)
tuples: 0 removed, 0 remain, 0 are dead but not yet removable
removable cutoff: 3770102632, which was 94 XIDs old when operation ended
new relfrozenxid: 3770102632, which is 88283663 XIDs ahead of previous value
new relminmxid: 27774, which is 4899 MXIDs ahead of previous value
index scan not needed: 0 pages from table (100.00% of total) had 0 dead item identifiers removed
I/O timings: read: 0.863 ms, write: 0.000 ms
avg read rate: 7.637 MB/s, avg write rate: 0.000 MB/s
buffer usage: 19 hits, 1 misses, 0 dirtied
WAL usage: 0 records, 0 full page images, 0 bytes
system usage: CPU: user: 0.00 s, system: 0.00 s, elapsed: 0.00 s
psql:vacuum_30Oct_6.sql:16: INFO:  analyzing "pspadm.psp_entity_update_m102023"
psql:vacuum_30Oct_6.sql:16: INFO:  "psp_entity_update_m102023": scanned 30000 of 2243586 pages, containing 678450 live rows and 0 dead rows; 30000 rows in sample, 50738697 estimated total rows
VACUUM
Time: 69650.654 ms (01:09.651)
vacuum (analyze, verbose) pspadm.psp_entity_update_m102024;
psql:vacuum_30Oct_6.sql:17: INFO:  vacuuming "pspapg02.pspadm.psp_entity_update_m102024"
psql:vacuum_30Oct_6.sql:17: INFO:  finished vacuuming "pspapg02.pspadm.psp_entity_update_m102024": index scans: 0
pages: 0 removed, 0 remain, 0 scanned (100.00% of total)
tuples: 0 removed, 0 remain, 0 are dead but not yet removable
removable cutoff: 3770113431, which was 195 XIDs old when operation ended
new relfrozenxid: 3770113431, which is 88675194 XIDs ahead of previous value
new relminmxid: 27774, which is 4907 MXIDs ahead of previous value
index scan not needed: 0 pages from table (100.00% of total) had 0 dead item identifiers removed
I/O timings: read: 0.000 ms, write: 0.000 ms
avg read rate: 0.000 MB/s, avg write rate: 0.000 MB/s
buffer usage: 47 hits, 0 misses, 0 dirtied
WAL usage: 0 records, 0 full page images, 0 bytes
system usage: CPU: user: 0.00 s, system: 0.00 s, elapsed: 0.00 s
psql:vacuum_30Oct_6.sql:17: INFO:  vacuuming "pspapg02.pg_toast.pg_toast_91687894"
psql:vacuum_30Oct_6.sql:17: INFO:  finished vacuuming "pspapg02.pg_toast.pg_toast_91687894": index scans: 0
pages: 0 removed, 0 remain, 0 scanned (100.00% of total)
tuples: 0 removed, 0 remain, 0 are dead but not yet removable
removable cutoff: 3770113431, which was 195 XIDs old when operation ended
new relfrozenxid: 3770113431, which is 88675194 XIDs ahead of previous value
new relminmxid: 27774, which is 4907 MXIDs ahead of previous value
index scan not needed: 0 pages from table (100.00% of total) had 0 dead item identifiers removed
I/O timings: read: 0.818 ms, write: 0.000 ms
avg read rate: 8.652 MB/s, avg write rate: 0.000 MB/s
buffer usage: 19 hits, 1 misses, 0 dirtied
WAL usage: 0 records, 0 full page images, 0 bytes
system usage: CPU: user: 0.00 s, system: 0.00 s, elapsed: 0.00 s
psql:vacuum_30Oct_6.sql:17: INFO:  analyzing "pspadm.psp_entity_update_m102024"
psql:vacuum_30Oct_6.sql:17: INFO:  "psp_entity_update_m102024": scanned 0 of 0 pages, containing 0 live rows and 0 dead rows; 0 rows in sample, 0 estimated total rows
VACUUM
Time: 11.259 ms
vacuum (analyze, verbose) pspadm.psp_entity_update_m102025;
psql:vacuum_30Oct_6.sql:18: INFO:  vacuuming "pspapg02.pspadm.psp_entity_update_m102025"
psql:vacuum_30Oct_6.sql:18: INFO:  finished vacuuming "pspapg02.pspadm.psp_entity_update_m102025": index scans: 0
pages: 0 removed, 0 remain, 0 scanned (100.00% of total)
tuples: 0 removed, 0 remain, 0 are dead but not yet removable
removable cutoff: 3770113431, which was 195 XIDs old when operation ended
new relfrozenxid: 3770113431, which is 88675194 XIDs ahead of previous value
new relminmxid: 27774, which is 4907 MXIDs ahead of previous value
index scan not needed: 0 pages from table (100.00% of total) had 0 dead item identifiers removed
I/O timings: read: 0.000 ms, write: 0.000 ms
avg read rate: 0.000 MB/s, avg write rate: 0.000 MB/s
buffer usage: 47 hits, 0 misses, 0 dirtied
WAL usage: 0 records, 0 full page images, 0 bytes
system usage: CPU: user: 0.00 s, system: 0.00 s, elapsed: 0.00 s
psql:vacuum_30Oct_6.sql:18: INFO:  vacuuming "pspapg02.pg_toast.pg_toast_91687990"
psql:vacuum_30Oct_6.sql:18: INFO:  finished vacuuming "pspapg02.pg_toast.pg_toast_91687990": index scans: 0
pages: 0 removed, 0 remain, 0 scanned (100.00% of total)
tuples: 0 removed, 0 remain, 0 are dead but not yet removable
removable cutoff: 3770113431, which was 195 XIDs old when operation ended
new relfrozenxid: 3770113431, which is 88675194 XIDs ahead of previous value
new relminmxid: 27774, which is 4907 MXIDs ahead of previous value
index scan not needed: 0 pages from table (100.00% of total) had 0 dead item identifiers removed
I/O timings: read: 1.293 ms, write: 0.000 ms
avg read rate: 5.698 MB/s, avg write rate: 0.000 MB/s
buffer usage: 19 hits, 1 misses, 0 dirtied
WAL usage: 0 records, 0 full page images, 0 bytes
system usage: CPU: user: 0.00 s, system: 0.00 s, elapsed: 0.00 s
psql:vacuum_30Oct_6.sql:18: INFO:  analyzing "pspadm.psp_entity_update_m102025"
psql:vacuum_30Oct_6.sql:18: INFO:  "psp_entity_update_m102025": scanned 0 of 0 pages, containing 0 live rows and 0 dead rows; 0 rows in sample, 0 estimated total rows
VACUUM
Time: 18.866 ms
vacuum (analyze, verbose) pspadm.psp_entity_update_m102026;
psql:vacuum_30Oct_6.sql:19: INFO:  vacuuming "pspapg02.pspadm.psp_entity_update_m102026"
psql:vacuum_30Oct_6.sql:19: INFO:  finished vacuuming "pspapg02.pspadm.psp_entity_update_m102026": index scans: 0
pages: 0 removed, 0 remain, 0 scanned (100.00% of total)
tuples: 0 removed, 0 remain, 0 are dead but not yet removable
removable cutoff: 3770113431, which was 195 XIDs old when operation ended
new relfrozenxid: 3770113431, which is 88675194 XIDs ahead of previous value
new relminmxid: 27774, which is 4907 MXIDs ahead of previous value
index scan not needed: 0 pages from table (100.00% of total) had 0 dead item identifiers removed
I/O timings: read: 0.000 ms, write: 0.000 ms
avg read rate: 0.000 MB/s, avg write rate: 0.000 MB/s
buffer usage: 47 hits, 0 misses, 0 dirtied
WAL usage: 0 records, 0 full page images, 0 bytes
system usage: CPU: user: 0.00 s, system: 0.00 s, elapsed: 0.00 s
psql:vacuum_30Oct_6.sql:19: INFO:  vacuuming "pspapg02.pg_toast.pg_toast_91688324"
psql:vacuum_30Oct_6.sql:19: INFO:  finished vacuuming "pspapg02.pg_toast.pg_toast_91688324": index scans: 0
pages: 0 removed, 0 remain, 0 scanned (100.00% of total)
tuples: 0 removed, 0 remain, 0 are dead but not yet removable
removable cutoff: 3770113431, which was 195 XIDs old when operation ended
new relfrozenxid: 3770113431, which is 88675194 XIDs ahead of previous value
new relminmxid: 27774, which is 4907 MXIDs ahead of previous value
index scan not needed: 0 pages from table (100.00% of total) had 0 dead item identifiers removed
I/O timings: read: 0.844 ms, write: 0.000 ms
avg read rate: 8.428 MB/s, avg write rate: 0.000 MB/s
buffer usage: 19 hits, 1 misses, 0 dirtied
WAL usage: 0 records, 0 full page images, 0 bytes
system usage: CPU: user: 0.00 s, system: 0.00 s, elapsed: 0.00 s
psql:vacuum_30Oct_6.sql:19: INFO:  analyzing "pspadm.psp_entity_update_m102026"
psql:vacuum_30Oct_6.sql:19: INFO:  "psp_entity_update_m102026": scanned 0 of 0 pages, containing 0 live rows and 0 dead rows; 0 rows in sample, 0 estimated total rows
VACUUM
Time: 10.999 ms
vacuum (analyze, verbose) pspadm.psp_entity_update_m112022;
psql:vacuum_30Oct_6.sql:20: INFO:  vacuuming "pspapg02.pspadm.psp_entity_update_m112022"
psql:vacuum_30Oct_6.sql:20: INFO:  launched 2 parallel vacuum workers for index cleanup (planned: 2)
psql:vacuum_30Oct_6.sql:20: INFO:  finished vacuuming "pspapg02.pspadm.psp_entity_update_m112022": index scans: 0
pages: 0 removed, 1897167 remain, 1 scanned (0.00% of total)
tuples: 0 removed, 51018488 remain, 0 are dead but not yet removable
removable cutoff: 3770113431, which was 452 XIDs old when operation ended
new relfrozenxid: 3770113431, which is 105436517 XIDs ahead of previous value
new relminmxid: 27774, which is 5841 MXIDs ahead of previous value
index scan not needed: 0 pages from table (0.00% of total) had 0 dead item identifiers removed
I/O timings: read: 567.800 ms, write: 0.000 ms
avg read rate: 3.387 MB/s, avg write rate: 0.000 MB/s
buffer usage: 165 hits, 532 misses, 0 dirtied
WAL usage: 0 records, 0 full page images, 0 bytes
system usage: CPU: user: 0.06 s, system: 0.59 s, elapsed: 1.22 s
psql:vacuum_30Oct_6.sql:20: INFO:  vacuuming "pspapg02.pg_toast.pg_toast_199899"
psql:vacuum_30Oct_6.sql:20: INFO:  finished vacuuming "pspapg02.pg_toast.pg_toast_199899": index scans: 0
pages: 0 removed, 0 remain, 0 scanned (100.00% of total)
tuples: 0 removed, 0 remain, 0 are dead but not yet removable
removable cutoff: 3770113523, which was 360 XIDs old when operation ended
new relfrozenxid: 3770113523, which is 105436609 XIDs ahead of previous value
new relminmxid: 27774, which is 5841 MXIDs ahead of previous value
index scan not needed: 0 pages from table (100.00% of total) had 0 dead item identifiers removed
I/O timings: read: 1.254 ms, write: 0.000 ms
avg read rate: 5.645 MB/s, avg write rate: 0.000 MB/s
buffer usage: 19 hits, 1 misses, 0 dirtied
WAL usage: 0 records, 0 full page images, 0 bytes
system usage: CPU: user: 0.00 s, system: 0.00 s, elapsed: 0.00 s
psql:vacuum_30Oct_6.sql:20: INFO:  analyzing "pspadm.psp_entity_update_m112022"
psql:vacuum_30Oct_6.sql:20: INFO:  "psp_entity_update_m112022": scanned 30000 of 1897167 pages, containing 806709 live rows and 0 dead rows; 30000 rows in sample, 51015390 estimated total rows
VACUUM
Time: 32263.050 ms (00:32.263)
vacuum (analyze, verbose) pspadm.psp_entity_update_m112023;
psql:vacuum_30Oct_6.sql:21: INFO:  vacuuming "pspapg02.pspadm.psp_entity_update_m112023"
psql:vacuum_30Oct_6.sql:21: INFO:  finished vacuuming "pspapg02.pspadm.psp_entity_update_m112023": index scans: 0
pages: 0 removed, 0 remain, 0 scanned (100.00% of total)
tuples: 0 removed, 0 remain, 0 are dead but not yet removable
removable cutoff: 3770116974, which was 144 XIDs old when operation ended
new relfrozenxid: 3770116974, which is 125924520 XIDs ahead of previous value
new relminmxid: 27777, which is 7033 MXIDs ahead of previous value
index scan not needed: 0 pages from table (100.00% of total) had 0 dead item identifiers removed
I/O timings: read: 0.000 ms, write: 0.000 ms
avg read rate: 0.000 MB/s, avg write rate: 0.000 MB/s
buffer usage: 48 hits, 0 misses, 0 dirtied
WAL usage: 0 records, 0 full page images, 0 bytes
system usage: CPU: user: 0.00 s, system: 0.00 s, elapsed: 0.00 s
psql:vacuum_30Oct_6.sql:21: INFO:  vacuuming "pspapg02.pg_toast.pg_toast_199827"
psql:vacuum_30Oct_6.sql:21: INFO:  finished vacuuming "pspapg02.pg_toast.pg_toast_199827": index scans: 0
pages: 0 removed, 0 remain, 0 scanned (100.00% of total)
tuples: 0 removed, 0 remain, 0 are dead but not yet removable
removable cutoff: 3770116974, which was 144 XIDs old when operation ended
new relfrozenxid: 3770116974, which is 105440060 XIDs ahead of previous value
new relminmxid: 27777, which is 5844 MXIDs ahead of previous value
index scan not needed: 0 pages from table (100.00% of total) had 0 dead item identifiers removed
I/O timings: read: 0.894 ms, write: 0.000 ms
avg read rate: 7.923 MB/s, avg write rate: 0.000 MB/s
buffer usage: 19 hits, 1 misses, 0 dirtied
WAL usage: 0 records, 0 full page images, 0 bytes
system usage: CPU: user: 0.00 s, system: 0.00 s, elapsed: 0.00 s
psql:vacuum_30Oct_6.sql:21: INFO:  analyzing "pspadm.psp_entity_update_m112023"
psql:vacuum_30Oct_6.sql:21: INFO:  "psp_entity_update_m112023": scanned 0 of 0 pages, containing 0 live rows and 0 dead rows; 0 rows in sample, 0 estimated total rows
VACUUM
Time: 2.878 ms
vacuum (analyze, verbose) pspadm.psp_entity_update_m112024;
psql:vacuum_30Oct_6.sql:22: INFO:  vacuuming "pspapg02.pspadm.psp_entity_update_m112024"
psql:vacuum_30Oct_6.sql:22: INFO:  finished vacuuming "pspapg02.pspadm.psp_entity_update_m112024": index scans: 0
pages: 0 removed, 0 remain, 0 scanned (100.00% of total)
tuples: 0 removed, 0 remain, 0 are dead but not yet removable
removable cutoff: 3770116974, which was 144 XIDs old when operation ended
new relfrozenxid: 3770116974, which is 88678737 XIDs ahead of previous value
new relminmxid: 27777, which is 4910 MXIDs ahead of previous value
index scan not needed: 0 pages from table (100.00% of total) had 0 dead item identifiers removed
I/O timings: read: 0.000 ms, write: 0.000 ms
avg read rate: 0.000 MB/s, avg write rate: 0.000 MB/s
buffer usage: 47 hits, 0 misses, 0 dirtied
WAL usage: 0 records, 0 full page images, 0 bytes
system usage: CPU: user: 0.00 s, system: 0.00 s, elapsed: 0.00 s
psql:vacuum_30Oct_6.sql:22: INFO:  vacuuming "pspapg02.pg_toast.pg_toast_91687902"
psql:vacuum_30Oct_6.sql:22: INFO:  finished vacuuming "pspapg02.pg_toast.pg_toast_91687902": index scans: 0
pages: 0 removed, 0 remain, 0 scanned (100.00% of total)
tuples: 0 removed, 0 remain, 0 are dead but not yet removable
removable cutoff: 3770116974, which was 144 XIDs old when operation ended
new relfrozenxid: 3770116974, which is 88678737 XIDs ahead of previous value
new relminmxid: 27777, which is 4910 MXIDs ahead of previous value
index scan not needed: 0 pages from table (100.00% of total) had 0 dead item identifiers removed
I/O timings: read: 0.902 ms, write: 0.000 ms
avg read rate: 7.931 MB/s, avg write rate: 0.000 MB/s
buffer usage: 19 hits, 1 misses, 0 dirtied
WAL usage: 0 records, 0 full page images, 0 bytes
system usage: CPU: user: 0.00 s, system: 0.00 s, elapsed: 0.00 s
psql:vacuum_30Oct_6.sql:22: INFO:  analyzing "pspadm.psp_entity_update_m112024"
psql:vacuum_30Oct_6.sql:22: INFO:  "psp_entity_update_m112024": scanned 0 of 0 pages, containing 0 live rows and 0 dead rows; 0 rows in sample, 0 estimated total rows
VACUUM
Time: 2.561 ms
vacuum (analyze, verbose) pspadm.psp_entity_update_m112025;
psql:vacuum_30Oct_6.sql:23: INFO:  vacuuming "pspapg02.pspadm.psp_entity_update_m112025"
psql:vacuum_30Oct_6.sql:23: INFO:  finished vacuuming "pspapg02.pspadm.psp_entity_update_m112025": index scans: 0
pages: 0 removed, 0 remain, 0 scanned (100.00% of total)
tuples: 0 removed, 0 remain, 0 are dead but not yet removable
removable cutoff: 3770116974, which was 144 XIDs old when operation ended
new relfrozenxid: 3770116974, which is 88678737 XIDs ahead of previous value
new relminmxid: 27777, which is 4910 MXIDs ahead of previous value
index scan not needed: 0 pages from table (100.00% of total) had 0 dead item identifiers removed
I/O timings: read: 0.000 ms, write: 0.000 ms
avg read rate: 0.000 MB/s, avg write rate: 0.000 MB/s
buffer usage: 47 hits, 0 misses, 0 dirtied
WAL usage: 0 records, 0 full page images, 0 bytes
system usage: CPU: user: 0.00 s, system: 0.00 s, elapsed: 0.00 s
psql:vacuum_30Oct_6.sql:23: INFO:  vacuuming "pspapg02.pg_toast.pg_toast_91687998"
psql:vacuum_30Oct_6.sql:23: INFO:  finished vacuuming "pspapg02.pg_toast.pg_toast_91687998": index scans: 0
pages: 0 removed, 0 remain, 0 scanned (100.00% of total)
tuples: 0 removed, 0 remain, 0 are dead but not yet removable
removable cutoff: 3770116974, which was 144 XIDs old when operation ended
new relfrozenxid: 3770116974, which is 88678737 XIDs ahead of previous value
new relminmxid: 27777, which is 4910 MXIDs ahead of previous value
index scan not needed: 0 pages from table (100.00% of total) had 0 dead item identifiers removed
I/O timings: read: 1.273 ms, write: 0.000 ms
avg read rate: 5.740 MB/s, avg write rate: 0.000 MB/s
buffer usage: 19 hits, 1 misses, 0 dirtied
WAL usage: 0 records, 0 full page images, 0 bytes
system usage: CPU: user: 0.00 s, system: 0.00 s, elapsed: 0.00 s
psql:vacuum_30Oct_6.sql:23: INFO:  analyzing "pspadm.psp_entity_update_m112025"
psql:vacuum_30Oct_6.sql:23: INFO:  "psp_entity_update_m112025": scanned 0 of 0 pages, containing 0 live rows and 0 dead rows; 0 rows in sample, 0 estimated total rows
VACUUM
Time: 2.870 ms
vacuum (analyze, verbose) pspadm.psp_entity_update_m112026;
psql:vacuum_30Oct_6.sql:24: INFO:  vacuuming "pspapg02.pspadm.psp_entity_update_m112026"
psql:vacuum_30Oct_6.sql:24: INFO:  finished vacuuming "pspapg02.pspadm.psp_entity_update_m112026": index scans: 0
pages: 0 removed, 0 remain, 0 scanned (100.00% of total)
tuples: 0 removed, 0 remain, 0 are dead but not yet removable
removable cutoff: 3770116974, which was 144 XIDs old when operation ended
new relfrozenxid: 3770116974, which is 88678737 XIDs ahead of previous value
new relminmxid: 27777, which is 4910 MXIDs ahead of previous value
index scan not needed: 0 pages from table (100.00% of total) had 0 dead item identifiers removed
I/O timings: read: 0.000 ms, write: 0.000 ms
avg read rate: 0.000 MB/s, avg write rate: 0.000 MB/s
buffer usage: 47 hits, 0 misses, 0 dirtied
WAL usage: 0 records, 0 full page images, 0 bytes
system usage: CPU: user: 0.00 s, system: 0.00 s, elapsed: 0.00 s
psql:vacuum_30Oct_6.sql:24: INFO:  vacuuming "pspapg02.pg_toast.pg_toast_91688332"
psql:vacuum_30Oct_6.sql:24: INFO:  finished vacuuming "pspapg02.pg_toast.pg_toast_91688332": index scans: 0
pages: 0 removed, 0 remain, 0 scanned (100.00% of total)
tuples: 0 removed, 0 remain, 0 are dead but not yet removable
removable cutoff: 3770116974, which was 144 XIDs old when operation ended
new relfrozenxid: 3770116974, which is 88678737 XIDs ahead of previous value
new relminmxid: 27777, which is 4910 MXIDs ahead of previous value
index scan not needed: 0 pages from table (100.00% of total) had 0 dead item identifiers removed
I/O timings: read: 1.176 ms, write: 0.000 ms
avg read rate: 6.195 MB/s, avg write rate: 0.000 MB/s
buffer usage: 19 hits, 1 misses, 0 dirtied
WAL usage: 0 records, 0 full page images, 0 bytes
system usage: CPU: user: 0.00 s, system: 0.00 s, elapsed: 0.00 s
psql:vacuum_30Oct_6.sql:24: INFO:  analyzing "pspadm.psp_entity_update_m112026"
psql:vacuum_30Oct_6.sql:24: INFO:  "psp_entity_update_m112026": scanned 0 of 0 pages, containing 0 live rows and 0 dead rows; 0 rows in sample, 0 estimated total rows
VACUUM
Time: 2.791 ms
vacuum (analyze, verbose) pspadm.psp_entity_update_m122022;
psql:vacuum_30Oct_6.sql:25: INFO:  vacuuming "pspapg02.pspadm.psp_entity_update_m122022"
psql:vacuum_30Oct_6.sql:25: INFO:  launched 2 parallel vacuum workers for index cleanup (planned: 2)
psql:vacuum_30Oct_6.sql:25: INFO:  finished vacuuming "pspapg02.pspadm.psp_entity_update_m122022": index scans: 0
pages: 0 removed, 1915141 remain, 1 scanned (0.00% of total)
tuples: 0 removed, 51496480 remain, 0 are dead but not yet removable
removable cutoff: 3770116974, which was 146 XIDs old when operation ended
new relfrozenxid: 3770116974, which is 105440060 XIDs ahead of previous value
new relminmxid: 27777, which is 5844 MXIDs ahead of previous value
index scan not needed: 0 pages from table (0.00% of total) had 0 dead item identifiers removed
I/O timings: read: 554.345 ms, write: 0.000 ms
avg read rate: 3.466 MB/s, avg write rate: 0.000 MB/s
buffer usage: 165 hits, 536 misses, 0 dirtied
WAL usage: 0 records, 0 full page images, 0 bytes
system usage: CPU: user: 0.07 s, system: 0.57 s, elapsed: 1.20 s
psql:vacuum_30Oct_6.sql:25: INFO:  vacuuming "pspapg02.pg_toast.pg_toast_199893"
psql:vacuum_30Oct_6.sql:25: INFO:  finished vacuuming "pspapg02.pg_toast.pg_toast_199893": index scans: 0
pages: 0 removed, 0 remain, 0 scanned (100.00% of total)
tuples: 0 removed, 0 remain, 0 are dead but not yet removable
removable cutoff: 3770117069, which was 51 XIDs old when operation ended
new relfrozenxid: 3770117069, which is 105440155 XIDs ahead of previous value
new relminmxid: 27777, which is 5844 MXIDs ahead of previous value
index scan not needed: 0 pages from table (100.00% of total) had 0 dead item identifiers removed
I/O timings: read: 1.257 ms, write: 0.000 ms
avg read rate: 5.649 MB/s, avg write rate: 0.000 MB/s
buffer usage: 19 hits, 1 misses, 0 dirtied
WAL usage: 0 records, 0 full page images, 0 bytes
system usage: CPU: user: 0.00 s, system: 0.00 s, elapsed: 0.00 s
psql:vacuum_30Oct_6.sql:25: INFO:  analyzing "pspadm.psp_entity_update_m122022"
psql:vacuum_30Oct_6.sql:25: INFO:  "psp_entity_update_m122022": scanned 30000 of 1915141 pages, containing 807395 live rows and 0 dead rows; 30000 rows in sample, 51542509 estimated total rows
VACUUM
Time: 32550.694 ms (00:32.551)
vacuum (analyze, verbose) pspadm.psp_entity_update_m122023;
psql:vacuum_30Oct_6.sql:26: INFO:  vacuuming "pspapg02.pspadm.psp_entity_update_m122023"
psql:vacuum_30Oct_6.sql:26: INFO:  finished vacuuming "pspapg02.pspadm.psp_entity_update_m122023": index scans: 0
pages: 0 removed, 0 remain, 0 scanned (100.00% of total)
tuples: 0 removed, 0 remain, 0 are dead but not yet removable
removable cutoff: 3770121888, which was 95 XIDs old when operation ended
new relfrozenxid: 3770121888, which is 125929434 XIDs ahead of previous value
new relminmxid: 27777, which is 7033 MXIDs ahead of previous value
index scan not needed: 0 pages from table (100.00% of total) had 0 dead item identifiers removed
I/O timings: read: 0.000 ms, write: 0.000 ms
avg read rate: 0.000 MB/s, avg write rate: 0.000 MB/s
buffer usage: 48 hits, 0 misses, 0 dirtied
WAL usage: 0 records, 0 full page images, 0 bytes
system usage: CPU: user: 0.00 s, system: 0.00 s, elapsed: 0.00 s
psql:vacuum_30Oct_6.sql:26: INFO:  vacuuming "pspapg02.pg_toast.pg_toast_199821"
psql:vacuum_30Oct_6.sql:26: INFO:  finished vacuuming "pspapg02.pg_toast.pg_toast_199821": index scans: 0
pages: 0 removed, 0 remain, 0 scanned (100.00% of total)
tuples: 0 removed, 0 remain, 0 are dead but not yet removable
removable cutoff: 3770121888, which was 95 XIDs old when operation ended
new relfrozenxid: 3770121888, which is 105444974 XIDs ahead of previous value
new relminmxid: 27777, which is 5844 MXIDs ahead of previous value
index scan not needed: 0 pages from table (100.00% of total) had 0 dead item identifiers removed
I/O timings: read: 0.873 ms, write: 0.000 ms
avg read rate: 8.096 MB/s, avg write rate: 0.000 MB/s
buffer usage: 19 hits, 1 misses, 0 dirtied
WAL usage: 0 records, 0 full page images, 0 bytes
system usage: CPU: user: 0.00 s, system: 0.00 s, elapsed: 0.00 s
psql:vacuum_30Oct_6.sql:26: INFO:  analyzing "pspadm.psp_entity_update_m122023"
psql:vacuum_30Oct_6.sql:26: INFO:  "psp_entity_update_m122023": scanned 0 of 0 pages, containing 0 live rows and 0 dead rows; 0 rows in sample, 0 estimated total rows
VACUUM
Time: 2.767 ms
vacuum (analyze, verbose) pspadm.psp_entity_update_m122024;
psql:vacuum_30Oct_6.sql:27: INFO:  vacuuming "pspapg02.pspadm.psp_entity_update_m122024"
psql:vacuum_30Oct_6.sql:27: INFO:  finished vacuuming "pspapg02.pspadm.psp_entity_update_m122024": index scans: 0
pages: 0 removed, 0 remain, 0 scanned (100.00% of total)
tuples: 0 removed, 0 remain, 0 are dead but not yet removable
removable cutoff: 3770121888, which was 95 XIDs old when operation ended
new relfrozenxid: 3770121888, which is 88683651 XIDs ahead of previous value
new relminmxid: 27777, which is 4910 MXIDs ahead of previous value
index scan not needed: 0 pages from table (100.00% of total) had 0 dead item identifiers removed
I/O timings: read: 0.000 ms, write: 0.000 ms
avg read rate: 0.000 MB/s, avg write rate: 0.000 MB/s
buffer usage: 47 hits, 0 misses, 0 dirtied
WAL usage: 0 records, 0 full page images, 0 bytes
system usage: CPU: user: 0.00 s, system: 0.00 s, elapsed: 0.00 s
psql:vacuum_30Oct_6.sql:27: INFO:  vacuuming "pspapg02.pg_toast.pg_toast_91687910"
psql:vacuum_30Oct_6.sql:27: INFO:  finished vacuuming "pspapg02.pg_toast.pg_toast_91687910": index scans: 0
pages: 0 removed, 0 remain, 0 scanned (100.00% of total)
tuples: 0 removed, 0 remain, 0 are dead but not yet removable
removable cutoff: 3770121888, which was 95 XIDs old when operation ended
new relfrozenxid: 3770121888, which is 88683651 XIDs ahead of previous value
new relminmxid: 27777, which is 4910 MXIDs ahead of previous value
index scan not needed: 0 pages from table (100.00% of total) had 0 dead item identifiers removed
I/O timings: read: 0.975 ms, write: 0.000 ms
avg read rate: 7.261 MB/s, avg write rate: 0.000 MB/s
buffer usage: 19 hits, 1 misses, 0 dirtied
WAL usage: 0 records, 0 full page images, 0 bytes
system usage: CPU: user: 0.00 s, system: 0.00 s, elapsed: 0.00 s
psql:vacuum_30Oct_6.sql:27: INFO:  analyzing "pspadm.psp_entity_update_m122024"
psql:vacuum_30Oct_6.sql:27: INFO:  "psp_entity_update_m122024": scanned 0 of 0 pages, containing 0 live rows and 0 dead rows; 0 rows in sample, 0 estimated total rows
VACUUM
Time: 2.641 ms
vacuum (analyze, verbose) pspadm.psp_entity_update_m122025;
psql:vacuum_30Oct_6.sql:28: INFO:  vacuuming "pspapg02.pspadm.psp_entity_update_m122025"
psql:vacuum_30Oct_6.sql:28: INFO:  finished vacuuming "pspapg02.pspadm.psp_entity_update_m122025": index scans: 0
pages: 0 removed, 0 remain, 0 scanned (100.00% of total)
tuples: 0 removed, 0 remain, 0 are dead but not yet removable
removable cutoff: 3770121888, which was 95 XIDs old when operation ended
new relfrozenxid: 3770121888, which is 88683651 XIDs ahead of previous value
new relminmxid: 27777, which is 4910 MXIDs ahead of previous value
index scan not needed: 0 pages from table (100.00% of total) had 0 dead item identifiers removed
I/O timings: read: 0.000 ms, write: 0.000 ms
avg read rate: 0.000 MB/s, avg write rate: 0.000 MB/s
buffer usage: 47 hits, 0 misses, 0 dirtied
WAL usage: 0 records, 0 full page images, 0 bytes
system usage: CPU: user: 0.00 s, system: 0.00 s, elapsed: 0.00 s
psql:vacuum_30Oct_6.sql:28: INFO:  vacuuming "pspapg02.pg_toast.pg_toast_91688006"
psql:vacuum_30Oct_6.sql:28: INFO:  finished vacuuming "pspapg02.pg_toast.pg_toast_91688006": index scans: 0
pages: 0 removed, 0 remain, 0 scanned (100.00% of total)
tuples: 0 removed, 0 remain, 0 are dead but not yet removable
removable cutoff: 3770121888, which was 95 XIDs old when operation ended
new relfrozenxid: 3770121888, which is 88683651 XIDs ahead of previous value
new relminmxid: 27777, which is 4910 MXIDs ahead of previous value
index scan not needed: 0 pages from table (100.00% of total) had 0 dead item identifiers removed
I/O timings: read: 1.272 ms, write: 0.000 ms
avg read rate: 5.770 MB/s, avg write rate: 0.000 MB/s
buffer usage: 19 hits, 1 misses, 0 dirtied
WAL usage: 0 records, 0 full page images, 0 bytes
system usage: CPU: user: 0.00 s, system: 0.00 s, elapsed: 0.00 s
psql:vacuum_30Oct_6.sql:28: INFO:  analyzing "pspadm.psp_entity_update_m122025"
psql:vacuum_30Oct_6.sql:28: INFO:  "psp_entity_update_m122025": scanned 0 of 0 pages, containing 0 live rows and 0 dead rows; 0 rows in sample, 0 estimated total rows
VACUUM
Time: 2.878 ms
vacuum (analyze, verbose) pspadm.psp_entity_update_m122026;
psql:vacuum_30Oct_6.sql:29: INFO:  vacuuming "pspapg02.pspadm.psp_entity_update_m122026"
psql:vacuum_30Oct_6.sql:29: INFO:  finished vacuuming "pspapg02.pspadm.psp_entity_update_m122026": index scans: 0
pages: 0 removed, 0 remain, 0 scanned (100.00% of total)
tuples: 0 removed, 0 remain, 0 are dead but not yet removable
removable cutoff: 3770121888, which was 95 XIDs old when operation ended
new relfrozenxid: 3770121888, which is 88683651 XIDs ahead of previous value
new relminmxid: 27777, which is 4910 MXIDs ahead of previous value
index scan not needed: 0 pages from table (100.00% of total) had 0 dead item identifiers removed
I/O timings: read: 0.000 ms, write: 0.000 ms
avg read rate: 0.000 MB/s, avg write rate: 0.000 MB/s
buffer usage: 47 hits, 0 misses, 0 dirtied
WAL usage: 0 records, 0 full page images, 0 bytes
system usage: CPU: user: 0.00 s, system: 0.00 s, elapsed: 0.00 s
psql:vacuum_30Oct_6.sql:29: INFO:  vacuuming "pspapg02.pg_toast.pg_toast_91688340"
psql:vacuum_30Oct_6.sql:29: INFO:  finished vacuuming "pspapg02.pg_toast.pg_toast_91688340": index scans: 0
pages: 0 removed, 0 remain, 0 scanned (100.00% of total)
tuples: 0 removed, 0 remain, 0 are dead but not yet removable
removable cutoff: 3770121888, which was 95 XIDs old when operation ended
new relfrozenxid: 3770121888, which is 88683651 XIDs ahead of previous value
new relminmxid: 27777, which is 4910 MXIDs ahead of previous value
index scan not needed: 0 pages from table (100.00% of total) had 0 dead item identifiers removed
I/O timings: read: 1.345 ms, write: 0.000 ms
avg read rate: 5.471 MB/s, avg write rate: 0.000 MB/s
buffer usage: 19 hits, 1 misses, 0 dirtied
WAL usage: 0 records, 0 full page images, 0 bytes
system usage: CPU: user: 0.00 s, system: 0.00 s, elapsed: 0.00 s
psql:vacuum_30Oct_6.sql:29: INFO:  analyzing "pspadm.psp_entity_update_m122026"
psql:vacuum_30Oct_6.sql:29: INFO:  "psp_entity_update_m122026": scanned 0 of 0 pages, containing 0 live rows and 0 dead rows; 0 rows in sample, 0 estimated total rows
VACUUM
Time: 2.946 ms
vacuum (analyze, verbose) pspadm.psp_financial_trans_state_p0;
psql:vacuum_30Oct_6.sql:30: INFO:  vacuuming "pspapg02.pspadm.psp_financial_trans_state_p0"
psql:vacuum_30Oct_6.sql:30: INFO:  launched 8 parallel vacuum workers for index cleanup (planned: 8)
psql:vacuum_30Oct_6.sql:30: INFO:  finished vacuuming "pspapg02.pspadm.psp_financial_trans_state_p0": index scans: 0
pages: 0 removed, 10238539 remain, 59587 scanned (0.58% of total)
tuples: 12593 removed, 317515071 remain, 0 are dead but not yet removable
removable cutoff: 3770121888, which was 335 XIDs old when operation ended
index scan bypassed: 8373 pages from table (0.08% of total) have 16929 dead item identifiers
I/O timings: read: 4918.839 ms, write: 0.000 ms
avg read rate: 3.526 MB/s, avg write rate: 0.000 MB/s
buffer usage: 112428 hits, 2838 misses, 0 dirtied
WAL usage: 0 records, 0 full page images, 0 bytes
system usage: CPU: user: 0.75 s, system: 0.68 s, elapsed: 6.28 s
psql:vacuum_30Oct_6.sql:30: INFO:  vacuuming "pspapg02.pg_toast.pg_toast_198241"
psql:vacuum_30Oct_6.sql:30: INFO:  finished vacuuming "pspapg02.pg_toast.pg_toast_198241": index scans: 0
pages: 0 removed, 0 remain, 0 scanned (100.00% of total)
tuples: 0 removed, 0 remain, 0 are dead but not yet removable
removable cutoff: 3770122048, which was 175 XIDs old when operation ended
new relfrozenxid: 3770122048, which is 73981016 XIDs ahead of previous value
new relminmxid: 27777, which is 2172 MXIDs ahead of previous value
index scan not needed: 0 pages from table (100.00% of total) had 0 dead item identifiers removed
I/O timings: read: 0.918 ms, write: 0.000 ms
avg read rate: 7.336 MB/s, avg write rate: 0.000 MB/s
buffer usage: 19 hits, 1 misses, 0 dirtied
WAL usage: 0 records, 0 full page images, 0 bytes
system usage: CPU: user: 0.00 s, system: 0.00 s, elapsed: 0.00 s
psql:vacuum_30Oct_6.sql:30: INFO:  analyzing "pspadm.psp_financial_trans_state_p0"
psql:vacuum_30Oct_6.sql:30: INFO:  "psp_financial_trans_state_p0": scanned 30000 of 10238539 pages, containing 930654 live rows and 36 dead rows; 30000 rows in sample, 317617909 estimated total rows
VACUUM
Time: 38052.399 ms (00:38.052)
vacuum (analyze, verbose) pspadm.psp_financial_trans_state_p1;
psql:vacuum_30Oct_6.sql:31: INFO:  vacuuming "pspapg02.pspadm.psp_financial_trans_state_p1"
psql:vacuum_30Oct_6.sql:31: INFO:  launched 8 parallel vacuum workers for index cleanup (planned: 8)
psql:vacuum_30Oct_6.sql:31: INFO:  finished vacuuming "pspapg02.pspadm.psp_financial_trans_state_p1": index scans: 0
pages: 0 removed, 10278166 remain, 156047 scanned (1.52% of total)
tuples: 3331 removed, 308747392 remain, 0 are dead but not yet removable
removable cutoff: 3770125601, which was 888 XIDs old when operation ended
index scan bypassed: 154941 pages from table (1.51% of total) have 2456808 dead item identifiers
I/O timings: read: 6324.820 ms, write: 0.000 ms
avg read rate: 2.905 MB/s, avg write rate: 0.000 MB/s
buffer usage: 158566 hits, 2849 misses, 0 dirtied
WAL usage: 0 records, 0 full page images, 0 bytes
system usage: CPU: user: 0.80 s, system: 0.64 s, elapsed: 7.66 s
psql:vacuum_30Oct_6.sql:31: INFO:  vacuuming "pspapg02.pg_toast.pg_toast_198247"
psql:vacuum_30Oct_6.sql:31: INFO:  finished vacuuming "pspapg02.pg_toast.pg_toast_198247": index scans: 0
pages: 0 removed, 0 remain, 0 scanned (100.00% of total)
tuples: 0 removed, 0 remain, 0 are dead but not yet removable
removable cutoff: 3770125601, which was 888 XIDs old when operation ended
new relfrozenxid: 3770125601, which is 88954374 XIDs ahead of previous value
new relminmxid: 27777, which is 4935 MXIDs ahead of previous value
index scan not needed: 0 pages from table (100.00% of total) had 0 dead item identifiers removed
I/O timings: read: 1.323 ms, write: 0.000 ms
avg read rate: 5.336 MB/s, avg write rate: 0.000 MB/s
buffer usage: 19 hits, 1 misses, 0 dirtied
WAL usage: 0 records, 0 full page images, 0 bytes
system usage: CPU: user: 0.00 s, system: 0.00 s, elapsed: 0.00 s
psql:vacuum_30Oct_6.sql:31: INFO:  analyzing "pspadm.psp_financial_trans_state_p1"
psql:vacuum_30Oct_6.sql:31: INFO:  "psp_financial_trans_state_p1": scanned 30000 of 10278166 pages, containing 922527 live rows and 7658 dead rows; 30000 rows in sample, 316062855 estimated total rows
VACUUM
Time: 38656.025 ms (00:38.656)
vacuum (analyze, verbose) pspadm.psp_financial_trans_state_p10;
psql:vacuum_30Oct_6.sql:32: INFO:  vacuuming "pspapg02.pspadm.psp_financial_trans_state_p10"
psql:vacuum_30Oct_6.sql:32: INFO:  launched 8 parallel vacuum workers for index cleanup (planned: 8)
psql:vacuum_30Oct_6.sql:32: INFO:  finished vacuuming "pspapg02.pspadm.psp_financial_trans_state_p10": index scans: 0
pages: 0 removed, 10152966 remain, 154233 scanned (1.52% of total)
tuples: 3305 removed, 305163891 remain, 0 are dead but not yet removable
removable cutoff: 3770127587, which was 616 XIDs old when operation ended
index scan bypassed: 153279 pages from table (1.51% of total) have 2449848 dead item identifiers
I/O timings: read: 6236.377 ms, write: 0.000 ms
avg read rate: 2.920 MB/s, avg write rate: 0.000 MB/s
buffer usage: 156581 hits, 2815 misses, 0 dirtied
WAL usage: 0 records, 0 full page images, 0 bytes
system usage: CPU: user: 0.79 s, system: 0.61 s, elapsed: 7.53 s
psql:vacuum_30Oct_6.sql:32: INFO:  vacuuming "pspapg02.pg_toast.pg_toast_198301"
psql:vacuum_30Oct_6.sql:32: INFO:  finished vacuuming "pspapg02.pg_toast.pg_toast_198301": index scans: 0
pages: 0 removed, 0 remain, 0 scanned (100.00% of total)
tuples: 0 removed, 0 remain, 0 are dead but not yet removable
removable cutoff: 3770128167, which was 36 XIDs old when operation ended
new relfrozenxid: 3770128167, which is 88935528 XIDs ahead of previous value
new relminmxid: 27780, which is 4938 MXIDs ahead of previous value
index scan not needed: 0 pages from table (100.00% of total) had 0 dead item identifiers removed
I/O timings: read: 1.238 ms, write: 0.000 ms
avg read rate: 5.740 MB/s, avg write rate: 0.000 MB/s
buffer usage: 19 hits, 1 misses, 0 dirtied
WAL usage: 0 records, 0 full page images, 0 bytes
system usage: CPU: user: 0.00 s, system: 0.00 s, elapsed: 0.00 s
psql:vacuum_30Oct_6.sql:32: INFO:  analyzing "pspadm.psp_financial_trans_state_p10"
psql:vacuum_30Oct_6.sql:32: INFO:  "psp_financial_trans_state_p10": scanned 30000 of 10152966 pages, containing 922537 live rows and 7524 dead rows; 30000 rows in sample, 312216226 estimated total rows
VACUUM
Time: 38909.096 ms (00:38.909)
vacuum (analyze, verbose) pspadm.psp_financial_trans_state_p11;
psql:vacuum_30Oct_6.sql:33: INFO:  vacuuming "pspapg02.pspadm.psp_financial_trans_state_p11"
psql:vacuum_30Oct_6.sql:33: INFO:  launched 8 parallel vacuum workers for index cleanup (planned: 8)
psql:vacuum_30Oct_6.sql:33: INFO:  finished vacuuming "pspapg02.pspadm.psp_financial_trans_state_p11": index scans: 0
pages: 0 removed, 10257450 remain, 157279 scanned (1.53% of total)
tuples: 3220 removed, 308383089 remain, 0 are dead but not yet removable
removable cutoff: 3770133784, which was 984 XIDs old when operation ended
index scan bypassed: 156232 pages from table (1.52% of total) have 2493830 dead item identifiers
I/O timings: read: 6496.123 ms, write: 0.000 ms
avg read rate: 2.841 MB/s, avg write rate: 0.000 MB/s
buffer usage: 159736 hits, 2842 misses, 0 dirtied
WAL usage: 0 records, 0 full page images, 0 bytes
system usage: CPU: user: 0.78 s, system: 0.64 s, elapsed: 7.81 s
psql:vacuum_30Oct_6.sql:33: INFO:  vacuuming "pspapg02.pg_toast.pg_toast_198307"
psql:vacuum_30Oct_6.sql:33: INFO:  finished vacuuming "pspapg02.pg_toast.pg_toast_198307": index scans: 0
pages: 0 removed, 0 remain, 0 scanned (100.00% of total)
tuples: 0 removed, 0 remain, 0 are dead but not yet removable
removable cutoff: 3770134133, which was 635 XIDs old when operation ended
new relfrozenxid: 3770134133, which is 88940916 XIDs ahead of previous value
new relminmxid: 27780, which is 4938 MXIDs ahead of previous value
index scan not needed: 0 pages from table (100.00% of total) had 0 dead item identifiers removed
I/O timings: read: 0.742 ms, write: 0.000 ms
avg read rate: 8.980 MB/s, avg write rate: 0.000 MB/s
buffer usage: 19 hits, 1 misses, 0 dirtied
WAL usage: 0 records, 0 full page images, 0 bytes
system usage: CPU: user: 0.00 s, system: 0.00 s, elapsed: 0.00 s
psql:vacuum_30Oct_6.sql:33: INFO:  analyzing "pspadm.psp_financial_trans_state_p11"
psql:vacuum_30Oct_6.sql:33: INFO:  "psp_financial_trans_state_p11": scanned 30000 of 10257450 pages, containing 923675 live rows and 6767 dead rows; 30000 rows in sample, 315818338 estimated total rows
VACUUM
Time: 38808.532 ms (00:38.809)
vacuum (analyze, verbose) pspadm.psp_financial_trans_state_p12;
psql:vacuum_30Oct_6.sql:34: INFO:  vacuuming "pspapg02.pspadm.psp_financial_trans_state_p12"
psql:vacuum_30Oct_6.sql:34: INFO:  launched 8 parallel vacuum workers for index cleanup (planned: 8)
psql:vacuum_30Oct_6.sql:34: INFO:  finished vacuuming "pspapg02.pspadm.psp_financial_trans_state_p12": index scans: 0
pages: 0 removed, 10316310 remain, 157249 scanned (1.52% of total)
tuples: 3280 removed, 310006976 remain, 0 are dead but not yet removable
removable cutoff: 3770143849, which was 232 XIDs old when operation ended
index scan bypassed: 156209 pages from table (1.51% of total) have 2497183 dead item identifiers
I/O timings: read: 6315.949 ms, write: 0.000 ms
avg read rate: 2.944 MB/s, avg write rate: 0.000 MB/s
buffer usage: 159441 hits, 2859 misses, 0 dirtied
WAL usage: 0 records, 0 full page images, 0 bytes
system usage: CPU: user: 0.78 s, system: 0.60 s, elapsed: 7.58 s
psql:vacuum_30Oct_6.sql:34: INFO:  vacuuming "pspapg02.pg_toast.pg_toast_198313"
psql:vacuum_30Oct_6.sql:34: INFO:  finished vacuuming "pspapg02.pg_toast.pg_toast_198313": index scans: 0
pages: 0 removed, 0 remain, 0 scanned (100.00% of total)
tuples: 0 removed, 0 remain, 0 are dead but not yet removable
removable cutoff: 3770143849, which was 232 XIDs old when operation ended
new relfrozenxid: 3770143849, which is 88950632 XIDs ahead of previous value
new relminmxid: 27780, which is 4938 MXIDs ahead of previous value
index scan not needed: 0 pages from table (100.00% of total) had 0 dead item identifiers removed
I/O timings: read: 1.728 ms, write: 0.000 ms
avg read rate: 4.234 MB/s, avg write rate: 0.000 MB/s
buffer usage: 19 hits, 1 misses, 0 dirtied
WAL usage: 0 records, 0 full page images, 0 bytes
system usage: CPU: user: 0.00 s, system: 0.00 s, elapsed: 0.00 s
psql:vacuum_30Oct_6.sql:34: INFO:  analyzing "pspadm.psp_financial_trans_state_p12"
psql:vacuum_30Oct_6.sql:34: INFO:  "psp_financial_trans_state_p12": scanned 30000 of 10316310 pages, containing 922155 live rows and 7787 dead rows; 30000 rows in sample, 317107895 estimated total rows
VACUUM
Time: 38239.574 ms (00:38.240)
vacuum (analyze, verbose) pspadm.psp_financial_trans_state_p13;
psql:vacuum_30Oct_6.sql:35: INFO:  vacuuming "pspapg02.pspadm.psp_financial_trans_state_p13"
psql:vacuum_30Oct_6.sql:35: INFO:  launched 8 parallel vacuum workers for index cleanup (planned: 8)
psql:vacuum_30Oct_6.sql:35: INFO:  finished vacuuming "pspapg02.pspadm.psp_financial_trans_state_p13": index scans: 0
pages: 0 removed, 10432780 remain, 159650 scanned (1.53% of total)
tuples: 3428 removed, 313486459 remain, 0 are dead but not yet removable
removable cutoff: 3770145635, which was 721 XIDs old when operation ended
index scan bypassed: 158639 pages from table (1.52% of total) have 2510293 dead item identifiers
I/O timings: read: 6584.477 ms, write: 0.000 ms
avg read rate: 2.857 MB/s, avg write rate: 0.000 MB/s
buffer usage: 162094 hits, 2891 misses, 0 dirtied
WAL usage: 0 records, 0 full page images, 0 bytes
system usage: CPU: user: 0.77 s, system: 0.65 s, elapsed: 7.90 s
psql:vacuum_30Oct_6.sql:35: INFO:  vacuuming "pspapg02.pg_toast.pg_toast_198319"
psql:vacuum_30Oct_6.sql:35: INFO:  finished vacuuming "pspapg02.pg_toast.pg_toast_198319": index scans: 0
pages: 0 removed, 0 remain, 0 scanned (100.00% of total)
tuples: 0 removed, 0 remain, 0 are dead but not yet removable
removable cutoff: 3770145971, which was 385 XIDs old when operation ended
new relfrozenxid: 3770145971, which is 88952754 XIDs ahead of previous value
new relminmxid: 27780, which is 4938 MXIDs ahead of previous value
index scan not needed: 0 pages from table (100.00% of total) had 0 dead item identifiers removed
I/O timings: read: 0.786 ms, write: 0.000 ms
avg read rate: 8.548 MB/s, avg write rate: 0.000 MB/s
buffer usage: 19 hits, 1 misses, 0 dirtied
WAL usage: 0 records, 0 full page images, 0 bytes
system usage: CPU: user: 0.00 s, system: 0.00 s, elapsed: 0.00 s
psql:vacuum_30Oct_6.sql:35: INFO:  analyzing "pspadm.psp_financial_trans_state_p13"
psql:vacuum_30Oct_6.sql:35: INFO:  "psp_financial_trans_state_p13": scanned 30000 of 10432780 pages, containing 923442 live rows and 6619 dead rows; 30000 rows in sample, 321135574 estimated total rows
VACUUM
Time: 38850.349 ms (00:38.850)
vacuum (analyze, verbose) pspadm.psp_financial_trans_state_p14;
psql:vacuum_30Oct_6.sql:36: INFO:  vacuuming "pspapg02.pspadm.psp_financial_trans_state_p14"
psql:vacuum_30Oct_6.sql:36: INFO:  launched 8 parallel vacuum workers for index cleanup (planned: 8)
psql:vacuum_30Oct_6.sql:36: INFO:  finished vacuuming "pspapg02.pspadm.psp_financial_trans_state_p14": index scans: 0
pages: 0 removed, 10073862 remain, 150672 scanned (1.50% of total)
tuples: 3309 removed, 302938584 remain, 0 are dead but not yet removable
removable cutoff: 3770150195, which was 992 XIDs old when operation ended
index scan bypassed: 149544 pages from table (1.48% of total) have 2355829 dead item identifiers
I/O timings: read: 6241.896 ms, write: 0.000 ms
avg read rate: 2.893 MB/s, avg write rate: 0.000 MB/s
buffer usage: 153178 hits, 2791 misses, 0 dirtied
WAL usage: 0 records, 0 full page images, 0 bytes
system usage: CPU: user: 0.82 s, system: 0.58 s, elapsed: 7.53 s
psql:vacuum_30Oct_6.sql:36: INFO:  vacuuming "pspapg02.pg_toast.pg_toast_198325"
psql:vacuum_30Oct_6.sql:36: INFO:  finished vacuuming "pspapg02.pg_toast.pg_toast_198325": index scans: 0
pages: 0 removed, 0 remain, 0 scanned (100.00% of total)
tuples: 0 removed, 0 remain, 0 are dead but not yet removable
removable cutoff: 3770150518, which was 669 XIDs old when operation ended
new relfrozenxid: 3770150518, which is 88957301 XIDs ahead of previous value
new relminmxid: 27780, which is 4938 MXIDs ahead of previous value
index scan not needed: 0 pages from table (100.00% of total) had 0 dead item identifiers removed
I/O timings: read: 0.730 ms, write: 0.000 ms
avg read rate: 9.137 MB/s, avg write rate: 0.000 MB/s
buffer usage: 19 hits, 1 misses, 0 dirtied
WAL usage: 0 records, 0 full page images, 0 bytes
system usage: CPU: user: 0.00 s, system: 0.00 s, elapsed: 0.00 s
psql:vacuum_30Oct_6.sql:36: INFO:  analyzing "pspadm.psp_financial_trans_state_p14"
psql:vacuum_30Oct_6.sql:36: INFO:  "psp_financial_trans_state_p14": scanned 30000 of 10073862 pages, containing 923268 live rows and 6504 dead rows; 30000 rows in sample, 310029147 estimated total rows
VACUUM
Time: 38351.715 ms (00:38.352)
vacuum (analyze, verbose) pspadm.psp_financial_trans_state_p2;
psql:vacuum_30Oct_6.sql:38: INFO:  vacuuming "pspapg02.pspadm.psp_financial_trans_state_p2"
psql:vacuum_30Oct_6.sql:38: INFO:  launched 8 parallel vacuum workers for index cleanup (planned: 8)
psql:vacuum_30Oct_6.sql:38: INFO:  finished vacuuming "pspapg02.pspadm.psp_financial_trans_state_p2": index scans: 0
pages: 0 removed, 10299653 remain, 155282 scanned (1.51% of total)
tuples: 3425 removed, 309776663 remain, 0 are dead but not yet removable
removable cutoff: 3770154504, which was 1051 XIDs old when operation ended
index scan bypassed: 154149 pages from table (1.50% of total) have 2456687 dead item identifiers
I/O timings: read: 6435.935 ms, write: 0.000 ms
avg read rate: 2.867 MB/s, avg write rate: 0.000 MB/s
buffer usage: 157835 hits, 2854 misses, 0 dirtied
WAL usage: 0 records, 0 full page images, 0 bytes
system usage: CPU: user: 0.80 s, system: 0.65 s, elapsed: 7.77 s
psql:vacuum_30Oct_6.sql:38: INFO:  vacuuming "pspapg02.pg_toast.pg_toast_198253"
psql:vacuum_30Oct_6.sql:38: INFO:  finished vacuuming "pspapg02.pg_toast.pg_toast_198253": index scans: 0
pages: 0 removed, 0 remain, 0 scanned (100.00% of total)
tuples: 0 removed, 0 remain, 0 are dead but not yet removable
removable cutoff: 3770155327, which was 232 XIDs old when operation ended
new relfrozenxid: 3770155327, which is 88984100 XIDs ahead of previous value
new relminmxid: 27780, which is 4938 MXIDs ahead of previous value
index scan not needed: 0 pages from table (100.00% of total) had 0 dead item identifiers removed
I/O timings: read: 1.047 ms, write: 0.000 ms
avg read rate: 6.666 MB/s, avg write rate: 0.000 MB/s
buffer usage: 19 hits, 1 misses, 0 dirtied
WAL usage: 0 records, 0 full page images, 0 bytes
system usage: CPU: user: 0.00 s, system: 0.00 s, elapsed: 0.00 s
psql:vacuum_30Oct_6.sql:38: INFO:  analyzing "pspadm.psp_financial_trans_state_p2"
psql:vacuum_30Oct_6.sql:38: INFO:  "psp_financial_trans_state_p2": scanned 30000 of 10299653 pages, containing 922544 live rows and 7647 dead rows; 30000 rows in sample, 316729436 estimated total rows
VACUUM
Time: 38915.219 ms (00:38.915)
vacuum (analyze, verbose) pspadm.psp_financial_trans_state_p4;
psql:vacuum_30Oct_6.sql:40: INFO:  vacuuming "pspapg02.pspadm.psp_financial_trans_state_p4"
psql:vacuum_30Oct_6.sql:40: INFO:  launched 8 parallel vacuum workers for index cleanup (planned: 8)
psql:vacuum_30Oct_6.sql:40: INFO:  finished vacuuming "pspapg02.pspadm.psp_financial_trans_state_p4": index scans: 0
pages: 0 removed, 10143523 remain, 36502 scanned (0.36% of total)
tuples: 12337 removed, 314538767 remain, 0 are dead but not yet removable
removable cutoff: 3770160088, which was 254 XIDs old when operation ended
index scan bypassed: 7338 pages from table (0.07% of total) have 16876 dead item identifiers
I/O timings: read: 3744.586 ms, write: 0.000 ms
avg read rate: 4.471 MB/s, avg write rate: 0.000 MB/s
buffer usage: 66945 hits, 2812 misses, 0 dirtied
WAL usage: 0 records, 0 full page images, 0 bytes
system usage: CPU: user: 0.59 s, system: 0.62 s, elapsed: 4.91 s
psql:vacuum_30Oct_6.sql:40: INFO:  vacuuming "pspapg02.pg_toast.pg_toast_198265"
psql:vacuum_30Oct_6.sql:40: INFO:  finished vacuuming "pspapg02.pg_toast.pg_toast_198265": index scans: 0
pages: 0 removed, 0 remain, 0 scanned (100.00% of total)
tuples: 0 removed, 0 remain, 0 are dead but not yet removable
removable cutoff: 3770160288, which was 54 XIDs old when operation ended
new relfrozenxid: 3770160288, which is 74019256 XIDs ahead of previous value
new relminmxid: 27780, which is 2175 MXIDs ahead of previous value
index scan not needed: 0 pages from table (100.00% of total) had 0 dead item identifiers removed
I/O timings: read: 0.884 ms, write: 0.000 ms
avg read rate: 7.750 MB/s, avg write rate: 0.000 MB/s
buffer usage: 19 hits, 1 misses, 0 dirtied
WAL usage: 0 records, 0 full page images, 0 bytes
system usage: CPU: user: 0.00 s, system: 0.00 s, elapsed: 0.00 s
psql:vacuum_30Oct_6.sql:40: INFO:  analyzing "pspadm.psp_financial_trans_state_p4"
psql:vacuum_30Oct_6.sql:40: INFO:  "psp_financial_trans_state_p4": scanned 30000 of 10143523 pages, containing 930372 live rows and 60 dead rows; 30000 rows in sample, 314574993 estimated total rows
VACUUM
Time: 36330.230 ms (00:36.330)
vacuum (analyze, verbose) pspadm.psp_financial_trans_state_p5;
psql:vacuum_30Oct_6.sql:41: INFO:  vacuuming "pspapg02.pspadm.psp_financial_trans_state_p5"
psql:vacuum_30Oct_6.sql:41: INFO:  launched 8 parallel vacuum workers for index cleanup (planned: 8)
psql:vacuum_30Oct_6.sql:41: INFO:  finished vacuuming "pspapg02.pspadm.psp_financial_trans_state_p5": index scans: 0
pages: 0 removed, 10363912 remain, 156276 scanned (1.51% of total)
tuples: 3412 removed, 311426723 remain, 0 are dead but not yet removable
removable cutoff: 3770162174, which was 3371 XIDs old when operation ended
index scan bypassed: 155242 pages from table (1.50% of total) have 2482338 dead item identifiers
I/O timings: read: 6221.032 ms, write: 0.000 ms
avg read rate: 2.969 MB/s, avg write rate: 0.000 MB/s
buffer usage: 158729 hits, 2874 misses, 0 dirtied
WAL usage: 0 records, 0 full page images, 0 bytes
system usage: CPU: user: 0.81 s, system: 0.63 s, elapsed: 7.56 s
psql:vacuum_30Oct_6.sql:41: INFO:  vacuuming "pspapg02.pg_toast.pg_toast_198271"
psql:vacuum_30Oct_6.sql:41: INFO:  finished vacuuming "pspapg02.pg_toast.pg_toast_198271": index scans: 0
pages: 0 removed, 0 remain, 0 scanned (100.00% of total)
tuples: 0 removed, 0 remain, 0 are dead but not yet removable
removable cutoff: 3770165532, which was 13 XIDs old when operation ended
new relfrozenxid: 3770165532, which is 88991207 XIDs ahead of previous value
new relminmxid: 27780, which is 4938 MXIDs ahead of previous value
index scan not needed: 0 pages from table (100.00% of total) had 0 dead item identifiers removed
I/O timings: read: 1.338 ms, write: 0.000 ms
avg read rate: 5.329 MB/s, avg write rate: 0.000 MB/s
buffer usage: 19 hits, 1 misses, 0 dirtied
WAL usage: 0 records, 0 full page images, 0 bytes
system usage: CPU: user: 0.00 s, system: 0.00 s, elapsed: 0.00 s
psql:vacuum_30Oct_6.sql:41: INFO:  analyzing "pspadm.psp_financial_trans_state_p5"
psql:vacuum_30Oct_6.sql:41: INFO:  "psp_financial_trans_state_p5": scanned 30000 of 10363912 pages, containing 922572 live rows and 7539 dead rows; 30000 rows in sample, 318715167 estimated total rows
VACUUM
Time: 37972.095 ms (00:37.972)
vacuum (analyze, verbose) pspadm.psp_financial_trans_state_p6;
psql:vacuum_30Oct_6.sql:42: INFO:  vacuuming "pspapg02.pspadm.psp_financial_trans_state_p6"
psql:vacuum_30Oct_6.sql:42: INFO:  launched 8 parallel vacuum workers for index cleanup (planned: 8)
psql:vacuum_30Oct_6.sql:42: INFO:  finished vacuuming "pspapg02.pspadm.psp_financial_trans_state_p6": index scans: 0
pages: 0 removed, 10092822 remain, 150977 scanned (1.50% of total)
tuples: 3251 removed, 303906660 remain, 0 are dead but not yet removable
removable cutoff: 3770168240, which was 2973 XIDs old when operation ended
index scan bypassed: 149861 pages from table (1.48% of total) have 2346549 dead item identifiers
I/O timings: read: 6040.784 ms, write: 0.000 ms
avg read rate: 2.981 MB/s, avg write rate: 0.000 MB/s
buffer usage: 153473 hits, 2796 misses, 0 dirtied
WAL usage: 0 records, 0 full page images, 0 bytes
system usage: CPU: user: 0.80 s, system: 0.59 s, elapsed: 7.32 s
psql:vacuum_30Oct_6.sql:42: INFO:  vacuuming "pspapg02.pg_toast.pg_toast_198277"
psql:vacuum_30Oct_6.sql:42: INFO:  finished vacuuming "pspapg02.pg_toast.pg_toast_198277": index scans: 0
pages: 0 removed, 0 remain, 0 scanned (100.00% of total)
tuples: 0 removed, 0 remain, 0 are dead but not yet removable
removable cutoff: 3770171160, which was 53 XIDs old when operation ended
new relfrozenxid: 3770171160, which is 88996835 XIDs ahead of previous value
new relminmxid: 27780, which is 4938 MXIDs ahead of previous value
index scan not needed: 0 pages from table (100.00% of total) had 0 dead item identifiers removed
I/O timings: read: 0.994 ms, write: 0.000 ms
avg read rate: 6.969 MB/s, avg write rate: 0.000 MB/s
buffer usage: 19 hits, 1 misses, 0 dirtied
WAL usage: 0 records, 0 full page images, 0 bytes
system usage: CPU: user: 0.00 s, system: 0.00 s, elapsed: 0.00 s
psql:vacuum_30Oct_6.sql:42: INFO:  analyzing "pspadm.psp_financial_trans_state_p6"
psql:vacuum_30Oct_6.sql:42: INFO:  "psp_financial_trans_state_p6": scanned 30000 of 10092822 pages, containing 922707 live rows and 7406 dead rows; 30000 rows in sample, 310423917 estimated total rows
VACUUM
Time: 38542.479 ms (00:38.542)
vacuum (analyze, verbose) pspadm.psp_financial_trans_state_p7;
psql:vacuum_30Oct_6.sql:43: INFO:  vacuuming "pspapg02.pspadm.psp_financial_trans_state_p7"
psql:vacuum_30Oct_6.sql:43: INFO:  launched 8 parallel vacuum workers for index cleanup (planned: 8)
psql:vacuum_30Oct_6.sql:43: INFO:  finished vacuuming "pspapg02.pspadm.psp_financial_trans_state_p7": index scans: 0
pages: 0 removed, 10466055 remain, 154795 scanned (1.48% of total)
tuples: 3321 removed, 315182342 remain, 0 are dead but not yet removable
removable cutoff: 3770177017, which was 730 XIDs old when operation ended
index scan bypassed: 153683 pages from table (1.47% of total) have 2404164 dead item identifiers
I/O timings: read: 6259.218 ms, write: 0.000 ms
avg read rate: 2.992 MB/s, avg write rate: 0.000 MB/s
buffer usage: 157329 hits, 2902 misses, 0 dirtied
WAL usage: 0 records, 0 full page images, 0 bytes
system usage: CPU: user: 0.81 s, system: 0.61 s, elapsed: 7.57 s
psql:vacuum_30Oct_6.sql:43: INFO:  vacuuming "pspapg02.pg_toast.pg_toast_198283"
psql:vacuum_30Oct_6.sql:43: INFO:  finished vacuuming "pspapg02.pg_toast.pg_toast_198283": index scans: 0
pages: 0 removed, 0 remain, 0 scanned (100.00% of total)
tuples: 0 removed, 0 remain, 0 are dead but not yet removable
removable cutoff: 3770177642, which was 105 XIDs old when operation ended
new relfrozenxid: 3770177642, which is 88985003 XIDs ahead of previous value
new relminmxid: 27780, which is 4938 MXIDs ahead of previous value
index scan not needed: 0 pages from table (100.00% of total) had 0 dead item identifiers removed
I/O timings: read: 1.001 ms, write: 0.000 ms
avg read rate: 6.805 MB/s, avg write rate: 0.000 MB/s
buffer usage: 19 hits, 1 misses, 0 dirtied
WAL usage: 0 records, 0 full page images, 0 bytes
system usage: CPU: user: 0.00 s, system: 0.00 s, elapsed: 0.00 s
psql:vacuum_30Oct_6.sql:43: INFO:  analyzing "pspadm.psp_financial_trans_state_p7"
psql:vacuum_30Oct_6.sql:43: INFO:  "psp_financial_trans_state_p7": scanned 30000 of 10466055 pages, containing 923224 live rows and 7540 dead rows; 30000 rows in sample, 322083772 estimated total rows
VACUUM
Time: 38326.359 ms (00:38.326)
