Timing is on.
vacuum(analyze, verbose) pspadm.psp_ledger_balance_p4;
psql:vacuum_30Oct_2.sql:2: INFO:  aggressively vacuuming "pspapg02.pspadm.psp_ledger_balance_p4"
psql:vacuum_30Oct_2.sql:2: INFO:  launched 6 parallel vacuum workers for index cleanup (planned: 6)
psql:vacuum_30Oct_2.sql:2: INFO:  finished vacuuming "pspapg02.pspadm.psp_ledger_balance_p4": index scans: 0
pages: 0 removed, 3518530 remain, 7797 scanned (0.22% of total)
tuples: 0 removed, 127700619 remain, 0 are dead but not yet removable
removable cutoff: 3769657934, which was 48438 XIDs old when operation ended
new relfrozenxid: 3734397571, which is 161376880 XIDs ahead of previous value
new relminmxid: 27765, which is 9065 MXIDs ahead of previous value
index scan bypassed: 1355 pages from table (0.04% of total) have 7366 dead item identifiers
I/O timings: read: 1263.852 ms, write: 0.000 ms
avg read rate: 3.631 MB/s, avg write rate: 0.000 MB/s
buffer usage: 14715 hits, 979 misses, 0 dirtied
WAL usage: 0 records, 0 full page images, 0 bytes
system usage: CPU: user: 0.20 s, system: 0.64 s, elapsed: 2.10 s
psql:vacuum_30Oct_2.sql:2: INFO:  vacuuming "pspapg02.pg_toast.pg_toast_198057"
psql:vacuum_30Oct_2.sql:2: INFO:  finished vacuuming "pspapg02.pg_toast.pg_toast_198057": index scans: 0
pages: 0 removed, 0 remain, 0 scanned (100.00% of total)
tuples: 0 removed, 0 remain, 0 are dead but not yet removable
removable cutoff: 3769657934, which was 48438 XIDs old when operation ended
new relfrozenxid: 3769657934, which is 88818023 XIDs ahead of previous value
new relminmxid: 27765, which is 4935 MXIDs ahead of previous value
index scan not needed: 0 pages from table (100.00% of total) had 0 dead item identifiers removed
I/O timings: read: 1.339 ms, write: 0.000 ms
avg read rate: 5.188 MB/s, avg write rate: 0.000 MB/s
buffer usage: 26 hits, 1 misses, 0 dirtied
WAL usage: 0 records, 0 full page images, 0 bytes
system usage: CPU: user: 0.00 s, system: 0.00 s, elapsed: 0.00 s
psql:vacuum_30Oct_2.sql:2: INFO:  analyzing "pspadm.psp_ledger_balance_p4"
psql:vacuum_30Oct_2.sql:2: INFO:  "psp_ledger_balance_p4": scanned 30000 of 3518530 pages, containing 1089093 live rows and 70 dead rows; 30000 rows in sample, 127733546 estimated total rows
VACUUM
Time: 32358.142 ms (00:32.358)
vacuum(analyze, verbose) pspadm.psp_ledger_balance_p2;
psql:vacuum_30Oct_2.sql:3: INFO:  aggressively vacuuming "pspapg02.pspadm.psp_ledger_balance_p2"
psql:vacuum_30Oct_2.sql:3: INFO:  launched 6 parallel vacuum workers for index cleanup (planned: 6)
psql:vacuum_30Oct_2.sql:3: INFO:  finished vacuuming "pspapg02.pspadm.psp_ledger_balance_p2": index scans: 0
pages: 0 removed, 3536643 remain, 6659 scanned (0.19% of total)
tuples: 0 removed, 128358179 remain, 0 are dead but not yet removable
removable cutoff: 3769657934, which was 50429 XIDs old when operation ended
new relfrozenxid: 3734397571, which is 161376880 XIDs ahead of previous value
new relminmxid: 27765, which is 9065 MXIDs ahead of previous value
index scan bypassed: 354 pages from table (0.01% of total) have 4794 dead item identifiers
I/O timings: read: 1149.715 ms, write: 0.000 ms
avg read rate: 3.911 MB/s, avg write rate: 0.000 MB/s
buffer usage: 13327 hits, 986 misses, 0 dirtied
WAL usage: 0 records, 0 full page images, 0 bytes
system usage: CPU: user: 0.23 s, system: 0.59 s, elapsed: 1.96 s
psql:vacuum_30Oct_2.sql:3: INFO:  vacuuming "pspapg02.pg_toast.pg_toast_198043"
psql:vacuum_30Oct_2.sql:3: INFO:  finished vacuuming "pspapg02.pg_toast.pg_toast_198043": index scans: 0
pages: 0 removed, 0 remain, 0 scanned (100.00% of total)
tuples: 0 removed, 0 remain, 0 are dead but not yet removable
removable cutoff: 3769657934, which was 50429 XIDs old when operation ended
new relfrozenxid: 3769657934, which is 88818023 XIDs ahead of previous value
new relminmxid: 27765, which is 4935 MXIDs ahead of previous value
index scan not needed: 0 pages from table (100.00% of total) had 0 dead item identifiers removed
I/O timings: read: 0.899 ms, write: 0.000 ms
avg read rate: 7.505 MB/s, avg write rate: 0.000 MB/s
buffer usage: 20 hits, 1 misses, 0 dirtied
WAL usage: 0 records, 0 full page images, 0 bytes
system usage: CPU: user: 0.00 s, system: 0.00 s, elapsed: 0.00 s
psql:vacuum_30Oct_2.sql:3: INFO:  analyzing "pspadm.psp_ledger_balance_p2"
psql:vacuum_30Oct_2.sql:3: INFO:  "psp_ledger_balance_p2": scanned 30000 of 3536643 pages, containing 1088940 live rows and 88 dead rows; 30000 rows in sample, 128373068 estimated total rows
VACUUM
Time: 32388.572 ms (00:32.389)
vacuum(analyze, verbose) pspadm.psp_ledger_balance_p7;
psql:vacuum_30Oct_2.sql:4: INFO:  aggressively vacuuming "pspapg02.pspadm.psp_ledger_balance_p7"
psql:vacuum_30Oct_2.sql:4: INFO:  launched 6 parallel vacuum workers for index cleanup (planned: 6)
psql:vacuum_30Oct_2.sql:4: INFO:  finished vacuuming "pspapg02.pspadm.psp_ledger_balance_p7": index scans: 0
pages: 0 removed, 3524866 remain, 6545 scanned (0.19% of total)
tuples: 0 removed, 127917604 remain, 0 are dead but not yet removable
removable cutoff: 3769657934, which was 50965 XIDs old when operation ended
new relfrozenxid: 3734397571, which is 161376880 XIDs ahead of previous value
new relminmxid: 27765, which is 9065 MXIDs ahead of previous value
index scan not needed: 0 pages from table (0.00% of total) had 0 dead item identifiers removed
I/O timings: read: 1175.427 ms, write: 0.000 ms
avg read rate: 3.859 MB/s, avg write rate: 0.000 MB/s
buffer usage: 13440 hits, 980 misses, 0 dirtied
WAL usage: 0 records, 0 full page images, 0 bytes
system usage: CPU: user: 0.18 s, system: 0.63 s, elapsed: 1.98 s
psql:vacuum_30Oct_2.sql:4: INFO:  vacuuming "pspapg02.pg_toast.pg_toast_198078"
psql:vacuum_30Oct_2.sql:4: INFO:  finished vacuuming "pspapg02.pg_toast.pg_toast_198078": index scans: 0
pages: 0 removed, 0 remain, 0 scanned (100.00% of total)
tuples: 0 removed, 0 remain, 0 are dead but not yet removable
removable cutoff: 3769657934, which was 50965 XIDs old when operation ended
new relfrozenxid: 3769657934, which is 88818023 XIDs ahead of previous value
new relminmxid: 27765, which is 4935 MXIDs ahead of previous value
index scan not needed: 0 pages from table (100.00% of total) had 0 dead item identifiers removed
I/O timings: read: 0.880 ms, write: 0.000 ms
avg read rate: 7.766 MB/s, avg write rate: 0.000 MB/s
buffer usage: 19 hits, 1 misses, 0 dirtied
WAL usage: 0 records, 0 full page images, 0 bytes
system usage: CPU: user: 0.00 s, system: 0.00 s, elapsed: 0.00 s
psql:vacuum_30Oct_2.sql:4: INFO:  analyzing "pspadm.psp_ledger_balance_p7"
psql:vacuum_30Oct_2.sql:4: INFO:  "psp_ledger_balance_p7": scanned 30000 of 3524866 pages, containing 1088970 live rows and 0 dead rows; 30000 rows in sample, 127949111 estimated total rows
VACUUM
Time: 32015.604 ms (00:32.016)
vacuum(analyze, verbose) pspadm.psp_ledger_balance_p5;
psql:vacuum_30Oct_2.sql:5: INFO:  aggressively vacuuming "pspapg02.pspadm.psp_ledger_balance_p5"
psql:vacuum_30Oct_2.sql:5: INFO:  launched 6 parallel vacuum workers for index cleanup (planned: 6)
psql:vacuum_30Oct_2.sql:5: INFO:  finished vacuuming "pspapg02.pspadm.psp_ledger_balance_p5": index scans: 0
pages: 0 removed, 3565784 remain, 6339 scanned (0.18% of total)
tuples: 0 removed, 129469607 remain, 0 are dead but not yet removable
removable cutoff: 3769709368, which was 8 XIDs old when operation ended
new relfrozenxid: 3734397571, which is 161376880 XIDs ahead of previous value
new relminmxid: 27765, which is 9065 MXIDs ahead of previous value
index scan not needed: 0 pages from table (0.00% of total) had 0 dead item identifiers removed
I/O timings: read: 1130.640 ms, write: 0.000 ms
avg read rate: 3.994 MB/s, avg write rate: 0.000 MB/s
buffer usage: 13028 hits, 993 misses, 0 dirtied
WAL usage: 0 records, 0 full page images, 0 bytes
system usage: CPU: user: 0.25 s, system: 0.56 s, elapsed: 1.94 s
psql:vacuum_30Oct_2.sql:5: INFO:  vacuuming "pspapg02.pg_toast.pg_toast_198064"
psql:vacuum_30Oct_2.sql:5: INFO:  finished vacuuming "pspapg02.pg_toast.pg_toast_198064": index scans: 0
pages: 0 removed, 0 remain, 0 scanned (100.00% of total)
tuples: 0 removed, 0 remain, 0 are dead but not yet removable
removable cutoff: 3769709371, which was 5 XIDs old when operation ended
new relfrozenxid: 3769709371, which is 88940077 XIDs ahead of previous value
new relminmxid: 27765, which is 4939 MXIDs ahead of previous value
index scan not needed: 0 pages from table (100.00% of total) had 0 dead item identifiers removed
I/O timings: read: 1.056 ms, write: 0.000 ms
avg read rate: 6.478 MB/s, avg write rate: 0.000 MB/s
buffer usage: 19 hits, 1 misses, 0 dirtied
WAL usage: 0 records, 0 full page images, 0 bytes
system usage: CPU: user: 0.00 s, system: 0.00 s, elapsed: 0.00 s
psql:vacuum_30Oct_2.sql:5: INFO:  analyzing "pspadm.psp_ledger_balance_p5"
psql:vacuum_30Oct_2.sql:5: INFO:  "psp_ledger_balance_p5": scanned 30000 of 3565784 pages, containing 1089504 live rows and 0 dead rows; 30000 rows in sample, 129497864 estimated total rows
VACUUM
Time: 32590.460 ms (00:32.590)
vacuum(analyze, verbose) pspadm.psp_pstub_pay_item_p10;
psql:vacuum_30Oct_2.sql:6: INFO:  aggressively vacuuming "pspapg02.pspadm.psp_pstub_pay_item_p10"
psql:vacuum_30Oct_2.sql:6: INFO:  launched 3 parallel vacuum workers for index cleanup (planned: 3)
psql:vacuum_30Oct_2.sql:6: INFO:  finished vacuuming "pspapg02.pspadm.psp_pstub_pay_item_p10": index scans: 0
pages: 0 removed, 11351830 remain, 263165 scanned (2.32% of total)
tuples: 289332 removed, 326150527 remain, 0 are dead but not yet removable
removable cutoff: 3769709526, which was 1964 XIDs old when operation ended
new relfrozenxid: 3719712939, which is 138609000 XIDs ahead of previous value
new relminmxid: 27765, which is 7701 MXIDs ahead of previous value
index scan bypassed: 213622 pages from table (1.88% of total) have 3646859 dead item identifiers
I/O timings: read: 8551.684 ms, write: 0.000 ms
avg read rate: 2.256 MB/s, avg write rate: 0.000 MB/s
buffer usage: 315226 hits, 3104 misses, 0 dirtied
WAL usage: 0 records, 0 full page images, 0 bytes
system usage: CPU: user: 1.64 s, system: 0.73 s, elapsed: 10.74 s
psql:vacuum_30Oct_2.sql:6: INFO:  vacuuming "pspapg02.pg_toast.pg_toast_199282"
psql:vacuum_30Oct_2.sql:6: INFO:  finished vacuuming "pspapg02.pg_toast.pg_toast_199282": index scans: 0
pages: 0 removed, 0 remain, 0 scanned (100.00% of total)
tuples: 0 removed, 0 remain, 0 are dead but not yet removable
removable cutoff: 3769711295, which was 195 XIDs old when operation ended
new relfrozenxid: 3769711295, which is 88650657 XIDs ahead of previous value
new relminmxid: 27765, which is 4929 MXIDs ahead of previous value
index scan not needed: 0 pages from table (100.00% of total) had 0 dead item identifiers removed
I/O timings: read: 1.395 ms, write: 0.000 ms
avg read rate: 5.167 MB/s, avg write rate: 0.000 MB/s
buffer usage: 19 hits, 1 misses, 0 dirtied
WAL usage: 0 records, 0 full page images, 0 bytes
system usage: CPU: user: 0.00 s, system: 0.00 s, elapsed: 0.00 s
psql:vacuum_30Oct_2.sql:6: INFO:  analyzing "pspadm.psp_pstub_pay_item_p10"
psql:vacuum_30Oct_2.sql:6: INFO:  "psp_pstub_pay_item_p10": scanned 30000 of 11351830 pages, containing 878331 live rows and 10636 dead rows; 30000 rows in sample, 332355473 estimated total rows
VACUUM
Time: 41854.824 ms (00:41.855)
vacuum(analyze, verbose) pspadm.psp_pstub_pay_item_p9;
psql:vacuum_30Oct_2.sql:7: INFO:  aggressively vacuuming "pspapg02.pspadm.psp_pstub_pay_item_p9"
psql:vacuum_30Oct_2.sql:7: INFO:  launched 3 parallel vacuum workers for index vacuuming (planned: 3)
psql:vacuum_30Oct_2.sql:7: INFO:  finished vacuuming "pspapg02.pspadm.psp_pstub_pay_item_p9": index scans: 1
pages: 0 removed, 11607048 remain, 290222 scanned (2.50% of total)
tuples: 299950 removed, 332217961 remain, 0 are dead but not yet removable
removable cutoff: 3769711816, which was 3886 XIDs old when operation ended
new relfrozenxid: 3719713065, which is 138596141 XIDs ahead of previous value
new relminmxid: 27765, which is 7692 MXIDs ahead of previous value
index scan needed: 238604 pages from table (2.06% of total) had 4194494 dead item identifiers removed
index "psp_pstub_pay_item_p9_pkey": pages: 5787528 in total, 0 newly deleted, 178 currently deleted, 178 reusable
index "psp_pstub_pay_item_fk1_p9": pages: 914055 in total, 0 newly deleted, 17 currently deleted, 17 reusable
index "psp_pstub_pay_item_fk2_p9": pages: 330336 in total, 218 newly deleted, 389 currently deleted, 171 reusable
index "idx_pstub_pay_item_mod_date_p9": pages: 413931 in total, 223 newly deleted, 223 currently deleted, 0 reusable
I/O timings: read: 110640.932 ms, write: 0.000 ms
avg read rate: 0.198 MB/s, avg write rate: 0.000 MB/s
buffer usage: 6611053 hits, 3188 misses, 0 dirtied
WAL usage: 0 records, 0 full page images, 0 bytes
system usage: CPU: user: 98.83 s, system: 0.78 s, elapsed: 125.69 s
psql:vacuum_30Oct_2.sql:7: INFO:  vacuuming "pspapg02.pg_toast.pg_toast_199276"
psql:vacuum_30Oct_2.sql:7: INFO:  finished vacuuming "pspapg02.pg_toast.pg_toast_199276": index scans: 0
pages: 0 removed, 0 remain, 0 scanned (100.00% of total)
tuples: 0 removed, 0 remain, 0 are dead but not yet removable
removable cutoff: 3769715580, which was 122 XIDs old when operation ended
new relfrozenxid: 3769715580, which is 88654942 XIDs ahead of previous value
new relminmxid: 27765, which is 4929 MXIDs ahead of previous value
index scan not needed: 0 pages from table (100.00% of total) had 0 dead item identifiers removed
I/O timings: read: 1.042 ms, write: 0.000 ms
avg read rate: 6.683 MB/s, avg write rate: 0.000 MB/s
buffer usage: 19 hits, 1 misses, 0 dirtied
WAL usage: 0 records, 0 full page images, 0 bytes
system usage: CPU: user: 0.00 s, system: 0.00 s, elapsed: 0.00 s
psql:vacuum_30Oct_2.sql:7: INFO:  analyzing "pspadm.psp_pstub_pay_item_p9"
psql:vacuum_30Oct_2.sql:7: INFO:  "psp_pstub_pay_item_p9": scanned 30000 of 11607048 pages, containing 877904 live rows and 0 dead rows; 30000 rows in sample, 339662462 estimated total rows
VACUUM
Time: 156908.646 ms (02:36.909)
vacuum(analyze, verbose) pspadm.psp_pstub_paid_timeoff_item_p0;
psql:vacuum_30Oct_2.sql:8: INFO:  aggressively vacuuming "pspapg02.pspadm.psp_pstub_paid_timeoff_item_p0"
psql:vacuum_30Oct_2.sql:8: INFO:  launched 2 parallel vacuum workers for index cleanup (planned: 2)
psql:vacuum_30Oct_2.sql:8: INFO:  finished vacuuming "pspapg02.pspadm.psp_pstub_paid_timeoff_item_p0": index scans: 0
pages: 0 removed, 5934349 remain, 102293 scanned (1.72% of total)
tuples: 173693 removed, 211581025 remain, 0 are dead but not yet removable
removable cutoff: 3769717583, which was 172 XIDs old when operation ended
new relfrozenxid: 3719728153, which is 138515903 XIDs ahead of previous value
new relminmxid: 27765, which is 7685 MXIDs ahead of previous value
index scan bypassed: 77622 pages from table (1.31% of total) have 614192 dead item identifiers
I/O timings: read: 3734.008 ms, write: 0.000 ms
avg read rate: 2.360 MB/s, avg write rate: 0.000 MB/s
buffer usage: 128072 hits, 1575 misses, 0 dirtied
WAL usage: 0 records, 0 full page images, 0 bytes
system usage: CPU: user: 0.88 s, system: 0.66 s, elapsed: 5.21 s
psql:vacuum_30Oct_2.sql:8: INFO:  vacuuming "pspapg02.pg_toast.pg_toast_199549"
psql:vacuum_30Oct_2.sql:8: INFO:  finished vacuuming "pspapg02.pg_toast.pg_toast_199549": index scans: 0
pages: 0 removed, 0 remain, 0 scanned (100.00% of total)
tuples: 0 removed, 0 remain, 0 are dead but not yet removable
removable cutoff: 3769717709, which was 46 XIDs old when operation ended
new relfrozenxid: 3769717709, which is 88474525 XIDs ahead of previous value
new relminmxid: 27765, which is 4915 MXIDs ahead of previous value
index scan not needed: 0 pages from table (100.00% of total) had 0 dead item identifiers removed
I/O timings: read: 0.951 ms, write: 0.000 ms
avg read rate: 7.200 MB/s, avg write rate: 0.000 MB/s
buffer usage: 19 hits, 1 misses, 0 dirtied
WAL usage: 0 records, 0 full page images, 0 bytes
system usage: CPU: user: 0.00 s, system: 0.00 s, elapsed: 0.00 s
psql:vacuum_30Oct_2.sql:8: INFO:  analyzing "pspadm.psp_pstub_paid_timeoff_item_p0"
psql:vacuum_30Oct_2.sql:8: INFO:  "psp_pstub_paid_timeoff_item_p0": scanned 30000 of 5934349 pages, containing 1073131 live rows and 3348 dead rows; 30000 rows in sample, 212277796 estimated total rows
VACUUM
Time: 35730.548 ms (00:35.731)
vacuum(analyze, verbose) pspadm.psp_qbdt_payline_info_p3;
psql:vacuum_30Oct_2.sql:9: INFO:  aggressively vacuuming "pspapg02.pspadm.psp_qbdt_payline_info_p3"
psql:vacuum_30Oct_2.sql:9: INFO:  launched 5 parallel vacuum workers for index cleanup (planned: 5)
psql:vacuum_30Oct_2.sql:9: INFO:  finished vacuuming "pspapg02.pspadm.psp_qbdt_payline_info_p3": index scans: 0
pages: 0 removed, 5202446 remain, 49790 scanned (0.96% of total)
tuples: 3791 removed, 177238400 remain, 0 are dead but not yet removable
removable cutoff: 3769720510, which was 281 XIDs old when operation ended
new relfrozenxid: 3719737346, which is 138504048 XIDs ahead of previous value
new relminmxid: 27765, which is 7685 MXIDs ahead of previous value
index scan bypassed: 33518 pages from table (0.64% of total) have 129933 dead item identifiers
I/O timings: read: 2615.942 ms, write: 0.000 ms
avg read rate: 3.023 MB/s, avg write rate: 0.000 MB/s
buffer usage: 66793 hits, 1434 misses, 0 dirtied
WAL usage: 0 records, 0 full page images, 0 bytes
system usage: CPU: user: 0.53 s, system: 0.59 s, elapsed: 3.70 s
psql:vacuum_30Oct_2.sql:9: INFO:  vacuuming "pspapg02.pg_toast.pg_toast_199140"
psql:vacuum_30Oct_2.sql:9: INFO:  finished vacuuming "pspapg02.pg_toast.pg_toast_199140": index scans: 0
pages: 0 removed, 0 remain, 0 scanned (100.00% of total)
tuples: 0 removed, 0 remain, 0 are dead but not yet removable
removable cutoff: 3769720510, which was 281 XIDs old when operation ended
new relfrozenxid: 3769720510, which is 88477326 XIDs ahead of previous value
new relminmxid: 27765, which is 4912 MXIDs ahead of previous value
index scan not needed: 0 pages from table (100.00% of total) had 0 dead item identifiers removed
I/O timings: read: 0.910 ms, write: 0.000 ms
avg read rate: 7.469 MB/s, avg write rate: 0.000 MB/s
buffer usage: 19 hits, 1 misses, 0 dirtied
WAL usage: 0 records, 0 full page images, 0 bytes
system usage: CPU: user: 0.00 s, system: 0.00 s, elapsed: 0.00 s
psql:vacuum_30Oct_2.sql:9: INFO:  analyzing "pspadm.psp_qbdt_payline_info_p3"
psql:vacuum_30Oct_2.sql:9: INFO:  "psp_qbdt_payline_info_p3": scanned 30000 of 5202446 pages, containing 1024259 live rows and 749 dead rows; 30000 rows in sample, 177621738 estimated total rows
VACUUM
Time: 34994.557 ms (00:34.995)
vacuum(analyze, verbose) pspadm.psp_pstub_paid_timeoff_item_p1;
psql:vacuum_30Oct_2.sql:10: INFO:  aggressively vacuuming "pspapg02.pspadm.psp_pstub_paid_timeoff_item_p1"
psql:vacuum_30Oct_2.sql:10: INFO:  launched 2 parallel vacuum workers for index cleanup (planned: 2)
psql:vacuum_30Oct_2.sql:10: INFO:  finished vacuuming "pspapg02.pspadm.psp_pstub_paid_timeoff_item_p1": index scans: 0
pages: 0 removed, 5957639 remain, 101895 scanned (1.71% of total)
tuples: 172684 removed, 212483679 remain, 0 are dead but not yet removable
removable cutoff: 3769721627, which was 249 XIDs old when operation ended
new relfrozenxid: 3719724021, which is 138489036 XIDs ahead of previous value
new relminmxid: 27765, which is 7685 MXIDs ahead of previous value
index scan bypassed: 77231 pages from table (1.30% of total) have 613186 dead item identifiers
I/O timings: read: 3967.046 ms, write: 0.000 ms
avg read rate: 2.281 MB/s, avg write rate: 0.000 MB/s
buffer usage: 127736 hits, 1586 misses, 0 dirtied
WAL usage: 0 records, 0 full page images, 0 bytes
system usage: CPU: user: 0.91 s, system: 0.62 s, elapsed: 5.43 s
psql:vacuum_30Oct_2.sql:10: INFO:  vacuuming "pspapg02.pg_toast.pg_toast_199555"
psql:vacuum_30Oct_2.sql:10: INFO:  finished vacuuming "pspapg02.pg_toast.pg_toast_199555": index scans: 0
pages: 0 removed, 0 remain, 0 scanned (100.00% of total)
tuples: 0 removed, 0 remain, 0 are dead but not yet removable
removable cutoff: 3769721870, which was 6 XIDs old when operation ended
new relfrozenxid: 3769721870, which is 88528653 XIDs ahead of previous value
new relminmxid: 27765, which is 4923 MXIDs ahead of previous value
index scan not needed: 0 pages from table (100.00% of total) had 0 dead item identifiers removed
I/O timings: read: 0.805 ms, write: 0.000 ms
avg read rate: 8.410 MB/s, avg write rate: 0.000 MB/s
buffer usage: 19 hits, 1 misses, 0 dirtied
WAL usage: 0 records, 0 full page images, 0 bytes
system usage: CPU: user: 0.00 s, system: 0.00 s, elapsed: 0.00 s
psql:vacuum_30Oct_2.sql:10: INFO:  analyzing "pspadm.psp_pstub_paid_timeoff_item_p1"
psql:vacuum_30Oct_2.sql:10: INFO:  "psp_pstub_paid_timeoff_item_p1": scanned 30000 of 5957639 pages, containing 1073285 live rows and 3315 dead rows; 30000 rows in sample, 213141486 estimated total rows
VACUUM
Time: 36199.852 ms (00:36.200)
vacuum(analyze, verbose) pspadm.psp_qbdt_payline_info_p11;
psql:vacuum_30Oct_2.sql:11: INFO:  aggressively vacuuming "pspapg02.pspadm.psp_qbdt_payline_info_p11"
psql:vacuum_30Oct_2.sql:11: INFO:  launched 5 parallel vacuum workers for index cleanup (planned: 5)
psql:vacuum_30Oct_2.sql:11: INFO:  finished vacuuming "pspapg02.pspadm.psp_qbdt_payline_info_p11": index scans: 0
pages: 0 removed, 5266710 remain, 47571 scanned (0.90% of total)
tuples: 3892 removed, 180132591 remain, 0 are dead but not yet removable
removable cutoff: 3769722385, which was 104 XIDs old when operation ended
new relfrozenxid: 3719742063, which is 138504293 XIDs ahead of previous value
new relminmxid: 27765, which is 7685 MXIDs ahead of previous value
index scan bypassed: 31647 pages from table (0.60% of total) have 122926 dead item identifiers
I/O timings: read: 2560.864 ms, write: 0.000 ms
avg read rate: 3.130 MB/s, avg write rate: 0.000 MB/s
buffer usage: 64215 hits, 1460 misses, 0 dirtied
WAL usage: 0 records, 0 full page images, 0 bytes
system usage: CPU: user: 0.47 s, system: 0.64 s, elapsed: 3.64 s
psql:vacuum_30Oct_2.sql:11: INFO:  vacuuming "pspapg02.pg_toast.pg_toast_199188"
psql:vacuum_30Oct_2.sql:11: INFO:  finished vacuuming "pspapg02.pg_toast.pg_toast_199188": index scans: 0
pages: 0 removed, 0 remain, 0 scanned (100.00% of total)
tuples: 0 removed, 0 remain, 0 are dead but not yet removable
removable cutoff: 3769722388, which was 101 XIDs old when operation ended
new relfrozenxid: 3769722388, which is 88479204 XIDs ahead of previous value
new relminmxid: 27765, which is 4912 MXIDs ahead of previous value
index scan not needed: 0 pages from table (100.00% of total) had 0 dead item identifiers removed
I/O timings: read: 0.983 ms, write: 0.000 ms
avg read rate: 7.032 MB/s, avg write rate: 0.000 MB/s
buffer usage: 19 hits, 1 misses, 0 dirtied
WAL usage: 0 records, 0 full page images, 0 bytes
system usage: CPU: user: 0.00 s, system: 0.00 s, elapsed: 0.00 s
psql:vacuum_30Oct_2.sql:11: INFO:  analyzing "pspadm.psp_qbdt_payline_info_p11"
psql:vacuum_30Oct_2.sql:11: INFO:  "psp_qbdt_payline_info_p11": scanned 30000 of 5266710 pages, containing 1027215 live rows and 636 dead rows; 30000 rows in sample, 180334784 estimated total rows
VACUUM
Time: 35003.777 ms (00:35.004)
