Timing is on.
vacuum(analyze, verbose) pspadm.psp_paycheck_usage_2022;
psql:vacuum_30Oct.sql:2: INFO:  aggressively vacuuming "pspapg02.pspadm.psp_paycheck_usage_2022"
psql:vacuum_30Oct.sql:2: INFO:  launched 6 parallel vacuum workers for index cleanup (planned: 6)
psql:vacuum_30Oct.sql:2: INFO:  finished vacuuming "pspapg02.pspadm.psp_paycheck_usage_2022": index scans: 0
pages: 0 removed, 3881704 remain, 14 scanned (0.00% of total)
tuples: 0 removed, 116382592 remain, 0 are dead but not yet removable
removable cutoff: 3769640888, which was 156 XIDs old when operation ended
new relfrozenxid: 3769640888, which is 199275726 XIDs ahead of previous value
new relminmxid: 27765, which is 8705 MXIDs ahead of previous value
index scan bypassed: 13 pages from table (0.00% of total) have 45 dead item identifiers
I/O timings: read: 1126.256 ms, write: 0.000 ms
avg read rate: 4.597 MB/s, avg write rate: 0.000 MB/s
buffer usage: 396 hits, 1081 misses, 0 dirtied
WAL usage: 0 records, 0 full page images, 0 bytes
system usage: CPU: user: 0.13 s, system: 0.58 s, elapsed: 1.83 s
psql:vacuum_30Oct.sql:2: INFO:  vacuuming "pspapg02.pg_toast.pg_toast_199773"
psql:vacuum_30Oct.sql:2: INFO:  finished vacuuming "pspapg02.pg_toast.pg_toast_199773": index scans: 0
pages: 0 removed, 0 remain, 0 scanned (100.00% of total)
tuples: 0 removed, 0 remain, 0 are dead but not yet removable
removable cutoff: 3769640978, which was 66 XIDs old when operation ended
new relfrozenxid: 3769640978, which is 143226915 XIDs ahead of previous value
new relminmxid: 27765, which is 7812 MXIDs ahead of previous value
index scan not needed: 0 pages from table (100.00% of total) had 0 dead item identifiers removed
I/O timings: read: 0.936 ms, write: 0.000 ms
avg read rate: 7.174 MB/s, avg write rate: 0.000 MB/s
buffer usage: 26 hits, 1 misses, 0 dirtied
WAL usage: 0 records, 0 full page images, 0 bytes
system usage: CPU: user: 0.00 s, system: 0.00 s, elapsed: 0.00 s
psql:vacuum_30Oct.sql:2: INFO:  analyzing "pspadm.psp_paycheck_usage_2022"
psql:vacuum_30Oct.sql:2: INFO:  "psp_paycheck_usage_2022": scanned 30000 of 3881704 pages, containing 899556 live rows and 0 dead rows; 30000 rows in sample, 116393671 estimated total rows
VACUUM
Time: 32721.824 ms (00:32.722)
