Timing is on.
vacuum (analyze, verbose) pspadm.psp_company_event_detail_p0;
psql:vacuum_30Oct_4.sql:2: INFO:  vacuuming "pspapg02.pspadm.psp_company_event_detail_p0"
psql:vacuum_30Oct_4.sql:2: INFO:  launched 4 parallel vacuum workers for index cleanup (planned: 4)
psql:vacuum_30Oct_4.sql:2: INFO:  finished vacuuming "pspapg02.pspadm.psp_company_event_detail_p0": index scans: 0
pages: 0 removed, 15343817 remain, 164320 scanned (1.07% of total)
tuples: 47 removed, 487758934 remain, 0 are dead but not yet removable
removable cutoff: 3769874078, which was 1778 XIDs old when operation ended
index scan bypassed: 145 pages from table (0.00% of total) have 160 dead item identifiers
I/O timings: read: 8303.325 ms, write: 0.000 ms
avg read rate: 2.908 MB/s, avg write rate: 0.000 MB/s
buffer usage: 331193 hits, 3984 misses, 0 dirtied
WAL usage: 0 records, 0 full page images, 0 bytes
system usage: CPU: user: 1.96 s, system: 0.58 s, elapsed: 10.70 s
psql:vacuum_30Oct_4.sql:2: INFO:  vacuuming "pspapg02.pg_toast.pg_toast_198727"
psql:vacuum_30Oct_4.sql:2: INFO:  finished vacuuming "pspapg02.pg_toast.pg_toast_198727": index scans: 0
pages: 0 removed, 262 remain, 1 scanned (0.38% of total)
tuples: 0 removed, 1429 remain, 0 are dead but not yet removable
removable cutoff: 3769875756, which was 100 XIDs old when operation ended
new relfrozenxid: 3769875756, which is 73734724 XIDs ahead of previous value
new relminmxid: 27769, which is 2161 MXIDs ahead of previous value
index scan not needed: 0 pages from table (0.00% of total) had 0 dead item identifiers removed
I/O timings: read: 6.151 ms, write: 0.000 ms
avg read rate: 7.371 MB/s, avg write rate: 0.000 MB/s
buffer usage: 25 hits, 6 misses, 0 dirtied
WAL usage: 0 records, 0 full page images, 0 bytes
system usage: CPU: user: 0.00 s, system: 0.00 s, elapsed: 0.00 s
psql:vacuum_30Oct_4.sql:2: INFO:  analyzing "pspadm.psp_company_event_detail_p0"
psql:vacuum_30Oct_4.sql:2: INFO:  "psp_company_event_detail_p0": scanned 30000 of 15343817 pages, containing 953835 live rows and 0 dead rows; 30000 rows in sample, 487848990 estimated total rows
VACUUM
Time: 43155.765 ms (00:43.156)
vacuum (analyze, verbose) pspadm.psp_company_event_detail_p1;
psql:vacuum_30Oct_4.sql:3: INFO:  vacuuming "pspapg02.pspadm.psp_company_event_detail_p1"
psql:vacuum_30Oct_4.sql:3: INFO:  launched 4 parallel vacuum workers for index cleanup (planned: 4)
psql:vacuum_30Oct_4.sql:3: INFO:  finished vacuuming "pspapg02.pspadm.psp_company_event_detail_p1": index scans: 0
pages: 0 removed, 15384590 remain, 15224 scanned (0.10% of total)
tuples: 52 removed, 488987083 remain, 0 are dead but not yet removable
removable cutoff: 3769876684, which was 349 XIDs old when operation ended
index scan bypassed: 3362 pages from table (0.02% of total) have 18959 dead item identifiers
I/O timings: read: 4683.023 ms, write: 0.000 ms
avg read rate: 5.717 MB/s, avg write rate: 0.000 MB/s
buffer usage: 28532 hits, 4256 misses, 0 dirtied
WAL usage: 0 records, 0 full page images, 0 bytes
system usage: CPU: user: 0.55 s, system: 0.63 s, elapsed: 5.81 s
psql:vacuum_30Oct_4.sql:3: INFO:  vacuuming "pspapg02.pg_toast.pg_toast_198733"
psql:vacuum_30Oct_4.sql:3: INFO:  finished vacuuming "pspapg02.pg_toast.pg_toast_198733": index scans: 0
pages: 0 removed, 314 remain, 1 scanned (0.32% of total)
tuples: 0 removed, 1556 remain, 0 are dead but not yet removable
removable cutoff: 3769876851, which was 182 XIDs old when operation ended
new relfrozenxid: 3769876851, which is 88057882 XIDs ahead of previous value
new relminmxid: 27769, which is 4894 MXIDs ahead of previous value
index scan not needed: 0 pages from table (0.00% of total) had 0 dead item identifiers removed
I/O timings: read: 6.377 ms, write: 0.000 ms
avg read rate: 7.120 MB/s, avg write rate: 0.000 MB/s
buffer usage: 23 hits, 6 misses, 0 dirtied
WAL usage: 0 records, 0 full page images, 0 bytes
system usage: CPU: user: 0.00 s, system: 0.00 s, elapsed: 0.00 s
psql:vacuum_30Oct_4.sql:3: INFO:  analyzing "pspadm.psp_company_event_detail_p1"
psql:vacuum_30Oct_4.sql:3: INFO:  "psp_company_event_detail_p1": scanned 30000 of 15384590 pages, containing 954272 live rows and 69 dead rows; 30000 rows in sample, 489369449 estimated total rows
VACUUM
Time: 37573.290 ms (00:37.573)
vacuum (analyze, verbose) pspadm.psp_company_event_detail_p2;
psql:vacuum_30Oct_4.sql:4: INFO:  vacuuming "pspapg02.pspadm.psp_company_event_detail_p2"
psql:vacuum_30Oct_4.sql:4: INFO:  launched 4 parallel vacuum workers for index cleanup (planned: 4)
psql:vacuum_30Oct_4.sql:4: INFO:  finished vacuuming "pspapg02.pspadm.psp_company_event_detail_p2": index scans: 0
pages: 0 removed, 15218710 remain, 15183 scanned (0.10% of total)
tuples: 56 removed, 483958659 remain, 0 are dead but not yet removable
removable cutoff: 3769877853, which was 354 XIDs old when operation ended
index scan bypassed: 3552 pages from table (0.02% of total) have 29109 dead item identifiers
I/O timings: read: 4648.579 ms, write: 0.000 ms
avg read rate: 5.700 MB/s, avg write rate: 0.000 MB/s
buffer usage: 28223 hits, 4210 misses, 0 dirtied
WAL usage: 0 records, 0 full page images, 0 bytes
system usage: CPU: user: 0.52 s, system: 0.65 s, elapsed: 5.77 s
psql:vacuum_30Oct_4.sql:4: INFO:  vacuuming "pspapg02.pg_toast.pg_toast_198739"
psql:vacuum_30Oct_4.sql:4: INFO:  finished vacuuming "pspapg02.pg_toast.pg_toast_198739": index scans: 0
pages: 0 removed, 286 remain, 3 scanned (1.05% of total)
tuples: 0 removed, 1416 remain, 0 are dead but not yet removable
removable cutoff: 3769877883, which was 324 XIDs old when operation ended
new relfrozenxid: 3748022505, which is 66154646 XIDs ahead of previous value
new relminmxid: 27769, which is 4894 MXIDs ahead of previous value
index scan not needed: 0 pages from table (0.00% of total) had 0 dead item identifiers removed
I/O timings: read: 7.552 ms, write: 0.000 ms
avg read rate: 6.034 MB/s, avg write rate: 0.000 MB/s
buffer usage: 27 hits, 6 misses, 0 dirtied
WAL usage: 0 records, 0 full page images, 0 bytes
system usage: CPU: user: 0.00 s, system: 0.00 s, elapsed: 0.00 s
psql:vacuum_30Oct_4.sql:4: INFO:  analyzing "pspadm.psp_company_event_detail_p2"
psql:vacuum_30Oct_4.sql:4: INFO:  "psp_company_event_detail_p2": scanned 30000 of 15218710 pages, containing 953785 live rows and 105 dead rows; 30000 rows in sample, 483845911 estimated total rows
VACUUM
Time: 37541.117 ms (00:37.541)
vacuum (analyze, verbose) pspadm.psp_company_event_detail_p3;
psql:vacuum_30Oct_4.sql:5: INFO:  vacuuming "pspapg02.pspadm.psp_company_event_detail_p3"
psql:vacuum_30Oct_4.sql:5: INFO:  launched 4 parallel vacuum workers for index cleanup (planned: 4)
psql:vacuum_30Oct_4.sql:5: INFO:  finished vacuuming "pspapg02.pspadm.psp_company_event_detail_p3": index scans: 0
pages: 0 removed, 15302680 remain, 14735 scanned (0.10% of total)
tuples: 39 removed, 486321259 remain, 0 are dead but not yet removable
removable cutoff: 3769880218, which was 670 XIDs old when operation ended
index scan bypassed: 3190 pages from table (0.02% of total) have 16794 dead item identifiers
I/O timings: read: 4648.414 ms, write: 0.000 ms
avg read rate: 5.727 MB/s, avg write rate: 0.000 MB/s
buffer usage: 27722 hits, 4234 misses, 0 dirtied
WAL usage: 0 records, 0 full page images, 0 bytes
system usage: CPU: user: 0.53 s, system: 0.64 s, elapsed: 5.77 s
psql:vacuum_30Oct_4.sql:5: INFO:  vacuuming "pspapg02.pg_toast.pg_toast_198745"
psql:vacuum_30Oct_4.sql:5: INFO:  finished vacuuming "pspapg02.pg_toast.pg_toast_198745": index scans: 0
pages: 0 removed, 321 remain, 1 scanned (0.31% of total)
tuples: 0 removed, 1486 remain, 0 are dead but not yet removable
removable cutoff: 3769880218, which was 670 XIDs old when operation ended
new relfrozenxid: 3769880218, which is 88061249 XIDs ahead of previous value
new relminmxid: 27769, which is 4894 MXIDs ahead of previous value
index scan not needed: 0 pages from table (0.00% of total) had 0 dead item identifiers removed
I/O timings: read: 6.777 ms, write: 0.000 ms
avg read rate: 6.745 MB/s, avg write rate: 0.000 MB/s
buffer usage: 23 hits, 6 misses, 0 dirtied
WAL usage: 0 records, 0 full page images, 0 bytes
system usage: CPU: user: 0.00 s, system: 0.00 s, elapsed: 0.00 s
psql:vacuum_30Oct_4.sql:5: INFO:  analyzing "pspadm.psp_company_event_detail_p3"
psql:vacuum_30Oct_4.sql:5: INFO:  "psp_company_event_detail_p3": scanned 30000 of 15302680 pages, containing 953612 live rows and 24 dead rows; 30000 rows in sample, 486427309 estimated total rows
VACUUM
Time: 37449.217 ms (00:37.449)
vacuum (analyze, verbose) pspadm.psp_company_event_detail_p4;
psql:vacuum_30Oct_4.sql:6: INFO:  vacuuming "pspapg02.pspadm.psp_company_event_detail_p4"
psql:vacuum_30Oct_4.sql:6: INFO:  launched 4 parallel vacuum workers for index cleanup (planned: 4)
psql:vacuum_30Oct_4.sql:6: INFO:  finished vacuuming "pspapg02.pspadm.psp_company_event_detail_p4": index scans: 0
pages: 0 removed, 15369249 remain, 176336 scanned (1.15% of total)
tuples: 42 removed, 488505501 remain, 0 are dead but not yet removable
removable cutoff: 3769881552, which was 264 XIDs old when operation ended
index scan bypassed: 142 pages from table (0.00% of total) have 160 dead item identifiers
I/O timings: read: 8775.311 ms, write: 0.000 ms
avg read rate: 2.747 MB/s, avg write rate: 0.000 MB/s
buffer usage: 355376 hits, 3965 misses, 0 dirtied
WAL usage: 0 records, 0 full page images, 0 bytes
system usage: CPU: user: 2.02 s, system: 0.62 s, elapsed: 11.27 s
psql:vacuum_30Oct_4.sql:6: INFO:  vacuuming "pspapg02.pg_toast.pg_toast_198751"
psql:vacuum_30Oct_4.sql:6: INFO:  finished vacuuming "pspapg02.pg_toast.pg_toast_198751": index scans: 0
pages: 0 removed, 229 remain, 1 scanned (0.44% of total)
tuples: 0 removed, 1252 remain, 0 are dead but not yet removable
removable cutoff: 3769881710, which was 107 XIDs old when operation ended
new relfrozenxid: 3769881710, which is 73740678 XIDs ahead of previous value
new relminmxid: 27769, which is 2164 MXIDs ahead of previous value
index scan not needed: 0 pages from table (0.00% of total) had 0 dead item identifiers removed
I/O timings: read: 5.252 ms, write: 0.000 ms
avg read rate: 8.628 MB/s, avg write rate: 0.000 MB/s
buffer usage: 23 hits, 6 misses, 0 dirtied
WAL usage: 0 records, 0 full page images, 0 bytes
system usage: CPU: user: 0.00 s, system: 0.00 s, elapsed: 0.00 s
psql:vacuum_30Oct_4.sql:6: INFO:  analyzing "pspadm.psp_company_event_detail_p4"
psql:vacuum_30Oct_4.sql:6: INFO:  "psp_company_event_detail_p4": scanned 30000 of 15369249 pages, containing 954251 live rows and 0 dead rows; 30000 rows in sample, 488870708 estimated total rows
VACUUM
Time: 43727.814 ms (00:43.728)
vacuum (analyze, verbose) pspadm.psp_company_event_detail_p5;
psql:vacuum_30Oct_4.sql:7: INFO:  vacuuming "pspapg02.pspadm.psp_company_event_detail_p5"
psql:vacuum_30Oct_4.sql:7: INFO:  launched 4 parallel vacuum workers for index cleanup (planned: 4)
psql:vacuum_30Oct_4.sql:7: INFO:  finished vacuuming "pspapg02.pspadm.psp_company_event_detail_p5": index scans: 0
pages: 0 removed, 15427077 remain, 15095 scanned (0.10% of total)
tuples: 32 removed, 490035589 remain, 0 are dead but not yet removable
removable cutoff: 3769882866, which was 242 XIDs old when operation ended
index scan bypassed: 3280 pages from table (0.02% of total) have 18465 dead item identifiers
I/O timings: read: 4881.234 ms, write: 0.000 ms
avg read rate: 5.546 MB/s, avg write rate: 0.000 MB/s
buffer usage: 28369 hits, 4268 misses, 0 dirtied
WAL usage: 0 records, 0 full page images, 0 bytes
system usage: CPU: user: 0.60 s, system: 0.57 s, elapsed: 6.01 s
psql:vacuum_30Oct_4.sql:7: INFO:  vacuuming "pspapg02.pg_toast.pg_toast_198757"
psql:vacuum_30Oct_4.sql:7: INFO:  finished vacuuming "pspapg02.pg_toast.pg_toast_198757": index scans: 0
pages: 0 removed, 223 remain, 1 scanned (0.45% of total)
tuples: 0 removed, 1117 remain, 0 are dead but not yet removable
removable cutoff: 3769883015, which was 93 XIDs old when operation ended
new relfrozenxid: 3769883015, which is 88015156 XIDs ahead of previous value
new relminmxid: 27769, which is 4894 MXIDs ahead of previous value
index scan not needed: 0 pages from table (0.00% of total) had 0 dead item identifiers removed
I/O timings: read: 7.159 ms, write: 0.000 ms
avg read rate: 6.385 MB/s, avg write rate: 0.000 MB/s
buffer usage: 23 hits, 6 misses, 0 dirtied
WAL usage: 0 records, 0 full page images, 0 bytes
system usage: CPU: user: 0.00 s, system: 0.00 s, elapsed: 0.00 s
psql:vacuum_30Oct_4.sql:7: INFO:  analyzing "pspadm.psp_company_event_detail_p5"
psql:vacuum_30Oct_4.sql:7: INFO:  "psp_company_event_detail_p5": scanned 30000 of 15427077 pages, containing 952927 live rows and 13 dead rows; 30000 rows in sample, 490029273 estimated total rows
VACUUM
Time: 37655.356 ms (00:37.655)
vacuum (analyze, verbose) pspadm.psp_company_event_detail_p6;
psql:vacuum_30Oct_4.sql:8: INFO:  vacuuming "pspapg02.pspadm.psp_company_event_detail_p6"
psql:vacuum_30Oct_4.sql:8: INFO:  launched 4 parallel vacuum workers for index cleanup (planned: 4)
psql:vacuum_30Oct_4.sql:8: INFO:  finished vacuuming "pspapg02.pspadm.psp_company_event_detail_p6": index scans: 0
pages: 0 removed, 15146294 remain, 14011 scanned (0.09% of total)
tuples: 52 removed, 481375969 remain, 0 are dead but not yet removable
removable cutoff: 3769883439, which was 404 XIDs old when operation ended
index scan bypassed: 2996 pages from table (0.02% of total) have 16731 dead item identifiers
I/O timings: read: 4701.127 ms, write: 0.000 ms
avg read rate: 5.632 MB/s, avg write rate: 0.000 MB/s
buffer usage: 26385 hits, 4191 misses, 0 dirtied
WAL usage: 0 records, 0 full page images, 0 bytes
system usage: CPU: user: 0.54 s, system: 0.61 s, elapsed: 5.81 s
psql:vacuum_30Oct_4.sql:8: INFO:  vacuuming "pspapg02.pg_toast.pg_toast_198763"
psql:vacuum_30Oct_4.sql:8: INFO:  finished vacuuming "pspapg02.pg_toast.pg_toast_198763": index scans: 0
pages: 0 removed, 243 remain, 2 scanned (0.82% of total)
tuples: 0 removed, 1208 remain, 0 are dead but not yet removable
removable cutoff: 3769883439, which was 404 XIDs old when operation ended
new relfrozenxid: 3769883439, which is 88015580 XIDs ahead of previous value
new relminmxid: 27769, which is 4894 MXIDs ahead of previous value
index scan not needed: 0 pages from table (0.00% of total) had 0 dead item identifiers removed
I/O timings: read: 8.025 ms, write: 0.000 ms
avg read rate: 5.687 MB/s, avg write rate: 0.000 MB/s
buffer usage: 25 hits, 6 misses, 0 dirtied
WAL usage: 0 records, 0 full page images, 0 bytes
system usage: CPU: user: 0.00 s, system: 0.00 s, elapsed: 0.00 s
psql:vacuum_30Oct_4.sql:8: INFO:  analyzing "pspadm.psp_company_event_detail_p6"
psql:vacuum_30Oct_4.sql:8: INFO:  "psp_company_event_detail_p6": scanned 30000 of 15146294 pages, containing 953397 live rows and 4 dead rows; 30000 rows in sample, 481347709 estimated total rows
VACUUM
Time: 37260.558 ms (00:37.261)
vacuum (analyze, verbose) pspadm.psp_company_event_detail_p7;
psql:vacuum_30Oct_4.sql:9: INFO:  vacuuming "pspapg02.pspadm.psp_company_event_detail_p7"
psql:vacuum_30Oct_4.sql:9: INFO:  launched 4 parallel vacuum workers for index cleanup (planned: 4)
psql:vacuum_30Oct_4.sql:9: INFO:  finished vacuuming "pspapg02.pspadm.psp_company_event_detail_p7": index scans: 0
pages: 0 removed, 15304470 remain, 15741 scanned (0.10% of total)
tuples: 48 removed, 486850873 remain, 0 are dead but not yet removable
removable cutoff: 3769885841, which was 178 XIDs old when operation ended
index scan bypassed: 3126 pages from table (0.02% of total) have 17022 dead item identifiers
I/O timings: read: 4795.746 ms, write: 0.000 ms
avg read rate: 5.578 MB/s, avg write rate: 0.000 MB/s
buffer usage: 29721 hits, 4235 misses, 0 dirtied
WAL usage: 0 records, 0 full page images, 0 bytes
system usage: CPU: user: 0.58 s, system: 0.60 s, elapsed: 5.93 s
psql:vacuum_30Oct_4.sql:9: INFO:  vacuuming "pspapg02.pg_toast.pg_toast_198769"
psql:vacuum_30Oct_4.sql:9: INFO:  finished vacuuming "pspapg02.pg_toast.pg_toast_198769": index scans: 0
pages: 0 removed, 309 remain, 1 scanned (0.32% of total)
tuples: 0 removed, 1500 remain, 0 are dead but not yet removable
removable cutoff: 3769885948, which was 71 XIDs old when operation ended
new relfrozenxid: 3769885948, which is 93155312 XIDs ahead of previous value
new relminmxid: 27769, which is 5182 MXIDs ahead of previous value
index scan not needed: 0 pages from table (0.00% of total) had 0 dead item identifiers removed
I/O timings: read: 7.499 ms, write: 0.000 ms
avg read rate: 6.077 MB/s, avg write rate: 0.000 MB/s
buffer usage: 23 hits, 6 misses, 0 dirtied
WAL usage: 0 records, 0 full page images, 0 bytes
system usage: CPU: user: 0.00 s, system: 0.00 s, elapsed: 0.00 s
psql:vacuum_30Oct_4.sql:9: INFO:  analyzing "pspadm.psp_company_event_detail_p7"
psql:vacuum_30Oct_4.sql:9: INFO:  "psp_company_event_detail_p7": scanned 30000 of 15304470 pages, containing 953822 live rows and 7 dead rows; 30000 rows in sample, 486591339 estimated total rows
VACUUM
Time: 37639.194 ms (00:37.639)
vacuum (analyze, verbose) pspadm.psp_company_event_email_param_p0;
psql:vacuum_30Oct_4.sql:10: INFO:  vacuuming "pspapg02.pspadm.psp_company_event_email_param_p0"
psql:vacuum_30Oct_4.sql:10: INFO:  launched 3 parallel vacuum workers for index cleanup (planned: 3)
psql:vacuum_30Oct_4.sql:10: INFO:  finished vacuuming "pspapg02.pspadm.psp_company_event_email_param_p0": index scans: 0
pages: 0 removed, 12638486 remain, 42193 scanned (0.33% of total)
tuples: 0 removed, 439088614 remain, 0 are dead but not yet removable
removable cutoff: 3769886714, which was 351 XIDs old when operation ended
index scan bypassed: 1 pages from table (0.00% of total) have 2 dead item identifiers
I/O timings: read: 4536.554 ms, write: 0.000 ms
avg read rate: 4.177 MB/s, avg write rate: 0.000 MB/s
buffer usage: 86321 hits, 3132 misses, 0 dirtied
WAL usage: 0 records, 0 full page images, 0 bytes
system usage: CPU: user: 0.78 s, system: 0.59 s, elapsed: 5.85 s
psql:vacuum_30Oct_4.sql:10: INFO:  vacuuming "pspapg02.pg_toast.pg_toast_198779"
psql:vacuum_30Oct_4.sql:10: INFO:  finished vacuuming "pspapg02.pg_toast.pg_toast_198779": index scans: 0
pages: 0 removed, 2693 remain, 9 scanned (0.33% of total)
tuples: 0 removed, 14044 remain, 0 are dead but not yet removable
removable cutoff: 3769887009, which was 56 XIDs old when operation ended
index scan not needed: 0 pages from table (0.00% of total) had 0 dead item identifiers removed
I/O timings: read: 8.074 ms, write: 0.000 ms
avg read rate: 4.632 MB/s, avg write rate: 0.000 MB/s
buffer usage: 40 hits, 5 misses, 0 dirtied
WAL usage: 0 records, 0 full page images, 0 bytes
system usage: CPU: user: 0.00 s, system: 0.00 s, elapsed: 0.00 s
psql:vacuum_30Oct_4.sql:10: INFO:  analyzing "pspadm.psp_company_event_email_param_p0"
psql:vacuum_30Oct_4.sql:10: INFO:  "psp_company_event_email_param_p0": scanned 30000 of 12638486 pages, containing 1042417 live rows and 0 dead rows; 30000 rows in sample, 439152422 estimated total rows
VACUUM
Time: 37384.841 ms (00:37.385)
vacuum (analyze, verbose) pspadm.psp_company_event_email_param_p1;
psql:vacuum_30Oct_4.sql:11: INFO:  vacuuming "pspapg02.pspadm.psp_company_event_email_param_p1"
psql:vacuum_30Oct_4.sql:11: INFO:  launched 3 parallel vacuum workers for index cleanup (planned: 3)
psql:vacuum_30Oct_4.sql:11: INFO:  finished vacuuming "pspapg02.pspadm.psp_company_event_email_param_p1": index scans: 0
pages: 0 removed, 12713221 remain, 11814 scanned (0.09% of total)
tuples: 0 removed, 441823282 remain, 0 are dead but not yet removable
removable cutoff: 3769888305, which was 423 XIDs old when operation ended
index scan bypassed: 578 pages from table (0.00% of total) have 11736 dead item identifiers
I/O timings: read: 4029.762 ms, write: 0.000 ms
avg read rate: 5.405 MB/s, avg write rate: 0.000 MB/s
buffer usage: 23971 hits, 3517 misses, 0 dirtied
WAL usage: 0 records, 0 full page images, 0 bytes
system usage: CPU: user: 0.46 s, system: 0.63 s, elapsed: 5.08 s
psql:vacuum_30Oct_4.sql:11: INFO:  vacuuming "pspapg02.pg_toast.pg_toast_198785"
psql:vacuum_30Oct_4.sql:11: INFO:  finished vacuuming "pspapg02.pg_toast.pg_toast_198785": index scans: 0
pages: 0 removed, 2393 remain, 5 scanned (0.21% of total)
tuples: 0 removed, 11921 remain, 0 are dead but not yet removable
removable cutoff: 3769888305, which was 423 XIDs old when operation ended
index scan not needed: 0 pages from table (0.00% of total) had 0 dead item identifiers removed
I/O timings: read: 7.292 ms, write: 0.000 ms
avg read rate: 6.153 MB/s, avg write rate: 0.000 MB/s
buffer usage: 30 hits, 6 misses, 0 dirtied
WAL usage: 0 records, 0 full page images, 0 bytes
system usage: CPU: user: 0.00 s, system: 0.00 s, elapsed: 0.00 s
psql:vacuum_30Oct_4.sql:11: INFO:  analyzing "pspadm.psp_company_event_email_param_p1"
psql:vacuum_30Oct_4.sql:11: INFO:  "psp_company_event_email_param_p1": scanned 30000 of 12713221 pages, containing 1042500 live rows and 51 dead rows; 30000 rows in sample, 441784430 estimated total rows
VACUUM
Time: 36027.775 ms (00:36.028)
vacuum (analyze, verbose) pspadm.psp_company_event_email_param_p2;
psql:vacuum_30Oct_4.sql:12: INFO:  vacuuming "pspapg02.pspadm.psp_company_event_email_param_p2"
psql:vacuum_30Oct_4.sql:12: INFO:  launched 3 parallel vacuum workers for index cleanup (planned: 3)
psql:vacuum_30Oct_4.sql:12: INFO:  finished vacuuming "pspapg02.pspadm.psp_company_event_email_param_p2": index scans: 0
pages: 0 removed, 12540420 remain, 11431 scanned (0.09% of total)
tuples: 0 removed, 435951617 remain, 0 are dead but not yet removable
removable cutoff: 3769891192, which was 1180 XIDs old when operation ended
index scan bypassed: 682 pages from table (0.01% of total) have 13927 dead item identifiers
I/O timings: read: 3966.285 ms, write: 0.000 ms
avg read rate: 5.407 MB/s, avg write rate: 0.000 MB/s
buffer usage: 23071 hits, 3469 misses, 0 dirtied
WAL usage: 0 records, 0 full page images, 0 bytes
system usage: CPU: user: 0.51 s, system: 0.57 s, elapsed: 5.01 s
psql:vacuum_30Oct_4.sql:12: INFO:  vacuuming "pspapg02.pg_toast.pg_toast_198791"
psql:vacuum_30Oct_4.sql:12: INFO:  finished vacuuming "pspapg02.pg_toast.pg_toast_198791": index scans: 0
pages: 0 removed, 2036 remain, 2 scanned (0.10% of total)
tuples: 0 removed, 10008 remain, 0 are dead but not yet removable
removable cutoff: 3769891241, which was 1131 XIDs old when operation ended
index scan not needed: 0 pages from table (0.00% of total) had 0 dead item identifiers removed
I/O timings: read: 6.786 ms, write: 0.000 ms
avg read rate: 6.676 MB/s, avg write rate: 0.000 MB/s
buffer usage: 24 hits, 6 misses, 0 dirtied
WAL usage: 0 records, 0 full page images, 0 bytes
system usage: CPU: user: 0.00 s, system: 0.00 s, elapsed: 0.00 s
psql:vacuum_30Oct_4.sql:12: INFO:  analyzing "pspadm.psp_company_event_email_param_p2"
psql:vacuum_30Oct_4.sql:12: INFO:  "psp_company_event_email_param_p2": scanned 30000 of 12540420 pages, containing 1043132 live rows and 52 dead rows; 30000 rows in sample, 436043780 estimated total rows
VACUUM
Time: 35846.389 ms (00:35.846)
vacuum (analyze, verbose) pspadm.psp_company_event_email_param_p3;
psql:vacuum_30Oct_4.sql:13: INFO:  vacuuming "pspapg02.pspadm.psp_company_event_email_param_p3"
psql:vacuum_30Oct_4.sql:13: INFO:  launched 3 parallel vacuum workers for index cleanup (planned: 3)
psql:vacuum_30Oct_4.sql:13: INFO:  finished vacuuming "pspapg02.pspadm.psp_company_event_email_param_p3": index scans: 0
pages: 0 removed, 12679174 remain, 11593 scanned (0.09% of total)
tuples: 0 removed, 440618382 remain, 0 are dead but not yet removable
removable cutoff: 3769892683, which was 1934 XIDs old when operation ended
index scan bypassed: 602 pages from table (0.00% of total) have 12361 dead item identifiers
I/O timings: read: 3924.204 ms, write: 0.000 ms
avg read rate: 5.510 MB/s, avg write rate: 0.000 MB/s
buffer usage: 23505 hits, 3507 misses, 0 dirtied
WAL usage: 0 records, 0 full page images, 0 bytes
system usage: CPU: user: 0.49 s, system: 0.60 s, elapsed: 4.97 s
psql:vacuum_30Oct_4.sql:13: INFO:  vacuuming "pspapg02.pg_toast.pg_toast_198797"
psql:vacuum_30Oct_4.sql:13: INFO:  finished vacuuming "pspapg02.pg_toast.pg_toast_198797": index scans: 0
pages: 0 removed, 2290 remain, 10 scanned (0.44% of total)
tuples: 0 removed, 11112 remain, 0 are dead but not yet removable
removable cutoff: 3769892683, which was 1934 XIDs old when operation ended
index scan bypassed: 2 pages from table (0.09% of total) have 2 dead item identifiers
I/O timings: read: 7.561 ms, write: 0.000 ms
avg read rate: 4.920 MB/s, avg write rate: 0.000 MB/s
buffer usage: 40 hits, 5 misses, 0 dirtied
WAL usage: 0 records, 0 full page images, 0 bytes
system usage: CPU: user: 0.00 s, system: 0.00 s, elapsed: 0.00 s
psql:vacuum_30Oct_4.sql:13: INFO:  analyzing "pspadm.psp_company_event_email_param_p3"
psql:vacuum_30Oct_4.sql:13: INFO:  "psp_company_event_email_param_p3": scanned 30000 of 12679174 pages, containing 1042567 live rows and 0 dead rows; 30000 rows in sample, 440629613 estimated total rows
VACUUM
Time: 35797.454 ms (00:35.797)
vacuum (analyze, verbose) pspadm.psp_company_event_email_param_p4;
psql:vacuum_30Oct_4.sql:14: INFO:  vacuuming "pspapg02.pspadm.psp_company_event_email_param_p4"
psql:vacuum_30Oct_4.sql:14: INFO:  launched 3 parallel vacuum workers for index cleanup (planned: 3)
psql:vacuum_30Oct_4.sql:14: INFO:  finished vacuuming "pspapg02.pspadm.psp_company_event_email_param_p4": index scans: 0
pages: 0 removed, 12611843 remain, 11415 scanned (0.09% of total)
tuples: 0 removed, 438217542 remain, 0 are dead but not yet removable
removable cutoff: 3769895929, which was 144 XIDs old when operation ended
index scan bypassed: 553 pages from table (0.00% of total) have 11238 dead item identifiers
I/O timings: read: 4053.439 ms, write: 0.000 ms
avg read rate: 5.355 MB/s, avg write rate: 0.000 MB/s
buffer usage: 23194 hits, 3489 misses, 0 dirtied
WAL usage: 0 records, 0 full page images, 0 bytes
system usage: CPU: user: 0.48 s, system: 0.60 s, elapsed: 5.09 s
psql:vacuum_30Oct_4.sql:14: INFO:  vacuuming "pspapg02.pg_toast.pg_toast_198803"
psql:vacuum_30Oct_4.sql:14: INFO:  finished vacuuming "pspapg02.pg_toast.pg_toast_198803": index scans: 0
pages: 0 removed, 2473 remain, 8 scanned (0.32% of total)
tuples: 0 removed, 12336 remain, 0 are dead but not yet removable
removable cutoff: 3769896026, which was 47 XIDs old when operation ended
index scan not needed: 0 pages from table (0.00% of total) had 0 dead item identifiers removed
I/O timings: read: 6.516 ms, write: 0.000 ms
avg read rate: 5.691 MB/s, avg write rate: 0.000 MB/s
buffer usage: 37 hits, 5 misses, 0 dirtied
WAL usage: 0 records, 0 full page images, 0 bytes
system usage: CPU: user: 0.00 s, system: 0.00 s, elapsed: 0.00 s
psql:vacuum_30Oct_4.sql:14: INFO:  analyzing "pspadm.psp_company_event_email_param_p4"
psql:vacuum_30Oct_4.sql:14: INFO:  "psp_company_event_email_param_p4": scanned 30000 of 12611843 pages, containing 1042345 live rows and 0 dead rows; 30000 rows in sample, 438196383 estimated total rows
VACUUM
Time: 36084.488 ms (00:36.084)
vacuum (analyze, verbose) pspadm.psp_company_event_email_param_p5;
psql:vacuum_30Oct_4.sql:15: INFO:  vacuuming "pspapg02.pspadm.psp_company_event_email_param_p5"
psql:vacuum_30Oct_4.sql:15: INFO:  launched 3 parallel vacuum workers for index cleanup (planned: 3)
psql:vacuum_30Oct_4.sql:15: INFO:  finished vacuuming "pspapg02.pspadm.psp_company_event_email_param_p5": index scans: 0
pages: 0 removed, 12837378 remain, 12333 scanned (0.10% of total)
tuples: 0 removed, 446119068 remain, 0 are dead but not yet removable
removable cutoff: 3769896954, which was 543 XIDs old when operation ended
index scan bypassed: 595 pages from table (0.00% of total) have 12299 dead item identifiers
I/O timings: read: 4085.526 ms, write: 0.000 ms
avg read rate: 5.396 MB/s, avg write rate: 0.000 MB/s
buffer usage: 25007 hits, 3551 misses, 0 dirtied
WAL usage: 0 records, 0 full page images, 0 bytes
system usage: CPU: user: 0.45 s, system: 0.64 s, elapsed: 5.14 s
psql:vacuum_30Oct_4.sql:15: INFO:  vacuuming "pspapg02.pg_toast.pg_toast_198809"
psql:vacuum_30Oct_4.sql:15: INFO:  finished vacuuming "pspapg02.pg_toast.pg_toast_198809": index scans: 0
pages: 0 removed, 2103 remain, 7 scanned (0.33% of total)
tuples: 0 removed, 10092 remain, 0 are dead but not yet removable
removable cutoff: 3769897485, which was 13 XIDs old when operation ended
index scan bypassed: 1 pages from table (0.05% of total) have 2 dead item identifiers
I/O timings: read: 6.380 ms, write: 0.000 ms
avg read rate: 5.820 MB/s, avg write rate: 0.000 MB/s
buffer usage: 33 hits, 5 misses, 0 dirtied
WAL usage: 0 records, 0 full page images, 0 bytes
system usage: CPU: user: 0.00 s, system: 0.00 s, elapsed: 0.00 s
psql:vacuum_30Oct_4.sql:15: INFO:  analyzing "pspadm.psp_company_event_email_param_p5"
psql:vacuum_30Oct_4.sql:15: INFO:  "psp_company_event_email_param_p5": scanned 30000 of 12837378 pages, containing 1042829 live rows and 0 dead rows; 30000 rows in sample, 446239669 estimated total rows
VACUUM
Time: 36190.154 ms (00:36.190)
vacuum (analyze, verbose) pspadm.psp_company_event_email_param_p6;
psql:vacuum_30Oct_4.sql:16: INFO:  vacuuming "pspapg02.pspadm.psp_company_event_email_param_p6"
psql:vacuum_30Oct_4.sql:16: INFO:  launched 3 parallel vacuum workers for index cleanup (planned: 3)
psql:vacuum_30Oct_4.sql:16: INFO:  finished vacuuming "pspapg02.pspadm.psp_company_event_email_param_p6": index scans: 0
pages: 0 removed, 12426756 remain, 11078 scanned (0.09% of total)
tuples: 0 removed, 432052972 remain, 0 are dead but not yet removable
removable cutoff: 3769898097, which was 816 XIDs old when operation ended
index scan bypassed: 586 pages from table (0.00% of total) have 11467 dead item identifiers
I/O timings: read: 3892.063 ms, write: 0.000 ms
avg read rate: 5.448 MB/s, avg write rate: 0.000 MB/s
buffer usage: 22470 hits, 3438 misses, 0 dirtied
WAL usage: 0 records, 0 full page images, 0 bytes
system usage: CPU: user: 0.44 s, system: 0.63 s, elapsed: 4.92 s
psql:vacuum_30Oct_4.sql:16: INFO:  vacuuming "pspapg02.pg_toast.pg_toast_198815"
psql:vacuum_30Oct_4.sql:16: INFO:  finished vacuuming "pspapg02.pg_toast.pg_toast_198815": index scans: 0
pages: 0 removed, 2213 remain, 4 scanned (0.18% of total)
tuples: 0 removed, 10902 remain, 0 are dead but not yet removable
removable cutoff: 3769898097, which was 816 XIDs old when operation ended
index scan not needed: 0 pages from table (0.00% of total) had 0 dead item identifiers removed
I/O timings: read: 6.921 ms, write: 0.000 ms
avg read rate: 6.509 MB/s, avg write rate: 0.000 MB/s
buffer usage: 28 hits, 6 misses, 0 dirtied
WAL usage: 0 records, 0 full page images, 0 bytes
system usage: CPU: user: 0.00 s, system: 0.00 s, elapsed: 0.00 s
psql:vacuum_30Oct_4.sql:16: INFO:  analyzing "pspadm.psp_company_event_email_param_p6"
psql:vacuum_30Oct_4.sql:16: INFO:  "psp_company_event_email_param_p6": scanned 30000 of 12426756 pages, containing 1042711 live rows and 36 dead rows; 30000 rows in sample, 431917173 estimated total rows
VACUUM
Time: 35804.510 ms (00:35.805)
vacuum (analyze, verbose) pspadm.psp_company_event_email_param_p7;
psql:vacuum_30Oct_4.sql:17: INFO:  vacuuming "pspapg02.pspadm.psp_company_event_email_param_p7"
psql:vacuum_30Oct_4.sql:17: INFO:  launched 3 parallel vacuum workers for index cleanup (planned: 3)
psql:vacuum_30Oct_4.sql:17: INFO:  finished vacuuming "pspapg02.pspadm.psp_company_event_email_param_p7": index scans: 0
pages: 0 removed, 12694276 remain, 4912 scanned (0.04% of total)
tuples: 0 removed, 441119027 remain, 0 are dead but not yet removable
removable cutoff: 3769899836, which was 165 XIDs old when operation ended
index scan bypassed: 588 pages from table (0.00% of total) have 11395 dead item identifiers
I/O timings: read: 3803.813 ms, write: 0.000 ms
avg read rate: 5.754 MB/s, avg write rate: 0.000 MB/s
buffer usage: 10133 hits, 3512 misses, 0 dirtied
WAL usage: 0 records, 0 full page images, 0 bytes
system usage: CPU: user: 0.40 s, system: 0.60 s, elapsed: 4.76 s
psql:vacuum_30Oct_4.sql:17: INFO:  vacuuming "pspapg02.pg_toast.pg_toast_198821"
psql:vacuum_30Oct_4.sql:17: INFO:  finished vacuuming "pspapg02.pg_toast.pg_toast_198821": index scans: 0
pages: 0 removed, 2774 remain, 1 scanned (0.04% of total)
tuples: 0 removed, 13942 remain, 0 are dead but not yet removable
removable cutoff: 3769899986, which was 15 XIDs old when operation ended
index scan not needed: 0 pages from table (0.00% of total) had 0 dead item identifiers removed
I/O timings: read: 6.871 ms, write: 0.000 ms
avg read rate: 6.611 MB/s, avg write rate: 0.000 MB/s
buffer usage: 22 hits, 6 misses, 0 dirtied
WAL usage: 0 records, 0 full page images, 0 bytes
system usage: CPU: user: 0.00 s, system: 0.00 s, elapsed: 0.00 s
psql:vacuum_30Oct_4.sql:17: INFO:  analyzing "pspadm.psp_company_event_email_param_p7"
psql:vacuum_30Oct_4.sql:17: INFO:  "psp_company_event_email_param_p7": scanned 30000 of 12694276 pages, containing 1042190 live rows and 0 dead rows; 30000 rows in sample, 440994917 estimated total rows
VACUUM
Time: 35681.443 ms (00:35.681)
vacuum (analyze, verbose) pspadm.psp_company_event_p0;
psql:vacuum_30Oct_4.sql:18: INFO:  vacuuming "pspapg02.pspadm.psp_company_event_p0"
psql:vacuum_30Oct_4.sql:18: INFO:  launched 5 parallel vacuum workers for index vacuuming (planned: 5)
psql:vacuum_30Oct_4.sql:18: INFO:  finished vacuuming "pspapg02.pspadm.psp_company_event_p0": index scans: 1
pages: 0 removed, 6364935 remain, 155663 scanned (2.45% of total)
tuples: 132044 removed, 227442467 remain, 0 are dead but not yet removable
removable cutoff: 3769900987, which was 6838 XIDs old when operation ended
index scan needed: 154453 pages from table (2.43% of total) had 4756574 dead item identifiers removed
index "psp_company_event_p0_pkey": pages: 3917655 in total, 0 newly deleted, 0 currently deleted, 0 reusable
index "psp_company_event_fk1_p0": pages: 245014 in total, 4547 newly deleted, 7244 currently deleted, 2697 reusable
index "psp_company_event_i1_p0": pages: 340050 in total, 4740 newly deleted, 7510 currently deleted, 2770 reusable
index "psp_company_event_i2_p0": pages: 641744 in total, 2690 newly deleted, 3978 currently deleted, 1288 reusable
index "psp_company_event_i3_p0": pages: 1962132 in total, 2690 newly deleted, 3979 currently deleted, 1289 reusable
index "idx_ce_mod_date_p0": pages: 614608 in total, 2620 newly deleted, 4064 currently deleted, 1444 reusable
I/O timings: read: 76146.736 ms, write: 0.000 ms
avg read rate: 0.157 MB/s, avg write rate: 0.000 MB/s
buffer usage: 4385128 hits, 1746 misses, 0 dirtied
WAL usage: 0 records, 0 full page images, 0 bytes
system usage: CPU: user: 40.11 s, system: 0.41 s, elapsed: 86.63 s
psql:vacuum_30Oct_4.sql:18: INFO:  vacuuming "pspapg02.pg_toast.pg_toast_198675"
psql:vacuum_30Oct_4.sql:18: INFO:  finished vacuuming "pspapg02.pg_toast.pg_toast_198675": index scans: 0
pages: 0 removed, 0 remain, 0 scanned (100.00% of total)
tuples: 0 removed, 0 remain, 0 are dead but not yet removable
removable cutoff: 3769906250, which was 1575 XIDs old when operation ended
new relfrozenxid: 3769906250, which is 88038391 XIDs ahead of previous value
new relminmxid: 27769, which is 4894 MXIDs ahead of previous value
index scan not needed: 0 pages from table (100.00% of total) had 0 dead item identifiers removed
I/O timings: read: 1.189 ms, write: 0.000 ms
avg read rate: 5.932 MB/s, avg write rate: 0.000 MB/s
buffer usage: 19 hits, 1 misses, 0 dirtied
WAL usage: 0 records, 0 full page images, 0 bytes
system usage: CPU: user: 0.00 s, system: 0.00 s, elapsed: 0.00 s
psql:vacuum_30Oct_4.sql:18: INFO:  analyzing "pspadm.psp_company_event_p0"
psql:vacuum_30Oct_4.sql:18: INFO:  "psp_company_event_p0": scanned 30000 of 6364935 pages, containing 1085959 live rows and 6 dead rows; 30000 rows in sample, 230401948 estimated total rows
VACUUM
Time: 117526.664 ms (01:57.527)
vacuum (analyze, verbose) pspadm.psp_company_event_p1;
psql:vacuum_30Oct_4.sql:19: INFO:  vacuuming "pspapg02.pspadm.psp_company_event_p1"
psql:vacuum_30Oct_4.sql:19: INFO:  launched 5 parallel vacuum workers for index vacuuming (planned: 5)
psql:vacuum_30Oct_4.sql:19: INFO:  finished vacuuming "pspapg02.pspadm.psp_company_event_p1": index scans: 1
pages: 0 removed, 6353417 remain, 132203 scanned (2.08% of total)
tuples: 150612 removed, 227784159 remain, 0 are dead but not yet removable
removable cutoff: 3769908087, which was 6434 XIDs old when operation ended
index scan needed: 128566 pages from table (2.02% of total) had 1977316 dead item identifiers removed
index "psp_company_event_p1_pkey": pages: 3926099 in total, 0 newly deleted, 0 currently deleted, 0 reusable
index "psp_company_event_fk1_p1": pages: 243340 in total, 1775 newly deleted, 4836 currently deleted, 3061 reusable
index "psp_company_event_i1_p1": pages: 338309 in total, 1877 newly deleted, 5052 currently deleted, 3175 reusable
index "psp_company_event_i2_p1": pages: 642046 in total, 933 newly deleted, 2875 currently deleted, 1942 reusable
index "psp_company_event_i3_p1": pages: 1966402 in total, 936 newly deleted, 3022 currently deleted, 2086 reusable
index "idx_ce_mod_date_p1": pages: 612774 in total, 492 newly deleted, 1367 currently deleted, 875 reusable
I/O timings: read: 73191.708 ms, write: 0.000 ms
avg read rate: 0.164 MB/s, avg write rate: 0.000 MB/s
buffer usage: 4320703 hits, 1741 misses, 0 dirtied
WAL usage: 0 records, 0 full page images, 0 bytes
system usage: CPU: user: 39.32 s, system: 0.73 s, elapsed: 83.14 s
psql:vacuum_30Oct_4.sql:19: INFO:  vacuuming "pspapg02.pg_toast.pg_toast_198681"
psql:vacuum_30Oct_4.sql:19: INFO:  finished vacuuming "pspapg02.pg_toast.pg_toast_198681": index scans: 0
pages: 0 removed, 0 remain, 0 scanned (100.00% of total)
tuples: 0 removed, 0 remain, 0 are dead but not yet removable
removable cutoff: 3769914126, which was 395 XIDs old when operation ended
new relfrozenxid: 3769914126, which is 88129200 XIDs ahead of previous value
new relminmxid: 27769, which is 4898 MXIDs ahead of previous value
index scan not needed: 0 pages from table (100.00% of total) had 0 dead item identifiers removed
I/O timings: read: 1.614 ms, write: 0.000 ms
avg read rate: 4.529 MB/s, avg write rate: 0.000 MB/s
buffer usage: 19 hits, 1 misses, 0 dirtied
WAL usage: 0 records, 0 full page images, 0 bytes
system usage: CPU: user: 0.00 s, system: 0.00 s, elapsed: 0.00 s
psql:vacuum_30Oct_4.sql:19: INFO:  analyzing "pspadm.psp_company_event_p1"
psql:vacuum_30Oct_4.sql:19: INFO:  "psp_company_event_p1": scanned 30000 of 6353417 pages, containing 1090449 live rows and 0 dead rows; 30000 rows in sample, 230935907 estimated total rows
VACUUM
Time: 114397.258 ms (01:54.397)
vacuum (analyze, verbose) pspadm.psp_company_event_p2;
psql:vacuum_30Oct_4.sql:20: INFO:  vacuuming "pspapg02.pspadm.psp_company_event_p2"
psql:vacuum_30Oct_4.sql:20: INFO:  launched 5 parallel vacuum workers for index cleanup (planned: 5)
psql:vacuum_30Oct_4.sql:20: INFO:  finished vacuuming "pspapg02.pspadm.psp_company_event_p2": index scans: 0
pages: 0 removed, 6279944 remain, 117288 scanned (1.87% of total)
tuples: 141263 removed, 226128995 remain, 0 are dead but not yet removable
removable cutoff: 3769915190, which was 387 XIDs old when operation ended
index scan bypassed: 114990 pages from table (1.83% of total) have 1611014 dead item identifiers
I/O timings: read: 4531.515 ms, write: 0.000 ms
avg read rate: 2.258 MB/s, avg write rate: 0.000 MB/s
buffer usage: 120901 hits, 1727 misses, 0 dirtied
WAL usage: 0 records, 0 full page images, 0 bytes
system usage: CPU: user: 0.87 s, system: 0.65 s, elapsed: 5.97 s
psql:vacuum_30Oct_4.sql:20: INFO:  vacuuming "pspapg02.pg_toast.pg_toast_198687"
psql:vacuum_30Oct_4.sql:20: INFO:  finished vacuuming "pspapg02.pg_toast.pg_toast_198687": index scans: 0
pages: 0 removed, 0 remain, 0 scanned (100.00% of total)
tuples: 0 removed, 0 remain, 0 are dead but not yet removable
removable cutoff: 3769915190, which was 387 XIDs old when operation ended
new relfrozenxid: 3769915190, which is 88130264 XIDs ahead of previous value
new relminmxid: 27769, which is 4898 MXIDs ahead of previous value
index scan not needed: 0 pages from table (100.00% of total) had 0 dead item identifiers removed
I/O timings: read: 0.963 ms, write: 0.000 ms
avg read rate: 7.141 MB/s, avg write rate: 0.000 MB/s
buffer usage: 19 hits, 1 misses, 0 dirtied
WAL usage: 0 records, 0 full page images, 0 bytes
system usage: CPU: user: 0.00 s, system: 0.00 s, elapsed: 0.00 s
psql:vacuum_30Oct_4.sql:20: INFO:  analyzing "pspadm.psp_company_event_p2"
psql:vacuum_30Oct_4.sql:20: INFO:  "psp_company_event_p2": scanned 30000 of 6279944 pages, containing 1091781 live rows and 7711 dead rows; 30000 rows in sample, 228544118 estimated total rows
VACUUM
Time: 37267.916 ms (00:37.268)
vacuum (analyze, verbose) pspadm.psp_company_event_p3;
psql:vacuum_30Oct_4.sql:21: INFO:  vacuuming "pspapg02.pspadm.psp_company_event_p3"
psql:vacuum_30Oct_4.sql:21: INFO:  launched 5 parallel vacuum workers for index vacuuming (planned: 5)
psql:vacuum_30Oct_4.sql:21: INFO:  finished vacuuming "pspapg02.pspadm.psp_company_event_p3": index scans: 1
pages: 0 removed, 6311689 remain, 131686 scanned (2.09% of total)
tuples: 146358 removed, 225870327 remain, 7 are dead but not yet removable
removable cutoff: 3769917383, which was 3292 XIDs old when operation ended
index scan needed: 128515 pages from table (2.04% of total) had 2073520 dead item identifiers removed
index "psp_company_event_p3_pkey": pages: 3897991 in total, 0 newly deleted, 0 currently deleted, 0 reusable
index "psp_company_event_fk1_p3": pages: 242226 in total, 1849 newly deleted, 5241 currently deleted, 3392 reusable
index "psp_company_event_i1_p3": pages: 336862 in total, 1976 newly deleted, 5486 currently deleted, 3510 reusable
index "psp_company_event_i2_p3": pages: 637773 in total, 1014 newly deleted, 3260 currently deleted, 2246 reusable
index "psp_company_event_i3_p3": pages: 1951910 in total, 1037 newly deleted, 3328 currently deleted, 2291 reusable
index "idx_ce_mod_date_p3": pages: 608977 in total, 545 newly deleted, 1645 currently deleted, 1100 reusable
I/O timings: read: 75995.674 ms, write: 0.000 ms
avg read rate: 0.158 MB/s, avg write rate: 0.000 MB/s
buffer usage: 4291471 hits, 1727 misses, 0 dirtied
WAL usage: 0 records, 0 full page images, 0 bytes
system usage: CPU: user: 37.65 s, system: 0.79 s, elapsed: 85.63 s
psql:vacuum_30Oct_4.sql:21: INFO:  vacuuming "pspapg02.pg_toast.pg_toast_198693"
psql:vacuum_30Oct_4.sql:21: INFO:  finished vacuuming "pspapg02.pg_toast.pg_toast_198693": index scans: 0
pages: 0 removed, 0 remain, 0 scanned (100.00% of total)
tuples: 0 removed, 0 remain, 0 are dead but not yet removable
removable cutoff: 3769920180, which was 495 XIDs old when operation ended
new relfrozenxid: 3769920180, which is 88135254 XIDs ahead of previous value
new relminmxid: 27769, which is 4898 MXIDs ahead of previous value
index scan not needed: 0 pages from table (100.00% of total) had 0 dead item identifiers removed
I/O timings: read: 0.984 ms, write: 0.000 ms
avg read rate: 7.045 MB/s, avg write rate: 0.000 MB/s
buffer usage: 19 hits, 1 misses, 0 dirtied
WAL usage: 0 records, 0 full page images, 0 bytes
system usage: CPU: user: 0.00 s, system: 0.00 s, elapsed: 0.00 s
psql:vacuum_30Oct_4.sql:21: INFO:  analyzing "pspadm.psp_company_event_p3"
psql:vacuum_30Oct_4.sql:21: INFO:  "psp_company_event_p3": scanned 30000 of 6311689 pages, containing 1090269 live rows and 1 dead rows; 30000 rows in sample, 229381295 estimated total rows
VACUUM
Time: 117134.372 ms (01:57.134)
vacuum (analyze, verbose) pspadm.psp_company_event_p4;
psql:vacuum_30Oct_4.sql:22: INFO:  vacuuming "pspapg02.pspadm.psp_company_event_p4"
psql:vacuum_30Oct_4.sql:22: INFO:  launched 5 parallel vacuum workers for index vacuuming (planned: 5)
psql:vacuum_30Oct_4.sql:22: INFO:  finished vacuuming "pspapg02.pspadm.psp_company_event_p4": index scans: 1
pages: 0 removed, 6535684 remain, 321853 scanned (4.92% of total)
tuples: 153946 removed, 223903385 remain, 0 are dead but not yet removable
removable cutoff: 3769923164, which was 4179 XIDs old when operation ended
index scan needed: 316524 pages from table (4.84% of total) had 8334777 dead item identifiers removed
index "psp_company_event_p4_pkey": pages: 3919717 in total, 0 newly deleted, 0 currently deleted, 0 reusable
index "psp_company_event_fk1_p4": pages: 261709 in total, 10571 newly deleted, 22706 currently deleted, 12135 reusable
index "psp_company_event_i1_p4": pages: 356171 in total, 10850 newly deleted, 22758 currently deleted, 11908 reusable
index "psp_company_event_i2_p4": pages: 651367 in total, 175 newly deleted, 6959 currently deleted, 6784 reusable
index "psp_company_event_i3_p4": pages: 1973940 in total, 5512 newly deleted, 8854 currently deleted, 3342 reusable
index "idx_ce_mod_date_p4": pages: 627109 in total, 8126 newly deleted, 14728 currently deleted, 6602 reusable
I/O timings: read: 85302.061 ms, write: 0.000 ms
avg read rate: 0.127 MB/s, avg write rate: 0.000 MB/s
buffer usage: 4882531 hits, 1597 misses, 0 dirtied
WAL usage: 0 records, 0 full page images, 0 bytes
system usage: CPU: user: 43.82 s, system: 0.72 s, elapsed: 98.36 s
psql:vacuum_30Oct_4.sql:22: INFO:  vacuuming "pspapg02.pg_toast.pg_toast_198699"
psql:vacuum_30Oct_4.sql:22: INFO:  finished vacuuming "pspapg02.pg_toast.pg_toast_198699": index scans: 0
pages: 0 removed, 0 remain, 0 scanned (100.00% of total)
tuples: 0 removed, 0 remain, 0 are dead but not yet removable
removable cutoff: 3769926877, which was 466 XIDs old when operation ended
new relfrozenxid: 3769926877, which is 88182547 XIDs ahead of previous value
new relminmxid: 27769, which is 4898 MXIDs ahead of previous value
index scan not needed: 0 pages from table (100.00% of total) had 0 dead item identifiers removed
I/O timings: read: 0.918 ms, write: 0.000 ms
avg read rate: 7.448 MB/s, avg write rate: 0.000 MB/s
buffer usage: 19 hits, 1 misses, 0 dirtied
WAL usage: 0 records, 0 full page images, 0 bytes
system usage: CPU: user: 0.00 s, system: 0.00 s, elapsed: 0.00 s
psql:vacuum_30Oct_4.sql:22: INFO:  analyzing "pspadm.psp_company_event_p4"
psql:vacuum_30Oct_4.sql:22: INFO:  "psp_company_event_p4": scanned 30000 of 6535684 pages, containing 1058405 live rows and 0 dead rows; 30000 rows in sample, 230580021 estimated total rows
VACUUM
Time: 129087.814 ms (02:09.088)
vacuum (analyze, verbose) pspadm.psp_company_event_p5;
psql:vacuum_30Oct_4.sql:23: INFO:  vacuuming "pspapg02.pspadm.psp_company_event_p5"
psql:vacuum_30Oct_4.sql:23: INFO:  launched 5 parallel vacuum workers for index cleanup (planned: 5)
psql:vacuum_30Oct_4.sql:23: INFO:  finished vacuuming "pspapg02.pspadm.psp_company_event_p5": index scans: 0
pages: 0 removed, 6374152 remain, 109716 scanned (1.72% of total)
tuples: 143106 removed, 228741111 remain, 0 are dead but not yet removable
removable cutoff: 3769928325, which was 105 XIDs old when operation ended
index scan bypassed: 99480 pages from table (1.56% of total) have 1739473 dead item identifiers
I/O timings: read: 4214.560 ms, write: 0.000 ms
avg read rate: 2.427 MB/s, avg write rate: 0.000 MB/s
buffer usage: 121244 hits, 1749 misses, 0 dirtied
WAL usage: 0 records, 0 full page images, 0 bytes
system usage: CPU: user: 0.90 s, system: 0.58 s, elapsed: 5.62 s
psql:vacuum_30Oct_4.sql:23: INFO:  vacuuming "pspapg02.pg_toast.pg_toast_198705"
psql:vacuum_30Oct_4.sql:23: INFO:  finished vacuuming "pspapg02.pg_toast.pg_toast_198705": index scans: 0
pages: 0 removed, 0 remain, 0 scanned (100.00% of total)
tuples: 0 removed, 0 remain, 0 are dead but not yet removable
removable cutoff: 3769928427, which was 3 XIDs old when operation ended
new relfrozenxid: 3769928427, which is 88194805 XIDs ahead of previous value
new relminmxid: 27769, which is 4898 MXIDs ahead of previous value
index scan not needed: 0 pages from table (100.00% of total) had 0 dead item identifiers removed
I/O timings: read: 1.143 ms, write: 0.000 ms
avg read rate: 6.147 MB/s, avg write rate: 0.000 MB/s
buffer usage: 19 hits, 1 misses, 0 dirtied
WAL usage: 0 records, 0 full page images, 0 bytes
system usage: CPU: user: 0.00 s, system: 0.00 s, elapsed: 0.00 s
psql:vacuum_30Oct_4.sql:23: INFO:  analyzing "pspadm.psp_company_event_p5"
psql:vacuum_30Oct_4.sql:23: INFO:  "psp_company_event_p5": scanned 30000 of 6374152 pages, containing 1088262 live rows and 9371 dead rows; 30000 rows in sample, 231224913 estimated total rows
VACUUM
Time: 36523.433 ms (00:36.523)
vacuum (analyze, verbose) pspadm.psp_company_event_p6;
psql:vacuum_30Oct_4.sql:24: INFO:  vacuuming "pspapg02.pspadm.psp_company_event_p6"
psql:vacuum_30Oct_4.sql:24: INFO:  launched 5 parallel vacuum workers for index cleanup (planned: 5)
psql:vacuum_30Oct_4.sql:24: INFO:  finished vacuuming "pspapg02.pspadm.psp_company_event_p6": index scans: 0
pages: 0 removed, 6245402 remain, 127149 scanned (2.04% of total)
tuples: 132749 removed, 224524484 remain, 3 are dead but not yet removable
removable cutoff: 3769929301, which was 622 XIDs old when operation ended
index scan bypassed: 124802 pages from table (2.00% of total) have 1710272 dead item identifiers
I/O timings: read: 4678.814 ms, write: 0.000 ms
avg read rate: 2.189 MB/s, avg write rate: 0.000 MB/s
buffer usage: 130863 hits, 1718 misses, 0 dirtied
WAL usage: 0 records, 0 full page images, 0 bytes
system usage: CPU: user: 0.95 s, system: 0.58 s, elapsed: 6.13 s
psql:vacuum_30Oct_4.sql:24: INFO:  vacuuming "pspapg02.pg_toast.pg_toast_198711"
psql:vacuum_30Oct_4.sql:24: INFO:  finished vacuuming "pspapg02.pg_toast.pg_toast_198711": index scans: 0
pages: 0 removed, 0 remain, 0 scanned (100.00% of total)
tuples: 0 removed, 0 remain, 0 are dead but not yet removable
removable cutoff: 3769929854, which was 69 XIDs old when operation ended
new relfrozenxid: 3769929854, which is 88196232 XIDs ahead of previous value
new relminmxid: 27769, which is 4898 MXIDs ahead of previous value
index scan not needed: 0 pages from table (100.00% of total) had 0 dead item identifiers removed
I/O timings: read: 1.160 ms, write: 0.000 ms
avg read rate: 6.147 MB/s, avg write rate: 0.000 MB/s
buffer usage: 19 hits, 1 misses, 0 dirtied
WAL usage: 0 records, 0 full page images, 0 bytes
system usage: CPU: user: 0.00 s, system: 0.00 s, elapsed: 0.00 s
psql:vacuum_30Oct_4.sql:24: INFO:  analyzing "pspadm.psp_company_event_p6"
psql:vacuum_30Oct_4.sql:24: INFO:  "psp_company_event_p6": scanned 30000 of 6245402 pages, containing 1090934 live rows and 8209 dead rows; 30000 rows in sample, 227110713 estimated total rows
VACUUM
Time: 37000.759 ms (00:37.001)
vacuum (analyze, verbose) pspadm.psp_company_event_p7;
psql:vacuum_30Oct_4.sql:25: INFO:  vacuuming "pspapg02.pspadm.psp_company_event_p7"
psql:vacuum_30Oct_4.sql:25: INFO:  launched 5 parallel vacuum workers for index cleanup (planned: 5)
psql:vacuum_30Oct_4.sql:25: INFO:  finished vacuuming "pspapg02.pspadm.psp_company_event_p7": index scans: 0
pages: 0 removed, 6323467 remain, 111006 scanned (1.76% of total)
tuples: 168370 removed, 227749536 remain, 0 are dead but not yet removable
removable cutoff: 3769930436, which was 383 XIDs old when operation ended
index scan bypassed: 99383 pages from table (1.57% of total) have 1629626 dead item identifiers
I/O timings: read: 4651.936 ms, write: 0.000 ms
avg read rate: 2.215 MB/s, avg write rate: 0.000 MB/s
buffer usage: 123953 hits, 1733 misses, 0 dirtied
WAL usage: 0 records, 0 full page images, 0 bytes
system usage: CPU: user: 0.94 s, system: 0.59 s, elapsed: 6.11 s
psql:vacuum_30Oct_4.sql:25: INFO:  vacuuming "pspapg02.pg_toast.pg_toast_198717"
psql:vacuum_30Oct_4.sql:25: INFO:  finished vacuuming "pspapg02.pg_toast.pg_toast_198717": index scans: 0
pages: 0 removed, 0 remain, 0 scanned (100.00% of total)
tuples: 0 removed, 0 remain, 0 are dead but not yet removable
removable cutoff: 3769930436, which was 383 XIDs old when operation ended
new relfrozenxid: 3769930436, which is 88196814 XIDs ahead of previous value
new relminmxid: 27769, which is 4898 MXIDs ahead of previous value
index scan not needed: 0 pages from table (100.00% of total) had 0 dead item identifiers removed
I/O timings: read: 1.062 ms, write: 0.000 ms
avg read rate: 6.571 MB/s, avg write rate: 0.000 MB/s
buffer usage: 19 hits, 1 misses, 0 dirtied
WAL usage: 0 records, 0 full page images, 0 bytes
system usage: CPU: user: 0.00 s, system: 0.00 s, elapsed: 0.00 s
psql:vacuum_30Oct_4.sql:25: INFO:  analyzing "pspadm.psp_company_event_p7"
psql:vacuum_30Oct_4.sql:25: INFO:  "psp_company_event_p7": scanned 30000 of 6323467 pages, containing 1089141 live rows and 7646 dead rows; 30000 rows in sample, 229571572 estimated total rows
VACUUM
Time: 36818.081 ms (00:36.818)
vacuum (analyze, verbose) pspadm.psp_compensation_p0;
psql:vacuum_30Oct_4.sql:26: INFO:  vacuuming "pspapg02.pspadm.psp_compensation_p0"
psql:vacuum_30Oct_4.sql:26: INFO:  launched 4 parallel vacuum workers for index vacuuming (planned: 4)
psql:vacuum_30Oct_4.sql:26: INFO:  finished vacuuming "pspapg02.pspadm.psp_compensation_p0": index scans: 1
pages: 0 removed, 6707725 remain, 138051 scanned (2.06% of total)
tuples: 55291 removed, 205023875 remain, 0 are dead but not yet removable
removable cutoff: 3769932119, which was 3081 XIDs old when operation ended
index scan needed: 136880 pages from table (2.04% of total) had 2102933 dead item identifiers removed
index "psp_compensation_p0_pkey": pages: 3559031 in total, 0 newly deleted, 0 currently deleted, 0 reusable
index "psp_compensation_fk1_p0": pages: 1441266 in total, 0 newly deleted, 0 currently deleted, 0 reusable
index "psp_compensation_fk2_p0": pages: 226317 in total, 4 newly deleted, 10 currently deleted, 6 reusable
index "psp_compensation_fk4_p0": pages: 214264 in total, 24 newly deleted, 52 currently deleted, 28 reusable
index "idx_compensation_mod_date_p0": pages: 367310 in total, 237 newly deleted, 464 currently deleted, 227 reusable
I/O timings: read: 68950.456 ms, write: 0.000 ms
avg read rate: 0.186 MB/s, avg write rate: 0.000 MB/s
buffer usage: 3973119 hits, 1856 misses, 0 dirtied
WAL usage: 0 records, 0 full page images, 0 bytes
system usage: CPU: user: 28.53 s, system: 0.74 s, elapsed: 77.98 s
psql:vacuum_30Oct_4.sql:26: INFO:  vacuuming "pspapg02.pg_toast.pg_toast_198831"
psql:vacuum_30Oct_4.sql:26: INFO:  finished vacuuming "pspapg02.pg_toast.pg_toast_198831": index scans: 0
pages: 0 removed, 0 remain, 0 scanned (100.00% of total)
tuples: 0 removed, 0 remain, 0 are dead but not yet removable
removable cutoff: 3769933779, which was 1421 XIDs old when operation ended
new relfrozenxid: 3769933779, which is 88732195 XIDs ahead of previous value
new relminmxid: 27769, which is 4922 MXIDs ahead of previous value
index scan not needed: 0 pages from table (100.00% of total) had 0 dead item identifiers removed
I/O timings: read: 0.706 ms, write: 0.000 ms
avg read rate: 9.562 MB/s, avg write rate: 0.000 MB/s
buffer usage: 19 hits, 1 misses, 0 dirtied
WAL usage: 0 records, 0 full page images, 0 bytes
system usage: CPU: user: 0.00 s, system: 0.00 s, elapsed: 0.00 s
psql:vacuum_30Oct_4.sql:26: INFO:  analyzing "pspadm.psp_compensation_p0"
psql:vacuum_30Oct_4.sql:26: INFO:  "psp_compensation_p0": scanned 30000 of 6707725 pages, containing 937854 live rows and 0 dead rows; 30000 rows in sample, 209695557 estimated total rows
VACUUM
Time: 108979.081 ms (01:48.979)
vacuum (analyze, verbose) pspadm.psp_compensation_p1;
psql:vacuum_30Oct_4.sql:27: INFO:  vacuuming "pspapg02.pspadm.psp_compensation_p1"
psql:vacuum_30Oct_4.sql:27: INFO:  launched 4 parallel vacuum workers for index cleanup (planned: 4)
psql:vacuum_30Oct_4.sql:27: INFO:  finished vacuuming "pspapg02.pspadm.psp_compensation_p1": index scans: 0
pages: 0 removed, 6842116 remain, 95976 scanned (1.40% of total)
tuples: 63311 removed, 213460336 remain, 0 are dead but not yet removable
removable cutoff: 3769936662, which was 527 XIDs old when operation ended
index scan bypassed: 94152 pages from table (1.38% of total) have 1115355 dead item identifiers
I/O timings: read: 4110.689 ms, write: 0.000 ms
avg read rate: 2.827 MB/s, avg write rate: 0.000 MB/s
buffer usage: 98702 hits, 1897 misses, 0 dirtied
WAL usage: 0 records, 0 full page images, 0 bytes
system usage: CPU: user: 0.59 s, system: 0.61 s, elapsed: 5.24 s
psql:vacuum_30Oct_4.sql:27: INFO:  vacuuming "pspapg02.pg_toast.pg_toast_198837"
psql:vacuum_30Oct_4.sql:27: INFO:  finished vacuuming "pspapg02.pg_toast.pg_toast_198837": index scans: 0
pages: 0 removed, 0 remain, 0 scanned (100.00% of total)
tuples: 0 removed, 0 remain, 0 are dead but not yet removable
removable cutoff: 3769937084, which was 105 XIDs old when operation ended
new relfrozenxid: 3769937084, which is 87775409 XIDs ahead of previous value
new relminmxid: 27769, which is 4867 MXIDs ahead of previous value
index scan not needed: 0 pages from table (100.00% of total) had 0 dead item identifiers removed
I/O timings: read: 0.873 ms, write: 0.000 ms
avg read rate: 7.705 MB/s, avg write rate: 0.000 MB/s
buffer usage: 19 hits, 1 misses, 0 dirtied
WAL usage: 0 records, 0 full page images, 0 bytes
system usage: CPU: user: 0.00 s, system: 0.00 s, elapsed: 0.00 s
psql:vacuum_30Oct_4.sql:27: INFO:  analyzing "pspadm.psp_compensation_p1"
psql:vacuum_30Oct_4.sql:27: INFO:  "psp_compensation_p1": scanned 30000 of 6842116 pages, containing 940103 live rows and 4697 dead rows; 30000 rows in sample, 214409793 estimated total rows
VACUUM
Time: 36699.162 ms (00:36.699)
vacuum (analyze, verbose) pspadm.psp_compensation_p2;
psql:vacuum_30Oct_4.sql:28: INFO:  vacuuming "pspapg02.pspadm.psp_compensation_p2"
psql:vacuum_30Oct_4.sql:28: INFO:  launched 4 parallel vacuum workers for index cleanup (planned: 4)
psql:vacuum_30Oct_4.sql:28: INFO:  finished vacuuming "pspapg02.pspadm.psp_compensation_p2": index scans: 0
pages: 0 removed, 6675977 remain, 121526 scanned (1.82% of total)
tuples: 62662 removed, 205823623 remain, 0 are dead but not yet removable
removable cutoff: 3769937631, which was 451 XIDs old when operation ended
index scan bypassed: 120224 pages from table (1.80% of total) have 1654044 dead item identifiers
I/O timings: read: 4533.005 ms, write: 0.000 ms
avg read rate: 2.517 MB/s, avg write rate: 0.000 MB/s
buffer usage: 123850 hits, 1850 misses, 0 dirtied
WAL usage: 0 records, 0 full page images, 0 bytes
system usage: CPU: user: 0.67 s, system: 0.62 s, elapsed: 5.74 s
psql:vacuum_30Oct_4.sql:28: INFO:  vacuuming "pspapg02.pg_toast.pg_toast_198843"
psql:vacuum_30Oct_4.sql:28: INFO:  finished vacuuming "pspapg02.pg_toast.pg_toast_198843": index scans: 0
pages: 0 removed, 0 remain, 0 scanned (100.00% of total)
tuples: 0 removed, 0 remain, 0 are dead but not yet removable
removable cutoff: 3769937631, which was 451 XIDs old when operation ended
new relfrozenxid: 3769937631, which is 88736047 XIDs ahead of previous value
new relminmxid: 27769, which is 4922 MXIDs ahead of previous value
index scan not needed: 0 pages from table (100.00% of total) had 0 dead item identifiers removed
I/O timings: read: 0.704 ms, write: 0.000 ms
avg read rate: 9.356 MB/s, avg write rate: 0.000 MB/s
buffer usage: 19 hits, 1 misses, 0 dirtied
WAL usage: 0 records, 0 full page images, 0 bytes
system usage: CPU: user: 0.00 s, system: 0.00 s, elapsed: 0.00 s
psql:vacuum_30Oct_4.sql:28: INFO:  analyzing "pspadm.psp_compensation_p2"
psql:vacuum_30Oct_4.sql:28: INFO:  "psp_compensation_p2": scanned 30000 of 6675977 pages, containing 939347 live rows and 6974 dead rows; 30000 rows in sample, 209035299 estimated total rows
VACUUM
Time: 37192.611 ms (00:37.193)
vacuum (analyze, verbose) pspadm.psp_compensation_p3;
psql:vacuum_30Oct_4.sql:29: INFO:  vacuuming "pspapg02.pspadm.psp_compensation_p3"
psql:vacuum_30Oct_4.sql:29: INFO:  launched 4 parallel vacuum workers for index vacuuming (planned: 4)
psql:vacuum_30Oct_4.sql:29: INFO:  finished vacuuming "pspapg02.pspadm.psp_compensation_p3": index scans: 1
pages: 0 removed, 6771433 remain, 137820 scanned (2.04% of total)
tuples: 57143 removed, 207173840 remain, 0 are dead but not yet removable
removable cutoff: 3769939364, which was 2789 XIDs old when operation ended
index scan needed: 136829 pages from table (2.02% of total) had 2093475 dead item identifiers removed
index "psp_compensation_p3_pkey": pages: 3593808 in total, 0 newly deleted, 0 currently deleted, 0 reusable
index "psp_compensation_fk1_p3": pages: 1441449 in total, 0 newly deleted, 0 currently deleted, 0 reusable
index "psp_compensation_fk2_p3": pages: 228717 in total, 7 newly deleted, 14 currently deleted, 7 reusable
index "psp_compensation_fk4_p3": pages: 216194 in total, 23 newly deleted, 50 currently deleted, 27 reusable
index "idx_compensation_mod_date_p3": pages: 369273 in total, 229 newly deleted, 444 currently deleted, 215 reusable
I/O timings: read: 69203.296 ms, write: 0.000 ms
avg read rate: 0.187 MB/s, avg write rate: 0.000 MB/s
buffer usage: 4007383 hits, 1873 misses, 0 dirtied
WAL usage: 0 records, 0 full page images, 0 bytes
system usage: CPU: user: 28.73 s, system: 0.65 s, elapsed: 78.21 s
psql:vacuum_30Oct_4.sql:29: INFO:  vacuuming "pspapg02.pg_toast.pg_toast_198849"
psql:vacuum_30Oct_4.sql:29: INFO:  finished vacuuming "pspapg02.pg_toast.pg_toast_198849": index scans: 0
pages: 0 removed, 0 remain, 0 scanned (100.00% of total)
tuples: 0 removed, 0 remain, 0 are dead but not yet removable
removable cutoff: 3769942038, which was 115 XIDs old when operation ended
new relfrozenxid: 3769942038, which is 87741636 XIDs ahead of previous value
new relminmxid: 27769, which is 4867 MXIDs ahead of previous value
index scan not needed: 0 pages from table (100.00% of total) had 0 dead item identifiers removed
I/O timings: read: 0.836 ms, write: 0.000 ms
avg read rate: 8.250 MB/s, avg write rate: 0.000 MB/s
buffer usage: 19 hits, 1 misses, 0 dirtied
WAL usage: 0 records, 0 full page images, 0 bytes
system usage: CPU: user: 0.00 s, system: 0.00 s, elapsed: 0.00 s
psql:vacuum_30Oct_4.sql:29: INFO:  analyzing "pspadm.psp_compensation_p3"
psql:vacuum_30Oct_4.sql:29: INFO:  "psp_compensation_p3": scanned 30000 of 6771433 pages, containing 937557 live rows and 0 dead rows; 30000 rows in sample, 211620147 estimated total rows
VACUUM
Time: 109429.155 ms (01:49.429)
vacuum (analyze, verbose) pspadm.psp_compensation_p4;
psql:vacuum_30Oct_4.sql:30: INFO:  vacuuming "pspapg02.pspadm.psp_compensation_p4"
psql:vacuum_30Oct_4.sql:30: INFO:  launched 4 parallel vacuum workers for index cleanup (planned: 4)
psql:vacuum_30Oct_4.sql:30: INFO:  finished vacuuming "pspapg02.pspadm.psp_compensation_p4": index scans: 0
pages: 0 removed, 6658821 remain, 19250 scanned (0.29% of total)
tuples: 71894 removed, 205404592 remain, 0 are dead but not yet removable
removable cutoff: 3769943701, which was 158 XIDs old when operation ended
index scan bypassed: 11792 pages from table (0.18% of total) have 75402 dead item identifiers
I/O timings: read: 2317.197 ms, write: 0.000 ms
avg read rate: 4.432 MB/s, avg write rate: 0.000 MB/s
buffer usage: 27307 hits, 1840 misses, 0 dirtied
WAL usage: 0 records, 0 full page images, 0 bytes
system usage: CPU: user: 0.36 s, system: 0.59 s, elapsed: 3.24 s
psql:vacuum_30Oct_4.sql:30: INFO:  vacuuming "pspapg02.pg_toast.pg_toast_198855"
psql:vacuum_30Oct_4.sql:30: INFO:  finished vacuuming "pspapg02.pg_toast.pg_toast_198855": index scans: 0
pages: 0 removed, 0 remain, 0 scanned (100.00% of total)
tuples: 0 removed, 0 remain, 0 are dead but not yet removable
removable cutoff: 3769943846, which was 13 XIDs old when operation ended
new relfrozenxid: 3769943846, which is 87864237 XIDs ahead of previous value
new relminmxid: 27769, which is 4874 MXIDs ahead of previous value
index scan not needed: 0 pages from table (100.00% of total) had 0 dead item identifiers removed
I/O timings: read: 0.756 ms, write: 0.000 ms
avg read rate: 8.959 MB/s, avg write rate: 0.000 MB/s
buffer usage: 19 hits, 1 misses, 0 dirtied
WAL usage: 0 records, 0 full page images, 0 bytes
system usage: CPU: user: 0.00 s, system: 0.00 s, elapsed: 0.00 s
psql:vacuum_30Oct_4.sql:30: INFO:  analyzing "pspadm.psp_compensation_p4"
psql:vacuum_30Oct_4.sql:30: INFO:  "psp_compensation_p4": scanned 30000 of 6658821 pages, containing 938285 live rows and 339 dead rows; 30000 rows in sample, 208262395 estimated total rows
VACUUM
Time: 34446.401 ms (00:34.446)
vacuum (analyze, verbose) pspadm.psp_compensation_p5;
psql:vacuum_30Oct_4.sql:31: INFO:  vacuuming "pspapg02.pspadm.psp_compensation_p5"
psql:vacuum_30Oct_4.sql:31: INFO:  launched 4 parallel vacuum workers for index cleanup (planned: 4)
psql:vacuum_30Oct_4.sql:31: INFO:  finished vacuuming "pspapg02.pspadm.psp_compensation_p5": index scans: 0
pages: 0 removed, 6750873 remain, 16192 scanned (0.24% of total)
tuples: 60744 removed, 208342144 remain, 0 are dead but not yet removable
removable cutoff: 3769944639, which was 1077 XIDs old when operation ended
index scan bypassed: 10261 pages from table (0.15% of total) have 64406 dead item identifiers
I/O timings: read: 2286.972 ms, write: 0.000 ms
avg read rate: 4.576 MB/s, avg write rate: 0.000 MB/s
buffer usage: 22697 hits, 1866 misses, 0 dirtied
WAL usage: 0 records, 0 full page images, 0 bytes
system usage: CPU: user: 0.30 s, system: 0.62 s, elapsed: 3.18 s
psql:vacuum_30Oct_4.sql:31: INFO:  vacuuming "pspapg02.pg_toast.pg_toast_198861"
psql:vacuum_30Oct_4.sql:31: INFO:  finished vacuuming "pspapg02.pg_toast.pg_toast_198861": index scans: 0
pages: 0 removed, 0 remain, 0 scanned (100.00% of total)
tuples: 0 removed, 0 remain, 0 are dead but not yet removable
removable cutoff: 3769944639, which was 1077 XIDs old when operation ended
new relfrozenxid: 3769944639, which is 87865030 XIDs ahead of previous value
new relminmxid: 27769, which is 4874 MXIDs ahead of previous value
index scan not needed: 0 pages from table (100.00% of total) had 0 dead item identifiers removed
I/O timings: read: 1.304 ms, write: 0.000 ms
avg read rate: 5.407 MB/s, avg write rate: 0.000 MB/s
buffer usage: 19 hits, 1 misses, 0 dirtied
WAL usage: 0 records, 0 full page images, 0 bytes
system usage: CPU: user: 0.00 s, system: 0.00 s, elapsed: 0.00 s
psql:vacuum_30Oct_4.sql:31: INFO:  analyzing "pspadm.psp_compensation_p5"
psql:vacuum_30Oct_4.sql:31: INFO:  "psp_compensation_p5": scanned 30000 of 6750873 pages, containing 937454 live rows and 262 dead rows; 30000 rows in sample, 210954430 estimated total rows
VACUUM
Time: 35456.738 ms (00:35.457)
vacuum (analyze, verbose) pspadm.psp_compensation_p6;
psql:vacuum_30Oct_4.sql:32: INFO:  vacuuming "pspapg02.pspadm.psp_compensation_p6"
psql:vacuum_30Oct_4.sql:32: INFO:  launched 4 parallel vacuum workers for index cleanup (planned: 4)
psql:vacuum_30Oct_4.sql:32: INFO:  finished vacuuming "pspapg02.pspadm.psp_compensation_p6": index scans: 0
pages: 0 removed, 6502934 remain, 15054 scanned (0.23% of total)
tuples: 56735 removed, 200645104 remain, 0 are dead but not yet removable
removable cutoff: 3769946652, which was 155 XIDs old when operation ended
index scan bypassed: 9500 pages from table (0.15% of total) have 60120 dead item identifiers
I/O timings: read: 2180.507 ms, write: 0.000 ms
avg read rate: 4.579 MB/s, avg write rate: 0.000 MB/s
buffer usage: 21169 hits, 1798 misses, 0 dirtied
WAL usage: 0 records, 0 full page images, 0 bytes
system usage: CPU: user: 0.32 s, system: 0.59 s, elapsed: 3.06 s
psql:vacuum_30Oct_4.sql:32: INFO:  vacuuming "pspapg02.pg_toast.pg_toast_198867"
psql:vacuum_30Oct_4.sql:32: INFO:  finished vacuuming "pspapg02.pg_toast.pg_toast_198867": index scans: 0
pages: 0 removed, 0 remain, 0 scanned (100.00% of total)
tuples: 0 removed, 0 remain, 0 are dead but not yet removable
removable cutoff: 3769946761, which was 46 XIDs old when operation ended
new relfrozenxid: 3769946761, which is 88745177 XIDs ahead of previous value
new relminmxid: 27769, which is 4922 MXIDs ahead of previous value
index scan not needed: 0 pages from table (100.00% of total) had 0 dead item identifiers removed
I/O timings: read: 1.518 ms, write: 0.000 ms
avg read rate: 4.793 MB/s, avg write rate: 0.000 MB/s
buffer usage: 19 hits, 1 misses, 0 dirtied
WAL usage: 0 records, 0 full page images, 0 bytes
system usage: CPU: user: 0.00 s, system: 0.00 s, elapsed: 0.00 s
psql:vacuum_30Oct_4.sql:32: INFO:  analyzing "pspadm.psp_compensation_p6"
psql:vacuum_30Oct_4.sql:32: INFO:  "psp_compensation_p6": scanned 30000 of 6502934 pages, containing 937000 live rows and 231 dead rows; 30000 rows in sample, 203108305 estimated total rows
VACUUM
Time: 35307.536 ms (00:35.308)
vacuum (analyze, verbose) pspadm.psp_compensation_p7;
psql:vacuum_30Oct_4.sql:33: INFO:  vacuuming "pspapg02.pspadm.psp_compensation_p7"
psql:vacuum_30Oct_4.sql:33: INFO:  launched 4 parallel vacuum workers for index vacuuming (planned: 4)
psql:vacuum_30Oct_4.sql:33: INFO:  finished vacuuming "pspapg02.pspadm.psp_compensation_p7": index scans: 1
pages: 0 removed, 6755087 remain, 138688 scanned (2.05% of total)
tuples: 65622 removed, 206553905 remain, 0 are dead but not yet removable
removable cutoff: 3769949195, which was 3897 XIDs old when operation ended
index scan needed: 137242 pages from table (2.03% of total) had 2118373 dead item identifiers removed
index "psp_compensation_p7_pkey": pages: 3582595 in total, 0 newly deleted, 0 currently deleted, 0 reusable
index "psp_compensation_fk1_p7": pages: 1439604 in total, 0 newly deleted, 0 currently deleted, 0 reusable
index "psp_compensation_fk2_p7": pages: 227601 in total, 9 newly deleted, 20 currently deleted, 11 reusable
index "psp_compensation_fk4_p7": pages: 215958 in total, 26 newly deleted, 56 currently deleted, 30 reusable
index "idx_compensation_mod_date_p7": pages: 368393 in total, 296 newly deleted, 557 currently deleted, 261 reusable
I/O timings: read: 68028.151 ms, write: 0.000 ms
avg read rate: 0.189 MB/s, avg write rate: 0.000 MB/s
buffer usage: 3998403 hits, 1868 misses, 0 dirtied
WAL usage: 0 records, 0 full page images, 0 bytes
system usage: CPU: user: 29.75 s, system: 0.75 s, elapsed: 77.04 s
psql:vacuum_30Oct_4.sql:33: INFO:  vacuuming "pspapg02.pg_toast.pg_toast_198873"
psql:vacuum_30Oct_4.sql:33: INFO:  finished vacuuming "pspapg02.pg_toast.pg_toast_198873": index scans: 0
pages: 0 removed, 0 remain, 0 scanned (100.00% of total)
tuples: 0 removed, 0 remain, 0 are dead but not yet removable
removable cutoff: 3769952643, which was 456 XIDs old when operation ended
new relfrozenxid: 3769952643, which is 88751059 XIDs ahead of previous value
new relminmxid: 27769, which is 4922 MXIDs ahead of previous value
index scan not needed: 0 pages from table (100.00% of total) had 0 dead item identifiers removed
I/O timings: read: 0.822 ms, write: 0.000 ms
avg read rate: 8.338 MB/s, avg write rate: 0.000 MB/s
buffer usage: 19 hits, 1 misses, 0 dirtied
WAL usage: 0 records, 0 full page images, 0 bytes
system usage: CPU: user: 0.00 s, system: 0.00 s, elapsed: 0.00 s
psql:vacuum_30Oct_4.sql:33: INFO:  analyzing "pspadm.psp_compensation_p7"
psql:vacuum_30Oct_4.sql:33: INFO:  "psp_compensation_p7": scanned 30000 of 6755087 pages, containing 936681 live rows and 0 dead rows; 30000 rows in sample, 210912055 estimated total rows
VACUUM
Time: 107984.926 ms (01:47.985)
vacuum (analyze, verbose) pspadm.psp_deduction_p0;
psql:vacuum_30Oct_4.sql:34: INFO:  vacuuming "pspapg02.pspadm.psp_deduction_p0"
psql:vacuum_30Oct_4.sql:34: INFO:  launched 4 parallel vacuum workers for index cleanup (planned: 4)
psql:vacuum_30Oct_4.sql:34: INFO:  finished vacuuming "pspapg02.pspadm.psp_deduction_p0": index scans: 0
pages: 0 removed, 6332684 remain, 17685 scanned (0.28% of total)
tuples: 59239 removed, 199452448 remain, 0 are dead but not yet removable
removable cutoff: 3769953622, which was 1790 XIDs old when operation ended
index scan bypassed: 10909 pages from table (0.17% of total) have 62666 dead item identifiers
I/O timings: read: 2283.765 ms, write: 0.000 ms
avg read rate: 4.296 MB/s, avg write rate: 0.000 MB/s
buffer usage: 25035 hits, 1751 misses, 0 dirtied
WAL usage: 0 records, 0 full page images, 0 bytes
system usage: CPU: user: 0.35 s, system: 0.57 s, elapsed: 3.18 s
psql:vacuum_30Oct_4.sql:34: INFO:  vacuuming "pspapg02.pg_toast.pg_toast_199521"
psql:vacuum_30Oct_4.sql:34: INFO:  finished vacuuming "pspapg02.pg_toast.pg_toast_199521": index scans: 0
pages: 0 removed, 0 remain, 0 scanned (100.00% of total)
tuples: 0 removed, 0 remain, 0 are dead but not yet removable
removable cutoff: 3769953622, which was 1790 XIDs old when operation ended
new relfrozenxid: 3769953622, which is 88798325 XIDs ahead of previous value
new relminmxid: 27769, which is 4927 MXIDs ahead of previous value
index scan not needed: 0 pages from table (100.00% of total) had 0 dead item identifiers removed
I/O timings: read: 1.029 ms, write: 0.000 ms
avg read rate: 6.677 MB/s, avg write rate: 0.000 MB/s
buffer usage: 19 hits, 1 misses, 0 dirtied
WAL usage: 0 records, 0 full page images, 0 bytes
system usage: CPU: user: 0.00 s, system: 0.00 s, elapsed: 0.00 s
psql:vacuum_30Oct_4.sql:34: INFO:  analyzing "pspadm.psp_deduction_p0"
psql:vacuum_30Oct_4.sql:34: INFO:  "psp_deduction_p0": scanned 30000 of 6332684 pages, containing 955726 live rows and 372 dead rows; 30000 rows in sample, 201743692 estimated total rows
VACUUM
Time: 34212.364 ms (00:34.212)
vacuum (analyze, verbose) pspadm.psp_deduction_p1;
psql:vacuum_30Oct_4.sql:35: INFO:  vacuuming "pspapg02.pspadm.psp_deduction_p1"
psql:vacuum_30Oct_4.sql:35: INFO:  launched 4 parallel vacuum workers for index cleanup (planned: 4)
psql:vacuum_30Oct_4.sql:35: INFO:  finished vacuuming "pspapg02.pspadm.psp_deduction_p1": index scans: 0
pages: 0 removed, 6487819 remain, 118685 scanned (1.83% of total)
tuples: 61773 removed, 203691366 remain, 0 are dead but not yet removable
removable cutoff: 3769957083, which was 374 XIDs old when operation ended
index scan bypassed: 117587 pages from table (1.81% of total) have 1603413 dead item identifiers
I/O timings: read: 4503.392 ms, write: 0.000 ms
avg read rate: 2.469 MB/s, avg write rate: 0.000 MB/s
buffer usage: 120769 hits, 1798 misses, 0 dirtied
WAL usage: 0 records, 0 full page images, 0 bytes
system usage: CPU: user: 0.70 s, system: 0.57 s, elapsed: 5.68 s
psql:vacuum_30Oct_4.sql:35: INFO:  vacuuming "pspapg02.pg_toast.pg_toast_199527"
psql:vacuum_30Oct_4.sql:35: INFO:  finished vacuuming "pspapg02.pg_toast.pg_toast_199527": index scans: 0
pages: 0 removed, 0 remain, 0 scanned (100.00% of total)
tuples: 0 removed, 0 remain, 0 are dead but not yet removable
removable cutoff: 3769957431, which was 26 XIDs old when operation ended
new relfrozenxid: 3769957431, which is 88802134 XIDs ahead of previous value
new relminmxid: 27769, which is 4927 MXIDs ahead of previous value
index scan not needed: 0 pages from table (100.00% of total) had 0 dead item identifiers removed
I/O timings: read: 0.872 ms, write: 0.000 ms
avg read rate: 7.940 MB/s, avg write rate: 0.000 MB/s
buffer usage: 19 hits, 1 misses, 0 dirtied
WAL usage: 0 records, 0 full page images, 0 bytes
system usage: CPU: user: 0.00 s, system: 0.00 s, elapsed: 0.00 s
psql:vacuum_30Oct_4.sql:35: INFO:  analyzing "pspadm.psp_deduction_p1"
psql:vacuum_30Oct_4.sql:35: INFO:  "psp_deduction_p1": scanned 30000 of 6487819 pages, containing 957334 live rows and 7514 dead rows; 30000 rows in sample, 207033657 estimated total rows
VACUUM
Time: 36630.447 ms (00:36.630)
vacuum (analyze, verbose) pspadm.psp_deduction_p2;
psql:vacuum_30Oct_4.sql:36: INFO:  vacuuming "pspapg02.pspadm.psp_deduction_p2"
psql:vacuum_30Oct_4.sql:36: INFO:  launched 4 parallel vacuum workers for index cleanup (planned: 4)
psql:vacuum_30Oct_4.sql:36: INFO:  finished vacuuming "pspapg02.pspadm.psp_deduction_p2": index scans: 0
pages: 0 removed, 6307075 remain, 114735 scanned (1.82% of total)
tuples: 50097 removed, 197949920 remain, 0 are dead but not yet removable
removable cutoff: 3769957923, which was 2435 XIDs old when operation ended
index scan bypassed: 113746 pages from table (1.80% of total) have 1524688 dead item identifiers
I/O timings: read: 4434.735 ms, write: 0.000 ms
avg read rate: 2.437 MB/s, avg write rate: 0.000 MB/s
buffer usage: 116707 hits, 1747 misses, 0 dirtied
WAL usage: 0 records, 0 full page images, 0 bytes
system usage: CPU: user: 0.62 s, system: 0.62 s, elapsed: 5.60 s
psql:vacuum_30Oct_4.sql:36: INFO:  vacuuming "pspapg02.pg_toast.pg_toast_199533"
psql:vacuum_30Oct_4.sql:36: INFO:  finished vacuuming "pspapg02.pg_toast.pg_toast_199533": index scans: 0
pages: 0 removed, 0 remain, 0 scanned (100.00% of total)
tuples: 0 removed, 0 remain, 0 are dead but not yet removable
removable cutoff: 3769960277, which was 81 XIDs old when operation ended
new relfrozenxid: 3769960277, which is 88804980 XIDs ahead of previous value
new relminmxid: 27769, which is 4927 MXIDs ahead of previous value
index scan not needed: 0 pages from table (100.00% of total) had 0 dead item identifiers removed
I/O timings: read: 1.043 ms, write: 0.000 ms
avg read rate: 6.615 MB/s, avg write rate: 0.000 MB/s
buffer usage: 19 hits, 1 misses, 0 dirtied
WAL usage: 0 records, 0 full page images, 0 bytes
system usage: CPU: user: 0.00 s, system: 0.00 s, elapsed: 0.00 s
psql:vacuum_30Oct_4.sql:36: INFO:  analyzing "pspadm.psp_deduction_p2"
psql:vacuum_30Oct_4.sql:36: INFO:  "psp_deduction_p2": scanned 30000 of 6307075 pages, containing 957498 live rows and 7062 dead rows; 30000 rows in sample, 201300390 estimated total rows
VACUUM
Time: 36532.770 ms (00:36.533)
vacuum (analyze, verbose) pspadm.psp_deduction_p3;
psql:vacuum_30Oct_4.sql:37: INFO:  vacuuming "pspapg02.pspadm.psp_deduction_p3"
psql:vacuum_30Oct_4.sql:37: INFO:  launched 4 parallel vacuum workers for index cleanup (planned: 4)
psql:vacuum_30Oct_4.sql:37: INFO:  finished vacuuming "pspapg02.pspadm.psp_deduction_p3": index scans: 0
pages: 0 removed, 6448645 remain, 116702 scanned (1.81% of total)
tuples: 55412 removed, 202493702 remain, 0 are dead but not yet removable
removable cutoff: 3769961339, which was 234 XIDs old when operation ended
index scan bypassed: 115576 pages from table (1.79% of total) have 1549363 dead item identifiers
I/O timings: read: 4516.445 ms, write: 0.000 ms
avg read rate: 2.454 MB/s, avg write rate: 0.000 MB/s
buffer usage: 118842 hits, 1787 misses, 0 dirtied
WAL usage: 0 records, 0 full page images, 0 bytes
system usage: CPU: user: 0.68 s, system: 0.57 s, elapsed: 5.68 s
psql:vacuum_30Oct_4.sql:37: INFO:  vacuuming "pspapg02.pg_toast.pg_toast_199539"
psql:vacuum_30Oct_4.sql:37: INFO:  finished vacuuming "pspapg02.pg_toast.pg_toast_199539": index scans: 0
pages: 0 removed, 0 remain, 0 scanned (100.00% of total)
tuples: 0 removed, 0 remain, 0 are dead but not yet removable
removable cutoff: 3769961527, which was 46 XIDs old when operation ended
new relfrozenxid: 3769961527, which is 88806230 XIDs ahead of previous value
new relminmxid: 27769, which is 4927 MXIDs ahead of previous value
index scan not needed: 0 pages from table (100.00% of total) had 0 dead item identifiers removed
I/O timings: read: 1.001 ms, write: 0.000 ms
avg read rate: 6.926 MB/s, avg write rate: 0.000 MB/s
buffer usage: 19 hits, 1 misses, 0 dirtied
WAL usage: 0 records, 0 full page images, 0 bytes
system usage: CPU: user: 0.00 s, system: 0.00 s, elapsed: 0.00 s
psql:vacuum_30Oct_4.sql:37: INFO:  analyzing "pspadm.psp_deduction_p3"
psql:vacuum_30Oct_4.sql:37: INFO:  "psp_deduction_p3": scanned 30000 of 6448645 pages, containing 957147 live rows and 7394 dead rows; 30000 rows in sample, 205743374 estimated total rows
VACUUM
Time: 36671.314 ms (00:36.671)
vacuum (analyze, verbose) pspadm.psp_disburse_advice_tax_liab_p0;
psql:vacuum_30Oct_4.sql:38: INFO:  vacuuming "pspapg02.pspadm.psp_disburse_advice_tax_liab_p0"
psql:vacuum_30Oct_4.sql:38: INFO:  launched 4 parallel vacuum workers for index cleanup (planned: 4)
psql:vacuum_30Oct_4.sql:38: INFO:  finished vacuuming "pspapg02.pspadm.psp_disburse_advice_tax_liab_p0": index scans: 0
pages: 0 removed, 5531998 remain, 101 scanned (0.00% of total)
tuples: 0 removed, 178623600 remain, 0 are dead but not yet removable
removable cutoff: 3769962408, which was 139 XIDs old when operation ended
new relfrozenxid: 3769962408, which is 125769954 XIDs ahead of previous value
new relminmxid: 27769, which is 7025 MXIDs ahead of previous value
index scan bypassed: 100 pages from table (0.00% of total) have 1077 dead item identifiers
I/O timings: read: 1655.596 ms, write: 0.000 ms
avg read rate: 5.021 MB/s, avg write rate: 0.000 MB/s
buffer usage: 557 hits, 1538 misses, 0 dirtied
WAL usage: 0 records, 0 full page images, 0 bytes
system usage: CPU: user: 0.19 s, system: 0.55 s, elapsed: 2.39 s
psql:vacuum_30Oct_4.sql:38: INFO:  vacuuming "pspapg02.pg_toast.pg_toast_199422"
psql:vacuum_30Oct_4.sql:38: INFO:  finished vacuuming "pspapg02.pg_toast.pg_toast_199422": index scans: 0
pages: 0 removed, 0 remain, 0 scanned (100.00% of total)
tuples: 0 removed, 0 remain, 0 are dead but not yet removable
removable cutoff: 3769962492, which was 55 XIDs old when operation ended
new relfrozenxid: 3769962492, which is 143548429 XIDs ahead of previous value
new relminmxid: 27769, which is 7816 MXIDs ahead of previous value
index scan not needed: 0 pages from table (100.00% of total) had 0 dead item identifiers removed
I/O timings: read: 0.940 ms, write: 0.000 ms
avg read rate: 7.254 MB/s, avg write rate: 0.000 MB/s
buffer usage: 19 hits, 1 misses, 0 dirtied
WAL usage: 0 records, 0 full page images, 0 bytes
system usage: CPU: user: 0.00 s, system: 0.00 s, elapsed: 0.00 s
psql:vacuum_30Oct_4.sql:38: INFO:  analyzing "pspadm.psp_disburse_advice_tax_liab_p0"
psql:vacuum_30Oct_4.sql:38: INFO:  "psp_disburse_advice_tax_liab_p0": scanned 30000 of 5531998 pages, containing 968894 live rows and 0 dead rows; 30000 rows in sample, 178663989 estimated total rows
VACUUM
Time: 33525.183 ms (00:33.525)
vacuum (analyze, verbose) pspadm.psp_disburse_advice_tax_liab_p1;
psql:vacuum_30Oct_4.sql:39: INFO:  vacuuming "pspapg02.pspadm.psp_disburse_advice_tax_liab_p1"
psql:vacuum_30Oct_4.sql:39: INFO:  launched 4 parallel vacuum workers for index cleanup (planned: 4)
psql:vacuum_30Oct_4.sql:39: INFO:  finished vacuuming "pspapg02.pspadm.psp_disburse_advice_tax_liab_p1": index scans: 0
pages: 0 removed, 5602022 remain, 156 scanned (0.00% of total)
tuples: 0 removed, 180931120 remain, 0 are dead but not yet removable
removable cutoff: 3769965048, which was 2703 XIDs old when operation ended
new relfrozenxid: 3769965048, which is 125772594 XIDs ahead of previous value
new relminmxid: 27769, which is 7025 MXIDs ahead of previous value
index scan bypassed: 155 pages from table (0.00% of total) have 1642 dead item identifiers
I/O timings: read: 1615.576 ms, write: 0.000 ms
avg read rate: 5.168 MB/s, avg write rate: 0.000 MB/s
buffer usage: 617 hits, 1557 misses, 0 dirtied
WAL usage: 0 records, 0 full page images, 0 bytes
system usage: CPU: user: 0.15 s, system: 0.59 s, elapsed: 2.35 s
psql:vacuum_30Oct_4.sql:39: INFO:  vacuuming "pspapg02.pg_toast.pg_toast_199428"
psql:vacuum_30Oct_4.sql:39: INFO:  finished vacuuming "pspapg02.pg_toast.pg_toast_199428": index scans: 0
pages: 0 removed, 0 remain, 0 scanned (100.00% of total)
tuples: 0 removed, 0 remain, 0 are dead but not yet removable
removable cutoff: 3769965048, which was 2703 XIDs old when operation ended
new relfrozenxid: 3769965048, which is 143550985 XIDs ahead of previous value
new relminmxid: 27769, which is 7816 MXIDs ahead of previous value
index scan not needed: 0 pages from table (100.00% of total) had 0 dead item identifiers removed
I/O timings: read: 0.866 ms, write: 0.000 ms
avg read rate: 7.820 MB/s, avg write rate: 0.000 MB/s
buffer usage: 19 hits, 1 misses, 0 dirtied
WAL usage: 0 records, 0 full page images, 0 bytes
system usage: CPU: user: 0.00 s, system: 0.00 s, elapsed: 0.00 s
psql:vacuum_30Oct_4.sql:39: INFO:  analyzing "pspadm.psp_disburse_advice_tax_liab_p1"
psql:vacuum_30Oct_4.sql:39: INFO:  "psp_disburse_advice_tax_liab_p1": scanned 30000 of 5602022 pages, containing 968985 live rows and 13 dead rows; 30000 rows in sample, 180942510 estimated total rows
VACUUM
Time: 33423.212 ms (00:33.423)
vacuum (analyze, verbose) pspadm.psp_disburse_advice_tax_liab_p2;
psql:vacuum_30Oct_4.sql:40: INFO:  vacuuming "pspapg02.pspadm.psp_disburse_advice_tax_liab_p2"
psql:vacuum_30Oct_4.sql:40: INFO:  launched 4 parallel vacuum workers for index cleanup (planned: 4)
psql:vacuum_30Oct_4.sql:40: INFO:  finished vacuuming "pspapg02.pspadm.psp_disburse_advice_tax_liab_p2": index scans: 0
pages: 0 removed, 5534795 remain, 190 scanned (0.00% of total)
tuples: 0 removed, 178848224 remain, 0 are dead but not yet removable
removable cutoff: 3769969062, which was 389 XIDs old when operation ended
new relfrozenxid: 3769969062, which is 125776608 XIDs ahead of previous value
new relminmxid: 27769, which is 7025 MXIDs ahead of previous value
index scan bypassed: 189 pages from table (0.00% of total) have 2283 dead item identifiers
I/O timings: read: 1664.961 ms, write: 0.000 ms
avg read rate: 4.998 MB/s, avg write rate: 0.000 MB/s
buffer usage: 652 hits, 1539 misses, 0 dirtied
WAL usage: 0 records, 0 full page images, 0 bytes
system usage: CPU: user: 0.16 s, system: 0.58 s, elapsed: 2.40 s
psql:vacuum_30Oct_4.sql:40: INFO:  vacuuming "pspapg02.pg_toast.pg_toast_199434"
psql:vacuum_30Oct_4.sql:40: INFO:  finished vacuuming "pspapg02.pg_toast.pg_toast_199434": index scans: 0
pages: 0 removed, 0 remain, 0 scanned (100.00% of total)
tuples: 0 removed, 0 remain, 0 are dead but not yet removable
removable cutoff: 3769969065, which was 386 XIDs old when operation ended
new relfrozenxid: 3769969065, which is 143555002 XIDs ahead of previous value
new relminmxid: 27769, which is 7816 MXIDs ahead of previous value
index scan not needed: 0 pages from table (100.00% of total) had 0 dead item identifiers removed
I/O timings: read: 0.905 ms, write: 0.000 ms
avg read rate: 7.440 MB/s, avg write rate: 0.000 MB/s
buffer usage: 19 hits, 1 misses, 0 dirtied
WAL usage: 0 records, 0 full page images, 0 bytes
system usage: CPU: user: 0.00 s, system: 0.00 s, elapsed: 0.00 s
psql:vacuum_30Oct_4.sql:40: INFO:  analyzing "pspadm.psp_disburse_advice_tax_liab_p2"
psql:vacuum_30Oct_4.sql:40: INFO:  "psp_disburse_advice_tax_liab_p2": scanned 30000 of 5534795 pages, containing 969297 live rows and 0 dead rows; 30000 rows in sample, 178828673 estimated total rows
VACUUM
Time: 33351.213 ms (00:33.351)
vacuum (analyze, verbose) pspadm.psp_disburse_advice_tax_liab_p3;
psql:vacuum_30Oct_4.sql:41: INFO:  vacuuming "pspapg02.pspadm.psp_disburse_advice_tax_liab_p3"
psql:vacuum_30Oct_4.sql:41: INFO:  launched 4 parallel vacuum workers for index cleanup (planned: 4)
psql:vacuum_30Oct_4.sql:41: INFO:  finished vacuuming "pspapg02.pspadm.psp_disburse_advice_tax_liab_p3": index scans: 0
pages: 0 removed, 5583186 remain, 214 scanned (0.00% of total)
tuples: 0 removed, 180406144 remain, 0 are dead but not yet removable
removable cutoff: 3769972379, which was 539 XIDs old when operation ended
new relfrozenxid: 3769972379, which is 143568228 XIDs ahead of previous value
new relminmxid: 27769, which is 7816 MXIDs ahead of previous value
index scan bypassed: 213 pages from table (0.00% of total) have 2547 dead item identifiers
I/O timings: read: 1614.572 ms, write: 0.000 ms
avg read rate: 5.149 MB/s, avg write rate: 0.000 MB/s
buffer usage: 682 hits, 1552 misses, 0 dirtied
WAL usage: 0 records, 0 full page images, 0 bytes
system usage: CPU: user: 0.18 s, system: 0.56 s, elapsed: 2.35 s
psql:vacuum_30Oct_4.sql:41: INFO:  vacuuming "pspapg02.pg_toast.pg_toast_199440"
psql:vacuum_30Oct_4.sql:41: INFO:  finished vacuuming "pspapg02.pg_toast.pg_toast_199440": index scans: 0
pages: 0 removed, 0 remain, 0 scanned (100.00% of total)
tuples: 0 removed, 0 remain, 0 are dead but not yet removable
removable cutoff: 3769972379, which was 539 XIDs old when operation ended
new relfrozenxid: 3769972379, which is 143558316 XIDs ahead of previous value
new relminmxid: 27769, which is 7816 MXIDs ahead of previous value
index scan not needed: 0 pages from table (100.00% of total) had 0 dead item identifiers removed
I/O timings: read: 0.880 ms, write: 0.000 ms
avg read rate: 7.735 MB/s, avg write rate: 0.000 MB/s
buffer usage: 19 hits, 1 misses, 0 dirtied
WAL usage: 0 records, 0 full page images, 0 bytes
system usage: CPU: user: 0.00 s, system: 0.00 s, elapsed: 0.00 s
psql:vacuum_30Oct_4.sql:41: INFO:  analyzing "pspadm.psp_disburse_advice_tax_liab_p3"
psql:vacuum_30Oct_4.sql:41: INFO:  "psp_disburse_advice_tax_liab_p3": scanned 30000 of 5583186 pages, containing 969205 live rows and 1 dead rows; 30000 rows in sample, 180375060 estimated total rows
VACUUM
Time: 33274.287 ms (00:33.274)
