Timing is on.
vacuum (analyze, verbose) pspadm.psp_qbdt_paycheck_info_p0;
psql:vacuum_30Oct_9.sql:4: INFO:  vacuuming "pspapg02.pspadm.psp_qbdt_paycheck_info_p0"
psql:vacuum_30Oct_9.sql:4: INFO:  launched 5 parallel vacuum workers for index cleanup (planned: 5)
psql:vacuum_30Oct_9.sql:4: INFO:  finished vacuuming "pspapg02.pspadm.psp_qbdt_paycheck_info_p0": index scans: 0
pages: 0 removed, 3536937 remain, 22647 scanned (0.64% of total)
tuples: 15242 removed, 102332978 remain, 0 are dead but not yet removable
removable cutoff: 3770967171, which was 9752 XIDs old when operation ended
index scan bypassed: 11577 pages from table (0.33% of total) have 52842 dead item identifiers
I/O timings: read: 1642.529 ms, write: 0.000 ms
avg read rate: 2.986 MB/s, avg write rate: 0.000 MB/s
buffer usage: 34396 hits, 956 misses, 0 dirtied
WAL usage: 0 records, 0 full page images, 0 bytes
system usage: CPU: user: 0.31 s, system: 0.56 s, elapsed: 2.50 s
psql:vacuum_30Oct_9.sql:4: INFO:  vacuuming "pspapg02.pg_toast.pg_toast_198940"
psql:vacuum_30Oct_9.sql:4: INFO:  finished vacuuming "pspapg02.pg_toast.pg_toast_198940": index scans: 0
pages: 0 removed, 0 remain, 0 scanned (100.00% of total)
tuples: 0 removed, 0 remain, 0 are dead but not yet removable
removable cutoff: 3770976679, which was 244 XIDs old when operation ended
new relfrozenxid: 3770976679, which is 74835647 XIDs ahead of previous value
new relminmxid: 27799, which is 2248 MXIDs ahead of previous value
index scan not needed: 0 pages from table (100.00% of total) had 0 dead item identifiers removed
I/O timings: read: 0.870 ms, write: 0.000 ms
avg read rate: 7.476 MB/s, avg write rate: 0.000 MB/s
buffer usage: 26 hits, 1 misses, 0 dirtied
WAL usage: 0 records, 0 full page images, 0 bytes
system usage: CPU: user: 0.00 s, system: 0.00 s, elapsed: 0.00 s
psql:vacuum_30Oct_9.sql:4: INFO:  analyzing "pspadm.psp_qbdt_paycheck_info_p0"
psql:vacuum_30Oct_9.sql:4: INFO:  "psp_qbdt_paycheck_info_p0": scanned 30000 of 3536937 pages, containing 868110 live rows and 571 dead rows; 30000 rows in sample, 102348346 estimated total rows
VACUUM
Time: 35235.651 ms (00:35.236)
vacuum (analyze, verbose) pspadm.psp_qbdt_paycheck_info_p1;
psql:vacuum_30Oct_9.sql:5: INFO:  vacuuming "pspapg02.pspadm.psp_qbdt_paycheck_info_p1"
psql:vacuum_30Oct_9.sql:5: INFO:  launched 5 parallel vacuum workers for index cleanup (planned: 5)
psql:vacuum_30Oct_9.sql:5: INFO:  finished vacuuming "pspapg02.pspadm.psp_qbdt_paycheck_info_p1": index scans: 0
pages: 0 removed, 3583413 remain, 20090 scanned (0.56% of total)
tuples: 16343 removed, 103704798 remain, 0 are dead but not yet removable
removable cutoff: 3770983108, which was 2816 XIDs old when operation ended
index scan bypassed: 12919 pages from table (0.36% of total) have 62075 dead item identifiers
I/O timings: read: 1603.668 ms, write: 0.000 ms
avg read rate: 3.141 MB/s, avg write rate: 0.000 MB/s
buffer usage: 27891 hits, 979 misses, 0 dirtied
WAL usage: 0 records, 0 full page images, 0 bytes
system usage: CPU: user: 0.27 s, system: 0.57 s, elapsed: 2.43 s
psql:vacuum_30Oct_9.sql:5: INFO:  vacuuming "pspapg02.pg_toast.pg_toast_198951"
psql:vacuum_30Oct_9.sql:5: INFO:  finished vacuuming "pspapg02.pg_toast.pg_toast_198951": index scans: 0
pages: 0 removed, 0 remain, 0 scanned (100.00% of total)
tuples: 0 removed, 0 remain, 0 are dead but not yet removable
removable cutoff: 3770983108, which was 2816 XIDs old when operation ended
new relfrozenxid: 3770983108, which is 74842076 XIDs ahead of previous value
new relminmxid: 27799, which is 2194 MXIDs ahead of previous value
index scan not needed: 0 pages from table (100.00% of total) had 0 dead item identifiers removed
I/O timings: read: 1.252 ms, write: 0.000 ms
avg read rate: 5.707 MB/s, avg write rate: 0.000 MB/s
buffer usage: 19 hits, 1 misses, 0 dirtied
WAL usage: 0 records, 0 full page images, 0 bytes
system usage: CPU: user: 0.00 s, system: 0.00 s, elapsed: 0.00 s
psql:vacuum_30Oct_9.sql:5: INFO:  analyzing "pspadm.psp_qbdt_paycheck_info_p1"
psql:vacuum_30Oct_9.sql:5: INFO:  "psp_qbdt_paycheck_info_p1": scanned 30000 of 3583413 pages, containing 868634 live rows and 527 dead rows; 30000 rows in sample, 103755812 estimated total rows
VACUUM
Time: 34683.568 ms (00:34.684)
vacuum (analyze, verbose) pspadm.psp_qbdt_paycheck_info_p10;
psql:vacuum_30Oct_9.sql:6: INFO:  vacuuming "pspapg02.pspadm.psp_qbdt_paycheck_info_p10"
psql:vacuum_30Oct_9.sql:6: INFO:  launched 5 parallel vacuum workers for index cleanup (planned: 5)
psql:vacuum_30Oct_9.sql:6: INFO:  finished vacuuming "pspapg02.pspadm.psp_qbdt_paycheck_info_p10": index scans: 0
pages: 0 removed, 3554327 remain, 69199 scanned (1.95% of total)
tuples: 5503 removed, 101768590 remain, 0 are dead but not yet removable
removable cutoff: 3770997777, which was 513 XIDs old when operation ended
index scan bypassed: 68125 pages from table (1.92% of total) have 354636 dead item identifiers
I/O timings: read: 2494.077 ms, write: 0.000 ms
avg read rate: 2.214 MB/s, avg write rate: 0.000 MB/s
buffer usage: 71072 hits, 977 misses, 0 dirtied
WAL usage: 0 records, 0 full page images, 0 bytes
system usage: CPU: user: 0.40 s, system: 0.59 s, elapsed: 3.44 s
psql:vacuum_30Oct_9.sql:6: INFO:  vacuuming "pspapg02.pg_toast.pg_toast_199050"
psql:vacuum_30Oct_9.sql:6: INFO:  finished vacuuming "pspapg02.pg_toast.pg_toast_199050": index scans: 0
pages: 0 removed, 0 remain, 0 scanned (100.00% of total)
tuples: 0 removed, 0 remain, 0 are dead but not yet removable
removable cutoff: 3770997797, which was 493 XIDs old when operation ended
new relfrozenxid: 3770997797, which is 88918188 XIDs ahead of previous value
new relminmxid: 27802, which is 4907 MXIDs ahead of previous value
index scan not needed: 0 pages from table (100.00% of total) had 0 dead item identifiers removed
I/O timings: read: 1.137 ms, write: 0.000 ms
avg read rate: 6.147 MB/s, avg write rate: 0.000 MB/s
buffer usage: 19 hits, 1 misses, 0 dirtied
WAL usage: 0 records, 0 full page images, 0 bytes
system usage: CPU: user: 0.00 s, system: 0.00 s, elapsed: 0.00 s
psql:vacuum_30Oct_9.sql:6: INFO:  analyzing "pspadm.psp_qbdt_paycheck_info_p10"
psql:vacuum_30Oct_9.sql:6: INFO:  "psp_qbdt_paycheck_info_p10": scanned 30000 of 3554327 pages, containing 866277 live rows and 2976 dead rows; 30000 rows in sample, 102634391 estimated total rows
VACUUM
Time: 35848.693 ms (00:35.849)
vacuum (analyze, verbose) pspadm.psp_qbdt_paycheck_info_p11;
psql:vacuum_30Oct_9.sql:7: INFO:  vacuuming "pspapg02.pspadm.psp_qbdt_paycheck_info_p11"
psql:vacuum_30Oct_9.sql:7: INFO:  launched 5 parallel vacuum workers for index cleanup (planned: 5)
psql:vacuum_30Oct_9.sql:7: INFO:  finished vacuuming "pspapg02.pspadm.psp_qbdt_paycheck_info_p11": index scans: 0
pages: 0 removed, 3591939 remain, 13632 scanned (0.38% of total)
tuples: 5624 removed, 102963656 remain, 0 are dead but not yet removable
removable cutoff: 3771004453, which was 12104 XIDs old when operation ended
index scan bypassed: 1773 pages from table (0.05% of total) have 5709 dead item identifiers
I/O timings: read: 1286.191 ms, write: 0.000 ms
avg read rate: 3.626 MB/s, avg write rate: 0.000 MB/s
buffer usage: 26079 hits, 974 misses, 0 dirtied
WAL usage: 0 records, 0 full page images, 0 bytes
system usage: CPU: user: 0.18 s, system: 0.64 s, elapsed: 2.09 s
psql:vacuum_30Oct_9.sql:7: INFO:  vacuuming "pspapg02.pg_toast.pg_toast_199061"
psql:vacuum_30Oct_9.sql:7: INFO:  finished vacuuming "pspapg02.pg_toast.pg_toast_199061": index scans: 0
pages: 0 removed, 0 remain, 0 scanned (100.00% of total)
tuples: 0 removed, 0 remain, 0 are dead but not yet removable
removable cutoff: 3771011814, which was 4743 XIDs old when operation ended
new relfrozenxid: 3771011814, which is 88932205 XIDs ahead of previous value
new relminmxid: 27802, which is 4907 MXIDs ahead of previous value
index scan not needed: 0 pages from table (100.00% of total) had 0 dead item identifiers removed
I/O timings: read: 0.950 ms, write: 0.000 ms
avg read rate: 7.281 MB/s, avg write rate: 0.000 MB/s
buffer usage: 20 hits, 1 misses, 0 dirtied
WAL usage: 0 records, 0 full page images, 0 bytes
system usage: CPU: user: 0.00 s, system: 0.00 s, elapsed: 0.00 s
psql:vacuum_30Oct_9.sql:7: INFO:  analyzing "pspadm.psp_qbdt_paycheck_info_p11"
psql:vacuum_30Oct_9.sql:7: INFO:  "psp_qbdt_paycheck_info_p11": scanned 30000 of 3591939 pages, containing 866170 live rows and 32 dead rows; 30000 rows in sample, 103707660 estimated total rows
VACUUM
Time: 34108.438 ms (00:34.108)
vacuum (analyze, verbose) pspadm.psp_qbdt_paycheck_info_p12;
psql:vacuum_30Oct_9.sql:8: INFO:  vacuuming "pspapg02.pspadm.psp_qbdt_paycheck_info_p12"
psql:vacuum_30Oct_9.sql:8: INFO:  launched 5 parallel vacuum workers for index cleanup (planned: 5)
psql:vacuum_30Oct_9.sql:8: INFO:  finished vacuuming "pspapg02.pspadm.psp_qbdt_paycheck_info_p12": index scans: 0
pages: 0 removed, 3567364 remain, 26948 scanned (0.76% of total)
tuples: 16733 removed, 103119536 remain, 0 are dead but not yet removable
removable cutoff: 3771026129, which was 853 XIDs old when operation ended
index scan bypassed: 16871 pages from table (0.47% of total) have 63977 dead item identifiers
I/O timings: read: 1704.765 ms, write: 0.000 ms
avg read rate: 2.943 MB/s, avg write rate: 0.000 MB/s
buffer usage: 37651 hits, 970 misses, 0 dirtied
WAL usage: 0 records, 0 full page images, 0 bytes
system usage: CPU: user: 0.36 s, system: 0.52 s, elapsed: 2.57 s
psql:vacuum_30Oct_9.sql:8: INFO:  vacuuming "pspapg02.pg_toast.pg_toast_199073"
psql:vacuum_30Oct_9.sql:8: INFO:  finished vacuuming "pspapg02.pg_toast.pg_toast_199073": index scans: 0
pages: 0 removed, 0 remain, 0 scanned (100.00% of total)
tuples: 0 removed, 0 remain, 0 are dead but not yet removable
removable cutoff: 3771026610, which was 372 XIDs old when operation ended
new relfrozenxid: 3771026610, which is 89044253 XIDs ahead of previous value
new relminmxid: 27804, which is 4911 MXIDs ahead of previous value
index scan not needed: 0 pages from table (100.00% of total) had 0 dead item identifiers removed
I/O timings: read: 1.286 ms, write: 0.000 ms
avg read rate: 5.592 MB/s, avg write rate: 0.000 MB/s
buffer usage: 19 hits, 1 misses, 0 dirtied
WAL usage: 0 records, 0 full page images, 0 bytes
system usage: CPU: user: 0.00 s, system: 0.00 s, elapsed: 0.00 s
psql:vacuum_30Oct_9.sql:8: INFO:  analyzing "pspadm.psp_qbdt_paycheck_info_p12"
psql:vacuum_30Oct_9.sql:8: INFO:  "psp_qbdt_paycheck_info_p12": scanned 30000 of 3567364 pages, containing 869319 live rows and 684 dead rows; 30000 rows in sample, 103372577 estimated total rows
VACUUM
Time: 34448.310 ms (00:34.448)
vacuum (analyze, verbose) pspadm.psp_qbdt_paycheck_info_p13;
psql:vacuum_30Oct_9.sql:9: INFO:  vacuuming "pspapg02.pspadm.psp_qbdt_paycheck_info_p13"
psql:vacuum_30Oct_9.sql:9: INFO:  launched 5 parallel vacuum workers for index cleanup (planned: 5)
psql:vacuum_30Oct_9.sql:9: INFO:  finished vacuuming "pspapg02.pspadm.psp_qbdt_paycheck_info_p13": index scans: 0
pages: 0 removed, 3603994 remain, 11645 scanned (0.32% of total)
tuples: 5112 removed, 103410336 remain, 0 are dead but not yet removable
removable cutoff: 3771038497, which was 18057 XIDs old when operation ended
index scan bypassed: 1686 pages from table (0.05% of total) have 5277 dead item identifiers
I/O timings: read: 1282.215 ms, write: 0.000 ms
avg read rate: 3.674 MB/s, avg write rate: 0.000 MB/s
buffer usage: 22216 hits, 975 misses, 0 dirtied
WAL usage: 0 records, 0 full page images, 0 bytes
system usage: CPU: user: 0.21 s, system: 0.59 s, elapsed: 2.07 s
psql:vacuum_30Oct_9.sql:9: INFO:  vacuuming "pspapg02.pg_toast.pg_toast_199085"
psql:vacuum_30Oct_9.sql:9: INFO:  finished vacuuming "pspapg02.pg_toast.pg_toast_199085": index scans: 0
pages: 0 removed, 0 remain, 0 scanned (100.00% of total)
tuples: 0 removed, 0 remain, 0 are dead but not yet removable
removable cutoff: 3771038497, which was 18057 XIDs old when operation ended
new relfrozenxid: 3771038497, which is 88876822 XIDs ahead of previous value
new relminmxid: 27806, which is 4904 MXIDs ahead of previous value
index scan not needed: 0 pages from table (100.00% of total) had 0 dead item identifiers removed
I/O timings: read: 0.966 ms, write: 0.000 ms
avg read rate: 7.241 MB/s, avg write rate: 0.000 MB/s
buffer usage: 19 hits, 1 misses, 0 dirtied
WAL usage: 0 records, 0 full page images, 0 bytes
system usage: CPU: user: 0.00 s, system: 0.00 s, elapsed: 0.00 s
psql:vacuum_30Oct_9.sql:9: INFO:  analyzing "pspadm.psp_qbdt_paycheck_info_p13"
psql:vacuum_30Oct_9.sql:9: INFO:  "psp_qbdt_paycheck_info_p13": scanned 30000 of 3603994 pages, containing 866447 live rows and 16 dead rows; 30000 rows in sample, 104088993 estimated total rows
VACUUM
Time: 34056.562 ms (00:34.057)
vacuum (analyze, verbose) pspadm.psp_qbdt_paycheck_info_p15;
psql:vacuum_30Oct_9.sql:11: INFO:  vacuuming "pspapg02.pspadm.psp_qbdt_paycheck_info_p15"
psql:vacuum_30Oct_9.sql:11: INFO:  launched 5 parallel vacuum workers for index cleanup (planned: 5)
psql:vacuum_30Oct_9.sql:11: INFO:  finished vacuuming "pspapg02.pspadm.psp_qbdt_paycheck_info_p15": index scans: 0
pages: 0 removed, 3591704 remain, 38779 scanned (1.08% of total)
tuples: 22974 removed, 103047546 remain, 146 are dead but not yet removable
removable cutoff: 3771064083, which was 9604 XIDs old when operation ended
index scan bypassed: 6072 pages from table (0.17% of total) have 23252 dead item identifiers
I/O timings: read: 1866.392 ms, write: 0.000 ms
avg read rate: 2.616 MB/s, avg write rate: 0.000 MB/s
buffer usage: 72192 hits, 976 misses, 0 dirtied
WAL usage: 0 records, 0 full page images, 0 bytes
system usage: CPU: user: 0.46 s, system: 0.61 s, elapsed: 2.91 s
psql:vacuum_30Oct_9.sql:11: INFO:  vacuuming "pspapg02.pg_toast.pg_toast_199107"
psql:vacuum_30Oct_9.sql:11: INFO:  finished vacuuming "pspapg02.pg_toast.pg_toast_199107": index scans: 0
pages: 0 removed, 0 remain, 0 scanned (100.00% of total)
tuples: 0 removed, 0 remain, 0 are dead but not yet removable
removable cutoff: 3771064083, which was 9604 XIDs old when operation ended
new relfrozenxid: 3771064083, which is 89430805 XIDs ahead of previous value
new relminmxid: 27806, which is 4939 MXIDs ahead of previous value
index scan not needed: 0 pages from table (100.00% of total) had 0 dead item identifiers removed
I/O timings: read: 1.596 ms, write: 0.000 ms
avg read rate: 4.550 MB/s, avg write rate: 0.000 MB/s
buffer usage: 19 hits, 1 misses, 0 dirtied
WAL usage: 0 records, 0 full page images, 0 bytes
system usage: CPU: user: 0.00 s, system: 0.00 s, elapsed: 0.00 s
psql:vacuum_30Oct_9.sql:11: INFO:  analyzing "pspadm.psp_qbdt_paycheck_info_p15"
psql:vacuum_30Oct_9.sql:11: INFO:  "psp_qbdt_paycheck_info_p15": scanned 30000 of 3591704 pages, containing 866910 live rows and 146 dead rows; 30000 rows in sample, 103789470 estimated total rows
VACUUM
Time: 34716.411 ms (00:34.716)
vacuum (analyze, verbose) pspadm.psp_qbdt_paycheck_info_p2;
psql:vacuum_30Oct_9.sql:12: INFO:  vacuuming "pspapg02.pspadm.psp_qbdt_paycheck_info_p2"
psql:vacuum_30Oct_9.sql:12: INFO:  launched 5 parallel vacuum workers for index cleanup (planned: 5)
psql:vacuum_30Oct_9.sql:12: INFO:  finished vacuuming "pspapg02.pspadm.psp_qbdt_paycheck_info_p2": index scans: 0
pages: 0 removed, 3597578 remain, 17500 scanned (0.49% of total)
tuples: 11669 removed, 103255088 remain, 0 are dead but not yet removable
removable cutoff: 3771080787, which was 2321 XIDs old when operation ended
index scan bypassed: 3655 pages from table (0.10% of total) have 16930 dead item identifiers
I/O timings: read: 1322.675 ms, write: 0.000 ms
avg read rate: 3.530 MB/s, avg write rate: 0.000 MB/s
buffer usage: 31977 hits, 975 misses, 0 dirtied
WAL usage: 0 records, 0 full page images, 0 bytes
system usage: CPU: user: 0.22 s, system: 0.62 s, elapsed: 2.15 s
psql:vacuum_30Oct_9.sql:12: INFO:  vacuuming "pspapg02.pg_toast.pg_toast_198962"
psql:vacuum_30Oct_9.sql:12: INFO:  finished vacuuming "pspapg02.pg_toast.pg_toast_198962": index scans: 0
pages: 0 removed, 0 remain, 0 scanned (100.00% of total)
tuples: 0 removed, 0 remain, 0 are dead but not yet removable
removable cutoff: 3771080857, which was 2251 XIDs old when operation ended
new relfrozenxid: 3771080857, which is 89887640 XIDs ahead of previous value
new relminmxid: 27806, which is 4964 MXIDs ahead of previous value
index scan not needed: 0 pages from table (100.00% of total) had 0 dead item identifiers removed
I/O timings: read: 0.863 ms, write: 0.000 ms
avg read rate: 7.948 MB/s, avg write rate: 0.000 MB/s
buffer usage: 19 hits, 1 misses, 0 dirtied
WAL usage: 0 records, 0 full page images, 0 bytes
system usage: CPU: user: 0.00 s, system: 0.00 s, elapsed: 0.00 s
psql:vacuum_30Oct_9.sql:12: INFO:  analyzing "pspadm.psp_qbdt_paycheck_info_p2"
psql:vacuum_30Oct_9.sql:12: INFO:  "psp_qbdt_paycheck_info_p2": scanned 30000 of 3597578 pages, containing 866379 live rows and 142 dead rows; 30000 rows in sample, 103895534 estimated total rows
VACUUM
Time: 33939.833 ms (00:33.940)
vacuum (analyze, verbose) pspadm.psp_qbdt_paycheck_info_p3;
psql:vacuum_30Oct_9.sql:13: INFO:  vacuuming "pspapg02.pspadm.psp_qbdt_paycheck_info_p3"
psql:vacuum_30Oct_9.sql:13: INFO:  launched 5 parallel vacuum workers for index cleanup (planned: 5)
psql:vacuum_30Oct_9.sql:13: INFO:  finished vacuuming "pspapg02.pspadm.psp_qbdt_paycheck_info_p3": index scans: 0
pages: 0 removed, 3563016 remain, 40780 scanned (1.14% of total)
tuples: 20539 removed, 102236040 remain, 0 are dead but not yet removable
removable cutoff: 3771088066, which was 3169 XIDs old when operation ended
index scan bypassed: 6426 pages from table (0.18% of total) have 20831 dead item identifiers
I/O timings: read: 1899.297 ms, write: 0.000 ms
avg read rate: 2.575 MB/s, avg write rate: 0.000 MB/s
buffer usage: 75834 hits, 980 misses, 0 dirtied
WAL usage: 0 records, 0 full page images, 0 bytes
system usage: CPU: user: 0.51 s, system: 0.59 s, elapsed: 2.97 s
psql:vacuum_30Oct_9.sql:13: INFO:  vacuuming "pspapg02.pg_toast.pg_toast_198973"
psql:vacuum_30Oct_9.sql:13: INFO:  finished vacuuming "pspapg02.pg_toast.pg_toast_198973": index scans: 0
pages: 0 removed, 0 remain, 0 scanned (100.00% of total)
tuples: 0 removed, 0 remain, 0 are dead but not yet removable
removable cutoff: 3771088066, which was 3169 XIDs old when operation ended
new relfrozenxid: 3771088066, which is 89454788 XIDs ahead of previous value
new relminmxid: 27806, which is 4939 MXIDs ahead of previous value
index scan not needed: 0 pages from table (100.00% of total) had 0 dead item identifiers removed
I/O timings: read: 1.299 ms, write: 0.000 ms
avg read rate: 5.475 MB/s, avg write rate: 0.000 MB/s
buffer usage: 19 hits, 1 misses, 0 dirtied
WAL usage: 0 records, 0 full page images, 0 bytes
system usage: CPU: user: 0.00 s, system: 0.00 s, elapsed: 0.00 s
psql:vacuum_30Oct_9.sql:13: INFO:  analyzing "pspadm.psp_qbdt_paycheck_info_p3"
psql:vacuum_30Oct_9.sql:13: INFO:  "psp_qbdt_paycheck_info_p3": scanned 30000 of 3563016 pages, containing 867353 live rows and 122 dead rows; 30000 rows in sample, 103013087 estimated total rows
VACUUM
Time: 34490.196 ms (00:34.490)
vacuum (analyze, verbose) pspadm.psp_qbdt_paycheck_info_p4;
psql:vacuum_30Oct_9.sql:14: INFO:  vacuuming "pspapg02.pspadm.psp_qbdt_paycheck_info_p4"
psql:vacuum_30Oct_9.sql:14: INFO:  launched 5 parallel vacuum workers for index cleanup (planned: 5)
psql:vacuum_30Oct_9.sql:14: INFO:  finished vacuuming "pspapg02.pspadm.psp_qbdt_paycheck_info_p4": index scans: 0
pages: 0 removed, 3616790 remain, 16639 scanned (0.46% of total)
tuples: 5708 removed, 104213760 remain, 0 are dead but not yet removable
removable cutoff: 3771097889, which was 837 XIDs old when operation ended
index scan bypassed: 11709 pages from table (0.32% of total) have 41264 dead item identifiers
I/O timings: read: 1503.216 ms, write: 0.000 ms
avg read rate: 3.366 MB/s, avg write rate: 0.000 MB/s
buffer usage: 22185 hits, 989 misses, 0 dirtied
WAL usage: 0 records, 0 full page images, 0 bytes
system usage: CPU: user: 0.22 s, system: 0.58 s, elapsed: 2.29 s
psql:vacuum_30Oct_9.sql:14: INFO:  vacuuming "pspapg02.pg_toast.pg_toast_198984"
psql:vacuum_30Oct_9.sql:14: INFO:  finished vacuuming "pspapg02.pg_toast.pg_toast_198984": index scans: 0
pages: 0 removed, 0 remain, 0 scanned (100.00% of total)
tuples: 0 removed, 0 remain, 0 are dead but not yet removable
removable cutoff: 3771098426, which was 300 XIDs old when operation ended
new relfrozenxid: 3771098426, which is 89997940 XIDs ahead of previous value
new relminmxid: 27813, which is 4971 MXIDs ahead of previous value
index scan not needed: 0 pages from table (100.00% of total) had 0 dead item identifiers removed
I/O timings: read: 1.245 ms, write: 0.000 ms
avg read rate: 5.653 MB/s, avg write rate: 0.000 MB/s
buffer usage: 19 hits, 1 misses, 0 dirtied
WAL usage: 0 records, 0 full page images, 0 bytes
system usage: CPU: user: 0.00 s, system: 0.00 s, elapsed: 0.00 s
psql:vacuum_30Oct_9.sql:14: INFO:  analyzing "pspadm.psp_qbdt_paycheck_info_p4"
psql:vacuum_30Oct_9.sql:14: INFO:  "psp_qbdt_paycheck_info_p4": scanned 30000 of 3616790 pages, containing 869362 live rows and 272 dead rows; 30000 rows in sample, 104809993 estimated total rows
VACUUM
Time: 34359.789 ms (00:34.360)
vacuum (analyze, verbose) pspadm.psp_qbdt_paycheck_info_p5;
psql:vacuum_30Oct_9.sql:15: INFO:  vacuuming "pspapg02.pspadm.psp_qbdt_paycheck_info_p5"
psql:vacuum_30Oct_9.sql:15: INFO:  launched 5 parallel vacuum workers for index cleanup (planned: 5)
psql:vacuum_30Oct_9.sql:15: INFO:  finished vacuuming "pspapg02.pspadm.psp_qbdt_paycheck_info_p5": index scans: 0
pages: 0 removed, 3617289 remain, 12157 scanned (0.34% of total)
tuples: 5335 removed, 103823864 remain, 0 are dead but not yet removable
removable cutoff: 3771100915, which was 4131 XIDs old when operation ended
index scan bypassed: 1504 pages from table (0.04% of total) have 5439 dead item identifiers
I/O timings: read: 1281.589 ms, write: 0.000 ms
avg read rate: 3.647 MB/s, avg write rate: 0.000 MB/s
buffer usage: 23420 hits, 972 misses, 0 dirtied
WAL usage: 0 records, 0 full page images, 0 bytes
system usage: CPU: user: 0.22 s, system: 0.59 s, elapsed: 2.08 s
psql:vacuum_30Oct_9.sql:15: INFO:  vacuuming "pspapg02.pg_toast.pg_toast_198995"
psql:vacuum_30Oct_9.sql:15: INFO:  finished vacuuming "pspapg02.pg_toast.pg_toast_198995": index scans: 0
pages: 0 removed, 0 remain, 0 scanned (100.00% of total)
tuples: 0 removed, 0 remain, 0 are dead but not yet removable
removable cutoff: 3771104245, which was 801 XIDs old when operation ended
new relfrozenxid: 3771104245, which is 89948948 XIDs ahead of previous value
new relminmxid: 27815, which is 4973 MXIDs ahead of previous value
index scan not needed: 0 pages from table (100.00% of total) had 0 dead item identifiers removed
I/O timings: read: 0.944 ms, write: 0.000 ms
avg read rate: 7.363 MB/s, avg write rate: 0.000 MB/s
buffer usage: 19 hits, 1 misses, 0 dirtied
WAL usage: 0 records, 0 full page images, 0 bytes
system usage: CPU: user: 0.00 s, system: 0.00 s, elapsed: 0.00 s
psql:vacuum_30Oct_9.sql:15: INFO:  analyzing "pspadm.psp_qbdt_paycheck_info_p5"
psql:vacuum_30Oct_9.sql:15: INFO:  "psp_qbdt_paycheck_info_p5": scanned 30000 of 3617289 pages, containing 867141 live rows and 43 dead rows; 30000 rows in sample, 104556653 estimated total rows
VACUUM
Time: 33527.169 ms (00:33.527)
vacuum (analyze, verbose) pspadm.psp_qbdt_paycheck_info_p6;
psql:vacuum_30Oct_9.sql:16: INFO:  vacuuming "pspapg02.pspadm.psp_qbdt_paycheck_info_p6"
psql:vacuum_30Oct_9.sql:16: INFO:  launched 5 parallel vacuum workers for index cleanup (planned: 5)
psql:vacuum_30Oct_9.sql:16: INFO:  finished vacuuming "pspapg02.pspadm.psp_qbdt_paycheck_info_p6": index scans: 0
pages: 0 removed, 3524374 remain, 11952 scanned (0.34% of total)
tuples: 5076 removed, 101189808 remain, 0 are dead but not yet removable
removable cutoff: 3771111825, which was 1463 XIDs old when operation ended
index scan bypassed: 1563 pages from table (0.04% of total) have 5166 dead item identifiers
I/O timings: read: 1194.200 ms, write: 0.000 ms
avg read rate: 3.677 MB/s, avg write rate: 0.000 MB/s
buffer usage: 22934 hits, 955 misses, 0 dirtied
WAL usage: 0 records, 0 full page images, 0 bytes
system usage: CPU: user: 0.20 s, system: 0.60 s, elapsed: 2.02 s
psql:vacuum_30Oct_9.sql:16: INFO:  vacuuming "pspapg02.pg_toast.pg_toast_199006"
psql:vacuum_30Oct_9.sql:16: INFO:  finished vacuuming "pspapg02.pg_toast.pg_toast_199006": index scans: 0
pages: 0 removed, 0 remain, 0 scanned (100.00% of total)
tuples: 0 removed, 0 remain, 0 are dead but not yet removable
removable cutoff: 3771112535, which was 753 XIDs old when operation ended
new relfrozenxid: 3771112535, which is 88950860 XIDs ahead of previous value
new relminmxid: 27815, which is 4913 MXIDs ahead of previous value
index scan not needed: 0 pages from table (100.00% of total) had 0 dead item identifiers removed
I/O timings: read: 1.450 ms, write: 0.000 ms
avg read rate: 4.982 MB/s, avg write rate: 0.000 MB/s
buffer usage: 19 hits, 1 misses, 0 dirtied
WAL usage: 0 records, 0 full page images, 0 bytes
system usage: CPU: user: 0.00 s, system: 0.00 s, elapsed: 0.00 s
psql:vacuum_30Oct_9.sql:16: INFO:  analyzing "pspadm.psp_qbdt_paycheck_info_p6"
psql:vacuum_30Oct_9.sql:16: INFO:  "psp_qbdt_paycheck_info_p6": scanned 30000 of 3524374 pages, containing 866649 live rows and 41 dead rows; 30000 rows in sample, 101813173 estimated total rows
VACUUM
Time: 33815.290 ms (00:33.815)
vacuum (analyze, verbose) pspadm.psp_qbdt_paycheck_info_p7;
psql:vacuum_30Oct_9.sql:17: INFO:  vacuuming "pspapg02.pspadm.psp_qbdt_paycheck_info_p7"
psql:vacuum_30Oct_9.sql:17: INFO:  launched 5 parallel vacuum workers for index cleanup (planned: 5)
psql:vacuum_30Oct_9.sql:17: INFO:  finished vacuuming "pspapg02.pspadm.psp_qbdt_paycheck_info_p7": index scans: 0
pages: 0 removed, 3608836 remain, 16900 scanned (0.47% of total)
tuples: 16363 removed, 103403463 remain, 95 are dead but not yet removable
removable cutoff: 3771120894, which was 4628 XIDs old when operation ended
index scan bypassed: 2665 pages from table (0.07% of total) have 16491 dead item identifiers
I/O timings: read: 1293.409 ms, write: 0.000 ms
avg read rate: 3.542 MB/s, avg write rate: 0.000 MB/s
buffer usage: 31781 hits, 964 misses, 0 dirtied
WAL usage: 0 records, 0 full page images, 0 bytes
system usage: CPU: user: 0.30 s, system: 0.54 s, elapsed: 2.12 s
psql:vacuum_30Oct_9.sql:17: INFO:  vacuuming "pspapg02.pg_toast.pg_toast_199017"
psql:vacuum_30Oct_9.sql:17: INFO:  finished vacuuming "pspapg02.pg_toast.pg_toast_199017": index scans: 0
pages: 0 removed, 0 remain, 0 scanned (100.00% of total)
tuples: 0 removed, 0 remain, 0 are dead but not yet removable
removable cutoff: 3771121517, which was 4013 XIDs old when operation ended
new relfrozenxid: 3771121517, which is 89041908 XIDs ahead of previous value
new relminmxid: 27815, which is 4920 MXIDs ahead of previous value
index scan not needed: 0 pages from table (100.00% of total) had 0 dead item identifiers removed
I/O timings: read: 0.847 ms, write: 0.000 ms
avg read rate: 8.147 MB/s, avg write rate: 0.000 MB/s
buffer usage: 20 hits, 1 misses, 0 dirtied
WAL usage: 0 records, 0 full page images, 0 bytes
system usage: CPU: user: 0.00 s, system: 0.00 s, elapsed: 0.00 s
psql:vacuum_30Oct_9.sql:17: INFO:  analyzing "pspadm.psp_qbdt_paycheck_info_p7"
psql:vacuum_30Oct_9.sql:17: INFO:  "psp_qbdt_paycheck_info_p7": scanned 30000 of 3608836 pages, containing 865491 live rows and 238 dead rows; 30000 rows in sample, 104113836 estimated total rows
VACUUM
Time: 33588.013 ms (00:33.588)
vacuum (analyze, verbose) pspadm.psp_qbdt_paycheck_info_p8;
psql:vacuum_30Oct_9.sql:18: INFO:  vacuuming "pspapg02.pspadm.psp_qbdt_paycheck_info_p8"
psql:vacuum_30Oct_9.sql:18: INFO:  launched 5 parallel vacuum workers for index cleanup (planned: 5)
psql:vacuum_30Oct_9.sql:18: INFO:  finished vacuuming "pspapg02.pspadm.psp_qbdt_paycheck_info_p8": index scans: 0
pages: 0 removed, 3588870 remain, 12220 scanned (0.34% of total)
tuples: 5312 removed, 103006272 remain, 0 are dead but not yet removable
removable cutoff: 3771132111, which was 1333 XIDs old when operation ended
index scan bypassed: 1642 pages from table (0.05% of total) have 5405 dead item identifiers
I/O timings: read: 1276.385 ms, write: 0.000 ms
avg read rate: 3.657 MB/s, avg write rate: 0.000 MB/s
buffer usage: 23413 hits, 968 misses, 0 dirtied
WAL usage: 0 records, 0 full page images, 0 bytes
system usage: CPU: user: 0.20 s, system: 0.59 s, elapsed: 2.06 s
psql:vacuum_30Oct_9.sql:18: INFO:  vacuuming "pspapg02.pg_toast.pg_toast_199028"
psql:vacuum_30Oct_9.sql:18: INFO:  finished vacuuming "pspapg02.pg_toast.pg_toast_199028": index scans: 0
pages: 0 removed, 0 remain, 0 scanned (100.00% of total)
tuples: 0 removed, 0 remain, 0 are dead but not yet removable
removable cutoff: 3771132111, which was 1333 XIDs old when operation ended
new relfrozenxid: 3771132111, which is 88931709 XIDs ahead of previous value
new relminmxid: 27817, which is 4915 MXIDs ahead of previous value
index scan not needed: 0 pages from table (100.00% of total) had 0 dead item identifiers removed
I/O timings: read: 0.868 ms, write: 0.000 ms
avg read rate: 7.883 MB/s, avg write rate: 0.000 MB/s
buffer usage: 19 hits, 1 misses, 0 dirtied
WAL usage: 0 records, 0 full page images, 0 bytes
system usage: CPU: user: 0.00 s, system: 0.00 s, elapsed: 0.00 s
psql:vacuum_30Oct_9.sql:18: INFO:  analyzing "pspadm.psp_qbdt_paycheck_info_p8"
psql:vacuum_30Oct_9.sql:18: INFO:  "psp_qbdt_paycheck_info_p8": scanned 30000 of 3588870 pages, containing 867181 live rows and 49 dead rows; 30000 rows in sample, 103739996 estimated total rows
VACUUM
Time: 33650.734 ms (00:33.651)
vacuum (analyze, verbose) pspadm.psp_qbdt_paycheck_info_p9;
psql:vacuum_30Oct_9.sql:19: INFO:  vacuuming "pspapg02.pspadm.psp_qbdt_paycheck_info_p9"
psql:vacuum_30Oct_9.sql:19: INFO:  launched 5 parallel vacuum workers for index cleanup (planned: 5)
psql:vacuum_30Oct_9.sql:19: INFO:  finished vacuuming "pspapg02.pspadm.psp_qbdt_paycheck_info_p9": index scans: 0
pages: 0 removed, 3599382 remain, 15964 scanned (0.44% of total)
tuples: 5836 removed, 103462680 remain, 0 are dead but not yet removable
removable cutoff: 3771142872, which was 5486 XIDs old when operation ended
index scan bypassed: 12087 pages from table (0.34% of total) have 43255 dead item identifiers
I/O timings: read: 1379.991 ms, write: 0.000 ms
avg read rate: 3.603 MB/s, avg write rate: 0.000 MB/s
buffer usage: 20407 hits, 996 misses, 0 dirtied
WAL usage: 0 records, 0 full page images, 0 bytes
system usage: CPU: user: 0.20 s, system: 0.59 s, elapsed: 2.15 s
psql:vacuum_30Oct_9.sql:19: INFO:  vacuuming "pspapg02.pg_toast.pg_toast_199039"
psql:vacuum_30Oct_9.sql:19: INFO:  finished vacuuming "pspapg02.pg_toast.pg_toast_199039": index scans: 0
pages: 0 removed, 0 remain, 0 scanned (100.00% of total)
tuples: 0 removed, 0 remain, 0 are dead but not yet removable
removable cutoff: 3771146074, which was 2284 XIDs old when operation ended
new relfrozenxid: 3771146074, which is 89066465 XIDs ahead of previous value
new relminmxid: 27819, which is 4924 MXIDs ahead of previous value
index scan not needed: 0 pages from table (100.00% of total) had 0 dead item identifiers removed
I/O timings: read: 1.568 ms, write: 0.000 ms
avg read rate: 4.645 MB/s, avg write rate: 0.000 MB/s
buffer usage: 19 hits, 1 misses, 0 dirtied
WAL usage: 0 records, 0 full page images, 0 bytes
system usage: CPU: user: 0.00 s, system: 0.00 s, elapsed: 0.00 s
psql:vacuum_30Oct_9.sql:19: INFO:  analyzing "pspadm.psp_qbdt_paycheck_info_p9"
psql:vacuum_30Oct_9.sql:19: INFO:  "psp_qbdt_paycheck_info_p9": scanned 30000 of 3599382 pages, containing 867078 live rows and 384 dead rows; 30000 rows in sample, 104031498 estimated total rows
VACUUM
Time: 33776.591 ms (00:33.777)
vacuum (analyze, verbose) pspadm.psp_qbdt_payline_info_p0;
psql:vacuum_30Oct_9.sql:20: INFO:  vacuuming "pspapg02.pspadm.psp_qbdt_payline_info_p0"
psql:vacuum_30Oct_9.sql:20: INFO:  launched 5 parallel vacuum workers for index cleanup (planned: 5)
psql:vacuum_30Oct_9.sql:20: INFO:  finished vacuuming "pspapg02.pspadm.psp_qbdt_payline_info_p0": index scans: 0
pages: 0 removed, 5105954 remain, 37914 scanned (0.74% of total)
tuples: 1924 removed, 174558142 remain, 0 are dead but not yet removable
removable cutoff: 3771154665, which was 6590 XIDs old when operation ended
index scan bypassed: 2555 pages from table (0.05% of total) have 8561 dead item identifiers
I/O timings: read: 2408.001 ms, write: 0.000 ms
avg read rate: 2.794 MB/s, avg write rate: 0.000 MB/s
buffer usage: 74316 hits, 1243 misses, 0 dirtied
WAL usage: 0 records, 0 full page images, 0 bytes
system usage: CPU: user: 0.48 s, system: 0.61 s, elapsed: 3.47 s
psql:vacuum_30Oct_9.sql:20: INFO:  vacuuming "pspapg02.pg_toast.pg_toast_199122"
psql:vacuum_30Oct_9.sql:20: INFO:  finished vacuuming "pspapg02.pg_toast.pg_toast_199122": index scans: 0
pages: 0 removed, 0 remain, 0 scanned (100.00% of total)
tuples: 0 removed, 0 remain, 0 are dead but not yet removable
removable cutoff: 3771154665, which was 6590 XIDs old when operation ended
new relfrozenxid: 3771154665, which is 75013633 XIDs ahead of previous value
new relminmxid: 27819, which is 2214 MXIDs ahead of previous value
index scan not needed: 0 pages from table (100.00% of total) had 0 dead item identifiers removed
I/O timings: read: 0.953 ms, write: 0.000 ms
avg read rate: 7.288 MB/s, avg write rate: 0.000 MB/s
buffer usage: 19 hits, 1 misses, 0 dirtied
WAL usage: 0 records, 0 full page images, 0 bytes
system usage: CPU: user: 0.00 s, system: 0.00 s, elapsed: 0.00 s
psql:vacuum_30Oct_9.sql:20: INFO:  analyzing "pspadm.psp_qbdt_payline_info_p0"
psql:vacuum_30Oct_9.sql:20: INFO:  "psp_qbdt_payline_info_p0": scanned 30000 of 5105954 pages, containing 1025881 live rows and 41 dead rows; 30000 rows in sample, 174603373 estimated total rows
VACUUM
Time: 35875.433 ms (00:35.875)
vacuum (analyze, verbose) pspadm.psp_qbdt_payline_info_p1;
psql:vacuum_30Oct_9.sql:21: INFO:  vacuuming "pspapg02.pspadm.psp_qbdt_payline_info_p1"
psql:vacuum_30Oct_9.sql:21: INFO:  launched 5 parallel vacuum workers for index cleanup (planned: 5)
psql:vacuum_30Oct_9.sql:21: INFO:  finished vacuuming "pspapg02.pspadm.psp_qbdt_payline_info_p1": index scans: 0
pages: 0 removed, 5333770 remain, 35137 scanned (0.66% of total)
tuples: 515 removed, 181759839 remain, 0 are dead but not yet removable
removable cutoff: 3771170050, which was 730 XIDs old when operation ended
index scan bypassed: 33029 pages from table (0.62% of total) have 141823 dead item identifiers
I/O timings: read: 2321.073 ms, write: 0.000 ms
avg read rate: 3.612 MB/s, avg write rate: 0.000 MB/s
buffer usage: 37924 hits, 1478 misses, 0 dirtied
WAL usage: 0 records, 0 full page images, 0 bytes
system usage: CPU: user: 0.28 s, system: 0.61 s, elapsed: 3.19 s
psql:vacuum_30Oct_9.sql:21: INFO:  vacuuming "pspapg02.pg_toast.pg_toast_199128"
psql:vacuum_30Oct_9.sql:21: INFO:  finished vacuuming "pspapg02.pg_toast.pg_toast_199128": index scans: 0
pages: 0 removed, 0 remain, 0 scanned (100.00% of total)
tuples: 0 removed, 0 remain, 0 are dead but not yet removable
removable cutoff: 3771170150, which was 630 XIDs old when operation ended
new relfrozenxid: 3771170150, which is 90139191 XIDs ahead of previous value
new relminmxid: 27819, which is 4983 MXIDs ahead of previous value
index scan not needed: 0 pages from table (100.00% of total) had 0 dead item identifiers removed
I/O timings: read: 1.257 ms, write: 0.000 ms
avg read rate: 5.588 MB/s, avg write rate: 0.000 MB/s
buffer usage: 21 hits, 1 misses, 0 dirtied
WAL usage: 0 records, 0 full page images, 0 bytes
system usage: CPU: user: 0.00 s, system: 0.00 s, elapsed: 0.00 s
psql:vacuum_30Oct_9.sql:21: INFO:  analyzing "pspadm.psp_qbdt_payline_info_p1"
psql:vacuum_30Oct_9.sql:21: INFO:  "psp_qbdt_payline_info_p1": scanned 30000 of 5333770 pages, containing 1026551 live rows and 627 dead rows; 30000 rows in sample, 182512898 estimated total rows
VACUUM
Time: 34831.094 ms (00:34.831)
vacuum (analyze, verbose) pspadm.psp_qbdt_payline_info_p10;
psql:vacuum_30Oct_9.sql:22: INFO:  vacuuming "pspapg02.pspadm.psp_qbdt_payline_info_p10"
psql:vacuum_30Oct_9.sql:22: INFO:  launched 5 parallel vacuum workers for index cleanup (planned: 5)
psql:vacuum_30Oct_9.sql:22: INFO:  finished vacuuming "pspapg02.pspadm.psp_qbdt_payline_info_p10": index scans: 0
pages: 0 removed, 5122314 remain, 35198 scanned (0.69% of total)
tuples: 1946 removed, 174731472 remain, 0 are dead but not yet removable
removable cutoff: 3771174453, which was 7164 XIDs old when operation ended
index scan bypassed: 30244 pages from table (0.59% of total) have 133546 dead item identifiers
I/O timings: read: 2246.276 ms, write: 0.000 ms
avg read rate: 3.529 MB/s, avg write rate: 0.000 MB/s
buffer usage: 40806 hits, 1420 misses, 0 dirtied
WAL usage: 0 records, 0 full page images, 0 bytes
system usage: CPU: user: 0.35 s, system: 0.56 s, elapsed: 3.14 s
psql:vacuum_30Oct_9.sql:22: INFO:  vacuuming "pspapg02.pg_toast.pg_toast_199182"
psql:vacuum_30Oct_9.sql:22: INFO:  finished vacuuming "pspapg02.pg_toast.pg_toast_199182": index scans: 0
pages: 0 removed, 0 remain, 0 scanned (100.00% of total)
tuples: 0 removed, 0 remain, 0 are dead but not yet removable
removable cutoff: 3771174453, which was 7168 XIDs old when operation ended
new relfrozenxid: 3771174453, which is 89263983 XIDs ahead of previous value
new relminmxid: 27819, which is 4944 MXIDs ahead of previous value
index scan not needed: 0 pages from table (100.00% of total) had 0 dead item identifiers removed
I/O timings: read: 1.200 ms, write: 0.000 ms
avg read rate: 5.896 MB/s, avg write rate: 0.000 MB/s
buffer usage: 19 hits, 1 misses, 0 dirtied
WAL usage: 0 records, 0 full page images, 0 bytes
system usage: CPU: user: 0.00 s, system: 0.00 s, elapsed: 0.00 s
psql:vacuum_30Oct_9.sql:22: INFO:  analyzing "pspadm.psp_qbdt_payline_info_p10"
psql:vacuum_30Oct_9.sql:22: INFO:  "psp_qbdt_payline_info_p10": scanned 30000 of 5122314 pages, containing 1026594 live rows and 550 dead rows; 30000 rows in sample, 175284561 estimated total rows
VACUUM
Time: 34936.788 ms (00:34.937)
vacuum (analyze, verbose) pspadm.psp_qbdt_payline_info_p13;
psql:vacuum_30Oct_9.sql:25: INFO:  vacuuming "pspapg02.pspadm.psp_qbdt_payline_info_p13"
psql:vacuum_30Oct_9.sql:25: INFO:  launched 5 parallel vacuum workers for index cleanup (planned: 5)
psql:vacuum_30Oct_9.sql:25: INFO:  finished vacuuming "pspapg02.pspadm.psp_qbdt_payline_info_p13": index scans: 0
pages: 0 removed, 5148165 remain, 39657 scanned (0.77% of total)
tuples: 1740 removed, 175732808 remain, 0 are dead but not yet removable
removable cutoff: 3771174453, which was 20697 XIDs old when operation ended
index scan bypassed: 33866 pages from table (0.66% of total) have 127877 dead item identifiers
I/O timings: read: 2359.243 ms, write: 0.000 ms
avg read rate: 3.382 MB/s, avg write rate: 0.000 MB/s
buffer usage: 46138 hits, 1422 misses, 0 dirtied
WAL usage: 0 records, 0 full page images, 0 bytes
system usage: CPU: user: 0.36 s, system: 0.59 s, elapsed: 3.28 s
psql:vacuum_30Oct_9.sql:25: INFO:  vacuuming "pspapg02.pg_toast.pg_toast_199200"
psql:vacuum_30Oct_9.sql:25: INFO:  finished vacuuming "pspapg02.pg_toast.pg_toast_199200": index scans: 0
pages: 0 removed, 0 remain, 0 scanned (100.00% of total)
tuples: 0 removed, 0 remain, 0 are dead but not yet removable
removable cutoff: 3771174453, which was 20699 XIDs old when operation ended
new relfrozenxid: 3771174453, which is 89541175 XIDs ahead of previous value
new relminmxid: 27819, which is 4952 MXIDs ahead of previous value
index scan not needed: 0 pages from table (100.00% of total) had 0 dead item identifiers removed
I/O timings: read: 0.806 ms, write: 0.000 ms
avg read rate: 8.464 MB/s, avg write rate: 0.000 MB/s
buffer usage: 19 hits, 1 misses, 0 dirtied
WAL usage: 0 records, 0 full page images, 0 bytes
system usage: CPU: user: 0.00 s, system: 0.00 s, elapsed: 0.00 s
psql:vacuum_30Oct_9.sql:25: INFO:  analyzing "pspadm.psp_qbdt_payline_info_p13"
psql:vacuum_30Oct_9.sql:25: INFO:  "psp_qbdt_payline_info_p13": scanned 30000 of 5148165 pages, containing 1027310 live rows and 767 dead rows; 30000 rows in sample, 176292046 estimated total rows
VACUUM
Time: 35087.356 ms (00:35.087)
vacuum (analyze, verbose) pspadm.psp_qbdt_payline_info_p14;
psql:vacuum_30Oct_9.sql:26: INFO:  vacuuming "pspapg02.pspadm.psp_qbdt_payline_info_p14"
psql:vacuum_30Oct_9.sql:26: INFO:  launched 5 parallel vacuum workers for index cleanup (planned: 5)
psql:vacuum_30Oct_9.sql:26: INFO:  finished vacuuming "pspapg02.pspadm.psp_qbdt_payline_info_p14": index scans: 0
pages: 0 removed, 5002502 remain, 32830 scanned (0.66% of total)
tuples: 1822 removed, 170612668 remain, 0 are dead but not yet removable
removable cutoff: 3771174453, which was 32141 XIDs old when operation ended
index scan bypassed: 27135 pages from table (0.54% of total) have 99750 dead item identifiers
I/O timings: read: 2170.178 ms, write: 0.000 ms
avg read rate: 3.539 MB/s, avg write rate: 0.000 MB/s
buffer usage: 39167 hits, 1387 misses, 0 dirtied
WAL usage: 0 records, 0 full page images, 0 bytes
system usage: CPU: user: 0.30 s, system: 0.61 s, elapsed: 3.06 s
psql:vacuum_30Oct_9.sql:26: INFO:  vacuuming "pspapg02.pg_toast.pg_toast_199206"
psql:vacuum_30Oct_9.sql:26: INFO:  finished vacuuming "pspapg02.pg_toast.pg_toast_199206": index scans: 0
pages: 0 removed, 0 remain, 0 scanned (100.00% of total)
tuples: 0 removed, 0 remain, 0 are dead but not yet removable
removable cutoff: 3771174453, which was 32141 XIDs old when operation ended
new relfrozenxid: 3771174453, which is 89541175 XIDs ahead of previous value
new relminmxid: 27819, which is 4952 MXIDs ahead of previous value
index scan not needed: 0 pages from table (100.00% of total) had 0 dead item identifiers removed
I/O timings: read: 1.098 ms, write: 0.000 ms
avg read rate: 6.398 MB/s, avg write rate: 0.000 MB/s
buffer usage: 19 hits, 1 misses, 0 dirtied
WAL usage: 0 records, 0 full page images, 0 bytes
system usage: CPU: user: 0.00 s, system: 0.00 s, elapsed: 0.00 s
psql:vacuum_30Oct_9.sql:26: INFO:  analyzing "pspadm.psp_qbdt_payline_info_p14"
psql:vacuum_30Oct_9.sql:26: INFO:  "psp_qbdt_payline_info_p14": scanned 30000 of 5002502 pages, containing 1025601 live rows and 571 dead rows; 30000 rows in sample, 171019035 estimated total rows
VACUUM
Time: 34881.123 ms (00:34.881)
vacuum (analyze, verbose) pspadm.psp_qbdt_payline_info_p15;
psql:vacuum_30Oct_9.sql:27: INFO:  vacuuming "pspapg02.pspadm.psp_qbdt_payline_info_p15"
psql:vacuum_30Oct_9.sql:27: INFO:  launched 5 parallel vacuum workers for index cleanup (planned: 5)
psql:vacuum_30Oct_9.sql:27: INFO:  finished vacuuming "pspapg02.pspadm.psp_qbdt_payline_info_p15": index scans: 0
pages: 0 removed, 5244954 remain, 39331 scanned (0.75% of total)
tuples: 2338 removed, 178645799 remain, 0 are dead but not yet removable
removable cutoff: 3771174453, which was 43712 XIDs old when operation ended
index scan bypassed: 33098 pages from table (0.63% of total) have 140597 dead item identifiers
I/O timings: read: 2448.532 ms, write: 0.000 ms
avg read rate: 3.328 MB/s, avg write rate: 0.000 MB/s
buffer usage: 46258 hits, 1448 misses, 0 dirtied
WAL usage: 0 records, 0 full page images, 0 bytes
system usage: CPU: user: 0.38 s, system: 0.60 s, elapsed: 3.39 s
psql:vacuum_30Oct_9.sql:27: INFO:  vacuuming "pspapg02.pg_toast.pg_toast_199212"
psql:vacuum_30Oct_9.sql:27: INFO:  finished vacuuming "pspapg02.pg_toast.pg_toast_199212": index scans: 0
pages: 0 removed, 0 remain, 0 scanned (100.00% of total)
tuples: 0 removed, 0 remain, 0 are dead but not yet removable
removable cutoff: 3771174453, which was 43712 XIDs old when operation ended
new relfrozenxid: 3771174453, which is 89541175 XIDs ahead of previous value
new relminmxid: 27819, which is 4952 MXIDs ahead of previous value
index scan not needed: 0 pages from table (100.00% of total) had 0 dead item identifiers removed
I/O timings: read: 0.977 ms, write: 0.000 ms
avg read rate: 7.161 MB/s, avg write rate: 0.000 MB/s
buffer usage: 19 hits, 1 misses, 0 dirtied
WAL usage: 0 records, 0 full page images, 0 bytes
system usage: CPU: user: 0.00 s, system: 0.00 s, elapsed: 0.00 s
psql:vacuum_30Oct_9.sql:27: INFO:  analyzing "pspadm.psp_qbdt_payline_info_p15"
psql:vacuum_30Oct_9.sql:27: INFO:  "psp_qbdt_payline_info_p15": scanned 30000 of 5244954 pages, containing 1025488 live rows and 820 dead rows; 30000 rows in sample, 179287913 estimated total rows
VACUUM
Time: 35421.965 ms (00:35.422)
vacuum (analyze, verbose) pspadm.psp_qbdt_payline_info_p2;
psql:vacuum_30Oct_9.sql:28: INFO:  vacuuming "pspapg02.pspadm.psp_qbdt_payline_info_p2"
psql:vacuum_30Oct_9.sql:28: INFO:  launched 5 parallel vacuum workers for index cleanup (planned: 5)
psql:vacuum_30Oct_9.sql:28: INFO:  finished vacuuming "pspapg02.pspadm.psp_qbdt_payline_info_p2": index scans: 0
pages: 0 removed, 5206791 remain, 34702 scanned (0.67% of total)
tuples: 2093 removed, 177760631 remain, 0 are dead but not yet removable
removable cutoff: 3771174453, which was 65594 XIDs old when operation ended
index scan bypassed: 28688 pages from table (0.55% of total) have 103757 dead item identifiers
I/O timings: read: 2355.189 ms, write: 0.000 ms
avg read rate: 3.464 MB/s, avg write rate: 0.000 MB/s
buffer usage: 41372 hits, 1446 misses, 0 dirtied
WAL usage: 0 records, 0 full page images, 0 bytes
system usage: CPU: user: 0.36 s, system: 0.57 s, elapsed: 3.26 s
psql:vacuum_30Oct_9.sql:28: INFO:  vacuuming "pspapg02.pg_toast.pg_toast_199134"
psql:vacuum_30Oct_9.sql:28: INFO:  finished vacuuming "pspapg02.pg_toast.pg_toast_199134": index scans: 0
pages: 0 removed, 0 remain, 0 scanned (100.00% of total)
tuples: 0 removed, 0 remain, 0 are dead but not yet removable
removable cutoff: 3771174453, which was 65600 XIDs old when operation ended
new relfrozenxid: 3771174453, which is 89541175 XIDs ahead of previous value
new relminmxid: 27819, which is 4952 MXIDs ahead of previous value
index scan not needed: 0 pages from table (100.00% of total) had 0 dead item identifiers removed
I/O timings: read: 0.836 ms, write: 0.000 ms
avg read rate: 8.215 MB/s, avg write rate: 0.000 MB/s
buffer usage: 19 hits, 1 misses, 0 dirtied
WAL usage: 0 records, 0 full page images, 0 bytes
system usage: CPU: user: 0.00 s, system: 0.00 s, elapsed: 0.00 s
psql:vacuum_30Oct_9.sql:28: INFO:  analyzing "pspadm.psp_qbdt_payline_info_p2"
psql:vacuum_30Oct_9.sql:28: INFO:  "psp_qbdt_payline_info_p2": scanned 30000 of 5206791 pages, containing 1025978 live rows and 548 dead rows; 30000 rows in sample, 178068434 estimated total rows
VACUUM
Time: 35322.756 ms (00:35.323)
vacuum (analyze, verbose) pspadm.psp_qbdt_payline_info_p4;
psql:vacuum_30Oct_9.sql:30: INFO:  vacuuming "pspapg02.pspadm.psp_qbdt_payline_info_p4"
psql:vacuum_30Oct_9.sql:30: INFO:  launched 5 parallel vacuum workers for index cleanup (planned: 5)
psql:vacuum_30Oct_9.sql:30: INFO:  finished vacuuming "pspapg02.pspadm.psp_qbdt_payline_info_p4": index scans: 0
pages: 0 removed, 5109534 remain, 38064 scanned (0.74% of total)
tuples: 2619 removed, 174776957 remain, 0 are dead but not yet removable
removable cutoff: 3771244796, which was 17173 XIDs old when operation ended
index scan bypassed: 31704 pages from table (0.62% of total) have 117684 dead item identifiers
I/O timings: read: 2338.542 ms, write: 0.000 ms
avg read rate: 3.359 MB/s, avg write rate: 0.000 MB/s
buffer usage: 45113 hits, 1405 misses, 0 dirtied
WAL usage: 0 records, 0 full page images, 0 bytes
system usage: CPU: user: 0.38 s, system: 0.58 s, elapsed: 3.26 s
psql:vacuum_30Oct_9.sql:30: INFO:  vacuuming "pspapg02.pg_toast.pg_toast_199146"
psql:vacuum_30Oct_9.sql:30: INFO:  finished vacuuming "pspapg02.pg_toast.pg_toast_199146": index scans: 0
pages: 0 removed, 0 remain, 0 scanned (100.00% of total)
tuples: 0 removed, 0 remain, 0 are dead but not yet removable
removable cutoff: 3771244796, which was 17173 XIDs old when operation ended
new relfrozenxid: 3771244796, which is 89611518 XIDs ahead of previous value
new relminmxid: 27819, which is 4952 MXIDs ahead of previous value
index scan not needed: 0 pages from table (100.00% of total) had 0 dead item identifiers removed
I/O timings: read: 1.263 ms, write: 0.000 ms
avg read rate: 5.641 MB/s, avg write rate: 0.000 MB/s
buffer usage: 19 hits, 1 misses, 0 dirtied
WAL usage: 0 records, 0 full page images, 0 bytes
system usage: CPU: user: 0.00 s, system: 0.00 s, elapsed: 0.00 s
psql:vacuum_30Oct_9.sql:30: INFO:  analyzing "pspadm.psp_qbdt_payline_info_p4"
psql:vacuum_30Oct_9.sql:30: INFO:  "psp_qbdt_payline_info_p4": scanned 30000 of 5109534 pages, containing 1029112 live rows and 624 dead rows; 30000 rows in sample, 175276092 estimated total rows
VACUUM
Time: 35473.388 ms (00:35.473)
vacuum (analyze, verbose) pspadm.psp_qbdt_payline_info_p5;
psql:vacuum_30Oct_9.sql:31: INFO:  vacuuming "pspapg02.pspadm.psp_qbdt_payline_info_p5"
psql:vacuum_30Oct_9.sql:31: INFO:  launched 5 parallel vacuum workers for index cleanup (planned: 5)
psql:vacuum_30Oct_9.sql:31: INFO:  finished vacuuming "pspapg02.pspadm.psp_qbdt_payline_info_p5": index scans: 0
pages: 0 removed, 5274630 remain, 36404 scanned (0.69% of total)
tuples: 3172 removed, 180201677 remain, 0 are dead but not yet removable
removable cutoff: 3771269132, which was 11500 XIDs old when operation ended
index scan bypassed: 29681 pages from table (0.56% of total) have 105051 dead item identifiers
I/O timings: read: 2426.896 ms, write: 0.000 ms
avg read rate: 3.375 MB/s, avg write rate: 0.000 MB/s
buffer usage: 43810 hits, 1459 misses, 0 dirtied
WAL usage: 0 records, 0 full page images, 0 bytes
system usage: CPU: user: 0.33 s, system: 0.64 s, elapsed: 3.37 s
psql:vacuum_30Oct_9.sql:31: INFO:  vacuuming "pspapg02.pg_toast.pg_toast_199152"
psql:vacuum_30Oct_9.sql:31: INFO:  finished vacuuming "pspapg02.pg_toast.pg_toast_199152": index scans: 0
pages: 0 removed, 0 remain, 0 scanned (100.00% of total)
tuples: 0 removed, 0 remain, 0 are dead but not yet removable
removable cutoff: 3771276946, which was 3686 XIDs old when operation ended
new relfrozenxid: 3771276946, which is 89643668 XIDs ahead of previous value
new relminmxid: 27819, which is 4952 MXIDs ahead of previous value
index scan not needed: 0 pages from table (100.00% of total) had 0 dead item identifiers removed
I/O timings: read: 1.366 ms, write: 0.000 ms
avg read rate: 5.264 MB/s, avg write rate: 0.000 MB/s
buffer usage: 19 hits, 1 misses, 0 dirtied
WAL usage: 0 records, 0 full page images, 0 bytes
system usage: CPU: user: 0.00 s, system: 0.00 s, elapsed: 0.00 s
psql:vacuum_30Oct_9.sql:31: INFO:  analyzing "pspadm.psp_qbdt_payline_info_p5"
psql:vacuum_30Oct_9.sql:31: INFO:  "psp_qbdt_payline_info_p5": scanned 30000 of 5274630 pages, containing 1026516 live rows and 628 dead rows; 30000 rows in sample, 180483070 estimated total rows
VACUUM
Time: 35922.298 ms (00:35.922)
vacuum (analyze, verbose) pspadm.psp_qbdt_payline_info_p6;
psql:vacuum_30Oct_9.sql:32: INFO:  vacuuming "pspapg02.pspadm.psp_qbdt_payline_info_p6"
psql:vacuum_30Oct_9.sql:32: INFO:  launched 5 parallel vacuum workers for index cleanup (planned: 5)
psql:vacuum_30Oct_9.sql:32: INFO:  finished vacuuming "pspapg02.pspadm.psp_qbdt_payline_info_p6": index scans: 0
pages: 0 removed, 5097732 remain, 32816 scanned (0.64% of total)
tuples: 2605 removed, 174012076 remain, 0 are dead but not yet removable
removable cutoff: 3771282095, which was 12771 XIDs old when operation ended
index scan bypassed: 27670 pages from table (0.54% of total) have 103002 dead item identifiers
I/O timings: read: 2245.533 ms, write: 0.000 ms
avg read rate: 3.521 MB/s, avg write rate: 0.000 MB/s
buffer usage: 38605 hits, 1413 misses, 0 dirtied
WAL usage: 0 records, 0 full page images, 0 bytes
system usage: CPU: user: 0.35 s, system: 0.56 s, elapsed: 3.13 s
psql:vacuum_30Oct_9.sql:32: INFO:  vacuuming "pspapg02.pg_toast.pg_toast_199158"
psql:vacuum_30Oct_9.sql:32: INFO:  finished vacuuming "pspapg02.pg_toast.pg_toast_199158": index scans: 0
pages: 0 removed, 0 remain, 0 scanned (100.00% of total)
tuples: 0 removed, 0 remain, 0 are dead but not yet removable
removable cutoff: 3771282095, which was 12772 XIDs old when operation ended
new relfrozenxid: 3771282095, which is 89648817 XIDs ahead of previous value
new relminmxid: 27819, which is 4952 MXIDs ahead of previous value
index scan not needed: 0 pages from table (100.00% of total) had 0 dead item identifiers removed
I/O timings: read: 1.454 ms, write: 0.000 ms
avg read rate: 4.889 MB/s, avg write rate: 0.000 MB/s
buffer usage: 19 hits, 1 misses, 0 dirtied
WAL usage: 0 records, 0 full page images, 0 bytes
system usage: CPU: user: 0.00 s, system: 0.00 s, elapsed: 0.00 s
psql:vacuum_30Oct_9.sql:32: INFO:  analyzing "pspadm.psp_qbdt_payline_info_p6"
psql:vacuum_30Oct_9.sql:32: INFO:  "psp_qbdt_payline_info_p6": scanned 30000 of 5097732 pages, containing 1026346 live rows and 693 dead rows; 30000 rows in sample, 174401228 estimated total rows
VACUUM
Time: 35286.394 ms (00:35.286)
vacuum (analyze, verbose) pspadm.psp_qbdt_payline_info_p7;
psql:vacuum_30Oct_9.sql:33: INFO:  vacuuming "pspapg02.pspadm.psp_qbdt_payline_info_p7"
psql:vacuum_30Oct_9.sql:33: INFO:  launched 5 parallel vacuum workers for index cleanup (planned: 5)
psql:vacuum_30Oct_9.sql:33: INFO:  finished vacuuming "pspapg02.pspadm.psp_qbdt_payline_info_p7": index scans: 0
pages: 0 removed, 5188356 remain, 38258 scanned (0.74% of total)
tuples: 2793 removed, 176723377 remain, 0 are dead but not yet removable
removable cutoff: 3771305629, which was 3697 XIDs old when operation ended
index scan bypassed: 32127 pages from table (0.62% of total) have 121129 dead item identifiers
I/O timings: read: 2362.606 ms, write: 0.000 ms
avg read rate: 3.403 MB/s, avg write rate: 0.000 MB/s
buffer usage: 45065 hits, 1437 misses, 0 dirtied
WAL usage: 0 records, 0 full page images, 0 bytes
system usage: CPU: user: 0.33 s, system: 0.63 s, elapsed: 3.29 s
psql:vacuum_30Oct_9.sql:33: INFO:  vacuuming "pspapg02.pg_toast.pg_toast_199164"
psql:vacuum_30Oct_9.sql:33: INFO:  finished vacuuming "pspapg02.pg_toast.pg_toast_199164": index scans: 0
pages: 0 removed, 0 remain, 0 scanned (100.00% of total)
tuples: 0 removed, 0 remain, 0 are dead but not yet removable
removable cutoff: 3771306129, which was 3201 XIDs old when operation ended
new relfrozenxid: 3771306129, which is 89672851 XIDs ahead of previous value
new relminmxid: 27822, which is 4955 MXIDs ahead of previous value
index scan not needed: 0 pages from table (100.00% of total) had 0 dead item identifiers removed
I/O timings: read: 0.764 ms, write: 0.000 ms
avg read rate: 8.729 MB/s, avg write rate: 0.000 MB/s
buffer usage: 19 hits, 1 misses, 0 dirtied
WAL usage: 0 records, 0 full page images, 0 bytes
system usage: CPU: user: 0.00 s, system: 0.00 s, elapsed: 0.00 s
psql:vacuum_30Oct_9.sql:33: INFO:  analyzing "pspadm.psp_qbdt_payline_info_p7"
psql:vacuum_30Oct_9.sql:33: INFO:  "psp_qbdt_payline_info_p7": scanned 30000 of 5188356 pages, containing 1024610 live rows and 725 dead rows; 30000 rows in sample, 177201381 estimated total rows
VACUUM
Time: 35451.137 ms (00:35.451)
vacuum (analyze, verbose) pspadm.psp_qbdt_payline_info_p8;
psql:vacuum_30Oct_9.sql:34: INFO:  vacuuming "pspapg02.pspadm.psp_qbdt_payline_info_p8"
psql:vacuum_30Oct_9.sql:34: INFO:  launched 5 parallel vacuum workers for index cleanup (planned: 5)
psql:vacuum_30Oct_9.sql:34: INFO:  finished vacuuming "pspapg02.pspadm.psp_qbdt_payline_info_p8": index scans: 0
pages: 0 removed, 5235977 remain, 35804 scanned (0.68% of total)
tuples: 1433 removed, 178434439 remain, 0 are dead but not yet removable
removable cutoff: 3771322640, which was 8228 XIDs old when operation ended
index scan bypassed: 29878 pages from table (0.57% of total) have 107637 dead item identifiers
I/O timings: read: 2369.988 ms, write: 0.000 ms
avg read rate: 3.446 MB/s, avg write rate: 0.000 MB/s
buffer usage: 42409 hits, 1451 misses, 0 dirtied
WAL usage: 0 records, 0 full page images, 0 bytes
system usage: CPU: user: 0.39 s, system: 0.55 s, elapsed: 3.28 s
psql:vacuum_30Oct_9.sql:34: INFO:  vacuuming "pspapg02.pg_toast.pg_toast_199170"
psql:vacuum_30Oct_9.sql:34: INFO:  finished vacuuming "pspapg02.pg_toast.pg_toast_199170": index scans: 0
pages: 0 removed, 0 remain, 0 scanned (100.00% of total)
tuples: 0 removed, 0 remain, 0 are dead but not yet removable
removable cutoff: 3771323028, which was 7843 XIDs old when operation ended
new relfrozenxid: 3771323028, which is 89689750 XIDs ahead of previous value
new relminmxid: 27822, which is 4955 MXIDs ahead of previous value
index scan not needed: 0 pages from table (100.00% of total) had 0 dead item identifiers removed
I/O timings: read: 0.763 ms, write: 0.000 ms
avg read rate: 8.929 MB/s, avg write rate: 0.000 MB/s
buffer usage: 19 hits, 1 misses, 0 dirtied
WAL usage: 0 records, 0 full page images, 0 bytes
system usage: CPU: user: 0.00 s, system: 0.00 s, elapsed: 0.00 s
psql:vacuum_30Oct_9.sql:34: INFO:  analyzing "pspadm.psp_qbdt_payline_info_p8"
psql:vacuum_30Oct_9.sql:34: INFO:  "psp_qbdt_payline_info_p8": scanned 30000 of 5235977 pages, containing 1024982 live rows and 722 dead rows; 30000 rows in sample, 178892739 estimated total rows
VACUUM
Time: 35136.394 ms (00:35.136)
vacuum (analyze, verbose) pspadm.psp_qbdt_payline_info_p9;
psql:vacuum_30Oct_9.sql:35: INFO:  vacuuming "pspapg02.pspadm.psp_qbdt_payline_info_p9"
psql:vacuum_30Oct_9.sql:35: INFO:  launched 5 parallel vacuum workers for index cleanup (planned: 5)
psql:vacuum_30Oct_9.sql:35: INFO:  finished vacuuming "pspapg02.pspadm.psp_qbdt_payline_info_p9": index scans: 0
pages: 0 removed, 5307671 remain, 40378 scanned (0.76% of total)
tuples: 1917 removed, 181029508 remain, 0 are dead but not yet removable
removable cutoff: 3771336352, which was 9704 XIDs old when operation ended
index scan bypassed: 33965 pages from table (0.64% of total) have 123300 dead item identifiers
I/O timings: read: 2431.254 ms, write: 0.000 ms
avg read rate: 3.387 MB/s, avg write rate: 0.000 MB/s
buffer usage: 47484 hits, 1470 misses, 0 dirtied
WAL usage: 0 records, 0 full page images, 0 bytes
system usage: CPU: user: 0.37 s, system: 0.61 s, elapsed: 3.39 s
psql:vacuum_30Oct_9.sql:35: INFO:  vacuuming "pspapg02.pg_toast.pg_toast_199176"
psql:vacuum_30Oct_9.sql:35: INFO:  finished vacuuming "pspapg02.pg_toast.pg_toast_199176": index scans: 0
pages: 0 removed, 0 remain, 0 scanned (100.00% of total)
tuples: 0 removed, 0 remain, 0 are dead but not yet removable
removable cutoff: 3771336352, which was 9710 XIDs old when operation ended
new relfrozenxid: 3771336352, which is 89703074 XIDs ahead of previous value
new relminmxid: 27822, which is 4955 MXIDs ahead of previous value
index scan not needed: 0 pages from table (100.00% of total) had 0 dead item identifiers removed
I/O timings: read: 1.081 ms, write: 0.000 ms
avg read rate: 6.430 MB/s, avg write rate: 0.000 MB/s
buffer usage: 19 hits, 1 misses, 0 dirtied
WAL usage: 0 records, 0 full page images, 0 bytes
system usage: CPU: user: 0.00 s, system: 0.00 s, elapsed: 0.00 s
psql:vacuum_30Oct_9.sql:35: INFO:  analyzing "pspadm.psp_qbdt_payline_info_p9"
psql:vacuum_30Oct_9.sql:35: INFO:  "psp_qbdt_payline_info_p9": scanned 30000 of 5307671 pages, containing 1026410 live rows and 674 dead rows; 30000 rows in sample, 181594886 estimated total rows
VACUUM
Time: 35317.452 ms (00:35.317)
vacuum (analyze, verbose) pspadm.psp_qbdt_transaction_info_p0;
psql:vacuum_30Oct_9.sql:36: INFO:  vacuuming "pspapg02.pspadm.psp_qbdt_transaction_info_p0"
psql:vacuum_30Oct_9.sql:36: INFO:  launched 11 parallel vacuum workers for index cleanup (planned: 11)
psql:vacuum_30Oct_9.sql:36: INFO:  finished vacuuming "pspapg02.pspadm.psp_qbdt_transaction_info_p0": index scans: 0
pages: 0 removed, 5181219 remain, 20939 scanned (0.40% of total)
tuples: 30962 removed, 168003049 remain, 0 are dead but not yet removable
removable cutoff: 3771355490, which was 2449 XIDs old when operation ended
index scan bypassed: 15867 pages from table (0.31% of total) have 121079 dead item identifiers
I/O timings: read: 1989.155 ms, write: 0.000 ms
avg read rate: 3.873 MB/s, avg write rate: 0.000 MB/s
buffer usage: 26890 hits, 1435 misses, 0 dirtied
WAL usage: 0 records, 0 full page images, 0 bytes
system usage: CPU: user: 0.34 s, system: 0.58 s, elapsed: 2.89 s
psql:vacuum_30Oct_9.sql:36: INFO:  vacuuming "pspapg02.pg_toast.pg_toast_199453"
psql:vacuum_30Oct_9.sql:36: INFO:  finished vacuuming "pspapg02.pg_toast.pg_toast_199453": index scans: 0
pages: 0 removed, 0 remain, 0 scanned (100.00% of total)
tuples: 0 removed, 0 remain, 0 are dead but not yet removable
removable cutoff: 3771357438, which was 501 XIDs old when operation ended
new relfrozenxid: 3771357438, which is 75216406 XIDs ahead of previous value
new relminmxid: 27825, which is 2220 MXIDs ahead of previous value
index scan not needed: 0 pages from table (100.00% of total) had 0 dead item identifiers removed
I/O timings: read: 0.798 ms, write: 0.000 ms
avg read rate: 8.548 MB/s, avg write rate: 0.000 MB/s
buffer usage: 19 hits, 1 misses, 0 dirtied
WAL usage: 0 records, 0 full page images, 0 bytes
system usage: CPU: user: 0.00 s, system: 0.00 s, elapsed: 0.00 s
psql:vacuum_30Oct_9.sql:36: INFO:  analyzing "pspadm.psp_qbdt_transaction_info_p0"
psql:vacuum_30Oct_9.sql:36: INFO:  "psp_qbdt_transaction_info_p0": scanned 30000 of 5181219 pages, containing 972994 live rows and 713 dead rows; 30000 rows in sample, 168043167 estimated total rows
VACUUM
Time: 35786.202 ms (00:35.786)
vacuum (analyze, verbose) pspadm.psp_qbdt_transaction_info_p2;
psql:vacuum_30Oct_9.sql:38: INFO:  vacuuming "pspapg02.pspadm.psp_qbdt_transaction_info_p2"
psql:vacuum_30Oct_9.sql:38: INFO:  launched 11 parallel vacuum workers for index cleanup (planned: 11)
psql:vacuum_30Oct_9.sql:38: INFO:  finished vacuuming "pspapg02.pspadm.psp_qbdt_transaction_info_p2": index scans: 0
pages: 0 removed, 5132804 remain, 58663 scanned (1.14% of total)
tuples: 6634 removed, 165840829 remain, 8 are dead but not yet removable
removable cutoff: 3771362176, which was 10221 XIDs old when operation ended
index scan bypassed: 58270 pages from table (1.14% of total) have 151054 dead item identifiers
I/O timings: read: 2787.028 ms, write: 0.000 ms
avg read rate: 2.941 MB/s, avg write rate: 0.000 MB/s
buffer usage: 60087 hits, 1420 misses, 0 dirtied
WAL usage: 0 records, 0 full page images, 0 bytes
system usage: CPU: user: 0.43 s, system: 0.58 s, elapsed: 3.77 s
psql:vacuum_30Oct_9.sql:38: INFO:  vacuuming "pspapg02.pg_toast.pg_toast_199471"
psql:vacuum_30Oct_9.sql:38: INFO:  finished vacuuming "pspapg02.pg_toast.pg_toast_199471": index scans: 0
pages: 0 removed, 0 remain, 0 scanned (100.00% of total)
tuples: 0 removed, 0 remain, 0 are dead but not yet removable
removable cutoff: 3771362176, which was 10221 XIDs old when operation ended
new relfrozenxid: 3771362176, which is 90160592 XIDs ahead of previous value
new relminmxid: 27825, which is 4978 MXIDs ahead of previous value
index scan not needed: 0 pages from table (100.00% of total) had 0 dead item identifiers removed
I/O timings: read: 0.968 ms, write: 0.000 ms
avg read rate: 7.102 MB/s, avg write rate: 0.000 MB/s
buffer usage: 19 hits, 1 misses, 0 dirtied
WAL usage: 0 records, 0 full page images, 0 bytes
system usage: CPU: user: 0.00 s, system: 0.00 s, elapsed: 0.00 s
psql:vacuum_30Oct_9.sql:38: INFO:  analyzing "pspadm.psp_qbdt_transaction_info_p2"
psql:vacuum_30Oct_9.sql:38: INFO:  "psp_qbdt_transaction_info_p2": scanned 30000 of 5132804 pages, containing 972576 live rows and 754 dead rows; 30000 rows in sample, 166401399 estimated total rows
VACUUM
Time: 35360.462 ms (00:35.360)
vacuum (analyze, verbose) pspadm.psp_qbdt_transaction_info_p3;
psql:vacuum_30Oct_9.sql:39: INFO:  vacuuming "pspapg02.pspadm.psp_qbdt_transaction_info_p3"
psql:vacuum_30Oct_9.sql:39: INFO:  launched 11 parallel vacuum workers for index cleanup (planned: 11)
psql:vacuum_30Oct_9.sql:39: INFO:  finished vacuuming "pspapg02.pspadm.psp_qbdt_transaction_info_p3": index scans: 0
pages: 0 removed, 5170180 remain, 66417 scanned (1.28% of total)
tuples: 6353 removed, 167116449 remain, 1 are dead but not yet removable
removable cutoff: 3771388355, which was 725 XIDs old when operation ended
index scan bypassed: 66215 pages from table (1.28% of total) have 229302 dead item identifiers
I/O timings: read: 3223.506 ms, write: 0.000 ms
avg read rate: 2.637 MB/s, avg write rate: 0.000 MB/s
buffer usage: 67681 hits, 1434 misses, 0 dirtied
WAL usage: 0 records, 0 full page images, 0 bytes
system usage: CPU: user: 0.49 s, system: 0.57 s, elapsed: 4.24 s
psql:vacuum_30Oct_9.sql:39: INFO:  vacuuming "pspapg02.pg_toast.pg_toast_199480"
psql:vacuum_30Oct_9.sql:39: INFO:  finished vacuuming "pspapg02.pg_toast.pg_toast_199480": index scans: 0
pages: 0 removed, 0 remain, 0 scanned (100.00% of total)
tuples: 0 removed, 0 remain, 0 are dead but not yet removable
removable cutoff: 3771388398, which was 683 XIDs old when operation ended
new relfrozenxid: 3771388398, which is 90178159 XIDs ahead of previous value
new relminmxid: 27825, which is 4978 MXIDs ahead of previous value
index scan not needed: 0 pages from table (100.00% of total) had 0 dead item identifiers removed
I/O timings: read: 1.346 ms, write: 0.000 ms
avg read rate: 5.333 MB/s, avg write rate: 0.000 MB/s
buffer usage: 19 hits, 1 misses, 0 dirtied
WAL usage: 0 records, 0 full page images, 0 bytes
system usage: CPU: user: 0.00 s, system: 0.00 s, elapsed: 0.00 s
psql:vacuum_30Oct_9.sql:39: INFO:  analyzing "pspadm.psp_qbdt_transaction_info_p3"
psql:vacuum_30Oct_9.sql:39: INFO:  "psp_qbdt_transaction_info_p3": scanned 30000 of 5170180 pages, containing 972161 live rows and 1281 dead rows; 30000 rows in sample, 167541579 estimated total rows
VACUUM
Time: 35935.585 ms (00:35.936)
vacuum (analyze, verbose) pspadm.psp_tax_p0;
psql:vacuum_30Oct_9.sql:40: INFO:  vacuuming "pspapg02.pspadm.psp_tax_p0"
psql:vacuum_30Oct_9.sql:40: INFO:  launched 5 parallel vacuum workers for index cleanup (planned: 5)
psql:vacuum_30Oct_9.sql:40: INFO:  finished vacuuming "pspapg02.pspadm.psp_tax_p0": index scans: 0
pages: 0 removed, 13373919 remain, 14107 scanned (0.11% of total)
tuples: 226 removed, 400432543 remain, 0 are dead but not yet removable
removable cutoff: 3771402664, which was 3201 XIDs old when operation ended
index scan bypassed: 45 pages from table (0.00% of total) have 908 dead item identifiers
I/O timings: read: 4171.302 ms, write: 0.000 ms
avg read rate: 5.514 MB/s, avg write rate: 0.000 MB/s
buffer usage: 29325 hits, 3701 misses, 0 dirtied
WAL usage: 0 records, 0 full page images, 0 bytes
system usage: CPU: user: 0.49 s, system: 0.62 s, elapsed: 5.24 s
psql:vacuum_30Oct_9.sql:40: INFO:  vacuuming "pspapg02.pg_toast.pg_toast_199322"
psql:vacuum_30Oct_9.sql:40: INFO:  finished vacuuming "pspapg02.pg_toast.pg_toast_199322": index scans: 0
pages: 0 removed, 0 remain, 0 scanned (100.00% of total)
tuples: 0 removed, 0 remain, 0 are dead but not yet removable
removable cutoff: 3771402897, which was 2969 XIDs old when operation ended
new relfrozenxid: 3771402897, which is 75261865 XIDs ahead of previous value
new relminmxid: 27825, which is 2220 MXIDs ahead of previous value
index scan not needed: 0 pages from table (100.00% of total) had 0 dead item identifiers removed
I/O timings: read: 1.168 ms, write: 0.000 ms
avg read rate: 6.099 MB/s, avg write rate: 0.000 MB/s
buffer usage: 19 hits, 1 misses, 0 dirtied
WAL usage: 0 records, 0 full page images, 0 bytes
system usage: CPU: user: 0.00 s, system: 0.00 s, elapsed: 0.00 s
psql:vacuum_30Oct_9.sql:40: INFO:  analyzing "pspadm.psp_tax_p0"
psql:vacuum_30Oct_9.sql:40: INFO:  "psp_tax_p0": scanned 30000 of 13373919 pages, containing 898195 live rows and 0 dead rows; 30000 rows in sample, 400412906 estimated total rows
VACUUM
Time: 38540.950 ms (00:38.541)
vacuum (analyze, verbose) pspadm.psp_tax_p10;
psql:vacuum_30Oct_9.sql:42: INFO:  vacuuming "pspapg02.pspadm.psp_tax_p10"
psql:vacuum_30Oct_9.sql:42: INFO:  launched 5 parallel vacuum workers for index cleanup (planned: 5)
psql:vacuum_30Oct_9.sql:42: INFO:  finished vacuuming "pspapg02.pspadm.psp_tax_p10": index scans: 0
pages: 0 removed, 13291046 remain, 8205 scanned (0.06% of total)
tuples: 0 removed, 397518278 remain, 0 are dead but not yet removable
removable cutoff: 3771409298, which was 8763 XIDs old when operation ended
index scan bypassed: 2147 pages from table (0.02% of total) have 53835 dead item identifiers
I/O timings: read: 4074.069 ms, write: 0.000 ms
avg read rate: 5.677 MB/s, avg write rate: 0.000 MB/s
buffer usage: 15353 hits, 3678 misses, 0 dirtied
WAL usage: 0 records, 0 full page images, 0 bytes
system usage: CPU: user: 0.42 s, system: 0.60 s, elapsed: 5.06 s
psql:vacuum_30Oct_9.sql:42: INFO:  vacuuming "pspapg02.pg_toast.pg_toast_199382"
psql:vacuum_30Oct_9.sql:42: INFO:  finished vacuuming "pspapg02.pg_toast.pg_toast_199382": index scans: 0
pages: 0 removed, 0 remain, 0 scanned (100.00% of total)
tuples: 0 removed, 0 remain, 0 are dead but not yet removable
removable cutoff: 3771409298, which was 8763 XIDs old when operation ended
new relfrozenxid: 3771409298, which is 89208896 XIDs ahead of previous value
new relminmxid: 27825, which is 4923 MXIDs ahead of previous value
index scan not needed: 0 pages from table (100.00% of total) had 0 dead item identifiers removed
I/O timings: read: 1.458 ms, write: 0.000 ms
avg read rate: 4.907 MB/s, avg write rate: 0.000 MB/s
buffer usage: 19 hits, 1 misses, 0 dirtied
WAL usage: 0 records, 0 full page images, 0 bytes
system usage: CPU: user: 0.00 s, system: 0.00 s, elapsed: 0.00 s
psql:vacuum_30Oct_9.sql:42: INFO:  analyzing "pspadm.psp_tax_p10"
psql:vacuum_30Oct_9.sql:42: INFO:  "psp_tax_p10": scanned 30000 of 13291046 pages, containing 897657 live rows and 197 dead rows; 30000 rows in sample, 397693349 estimated total rows
VACUUM
Time: 37003.822 ms (00:37.004)
vacuum (analyze, verbose) pspadm.psp_tax_p11;
psql:vacuum_30Oct_9.sql:43: INFO:  vacuuming "pspapg02.pspadm.psp_tax_p11"
psql:vacuum_30Oct_9.sql:43: INFO:  launched 5 parallel vacuum workers for index cleanup (planned: 5)
psql:vacuum_30Oct_9.sql:43: INFO:  finished vacuuming "pspapg02.pspadm.psp_tax_p11": index scans: 0
pages: 0 removed, 13573385 remain, 6436 scanned (0.05% of total)
tuples: 0 removed, 406161396 remain, 0 are dead but not yet removable
removable cutoff: 3771427372, which was 12513 XIDs old when operation ended
index scan bypassed: 459 pages from table (0.00% of total) have 8936 dead item identifiers
I/O timings: read: 4088.891 ms, write: 0.000 ms
avg read rate: 5.784 MB/s, avg write rate: 0.000 MB/s
buffer usage: 13437 hits, 3755 misses, 0 dirtied
WAL usage: 0 records, 0 full page images, 0 bytes
system usage: CPU: user: 0.40 s, system: 0.62 s, elapsed: 5.07 s
psql:vacuum_30Oct_9.sql:43: INFO:  vacuuming "pspapg02.pg_toast.pg_toast_199388"
psql:vacuum_30Oct_9.sql:43: INFO:  finished vacuuming "pspapg02.pg_toast.pg_toast_199388": index scans: 0
pages: 0 removed, 0 remain, 0 scanned (100.00% of total)
tuples: 0 removed, 0 remain, 0 are dead but not yet removable
removable cutoff: 3771438261, which was 1624 XIDs old when operation ended
new relfrozenxid: 3771438261, which is 89214207 XIDs ahead of previous value
new relminmxid: 27825, which is 4923 MXIDs ahead of previous value
index scan not needed: 0 pages from table (100.00% of total) had 0 dead item identifiers removed
I/O timings: read: 1.169 ms, write: 0.000 ms
avg read rate: 6.104 MB/s, avg write rate: 0.000 MB/s
buffer usage: 19 hits, 1 misses, 0 dirtied
WAL usage: 0 records, 0 full page images, 0 bytes
system usage: CPU: user: 0.00 s, system: 0.00 s, elapsed: 0.00 s
psql:vacuum_30Oct_9.sql:43: INFO:  analyzing "pspadm.psp_tax_p11"
psql:vacuum_30Oct_9.sql:43: INFO:  "psp_tax_p11": scanned 30000 of 13573385 pages, containing 897774 live rows and 3 dead rows; 30000 rows in sample, 406194405 estimated total rows
VACUUM
Time: 37075.302 ms (00:37.075)
vacuum (analyze, verbose) pspadm.psp_tax_p12;
psql:vacuum_30Oct_9.sql:44: INFO:  vacuuming "pspapg02.pspadm.psp_tax_p12"
psql:vacuum_30Oct_9.sql:44: INFO:  launched 5 parallel vacuum workers for index cleanup (planned: 5)
psql:vacuum_30Oct_9.sql:44: INFO:  finished vacuuming "pspapg02.pspadm.psp_tax_p12": index scans: 0
pages: 0 removed, 13569819 remain, 6520 scanned (0.05% of total)
tuples: 27 removed, 406071917 remain, 0 are dead but not yet removable
removable cutoff: 3771450058, which was 2636 XIDs old when operation ended
index scan bypassed: 648 pages from table (0.00% of total) have 12696 dead item identifiers
I/O timings: read: 4101.171 ms, write: 0.000 ms
avg read rate: 5.766 MB/s, avg write rate: 0.000 MB/s
buffer usage: 13443 hits, 3755 misses, 0 dirtied
WAL usage: 0 records, 0 full page images, 0 bytes
system usage: CPU: user: 0.42 s, system: 0.60 s, elapsed: 5.08 s
psql:vacuum_30Oct_9.sql:44: INFO:  vacuuming "pspapg02.pg_toast.pg_toast_199394"
psql:vacuum_30Oct_9.sql:44: INFO:  finished vacuuming "pspapg02.pg_toast.pg_toast_199394": index scans: 0
pages: 0 removed, 0 remain, 0 scanned (100.00% of total)
tuples: 0 removed, 0 remain, 0 are dead but not yet removable
removable cutoff: 3771451752, which was 942 XIDs old when operation ended
new relfrozenxid: 3771451752, which is 89251350 XIDs ahead of previous value
new relminmxid: 27825, which is 4923 MXIDs ahead of previous value
index scan not needed: 0 pages from table (100.00% of total) had 0 dead item identifiers removed
I/O timings: read: 0.836 ms, write: 0.000 ms
avg read rate: 8.138 MB/s, avg write rate: 0.000 MB/s
buffer usage: 19 hits, 1 misses, 0 dirtied
WAL usage: 0 records, 0 full page images, 0 bytes
system usage: CPU: user: 0.00 s, system: 0.00 s, elapsed: 0.00 s
psql:vacuum_30Oct_9.sql:44: INFO:  analyzing "pspadm.psp_tax_p12"
psql:vacuum_30Oct_9.sql:44: INFO:  "psp_tax_p12": scanned 30000 of 13569819 pages, containing 897941 live rows and 0 dead rows; 30000 rows in sample, 406163228 estimated total rows
VACUUM
Time: 37032.215 ms (00:37.032)
vacuum (analyze, verbose) pspadm.psp_tax_p2;
psql:vacuum_30Oct_9.sql:48: INFO:  vacuuming "pspapg02.pspadm.psp_tax_p2"
psql:vacuum_30Oct_9.sql:48: INFO:  launched 5 parallel vacuum workers for index cleanup (planned: 5)
psql:vacuum_30Oct_9.sql:48: INFO:  finished vacuuming "pspapg02.pspadm.psp_tax_p2": index scans: 0
pages: 0 removed, 13562632 remain, 7169 scanned (0.05% of total)
tuples: 30 removed, 405867830 remain, 0 are dead but not yet removable
removable cutoff: 3771458651, which was 2787 XIDs old when operation ended
index scan bypassed: 841 pages from table (0.01% of total) have 13366 dead item identifiers
I/O timings: read: 4060.289 ms, write: 0.000 ms
avg read rate: 5.798 MB/s, avg write rate: 0.000 MB/s
buffer usage: 14668 hits, 3751 misses, 0 dirtied
WAL usage: 0 records, 0 full page images, 0 bytes
system usage: CPU: user: 0.41 s, system: 0.62 s, elapsed: 5.05 s
psql:vacuum_30Oct_9.sql:48: INFO:  vacuuming "pspapg02.pg_toast.pg_toast_199334"
psql:vacuum_30Oct_9.sql:48: INFO:  finished vacuuming "pspapg02.pg_toast.pg_toast_199334": index scans: 0
pages: 0 removed, 0 remain, 0 scanned (100.00% of total)
tuples: 0 removed, 0 remain, 0 are dead but not yet removable
removable cutoff: 3771458651, which was 2787 XIDs old when operation ended
new relfrozenxid: 3771458651, which is 90265434 XIDs ahead of previous value
new relminmxid: 27825, which is 4983 MXIDs ahead of previous value
index scan not needed: 0 pages from table (100.00% of total) had 0 dead item identifiers removed
I/O timings: read: 0.863 ms, write: 0.000 ms
avg read rate: 7.996 MB/s, avg write rate: 0.000 MB/s
buffer usage: 19 hits, 1 misses, 0 dirtied
WAL usage: 0 records, 0 full page images, 0 bytes
system usage: CPU: user: 0.00 s, system: 0.00 s, elapsed: 0.00 s
psql:vacuum_30Oct_9.sql:48: INFO:  analyzing "pspadm.psp_tax_p2"
psql:vacuum_30Oct_9.sql:48: INFO:  "psp_tax_p2": scanned 30000 of 13562632 pages, containing 897839 live rows and 59 dead rows; 30000 rows in sample, 405901998 estimated total rows
VACUUM
Time: 36994.442 ms (00:36.994)
vacuum (analyze, verbose) pspadm.psp_tax_p3;
psql:vacuum_30Oct_9.sql:49: INFO:  vacuuming "pspapg02.pspadm.psp_tax_p3"
psql:vacuum_30Oct_9.sql:49: INFO:  launched 5 parallel vacuum workers for index cleanup (planned: 5)
psql:vacuum_30Oct_9.sql:49: INFO:  finished vacuuming "pspapg02.pspadm.psp_tax_p3": index scans: 0
pages: 0 removed, 13421062 remain, 5924 scanned (0.04% of total)
tuples: 0 removed, 401642342 remain, 0 are dead but not yet removable
removable cutoff: 3771472935, which was 2046 XIDs old when operation ended
index scan bypassed: 743 pages from table (0.01% of total) have 11519 dead item identifiers
I/O timings: read: 4008.127 ms, write: 0.000 ms
avg read rate: 5.829 MB/s, avg write rate: 0.000 MB/s
buffer usage: 12224 hits, 3714 misses, 0 dirtied
WAL usage: 0 records, 0 full page images, 0 bytes
system usage: CPU: user: 0.44 s, system: 0.57 s, elapsed: 4.97 s
psql:vacuum_30Oct_9.sql:49: INFO:  vacuuming "pspapg02.pg_toast.pg_toast_199340"
psql:vacuum_30Oct_9.sql:49: INFO:  finished vacuuming "pspapg02.pg_toast.pg_toast_199340": index scans: 0
pages: 0 removed, 0 remain, 0 scanned (100.00% of total)
tuples: 0 removed, 0 remain, 0 are dead but not yet removable
removable cutoff: 3771474444, which was 537 XIDs old when operation ended
new relfrozenxid: 3771474444, which is 90281227 XIDs ahead of previous value
new relminmxid: 27825, which is 4983 MXIDs ahead of previous value
index scan not needed: 0 pages from table (100.00% of total) had 0 dead item identifiers removed
I/O timings: read: 1.233 ms, write: 0.000 ms
avg read rate: 5.753 MB/s, avg write rate: 0.000 MB/s
buffer usage: 19 hits, 1 misses, 0 dirtied
WAL usage: 0 records, 0 full page images, 0 bytes
system usage: CPU: user: 0.00 s, system: 0.00 s, elapsed: 0.00 s
psql:vacuum_30Oct_9.sql:49: INFO:  analyzing "pspadm.psp_tax_p3"
psql:vacuum_30Oct_9.sql:49: INFO:  "psp_tax_p3": scanned 30000 of 13421062 pages, containing 897912 live rows and 38 dead rows; 30000 rows in sample, 401697754 estimated total rows
VACUUM
Time: 37228.876 ms (00:37.229)
vacuum (analyze, verbose) pspadm.psp_tax_p4;
psql:vacuum_30Oct_9.sql:50: INFO:  vacuuming "pspapg02.pspadm.psp_tax_p4"
psql:vacuum_30Oct_9.sql:50: INFO:  launched 5 parallel vacuum workers for index cleanup (planned: 5)
psql:vacuum_30Oct_9.sql:50: INFO:  finished vacuuming "pspapg02.pspadm.psp_tax_p4": index scans: 0
pages: 0 removed, 13545544 remain, 15966 scanned (0.12% of total)
tuples: 112 removed, 405521550 remain, 0 are dead but not yet removable
removable cutoff: 3771483698, which was 10002 XIDs old when operation ended
index scan bypassed: 31 pages from table (0.00% of total) have 602 dead item identifiers
I/O timings: read: 4343.875 ms, write: 0.000 ms
avg read rate: 5.376 MB/s, avg write rate: 0.000 MB/s
buffer usage: 33132 hits, 3748 misses, 0 dirtied
WAL usage: 0 records, 0 full page images, 0 bytes
system usage: CPU: user: 0.49 s, system: 0.65 s, elapsed: 5.44 s
psql:vacuum_30Oct_9.sql:50: INFO:  vacuuming "pspapg02.pg_toast.pg_toast_199346"
psql:vacuum_30Oct_9.sql:50: INFO:  finished vacuuming "pspapg02.pg_toast.pg_toast_199346": index scans: 0
pages: 0 removed, 0 remain, 0 scanned (100.00% of total)
tuples: 0 removed, 0 remain, 0 are dead but not yet removable
removable cutoff: 3771492780, which was 920 XIDs old when operation ended
new relfrozenxid: 3771492780, which is 75351748 XIDs ahead of previous value
new relminmxid: 27825, which is 2217 MXIDs ahead of previous value
index scan not needed: 0 pages from table (100.00% of total) had 0 dead item identifiers removed
I/O timings: read: 0.775 ms, write: 0.000 ms
avg read rate: 8.557 MB/s, avg write rate: 0.000 MB/s
buffer usage: 19 hits, 1 misses, 0 dirtied
WAL usage: 0 records, 0 full page images, 0 bytes
system usage: CPU: user: 0.00 s, system: 0.00 s, elapsed: 0.00 s
psql:vacuum_30Oct_9.sql:50: INFO:  analyzing "pspadm.psp_tax_p4"
psql:vacuum_30Oct_9.sql:50: INFO:  "psp_tax_p4": scanned 30000 of 13545544 pages, containing 898171 live rows and 0 dead rows; 30000 rows in sample, 405540493 estimated total rows
VACUUM
Time: 37332.584 ms (00:37.333)
vacuum (analyze, verbose) pspadm.psp_tax_p5;
psql:vacuum_30Oct_9.sql:51: INFO:  vacuuming "pspapg02.pspadm.psp_tax_p5"
psql:vacuum_30Oct_9.sql:51: INFO:  launched 5 parallel vacuum workers for index cleanup (planned: 5)
psql:vacuum_30Oct_9.sql:51: INFO:  finished vacuuming "pspapg02.pspadm.psp_tax_p5": index scans: 0
pages: 0 removed, 13674246 remain, 6309 scanned (0.05% of total)
tuples: 9 removed, 409175009 remain, 0 are dead but not yet removable
removable cutoff: 3771500254, which was 2296 XIDs old when operation ended
index scan bypassed: 580 pages from table (0.00% of total) have 10259 dead item identifiers
I/O timings: read: 4154.671 ms, write: 0.000 ms
avg read rate: 5.759 MB/s, avg write rate: 0.000 MB/s
buffer usage: 13097 hits, 3785 misses, 0 dirtied
WAL usage: 0 records, 0 full page images, 0 bytes
system usage: CPU: user: 0.42 s, system: 0.60 s, elapsed: 5.13 s
psql:vacuum_30Oct_9.sql:51: INFO:  vacuuming "pspapg02.pg_toast.pg_toast_199352"
psql:vacuum_30Oct_9.sql:51: INFO:  finished vacuuming "pspapg02.pg_toast.pg_toast_199352": index scans: 0
pages: 0 removed, 0 remain, 0 scanned (100.00% of total)
tuples: 0 removed, 0 remain, 0 are dead but not yet removable
removable cutoff: 3771501890, which was 660 XIDs old when operation ended
new relfrozenxid: 3771501890, which is 90291651 XIDs ahead of previous value
new relminmxid: 27825, which is 4978 MXIDs ahead of previous value
index scan not needed: 0 pages from table (100.00% of total) had 0 dead item identifiers removed
I/O timings: read: 1.443 ms, write: 0.000 ms
avg read rate: 4.951 MB/s, avg write rate: 0.000 MB/s
buffer usage: 19 hits, 1 misses, 0 dirtied
WAL usage: 0 records, 0 full page images, 0 bytes
system usage: CPU: user: 0.00 s, system: 0.00 s, elapsed: 0.00 s
psql:vacuum_30Oct_9.sql:51: INFO:  analyzing "pspadm.psp_tax_p5"
psql:vacuum_30Oct_9.sql:51: INFO:  "psp_tax_p5": scanned 30000 of 13674246 pages, containing 897762 live rows and 23 dead rows; 30000 rows in sample, 409207281 estimated total rows
VACUUM
Time: 37140.357 ms (00:37.140)
vacuum (analyze, verbose) pspadm.psp_tax_p6;
psql:vacuum_30Oct_9.sql:52: INFO:  vacuuming "pspapg02.pspadm.psp_tax_p6"
psql:vacuum_30Oct_9.sql:52: INFO:  launched 5 parallel vacuum workers for index cleanup (planned: 5)
psql:vacuum_30Oct_9.sql:52: INFO:  finished vacuuming "pspapg02.pspadm.psp_tax_p6": index scans: 0
pages: 0 removed, 13196304 remain, 5636 scanned (0.04% of total)
tuples: 0 removed, 394817446 remain, 0 are dead but not yet removable
removable cutoff: 3771513306, which was 7153 XIDs old when operation ended
index scan bypassed: 560 pages from table (0.00% of total) have 8737 dead item identifiers
I/O timings: read: 3927.825 ms, write: 0.000 ms
avg read rate: 5.809 MB/s, avg write rate: 0.000 MB/s
buffer usage: 11770 hits, 3651 misses, 0 dirtied
WAL usage: 0 records, 0 full page images, 0 bytes
system usage: CPU: user: 0.38 s, system: 0.63 s, elapsed: 4.91 s
psql:vacuum_30Oct_9.sql:52: INFO:  vacuuming "pspapg02.pg_toast.pg_toast_199358"
psql:vacuum_30Oct_9.sql:52: INFO:  finished vacuuming "pspapg02.pg_toast.pg_toast_199358": index scans: 0
pages: 0 removed, 0 remain, 0 scanned (100.00% of total)
tuples: 0 removed, 0 remain, 0 are dead but not yet removable
removable cutoff: 3771520347, which was 112 XIDs old when operation ended
new relfrozenxid: 3771520347, which is 90310108 XIDs ahead of previous value
new relminmxid: 27825, which is 4978 MXIDs ahead of previous value
index scan not needed: 0 pages from table (100.00% of total) had 0 dead item identifiers removed
I/O timings: read: 1.510 ms, write: 0.000 ms
avg read rate: 4.808 MB/s, avg write rate: 0.000 MB/s
buffer usage: 19 hits, 1 misses, 0 dirtied
WAL usage: 0 records, 0 full page images, 0 bytes
system usage: CPU: user: 0.00 s, system: 0.00 s, elapsed: 0.00 s
psql:vacuum_30Oct_9.sql:52: INFO:  analyzing "pspadm.psp_tax_p6"
psql:vacuum_30Oct_9.sql:52: INFO:  "psp_tax_p6": scanned 30000 of 13196304 pages, containing 897773 live rows and 30 dead rows; 30000 rows in sample, 394909514 estimated total rows
VACUUM
Time: 36643.703 ms (00:36.644)
vacuum (analyze, verbose) pspadm.psp_tax_p7;
psql:vacuum_30Oct_9.sql:53: INFO:  vacuuming "pspapg02.pspadm.psp_tax_p7"
psql:vacuum_30Oct_9.sql:53: INFO:  launched 5 parallel vacuum workers for index cleanup (planned: 5)
psql:vacuum_30Oct_9.sql:53: INFO:  finished vacuuming "pspapg02.pspadm.psp_tax_p7": index scans: 0
pages: 0 removed, 13466629 remain, 6851 scanned (0.05% of total)
tuples: 0 removed, 402949066 remain, 0 are dead but not yet removable
removable cutoff: 3771528558, which was 8692 XIDs old when operation ended
index scan bypassed: 792 pages from table (0.01% of total) have 10287 dead item identifiers
I/O timings: read: 4094.889 ms, write: 0.000 ms
avg read rate: 5.729 MB/s, avg write rate: 0.000 MB/s
buffer usage: 14029 hits, 3728 misses, 0 dirtied
WAL usage: 0 records, 0 full page images, 0 bytes
system usage: CPU: user: 0.44 s, system: 0.59 s, elapsed: 5.08 s
psql:vacuum_30Oct_9.sql:53: INFO:  vacuuming "pspapg02.pg_toast.pg_toast_199364"
psql:vacuum_30Oct_9.sql:53: INFO:  finished vacuuming "pspapg02.pg_toast.pg_toast_199364": index scans: 0
pages: 0 removed, 0 remain, 0 scanned (100.00% of total)
tuples: 0 removed, 0 remain, 0 are dead but not yet removable
removable cutoff: 3771528558, which was 8692 XIDs old when operation ended
new relfrozenxid: 3771528558, which is 90428072 XIDs ahead of previous value
new relminmxid: 27825, which is 4983 MXIDs ahead of previous value
index scan not needed: 0 pages from table (100.00% of total) had 0 dead item identifiers removed
I/O timings: read: 0.872 ms, write: 0.000 ms
avg read rate: 7.876 MB/s, avg write rate: 0.000 MB/s
buffer usage: 19 hits, 1 misses, 0 dirtied
WAL usage: 0 records, 0 full page images, 0 bytes
system usage: CPU: user: 0.00 s, system: 0.00 s, elapsed: 0.00 s
psql:vacuum_30Oct_9.sql:53: INFO:  analyzing "pspadm.psp_tax_p7"
psql:vacuum_30Oct_9.sql:53: INFO:  "psp_tax_p7": scanned 30000 of 13466629 pages, containing 897694 live rows and 30 dead rows; 30000 rows in sample, 402963735 estimated total rows
VACUUM
Time: 36879.176 ms (00:36.879)
vacuum (analyze, verbose) pspadm.psp_tax_p8;
psql:vacuum_30Oct_9.sql:54: INFO:  vacuuming "pspapg02.pspadm.psp_tax_p8"
psql:vacuum_30Oct_9.sql:54: INFO:  launched 5 parallel vacuum workers for index cleanup (planned: 5)
psql:vacuum_30Oct_9.sql:54: INFO:  finished vacuuming "pspapg02.pspadm.psp_tax_p8": index scans: 0
pages: 0 removed, 13697293 remain, 5866 scanned (0.04% of total)
tuples: 0 removed, 409947270 remain, 0 are dead but not yet removable
removable cutoff: 3771553149, which was 414 XIDs old when operation ended
index scan bypassed: 498 pages from table (0.00% of total) have 9772 dead item identifiers
I/O timings: read: 4120.925 ms, write: 0.000 ms
avg read rate: 5.838 MB/s, avg write rate: 0.000 MB/s
buffer usage: 12187 hits, 3790 misses, 0 dirtied
WAL usage: 0 records, 0 full page images, 0 bytes
system usage: CPU: user: 0.37 s, system: 0.61 s, elapsed: 5.07 s
psql:vacuum_30Oct_9.sql:54: INFO:  vacuuming "pspapg02.pg_toast.pg_toast_199370"
psql:vacuum_30Oct_9.sql:54: INFO:  finished vacuuming "pspapg02.pg_toast.pg_toast_199370": index scans: 0
pages: 0 removed, 0 remain, 0 scanned (100.00% of total)
tuples: 0 removed, 0 remain, 0 are dead but not yet removable
removable cutoff: 3771553378, which was 185 XIDs old when operation ended
new relfrozenxid: 3771553378, which is 89352976 XIDs ahead of previous value
new relminmxid: 27825, which is 4923 MXIDs ahead of previous value
index scan not needed: 0 pages from table (100.00% of total) had 0 dead item identifiers removed
I/O timings: read: 1.145 ms, write: 0.000 ms
avg read rate: 6.186 MB/s, avg write rate: 0.000 MB/s
buffer usage: 19 hits, 1 misses, 0 dirtied
WAL usage: 0 records, 0 full page images, 0 bytes
system usage: CPU: user: 0.00 s, system: 0.00 s, elapsed: 0.00 s
psql:vacuum_30Oct_9.sql:54: INFO:  analyzing "pspadm.psp_tax_p8"
psql:vacuum_30Oct_9.sql:54: INFO:  "psp_tax_p8": scanned 30000 of 13697293 pages, containing 898048 live rows and 0 dead rows; 30000 rows in sample, 410027553 estimated total rows
VACUUM
Time: 36794.381 ms (00:36.794)
vacuum (analyze, verbose) pspadm.psp_tax_p9;
psql:vacuum_30Oct_9.sql:55: INFO:  vacuuming "pspapg02.pspadm.psp_tax_p9"
psql:vacuum_30Oct_9.sql:55: INFO:  launched 5 parallel vacuum workers for index cleanup (planned: 5)
psql:vacuum_30Oct_9.sql:55: INFO:  finished vacuuming "pspapg02.pspadm.psp_tax_p9": index scans: 0
pages: 0 removed, 13855530 remain, 6727 scanned (0.05% of total)
tuples: 9 removed, 414613142 remain, 0 are dead but not yet removable
removable cutoff: 3771559488, which was 5519 XIDs old when operation ended
index scan bypassed: 890 pages from table (0.01% of total) have 14684 dead item identifiers
I/O timings: read: 4159.338 ms, write: 0.000 ms
avg read rate: 5.818 MB/s, avg write rate: 0.000 MB/s
buffer usage: 13687 hits, 3833 misses, 0 dirtied
WAL usage: 0 records, 0 full page images, 0 bytes
system usage: CPU: user: 0.42 s, system: 0.61 s, elapsed: 5.14 s
psql:vacuum_30Oct_9.sql:55: INFO:  vacuuming "pspapg02.pg_toast.pg_toast_199376"
psql:vacuum_30Oct_9.sql:55: INFO:  finished vacuuming "pspapg02.pg_toast.pg_toast_199376": index scans: 0
pages: 0 removed, 0 remain, 0 scanned (100.00% of total)
tuples: 0 removed, 0 remain, 0 are dead but not yet removable
removable cutoff: 3771563726, which was 1281 XIDs old when operation ended
new relfrozenxid: 3771563726, which is 89402051 XIDs ahead of previous value
new relminmxid: 27825, which is 4923 MXIDs ahead of previous value
index scan not needed: 0 pages from table (100.00% of total) had 0 dead item identifiers removed
I/O timings: read: 1.245 ms, write: 0.000 ms
avg read rate: 5.690 MB/s, avg write rate: 0.000 MB/s
buffer usage: 19 hits, 1 misses, 0 dirtied
WAL usage: 0 records, 0 full page images, 0 bytes
system usage: CPU: user: 0.00 s, system: 0.00 s, elapsed: 0.00 s
psql:vacuum_30Oct_9.sql:55: INFO:  analyzing "pspadm.psp_tax_p9"
psql:vacuum_30Oct_9.sql:55: INFO:  "psp_tax_p9": scanned 30000 of 13855530 pages, containing 897818 live rows and 66 dead rows; 30000 rows in sample, 414658141 estimated total rows
VACUUM
Time: 36934.569 ms (00:36.935)
vacuum (analyze, verbose) pspadm.psp_paystub_p0;
psql:vacuum_30Oct_9.sql:56: INFO:  vacuuming "pspapg02.pspadm.psp_paystub_p0"
psql:vacuum_30Oct_9.sql:56: INFO:  launched 4 parallel vacuum workers for index cleanup (planned: 4)
psql:vacuum_30Oct_9.sql:56: INFO:  finished vacuuming "pspapg02.pspadm.psp_paystub_p0": index scans: 0
pages: 0 removed, 6724701 remain, 53060 scanned (0.79% of total)
tuples: 59714 removed, 141528141 remain, 0 are dead but not yet removable
removable cutoff: 3771575334, which was 1377 XIDs old when operation ended
index scan bypassed: 42934 pages from table (0.64% of total) have 200146 dead item identifiers
I/O timings: read: 3220.437 ms, write: 0.000 ms
avg read rate: 3.294 MB/s, avg write rate: 0.000 MB/s
buffer usage: 64188 hits, 1795 misses, 0 dirtied
WAL usage: 0 records, 0 full page images, 0 bytes
system usage: CPU: user: 0.49 s, system: 0.58 s, elapsed: 4.25 s
psql:vacuum_30Oct_9.sql:56: INFO:  vacuuming "pspapg02.pg_toast.pg_toast_199493"
psql:vacuum_30Oct_9.sql:56: INFO:  finished vacuuming "pspapg02.pg_toast.pg_toast_199493": index scans: 0
pages: 0 removed, 0 remain, 0 scanned (100.00% of total)
tuples: 0 removed, 0 remain, 0 are dead but not yet removable
removable cutoff: 3771575338, which was 1373 XIDs old when operation ended
new relfrozenxid: 3771575338, which is 75434306 XIDs ahead of previous value
new relminmxid: 27825, which is 2220 MXIDs ahead of previous value
index scan not needed: 0 pages from table (100.00% of total) had 0 dead item identifiers removed
I/O timings: read: 1.144 ms, write: 0.000 ms
avg read rate: 6.245 MB/s, avg write rate: 0.000 MB/s
buffer usage: 19 hits, 1 misses, 0 dirtied
WAL usage: 0 records, 0 full page images, 0 bytes
system usage: CPU: user: 0.00 s, system: 0.00 s, elapsed: 0.00 s
psql:vacuum_30Oct_9.sql:56: INFO:  analyzing "pspadm.psp_paystub_p0"
psql:vacuum_30Oct_9.sql:56: INFO:  "psp_paystub_p0": scanned 30000 of 6724701 pages, containing 632097 live rows and 957 dead rows; 30000 rows in sample, 141688778 estimated total rows
VACUUM
Time: 36750.150 ms (00:36.750)
vacuum (analyze, verbose) pspadm.psp_paystub_p1;
psql:vacuum_30Oct_9.sql:57: INFO:  vacuuming "pspapg02.pspadm.psp_paystub_p1"
psql:vacuum_30Oct_9.sql:57: INFO:  launched 4 parallel vacuum workers for index cleanup (planned: 4)
psql:vacuum_30Oct_9.sql:57: INFO:  finished vacuuming "pspapg02.pspadm.psp_paystub_p1": index scans: 0
pages: 0 removed, 6782470 remain, 42701 scanned (0.63% of total)
tuples: 21850 removed, 141768481 remain, 1 are dead but not yet removable
removable cutoff: 3771584932, which was 3045 XIDs old when operation ended
index scan bypassed: 32861 pages from table (0.48% of total) have 145297 dead item identifiers
I/O timings: read: 2815.671 ms, write: 0.000 ms
avg read rate: 3.787 MB/s, avg write rate: 0.000 MB/s
buffer usage: 53489 hits, 1836 misses, 0 dirtied
WAL usage: 0 records, 0 full page images, 0 bytes
system usage: CPU: user: 0.41 s, system: 0.60 s, elapsed: 3.78 s
psql:vacuum_30Oct_9.sql:57: INFO:  vacuuming "pspapg02.pg_toast.pg_toast_199499"
psql:vacuum_30Oct_9.sql:57: INFO:  finished vacuuming "pspapg02.pg_toast.pg_toast_199499": index scans: 0
pages: 0 removed, 0 remain, 0 scanned (100.00% of total)
tuples: 0 removed, 0 remain, 0 are dead but not yet removable
removable cutoff: 3771586251, which was 1726 XIDs old when operation ended
new relfrozenxid: 3771586251, which is 90563754 XIDs ahead of previous value
new relminmxid: 27825, which is 4991 MXIDs ahead of previous value
index scan not needed: 0 pages from table (100.00% of total) had 0 dead item identifiers removed
I/O timings: read: 1.218 ms, write: 0.000 ms
avg read rate: 5.848 MB/s, avg write rate: 0.000 MB/s
buffer usage: 19 hits, 1 misses, 0 dirtied
WAL usage: 0 records, 0 full page images, 0 bytes
system usage: CPU: user: 0.00 s, system: 0.00 s, elapsed: 0.00 s
psql:vacuum_30Oct_9.sql:57: INFO:  analyzing "pspadm.psp_paystub_p1"
psql:vacuum_30Oct_9.sql:57: INFO:  "psp_paystub_p1": scanned 30000 of 6782470 pages, containing 631935 live rows and 612 dead rows; 30000 rows in sample, 142869339 estimated total rows
VACUUM
Time: 35787.515 ms (00:35.788)
vacuum (analyze, verbose) pspadm.psp_paystub_p2;
psql:vacuum_30Oct_9.sql:58: INFO:  vacuuming "pspapg02.pspadm.psp_paystub_p2"
psql:vacuum_30Oct_9.sql:58: INFO:  launched 4 parallel vacuum workers for index cleanup (planned: 4)
psql:vacuum_30Oct_9.sql:58: INFO:  finished vacuuming "pspapg02.pspadm.psp_paystub_p2": index scans: 0
pages: 0 removed, 6624262 remain, 43375 scanned (0.65% of total)
tuples: 21819 removed, 138451792 remain, 0 are dead but not yet removable
removable cutoff: 3771592270, which was 4078 XIDs old when operation ended
index scan bypassed: 33398 pages from table (0.50% of total) have 146974 dead item identifiers
I/O timings: read: 2779.011 ms, write: 0.000 ms
avg read rate: 3.745 MB/s, avg write rate: 0.000 MB/s
buffer usage: 54234 hits, 1794 misses, 0 dirtied
WAL usage: 0 records, 0 full page images, 0 bytes
system usage: CPU: user: 0.41 s, system: 0.58 s, elapsed: 3.74 s
psql:vacuum_30Oct_9.sql:58: INFO:  vacuuming "pspapg02.pg_toast.pg_toast_199505"
psql:vacuum_30Oct_9.sql:58: INFO:  finished vacuuming "pspapg02.pg_toast.pg_toast_199505": index scans: 0
pages: 0 removed, 0 remain, 0 scanned (100.00% of total)
tuples: 0 removed, 0 remain, 0 are dead but not yet removable
removable cutoff: 3771592270, which was 4078 XIDs old when operation ended
new relfrozenxid: 3771592270, which is 90390686 XIDs ahead of previous value
new relminmxid: 27825, which is 4978 MXIDs ahead of previous value
index scan not needed: 0 pages from table (100.00% of total) had 0 dead item identifiers removed
I/O timings: read: 0.748 ms, write: 0.000 ms
avg read rate: 9.074 MB/s, avg write rate: 0.000 MB/s
buffer usage: 19 hits, 1 misses, 0 dirtied
WAL usage: 0 records, 0 full page images, 0 bytes
system usage: CPU: user: 0.00 s, system: 0.00 s, elapsed: 0.00 s
psql:vacuum_30Oct_9.sql:58: INFO:  analyzing "pspadm.psp_paystub_p2"
psql:vacuum_30Oct_9.sql:58: INFO:  "psp_paystub_p2": scanned 30000 of 6624262 pages, containing 631927 live rows and 716 dead rows; 30000 rows in sample, 139535000 estimated total rows
VACUUM
Time: 35620.948 ms (00:35.621)
vacuum (analyze, verbose) pspadm.psp_paystub_p3;
psql:vacuum_30Oct_9.sql:59: INFO:  vacuuming "pspapg02.pspadm.psp_paystub_p3"
psql:vacuum_30Oct_9.sql:59: INFO:  launched 4 parallel vacuum workers for index cleanup (planned: 4)
psql:vacuum_30Oct_9.sql:59: INFO:  finished vacuuming "pspapg02.pspadm.psp_paystub_p3": index scans: 0
pages: 0 removed, 6702857 remain, 63627 scanned (0.95% of total)
tuples: 55892 removed, 140114736 remain, 0 are dead but not yet removable
removable cutoff: 3771605151, which was 4265 XIDs old when operation ended
index scan bypassed: 34678 pages from table (0.52% of total) have 152066 dead item identifiers
I/O timings: read: 3368.837 ms, write: 0.000 ms
avg read rate: 3.123 MB/s, avg write rate: 0.000 MB/s
buffer usage: 93523 hits, 1824 misses, 0 dirtied
WAL usage: 0 records, 0 full page images, 0 bytes
system usage: CPU: user: 0.65 s, system: 0.59 s, elapsed: 4.56 s
psql:vacuum_30Oct_9.sql:59: INFO:  vacuuming "pspapg02.pg_toast.pg_toast_199511"
psql:vacuum_30Oct_9.sql:59: INFO:  finished vacuuming "pspapg02.pg_toast.pg_toast_199511": index scans: 0
pages: 0 removed, 0 remain, 0 scanned (100.00% of total)
tuples: 0 removed, 0 remain, 0 are dead but not yet removable
removable cutoff: 3771606094, which was 3323 XIDs old when operation ended
new relfrozenxid: 3771606094, which is 89530881 XIDs ahead of previous value
new relminmxid: 27825, which is 4930 MXIDs ahead of previous value
index scan not needed: 0 pages from table (100.00% of total) had 0 dead item identifiers removed
I/O timings: read: 0.870 ms, write: 0.000 ms
avg read rate: 7.805 MB/s, avg write rate: 0.000 MB/s
buffer usage: 19 hits, 1 misses, 0 dirtied
WAL usage: 0 records, 0 full page images, 0 bytes
system usage: CPU: user: 0.00 s, system: 0.00 s, elapsed: 0.00 s
psql:vacuum_30Oct_9.sql:59: INFO:  analyzing "pspadm.psp_paystub_p3"
psql:vacuum_30Oct_9.sql:59: INFO:  "psp_paystub_p3": scanned 30000 of 6702857 pages, containing 632370 live rows and 517 dead rows; 30000 rows in sample, 141289523 estimated total rows
VACUUM
Time: 36419.135 ms (00:36.419)
