psql:drop_check.sql:5: ERROR:  syntax error at or near "TABLE"
LINE 2: ALTER TABLE pspadm.psp_accounting_report_file DROP CONSTRAIN...
              ^
psql:drop_check.sql:8: ERROR:  constraint "c_psp_accounting_report_fi1" of relation "psp_accounting_report_file" does not exist
psql:drop_check.sql:13: ERROR:  syntax error at or near "TABLE"
LINE 2: ALTER TABLE pspadm.psp_ach_transaction_code DROP CONSTRAINT ...
              ^
psql:drop_check.sql:16: ERROR:  constraint "c_psp_ach_transaction_code1" of relation "psp_ach_transaction_code" does not exist
psql:drop_check.sql:21: ERROR:  syntax error at or near "TABLE"
LINE 2: ALTER TABLE pspadm.psp_achenrollment DROP CONSTRAINT c_psp_a...
              ^
psql:drop_check.sql:28: ERROR:  syntax error at or near "TABLE"
LINE 2: ALTER TABLE pspadm.psp_achenrollment_detail
              ^
psql:drop_check.sql:31: ERROR:  constraint "c_psp_achenrollment_file1" of relation "psp_achenrollment_file" does not exist
psql:drop_check.sql:36: ERROR:  syntax error at or near "TABLE"
LINE 2: ALTER TABLE pspadm.psp_action_event DROP CONSTRAINT c_psp_ac...
              ^
psql:drop_check.sql:40: ERROR:  constraint "c_psp_action_event1" of relation "psp_action_event" does not exist
psql:drop_check.sql:51: ERROR:  syntax error at or near "TABLE"
LINE 2: ALTER TABLE pspadm.psp_additional_filing_amount
              ^
psql:drop_check.sql:58: ERROR:  syntax error at or near "TABLE"
LINE 2: ALTER TABLE pspadm.psp_agency_check_batch
              ^
psql:drop_check.sql:63: ERROR:  syntax error at or near "TABLE"
LINE 2: ALTER TABLE pspadm.psp_agency_rate_request DROP CONSTRAINT c...
              ^
psql:drop_check.sql:68: ERROR:  syntax error at or near "TABLE"
LINE 2: ALTER TABLE pspadm.psp_annual_billing_batch DROP CONSTRAINT ...
              ^
psql:drop_check.sql:71: ERROR:  constraint "c_psp_annual_billing_batch1" of relation "psp_annual_billing_batch" does not exist
psql:drop_check.sql:76: ERROR:  syntax error at or near "TABLE"
LINE 2: ALTER TABLE pspadm.psp_annual_billing_item DROP CONSTRAINT c...
              ^
psql:drop_check.sql:81: ERROR:  syntax error at or near "TABLE"
LINE 2: ALTER TABLE pspadm.psp_applied_database_patch DROP CONSTRAIN...
              ^
psql:drop_check.sql:88: ERROR:  syntax error at or near "TABLE"
LINE 2: ALTER TABLE pspadm.psp_archive_record
              ^
psql:drop_check.sql:95: ERROR:  syntax error at or near "TABLE"
LINE 2: ALTER TABLE pspadm.psp_asst_bundle_bill_detail
              ^
psql:drop_check.sql:100: ERROR:  syntax error at or near "TABLE"
LINE 2: ALTER TABLE pspadm.psp_atfdata_extract_batch DROP CONSTRAINT...
              ^
psql:drop_check.sql:103: ERROR:  constraint "c_psp_atfdata_extract_batch1" of relation "psp_atfdata_extract_batch" does not exist
psql:drop_check.sql:108: ERROR:  syntax error at or near "TABLE"
LINE 2: ALTER TABLE pspadm.psp_atfdata_extract_file DROP CONSTRAINT ...
              ^
psql:drop_check.sql:111: ERROR:  constraint "c_psp_atfdata_extract_file1" of relation "psp_atfdata_extract_file" does not exist
psql:drop_check.sql:122: ERROR:  syntax error at or near "TABLE"
LINE 2: ALTER TABLE pspadm.psp_atfpayments_to_process
              ^
psql:drop_check.sql:135: ERROR:  syntax error at or near "TABLE"
LINE 2: ALTER TABLE pspadm.psp_auth_role
              ^
psql:drop_check.sql:138: ERROR:  constraint "c_psp_bank_account1" of relation "psp_bank_account" does not exist
psql:drop_check.sql:141: ERROR:  constraint "c_psp_bank_account2" of relation "psp_bank_account" does not exist
psql:drop_check.sql:152: ERROR:  syntax error at or near "TABLE"
LINE 2: ALTER TABLE pspadm.psp_bank_holiday
              ^
psql:drop_check.sql:154: ERROR:  constraint "c_psp_batch_job_setup0" of relation "psp_batch_job_setup" does not exist
psql:drop_check.sql:159: ERROR:  syntax error at or near "TABLE"
LINE 2: ALTER TABLE pspadm.psp_batch_job_status DROP CONSTRAINT c_ps...
              ^
psql:drop_check.sql:162: ERROR:  syntax error at or near "UNIQUE"
LINE 1: ...ob_status DROP CONSTRAINT c_psp_batch_job_status1 UNIQUE (jo...
                                                             ^
psql:drop_check.sql:168: ERROR:  syntax error at or near "TABLE"
LINE 2: ALTER TABLE pspadm.psp_bill
              ^
psql:drop_check.sql:171: ERROR:  constraint "c_psp_bill_payment1" of relation "psp_bill_payment" does not exist
psql:drop_check.sql:178: ERROR:  syntax error at or near "TABLE"
LINE 2: ALTER TABLE pspadm.psp_bill_payment_split
              ^
psql:drop_check.sql:187: ERROR:  syntax error at or near "TABLE"
LINE 2: ALTER TABLE pspadm.psp_bpcompany_service_info
              ^
psql:drop_check.sql:192: ERROR:  syntax error at or near "TABLE"
LINE 2: ALTER TABLE pspadm.psp_check_print_paycheck DROP CONSTRAINT ...
              ^
psql:drop_check.sql:199: ERROR:  syntax error at or near "TABLE"
LINE 2: ALTER TABLE pspadm.psp_check_print_signature
              ^
psql:drop_check.sql:208: ERROR:  syntax error at or near "TABLE"
LINE 2: ALTER TABLE pspadm.psp_comp_adjust_submission
              ^
psql:drop_check.sql:213: ERROR:  syntax error at or near "TABLE"
LINE 2: ALTER TABLE pspadm.psp_company DROP CONSTRAINT c_psp_company...
              ^
psql:drop_check.sql:216: ERROR:  constraint "c_psp_company1" of relation "psp_company" does not exist
psql:drop_check.sql:225: ERROR:  syntax error at or near "TABLE"
LINE 2: ALTER TABLE pspadm.psp_company_additional_info
              ^
psql:drop_check.sql:239: ERROR:  syntax error at or near "TABLE"
LINE 2: ALTER TABLE pspadm.psp_company_consent
              ^
psql:drop_check.sql:242: ERROR:  constraint "c_psp_company_event_email1" of relation "psp_company_event_email" does not exist
psql:drop_check.sql:251: ERROR:  syntax error at or near "TABLE"
LINE 2: ALTER TABLE pspadm.psp_company_event_email_param
              ^
psql:drop_check.sql:254: ERROR:  constraint "c_psp_company_law2" of relation "psp_company_law" does not exist
psql:drop_check.sql:257: ERROR:  constraint "c_psp_company_law3" of relation "psp_company_law" does not exist
psql:drop_check.sql:262: ERROR:  syntax error at or near "TABLE"
LINE 2: ALTER TABLE pspadm.psp_company_law_rate DROP CONSTRAINT c_ps...
              ^
psql:drop_check.sql:275: ERROR:  syntax error at or near "TABLE"
LINE 2: ALTER TABLE pspadm.psp_company_note
              ^
psql:drop_check.sql:280: ERROR:  syntax error at or near "TABLE"
LINE 2: ALTER TABLE pspadm.psp_company_pin DROP CONSTRAINT c_psp_com...
              ^
psql:drop_check.sql:285: ERROR:  syntax error at or near "TABLE"
LINE 2: ALTER TABLE pspadm.psp_company_rate_request DROP CONSTRAINT ...
              ^
psql:drop_check.sql:290: ERROR:  syntax error at or near "TABLE"
LINE 2: ALTER TABLE pspadm.psp_company_service DROP CONSTRAINT c_psp...
              ^
psql:drop_check.sql:297: ERROR:  syntax error at or near "TABLE"
LINE 2: ALTER TABLE pspadm.psp_company_service_bank_acct
              ^
psql:drop_check.sql:302: ERROR:  syntax error at or near "TABLE"
LINE 2: ALTER TABLE pspadm.psp_company_usage DROP CONSTRAINT c_psp_c...
              ^
psql:drop_check.sql:313: ERROR:  syntax error at or near "TABLE"
LINE 2: ALTER TABLE pspadm.psp_companyagency_frmtemplate
              ^
psql:drop_check.sql:326: ERROR:  syntax error at or near "TABLE"
LINE 2: ALTER TABLE pspadm.psp_ddcompany_service_info
              ^
psql:drop_check.sql:331: ERROR:  syntax error at or near "TABLE"
LINE 2: ALTER TABLE pspadm.psp_deposit_frequency_file DROP CONSTRAIN...
              ^
psql:drop_check.sql:336: ERROR:  syntax error at or near "TABLE"
LINE 2: ALTER TABLE pspadm.psp_deposit_frequency_file_rec DROP CONST...
              ^
psql:drop_check.sql:341: ERROR:  syntax error at or near "TABLE"
LINE 2: ALTER TABLE pspadm.psp_deposit_frequency_req DROP CONSTRAINT...
              ^
psql:drop_check.sql:346: ERROR:  syntax error at or near "TABLE"
LINE 2: ALTER TABLE pspadm.psp_dicrfile DROP CONSTRAINT c_psp_dicrfi...
              ^
psql:drop_check.sql:355: ERROR:  syntax error at or near "TABLE"
LINE 2: ALTER TABLE pspadm.psp_disburse_advice
              ^
psql:drop_check.sql:360: ERROR:  syntax error at or near "TABLE"
LINE 2: ALTER TABLE pspadm.psp_edi_tax_file DROP CONSTRAINT c_psp_ed...
              ^
psql:drop_check.sql:363: ERROR:  constraint "c_psp_edi_tax_file1" of relation "psp_edi_tax_file" does not exist
psql:drop_check.sql:366: ERROR:  constraint "c_psp_edi_tax_file2" of relation "psp_edi_tax_file" does not exist
psql:drop_check.sql:375: ERROR:  syntax error at or near "TABLE"
LINE 2: ALTER TABLE pspadm.psp_ee_payrollitem_qtrtotals
              ^
psql:drop_check.sql:380: ERROR:  syntax error at or near "TABLE"
LINE 2: ALTER TABLE pspadm.psp_eftps_enrollment_detail DROP CONSTRAI...
              ^
psql:drop_check.sql:385: ERROR:  syntax error at or near "TABLE"
LINE 2: ALTER TABLE pspadm.psp_eftps_file DROP CONSTRAINT c_psp_eftp...
              ^
psql:drop_check.sql:390: ERROR:  syntax error at or near "TABLE"
LINE 2: ALTER TABLE pspadm.psp_eftps_payment_detail DROP CONSTRAINT ...
              ^
psql:drop_check.sql:393: ERROR:  constraint "c_psp_eftps_payment_detail1" of relation "psp_eftps_payment_detail" does not exist
psql:drop_check.sql:398: ERROR:  syntax error at or near "TABLE"
LINE 2: ALTER TABLE pspadm.psp_emp_totals_payroll_run DROP CONSTRAIN...
              ^
psql:drop_check.sql:403: ERROR:  syntax error at or near "TABLE"
LINE 2: ALTER TABLE pspadm.psp_employee DROP CONSTRAINT c_psp_employ...
              ^
psql:drop_check.sql:406: ERROR:  constraint "c_psp_employee1" of relation "psp_employee" does not exist
psql:drop_check.sql:409: ERROR:  syntax error at or near "UNIQUE"
LINE 1: ...ployee DROP CONSTRAINT psp_emp_comp_fk_src_emp_id UNIQUE (co...
                                                             ^
psql:drop_check.sql:413: ERROR:  syntax error at or near "TABLE"
LINE 2: ALTER TABLE pspadm.psp_employee_accrual DROP CONSTRAINT c_ps...
              ^
psql:drop_check.sql:416: ERROR:  constraint "c_psp_employee_accrual1" of relation "psp_employee_accrual" does not exist
psql:drop_check.sql:421: ERROR:  syntax error at or near "TABLE"
LINE 2: ALTER TABLE pspadm.psp_employee_bank_account DROP CONSTRAINT...
              ^
psql:drop_check.sql:424: ERROR:  constraint "c_psp_employee_bank_account1" of relation "psp_employee_bank_account" does not exist
psql:drop_check.sql:433: ERROR:  syntax error at or near "TABLE"
LINE 2: ALTER TABLE pspadm.psp_employee_custom_field
              ^
psql:drop_check.sql:436: ERROR:  constraint "c_psp_employee_payroll_item1" of relation "psp_employee_payroll_item" does not exist
psql:drop_check.sql:439: ERROR:  constraint "c_psp_employee_payroll_item2" of relation "psp_employee_payroll_item" does not exist
psql:drop_check.sql:444: ERROR:  syntax error at or near "TABLE"
LINE 2: ALTER TABLE pspadm.psp_employee_tax DROP CONSTRAINT c_psp_em...
              ^
psql:drop_check.sql:447: ERROR:  constraint "c_psp_employee_tax1" of relation "psp_employee_tax" does not exist
psql:drop_check.sql:456: ERROR:  syntax error at or near "TABLE"
LINE 2: ALTER TABLE pspadm.psp_employee_usage
              ^
psql:drop_check.sql:459: ERROR:  constraint "c_psp_employee_wage_plan1" of relation "psp_employee_wage_plan" does not exist
psql:drop_check.sql:468: ERROR:  syntax error at or near "TABLE"
LINE 2: ALTER TABLE pspadm.psp_employer_contribution
              ^
psql:drop_check.sql:471: ERROR:  constraint "c_psp_entitlement1" of relation "psp_entitlement" does not exist
psql:drop_check.sql:475: ERROR:  constraint "c_psp_entitlement2" of relation "psp_entitlement" does not exist
psql:drop_check.sql:480: ERROR:  syntax error at or near "TABLE"
LINE 2: ALTER TABLE pspadm.psp_entitlement_code DROP CONSTRAINT c_ps...
              ^
psql:drop_check.sql:483: ERROR:  constraint "c_psp_entitlement_code1" of relation "psp_entitlement_code" does not exist
psql:drop_check.sql:486: ERROR:  constraint "c_psp_entitlement_code2" of relation "psp_entitlement_code" does not exist
psql:drop_check.sql:489: ERROR:  constraint "c_psp_entitlement_code3" of relation "psp_entitlement_code" does not exist
psql:drop_check.sql:492: ERROR:  constraint "c_psp_entitlement_code4" of relation "psp_entitlement_code" does not exist
psql:drop_check.sql:497: ERROR:  syntax error at or near "TABLE"
LINE 2: ALTER TABLE pspadm.psp_entitlement_code_offering DROP CONSTR...
              ^
psql:drop_check.sql:502: ERROR:  syntax error at or near "TABLE"
LINE 2: ALTER TABLE pspadm.psp_entitlement_message DROP CONSTRAINT c...
              ^
psql:drop_check.sql:508: ERROR:  constraint "c_psp_entitlement_unit0" of relation "psp_entitlement_unit" does not exist
psql:drop_check.sql:515: ERROR:  syntax error at or near "TABLE"
LINE 2: ALTER TABLE pspadm.psp_entity_change
              ^
psql:drop_check.sql:518: ERROR:  constraint "c_psp_entity_update1" of relation "psp_entity_update_hist" does not exist
psql:drop_check.sql:523: ERROR:  syntax error at or near "TABLE"
LINE 2: ALTER TABLE pspadm.psp_entry_detail_record DROP CONSTRAINT s...
              ^
psql:drop_check.sql:525: ERROR:  constraint "c_psp_event_as400_sync0" of relation "psp_event_as400_sync" does not exist
psql:drop_check.sql:530: ERROR:  syntax error at or near "TABLE"
LINE 2: ALTER TABLE pspadm.psp_event_detail_type DROP CONSTRAINT c_p...
              ^
psql:drop_check.sql:535: ERROR:  syntax error at or near "TABLE"
LINE 2: ALTER TABLE pspadm.psp_event_log DROP CONSTRAINT c_psp_event...
              ^
psql:drop_check.sql:540: ERROR:  syntax error at or near "TABLE"
LINE 2: ALTER TABLE pspadm.psp_event_type DROP CONSTRAINT c_psp_even...
              ^
psql:drop_check.sql:543: ERROR:  constraint "c_psp_event_type1" of relation "psp_event_type" does not exist
psql:drop_check.sql:550: ERROR:  syntax error at or near "TABLE"
LINE 2: ALTER TABLE pspadm.psp_evttp_srcsys_assoc
              ^
psql:drop_check.sql:555: ERROR:  syntax error at or near "TABLE"
LINE 2: ALTER TABLE pspadm.psp_fee DROP CONSTRAINT c_psp_fee0 ;
              ^
psql:drop_check.sql:560: ERROR:  syntax error at or near "TABLE"
LINE 2: ALTER TABLE pspadm.psp_financial_trans_state DROP CONSTRAINT...
              ^
psql:drop_check.sql:562: ERROR:  syntax error at or near "PRIMARY"
LINE 1: ...financial_transaction DROP CONSTRAINT sys_c008675 PRIMARY KE...
                                                             ^
psql:drop_check.sql:569: ERROR:  syntax error at or near "TABLE"
LINE 2: ALTER TABLE pspadm.psp_fintxn_onholdreason_assoc
              ^
psql:drop_check.sql:580: ERROR:  syntax error at or near "TABLE"
LINE 2: ALTER TABLE pspadm.psp_forecast_detail
              ^
psql:drop_check.sql:583: ERROR:  constraint "c_psp_fraud_bank_account1" of relation "psp_fraud_bank_account" does not exist
psql:drop_check.sql:592: ERROR:  syntax error at or near "TABLE"
LINE 2: ALTER TABLE pspadm.psp_fraud_company
              ^
psql:drop_check.sql:595: ERROR:  constraint "c_psp_fraud_event1" of relation "psp_fraud_event" does not exist
psql:drop_check.sql:600: ERROR:  syntax error at or near "TABLE"
LINE 2: ALTER TABLE pspadm.psp_fraud_rule DROP CONSTRAINT c_psp_frau...
              ^
psql:drop_check.sql:605: ERROR:  syntax error at or near "TABLE"
LINE 2: ALTER TABLE pspadm.psp_fraud_value DROP CONSTRAINT c_psp_fra...
              ^
psql:drop_check.sql:610: ERROR:  syntax error at or near "TABLE"
LINE 2: ALTER TABLE pspadm.psp_fset_file DROP CONSTRAINT c_psp_fset_...
              ^
psql:drop_check.sql:613: ERROR:  constraint "c_psp_fset_file1" of relation "psp_fset_file" does not exist
psql:drop_check.sql:618: ERROR:  syntax error at or near "TABLE"
LINE 2: ALTER TABLE pspadm.psp_fset_filing_detail DROP CONSTRAINT c_...
              ^
psql:drop_check.sql:625: ERROR:  syntax error at or near "TABLE"
LINE 2: ALTER TABLE pspadm.psp_funding_model
              ^
psql:drop_check.sql:632: ERROR:  syntax error at or near "TABLE"
LINE 2: ALTER TABLE pspadm.psp_gems_monthly_balance
              ^
psql:drop_check.sql:635: ERROR:  constraint "c_psp_gems_upload_batch1" of relation "psp_gems_upload_batch" does not exist
psql:drop_check.sql:640: ERROR:  syntax error at or near "TABLE"
LINE 2: ALTER TABLE pspadm.psp_hours_worked_exception DROP CONSTRAIN...
              ^
psql:drop_check.sql:643: ERROR:  constraint "c_psp_hours_worked_excepti1" of relation "psp_hours_worked_exception" does not exist
psql:drop_check.sql:648: ERROR:  syntax error at or near "TABLE"
LINE 2: ALTER TABLE pspadm.psp_individual DROP CONSTRAINT c_psp_indi...
              ^
psql:drop_check.sql:651: ERROR:  constraint "c_psp_individual1" of relation "psp_individual" does not exist
psql:drop_check.sql:656: ERROR:  syntax error at or near "TABLE"
LINE 2: ALTER TABLE pspadm.psp_industry_type DROP CONSTRAINT c_psp_i...
              ^
psql:drop_check.sql:661: ERROR:  syntax error at or near "TABLE"
LINE 2: ALTER TABLE pspadm.psp_intuit_ba_bt_ft DROP CONSTRAINT c_psp...
              ^
psql:drop_check.sql:664: ERROR:  constraint "c_psp_intuit_ba_bt_ft1" of relation "psp_intuit_ba_bt_ft" does not exist
psql:drop_check.sql:669: ERROR:  syntax error at or near "TABLE"
LINE 2: ALTER TABLE pspadm.psp_intuit_bank_acc_txn_type DROP CONSTRA...
              ^
psql:drop_check.sql:678: ERROR:  syntax error at or near "TABLE"
LINE 2: ALTER TABLE pspadm.psp_intuit_bank_account
              ^
psql:drop_check.sql:683: ERROR:  syntax error at or near "TABLE"
LINE 2: ALTER TABLE pspadm.psp_law DROP CONSTRAINT c_psp_law0 ;
              ^
psql:drop_check.sql:692: ERROR:  syntax error at or near "TABLE"
LINE 2: ALTER TABLE pspadm.psp_law_rate_range
              ^
psql:drop_check.sql:695: ERROR:  constraint "c_psp_ledger_account1" of relation "psp_ledger_account" does not exist
psql:drop_check.sql:698: ERROR:  constraint "c_psp_ledger_account2" of relation "psp_ledger_account" does not exist
psql:drop_check.sql:701: ERROR:  constraint "c_psp_ledger_account3" of relation "psp_ledger_account" does not exist
psql:drop_check.sql:706: ERROR:  syntax error at or near "TABLE"
LINE 2: ALTER TABLE pspadm.psp_ledger_account_action DROP CONSTRAINT...
              ^
psql:drop_check.sql:711: ERROR:  syntax error at or near "TABLE"
LINE 2: ALTER TABLE pspadm.psp_ledger_balance DROP CONSTRAINT sys_c0...
              ^
psql:drop_check.sql:714: ERROR:  constraint "c_psp_ledger_operation0" of relation "psp_ledger_operation" does not exist
psql:drop_check.sql:717: ERROR:  constraint "c_psp_ledger_operation1" of relation "psp_ledger_operation" does not exist
psql:drop_check.sql:722: ERROR:  syntax error at or near "TABLE"
LINE 2: ALTER TABLE pspadm.psp_ledger_operation_job DROP CONSTRAINT ...
              ^
psql:drop_check.sql:725: ERROR:  constraint "c_psp_ledger_operation_job1" of relation "psp_ledger_operation_job" does not exist
psql:drop_check.sql:734: ERROR:  syntax error at or near "TABLE"
LINE 2: ALTER TABLE pspadm.psp_liab_check_billing_assoc
              ^
psql:drop_check.sql:741: ERROR:  syntax error at or near "TABLE"
LINE 2: ALTER TABLE pspadm.psp_liability_check_line
              ^
psql:drop_check.sql:746: ERROR:  syntax error at or near "TABLE"
LINE 2: ALTER TABLE pspadm.psp_limit_value DROP CONSTRAINT c_psp_lim...
              ^
psql:drop_check.sql:753: ERROR:  syntax error at or near "TABLE"
LINE 2: ALTER TABLE pspadm.psp_manual_requirement
              ^
psql:drop_check.sql:758: ERROR:  syntax error at or near "TABLE"
LINE 2: ALTER TABLE pspadm.psp_money_movement_transaction DROP CONST...
              ^
psql:drop_check.sql:760: ERROR:  constraint "c_psp_nachafile0" of relation "psp_nachafile" does not exist
psql:drop_check.sql:763: ERROR:  constraint "c_psp_nachafile1" of relation "psp_nachafile" does not exist
psql:drop_check.sql:768: ERROR:  syntax error at or near "TABLE"
LINE 2: ALTER TABLE pspadm.psp_offer DROP CONSTRAINT c_psp_offer0 ;
              ^
psql:drop_check.sql:771: ERROR:  constraint "c_psp_offer1" of relation "psp_offer" does not exist
psql:drop_check.sql:774: ERROR:  constraint "c_psp_offer2" of relation "psp_offer" does not exist
psql:drop_check.sql:777: ERROR:  constraint "c_psp_offer3" of relation "psp_offer" does not exist
psql:drop_check.sql:782: ERROR:  syntax error at or near "TABLE"
LINE 2: ALTER TABLE pspadm.psp_offer_price DROP CONSTRAINT c_psp_off...
              ^
psql:drop_check.sql:789: ERROR:  syntax error at or near "TABLE"
LINE 2: ALTER TABLE pspadm.psp_offer_svcchg_assoc
              ^
psql:drop_check.sql:792: ERROR:  constraint "c_psp_offering2" of relation "psp_offering" does not exist
psql:drop_check.sql:797: ERROR:  syntax error at or near "TABLE"
LINE 2: ALTER TABLE pspadm.psp_offering_svcchg DROP CONSTRAINT c_psp...
              ^
psql:drop_check.sql:802: ERROR:  syntax error at or near "TABLE"
LINE 2: ALTER TABLE pspadm.psp_offering_svcchg_grp DROP CONSTRAINT c...
              ^
psql:drop_check.sql:807: ERROR:  syntax error at or near "TABLE"
LINE 2: ALTER TABLE pspadm.psp_offload_batch DROP CONSTRAINT c_psp_o...
              ^
psql:drop_check.sql:814: ERROR:  syntax error at or near "TABLE"
LINE 2: ALTER TABLE pspadm.psp_offload_group
              ^
psql:drop_check.sql:821: ERROR:  syntax error at or near "TABLE"
LINE 2: ALTER TABLE pspadm.psp_ownership_type
              ^
psql:drop_check.sql:826: ERROR:  syntax error at or near "TABLE"
LINE 2: ALTER TABLE pspadm.psp_paycheck DROP CONSTRAINT sys_c008737 ...
              ^
psql:drop_check.sql:828: ERROR:  syntax error at or near "PRIMARY"
LINE 1: ...dm.psp_paycheck_split DROP CONSTRAINT sys_c008745 PRIMARY KE...
                                                             ^
psql:drop_check.sql:838: ERROR:  syntax error at or near "TABLE"
LINE 2: ALTER TABLE pspadm.psp_payee
              ^
psql:drop_check.sql:849: ERROR:  syntax error at or near "TABLE"
LINE 2: ALTER TABLE pspadm.psp_payment_batch_assoc
              ^
psql:drop_check.sql:860: ERROR:  syntax error at or near "TABLE"
LINE 2: ALTER TABLE pspadm.psp_payment_template_agency_id
              ^
psql:drop_check.sql:863: ERROR:  constraint "c_psp_payroll_item1" of relation "psp_payroll_item" does not exist
psql:drop_check.sql:870: ERROR:  syntax error at or near "TABLE"
LINE 2: ALTER TABLE pspadm.psp_payroll_item_taxable_to
              ^
psql:drop_check.sql:873: ERROR:  constraint "c_psp_payroll_run1" of relation "psp_payroll_run" does not exist
psql:drop_check.sql:876: ERROR:  constraint "c_psp_payroll_run2" of relation "psp_payroll_run" does not exist
psql:drop_check.sql:879: ERROR:  constraint "c_psp_payroll_run3" of relation "psp_payroll_run" does not exist
psql:drop_check.sql:882: ERROR:  constraint "c_psp_payroll_run4" of relation "psp_payroll_run" does not exist
psql:drop_check.sql:885: ERROR:  constraint "c_psp_payroll_run5" of relation "psp_payroll_run" does not exist
psql:drop_check.sql:890: ERROR:  syntax error at or near "TABLE"
LINE 2: ALTER TABLE pspadm.psp_payroll_run_action DROP CONSTRAINT c_...
              ^
psql:drop_check.sql:895: ERROR:  syntax error at or near "TABLE"
LINE 2: ALTER TABLE pspadm.psp_payroll_subtype DROP CONSTRAINT c_psp...
              ^
psql:drop_check.sql:904: ERROR:  syntax error at or near "TABLE"
LINE 2: ALTER TABLE pspadm.psp_paystub
              ^
psql:drop_check.sql:909: ERROR:  syntax error at or near "TABLE"
LINE 2: ALTER TABLE pspadm.psp_pmt_template_frequency DROP CONSTRAIN...
              ^
psql:drop_check.sql:914: ERROR:  syntax error at or near "TABLE"
LINE 2: ALTER TABLE pspadm.psp_pmt_template_paymentmethod DROP CONST...
              ^
psql:drop_check.sql:935: ERROR:  syntax error at or near "TABLE"
LINE 2: ALTER TABLE pspadm.psp_pmttemplate_chkinfo_assoc
              ^
psql:drop_check.sql:941: ERROR:  syntax error at or near "TABLE"
LINE 2: ALTER TABLE pspadm.psp_pstub_employer_info
              ^
psql:drop_check.sql:952: ERROR:  syntax error at or near "TABLE"
LINE 2: ALTER TABLE pspadm.psp_pstub_paid_timeoff_item
              ^
psql:drop_check.sql:962: ERROR:  syntax error at or near "TABLE"
LINE 2: ALTER TABLE pspadm.psp_qbdt_paycheck_info
              ^
psql:drop_check.sql:965: ERROR:  constraint "c_psp_qbdt_payroll_item_in1" of relation "psp_qbdt_payroll_item_info" does not exist
psql:drop_check.sql:968: ERROR:  constraint "c_psp_qbdt_payroll_item_in2" of relation "psp_qbdt_payroll_item_info" does not exist
psql:drop_check.sql:975: ERROR:  syntax error at or near "TABLE"
LINE 2: ALTER TABLE pspadm.psp_qbdt_payroll_trans_line
              ^
psql:drop_check.sql:984: ERROR:  syntax error at or near "TABLE"
LINE 2: ALTER TABLE pspadm.psp_qbdt_request_info
              ^
psql:drop_check.sql:993: ERROR:  syntax error at or near "TABLE"
LINE 2: ALTER TABLE pspadm.psp_quickbooks_info
              ^
psql:drop_check.sql:1000: ERROR:  syntax error at or near "TABLE"
LINE 2: ALTER TABLE pspadm.psp_rafenrollment_detail
              ^
psql:drop_check.sql:1003: ERROR:  constraint "c_psp_rafenrollment_file1" of relation "psp_rafenrollment_file" does not exist
psql:drop_check.sql:1014: ERROR:  syntax error at or near "TABLE"
LINE 2: ALTER TABLE pspadm.psp_rate_ledger_operation
              ^
psql:drop_check.sql:1019: ERROR:  syntax error at or near "TABLE"
LINE 2: ALTER TABLE pspadm.psp_role_sub_status DROP CONSTRAINT c_psp...
              ^
psql:drop_check.sql:1024: ERROR:  syntax error at or near "TABLE"
LINE 2: ALTER TABLE pspadm.psp_rtbautomationbackup DROP CONSTRAINT c...
              ^
psql:drop_check.sql:1035: ERROR:  syntax error at or near "TABLE"
LINE 2: ALTER TABLE pspadm.psp_sap_method_call
              ^
psql:drop_check.sql:1038: ERROR:  constraint "c_psp_serv_stat_txn_sku_ty1" of relation "psp_serv_stat_txn_sku_type" does not exist
psql:drop_check.sql:1043: ERROR:  syntax error at or near "TABLE"
LINE 2: ALTER TABLE pspadm.psp_service DROP CONSTRAINT c_psp_service...
              ^
psql:drop_check.sql:1048: ERROR:  syntax error at or near "TABLE"
LINE 2: ALTER TABLE pspadm.psp_service_status DROP CONSTRAINT c_psp_...
              ^
psql:drop_check.sql:1053: ERROR:  syntax error at or near "TABLE"
LINE 2: ALTER TABLE pspadm.psp_service_sub_status DROP CONSTRAINT c_...
              ^
psql:drop_check.sql:1058: ERROR:  syntax error at or near "TABLE"
LINE 2: ALTER TABLE pspadm.psp_smsmigration DROP CONSTRAINT c_psp_sm...
              ^
psql:drop_check.sql:1063: ERROR:  syntax error at or near "TABLE"
LINE 2: ALTER TABLE pspadm.psp_smssync_failure DROP CONSTRAINT c_psp...
              ^
psql:drop_check.sql:1066: ERROR:  constraint "c_psp_smssync_failure1" of relation "psp_smssync_failure" does not exist
psql:drop_check.sql:1071: ERROR:  syntax error at or near "TABLE"
LINE 2: ALTER TABLE pspadm.psp_source_payroll_parameter DROP CONSTRA...
              ^
psql:drop_check.sql:1074: ERROR:  constraint "c_psp_source_payroll_param1" of relation "psp_source_payroll_parameter" does not exist
psql:drop_check.sql:1079: ERROR:  syntax error at or near "TABLE"
LINE 2: ALTER TABLE pspadm.psp_source_system DROP CONSTRAINT c_psp_s...
              ^
psql:drop_check.sql:1086: ERROR:  syntax error at or near "TABLE"
LINE 2: ALTER TABLE pspadm.psp_source_system_law_assoc
              ^
psql:drop_check.sql:1097: ERROR:  syntax error at or near "TABLE"
LINE 2: ALTER TABLE pspadm.psp_sql_execution_log_entry
              ^
psql:drop_check.sql:1102: ERROR:  syntax error at or near "TABLE"
LINE 2: ALTER TABLE pspadm.psp_suicredits_job DROP CONSTRAINT c_psp_...
              ^
psql:drop_check.sql:1115: ERROR:  syntax error at or near "TABLE"
LINE 2: ALTER TABLE pspadm.psp_svcchgprice
              ^
psql:drop_check.sql:1122: ERROR:  syntax error at or near "TABLE"
LINE 2: ALTER TABLE pspadm.psp_system_parameter
              ^
psql:drop_check.sql:1127: ERROR:  syntax error at or near "TABLE"
LINE 2: ALTER TABLE pspadm.psp_system_requirement DROP CONSTRAINT c_...
              ^
psql:drop_check.sql:1134: ERROR:  syntax error at or near "TABLE"
LINE 2: ALTER TABLE pspadm.psp_tax
              ^
psql:drop_check.sql:1136: ERROR:  constraint "c_psp_tax_company_service_0" of relation "psp_tax_company_service_info" does not exist
psql:drop_check.sql:1139: ERROR:  constraint "c_psp_tax_company_service_1" of relation "psp_tax_company_service_info" does not exist
psql:drop_check.sql:1148: ERROR:  syntax error at or near "TABLE"
LINE 2: ALTER TABLE pspadm.psp_tax_credits9061
              ^
psql:drop_check.sql:1153: ERROR:  syntax error at or near "TABLE"
LINE 2: ALTER TABLE pspadm.psp_tax_penalty_interest DROP CONSTRAINT ...
              ^
psql:drop_check.sql:1156: ERROR:  constraint "c_psp_tax_penalty_interest1" of relation "psp_tax_penalty_interest" does not exist
psql:drop_check.sql:1159: ERROR:  constraint "c_psp_tax_penalty_interest2" of relation "psp_tax_penalty_interest" does not exist
psql:drop_check.sql:1166: ERROR:  syntax error at or near "TABLE"
LINE 2: ALTER TABLE pspadm.psp_tax_table_misc_data
              ^
psql:drop_check.sql:1177: ERROR:  syntax error at or near "TABLE"
LINE 2: ALTER TABLE pspadm.psp_threshold_requirement
              ^
psql:drop_check.sql:1182: ERROR:  syntax error at or near "TABLE"
LINE 2: ALTER TABLE pspadm.psp_tp401k_paycheck_pending DROP CONSTRAI...
              ^
psql:drop_check.sql:1187: ERROR:  syntax error at or near "TABLE"
LINE 2: ALTER TABLE pspadm.psp_tp401k_paycheck_state DROP CONSTRAINT...
              ^
psql:drop_check.sql:1192: ERROR:  syntax error at or near "TABLE"
LINE 2: ALTER TABLE pspadm.psp_tp401k_signup_batch DROP CONSTRAINT c...
              ^
psql:drop_check.sql:1197: ERROR:  syntax error at or near "TABLE"
LINE 2: ALTER TABLE pspadm.psp_tp401k_signup_queue DROP CONSTRAINT c...
              ^
psql:drop_check.sql:1208: ERROR:  syntax error at or near "TABLE"
LINE 2: ALTER TABLE pspadm.psp_tp401kcompany_service_info
              ^
psql:drop_check.sql:1213: ERROR:  syntax error at or near "TABLE"
LINE 2: ALTER TABLE pspadm.psp_transaction_return_batch DROP CONSTRA...
              ^
psql:drop_check.sql:1218: ERROR:  syntax error at or near "TABLE"
LINE 2: ALTER TABLE pspadm.psp_transaction_state DROP CONSTRAINT c_p...
              ^
psql:drop_check.sql:1223: ERROR:  syntax error at or near "TABLE"
LINE 2: ALTER TABLE pspadm.psp_transaction_type DROP CONSTRAINT c_ps...
              ^
psql:drop_check.sql:1226: ERROR:  constraint "c_psp_transaction_type1" of relation "psp_transaction_type" does not exist
psql:drop_check.sql:1229: ERROR:  constraint "c_psp_transaction_type2" of relation "psp_transaction_type" does not exist
psql:drop_check.sql:1232: ERROR:  constraint "c_psp_transaction_type3" of relation "psp_transaction_type" does not exist
psql:drop_check.sql:1235: ERROR:  constraint "c_psp_transaction_type4" of relation "psp_transaction_type" does not exist
psql:drop_check.sql:1240: ERROR:  syntax error at or near "TABLE"
LINE 2: ALTER TABLE pspadm.psp_transmission_payroll_run DROP CONSTRA...
              ^
psql:drop_check.sql:1259: ERROR:  syntax error at or near "TABLE"
LINE 2: ALTER TABLE pspadm.psp_txntype_service_assoc
              ^
psql:drop_check.sql:1264: ERROR:  syntax error at or near "TABLE"
LINE 2: ALTER TABLE pspadm.psp_wc_paycheck DROP CONSTRAINT c_psp_wc_...
              ^
psql:drop_check.sql:1269: ERROR:  syntax error at or near "TABLE"
LINE 2: ALTER TABLE pspadm.psp_wc_paycheck_pending DROP CONSTRAINT c...
              ^
psql:drop_check.sql:1274: ERROR:  syntax error at or near "TABLE"
LINE 2: ALTER TABLE pspadm.psp_wc_paycheck_state DROP CONSTRAINT c_p...
              ^
psql:drop_check.sql:1281: ERROR:  syntax error at or near "TABLE"
LINE 2: ALTER TABLE pspadm.z_temp_diy_reset_company
              ^
