profile=sbg-psp-prod
region=us-east-2
db_name=pspuead1
new_ami=ami-09de8602325c3fe7d
Find the cloudformation stacks. Please wait
stack_id=arn:aws:cloudformation:us-east-2:893547637742:stack/goldengate-pspuead1-20240418-115438/570a03c0-fd4c-11ee-9056-0a491cfb5233
{
    "StackId": "arn:aws:cloudformation:us-east-2:893547637742:stack/goldengate-pspuead1-20240418-115438/570a03c0-fd4c-11ee-9056-0a491cfb5233"
}
Terminate existing instance (instance_id=i-094a483221cbbc82a)
{
    "TerminatingInstances": [
        {
            "CurrentState": {
                "Code": 32,
                "Name": "shutting-down"
            },
            "InstanceId": "i-094a483221cbbc82a",
            "PreviousState": {
                "Code": 16,
                "Name": "running"
            }
        }
    ]
}
