profile=sbg-psp-prod
region=us-east-2
db_name=pspuep02
new_ami=ami-097e0316ab4edf0e0
Find the cloudformation stacks. Please wait
stack_id=arn:aws:cloudformation:us-east-2:893547637742:stack/goldengate-pspuep02-20201107-235514/95f81730-2126-11eb-86a6-0ac9b5db7f30
{
    "StackId": "arn:aws:cloudformation:us-east-2:893547637742:stack/goldengate-pspuep02-20201107-235514/95f81730-2126-11eb-86a6-0ac9b5db7f30"
}
Terminate existing instance (instance_id=i-01dee30e4ea2e7efc)
{
    "TerminatingInstances": [
        {
            "CurrentState": {
                "Code": 32,
                "Name": "shutting-down"
            },
            "InstanceId": "i-01dee30e4ea2e7efc",
            "PreviousState": {
                "Code": 16,
                "Name": "running"
            }
        }
    ]
}
