profile=sbg-psp-prod
region=us-west-2
db_name=pspuwp02
new_ami=ami-0063bd110fc8ad66f
Find the cloudformation stacks. Please wait
stack_id=arn:aws:cloudformation:us-west-2:893547637742:stack/goldengate-pspuwp02-20200814-100423/6fb6db60-dde7-11ea-a5eb-06e1bfa6e222
{
    "StackId": "arn:aws:cloudformation:us-west-2:893547637742:stack/goldengate-pspuwp02-20200814-100423/6fb6db60-dde7-11ea-a5eb-06e1bfa6e222"
}
Terminate existing instance (instance_id=i-09478bc94fbda4584)
{
    "TerminatingInstances": [
        {
            "CurrentState": {
                "Code": 32,
                "Name": "shutting-down"
            },
            "InstanceId": "i-09478bc94fbda4584",
            "PreviousState": {
                "Code": 16,
                "Name": "running"
            }
        }
    ]
}
