profile=sbg-psp-ppd
region=us-west-2
db_name=psppf501
new_ami=ami-08845260999db8f45
Find the cloudformation stacks. Please wait
stack_id=arn:aws:cloudformation:us-west-2:152430470825:stack/goldengate-psppf501-20200825-114433/403ca610-e69a-11ea-b4b0-0647443c8ece
{
    "StackId": "arn:aws:cloudformation:us-west-2:152430470825:stack/goldengate-psppf501-20200825-114433/403ca610-e69a-11ea-b4b0-0647443c8ece"
}
Terminate existing instance (instance_id=i-0caa7c46718730465)
{
    "TerminatingInstances": [
        {
            "CurrentState": {
                "Code": 32,
                "Name": "shutting-down"
            },
            "InstanceId": "i-0caa7c46718730465",
            "PreviousState": {
                "Code": 16,
                "Name": "running"
            }
        }
    ]
}
