profile=sbg-psp-prod
region=us-west-2
db_name=pspvd2pt
new_ami=ami-0063bd110fc8ad66f
Find the cloudformation stacks. Please wait
stack_id=arn:aws:cloudformation:us-west-2:893547637742:stack/goldengate-pspvd2pt-20230509-124359/134a33d0-ee39-11ed-a1b9-06ee049f6e4d
{
    "StackId": "arn:aws:cloudformation:us-west-2:893547637742:stack/goldengate-pspvd2pt-20230509-124359/134a33d0-ee39-11ed-a1b9-06ee049f6e4d"
}
Terminate existing instance (instance_id=i-0a1d7865e8156de00)
{
    "TerminatingInstances": [
        {
            "CurrentState": {
                "Code": 32,
                "Name": "shutting-down"
            },
            "InstanceId": "i-0a1d7865e8156de00",
            "PreviousState": {
                "Code": 16,
                "Name": "running"
            }
        }
    ]
}
