profile=sbg-psp-ppd
region=us-east-2
db_name=pspe2eib
new_ami=ami-02aca03dab2c13fad
Find the cloudformation stacks. Please wait
stack_id=arn:aws:cloudformation:us-east-2:152430470825:stack/goldengate-pspe2eib-20221103-184723/dcadedf0-5b79-11ed-b75f-06d99a1f9e02
{
    "StackId": "arn:aws:cloudformation:us-east-2:152430470825:stack/goldengate-pspe2eib-20221103-184723/dcadedf0-5b79-11ed-b75f-06d99a1f9e02"
}
Terminate existing instance (instance_id=i-09e841c900968f33e)
{
    "TerminatingInstances": [
        {
            "CurrentState": {
                "Code": 32,
                "Name": "shutting-down"
            },
            "InstanceId": "i-09e841c900968f33e",
            "PreviousState": {
                "Code": 16,
                "Name": "running"
            }
        }
    ]
}
