profile=sbg-psp-prod
region=us-west-2
db_name=pspdbs1p
new_ami=ami-09e430f9f8b1aa989
Find the cloudformation stacks. Please wait
stack_id=arn:aws:cloudformation:us-west-2:893547637742:stack/goldengate-pspdbs1p-20220302-174129/e6249c40-9a21-11ec-b1ac-0ade0d4e3a21
{
    "StackId": "arn:aws:cloudformation:us-west-2:893547637742:stack/goldengate-pspdbs1p-20220302-174129/e6249c40-9a21-11ec-b1ac-0ade0d4e3a21"
}
Terminate existing instance (instance_id=i-0b451eed9963e0011)
{
    "TerminatingInstances": [
        {
            "CurrentState": {
                "Code": 32,
                "Name": "shutting-down"
            },
            "InstanceId": "i-0b451eed9963e0011",
            "PreviousState": {
                "Code": 16,
                "Name": "running"
            }
        }
    ]
}
