profile=sbg-psp-ppd
region=us-west-2
db_name=ppspdbs2
new_ami=ami-08845260999db8f45
Find the cloudformation stacks. Please wait
stack_id=arn:aws:cloudformation:us-west-2:152430470825:stack/goldengate-ppspdbs2-20220718-103456/2c94bce0-0657-11ed-86ff-0ac9ff504f29
{
    "StackId": "arn:aws:cloudformation:us-west-2:152430470825:stack/goldengate-ppspdbs2-20220718-103456/2c94bce0-0657-11ed-86ff-0ac9ff504f29"
}
Terminate existing instance (instance_id=i-058cd4b39e4549c03)
{
    "TerminatingInstances": [
        {
            "CurrentState": {
                "Code": 32,
                "Name": "shutting-down"
            },
            "InstanceId": "i-058cd4b39e4549c03",
            "PreviousState": {
                "Code": 16,
                "Name": "running"
            }
        }
    ]
}
