profile=sbg-psp-ppd
region=us-east-2
db_name=pspe2eue
new_ami=ami-097e0316ab4edf0e0
Find the cloudformation stacks. Please wait
stack_id=arn:aws:cloudformation:us-east-2:152430470825:stack/goldengate-pspe2eue-20221103-185655/31aade20-5b7b-11ed-96ff-0659af3733c8
{
    "StackId": "arn:aws:cloudformation:us-east-2:152430470825:stack/goldengate-pspe2eue-20221103-185655/31aade20-5b7b-11ed-96ff-0659af3733c8"
}
Terminate existing instance (instance_id=i-09ae2e630377d147b)
{
    "TerminatingInstances": [
        {
            "CurrentState": {
                "Code": 32,
                "Name": "shutting-down"
            },
            "InstanceId": "i-09ae2e630377d147b",
            "PreviousState": {
                "Code": 16,
                "Name": "running"
            }
        }
    ]
}
