nohup: ignoring input

SQL*Plus: Release 12.1.0.2.0 Production on Fri Feb 24 02:17:15 2023

Copyright (c) 1982, 2014, Oracle.  All rights reserved.

Last Successful login time: Fri Feb 24 2023 02:12:49 -08:00

Connected to:
Oracle Database 19c Enterprise Edition Release 19.0.0.0.0 - Production

SP2-0734: unknown command beginning "oSET PAGES..." - rest of line ignored.
Found 527084 Records
<br>
OUTER LOOP
<br>
INNER LOOP
<br>
Processed 4372098 records successfully
<br>
START-DATE : 11-SEP-06 PARTITION-END-DATE : 11-SEP-11
<br>
OUTER LOOP
<br>
INNER LOOP
<br>
Processed 4372098 records successfully
<br>
START-DATE : 11-SEP-11 PARTITION-END-DATE : 11-SEP-16
<br>
OUTER LOOP
<br>
INNER LOOP
<br>
Processed 4372098 records successfully
<br>
START-DATE : 11-SEP-16 PARTITION-END-DATE : 11-SEP-21
<br>
OUTER LOOP
<br>
INNER LOOP
<br>
Processed 4372098 records successfully
<br>
START-DATE : 11-SEP-21 PARTITION-END-DATE : 11-SEP-26
<br>
OUTER LOOP
<br>
INNER LOOP
<br>
Processed 4372098 records successfully
<br>
START-DATE : 11-SEP-26 PARTITION-END-DATE : 11-OCT-01
<br>
OUTER LOOP
<br>
INNER LOOP
<br>
Processed 4372098 records successfully
<br>
START-DATE : 11-OCT-01 PARTITION-END-DATE : 11-OCT-06
<br>
OUTER LOOP
<br>
INNER LOOP
<br>
Processed 4372098 records successfully
<br>
START-DATE : 11-OCT-06 PARTITION-END-DATE : 11-OCT-11
<br>
OUTER LOOP
<br>
INNER LOOP
<br>
Processed 4372098 records successfully
<br>
START-DATE : 11-OCT-11 PARTITION-END-DATE : 11-OCT-16
<br>
OUTER LOOP
<br>
INNER LOOP
<br>
Processed 4372098 records successfully
<br>
START-DATE : 11-OCT-16 PARTITION-END-DATE : 11-OCT-21
<br>
OUTER LOOP
<br>
INNER LOOP
<br>
Processed 4372098 records successfully
<br>
START-DATE : 11-OCT-21 PARTITION-END-DATE : 11-OCT-26
<br>
OUTER LOOP
<br>
INNER LOOP
<br>
Processed 4372098 records successfully
<br>
START-DATE : 11-OCT-26 PARTITION-END-DATE : 11-OCT-31
<br>
OUTER LOOP
<br>
INNER LOOP
<br>
Processed 4372098 records successfully
<br>
START-DATE : 11-OCT-31 PARTITION-END-DATE : 11-NOV-05
<br>
OUTER LOOP
<br>
INNER LOOP
<br>
Processed 4372098 records successfully
<br>
START-DATE : 11-NOV-05 PARTITION-END-DATE : 11-NOV-10
<br>
OUTER LOOP
<br>
INNER LOOP
<br>
Processed 4372098 records successfully
<br>
START-DATE : 11-NOV-10 PARTITION-END-DATE : 11-NOV-15
<br>
OUTER LOOP
<br>
INNER LOOP
<br>
Processed 4372098 records successfully
<br>
START-DATE : 11-NOV-15 PARTITION-END-DATE : 11-NOV-20
<br>
OUTER LOOP
<br>
INNER LOOP
<br>
Processed 4372098 records successfully
<br>
START-DATE : 11-NOV-20 PARTITION-END-DATE : 11-NOV-25
<br>
OUTER LOOP
<br>
INNER LOOP
<br>
Processed 4372098 records successfully
<br>
START-DATE : 11-NOV-25 PARTITION-END-DATE : 11-NOV-30
<br>
OUTER LOOP
<br>
INNER LOOP
<br>
Processed 4372098 records successfully
<br>
START-DATE : 11-NOV-30 PARTITION-END-DATE : 11-DEC-05
<br>
OUTER LOOP
<br>
INNER LOOP
<br>
Processed 4372098 records successfully
<br>
START-DATE : 11-DEC-05 PARTITION-END-DATE : 11-DEC-10
<br>

PL/SQL procedure successfully completed.<br>
<br>


Disconnected from Oracle Database 19c Enterprise Edition Release 19.0.0.0.0 - Production
