✅ ✅ ✅ DB REFRESH STARTED FOR: Monolith Database✅ ✅ ✅ 
✏️ STAGING DATABASE CONFIGURATION FOR: pitparmo
✏️ OLD PASSWORDFILE PATH: /u01/scripts/staging_refresh/.mop
✏️ NEW PASSWORDFILEPATH: /u01/scripts/staging_refresh/.mnp
✏️ APPUSERS PASSWORD FILE PATH: /u01/scripts/staging_refresh/.map
✏️ SQL SCRIPTS-1: /u01/scripts/staging_refresh/mon_postgres_postgres.sql
✏️ SQL SCRIPTS-2: /u01/scripts/staging_refresh/mon_pitparmo_postgres.sql
✏️ SQL SCRIPTS-3: /u01/scripts/staging_refresh/mon_psparcowner_psparcdb.sql
✏️ DEFAULT DBNAME: postgres
✏️ MASTER USER: postgres
✏️ SCHEMA OWNER: pspadm_owner

🟢=== STEP 1: Creating staging cluster from snapshot ===
Latest snapshot: rds:ppsp-pds-uw02-2025-07-31-05-13
Fetched cluster parameter group: ipsrds-us-west-2-monolithuw0115cluster4af8a2bf-iqogj9lsdjnw
Fetched instance parameter group: ipsrds-us-west-2-monolithuw0115instance9c5d2915-l6nbsr4vxguk
Creating new staging DB cluster from snapshot: rds:ppsp-pds-uw02-2025-07-31-05-13
Using DBInstanceClass: db.r6g.4xlarge
Waiting for DB instance ppsp-ppd-sqo-new-1 to become available...⏳⏳⏳
Current status: creating. Waiting...
Current status: creating. Waiting...
Current status: creating. Waiting...
Current status: creating. Waiting...
Current status: creating. Waiting...
Current status: creating. Waiting...
Current status: creating. Waiting...
Current status: creating. Waiting...
Current status: creating. Waiting...
Current status: creating. Waiting...
Current status: creating. Waiting...
Current status: creating. Waiting...
Current status: creating. Waiting...
Current status: creating. Waiting...
Current status: creating. Waiting...
Current status: creating. Waiting...
Current status: creating. Waiting...
Current status: creating. Waiting...
Current status: creating. Waiting...
Current status: creating. Waiting...
Current status: creating. Waiting...
Current status: creating. Waiting...
Current status: creating. Waiting...
Current status: creating. Waiting...
Current status: creating. Waiting...
Current status: creating. Waiting...
Current status: creating. Waiting...
Current status: creating. Waiting...
Current status: creating. Waiting...
Current status: creating. Waiting...
Current status: creating. Waiting...
Current status: creating. Waiting...
Current status: creating. Waiting...
Current status: creating. Waiting...
Current status: creating. Waiting...
Current status: creating. Waiting...
Current status: creating. Waiting...
Current status: creating. Waiting...
Current status: creating. Waiting...
Current status: creating. Waiting...
Current status: creating. Waiting...
Current status: creating. Waiting...
Current status: creating. Waiting...
Current status: creating. Waiting...
Current status: creating. Waiting...
Current status: creating. Waiting...
Current status: creating. Waiting...
Current status: creating. Waiting...
Current status: creating. Waiting...
Current status: creating. Waiting...
Current status: creating. Waiting...
Current status: creating. Waiting...
Current status: configuring-enhanced-monitoring. Waiting...
Current status: configuring-enhanced-monitoring. Waiting...
DB instance ppsp-ppd-sqo-new-1 is available!🚀🚀🚀
ppsp-ppd-sqo-new

🟢=== STEP 2: Master User and Schema_owner Password Reseting===
Password for user postgres reset successfully.

🟢=== STEP 3: Drop Rep slots and kill connections ===
Dropping replication slot: data_capture_outbox_slot_e2e
Dropping replication slot: pspapg_s1_ingestion
Terminated 0 active session(s).

🟢=== STEP 4: Renaming Database===
Renamed database from ppdspg02 to pitparmo.

🟢=== STEP 5:Managing app users and reseting app users passwords===
User pspadm_owner already exists.
Password for user pspadm_owner reset successfully.
Creating user psp_prl_app...
Granted CONNECT on database pitparmo to psp_prl_app.
Password for user psp_prl_app reset successfully.
Creating user psp_prl_read...
Granted CONNECT on database pitparmo to psp_prl_read.
Password for user psp_prl_read reset successfully.
User psprjf already exists.
Password for user psprjf reset successfully.
User pspbatch_rw_user already exists.
Password for user pspbatch_rw_user reset successfully.
User pspbatch_ro_user already exists.
Password for user pspbatch_ro_user reset successfully.
User data_capture_role already exists.
Password for user data_capture_role reset successfully.
Creating user perf_test...
Granted CONNECT on database pitparmo to perf_test.
Password for user perf_test reset successfully.

🟢=== STEP 6: Executing Scripts cnnecting to master-user and postgres Database===
You are connected to database "postgres" as user "postgres" on host "ppsp-ppd-sqo-new.cluster-ccqjgvvo0rwy.us-west-2.rds.amazonaws.com" (address "10.94.22.93") at port "5432".
SSL connection (protocol: TLSv1.2, cipher: AES128-SHA256, bits: 128, compression: off)
 current_user 
--------------
 postgres
(1 row)

 current_database 
------------------
 postgres
(1 row)

psql:/u01/scripts/staging_refresh/mon_postgres_postgres.sql:5: ERROR:  pg_cron can only be loaded via shared_preload_libraries
HINT:  Add pg_cron to the shared_preload_libraries configuration variable in postgresql.conf.
psql:/u01/scripts/staging_refresh/mon_postgres_postgres.sql:6: ERROR:  role "drcadm_owner" does not exist
ALTER ROLE
ALTER ROLE
ALTER ROLE
ALTER ROLE
psql:/u01/scripts/staging_refresh/mon_postgres_postgres.sql:11: ERROR:  role "sys_drc_app" does not exist
psql:/u01/scripts/staging_refresh/mon_postgres_postgres.sql:12: ERROR:  role "testusr" does not exist
ALTER ROLE
Executed SQL file: /u01/scripts/staging_refresh/mon_postgres_postgres.sql

🟢=== STEP 7: Executing Scripts cnnecting to masterUser and Database===
You are connected to database "pitparmo" as user "postgres" on host "ppsp-ppd-sqo-new.cluster-ccqjgvvo0rwy.us-west-2.rds.amazonaws.com" (address "10.94.22.93") at port "5432".
SSL connection (protocol: TLSv1.2, cipher: AES128-SHA256, bits: 128, compression: off)
 current_user 
--------------
 postgres
(1 row)

 current_database 
------------------
 pitparmo
(1 row)

psql:/u01/scripts/staging_refresh/mon_pitparmo_postgres.sql:4: ERROR:  role "psp_prl_app" already exists
GRANT ROLE
ALTER ROLE
ALTER ROLE
ALTER ROLE
psql:/u01/scripts/staging_refresh/mon_pitparmo_postgres.sql:12: ERROR:  role "perf_test" already exists
ALTER ROLE
GRANT ROLE
GRANT
ALTER ROLE
GRANT
psql:/u01/scripts/staging_refresh/mon_pitparmo_postgres.sql:21: ERROR:  role "psp_prl_read" already exists
GRANT ROLE
ALTER ROLE
ALTER ROLE
ALTER ROLE
psql:/u01/scripts/staging_refresh/mon_pitparmo_postgres.sql:32: ERROR:  role "psprjf" already exists
psql:/u01/scripts/staging_refresh/mon_pitparmo_postgres.sql:34: NOTICE:  role "psprjf" is already a member of role "pspadm_readonly_role"
GRANT ROLE
ALTER ROLE
ALTER ROLE
ALTER ROLE
psql:/u01/scripts/staging_refresh/mon_pitparmo_postgres.sql:42: ERROR:  role "pspbatch_rw_user" already exists
psql:/u01/scripts/staging_refresh/mon_pitparmo_postgres.sql:45: NOTICE:  role "pspbatch_rw_user" is already a member of role "pspadm_readwrite_role"
GRANT ROLE
ALTER ROLE
ALTER ROLE
ALTER ROLE
psql:/u01/scripts/staging_refresh/mon_pitparmo_postgres.sql:53: ERROR:  role "pspbatch_ro_user" already exists
psql:/u01/scripts/staging_refresh/mon_pitparmo_postgres.sql:56: NOTICE:  role "pspbatch_ro_user" is already a member of role "pspadm_readonly_role"
GRANT ROLE
ALTER ROLE
ALTER ROLE
ALTER ROLE
Executed SQL file: /u01/scripts/staging_refresh/mon_pitparmo_postgres.sql

🟢=== STEP 8: Executing Scripts cnnecting to masterUser and Database===
You are connected to database "pitparmo" as user "pspadm_owner" on host "ppsp-ppd-sqo-new.cluster-ccqjgvvo0rwy.us-west-2.rds.amazonaws.com" (address "10.94.22.93") at port "5432".
SSL connection (protocol: TLSv1.2, cipher: AES128-SHA256, bits: 128, compression: off)
 current_user 
--------------
 pspadm_owner
(1 row)

 current_database 
------------------
 pitparmo
(1 row)

psql:/u01/scripts/staging_refresh/mon_psparcowner_psparcdb.sql:4: WARNING:  no privileges were granted for "pitparmo"
GRANT
psql:/u01/scripts/staging_refresh/mon_psparcowner_psparcdb.sql:5: WARNING:  no privileges were granted for "pspadm"
GRANT
psql:/u01/scripts/staging_refresh/mon_psparcowner_psparcdb.sql:6: WARNING:  no privileges were granted for "pitparmo"
GRANT
psql:/u01/scripts/staging_refresh/mon_psparcowner_psparcdb.sql:7: WARNING:  no privileges were granted for "pspadm"
GRANT
psql:/u01/scripts/staging_refresh/mon_psparcowner_psparcdb.sql:8: WARNING:  no privileges were granted for "psp_entity_publish_p2025_05_30"
psql:/u01/scripts/staging_refresh/mon_psparcowner_psparcdb.sql:8: WARNING:  no privileges were granted for "psp_entity_publish_p2025_05_31"
psql:/u01/scripts/staging_refresh/mon_psparcowner_psparcdb.sql:8: WARNING:  no privileges were granted for "psp_entity_publish_p2025_05_22"
psql:/u01/scripts/staging_refresh/mon_psparcowner_psparcdb.sql:8: WARNING:  no privileges were granted for "psp_entity_publish_p2025_05_23"
psql:/u01/scripts/staging_refresh/mon_psparcowner_psparcdb.sql:8: WARNING:  no privileges were granted for "psp_entity_publish_p2025_05_24"
psql:/u01/scripts/staging_refresh/mon_psparcowner_psparcdb.sql:8: WARNING:  no privileges were granted for "psp_entity_publish_p2025_05_25"
psql:/u01/scripts/staging_refresh/mon_psparcowner_psparcdb.sql:8: WARNING:  no privileges were granted for "psp_entity_publish_p2025_05_26"
psql:/u01/scripts/staging_refresh/mon_psparcowner_psparcdb.sql:8: WARNING:  no privileges were granted for "psp_entity_publish_p2025_05_27"
psql:/u01/scripts/staging_refresh/mon_psparcowner_psparcdb.sql:8: WARNING:  no privileges were granted for "psp_entity_publish_p2025_05_28"
psql:/u01/scripts/staging_refresh/mon_psparcowner_psparcdb.sql:8: WARNING:  no privileges were granted for "psp_entity_publish_p2025_05_29"
psql:/u01/scripts/staging_refresh/mon_psparcowner_psparcdb.sql:8: WARNING:  no privileges were granted for "psp_employee_w2_totals_backup"
psql:/u01/scripts/staging_refresh/mon_psparcowner_psparcdb.sql:8: WARNING:  no privileges were granted for "psp_outbox_default"
psql:/u01/scripts/staging_refresh/mon_psparcowner_psparcdb.sql:8: WARNING:  no privileges were granted for "psp_entity_publish_default"
psql:/u01/scripts/staging_refresh/mon_psparcowner_psparcdb.sql:8: WARNING:  no privileges were granted for "psp_outbox_p2025_03_26"
psql:/u01/scripts/staging_refresh/mon_psparcowner_psparcdb.sql:8: WARNING:  no privileges were granted for "psp_outbox_p2025_03_27"
psql:/u01/scripts/staging_refresh/mon_psparcowner_psparcdb.sql:8: WARNING:  no privileges were granted for "psp_outbox_p2025_03_28"
psql:/u01/scripts/staging_refresh/mon_psparcowner_psparcdb.sql:8: WARNING:  no privileges were granted for "psp_outbox_p2025_03_29"
psql:/u01/scripts/staging_refresh/mon_psparcowner_psparcdb.sql:8: WARNING:  no privileges were granted for "psp_outbox_p2025_03_30"
psql:/u01/scripts/staging_refresh/mon_psparcowner_psparcdb.sql:8: WARNING:  no privileges were granted for "psp_outbox_p2025_03_31"
psql:/u01/scripts/staging_refresh/mon_psparcowner_psparcdb.sql:8: WARNING:  no privileges were granted for "psp_outbox_p2025_04_01"
psql:/u01/scripts/staging_refresh/mon_psparcowner_psparcdb.sql:8: WARNING:  no privileges were granted for "psp_outbox_p2025_04_02"
psql:/u01/scripts/staging_refresh/mon_psparcowner_psparcdb.sql:8: WARNING:  no privileges were granted for "psp_outbox_p2025_04_03"
psql:/u01/scripts/staging_refresh/mon_psparcowner_psparcdb.sql:8: WARNING:  no privileges were granted for "psp_outbox_p2025_04_04"
psql:/u01/scripts/staging_refresh/mon_psparcowner_psparcdb.sql:8: WARNING:  no privileges were granted for "psp_entitlement_message_test_gg"
psql:/u01/scripts/staging_refresh/mon_psparcowner_psparcdb.sql:8: WARNING:  no privileges were granted for "v_con_count"
psql:/u01/scripts/staging_refresh/mon_psparcowner_psparcdb.sql:8: WARNING:  no privileges were granted for "psp_disburse_advice_tax_liab_veridata_view"
psql:/u01/scripts/staging_refresh/mon_psparcowner_psparcdb.sql:8: WARNING:  no privileges were granted for "psp_money_movement_transaction_veridata_view"
psql:/u01/scripts/staging_refresh/mon_psparcowner_psparcdb.sql:8: WARNING:  no privileges were granted for "psp_tax_veridata_view"
psql:/u01/scripts/staging_refresh/mon_psparcowner_psparcdb.sql:8: WARNING:  no privileges were granted for "psp_paycheck_veridata_view"
psql:/u01/scripts/staging_refresh/mon_psparcowner_psparcdb.sql:8: WARNING:  no privileges were granted for "psp_qbdt_paycheck_info_veridata_view"
psql:/u01/scripts/staging_refresh/mon_psparcowner_psparcdb.sql:8: WARNING:  no privileges were granted for "psp_entry_detail_record_veridata_view"
psql:/u01/scripts/staging_refresh/mon_psparcowner_psparcdb.sql:8: WARNING:  no privileges were granted for "psp_property_audit_veridata_view"
psql:/u01/scripts/staging_refresh/mon_psparcowner_psparcdb.sql:8: WARNING:  no privileges were granted for "psp_financial_trans_state_veridata_view"
psql:/u01/scripts/staging_refresh/mon_psparcowner_psparcdb.sql:8: WARNING:  no privileges were granted for "psp_pstub_pay_item_veridata_view"
psql:/u01/scripts/staging_refresh/mon_psparcowner_psparcdb.sql:8: WARNING:  no privileges were granted for "psp_pstub_employee_info_veridata_view"
psql:/u01/scripts/staging_refresh/mon_psparcowner_psparcdb.sql:8: WARNING:  no privileges were granted for "psp_compensation_veridata_view"
psql:/u01/scripts/staging_refresh/mon_psparcowner_psparcdb.sql:8: WARNING:  no privileges were granted for "psp_ledger_balance_veridata_view"
psql:/u01/scripts/staging_refresh/mon_psparcowner_psparcdb.sql:8: WARNING:  no privileges were granted for "psp_company_event_veridata_view"
psql:/u01/scripts/staging_refresh/mon_psparcowner_psparcdb.sql:8: WARNING:  no privileges were granted for "psp_company_event_detail_veridata_view"
psql:/u01/scripts/staging_refresh/mon_psparcowner_psparcdb.sql:8: WARNING:  no privileges were granted for "psp_company_event_email_param_veridata_view"
psql:/u01/scripts/staging_refresh/mon_psparcowner_psparcdb.sql:8: WARNING:  no privileges were granted for "psp_financial_transaction_veridata_view"
psql:/u01/scripts/staging_refresh/mon_psparcowner_psparcdb.sql:8: WARNING:  no privileges were granted for "psp_paycheck_split_veridata_view"
psql:/u01/scripts/staging_refresh/mon_psparcowner_psparcdb.sql:8: WARNING:  no privileges were granted for "psp_qbdt_payline_info_veridata_view"
psql:/u01/scripts/staging_refresh/mon_psparcowner_psparcdb.sql:8: WARNING:  no privileges were granted for "psp_entity_update_veridata_view"
psql:/u01/scripts/staging_refresh/mon_psparcowner_psparcdb.sql:8: WARNING:  no privileges were granted for "psp_paycheck_usage_veridata_view"
psql:/u01/scripts/staging_refresh/mon_psparcowner_psparcdb.sql:8: WARNING:  no privileges were granted for "psp_entitlement_message_veridata_view"
psql:/u01/scripts/staging_refresh/mon_psparcowner_psparcdb.sql:8: WARNING:  no privileges were granted for "psp_qbdt_transaction_info_veridata_view"
psql:/u01/scripts/staging_refresh/mon_psparcowner_psparcdb.sql:8: WARNING:  no privileges were granted for "psp_paystub_veridata_view"
psql:/u01/scripts/staging_refresh/mon_psparcowner_psparcdb.sql:8: WARNING:  no privileges were granted for "psp_deduction_veridata_view"
psql:/u01/scripts/staging_refresh/mon_psparcowner_psparcdb.sql:8: WARNING:  no privileges were granted for "psp_pstub_paid_timeoff_item_veridata_view"
GRANT
psql:/u01/scripts/staging_refresh/mon_psparcowner_psparcdb.sql:9: ERROR:  relation "pg_stat_statements" does not exist
ALTER DEFAULT PRIVILEGES
psql:/u01/scripts/staging_refresh/mon_psparcowner_psparcdb.sql:11: WARNING:  no privileges were granted for "pitparmo"
GRANT
psql:/u01/scripts/staging_refresh/mon_psparcowner_psparcdb.sql:12: WARNING:  no privileges were granted for "pspadm"
GRANT
psql:/u01/scripts/staging_refresh/mon_psparcowner_psparcdb.sql:13: ERROR:  relation "pg_stat_statements" does not exist
psql:/u01/scripts/staging_refresh/mon_psparcowner_psparcdb.sql:15: WARNING:  no privileges were granted for "psp_entity_publish_p2025_05_31"
psql:/u01/scripts/staging_refresh/mon_psparcowner_psparcdb.sql:15: WARNING:  no privileges were granted for "psp_entity_publish_p2025_05_22"
psql:/u01/scripts/staging_refresh/mon_psparcowner_psparcdb.sql:15: WARNING:  no privileges were granted for "psp_entity_publish_p2025_05_23"
psql:/u01/scripts/staging_refresh/mon_psparcowner_psparcdb.sql:15: WARNING:  no privileges were granted for "psp_entity_publish_p2025_05_24"
psql:/u01/scripts/staging_refresh/mon_psparcowner_psparcdb.sql:15: WARNING:  no privileges were granted for "psp_entity_publish_p2025_05_25"
psql:/u01/scripts/staging_refresh/mon_psparcowner_psparcdb.sql:15: WARNING:  no privileges were granted for "psp_entity_publish_p2025_05_27"
psql:/u01/scripts/staging_refresh/mon_psparcowner_psparcdb.sql:15: WARNING:  no privileges were granted for "psp_employee_w2_totals_backup"
psql:/u01/scripts/staging_refresh/mon_psparcowner_psparcdb.sql:15: WARNING:  no privileges were granted for "psp_entity_publish_p2025_05_30"
psql:/u01/scripts/staging_refresh/mon_psparcowner_psparcdb.sql:15: WARNING:  no privileges were granted for "psp_entity_publish_p2025_05_26"
psql:/u01/scripts/staging_refresh/mon_psparcowner_psparcdb.sql:15: WARNING:  no privileges were granted for "psp_entity_publish_p2025_05_28"
psql:/u01/scripts/staging_refresh/mon_psparcowner_psparcdb.sql:15: WARNING:  no privileges were granted for "psp_entity_publish_p2025_05_29"
psql:/u01/scripts/staging_refresh/mon_psparcowner_psparcdb.sql:15: WARNING:  no privileges were granted for "psp_outbox_default"
psql:/u01/scripts/staging_refresh/mon_psparcowner_psparcdb.sql:15: WARNING:  no privileges were granted for "psp_entity_publish_default"
psql:/u01/scripts/staging_refresh/mon_psparcowner_psparcdb.sql:15: WARNING:  no privileges were granted for "psp_outbox_p2025_03_26"
psql:/u01/scripts/staging_refresh/mon_psparcowner_psparcdb.sql:15: WARNING:  no privileges were granted for "psp_outbox_p2025_03_27"
psql:/u01/scripts/staging_refresh/mon_psparcowner_psparcdb.sql:15: WARNING:  no privileges were granted for "psp_outbox_p2025_03_28"
psql:/u01/scripts/staging_refresh/mon_psparcowner_psparcdb.sql:15: WARNING:  no privileges were granted for "psp_outbox_p2025_03_29"
psql:/u01/scripts/staging_refresh/mon_psparcowner_psparcdb.sql:15: WARNING:  no privileges were granted for "psp_outbox_p2025_03_30"
psql:/u01/scripts/staging_refresh/mon_psparcowner_psparcdb.sql:15: WARNING:  no privileges were granted for "psp_outbox_p2025_03_31"
psql:/u01/scripts/staging_refresh/mon_psparcowner_psparcdb.sql:15: WARNING:  no privileges were granted for "psp_outbox_p2025_04_01"
psql:/u01/scripts/staging_refresh/mon_psparcowner_psparcdb.sql:15: WARNING:  no privileges were granted for "psp_outbox_p2025_04_02"
psql:/u01/scripts/staging_refresh/mon_psparcowner_psparcdb.sql:15: WARNING:  no privileges were granted for "psp_outbox_p2025_04_03"
psql:/u01/scripts/staging_refresh/mon_psparcowner_psparcdb.sql:15: WARNING:  no privileges were granted for "psp_outbox_p2025_04_04"
psql:/u01/scripts/staging_refresh/mon_psparcowner_psparcdb.sql:15: WARNING:  no privileges were granted for "psp_entitlement_message_test_gg"
psql:/u01/scripts/staging_refresh/mon_psparcowner_psparcdb.sql:15: WARNING:  no privileges were granted for "v_con_count"
psql:/u01/scripts/staging_refresh/mon_psparcowner_psparcdb.sql:15: WARNING:  no privileges were granted for "psp_disburse_advice_tax_liab_veridata_view"
psql:/u01/scripts/staging_refresh/mon_psparcowner_psparcdb.sql:15: WARNING:  no privileges were granted for "psp_money_movement_transaction_veridata_view"
psql:/u01/scripts/staging_refresh/mon_psparcowner_psparcdb.sql:15: WARNING:  no privileges were granted for "psp_tax_veridata_view"
psql:/u01/scripts/staging_refresh/mon_psparcowner_psparcdb.sql:15: WARNING:  no privileges were granted for "psp_paycheck_veridata_view"
psql:/u01/scripts/staging_refresh/mon_psparcowner_psparcdb.sql:15: WARNING:  no privileges were granted for "psp_qbdt_paycheck_info_veridata_view"
psql:/u01/scripts/staging_refresh/mon_psparcowner_psparcdb.sql:15: WARNING:  no privileges were granted for "psp_entry_detail_record_veridata_view"
psql:/u01/scripts/staging_refresh/mon_psparcowner_psparcdb.sql:15: WARNING:  no privileges were granted for "psp_property_audit_veridata_view"
psql:/u01/scripts/staging_refresh/mon_psparcowner_psparcdb.sql:15: WARNING:  no privileges were granted for "psp_financial_trans_state_veridata_view"
psql:/u01/scripts/staging_refresh/mon_psparcowner_psparcdb.sql:15: WARNING:  no privileges were granted for "psp_pstub_pay_item_veridata_view"
psql:/u01/scripts/staging_refresh/mon_psparcowner_psparcdb.sql:15: WARNING:  no privileges were granted for "psp_pstub_employee_info_veridata_view"
psql:/u01/scripts/staging_refresh/mon_psparcowner_psparcdb.sql:15: WARNING:  no privileges were granted for "psp_compensation_veridata_view"
psql:/u01/scripts/staging_refresh/mon_psparcowner_psparcdb.sql:15: WARNING:  no privileges were granted for "psp_ledger_balance_veridata_view"
psql:/u01/scripts/staging_refresh/mon_psparcowner_psparcdb.sql:15: WARNING:  no privileges were granted for "psp_company_event_veridata_view"
psql:/u01/scripts/staging_refresh/mon_psparcowner_psparcdb.sql:15: WARNING:  no privileges were granted for "psp_company_event_detail_veridata_view"
psql:/u01/scripts/staging_refresh/mon_psparcowner_psparcdb.sql:15: WARNING:  no privileges were granted for "psp_company_event_email_param_veridata_view"
psql:/u01/scripts/staging_refresh/mon_psparcowner_psparcdb.sql:15: WARNING:  no privileges were granted for "psp_financial_transaction_veridata_view"
psql:/u01/scripts/staging_refresh/mon_psparcowner_psparcdb.sql:15: WARNING:  no privileges were granted for "psp_paycheck_split_veridata_view"
psql:/u01/scripts/staging_refresh/mon_psparcowner_psparcdb.sql:15: WARNING:  no privileges were granted for "psp_qbdt_payline_info_veridata_view"
psql:/u01/scripts/staging_refresh/mon_psparcowner_psparcdb.sql:15: WARNING:  no privileges were granted for "psp_entity_update_veridata_view"
psql:/u01/scripts/staging_refresh/mon_psparcowner_psparcdb.sql:15: WARNING:  no privileges were granted for "psp_paycheck_usage_veridata_view"
psql:/u01/scripts/staging_refresh/mon_psparcowner_psparcdb.sql:15: WARNING:  no privileges were granted for "psp_entitlement_message_veridata_view"
psql:/u01/scripts/staging_refresh/mon_psparcowner_psparcdb.sql:15: WARNING:  no privileges were granted for "psp_qbdt_transaction_info_veridata_view"
psql:/u01/scripts/staging_refresh/mon_psparcowner_psparcdb.sql:15: WARNING:  no privileges were granted for "psp_paystub_veridata_view"
psql:/u01/scripts/staging_refresh/mon_psparcowner_psparcdb.sql:15: WARNING:  no privileges were granted for "psp_deduction_veridata_view"
psql:/u01/scripts/staging_refresh/mon_psparcowner_psparcdb.sql:15: WARNING:  no privileges were granted for "psp_pstub_paid_timeoff_item_veridata_view"
GRANT
ALTER DEFAULT PRIVILEGES
psql:/u01/scripts/staging_refresh/mon_psparcowner_psparcdb.sql:18: WARNING:  no privileges were granted for "psp_entity_publish_p2025_05_31"
psql:/u01/scripts/staging_refresh/mon_psparcowner_psparcdb.sql:18: WARNING:  no privileges were granted for "psp_entity_publish_p2025_05_22"
psql:/u01/scripts/staging_refresh/mon_psparcowner_psparcdb.sql:18: WARNING:  no privileges were granted for "psp_entity_publish_p2025_05_23"
psql:/u01/scripts/staging_refresh/mon_psparcowner_psparcdb.sql:18: WARNING:  no privileges were granted for "psp_entity_publish_p2025_05_24"
psql:/u01/scripts/staging_refresh/mon_psparcowner_psparcdb.sql:18: WARNING:  no privileges were granted for "psp_entity_publish_p2025_05_25"
psql:/u01/scripts/staging_refresh/mon_psparcowner_psparcdb.sql:18: WARNING:  no privileges were granted for "psp_entity_publish_p2025_05_27"
psql:/u01/scripts/staging_refresh/mon_psparcowner_psparcdb.sql:18: WARNING:  no privileges were granted for "psp_employee_w2_totals_backup"
psql:/u01/scripts/staging_refresh/mon_psparcowner_psparcdb.sql:18: WARNING:  no privileges were granted for "psp_entity_publish_p2025_05_30"
psql:/u01/scripts/staging_refresh/mon_psparcowner_psparcdb.sql:18: WARNING:  no privileges were granted for "psp_entity_publish_p2025_05_26"
psql:/u01/scripts/staging_refresh/mon_psparcowner_psparcdb.sql:18: WARNING:  no privileges were granted for "psp_entity_publish_p2025_05_28"
psql:/u01/scripts/staging_refresh/mon_psparcowner_psparcdb.sql:18: WARNING:  no privileges were granted for "psp_entity_publish_p2025_05_29"
psql:/u01/scripts/staging_refresh/mon_psparcowner_psparcdb.sql:18: WARNING:  no privileges were granted for "psp_outbox_default"
psql:/u01/scripts/staging_refresh/mon_psparcowner_psparcdb.sql:18: WARNING:  no privileges were granted for "psp_entity_publish_default"
psql:/u01/scripts/staging_refresh/mon_psparcowner_psparcdb.sql:18: WARNING:  no privileges were granted for "psp_outbox_p2025_03_26"
psql:/u01/scripts/staging_refresh/mon_psparcowner_psparcdb.sql:18: WARNING:  no privileges were granted for "psp_outbox_p2025_03_27"
psql:/u01/scripts/staging_refresh/mon_psparcowner_psparcdb.sql:18: WARNING:  no privileges were granted for "psp_outbox_p2025_03_28"
psql:/u01/scripts/staging_refresh/mon_psparcowner_psparcdb.sql:18: WARNING:  no privileges were granted for "psp_outbox_p2025_03_29"
psql:/u01/scripts/staging_refresh/mon_psparcowner_psparcdb.sql:18: WARNING:  no privileges were granted for "psp_outbox_p2025_03_30"
psql:/u01/scripts/staging_refresh/mon_psparcowner_psparcdb.sql:18: WARNING:  no privileges were granted for "psp_outbox_p2025_03_31"
psql:/u01/scripts/staging_refresh/mon_psparcowner_psparcdb.sql:18: WARNING:  no privileges were granted for "psp_outbox_p2025_04_01"
psql:/u01/scripts/staging_refresh/mon_psparcowner_psparcdb.sql:18: WARNING:  no privileges were granted for "psp_outbox_p2025_04_02"
psql:/u01/scripts/staging_refresh/mon_psparcowner_psparcdb.sql:18: WARNING:  no privileges were granted for "psp_outbox_p2025_04_03"
psql:/u01/scripts/staging_refresh/mon_psparcowner_psparcdb.sql:18: WARNING:  no privileges were granted for "psp_outbox_p2025_04_04"
psql:/u01/scripts/staging_refresh/mon_psparcowner_psparcdb.sql:18: WARNING:  no privileges were granted for "psp_entitlement_message_test_gg"
psql:/u01/scripts/staging_refresh/mon_psparcowner_psparcdb.sql:18: WARNING:  no privileges were granted for "v_con_count"
psql:/u01/scripts/staging_refresh/mon_psparcowner_psparcdb.sql:18: WARNING:  no privileges were granted for "psp_disburse_advice_tax_liab_veridata_view"
psql:/u01/scripts/staging_refresh/mon_psparcowner_psparcdb.sql:18: WARNING:  no privileges were granted for "psp_money_movement_transaction_veridata_view"
psql:/u01/scripts/staging_refresh/mon_psparcowner_psparcdb.sql:18: WARNING:  no privileges were granted for "psp_tax_veridata_view"
psql:/u01/scripts/staging_refresh/mon_psparcowner_psparcdb.sql:18: WARNING:  no privileges were granted for "psp_paycheck_veridata_view"
psql:/u01/scripts/staging_refresh/mon_psparcowner_psparcdb.sql:18: WARNING:  no privileges were granted for "psp_qbdt_paycheck_info_veridata_view"
psql:/u01/scripts/staging_refresh/mon_psparcowner_psparcdb.sql:18: WARNING:  no privileges were granted for "psp_entry_detail_record_veridata_view"
psql:/u01/scripts/staging_refresh/mon_psparcowner_psparcdb.sql:18: WARNING:  no privileges were granted for "psp_property_audit_veridata_view"
psql:/u01/scripts/staging_refresh/mon_psparcowner_psparcdb.sql:18: WARNING:  no privileges were granted for "psp_financial_trans_state_veridata_view"
psql:/u01/scripts/staging_refresh/mon_psparcowner_psparcdb.sql:18: WARNING:  no privileges were granted for "psp_pstub_pay_item_veridata_view"
psql:/u01/scripts/staging_refresh/mon_psparcowner_psparcdb.sql:18: WARNING:  no privileges were granted for "psp_pstub_employee_info_veridata_view"
psql:/u01/scripts/staging_refresh/mon_psparcowner_psparcdb.sql:18: WARNING:  no privileges were granted for "psp_compensation_veridata_view"
psql:/u01/scripts/staging_refresh/mon_psparcowner_psparcdb.sql:18: WARNING:  no privileges were granted for "psp_ledger_balance_veridata_view"
psql:/u01/scripts/staging_refresh/mon_psparcowner_psparcdb.sql:18: WARNING:  no privileges were granted for "psp_company_event_veridata_view"
psql:/u01/scripts/staging_refresh/mon_psparcowner_psparcdb.sql:18: WARNING:  no privileges were granted for "psp_company_event_detail_veridata_view"
psql:/u01/scripts/staging_refresh/mon_psparcowner_psparcdb.sql:18: WARNING:  no privileges were granted for "psp_company_event_email_param_veridata_view"
psql:/u01/scripts/staging_refresh/mon_psparcowner_psparcdb.sql:18: WARNING:  no privileges were granted for "psp_financial_transaction_veridata_view"
psql:/u01/scripts/staging_refresh/mon_psparcowner_psparcdb.sql:18: WARNING:  no privileges were granted for "psp_paycheck_split_veridata_view"
psql:/u01/scripts/staging_refresh/mon_psparcowner_psparcdb.sql:18: WARNING:  no privileges were granted for "psp_qbdt_payline_info_veridata_view"
psql:/u01/scripts/staging_refresh/mon_psparcowner_psparcdb.sql:18: WARNING:  no privileges were granted for "psp_entity_update_veridata_view"
psql:/u01/scripts/staging_refresh/mon_psparcowner_psparcdb.sql:18: WARNING:  no privileges were granted for "psp_paycheck_usage_veridata_view"
psql:/u01/scripts/staging_refresh/mon_psparcowner_psparcdb.sql:18: WARNING:  no privileges were granted for "psp_entitlement_message_veridata_view"
psql:/u01/scripts/staging_refresh/mon_psparcowner_psparcdb.sql:18: WARNING:  no privileges were granted for "psp_qbdt_transaction_info_veridata_view"
psql:/u01/scripts/staging_refresh/mon_psparcowner_psparcdb.sql:18: WARNING:  no privileges were granted for "psp_paystub_veridata_view"
psql:/u01/scripts/staging_refresh/mon_psparcowner_psparcdb.sql:18: WARNING:  no privileges were granted for "psp_deduction_veridata_view"
psql:/u01/scripts/staging_refresh/mon_psparcowner_psparcdb.sql:18: WARNING:  no privileges were granted for "psp_pstub_paid_timeoff_item_veridata_view"
GRANT
ALTER DEFAULT PRIVILEGES
GRANT
ALTER DEFAULT PRIVILEGES
psql:/u01/scripts/staging_refresh/mon_psparcowner_psparcdb.sql:26: WARNING:  no privileges were granted for "dblink_connect"
psql:/u01/scripts/staging_refresh/mon_psparcowner_psparcdb.sql:26: WARNING:  no privileges were granted for "dblink_connect"
psql:/u01/scripts/staging_refresh/mon_psparcowner_psparcdb.sql:26: WARNING:  no privileges were granted for "dblink_disconnect"
psql:/u01/scripts/staging_refresh/mon_psparcowner_psparcdb.sql:26: WARNING:  no privileges were granted for "dblink_open"
psql:/u01/scripts/staging_refresh/mon_psparcowner_psparcdb.sql:26: WARNING:  no privileges were granted for "dblink_open"
psql:/u01/scripts/staging_refresh/mon_psparcowner_psparcdb.sql:26: WARNING:  no privileges were granted for "dblink_open"
psql:/u01/scripts/staging_refresh/mon_psparcowner_psparcdb.sql:26: WARNING:  no privileges were granted for "dblink_open"
psql:/u01/scripts/staging_refresh/mon_psparcowner_psparcdb.sql:26: WARNING:  no privileges were granted for "dblink_fetch"
psql:/u01/scripts/staging_refresh/mon_psparcowner_psparcdb.sql:26: WARNING:  no privileges were granted for "dblink_fetch"
psql:/u01/scripts/staging_refresh/mon_psparcowner_psparcdb.sql:26: WARNING:  no privileges were granted for "dblink_fetch"
psql:/u01/scripts/staging_refresh/mon_psparcowner_psparcdb.sql:26: WARNING:  no privileges were granted for "dblink_fetch"
psql:/u01/scripts/staging_refresh/mon_psparcowner_psparcdb.sql:26: WARNING:  no privileges were granted for "dblink_close"
psql:/u01/scripts/staging_refresh/mon_psparcowner_psparcdb.sql:26: WARNING:  no privileges were granted for "dblink_close"
psql:/u01/scripts/staging_refresh/mon_psparcowner_psparcdb.sql:26: WARNING:  no privileges were granted for "dblink_close"
psql:/u01/scripts/staging_refresh/mon_psparcowner_psparcdb.sql:26: WARNING:  no privileges were granted for "dblink_close"
psql:/u01/scripts/staging_refresh/mon_psparcowner_psparcdb.sql:26: WARNING:  no privileges were granted for "dblink"
psql:/u01/scripts/staging_refresh/mon_psparcowner_psparcdb.sql:26: WARNING:  no privileges were granted for "dblink"
psql:/u01/scripts/staging_refresh/mon_psparcowner_psparcdb.sql:26: WARNING:  no privileges were granted for "dblink"
psql:/u01/scripts/staging_refresh/mon_psparcowner_psparcdb.sql:26: WARNING:  no privileges were granted for "dblink"
psql:/u01/scripts/staging_refresh/mon_psparcowner_psparcdb.sql:26: WARNING:  no privileges were granted for "dblink_exec"
psql:/u01/scripts/staging_refresh/mon_psparcowner_psparcdb.sql:26: WARNING:  no privileges were granted for "dblink_exec"
psql:/u01/scripts/staging_refresh/mon_psparcowner_psparcdb.sql:26: WARNING:  no privileges were granted for "dblink_exec"
psql:/u01/scripts/staging_refresh/mon_psparcowner_psparcdb.sql:26: WARNING:  no privileges were granted for "dblink_get_pkey"
psql:/u01/scripts/staging_refresh/mon_psparcowner_psparcdb.sql:26: WARNING:  no privileges were granted for "dblink_build_sql_insert"
psql:/u01/scripts/staging_refresh/mon_psparcowner_psparcdb.sql:26: WARNING:  no privileges were granted for "dblink_build_sql_delete"
psql:/u01/scripts/staging_refresh/mon_psparcowner_psparcdb.sql:26: WARNING:  no privileges were granted for "dblink_build_sql_update"
psql:/u01/scripts/staging_refresh/mon_psparcowner_psparcdb.sql:26: WARNING:  no privileges were granted for "dblink_current_query"
psql:/u01/scripts/staging_refresh/mon_psparcowner_psparcdb.sql:26: WARNING:  no privileges were granted for "dblink_send_query"
psql:/u01/scripts/staging_refresh/mon_psparcowner_psparcdb.sql:26: WARNING:  no privileges were granted for "dblink_is_busy"
psql:/u01/scripts/staging_refresh/mon_psparcowner_psparcdb.sql:26: WARNING:  no privileges were granted for "dblink_get_result"
psql:/u01/scripts/staging_refresh/mon_psparcowner_psparcdb.sql:26: WARNING:  no privileges were granted for "dblink_get_result"
psql:/u01/scripts/staging_refresh/mon_psparcowner_psparcdb.sql:26: WARNING:  no privileges were granted for "dblink_get_connections"
psql:/u01/scripts/staging_refresh/mon_psparcowner_psparcdb.sql:26: WARNING:  no privileges were granted for "dblink_cancel_query"
psql:/u01/scripts/staging_refresh/mon_psparcowner_psparcdb.sql:26: WARNING:  no privileges were granted for "dblink_error_message"
psql:/u01/scripts/staging_refresh/mon_psparcowner_psparcdb.sql:26: WARNING:  no privileges were granted for "dblink_get_notify"
psql:/u01/scripts/staging_refresh/mon_psparcowner_psparcdb.sql:26: WARNING:  no privileges were granted for "dblink_get_notify"
psql:/u01/scripts/staging_refresh/mon_psparcowner_psparcdb.sql:26: WARNING:  no privileges were granted for "dblink_fdw_validator"
psql:/u01/scripts/staging_refresh/mon_psparcowner_psparcdb.sql:26: ERROR:  permission denied for function dblink_connect_u
GRANT
ALTER DEFAULT PRIVILEGES
Executed SQL file: /u01/scripts/staging_refresh/mon_psparcowner_psparcdb.sql

🟢=== STEP 9: Adding AWS backup tag===
✅ Tag 'org_awsbackup_local_0700UTC=7continuous' applied successfully.

 Port number Update not required for monolith and archival  

🟢=== STEP 10: Running VACUUM script===
🧹 Running VACUUM script for all tables...
✅ VACUUM completed successfully. Log saved to /u01/scripts/staging_refresh/vacuum/vacuum_20250731.log

✅ ✅ ✅ === DATABASE REFRESH COMPLETED SUCCESSFULLY ✅ ✅ ✅ ===
