Timing is on.
SET
Time: 0.709 ms
      current_timestamp       
------------------------------
 2024-07-12 01:18:56.68488-07
(1 row)

Time: 0.662 ms
psql:cr_failed_ind.sql:5: ERROR:  relation "psp_money_movement_transac_fk2_p0" already exists
Time: 2.193 ms
psql:cr_failed_ind.sql:6: ERROR:  relation "psp_money_movement_transac_fk2_p1" already exists
Time: 1.271 ms
psql:cr_failed_ind.sql:7: ERROR:  relation "psp_money_movement_transac_fk2_p2" already exists
Time: 1.130 ms
psql:cr_failed_ind.sql:8: ERROR:  relation "psp_money_movement_transac_fk2_p3" already exists
Time: 1.116 ms
psql:cr_failed_ind.sql:9: ERROR:  relation "psp_money_movement_transac_fk2_p4" already exists
Time: 1.100 ms
psql:cr_failed_ind.sql:10: ERROR:  relation "psp_money_movement_transac_fk2_p5" already exists
Time: 1.097 ms
psql:cr_failed_ind.sql:11: ERROR:  relation "psp_money_movement_transac_fk2_p6" already exists
Time: 1.084 ms
psql:cr_failed_ind.sql:12: ERROR:  relation "psp_money_movement_transac_fk2_p7" already exists
Time: 1.098 ms
psql:cr_failed_ind.sql:13: ERROR:  relation "psp_money_movement_transac_fk3_p0" already exists
Time: 3.214 ms
psql:cr_failed_ind.sql:14: ERROR:  relation "psp_money_movement_transac_fk3_p1" already exists
Time: 1.024 ms
psql:cr_failed_ind.sql:15: ERROR:  relation "psp_money_movement_transac_fk3_p2" already exists
Time: 0.984 ms
psql:cr_failed_ind.sql:16: ERROR:  relation "psp_money_movement_transac_fk3_p3" already exists
Time: 0.966 ms
psql:cr_failed_ind.sql:17: ERROR:  relation "psp_money_movement_transac_fk3_p4" already exists
Time: 0.967 ms
psql:cr_failed_ind.sql:18: ERROR:  relation "psp_money_movement_transac_fk3_p5" already exists
Time: 0.982 ms
psql:cr_failed_ind.sql:19: ERROR:  relation "psp_money_movement_transac_fk3_p6" already exists
Time: 0.967 ms
psql:cr_failed_ind.sql:20: ERROR:  relation "psp_money_movement_transac_fk3_p7" already exists
Time: 0.945 ms
psql:cr_failed_ind.sql:21: ERROR:  relation "psp_money_movement_transac_fk6_p0" already exists
Time: 0.959 ms
psql:cr_failed_ind.sql:22: ERROR:  relation "psp_money_movement_transac_fk6_p1" already exists
Time: 0.989 ms
psql:cr_failed_ind.sql:23: ERROR:  relation "psp_money_movement_transac_fk6_p2" already exists
Time: 0.977 ms
psql:cr_failed_ind.sql:24: ERROR:  relation "psp_money_movement_transac_fk6_p3" already exists
Time: 0.965 ms
psql:cr_failed_ind.sql:25: ERROR:  relation "psp_money_movement_transac_fk6_p4" already exists
Time: 0.940 ms
psql:cr_failed_ind.sql:26: ERROR:  relation "psp_money_movement_transac_fk6_p5" already exists
Time: 0.979 ms
psql:cr_failed_ind.sql:27: ERROR:  relation "psp_money_movement_transac_fk6_p6" already exists
Time: 0.968 ms
psql:cr_failed_ind.sql:28: ERROR:  relation "psp_money_movement_transac_fk6_p7" already exists
Time: 0.966 ms
psql:cr_failed_ind.sql:29: ERROR:  relation "psp_moneymovementtransacti_fk1_p0" already exists
Time: 0.980 ms
psql:cr_failed_ind.sql:30: ERROR:  relation "psp_moneymovementtransacti_fk1_p1" already exists
Time: 0.992 ms
psql:cr_failed_ind.sql:31: ERROR:  relation "psp_moneymovementtransacti_fk1_p2" already exists
Time: 0.993 ms
psql:cr_failed_ind.sql:32: ERROR:  relation "psp_moneymovementtransacti_fk1_p3" already exists
Time: 0.977 ms
psql:cr_failed_ind.sql:33: ERROR:  relation "psp_moneymovementtransacti_fk1_p4" already exists
Time: 0.979 ms
psql:cr_failed_ind.sql:34: ERROR:  relation "psp_moneymovementtransacti_fk1_p5" already exists
Time: 0.991 ms
psql:cr_failed_ind.sql:35: ERROR:  relation "psp_moneymovementtransacti_fk1_p6" already exists
Time: 0.980 ms
psql:cr_failed_ind.sql:36: ERROR:  relation "psp_moneymovementtransacti_fk1_p7" already exists
Time: 1.838 ms
psql:cr_failed_ind.sql:37: ERROR:  relation "psp_moneymovementtransacti_fk1" already exists
Time: 1.308 ms
psql:cr_failed_ind.sql:38: ERROR:  relation "psp_money_movement_transac_fk2" already exists
Time: 0.981 ms
psql:cr_failed_ind.sql:39: ERROR:  relation "psp_money_movement_transac_fk3" already exists
Time: 0.969 ms
psql:cr_failed_ind.sql:40: ERROR:  relation "psp_money_movement_transac_fk6" already exists
Time: 0.978 ms
ALTER INDEX
Time: 5.535 ms
ALTER INDEX
Time: 3.624 ms
ALTER INDEX
Time: 4.663 ms
ALTER INDEX
Time: 3.540 ms
ALTER INDEX
Time: 4.559 ms
ALTER INDEX
Time: 3.546 ms
ALTER INDEX
Time: 3.477 ms
ALTER INDEX
Time: 3.577 ms
ALTER INDEX
Time: 3.746 ms
ALTER INDEX
Time: 3.435 ms
ALTER INDEX
Time: 3.540 ms
ALTER INDEX
Time: 3.381 ms
ALTER INDEX
Time: 3.372 ms
ALTER INDEX
Time: 3.383 ms
ALTER INDEX
Time: 3.449 ms
ALTER INDEX
Time: 3.465 ms
ALTER INDEX
Time: 3.475 ms
ALTER INDEX
Time: 3.267 ms
ALTER INDEX
Time: 4.063 ms
ALTER INDEX
Time: 3.519 ms
ALTER INDEX
Time: 3.453 ms
ALTER INDEX
Time: 3.340 ms
ALTER INDEX
Time: 3.485 ms
ALTER INDEX
Time: 3.338 ms
ALTER INDEX
Time: 3.447 ms
ALTER INDEX
Time: 5.534 ms
ALTER INDEX
Time: 3.398 ms
ALTER INDEX
Time: 3.235 ms
ALTER INDEX
Time: 3.366 ms
ALTER INDEX
Time: 3.330 ms
ALTER INDEX
Time: 3.296 ms
ALTER INDEX
Time: 3.450 ms
       current_timestamp       
-------------------------------
 2024-07-12 01:18:56.844637-07
(1 row)

Time: 0.628 ms
