08:40:40 SQL> select /*+ FULL(PAYCHKSPLIT_BA22009) parallel(PAYCHKSPLIT_BA22009 ,4) */count(*) from pspadm.PSP_PAYCHECK_SPLIT partition (PAYCHKSPLIT_BA22009)PAYCHKSPLIT_BA22009;

  COUNT(*)                                                                      
----------                                                                      
  13907870                                                                      

1 row selected.

Elapsed: 00:00:13.99
08:40:54 SQL> select /*+ FULL(PAYCHKSPLIT_BA12010) parallel(PAYCHKSPLIT_BA12010 ,4) */count(*) from pspadm.PSP_PAYCHECK_SPLIT partition (PAYCHKSPLIT_BA12010)PAYCHKSPLIT_BA12010;

  COUNT(*)                                                                      
----------                                                                      
  14972650                                                                      

1 row selected.

Elapsed: 00:00:15.20
08:41:10 SQL> select /*+ FULL(PAYCHKSPLIT_BA22010) parallel(PAYCHKSPLIT_BA22010 ,4) */count(*) from pspadm.PSP_PAYCHECK_SPLIT partition (PAYCHKSPLIT_BA22010)PAYCHKSPLIT_BA22010;

  COUNT(*)                                                                      
----------                                                                      
  15802694                                                                      

1 row selected.

Elapsed: 00:00:16.23
08:41:26 SQL> select /*+ FULL(PAYCHKSPLIT_BA12011) parallel(PAYCHKSPLIT_BA12011 ,4) */count(*) from pspadm.PSP_PAYCHECK_SPLIT partition (PAYCHKSPLIT_BA12011)PAYCHKSPLIT_BA12011;

  COUNT(*)                                                                      
----------                                                                      
  17589836                                                                      

1 row selected.

Elapsed: 00:00:22.94
08:41:49 SQL> select /*+ FULL(PAYCHKSPLIT_BA22011) parallel(PAYCHKSPLIT_BA22011 ,4) */count(*) from pspadm.PSP_PAYCHECK_SPLIT partition (PAYCHKSPLIT_BA22011)PAYCHKSPLIT_BA22011;

  COUNT(*)                                                                      
----------                                                                      
  23007370                                                                      

1 row selected.

Elapsed: 00:00:29.96
08:42:19 SQL> select /*+ FULL(PAYCHKSPLIT_BA12012) parallel(PAYCHKSPLIT_BA12012 ,4) */count(*) from pspadm.PSP_PAYCHECK_SPLIT partition (PAYCHKSPLIT_BA12012)PAYCHKSPLIT_BA12012;

  COUNT(*)                                                                      
----------                                                                      
  30422438                                                                      

1 row selected.

Elapsed: 00:00:35.13
08:42:54 SQL> select /*+ FULL(PAYCHKSPLIT_BA22012) parallel(PAYCHKSPLIT_BA22012 ,4) */count(*) from pspadm.PSP_PAYCHECK_SPLIT partition (PAYCHKSPLIT_BA22012)PAYCHKSPLIT_BA22012;

  COUNT(*)                                                                      
----------                                                                      
  33458432                                                                      

1 row selected.

Elapsed: 00:00:41.04
08:43:35 SQL> select /*+ FULL(PAYCHKSPLIT_BA12013) parallel(PAYCHKSPLIT_BA12013 ,4) */count(*) from pspadm.PSP_PAYCHECK_SPLIT partition (PAYCHKSPLIT_BA12013)PAYCHKSPLIT_BA12013;

  COUNT(*)                                                                      
----------                                                                      
  35581308                                                                      

1 row selected.

Elapsed: 00:00:42.60
08:44:18 SQL> select /*+ FULL(PAYCHKSPLIT_BA22013) parallel(PAYCHKSPLIT_BA22013 ,4) */count(*) from pspadm.PSP_PAYCHECK_SPLIT partition (PAYCHKSPLIT_BA22013)PAYCHKSPLIT_BA22013;

  COUNT(*)                                                                      
----------                                                                      
  40657414                                                                      

1 row selected.

Elapsed: 00:00:46.14
08:45:04 SQL> select /*+ FULL(PAYCHKSPLIT_BA12014) parallel(PAYCHKSPLIT_BA12014 ,4) */count(*) from pspadm.PSP_PAYCHECK_SPLIT partition (PAYCHKSPLIT_BA12014)PAYCHKSPLIT_BA12014;

  COUNT(*)                                                                      
----------                                                                      
  42223289                                                                      

1 row selected.

Elapsed: 00:00:36.94
08:45:41 SQL> select /*+ FULL(PAYCHKSPLIT_BA22014) parallel(PAYCHKSPLIT_BA22014 ,4) */count(*) from pspadm.PSP_PAYCHECK_SPLIT partition (PAYCHKSPLIT_BA22014)PAYCHKSPLIT_BA22014;

  COUNT(*)                                                                      
----------                                                                      
  46847164                                                                      

1 row selected.

Elapsed: 00:00:39.46
08:46:20 SQL> select /*+ FULL(PAYCHKSPLIT_BA12015) parallel(PAYCHKSPLIT_BA12015 ,4) */count(*) from pspadm.PSP_PAYCHECK_SPLIT partition (PAYCHKSPLIT_BA12015)PAYCHKSPLIT_BA12015;

  COUNT(*)                                                                      
----------                                                                      
  43319791                                                                      

1 row selected.

Elapsed: 00:00:40.32
08:47:00 SQL> select /*+ FULL(PAYCHKSPLIT_BA22015) parallel(PAYCHKSPLIT_BA22015 ,4) */count(*) from pspadm.PSP_PAYCHECK_SPLIT partition (PAYCHKSPLIT_BA22015)PAYCHKSPLIT_BA22015;

  COUNT(*)                                                                      
----------                                                                      
  47783600                                                                      

1 row selected.

Elapsed: 00:00:45.57
08:47:46 SQL> select /*+ FULL(PAYCHKSPLIT_BA12016) parallel(PAYCHKSPLIT_BA12016 ,4) */count(*) from pspadm.PSP_PAYCHECK_SPLIT partition (PAYCHKSPLIT_BA12016)PAYCHKSPLIT_BA12016;

  COUNT(*)                                                                      
----------                                                                      
  56569349                                                                      

1 row selected.

Elapsed: 00:00:47.38
08:48:33 SQL> select /*+ FULL(PAYCHKSPLIT_BA22016) parallel(PAYCHKSPLIT_BA22016 ,4) */count(*) from pspadm.PSP_PAYCHECK_SPLIT partition (PAYCHKSPLIT_BA22016)PAYCHKSPLIT_BA22016;

  COUNT(*)                                                                      
----------                                                                      
  59745056                                                                      

1 row selected.

Elapsed: 00:00:57.98
08:49:31 SQL> select /*+ FULL(PAYCHKSPLIT_BA12017) parallel(PAYCHKSPLIT_BA12017 ,4) */count(*) from pspadm.PSP_PAYCHECK_SPLIT partition (PAYCHKSPLIT_BA12017)PAYCHKSPLIT_BA12017;

  COUNT(*)                                                                      
----------                                                                      
  62924796                                                                      

1 row selected.

Elapsed: 00:00:57.73
08:50:29 SQL> select /*+ FULL(PAYCHKSPLIT_BA22017) parallel(PAYCHKSPLIT_BA22017 ,4) */count(*) from pspadm.PSP_PAYCHECK_SPLIT partition (PAYCHKSPLIT_BA22017)PAYCHKSPLIT_BA22017;

  COUNT(*)                                                                      
----------                                                                      
  66828695                                                                      

1 row selected.

Elapsed: 00:01:07.38
08:51:36 SQL> select /*+ FULL(PAYCHKSPLIT_BA12018) parallel(PAYCHKSPLIT_BA12018 ,4) */count(*) from pspadm.PSP_PAYCHECK_SPLIT partition (PAYCHKSPLIT_BA12018)PAYCHKSPLIT_BA12018;

  COUNT(*)                                                                      
----------                                                                      
  69186576                                                                      

1 row selected.

Elapsed: 00:00:57.96
08:52:34 SQL> select /*+ FULL(PAYCHKSPLIT_BA22018) parallel(PAYCHKSPLIT_BA22018 ,4) */count(*) from pspadm.PSP_PAYCHECK_SPLIT partition (PAYCHKSPLIT_BA22018)PAYCHKSPLIT_BA22018;

  COUNT(*)                                                                      
----------                                                                      
  57807949                                                                      

1 row selected.

Elapsed: 00:00:48.85
08:53:23 SQL> select /*+ FULL(PAYCHKSPLIT_BA12019) parallel(PAYCHKSPLIT_BA12019 ,4) */count(*) from pspadm.PSP_PAYCHECK_SPLIT partition (PAYCHKSPLIT_BA12019)PAYCHKSPLIT_BA12019;

  COUNT(*)                                                                      
----------                                                                      
  48856346                                                                      

1 row selected.

Elapsed: 00:00:44.07
08:54:07 SQL> select /*+ FULL(PAYCHKSPLIT_BA22019) parallel(PAYCHKSPLIT_BA22019 ,4) */count(*) from pspadm.PSP_PAYCHECK_SPLIT partition (PAYCHKSPLIT_BA22019)PAYCHKSPLIT_BA22019;

  COUNT(*)                                                                      
----------                                                                      
  52993263                                                                      

1 row selected.

Elapsed: 00:00:39.39
08:54:47 SQL> 
08:54:47 SQL> spool off
