00:41:47 SQL> select /*+ FULL(LDGRBAL_BA12023) parallel(LDGRBAL_BA12023 ,4) */count(*) from pspadm.PSP_LEDGER_BALANCE partition (LDGRBAL_BA12023)LDGRBAL_BA12023 ;

  COUNT(*)                                                                      
----------                                                                      
  46148071                                                                      

1 row selected.

Elapsed: 00:00:57.10
00:42:44 SQL> select /*+ FULL(LDGRBAL_BA22023) parallel(LDGRBAL_BA22023 ,4) */count(*) from pspadm.PSP_LEDGER_BALANCE partition (LDGRBAL_BA22023)LDGRBAL_BA22023 ;

  COUNT(*)                                                                      
----------                                                                      
     25416                                                                      

1 row selected.

Elapsed: 00:00:00.45
00:42:45 SQL> select /*+ FULL(LDGRBAL_BA12022) parallel(LDGRBAL_BA12022 ,4) */count(*) from pspadm.PSP_LEDGER_BALANCE partition (LDGRBAL_BA12022)LDGRBAL_BA12022 ;

  COUNT(*)                                                                      
----------                                                                      
  47429820                                                                      

1 row selected.

Elapsed: 00:01:02.73
00:43:47 SQL> select /*+ FULL(LDGRBAL_BA22022) parallel(LDGRBAL_BA22022 ,4) */count(*) from pspadm.PSP_LEDGER_BALANCE partition (LDGRBAL_BA22022)LDGRBAL_BA22022 ;

  COUNT(*)                                                                      
----------                                                                      
  47681081                                                                      

1 row selected.

Elapsed: 00:00:58.81
00:44:46 SQL> select /*+ FULL(LDGRBAL_BA12020) parallel(LDGRBAL_BA12020 ,4) */count(*) from pspadm.PSP_LEDGER_BALANCE partition (LDGRBAL_BA12020)LDGRBAL_BA12020 ;

  COUNT(*)                                                                      
----------                                                                      
  42097115                                                                      

1 row selected.

Elapsed: 00:00:55.04
00:45:41 SQL> select /*+ FULL(LDGRBAL_BA22020) parallel(LDGRBAL_BA22020 ,4) */count(*) from pspadm.PSP_LEDGER_BALANCE partition (LDGRBAL_BA22020)LDGRBAL_BA22020 ;

  COUNT(*)                                                                      
----------                                                                      
  45276535                                                                      

1 row selected.

Elapsed: 00:00:59.13
00:46:40 SQL> select /*+ FULL(LDGRBAL_BA12021) parallel(LDGRBAL_BA12021 ,4) */count(*) from pspadm.PSP_LEDGER_BALANCE partition (LDGRBAL_BA12021)LDGRBAL_BA12021 ;

  COUNT(*)                                                                      
----------                                                                      
  45726062                                                                      

1 row selected.

Elapsed: 00:00:59.68
00:47:40 SQL> select /*+ FULL(LDGRBAL_BA22021) parallel(LDGRBAL_BA22021 ,4) */count(*) from pspadm.PSP_LEDGER_BALANCE partition (LDGRBAL_BA22021)LDGRBAL_BA22021 ;

  COUNT(*)                                                                      
----------                                                                      
  47626894                                                                      

1 row selected.

Elapsed: 00:01:09.27
00:48:49 SQL> select /*+ FULL(LDGRBAL_9999) parallel(LDGRBAL_9999 ,4) */count(*) from pspadm.PSP_LEDGER_BALANCE partition (LDGRBAL_9999)LDGRBAL_9999 ;

  COUNT(*)                                                                      
----------                                                                      
         0                                                                      

1 row selected.

Elapsed: 00:00:00.02
00:48:49 SQL> spool off
