Timing is on.
SET
Time: 1.184 ms
psql:run_vacuum_20March2023_6.sql:3: INFO:  aggressively vacuuming "ibobadm.psp_source_system_transmission_m022014_from_ews"
psql:run_vacuum_20March2023_6.sql:3: INFO:  launched 4 parallel vacuum workers for index cleanup (planned: 4)
psql:run_vacuum_20March2023_6.sql:3: INFO:  table "psp_source_system_transmission_m022014_from_ews": found 0 removable, 4 nonremovable row versions in 1 out of 17295 pages
DETAIL:  0 dead row versions cannot be removed yet, oldest xmin: 538009143
Skipped 0 pages due to buffer pins, 17294 frozen pages.
CPU: user: 0.00 s, system: 0.01 s, elapsed: 0.03 s.
psql:run_vacuum_20March2023_6.sql:3: INFO:  aggressively vacuuming "pg_toast.pg_toast_568044371"
psql:run_vacuum_20March2023_6.sql:3: INFO:  table "pg_toast_568044371": found 0 removable, 2 nonremovable row versions in 1 out of 4069 pages
DETAIL:  0 dead row versions cannot be removed yet, oldest xmin: 538009143
Skipped 0 pages due to buffer pins, 4068 frozen pages.
CPU: user: 0.00 s, system: 0.00 s, elapsed: 0.00 s.
psql:run_vacuum_20March2023_6.sql:3: INFO:  analyzing "ibobadm.psp_source_system_transmission_m022014_from_ews"
psql:run_vacuum_20March2023_6.sql:3: INFO:  "psp_source_system_transmission_m022014_from_ews": scanned 17295 of 17295 pages, containing 93554 live rows and 0 dead rows; 93554 rows in sample, 93554 estimated total rows
VACUUM
Time: 17949.647 ms (00:17.950)
psql:run_vacuum_20March2023_6.sql:4: INFO:  aggressively vacuuming "ibobadm.psp_source_system_transmission_m022014_from_null"
psql:run_vacuum_20March2023_6.sql:4: INFO:  table "psp_source_system_transmission_m022014_from_null": found 0 removable, 0 nonremovable row versions in 0 out of 0 pages
DETAIL:  0 dead row versions cannot be removed yet, oldest xmin: 538009143
Skipped 0 pages due to buffer pins, 0 frozen pages.
CPU: user: 0.00 s, system: 0.00 s, elapsed: 0.00 s.
psql:run_vacuum_20March2023_6.sql:4: INFO:  aggressively vacuuming "pg_toast.pg_toast_568044378"
psql:run_vacuum_20March2023_6.sql:4: INFO:  table "pg_toast_568044378": found 0 removable, 0 nonremovable row versions in 0 out of 0 pages
DETAIL:  0 dead row versions cannot be removed yet, oldest xmin: 538009143
Skipped 0 pages due to buffer pins, 0 frozen pages.
CPU: user: 0.00 s, system: 0.00 s, elapsed: 0.00 s.
psql:run_vacuum_20March2023_6.sql:4: INFO:  analyzing "ibobadm.psp_source_system_transmission_m022014_from_null"
psql:run_vacuum_20March2023_6.sql:4: INFO:  "psp_source_system_transmission_m022014_from_null": scanned 0 of 0 pages, containing 0 live rows and 0 dead rows; 0 rows in sample, 0 estimated total rows
VACUUM
Time: 22.378 ms
psql:run_vacuum_20March2023_6.sql:5: INFO:  aggressively vacuuming "ibobadm.psp_source_system_transmission_m082011_from_ews"
psql:run_vacuum_20March2023_6.sql:5: INFO:  table "psp_source_system_transmission_m082011_from_ews": index scan bypassed: 1 pages from table (0.02% of total) have 1 dead item identifiers
psql:run_vacuum_20March2023_6.sql:5: INFO:  launched 3 parallel vacuum workers for index cleanup (planned: 3)
psql:run_vacuum_20March2023_6.sql:5: INFO:  table "psp_source_system_transmission_m082011_from_ews": found 0 removable, 7 nonremovable row versions in 2 out of 5219 pages
DETAIL:  0 dead row versions cannot be removed yet, oldest xmin: 538009143
Skipped 0 pages due to buffer pins, 5217 frozen pages.
CPU: user: 0.00 s, system: 0.00 s, elapsed: 0.01 s.
psql:run_vacuum_20March2023_6.sql:5: INFO:  aggressively vacuuming "pg_toast.pg_toast_568048962"
psql:run_vacuum_20March2023_6.sql:5: INFO:  table "pg_toast_568048962": found 0 removable, 5 nonremovable row versions in 1 out of 21 pages
DETAIL:  0 dead row versions cannot be removed yet, oldest xmin: 538009143
Skipped 0 pages due to buffer pins, 20 frozen pages.
CPU: user: 0.00 s, system: 0.00 s, elapsed: 0.00 s.
psql:run_vacuum_20March2023_6.sql:5: INFO:  analyzing "ibobadm.psp_source_system_transmission_m082011_from_ews"
psql:run_vacuum_20March2023_6.sql:5: INFO:  "psp_source_system_transmission_m082011_from_ews": scanned 5219 of 5219 pages, containing 28744 live rows and 1 dead rows; 28744 rows in sample, 28744 estimated total rows
VACUUM
Time: 7179.731 ms (00:07.180)
psql:run_vacuum_20March2023_6.sql:6: INFO:  aggressively vacuuming "ibobadm.psp_source_system_transmission_m082011_from_psp"
psql:run_vacuum_20March2023_6.sql:6: INFO:  launched 4 parallel vacuum workers for index cleanup (planned: 4)
psql:run_vacuum_20March2023_6.sql:6: INFO:  table "psp_source_system_transmission_m082011_from_psp": found 0 removable, 4 nonremovable row versions in 1 out of 8304 pages
DETAIL:  0 dead row versions cannot be removed yet, oldest xmin: 538009143
Skipped 0 pages due to buffer pins, 8303 frozen pages.
CPU: user: 0.00 s, system: 0.00 s, elapsed: 0.02 s.
psql:run_vacuum_20March2023_6.sql:6: INFO:  aggressively vacuuming "pg_toast.pg_toast_568048979"
psql:run_vacuum_20March2023_6.sql:6: INFO:  table "pg_toast_568048979": found 0 removable, 0 nonremovable row versions in 0 out of 0 pages
DETAIL:  0 dead row versions cannot be removed yet, oldest xmin: 538009143
Skipped 0 pages due to buffer pins, 0 frozen pages.
CPU: user: 0.00 s, system: 0.00 s, elapsed: 0.00 s.
psql:run_vacuum_20March2023_6.sql:6: INFO:  analyzing "ibobadm.psp_source_system_transmission_m082011_from_psp"
psql:run_vacuum_20March2023_6.sql:6: INFO:  "psp_source_system_transmission_m082011_from_psp": scanned 8304 of 8304 pages, containing 99614 live rows and 0 dead rows; 99614 rows in sample, 99614 estimated total rows
VACUUM
Time: 12354.048 ms (00:12.354)
psql:run_vacuum_20March2023_6.sql:7: INFO:  aggressively vacuuming "ibobadm.psp_source_system_transmission_m082011_from_null"
psql:run_vacuum_20March2023_6.sql:7: INFO:  table "psp_source_system_transmission_m082011_from_null": found 0 removable, 0 nonremovable row versions in 0 out of 0 pages
DETAIL:  0 dead row versions cannot be removed yet, oldest xmin: 538009143
Skipped 0 pages due to buffer pins, 0 frozen pages.
CPU: user: 0.00 s, system: 0.00 s, elapsed: 0.00 s.
psql:run_vacuum_20March2023_6.sql:7: INFO:  aggressively vacuuming "pg_toast.pg_toast_568048970"
psql:run_vacuum_20March2023_6.sql:7: INFO:  table "pg_toast_568048970": found 0 removable, 0 nonremovable row versions in 0 out of 0 pages
DETAIL:  0 dead row versions cannot be removed yet, oldest xmin: 538009143
Skipped 0 pages due to buffer pins, 0 frozen pages.
CPU: user: 0.00 s, system: 0.00 s, elapsed: 0.00 s.
psql:run_vacuum_20March2023_6.sql:7: INFO:  analyzing "ibobadm.psp_source_system_transmission_m082011_from_null"
psql:run_vacuum_20March2023_6.sql:7: INFO:  "psp_source_system_transmission_m082011_from_null": scanned 0 of 0 pages, containing 0 live rows and 0 dead rows; 0 rows in sample, 0 estimated total rows
VACUUM
Time: 21.652 ms
psql:run_vacuum_20March2023_6.sql:8: INFO:  aggressively vacuuming "ibobadm.psp_source_system_transmission_m082011_from_cris"
psql:run_vacuum_20March2023_6.sql:8: INFO:  table "psp_source_system_transmission_m082011_from_cris": found 0 removable, 0 nonremovable row versions in 0 out of 0 pages
DETAIL:  0 dead row versions cannot be removed yet, oldest xmin: 538009143
Skipped 0 pages due to buffer pins, 0 frozen pages.
CPU: user: 0.00 s, system: 0.00 s, elapsed: 0.00 s.
psql:run_vacuum_20March2023_6.sql:8: INFO:  aggressively vacuuming "pg_toast.pg_toast_568048945"
psql:run_vacuum_20March2023_6.sql:8: INFO:  table "pg_toast_568048945": found 0 removable, 0 nonremovable row versions in 0 out of 0 pages
DETAIL:  0 dead row versions cannot be removed yet, oldest xmin: 538009143
Skipped 0 pages due to buffer pins, 0 frozen pages.
CPU: user: 0.00 s, system: 0.00 s, elapsed: 0.00 s.
psql:run_vacuum_20March2023_6.sql:8: INFO:  analyzing "ibobadm.psp_source_system_transmission_m082011_from_cris"
psql:run_vacuum_20March2023_6.sql:8: INFO:  "psp_source_system_transmission_m082011_from_cris": scanned 0 of 0 pages, containing 0 live rows and 0 dead rows; 0 rows in sample, 0 estimated total rows
VACUUM
Time: 10.602 ms
psql:run_vacuum_20March2023_6.sql:9: INFO:  aggressively vacuuming "ibobadm.psp_source_system_transmission_m082011_from_qbdt"
psql:run_vacuum_20March2023_6.sql:9: INFO:  launched 4 parallel vacuum workers for index cleanup (planned: 4)
psql:run_vacuum_20March2023_6.sql:9: INFO:  table "psp_source_system_transmission_m082011_from_qbdt": found 0 removable, 1 nonremovable row versions in 1 out of 215852 pages
DETAIL:  0 dead row versions cannot be removed yet, oldest xmin: 538009143
Skipped 0 pages due to buffer pins, 215851 frozen pages.
CPU: user: 0.00 s, system: 0.23 s, elapsed: 0.30 s.
psql:run_vacuum_20March2023_6.sql:9: INFO:  aggressively vacuuming "pg_toast.pg_toast_568048987"
psql:run_vacuum_20March2023_6.sql:9: INFO:  table "pg_toast_568048987": found 0 removable, 4 nonremovable row versions in 1 out of 301060 pages
DETAIL:  0 dead row versions cannot be removed yet, oldest xmin: 538009143
Skipped 0 pages due to buffer pins, 301059 frozen pages.
CPU: user: 0.00 s, system: 0.00 s, elapsed: 0.09 s.
psql:run_vacuum_20March2023_6.sql:9: INFO:  analyzing "ibobadm.psp_source_system_transmission_m082011_from_qbdt"
psql:run_vacuum_20March2023_6.sql:9: INFO:  "psp_source_system_transmission_m082011_from_qbdt": scanned 153600 of 215852 pages, containing 957673 live rows and 0 dead rows; 153600 rows in sample, 1345805 estimated total rows
VACUUM
Time: 139994.617 ms (02:19.995)
psql:run_vacuum_20March2023_6.sql:10: INFO:  aggressively vacuuming "ibobadm.psp_source_system_transmission_m082011_from_dflt"
psql:run_vacuum_20March2023_6.sql:10: INFO:  table "psp_source_system_transmission_m082011_from_dflt": found 0 removable, 0 nonremovable row versions in 0 out of 0 pages
DETAIL:  0 dead row versions cannot be removed yet, oldest xmin: 538009731
Skipped 0 pages due to buffer pins, 0 frozen pages.
CPU: user: 0.00 s, system: 0.00 s, elapsed: 0.00 s.
psql:run_vacuum_20March2023_6.sql:10: INFO:  aggressively vacuuming "pg_toast.pg_toast_568048954"
psql:run_vacuum_20March2023_6.sql:10: INFO:  table "pg_toast_568048954": found 0 removable, 0 nonremovable row versions in 0 out of 0 pages
DETAIL:  0 dead row versions cannot be removed yet, oldest xmin: 538009731
Skipped 0 pages due to buffer pins, 0 frozen pages.
CPU: user: 0.00 s, system: 0.00 s, elapsed: 0.00 s.
psql:run_vacuum_20March2023_6.sql:10: INFO:  analyzing "ibobadm.psp_source_system_transmission_m082011_from_dflt"
psql:run_vacuum_20March2023_6.sql:10: INFO:  "psp_source_system_transmission_m082011_from_dflt": scanned 0 of 0 pages, containing 0 live rows and 0 dead rows; 0 rows in sample, 0 estimated total rows
VACUUM
Time: 21.709 ms
 pg_sleep 
----------
 
(1 row)

Time: 60040.952 ms (01:00.041)
psql:run_vacuum_20March2023_6.sql:12: INFO:  aggressively vacuuming "ibobadm.psp_source_system_transmission_m102011_from_psp"
psql:run_vacuum_20March2023_6.sql:12: INFO:  launched 4 parallel vacuum workers for index cleanup (planned: 4)
psql:run_vacuum_20March2023_6.sql:12: INFO:  table "psp_source_system_transmission_m102011_from_psp": found 0 removable, 11 nonremovable row versions in 1 out of 7345 pages
DETAIL:  0 dead row versions cannot be removed yet, oldest xmin: 538009771
Skipped 0 pages due to buffer pins, 7344 frozen pages.
CPU: user: 0.00 s, system: 0.00 s, elapsed: 0.02 s.
psql:run_vacuum_20March2023_6.sql:12: INFO:  aggressively vacuuming "pg_toast.pg_toast_568050634"
psql:run_vacuum_20March2023_6.sql:12: INFO:  table "pg_toast_568050634": found 0 removable, 0 nonremovable row versions in 0 out of 0 pages
DETAIL:  0 dead row versions cannot be removed yet, oldest xmin: 538009771
Skipped 0 pages due to buffer pins, 0 frozen pages.
CPU: user: 0.00 s, system: 0.00 s, elapsed: 0.00 s.
psql:run_vacuum_20March2023_6.sql:12: INFO:  analyzing "ibobadm.psp_source_system_transmission_m102011_from_psp"
psql:run_vacuum_20March2023_6.sql:12: INFO:  "psp_source_system_transmission_m102011_from_psp": scanned 7345 of 7345 pages, containing 88105 live rows and 0 dead rows; 88105 rows in sample, 88105 estimated total rows
VACUUM
Time: 10555.195 ms (00:10.555)
psql:run_vacuum_20March2023_6.sql:13: INFO:  aggressively vacuuming "ibobadm.psp_source_system_transmission_m032014_from_qbdt"
psql:run_vacuum_20March2023_6.sql:13: INFO:  launched 4 parallel vacuum workers for index cleanup (planned: 4)
psql:run_vacuum_20March2023_6.sql:13: INFO:  table "psp_source_system_transmission_m032014_from_qbdt": found 0 removable, 1 nonremovable row versions in 1 out of 384143 pages
DETAIL:  0 dead row versions cannot be removed yet, oldest xmin: 538009771
Skipped 0 pages due to buffer pins, 384142 frozen pages.
CPU: user: 0.02 s, system: 0.40 s, elapsed: 0.52 s.
psql:run_vacuum_20March2023_6.sql:13: INFO:  aggressively vacuuming "pg_toast.pg_toast_568045176"
psql:run_vacuum_20March2023_6.sql:13: INFO:  table "pg_toast_568045176": found 0 removable, 2 nonremovable row versions in 1 out of 1519465 pages
DETAIL:  0 dead row versions cannot be removed yet, oldest xmin: 538009771
Skipped 0 pages due to buffer pins, 1519464 frozen pages.
CPU: user: 0.05 s, system: 0.00 s, elapsed: 0.42 s.
psql:run_vacuum_20March2023_6.sql:13: INFO:  analyzing "ibobadm.psp_source_system_transmission_m032014_from_qbdt"
psql:run_vacuum_20March2023_6.sql:13: INFO:  "psp_source_system_transmission_m032014_from_qbdt": scanned 153600 of 384143 pages, containing 853637 live rows and 0 dead rows; 153600 rows in sample, 2134887 estimated total rows
VACUUM
Time: 140809.850 ms (02:20.810)
psql:run_vacuum_20March2023_6.sql:14: INFO:  aggressively vacuuming "ibobadm.psp_source_system_transmission_m032014_from_null"
psql:run_vacuum_20March2023_6.sql:14: INFO:  table "psp_source_system_transmission_m032014_from_null": found 0 removable, 0 nonremovable row versions in 0 out of 0 pages
DETAIL:  0 dead row versions cannot be removed yet, oldest xmin: 538010157
Skipped 0 pages due to buffer pins, 0 frozen pages.
CPU: user: 0.00 s, system: 0.00 s, elapsed: 0.00 s.
psql:run_vacuum_20March2023_6.sql:14: INFO:  aggressively vacuuming "pg_toast.pg_toast_568045161"
psql:run_vacuum_20March2023_6.sql:14: INFO:  table "pg_toast_568045161": found 0 removable, 0 nonremovable row versions in 0 out of 0 pages
DETAIL:  0 dead row versions cannot be removed yet, oldest xmin: 538010157
Skipped 0 pages due to buffer pins, 0 frozen pages.
CPU: user: 0.00 s, system: 0.00 s, elapsed: 0.00 s.
psql:run_vacuum_20March2023_6.sql:14: INFO:  analyzing "ibobadm.psp_source_system_transmission_m032014_from_null"
psql:run_vacuum_20March2023_6.sql:14: INFO:  "psp_source_system_transmission_m032014_from_null": scanned 0 of 0 pages, containing 0 live rows and 0 dead rows; 0 rows in sample, 0 estimated total rows
VACUUM
Time: 21.744 ms
psql:run_vacuum_20March2023_6.sql:15: INFO:  aggressively vacuuming "ibobadm.psp_source_system_transmission_m072011_from_qbdt"
psql:run_vacuum_20March2023_6.sql:15: INFO:  launched 4 parallel vacuum workers for index cleanup (planned: 4)
psql:run_vacuum_20March2023_6.sql:15: INFO:  table "psp_source_system_transmission_m072011_from_qbdt": found 0 removable, 4 nonremovable row versions in 1 out of 186425 pages
DETAIL:  0 dead row versions cannot be removed yet, oldest xmin: 538010157
Skipped 0 pages due to buffer pins, 186424 frozen pages.
CPU: user: 0.01 s, system: 0.19 s, elapsed: 0.25 s.
psql:run_vacuum_20March2023_6.sql:15: INFO:  aggressively vacuuming "pg_toast.pg_toast_568048158"
psql:run_vacuum_20March2023_6.sql:15: INFO:  table "pg_toast_568048158": found 0 removable, 1 nonremovable row versions in 1 out of 266309 pages
DETAIL:  0 dead row versions cannot be removed yet, oldest xmin: 538010157
Skipped 0 pages due to buffer pins, 266308 frozen pages.
CPU: user: 0.00 s, system: 0.00 s, elapsed: 0.07 s.
psql:run_vacuum_20March2023_6.sql:15: INFO:  analyzing "ibobadm.psp_source_system_transmission_m072011_from_qbdt"
psql:run_vacuum_20March2023_6.sql:15: INFO:  "psp_source_system_transmission_m072011_from_qbdt": scanned 153600 of 186425 pages, containing 956128 live rows and 0 dead rows; 153600 rows in sample, 1160457 estimated total rows
VACUUM
Time: 139102.073 ms (02:19.102)
psql:run_vacuum_20March2023_6.sql:16: INFO:  aggressively vacuuming "ibobadm.psp_source_system_transmission_m102011_from_cris"
psql:run_vacuum_20March2023_6.sql:16: INFO:  table "psp_source_system_transmission_m102011_from_cris": found 0 removable, 0 nonremovable row versions in 0 out of 0 pages
DETAIL:  0 dead row versions cannot be removed yet, oldest xmin: 538010518
Skipped 0 pages due to buffer pins, 0 frozen pages.
CPU: user: 0.00 s, system: 0.00 s, elapsed: 0.00 s.
psql:run_vacuum_20March2023_6.sql:16: INFO:  aggressively vacuuming "pg_toast.pg_toast_568050594"
psql:run_vacuum_20March2023_6.sql:16: INFO:  table "pg_toast_568050594": found 0 removable, 0 nonremovable row versions in 0 out of 0 pages
DETAIL:  0 dead row versions cannot be removed yet, oldest xmin: 538010518
Skipped 0 pages due to buffer pins, 0 frozen pages.
CPU: user: 0.00 s, system: 0.00 s, elapsed: 0.00 s.
psql:run_vacuum_20March2023_6.sql:16: INFO:  analyzing "ibobadm.psp_source_system_transmission_m102011_from_cris"
psql:run_vacuum_20March2023_6.sql:16: INFO:  "psp_source_system_transmission_m102011_from_cris": scanned 0 of 0 pages, containing 0 live rows and 0 dead rows; 0 rows in sample, 0 estimated total rows
VACUUM
Time: 21.736 ms
psql:run_vacuum_20March2023_6.sql:17: INFO:  aggressively vacuuming "ibobadm.psp_source_system_transmission_m042011_from_as400"
psql:run_vacuum_20March2023_6.sql:17: INFO:  table "psp_source_system_transmission_m042011_from_as400": found 0 removable, 0 nonremovable row versions in 0 out of 0 pages
DETAIL:  0 dead row versions cannot be removed yet, oldest xmin: 538010518
Skipped 0 pages due to buffer pins, 0 frozen pages.
CPU: user: 0.00 s, system: 0.00 s, elapsed: 0.00 s.
psql:run_vacuum_20March2023_6.sql:17: INFO:  aggressively vacuuming "pg_toast.pg_toast_568045729"
psql:run_vacuum_20March2023_6.sql:17: INFO:  table "pg_toast_568045729": found 0 removable, 0 nonremovable row versions in 0 out of 0 pages
DETAIL:  0 dead row versions cannot be removed yet, oldest xmin: 538010518
Skipped 0 pages due to buffer pins, 0 frozen pages.
CPU: user: 0.00 s, system: 0.00 s, elapsed: 0.00 s.
psql:run_vacuum_20March2023_6.sql:17: INFO:  analyzing "ibobadm.psp_source_system_transmission_m042011_from_as400"
psql:run_vacuum_20March2023_6.sql:17: INFO:  "psp_source_system_transmission_m042011_from_as400": scanned 0 of 0 pages, containing 0 live rows and 0 dead rows; 0 rows in sample, 0 estimated total rows
VACUUM
Time: 11.548 ms
psql:run_vacuum_20March2023_6.sql:18: INFO:  aggressively vacuuming "ibobadm.psp_source_system_transmission_m102011_from_dflt"
psql:run_vacuum_20March2023_6.sql:18: INFO:  table "psp_source_system_transmission_m102011_from_dflt": found 0 removable, 0 nonremovable row versions in 0 out of 0 pages
DETAIL:  0 dead row versions cannot be removed yet, oldest xmin: 538010518
Skipped 0 pages due to buffer pins, 0 frozen pages.
CPU: user: 0.00 s, system: 0.00 s, elapsed: 0.00 s.
psql:run_vacuum_20March2023_6.sql:18: INFO:  aggressively vacuuming "pg_toast.pg_toast_568050603"
psql:run_vacuum_20March2023_6.sql:18: INFO:  table "pg_toast_568050603": found 0 removable, 0 nonremovable row versions in 0 out of 0 pages
DETAIL:  0 dead row versions cannot be removed yet, oldest xmin: 538010518
Skipped 0 pages due to buffer pins, 0 frozen pages.
CPU: user: 0.00 s, system: 0.00 s, elapsed: 0.00 s.
psql:run_vacuum_20March2023_6.sql:18: INFO:  analyzing "ibobadm.psp_source_system_transmission_m102011_from_dflt"
psql:run_vacuum_20March2023_6.sql:18: INFO:  "psp_source_system_transmission_m102011_from_dflt": scanned 0 of 0 pages, containing 0 live rows and 0 dead rows; 0 rows in sample, 0 estimated total rows
VACUUM
Time: 11.125 ms
psql:run_vacuum_20March2023_6.sql:19: INFO:  aggressively vacuuming "ibobadm.psp_source_system_transmission_m012014_from_as400"
psql:run_vacuum_20March2023_6.sql:19: INFO:  table "psp_source_system_transmission_m012014_from_as400": found 0 removable, 0 nonremovable row versions in 0 out of 0 pages
DETAIL:  0 dead row versions cannot be removed yet, oldest xmin: 538010518
Skipped 0 pages due to buffer pins, 0 frozen pages.
CPU: user: 0.00 s, system: 0.00 s, elapsed: 0.00 s.
psql:run_vacuum_20March2023_6.sql:19: INFO:  aggressively vacuuming "pg_toast.pg_toast_568043585"
psql:run_vacuum_20March2023_6.sql:19: INFO:  table "pg_toast_568043585": found 0 removable, 0 nonremovable row versions in 0 out of 0 pages
DETAIL:  0 dead row versions cannot be removed yet, oldest xmin: 538010518
Skipped 0 pages due to buffer pins, 0 frozen pages.
CPU: user: 0.00 s, system: 0.00 s, elapsed: 0.00 s.
psql:run_vacuum_20March2023_6.sql:19: INFO:  analyzing "ibobadm.psp_source_system_transmission_m012014_from_as400"
psql:run_vacuum_20March2023_6.sql:19: INFO:  "psp_source_system_transmission_m012014_from_as400": scanned 0 of 0 pages, containing 0 live rows and 0 dead rows; 0 rows in sample, 0 estimated total rows
VACUUM
Time: 10.268 ms
psql:run_vacuum_20March2023_6.sql:20: INFO:  aggressively vacuuming "ibobadm.psp_source_system_transmission_m102011_from_ews"
psql:run_vacuum_20March2023_6.sql:20: INFO:  launched 3 parallel vacuum workers for index cleanup (planned: 3)
psql:run_vacuum_20March2023_6.sql:20: INFO:  table "psp_source_system_transmission_m102011_from_ews": found 0 removable, 3 nonremovable row versions in 1 out of 4951 pages
DETAIL:  0 dead row versions cannot be removed yet, oldest xmin: 538010518
Skipped 0 pages due to buffer pins, 4950 frozen pages.
CPU: user: 0.00 s, system: 0.00 s, elapsed: 0.01 s.
psql:run_vacuum_20March2023_6.sql:20: INFO:  aggressively vacuuming "pg_toast.pg_toast_568050613"
psql:run_vacuum_20March2023_6.sql:20: INFO:  table "pg_toast_568050613": found 0 removable, 4 nonremovable row versions in 1 out of 22 pages
DETAIL:  0 dead row versions cannot be removed yet, oldest xmin: 538010518
Skipped 0 pages due to buffer pins, 21 frozen pages.
CPU: user: 0.00 s, system: 0.00 s, elapsed: 0.00 s.
psql:run_vacuum_20March2023_6.sql:20: INFO:  analyzing "ibobadm.psp_source_system_transmission_m102011_from_ews"
psql:run_vacuum_20March2023_6.sql:20: INFO:  "psp_source_system_transmission_m102011_from_ews": scanned 4951 of 4951 pages, containing 27279 live rows and 0 dead rows; 27279 rows in sample, 27279 estimated total rows
VACUUM
Time: 6404.632 ms (00:06.405)
psql:run_vacuum_20March2023_6.sql:21: INFO:  aggressively vacuuming "ibobadm.psp_source_system_transmission_m042011_from_cris"
psql:run_vacuum_20March2023_6.sql:21: INFO:  table "psp_source_system_transmission_m042011_from_cris": found 0 removable, 0 nonremovable row versions in 0 out of 0 pages
DETAIL:  0 dead row versions cannot be removed yet, oldest xmin: 538010518
Skipped 0 pages due to buffer pins, 0 frozen pages.
CPU: user: 0.00 s, system: 0.00 s, elapsed: 0.00 s.
psql:run_vacuum_20March2023_6.sql:21: INFO:  aggressively vacuuming "pg_toast.pg_toast_568045743"
psql:run_vacuum_20March2023_6.sql:21: INFO:  table "pg_toast_568045743": found 0 removable, 0 nonremovable row versions in 0 out of 0 pages
DETAIL:  0 dead row versions cannot be removed yet, oldest xmin: 538010518
Skipped 0 pages due to buffer pins, 0 frozen pages.
CPU: user: 0.00 s, system: 0.00 s, elapsed: 0.00 s.
psql:run_vacuum_20March2023_6.sql:21: INFO:  analyzing "ibobadm.psp_source_system_transmission_m042011_from_cris"
psql:run_vacuum_20March2023_6.sql:21: INFO:  "psp_source_system_transmission_m042011_from_cris": scanned 0 of 0 pages, containing 0 live rows and 0 dead rows; 0 rows in sample, 0 estimated total rows
VACUUM
Time: 21.871 ms
 pg_sleep 
----------
 
(1 row)

Time: 60101.236 ms (01:00.101)
psql:run_vacuum_20March2023_6.sql:23: INFO:  aggressively vacuuming "ibobadm.psp_source_system_transmission_m032014_from_as400"
psql:run_vacuum_20March2023_6.sql:23: INFO:  table "psp_source_system_transmission_m032014_from_as400": found 0 removable, 0 nonremovable row versions in 0 out of 0 pages
DETAIL:  0 dead row versions cannot be removed yet, oldest xmin: 538010672
Skipped 0 pages due to buffer pins, 0 frozen pages.
CPU: user: 0.00 s, system: 0.00 s, elapsed: 0.00 s.
psql:run_vacuum_20March2023_6.sql:23: INFO:  aggressively vacuuming "pg_toast.pg_toast_568045127"
psql:run_vacuum_20March2023_6.sql:23: INFO:  table "pg_toast_568045127": found 0 removable, 0 nonremovable row versions in 0 out of 0 pages
DETAIL:  0 dead row versions cannot be removed yet, oldest xmin: 538010672
Skipped 0 pages due to buffer pins, 0 frozen pages.
CPU: user: 0.00 s, system: 0.00 s, elapsed: 0.00 s.
psql:run_vacuum_20March2023_6.sql:23: INFO:  analyzing "ibobadm.psp_source_system_transmission_m032014_from_as400"
psql:run_vacuum_20March2023_6.sql:23: INFO:  "psp_source_system_transmission_m032014_from_as400": scanned 0 of 0 pages, containing 0 live rows and 0 dead rows; 0 rows in sample, 0 estimated total rows
VACUUM
Time: 21.929 ms
psql:run_vacuum_20March2023_6.sql:24: INFO:  aggressively vacuuming "ibobadm.psp_source_system_transmission_m032014_from_ews"
psql:run_vacuum_20March2023_6.sql:24: INFO:  launched 4 parallel vacuum workers for index cleanup (planned: 4)
psql:run_vacuum_20March2023_6.sql:24: INFO:  table "psp_source_system_transmission_m032014_from_ews": found 0 removable, 2 nonremovable row versions in 1 out of 19581 pages
DETAIL:  0 dead row versions cannot be removed yet, oldest xmin: 538010672
Skipped 0 pages due to buffer pins, 19580 frozen pages.
CPU: user: 0.00 s, system: 0.01 s, elapsed: 0.03 s.
psql:run_vacuum_20March2023_6.sql:24: INFO:  aggressively vacuuming "pg_toast.pg_toast_568045153"
psql:run_vacuum_20March2023_6.sql:24: INFO:  table "pg_toast_568045153": found 0 removable, 5 nonremovable row versions in 1 out of 3703 pages
DETAIL:  0 dead row versions cannot be removed yet, oldest xmin: 538010672
Skipped 0 pages due to buffer pins, 3702 frozen pages.
CPU: user: 0.00 s, system: 0.00 s, elapsed: 0.00 s.
psql:run_vacuum_20March2023_6.sql:24: INFO:  analyzing "ibobadm.psp_source_system_transmission_m032014_from_ews"
psql:run_vacuum_20March2023_6.sql:24: INFO:  "psp_source_system_transmission_m032014_from_ews": scanned 19581 of 19581 pages, containing 106427 live rows and 0 dead rows; 106427 rows in sample, 106427 estimated total rows
VACUUM
Time: 20422.263 ms (00:20.422)
psql:run_vacuum_20March2023_6.sql:25: INFO:  aggressively vacuuming "ibobadm.psp_source_system_transmission_m032014_from_dflt"
psql:run_vacuum_20March2023_6.sql:25: INFO:  table "psp_source_system_transmission_m032014_from_dflt": found 0 removable, 0 nonremovable row versions in 0 out of 0 pages
DETAIL:  0 dead row versions cannot be removed yet, oldest xmin: 538010672
Skipped 0 pages due to buffer pins, 0 frozen pages.
CPU: user: 0.00 s, system: 0.00 s, elapsed: 0.00 s.
psql:run_vacuum_20March2023_6.sql:25: INFO:  aggressively vacuuming "pg_toast.pg_toast_568045144"
psql:run_vacuum_20March2023_6.sql:25: INFO:  table "pg_toast_568045144": found 0 removable, 0 nonremovable row versions in 0 out of 0 pages
DETAIL:  0 dead row versions cannot be removed yet, oldest xmin: 538010672
Skipped 0 pages due to buffer pins, 0 frozen pages.
CPU: user: 0.00 s, system: 0.00 s, elapsed: 0.00 s.
psql:run_vacuum_20March2023_6.sql:25: INFO:  analyzing "ibobadm.psp_source_system_transmission_m032014_from_dflt"
psql:run_vacuum_20March2023_6.sql:25: INFO:  "psp_source_system_transmission_m032014_from_dflt": scanned 0 of 0 pages, containing 0 live rows and 0 dead rows; 0 rows in sample, 0 estimated total rows
VACUUM
Time: 21.949 ms
psql:run_vacuum_20March2023_6.sql:26: INFO:  aggressively vacuuming "ibobadm.psp_source_system_transmission_m102011_from_null"
psql:run_vacuum_20March2023_6.sql:26: INFO:  table "psp_source_system_transmission_m102011_from_null": found 0 removable, 0 nonremovable row versions in 0 out of 0 pages
DETAIL:  0 dead row versions cannot be removed yet, oldest xmin: 538010672
Skipped 0 pages due to buffer pins, 0 frozen pages.
CPU: user: 0.00 s, system: 0.00 s, elapsed: 0.00 s.
psql:run_vacuum_20March2023_6.sql:26: INFO:  aggressively vacuuming "pg_toast.pg_toast_568050622"
psql:run_vacuum_20March2023_6.sql:26: INFO:  table "pg_toast_568050622": found 0 removable, 0 nonremovable row versions in 0 out of 0 pages
DETAIL:  0 dead row versions cannot be removed yet, oldest xmin: 538010672
Skipped 0 pages due to buffer pins, 0 frozen pages.
CPU: user: 0.00 s, system: 0.00 s, elapsed: 0.00 s.
psql:run_vacuum_20March2023_6.sql:26: INFO:  analyzing "ibobadm.psp_source_system_transmission_m102011_from_null"
psql:run_vacuum_20March2023_6.sql:26: INFO:  "psp_source_system_transmission_m102011_from_null": scanned 0 of 0 pages, containing 0 live rows and 0 dead rows; 0 rows in sample, 0 estimated total rows
VACUUM
Time: 11.343 ms
psql:run_vacuum_20March2023_6.sql:27: INFO:  aggressively vacuuming "ibobadm.psp_source_system_transmission_m032014_from_cris"
psql:run_vacuum_20March2023_6.sql:27: INFO:  table "psp_source_system_transmission_m032014_from_cris": found 0 removable, 0 nonremovable row versions in 0 out of 0 pages
DETAIL:  0 dead row versions cannot be removed yet, oldest xmin: 538010672
Skipped 0 pages due to buffer pins, 0 frozen pages.
CPU: user: 0.00 s, system: 0.00 s, elapsed: 0.00 s.
psql:run_vacuum_20March2023_6.sql:27: INFO:  aggressively vacuuming "pg_toast.pg_toast_568045135"
psql:run_vacuum_20March2023_6.sql:27: INFO:  table "pg_toast_568045135": found 0 removable, 0 nonremovable row versions in 0 out of 0 pages
DETAIL:  0 dead row versions cannot be removed yet, oldest xmin: 538010672
Skipped 0 pages due to buffer pins, 0 frozen pages.
CPU: user: 0.00 s, system: 0.00 s, elapsed: 0.00 s.
psql:run_vacuum_20March2023_6.sql:27: INFO:  analyzing "ibobadm.psp_source_system_transmission_m032014_from_cris"
psql:run_vacuum_20March2023_6.sql:27: INFO:  "psp_source_system_transmission_m032014_from_cris": scanned 0 of 0 pages, containing 0 live rows and 0 dead rows; 0 rows in sample, 0 estimated total rows
VACUUM
Time: 11.873 ms
psql:run_vacuum_20March2023_6.sql:28: INFO:  aggressively vacuuming "ibobadm.psp_source_system_transmission_m032014_from_psp"
psql:run_vacuum_20March2023_6.sql:28: INFO:  launched 4 parallel vacuum workers for index cleanup (planned: 4)
psql:run_vacuum_20March2023_6.sql:28: INFO:  table "psp_source_system_transmission_m032014_from_psp": found 0 removable, 6 nonremovable row versions in 1 out of 51743 pages
DETAIL:  0 dead row versions cannot be removed yet, oldest xmin: 538010672
Skipped 0 pages due to buffer pins, 51742 frozen pages.
CPU: user: 0.00 s, system: 0.05 s, elapsed: 0.08 s.
psql:run_vacuum_20March2023_6.sql:28: INFO:  aggressively vacuuming "pg_toast.pg_toast_568045168"
psql:run_vacuum_20March2023_6.sql:28: INFO:  table "pg_toast_568045168": found 0 removable, 3 nonremovable row versions in 1 out of 120502 pages
DETAIL:  0 dead row versions cannot be removed yet, oldest xmin: 538010672
Skipped 0 pages due to buffer pins, 120501 frozen pages.
CPU: user: 0.00 s, system: 0.00 s, elapsed: 0.03 s.
psql:run_vacuum_20March2023_6.sql:28: INFO:  analyzing "ibobadm.psp_source_system_transmission_m032014_from_psp"
psql:run_vacuum_20March2023_6.sql:28: INFO:  "psp_source_system_transmission_m032014_from_psp": scanned 51743 of 51743 pages, containing 424717 live rows and 0 dead rows; 153600 rows in sample, 424717 estimated total rows
VACUUM
Time: 60498.297 ms (01:00.498)
psql:run_vacuum_20March2023_6.sql:29: INFO:  aggressively vacuuming "ibobadm.psp_source_system_transmission_m102011_from_qbdt"
psql:run_vacuum_20March2023_6.sql:29: INFO:  launched 4 parallel vacuum workers for index cleanup (planned: 4)
psql:run_vacuum_20March2023_6.sql:29: INFO:  table "psp_source_system_transmission_m102011_from_qbdt": found 0 removable, 4 nonremovable row versions in 1 out of 205440 pages
DETAIL:  0 dead row versions cannot be removed yet, oldest xmin: 538010913
Skipped 0 pages due to buffer pins, 205439 frozen pages.
CPU: user: 0.03 s, system: 0.20 s, elapsed: 0.28 s.
psql:run_vacuum_20March2023_6.sql:29: INFO:  aggressively vacuuming "pg_toast.pg_toast_568050642"
psql:run_vacuum_20March2023_6.sql:29: INFO:  table "pg_toast_568050642": found 0 removable, 5 nonremovable row versions in 1 out of 266974 pages
DETAIL:  0 dead row versions cannot be removed yet, oldest xmin: 538010913
Skipped 0 pages due to buffer pins, 266973 frozen pages.
CPU: user: 0.00 s, system: 0.00 s, elapsed: 0.08 s.
psql:run_vacuum_20March2023_6.sql:29: INFO:  analyzing "ibobadm.psp_source_system_transmission_m102011_from_qbdt"
psql:run_vacuum_20March2023_6.sql:29: INFO:  "psp_source_system_transmission_m102011_from_qbdt": scanned 153600 of 205440 pages, containing 932131 live rows and 0 dead rows; 153600 rows in sample, 1246725 estimated total rows
VACUUM
Time: 137942.820 ms (02:17.943)
psql:run_vacuum_20March2023_6.sql:30: INFO:  aggressively vacuuming "ibobadm.psp_source_system_transmission_m012018_from_as400"
psql:run_vacuum_20March2023_6.sql:30: INFO:  table "psp_source_system_transmission_m012018_from_as400": found 0 removable, 0 nonremovable row versions in 0 out of 0 pages
DETAIL:  0 dead row versions cannot be removed yet, oldest xmin: 538011207
Skipped 0 pages due to buffer pins, 0 frozen pages.
CPU: user: 0.00 s, system: 0.00 s, elapsed: 0.00 s.
psql:run_vacuum_20March2023_6.sql:30: INFO:  aggressively vacuuming "pg_toast.pg_toast_568043820"
psql:run_vacuum_20March2023_6.sql:30: INFO:  table "pg_toast_568043820": found 0 removable, 0 nonremovable row versions in 0 out of 0 pages
DETAIL:  0 dead row versions cannot be removed yet, oldest xmin: 538011207
Skipped 0 pages due to buffer pins, 0 frozen pages.
CPU: user: 0.00 s, system: 0.00 s, elapsed: 0.00 s.
psql:run_vacuum_20March2023_6.sql:30: INFO:  analyzing "ibobadm.psp_source_system_transmission_m012018_from_as400"
psql:run_vacuum_20March2023_6.sql:30: INFO:  "psp_source_system_transmission_m012018_from_as400": scanned 0 of 0 pages, containing 0 live rows and 0 dead rows; 0 rows in sample, 0 estimated total rows
VACUUM
Time: 21.889 ms
psql:run_vacuum_20March2023_6.sql:31: INFO:  aggressively vacuuming "ibobadm.psp_source_system_transmission_m012018_from_cris"
psql:run_vacuum_20March2023_6.sql:31: INFO:  table "psp_source_system_transmission_m012018_from_cris": found 0 removable, 0 nonremovable row versions in 0 out of 0 pages
DETAIL:  0 dead row versions cannot be removed yet, oldest xmin: 538011207
Skipped 0 pages due to buffer pins, 0 frozen pages.
CPU: user: 0.00 s, system: 0.00 s, elapsed: 0.00 s.
psql:run_vacuum_20March2023_6.sql:31: INFO:  aggressively vacuuming "pg_toast.pg_toast_568043830"
psql:run_vacuum_20March2023_6.sql:31: INFO:  table "pg_toast_568043830": found 0 removable, 0 nonremovable row versions in 0 out of 0 pages
DETAIL:  0 dead row versions cannot be removed yet, oldest xmin: 538011207
Skipped 0 pages due to buffer pins, 0 frozen pages.
CPU: user: 0.00 s, system: 0.00 s, elapsed: 0.00 s.
psql:run_vacuum_20March2023_6.sql:31: INFO:  analyzing "ibobadm.psp_source_system_transmission_m012018_from_cris"
psql:run_vacuum_20March2023_6.sql:31: INFO:  "psp_source_system_transmission_m012018_from_cris": scanned 0 of 0 pages, containing 0 live rows and 0 dead rows; 0 rows in sample, 0 estimated total rows
VACUUM
Time: 10.833 ms
psql:run_vacuum_20March2023_6.sql:32: INFO:  aggressively vacuuming "ibobadm.psp_source_system_transmission_m012018_from_ews"
psql:run_vacuum_20March2023_6.sql:32: INFO:  launched 4 parallel vacuum workers for index cleanup (planned: 4)
psql:run_vacuum_20March2023_6.sql:32: INFO:  table "psp_source_system_transmission_m012018_from_ews": found 0 removable, 2 nonremovable row versions in 1 out of 1602974 pages
DETAIL:  0 dead row versions cannot be removed yet, oldest xmin: 538011207
Skipped 0 pages due to buffer pins, 1602973 frozen pages.
CPU: user: 0.07 s, system: 0.66 s, elapsed: 1.08 s.
psql:run_vacuum_20March2023_6.sql:32: INFO:  aggressively vacuuming "pg_toast.pg_toast_568043844"
psql:run_vacuum_20March2023_6.sql:32: INFO:  table "pg_toast_568043844": found 0 removable, 5 nonremovable row versions in 1 out of 324424 pages
DETAIL:  0 dead row versions cannot be removed yet, oldest xmin: 538011207
Skipped 0 pages due to buffer pins, 324423 frozen pages.
CPU: user: 0.00 s, system: 0.01 s, elapsed: 0.09 s.
psql:run_vacuum_20March2023_6.sql:32: INFO:  analyzing "ibobadm.psp_source_system_transmission_m012018_from_ews"
psql:run_vacuum_20March2023_6.sql:32: INFO:  "psp_source_system_transmission_m012018_from_ews": scanned 153600 of 1602974 pages, containing 721102 live rows and 0 dead rows; 153600 rows in sample, 7525441 estimated total rows
VACUUM
Time: 9411.535 ms (00:09.412)
 pg_sleep 
----------
 
(1 row)

Time: 60101.293 ms (01:00.101)
psql:run_vacuum_20March2023_6.sql:34: INFO:  aggressively vacuuming "ibobadm.psp_source_system_transmission_m122011_from_psp"
psql:run_vacuum_20March2023_6.sql:34: INFO:  launched 4 parallel vacuum workers for index cleanup (planned: 4)
psql:run_vacuum_20March2023_6.sql:34: INFO:  table "psp_source_system_transmission_m122011_from_psp": found 0 removable, 9 nonremovable row versions in 1 out of 13183 pages
DETAIL:  0 dead row versions cannot be removed yet, oldest xmin: 538011481
Skipped 0 pages due to buffer pins, 13182 frozen pages.
CPU: user: 0.00 s, system: 0.01 s, elapsed: 0.03 s.
psql:run_vacuum_20March2023_6.sql:34: INFO:  aggressively vacuuming "pg_toast.pg_toast_568052312"
psql:run_vacuum_20March2023_6.sql:34: INFO:  table "pg_toast_568052312": found 0 removable, 0 nonremovable row versions in 0 out of 0 pages
DETAIL:  0 dead row versions cannot be removed yet, oldest xmin: 538011481
Skipped 0 pages due to buffer pins, 0 frozen pages.
CPU: user: 0.00 s, system: 0.00 s, elapsed: 0.00 s.
psql:run_vacuum_20March2023_6.sql:34: INFO:  analyzing "ibobadm.psp_source_system_transmission_m122011_from_psp"
psql:run_vacuum_20March2023_6.sql:34: INFO:  "psp_source_system_transmission_m122011_from_psp": scanned 13183 of 13183 pages, containing 158096 live rows and 0 dead rows; 153600 rows in sample, 158096 estimated total rows
VACUUM
Time: 19267.714 ms (00:19.268)
psql:run_vacuum_20March2023_6.sql:35: INFO:  aggressively vacuuming "ibobadm.psp_source_system_transmission_m012018_from_dflt"
psql:run_vacuum_20March2023_6.sql:35: INFO:  table "psp_source_system_transmission_m012018_from_dflt": found 0 removable, 0 nonremovable row versions in 0 out of 0 pages
DETAIL:  0 dead row versions cannot be removed yet, oldest xmin: 538011481
Skipped 0 pages due to buffer pins, 0 frozen pages.
CPU: user: 0.00 s, system: 0.00 s, elapsed: 0.00 s.
psql:run_vacuum_20March2023_6.sql:35: INFO:  aggressively vacuuming "pg_toast.pg_toast_568043837"
psql:run_vacuum_20March2023_6.sql:35: INFO:  table "pg_toast_568043837": found 0 removable, 0 nonremovable row versions in 0 out of 0 pages
DETAIL:  0 dead row versions cannot be removed yet, oldest xmin: 538011481
Skipped 0 pages due to buffer pins, 0 frozen pages.
CPU: user: 0.00 s, system: 0.00 s, elapsed: 0.00 s.
psql:run_vacuum_20March2023_6.sql:35: INFO:  analyzing "ibobadm.psp_source_system_transmission_m012018_from_dflt"
psql:run_vacuum_20March2023_6.sql:35: INFO:  "psp_source_system_transmission_m012018_from_dflt": scanned 0 of 0 pages, containing 0 live rows and 0 dead rows; 0 rows in sample, 0 estimated total rows
VACUUM
Time: 21.724 ms
psql:run_vacuum_20March2023_6.sql:36: INFO:  aggressively vacuuming "ibobadm.psp_source_system_transmission_m122011_from_dflt"
psql:run_vacuum_20March2023_6.sql:36: INFO:  table "psp_source_system_transmission_m122011_from_dflt": found 0 removable, 0 nonremovable row versions in 0 out of 0 pages
DETAIL:  0 dead row versions cannot be removed yet, oldest xmin: 538011481
Skipped 0 pages due to buffer pins, 0 frozen pages.
CPU: user: 0.00 s, system: 0.00 s, elapsed: 0.00 s.
psql:run_vacuum_20March2023_6.sql:36: INFO:  aggressively vacuuming "pg_toast.pg_toast_568052287"
psql:run_vacuum_20March2023_6.sql:36: INFO:  table "pg_toast_568052287": found 0 removable, 0 nonremovable row versions in 0 out of 0 pages
DETAIL:  0 dead row versions cannot be removed yet, oldest xmin: 538011481
Skipped 0 pages due to buffer pins, 0 frozen pages.
CPU: user: 0.00 s, system: 0.00 s, elapsed: 0.00 s.
psql:run_vacuum_20March2023_6.sql:36: INFO:  analyzing "ibobadm.psp_source_system_transmission_m122011_from_dflt"
psql:run_vacuum_20March2023_6.sql:36: INFO:  "psp_source_system_transmission_m122011_from_dflt": scanned 0 of 0 pages, containing 0 live rows and 0 dead rows; 0 rows in sample, 0 estimated total rows
VACUUM
Time: 12.107 ms
psql:run_vacuum_20March2023_6.sql:37: INFO:  aggressively vacuuming "ibobadm.psp_source_system_transmission_m112011_from_as400"
psql:run_vacuum_20March2023_6.sql:37: INFO:  table "psp_source_system_transmission_m112011_from_as400": found 0 removable, 0 nonremovable row versions in 0 out of 0 pages
DETAIL:  0 dead row versions cannot be removed yet, oldest xmin: 538011481
Skipped 0 pages due to buffer pins, 0 frozen pages.
CPU: user: 0.00 s, system: 0.00 s, elapsed: 0.00 s.
psql:run_vacuum_20March2023_6.sql:37: INFO:  aggressively vacuuming "pg_toast.pg_toast_568051421"
psql:run_vacuum_20March2023_6.sql:37: INFO:  table "pg_toast_568051421": found 0 removable, 0 nonremovable row versions in 0 out of 0 pages
DETAIL:  0 dead row versions cannot be removed yet, oldest xmin: 538011481
Skipped 0 pages due to buffer pins, 0 frozen pages.
CPU: user: 0.00 s, system: 0.00 s, elapsed: 0.00 s.
psql:run_vacuum_20March2023_6.sql:37: INFO:  analyzing "ibobadm.psp_source_system_transmission_m112011_from_as400"
psql:run_vacuum_20March2023_6.sql:37: INFO:  "psp_source_system_transmission_m112011_from_as400": scanned 0 of 0 pages, containing 0 live rows and 0 dead rows; 0 rows in sample, 0 estimated total rows
VACUUM
Time: 10.679 ms
psql:run_vacuum_20March2023_6.sql:38: INFO:  aggressively vacuuming "ibobadm.psp_source_system_transmission_m112011_from_dflt"
psql:run_vacuum_20March2023_6.sql:38: INFO:  table "psp_source_system_transmission_m112011_from_dflt": found 0 removable, 0 nonremovable row versions in 0 out of 0 pages
DETAIL:  0 dead row versions cannot be removed yet, oldest xmin: 538011481
Skipped 0 pages due to buffer pins, 0 frozen pages.
CPU: user: 0.00 s, system: 0.00 s, elapsed: 0.00 s.
psql:run_vacuum_20March2023_6.sql:38: INFO:  aggressively vacuuming "pg_toast.pg_toast_568051451"
psql:run_vacuum_20March2023_6.sql:38: INFO:  table "pg_toast_568051451": found 0 removable, 0 nonremovable row versions in 0 out of 0 pages
DETAIL:  0 dead row versions cannot be removed yet, oldest xmin: 538011481
Skipped 0 pages due to buffer pins, 0 frozen pages.
CPU: user: 0.00 s, system: 0.00 s, elapsed: 0.00 s.
psql:run_vacuum_20March2023_6.sql:38: INFO:  analyzing "ibobadm.psp_source_system_transmission_m112011_from_dflt"
psql:run_vacuum_20March2023_6.sql:38: INFO:  "psp_source_system_transmission_m112011_from_dflt": scanned 0 of 0 pages, containing 0 live rows and 0 dead rows; 0 rows in sample, 0 estimated total rows
VACUUM
Time: 10.330 ms
psql:run_vacuum_20March2023_6.sql:39: INFO:  aggressively vacuuming "ibobadm.psp_source_system_transmission_m112011_from_cris"
psql:run_vacuum_20March2023_6.sql:39: INFO:  table "psp_source_system_transmission_m112011_from_cris": found 0 removable, 0 nonremovable row versions in 0 out of 0 pages
DETAIL:  0 dead row versions cannot be removed yet, oldest xmin: 538011481
Skipped 0 pages due to buffer pins, 0 frozen pages.
CPU: user: 0.00 s, system: 0.00 s, elapsed: 0.00 s.
psql:run_vacuum_20March2023_6.sql:39: INFO:  aggressively vacuuming "pg_toast.pg_toast_568051430"
psql:run_vacuum_20March2023_6.sql:39: INFO:  table "pg_toast_568051430": found 0 removable, 0 nonremovable row versions in 0 out of 0 pages
DETAIL:  0 dead row versions cannot be removed yet, oldest xmin: 538011481
Skipped 0 pages due to buffer pins, 0 frozen pages.
CPU: user: 0.00 s, system: 0.00 s, elapsed: 0.00 s.
psql:run_vacuum_20March2023_6.sql:39: INFO:  analyzing "ibobadm.psp_source_system_transmission_m112011_from_cris"
psql:run_vacuum_20March2023_6.sql:39: INFO:  "psp_source_system_transmission_m112011_from_cris": scanned 0 of 0 pages, containing 0 live rows and 0 dead rows; 0 rows in sample, 0 estimated total rows
VACUUM
Time: 10.228 ms
psql:run_vacuum_20March2023_6.sql:40: INFO:  aggressively vacuuming "ibobadm.psp_source_system_transmission_m112011_from_psp"
psql:run_vacuum_20March2023_6.sql:40: INFO:  launched 3 parallel vacuum workers for index cleanup (planned: 3)
psql:run_vacuum_20March2023_6.sql:40: INFO:  table "psp_source_system_transmission_m112011_from_psp": found 0 removable, 6 nonremovable row versions in 1 out of 4355 pages
DETAIL:  0 dead row versions cannot be removed yet, oldest xmin: 538011481
Skipped 0 pages due to buffer pins, 4354 frozen pages.
CPU: user: 0.00 s, system: 0.00 s, elapsed: 0.01 s.
psql:run_vacuum_20March2023_6.sql:40: INFO:  aggressively vacuuming "pg_toast.pg_toast_568051476"
psql:run_vacuum_20March2023_6.sql:40: INFO:  table "pg_toast_568051476": found 0 removable, 0 nonremovable row versions in 0 out of 0 pages
DETAIL:  0 dead row versions cannot be removed yet, oldest xmin: 538011481
Skipped 0 pages due to buffer pins, 0 frozen pages.
CPU: user: 0.00 s, system: 0.00 s, elapsed: 0.00 s.
psql:run_vacuum_20March2023_6.sql:40: INFO:  analyzing "ibobadm.psp_source_system_transmission_m112011_from_psp"
psql:run_vacuum_20March2023_6.sql:40: INFO:  "psp_source_system_transmission_m112011_from_psp": scanned 4355 of 4355 pages, containing 52277 live rows and 0 dead rows; 52277 rows in sample, 52277 estimated total rows
VACUUM
Time: 5992.310 ms (00:05.992)
psql:run_vacuum_20March2023_6.sql:41: INFO:  aggressively vacuuming "ibobadm.psp_source_system_transmission_m012018_from_null"
psql:run_vacuum_20March2023_6.sql:41: INFO:  table "psp_source_system_transmission_m012018_from_null": found 0 removable, 0 nonremovable row versions in 0 out of 0 pages
DETAIL:  0 dead row versions cannot be removed yet, oldest xmin: 538011481
Skipped 0 pages due to buffer pins, 0 frozen pages.
CPU: user: 0.00 s, system: 0.00 s, elapsed: 0.00 s.
psql:run_vacuum_20March2023_6.sql:41: INFO:  aggressively vacuuming "pg_toast.pg_toast_568043853"
psql:run_vacuum_20March2023_6.sql:41: INFO:  table "pg_toast_568043853": found 0 removable, 0 nonremovable row versions in 0 out of 0 pages
DETAIL:  0 dead row versions cannot be removed yet, oldest xmin: 538011481
Skipped 0 pages due to buffer pins, 0 frozen pages.
CPU: user: 0.00 s, system: 0.00 s, elapsed: 0.00 s.
psql:run_vacuum_20March2023_6.sql:41: INFO:  analyzing "ibobadm.psp_source_system_transmission_m012018_from_null"
psql:run_vacuum_20March2023_6.sql:41: INFO:  "psp_source_system_transmission_m012018_from_null": scanned 0 of 0 pages, containing 0 live rows and 0 dead rows; 0 rows in sample, 0 estimated total rows
VACUUM
Time: 11.721 ms
psql:run_vacuum_20March2023_6.sql:42: INFO:  aggressively vacuuming "ibobadm.psp_source_system_transmission_m112011_from_ews"
psql:run_vacuum_20March2023_6.sql:42: INFO:  launched 3 parallel vacuum workers for index cleanup (planned: 3)
psql:run_vacuum_20March2023_6.sql:42: INFO:  table "psp_source_system_transmission_m112011_from_ews": found 0 removable, 1 nonremovable row versions in 1 out of 4404 pages
DETAIL:  0 dead row versions cannot be removed yet, oldest xmin: 538011481
Skipped 0 pages due to buffer pins, 4403 frozen pages.
CPU: user: 0.00 s, system: 0.00 s, elapsed: 0.01 s.
psql:run_vacuum_20March2023_6.sql:42: INFO:  aggressively vacuuming "pg_toast.pg_toast_568051459"
psql:run_vacuum_20March2023_6.sql:42: INFO:  table "pg_toast_568051459": found 0 removable, 4 nonremovable row versions in 1 out of 19 pages
DETAIL:  0 dead row versions cannot be removed yet, oldest xmin: 538011481
Skipped 0 pages due to buffer pins, 18 frozen pages.
CPU: user: 0.00 s, system: 0.00 s, elapsed: 0.00 s.
psql:run_vacuum_20March2023_6.sql:42: INFO:  analyzing "ibobadm.psp_source_system_transmission_m112011_from_ews"
psql:run_vacuum_20March2023_6.sql:42: INFO:  "psp_source_system_transmission_m112011_from_ews": scanned 4404 of 4404 pages, containing 24340 live rows and 0 dead rows; 24340 rows in sample, 24340 estimated total rows
VACUUM
Time: 5628.556 ms (00:05.629)
psql:run_vacuum_20March2023_6.sql:43: INFO:  aggressively vacuuming "ibobadm.psp_source_system_transmission_m112011_from_qbdt"
psql:run_vacuum_20March2023_6.sql:43: INFO:  launched 4 parallel vacuum workers for index cleanup (planned: 4)
psql:run_vacuum_20March2023_6.sql:43: INFO:  table "psp_source_system_transmission_m112011_from_qbdt": found 0 removable, 3 nonremovable row versions in 1 out of 211186 pages
DETAIL:  0 dead row versions cannot be removed yet, oldest xmin: 538011481
Skipped 0 pages due to buffer pins, 211185 frozen pages.
CPU: user: 0.01 s, system: 0.22 s, elapsed: 0.29 s.
psql:run_vacuum_20March2023_6.sql:43: INFO:  aggressively vacuuming "pg_toast.pg_toast_568051484"
psql:run_vacuum_20March2023_6.sql:43: INFO:  table "pg_toast_568051484": found 0 removable, 3 nonremovable row versions in 1 out of 291942 pages
DETAIL:  0 dead row versions cannot be removed yet, oldest xmin: 538011481
Skipped 0 pages due to buffer pins, 291941 frozen pages.
CPU: user: 0.01 s, system: 0.00 s, elapsed: 0.09 s.
psql:run_vacuum_20March2023_6.sql:43: INFO:  analyzing "ibobadm.psp_source_system_transmission_m112011_from_qbdt"
psql:run_vacuum_20March2023_6.sql:43: INFO:  "psp_source_system_transmission_m112011_from_qbdt": scanned 153600 of 211186 pages, containing 955726 live rows and 0 dead rows; 153600 rows in sample, 1314036 estimated total rows
VACUUM
Time: 139330.252 ms (02:19.330)
 pg_sleep 
----------
 
(1 row)

Time: 60091.954 ms (01:00.092)
psql:run_vacuum_20March2023_6.sql:45: INFO:  aggressively vacuuming "ibobadm.psp_source_system_transmission_m112011_from_null"
psql:run_vacuum_20March2023_6.sql:45: INFO:  table "psp_source_system_transmission_m112011_from_null": found 0 removable, 0 nonremovable row versions in 0 out of 0 pages
DETAIL:  0 dead row versions cannot be removed yet, oldest xmin: 538012060
Skipped 0 pages due to buffer pins, 0 frozen pages.
CPU: user: 0.00 s, system: 0.00 s, elapsed: 0.00 s.
psql:run_vacuum_20March2023_6.sql:45: INFO:  aggressively vacuuming "pg_toast.pg_toast_568051468"
psql:run_vacuum_20March2023_6.sql:45: INFO:  table "pg_toast_568051468": found 0 removable, 0 nonremovable row versions in 0 out of 0 pages
DETAIL:  0 dead row versions cannot be removed yet, oldest xmin: 538012060
Skipped 0 pages due to buffer pins, 0 frozen pages.
CPU: user: 0.00 s, system: 0.00 s, elapsed: 0.00 s.
psql:run_vacuum_20March2023_6.sql:45: INFO:  analyzing "ibobadm.psp_source_system_transmission_m112011_from_null"
psql:run_vacuum_20March2023_6.sql:45: INFO:  "psp_source_system_transmission_m112011_from_null": scanned 0 of 0 pages, containing 0 live rows and 0 dead rows; 0 rows in sample, 0 estimated total rows
VACUUM
Time: 11.216 ms
psql:run_vacuum_20March2023_6.sql:46: INFO:  aggressively vacuuming "ibobadm.psp_source_system_transmission_m012018_from_psp"
psql:run_vacuum_20March2023_6.sql:46: INFO:  launched 4 parallel vacuum workers for index cleanup (planned: 4)
psql:run_vacuum_20March2023_6.sql:46: INFO:  table "psp_source_system_transmission_m012018_from_psp": found 0 removable, 8 nonremovable row versions in 1 out of 166142 pages
DETAIL:  0 dead row versions cannot be removed yet, oldest xmin: 538012060
Skipped 0 pages due to buffer pins, 166141 frozen pages.
CPU: user: 0.02 s, system: 0.16 s, elapsed: 0.23 s.
psql:run_vacuum_20March2023_6.sql:46: INFO:  aggressively vacuuming "pg_toast.pg_toast_568043860"
psql:run_vacuum_20March2023_6.sql:46: INFO:  table "pg_toast_568043860": found 0 removable, 2 nonremovable row versions in 1 out of 1179585 pages
DETAIL:  0 dead row versions cannot be removed yet, oldest xmin: 538012060
Skipped 0 pages due to buffer pins, 1179584 frozen pages.
CPU: user: 0.04 s, system: 0.00 s, elapsed: 0.32 s.
psql:run_vacuum_20March2023_6.sql:46: INFO:  analyzing "ibobadm.psp_source_system_transmission_m012018_from_psp"
psql:run_vacuum_20March2023_6.sql:46: INFO:  "psp_source_system_transmission_m012018_from_psp": scanned 153600 of 166142 pages, containing 1533738 live rows and 0 dead rows; 153600 rows in sample, 1658973 estimated total rows
VACUUM
Time: 145366.256 ms (02:25.366)
psql:run_vacuum_20March2023_6.sql:47: INFO:  aggressively vacuuming "ibobadm.psp_source_system_transmission_m012018_from_qbdt"
psql:run_vacuum_20March2023_6.sql:47: INFO:  launched 4 parallel vacuum workers for index cleanup (planned: 4)
psql:run_vacuum_20March2023_6.sql:47: INFO:  table "psp_source_system_transmission_m012018_from_qbdt": found 0 removable, 2 nonremovable row versions in 1 out of 814548 pages
DETAIL:  0 dead row versions cannot be removed yet, oldest xmin: 538012640
Skipped 0 pages due to buffer pins, 814547 frozen pages.
CPU: user: 0.08 s, system: 0.62 s, elapsed: 0.89 s.
psql:run_vacuum_20March2023_6.sql:47: INFO:  aggressively vacuuming "pg_toast.pg_toast_568043868"
psql:run_vacuum_20March2023_6.sql:47: INFO:  table "pg_toast_568043868": found 0 removable, 1 nonremovable row versions in 1 out of 2017173 pages
DETAIL:  0 dead row versions cannot be removed yet, oldest xmin: 538012643
Skipped 0 pages due to buffer pins, 2017172 frozen pages.
CPU: user: 0.06 s, system: 0.01 s, elapsed: 0.54 s.
psql:run_vacuum_20March2023_6.sql:47: INFO:  analyzing "ibobadm.psp_source_system_transmission_m012018_from_qbdt"
psql:run_vacuum_20March2023_6.sql:47: INFO:  "psp_source_system_transmission_m012018_from_qbdt": scanned 153600 of 814548 pages, containing 862392 live rows and 0 dead rows; 153600 rows in sample, 4573305 estimated total rows
VACUUM
Time: 141399.686 ms (02:21.400)
psql:run_vacuum_20March2023_6.sql:48: INFO:  aggressively vacuuming "ibobadm.psp_source_system_transmission_m122011_from_cris"
psql:run_vacuum_20March2023_6.sql:48: INFO:  table "psp_source_system_transmission_m122011_from_cris": found 0 removable, 0 nonremovable row versions in 0 out of 0 pages
DETAIL:  0 dead row versions cannot be removed yet, oldest xmin: 538012898
Skipped 0 pages due to buffer pins, 0 frozen pages.
CPU: user: 0.00 s, system: 0.00 s, elapsed: 0.00 s.
psql:run_vacuum_20March2023_6.sql:48: INFO:  aggressively vacuuming "pg_toast.pg_toast_568052278"
psql:run_vacuum_20March2023_6.sql:48: INFO:  table "pg_toast_568052278": found 0 removable, 0 nonremovable row versions in 0 out of 0 pages
DETAIL:  0 dead row versions cannot be removed yet, oldest xmin: 538012898
Skipped 0 pages due to buffer pins, 0 frozen pages.
CPU: user: 0.00 s, system: 0.00 s, elapsed: 0.00 s.
psql:run_vacuum_20March2023_6.sql:48: INFO:  analyzing "ibobadm.psp_source_system_transmission_m122011_from_cris"
psql:run_vacuum_20March2023_6.sql:48: INFO:  "psp_source_system_transmission_m122011_from_cris": scanned 0 of 0 pages, containing 0 live rows and 0 dead rows; 0 rows in sample, 0 estimated total rows
VACUUM
Time: 21.480 ms
psql:run_vacuum_20March2023_6.sql:49: INFO:  aggressively vacuuming "ibobadm.psp_source_system_transmission_m122011_from_as400"
psql:run_vacuum_20March2023_6.sql:49: INFO:  table "psp_source_system_transmission_m122011_from_as400": found 0 removable, 0 nonremovable row versions in 0 out of 0 pages
DETAIL:  0 dead row versions cannot be removed yet, oldest xmin: 538012898
Skipped 0 pages due to buffer pins, 0 frozen pages.
CPU: user: 0.00 s, system: 0.00 s, elapsed: 0.00 s.
psql:run_vacuum_20March2023_6.sql:49: INFO:  aggressively vacuuming "pg_toast.pg_toast_568052269"
psql:run_vacuum_20March2023_6.sql:49: INFO:  table "pg_toast_568052269": found 0 removable, 0 nonremovable row versions in 0 out of 0 pages
DETAIL:  0 dead row versions cannot be removed yet, oldest xmin: 538012898
Skipped 0 pages due to buffer pins, 0 frozen pages.
CPU: user: 0.00 s, system: 0.00 s, elapsed: 0.00 s.
psql:run_vacuum_20March2023_6.sql:49: INFO:  analyzing "ibobadm.psp_source_system_transmission_m122011_from_as400"
psql:run_vacuum_20March2023_6.sql:49: INFO:  "psp_source_system_transmission_m122011_from_as400": scanned 0 of 0 pages, containing 0 live rows and 0 dead rows; 0 rows in sample, 0 estimated total rows
VACUUM
Time: 10.818 ms
psql:run_vacuum_20March2023_6.sql:50: INFO:  aggressively vacuuming "ibobadm.psp_source_system_transmission_m122011_from_qbdt"
psql:run_vacuum_20March2023_6.sql:50: INFO:  launched 4 parallel vacuum workers for index cleanup (planned: 4)
psql:run_vacuum_20March2023_6.sql:50: INFO:  table "psp_source_system_transmission_m122011_from_qbdt": found 0 removable, 1 nonremovable row versions in 1 out of 211209 pages
DETAIL:  0 dead row versions cannot be removed yet, oldest xmin: 538012898
Skipped 0 pages due to buffer pins, 211208 frozen pages.
CPU: user: 0.02 s, system: 0.21 s, elapsed: 0.29 s.
psql:run_vacuum_20March2023_6.sql:50: INFO:  aggressively vacuuming "pg_toast.pg_toast_568052322"
psql:run_vacuum_20March2023_6.sql:50: INFO:  table "pg_toast_568052322": found 0 removable, 6 nonremovable row versions in 1 out of 288869 pages
DETAIL:  0 dead row versions cannot be removed yet, oldest xmin: 538012898
Skipped 0 pages due to buffer pins, 288868 frozen pages.
CPU: user: 0.00 s, system: 0.00 s, elapsed: 0.07 s.
psql:run_vacuum_20March2023_6.sql:50: INFO:  analyzing "ibobadm.psp_source_system_transmission_m122011_from_qbdt"
psql:run_vacuum_20March2023_6.sql:50: INFO:  "psp_source_system_transmission_m122011_from_qbdt": scanned 153600 of 211209 pages, containing 954906 live rows and 0 dead rows; 153600 rows in sample, 1313052 estimated total rows
VACUUM
Time: 138581.170 ms (02:18.581)
psql:run_vacuum_20March2023_6.sql:51: INFO:  aggressively vacuuming "ibobadm.psp_source_system_transmission_m122011_from_null"
psql:run_vacuum_20March2023_6.sql:51: INFO:  table "psp_source_system_transmission_m122011_from_null": found 0 removable, 0 nonremovable row versions in 0 out of 0 pages
DETAIL:  0 dead row versions cannot be removed yet, oldest xmin: 538013127
Skipped 0 pages due to buffer pins, 0 frozen pages.
CPU: user: 0.00 s, system: 0.00 s, elapsed: 0.00 s.
psql:run_vacuum_20March2023_6.sql:51: INFO:  aggressively vacuuming "pg_toast.pg_toast_568052304"
psql:run_vacuum_20March2023_6.sql:51: INFO:  table "pg_toast_568052304": found 0 removable, 0 nonremovable row versions in 0 out of 0 pages
DETAIL:  0 dead row versions cannot be removed yet, oldest xmin: 538013127
Skipped 0 pages due to buffer pins, 0 frozen pages.
CPU: user: 0.00 s, system: 0.00 s, elapsed: 0.00 s.
psql:run_vacuum_20March2023_6.sql:51: INFO:  analyzing "ibobadm.psp_source_system_transmission_m122011_from_null"
psql:run_vacuum_20March2023_6.sql:51: INFO:  "psp_source_system_transmission_m122011_from_null": scanned 0 of 0 pages, containing 0 live rows and 0 dead rows; 0 rows in sample, 0 estimated total rows
VACUUM
Time: 22.560 ms
psql:run_vacuum_20March2023_6.sql:52: INFO:  aggressively vacuuming "ibobadm.psp_source_system_transmission_m122011_from_ews"
psql:run_vacuum_20March2023_6.sql:52: INFO:  launched 3 parallel vacuum workers for index cleanup (planned: 3)
psql:run_vacuum_20March2023_6.sql:52: INFO:  table "psp_source_system_transmission_m122011_from_ews": found 0 removable, 6 nonremovable row versions in 1 out of 5102 pages
DETAIL:  0 dead row versions cannot be removed yet, oldest xmin: 538013127
Skipped 0 pages due to buffer pins, 5101 frozen pages.
CPU: user: 0.00 s, system: 0.00 s, elapsed: 0.01 s.
psql:run_vacuum_20March2023_6.sql:52: INFO:  aggressively vacuuming "pg_toast.pg_toast_568052296"
psql:run_vacuum_20March2023_6.sql:52: INFO:  table "pg_toast_568052296": found 0 removable, 5 nonremovable row versions in 1 out of 14 pages
DETAIL:  0 dead row versions cannot be removed yet, oldest xmin: 538013127
Skipped 0 pages due to buffer pins, 13 frozen pages.
CPU: user: 0.00 s, system: 0.00 s, elapsed: 0.00 s.
psql:run_vacuum_20March2023_6.sql:52: INFO:  analyzing "ibobadm.psp_source_system_transmission_m122011_from_ews"
psql:run_vacuum_20March2023_6.sql:52: INFO:  "psp_source_system_transmission_m122011_from_ews": scanned 5102 of 5102 pages, containing 27581 live rows and 0 dead rows; 27581 rows in sample, 27581 estimated total rows
VACUUM
Time: 6473.842 ms (00:06.474)
psql:run_vacuum_20March2023_6.sql:53: INFO:  aggressively vacuuming "ibobadm.psp_source_system_transmission_m052014_from_ews"
psql:run_vacuum_20March2023_6.sql:53: INFO:  launched 4 parallel vacuum workers for index cleanup (planned: 4)
psql:run_vacuum_20March2023_6.sql:53: INFO:  table "psp_source_system_transmission_m052014_from_ews": found 0 removable, 2 nonremovable row versions in 1 out of 15232 pages
DETAIL:  0 dead row versions cannot be removed yet, oldest xmin: 538013127
Skipped 0 pages due to buffer pins, 15231 frozen pages.
CPU: user: 0.00 s, system: 0.01 s, elapsed: 0.03 s.
psql:run_vacuum_20March2023_6.sql:53: INFO:  aggressively vacuuming "pg_toast.pg_toast_568046729"
psql:run_vacuum_20March2023_6.sql:53: INFO:  table "pg_toast_568046729": found 0 removable, 4 nonremovable row versions in 1 out of 3336 pages
DETAIL:  0 dead row versions cannot be removed yet, oldest xmin: 538013127
Skipped 0 pages due to buffer pins, 3335 frozen pages.
CPU: user: 0.00 s, system: 0.00 s, elapsed: 0.00 s.
psql:run_vacuum_20March2023_6.sql:53: INFO:  analyzing "ibobadm.psp_source_system_transmission_m052014_from_ews"
psql:run_vacuum_20March2023_6.sql:53: INFO:  "psp_source_system_transmission_m052014_from_ews": scanned 15232 of 15232 pages, containing 82245 live rows and 0 dead rows; 82245 rows in sample, 82245 estimated total rows
VACUUM
Time: 16203.784 ms (00:16.204)
psql:run_vacuum_20March2023_6.sql:54: INFO:  aggressively vacuuming "ibobadm.psp_source_system_transmission_m052014_from_qbdt"
psql:run_vacuum_20March2023_6.sql:54: INFO:  launched 4 parallel vacuum workers for index cleanup (planned: 4)
psql:run_vacuum_20March2023_6.sql:54: INFO:  table "psp_source_system_transmission_m052014_from_qbdt": found 0 removable, 3 nonremovable row versions in 1 out of 412158 pages
DETAIL:  0 dead row versions cannot be removed yet, oldest xmin: 538013353
Skipped 0 pages due to buffer pins, 412157 frozen pages.
CPU: user: 0.01 s, system: 0.44 s, elapsed: 0.56 s.
psql:run_vacuum_20March2023_6.sql:54: INFO:  aggressively vacuuming "pg_toast.pg_toast_568046751"
psql:run_vacuum_20March2023_6.sql:54: INFO:  table "pg_toast_568046751": found 0 removable, 4 nonremovable row versions in 1 out of 1513095 pages
DETAIL:  0 dead row versions cannot be removed yet, oldest xmin: 538013358
Skipped 0 pages due to buffer pins, 1513094 frozen pages.
CPU: user: 0.05 s, system: 0.00 s, elapsed: 0.40 s.
psql:run_vacuum_20March2023_6.sql:54: INFO:  analyzing "ibobadm.psp_source_system_transmission_m052014_from_qbdt"
psql:run_vacuum_20March2023_6.sql:54: INFO:  "psp_source_system_transmission_m052014_from_qbdt": scanned 153600 of 412158 pages, containing 868945 live rows and 0 dead rows; 153600 rows in sample, 2331658 estimated total rows
VACUUM
Time: 139687.462 ms (02:19.687)
