Timing is on.
SET
Time: 0.964 ms
psql:run_vacuum_20March2023_8.sql:3: INFO:  aggressively vacuuming "ibobadm.psp_source_system_transmission_m102014_from_as400"
psql:run_vacuum_20March2023_8.sql:3: INFO:  table "psp_source_system_transmission_m102014_from_as400": found 0 removable, 0 nonremovable row versions in 0 out of 0 pages
DETAIL:  0 dead row versions cannot be removed yet, oldest xmin: 538020984
Skipped 0 pages due to buffer pins, 0 frozen pages.
CPU: user: 0.00 s, system: 0.00 s, elapsed: 0.00 s.
psql:run_vacuum_20March2023_8.sql:3: INFO:  aggressively vacuuming "pg_toast.pg_toast_568050775"
psql:run_vacuum_20March2023_8.sql:3: INFO:  table "pg_toast_568050775": found 0 removable, 0 nonremovable row versions in 0 out of 0 pages
DETAIL:  0 dead row versions cannot be removed yet, oldest xmin: 538020984
Skipped 0 pages due to buffer pins, 0 frozen pages.
CPU: user: 0.00 s, system: 0.00 s, elapsed: 0.00 s.
psql:run_vacuum_20March2023_8.sql:3: INFO:  analyzing "ibobadm.psp_source_system_transmission_m102014_from_as400"
psql:run_vacuum_20March2023_8.sql:3: INFO:  "psp_source_system_transmission_m102014_from_as400": scanned 0 of 0 pages, containing 0 live rows and 0 dead rows; 0 rows in sample, 0 estimated total rows
VACUUM
Time: 22.826 ms
psql:run_vacuum_20March2023_8.sql:4: INFO:  aggressively vacuuming "ibobadm.psp_source_system_transmission_m092014_from_qbdt"
psql:run_vacuum_20March2023_8.sql:4: INFO:  launched 4 parallel vacuum workers for index cleanup (planned: 4)
psql:run_vacuum_20March2023_8.sql:4: INFO:  table "psp_source_system_transmission_m092014_from_qbdt": found 0 removable, 6 nonremovable row versions in 1 out of 442942 pages
DETAIL:  0 dead row versions cannot be removed yet, oldest xmin: 538020984
Skipped 0 pages due to buffer pins, 442941 frozen pages.
CPU: user: 0.04 s, system: 0.45 s, elapsed: 0.60 s.
psql:run_vacuum_20March2023_8.sql:4: INFO:  aggressively vacuuming "pg_toast.pg_toast_568049977"
psql:run_vacuum_20March2023_8.sql:4: INFO:  table "pg_toast_568049977": found 0 removable, 3 nonremovable row versions in 1 out of 1502584 pages
DETAIL:  0 dead row versions cannot be removed yet, oldest xmin: 538020984
Skipped 0 pages due to buffer pins, 1502583 frozen pages.
CPU: user: 0.04 s, system: 0.01 s, elapsed: 0.40 s.
psql:run_vacuum_20March2023_8.sql:4: INFO:  analyzing "ibobadm.psp_source_system_transmission_m092014_from_qbdt"
psql:run_vacuum_20March2023_8.sql:4: INFO:  "psp_source_system_transmission_m092014_from_qbdt": scanned 153600 of 442942 pages, containing 877857 live rows and 0 dead rows; 153600 rows in sample, 2531509 estimated total rows
VACUUM
Time: 139165.804 ms (02:19.166)
psql:run_vacuum_20March2023_8.sql:5: INFO:  aggressively vacuuming "ibobadm.psp_source_system_transmission_m102014_from_dflt"
psql:run_vacuum_20March2023_8.sql:5: INFO:  table "psp_source_system_transmission_m102014_from_dflt": found 0 removable, 0 nonremovable row versions in 0 out of 0 pages
DETAIL:  0 dead row versions cannot be removed yet, oldest xmin: 538021335
Skipped 0 pages due to buffer pins, 0 frozen pages.
CPU: user: 0.00 s, system: 0.00 s, elapsed: 0.00 s.
psql:run_vacuum_20March2023_8.sql:5: INFO:  aggressively vacuuming "pg_toast.pg_toast_568050793"
psql:run_vacuum_20March2023_8.sql:5: INFO:  table "pg_toast_568050793": found 0 removable, 0 nonremovable row versions in 0 out of 0 pages
DETAIL:  0 dead row versions cannot be removed yet, oldest xmin: 538021335
Skipped 0 pages due to buffer pins, 0 frozen pages.
CPU: user: 0.00 s, system: 0.00 s, elapsed: 0.00 s.
psql:run_vacuum_20March2023_8.sql:5: INFO:  analyzing "ibobadm.psp_source_system_transmission_m102014_from_dflt"
psql:run_vacuum_20March2023_8.sql:5: INFO:  "psp_source_system_transmission_m102014_from_dflt": scanned 0 of 0 pages, containing 0 live rows and 0 dead rows; 0 rows in sample, 0 estimated total rows
VACUUM
Time: 22.163 ms
psql:run_vacuum_20March2023_8.sql:6: INFO:  aggressively vacuuming "ibobadm.psp_source_system_transmission_m102014_from_qbdt"
psql:run_vacuum_20March2023_8.sql:6: INFO:  launched 4 parallel vacuum workers for index cleanup (planned: 4)
psql:run_vacuum_20March2023_8.sql:6: INFO:  table "psp_source_system_transmission_m102014_from_qbdt": found 0 removable, 5 nonremovable row versions in 1 out of 470555 pages
DETAIL:  0 dead row versions cannot be removed yet, oldest xmin: 538021335
Skipped 0 pages due to buffer pins, 470554 frozen pages.
CPU: user: 0.19 s, system: 0.33 s, elapsed: 0.63 s.
psql:run_vacuum_20March2023_8.sql:6: INFO:  aggressively vacuuming "pg_toast.pg_toast_568050827"
psql:run_vacuum_20March2023_8.sql:6: INFO:  table "pg_toast_568050827": found 0 removable, 3 nonremovable row versions in 1 out of 1560963 pages
DETAIL:  0 dead row versions cannot be removed yet, oldest xmin: 538021335
Skipped 0 pages due to buffer pins, 1560962 frozen pages.
CPU: user: 0.04 s, system: 0.00 s, elapsed: 0.42 s.
psql:run_vacuum_20March2023_8.sql:6: INFO:  analyzing "ibobadm.psp_source_system_transmission_m102014_from_qbdt"
psql:run_vacuum_20March2023_8.sql:6: INFO:  "psp_source_system_transmission_m102014_from_qbdt": scanned 153600 of 470555 pages, containing 875158 live rows and 0 dead rows; 153600 rows in sample, 2681055 estimated total rows
VACUUM
Time: 139774.750 ms (02:19.775)
psql:run_vacuum_20March2023_8.sql:7: INFO:  aggressively vacuuming "ibobadm.psp_source_system_transmission_m102014_from_ews"
psql:run_vacuum_20March2023_8.sql:7: INFO:  launched 4 parallel vacuum workers for index cleanup (planned: 4)
psql:run_vacuum_20March2023_8.sql:7: INFO:  table "psp_source_system_transmission_m102014_from_ews": found 0 removable, 5 nonremovable row versions in 1 out of 11798 pages
DETAIL:  0 dead row versions cannot be removed yet, oldest xmin: 538021583
Skipped 0 pages due to buffer pins, 11797 frozen pages.
CPU: user: 0.01 s, system: 0.00 s, elapsed: 0.02 s.
psql:run_vacuum_20March2023_8.sql:7: INFO:  aggressively vacuuming "pg_toast.pg_toast_568050800"
psql:run_vacuum_20March2023_8.sql:7: INFO:  table "pg_toast_568050800": found 0 removable, 7 nonremovable row versions in 1 out of 3569 pages
DETAIL:  0 dead row versions cannot be removed yet, oldest xmin: 538021583
Skipped 0 pages due to buffer pins, 3568 frozen pages.
CPU: user: 0.00 s, system: 0.00 s, elapsed: 0.00 s.
psql:run_vacuum_20March2023_8.sql:7: INFO:  analyzing "ibobadm.psp_source_system_transmission_m102014_from_ews"
psql:run_vacuum_20March2023_8.sql:7: INFO:  "psp_source_system_transmission_m102014_from_ews": scanned 11798 of 11798 pages, containing 64834 live rows and 0 dead rows; 64834 rows in sample, 64834 estimated total rows
VACUUM
Time: 12208.023 ms (00:12.208)
psql:run_vacuum_20March2023_8.sql:8: INFO:  aggressively vacuuming "ibobadm.psp_source_system_transmission_m102014_from_cris"
psql:run_vacuum_20March2023_8.sql:8: INFO:  table "psp_source_system_transmission_m102014_from_cris": found 0 removable, 0 nonremovable row versions in 0 out of 0 pages
DETAIL:  0 dead row versions cannot be removed yet, oldest xmin: 538021583
Skipped 0 pages due to buffer pins, 0 frozen pages.
CPU: user: 0.00 s, system: 0.00 s, elapsed: 0.00 s.
psql:run_vacuum_20March2023_8.sql:8: INFO:  aggressively vacuuming "pg_toast.pg_toast_568050783"
psql:run_vacuum_20March2023_8.sql:8: INFO:  table "pg_toast_568050783": found 0 removable, 0 nonremovable row versions in 0 out of 0 pages
DETAIL:  0 dead row versions cannot be removed yet, oldest xmin: 538021583
Skipped 0 pages due to buffer pins, 0 frozen pages.
CPU: user: 0.00 s, system: 0.00 s, elapsed: 0.00 s.
psql:run_vacuum_20March2023_8.sql:8: INFO:  analyzing "ibobadm.psp_source_system_transmission_m102014_from_cris"
psql:run_vacuum_20March2023_8.sql:8: INFO:  "psp_source_system_transmission_m102014_from_cris": scanned 0 of 0 pages, containing 0 live rows and 0 dead rows; 0 rows in sample, 0 estimated total rows
VACUUM
Time: 21.688 ms
psql:run_vacuum_20March2023_8.sql:9: INFO:  aggressively vacuuming "ibobadm.psp_source_system_transmission_m092014_from_psp"
psql:run_vacuum_20March2023_8.sql:9: INFO:  launched 4 parallel vacuum workers for index cleanup (planned: 4)
psql:run_vacuum_20March2023_8.sql:9: INFO:  table "psp_source_system_transmission_m092014_from_psp": found 0 removable, 5 nonremovable row versions in 1 out of 34910 pages
DETAIL:  0 dead row versions cannot be removed yet, oldest xmin: 538021583
Skipped 0 pages due to buffer pins, 34909 frozen pages.
CPU: user: 0.00 s, system: 0.03 s, elapsed: 0.05 s.
psql:run_vacuum_20March2023_8.sql:9: INFO:  aggressively vacuuming "pg_toast.pg_toast_568049968"
psql:run_vacuum_20March2023_8.sql:9: INFO:  table "pg_toast_568049968": found 0 removable, 3 nonremovable row versions in 1 out of 81367 pages
DETAIL:  0 dead row versions cannot be removed yet, oldest xmin: 538021583
Skipped 0 pages due to buffer pins, 81366 frozen pages.
CPU: user: 0.00 s, system: 0.00 s, elapsed: 0.03 s.
psql:run_vacuum_20March2023_8.sql:9: INFO:  analyzing "ibobadm.psp_source_system_transmission_m092014_from_psp"
psql:run_vacuum_20March2023_8.sql:9: INFO:  "psp_source_system_transmission_m092014_from_psp": scanned 34910 of 34910 pages, containing 280729 live rows and 0 dead rows; 153600 rows in sample, 280729 estimated total rows
VACUUM
Time: 46502.575 ms (00:46.503)
psql:run_vacuum_20March2023_8.sql:10: INFO:  aggressively vacuuming "ibobadm.psp_source_system_transmission_m092014_from_ews"
psql:run_vacuum_20March2023_8.sql:10: INFO:  launched 4 parallel vacuum workers for index cleanup (planned: 4)
psql:run_vacuum_20March2023_8.sql:10: INFO:  table "psp_source_system_transmission_m092014_from_ews": found 0 removable, 5 nonremovable row versions in 1 out of 10699 pages
DETAIL:  0 dead row versions cannot be removed yet, oldest xmin: 538021771
Skipped 0 pages due to buffer pins, 10698 frozen pages.
CPU: user: 0.01 s, system: 0.00 s, elapsed: 0.02 s.
psql:run_vacuum_20March2023_8.sql:10: INFO:  aggressively vacuuming "pg_toast.pg_toast_568049953"
psql:run_vacuum_20March2023_8.sql:10: INFO:  table "pg_toast_568049953": found 0 removable, 3 nonremovable row versions in 1 out of 2688 pages
DETAIL:  0 dead row versions cannot be removed yet, oldest xmin: 538021771
Skipped 0 pages due to buffer pins, 2687 frozen pages.
CPU: user: 0.00 s, system: 0.00 s, elapsed: 0.00 s.
psql:run_vacuum_20March2023_8.sql:10: INFO:  analyzing "ibobadm.psp_source_system_transmission_m092014_from_ews"
psql:run_vacuum_20March2023_8.sql:10: INFO:  "psp_source_system_transmission_m092014_from_ews": scanned 10699 of 10699 pages, containing 58296 live rows and 0 dead rows; 58296 rows in sample, 58296 estimated total rows
VACUUM
Time: 11260.520 ms (00:11.261)
psql:run_vacuum_20March2023_8.sql:11: INFO:  aggressively vacuuming "ibobadm.psp_source_system_transmission_m092014_from_dflt"
psql:run_vacuum_20March2023_8.sql:11: INFO:  table "psp_source_system_transmission_m092014_from_dflt": found 0 removable, 0 nonremovable row versions in 0 out of 0 pages
DETAIL:  0 dead row versions cannot be removed yet, oldest xmin: 538021771
Skipped 0 pages due to buffer pins, 0 frozen pages.
CPU: user: 0.00 s, system: 0.00 s, elapsed: 0.00 s.
psql:run_vacuum_20March2023_8.sql:11: INFO:  aggressively vacuuming "pg_toast.pg_toast_568049946"
psql:run_vacuum_20March2023_8.sql:11: INFO:  table "pg_toast_568049946": found 0 removable, 0 nonremovable row versions in 0 out of 0 pages
DETAIL:  0 dead row versions cannot be removed yet, oldest xmin: 538021771
Skipped 0 pages due to buffer pins, 0 frozen pages.
CPU: user: 0.00 s, system: 0.00 s, elapsed: 0.00 s.
psql:run_vacuum_20March2023_8.sql:11: INFO:  analyzing "ibobadm.psp_source_system_transmission_m092014_from_dflt"
psql:run_vacuum_20March2023_8.sql:11: INFO:  "psp_source_system_transmission_m092014_from_dflt": scanned 0 of 0 pages, containing 0 live rows and 0 dead rows; 0 rows in sample, 0 estimated total rows
VACUUM
Time: 11.625 ms
psql:run_vacuum_20March2023_8.sql:12: INFO:  aggressively vacuuming "ibobadm.psp_source_system_transmission_m042018_from_cris"
psql:run_vacuum_20March2023_8.sql:12: INFO:  table "psp_source_system_transmission_m042018_from_cris": found 0 removable, 0 nonremovable row versions in 0 out of 0 pages
DETAIL:  0 dead row versions cannot be removed yet, oldest xmin: 538021771
Skipped 0 pages due to buffer pins, 0 frozen pages.
CPU: user: 0.00 s, system: 0.00 s, elapsed: 0.00 s.
psql:run_vacuum_20March2023_8.sql:12: INFO:  aggressively vacuuming "pg_toast.pg_toast_568046175"
psql:run_vacuum_20March2023_8.sql:12: INFO:  table "pg_toast_568046175": found 0 removable, 0 nonremovable row versions in 0 out of 0 pages
DETAIL:  0 dead row versions cannot be removed yet, oldest xmin: 538021771
Skipped 0 pages due to buffer pins, 0 frozen pages.
CPU: user: 0.00 s, system: 0.00 s, elapsed: 0.00 s.
psql:run_vacuum_20March2023_8.sql:12: INFO:  analyzing "ibobadm.psp_source_system_transmission_m042018_from_cris"
psql:run_vacuum_20March2023_8.sql:12: INFO:  "psp_source_system_transmission_m042018_from_cris": scanned 0 of 0 pages, containing 0 live rows and 0 dead rows; 0 rows in sample, 0 estimated total rows
VACUUM
Time: 10.600 ms
 pg_sleep 
----------
 
(1 row)

Time: 60101.528 ms (01:00.102)
psql:run_vacuum_20March2023_8.sql:14: INFO:  aggressively vacuuming "ibobadm.psp_source_system_transmission_m042018_from_psp"
psql:run_vacuum_20March2023_8.sql:14: INFO:  launched 4 parallel vacuum workers for index cleanup (planned: 4)
psql:run_vacuum_20March2023_8.sql:14: INFO:  table "psp_source_system_transmission_m042018_from_psp": found 0 removable, 3 nonremovable row versions in 1 out of 135540 pages
DETAIL:  0 dead row versions cannot be removed yet, oldest xmin: 538021771
Skipped 0 pages due to buffer pins, 135539 frozen pages.
CPU: user: 0.00 s, system: 0.15 s, elapsed: 0.19 s.
psql:run_vacuum_20March2023_8.sql:14: INFO:  aggressively vacuuming "pg_toast.pg_toast_568046207"
psql:run_vacuum_20March2023_8.sql:14: INFO:  table "pg_toast_568046207": found 0 removable, 2 nonremovable row versions in 1 out of 1160268 pages
DETAIL:  0 dead row versions cannot be removed yet, oldest xmin: 538021771
Skipped 0 pages due to buffer pins, 1160267 frozen pages.
CPU: user: 0.03 s, system: 0.00 s, elapsed: 0.31 s.
psql:run_vacuum_20March2023_8.sql:14: INFO:  analyzing "ibobadm.psp_source_system_transmission_m042018_from_psp"
psql:run_vacuum_20March2023_8.sql:14: INFO:  "psp_source_system_transmission_m042018_from_psp": scanned 135540 of 135540 pages, containing 1435762 live rows and 0 dead rows; 153600 rows in sample, 1435762 estimated total rows
VACUUM
Time: 128575.687 ms (02:08.576)
psql:run_vacuum_20March2023_8.sql:15: INFO:  aggressively vacuuming "ibobadm.psp_source_system_transmission_m042018_from_dflt"
psql:run_vacuum_20March2023_8.sql:15: INFO:  table "psp_source_system_transmission_m042018_from_dflt": found 0 removable, 0 nonremovable row versions in 0 out of 0 pages
DETAIL:  0 dead row versions cannot be removed yet, oldest xmin: 538022178
Skipped 0 pages due to buffer pins, 0 frozen pages.
CPU: user: 0.00 s, system: 0.00 s, elapsed: 0.00 s.
psql:run_vacuum_20March2023_8.sql:15: INFO:  aggressively vacuuming "pg_toast.pg_toast_568046183"
psql:run_vacuum_20March2023_8.sql:15: INFO:  table "pg_toast_568046183": found 0 removable, 0 nonremovable row versions in 0 out of 0 pages
DETAIL:  0 dead row versions cannot be removed yet, oldest xmin: 538022178
Skipped 0 pages due to buffer pins, 0 frozen pages.
CPU: user: 0.00 s, system: 0.00 s, elapsed: 0.00 s.
psql:run_vacuum_20March2023_8.sql:15: INFO:  analyzing "ibobadm.psp_source_system_transmission_m042018_from_dflt"
psql:run_vacuum_20March2023_8.sql:15: INFO:  "psp_source_system_transmission_m042018_from_dflt": scanned 0 of 0 pages, containing 0 live rows and 0 dead rows; 0 rows in sample, 0 estimated total rows
VACUUM
Time: 21.973 ms
psql:run_vacuum_20March2023_8.sql:16: INFO:  aggressively vacuuming "ibobadm.psp_source_system_transmission_m112014_from_psp"
psql:run_vacuum_20March2023_8.sql:16: INFO:  launched 4 parallel vacuum workers for index cleanup (planned: 4)
psql:run_vacuum_20March2023_8.sql:16: INFO:  table "psp_source_system_transmission_m112014_from_psp": found 0 removable, 6 nonremovable row versions in 1 out of 33561 pages
DETAIL:  0 dead row versions cannot be removed yet, oldest xmin: 538022178
Skipped 0 pages due to buffer pins, 33560 frozen pages.
CPU: user: 0.00 s, system: 0.02 s, elapsed: 0.05 s.
psql:run_vacuum_20March2023_8.sql:16: INFO:  aggressively vacuuming "pg_toast.pg_toast_568051655"
psql:run_vacuum_20March2023_8.sql:16: INFO:  table "pg_toast_568051655": found 0 removable, 4 nonremovable row versions in 1 out of 79442 pages
DETAIL:  0 dead row versions cannot be removed yet, oldest xmin: 538022178
Skipped 0 pages due to buffer pins, 79441 frozen pages.
CPU: user: 0.00 s, system: 0.00 s, elapsed: 0.02 s.
psql:run_vacuum_20March2023_8.sql:16: INFO:  analyzing "ibobadm.psp_source_system_transmission_m112014_from_psp"
psql:run_vacuum_20March2023_8.sql:16: INFO:  "psp_source_system_transmission_m112014_from_psp": scanned 33561 of 33561 pages, containing 271977 live rows and 0 dead rows; 153600 rows in sample, 271977 estimated total rows
VACUUM
Time: 45650.555 ms (00:45.651)
psql:run_vacuum_20March2023_8.sql:17: INFO:  aggressively vacuuming "ibobadm.psp_source_system_transmission_m042018_from_null"
psql:run_vacuum_20March2023_8.sql:17: INFO:  table "psp_source_system_transmission_m042018_from_null": found 0 removable, 0 nonremovable row versions in 0 out of 0 pages
DETAIL:  0 dead row versions cannot be removed yet, oldest xmin: 538022306
Skipped 0 pages due to buffer pins, 0 frozen pages.
CPU: user: 0.00 s, system: 0.00 s, elapsed: 0.00 s.
psql:run_vacuum_20March2023_8.sql:17: INFO:  aggressively vacuuming "pg_toast.pg_toast_568046199"
psql:run_vacuum_20March2023_8.sql:17: INFO:  table "pg_toast_568046199": found 0 removable, 0 nonremovable row versions in 0 out of 0 pages
DETAIL:  0 dead row versions cannot be removed yet, oldest xmin: 538022306
Skipped 0 pages due to buffer pins, 0 frozen pages.
CPU: user: 0.00 s, system: 0.00 s, elapsed: 0.00 s.
psql:run_vacuum_20March2023_8.sql:17: INFO:  analyzing "ibobadm.psp_source_system_transmission_m042018_from_null"
psql:run_vacuum_20March2023_8.sql:17: INFO:  "psp_source_system_transmission_m042018_from_null": scanned 0 of 0 pages, containing 0 live rows and 0 dead rows; 0 rows in sample, 0 estimated total rows
VACUUM
Time: 21.916 ms
psql:run_vacuum_20March2023_8.sql:18: INFO:  aggressively vacuuming "ibobadm.psp_source_system_transmission_m112014_from_ews"
psql:run_vacuum_20March2023_8.sql:18: INFO:  launched 4 parallel vacuum workers for index cleanup (planned: 4)
psql:run_vacuum_20March2023_8.sql:18: INFO:  table "psp_source_system_transmission_m112014_from_ews": found 0 removable, 6 nonremovable row versions in 1 out of 8577 pages
DETAIL:  0 dead row versions cannot be removed yet, oldest xmin: 538022306
Skipped 0 pages due to buffer pins, 8576 frozen pages.
CPU: user: 0.00 s, system: 0.00 s, elapsed: 0.02 s.
psql:run_vacuum_20March2023_8.sql:18: INFO:  aggressively vacuuming "pg_toast.pg_toast_568051638"
psql:run_vacuum_20March2023_8.sql:18: INFO:  table "pg_toast_568051638": found 0 removable, 7 nonremovable row versions in 1 out of 2187 pages
DETAIL:  0 dead row versions cannot be removed yet, oldest xmin: 538022306
Skipped 0 pages due to buffer pins, 2186 frozen pages.
CPU: user: 0.00 s, system: 0.00 s, elapsed: 0.00 s.
psql:run_vacuum_20March2023_8.sql:18: INFO:  analyzing "ibobadm.psp_source_system_transmission_m112014_from_ews"
psql:run_vacuum_20March2023_8.sql:18: INFO:  "psp_source_system_transmission_m112014_from_ews": scanned 8577 of 8577 pages, containing 46737 live rows and 0 dead rows; 46737 rows in sample, 46737 estimated total rows
VACUUM
Time: 9011.237 ms (00:09.011)
psql:run_vacuum_20March2023_8.sql:19: INFO:  aggressively vacuuming "ibobadm.psp_source_system_transmission_m112014_from_null"
psql:run_vacuum_20March2023_8.sql:19: INFO:  table "psp_source_system_transmission_m112014_from_null": found 0 removable, 0 nonremovable row versions in 0 out of 0 pages
DETAIL:  0 dead row versions cannot be removed yet, oldest xmin: 538022306
Skipped 0 pages due to buffer pins, 0 frozen pages.
CPU: user: 0.00 s, system: 0.00 s, elapsed: 0.00 s.
psql:run_vacuum_20March2023_8.sql:19: INFO:  aggressively vacuuming "pg_toast.pg_toast_568051646"
psql:run_vacuum_20March2023_8.sql:19: INFO:  table "pg_toast_568051646": found 0 removable, 0 nonremovable row versions in 0 out of 0 pages
DETAIL:  0 dead row versions cannot be removed yet, oldest xmin: 538022306
Skipped 0 pages due to buffer pins, 0 frozen pages.
CPU: user: 0.00 s, system: 0.00 s, elapsed: 0.00 s.
psql:run_vacuum_20March2023_8.sql:19: INFO:  analyzing "ibobadm.psp_source_system_transmission_m112014_from_null"
psql:run_vacuum_20March2023_8.sql:19: INFO:  "psp_source_system_transmission_m112014_from_null": scanned 0 of 0 pages, containing 0 live rows and 0 dead rows; 0 rows in sample, 0 estimated total rows
VACUUM
Time: 22.049 ms
psql:run_vacuum_20March2023_8.sql:20: INFO:  aggressively vacuuming "ibobadm.psp_source_system_transmission_m042018_from_qbdt"
psql:run_vacuum_20March2023_8.sql:20: INFO:  launched 4 parallel vacuum workers for index cleanup (planned: 4)
psql:run_vacuum_20March2023_8.sql:20: INFO:  table "psp_source_system_transmission_m042018_from_qbdt": found 0 removable, 2 nonremovable row versions in 1 out of 777740 pages
DETAIL:  0 dead row versions cannot be removed yet, oldest xmin: 538022306
Skipped 0 pages due to buffer pins, 777739 frozen pages.
CPU: user: 0.06 s, system: 0.63 s, elapsed: 0.87 s.
psql:run_vacuum_20March2023_8.sql:20: INFO:  aggressively vacuuming "pg_toast.pg_toast_568046216"
psql:run_vacuum_20March2023_8.sql:20: INFO:  table "pg_toast_568046216": found 0 removable, 2 nonremovable row versions in 1 out of 1866446 pages
DETAIL:  0 dead row versions cannot be removed yet, oldest xmin: 538022306
Skipped 0 pages due to buffer pins, 1866445 frozen pages.
CPU: user: 0.06 s, system: 0.00 s, elapsed: 0.51 s.
psql:run_vacuum_20March2023_8.sql:20: INFO:  analyzing "ibobadm.psp_source_system_transmission_m042018_from_qbdt"
psql:run_vacuum_20March2023_8.sql:20: INFO:  "psp_source_system_transmission_m042018_from_qbdt": scanned 153600 of 777740 pages, containing 841708 live rows and 0 dead rows; 153600 rows in sample, 4261914 estimated total rows
VACUUM
Time: 141117.312 ms (02:21.117)
psql:run_vacuum_20March2023_8.sql:21: INFO:  aggressively vacuuming "ibobadm.psp_source_system_transmission_m112014_from_qbdt"
psql:run_vacuum_20March2023_8.sql:21: INFO:  launched 4 parallel vacuum workers for index cleanup (planned: 4)
psql:run_vacuum_20March2023_8.sql:21: INFO:  table "psp_source_system_transmission_m112014_from_qbdt": found 0 removable, 1 nonremovable row versions in 1 out of 414787 pages
DETAIL:  0 dead row versions cannot be removed yet, oldest xmin: 538022692
Skipped 0 pages due to buffer pins, 414786 frozen pages.
CPU: user: 0.01 s, system: 0.44 s, elapsed: 0.56 s.
psql:run_vacuum_20March2023_8.sql:21: INFO:  aggressively vacuuming "pg_toast.pg_toast_568051664"
psql:run_vacuum_20March2023_8.sql:21: INFO:  table "pg_toast_568051664": found 0 removable, 3 nonremovable row versions in 1 out of 1378190 pages
DETAIL:  0 dead row versions cannot be removed yet, oldest xmin: 538022692
Skipped 0 pages due to buffer pins, 1378189 frozen pages.
CPU: user: 0.04 s, system: 0.00 s, elapsed: 0.37 s.
psql:run_vacuum_20March2023_8.sql:21: INFO:  analyzing "ibobadm.psp_source_system_transmission_m112014_from_qbdt"
psql:run_vacuum_20March2023_8.sql:21: INFO:  "psp_source_system_transmission_m112014_from_qbdt": scanned 153600 of 414787 pages, containing 877414 live rows and 0 dead rows; 153600 rows in sample, 2369401 estimated total rows
VACUUM
Time: 139630.276 ms (02:19.630)
psql:run_vacuum_20March2023_8.sql:22: INFO:  aggressively vacuuming "ibobadm.psp_source_system_transmission_m122014_from_psp"
psql:run_vacuum_20March2023_8.sql:22: INFO:  launched 4 parallel vacuum workers for index cleanup (planned: 4)
psql:run_vacuum_20March2023_8.sql:22: INFO:  table "psp_source_system_transmission_m122014_from_psp": found 0 removable, 5 nonremovable row versions in 1 out of 55104 pages
DETAIL:  0 dead row versions cannot be removed yet, oldest xmin: 538022931
Skipped 0 pages due to buffer pins, 55103 frozen pages.
CPU: user: 0.02 s, system: 0.03 s, elapsed: 0.08 s.
psql:run_vacuum_20March2023_8.sql:22: INFO:  aggressively vacuuming "pg_toast.pg_toast_568052483"
psql:run_vacuum_20March2023_8.sql:22: INFO:  table "pg_toast_568052483": found 0 removable, 6 nonremovable row versions in 1 out of 131735 pages
DETAIL:  0 dead row versions cannot be removed yet, oldest xmin: 538022931
Skipped 0 pages due to buffer pins, 131734 frozen pages.
CPU: user: 0.00 s, system: 0.00 s, elapsed: 0.03 s.
psql:run_vacuum_20March2023_8.sql:22: INFO:  analyzing "ibobadm.psp_source_system_transmission_m122014_from_psp"
psql:run_vacuum_20March2023_8.sql:22: INFO:  "psp_source_system_transmission_m122014_from_psp": scanned 55104 of 55104 pages, containing 450857 live rows and 0 dead rows; 153600 rows in sample, 450857 estimated total rows
VACUUM
Time: 62991.679 ms (01:02.992)
psql:run_vacuum_20March2023_8.sql:23: INFO:  aggressively vacuuming "ibobadm.psp_source_system_transmission_m112014_from_dflt"
psql:run_vacuum_20March2023_8.sql:23: INFO:  table "psp_source_system_transmission_m112014_from_dflt": found 0 removable, 0 nonremovable row versions in 0 out of 0 pages
DETAIL:  0 dead row versions cannot be removed yet, oldest xmin: 538023176
Skipped 0 pages due to buffer pins, 0 frozen pages.
CPU: user: 0.00 s, system: 0.00 s, elapsed: 0.00 s.
psql:run_vacuum_20March2023_8.sql:23: INFO:  aggressively vacuuming "pg_toast.pg_toast_568051626"
psql:run_vacuum_20March2023_8.sql:23: INFO:  table "pg_toast_568051626": found 0 removable, 0 nonremovable row versions in 0 out of 0 pages
DETAIL:  0 dead row versions cannot be removed yet, oldest xmin: 538023176
Skipped 0 pages due to buffer pins, 0 frozen pages.
CPU: user: 0.00 s, system: 0.00 s, elapsed: 0.00 s.
psql:run_vacuum_20March2023_8.sql:23: INFO:  analyzing "ibobadm.psp_source_system_transmission_m112014_from_dflt"
psql:run_vacuum_20March2023_8.sql:23: INFO:  "psp_source_system_transmission_m112014_from_dflt": scanned 0 of 0 pages, containing 0 live rows and 0 dead rows; 0 rows in sample, 0 estimated total rows
VACUUM
Time: 21.964 ms
 pg_sleep 
----------
 
(1 row)

Time: 60101.338 ms (01:00.101)
psql:run_vacuum_20March2023_8.sql:25: INFO:  aggressively vacuuming "ibobadm.psp_source_system_transmission_m112014_from_cris"
psql:run_vacuum_20March2023_8.sql:25: INFO:  table "psp_source_system_transmission_m112014_from_cris": found 0 removable, 0 nonremovable row versions in 0 out of 0 pages
DETAIL:  0 dead row versions cannot be removed yet, oldest xmin: 538023176
Skipped 0 pages due to buffer pins, 0 frozen pages.
CPU: user: 0.00 s, system: 0.00 s, elapsed: 0.00 s.
psql:run_vacuum_20March2023_8.sql:25: INFO:  aggressively vacuuming "pg_toast.pg_toast_568051618"
psql:run_vacuum_20March2023_8.sql:25: INFO:  table "pg_toast_568051618": found 0 removable, 0 nonremovable row versions in 0 out of 0 pages
DETAIL:  0 dead row versions cannot be removed yet, oldest xmin: 538023176
Skipped 0 pages due to buffer pins, 0 frozen pages.
CPU: user: 0.00 s, system: 0.00 s, elapsed: 0.00 s.
psql:run_vacuum_20March2023_8.sql:25: INFO:  analyzing "ibobadm.psp_source_system_transmission_m112014_from_cris"
psql:run_vacuum_20March2023_8.sql:25: INFO:  "psp_source_system_transmission_m112014_from_cris": scanned 0 of 0 pages, containing 0 live rows and 0 dead rows; 0 rows in sample, 0 estimated total rows
VACUUM
Time: 22.142 ms
psql:run_vacuum_20March2023_8.sql:26: INFO:  aggressively vacuuming "ibobadm.psp_source_system_transmission_m122014_from_qbdt"
psql:run_vacuum_20March2023_8.sql:26: INFO:  launched 4 parallel vacuum workers for index cleanup (planned: 4)
psql:run_vacuum_20March2023_8.sql:26: INFO:  table "psp_source_system_transmission_m122014_from_qbdt": found 0 removable, 2 nonremovable row versions in 1 out of 513148 pages
DETAIL:  0 dead row versions cannot be removed yet, oldest xmin: 538023176
Skipped 0 pages due to buffer pins, 513147 frozen pages.
CPU: user: 0.01 s, system: 0.58 s, elapsed: 0.70 s.
psql:run_vacuum_20March2023_8.sql:26: INFO:  aggressively vacuuming "pg_toast.pg_toast_568052491"
psql:run_vacuum_20March2023_8.sql:26: INFO:  table "pg_toast_568052491": found 0 removable, 3 nonremovable row versions in 1 out of 1710921 pages
DETAIL:  0 dead row versions cannot be removed yet, oldest xmin: 538023176
Skipped 0 pages due to buffer pins, 1710920 frozen pages.
CPU: user: 0.05 s, system: 0.00 s, elapsed: 0.45 s.
psql:run_vacuum_20March2023_8.sql:26: INFO:  analyzing "ibobadm.psp_source_system_transmission_m122014_from_qbdt"
psql:run_vacuum_20March2023_8.sql:26: INFO:  "psp_source_system_transmission_m122014_from_qbdt": scanned 153600 of 513148 pages, containing 876528 live rows and 0 dead rows; 153600 rows in sample, 2928311 estimated total rows
VACUUM
Time: 141442.662 ms (02:21.443)
psql:run_vacuum_20March2023_8.sql:27: INFO:  aggressively vacuuming "ibobadm.psp_source_system_transmission_m122014_from_dflt"
psql:run_vacuum_20March2023_8.sql:27: INFO:  table "psp_source_system_transmission_m122014_from_dflt": found 0 removable, 0 nonremovable row versions in 0 out of 0 pages
DETAIL:  0 dead row versions cannot be removed yet, oldest xmin: 538023579
Skipped 0 pages due to buffer pins, 0 frozen pages.
CPU: user: 0.00 s, system: 0.00 s, elapsed: 0.00 s.
psql:run_vacuum_20March2023_8.sql:27: INFO:  aggressively vacuuming "pg_toast.pg_toast_568052460"
psql:run_vacuum_20March2023_8.sql:27: INFO:  table "pg_toast_568052460": found 0 removable, 0 nonremovable row versions in 0 out of 0 pages
DETAIL:  0 dead row versions cannot be removed yet, oldest xmin: 538023579
Skipped 0 pages due to buffer pins, 0 frozen pages.
CPU: user: 0.00 s, system: 0.00 s, elapsed: 0.00 s.
psql:run_vacuum_20March2023_8.sql:27: INFO:  analyzing "ibobadm.psp_source_system_transmission_m122014_from_dflt"
psql:run_vacuum_20March2023_8.sql:27: INFO:  "psp_source_system_transmission_m122014_from_dflt": scanned 0 of 0 pages, containing 0 live rows and 0 dead rows; 0 rows in sample, 0 estimated total rows
VACUUM
Time: 21.834 ms
psql:run_vacuum_20March2023_8.sql:28: INFO:  aggressively vacuuming "ibobadm.psp_source_system_transmission_m122014_from_cris"
psql:run_vacuum_20March2023_8.sql:28: INFO:  table "psp_source_system_transmission_m122014_from_cris": found 0 removable, 0 nonremovable row versions in 0 out of 0 pages
DETAIL:  0 dead row versions cannot be removed yet, oldest xmin: 538023579
Skipped 0 pages due to buffer pins, 0 frozen pages.
CPU: user: 0.00 s, system: 0.00 s, elapsed: 0.00 s.
psql:run_vacuum_20March2023_8.sql:28: INFO:  aggressively vacuuming "pg_toast.pg_toast_568052453"
psql:run_vacuum_20March2023_8.sql:28: INFO:  table "pg_toast_568052453": found 0 removable, 0 nonremovable row versions in 0 out of 0 pages
DETAIL:  0 dead row versions cannot be removed yet, oldest xmin: 538023579
Skipped 0 pages due to buffer pins, 0 frozen pages.
CPU: user: 0.00 s, system: 0.00 s, elapsed: 0.00 s.
psql:run_vacuum_20March2023_8.sql:28: INFO:  analyzing "ibobadm.psp_source_system_transmission_m122014_from_cris"
psql:run_vacuum_20March2023_8.sql:28: INFO:  "psp_source_system_transmission_m122014_from_cris": scanned 0 of 0 pages, containing 0 live rows and 0 dead rows; 0 rows in sample, 0 estimated total rows
VACUUM
Time: 10.702 ms
psql:run_vacuum_20March2023_8.sql:29: INFO:  aggressively vacuuming "ibobadm.psp_source_system_transmission_m122014_from_ews"
psql:run_vacuum_20March2023_8.sql:29: INFO:  launched 4 parallel vacuum workers for index cleanup (planned: 4)
psql:run_vacuum_20March2023_8.sql:29: INFO:  table "psp_source_system_transmission_m122014_from_ews": found 0 removable, 2 nonremovable row versions in 1 out of 12673 pages
DETAIL:  0 dead row versions cannot be removed yet, oldest xmin: 538023579
Skipped 0 pages due to buffer pins, 12672 frozen pages.
CPU: user: 0.00 s, system: 0.01 s, elapsed: 0.02 s.
psql:run_vacuum_20March2023_8.sql:29: INFO:  aggressively vacuuming "pg_toast.pg_toast_568052467"
psql:run_vacuum_20March2023_8.sql:29: INFO:  table "pg_toast_568052467": found 0 removable, 4 nonremovable row versions in 1 out of 3344 pages
DETAIL:  0 dead row versions cannot be removed yet, oldest xmin: 538023579
Skipped 0 pages due to buffer pins, 3343 frozen pages.
CPU: user: 0.00 s, system: 0.00 s, elapsed: 0.00 s.
psql:run_vacuum_20March2023_8.sql:29: INFO:  analyzing "ibobadm.psp_source_system_transmission_m122014_from_ews"
psql:run_vacuum_20March2023_8.sql:29: INFO:  "psp_source_system_transmission_m122014_from_ews": scanned 12673 of 12673 pages, containing 68369 live rows and 0 dead rows; 68369 rows in sample, 68369 estimated total rows
VACUUM
Time: 13190.064 ms (00:13.190)
psql:run_vacuum_20March2023_8.sql:30: INFO:  aggressively vacuuming "ibobadm.psp_source_system_transmission_m052018_from_ews"
psql:run_vacuum_20March2023_8.sql:30: INFO:  launched 4 parallel vacuum workers for index cleanup (planned: 4)
psql:run_vacuum_20March2023_8.sql:30: INFO:  table "psp_source_system_transmission_m052018_from_ews": found 0 removable, 4 nonremovable row versions in 1 out of 1149095 pages
DETAIL:  0 dead row versions cannot be removed yet, oldest xmin: 538023610
Skipped 0 pages due to buffer pins, 1149094 frozen pages.
CPU: user: 0.05 s, system: 0.66 s, elapsed: 0.96 s.
psql:run_vacuum_20March2023_8.sql:30: INFO:  aggressively vacuuming "pg_toast.pg_toast_568046963"
psql:run_vacuum_20March2023_8.sql:30: INFO:  table "pg_toast_568046963": found 0 removable, 4 nonremovable row versions in 1 out of 281772 pages
DETAIL:  0 dead row versions cannot be removed yet, oldest xmin: 538023610
Skipped 0 pages due to buffer pins, 281771 frozen pages.
CPU: user: 0.00 s, system: 0.00 s, elapsed: 0.07 s.
psql:run_vacuum_20March2023_8.sql:30: INFO:  analyzing "ibobadm.psp_source_system_transmission_m052018_from_ews"
psql:run_vacuum_20March2023_8.sql:30: INFO:  "psp_source_system_transmission_m052018_from_ews": scanned 153600 of 1149095 pages, containing 739136 live rows and 0 dead rows; 153600 rows in sample, 5529541 estimated total rows
VACUUM
Time: 138738.912 ms (02:18.739)
psql:run_vacuum_20March2023_8.sql:31: INFO:  aggressively vacuuming "ibobadm.psp_source_system_transmission_m122014_from_null"
psql:run_vacuum_20March2023_8.sql:31: INFO:  table "psp_source_system_transmission_m122014_from_null": found 0 removable, 0 nonremovable row versions in 0 out of 0 pages
DETAIL:  0 dead row versions cannot be removed yet, oldest xmin: 538023893
Skipped 0 pages due to buffer pins, 0 frozen pages.
CPU: user: 0.00 s, system: 0.00 s, elapsed: 0.00 s.
psql:run_vacuum_20March2023_8.sql:31: INFO:  aggressively vacuuming "pg_toast.pg_toast_568052475"
psql:run_vacuum_20March2023_8.sql:31: INFO:  table "pg_toast_568052475": found 0 removable, 0 nonremovable row versions in 0 out of 0 pages
DETAIL:  0 dead row versions cannot be removed yet, oldest xmin: 538023893
Skipped 0 pages due to buffer pins, 0 frozen pages.
CPU: user: 0.00 s, system: 0.00 s, elapsed: 0.00 s.
psql:run_vacuum_20March2023_8.sql:31: INFO:  analyzing "ibobadm.psp_source_system_transmission_m122014_from_null"
psql:run_vacuum_20March2023_8.sql:31: INFO:  "psp_source_system_transmission_m122014_from_null": scanned 0 of 0 pages, containing 0 live rows and 0 dead rows; 0 rows in sample, 0 estimated total rows
VACUUM
Time: 22.136 ms
psql:run_vacuum_20March2023_8.sql:32: INFO:  aggressively vacuuming "ibobadm.psp_source_system_transmission_m052018_from_dflt"
psql:run_vacuum_20March2023_8.sql:32: INFO:  table "psp_source_system_transmission_m052018_from_dflt": found 0 removable, 0 nonremovable row versions in 0 out of 0 pages
DETAIL:  0 dead row versions cannot be removed yet, oldest xmin: 538023893
Skipped 0 pages due to buffer pins, 0 frozen pages.
CPU: user: 0.00 s, system: 0.00 s, elapsed: 0.00 s.
psql:run_vacuum_20March2023_8.sql:32: INFO:  aggressively vacuuming "pg_toast.pg_toast_568046954"
psql:run_vacuum_20March2023_8.sql:32: INFO:  table "pg_toast_568046954": found 0 removable, 0 nonremovable row versions in 0 out of 0 pages
DETAIL:  0 dead row versions cannot be removed yet, oldest xmin: 538023893
Skipped 0 pages due to buffer pins, 0 frozen pages.
CPU: user: 0.00 s, system: 0.00 s, elapsed: 0.00 s.
psql:run_vacuum_20March2023_8.sql:32: INFO:  analyzing "ibobadm.psp_source_system_transmission_m052018_from_dflt"
psql:run_vacuum_20March2023_8.sql:32: INFO:  "psp_source_system_transmission_m052018_from_dflt": scanned 0 of 0 pages, containing 0 live rows and 0 dead rows; 0 rows in sample, 0 estimated total rows
VACUUM
Time: 11.710 ms
psql:run_vacuum_20March2023_8.sql:33: INFO:  aggressively vacuuming "ibobadm.psp_source_system_transmission_m052018_from_psp"
psql:run_vacuum_20March2023_8.sql:33: INFO:  launched 4 parallel vacuum workers for index cleanup (planned: 4)
psql:run_vacuum_20March2023_8.sql:33: INFO:  table "psp_source_system_transmission_m052018_from_psp": found 0 removable, 2 nonremovable row versions in 1 out of 128552 pages
DETAIL:  0 dead row versions cannot be removed yet, oldest xmin: 538023893
Skipped 0 pages due to buffer pins, 128551 frozen pages.
CPU: user: 0.00 s, system: 0.13 s, elapsed: 0.18 s.
psql:run_vacuum_20March2023_8.sql:33: INFO:  aggressively vacuuming "pg_toast.pg_toast_568046978"
psql:run_vacuum_20March2023_8.sql:33: INFO:  table "pg_toast_568046978": found 0 removable, 1 nonremovable row versions in 1 out of 1252438 pages
DETAIL:  0 dead row versions cannot be removed yet, oldest xmin: 538023893
Skipped 0 pages due to buffer pins, 1252437 frozen pages.
CPU: user: 0.04 s, system: 0.00 s, elapsed: 0.33 s.
psql:run_vacuum_20March2023_8.sql:33: INFO:  analyzing "ibobadm.psp_source_system_transmission_m052018_from_psp"
psql:run_vacuum_20March2023_8.sql:33: INFO:  "psp_source_system_transmission_m052018_from_psp": scanned 128552 of 128552 pages, containing 1404627 live rows and 0 dead rows; 153600 rows in sample, 1404627 estimated total rows
VACUUM
Time: 122259.978 ms (02:02.260)
psql:run_vacuum_20March2023_8.sql:34: INFO:  aggressively vacuuming "ibobadm.psp_source_system_transmission_m052018_from_qbdt"
psql:run_vacuum_20March2023_8.sql:34: INFO:  launched 4 parallel vacuum workers for index cleanup (planned: 4)
psql:run_vacuum_20March2023_8.sql:34: INFO:  table "psp_source_system_transmission_m052018_from_qbdt": found 0 removable, 5 nonremovable row versions in 1 out of 822717 pages
DETAIL:  0 dead row versions cannot be removed yet, oldest xmin: 538024236
Skipped 0 pages due to buffer pins, 822716 frozen pages.
CPU: user: 0.03 s, system: 0.67 s, elapsed: 0.88 s.
psql:run_vacuum_20March2023_8.sql:34: INFO:  aggressively vacuuming "pg_toast.pg_toast_568046986"
psql:run_vacuum_20March2023_8.sql:34: INFO:  table "pg_toast_568046986": found 0 removable, 5 nonremovable row versions in 1 out of 2028132 pages
DETAIL:  0 dead row versions cannot be removed yet, oldest xmin: 538024239
Skipped 0 pages due to buffer pins, 2028131 frozen pages.
CPU: user: 0.06 s, system: 0.01 s, elapsed: 0.55 s.
psql:run_vacuum_20March2023_8.sql:34: INFO:  analyzing "ibobadm.psp_source_system_transmission_m052018_from_qbdt"
psql:run_vacuum_20March2023_8.sql:34: INFO:  "psp_source_system_transmission_m052018_from_qbdt": scanned 153600 of 822717 pages, containing 854771 live rows and 0 dead rows; 153600 rows in sample, 4578350 estimated total rows
VACUUM
Time: 141427.852 ms (02:21.428)
 pg_sleep 
----------
 
(1 row)

Time: 60101.235 ms (01:00.101)
psql:run_vacuum_20March2023_8.sql:36: INFO:  aggressively vacuuming "ibobadm.psp_source_system_transmission_m052018_from_null"
psql:run_vacuum_20March2023_8.sql:36: INFO:  table "psp_source_system_transmission_m052018_from_null": found 0 removable, 0 nonremovable row versions in 0 out of 0 pages
DETAIL:  0 dead row versions cannot be removed yet, oldest xmin: 538024765
Skipped 0 pages due to buffer pins, 0 frozen pages.
CPU: user: 0.00 s, system: 0.00 s, elapsed: 0.00 s.
psql:run_vacuum_20March2023_8.sql:36: INFO:  aggressively vacuuming "pg_toast.pg_toast_568046970"
psql:run_vacuum_20March2023_8.sql:36: INFO:  table "pg_toast_568046970": found 0 removable, 0 nonremovable row versions in 0 out of 0 pages
DETAIL:  0 dead row versions cannot be removed yet, oldest xmin: 538024765
Skipped 0 pages due to buffer pins, 0 frozen pages.
CPU: user: 0.00 s, system: 0.00 s, elapsed: 0.00 s.
psql:run_vacuum_20March2023_8.sql:36: INFO:  analyzing "ibobadm.psp_source_system_transmission_m052018_from_null"
psql:run_vacuum_20March2023_8.sql:36: INFO:  "psp_source_system_transmission_m052018_from_null": scanned 0 of 0 pages, containing 0 live rows and 0 dead rows; 0 rows in sample, 0 estimated total rows
VACUUM
Time: 21.951 ms
psql:run_vacuum_20March2023_8.sql:37: INFO:  aggressively vacuuming "ibobadm.psp_source_system_transmission_m062018_from_psp"
psql:run_vacuum_20March2023_8.sql:37: INFO:  launched 4 parallel vacuum workers for index cleanup (planned: 4)
psql:run_vacuum_20March2023_8.sql:37: INFO:  table "psp_source_system_transmission_m062018_from_psp": found 0 removable, 7 nonremovable row versions in 1 out of 115303 pages
DETAIL:  0 dead row versions cannot be removed yet, oldest xmin: 538024765
Skipped 0 pages due to buffer pins, 115302 frozen pages.
CPU: user: 0.00 s, system: 0.12 s, elapsed: 0.16 s.
psql:run_vacuum_20March2023_8.sql:37: INFO:  aggressively vacuuming "pg_toast.pg_toast_568047740"
psql:run_vacuum_20March2023_8.sql:37: INFO:  table "pg_toast_568047740": found 0 removable, 3 nonremovable row versions in 1 out of 901537 pages
DETAIL:  0 dead row versions cannot be removed yet, oldest xmin: 538024765
Skipped 0 pages due to buffer pins, 901536 frozen pages.
CPU: user: 0.03 s, system: 0.00 s, elapsed: 0.25 s.
psql:run_vacuum_20March2023_8.sql:37: INFO:  analyzing "ibobadm.psp_source_system_transmission_m062018_from_psp"
psql:run_vacuum_20March2023_8.sql:37: INFO:  "psp_source_system_transmission_m062018_from_psp": scanned 115303 of 115303 pages, containing 1206465 live rows and 0 dead rows; 153600 rows in sample, 1206465 estimated total rows
VACUUM
Time: 111738.179 ms (01:51.738)
psql:run_vacuum_20March2023_8.sql:38: INFO:  aggressively vacuuming "ibobadm.psp_source_system_transmission_m062018_from_null"
psql:run_vacuum_20March2023_8.sql:38: INFO:  table "psp_source_system_transmission_m062018_from_null": found 0 removable, 0 nonremovable row versions in 0 out of 0 pages
DETAIL:  0 dead row versions cannot be removed yet, oldest xmin: 538024983
Skipped 0 pages due to buffer pins, 0 frozen pages.
CPU: user: 0.00 s, system: 0.00 s, elapsed: 0.00 s.
psql:run_vacuum_20March2023_8.sql:38: INFO:  aggressively vacuuming "pg_toast.pg_toast_568047733"
psql:run_vacuum_20March2023_8.sql:38: INFO:  table "pg_toast_568047733": found 0 removable, 0 nonremovable row versions in 0 out of 0 pages
DETAIL:  0 dead row versions cannot be removed yet, oldest xmin: 538024983
Skipped 0 pages due to buffer pins, 0 frozen pages.
CPU: user: 0.00 s, system: 0.00 s, elapsed: 0.00 s.
psql:run_vacuum_20March2023_8.sql:38: INFO:  analyzing "ibobadm.psp_source_system_transmission_m062018_from_null"
psql:run_vacuum_20March2023_8.sql:38: INFO:  "psp_source_system_transmission_m062018_from_null": scanned 0 of 0 pages, containing 0 live rows and 0 dead rows; 0 rows in sample, 0 estimated total rows
VACUUM
Time: 22.407 ms
psql:run_vacuum_20March2023_8.sql:39: INFO:  aggressively vacuuming "ibobadm.psp_source_system_transmission_m062018_from_dflt"
psql:run_vacuum_20March2023_8.sql:39: INFO:  table "psp_source_system_transmission_m062018_from_dflt": found 0 removable, 0 nonremovable row versions in 0 out of 0 pages
DETAIL:  0 dead row versions cannot be removed yet, oldest xmin: 538024983
Skipped 0 pages due to buffer pins, 0 frozen pages.
CPU: user: 0.00 s, system: 0.00 s, elapsed: 0.00 s.
psql:run_vacuum_20March2023_8.sql:39: INFO:  aggressively vacuuming "pg_toast.pg_toast_568047714"
psql:run_vacuum_20March2023_8.sql:39: INFO:  table "pg_toast_568047714": found 0 removable, 0 nonremovable row versions in 0 out of 0 pages
DETAIL:  0 dead row versions cannot be removed yet, oldest xmin: 538024983
Skipped 0 pages due to buffer pins, 0 frozen pages.
CPU: user: 0.00 s, system: 0.00 s, elapsed: 0.00 s.
psql:run_vacuum_20March2023_8.sql:39: INFO:  analyzing "ibobadm.psp_source_system_transmission_m062018_from_dflt"
psql:run_vacuum_20March2023_8.sql:39: INFO:  "psp_source_system_transmission_m062018_from_dflt": scanned 0 of 0 pages, containing 0 live rows and 0 dead rows; 0 rows in sample, 0 estimated total rows
VACUUM
Time: 10.626 ms
psql:run_vacuum_20March2023_8.sql:40: INFO:  aggressively vacuuming "ibobadm.psp_source_system_transmission_m062018_from_cris"
psql:run_vacuum_20March2023_8.sql:40: INFO:  table "psp_source_system_transmission_m062018_from_cris": found 0 removable, 0 nonremovable row versions in 0 out of 0 pages
DETAIL:  0 dead row versions cannot be removed yet, oldest xmin: 538024983
Skipped 0 pages due to buffer pins, 0 frozen pages.
CPU: user: 0.00 s, system: 0.00 s, elapsed: 0.00 s.
psql:run_vacuum_20March2023_8.sql:40: INFO:  aggressively vacuuming "pg_toast.pg_toast_568047706"
psql:run_vacuum_20March2023_8.sql:40: INFO:  table "pg_toast_568047706": found 0 removable, 0 nonremovable row versions in 0 out of 0 pages
DETAIL:  0 dead row versions cannot be removed yet, oldest xmin: 538024983
Skipped 0 pages due to buffer pins, 0 frozen pages.
CPU: user: 0.00 s, system: 0.00 s, elapsed: 0.00 s.
psql:run_vacuum_20March2023_8.sql:40: INFO:  analyzing "ibobadm.psp_source_system_transmission_m062018_from_cris"
psql:run_vacuum_20March2023_8.sql:40: INFO:  "psp_source_system_transmission_m062018_from_cris": scanned 0 of 0 pages, containing 0 live rows and 0 dead rows; 0 rows in sample, 0 estimated total rows
VACUUM
Time: 10.371 ms
psql:run_vacuum_20March2023_8.sql:41: INFO:  aggressively vacuuming "ibobadm.psp_source_system_transmission_m062018_from_qbdt"
psql:run_vacuum_20March2023_8.sql:41: INFO:  launched 4 parallel vacuum workers for index cleanup (planned: 4)
psql:run_vacuum_20March2023_8.sql:41: INFO:  table "psp_source_system_transmission_m062018_from_qbdt": found 0 removable, 4 nonremovable row versions in 1 out of 806628 pages
DETAIL:  0 dead row versions cannot be removed yet, oldest xmin: 538024983
Skipped 0 pages due to buffer pins, 806627 frozen pages.
CPU: user: 0.07 s, system: 0.63 s, elapsed: 0.90 s.
psql:run_vacuum_20March2023_8.sql:41: INFO:  aggressively vacuuming "pg_toast.pg_toast_568047749"
psql:run_vacuum_20March2023_8.sql:41: INFO:  table "pg_toast_568047749": found 0 removable, 3 nonremovable row versions in 1 out of 1865307 pages
DETAIL:  0 dead row versions cannot be removed yet, oldest xmin: 538024983
Skipped 0 pages due to buffer pins, 1865306 frozen pages.
CPU: user: 0.06 s, system: 0.00 s, elapsed: 0.51 s.
psql:run_vacuum_20March2023_8.sql:41: INFO:  analyzing "ibobadm.psp_source_system_transmission_m062018_from_qbdt"
psql:run_vacuum_20March2023_8.sql:41: INFO:  "psp_source_system_transmission_m062018_from_qbdt": scanned 153600 of 806628 pages, containing 861588 live rows and 0 dead rows; 153600 rows in sample, 4524616 estimated total rows
VACUUM
Time: 144069.386 ms (02:24.069)
psql:run_vacuum_20March2023_8.sql:42: INFO:  aggressively vacuuming "ibobadm.psp_source_system_transmission_m072018_from_dflt"
psql:run_vacuum_20March2023_8.sql:42: INFO:  table "psp_source_system_transmission_m072018_from_dflt": found 0 removable, 0 nonremovable row versions in 0 out of 0 pages
DETAIL:  0 dead row versions cannot be removed yet, oldest xmin: 538025179
Skipped 0 pages due to buffer pins, 0 frozen pages.
CPU: user: 0.00 s, system: 0.00 s, elapsed: 0.00 s.
psql:run_vacuum_20March2023_8.sql:42: INFO:  aggressively vacuuming "pg_toast.pg_toast_568048533"
psql:run_vacuum_20March2023_8.sql:42: INFO:  table "pg_toast_568048533": found 0 removable, 0 nonremovable row versions in 0 out of 0 pages
DETAIL:  0 dead row versions cannot be removed yet, oldest xmin: 538025179
Skipped 0 pages due to buffer pins, 0 frozen pages.
CPU: user: 0.00 s, system: 0.00 s, elapsed: 0.00 s.
psql:run_vacuum_20March2023_8.sql:42: INFO:  analyzing "ibobadm.psp_source_system_transmission_m072018_from_dflt"
psql:run_vacuum_20March2023_8.sql:42: INFO:  "psp_source_system_transmission_m072018_from_dflt": scanned 0 of 0 pages, containing 0 live rows and 0 dead rows; 0 rows in sample, 0 estimated total rows
VACUUM
Time: 22.095 ms
psql:run_vacuum_20March2023_8.sql:43: INFO:  aggressively vacuuming "ibobadm.psp_source_system_transmission_m072018_from_ews"
psql:run_vacuum_20March2023_8.sql:43: INFO:  launched 4 parallel vacuum workers for index cleanup (planned: 4)
psql:run_vacuum_20March2023_8.sql:43: INFO:  table "psp_source_system_transmission_m072018_from_ews": found 0 removable, 2 nonremovable row versions in 1 out of 830493 pages
DETAIL:  0 dead row versions cannot be removed yet, oldest xmin: 538025179
Skipped 0 pages due to buffer pins, 830492 frozen pages.
CPU: user: 0.04 s, system: 0.64 s, elapsed: 0.86 s.
psql:run_vacuum_20March2023_8.sql:43: INFO:  aggressively vacuuming "pg_toast.pg_toast_568048541"
psql:run_vacuum_20March2023_8.sql:43: INFO:  table "pg_toast_568048541": found 0 removable, 2 nonremovable row versions in 1 out of 277214 pages
DETAIL:  0 dead row versions cannot be removed yet, oldest xmin: 538025179
Skipped 0 pages due to buffer pins, 277213 frozen pages.
CPU: user: 0.00 s, system: 0.00 s, elapsed: 0.07 s.
psql:run_vacuum_20March2023_8.sql:43: INFO:  analyzing "ibobadm.psp_source_system_transmission_m072018_from_ews"
psql:run_vacuum_20March2023_8.sql:43: INFO:  "psp_source_system_transmission_m072018_from_ews": scanned 153600 of 830493 pages, containing 785602 live rows and 0 dead rows; 153600 rows in sample, 4247636 estimated total rows
VACUUM
Time: 139638.428 ms (02:19.638)
psql:run_vacuum_20March2023_8.sql:44: INFO:  aggressively vacuuming "ibobadm.psp_source_system_transmission_m072018_from_qbdt"
psql:run_vacuum_20March2023_8.sql:44: INFO:  launched 4 parallel vacuum workers for index cleanup (planned: 4)
psql:run_vacuum_20March2023_8.sql:44: INFO:  table "psp_source_system_transmission_m072018_from_qbdt": found 0 removable, 4 nonremovable row versions in 1 out of 861691 pages
DETAIL:  0 dead row versions cannot be removed yet, oldest xmin: 538025605
Skipped 0 pages due to buffer pins, 861690 frozen pages.
CPU: user: 0.04 s, system: 0.66 s, elapsed: 0.89 s.
psql:run_vacuum_20March2023_8.sql:44: INFO:  aggressively vacuuming "pg_toast.pg_toast_568048567"
psql:run_vacuum_20March2023_8.sql:44: INFO:  table "pg_toast_568048567": found 0 removable, 2 nonremovable row versions in 1 out of 1999207 pages
DETAIL:  0 dead row versions cannot be removed yet, oldest xmin: 538025605
Skipped 0 pages due to buffer pins, 1999206 frozen pages.
CPU: user: 0.06 s, system: 0.00 s, elapsed: 0.53 s.
psql:run_vacuum_20March2023_8.sql:44: INFO:  analyzing "ibobadm.psp_source_system_transmission_m072018_from_qbdt"
psql:run_vacuum_20March2023_8.sql:44: INFO:  "psp_source_system_transmission_m072018_from_qbdt": scanned 153600 of 861691 pages, containing 861224 live rows and 0 dead rows; 153600 rows in sample, 4831439 estimated total rows
VACUUM
Time: 146546.770 ms (02:26.547)
psql:run_vacuum_20March2023_8.sql:45: INFO:  aggressively vacuuming "ibobadm.psp_source_system_transmission_m072018_from_psp"
psql:run_vacuum_20March2023_8.sql:45: INFO:  launched 4 parallel vacuum workers for index cleanup (planned: 4)
psql:run_vacuum_20March2023_8.sql:45: INFO:  table "psp_source_system_transmission_m072018_from_psp": found 0 removable, 8 nonremovable row versions in 1 out of 122060 pages
DETAIL:  0 dead row versions cannot be removed yet, oldest xmin: 538025821
Skipped 0 pages due to buffer pins, 122059 frozen pages.
CPU: user: 0.00 s, system: 0.13 s, elapsed: 0.17 s.
psql:run_vacuum_20March2023_8.sql:45: INFO:  aggressively vacuuming "pg_toast.pg_toast_568048558"
psql:run_vacuum_20March2023_8.sql:45: INFO:  table "pg_toast_568048558": found 0 removable, 5 nonremovable row versions in 1 out of 1283887 pages
DETAIL:  0 dead row versions cannot be removed yet, oldest xmin: 538025821
Skipped 0 pages due to buffer pins, 1283886 frozen pages.
CPU: user: 0.04 s, system: 0.00 s, elapsed: 0.33 s.
psql:run_vacuum_20March2023_8.sql:45: INFO:  analyzing "ibobadm.psp_source_system_transmission_m072018_from_psp"
psql:run_vacuum_20March2023_8.sql:45: INFO:  "psp_source_system_transmission_m072018_from_psp": scanned 122060 of 122060 pages, containing 1353508 live rows and 0 dead rows; 153600 rows in sample, 1353508 estimated total rows
VACUUM
Time: 116502.974 ms (01:56.503)
 pg_sleep 
----------
 
(1 row)

Time: 60101.293 ms (01:00.101)
psql:run_vacuum_20March2023_8.sql:47: INFO:  aggressively vacuuming "ibobadm.psp_source_system_transmission_m072018_from_null"
psql:run_vacuum_20March2023_8.sql:47: INFO:  table "psp_source_system_transmission_m072018_from_null": found 0 removable, 0 nonremovable row versions in 0 out of 0 pages
DETAIL:  0 dead row versions cannot be removed yet, oldest xmin: 538026273
Skipped 0 pages due to buffer pins, 0 frozen pages.
CPU: user: 0.00 s, system: 0.00 s, elapsed: 0.00 s.
psql:run_vacuum_20March2023_8.sql:47: INFO:  aggressively vacuuming "pg_toast.pg_toast_568048549"
psql:run_vacuum_20March2023_8.sql:47: INFO:  table "pg_toast_568048549": found 0 removable, 0 nonremovable row versions in 0 out of 0 pages
DETAIL:  0 dead row versions cannot be removed yet, oldest xmin: 538026273
Skipped 0 pages due to buffer pins, 0 frozen pages.
CPU: user: 0.00 s, system: 0.00 s, elapsed: 0.00 s.
psql:run_vacuum_20March2023_8.sql:47: INFO:  analyzing "ibobadm.psp_source_system_transmission_m072018_from_null"
psql:run_vacuum_20March2023_8.sql:47: INFO:  "psp_source_system_transmission_m072018_from_null": scanned 0 of 0 pages, containing 0 live rows and 0 dead rows; 0 rows in sample, 0 estimated total rows
VACUUM
Time: 21.890 ms
psql:run_vacuum_20March2023_8.sql:48: INFO:  aggressively vacuuming "ibobadm.psp_source_system_transmission_m082018_from_ews"
psql:run_vacuum_20March2023_8.sql:48: INFO:  table "psp_source_system_transmission_m082018_from_ews": index scan bypassed: 1 pages from table (0.00% of total) have 1 dead item identifiers
psql:run_vacuum_20March2023_8.sql:48: INFO:  launched 4 parallel vacuum workers for index cleanup (planned: 4)
psql:run_vacuum_20March2023_8.sql:48: INFO:  table "psp_source_system_transmission_m082018_from_ews": found 0 removable, 5 nonremovable row versions in 2 out of 665255 pages
DETAIL:  0 dead row versions cannot be removed yet, oldest xmin: 538026273
Skipped 0 pages due to buffer pins, 665253 frozen pages.
CPU: user: 0.06 s, system: 0.64 s, elapsed: 0.86 s.
psql:run_vacuum_20March2023_8.sql:48: INFO:  aggressively vacuuming "pg_toast.pg_toast_568049369"
psql:run_vacuum_20March2023_8.sql:48: INFO:  table "pg_toast_568049369": found 0 removable, 1 nonremovable row versions in 1 out of 270639 pages
DETAIL:  0 dead row versions cannot be removed yet, oldest xmin: 538026273
Skipped 0 pages due to buffer pins, 270638 frozen pages.
CPU: user: 0.00 s, system: 0.00 s, elapsed: 0.07 s.
psql:run_vacuum_20March2023_8.sql:48: INFO:  analyzing "ibobadm.psp_source_system_transmission_m082018_from_ews"
psql:run_vacuum_20March2023_8.sql:48: INFO:  "psp_source_system_transmission_m082018_from_ews": scanned 153600 of 665255 pages, containing 822778 live rows and 0 dead rows; 153600 rows in sample, 3563523 estimated total rows
VACUUM
Time: 139129.023 ms (02:19.129)
psql:run_vacuum_20March2023_8.sql:49: INFO:  aggressively vacuuming "ibobadm.psp_source_system_transmission_m122014_from_as400"
psql:run_vacuum_20March2023_8.sql:49: INFO:  table "psp_source_system_transmission_m122014_from_as400": found 0 removable, 0 nonremovable row versions in 0 out of 0 pages
DETAIL:  0 dead row versions cannot be removed yet, oldest xmin: 538026450
Skipped 0 pages due to buffer pins, 0 frozen pages.
CPU: user: 0.00 s, system: 0.00 s, elapsed: 0.00 s.
psql:run_vacuum_20March2023_8.sql:49: INFO:  aggressively vacuuming "pg_toast.pg_toast_568052445"
psql:run_vacuum_20March2023_8.sql:49: INFO:  table "pg_toast_568052445": found 0 removable, 0 nonremovable row versions in 0 out of 0 pages
DETAIL:  0 dead row versions cannot be removed yet, oldest xmin: 538026450
Skipped 0 pages due to buffer pins, 0 frozen pages.
CPU: user: 0.00 s, system: 0.00 s, elapsed: 0.00 s.
psql:run_vacuum_20March2023_8.sql:49: INFO:  analyzing "ibobadm.psp_source_system_transmission_m122014_from_as400"
psql:run_vacuum_20March2023_8.sql:49: INFO:  "psp_source_system_transmission_m122014_from_as400": scanned 0 of 0 pages, containing 0 live rows and 0 dead rows; 0 rows in sample, 0 estimated total rows
VACUUM
Time: 21.955 ms
psql:run_vacuum_20March2023_8.sql:50: INFO:  aggressively vacuuming "ibobadm.psp_source_system_transmission_m052018_from_as400"
psql:run_vacuum_20March2023_8.sql:50: INFO:  table "psp_source_system_transmission_m052018_from_as400": found 0 removable, 0 nonremovable row versions in 0 out of 0 pages
DETAIL:  0 dead row versions cannot be removed yet, oldest xmin: 538026450
Skipped 0 pages due to buffer pins, 0 frozen pages.
CPU: user: 0.00 s, system: 0.00 s, elapsed: 0.00 s.
psql:run_vacuum_20March2023_8.sql:50: INFO:  aggressively vacuuming "pg_toast.pg_toast_568046939"
psql:run_vacuum_20March2023_8.sql:50: INFO:  table "pg_toast_568046939": found 0 removable, 0 nonremovable row versions in 0 out of 0 pages
DETAIL:  0 dead row versions cannot be removed yet, oldest xmin: 538026450
Skipped 0 pages due to buffer pins, 0 frozen pages.
CPU: user: 0.00 s, system: 0.00 s, elapsed: 0.00 s.
psql:run_vacuum_20March2023_8.sql:50: INFO:  analyzing "ibobadm.psp_source_system_transmission_m052018_from_as400"
psql:run_vacuum_20March2023_8.sql:50: INFO:  "psp_source_system_transmission_m052018_from_as400": scanned 0 of 0 pages, containing 0 live rows and 0 dead rows; 0 rows in sample, 0 estimated total rows
VACUUM
Time: 11.424 ms
psql:run_vacuum_20March2023_8.sql:51: INFO:  aggressively vacuuming "ibobadm.psp_source_system_transmission_m062018_from_as400"
psql:run_vacuum_20March2023_8.sql:51: INFO:  table "psp_source_system_transmission_m062018_from_as400": found 0 removable, 0 nonremovable row versions in 0 out of 0 pages
DETAIL:  0 dead row versions cannot be removed yet, oldest xmin: 538026450
Skipped 0 pages due to buffer pins, 0 frozen pages.
CPU: user: 0.00 s, system: 0.00 s, elapsed: 0.00 s.
psql:run_vacuum_20March2023_8.sql:51: INFO:  aggressively vacuuming "pg_toast.pg_toast_568047697"
psql:run_vacuum_20March2023_8.sql:51: INFO:  table "pg_toast_568047697": found 0 removable, 0 nonremovable row versions in 0 out of 0 pages
DETAIL:  0 dead row versions cannot be removed yet, oldest xmin: 538026450
Skipped 0 pages due to buffer pins, 0 frozen pages.
CPU: user: 0.00 s, system: 0.00 s, elapsed: 0.00 s.
psql:run_vacuum_20March2023_8.sql:51: INFO:  analyzing "ibobadm.psp_source_system_transmission_m062018_from_as400"
psql:run_vacuum_20March2023_8.sql:51: INFO:  "psp_source_system_transmission_m062018_from_as400": scanned 0 of 0 pages, containing 0 live rows and 0 dead rows; 0 rows in sample, 0 estimated total rows
VACUUM
Time: 10.560 ms
psql:run_vacuum_20March2023_8.sql:52: INFO:  aggressively vacuuming "ibobadm.psp_source_system_transmission_m072018_from_as400"
psql:run_vacuum_20March2023_8.sql:52: INFO:  table "psp_source_system_transmission_m072018_from_as400": found 0 removable, 0 nonremovable row versions in 0 out of 0 pages
DETAIL:  0 dead row versions cannot be removed yet, oldest xmin: 538026450
Skipped 0 pages due to buffer pins, 0 frozen pages.
CPU: user: 0.00 s, system: 0.00 s, elapsed: 0.00 s.
psql:run_vacuum_20March2023_8.sql:52: INFO:  aggressively vacuuming "pg_toast.pg_toast_568048516"
psql:run_vacuum_20March2023_8.sql:52: INFO:  table "pg_toast_568048516": found 0 removable, 0 nonremovable row versions in 0 out of 0 pages
DETAIL:  0 dead row versions cannot be removed yet, oldest xmin: 538026450
Skipped 0 pages due to buffer pins, 0 frozen pages.
CPU: user: 0.00 s, system: 0.00 s, elapsed: 0.00 s.
psql:run_vacuum_20March2023_8.sql:52: INFO:  analyzing "ibobadm.psp_source_system_transmission_m072018_from_as400"
psql:run_vacuum_20March2023_8.sql:52: INFO:  "psp_source_system_transmission_m072018_from_as400": scanned 0 of 0 pages, containing 0 live rows and 0 dead rows; 0 rows in sample, 0 estimated total rows
VACUUM
Time: 10.741 ms
psql:run_vacuum_20March2023_8.sql:53: INFO:  aggressively vacuuming "ibobadm.psp_source_system_transmission_m082018_from_as400"
psql:run_vacuum_20March2023_8.sql:53: INFO:  table "psp_source_system_transmission_m082018_from_as400": found 0 removable, 0 nonremovable row versions in 0 out of 0 pages
DETAIL:  0 dead row versions cannot be removed yet, oldest xmin: 538026450
Skipped 0 pages due to buffer pins, 0 frozen pages.
CPU: user: 0.00 s, system: 0.00 s, elapsed: 0.00 s.
psql:run_vacuum_20March2023_8.sql:53: INFO:  aggressively vacuuming "pg_toast.pg_toast_568049339"
psql:run_vacuum_20March2023_8.sql:53: INFO:  table "pg_toast_568049339": found 0 removable, 0 nonremovable row versions in 0 out of 0 pages
DETAIL:  0 dead row versions cannot be removed yet, oldest xmin: 538026450
Skipped 0 pages due to buffer pins, 0 frozen pages.
CPU: user: 0.00 s, system: 0.00 s, elapsed: 0.00 s.
psql:run_vacuum_20March2023_8.sql:53: INFO:  analyzing "ibobadm.psp_source_system_transmission_m082018_from_as400"
psql:run_vacuum_20March2023_8.sql:53: INFO:  "psp_source_system_transmission_m082018_from_as400": scanned 0 of 0 pages, containing 0 live rows and 0 dead rows; 0 rows in sample, 0 estimated total rows
VACUUM
Time: 10.618 ms
psql:run_vacuum_20March2023_8.sql:54: INFO:  aggressively vacuuming "ibobadm.psp_source_system_transmission_m112014_from_as400"
psql:run_vacuum_20March2023_8.sql:54: INFO:  table "psp_source_system_transmission_m112014_from_as400": found 0 removable, 0 nonremovable row versions in 0 out of 0 pages
DETAIL:  0 dead row versions cannot be removed yet, oldest xmin: 538026450
Skipped 0 pages due to buffer pins, 0 frozen pages.
CPU: user: 0.00 s, system: 0.00 s, elapsed: 0.00 s.
psql:run_vacuum_20March2023_8.sql:54: INFO:  aggressively vacuuming "pg_toast.pg_toast_568051611"
psql:run_vacuum_20March2023_8.sql:54: INFO:  table "pg_toast_568051611": found 0 removable, 0 nonremovable row versions in 0 out of 0 pages
DETAIL:  0 dead row versions cannot be removed yet, oldest xmin: 538026450
Skipped 0 pages due to buffer pins, 0 frozen pages.
CPU: user: 0.00 s, system: 0.00 s, elapsed: 0.00 s.
psql:run_vacuum_20March2023_8.sql:54: INFO:  analyzing "ibobadm.psp_source_system_transmission_m112014_from_as400"
psql:run_vacuum_20March2023_8.sql:54: INFO:  "psp_source_system_transmission_m112014_from_as400": scanned 0 of 0 pages, containing 0 live rows and 0 dead rows; 0 rows in sample, 0 estimated total rows
VACUUM
Time: 10.742 ms
psql:run_vacuum_20March2023_8.sql:55: INFO:  aggressively vacuuming "ibobadm.psp_source_system_transmission_m042018_from_as400"
psql:run_vacuum_20March2023_8.sql:55: INFO:  table "psp_source_system_transmission_m042018_from_as400": found 0 removable, 0 nonremovable row versions in 0 out of 0 pages
DETAIL:  0 dead row versions cannot be removed yet, oldest xmin: 538026450
Skipped 0 pages due to buffer pins, 0 frozen pages.
CPU: user: 0.00 s, system: 0.00 s, elapsed: 0.00 s.
psql:run_vacuum_20March2023_8.sql:55: INFO:  aggressively vacuuming "pg_toast.pg_toast_568046165"
psql:run_vacuum_20March2023_8.sql:55: INFO:  table "pg_toast_568046165": found 0 removable, 0 nonremovable row versions in 0 out of 0 pages
DETAIL:  0 dead row versions cannot be removed yet, oldest xmin: 538026450
Skipped 0 pages due to buffer pins, 0 frozen pages.
CPU: user: 0.00 s, system: 0.00 s, elapsed: 0.00 s.
psql:run_vacuum_20March2023_8.sql:55: INFO:  analyzing "ibobadm.psp_source_system_transmission_m042018_from_as400"
psql:run_vacuum_20March2023_8.sql:55: INFO:  "psp_source_system_transmission_m042018_from_as400": scanned 0 of 0 pages, containing 0 live rows and 0 dead rows; 0 rows in sample, 0 estimated total rows
VACUUM
Time: 10.555 ms
psql:run_vacuum_20March2023_8.sql:56: INFO:  aggressively vacuuming "ibobadm.psp_source_system_transmission_m092014_from_as400"
psql:run_vacuum_20March2023_8.sql:56: INFO:  table "psp_source_system_transmission_m092014_from_as400": found 0 removable, 0 nonremovable row versions in 0 out of 0 pages
DETAIL:  0 dead row versions cannot be removed yet, oldest xmin: 538026450
Skipped 0 pages due to buffer pins, 0 frozen pages.
CPU: user: 0.00 s, system: 0.00 s, elapsed: 0.00 s.
psql:run_vacuum_20March2023_8.sql:56: INFO:  aggressively vacuuming "pg_toast.pg_toast_568049928"
psql:run_vacuum_20March2023_8.sql:56: INFO:  table "pg_toast_568049928": found 0 removable, 0 nonremovable row versions in 0 out of 0 pages
DETAIL:  0 dead row versions cannot be removed yet, oldest xmin: 538026450
Skipped 0 pages due to buffer pins, 0 frozen pages.
CPU: user: 0.00 s, system: 0.00 s, elapsed: 0.00 s.
psql:run_vacuum_20March2023_8.sql:56: INFO:  analyzing "ibobadm.psp_source_system_transmission_m092014_from_as400"
psql:run_vacuum_20March2023_8.sql:56: INFO:  "psp_source_system_transmission_m092014_from_as400": scanned 0 of 0 pages, containing 0 live rows and 0 dead rows; 0 rows in sample, 0 estimated total rows
VACUUM
Time: 10.844 ms
