Timing is on.
SET
Time: 1.244 ms
psql:run_vacuum_20March2023_1.sql:3: INFO:  aggressively vacuuming "perfstat.host_stat_hist"
psql:run_vacuum_20March2023_1.sql:3: INFO:  launched 1 parallel vacuum worker for index cleanup (planned: 1)
psql:run_vacuum_20March2023_1.sql:3: INFO:  table "host_stat_hist": found 0 removable, 312804 nonremovable row versions in 3476 out of 7194 pages
DETAIL:  0 dead row versions cannot be removed yet, oldest xmin: 536149422
Skipped 0 pages due to buffer pins, 3718 frozen pages.
CPU: user: 0.04 s, system: 0.00 s, elapsed: 0.06 s.
psql:run_vacuum_20March2023_1.sql:3: INFO:  analyzing "perfstat.host_stat_hist"
psql:run_vacuum_20March2023_1.sql:3: INFO:  "host_stat_hist": scanned 7194 of 7194 pages, containing 647424 live rows and 0 dead rows; 153600 rows in sample, 647424 estimated total rows
VACUUM
Time: 588.148 ms
psql:run_vacuum_20March2023_1.sql:4: INFO:  aggressively vacuuming "ibobadm.psp_source_system_transmission_m012023_from_as400"
psql:run_vacuum_20March2023_1.sql:4: INFO:  table "psp_source_system_transmission_m012023_from_as400": found 0 removable, 0 nonremovable row versions in 0 out of 0 pages
DETAIL:  0 dead row versions cannot be removed yet, oldest xmin: 536149422
Skipped 0 pages due to buffer pins, 0 frozen pages.
CPU: user: 0.00 s, system: 0.00 s, elapsed: 0.00 s.
psql:run_vacuum_20March2023_1.sql:4: INFO:  aggressively vacuuming "pg_toast.pg_toast_1513302272"
psql:run_vacuum_20March2023_1.sql:4: INFO:  table "pg_toast_1513302272": found 0 removable, 0 nonremovable row versions in 0 out of 0 pages
DETAIL:  0 dead row versions cannot be removed yet, oldest xmin: 536149422
Skipped 0 pages due to buffer pins, 0 frozen pages.
CPU: user: 0.00 s, system: 0.00 s, elapsed: 0.00 s.
psql:run_vacuum_20March2023_1.sql:4: INFO:  analyzing "ibobadm.psp_source_system_transmission_m012023_from_as400"
psql:run_vacuum_20March2023_1.sql:4: INFO:  "psp_source_system_transmission_m012023_from_as400": scanned 0 of 0 pages, containing 0 live rows and 0 dead rows; 0 rows in sample, 0 estimated total rows
VACUUM
Time: 22.227 ms
psql:run_vacuum_20March2023_1.sql:5: INFO:  aggressively vacuuming "ibobadm.psp_source_system_transmission_m012023_from_cris"
psql:run_vacuum_20March2023_1.sql:5: INFO:  table "psp_source_system_transmission_m012023_from_cris": found 0 removable, 0 nonremovable row versions in 0 out of 0 pages
DETAIL:  0 dead row versions cannot be removed yet, oldest xmin: 536149422
Skipped 0 pages due to buffer pins, 0 frozen pages.
CPU: user: 0.00 s, system: 0.00 s, elapsed: 0.00 s.
psql:run_vacuum_20March2023_1.sql:5: INFO:  aggressively vacuuming "pg_toast.pg_toast_1513302282"
psql:run_vacuum_20March2023_1.sql:5: INFO:  table "pg_toast_1513302282": found 0 removable, 0 nonremovable row versions in 0 out of 0 pages
DETAIL:  0 dead row versions cannot be removed yet, oldest xmin: 536149422
Skipped 0 pages due to buffer pins, 0 frozen pages.
CPU: user: 0.00 s, system: 0.00 s, elapsed: 0.00 s.
psql:run_vacuum_20March2023_1.sql:5: INFO:  analyzing "ibobadm.psp_source_system_transmission_m012023_from_cris"
psql:run_vacuum_20March2023_1.sql:5: INFO:  "psp_source_system_transmission_m012023_from_cris": scanned 0 of 0 pages, containing 0 live rows and 0 dead rows; 0 rows in sample, 0 estimated total rows
VACUUM
Time: 10.848 ms
psql:run_vacuum_20March2023_1.sql:6: INFO:  aggressively vacuuming "ibobadm.psp_source_system_transmission_m012023_from_dflt"
psql:run_vacuum_20March2023_1.sql:6: INFO:  table "psp_source_system_transmission_m012023_from_dflt": found 0 removable, 0 nonremovable row versions in 0 out of 0 pages
DETAIL:  0 dead row versions cannot be removed yet, oldest xmin: 536149422
Skipped 0 pages due to buffer pins, 0 frozen pages.
CPU: user: 0.00 s, system: 0.00 s, elapsed: 0.00 s.
psql:run_vacuum_20March2023_1.sql:6: INFO:  aggressively vacuuming "pg_toast.pg_toast_1513302292"
psql:run_vacuum_20March2023_1.sql:6: INFO:  table "pg_toast_1513302292": found 0 removable, 0 nonremovable row versions in 0 out of 0 pages
DETAIL:  0 dead row versions cannot be removed yet, oldest xmin: 536149422
Skipped 0 pages due to buffer pins, 0 frozen pages.
CPU: user: 0.00 s, system: 0.00 s, elapsed: 0.00 s.
psql:run_vacuum_20March2023_1.sql:6: INFO:  analyzing "ibobadm.psp_source_system_transmission_m012023_from_dflt"
psql:run_vacuum_20March2023_1.sql:6: INFO:  "psp_source_system_transmission_m012023_from_dflt": scanned 0 of 0 pages, containing 0 live rows and 0 dead rows; 0 rows in sample, 0 estimated total rows
VACUUM
Time: 10.854 ms
psql:run_vacuum_20March2023_1.sql:7: INFO:  aggressively vacuuming "ibobadm.psp_source_system_transmission_m012023_from_null"
psql:run_vacuum_20March2023_1.sql:7: INFO:  table "psp_source_system_transmission_m012023_from_null": found 0 removable, 0 nonremovable row versions in 0 out of 0 pages
DETAIL:  0 dead row versions cannot be removed yet, oldest xmin: 536149422
Skipped 0 pages due to buffer pins, 0 frozen pages.
CPU: user: 0.00 s, system: 0.00 s, elapsed: 0.00 s.
psql:run_vacuum_20March2023_1.sql:7: INFO:  aggressively vacuuming "pg_toast.pg_toast_1513302312"
psql:run_vacuum_20March2023_1.sql:7: INFO:  table "pg_toast_1513302312": found 0 removable, 0 nonremovable row versions in 0 out of 0 pages
DETAIL:  0 dead row versions cannot be removed yet, oldest xmin: 536149422
Skipped 0 pages due to buffer pins, 0 frozen pages.
CPU: user: 0.00 s, system: 0.00 s, elapsed: 0.00 s.
psql:run_vacuum_20March2023_1.sql:7: INFO:  analyzing "ibobadm.psp_source_system_transmission_m012023_from_null"
psql:run_vacuum_20March2023_1.sql:7: INFO:  "psp_source_system_transmission_m012023_from_null": scanned 0 of 0 pages, containing 0 live rows and 0 dead rows; 0 rows in sample, 0 estimated total rows
VACUUM
Time: 11.448 ms
psql:run_vacuum_20March2023_1.sql:8: INFO:  aggressively vacuuming "ibobadm.psp_source_system_transmission_m022023_from_as400"
psql:run_vacuum_20March2023_1.sql:8: INFO:  table "psp_source_system_transmission_m022023_from_as400": found 0 removable, 0 nonremovable row versions in 0 out of 0 pages
DETAIL:  0 dead row versions cannot be removed yet, oldest xmin: 536149422
Skipped 0 pages due to buffer pins, 0 frozen pages.
CPU: user: 0.00 s, system: 0.00 s, elapsed: 0.00 s.
psql:run_vacuum_20March2023_1.sql:8: INFO:  aggressively vacuuming "pg_toast.pg_toast_1513302344"
psql:run_vacuum_20March2023_1.sql:8: INFO:  table "pg_toast_1513302344": found 0 removable, 0 nonremovable row versions in 0 out of 0 pages
DETAIL:  0 dead row versions cannot be removed yet, oldest xmin: 536149422
Skipped 0 pages due to buffer pins, 0 frozen pages.
CPU: user: 0.00 s, system: 0.00 s, elapsed: 0.00 s.
psql:run_vacuum_20March2023_1.sql:8: INFO:  analyzing "ibobadm.psp_source_system_transmission_m022023_from_as400"
psql:run_vacuum_20March2023_1.sql:8: INFO:  "psp_source_system_transmission_m022023_from_as400": scanned 0 of 0 pages, containing 0 live rows and 0 dead rows; 0 rows in sample, 0 estimated total rows
VACUUM
Time: 11.078 ms
psql:run_vacuum_20March2023_1.sql:9: INFO:  aggressively vacuuming "ibobadm.psp_source_system_transmission_m022023_from_cris"
psql:run_vacuum_20March2023_1.sql:9: INFO:  table "psp_source_system_transmission_m022023_from_cris": found 0 removable, 0 nonremovable row versions in 0 out of 0 pages
DETAIL:  0 dead row versions cannot be removed yet, oldest xmin: 536149422
Skipped 0 pages due to buffer pins, 0 frozen pages.
CPU: user: 0.00 s, system: 0.00 s, elapsed: 0.00 s.
psql:run_vacuum_20March2023_1.sql:9: INFO:  aggressively vacuuming "pg_toast.pg_toast_1513302354"
psql:run_vacuum_20March2023_1.sql:9: INFO:  table "pg_toast_1513302354": found 0 removable, 0 nonremovable row versions in 0 out of 0 pages
DETAIL:  0 dead row versions cannot be removed yet, oldest xmin: 536149422
Skipped 0 pages due to buffer pins, 0 frozen pages.
CPU: user: 0.00 s, system: 0.00 s, elapsed: 0.00 s.
psql:run_vacuum_20March2023_1.sql:9: INFO:  analyzing "ibobadm.psp_source_system_transmission_m022023_from_cris"
psql:run_vacuum_20March2023_1.sql:9: INFO:  "psp_source_system_transmission_m022023_from_cris": scanned 0 of 0 pages, containing 0 live rows and 0 dead rows; 0 rows in sample, 0 estimated total rows
VACUUM
Time: 10.639 ms
psql:run_vacuum_20March2023_1.sql:10: INFO:  aggressively vacuuming "ibobadm.psp_source_system_transmission_m022023_from_dflt"
psql:run_vacuum_20March2023_1.sql:10: INFO:  table "psp_source_system_transmission_m022023_from_dflt": found 0 removable, 0 nonremovable row versions in 0 out of 0 pages
DETAIL:  0 dead row versions cannot be removed yet, oldest xmin: 536149422
Skipped 0 pages due to buffer pins, 0 frozen pages.
CPU: user: 0.00 s, system: 0.00 s, elapsed: 0.00 s.
psql:run_vacuum_20March2023_1.sql:10: INFO:  aggressively vacuuming "pg_toast.pg_toast_1513302364"
psql:run_vacuum_20March2023_1.sql:10: INFO:  table "pg_toast_1513302364": found 0 removable, 0 nonremovable row versions in 0 out of 0 pages
DETAIL:  0 dead row versions cannot be removed yet, oldest xmin: 536149422
Skipped 0 pages due to buffer pins, 0 frozen pages.
CPU: user: 0.00 s, system: 0.00 s, elapsed: 0.00 s.
psql:run_vacuum_20March2023_1.sql:10: INFO:  analyzing "ibobadm.psp_source_system_transmission_m022023_from_dflt"
psql:run_vacuum_20March2023_1.sql:10: INFO:  "psp_source_system_transmission_m022023_from_dflt": scanned 0 of 0 pages, containing 0 live rows and 0 dead rows; 0 rows in sample, 0 estimated total rows
VACUUM
Time: 10.787 ms
 pg_sleep 
----------
 
(1 row)

Time: 60005.419 ms (01:00.005)
psql:run_vacuum_20March2023_1.sql:12: INFO:  aggressively vacuuming "ibobadm.psp_source_system_transmission_m022023_from_null"
psql:run_vacuum_20March2023_1.sql:12: INFO:  table "psp_source_system_transmission_m022023_from_null": found 0 removable, 0 nonremovable row versions in 0 out of 0 pages
DETAIL:  0 dead row versions cannot be removed yet, oldest xmin: 536149639
Skipped 0 pages due to buffer pins, 0 frozen pages.
CPU: user: 0.00 s, system: 0.00 s, elapsed: 0.00 s.
psql:run_vacuum_20March2023_1.sql:12: INFO:  aggressively vacuuming "pg_toast.pg_toast_1513302384"
psql:run_vacuum_20March2023_1.sql:12: INFO:  table "pg_toast_1513302384": found 0 removable, 0 nonremovable row versions in 0 out of 0 pages
DETAIL:  0 dead row versions cannot be removed yet, oldest xmin: 536149639
Skipped 0 pages due to buffer pins, 0 frozen pages.
CPU: user: 0.00 s, system: 0.00 s, elapsed: 0.00 s.
psql:run_vacuum_20March2023_1.sql:12: INFO:  analyzing "ibobadm.psp_source_system_transmission_m022023_from_null"
psql:run_vacuum_20March2023_1.sql:12: INFO:  "psp_source_system_transmission_m022023_from_null": scanned 0 of 0 pages, containing 0 live rows and 0 dead rows; 0 rows in sample, 0 estimated total rows
VACUUM
Time: 21.627 ms
psql:run_vacuum_20March2023_1.sql:13: INFO:  aggressively vacuuming "ibobadm.psp_source_system_transmission_m032023_from_as400"
psql:run_vacuum_20March2023_1.sql:13: INFO:  table "psp_source_system_transmission_m032023_from_as400": found 0 removable, 0 nonremovable row versions in 0 out of 0 pages
DETAIL:  0 dead row versions cannot be removed yet, oldest xmin: 536149639
Skipped 0 pages due to buffer pins, 0 frozen pages.
CPU: user: 0.00 s, system: 0.00 s, elapsed: 0.00 s.
psql:run_vacuum_20March2023_1.sql:13: INFO:  aggressively vacuuming "pg_toast.pg_toast_1513302416"
psql:run_vacuum_20March2023_1.sql:13: INFO:  table "pg_toast_1513302416": found 0 removable, 0 nonremovable row versions in 0 out of 0 pages
DETAIL:  0 dead row versions cannot be removed yet, oldest xmin: 536149639
Skipped 0 pages due to buffer pins, 0 frozen pages.
CPU: user: 0.00 s, system: 0.00 s, elapsed: 0.00 s.
psql:run_vacuum_20March2023_1.sql:13: INFO:  analyzing "ibobadm.psp_source_system_transmission_m032023_from_as400"
psql:run_vacuum_20March2023_1.sql:13: INFO:  "psp_source_system_transmission_m032023_from_as400": scanned 0 of 0 pages, containing 0 live rows and 0 dead rows; 0 rows in sample, 0 estimated total rows
VACUUM
Time: 10.485 ms
psql:run_vacuum_20March2023_1.sql:14: INFO:  aggressively vacuuming "ibobadm.psp_source_system_transmission_m032023_from_cris"
psql:run_vacuum_20March2023_1.sql:14: INFO:  table "psp_source_system_transmission_m032023_from_cris": found 0 removable, 0 nonremovable row versions in 0 out of 0 pages
DETAIL:  0 dead row versions cannot be removed yet, oldest xmin: 536149639
Skipped 0 pages due to buffer pins, 0 frozen pages.
CPU: user: 0.00 s, system: 0.00 s, elapsed: 0.00 s.
psql:run_vacuum_20March2023_1.sql:14: INFO:  aggressively vacuuming "pg_toast.pg_toast_1513302426"
psql:run_vacuum_20March2023_1.sql:14: INFO:  table "pg_toast_1513302426": found 0 removable, 0 nonremovable row versions in 0 out of 0 pages
DETAIL:  0 dead row versions cannot be removed yet, oldest xmin: 536149639
Skipped 0 pages due to buffer pins, 0 frozen pages.
CPU: user: 0.00 s, system: 0.00 s, elapsed: 0.00 s.
psql:run_vacuum_20March2023_1.sql:14: INFO:  analyzing "ibobadm.psp_source_system_transmission_m032023_from_cris"
psql:run_vacuum_20March2023_1.sql:14: INFO:  "psp_source_system_transmission_m032023_from_cris": scanned 0 of 0 pages, containing 0 live rows and 0 dead rows; 0 rows in sample, 0 estimated total rows
VACUUM
Time: 10.452 ms
psql:run_vacuum_20March2023_1.sql:15: INFO:  aggressively vacuuming "ibobadm.psp_source_system_transmission_m032023_from_dflt"
psql:run_vacuum_20March2023_1.sql:15: INFO:  table "psp_source_system_transmission_m032023_from_dflt": found 0 removable, 0 nonremovable row versions in 0 out of 0 pages
DETAIL:  0 dead row versions cannot be removed yet, oldest xmin: 536149639
Skipped 0 pages due to buffer pins, 0 frozen pages.
CPU: user: 0.00 s, system: 0.00 s, elapsed: 0.00 s.
psql:run_vacuum_20March2023_1.sql:15: INFO:  aggressively vacuuming "pg_toast.pg_toast_1513302436"
psql:run_vacuum_20March2023_1.sql:15: INFO:  table "pg_toast_1513302436": found 0 removable, 0 nonremovable row versions in 0 out of 0 pages
DETAIL:  0 dead row versions cannot be removed yet, oldest xmin: 536149639
Skipped 0 pages due to buffer pins, 0 frozen pages.
CPU: user: 0.00 s, system: 0.00 s, elapsed: 0.00 s.
psql:run_vacuum_20March2023_1.sql:15: INFO:  analyzing "ibobadm.psp_source_system_transmission_m032023_from_dflt"
psql:run_vacuum_20March2023_1.sql:15: INFO:  "psp_source_system_transmission_m032023_from_dflt": scanned 0 of 0 pages, containing 0 live rows and 0 dead rows; 0 rows in sample, 0 estimated total rows
VACUUM
Time: 10.146 ms
psql:run_vacuum_20March2023_1.sql:16: INFO:  aggressively vacuuming "ibobadm.psp_source_system_transmission_m032023_from_null"
psql:run_vacuum_20March2023_1.sql:16: INFO:  table "psp_source_system_transmission_m032023_from_null": found 0 removable, 0 nonremovable row versions in 0 out of 0 pages
DETAIL:  0 dead row versions cannot be removed yet, oldest xmin: 536149639
Skipped 0 pages due to buffer pins, 0 frozen pages.
CPU: user: 0.00 s, system: 0.00 s, elapsed: 0.00 s.
psql:run_vacuum_20March2023_1.sql:16: INFO:  aggressively vacuuming "pg_toast.pg_toast_1513302456"
psql:run_vacuum_20March2023_1.sql:16: INFO:  table "pg_toast_1513302456": found 0 removable, 0 nonremovable row versions in 0 out of 0 pages
DETAIL:  0 dead row versions cannot be removed yet, oldest xmin: 536149639
Skipped 0 pages due to buffer pins, 0 frozen pages.
CPU: user: 0.00 s, system: 0.00 s, elapsed: 0.00 s.
psql:run_vacuum_20March2023_1.sql:16: INFO:  analyzing "ibobadm.psp_source_system_transmission_m032023_from_null"
psql:run_vacuum_20March2023_1.sql:16: INFO:  "psp_source_system_transmission_m032023_from_null": scanned 0 of 0 pages, containing 0 live rows and 0 dead rows; 0 rows in sample, 0 estimated total rows
VACUUM
Time: 10.719 ms
psql:run_vacuum_20March2023_1.sql:17: INFO:  aggressively vacuuming "ibobadm.psp_source_system_transmission_m042023_from_as400"
psql:run_vacuum_20March2023_1.sql:17: INFO:  table "psp_source_system_transmission_m042023_from_as400": found 0 removable, 0 nonremovable row versions in 0 out of 0 pages
DETAIL:  0 dead row versions cannot be removed yet, oldest xmin: 536149639
Skipped 0 pages due to buffer pins, 0 frozen pages.
CPU: user: 0.00 s, system: 0.00 s, elapsed: 0.00 s.
psql:run_vacuum_20March2023_1.sql:17: INFO:  aggressively vacuuming "pg_toast.pg_toast_1513302486"
psql:run_vacuum_20March2023_1.sql:17: INFO:  table "pg_toast_1513302486": found 0 removable, 0 nonremovable row versions in 0 out of 0 pages
DETAIL:  0 dead row versions cannot be removed yet, oldest xmin: 536149639
Skipped 0 pages due to buffer pins, 0 frozen pages.
CPU: user: 0.00 s, system: 0.00 s, elapsed: 0.00 s.
psql:run_vacuum_20March2023_1.sql:17: INFO:  analyzing "ibobadm.psp_source_system_transmission_m042023_from_as400"
psql:run_vacuum_20March2023_1.sql:17: INFO:  "psp_source_system_transmission_m042023_from_as400": scanned 0 of 0 pages, containing 0 live rows and 0 dead rows; 0 rows in sample, 0 estimated total rows
VACUUM
Time: 10.296 ms
psql:run_vacuum_20March2023_1.sql:18: INFO:  aggressively vacuuming "ibobadm.psp_source_system_transmission_m042023_from_cris"
psql:run_vacuum_20March2023_1.sql:18: INFO:  table "psp_source_system_transmission_m042023_from_cris": found 0 removable, 0 nonremovable row versions in 0 out of 0 pages
DETAIL:  0 dead row versions cannot be removed yet, oldest xmin: 536149639
Skipped 0 pages due to buffer pins, 0 frozen pages.
CPU: user: 0.00 s, system: 0.00 s, elapsed: 0.00 s.
psql:run_vacuum_20March2023_1.sql:18: INFO:  aggressively vacuuming "pg_toast.pg_toast_1513302509"
psql:run_vacuum_20March2023_1.sql:18: INFO:  table "pg_toast_1513302509": found 0 removable, 0 nonremovable row versions in 0 out of 0 pages
DETAIL:  0 dead row versions cannot be removed yet, oldest xmin: 536149639
Skipped 0 pages due to buffer pins, 0 frozen pages.
CPU: user: 0.00 s, system: 0.00 s, elapsed: 0.00 s.
psql:run_vacuum_20March2023_1.sql:18: INFO:  analyzing "ibobadm.psp_source_system_transmission_m042023_from_cris"
psql:run_vacuum_20March2023_1.sql:18: INFO:  "psp_source_system_transmission_m042023_from_cris": scanned 0 of 0 pages, containing 0 live rows and 0 dead rows; 0 rows in sample, 0 estimated total rows
VACUUM
Time: 10.222 ms
psql:run_vacuum_20March2023_1.sql:19: INFO:  aggressively vacuuming "ibobadm.psp_source_system_transmission_m042023_from_dflt"
psql:run_vacuum_20March2023_1.sql:19: INFO:  table "psp_source_system_transmission_m042023_from_dflt": found 0 removable, 0 nonremovable row versions in 0 out of 0 pages
DETAIL:  0 dead row versions cannot be removed yet, oldest xmin: 536149639
Skipped 0 pages due to buffer pins, 0 frozen pages.
CPU: user: 0.00 s, system: 0.00 s, elapsed: 0.00 s.
psql:run_vacuum_20March2023_1.sql:19: INFO:  aggressively vacuuming "pg_toast.pg_toast_1513302520"
psql:run_vacuum_20March2023_1.sql:19: INFO:  table "pg_toast_1513302520": found 0 removable, 0 nonremovable row versions in 0 out of 0 pages
DETAIL:  0 dead row versions cannot be removed yet, oldest xmin: 536149639
Skipped 0 pages due to buffer pins, 0 frozen pages.
CPU: user: 0.00 s, system: 0.00 s, elapsed: 0.00 s.
psql:run_vacuum_20March2023_1.sql:19: INFO:  analyzing "ibobadm.psp_source_system_transmission_m042023_from_dflt"
psql:run_vacuum_20March2023_1.sql:19: INFO:  "psp_source_system_transmission_m042023_from_dflt": scanned 0 of 0 pages, containing 0 live rows and 0 dead rows; 0 rows in sample, 0 estimated total rows
VACUUM
Time: 10.109 ms
psql:run_vacuum_20March2023_1.sql:20: INFO:  aggressively vacuuming "ibobadm.psp_source_system_transmission_m042023_from_ews"
psql:run_vacuum_20March2023_1.sql:20: INFO:  table "psp_source_system_transmission_m042023_from_ews": found 0 removable, 0 nonremovable row versions in 0 out of 0 pages
DETAIL:  0 dead row versions cannot be removed yet, oldest xmin: 536149639
Skipped 0 pages due to buffer pins, 0 frozen pages.
CPU: user: 0.00 s, system: 0.00 s, elapsed: 0.00 s.
psql:run_vacuum_20March2023_1.sql:20: INFO:  aggressively vacuuming "pg_toast.pg_toast_1513302530"
psql:run_vacuum_20March2023_1.sql:20: INFO:  table "pg_toast_1513302530": found 0 removable, 0 nonremovable row versions in 0 out of 0 pages
DETAIL:  0 dead row versions cannot be removed yet, oldest xmin: 536149639
Skipped 0 pages due to buffer pins, 0 frozen pages.
CPU: user: 0.00 s, system: 0.00 s, elapsed: 0.00 s.
psql:run_vacuum_20March2023_1.sql:20: INFO:  analyzing "ibobadm.psp_source_system_transmission_m042023_from_ews"
psql:run_vacuum_20March2023_1.sql:20: INFO:  "psp_source_system_transmission_m042023_from_ews": scanned 0 of 0 pages, containing 0 live rows and 0 dead rows; 0 rows in sample, 0 estimated total rows
VACUUM
Time: 10.113 ms
psql:run_vacuum_20March2023_1.sql:21: INFO:  aggressively vacuuming "ibobadm.psp_source_system_transmission_m042023_from_null"
psql:run_vacuum_20March2023_1.sql:21: INFO:  table "psp_source_system_transmission_m042023_from_null": found 0 removable, 0 nonremovable row versions in 0 out of 0 pages
DETAIL:  0 dead row versions cannot be removed yet, oldest xmin: 536149639
Skipped 0 pages due to buffer pins, 0 frozen pages.
CPU: user: 0.00 s, system: 0.00 s, elapsed: 0.00 s.
psql:run_vacuum_20March2023_1.sql:21: INFO:  aggressively vacuuming "pg_toast.pg_toast_1513302542"
psql:run_vacuum_20March2023_1.sql:21: INFO:  table "pg_toast_1513302542": found 0 removable, 0 nonremovable row versions in 0 out of 0 pages
DETAIL:  0 dead row versions cannot be removed yet, oldest xmin: 536149639
Skipped 0 pages due to buffer pins, 0 frozen pages.
CPU: user: 0.00 s, system: 0.00 s, elapsed: 0.00 s.
psql:run_vacuum_20March2023_1.sql:21: INFO:  analyzing "ibobadm.psp_source_system_transmission_m042023_from_null"
psql:run_vacuum_20March2023_1.sql:21: INFO:  "psp_source_system_transmission_m042023_from_null": scanned 0 of 0 pages, containing 0 live rows and 0 dead rows; 0 rows in sample, 0 estimated total rows
VACUUM
Time: 10.157 ms
 pg_sleep 
----------
 
(1 row)

Time: 60101.388 ms (01:00.101)
psql:run_vacuum_20March2023_1.sql:23: INFO:  aggressively vacuuming "ibobadm.psp_source_system_transmission_m042023_from_psp"
psql:run_vacuum_20March2023_1.sql:23: INFO:  table "psp_source_system_transmission_m042023_from_psp": found 0 removable, 0 nonremovable row versions in 0 out of 0 pages
DETAIL:  0 dead row versions cannot be removed yet, oldest xmin: 536149740
Skipped 0 pages due to buffer pins, 0 frozen pages.
CPU: user: 0.00 s, system: 0.00 s, elapsed: 0.00 s.
psql:run_vacuum_20March2023_1.sql:23: INFO:  aggressively vacuuming "pg_toast.pg_toast_1513302552"
psql:run_vacuum_20March2023_1.sql:23: INFO:  table "pg_toast_1513302552": found 0 removable, 0 nonremovable row versions in 0 out of 0 pages
DETAIL:  0 dead row versions cannot be removed yet, oldest xmin: 536149740
Skipped 0 pages due to buffer pins, 0 frozen pages.
CPU: user: 0.00 s, system: 0.00 s, elapsed: 0.00 s.
psql:run_vacuum_20March2023_1.sql:23: INFO:  analyzing "ibobadm.psp_source_system_transmission_m042023_from_psp"
psql:run_vacuum_20March2023_1.sql:23: INFO:  "psp_source_system_transmission_m042023_from_psp": scanned 0 of 0 pages, containing 0 live rows and 0 dead rows; 0 rows in sample, 0 estimated total rows
VACUUM
Time: 21.750 ms
psql:run_vacuum_20March2023_1.sql:24: INFO:  aggressively vacuuming "ibobadm.psp_source_system_transmission_m042023_from_qbdt"
psql:run_vacuum_20March2023_1.sql:24: INFO:  table "psp_source_system_transmission_m042023_from_qbdt": found 0 removable, 0 nonremovable row versions in 0 out of 0 pages
DETAIL:  0 dead row versions cannot be removed yet, oldest xmin: 536149740
Skipped 0 pages due to buffer pins, 0 frozen pages.
CPU: user: 0.00 s, system: 0.00 s, elapsed: 0.00 s.
psql:run_vacuum_20March2023_1.sql:24: INFO:  aggressively vacuuming "pg_toast.pg_toast_1513302562"
psql:run_vacuum_20March2023_1.sql:24: INFO:  table "pg_toast_1513302562": found 0 removable, 0 nonremovable row versions in 0 out of 0 pages
DETAIL:  0 dead row versions cannot be removed yet, oldest xmin: 536149740
Skipped 0 pages due to buffer pins, 0 frozen pages.
CPU: user: 0.00 s, system: 0.00 s, elapsed: 0.00 s.
psql:run_vacuum_20March2023_1.sql:24: INFO:  analyzing "ibobadm.psp_source_system_transmission_m042023_from_qbdt"
psql:run_vacuum_20March2023_1.sql:24: INFO:  "psp_source_system_transmission_m042023_from_qbdt": scanned 0 of 0 pages, containing 0 live rows and 0 dead rows; 0 rows in sample, 0 estimated total rows
VACUUM
Time: 10.488 ms
psql:run_vacuum_20March2023_1.sql:25: INFO:  aggressively vacuuming "ibobadm.psp_source_system_transmission_m052023_from_as400"
psql:run_vacuum_20March2023_1.sql:25: INFO:  table "psp_source_system_transmission_m052023_from_as400": found 0 removable, 0 nonremovable row versions in 0 out of 0 pages
DETAIL:  0 dead row versions cannot be removed yet, oldest xmin: 536149740
Skipped 0 pages due to buffer pins, 0 frozen pages.
CPU: user: 0.00 s, system: 0.00 s, elapsed: 0.00 s.
psql:run_vacuum_20March2023_1.sql:25: INFO:  aggressively vacuuming "pg_toast.pg_toast_1513302572"
psql:run_vacuum_20March2023_1.sql:25: INFO:  table "pg_toast_1513302572": found 0 removable, 0 nonremovable row versions in 0 out of 0 pages
DETAIL:  0 dead row versions cannot be removed yet, oldest xmin: 536149740
Skipped 0 pages due to buffer pins, 0 frozen pages.
CPU: user: 0.00 s, system: 0.00 s, elapsed: 0.00 s.
psql:run_vacuum_20March2023_1.sql:25: INFO:  analyzing "ibobadm.psp_source_system_transmission_m052023_from_as400"
psql:run_vacuum_20March2023_1.sql:25: INFO:  "psp_source_system_transmission_m052023_from_as400": scanned 0 of 0 pages, containing 0 live rows and 0 dead rows; 0 rows in sample, 0 estimated total rows
VACUUM
Time: 10.250 ms
psql:run_vacuum_20March2023_1.sql:26: INFO:  aggressively vacuuming "ibobadm.psp_source_system_transmission_m052023_from_cris"
psql:run_vacuum_20March2023_1.sql:26: INFO:  table "psp_source_system_transmission_m052023_from_cris": found 0 removable, 0 nonremovable row versions in 0 out of 0 pages
DETAIL:  0 dead row versions cannot be removed yet, oldest xmin: 536149740
Skipped 0 pages due to buffer pins, 0 frozen pages.
CPU: user: 0.00 s, system: 0.00 s, elapsed: 0.00 s.
psql:run_vacuum_20March2023_1.sql:26: INFO:  aggressively vacuuming "pg_toast.pg_toast_1513302582"
psql:run_vacuum_20March2023_1.sql:26: INFO:  table "pg_toast_1513302582": found 0 removable, 0 nonremovable row versions in 0 out of 0 pages
DETAIL:  0 dead row versions cannot be removed yet, oldest xmin: 536149740
Skipped 0 pages due to buffer pins, 0 frozen pages.
CPU: user: 0.00 s, system: 0.00 s, elapsed: 0.00 s.
psql:run_vacuum_20March2023_1.sql:26: INFO:  analyzing "ibobadm.psp_source_system_transmission_m052023_from_cris"
psql:run_vacuum_20March2023_1.sql:26: INFO:  "psp_source_system_transmission_m052023_from_cris": scanned 0 of 0 pages, containing 0 live rows and 0 dead rows; 0 rows in sample, 0 estimated total rows
VACUUM
Time: 10.197 ms
psql:run_vacuum_20March2023_1.sql:27: INFO:  aggressively vacuuming "ibobadm.psp_source_system_transmission_m052023_from_dflt"
psql:run_vacuum_20March2023_1.sql:27: INFO:  table "psp_source_system_transmission_m052023_from_dflt": found 0 removable, 0 nonremovable row versions in 0 out of 0 pages
DETAIL:  0 dead row versions cannot be removed yet, oldest xmin: 536149740
Skipped 0 pages due to buffer pins, 0 frozen pages.
CPU: user: 0.00 s, system: 0.00 s, elapsed: 0.00 s.
psql:run_vacuum_20March2023_1.sql:27: INFO:  aggressively vacuuming "pg_toast.pg_toast_1513302592"
psql:run_vacuum_20March2023_1.sql:27: INFO:  table "pg_toast_1513302592": found 0 removable, 0 nonremovable row versions in 0 out of 0 pages
DETAIL:  0 dead row versions cannot be removed yet, oldest xmin: 536149740
Skipped 0 pages due to buffer pins, 0 frozen pages.
CPU: user: 0.00 s, system: 0.00 s, elapsed: 0.00 s.
psql:run_vacuum_20March2023_1.sql:27: INFO:  analyzing "ibobadm.psp_source_system_transmission_m052023_from_dflt"
psql:run_vacuum_20March2023_1.sql:27: INFO:  "psp_source_system_transmission_m052023_from_dflt": scanned 0 of 0 pages, containing 0 live rows and 0 dead rows; 0 rows in sample, 0 estimated total rows
VACUUM
Time: 10.181 ms
psql:run_vacuum_20March2023_1.sql:28: INFO:  aggressively vacuuming "ibobadm.psp_source_system_transmission_m052023_from_ews"
psql:run_vacuum_20March2023_1.sql:28: INFO:  table "psp_source_system_transmission_m052023_from_ews": found 0 removable, 0 nonremovable row versions in 0 out of 0 pages
DETAIL:  0 dead row versions cannot be removed yet, oldest xmin: 536149740
Skipped 0 pages due to buffer pins, 0 frozen pages.
CPU: user: 0.00 s, system: 0.00 s, elapsed: 0.00 s.
psql:run_vacuum_20March2023_1.sql:28: INFO:  aggressively vacuuming "pg_toast.pg_toast_1513302602"
psql:run_vacuum_20March2023_1.sql:28: INFO:  table "pg_toast_1513302602": found 0 removable, 0 nonremovable row versions in 0 out of 0 pages
DETAIL:  0 dead row versions cannot be removed yet, oldest xmin: 536149740
Skipped 0 pages due to buffer pins, 0 frozen pages.
CPU: user: 0.00 s, system: 0.00 s, elapsed: 0.00 s.
psql:run_vacuum_20March2023_1.sql:28: INFO:  analyzing "ibobadm.psp_source_system_transmission_m052023_from_ews"
psql:run_vacuum_20March2023_1.sql:28: INFO:  "psp_source_system_transmission_m052023_from_ews": scanned 0 of 0 pages, containing 0 live rows and 0 dead rows; 0 rows in sample, 0 estimated total rows
VACUUM
Time: 10.044 ms
psql:run_vacuum_20March2023_1.sql:29: INFO:  aggressively vacuuming "ibobadm.psp_source_system_transmission_m052023_from_null"
psql:run_vacuum_20March2023_1.sql:29: INFO:  table "psp_source_system_transmission_m052023_from_null": found 0 removable, 0 nonremovable row versions in 0 out of 0 pages
DETAIL:  0 dead row versions cannot be removed yet, oldest xmin: 536149740
Skipped 0 pages due to buffer pins, 0 frozen pages.
CPU: user: 0.00 s, system: 0.00 s, elapsed: 0.00 s.
psql:run_vacuum_20March2023_1.sql:29: INFO:  aggressively vacuuming "pg_toast.pg_toast_1513302612"
psql:run_vacuum_20March2023_1.sql:29: INFO:  table "pg_toast_1513302612": found 0 removable, 0 nonremovable row versions in 0 out of 0 pages
DETAIL:  0 dead row versions cannot be removed yet, oldest xmin: 536149740
Skipped 0 pages due to buffer pins, 0 frozen pages.
CPU: user: 0.00 s, system: 0.00 s, elapsed: 0.00 s.
psql:run_vacuum_20March2023_1.sql:29: INFO:  analyzing "ibobadm.psp_source_system_transmission_m052023_from_null"
psql:run_vacuum_20March2023_1.sql:29: INFO:  "psp_source_system_transmission_m052023_from_null": scanned 0 of 0 pages, containing 0 live rows and 0 dead rows; 0 rows in sample, 0 estimated total rows
VACUUM
Time: 10.029 ms
psql:run_vacuum_20March2023_1.sql:30: INFO:  aggressively vacuuming "ibobadm.psp_source_system_transmission_m052023_from_psp"
psql:run_vacuum_20March2023_1.sql:30: INFO:  table "psp_source_system_transmission_m052023_from_psp": found 0 removable, 0 nonremovable row versions in 0 out of 0 pages
DETAIL:  0 dead row versions cannot be removed yet, oldest xmin: 536149740
Skipped 0 pages due to buffer pins, 0 frozen pages.
CPU: user: 0.00 s, system: 0.00 s, elapsed: 0.00 s.
psql:run_vacuum_20March2023_1.sql:30: INFO:  aggressively vacuuming "pg_toast.pg_toast_1513302622"
psql:run_vacuum_20March2023_1.sql:30: INFO:  table "pg_toast_1513302622": found 0 removable, 0 nonremovable row versions in 0 out of 0 pages
DETAIL:  0 dead row versions cannot be removed yet, oldest xmin: 536149740
Skipped 0 pages due to buffer pins, 0 frozen pages.
CPU: user: 0.00 s, system: 0.00 s, elapsed: 0.00 s.
psql:run_vacuum_20March2023_1.sql:30: INFO:  analyzing "ibobadm.psp_source_system_transmission_m052023_from_psp"
psql:run_vacuum_20March2023_1.sql:30: INFO:  "psp_source_system_transmission_m052023_from_psp": scanned 0 of 0 pages, containing 0 live rows and 0 dead rows; 0 rows in sample, 0 estimated total rows
VACUUM
Time: 10.318 ms
psql:run_vacuum_20March2023_1.sql:31: INFO:  aggressively vacuuming "ibobadm.psp_source_system_transmission_m052023_from_qbdt"
psql:run_vacuum_20March2023_1.sql:31: INFO:  table "psp_source_system_transmission_m052023_from_qbdt": found 0 removable, 0 nonremovable row versions in 0 out of 0 pages
DETAIL:  0 dead row versions cannot be removed yet, oldest xmin: 536149740
Skipped 0 pages due to buffer pins, 0 frozen pages.
CPU: user: 0.00 s, system: 0.00 s, elapsed: 0.00 s.
psql:run_vacuum_20March2023_1.sql:31: INFO:  aggressively vacuuming "pg_toast.pg_toast_1513302632"
psql:run_vacuum_20March2023_1.sql:31: INFO:  table "pg_toast_1513302632": found 0 removable, 0 nonremovable row versions in 0 out of 0 pages
DETAIL:  0 dead row versions cannot be removed yet, oldest xmin: 536149740
Skipped 0 pages due to buffer pins, 0 frozen pages.
CPU: user: 0.00 s, system: 0.00 s, elapsed: 0.00 s.
psql:run_vacuum_20March2023_1.sql:31: INFO:  analyzing "ibobadm.psp_source_system_transmission_m052023_from_qbdt"
psql:run_vacuum_20March2023_1.sql:31: INFO:  "psp_source_system_transmission_m052023_from_qbdt": scanned 0 of 0 pages, containing 0 live rows and 0 dead rows; 0 rows in sample, 0 estimated total rows
VACUUM
Time: 10.100 ms
psql:run_vacuum_20March2023_1.sql:32: INFO:  aggressively vacuuming "ibobadm.psp_source_system_transmission_m062023_from_as400"
psql:run_vacuum_20March2023_1.sql:32: INFO:  table "psp_source_system_transmission_m062023_from_as400": found 0 removable, 0 nonremovable row versions in 0 out of 0 pages
DETAIL:  0 dead row versions cannot be removed yet, oldest xmin: 536149740
Skipped 0 pages due to buffer pins, 0 frozen pages.
CPU: user: 0.00 s, system: 0.00 s, elapsed: 0.00 s.
psql:run_vacuum_20March2023_1.sql:32: INFO:  aggressively vacuuming "pg_toast.pg_toast_1513302642"
psql:run_vacuum_20March2023_1.sql:32: INFO:  table "pg_toast_1513302642": found 0 removable, 0 nonremovable row versions in 0 out of 0 pages
DETAIL:  0 dead row versions cannot be removed yet, oldest xmin: 536149740
Skipped 0 pages due to buffer pins, 0 frozen pages.
CPU: user: 0.00 s, system: 0.00 s, elapsed: 0.00 s.
psql:run_vacuum_20March2023_1.sql:32: INFO:  analyzing "ibobadm.psp_source_system_transmission_m062023_from_as400"
psql:run_vacuum_20March2023_1.sql:32: INFO:  "psp_source_system_transmission_m062023_from_as400": scanned 0 of 0 pages, containing 0 live rows and 0 dead rows; 0 rows in sample, 0 estimated total rows
VACUUM
Time: 10.034 ms
 pg_sleep 
----------
 
(1 row)

Time: 60101.318 ms (01:00.101)
psql:run_vacuum_20March2023_1.sql:34: INFO:  aggressively vacuuming "ibobadm.psp_source_system_transmission_m062023_from_cris"
psql:run_vacuum_20March2023_1.sql:34: INFO:  table "psp_source_system_transmission_m062023_from_cris": found 0 removable, 0 nonremovable row versions in 0 out of 0 pages
DETAIL:  0 dead row versions cannot be removed yet, oldest xmin: 536149836
Skipped 0 pages due to buffer pins, 0 frozen pages.
CPU: user: 0.00 s, system: 0.00 s, elapsed: 0.00 s.
psql:run_vacuum_20March2023_1.sql:34: INFO:  aggressively vacuuming "pg_toast.pg_toast_1513302652"
psql:run_vacuum_20March2023_1.sql:34: INFO:  table "pg_toast_1513302652": found 0 removable, 0 nonremovable row versions in 0 out of 0 pages
DETAIL:  0 dead row versions cannot be removed yet, oldest xmin: 536149836
Skipped 0 pages due to buffer pins, 0 frozen pages.
CPU: user: 0.00 s, system: 0.00 s, elapsed: 0.00 s.
psql:run_vacuum_20March2023_1.sql:34: INFO:  analyzing "ibobadm.psp_source_system_transmission_m062023_from_cris"
psql:run_vacuum_20March2023_1.sql:34: INFO:  "psp_source_system_transmission_m062023_from_cris": scanned 0 of 0 pages, containing 0 live rows and 0 dead rows; 0 rows in sample, 0 estimated total rows
VACUUM
Time: 21.712 ms
psql:run_vacuum_20March2023_1.sql:35: INFO:  aggressively vacuuming "ibobadm.psp_source_system_transmission_m062023_from_dflt"
psql:run_vacuum_20March2023_1.sql:35: INFO:  table "psp_source_system_transmission_m062023_from_dflt": found 0 removable, 0 nonremovable row versions in 0 out of 0 pages
DETAIL:  0 dead row versions cannot be removed yet, oldest xmin: 536149836
Skipped 0 pages due to buffer pins, 0 frozen pages.
CPU: user: 0.00 s, system: 0.00 s, elapsed: 0.00 s.
psql:run_vacuum_20March2023_1.sql:35: INFO:  aggressively vacuuming "pg_toast.pg_toast_1513302662"
psql:run_vacuum_20March2023_1.sql:35: INFO:  table "pg_toast_1513302662": found 0 removable, 0 nonremovable row versions in 0 out of 0 pages
DETAIL:  0 dead row versions cannot be removed yet, oldest xmin: 536149836
Skipped 0 pages due to buffer pins, 0 frozen pages.
CPU: user: 0.00 s, system: 0.00 s, elapsed: 0.00 s.
psql:run_vacuum_20March2023_1.sql:35: INFO:  analyzing "ibobadm.psp_source_system_transmission_m062023_from_dflt"
psql:run_vacuum_20March2023_1.sql:35: INFO:  "psp_source_system_transmission_m062023_from_dflt": scanned 0 of 0 pages, containing 0 live rows and 0 dead rows; 0 rows in sample, 0 estimated total rows
VACUUM
Time: 10.556 ms
psql:run_vacuum_20March2023_1.sql:36: INFO:  aggressively vacuuming "ibobadm.psp_source_system_transmission_m062023_from_psp"
psql:run_vacuum_20March2023_1.sql:36: INFO:  table "psp_source_system_transmission_m062023_from_psp": found 0 removable, 0 nonremovable row versions in 0 out of 0 pages
DETAIL:  0 dead row versions cannot be removed yet, oldest xmin: 536149836
Skipped 0 pages due to buffer pins, 0 frozen pages.
CPU: user: 0.00 s, system: 0.00 s, elapsed: 0.00 s.
psql:run_vacuum_20March2023_1.sql:36: INFO:  aggressively vacuuming "pg_toast.pg_toast_1513303340"
psql:run_vacuum_20March2023_1.sql:36: INFO:  table "pg_toast_1513303340": found 0 removable, 0 nonremovable row versions in 0 out of 0 pages
DETAIL:  0 dead row versions cannot be removed yet, oldest xmin: 536149836
Skipped 0 pages due to buffer pins, 0 frozen pages.
CPU: user: 0.00 s, system: 0.00 s, elapsed: 0.00 s.
psql:run_vacuum_20March2023_1.sql:36: INFO:  analyzing "ibobadm.psp_source_system_transmission_m062023_from_psp"
psql:run_vacuum_20March2023_1.sql:36: INFO:  "psp_source_system_transmission_m062023_from_psp": scanned 0 of 0 pages, containing 0 live rows and 0 dead rows; 0 rows in sample, 0 estimated total rows
VACUUM
Time: 10.285 ms
psql:run_vacuum_20March2023_1.sql:37: INFO:  aggressively vacuuming "ibobadm.psp_source_system_transmission_m062023_from_ews"
psql:run_vacuum_20March2023_1.sql:37: INFO:  table "psp_source_system_transmission_m062023_from_ews": found 0 removable, 0 nonremovable row versions in 0 out of 0 pages
DETAIL:  0 dead row versions cannot be removed yet, oldest xmin: 536149836
Skipped 0 pages due to buffer pins, 0 frozen pages.
CPU: user: 0.00 s, system: 0.00 s, elapsed: 0.00 s.
psql:run_vacuum_20March2023_1.sql:37: INFO:  aggressively vacuuming "pg_toast.pg_toast_1513302676"
psql:run_vacuum_20March2023_1.sql:37: INFO:  table "pg_toast_1513302676": found 0 removable, 0 nonremovable row versions in 0 out of 0 pages
DETAIL:  0 dead row versions cannot be removed yet, oldest xmin: 536149836
Skipped 0 pages due to buffer pins, 0 frozen pages.
CPU: user: 0.00 s, system: 0.00 s, elapsed: 0.00 s.
psql:run_vacuum_20March2023_1.sql:37: INFO:  analyzing "ibobadm.psp_source_system_transmission_m062023_from_ews"
psql:run_vacuum_20March2023_1.sql:37: INFO:  "psp_source_system_transmission_m062023_from_ews": scanned 0 of 0 pages, containing 0 live rows and 0 dead rows; 0 rows in sample, 0 estimated total rows
VACUUM
Time: 10.100 ms
psql:run_vacuum_20March2023_1.sql:38: INFO:  aggressively vacuuming "ibobadm.psp_source_system_transmission_m062023_from_null"
psql:run_vacuum_20March2023_1.sql:38: INFO:  table "psp_source_system_transmission_m062023_from_null": found 0 removable, 0 nonremovable row versions in 0 out of 0 pages
DETAIL:  0 dead row versions cannot be removed yet, oldest xmin: 536149836
Skipped 0 pages due to buffer pins, 0 frozen pages.
CPU: user: 0.00 s, system: 0.00 s, elapsed: 0.00 s.
psql:run_vacuum_20March2023_1.sql:38: INFO:  aggressively vacuuming "pg_toast.pg_toast_1513302686"
psql:run_vacuum_20March2023_1.sql:38: INFO:  table "pg_toast_1513302686": found 0 removable, 0 nonremovable row versions in 0 out of 0 pages
DETAIL:  0 dead row versions cannot be removed yet, oldest xmin: 536149836
Skipped 0 pages due to buffer pins, 0 frozen pages.
CPU: user: 0.00 s, system: 0.00 s, elapsed: 0.00 s.
psql:run_vacuum_20March2023_1.sql:38: INFO:  analyzing "ibobadm.psp_source_system_transmission_m062023_from_null"
psql:run_vacuum_20March2023_1.sql:38: INFO:  "psp_source_system_transmission_m062023_from_null": scanned 0 of 0 pages, containing 0 live rows and 0 dead rows; 0 rows in sample, 0 estimated total rows
VACUUM
Time: 10.172 ms
psql:run_vacuum_20March2023_1.sql:39: INFO:  aggressively vacuuming "ibobadm.psp_source_system_transmission_m062023_from_qbdt"
psql:run_vacuum_20March2023_1.sql:39: INFO:  table "psp_source_system_transmission_m062023_from_qbdt": found 0 removable, 0 nonremovable row versions in 0 out of 0 pages
DETAIL:  0 dead row versions cannot be removed yet, oldest xmin: 536149836
Skipped 0 pages due to buffer pins, 0 frozen pages.
CPU: user: 0.00 s, system: 0.00 s, elapsed: 0.00 s.
psql:run_vacuum_20March2023_1.sql:39: INFO:  aggressively vacuuming "pg_toast.pg_toast_1513303737"
psql:run_vacuum_20March2023_1.sql:39: INFO:  table "pg_toast_1513303737": found 0 removable, 0 nonremovable row versions in 0 out of 0 pages
DETAIL:  0 dead row versions cannot be removed yet, oldest xmin: 536149836
Skipped 0 pages due to buffer pins, 0 frozen pages.
CPU: user: 0.00 s, system: 0.00 s, elapsed: 0.00 s.
psql:run_vacuum_20March2023_1.sql:39: INFO:  analyzing "ibobadm.psp_source_system_transmission_m062023_from_qbdt"
psql:run_vacuum_20March2023_1.sql:39: INFO:  "psp_source_system_transmission_m062023_from_qbdt": scanned 0 of 0 pages, containing 0 live rows and 0 dead rows; 0 rows in sample, 0 estimated total rows
VACUUM
Time: 10.091 ms
psql:run_vacuum_20March2023_1.sql:40: INFO:  aggressively vacuuming "ibobadm.psp_source_system_transmission_m072023_from_as400"
psql:run_vacuum_20March2023_1.sql:40: INFO:  table "psp_source_system_transmission_m072023_from_as400": found 0 removable, 0 nonremovable row versions in 0 out of 0 pages
DETAIL:  0 dead row versions cannot be removed yet, oldest xmin: 536149836
Skipped 0 pages due to buffer pins, 0 frozen pages.
CPU: user: 0.00 s, system: 0.00 s, elapsed: 0.00 s.
psql:run_vacuum_20March2023_1.sql:40: INFO:  aggressively vacuuming "pg_toast.pg_toast_1513303747"
psql:run_vacuum_20March2023_1.sql:40: INFO:  table "pg_toast_1513303747": found 0 removable, 0 nonremovable row versions in 0 out of 0 pages
DETAIL:  0 dead row versions cannot be removed yet, oldest xmin: 536149836
Skipped 0 pages due to buffer pins, 0 frozen pages.
CPU: user: 0.00 s, system: 0.00 s, elapsed: 0.00 s.
psql:run_vacuum_20March2023_1.sql:40: INFO:  analyzing "ibobadm.psp_source_system_transmission_m072023_from_as400"
psql:run_vacuum_20March2023_1.sql:40: INFO:  "psp_source_system_transmission_m072023_from_as400": scanned 0 of 0 pages, containing 0 live rows and 0 dead rows; 0 rows in sample, 0 estimated total rows
VACUUM
Time: 10.423 ms
psql:run_vacuum_20March2023_1.sql:41: INFO:  aggressively vacuuming "ibobadm.psp_source_system_transmission_m072023_from_cris"
psql:run_vacuum_20March2023_1.sql:41: INFO:  table "psp_source_system_transmission_m072023_from_cris": found 0 removable, 0 nonremovable row versions in 0 out of 0 pages
DETAIL:  0 dead row versions cannot be removed yet, oldest xmin: 536149836
Skipped 0 pages due to buffer pins, 0 frozen pages.
CPU: user: 0.00 s, system: 0.00 s, elapsed: 0.00 s.
psql:run_vacuum_20March2023_1.sql:41: INFO:  aggressively vacuuming "pg_toast.pg_toast_1513303757"
psql:run_vacuum_20March2023_1.sql:41: INFO:  table "pg_toast_1513303757": found 0 removable, 0 nonremovable row versions in 0 out of 0 pages
DETAIL:  0 dead row versions cannot be removed yet, oldest xmin: 536149836
Skipped 0 pages due to buffer pins, 0 frozen pages.
CPU: user: 0.00 s, system: 0.00 s, elapsed: 0.00 s.
psql:run_vacuum_20March2023_1.sql:41: INFO:  analyzing "ibobadm.psp_source_system_transmission_m072023_from_cris"
psql:run_vacuum_20March2023_1.sql:41: INFO:  "psp_source_system_transmission_m072023_from_cris": scanned 0 of 0 pages, containing 0 live rows and 0 dead rows; 0 rows in sample, 0 estimated total rows
VACUUM
Time: 10.979 ms
psql:run_vacuum_20March2023_1.sql:42: INFO:  aggressively vacuuming "ibobadm.psp_source_system_transmission_m072023_from_dflt"
psql:run_vacuum_20March2023_1.sql:42: INFO:  table "psp_source_system_transmission_m072023_from_dflt": found 0 removable, 0 nonremovable row versions in 0 out of 0 pages
DETAIL:  0 dead row versions cannot be removed yet, oldest xmin: 536149836
Skipped 0 pages due to buffer pins, 0 frozen pages.
CPU: user: 0.00 s, system: 0.00 s, elapsed: 0.00 s.
psql:run_vacuum_20March2023_1.sql:42: INFO:  aggressively vacuuming "pg_toast.pg_toast_1513303767"
psql:run_vacuum_20March2023_1.sql:42: INFO:  table "pg_toast_1513303767": found 0 removable, 0 nonremovable row versions in 0 out of 0 pages
DETAIL:  0 dead row versions cannot be removed yet, oldest xmin: 536149836
Skipped 0 pages due to buffer pins, 0 frozen pages.
CPU: user: 0.00 s, system: 0.00 s, elapsed: 0.00 s.
psql:run_vacuum_20March2023_1.sql:42: INFO:  analyzing "ibobadm.psp_source_system_transmission_m072023_from_dflt"
psql:run_vacuum_20March2023_1.sql:42: INFO:  "psp_source_system_transmission_m072023_from_dflt": scanned 0 of 0 pages, containing 0 live rows and 0 dead rows; 0 rows in sample, 0 estimated total rows
VACUUM
Time: 10.241 ms
psql:run_vacuum_20March2023_1.sql:43: INFO:  aggressively vacuuming "ibobadm.psp_source_system_transmission_m072023_from_ews"
psql:run_vacuum_20March2023_1.sql:43: INFO:  table "psp_source_system_transmission_m072023_from_ews": found 0 removable, 0 nonremovable row versions in 0 out of 0 pages
DETAIL:  0 dead row versions cannot be removed yet, oldest xmin: 536149836
Skipped 0 pages due to buffer pins, 0 frozen pages.
CPU: user: 0.00 s, system: 0.00 s, elapsed: 0.00 s.
psql:run_vacuum_20March2023_1.sql:43: INFO:  aggressively vacuuming "pg_toast.pg_toast_1513303777"
psql:run_vacuum_20March2023_1.sql:43: INFO:  table "pg_toast_1513303777": found 0 removable, 0 nonremovable row versions in 0 out of 0 pages
DETAIL:  0 dead row versions cannot be removed yet, oldest xmin: 536149836
Skipped 0 pages due to buffer pins, 0 frozen pages.
CPU: user: 0.00 s, system: 0.00 s, elapsed: 0.00 s.
psql:run_vacuum_20March2023_1.sql:43: INFO:  analyzing "ibobadm.psp_source_system_transmission_m072023_from_ews"
psql:run_vacuum_20March2023_1.sql:43: INFO:  "psp_source_system_transmission_m072023_from_ews": scanned 0 of 0 pages, containing 0 live rows and 0 dead rows; 0 rows in sample, 0 estimated total rows
VACUUM
Time: 10.142 ms
 pg_sleep 
----------
 
(1 row)

Time: 60101.417 ms (01:00.101)
psql:run_vacuum_20March2023_1.sql:45: INFO:  aggressively vacuuming "ibobadm.psp_source_system_transmission_m072023_from_null"
psql:run_vacuum_20March2023_1.sql:45: INFO:  table "psp_source_system_transmission_m072023_from_null": found 0 removable, 0 nonremovable row versions in 0 out of 0 pages
DETAIL:  0 dead row versions cannot be removed yet, oldest xmin: 536149935
Skipped 0 pages due to buffer pins, 0 frozen pages.
CPU: user: 0.00 s, system: 0.00 s, elapsed: 0.00 s.
psql:run_vacuum_20March2023_1.sql:45: INFO:  aggressively vacuuming "pg_toast.pg_toast_1513303787"
psql:run_vacuum_20March2023_1.sql:45: INFO:  table "pg_toast_1513303787": found 0 removable, 0 nonremovable row versions in 0 out of 0 pages
DETAIL:  0 dead row versions cannot be removed yet, oldest xmin: 536149935
Skipped 0 pages due to buffer pins, 0 frozen pages.
CPU: user: 0.00 s, system: 0.00 s, elapsed: 0.00 s.
psql:run_vacuum_20March2023_1.sql:45: INFO:  analyzing "ibobadm.psp_source_system_transmission_m072023_from_null"
psql:run_vacuum_20March2023_1.sql:45: INFO:  "psp_source_system_transmission_m072023_from_null": scanned 0 of 0 pages, containing 0 live rows and 0 dead rows; 0 rows in sample, 0 estimated total rows
VACUUM
Time: 21.881 ms
psql:run_vacuum_20March2023_1.sql:46: INFO:  aggressively vacuuming "ibobadm.psp_source_system_transmission_m072023_from_psp"
psql:run_vacuum_20March2023_1.sql:46: INFO:  table "psp_source_system_transmission_m072023_from_psp": found 0 removable, 0 nonremovable row versions in 0 out of 0 pages
DETAIL:  0 dead row versions cannot be removed yet, oldest xmin: 536149935
Skipped 0 pages due to buffer pins, 0 frozen pages.
CPU: user: 0.00 s, system: 0.00 s, elapsed: 0.00 s.
psql:run_vacuum_20March2023_1.sql:46: INFO:  aggressively vacuuming "pg_toast.pg_toast_1513303797"
psql:run_vacuum_20March2023_1.sql:46: INFO:  table "pg_toast_1513303797": found 0 removable, 0 nonremovable row versions in 0 out of 0 pages
DETAIL:  0 dead row versions cannot be removed yet, oldest xmin: 536149935
Skipped 0 pages due to buffer pins, 0 frozen pages.
CPU: user: 0.00 s, system: 0.00 s, elapsed: 0.00 s.
psql:run_vacuum_20March2023_1.sql:46: INFO:  analyzing "ibobadm.psp_source_system_transmission_m072023_from_psp"
psql:run_vacuum_20March2023_1.sql:46: INFO:  "psp_source_system_transmission_m072023_from_psp": scanned 0 of 0 pages, containing 0 live rows and 0 dead rows; 0 rows in sample, 0 estimated total rows
VACUUM
Time: 10.606 ms
psql:run_vacuum_20March2023_1.sql:47: INFO:  aggressively vacuuming "ibobadm.psp_source_system_transmission_m072023_from_qbdt"
psql:run_vacuum_20March2023_1.sql:47: INFO:  table "psp_source_system_transmission_m072023_from_qbdt": found 0 removable, 0 nonremovable row versions in 0 out of 0 pages
DETAIL:  0 dead row versions cannot be removed yet, oldest xmin: 536149935
Skipped 0 pages due to buffer pins, 0 frozen pages.
CPU: user: 0.00 s, system: 0.00 s, elapsed: 0.00 s.
psql:run_vacuum_20March2023_1.sql:47: INFO:  aggressively vacuuming "pg_toast.pg_toast_1513303807"
psql:run_vacuum_20March2023_1.sql:47: INFO:  table "pg_toast_1513303807": found 0 removable, 0 nonremovable row versions in 0 out of 0 pages
DETAIL:  0 dead row versions cannot be removed yet, oldest xmin: 536149935
Skipped 0 pages due to buffer pins, 0 frozen pages.
CPU: user: 0.00 s, system: 0.00 s, elapsed: 0.00 s.
psql:run_vacuum_20March2023_1.sql:47: INFO:  analyzing "ibobadm.psp_source_system_transmission_m072023_from_qbdt"
psql:run_vacuum_20March2023_1.sql:47: INFO:  "psp_source_system_transmission_m072023_from_qbdt": scanned 0 of 0 pages, containing 0 live rows and 0 dead rows; 0 rows in sample, 0 estimated total rows
VACUUM
Time: 10.620 ms
psql:run_vacuum_20March2023_1.sql:48: INFO:  aggressively vacuuming "ibobadm.psp_source_system_transmission_m082023_from_as400"
psql:run_vacuum_20March2023_1.sql:48: INFO:  table "psp_source_system_transmission_m082023_from_as400": found 0 removable, 0 nonremovable row versions in 0 out of 0 pages
DETAIL:  0 dead row versions cannot be removed yet, oldest xmin: 536149935
Skipped 0 pages due to buffer pins, 0 frozen pages.
CPU: user: 0.00 s, system: 0.00 s, elapsed: 0.00 s.
psql:run_vacuum_20March2023_1.sql:48: INFO:  aggressively vacuuming "pg_toast.pg_toast_1513303817"
psql:run_vacuum_20March2023_1.sql:48: INFO:  table "pg_toast_1513303817": found 0 removable, 0 nonremovable row versions in 0 out of 0 pages
DETAIL:  0 dead row versions cannot be removed yet, oldest xmin: 536149935
Skipped 0 pages due to buffer pins, 0 frozen pages.
CPU: user: 0.00 s, system: 0.00 s, elapsed: 0.00 s.
psql:run_vacuum_20March2023_1.sql:48: INFO:  analyzing "ibobadm.psp_source_system_transmission_m082023_from_as400"
psql:run_vacuum_20March2023_1.sql:48: INFO:  "psp_source_system_transmission_m082023_from_as400": scanned 0 of 0 pages, containing 0 live rows and 0 dead rows; 0 rows in sample, 0 estimated total rows
VACUUM
Time: 10.645 ms
psql:run_vacuum_20March2023_1.sql:49: INFO:  aggressively vacuuming "ibobadm.psp_source_system_transmission_m082023_from_cris"
psql:run_vacuum_20March2023_1.sql:49: INFO:  table "psp_source_system_transmission_m082023_from_cris": found 0 removable, 0 nonremovable row versions in 0 out of 0 pages
DETAIL:  0 dead row versions cannot be removed yet, oldest xmin: 536149935
Skipped 0 pages due to buffer pins, 0 frozen pages.
CPU: user: 0.00 s, system: 0.00 s, elapsed: 0.00 s.
psql:run_vacuum_20March2023_1.sql:49: INFO:  aggressively vacuuming "pg_toast.pg_toast_1513303832"
psql:run_vacuum_20March2023_1.sql:49: INFO:  table "pg_toast_1513303832": found 0 removable, 0 nonremovable row versions in 0 out of 0 pages
DETAIL:  0 dead row versions cannot be removed yet, oldest xmin: 536149935
Skipped 0 pages due to buffer pins, 0 frozen pages.
CPU: user: 0.00 s, system: 0.00 s, elapsed: 0.00 s.
psql:run_vacuum_20March2023_1.sql:49: INFO:  analyzing "ibobadm.psp_source_system_transmission_m082023_from_cris"
psql:run_vacuum_20March2023_1.sql:49: INFO:  "psp_source_system_transmission_m082023_from_cris": scanned 0 of 0 pages, containing 0 live rows and 0 dead rows; 0 rows in sample, 0 estimated total rows
VACUUM
Time: 10.517 ms
psql:run_vacuum_20March2023_1.sql:50: INFO:  aggressively vacuuming "ibobadm.psp_source_system_transmission_m082023_from_dflt"
psql:run_vacuum_20March2023_1.sql:50: INFO:  table "psp_source_system_transmission_m082023_from_dflt": found 0 removable, 0 nonremovable row versions in 0 out of 0 pages
DETAIL:  0 dead row versions cannot be removed yet, oldest xmin: 536149935
Skipped 0 pages due to buffer pins, 0 frozen pages.
CPU: user: 0.00 s, system: 0.00 s, elapsed: 0.00 s.
psql:run_vacuum_20March2023_1.sql:50: INFO:  aggressively vacuuming "pg_toast.pg_toast_1513303842"
psql:run_vacuum_20March2023_1.sql:50: INFO:  table "pg_toast_1513303842": found 0 removable, 0 nonremovable row versions in 0 out of 0 pages
DETAIL:  0 dead row versions cannot be removed yet, oldest xmin: 536149935
Skipped 0 pages due to buffer pins, 0 frozen pages.
CPU: user: 0.00 s, system: 0.00 s, elapsed: 0.00 s.
psql:run_vacuum_20March2023_1.sql:50: INFO:  analyzing "ibobadm.psp_source_system_transmission_m082023_from_dflt"
psql:run_vacuum_20March2023_1.sql:50: INFO:  "psp_source_system_transmission_m082023_from_dflt": scanned 0 of 0 pages, containing 0 live rows and 0 dead rows; 0 rows in sample, 0 estimated total rows
VACUUM
Time: 10.511 ms
psql:run_vacuum_20March2023_1.sql:51: INFO:  aggressively vacuuming "ibobadm.psp_source_system_transmission_m082023_from_ews"
psql:run_vacuum_20March2023_1.sql:51: INFO:  table "psp_source_system_transmission_m082023_from_ews": found 0 removable, 0 nonremovable row versions in 0 out of 0 pages
DETAIL:  0 dead row versions cannot be removed yet, oldest xmin: 536149935
Skipped 0 pages due to buffer pins, 0 frozen pages.
CPU: user: 0.00 s, system: 0.00 s, elapsed: 0.00 s.
psql:run_vacuum_20March2023_1.sql:51: INFO:  aggressively vacuuming "pg_toast.pg_toast_1513303852"
psql:run_vacuum_20March2023_1.sql:51: INFO:  table "pg_toast_1513303852": found 0 removable, 0 nonremovable row versions in 0 out of 0 pages
DETAIL:  0 dead row versions cannot be removed yet, oldest xmin: 536149935
Skipped 0 pages due to buffer pins, 0 frozen pages.
CPU: user: 0.00 s, system: 0.00 s, elapsed: 0.00 s.
psql:run_vacuum_20March2023_1.sql:51: INFO:  analyzing "ibobadm.psp_source_system_transmission_m082023_from_ews"
psql:run_vacuum_20March2023_1.sql:51: INFO:  "psp_source_system_transmission_m082023_from_ews": scanned 0 of 0 pages, containing 0 live rows and 0 dead rows; 0 rows in sample, 0 estimated total rows
VACUUM
Time: 10.560 ms
psql:run_vacuum_20March2023_1.sql:52: INFO:  aggressively vacuuming "ibobadm.psp_source_system_transmission_m082023_from_null"
psql:run_vacuum_20March2023_1.sql:52: INFO:  table "psp_source_system_transmission_m082023_from_null": found 0 removable, 0 nonremovable row versions in 0 out of 0 pages
DETAIL:  0 dead row versions cannot be removed yet, oldest xmin: 536149935
Skipped 0 pages due to buffer pins, 0 frozen pages.
CPU: user: 0.00 s, system: 0.00 s, elapsed: 0.00 s.
psql:run_vacuum_20March2023_1.sql:52: INFO:  aggressively vacuuming "pg_toast.pg_toast_1513303862"
psql:run_vacuum_20March2023_1.sql:52: INFO:  table "pg_toast_1513303862": found 0 removable, 0 nonremovable row versions in 0 out of 0 pages
DETAIL:  0 dead row versions cannot be removed yet, oldest xmin: 536149935
Skipped 0 pages due to buffer pins, 0 frozen pages.
CPU: user: 0.00 s, system: 0.00 s, elapsed: 0.00 s.
psql:run_vacuum_20March2023_1.sql:52: INFO:  analyzing "ibobadm.psp_source_system_transmission_m082023_from_null"
psql:run_vacuum_20March2023_1.sql:52: INFO:  "psp_source_system_transmission_m082023_from_null": scanned 0 of 0 pages, containing 0 live rows and 0 dead rows; 0 rows in sample, 0 estimated total rows
VACUUM
Time: 10.505 ms
psql:run_vacuum_20March2023_1.sql:53: INFO:  aggressively vacuuming "ibobadm.psp_source_system_transmission_m082023_from_psp"
psql:run_vacuum_20March2023_1.sql:53: INFO:  table "psp_source_system_transmission_m082023_from_psp": found 0 removable, 0 nonremovable row versions in 0 out of 0 pages
DETAIL:  0 dead row versions cannot be removed yet, oldest xmin: 536149935
Skipped 0 pages due to buffer pins, 0 frozen pages.
CPU: user: 0.00 s, system: 0.00 s, elapsed: 0.00 s.
psql:run_vacuum_20March2023_1.sql:53: INFO:  aggressively vacuuming "pg_toast.pg_toast_1513303872"
psql:run_vacuum_20March2023_1.sql:53: INFO:  table "pg_toast_1513303872": found 0 removable, 0 nonremovable row versions in 0 out of 0 pages
DETAIL:  0 dead row versions cannot be removed yet, oldest xmin: 536149935
Skipped 0 pages due to buffer pins, 0 frozen pages.
CPU: user: 0.00 s, system: 0.00 s, elapsed: 0.00 s.
psql:run_vacuum_20March2023_1.sql:53: INFO:  analyzing "ibobadm.psp_source_system_transmission_m082023_from_psp"
psql:run_vacuum_20March2023_1.sql:53: INFO:  "psp_source_system_transmission_m082023_from_psp": scanned 0 of 0 pages, containing 0 live rows and 0 dead rows; 0 rows in sample, 0 estimated total rows
VACUUM
Time: 10.471 ms
psql:run_vacuum_20March2023_1.sql:54: INFO:  aggressively vacuuming "ibobadm.psp_source_system_transmission_m082023_from_qbdt"
psql:run_vacuum_20March2023_1.sql:54: INFO:  table "psp_source_system_transmission_m082023_from_qbdt": found 0 removable, 0 nonremovable row versions in 0 out of 0 pages
DETAIL:  0 dead row versions cannot be removed yet, oldest xmin: 536149935
Skipped 0 pages due to buffer pins, 0 frozen pages.
CPU: user: 0.00 s, system: 0.00 s, elapsed: 0.00 s.
psql:run_vacuum_20March2023_1.sql:54: INFO:  aggressively vacuuming "pg_toast.pg_toast_1513303904"
psql:run_vacuum_20March2023_1.sql:54: INFO:  table "pg_toast_1513303904": found 0 removable, 0 nonremovable row versions in 0 out of 0 pages
DETAIL:  0 dead row versions cannot be removed yet, oldest xmin: 536149935
Skipped 0 pages due to buffer pins, 0 frozen pages.
CPU: user: 0.00 s, system: 0.00 s, elapsed: 0.00 s.
psql:run_vacuum_20March2023_1.sql:54: INFO:  analyzing "ibobadm.psp_source_system_transmission_m082023_from_qbdt"
psql:run_vacuum_20March2023_1.sql:54: INFO:  "psp_source_system_transmission_m082023_from_qbdt": scanned 0 of 0 pages, containing 0 live rows and 0 dead rows; 0 rows in sample, 0 estimated total rows
VACUUM
Time: 10.476 ms
