Timing is on.
SET
Time: 1.245 ms
psql:run_vacuum_10Jan_3.sql:3: INFO:  aggressively vacuuming "ibobadm.psp_source_system_transmission_m062022_from_as400"
psql:run_vacuum_10Jan_3.sql:3: INFO:  table "psp_source_system_transmission_m062022_from_as400": found 0 removable, 0 nonremovable row versions in 0 out of 0 pages
DETAIL:  0 dead row versions cannot be removed yet, oldest xmin: 422455122
Skipped 0 pages due to buffer pins, 0 frozen pages.
CPU: user: 0.00 s, system: 0.00 s, elapsed: 0.00 s.
psql:run_vacuum_10Jan_3.sql:3: INFO:  aggressively vacuuming "pg_toast.pg_toast_568047941"
psql:run_vacuum_10Jan_3.sql:3: INFO:  table "pg_toast_568047941": found 0 removable, 0 nonremovable row versions in 0 out of 0 pages
DETAIL:  0 dead row versions cannot be removed yet, oldest xmin: 422455122
Skipped 0 pages due to buffer pins, 0 frozen pages.
CPU: user: 0.00 s, system: 0.00 s, elapsed: 0.00 s.
psql:run_vacuum_10Jan_3.sql:3: INFO:  analyzing "ibobadm.psp_source_system_transmission_m062022_from_as400"
psql:run_vacuum_10Jan_3.sql:3: INFO:  "psp_source_system_transmission_m062022_from_as400": scanned 0 of 0 pages, containing 0 live rows and 0 dead rows; 0 rows in sample, 0 estimated total rows
VACUUM
Time: 22.796 ms
psql:run_vacuum_10Jan_3.sql:4: INFO:  aggressively vacuuming "ibobadm.psp_source_system_transmission_m072022_from_psp"
psql:run_vacuum_10Jan_3.sql:4: INFO:  launched 4 parallel vacuum workers for index cleanup (planned: 4)
psql:run_vacuum_10Jan_3.sql:4: INFO:  table "psp_source_system_transmission_m072022_from_psp": found 0 removable, 197085 nonremovable row versions in 36214 out of 36214 pages
DETAIL:  0 dead row versions cannot be removed yet, oldest xmin: 422455122
Skipped 0 pages due to buffer pins, 0 frozen pages.
CPU: user: 0.34 s, system: 0.05 s, elapsed: 0.91 s.
psql:run_vacuum_10Jan_3.sql:4: INFO:  aggressively vacuuming "pg_toast.pg_toast_568048788"
psql:run_vacuum_10Jan_3.sql:4: INFO:  table "pg_toast_568048788": found 0 removable, 347492 nonremovable row versions in 70284 out of 70284 pages
DETAIL:  0 dead row versions cannot be removed yet, oldest xmin: 422455122
Skipped 0 pages due to buffer pins, 0 frozen pages.
CPU: user: 0.69 s, system: 0.00 s, elapsed: 1.66 s.
psql:run_vacuum_10Jan_3.sql:4: INFO:  analyzing "ibobadm.psp_source_system_transmission_m072022_from_psp"
psql:run_vacuum_10Jan_3.sql:4: INFO:  "psp_source_system_transmission_m072022_from_psp": scanned 36214 of 36214 pages, containing 197085 live rows and 0 dead rows; 153600 rows in sample, 197085 estimated total rows
VACUUM
Time: 35686.995 ms (00:35.687)
psql:run_vacuum_10Jan_3.sql:5: INFO:  aggressively vacuuming "ibobadm.psp_source_system_transmission_m072022_from_dflt"
psql:run_vacuum_10Jan_3.sql:5: INFO:  table "psp_source_system_transmission_m072022_from_dflt": found 0 removable, 0 nonremovable row versions in 0 out of 0 pages
DETAIL:  0 dead row versions cannot be removed yet, oldest xmin: 422455157
Skipped 0 pages due to buffer pins, 0 frozen pages.
CPU: user: 0.00 s, system: 0.00 s, elapsed: 0.00 s.
psql:run_vacuum_10Jan_3.sql:5: INFO:  aggressively vacuuming "pg_toast.pg_toast_568048764"
psql:run_vacuum_10Jan_3.sql:5: INFO:  table "pg_toast_568048764": found 0 removable, 0 nonremovable row versions in 0 out of 0 pages
DETAIL:  0 dead row versions cannot be removed yet, oldest xmin: 422455157
Skipped 0 pages due to buffer pins, 0 frozen pages.
CPU: user: 0.00 s, system: 0.00 s, elapsed: 0.00 s.
psql:run_vacuum_10Jan_3.sql:5: INFO:  analyzing "ibobadm.psp_source_system_transmission_m072022_from_dflt"
psql:run_vacuum_10Jan_3.sql:5: INFO:  "psp_source_system_transmission_m072022_from_dflt": scanned 0 of 0 pages, containing 0 live rows and 0 dead rows; 0 rows in sample, 0 estimated total rows
VACUUM
Time: 20.368 ms
psql:run_vacuum_10Jan_3.sql:6: INFO:  aggressively vacuuming "ibobadm.psp_source_system_transmission_m082022_from_dflt"
psql:run_vacuum_10Jan_3.sql:6: INFO:  table "psp_source_system_transmission_m082022_from_dflt": found 0 removable, 0 nonremovable row versions in 0 out of 0 pages
DETAIL:  0 dead row versions cannot be removed yet, oldest xmin: 422455157
Skipped 0 pages due to buffer pins, 0 frozen pages.
CPU: user: 0.00 s, system: 0.00 s, elapsed: 0.00 s.
psql:run_vacuum_10Jan_3.sql:6: INFO:  aggressively vacuuming "pg_toast.pg_toast_568049593"
psql:run_vacuum_10Jan_3.sql:6: INFO:  table "pg_toast_568049593": found 0 removable, 0 nonremovable row versions in 0 out of 0 pages
DETAIL:  0 dead row versions cannot be removed yet, oldest xmin: 422455157
Skipped 0 pages due to buffer pins, 0 frozen pages.
CPU: user: 0.00 s, system: 0.00 s, elapsed: 0.00 s.
psql:run_vacuum_10Jan_3.sql:6: INFO:  analyzing "ibobadm.psp_source_system_transmission_m082022_from_dflt"
psql:run_vacuum_10Jan_3.sql:6: INFO:  "psp_source_system_transmission_m082022_from_dflt": scanned 0 of 0 pages, containing 0 live rows and 0 dead rows; 0 rows in sample, 0 estimated total rows
VACUUM
Time: 9.722 ms
psql:run_vacuum_10Jan_3.sql:7: INFO:  aggressively vacuuming "ibobadm.psp_source_system_transmission_m082022_from_null"
psql:run_vacuum_10Jan_3.sql:7: INFO:  table "psp_source_system_transmission_m082022_from_null": found 0 removable, 0 nonremovable row versions in 0 out of 0 pages
DETAIL:  0 dead row versions cannot be removed yet, oldest xmin: 422455157
Skipped 0 pages due to buffer pins, 0 frozen pages.
CPU: user: 0.00 s, system: 0.00 s, elapsed: 0.00 s.
psql:run_vacuum_10Jan_3.sql:7: INFO:  aggressively vacuuming "pg_toast.pg_toast_568049609"
psql:run_vacuum_10Jan_3.sql:7: INFO:  table "pg_toast_568049609": found 0 removable, 0 nonremovable row versions in 0 out of 0 pages
DETAIL:  0 dead row versions cannot be removed yet, oldest xmin: 422455157
Skipped 0 pages due to buffer pins, 0 frozen pages.
CPU: user: 0.00 s, system: 0.00 s, elapsed: 0.00 s.
psql:run_vacuum_10Jan_3.sql:7: INFO:  analyzing "ibobadm.psp_source_system_transmission_m082022_from_null"
psql:run_vacuum_10Jan_3.sql:7: INFO:  "psp_source_system_transmission_m082022_from_null": scanned 0 of 0 pages, containing 0 live rows and 0 dead rows; 0 rows in sample, 0 estimated total rows
VACUUM
Time: 10.191 ms
psql:run_vacuum_10Jan_3.sql:8: INFO:  aggressively vacuuming "ibobadm.psp_source_system_transmission_m082022_from_ews"
psql:run_vacuum_10Jan_3.sql:8: INFO:  launched 4 parallel vacuum workers for index vacuuming (planned: 4)
psql:run_vacuum_10Jan_3.sql:8: INFO:  scanned index "psp_source_system_transmis_i5_m082022_from_ews" to remove 37218 row versions
DETAIL:  CPU: user: 0.15 s, system: 0.00 s, elapsed: 0.15 s
psql:run_vacuum_10Jan_3.sql:8: INFO:  scanned index "psp_source_system_transmis_i2_m082022_from_ews" to remove 37218 row versions
DETAIL:  CPU: user: 0.18 s, system: 0.00 s, elapsed: 0.24 s
psql:run_vacuum_10Jan_3.sql:8: INFO:  scanned index "psp_src_sys_tran_id_m082022_from_ews" to remove 37218 row versions
DETAIL:  CPU: user: 0.26 s, system: 0.01 s, elapsed: 0.27 s
psql:run_vacuum_10Jan_3.sql:8: INFO:  scanned index "sys_c008544_srcsystrns_m082022_from_ews" to remove 37218 row versions
DETAIL:  CPU: user: 0.27 s, system: 0.00 s, elapsed: 0.33 s
psql:run_vacuum_10Jan_3.sql:8: INFO:  scanned index "psp_source_system_transmis_i4_m082022_from_ews" to remove 37218 row versions
DETAIL:  CPU: user: 0.31 s, system: 0.01 s, elapsed: 0.77 s
psql:run_vacuum_10Jan_3.sql:8: INFO:  table "psp_source_system_transmission_m082022_from_ews": removed 37218 dead item identifiers in 23558 pages
DETAIL:  CPU: user: 0.45 s, system: 0.01 s, elapsed: 0.70 s
psql:run_vacuum_10Jan_3.sql:8: INFO:  index "psp_source_system_transmis_i5_m082022_from_ews" now contains 3824714 row versions in 3968 pages
DETAIL:  37169 index row versions were removed.
0 index pages were newly deleted.
0 index pages are currently deleted, of which 0 are currently reusable.
CPU: user: 0.00 s, system: 0.00 s, elapsed: 0.00 s.
psql:run_vacuum_10Jan_3.sql:8: INFO:  index "psp_source_system_transmis_i2_m082022_from_ews" now contains 3824714 row versions in 13693 pages
DETAIL:  37218 index row versions were removed.
0 index pages were newly deleted.
0 index pages are currently deleted, of which 0 are currently reusable.
CPU: user: 0.00 s, system: 0.00 s, elapsed: 0.00 s.
psql:run_vacuum_10Jan_3.sql:8: INFO:  index "psp_source_system_transmis_i4_m082022_from_ews" now contains 3824714 row versions in 41627 pages
DETAIL:  37213 index row versions were removed.
0 index pages were newly deleted.
0 index pages are currently deleted, of which 0 are currently reusable.
CPU: user: 0.00 s, system: 0.00 s, elapsed: 0.00 s.
psql:run_vacuum_10Jan_3.sql:8: INFO:  index "psp_src_sys_tran_id_m082022_from_ews" now contains 3824714 row versions in 36071 pages
DETAIL:  37213 index row versions were removed.
0 index pages were newly deleted.
0 index pages are currently deleted, of which 0 are currently reusable.
CPU: user: 0.00 s, system: 0.00 s, elapsed: 0.00 s.
psql:run_vacuum_10Jan_3.sql:8: INFO:  index "sys_c008544_srcsystrns_m082022_from_ews" now contains 3824714 row versions in 36167 pages
DETAIL:  37200 index row versions were removed.
0 index pages were newly deleted.
0 index pages are currently deleted, of which 0 are currently reusable.
CPU: user: 0.00 s, system: 0.00 s, elapsed: 0.00 s.
psql:run_vacuum_10Jan_3.sql:8: INFO:  table "psp_source_system_transmission_m082022_from_ews": found 20 removable, 3824714 nonremovable row versions in 554338 out of 554338 pages
DETAIL:  0 dead row versions cannot be removed yet, oldest xmin: 422455157
Skipped 0 pages due to buffer pins, 0 frozen pages.
CPU: user: 6.24 s, system: 0.67 s, elapsed: 15.66 s.
psql:run_vacuum_10Jan_3.sql:8: INFO:  aggressively vacuuming "pg_toast.pg_toast_568049601"
psql:run_vacuum_10Jan_3.sql:8: INFO:  table "pg_toast_568049601": index scan bypassed: 8 pages from table (0.00% of total) have 10 dead item identifiers
psql:run_vacuum_10Jan_3.sql:8: INFO:  table "pg_toast_568049601": found 6 removable, 2353265 nonremovable row versions in 553615 out of 553615 pages
DETAIL:  0 dead row versions cannot be removed yet, oldest xmin: 422455157
Skipped 0 pages due to buffer pins, 0 frozen pages.
CPU: user: 5.27 s, system: 0.09 s, elapsed: 13.54 s.
psql:run_vacuum_10Jan_3.sql:8: INFO:  analyzing "ibobadm.psp_source_system_transmission_m082022_from_ews"
psql:run_vacuum_10Jan_3.sql:8: INFO:  "psp_source_system_transmission_m082022_from_ews": scanned 153600 of 554338 pages, containing 1060212 live rows and 0 dead rows; 153600 rows in sample, 3826275 estimated total rows
VACUUM
Time: 85220.544 ms (01:25.221)
psql:run_vacuum_10Jan_3.sql:9: INFO:  aggressively vacuuming "ibobadm.psp_source_system_transmission_m082022_from_psp"
psql:run_vacuum_10Jan_3.sql:9: INFO:  launched 4 parallel vacuum workers for index vacuuming (planned: 4)
psql:run_vacuum_10Jan_3.sql:9: INFO:  scanned index "psp_source_system_transmis_i5_m082022_from_psp" to remove 2626 row versions
DETAIL:  CPU: user: 0.00 s, system: 0.00 s, elapsed: 0.01 s
psql:run_vacuum_10Jan_3.sql:9: INFO:  scanned index "psp_src_sys_tran_id_m082022_from_psp" to remove 2626 row versions
DETAIL:  CPU: user: 0.01 s, system: 0.00 s, elapsed: 0.01 s
psql:run_vacuum_10Jan_3.sql:9: INFO:  scanned index "sys_c008544_srcsystrns_m082022_from_psp" to remove 2626 row versions
DETAIL:  CPU: user: 0.01 s, system: 0.00 s, elapsed: 0.01 s
psql:run_vacuum_10Jan_3.sql:9: INFO:  scanned index "psp_source_system_transmis_i2_m082022_from_psp" to remove 2626 row versions
DETAIL:  CPU: user: 0.00 s, system: 0.00 s, elapsed: 0.02 s
psql:run_vacuum_10Jan_3.sql:9: INFO:  scanned index "psp_source_system_transmis_i4_m082022_from_psp" to remove 2626 row versions
DETAIL:  CPU: user: 0.01 s, system: 0.00 s, elapsed: 0.03 s
psql:run_vacuum_10Jan_3.sql:9: INFO:  table "psp_source_system_transmission_m082022_from_psp": removed 2626 dead item identifiers in 2502 pages
DETAIL:  CPU: user: 0.04 s, system: 0.00 s, elapsed: 0.04 s
psql:run_vacuum_10Jan_3.sql:9: INFO:  index "psp_source_system_transmis_i5_m082022_from_psp" now contains 163582 row versions in 177 pages
DETAIL:  2624 index row versions were removed.
0 index pages were newly deleted.
0 index pages are currently deleted, of which 0 are currently reusable.
CPU: user: 0.00 s, system: 0.00 s, elapsed: 0.00 s.
psql:run_vacuum_10Jan_3.sql:9: INFO:  index "psp_source_system_transmis_i2_m082022_from_psp" now contains 163582 row versions in 609 pages
DETAIL:  2585 index row versions were removed.
0 index pages were newly deleted.
0 index pages are currently deleted, of which 0 are currently reusable.
CPU: user: 0.00 s, system: 0.00 s, elapsed: 0.00 s.
psql:run_vacuum_10Jan_3.sql:9: INFO:  index "psp_source_system_transmis_i4_m082022_from_psp" now contains 163582 row versions in 1828 pages
DETAIL:  2624 index row versions were removed.
0 index pages were newly deleted.
0 index pages are currently deleted, of which 0 are currently reusable.
CPU: user: 0.00 s, system: 0.00 s, elapsed: 0.00 s.
psql:run_vacuum_10Jan_3.sql:9: INFO:  index "psp_src_sys_tran_id_m082022_from_psp" now contains 163582 row versions in 1509 pages
DETAIL:  2625 index row versions were removed.
0 index pages were newly deleted.
0 index pages are currently deleted, of which 0 are currently reusable.
CPU: user: 0.00 s, system: 0.00 s, elapsed: 0.00 s.
psql:run_vacuum_10Jan_3.sql:9: INFO:  index "sys_c008544_srcsystrns_m082022_from_psp" now contains 163582 row versions in 1558 pages
DETAIL:  2622 index row versions were removed.
0 index pages were newly deleted.
0 index pages are currently deleted, of which 0 are currently reusable.
CPU: user: 0.00 s, system: 0.00 s, elapsed: 0.00 s.
psql:run_vacuum_10Jan_3.sql:9: INFO:  table "psp_source_system_transmission_m082022_from_psp": found 4 removable, 163582 nonremovable row versions in 30300 out of 30300 pages
DETAIL:  0 dead row versions cannot be removed yet, oldest xmin: 422455300
Skipped 0 pages due to buffer pins, 0 frozen pages.
CPU: user: 0.34 s, system: 0.02 s, elapsed: 0.90 s.
psql:run_vacuum_10Jan_3.sql:9: INFO:  aggressively vacuuming "pg_toast.pg_toast_568049616"
psql:run_vacuum_10Jan_3.sql:9: INFO:  table "pg_toast_568049616": found 0 removable, 293414 nonremovable row versions in 59926 out of 59926 pages
DETAIL:  0 dead row versions cannot be removed yet, oldest xmin: 422455300
Skipped 0 pages due to buffer pins, 0 frozen pages.
CPU: user: 0.57 s, system: 0.00 s, elapsed: 1.39 s.
psql:run_vacuum_10Jan_3.sql:9: INFO:  analyzing "ibobadm.psp_source_system_transmission_m082022_from_psp"
psql:run_vacuum_10Jan_3.sql:9: INFO:  "psp_source_system_transmission_m082022_from_psp": scanned 30300 of 30300 pages, containing 163582 live rows and 0 dead rows; 153600 rows in sample, 163582 estimated total rows
VACUUM
Time: 23561.246 ms (00:23.561)
psql:run_vacuum_10Jan_3.sql:10: INFO:  aggressively vacuuming "ibobadm.psp_source_system_transmission_m062022_from_cris"
psql:run_vacuum_10Jan_3.sql:10: INFO:  table "psp_source_system_transmission_m062022_from_cris": found 0 removable, 0 nonremovable row versions in 0 out of 0 pages
DETAIL:  0 dead row versions cannot be removed yet, oldest xmin: 422455434
Skipped 0 pages due to buffer pins, 0 frozen pages.
CPU: user: 0.00 s, system: 0.00 s, elapsed: 0.00 s.
psql:run_vacuum_10Jan_3.sql:10: INFO:  aggressively vacuuming "pg_toast.pg_toast_568047948"
psql:run_vacuum_10Jan_3.sql:10: INFO:  table "pg_toast_568047948": found 0 removable, 0 nonremovable row versions in 0 out of 0 pages
DETAIL:  0 dead row versions cannot be removed yet, oldest xmin: 422455434
Skipped 0 pages due to buffer pins, 0 frozen pages.
CPU: user: 0.00 s, system: 0.00 s, elapsed: 0.00 s.
psql:run_vacuum_10Jan_3.sql:10: INFO:  analyzing "ibobadm.psp_source_system_transmission_m062022_from_cris"
psql:run_vacuum_10Jan_3.sql:10: INFO:  "psp_source_system_transmission_m062022_from_cris": scanned 0 of 0 pages, containing 0 live rows and 0 dead rows; 0 rows in sample, 0 estimated total rows
VACUUM
Time: 20.676 ms
psql:run_vacuum_10Jan_3.sql:11: INFO:  aggressively vacuuming "ibobadm.psp_source_system_transmission_m062022_from_null"
psql:run_vacuum_10Jan_3.sql:11: INFO:  table "psp_source_system_transmission_m062022_from_null": found 0 removable, 0 nonremovable row versions in 0 out of 0 pages
DETAIL:  0 dead row versions cannot be removed yet, oldest xmin: 422455434
Skipped 0 pages due to buffer pins, 0 frozen pages.
CPU: user: 0.00 s, system: 0.00 s, elapsed: 0.00 s.
psql:run_vacuum_10Jan_3.sql:11: INFO:  aggressively vacuuming "pg_toast.pg_toast_568047971"
psql:run_vacuum_10Jan_3.sql:11: INFO:  table "pg_toast_568047971": found 0 removable, 0 nonremovable row versions in 0 out of 0 pages
DETAIL:  0 dead row versions cannot be removed yet, oldest xmin: 422455434
Skipped 0 pages due to buffer pins, 0 frozen pages.
CPU: user: 0.00 s, system: 0.00 s, elapsed: 0.00 s.
psql:run_vacuum_10Jan_3.sql:11: INFO:  analyzing "ibobadm.psp_source_system_transmission_m062022_from_null"
psql:run_vacuum_10Jan_3.sql:11: INFO:  "psp_source_system_transmission_m062022_from_null": scanned 0 of 0 pages, containing 0 live rows and 0 dead rows; 0 rows in sample, 0 estimated total rows
VACUUM
Time: 9.593 ms
psql:run_vacuum_10Jan_3.sql:12: INFO:  aggressively vacuuming "ibobadm.psp_source_system_transmission_m062022_from_qbdt"
psql:run_vacuum_10Jan_3.sql:12: INFO:  launched 4 parallel vacuum workers for index vacuuming (planned: 4)
psql:run_vacuum_10Jan_3.sql:12: INFO:  scanned index "psp_source_system_transmis_i2_m062022_from_qbdt" to remove 81364 row versions
DETAIL:  CPU: user: 0.42 s, system: 0.00 s, elapsed: 0.47 s
psql:run_vacuum_10Jan_3.sql:12: INFO:  scanned index "psp_source_system_transmis_i5_m062022_from_qbdt" to remove 81364 row versions
DETAIL:  CPU: user: 0.55 s, system: 0.00 s, elapsed: 0.56 s
psql:run_vacuum_10Jan_3.sql:12: INFO:  scanned index "psp_src_sys_tran_id_m062022_from_qbdt" to remove 81364 row versions
DETAIL:  CPU: user: 0.81 s, system: 0.01 s, elapsed: 0.82 s
psql:run_vacuum_10Jan_3.sql:12: INFO:  scanned index "sys_c008544_srcsystrns_m062022_from_qbdt" to remove 81364 row versions
DETAIL:  CPU: user: 0.82 s, system: 0.01 s, elapsed: 0.93 s
psql:run_vacuum_10Jan_3.sql:12: INFO:  scanned index "psp_source_system_transmis_i4_m062022_from_qbdt" to remove 81364 row versions
DETAIL:  CPU: user: 0.83 s, system: 0.01 s, elapsed: 1.12 s
psql:run_vacuum_10Jan_3.sql:12: INFO:  table "psp_source_system_transmission_m062022_from_qbdt": removed 81364 dead item identifiers in 75947 pages
DETAIL:  CPU: user: 1.44 s, system: 0.00 s, elapsed: 1.85 s
psql:run_vacuum_10Jan_3.sql:12: INFO:  index "psp_source_system_transmis_i5_m062022_from_qbdt" now contains 5496413 row versions in 8478 pages
DETAIL:  81364 index row versions were removed.
0 index pages were newly deleted.
0 index pages are currently deleted, of which 0 are currently reusable.
CPU: user: 0.00 s, system: 0.00 s, elapsed: 0.00 s.
psql:run_vacuum_10Jan_3.sql:12: INFO:  index "psp_source_system_transmis_i2_m062022_from_qbdt" now contains 5496413 row versions in 20432 pages
DETAIL:  81364 index row versions were removed.
0 index pages were newly deleted.
0 index pages are currently deleted, of which 0 are currently reusable.
CPU: user: 0.00 s, system: 0.00 s, elapsed: 0.00 s.
psql:run_vacuum_10Jan_3.sql:12: INFO:  index "psp_source_system_transmis_i4_m062022_from_qbdt" now contains 5496413 row versions in 60125 pages
DETAIL:  81364 index row versions were removed.
0 index pages were newly deleted.
0 index pages are currently deleted, of which 0 are currently reusable.
CPU: user: 0.00 s, system: 0.00 s, elapsed: 0.00 s.
psql:run_vacuum_10Jan_3.sql:12: INFO:  index "psp_src_sys_tran_id_m062022_from_qbdt" now contains 5496413 row versions in 51744 pages
DETAIL:  81363 index row versions were removed.
0 index pages were newly deleted.
0 index pages are currently deleted, of which 0 are currently reusable.
CPU: user: 0.00 s, system: 0.00 s, elapsed: 0.00 s.
psql:run_vacuum_10Jan_3.sql:12: INFO:  index "sys_c008544_srcsystrns_m062022_from_qbdt" now contains 5496413 row versions in 52289 pages
DETAIL:  81364 index row versions were removed.
0 index pages were newly deleted.
0 index pages are currently deleted, of which 0 are currently reusable.
CPU: user: 0.00 s, system: 0.00 s, elapsed: 0.00 s.
psql:run_vacuum_10Jan_3.sql:12: INFO:  table "psp_source_system_transmission_m062022_from_qbdt": found 12114 removable, 5496413 nonremovable row versions in 1085257 out of 1085257 pages
DETAIL:  0 dead row versions cannot be removed yet, oldest xmin: 422455434
Skipped 0 pages due to buffer pins, 0 frozen pages.
CPU: user: 13.08 s, system: 0.71 s, elapsed: 30.52 s.
psql:run_vacuum_10Jan_3.sql:12: INFO:  aggressively vacuuming "pg_toast.pg_toast_568047987"
psql:run_vacuum_10Jan_3.sql:12: INFO:  table "pg_toast_568047987": found 0 removable, 19957542 nonremovable row versions in 4858493 out of 4858493 pages
DETAIL:  0 dead row versions cannot be removed yet, oldest xmin: 422455494
Skipped 0 pages due to buffer pins, 0 frozen pages.
CPU: user: 47.46 s, system: 0.35 s, elapsed: 116.73 s.
psql:run_vacuum_10Jan_3.sql:12: INFO:  analyzing "ibobadm.psp_source_system_transmission_m062022_from_qbdt"
psql:run_vacuum_10Jan_3.sql:12: INFO:  "psp_source_system_transmission_m062022_from_qbdt": scanned 153600 of 1085257 pages, containing 777863 live rows and 0 dead rows; 153600 rows in sample, 5495972 estimated total rows
VACUUM
Time: 195078.937 ms (03:15.079)
 pg_sleep 
----------
 
(1 row)

Time: 60003.191 ms (01:00.003)
psql:run_vacuum_10Jan_3.sql:14: INFO:  aggressively vacuuming "ibobadm.psp_source_system_transmission_m072022_from_cris"
psql:run_vacuum_10Jan_3.sql:14: INFO:  table "psp_source_system_transmission_m072022_from_cris": found 0 removable, 0 nonremovable row versions in 0 out of 0 pages
DETAIL:  0 dead row versions cannot be removed yet, oldest xmin: 422455868
Skipped 0 pages due to buffer pins, 0 frozen pages.
CPU: user: 0.00 s, system: 0.00 s, elapsed: 0.00 s.
psql:run_vacuum_10Jan_3.sql:14: INFO:  aggressively vacuuming "pg_toast.pg_toast_568048756"
psql:run_vacuum_10Jan_3.sql:14: INFO:  table "pg_toast_568048756": found 0 removable, 0 nonremovable row versions in 0 out of 0 pages
DETAIL:  0 dead row versions cannot be removed yet, oldest xmin: 422455868
Skipped 0 pages due to buffer pins, 0 frozen pages.
CPU: user: 0.00 s, system: 0.00 s, elapsed: 0.00 s.
psql:run_vacuum_10Jan_3.sql:14: INFO:  analyzing "ibobadm.psp_source_system_transmission_m072022_from_cris"
psql:run_vacuum_10Jan_3.sql:14: INFO:  "psp_source_system_transmission_m072022_from_cris": scanned 0 of 0 pages, containing 0 live rows and 0 dead rows; 0 rows in sample, 0 estimated total rows
VACUUM
Time: 20.745 ms
psql:run_vacuum_10Jan_3.sql:15: INFO:  aggressively vacuuming "ibobadm.psp_source_system_transmission_m062022_from_ews"
psql:run_vacuum_10Jan_3.sql:15: INFO:  launched 4 parallel vacuum workers for index cleanup (planned: 4)
psql:run_vacuum_10Jan_3.sql:15: INFO:  table "psp_source_system_transmission_m062022_from_ews": found 0 removable, 3940935 nonremovable row versions in 577765 out of 577765 pages
DETAIL:  0 dead row versions cannot be removed yet, oldest xmin: 422455868
Skipped 0 pages due to buffer pins, 0 frozen pages.
CPU: user: 5.92 s, system: 0.62 s, elapsed: 15.84 s.
psql:run_vacuum_10Jan_3.sql:15: INFO:  aggressively vacuuming "pg_toast.pg_toast_568047963"
psql:run_vacuum_10Jan_3.sql:15: INFO:  table "pg_toast_568047963": found 0 removable, 2296434 nonremovable row versions in 539378 out of 539378 pages
DETAIL:  0 dead row versions cannot be removed yet, oldest xmin: 422455868
Skipped 0 pages due to buffer pins, 0 frozen pages.
CPU: user: 5.35 s, system: 0.03 s, elapsed: 13.27 s.
psql:run_vacuum_10Jan_3.sql:15: INFO:  analyzing "ibobadm.psp_source_system_transmission_m062022_from_ews"
psql:run_vacuum_10Jan_3.sql:15: INFO:  "psp_source_system_transmission_m062022_from_ews": scanned 153600 of 577765 pages, containing 1047929 live rows and 0 dead rows; 153600 rows in sample, 3941775 estimated total rows
VACUUM
Time: 80150.252 ms (01:20.150)
psql:run_vacuum_10Jan_3.sql:16: INFO:  aggressively vacuuming "ibobadm.psp_source_system_transmission_m072022_from_ews"
psql:run_vacuum_10Jan_3.sql:16: INFO:  launched 4 parallel vacuum workers for index cleanup (planned: 4)
psql:run_vacuum_10Jan_3.sql:16: INFO:  table "psp_source_system_transmission_m072022_from_ews": found 0 removable, 4023673 nonremovable row versions in 626419 out of 626419 pages
DETAIL:  0 dead row versions cannot be removed yet, oldest xmin: 422456059
Skipped 0 pages due to buffer pins, 0 frozen pages.
CPU: user: 6.35 s, system: 0.66 s, elapsed: 18.61 s.
psql:run_vacuum_10Jan_3.sql:16: INFO:  aggressively vacuuming "pg_toast.pg_toast_568048772"
psql:run_vacuum_10Jan_3.sql:16: INFO:  table "pg_toast_568048772": found 0 removable, 2095055 nonremovable row versions in 490841 out of 490841 pages
DETAIL:  0 dead row versions cannot be removed yet, oldest xmin: 422456093
Skipped 0 pages due to buffer pins, 0 frozen pages.
CPU: user: 4.76 s, system: 0.03 s, elapsed: 13.69 s.
psql:run_vacuum_10Jan_3.sql:16: INFO:  analyzing "ibobadm.psp_source_system_transmission_m072022_from_ews"
psql:run_vacuum_10Jan_3.sql:16: INFO:  "psp_source_system_transmission_m072022_from_ews": scanned 153600 of 626419 pages, containing 987288 live rows and 0 dead rows; 153600 rows in sample, 4026406 estimated total rows
VACUUM
Time: 95492.576 ms (01:35.493)
psql:run_vacuum_10Jan_3.sql:17: INFO:  aggressively vacuuming "ibobadm.psp_source_system_transmission_m072022_from_qbdt"
psql:run_vacuum_10Jan_3.sql:17: INFO:  launched 4 parallel vacuum workers for index vacuuming (planned: 4)
psql:run_vacuum_10Jan_3.sql:17: INFO:  scanned index "psp_source_system_transmis_i2_m072022_from_qbdt" to remove 53949 row versions
DETAIL:  CPU: user: 0.34 s, system: 0.00 s, elapsed: 0.41 s
psql:run_vacuum_10Jan_3.sql:17: INFO:  scanned index "psp_source_system_transmis_i5_m072022_from_qbdt" to remove 53949 row versions
DETAIL:  CPU: user: 0.43 s, system: 0.00 s, elapsed: 0.44 s
psql:run_vacuum_10Jan_3.sql:17: INFO:  scanned index "psp_src_sys_tran_id_m072022_from_qbdt" to remove 53949 row versions
DETAIL:  CPU: user: 0.59 s, system: 0.02 s, elapsed: 0.62 s
psql:run_vacuum_10Jan_3.sql:17: INFO:  scanned index "sys_c008544_srcsystrns_m072022_from_qbdt" to remove 53949 row versions
DETAIL:  CPU: user: 0.62 s, system: 0.00 s, elapsed: 0.65 s
psql:run_vacuum_10Jan_3.sql:17: INFO:  scanned index "psp_source_system_transmis_i4_m072022_from_qbdt" to remove 53949 row versions
DETAIL:  CPU: user: 0.64 s, system: 0.01 s, elapsed: 0.96 s
psql:run_vacuum_10Jan_3.sql:17: INFO:  table "psp_source_system_transmission_m072022_from_qbdt": removed 53949 dead item identifiers in 50453 pages
DETAIL:  CPU: user: 0.97 s, system: 0.00 s, elapsed: 1.43 s
psql:run_vacuum_10Jan_3.sql:17: INFO:  index "psp_source_system_transmis_i5_m072022_from_qbdt" now contains 5103280 row versions in 8079 pages
DETAIL:  53949 index row versions were removed.
0 index pages were newly deleted.
0 index pages are currently deleted, of which 0 are currently reusable.
CPU: user: 0.00 s, system: 0.00 s, elapsed: 0.00 s.
psql:run_vacuum_10Jan_3.sql:17: INFO:  index "psp_source_system_transmis_i2_m072022_from_qbdt" now contains 5103280 row versions in 18868 pages
DETAIL:  53949 index row versions were removed.
0 index pages were newly deleted.
0 index pages are currently deleted, of which 0 are currently reusable.
CPU: user: 0.00 s, system: 0.00 s, elapsed: 0.00 s.
psql:run_vacuum_10Jan_3.sql:17: INFO:  index "psp_source_system_transmis_i4_m072022_from_qbdt" now contains 5103280 row versions in 55581 pages
DETAIL:  53949 index row versions were removed.
0 index pages were newly deleted.
0 index pages are currently deleted, of which 0 are currently reusable.
CPU: user: 0.00 s, system: 0.00 s, elapsed: 0.00 s.
psql:run_vacuum_10Jan_3.sql:17: INFO:  index "psp_src_sys_tran_id_m072022_from_qbdt" now contains 5103280 row versions in 47922 pages
DETAIL:  53949 index row versions were removed.
0 index pages were newly deleted.
0 index pages are currently deleted, of which 0 are currently reusable.
CPU: user: 0.00 s, system: 0.00 s, elapsed: 0.00 s.
psql:run_vacuum_10Jan_3.sql:17: INFO:  index "sys_c008544_srcsystrns_m072022_from_qbdt" now contains 5103280 row versions in 48271 pages
DETAIL:  53949 index row versions were removed.
0 index pages were newly deleted.
0 index pages are currently deleted, of which 0 are currently reusable.
CPU: user: 0.00 s, system: 0.00 s, elapsed: 0.00 s.
psql:run_vacuum_10Jan_3.sql:17: INFO:  table "psp_source_system_transmission_m072022_from_qbdt": found 10716 removable, 5103280 nonremovable row versions in 1001742 out of 1001742 pages
DETAIL:  0 dead row versions cannot be removed yet, oldest xmin: 422456252
Skipped 0 pages due to buffer pins, 0 frozen pages.
CPU: user: 11.41 s, system: 0.76 s, elapsed: 33.24 s.
psql:run_vacuum_10Jan_3.sql:17: INFO:  aggressively vacuuming "pg_toast.pg_toast_568048797"
psql:run_vacuum_10Jan_3.sql:17: INFO:  table "pg_toast_568048797": found 0 removable, 18037029 nonremovable row versions in 4391025 out of 4391025 pages
DETAIL:  0 dead row versions cannot be removed yet, oldest xmin: 422456303
Skipped 0 pages due to buffer pins, 0 frozen pages.
CPU: user: 42.34 s, system: 0.18 s, elapsed: 107.64 s.
psql:run_vacuum_10Jan_3.sql:17: INFO:  analyzing "ibobadm.psp_source_system_transmission_m072022_from_qbdt"
psql:run_vacuum_10Jan_3.sql:17: INFO:  "psp_source_system_transmission_m072022_from_qbdt": scanned 153600 of 1001742 pages, containing 782816 live rows and 0 dead rows; 153600 rows in sample, 5105336 estimated total rows
VACUUM
Time: 192998.237 ms (03:12.998)
psql:run_vacuum_10Jan_3.sql:18: INFO:  aggressively vacuuming "ibobadm.psp_source_system_transmission_m062022_from_psp"
psql:run_vacuum_10Jan_3.sql:18: INFO:  launched 4 parallel vacuum workers for index cleanup (planned: 4)
psql:run_vacuum_10Jan_3.sql:18: INFO:  table "psp_source_system_transmission_m062022_from_psp": found 0 removable, 190978 nonremovable row versions in 35431 out of 35431 pages
DETAIL:  0 dead row versions cannot be removed yet, oldest xmin: 422456712
Skipped 0 pages due to buffer pins, 0 frozen pages.
CPU: user: 0.36 s, system: 0.03 s, elapsed: 1.13 s.
psql:run_vacuum_10Jan_3.sql:18: INFO:  aggressively vacuuming "pg_toast.pg_toast_568047979"
psql:run_vacuum_10Jan_3.sql:18: INFO:  table "pg_toast_568047979": found 0 removable, 337427 nonremovable row versions in 68033 out of 68033 pages
DETAIL:  0 dead row versions cannot be removed yet, oldest xmin: 422456715
Skipped 0 pages due to buffer pins, 0 frozen pages.
CPU: user: 0.67 s, system: 0.00 s, elapsed: 1.83 s.
psql:run_vacuum_10Jan_3.sql:18: INFO:  analyzing "ibobadm.psp_source_system_transmission_m062022_from_psp"
psql:run_vacuum_10Jan_3.sql:18: INFO:  "psp_source_system_transmission_m062022_from_psp": scanned 35431 of 35431 pages, containing 190978 live rows and 0 dead rows; 153600 rows in sample, 190978 estimated total rows
VACUUM
Time: 28240.040 ms (00:28.240)
psql:run_vacuum_10Jan_3.sql:19: INFO:  aggressively vacuuming "ibobadm.psp_source_system_transmission_m072022_from_as400"
psql:run_vacuum_10Jan_3.sql:19: INFO:  table "psp_source_system_transmission_m072022_from_as400": found 0 removable, 0 nonremovable row versions in 0 out of 0 pages
DETAIL:  0 dead row versions cannot be removed yet, oldest xmin: 422456772
Skipped 0 pages due to buffer pins, 0 frozen pages.
CPU: user: 0.00 s, system: 0.00 s, elapsed: 0.00 s.
psql:run_vacuum_10Jan_3.sql:19: INFO:  aggressively vacuuming "pg_toast.pg_toast_568048748"
psql:run_vacuum_10Jan_3.sql:19: INFO:  table "pg_toast_568048748": found 0 removable, 0 nonremovable row versions in 0 out of 0 pages
DETAIL:  0 dead row versions cannot be removed yet, oldest xmin: 422456772
Skipped 0 pages due to buffer pins, 0 frozen pages.
CPU: user: 0.00 s, system: 0.00 s, elapsed: 0.00 s.
psql:run_vacuum_10Jan_3.sql:19: INFO:  analyzing "ibobadm.psp_source_system_transmission_m072022_from_as400"
psql:run_vacuum_10Jan_3.sql:19: INFO:  "psp_source_system_transmission_m072022_from_as400": scanned 0 of 0 pages, containing 0 live rows and 0 dead rows; 0 rows in sample, 0 estimated total rows
VACUUM
Time: 10.245 ms
psql:run_vacuum_10Jan_3.sql:20: INFO:  aggressively vacuuming "ibobadm.psp_source_system_transmission_m072022_from_null"
psql:run_vacuum_10Jan_3.sql:20: INFO:  table "psp_source_system_transmission_m072022_from_null": found 0 removable, 0 nonremovable row versions in 0 out of 0 pages
DETAIL:  0 dead row versions cannot be removed yet, oldest xmin: 422456772
Skipped 0 pages due to buffer pins, 0 frozen pages.
CPU: user: 0.00 s, system: 0.00 s, elapsed: 0.00 s.
psql:run_vacuum_10Jan_3.sql:20: INFO:  aggressively vacuuming "pg_toast.pg_toast_568048780"
psql:run_vacuum_10Jan_3.sql:20: INFO:  table "pg_toast_568048780": found 0 removable, 0 nonremovable row versions in 0 out of 0 pages
DETAIL:  0 dead row versions cannot be removed yet, oldest xmin: 422456772
Skipped 0 pages due to buffer pins, 0 frozen pages.
CPU: user: 0.00 s, system: 0.00 s, elapsed: 0.00 s.
psql:run_vacuum_10Jan_3.sql:20: INFO:  analyzing "ibobadm.psp_source_system_transmission_m072022_from_null"
psql:run_vacuum_10Jan_3.sql:20: INFO:  "psp_source_system_transmission_m072022_from_null": scanned 0 of 0 pages, containing 0 live rows and 0 dead rows; 0 rows in sample, 0 estimated total rows
VACUUM
Time: 9.393 ms
psql:run_vacuum_10Jan_3.sql:21: INFO:  aggressively vacuuming "ibobadm.psp_source_system_transmission_m082022_from_cris"
psql:run_vacuum_10Jan_3.sql:21: INFO:  table "psp_source_system_transmission_m082022_from_cris": found 0 removable, 0 nonremovable row versions in 0 out of 0 pages
DETAIL:  0 dead row versions cannot be removed yet, oldest xmin: 422456772
Skipped 0 pages due to buffer pins, 0 frozen pages.
CPU: user: 0.00 s, system: 0.00 s, elapsed: 0.00 s.
psql:run_vacuum_10Jan_3.sql:21: INFO:  aggressively vacuuming "pg_toast.pg_toast_568049583"
psql:run_vacuum_10Jan_3.sql:21: INFO:  table "pg_toast_568049583": found 0 removable, 0 nonremovable row versions in 0 out of 0 pages
DETAIL:  0 dead row versions cannot be removed yet, oldest xmin: 422456772
Skipped 0 pages due to buffer pins, 0 frozen pages.
CPU: user: 0.00 s, system: 0.00 s, elapsed: 0.00 s.
psql:run_vacuum_10Jan_3.sql:21: INFO:  analyzing "ibobadm.psp_source_system_transmission_m082022_from_cris"
psql:run_vacuum_10Jan_3.sql:21: INFO:  "psp_source_system_transmission_m082022_from_cris": scanned 0 of 0 pages, containing 0 live rows and 0 dead rows; 0 rows in sample, 0 estimated total rows
VACUUM
Time: 9.637 ms
psql:run_vacuum_10Jan_3.sql:22: INFO:  aggressively vacuuming "mchoubey.psp_sst_backup"
psql:run_vacuum_10Jan_3.sql:22: INFO:  table "psp_sst_backup": found 0 removable, 9 nonremovable row versions in 2 out of 2 pages
DETAIL:  0 dead row versions cannot be removed yet, oldest xmin: 422456772
Skipped 0 pages due to buffer pins, 0 frozen pages.
CPU: user: 0.00 s, system: 0.00 s, elapsed: 0.00 s.
psql:run_vacuum_10Jan_3.sql:22: INFO:  aggressively vacuuming "pg_toast.pg_toast_1497808603"
psql:run_vacuum_10Jan_3.sql:22: INFO:  table "pg_toast_1497808603": found 0 removable, 10791 nonremovable row versions in 2698 out of 2698 pages
DETAIL:  0 dead row versions cannot be removed yet, oldest xmin: 422456772
Skipped 0 pages due to buffer pins, 0 frozen pages.
CPU: user: 0.02 s, system: 0.00 s, elapsed: 0.07 s.
psql:run_vacuum_10Jan_3.sql:22: INFO:  analyzing "mchoubey.psp_sst_backup"
psql:run_vacuum_10Jan_3.sql:22: INFO:  "psp_sst_backup": scanned 2 of 2 pages, containing 9 live rows and 0 dead rows; 9 rows in sample, 9 estimated total rows
VACUUM
Time: 116.781 ms
psql:run_vacuum_10Jan_3.sql:23: INFO:  aggressively vacuuming "ibobadm.psp_source_system_transmission_m112022_from_qbdt"
psql:run_vacuum_10Jan_3.sql:23: INFO:  launched 4 parallel vacuum workers for index vacuuming (planned: 4)
psql:run_vacuum_10Jan_3.sql:23: INFO:  scanned index "psp_source_system_transmis_i2_m112022_from_qbdt" to remove 225617 row versions
DETAIL:  CPU: user: 0.41 s, system: 0.00 s, elapsed: 0.52 s
psql:run_vacuum_10Jan_3.sql:23: INFO:  scanned index "psp_source_system_transmis_i5_m112022_from_qbdt" to remove 225617 row versions
DETAIL:  CPU: user: 0.55 s, system: 0.00 s, elapsed: 0.56 s
psql:run_vacuum_10Jan_3.sql:23: INFO:  scanned index "psp_src_sys_tran_id_m112022_from_qbdt" to remove 225617 row versions
DETAIL:  CPU: user: 0.86 s, system: 0.00 s, elapsed: 0.87 s
psql:run_vacuum_10Jan_3.sql:23: INFO:  scanned index "sys_c008544_srcsystrns_m112022_from_qbdt" to remove 225617 row versions
DETAIL:  CPU: user: 0.89 s, system: 0.00 s, elapsed: 1.01 s
psql:run_vacuum_10Jan_3.sql:23: INFO:  scanned index "psp_source_system_transmis_i4_m112022_from_qbdt" to remove 225617 row versions
DETAIL:  CPU: user: 0.87 s, system: 0.00 s, elapsed: 1.09 s
psql:run_vacuum_10Jan_3.sql:23: INFO:  table "psp_source_system_transmission_m112022_from_qbdt": removed 225617 dead item identifiers in 186718 pages
DETAIL:  CPU: user: 3.46 s, system: 0.00 s, elapsed: 3.69 s
psql:run_vacuum_10Jan_3.sql:23: INFO:  index "psp_source_system_transmis_i5_m112022_from_qbdt" now contains 5244022 row versions in 8384 pages
DETAIL:  225523 index row versions were removed.
0 index pages were newly deleted.
0 index pages are currently deleted, of which 0 are currently reusable.
CPU: user: 0.00 s, system: 0.00 s, elapsed: 0.00 s.
psql:run_vacuum_10Jan_3.sql:23: INFO:  index "psp_source_system_transmis_i2_m112022_from_qbdt" now contains 5244022 row versions in 21137 pages
DETAIL:  220331 index row versions were removed.
0 index pages were newly deleted.
0 index pages are currently deleted, of which 0 are currently reusable.
CPU: user: 0.00 s, system: 0.00 s, elapsed: 0.00 s.
psql:run_vacuum_10Jan_3.sql:23: INFO:  index "psp_source_system_transmis_i4_m112022_from_qbdt" now contains 5244022 row versions in 58125 pages
DETAIL:  224997 index row versions were removed.
0 index pages were newly deleted.
0 index pages are currently deleted, of which 0 are currently reusable.
CPU: user: 0.00 s, system: 0.00 s, elapsed: 0.00 s.
psql:run_vacuum_10Jan_3.sql:23: INFO:  index "psp_src_sys_tran_id_m112022_from_qbdt" now contains 5244022 row versions in 49686 pages
DETAIL:  225310 index row versions were removed.
0 index pages were newly deleted.
0 index pages are currently deleted, of which 0 are currently reusable.
CPU: user: 0.00 s, system: 0.00 s, elapsed: 0.00 s.
psql:run_vacuum_10Jan_3.sql:23: INFO:  index "sys_c008544_srcsystrns_m112022_from_qbdt" now contains 5244022 row versions in 51310 pages
DETAIL:  225415 index row versions were removed.
0 index pages were newly deleted.
0 index pages are currently deleted, of which 0 are currently reusable.
CPU: user: 0.00 s, system: 0.00 s, elapsed: 0.00 s.
psql:run_vacuum_10Jan_3.sql:23: INFO:  table "psp_source_system_transmission_m112022_from_qbdt": found 460 removable, 5244022 nonremovable row versions in 1042445 out of 1042445 pages
DETAIL:  0 dead row versions cannot be removed yet, oldest xmin: 422456772
Skipped 0 pages due to buffer pins, 0 frozen pages.
CPU: user: 13.70 s, system: 0.72 s, elapsed: 31.89 s.
psql:run_vacuum_10Jan_3.sql:23: INFO:  aggressively vacuuming "pg_toast.pg_toast_568052139"
psql:run_vacuum_10Jan_3.sql:23: INFO:  table "pg_toast_568052139": found 0 removable, 19591416 nonremovable row versions in 4765208 out of 4765208 pages
DETAIL:  0 dead row versions cannot be removed yet, oldest xmin: 422456840
Skipped 0 pages due to buffer pins, 0 frozen pages.
CPU: user: 45.92 s, system: 0.22 s, elapsed: 122.26 s.
psql:run_vacuum_10Jan_3.sql:23: INFO:  analyzing "ibobadm.psp_source_system_transmission_m112022_from_qbdt"
psql:run_vacuum_10Jan_3.sql:23: INFO:  "psp_source_system_transmission_m112022_from_qbdt": scanned 153600 of 1042445 pages, containing 772657 live rows and 0 dead rows; 153600 rows in sample, 5243831 estimated total rows
VACUUM
Time: 212182.062 ms (03:32.182)
 pg_sleep 
----------
 
(1 row)

Time: 60066.897 ms (01:00.067)
psql:run_vacuum_10Jan_3.sql:25: INFO:  aggressively vacuuming "ibobadm.psp_source_system_transmission_m112022_from_ews"
psql:run_vacuum_10Jan_3.sql:25: INFO:  launched 4 parallel vacuum workers for index vacuuming (planned: 4)
psql:run_vacuum_10Jan_3.sql:25: INFO:  scanned index "psp_source_system_transmis_i5_m112022_from_ews" to remove 222259 row versions
DETAIL:  CPU: user: 0.29 s, system: 0.00 s, elapsed: 0.30 s
psql:run_vacuum_10Jan_3.sql:25: INFO:  scanned index "psp_source_system_transmis_i2_m112022_from_ews" to remove 222259 row versions
DETAIL:  CPU: user: 0.36 s, system: 0.00 s, elapsed: 0.41 s
psql:run_vacuum_10Jan_3.sql:25: INFO:  scanned index "psp_src_sys_tran_id_m112022_from_ews" to remove 222259 row versions
DETAIL:  CPU: user: 0.70 s, system: 0.01 s, elapsed: 0.71 s
psql:run_vacuum_10Jan_3.sql:25: INFO:  scanned index "sys_c008544_srcsystrns_m112022_from_ews" to remove 222259 row versions
DETAIL:  CPU: user: 0.69 s, system: 0.02 s, elapsed: 0.72 s
psql:run_vacuum_10Jan_3.sql:25: INFO:  scanned index "psp_source_system_transmis_i4_m112022_from_ews" to remove 222259 row versions
DETAIL:  CPU: user: 0.80 s, system: 0.00 s, elapsed: 0.83 s
psql:run_vacuum_10Jan_3.sql:25: INFO:  table "psp_source_system_transmission_m112022_from_ews": removed 222259 dead item identifiers in 171245 pages
DETAIL:  CPU: user: 3.33 s, system: 0.00 s, elapsed: 3.86 s
psql:run_vacuum_10Jan_3.sql:25: INFO:  index "psp_source_system_transmis_i5_m112022_from_ews" now contains 3631705 row versions in 5946 pages
DETAIL:  220503 index row versions were removed.
0 index pages were newly deleted.
0 index pages are currently deleted, of which 0 are currently reusable.
CPU: user: 0.00 s, system: 0.00 s, elapsed: 0.00 s.
psql:run_vacuum_10Jan_3.sql:25: INFO:  index "psp_source_system_transmis_i2_m112022_from_ews" now contains 3631705 row versions in 13953 pages
DETAIL:  213621 index row versions were removed.
0 index pages were newly deleted.
0 index pages are currently deleted, of which 0 are currently reusable.
CPU: user: 0.00 s, system: 0.00 s, elapsed: 0.00 s.
psql:run_vacuum_10Jan_3.sql:25: INFO:  index "psp_source_system_transmis_i4_m112022_from_ews" now contains 3631705 row versions in 40193 pages
DETAIL:  221262 index row versions were removed.
0 index pages were newly deleted.
0 index pages are currently deleted, of which 0 are currently reusable.
CPU: user: 0.00 s, system: 0.00 s, elapsed: 0.00 s.
psql:run_vacuum_10Jan_3.sql:25: INFO:  index "psp_src_sys_tran_id_m112022_from_ews" now contains 3631705 row versions in 34819 pages
DETAIL:  222121 index row versions were removed.
0 index pages were newly deleted.
0 index pages are currently deleted, of which 0 are currently reusable.
CPU: user: 0.00 s, system: 0.00 s, elapsed: 0.00 s.
psql:run_vacuum_10Jan_3.sql:25: INFO:  index "sys_c008544_srcsystrns_m112022_from_ews" now contains 3631705 row versions in 35553 pages
DETAIL:  222155 index row versions were removed.
0 index pages were newly deleted.
0 index pages are currently deleted, of which 0 are currently reusable.
CPU: user: 0.00 s, system: 0.00 s, elapsed: 0.00 s.
psql:run_vacuum_10Jan_3.sql:25: INFO:  table "psp_source_system_transmission_m112022_from_ews": found 1989 removable, 3631705 nonremovable row versions in 549030 out of 549030 pages
DETAIL:  0 dead row versions cannot be removed yet, oldest xmin: 422457413
Skipped 0 pages due to buffer pins, 0 frozen pages.
CPU: user: 9.43 s, system: 0.64 s, elapsed: 19.31 s.
psql:run_vacuum_10Jan_3.sql:25: INFO:  aggressively vacuuming "pg_toast.pg_toast_568052111"
psql:run_vacuum_10Jan_3.sql:25: INFO:  table "pg_toast_568052111": found 0 removable, 2226222 nonremovable row versions in 524072 out of 524072 pages
DETAIL:  0 dead row versions cannot be removed yet, oldest xmin: 422457442
Skipped 0 pages due to buffer pins, 0 frozen pages.
CPU: user: 5.81 s, system: 0.05 s, elapsed: 14.36 s.
psql:run_vacuum_10Jan_3.sql:25: INFO:  analyzing "ibobadm.psp_source_system_transmission_m112022_from_ews"
psql:run_vacuum_10Jan_3.sql:25: INFO:  "psp_source_system_transmission_m112022_from_ews": scanned 153600 of 549030 pages, containing 1016595 live rows and 0 dead rows; 153600 rows in sample, 3633731 estimated total rows
VACUUM
Time: 81753.041 ms (01:21.753)
psql:run_vacuum_10Jan_3.sql:26: INFO:  aggressively vacuuming "ibobadm.psp_source_system_transmission_m112022_from_psp"
psql:run_vacuum_10Jan_3.sql:26: INFO:  launched 4 parallel vacuum workers for index vacuuming (planned: 4)
psql:run_vacuum_10Jan_3.sql:26: INFO:  scanned index "psp_source_system_transmis_i5_m112022_from_psp" to remove 9356 row versions
DETAIL:  CPU: user: 0.00 s, system: 0.00 s, elapsed: 0.02 s
psql:run_vacuum_10Jan_3.sql:26: INFO:  scanned index "psp_src_sys_tran_id_m112022_from_psp" to remove 9356 row versions
DETAIL:  CPU: user: 0.02 s, system: 0.00 s, elapsed: 0.02 s
psql:run_vacuum_10Jan_3.sql:26: INFO:  scanned index "sys_c008544_srcsystrns_m112022_from_psp" to remove 9356 row versions
DETAIL:  CPU: user: 0.02 s, system: 0.00 s, elapsed: 0.02 s
psql:run_vacuum_10Jan_3.sql:26: INFO:  scanned index "psp_source_system_transmis_i2_m112022_from_psp" to remove 9356 row versions
DETAIL:  CPU: user: 0.01 s, system: 0.00 s, elapsed: 0.09 s
psql:run_vacuum_10Jan_3.sql:26: INFO:  scanned index "psp_source_system_transmis_i4_m112022_from_psp" to remove 9356 row versions
DETAIL:  CPU: user: 0.02 s, system: 0.00 s, elapsed: 0.13 s
psql:run_vacuum_10Jan_3.sql:26: INFO:  table "psp_source_system_transmission_m112022_from_psp": removed 9356 dead item identifiers in 7953 pages
DETAIL:  CPU: user: 0.14 s, system: 0.00 s, elapsed: 0.16 s
psql:run_vacuum_10Jan_3.sql:26: INFO:  index "psp_source_system_transmis_i5_m112022_from_psp" now contains 157017 row versions in 197 pages
DETAIL:  9232 index row versions were removed.
0 index pages were newly deleted.
0 index pages are currently deleted, of which 0 are currently reusable.
CPU: user: 0.00 s, system: 0.00 s, elapsed: 0.00 s.
psql:run_vacuum_10Jan_3.sql:26: INFO:  index "psp_source_system_transmis_i2_m112022_from_psp" now contains 157017 row versions in 602 pages
DETAIL:  8468 index row versions were removed.
0 index pages were newly deleted.
0 index pages are currently deleted, of which 0 are currently reusable.
CPU: user: 0.00 s, system: 0.00 s, elapsed: 0.00 s.
psql:run_vacuum_10Jan_3.sql:26: INFO:  index "psp_source_system_transmis_i4_m112022_from_psp" now contains 157017 row versions in 1768 pages
DETAIL:  9345 index row versions were removed.
0 index pages were newly deleted.
0 index pages are currently deleted, of which 0 are currently reusable.
CPU: user: 0.00 s, system: 0.00 s, elapsed: 0.00 s.
psql:run_vacuum_10Jan_3.sql:26: INFO:  index "psp_src_sys_tran_id_m112022_from_psp" now contains 157017 row versions in 1460 pages
DETAIL:  9328 index row versions were removed.
0 index pages were newly deleted.
0 index pages are currently deleted, of which 0 are currently reusable.
CPU: user: 0.00 s, system: 0.00 s, elapsed: 0.00 s.
psql:run_vacuum_10Jan_3.sql:26: INFO:  index "sys_c008544_srcsystrns_m112022_from_psp" now contains 157017 row versions in 1514 pages
DETAIL:  9341 index row versions were removed.
0 index pages were newly deleted.
0 index pages are currently deleted, of which 0 are currently reusable.
CPU: user: 0.00 s, system: 0.00 s, elapsed: 0.00 s.
psql:run_vacuum_10Jan_3.sql:26: INFO:  table "psp_source_system_transmission_m112022_from_psp": found 933 removable, 157017 nonremovable row versions in 27058 out of 27058 pages
DETAIL:  0 dead row versions cannot be removed yet, oldest xmin: 422457546
Skipped 0 pages due to buffer pins, 0 frozen pages.
CPU: user: 0.53 s, system: 0.01 s, elapsed: 1.41 s.
psql:run_vacuum_10Jan_3.sql:26: INFO:  aggressively vacuuming "pg_toast.pg_toast_568052130"
psql:run_vacuum_10Jan_3.sql:26: INFO:  table "pg_toast_568052130": found 0 removable, 268704 nonremovable row versions in 53748 out of 53748 pages
DETAIL:  0 dead row versions cannot be removed yet, oldest xmin: 422457558
Skipped 0 pages due to buffer pins, 0 frozen pages.
CPU: user: 0.84 s, system: 0.00 s, elapsed: 4.30 s.
psql:run_vacuum_10Jan_3.sql:26: INFO:  analyzing "ibobadm.psp_source_system_transmission_m112022_from_psp"
psql:run_vacuum_10Jan_3.sql:26: INFO:  "psp_source_system_transmission_m112022_from_psp": scanned 27058 of 27058 pages, containing 157017 live rows and 0 dead rows; 153600 rows in sample, 157017 estimated total rows
VACUUM
Time: 25627.081 ms (00:25.627)
psql:run_vacuum_10Jan_3.sql:27: ERROR:  relation "perfstat.pg_stat_activity_sample_p2022_10_11" does not exist
Time: 17.216 ms
psql:run_vacuum_10Jan_3.sql:28: ERROR:  relation "perfstat.pg_stat_activity_hist_p2022_10_11" does not exist
Time: 6.512 ms
psql:run_vacuum_10Jan_3.sql:29: ERROR:  relation "perfstat.snap_p2022_10_11" does not exist
Time: 6.441 ms
psql:run_vacuum_10Jan_3.sql:30: ERROR:  relation "perfstat.pg_stat_statements_hist_p2022_10_11" does not exist
Time: 6.326 ms
psql:run_vacuum_10Jan_3.sql:31: ERROR:  relation "perfstat.pg_stat_database_hist_p2022_10_11" does not exist
Time: 6.263 ms
psql:run_vacuum_10Jan_3.sql:32: ERROR:  relation "perfstat.dba_plans_hist_p2022_10_11" does not exist
Time: 6.231 ms
psql:run_vacuum_10Jan_3.sql:33: ERROR:  relation "perfstat.pg_stat_all_tables_hist_p2022_10_11" does not exist
Time: 6.200 ms
psql:run_vacuum_10Jan_3.sql:34: ERROR:  relation "perfstat.pg_stat_all_indexes_hist_p2022_10_11" does not exist
Time: 6.200 ms
 pg_sleep 
----------
 
(1 row)

Time: 60101.299 ms (01:00.101)
psql:run_vacuum_10Jan_3.sql:36: INFO:  vacuuming "perfstat.pg_stat_activity_sample_p2022_10_12"
psql:run_vacuum_10Jan_3.sql:36: INFO:  launched 1 parallel vacuum worker for index cleanup (planned: 1)
psql:run_vacuum_10Jan_3.sql:36: INFO:  table "pg_stat_activity_sample_p2022_10_12": found 0 removable, 179244 nonremovable row versions in 6925 out of 41664 pages
DETAIL:  0 dead row versions cannot be removed yet, oldest xmin: 422457729
Skipped 0 pages due to buffer pins, 0 frozen pages.
CPU: user: 0.07 s, system: 0.05 s, elapsed: 0.24 s.
psql:run_vacuum_10Jan_3.sql:36: INFO:  vacuuming "pg_toast.pg_toast_1503549904"
psql:run_vacuum_10Jan_3.sql:36: INFO:  table "pg_toast_1503549904": found 0 removable, 0 nonremovable row versions in 0 out of 0 pages
DETAIL:  0 dead row versions cannot be removed yet, oldest xmin: 422457729
Skipped 0 pages due to buffer pins, 0 frozen pages.
CPU: user: 0.00 s, system: 0.00 s, elapsed: 0.00 s.
psql:run_vacuum_10Jan_3.sql:36: INFO:  analyzing "perfstat.pg_stat_activity_sample_p2022_10_12"
psql:run_vacuum_10Jan_3.sql:36: INFO:  "pg_stat_activity_sample_p2022_10_12": scanned 41664 of 41664 pages, containing 1068441 live rows and 0 dead rows; 153600 rows in sample, 1068441 estimated total rows
VACUUM
Time: 33673.328 ms (00:33.673)
psql:run_vacuum_10Jan_3.sql:37: INFO:  vacuuming "perfstat.pg_stat_all_indexes_hist_p2022_10_12"
psql:run_vacuum_10Jan_3.sql:37: INFO:  launched 1 parallel vacuum worker for index cleanup (planned: 1)
psql:run_vacuum_10Jan_3.sql:37: INFO:  table "pg_stat_all_indexes_hist_p2022_10_12": found 0 removable, 16831 nonremovable row versions in 602 out of 28811 pages
DETAIL:  0 dead row versions cannot be removed yet, oldest xmin: 422457756
Skipped 0 pages due to buffer pins, 0 frozen pages.
CPU: user: 0.01 s, system: 0.02 s, elapsed: 0.09 s.
psql:run_vacuum_10Jan_3.sql:37: INFO:  analyzing "perfstat.pg_stat_all_indexes_hist_p2022_10_12"
psql:run_vacuum_10Jan_3.sql:37: INFO:  "pg_stat_all_indexes_hist_p2022_10_12": scanned 28811 of 28811 pages, containing 806683 live rows and 0 dead rows; 153600 rows in sample, 806683 estimated total rows
VACUUM
Time: 26079.984 ms (00:26.080)
psql:run_vacuum_10Jan_3.sql:38: INFO:  vacuuming "perfstat.pg_stat_all_tables_hist_p2022_10_12"
psql:run_vacuum_10Jan_3.sql:38: INFO:  launched 1 parallel vacuum worker for index cleanup (planned: 1)
psql:run_vacuum_10Jan_3.sql:38: INFO:  table "pg_stat_all_tables_hist_p2022_10_12": found 0 removable, 16557 nonremovable row versions in 690 out of 13208 pages
DETAIL:  0 dead row versions cannot be removed yet, oldest xmin: 422457810
Skipped 0 pages due to buffer pins, 0 frozen pages.
CPU: user: 0.00 s, system: 0.01 s, elapsed: 0.02 s.
psql:run_vacuum_10Jan_3.sql:38: INFO:  analyzing "perfstat.pg_stat_all_tables_hist_p2022_10_12"
psql:run_vacuum_10Jan_3.sql:38: INFO:  "pg_stat_all_tables_hist_p2022_10_12": scanned 13208 of 13208 pages, containing 316989 live rows and 0 dead rows; 153600 rows in sample, 316989 estimated total rows
VACUUM
Time: 1479.727 ms (00:01.480)
psql:run_vacuum_10Jan_3.sql:39: INFO:  vacuuming "perfstat.snap_p2022_10_12"
psql:run_vacuum_10Jan_3.sql:39: INFO:  table "snap_p2022_10_12": found 0 removable, 96 nonremovable row versions in 1 out of 1 pages
DETAIL:  0 dead row versions cannot be removed yet, oldest xmin: 422457810
Skipped 0 pages due to buffer pins, 0 frozen pages.
CPU: user: 0.00 s, system: 0.00 s, elapsed: 0.00 s.
psql:run_vacuum_10Jan_3.sql:39: INFO:  analyzing "perfstat.snap_p2022_10_12"
psql:run_vacuum_10Jan_3.sql:39: INFO:  "snap_p2022_10_12": scanned 1 of 1 pages, containing 96 live rows and 0 dead rows; 96 rows in sample, 96 estimated total rows
VACUUM
Time: 26.362 ms
psql:run_vacuum_10Jan_3.sql:40: INFO:  vacuuming "perfstat.dba_plans_hist_p2022_10_12"
psql:run_vacuum_10Jan_3.sql:40: INFO:  launched 3 parallel vacuum workers for index cleanup (planned: 3)
psql:run_vacuum_10Jan_3.sql:40: INFO:  table "dba_plans_hist_p2022_10_12": found 0 removable, 7293 nonremovable row versions in 1350 out of 15139 pages
DETAIL:  0 dead row versions cannot be removed yet, oldest xmin: 422457810
Skipped 0 pages due to buffer pins, 0 frozen pages.
CPU: user: 0.01 s, system: 0.02 s, elapsed: 0.06 s.
psql:run_vacuum_10Jan_3.sql:40: INFO:  vacuuming "pg_toast.pg_toast_1503549977"
psql:run_vacuum_10Jan_3.sql:40: INFO:  table "pg_toast_1503549977": found 0 removable, 21238 nonremovable row versions in 4539 out of 26722 pages
DETAIL:  0 dead row versions cannot be removed yet, oldest xmin: 422457810
Skipped 0 pages due to buffer pins, 0 frozen pages.
CPU: user: 0.04 s, system: 0.00 s, elapsed: 0.12 s.
psql:run_vacuum_10Jan_3.sql:40: INFO:  analyzing "perfstat.dba_plans_hist_p2022_10_12"
psql:run_vacuum_10Jan_3.sql:40: INFO:  "dba_plans_hist_p2022_10_12": scanned 15139 of 15139 pages, containing 82611 live rows and 0 dead rows; 82611 rows in sample, 82611 estimated total rows
VACUUM
Time: 19693.231 ms (00:19.693)
psql:run_vacuum_10Jan_3.sql:41: INFO:  vacuuming "perfstat.pg_stat_database_hist_p2022_10_12"
psql:run_vacuum_10Jan_3.sql:41: INFO:  table "pg_stat_database_hist_p2022_10_12": found 0 removable, 96 nonremovable row versions in 4 out of 4 pages
DETAIL:  0 dead row versions cannot be removed yet, oldest xmin: 422457810
Skipped 0 pages due to buffer pins, 0 frozen pages.
CPU: user: 0.00 s, system: 0.00 s, elapsed: 0.00 s.
psql:run_vacuum_10Jan_3.sql:41: INFO:  analyzing "perfstat.pg_stat_database_hist_p2022_10_12"
psql:run_vacuum_10Jan_3.sql:41: INFO:  "pg_stat_database_hist_p2022_10_12": scanned 4 of 4 pages, containing 96 live rows and 0 dead rows; 96 rows in sample, 96 estimated total rows
VACUUM
Time: 34.616 ms
psql:run_vacuum_10Jan_3.sql:42: INFO:  vacuuming "perfstat.pg_stat_activity_hist_p2022_10_12"
psql:run_vacuum_10Jan_3.sql:42: INFO:  launched 2 parallel vacuum workers for index cleanup (planned: 2)
psql:run_vacuum_10Jan_3.sql:42: INFO:  table "pg_stat_activity_hist_p2022_10_12": found 0 removable, 11242 nonremovable row versions in 452 out of 2884 pages
DETAIL:  0 dead row versions cannot be removed yet, oldest xmin: 422457810
Skipped 0 pages due to buffer pins, 0 frozen pages.
CPU: user: 0.00 s, system: 0.00 s, elapsed: 0.03 s.
psql:run_vacuum_10Jan_3.sql:42: INFO:  vacuuming "pg_toast.pg_toast_1503549952"
psql:run_vacuum_10Jan_3.sql:42: INFO:  table "pg_toast_1503549952": found 0 removable, 0 nonremovable row versions in 0 out of 0 pages
DETAIL:  0 dead row versions cannot be removed yet, oldest xmin: 422457810
Skipped 0 pages due to buffer pins, 0 frozen pages.
CPU: user: 0.00 s, system: 0.00 s, elapsed: 0.00 s.
psql:run_vacuum_10Jan_3.sql:42: INFO:  analyzing "perfstat.pg_stat_activity_hist_p2022_10_12"
psql:run_vacuum_10Jan_3.sql:42: INFO:  "pg_stat_activity_hist_p2022_10_12": scanned 2884 of 2884 pages, containing 71259 live rows and 0 dead rows; 71259 rows in sample, 71259 estimated total rows
VACUUM
Time: 2621.157 ms (00:02.621)
psql:run_vacuum_10Jan_3.sql:43: INFO:  vacuuming "perfstat.pg_stat_statements_hist_p2022_10_12"
psql:run_vacuum_10Jan_3.sql:43: INFO:  launched 3 parallel vacuum workers for index cleanup (planned: 3)
psql:run_vacuum_10Jan_3.sql:43: INFO:  table "pg_stat_statements_hist_p2022_10_12": found 0 removable, 53601 nonremovable row versions in 4150 out of 33961 pages
DETAIL:  0 dead row versions cannot be removed yet, oldest xmin: 422457810
Skipped 0 pages due to buffer pins, 0 frozen pages.
CPU: user: 0.05 s, system: 0.03 s, elapsed: 0.16 s.
psql:run_vacuum_10Jan_3.sql:43: INFO:  vacuuming "pg_toast.pg_toast_1503549940"
psql:run_vacuum_10Jan_3.sql:43: INFO:  table "pg_toast_1503549940": found 0 removable, 0 nonremovable row versions in 0 out of 0 pages
DETAIL:  0 dead row versions cannot be removed yet, oldest xmin: 422457810
Skipped 0 pages due to buffer pins, 0 frozen pages.
CPU: user: 0.00 s, system: 0.00 s, elapsed: 0.00 s.
psql:run_vacuum_10Jan_3.sql:43: INFO:  analyzing "perfstat.pg_stat_statements_hist_p2022_10_12"
psql:run_vacuum_10Jan_3.sql:43: INFO:  "pg_stat_statements_hist_p2022_10_12": scanned 33961 of 33961 pages, containing 439526 live rows and 0 dead rows; 153600 rows in sample, 439526 estimated total rows
VACUUM
Time: 41673.581 ms (00:41.674)
psql:run_vacuum_10Jan_3.sql:44: INFO:  vacuuming "perfstat.pg_stat_activity_sample_p2022_10_13"
psql:run_vacuum_10Jan_3.sql:44: INFO:  launched 1 parallel vacuum worker for index cleanup (planned: 1)
psql:run_vacuum_10Jan_3.sql:44: INFO:  table "pg_stat_activity_sample_p2022_10_13": found 0 removable, 180835 nonremovable row versions in 6988 out of 41763 pages
DETAIL:  0 dead row versions cannot be removed yet, oldest xmin: 422457983
Skipped 0 pages due to buffer pins, 0 frozen pages.
CPU: user: 0.09 s, system: 0.04 s, elapsed: 0.25 s.
psql:run_vacuum_10Jan_3.sql:44: INFO:  vacuuming "pg_toast.pg_toast_1503793474"
psql:run_vacuum_10Jan_3.sql:44: INFO:  table "pg_toast_1503793474": found 0 removable, 0 nonremovable row versions in 0 out of 0 pages
DETAIL:  0 dead row versions cannot be removed yet, oldest xmin: 422457983
Skipped 0 pages due to buffer pins, 0 frozen pages.
CPU: user: 0.00 s, system: 0.00 s, elapsed: 0.00 s.
psql:run_vacuum_10Jan_3.sql:44: INFO:  analyzing "perfstat.pg_stat_activity_sample_p2022_10_13"
psql:run_vacuum_10Jan_3.sql:44: INFO:  "pg_stat_activity_sample_p2022_10_13": scanned 41763 of 41763 pages, containing 1077279 live rows and 0 dead rows; 153600 rows in sample, 1077279 estimated total rows
VACUUM
Time: 39849.769 ms (00:39.850)
psql:run_vacuum_10Jan_3.sql:45: INFO:  vacuuming "perfstat.pg_stat_all_tables_hist_p2022_10_13"
psql:run_vacuum_10Jan_3.sql:45: INFO:  launched 1 parallel vacuum worker for index cleanup (planned: 1)
psql:run_vacuum_10Jan_3.sql:45: INFO:  table "pg_stat_all_tables_hist_p2022_10_13": found 0 removable, 19941 nonremovable row versions in 831 out of 13256 pages
DETAIL:  0 dead row versions cannot be removed yet, oldest xmin: 422458055
Skipped 0 pages due to buffer pins, 0 frozen pages.
CPU: user: 0.01 s, system: 0.01 s, elapsed: 0.03 s.
psql:run_vacuum_10Jan_3.sql:45: INFO:  analyzing "perfstat.pg_stat_all_tables_hist_p2022_10_13"
psql:run_vacuum_10Jan_3.sql:45: INFO:  "pg_stat_all_tables_hist_p2022_10_13": scanned 13256 of 13256 pages, containing 318141 live rows and 0 dead rows; 153600 rows in sample, 318141 estimated total rows
VACUUM
Time: 1406.047 ms (00:01.406)
 pg_sleep 
----------
 
(1 row)

Time: 60099.021 ms (01:00.099)
psql:run_vacuum_10Jan_3.sql:47: INFO:  vacuuming "perfstat.pg_stat_database_hist_p2022_10_13"
psql:run_vacuum_10Jan_3.sql:47: INFO:  table "pg_stat_database_hist_p2022_10_13": found 0 removable, 96 nonremovable row versions in 4 out of 4 pages
DETAIL:  0 dead row versions cannot be removed yet, oldest xmin: 422458162
Skipped 0 pages due to buffer pins, 0 frozen pages.
CPU: user: 0.00 s, system: 0.00 s, elapsed: 0.00 s.
psql:run_vacuum_10Jan_3.sql:47: INFO:  analyzing "perfstat.pg_stat_database_hist_p2022_10_13"
psql:run_vacuum_10Jan_3.sql:47: INFO:  "pg_stat_database_hist_p2022_10_13": scanned 4 of 4 pages, containing 96 live rows and 0 dead rows; 96 rows in sample, 96 estimated total rows
VACUUM
Time: 35.026 ms
psql:run_vacuum_10Jan_3.sql:48: INFO:  vacuuming "perfstat.pg_stat_activity_hist_p2022_10_13"
psql:run_vacuum_10Jan_3.sql:48: INFO:  launched 2 parallel vacuum workers for index cleanup (planned: 2)
psql:run_vacuum_10Jan_3.sql:48: INFO:  table "pg_stat_activity_hist_p2022_10_13": found 0 removable, 12069 nonremovable row versions in 486 out of 2889 pages
DETAIL:  0 dead row versions cannot be removed yet, oldest xmin: 422458162
Skipped 0 pages due to buffer pins, 0 frozen pages.
CPU: user: 0.00 s, system: 0.00 s, elapsed: 0.03 s.
psql:run_vacuum_10Jan_3.sql:48: INFO:  vacuuming "pg_toast.pg_toast_1503793536"
psql:run_vacuum_10Jan_3.sql:48: INFO:  table "pg_toast_1503793536": found 0 removable, 0 nonremovable row versions in 0 out of 0 pages
DETAIL:  0 dead row versions cannot be removed yet, oldest xmin: 422458162
Skipped 0 pages due to buffer pins, 0 frozen pages.
CPU: user: 0.00 s, system: 0.00 s, elapsed: 0.00 s.
psql:run_vacuum_10Jan_3.sql:48: INFO:  analyzing "perfstat.pg_stat_activity_hist_p2022_10_13"
psql:run_vacuum_10Jan_3.sql:48: INFO:  "pg_stat_activity_hist_p2022_10_13": scanned 2889 of 2889 pages, containing 71768 live rows and 0 dead rows; 71768 rows in sample, 71768 estimated total rows
VACUUM
Time: 2637.115 ms (00:02.637)
psql:run_vacuum_10Jan_3.sql:49: INFO:  vacuuming "perfstat.pg_stat_statements_hist_p2022_10_13"
psql:run_vacuum_10Jan_3.sql:49: INFO:  launched 3 parallel vacuum workers for index cleanup (planned: 3)
psql:run_vacuum_10Jan_3.sql:49: INFO:  table "pg_stat_statements_hist_p2022_10_13": found 0 removable, 53060 nonremovable row versions in 4111 out of 33425 pages
DETAIL:  0 dead row versions cannot be removed yet, oldest xmin: 422458171
Skipped 0 pages due to buffer pins, 0 frozen pages.
CPU: user: 0.04 s, system: 0.04 s, elapsed: 0.16 s.
psql:run_vacuum_10Jan_3.sql:49: INFO:  vacuuming "pg_toast.pg_toast_1503793525"
psql:run_vacuum_10Jan_3.sql:49: INFO:  table "pg_toast_1503793525": found 0 removable, 0 nonremovable row versions in 0 out of 0 pages
DETAIL:  0 dead row versions cannot be removed yet, oldest xmin: 422458171
Skipped 0 pages due to buffer pins, 0 frozen pages.
CPU: user: 0.00 s, system: 0.00 s, elapsed: 0.00 s.
psql:run_vacuum_10Jan_3.sql:49: INFO:  analyzing "perfstat.pg_stat_statements_hist_p2022_10_13"
psql:run_vacuum_10Jan_3.sql:49: INFO:  "pg_stat_statements_hist_p2022_10_13": scanned 33425 of 33425 pages, containing 431936 live rows and 0 dead rows; 153600 rows in sample, 431936 estimated total rows
VACUUM
Time: 41668.881 ms (00:41.669)
psql:run_vacuum_10Jan_3.sql:50: INFO:  vacuuming "perfstat.snap_p2022_10_13"
psql:run_vacuum_10Jan_3.sql:50: INFO:  table "snap_p2022_10_13": found 0 removable, 96 nonremovable row versions in 1 out of 1 pages
DETAIL:  0 dead row versions cannot be removed yet, oldest xmin: 422458237
Skipped 0 pages due to buffer pins, 0 frozen pages.
CPU: user: 0.00 s, system: 0.00 s, elapsed: 0.00 s.
psql:run_vacuum_10Jan_3.sql:50: INFO:  analyzing "perfstat.snap_p2022_10_13"
psql:run_vacuum_10Jan_3.sql:50: INFO:  "snap_p2022_10_13": scanned 1 of 1 pages, containing 96 live rows and 0 dead rows; 96 rows in sample, 96 estimated total rows
VACUUM
Time: 26.810 ms
psql:run_vacuum_10Jan_3.sql:51: INFO:  vacuuming "perfstat.dba_plans_hist_p2022_10_13"
psql:run_vacuum_10Jan_3.sql:51: INFO:  launched 3 parallel vacuum workers for index cleanup (planned: 3)
psql:run_vacuum_10Jan_3.sql:51: INFO:  table "dba_plans_hist_p2022_10_13": found 0 removable, 9996 nonremovable row versions in 1853 out of 15403 pages
DETAIL:  0 dead row versions cannot be removed yet, oldest xmin: 422458237
Skipped 0 pages due to buffer pins, 0 frozen pages.
CPU: user: 0.02 s, system: 0.01 s, elapsed: 0.08 s.
psql:run_vacuum_10Jan_3.sql:51: INFO:  vacuuming "pg_toast.pg_toast_1503793561"
psql:run_vacuum_10Jan_3.sql:51: INFO:  table "pg_toast_1503793561": found 0 removable, 22116 nonremovable row versions in 4734 out of 27585 pages
DETAIL:  0 dead row versions cannot be removed yet, oldest xmin: 422458237
Skipped 0 pages due to buffer pins, 0 frozen pages.
CPU: user: 0.04 s, system: 0.00 s, elapsed: 0.13 s.
psql:run_vacuum_10Jan_3.sql:51: INFO:  analyzing "perfstat.dba_plans_hist_p2022_10_13"
psql:run_vacuum_10Jan_3.sql:51: INFO:  "dba_plans_hist_p2022_10_13": scanned 15403 of 15403 pages, containing 83901 live rows and 0 dead rows; 83901 rows in sample, 83901 estimated total rows
VACUUM
Time: 19977.361 ms (00:19.977)
psql:run_vacuum_10Jan_3.sql:52: INFO:  vacuuming "perfstat.pg_stat_all_indexes_hist_p2022_10_13"
psql:run_vacuum_10Jan_3.sql:52: INFO:  launched 1 parallel vacuum worker for index cleanup (planned: 1)
psql:run_vacuum_10Jan_3.sql:52: INFO:  table "pg_stat_all_indexes_hist_p2022_10_13": found 0 removable, 16895 nonremovable row versions in 604 out of 28893 pages
DETAIL:  0 dead row versions cannot be removed yet, oldest xmin: 422458283
Skipped 0 pages due to buffer pins, 0 frozen pages.
CPU: user: 0.01 s, system: 0.02 s, elapsed: 0.06 s.
psql:run_vacuum_10Jan_3.sql:52: INFO:  analyzing "perfstat.pg_stat_all_indexes_hist_p2022_10_13"
psql:run_vacuum_10Jan_3.sql:52: INFO:  "pg_stat_all_indexes_hist_p2022_10_13": scanned 28893 of 28893 pages, containing 808987 live rows and 0 dead rows; 153600 rows in sample, 808987 estimated total rows
VACUUM
Time: 26181.625 ms (00:26.182)
psql:run_vacuum_10Jan_3.sql:53: INFO:  vacuuming "perfstat.pg_stat_activity_sample_p2022_10_14"
psql:run_vacuum_10Jan_3.sql:53: INFO:  launched 1 parallel vacuum worker for index cleanup (planned: 1)
psql:run_vacuum_10Jan_3.sql:53: INFO:  table "pg_stat_activity_sample_p2022_10_14": found 0 removable, 196635 nonremovable row versions in 7595 out of 42147 pages
DETAIL:  0 dead row versions cannot be removed yet, oldest xmin: 422458309
Skipped 0 pages due to buffer pins, 0 frozen pages.
CPU: user: 0.10 s, system: 0.04 s, elapsed: 0.25 s.
psql:run_vacuum_10Jan_3.sql:53: INFO:  vacuuming "pg_toast.pg_toast_1504115233"
psql:run_vacuum_10Jan_3.sql:53: INFO:  table "pg_toast_1504115233": found 0 removable, 0 nonremovable row versions in 0 out of 0 pages
DETAIL:  0 dead row versions cannot be removed yet, oldest xmin: 422458309
Skipped 0 pages due to buffer pins, 0 frozen pages.
CPU: user: 0.00 s, system: 0.00 s, elapsed: 0.00 s.
psql:run_vacuum_10Jan_3.sql:53: INFO:  analyzing "perfstat.pg_stat_activity_sample_p2022_10_14"
psql:run_vacuum_10Jan_3.sql:53: INFO:  "pg_stat_activity_sample_p2022_10_14": scanned 42147 of 42147 pages, containing 1086688 live rows and 0 dead rows; 153600 rows in sample, 1086688 estimated total rows
VACUUM
Time: 39500.429 ms (00:39.500)
psql:run_vacuum_10Jan_3.sql:54: INFO:  vacuuming "perfstat.pg_stat_all_tables_hist_p2022_10_14"
psql:run_vacuum_10Jan_3.sql:54: INFO:  launched 1 parallel vacuum worker for index cleanup (planned: 1)
psql:run_vacuum_10Jan_3.sql:54: INFO:  table "pg_stat_all_tables_hist_p2022_10_14": found 0 removable, 16677 nonremovable row versions in 695 out of 13304 pages
DETAIL:  0 dead row versions cannot be removed yet, oldest xmin: 422458366
Skipped 0 pages due to buffer pins, 0 frozen pages.
CPU: user: 0.02 s, system: 0.00 s, elapsed: 0.03 s.
psql:run_vacuum_10Jan_3.sql:54: INFO:  analyzing "perfstat.pg_stat_all_tables_hist_p2022_10_14"
psql:run_vacuum_10Jan_3.sql:54: INFO:  "pg_stat_all_tables_hist_p2022_10_14": scanned 13304 of 13304 pages, containing 319293 live rows and 0 dead rows; 153600 rows in sample, 319293 estimated total rows
VACUUM
Time: 1470.156 ms (00:01.470)
psql:run_vacuum_10Jan_3.sql:55: INFO:  vacuuming "perfstat.pg_stat_activity_hist_p2022_10_14"
psql:run_vacuum_10Jan_3.sql:55: INFO:  launched 2 parallel vacuum workers for index cleanup (planned: 2)
psql:run_vacuum_10Jan_3.sql:55: INFO:  table "pg_stat_activity_hist_p2022_10_14": found 0 removable, 12080 nonremovable row versions in 486 out of 2922 pages
DETAIL:  0 dead row versions cannot be removed yet, oldest xmin: 422458366
Skipped 0 pages due to buffer pins, 0 frozen pages.
CPU: user: 0.00 s, system: 0.00 s, elapsed: 0.03 s.
psql:run_vacuum_10Jan_3.sql:55: INFO:  vacuuming "pg_toast.pg_toast_1504115290"
psql:run_vacuum_10Jan_3.sql:55: INFO:  table "pg_toast_1504115290": found 0 removable, 0 nonremovable row versions in 0 out of 0 pages
DETAIL:  0 dead row versions cannot be removed yet, oldest xmin: 422458366
Skipped 0 pages due to buffer pins, 0 frozen pages.
CPU: user: 0.00 s, system: 0.00 s, elapsed: 0.00 s.
psql:run_vacuum_10Jan_3.sql:55: INFO:  analyzing "perfstat.pg_stat_activity_hist_p2022_10_14"
psql:run_vacuum_10Jan_3.sql:55: INFO:  "pg_stat_activity_hist_p2022_10_14": scanned 2922 of 2922 pages, containing 72443 live rows and 0 dead rows; 72443 rows in sample, 72443 estimated total rows
VACUUM
Time: 2568.569 ms (00:02.569)
psql:run_vacuum_10Jan_3.sql:56: INFO:  vacuuming "perfstat.pg_stat_statements_hist_p2022_10_14"
psql:run_vacuum_10Jan_3.sql:56: INFO:  launched 3 parallel vacuum workers for index cleanup (planned: 3)
psql:run_vacuum_10Jan_3.sql:56: INFO:  table "pg_stat_statements_hist_p2022_10_14": found 0 removable, 47439 nonremovable row versions in 3681 out of 33126 pages
DETAIL:  0 dead row versions cannot be removed yet, oldest xmin: 422458366
Skipped 0 pages due to buffer pins, 0 frozen pages.
CPU: user: 0.03 s, system: 0.03 s, elapsed: 0.15 s.
psql:run_vacuum_10Jan_3.sql:56: INFO:  vacuuming "pg_toast.pg_toast_1504115279"
psql:run_vacuum_10Jan_3.sql:56: INFO:  table "pg_toast_1504115279": found 0 removable, 4 nonremovable row versions in 1 out of 1 pages
DETAIL:  0 dead row versions cannot be removed yet, oldest xmin: 422458366
Skipped 0 pages due to buffer pins, 0 frozen pages.
CPU: user: 0.00 s, system: 0.00 s, elapsed: 0.00 s.
psql:run_vacuum_10Jan_3.sql:56: INFO:  analyzing "perfstat.pg_stat_statements_hist_p2022_10_14"
psql:run_vacuum_10Jan_3.sql:56: INFO:  "pg_stat_statements_hist_p2022_10_14": scanned 33126 of 33126 pages, containing 427878 live rows and 0 dead rows; 153600 rows in sample, 427878 estimated total rows
VACUUM
Time: 41020.450 ms (00:41.020)
 pg_sleep 
----------
 
(1 row)

Time: 60101.335 ms (01:00.101)
psql:run_vacuum_10Jan_3.sql:58: INFO:  vacuuming "perfstat.snap_p2022_10_14"
psql:run_vacuum_10Jan_3.sql:58: INFO:  table "snap_p2022_10_14": found 0 removable, 96 nonremovable row versions in 1 out of 1 pages
DETAIL:  0 dead row versions cannot be removed yet, oldest xmin: 422458583
Skipped 0 pages due to buffer pins, 0 frozen pages.
CPU: user: 0.00 s, system: 0.00 s, elapsed: 0.00 s.
psql:run_vacuum_10Jan_3.sql:58: INFO:  analyzing "perfstat.snap_p2022_10_14"
psql:run_vacuum_10Jan_3.sql:58: INFO:  "snap_p2022_10_14": scanned 1 of 1 pages, containing 96 live rows and 0 dead rows; 96 rows in sample, 96 estimated total rows
VACUUM
Time: 27.467 ms
psql:run_vacuum_10Jan_3.sql:59: INFO:  vacuuming "perfstat.dba_plans_hist_p2022_10_14"
psql:run_vacuum_10Jan_3.sql:59: INFO:  launched 3 parallel vacuum workers for index cleanup (planned: 3)
psql:run_vacuum_10Jan_3.sql:59: INFO:  table "dba_plans_hist_p2022_10_14": found 0 removable, 7532 nonremovable row versions in 1398 out of 15711 pages
DETAIL:  0 dead row versions cannot be removed yet, oldest xmin: 422458583
Skipped 0 pages due to buffer pins, 0 frozen pages.
CPU: user: 0.02 s, system: 0.01 s, elapsed: 0.07 s.
psql:run_vacuum_10Jan_3.sql:59: INFO:  vacuuming "pg_toast.pg_toast_1504115315"
psql:run_vacuum_10Jan_3.sql:59: INFO:  table "pg_toast_1504115315": found 0 removable, 3061 nonremovable row versions in 661 out of 29219 pages
DETAIL:  0 dead row versions cannot be removed yet, oldest xmin: 422458583
Skipped 0 pages due to buffer pins, 0 frozen pages.
CPU: user: 0.00 s, system: 0.00 s, elapsed: 0.03 s.
psql:run_vacuum_10Jan_3.sql:59: INFO:  analyzing "perfstat.dba_plans_hist_p2022_10_14"
psql:run_vacuum_10Jan_3.sql:59: INFO:  "dba_plans_hist_p2022_10_14": scanned 15711 of 15711 pages, containing 85466 live rows and 0 dead rows; 85466 rows in sample, 85466 estimated total rows
VACUUM
Time: 20283.394 ms (00:20.283)
psql:run_vacuum_10Jan_3.sql:60: INFO:  vacuuming "perfstat.pg_stat_all_indexes_hist_p2022_10_14"
psql:run_vacuum_10Jan_3.sql:60: INFO:  launched 1 parallel vacuum worker for index cleanup (planned: 1)
psql:run_vacuum_10Jan_3.sql:60: INFO:  table "pg_stat_all_indexes_hist_p2022_10_14": found 0 removable, 25415 nonremovable row versions in 908 out of 28975 pages
DETAIL:  0 dead row versions cannot be removed yet, oldest xmin: 422458619
Skipped 0 pages due to buffer pins, 0 frozen pages.
CPU: user: 0.00 s, system: 0.03 s, elapsed: 0.07 s.
psql:run_vacuum_10Jan_3.sql:60: INFO:  analyzing "perfstat.pg_stat_all_indexes_hist_p2022_10_14"
psql:run_vacuum_10Jan_3.sql:60: INFO:  "pg_stat_all_indexes_hist_p2022_10_14": scanned 28975 of 28975 pages, containing 811291 live rows and 0 dead rows; 153600 rows in sample, 811291 estimated total rows
VACUUM
Time: 26051.017 ms (00:26.051)
psql:run_vacuum_10Jan_3.sql:61: INFO:  vacuuming "perfstat.pg_stat_database_hist_p2022_10_14"
psql:run_vacuum_10Jan_3.sql:61: INFO:  table "pg_stat_database_hist_p2022_10_14": found 0 removable, 96 nonremovable row versions in 4 out of 4 pages
DETAIL:  0 dead row versions cannot be removed yet, oldest xmin: 422458749
Skipped 0 pages due to buffer pins, 0 frozen pages.
CPU: user: 0.00 s, system: 0.00 s, elapsed: 0.00 s.
psql:run_vacuum_10Jan_3.sql:61: INFO:  analyzing "perfstat.pg_stat_database_hist_p2022_10_14"
psql:run_vacuum_10Jan_3.sql:61: INFO:  "pg_stat_database_hist_p2022_10_14": scanned 4 of 4 pages, containing 96 live rows and 0 dead rows; 96 rows in sample, 96 estimated total rows
VACUUM
Time: 34.384 ms
psql:run_vacuum_10Jan_3.sql:62: INFO:  vacuuming "pg_catalog.pg_statistic"
psql:run_vacuum_10Jan_3.sql:62: INFO:  scanned index "pg_statistic_relid_att_inh_index" to remove 849 row versions
DETAIL:  CPU: user: 0.00 s, system: 0.00 s, elapsed: 0.00 s
psql:run_vacuum_10Jan_3.sql:62: INFO:  table "pg_statistic": removed 849 dead item identifiers in 233 pages
DETAIL:  CPU: user: 0.00 s, system: 0.00 s, elapsed: 0.00 s
psql:run_vacuum_10Jan_3.sql:62: INFO:  index "pg_statistic_relid_att_inh_index" now contains 30523 row versions in 593 pages
DETAIL:  677 index row versions were removed.
0 index pages were newly deleted.
8 index pages are currently deleted, of which 8 are currently reusable.
CPU: user: 0.00 s, system: 0.00 s, elapsed: 0.00 s.
psql:run_vacuum_10Jan_3.sql:62: INFO:  table "pg_statistic": found 836 removable, 10683 nonremovable row versions in 774 out of 5275 pages
DETAIL:  73 dead row versions cannot be removed yet, oldest xmin: 422458577
Skipped 0 pages due to buffer pins, 2970 frozen pages.
CPU: user: 0.01 s, system: 0.00 s, elapsed: 0.01 s.
psql:run_vacuum_10Jan_3.sql:62: INFO:  vacuuming "pg_toast.pg_toast_2619"
psql:run_vacuum_10Jan_3.sql:62: INFO:  table "pg_toast_2619": index scan bypassed: 240 pages from table (1.30% of total) have 966 dead item identifiers
psql:run_vacuum_10Jan_3.sql:62: INFO:  table "pg_toast_2619": found 955 removable, 1437 nonremovable row versions in 521 out of 18489 pages
DETAIL:  91 dead row versions cannot be removed yet, oldest xmin: 422458577
Skipped 0 pages due to buffer pins, 9080 frozen pages.
CPU: user: 0.00 s, system: 0.00 s, elapsed: 0.00 s.
VACUUM
Time: 27.068 ms
psql:run_vacuum_10Jan_3.sql:63: INFO:  vacuuming "perfstat.pg_stat_activity_sample_p2022_10_15"
psql:run_vacuum_10Jan_3.sql:63: INFO:  launched 1 parallel vacuum worker for index cleanup (planned: 1)
psql:run_vacuum_10Jan_3.sql:63: INFO:  table "pg_stat_activity_sample_p2022_10_15": found 0 removable, 195902 nonremovable row versions in 7564 out of 42042 pages
DETAIL:  0 dead row versions cannot be removed yet, oldest xmin: 422458756
Skipped 0 pages due to buffer pins, 0 frozen pages.
CPU: user: 0.11 s, system: 0.03 s, elapsed: 0.26 s.
psql:run_vacuum_10Jan_3.sql:63: INFO:  vacuuming "pg_toast.pg_toast_1504353918"
psql:run_vacuum_10Jan_3.sql:63: INFO:  table "pg_toast_1504353918": found 0 removable, 0 nonremovable row versions in 0 out of 0 pages
DETAIL:  0 dead row versions cannot be removed yet, oldest xmin: 422458756
Skipped 0 pages due to buffer pins, 0 frozen pages.
CPU: user: 0.00 s, system: 0.00 s, elapsed: 0.00 s.
psql:run_vacuum_10Jan_3.sql:63: INFO:  analyzing "perfstat.pg_stat_activity_sample_p2022_10_15"
psql:run_vacuum_10Jan_3.sql:63: INFO:  "pg_stat_activity_sample_p2022_10_15": scanned 42042 of 42042 pages, containing 1085615 live rows and 0 dead rows; 153600 rows in sample, 1085615 estimated total rows
VACUUM
Time: 39502.251 ms (00:39.502)
psql:run_vacuum_10Jan_3.sql:64: INFO:  vacuuming "perfstat.pg_stat_all_tables_hist_p2022_10_15"
psql:run_vacuum_10Jan_3.sql:64: INFO:  launched 1 parallel vacuum worker for index cleanup (planned: 1)
psql:run_vacuum_10Jan_3.sql:64: INFO:  table "pg_stat_all_tables_hist_p2022_10_15": found 0 removable, 16749 nonremovable row versions in 698 out of 13352 pages
DETAIL:  0 dead row versions cannot be removed yet, oldest xmin: 422458831
Skipped 0 pages due to buffer pins, 0 frozen pages.
CPU: user: 0.01 s, system: 0.01 s, elapsed: 0.03 s.
psql:run_vacuum_10Jan_3.sql:64: INFO:  analyzing "perfstat.pg_stat_all_tables_hist_p2022_10_15"
psql:run_vacuum_10Jan_3.sql:64: INFO:  "pg_stat_all_tables_hist_p2022_10_15": scanned 13352 of 13352 pages, containing 320445 live rows and 0 dead rows; 153600 rows in sample, 320445 estimated total rows
VACUUM
Time: 1420.713 ms (00:01.421)
psql:run_vacuum_10Jan_3.sql:65: INFO:  vacuuming "perfstat.pg_stat_database_hist_p2022_10_15"
psql:run_vacuum_10Jan_3.sql:65: INFO:  table "pg_stat_database_hist_p2022_10_15": found 0 removable, 96 nonremovable row versions in 4 out of 4 pages
DETAIL:  0 dead row versions cannot be removed yet, oldest xmin: 422458834
Skipped 0 pages due to buffer pins, 0 frozen pages.
CPU: user: 0.00 s, system: 0.00 s, elapsed: 0.00 s.
psql:run_vacuum_10Jan_3.sql:65: INFO:  analyzing "perfstat.pg_stat_database_hist_p2022_10_15"
psql:run_vacuum_10Jan_3.sql:65: INFO:  "pg_stat_database_hist_p2022_10_15": scanned 4 of 4 pages, containing 96 live rows and 0 dead rows; 96 rows in sample, 96 estimated total rows
VACUUM
Time: 34.324 ms
psql:run_vacuum_10Jan_3.sql:66: INFO:  vacuuming "perfstat.pg_stat_activity_hist_p2022_10_15"
psql:run_vacuum_10Jan_3.sql:66: INFO:  launched 2 parallel vacuum workers for index cleanup (planned: 2)
psql:run_vacuum_10Jan_3.sql:66: INFO:  table "pg_stat_activity_hist_p2022_10_15": found 0 removable, 12824 nonremovable row versions in 516 out of 2919 pages
DETAIL:  0 dead row versions cannot be removed yet, oldest xmin: 422458834
Skipped 0 pages due to buffer pins, 0 frozen pages.
CPU: user: 0.00 s, system: 0.00 s, elapsed: 0.03 s.
psql:run_vacuum_10Jan_3.sql:66: INFO:  vacuuming "pg_toast.pg_toast_1504353956"
psql:run_vacuum_10Jan_3.sql:66: INFO:  table "pg_toast_1504353956": found 0 removable, 0 nonremovable row versions in 0 out of 0 pages
DETAIL:  0 dead row versions cannot be removed yet, oldest xmin: 422458834
Skipped 0 pages due to buffer pins, 0 frozen pages.
CPU: user: 0.00 s, system: 0.00 s, elapsed: 0.00 s.
psql:run_vacuum_10Jan_3.sql:66: INFO:  analyzing "perfstat.pg_stat_activity_hist_p2022_10_15"
psql:run_vacuum_10Jan_3.sql:66: INFO:  "pg_stat_activity_hist_p2022_10_15": scanned 2919 of 2919 pages, containing 72413 live rows and 0 dead rows; 72413 rows in sample, 72413 estimated total rows
VACUUM
Time: 2590.846 ms (00:02.591)
psql:run_vacuum_10Jan_3.sql:67: INFO:  vacuuming "perfstat.pg_stat_statements_hist_p2022_10_15"
psql:run_vacuum_10Jan_3.sql:67: INFO:  launched 3 parallel vacuum workers for index cleanup (planned: 3)
psql:run_vacuum_10Jan_3.sql:67: INFO:  table "pg_stat_statements_hist_p2022_10_15": found 0 removable, 15432 nonremovable row versions in 1198 out of 29285 pages
DETAIL:  0 dead row versions cannot be removed yet, oldest xmin: 422458840
Skipped 0 pages due to buffer pins, 0 frozen pages.
CPU: user: 0.00 s, system: 0.03 s, elapsed: 0.08 s.
psql:run_vacuum_10Jan_3.sql:67: INFO:  vacuuming "pg_toast.pg_toast_1504353945"
psql:run_vacuum_10Jan_3.sql:67: INFO:  table "pg_toast_1504353945": found 0 removable, 0 nonremovable row versions in 0 out of 0 pages
DETAIL:  0 dead row versions cannot be removed yet, oldest xmin: 422458840
Skipped 0 pages due to buffer pins, 0 frozen pages.
CPU: user: 0.00 s, system: 0.00 s, elapsed: 0.00 s.
psql:run_vacuum_10Jan_3.sql:67: INFO:  analyzing "perfstat.pg_stat_statements_hist_p2022_10_15"
psql:run_vacuum_10Jan_3.sql:67: INFO:  "pg_stat_statements_hist_p2022_10_15": scanned 29285 of 29285 pages, containing 377659 live rows and 0 dead rows; 153600 rows in sample, 377659 estimated total rows
VACUUM
Time: 35895.588 ms (00:35.896)
 pg_sleep 
----------
 
(1 row)

Time: 60101.314 ms (01:00.101)
psql:run_vacuum_10Jan_3.sql:69: INFO:  vacuuming "perfstat.snap_p2022_10_15"
psql:run_vacuum_10Jan_3.sql:69: INFO:  table "snap_p2022_10_15": found 0 removable, 96 nonremovable row versions in 1 out of 1 pages
DETAIL:  0 dead row versions cannot be removed yet, oldest xmin: 422459006
Skipped 0 pages due to buffer pins, 0 frozen pages.
CPU: user: 0.00 s, system: 0.00 s, elapsed: 0.00 s.
psql:run_vacuum_10Jan_3.sql:69: INFO:  analyzing "perfstat.snap_p2022_10_15"
psql:run_vacuum_10Jan_3.sql:69: INFO:  "snap_p2022_10_15": scanned 1 of 1 pages, containing 96 live rows and 0 dead rows; 96 rows in sample, 96 estimated total rows
VACUUM
Time: 26.936 ms
psql:run_vacuum_10Jan_3.sql:70: INFO:  vacuuming "perfstat.dba_plans_hist_p2022_10_15"
psql:run_vacuum_10Jan_3.sql:70: INFO:  launched 3 parallel vacuum workers for index cleanup (planned: 3)
psql:run_vacuum_10Jan_3.sql:70: INFO:  table "dba_plans_hist_p2022_10_15": found 0 removable, 8432 nonremovable row versions in 1565 out of 15854 pages
DETAIL:  0 dead row versions cannot be removed yet, oldest xmin: 422459006
Skipped 0 pages due to buffer pins, 0 frozen pages.
CPU: user: 0.02 s, system: 0.01 s, elapsed: 0.07 s.
psql:run_vacuum_10Jan_3.sql:70: INFO:  vacuuming "pg_toast.pg_toast_1504353981"
psql:run_vacuum_10Jan_3.sql:70: INFO:  table "pg_toast_1504353981": found 0 removable, 23824 nonremovable row versions in 5144 out of 30304 pages
DETAIL:  0 dead row versions cannot be removed yet, oldest xmin: 422459006
Skipped 0 pages due to buffer pins, 0 frozen pages.
CPU: user: 0.05 s, system: 0.00 s, elapsed: 0.14 s.
psql:run_vacuum_10Jan_3.sql:70: INFO:  analyzing "perfstat.dba_plans_hist_p2022_10_15"
psql:run_vacuum_10Jan_3.sql:70: INFO:  "dba_plans_hist_p2022_10_15": scanned 15854 of 15854 pages, containing 86182 live rows and 0 dead rows; 86182 rows in sample, 86182 estimated total rows
VACUUM
Time: 20411.923 ms (00:20.412)
psql:run_vacuum_10Jan_3.sql:71: INFO:  vacuuming "perfstat.pg_stat_all_indexes_hist_p2022_10_15"
psql:run_vacuum_10Jan_3.sql:71: INFO:  launched 1 parallel vacuum worker for index cleanup (planned: 1)
psql:run_vacuum_10Jan_3.sql:71: INFO:  table "pg_stat_all_indexes_hist_p2022_10_15": found 0 removable, 16995 nonremovable row versions in 607 out of 29057 pages
DETAIL:  0 dead row versions cannot be removed yet, oldest xmin: 422459006
Skipped 0 pages due to buffer pins, 0 frozen pages.
CPU: user: 0.01 s, system: 0.02 s, elapsed: 0.07 s.
psql:run_vacuum_10Jan_3.sql:71: INFO:  analyzing "perfstat.pg_stat_all_indexes_hist_p2022_10_15"
psql:run_vacuum_10Jan_3.sql:71: INFO:  "pg_stat_all_indexes_hist_p2022_10_15": scanned 29057 of 29057 pages, containing 813595 live rows and 0 dead rows; 153600 rows in sample, 813595 estimated total rows
VACUUM
Time: 26282.553 ms (00:26.283)
