Timing is on.
SET
Time: 1.064 ms
psql:run_vacuum_20March2023_11.sql:3: INFO:  aggressively vacuuming "public.plans_copy"
psql:run_vacuum_20March2023_11.sql:3: INFO:  table "plans_copy": found 0 removable, 1862 nonremovable row versions in 362 out of 362 pages
DETAIL:  0 dead row versions cannot be removed yet, oldest xmin: 545413634
Skipped 0 pages due to buffer pins, 0 frozen pages.
CPU: user: 0.00 s, system: 0.00 s, elapsed: 0.01 s.
psql:run_vacuum_20March2023_11.sql:3: INFO:  aggressively vacuuming "pg_toast.pg_toast_1520673297"
psql:run_vacuum_20March2023_11.sql:3: INFO:  table "pg_toast_1520673297": found 0 removable, 4759 nonremovable row versions in 1115 out of 1115 pages
DETAIL:  0 dead row versions cannot be removed yet, oldest xmin: 545413634
Skipped 0 pages due to buffer pins, 0 frozen pages.
CPU: user: 0.01 s, system: 0.00 s, elapsed: 0.04 s.
psql:run_vacuum_20March2023_11.sql:3: INFO:  analyzing "public.plans_copy"
psql:run_vacuum_20March2023_11.sql:3: INFO:  "plans_copy": scanned 362 of 362 pages, containing 1862 live rows and 0 dead rows; 1862 rows in sample, 1862 estimated total rows
VACUUM
Time: 152.314 ms
psql:run_vacuum_20March2023_11.sql:4: INFO:  aggressively vacuuming "pg_catalog.pg_statistic"
psql:run_vacuum_20March2023_11.sql:4: INFO:  scanned index "pg_statistic_relid_att_inh_index" to remove 2492 row versions
DETAIL:  CPU: user: 0.00 s, system: 0.00 s, elapsed: 0.00 s
psql:run_vacuum_20March2023_11.sql:4: INFO:  table "pg_statistic": removed 2492 dead item identifiers in 1202 pages
DETAIL:  CPU: user: 0.02 s, system: 0.00 s, elapsed: 0.02 s
psql:run_vacuum_20March2023_11.sql:4: INFO:  index "pg_statistic_relid_att_inh_index" now contains 30716 row versions in 618 pages
DETAIL:  654 index row versions were removed.
1 index pages were newly deleted.
10 index pages are currently deleted, of which 9 are currently reusable.
CPU: user: 0.00 s, system: 0.00 s, elapsed: 0.00 s.
psql:run_vacuum_20March2023_11.sql:4: INFO:  table "pg_statistic": found 1643 removable, 30341 nonremovable row versions in 2653 out of 5275 pages
DETAIL:  91 dead row versions cannot be removed yet, oldest xmin: 545413634
Skipped 0 pages due to buffer pins, 2622 frozen pages.
CPU: user: 0.04 s, system: 0.00 s, elapsed: 0.04 s.
psql:run_vacuum_20March2023_11.sql:4: INFO:  vacuuming "pg_toast.pg_toast_2619"
psql:run_vacuum_20March2023_11.sql:4: INFO:  table "pg_toast_2619": index scan bypassed: 380 pages from table (1.90% of total) have 1443 dead item identifiers
psql:run_vacuum_20March2023_11.sql:4: INFO:  table "pg_toast_2619": found 1361 removable, 1056 nonremovable row versions in 571 out of 19977 pages
DETAIL:  269 dead row versions cannot be removed yet, oldest xmin: 545413634
Skipped 0 pages due to buffer pins, 4437 frozen pages.
CPU: user: 0.00 s, system: 0.00 s, elapsed: 0.00 s.
VACUUM
Time: 61.613 ms
psql:run_vacuum_20March2023_11.sql:5: INFO:  vacuuming "perfstat.pg_stat_activity_sample_p2022_12_26"
psql:run_vacuum_20March2023_11.sql:5: INFO:  launched 1 parallel vacuum worker for index cleanup (planned: 1)
psql:run_vacuum_20March2023_11.sql:5: INFO:  table "pg_stat_activity_sample_p2022_12_26": found 0 removable, 189576 nonremovable row versions in 7328 out of 48600 pages
DETAIL:  0 dead row versions cannot be removed yet, oldest xmin: 545413634
Skipped 0 pages due to buffer pins, 0 frozen pages.
CPU: user: 0.10 s, system: 0.04 s, elapsed: 0.27 s.
psql:run_vacuum_20March2023_11.sql:5: INFO:  vacuuming "pg_toast.pg_toast_1521008684"
psql:run_vacuum_20March2023_11.sql:5: INFO:  table "pg_toast_1521008684": found 0 removable, 0 nonremovable row versions in 0 out of 0 pages
DETAIL:  0 dead row versions cannot be removed yet, oldest xmin: 545413634
Skipped 0 pages due to buffer pins, 0 frozen pages.
CPU: user: 0.00 s, system: 0.00 s, elapsed: 0.00 s.
psql:run_vacuum_20March2023_11.sql:5: INFO:  analyzing "perfstat.pg_stat_activity_sample_p2022_12_26"
psql:run_vacuum_20March2023_11.sql:5: INFO:  "pg_stat_activity_sample_p2022_12_26": scanned 48600 of 48600 pages, containing 1255379 live rows and 0 dead rows; 153600 rows in sample, 1255379 estimated total rows
VACUUM
Time: 45133.971 ms (00:45.134)
psql:run_vacuum_20March2023_11.sql:6: INFO:  vacuuming "perfstat.pg_stat_all_indexes_hist_p2022_12_26"
psql:run_vacuum_20March2023_11.sql:6: INFO:  launched 1 parallel vacuum worker for index cleanup (planned: 1)
psql:run_vacuum_20March2023_11.sql:6: INFO:  table "pg_stat_all_indexes_hist_p2022_12_26": found 0 removable, 20576 nonremovable row versions in 735 out of 35311 pages
DETAIL:  0 dead row versions cannot be removed yet, oldest xmin: 545413634
Skipped 0 pages due to buffer pins, 0 frozen pages.
CPU: user: 0.02 s, system: 0.02 s, elapsed: 0.08 s.
psql:run_vacuum_20March2023_11.sql:6: INFO:  analyzing "perfstat.pg_stat_all_indexes_hist_p2022_12_26"
psql:run_vacuum_20March2023_11.sql:6: INFO:  "pg_stat_all_indexes_hist_p2022_12_26": scanned 35311 of 35311 pages, containing 988704 live rows and 0 dead rows; 153600 rows in sample, 988704 estimated total rows
VACUUM
Time: 32492.561 ms (00:32.493)
psql:run_vacuum_20March2023_11.sql:7: INFO:  vacuuming "perfstat.dba_plans_hist_p2022_12_26"
psql:run_vacuum_20March2023_11.sql:7: INFO:  launched 3 parallel vacuum workers for index cleanup (planned: 3)
psql:run_vacuum_20March2023_11.sql:7: INFO:  table "dba_plans_hist_p2022_12_26": found 0 removable, 9538 nonremovable row versions in 1811 out of 33763 pages
DETAIL:  0 dead row versions cannot be removed yet, oldest xmin: 545413634
Skipped 0 pages due to buffer pins, 0 frozen pages.
CPU: user: 0.01 s, system: 0.04 s, elapsed: 0.10 s.
psql:run_vacuum_20March2023_11.sql:7: INFO:  vacuuming "pg_toast.pg_toast_1521008729"
psql:run_vacuum_20March2023_11.sql:7: INFO:  table "pg_toast_1521008729": found 0 removable, 60445 nonremovable row versions in 13065 out of 89047 pages
DETAIL:  0 dead row versions cannot be removed yet, oldest xmin: 545413634
Skipped 0 pages due to buffer pins, 0 frozen pages.
CPU: user: 0.14 s, system: 0.00 s, elapsed: 0.46 s.
psql:run_vacuum_20March2023_11.sql:7: INFO:  analyzing "perfstat.dba_plans_hist_p2022_12_26"
psql:run_vacuum_20March2023_11.sql:7: INFO:  "dba_plans_hist_p2022_12_26": scanned 33763 of 33763 pages, containing 178752 live rows and 0 dead rows; 153600 rows in sample, 178752 estimated total rows
VACUUM
Time: 39999.624 ms (00:40.000)
psql:run_vacuum_20March2023_11.sql:8: INFO:  vacuuming "perfstat.pg_stat_database_hist_p2022_12_26"
psql:run_vacuum_20March2023_11.sql:8: INFO:  table "pg_stat_database_hist_p2022_12_26": found 0 removable, 96 nonremovable row versions in 4 out of 4 pages
DETAIL:  0 dead row versions cannot be removed yet, oldest xmin: 545415452
Skipped 0 pages due to buffer pins, 0 frozen pages.
CPU: user: 0.00 s, system: 0.00 s, elapsed: 0.00 s.
psql:run_vacuum_20March2023_11.sql:8: INFO:  analyzing "perfstat.pg_stat_database_hist_p2022_12_26"
psql:run_vacuum_20March2023_11.sql:8: INFO:  "pg_stat_database_hist_p2022_12_26": scanned 4 of 4 pages, containing 96 live rows and 0 dead rows; 96 rows in sample, 96 estimated total rows
VACUUM
Time: 37.487 ms
 pg_sleep 
----------
 
(1 row)

Time: 60101.674 ms (01:00.102)
psql:run_vacuum_20March2023_11.sql:10: INFO:  vacuuming "perfstat.pg_stat_activity_hist_p2022_12_26"
psql:run_vacuum_20March2023_11.sql:10: INFO:  launched 2 parallel vacuum workers for index cleanup (planned: 2)
psql:run_vacuum_20March2023_11.sql:10: INFO:  table "pg_stat_activity_hist_p2022_12_26": found 0 removable, 8028 nonremovable row versions in 323 out of 3367 pages
DETAIL:  0 dead row versions cannot be removed yet, oldest xmin: 545415494
Skipped 0 pages due to buffer pins, 0 frozen pages.
CPU: user: 0.00 s, system: 0.00 s, elapsed: 0.03 s.
psql:run_vacuum_20March2023_11.sql:10: INFO:  vacuuming "pg_toast.pg_toast_1521008706"
psql:run_vacuum_20March2023_11.sql:10: INFO:  table "pg_toast_1521008706": found 0 removable, 0 nonremovable row versions in 0 out of 0 pages
DETAIL:  0 dead row versions cannot be removed yet, oldest xmin: 545415494
Skipped 0 pages due to buffer pins, 0 frozen pages.
CPU: user: 0.00 s, system: 0.00 s, elapsed: 0.00 s.
psql:run_vacuum_20March2023_11.sql:10: INFO:  analyzing "perfstat.pg_stat_activity_hist_p2022_12_26"
psql:run_vacuum_20March2023_11.sql:10: INFO:  "pg_stat_activity_hist_p2022_12_26": scanned 3367 of 3367 pages, containing 83693 live rows and 0 dead rows; 83693 rows in sample, 83693 estimated total rows
VACUUM
Time: 3275.292 ms (00:03.275)
psql:run_vacuum_20March2023_11.sql:11: INFO:  vacuuming "perfstat.pg_stat_statements_hist_p2022_12_26"
psql:run_vacuum_20March2023_11.sql:11: INFO:  launched 3 parallel vacuum workers for index cleanup (planned: 3)
psql:run_vacuum_20March2023_11.sql:11: INFO:  table "pg_stat_statements_hist_p2022_12_26": found 0 removable, 43262 nonremovable row versions in 3363 out of 28643 pages
DETAIL:  0 dead row versions cannot be removed yet, oldest xmin: 545415494
Skipped 0 pages due to buffer pins, 0 frozen pages.
CPU: user: 0.04 s, system: 0.03 s, elapsed: 0.13 s.
psql:run_vacuum_20March2023_11.sql:11: INFO:  vacuuming "pg_toast.pg_toast_1521008696"
psql:run_vacuum_20March2023_11.sql:11: INFO:  table "pg_toast_1521008696": found 0 removable, 0 nonremovable row versions in 0 out of 0 pages
DETAIL:  0 dead row versions cannot be removed yet, oldest xmin: 545415494
Skipped 0 pages due to buffer pins, 0 frozen pages.
CPU: user: 0.00 s, system: 0.00 s, elapsed: 0.00 s.
psql:run_vacuum_20March2023_11.sql:11: INFO:  analyzing "perfstat.pg_stat_statements_hist_p2022_12_26"
psql:run_vacuum_20March2023_11.sql:11: INFO:  "pg_stat_statements_hist_p2022_12_26": scanned 28643 of 28643 pages, containing 369105 live rows and 0 dead rows; 153600 rows in sample, 369105 estimated total rows
VACUUM
Time: 36697.954 ms (00:36.698)
psql:run_vacuum_20March2023_11.sql:12: INFO:  vacuuming "perfstat.snap_p2022_12_26"
psql:run_vacuum_20March2023_11.sql:12: INFO:  table "snap_p2022_12_26": found 0 removable, 96 nonremovable row versions in 1 out of 1 pages
DETAIL:  0 dead row versions cannot be removed yet, oldest xmin: 545415494
Skipped 0 pages due to buffer pins, 0 frozen pages.
CPU: user: 0.00 s, system: 0.00 s, elapsed: 0.00 s.
psql:run_vacuum_20March2023_11.sql:12: INFO:  analyzing "perfstat.snap_p2022_12_26"
psql:run_vacuum_20March2023_11.sql:12: INFO:  "snap_p2022_12_26": scanned 1 of 1 pages, containing 96 live rows and 0 dead rows; 96 rows in sample, 96 estimated total rows
VACUUM
Time: 24.451 ms
psql:run_vacuum_20March2023_11.sql:13: INFO:  vacuuming "perfstat.pg_stat_all_tables_hist_p2022_12_26"
psql:run_vacuum_20March2023_11.sql:13: INFO:  launched 1 parallel vacuum worker for index cleanup (planned: 1)
psql:run_vacuum_20March2023_11.sql:13: INFO:  table "pg_stat_all_tables_hist_p2022_12_26": found 0 removable, 20535 nonremovable row versions in 866 out of 16609 pages
DETAIL:  0 dead row versions cannot be removed yet, oldest xmin: 545415494
Skipped 0 pages due to buffer pins, 0 frozen pages.
CPU: user: 0.02 s, system: 0.00 s, elapsed: 0.06 s.
psql:run_vacuum_20March2023_11.sql:13: INFO:  analyzing "perfstat.pg_stat_all_tables_hist_p2022_12_26"
psql:run_vacuum_20March2023_11.sql:13: INFO:  "pg_stat_all_tables_hist_p2022_12_26": scanned 16609 of 16609 pages, containing 394320 live rows and 0 dead rows; 153600 rows in sample, 394320 estimated total rows
VACUUM
Time: 16100.812 ms (00:16.101)
psql:run_vacuum_20March2023_11.sql:14: INFO:  vacuuming "perfstat.pg_stat_activity_sample_p2022_12_27"
psql:run_vacuum_20March2023_11.sql:14: INFO:  launched 1 parallel vacuum worker for index cleanup (planned: 1)
psql:run_vacuum_20March2023_11.sql:14: INFO:  table "pg_stat_activity_sample_p2022_12_27": found 0 removable, 134017 nonremovable row versions in 5183 out of 48439 pages
DETAIL:  0 dead row versions cannot be removed yet, oldest xmin: 545415494
Skipped 0 pages due to buffer pins, 0 frozen pages.
CPU: user: 0.07 s, system: 0.05 s, elapsed: 0.22 s.
psql:run_vacuum_20March2023_11.sql:14: INFO:  vacuuming "pg_toast.pg_toast_1521178421"
psql:run_vacuum_20March2023_11.sql:14: INFO:  table "pg_toast_1521178421": found 0 removable, 0 nonremovable row versions in 0 out of 0 pages
DETAIL:  0 dead row versions cannot be removed yet, oldest xmin: 545415494
Skipped 0 pages due to buffer pins, 0 frozen pages.
CPU: user: 0.00 s, system: 0.00 s, elapsed: 0.00 s.
psql:run_vacuum_20March2023_11.sql:14: INFO:  analyzing "perfstat.pg_stat_activity_sample_p2022_12_27"
psql:run_vacuum_20March2023_11.sql:14: INFO:  "pg_stat_activity_sample_p2022_12_27": scanned 48439 of 48439 pages, containing 1245008 live rows and 0 dead rows; 153600 rows in sample, 1245008 estimated total rows
VACUUM
Time: 47148.673 ms (00:47.149)
 pg_sleep 
----------
 
(1 row)

Time: 60101.195 ms (01:00.101)
psql:run_vacuum_20March2023_11.sql:16: INFO:  vacuuming "perfstat.pg_stat_all_indexes_hist_p2022_12_27"
psql:run_vacuum_20March2023_11.sql:16: INFO:  launched 1 parallel vacuum worker for index cleanup (planned: 1)
psql:run_vacuum_20March2023_11.sql:16: INFO:  table "pg_stat_all_indexes_hist_p2022_12_27": found 0 removable, 20576 nonremovable row versions in 735 out of 35311 pages
DETAIL:  0 dead row versions cannot be removed yet, oldest xmin: 545415494
Skipped 0 pages due to buffer pins, 0 frozen pages.
CPU: user: 0.00 s, system: 0.04 s, elapsed: 0.08 s.
psql:run_vacuum_20March2023_11.sql:16: INFO:  analyzing "perfstat.pg_stat_all_indexes_hist_p2022_12_27"
psql:run_vacuum_20March2023_11.sql:16: INFO:  "pg_stat_all_indexes_hist_p2022_12_27": scanned 35311 of 35311 pages, containing 988704 live rows and 0 dead rows; 153600 rows in sample, 988704 estimated total rows
VACUUM
Time: 31397.518 ms (00:31.398)
psql:run_vacuum_20March2023_11.sql:17: INFO:  vacuuming "perfstat.pg_stat_statements_hist_p2022_12_27"
psql:run_vacuum_20March2023_11.sql:17: INFO:  launched 3 parallel vacuum workers for index cleanup (planned: 3)
psql:run_vacuum_20March2023_11.sql:17: INFO:  table "pg_stat_statements_hist_p2022_12_27": found 0 removable, 58141 nonremovable row versions in 4497 out of 33531 pages
DETAIL:  0 dead row versions cannot be removed yet, oldest xmin: 545415494
Skipped 0 pages due to buffer pins, 0 frozen pages.
CPU: user: 0.06 s, system: 0.03 s, elapsed: 0.17 s.
psql:run_vacuum_20March2023_11.sql:17: INFO:  vacuuming "pg_toast.pg_toast_1521178433"
psql:run_vacuum_20March2023_11.sql:17: INFO:  table "pg_toast_1521178433": found 0 removable, 0 nonremovable row versions in 0 out of 0 pages
DETAIL:  0 dead row versions cannot be removed yet, oldest xmin: 545415494
Skipped 0 pages due to buffer pins, 0 frozen pages.
CPU: user: 0.00 s, system: 0.00 s, elapsed: 0.00 s.
psql:run_vacuum_20March2023_11.sql:17: INFO:  analyzing "perfstat.pg_stat_statements_hist_p2022_12_27"
psql:run_vacuum_20March2023_11.sql:17: INFO:  "pg_stat_statements_hist_p2022_12_27": scanned 33531 of 33531 pages, containing 433153 live rows and 0 dead rows; 153600 rows in sample, 433153 estimated total rows
VACUUM
Time: 40903.217 ms (00:40.903)
psql:run_vacuum_20March2023_11.sql:18: INFO:  vacuuming "perfstat.pg_stat_activity_hist_p2022_12_27"
psql:run_vacuum_20March2023_11.sql:18: INFO:  launched 2 parallel vacuum workers for index cleanup (planned: 2)
psql:run_vacuum_20March2023_11.sql:18: INFO:  table "pg_stat_activity_hist_p2022_12_27": found 0 removable, 5938 nonremovable row versions in 239 out of 3353 pages
DETAIL:  0 dead row versions cannot be removed yet, oldest xmin: 545415494
Skipped 0 pages due to buffer pins, 0 frozen pages.
CPU: user: 0.00 s, system: 0.00 s, elapsed: 0.02 s.
psql:run_vacuum_20March2023_11.sql:18: INFO:  vacuuming "pg_toast.pg_toast_1521178443"
psql:run_vacuum_20March2023_11.sql:18: INFO:  table "pg_toast_1521178443": found 0 removable, 0 nonremovable row versions in 0 out of 0 pages
DETAIL:  0 dead row versions cannot be removed yet, oldest xmin: 545415494
Skipped 0 pages due to buffer pins, 0 frozen pages.
CPU: user: 0.00 s, system: 0.00 s, elapsed: 0.00 s.
psql:run_vacuum_20March2023_11.sql:18: INFO:  analyzing "perfstat.pg_stat_activity_hist_p2022_12_27"
psql:run_vacuum_20March2023_11.sql:18: INFO:  "pg_stat_activity_hist_p2022_12_27": scanned 3353 of 3353 pages, containing 82993 live rows and 0 dead rows; 82993 rows in sample, 82993 estimated total rows
VACUUM
Time: 3378.768 ms (00:03.379)
psql:run_vacuum_20March2023_11.sql:19: INFO:  vacuuming "perfstat.pg_stat_database_hist_p2022_12_27"
psql:run_vacuum_20March2023_11.sql:19: INFO:  table "pg_stat_database_hist_p2022_12_27": found 0 removable, 96 nonremovable row versions in 4 out of 4 pages
DETAIL:  0 dead row versions cannot be removed yet, oldest xmin: 545415494
Skipped 0 pages due to buffer pins, 0 frozen pages.
CPU: user: 0.00 s, system: 0.00 s, elapsed: 0.00 s.
psql:run_vacuum_20March2023_11.sql:19: INFO:  analyzing "perfstat.pg_stat_database_hist_p2022_12_27"
psql:run_vacuum_20March2023_11.sql:19: INFO:  "pg_stat_database_hist_p2022_12_27": scanned 4 of 4 pages, containing 96 live rows and 0 dead rows; 96 rows in sample, 96 estimated total rows
VACUUM
Time: 25.900 ms
psql:run_vacuum_20March2023_11.sql:20: INFO:  vacuuming "perfstat.snap_p2022_12_27"
psql:run_vacuum_20March2023_11.sql:20: INFO:  table "snap_p2022_12_27": found 0 removable, 96 nonremovable row versions in 1 out of 1 pages
DETAIL:  0 dead row versions cannot be removed yet, oldest xmin: 545415494
Skipped 0 pages due to buffer pins, 0 frozen pages.
CPU: user: 0.00 s, system: 0.00 s, elapsed: 0.00 s.
psql:run_vacuum_20March2023_11.sql:20: INFO:  analyzing "perfstat.snap_p2022_12_27"
psql:run_vacuum_20March2023_11.sql:20: INFO:  "snap_p2022_12_27": scanned 1 of 1 pages, containing 96 live rows and 0 dead rows; 96 rows in sample, 96 estimated total rows
VACUUM
Time: 18.332 ms
psql:run_vacuum_20March2023_11.sql:21: INFO:  vacuuming "perfstat.pg_stat_all_tables_hist_p2022_12_27"
psql:run_vacuum_20March2023_11.sql:21: INFO:  launched 1 parallel vacuum worker for index cleanup (planned: 1)
psql:run_vacuum_20March2023_11.sql:21: INFO:  table "pg_stat_all_tables_hist_p2022_12_27": found 0 removable, 24704 nonremovable row versions in 1041 out of 16622 pages
DETAIL:  0 dead row versions cannot be removed yet, oldest xmin: 545415494
Skipped 0 pages due to buffer pins, 0 frozen pages.
CPU: user: 0.02 s, system: 0.01 s, elapsed: 0.06 s.
psql:run_vacuum_20March2023_11.sql:21: INFO:  analyzing "perfstat.pg_stat_all_tables_hist_p2022_12_27"
psql:run_vacuum_20March2023_11.sql:21: INFO:  "pg_stat_all_tables_hist_p2022_12_27": scanned 16622 of 16622 pages, containing 394320 live rows and 0 dead rows; 153600 rows in sample, 394320 estimated total rows
VACUUM
Time: 15766.746 ms (00:15.767)
 pg_sleep 
----------
 
(1 row)

Time: 60051.193 ms (01:00.051)
psql:run_vacuum_20March2023_11.sql:23: INFO:  vacuuming "perfstat.dba_plans_hist_p2022_12_27"
psql:run_vacuum_20March2023_11.sql:23: INFO:  launched 3 parallel vacuum workers for index cleanup (planned: 3)
psql:run_vacuum_20March2023_11.sql:23: INFO:  table "dba_plans_hist_p2022_12_27": found 0 removable, 9538 nonremovable row versions in 1811 out of 33763 pages
DETAIL:  0 dead row versions cannot be removed yet, oldest xmin: 545415494
Skipped 0 pages due to buffer pins, 0 frozen pages.
CPU: user: 0.02 s, system: 0.03 s, elapsed: 0.10 s.
psql:run_vacuum_20March2023_11.sql:23: INFO:  vacuuming "pg_toast.pg_toast_1521178467"
psql:run_vacuum_20March2023_11.sql:23: INFO:  table "pg_toast_1521178467": found 0 removable, 64740 nonremovable row versions in 13993 out of 89047 pages
DETAIL:  0 dead row versions cannot be removed yet, oldest xmin: 545415494
Skipped 0 pages due to buffer pins, 0 frozen pages.
CPU: user: 0.14 s, system: 0.00 s, elapsed: 0.57 s.
psql:run_vacuum_20March2023_11.sql:23: INFO:  analyzing "perfstat.dba_plans_hist_p2022_12_27"
psql:run_vacuum_20March2023_11.sql:23: INFO:  "dba_plans_hist_p2022_12_27": scanned 33763 of 33763 pages, containing 178752 live rows and 0 dead rows; 153600 rows in sample, 178752 estimated total rows
VACUUM
Time: 40878.874 ms (00:40.879)
psql:run_vacuum_20March2023_11.sql:24: INFO:  vacuuming "perfstat.pg_stat_activity_sample_p2022_12_28"
psql:run_vacuum_20March2023_11.sql:24: INFO:  launched 1 parallel vacuum worker for index cleanup (planned: 1)
psql:run_vacuum_20March2023_11.sql:24: INFO:  table "pg_stat_activity_sample_p2022_12_28": found 0 removable, 263056 nonremovable row versions in 10169 out of 51842 pages
DETAIL:  0 dead row versions cannot be removed yet, oldest xmin: 545415494
Skipped 0 pages due to buffer pins, 0 frozen pages.
CPU: user: 0.12 s, system: 0.06 s, elapsed: 0.35 s.
psql:run_vacuum_20March2023_11.sql:24: INFO:  vacuuming "pg_toast.pg_toast_1521390700"
psql:run_vacuum_20March2023_11.sql:24: INFO:  table "pg_toast_1521390700": found 0 removable, 0 nonremovable row versions in 0 out of 0 pages
DETAIL:  0 dead row versions cannot be removed yet, oldest xmin: 545415494
Skipped 0 pages due to buffer pins, 0 frozen pages.
CPU: user: 0.00 s, system: 0.00 s, elapsed: 0.00 s.
psql:run_vacuum_20March2023_11.sql:24: INFO:  analyzing "perfstat.pg_stat_activity_sample_p2022_12_28"
psql:run_vacuum_20March2023_11.sql:24: INFO:  "pg_stat_activity_sample_p2022_12_28": scanned 51842 of 51842 pages, containing 1330477 live rows and 0 dead rows; 153600 rows in sample, 1330477 estimated total rows
VACUUM
Time: 50063.506 ms (00:50.064)
psql:run_vacuum_20March2023_11.sql:25: INFO:  vacuuming "perfstat.snap_p2022_12_28"
psql:run_vacuum_20March2023_11.sql:25: INFO:  table "snap_p2022_12_28": found 0 removable, 96 nonremovable row versions in 1 out of 1 pages
DETAIL:  0 dead row versions cannot be removed yet, oldest xmin: 545416355
Skipped 0 pages due to buffer pins, 0 frozen pages.
CPU: user: 0.00 s, system: 0.00 s, elapsed: 0.00 s.
psql:run_vacuum_20March2023_11.sql:25: INFO:  analyzing "perfstat.snap_p2022_12_28"
psql:run_vacuum_20March2023_11.sql:25: INFO:  "snap_p2022_12_28": scanned 1 of 1 pages, containing 96 live rows and 0 dead rows; 96 rows in sample, 96 estimated total rows
VACUUM
Time: 29.173 ms
psql:run_vacuum_20March2023_11.sql:26: INFO:  vacuuming "perfstat.pg_stat_all_tables_hist_p2022_12_28"
psql:run_vacuum_20March2023_11.sql:26: INFO:  launched 1 parallel vacuum worker for index cleanup (planned: 1)
psql:run_vacuum_20March2023_11.sql:26: INFO:  table "pg_stat_all_tables_hist_p2022_12_28": found 0 removable, 20537 nonremovable row versions in 866 out of 16609 pages
DETAIL:  0 dead row versions cannot be removed yet, oldest xmin: 545416355
Skipped 0 pages due to buffer pins, 0 frozen pages.
CPU: user: 0.01 s, system: 0.01 s, elapsed: 0.05 s.
psql:run_vacuum_20March2023_11.sql:26: INFO:  analyzing "perfstat.pg_stat_all_tables_hist_p2022_12_28"
psql:run_vacuum_20March2023_11.sql:26: INFO:  "pg_stat_all_tables_hist_p2022_12_28": scanned 16609 of 16609 pages, containing 394320 live rows and 0 dead rows; 153600 rows in sample, 394320 estimated total rows
VACUUM
Time: 16389.494 ms (00:16.389)
psql:run_vacuum_20March2023_11.sql:27: INFO:  vacuuming "perfstat.pg_stat_statements_hist_p2022_12_28"
psql:run_vacuum_20March2023_11.sql:27: INFO:  launched 3 parallel vacuum workers for index cleanup (planned: 3)
psql:run_vacuum_20March2023_11.sql:27: INFO:  table "pg_stat_statements_hist_p2022_12_28": found 0 removable, 48629 nonremovable row versions in 3766 out of 33923 pages
DETAIL:  0 dead row versions cannot be removed yet, oldest xmin: 545416355
Skipped 0 pages due to buffer pins, 0 frozen pages.
CPU: user: 0.05 s, system: 0.03 s, elapsed: 0.15 s.
psql:run_vacuum_20March2023_11.sql:27: INFO:  vacuuming "pg_toast.pg_toast_1521390723"
psql:run_vacuum_20March2023_11.sql:27: INFO:  table "pg_toast_1521390723": found 0 removable, 0 nonremovable row versions in 0 out of 0 pages
DETAIL:  0 dead row versions cannot be removed yet, oldest xmin: 545416355
Skipped 0 pages due to buffer pins, 0 frozen pages.
CPU: user: 0.00 s, system: 0.00 s, elapsed: 0.00 s.
psql:run_vacuum_20March2023_11.sql:27: INFO:  analyzing "perfstat.pg_stat_statements_hist_p2022_12_28"
psql:run_vacuum_20March2023_11.sql:27: INFO:  "pg_stat_statements_hist_p2022_12_28": scanned 33923 of 33923 pages, containing 438557 live rows and 0 dead rows; 153600 rows in sample, 438557 estimated total rows
VACUUM
Time: 41378.597 ms (00:41.379)
 pg_sleep 
----------
 
(1 row)

Time: 60101.277 ms (01:00.101)
psql:run_vacuum_20March2023_11.sql:29: INFO:  vacuuming "perfstat.pg_stat_activity_hist_p2022_12_28"
psql:run_vacuum_20March2023_11.sql:29: INFO:  launched 2 parallel vacuum workers for index cleanup (planned: 2)
psql:run_vacuum_20March2023_11.sql:29: INFO:  table "pg_stat_activity_hist_p2022_12_28": found 0 removable, 14771 nonremovable row versions in 594 out of 3590 pages
DETAIL:  0 dead row versions cannot be removed yet, oldest xmin: 545416355
Skipped 0 pages due to buffer pins, 0 frozen pages.
CPU: user: 0.00 s, system: 0.00 s, elapsed: 0.03 s.
psql:run_vacuum_20March2023_11.sql:29: INFO:  vacuuming "pg_toast.pg_toast_1521390735"
psql:run_vacuum_20March2023_11.sql:29: INFO:  table "pg_toast_1521390735": found 0 removable, 0 nonremovable row versions in 0 out of 0 pages
DETAIL:  0 dead row versions cannot be removed yet, oldest xmin: 545416355
Skipped 0 pages due to buffer pins, 0 frozen pages.
CPU: user: 0.00 s, system: 0.00 s, elapsed: 0.00 s.
psql:run_vacuum_20March2023_11.sql:29: INFO:  analyzing "perfstat.pg_stat_activity_hist_p2022_12_28"
psql:run_vacuum_20March2023_11.sql:29: INFO:  "pg_stat_activity_hist_p2022_12_28": scanned 3590 of 3590 pages, containing 88735 live rows and 0 dead rows; 88735 rows in sample, 88735 estimated total rows
VACUUM
Time: 3203.174 ms (00:03.203)
psql:run_vacuum_20March2023_11.sql:30: INFO:  vacuuming "perfstat.dba_plans_hist_p2022_12_28"
psql:run_vacuum_20March2023_11.sql:30: INFO:  launched 3 parallel vacuum workers for index cleanup (planned: 3)
psql:run_vacuum_20March2023_11.sql:30: INFO:  table "dba_plans_hist_p2022_12_28": found 0 removable, 9538 nonremovable row versions in 1811 out of 33763 pages
DETAIL:  0 dead row versions cannot be removed yet, oldest xmin: 545416355
Skipped 0 pages due to buffer pins, 0 frozen pages.
CPU: user: 0.02 s, system: 0.03 s, elapsed: 0.10 s.
psql:run_vacuum_20March2023_11.sql:30: INFO:  vacuuming "pg_toast.pg_toast_1521390758"
psql:run_vacuum_20March2023_11.sql:30: INFO:  table "pg_toast_1521390758": found 0 removable, 64740 nonremovable row versions in 13993 out of 89047 pages
DETAIL:  0 dead row versions cannot be removed yet, oldest xmin: 545416355
Skipped 0 pages due to buffer pins, 0 frozen pages.
CPU: user: 0.14 s, system: 0.00 s, elapsed: 0.38 s.
psql:run_vacuum_20March2023_11.sql:30: INFO:  analyzing "perfstat.dba_plans_hist_p2022_12_28"
psql:run_vacuum_20March2023_11.sql:30: INFO:  "dba_plans_hist_p2022_12_28": scanned 33763 of 33763 pages, containing 178752 live rows and 0 dead rows; 153600 rows in sample, 178752 estimated total rows
VACUUM
Time: 38867.267 ms (00:38.867)
psql:run_vacuum_20March2023_11.sql:31: INFO:  vacuuming "perfstat.pg_stat_all_indexes_hist_p2022_12_28"
psql:run_vacuum_20March2023_11.sql:31: INFO:  launched 1 parallel vacuum worker for index cleanup (planned: 1)
psql:run_vacuum_20March2023_11.sql:31: INFO:  table "pg_stat_all_indexes_hist_p2022_12_28": found 0 removable, 20576 nonremovable row versions in 735 out of 35311 pages
DETAIL:  0 dead row versions cannot be removed yet, oldest xmin: 545416355
Skipped 0 pages due to buffer pins, 0 frozen pages.
CPU: user: 0.01 s, system: 0.03 s, elapsed: 0.08 s.
psql:run_vacuum_20March2023_11.sql:31: INFO:  analyzing "perfstat.pg_stat_all_indexes_hist_p2022_12_28"
psql:run_vacuum_20March2023_11.sql:31: INFO:  "pg_stat_all_indexes_hist_p2022_12_28": scanned 35311 of 35311 pages, containing 988704 live rows and 0 dead rows; 153600 rows in sample, 988704 estimated total rows
VACUUM
Time: 32744.653 ms (00:32.745)
psql:run_vacuum_20March2023_11.sql:32: INFO:  vacuuming "perfstat.pg_stat_database_hist_p2022_12_28"
psql:run_vacuum_20March2023_11.sql:32: INFO:  table "pg_stat_database_hist_p2022_12_28": found 0 removable, 96 nonremovable row versions in 4 out of 4 pages
DETAIL:  0 dead row versions cannot be removed yet, oldest xmin: 545416355
Skipped 0 pages due to buffer pins, 0 frozen pages.
CPU: user: 0.00 s, system: 0.00 s, elapsed: 0.00 s.
psql:run_vacuum_20March2023_11.sql:32: INFO:  analyzing "perfstat.pg_stat_database_hist_p2022_12_28"
psql:run_vacuum_20March2023_11.sql:32: INFO:  "pg_stat_database_hist_p2022_12_28": scanned 4 of 4 pages, containing 96 live rows and 0 dead rows; 96 rows in sample, 96 estimated total rows
VACUUM
Time: 36.978 ms
psql:run_vacuum_20March2023_11.sql:33: INFO:  vacuuming "perfstat.pg_stat_activity_sample_p2022_12_29"
psql:run_vacuum_20March2023_11.sql:33: INFO:  launched 1 parallel vacuum worker for index cleanup (planned: 1)
psql:run_vacuum_20March2023_11.sql:33: INFO:  table "pg_stat_activity_sample_p2022_12_29": found 0 removable, 172649 nonremovable row versions in 6671 out of 51585 pages
DETAIL:  0 dead row versions cannot be removed yet, oldest xmin: 545416355
Skipped 0 pages due to buffer pins, 0 frozen pages.
CPU: user: 0.10 s, system: 0.04 s, elapsed: 0.26 s.
psql:run_vacuum_20March2023_11.sql:33: INFO:  vacuuming "pg_toast.pg_toast_1521755084"
psql:run_vacuum_20March2023_11.sql:33: INFO:  table "pg_toast_1521755084": found 0 removable, 0 nonremovable row versions in 0 out of 0 pages
DETAIL:  0 dead row versions cannot be removed yet, oldest xmin: 545416355
Skipped 0 pages due to buffer pins, 0 frozen pages.
CPU: user: 0.00 s, system: 0.00 s, elapsed: 0.00 s.
psql:run_vacuum_20March2023_11.sql:33: INFO:  analyzing "perfstat.pg_stat_activity_sample_p2022_12_29"
psql:run_vacuum_20March2023_11.sql:33: INFO:  "pg_stat_activity_sample_p2022_12_29": scanned 51585 of 51585 pages, containing 1331078 live rows and 0 dead rows; 153600 rows in sample, 1331078 estimated total rows
VACUUM
Time: 48722.300 ms (00:48.722)
psql:run_vacuum_20March2023_11.sql:34: INFO:  vacuuming "perfstat.pg_stat_database_hist_p2022_12_29"
psql:run_vacuum_20March2023_11.sql:34: INFO:  table "pg_stat_database_hist_p2022_12_29": found 0 removable, 96 nonremovable row versions in 4 out of 4 pages
DETAIL:  0 dead row versions cannot be removed yet, oldest xmin: 545416355
Skipped 0 pages due to buffer pins, 0 frozen pages.
CPU: user: 0.00 s, system: 0.00 s, elapsed: 0.00 s.
psql:run_vacuum_20March2023_11.sql:34: INFO:  analyzing "perfstat.pg_stat_database_hist_p2022_12_29"
psql:run_vacuum_20March2023_11.sql:34: INFO:  "pg_stat_database_hist_p2022_12_29": scanned 4 of 4 pages, containing 96 live rows and 0 dead rows; 96 rows in sample, 96 estimated total rows
VACUUM
Time: 32.929 ms
 pg_sleep 
----------
 
(1 row)

Time: 60101.209 ms (01:00.101)
psql:run_vacuum_20March2023_11.sql:36: INFO:  vacuuming "perfstat.pg_stat_all_indexes_hist_p2022_12_29"
psql:run_vacuum_20March2023_11.sql:36: INFO:  launched 1 parallel vacuum worker for index cleanup (planned: 1)
psql:run_vacuum_20March2023_11.sql:36: INFO:  table "pg_stat_all_indexes_hist_p2022_12_29": found 0 removable, 30880 nonremovable row versions in 1103 out of 35311 pages
DETAIL:  0 dead row versions cannot be removed yet, oldest xmin: 545416355
Skipped 0 pages due to buffer pins, 0 frozen pages.
CPU: user: 0.01 s, system: 0.04 s, elapsed: 0.08 s.
psql:run_vacuum_20March2023_11.sql:36: INFO:  analyzing "perfstat.pg_stat_all_indexes_hist_p2022_12_29"
psql:run_vacuum_20March2023_11.sql:36: INFO:  "pg_stat_all_indexes_hist_p2022_12_29": scanned 35311 of 35311 pages, containing 988704 live rows and 0 dead rows; 153600 rows in sample, 988704 estimated total rows
VACUUM
Time: 31002.793 ms (00:31.003)
psql:run_vacuum_20March2023_11.sql:37: INFO:  vacuuming "perfstat.pg_stat_all_tables_hist_p2022_12_29"
psql:run_vacuum_20March2023_11.sql:37: INFO:  launched 1 parallel vacuum worker for index cleanup (planned: 1)
psql:run_vacuum_20March2023_11.sql:37: INFO:  table "pg_stat_all_tables_hist_p2022_12_29": found 0 removable, 24652 nonremovable row versions in 1040 out of 16623 pages
DETAIL:  0 dead row versions cannot be removed yet, oldest xmin: 545416355
Skipped 0 pages due to buffer pins, 0 frozen pages.
CPU: user: 0.02 s, system: 0.01 s, elapsed: 0.06 s.
psql:run_vacuum_20March2023_11.sql:37: INFO:  analyzing "perfstat.pg_stat_all_tables_hist_p2022_12_29"
psql:run_vacuum_20March2023_11.sql:37: INFO:  "pg_stat_all_tables_hist_p2022_12_29": scanned 16623 of 16623 pages, containing 394320 live rows and 0 dead rows; 153600 rows in sample, 394320 estimated total rows
VACUUM
Time: 16037.634 ms (00:16.038)
psql:run_vacuum_20March2023_11.sql:38: INFO:  vacuuming "perfstat.dba_plans_hist_p2022_12_29"
psql:run_vacuum_20March2023_11.sql:38: INFO:  launched 3 parallel vacuum workers for index cleanup (planned: 3)
psql:run_vacuum_20March2023_11.sql:38: INFO:  table "dba_plans_hist_p2022_12_29": found 0 removable, 11424 nonremovable row versions in 2167 out of 33763 pages
DETAIL:  0 dead row versions cannot be removed yet, oldest xmin: 545416355
Skipped 0 pages due to buffer pins, 0 frozen pages.
CPU: user: 0.03 s, system: 0.03 s, elapsed: 0.11 s.
psql:run_vacuum_20March2023_11.sql:38: INFO:  vacuuming "pg_toast.pg_toast_1521755174"
psql:run_vacuum_20March2023_11.sql:38: INFO:  table "pg_toast_1521755174": found 0 removable, 60445 nonremovable row versions in 13065 out of 89047 pages
DETAIL:  0 dead row versions cannot be removed yet, oldest xmin: 545416355
Skipped 0 pages due to buffer pins, 0 frozen pages.
CPU: user: 0.13 s, system: 0.00 s, elapsed: 0.35 s.
psql:run_vacuum_20March2023_11.sql:38: INFO:  analyzing "perfstat.dba_plans_hist_p2022_12_29"
psql:run_vacuum_20March2023_11.sql:38: INFO:  "dba_plans_hist_p2022_12_29": scanned 33763 of 33763 pages, containing 178752 live rows and 0 dead rows; 153600 rows in sample, 178752 estimated total rows
VACUUM
Time: 42706.909 ms (00:42.707)
psql:run_vacuum_20March2023_11.sql:39: INFO:  vacuuming "perfstat.snap_p2022_12_29"
psql:run_vacuum_20March2023_11.sql:39: INFO:  table "snap_p2022_12_29": found 0 removable, 96 nonremovable row versions in 1 out of 1 pages
DETAIL:  0 dead row versions cannot be removed yet, oldest xmin: 545416355
Skipped 0 pages due to buffer pins, 0 frozen pages.
CPU: user: 0.00 s, system: 0.00 s, elapsed: 0.00 s.
psql:run_vacuum_20March2023_11.sql:39: INFO:  analyzing "perfstat.snap_p2022_12_29"
psql:run_vacuum_20March2023_11.sql:39: INFO:  "snap_p2022_12_29": scanned 1 of 1 pages, containing 96 live rows and 0 dead rows; 96 rows in sample, 96 estimated total rows
VACUUM
Time: 28.987 ms
psql:run_vacuum_20March2023_11.sql:40: INFO:  vacuuming "perfstat.pg_stat_statements_hist_p2022_12_29"
psql:run_vacuum_20March2023_11.sql:40: INFO:  launched 3 parallel vacuum workers for index cleanup (planned: 3)
psql:run_vacuum_20March2023_11.sql:40: INFO:  table "pg_stat_statements_hist_p2022_12_29": found 0 removable, 57255 nonremovable row versions in 4435 out of 33405 pages
DETAIL:  0 dead row versions cannot be removed yet, oldest xmin: 545416355
Skipped 0 pages due to buffer pins, 0 frozen pages.
CPU: user: 0.04 s, system: 0.04 s, elapsed: 0.16 s.
psql:run_vacuum_20March2023_11.sql:40: INFO:  vacuuming "pg_toast.pg_toast_1521755137"
psql:run_vacuum_20March2023_11.sql:40: INFO:  table "pg_toast_1521755137": found 0 removable, 0 nonremovable row versions in 0 out of 0 pages
DETAIL:  0 dead row versions cannot be removed yet, oldest xmin: 545416355
Skipped 0 pages due to buffer pins, 0 frozen pages.
CPU: user: 0.00 s, system: 0.00 s, elapsed: 0.00 s.
psql:run_vacuum_20March2023_11.sql:40: INFO:  analyzing "perfstat.pg_stat_statements_hist_p2022_12_29"
psql:run_vacuum_20March2023_11.sql:40: INFO:  "pg_stat_statements_hist_p2022_12_29": scanned 33405 of 33405 pages, containing 431461 live rows and 0 dead rows; 153600 rows in sample, 431461 estimated total rows
VACUUM
Time: 40745.054 ms (00:40.745)
psql:run_vacuum_20March2023_11.sql:41: INFO:  vacuuming "perfstat.pg_stat_activity_hist_p2022_12_29"
psql:run_vacuum_20March2023_11.sql:41: INFO:  launched 2 parallel vacuum workers for index cleanup (planned: 2)
psql:run_vacuum_20March2023_11.sql:41: INFO:  table "pg_stat_activity_hist_p2022_12_29": found 0 removable, 9251 nonremovable row versions in 372 out of 3575 pages
DETAIL:  0 dead row versions cannot be removed yet, oldest xmin: 545416355
Skipped 0 pages due to buffer pins, 0 frozen pages.
CPU: user: 0.00 s, system: 0.00 s, elapsed: 0.03 s.
psql:run_vacuum_20March2023_11.sql:41: INFO:  vacuuming "pg_toast.pg_toast_1521755148"
psql:run_vacuum_20March2023_11.sql:41: INFO:  table "pg_toast_1521755148": found 0 removable, 0 nonremovable row versions in 0 out of 0 pages
DETAIL:  0 dead row versions cannot be removed yet, oldest xmin: 545416355
Skipped 0 pages due to buffer pins, 0 frozen pages.
CPU: user: 0.00 s, system: 0.00 s, elapsed: 0.00 s.
psql:run_vacuum_20March2023_11.sql:41: INFO:  analyzing "perfstat.pg_stat_activity_hist_p2022_12_29"
psql:run_vacuum_20March2023_11.sql:41: INFO:  "pg_stat_activity_hist_p2022_12_29": scanned 3575 of 3575 pages, containing 88730 live rows and 0 dead rows; 88730 rows in sample, 88730 estimated total rows
VACUUM
Time: 3330.048 ms (00:03.330)
psql:run_vacuum_20March2023_11.sql:42: INFO:  vacuuming "perfstat.pg_stat_activity_sample_p2022_12_30"
psql:run_vacuum_20March2023_11.sql:42: INFO:  launched 1 parallel vacuum worker for index cleanup (planned: 1)
psql:run_vacuum_20March2023_11.sql:42: INFO:  table "pg_stat_activity_sample_p2022_12_30": found 0 removable, 174521 nonremovable row versions in 6744 out of 51615 pages
DETAIL:  0 dead row versions cannot be removed yet, oldest xmin: 545416355
Skipped 0 pages due to buffer pins, 0 frozen pages.
CPU: user: 0.10 s, system: 0.04 s, elapsed: 0.31 s.
psql:run_vacuum_20March2023_11.sql:42: INFO:  vacuuming "pg_toast.pg_toast_1522225611"
psql:run_vacuum_20March2023_11.sql:42: INFO:  table "pg_toast_1522225611": found 0 removable, 0 nonremovable row versions in 0 out of 0 pages
DETAIL:  0 dead row versions cannot be removed yet, oldest xmin: 545416355
Skipped 0 pages due to buffer pins, 0 frozen pages.
CPU: user: 0.00 s, system: 0.00 s, elapsed: 0.00 s.
psql:run_vacuum_20March2023_11.sql:42: INFO:  analyzing "perfstat.pg_stat_activity_sample_p2022_12_30"
psql:run_vacuum_20March2023_11.sql:42: INFO:  "pg_stat_activity_sample_p2022_12_30": scanned 51615 of 51615 pages, containing 1332926 live rows and 0 dead rows; 153600 rows in sample, 1332926 estimated total rows
VACUUM
Time: 50127.824 ms (00:50.128)
 pg_sleep 
----------
 
(1 row)

Time: 60079.708 ms (01:00.080)
psql:run_vacuum_20March2023_11.sql:44: INFO:  vacuuming "perfstat.pg_stat_statements_hist_p2022_12_30"
psql:run_vacuum_20March2023_11.sql:44: INFO:  launched 3 parallel vacuum workers for index cleanup (planned: 3)
psql:run_vacuum_20March2023_11.sql:44: INFO:  table "pg_stat_statements_hist_p2022_12_30": found 0 removable, 51676 nonremovable row versions in 4012 out of 33200 pages
DETAIL:  0 dead row versions cannot be removed yet, oldest xmin: 545416355
Skipped 0 pages due to buffer pins, 0 frozen pages.
CPU: user: 0.04 s, system: 0.04 s, elapsed: 0.16 s.
psql:run_vacuum_20March2023_11.sql:44: INFO:  vacuuming "pg_toast.pg_toast_1522225660"
psql:run_vacuum_20March2023_11.sql:44: INFO:  table "pg_toast_1522225660": found 0 removable, 1 nonremovable row versions in 1 out of 1 pages
DETAIL:  0 dead row versions cannot be removed yet, oldest xmin: 545416355
Skipped 0 pages due to buffer pins, 0 frozen pages.
CPU: user: 0.00 s, system: 0.00 s, elapsed: 0.00 s.
psql:run_vacuum_20March2023_11.sql:44: INFO:  analyzing "perfstat.pg_stat_statements_hist_p2022_12_30"
psql:run_vacuum_20March2023_11.sql:44: INFO:  "pg_stat_statements_hist_p2022_12_30": scanned 33200 of 33200 pages, containing 428669 live rows and 0 dead rows; 153600 rows in sample, 428669 estimated total rows
VACUUM
Time: 42082.524 ms (00:42.083)
psql:run_vacuum_20March2023_11.sql:45: INFO:  vacuuming "perfstat.snap_p2022_12_30"
psql:run_vacuum_20March2023_11.sql:45: INFO:  table "snap_p2022_12_30": found 0 removable, 96 nonremovable row versions in 1 out of 1 pages
DETAIL:  0 dead row versions cannot be removed yet, oldest xmin: 545416355
Skipped 0 pages due to buffer pins, 0 frozen pages.
CPU: user: 0.00 s, system: 0.00 s, elapsed: 0.00 s.
psql:run_vacuum_20March2023_11.sql:45: INFO:  analyzing "perfstat.snap_p2022_12_30"
psql:run_vacuum_20March2023_11.sql:45: INFO:  "snap_p2022_12_30": scanned 1 of 1 pages, containing 96 live rows and 0 dead rows; 96 rows in sample, 96 estimated total rows
VACUUM
Time: 28.092 ms
psql:run_vacuum_20March2023_11.sql:46: INFO:  vacuuming "perfstat.pg_stat_all_indexes_hist_p2022_12_30"
psql:run_vacuum_20March2023_11.sql:46: INFO:  launched 1 parallel vacuum worker for index cleanup (planned: 1)
psql:run_vacuum_20March2023_11.sql:46: INFO:  table "pg_stat_all_indexes_hist_p2022_12_30": found 0 removable, 20576 nonremovable row versions in 735 out of 35311 pages
DETAIL:  0 dead row versions cannot be removed yet, oldest xmin: 545416355
Skipped 0 pages due to buffer pins, 0 frozen pages.
CPU: user: 0.00 s, system: 0.04 s, elapsed: 0.07 s.
psql:run_vacuum_20March2023_11.sql:46: INFO:  analyzing "perfstat.pg_stat_all_indexes_hist_p2022_12_30"
psql:run_vacuum_20March2023_11.sql:46: INFO:  "pg_stat_all_indexes_hist_p2022_12_30": scanned 35311 of 35311 pages, containing 988704 live rows and 0 dead rows; 153600 rows in sample, 988704 estimated total rows
VACUUM
Time: 32987.516 ms (00:32.988)
psql:run_vacuum_20March2023_11.sql:47: INFO:  vacuuming "perfstat.dba_plans_hist_p2022_12_30"
psql:run_vacuum_20March2023_11.sql:47: INFO:  launched 3 parallel vacuum workers for index cleanup (planned: 3)
psql:run_vacuum_20March2023_11.sql:47: INFO:  table "dba_plans_hist_p2022_12_30": found 0 removable, 9538 nonremovable row versions in 1811 out of 33763 pages
DETAIL:  0 dead row versions cannot be removed yet, oldest xmin: 545416355
Skipped 0 pages due to buffer pins, 0 frozen pages.
CPU: user: 0.01 s, system: 0.04 s, elapsed: 0.10 s.
psql:run_vacuum_20March2023_11.sql:47: INFO:  vacuuming "pg_toast.pg_toast_1522225700"
psql:run_vacuum_20March2023_11.sql:47: INFO:  table "pg_toast_1522225700": found 0 removable, 64740 nonremovable row versions in 13993 out of 89047 pages
DETAIL:  0 dead row versions cannot be removed yet, oldest xmin: 545416355
Skipped 0 pages due to buffer pins, 0 frozen pages.
CPU: user: 0.14 s, system: 0.01 s, elapsed: 0.38 s.
psql:run_vacuum_20March2023_11.sql:47: INFO:  analyzing "perfstat.dba_plans_hist_p2022_12_30"
psql:run_vacuum_20March2023_11.sql:47: INFO:  "dba_plans_hist_p2022_12_30": scanned 33763 of 33763 pages, containing 178752 live rows and 0 dead rows; 153600 rows in sample, 178752 estimated total rows
VACUUM
Time: 39432.522 ms (00:39.433)
psql:run_vacuum_20March2023_11.sql:48: INFO:  vacuuming "perfstat.pg_stat_activity_hist_p2022_12_30"
psql:run_vacuum_20March2023_11.sql:48: INFO:  launched 2 parallel vacuum workers for index cleanup (planned: 2)
psql:run_vacuum_20March2023_11.sql:48: INFO:  table "pg_stat_activity_hist_p2022_12_30": found 0 removable, 8321 nonremovable row versions in 335 out of 3574 pages
DETAIL:  0 dead row versions cannot be removed yet, oldest xmin: 545416355
Skipped 0 pages due to buffer pins, 0 frozen pages.
CPU: user: 0.00 s, system: 0.00 s, elapsed: 0.02 s.
psql:run_vacuum_20March2023_11.sql:48: INFO:  vacuuming "pg_toast.pg_toast_1522225671"
psql:run_vacuum_20March2023_11.sql:48: INFO:  table "pg_toast_1522225671": found 0 removable, 0 nonremovable row versions in 0 out of 0 pages
DETAIL:  0 dead row versions cannot be removed yet, oldest xmin: 545416355
Skipped 0 pages due to buffer pins, 0 frozen pages.
CPU: user: 0.00 s, system: 0.00 s, elapsed: 0.00 s.
psql:run_vacuum_20March2023_11.sql:48: INFO:  analyzing "perfstat.pg_stat_activity_hist_p2022_12_30"
psql:run_vacuum_20March2023_11.sql:48: INFO:  "pg_stat_activity_hist_p2022_12_30": scanned 3574 of 3574 pages, containing 88820 live rows and 0 dead rows; 88820 rows in sample, 88820 estimated total rows
VACUUM
Time: 3342.756 ms (00:03.343)
psql:run_vacuum_20March2023_11.sql:49: INFO:  vacuuming "perfstat.pg_stat_all_tables_hist_p2022_12_30"
psql:run_vacuum_20March2023_11.sql:49: INFO:  launched 1 parallel vacuum worker for index cleanup (planned: 1)
psql:run_vacuum_20March2023_11.sql:49: INFO:  table "pg_stat_all_tables_hist_p2022_12_30": found 0 removable, 20538 nonremovable row versions in 866 out of 16609 pages
DETAIL:  0 dead row versions cannot be removed yet, oldest xmin: 545416355
Skipped 0 pages due to buffer pins, 0 frozen pages.
CPU: user: 0.01 s, system: 0.01 s, elapsed: 0.05 s.
psql:run_vacuum_20March2023_11.sql:49: INFO:  analyzing "perfstat.pg_stat_all_tables_hist_p2022_12_30"
psql:run_vacuum_20March2023_11.sql:49: INFO:  "pg_stat_all_tables_hist_p2022_12_30": scanned 16609 of 16609 pages, containing 394320 live rows and 0 dead rows; 153600 rows in sample, 394320 estimated total rows
VACUUM
Time: 15664.236 ms (00:15.664)
 pg_sleep 
----------
 
(1 row)

Time: 60101.190 ms (01:00.101)
psql:run_vacuum_20March2023_11.sql:51: INFO:  vacuuming "perfstat.pg_stat_database_hist_p2022_12_30"
psql:run_vacuum_20March2023_11.sql:51: INFO:  table "pg_stat_database_hist_p2022_12_30": found 0 removable, 96 nonremovable row versions in 4 out of 4 pages
DETAIL:  0 dead row versions cannot be removed yet, oldest xmin: 545416355
Skipped 0 pages due to buffer pins, 0 frozen pages.
CPU: user: 0.00 s, system: 0.00 s, elapsed: 0.00 s.
psql:run_vacuum_20March2023_11.sql:51: INFO:  analyzing "perfstat.pg_stat_database_hist_p2022_12_30"
psql:run_vacuum_20March2023_11.sql:51: INFO:  "pg_stat_database_hist_p2022_12_30": scanned 4 of 4 pages, containing 96 live rows and 0 dead rows; 96 rows in sample, 96 estimated total rows
VACUUM
Time: 25.233 ms
psql:run_vacuum_20March2023_11.sql:52: INFO:  vacuuming "perfstat.pg_stat_activity_sample_p2022_12_31"
psql:run_vacuum_20March2023_11.sql:52: INFO:  launched 1 parallel vacuum worker for index cleanup (planned: 1)
psql:run_vacuum_20March2023_11.sql:52: INFO:  table "pg_stat_activity_sample_p2022_12_31": found 0 removable, 178255 nonremovable row versions in 6886 out of 51745 pages
DETAIL:  0 dead row versions cannot be removed yet, oldest xmin: 545416355
Skipped 0 pages due to buffer pins, 0 frozen pages.
CPU: user: 0.08 s, system: 0.06 s, elapsed: 0.27 s.
psql:run_vacuum_20March2023_11.sql:52: INFO:  vacuuming "pg_toast.pg_toast_1522588456"
psql:run_vacuum_20March2023_11.sql:52: INFO:  table "pg_toast_1522588456": found 0 removable, 0 nonremovable row versions in 0 out of 0 pages
DETAIL:  0 dead row versions cannot be removed yet, oldest xmin: 545416355
Skipped 0 pages due to buffer pins, 0 frozen pages.
CPU: user: 0.00 s, system: 0.00 s, elapsed: 0.00 s.
psql:run_vacuum_20March2023_11.sql:52: INFO:  analyzing "perfstat.pg_stat_activity_sample_p2022_12_31"
psql:run_vacuum_20March2023_11.sql:52: INFO:  "pg_stat_activity_sample_p2022_12_31": scanned 51745 of 51745 pages, containing 1337619 live rows and 0 dead rows; 153600 rows in sample, 1337619 estimated total rows
VACUUM
Time: 48742.600 ms (00:48.743)
psql:run_vacuum_20March2023_11.sql:53: INFO:  vacuuming "perfstat.pg_stat_all_tables_hist_p2022_12_31"
psql:run_vacuum_20March2023_11.sql:53: INFO:  launched 1 parallel vacuum worker for index cleanup (planned: 1)
psql:run_vacuum_20March2023_11.sql:53: INFO:  table "pg_stat_all_tables_hist_p2022_12_31": found 0 removable, 24719 nonremovable row versions in 1042 out of 16609 pages
DETAIL:  0 dead row versions cannot be removed yet, oldest xmin: 545416355
Skipped 0 pages due to buffer pins, 0 frozen pages.
CPU: user: 0.02 s, system: 0.01 s, elapsed: 0.06 s.
psql:run_vacuum_20March2023_11.sql:53: INFO:  analyzing "perfstat.pg_stat_all_tables_hist_p2022_12_31"
psql:run_vacuum_20March2023_11.sql:53: INFO:  "pg_stat_all_tables_hist_p2022_12_31": scanned 16609 of 16609 pages, containing 394320 live rows and 0 dead rows; 153600 rows in sample, 394320 estimated total rows
VACUUM
Time: 16532.199 ms (00:16.532)
psql:run_vacuum_20March2023_11.sql:54: INFO:  vacuuming "perfstat.pg_stat_database_hist_p2022_12_31"
psql:run_vacuum_20March2023_11.sql:54: INFO:  table "pg_stat_database_hist_p2022_12_31": found 0 removable, 96 nonremovable row versions in 4 out of 4 pages
DETAIL:  0 dead row versions cannot be removed yet, oldest xmin: 545416355
Skipped 0 pages due to buffer pins, 0 frozen pages.
CPU: user: 0.00 s, system: 0.00 s, elapsed: 0.00 s.
psql:run_vacuum_20March2023_11.sql:54: INFO:  analyzing "perfstat.pg_stat_database_hist_p2022_12_31"
psql:run_vacuum_20March2023_11.sql:54: INFO:  "pg_stat_database_hist_p2022_12_31": scanned 4 of 4 pages, containing 96 live rows and 0 dead rows; 96 rows in sample, 96 estimated total rows
VACUUM
Time: 26.671 ms
psql:run_vacuum_20March2023_11.sql:55: INFO:  vacuuming "perfstat.pg_stat_activity_hist_p2022_12_31"
psql:run_vacuum_20March2023_11.sql:55: INFO:  launched 2 parallel vacuum workers for index cleanup (planned: 2)
psql:run_vacuum_20March2023_11.sql:55: INFO:  table "pg_stat_activity_hist_p2022_12_31": found 0 removable, 10280 nonremovable row versions in 413 out of 3586 pages
DETAIL:  0 dead row versions cannot be removed yet, oldest xmin: 545416355
Skipped 0 pages due to buffer pins, 0 frozen pages.
CPU: user: 0.00 s, system: 0.00 s, elapsed: 0.03 s.
psql:run_vacuum_20March2023_11.sql:55: INFO:  vacuuming "pg_toast.pg_toast_1522588503"
psql:run_vacuum_20March2023_11.sql:55: INFO:  table "pg_toast_1522588503": found 0 removable, 0 nonremovable row versions in 0 out of 0 pages
DETAIL:  0 dead row versions cannot be removed yet, oldest xmin: 545416355
Skipped 0 pages due to buffer pins, 0 frozen pages.
CPU: user: 0.00 s, system: 0.00 s, elapsed: 0.00 s.
psql:run_vacuum_20March2023_11.sql:55: INFO:  analyzing "perfstat.pg_stat_activity_hist_p2022_12_31"
psql:run_vacuum_20March2023_11.sql:55: INFO:  "pg_stat_activity_hist_p2022_12_31": scanned 3586 of 3586 pages, containing 89171 live rows and 0 dead rows; 89171 rows in sample, 89171 estimated total rows
VACUUM
Time: 3370.427 ms (00:03.370)
psql:run_vacuum_20March2023_11.sql:56: INFO:  vacuuming "perfstat.pg_stat_all_indexes_hist_p2022_12_31"
psql:run_vacuum_20March2023_11.sql:56: INFO:  launched 1 parallel vacuum worker for index cleanup (planned: 1)
psql:run_vacuum_20March2023_11.sql:56: INFO:  table "pg_stat_all_indexes_hist_p2022_12_31": found 0 removable, 30880 nonremovable row versions in 1103 out of 35311 pages
DETAIL:  0 dead row versions cannot be removed yet, oldest xmin: 545416355
Skipped 0 pages due to buffer pins, 0 frozen pages.
CPU: user: 0.02 s, system: 0.03 s, elapsed: 0.09 s.
psql:run_vacuum_20March2023_11.sql:56: INFO:  analyzing "perfstat.pg_stat_all_indexes_hist_p2022_12_31"
psql:run_vacuum_20March2023_11.sql:56: INFO:  "pg_stat_all_indexes_hist_p2022_12_31": scanned 35311 of 35311 pages, containing 988704 live rows and 0 dead rows; 153600 rows in sample, 988704 estimated total rows
VACUUM
Time: 31431.129 ms (00:31.431)
 pg_sleep 
----------
 
(1 row)

Time: 60091.955 ms (01:00.092)
psql:run_vacuum_20March2023_11.sql:58: INFO:  vacuuming "perfstat.dba_plans_hist_p2022_12_31"
psql:run_vacuum_20March2023_11.sql:58: INFO:  launched 3 parallel vacuum workers for index cleanup (planned: 3)
psql:run_vacuum_20March2023_11.sql:58: INFO:  table "dba_plans_hist_p2022_12_31": found 0 removable, 9538 nonremovable row versions in 1811 out of 33763 pages
DETAIL:  0 dead row versions cannot be removed yet, oldest xmin: 545416355
Skipped 0 pages due to buffer pins, 0 frozen pages.
CPU: user: 0.01 s, system: 0.04 s, elapsed: 0.12 s.
psql:run_vacuum_20March2023_11.sql:58: INFO:  vacuuming "pg_toast.pg_toast_1522588530"
psql:run_vacuum_20March2023_11.sql:58: INFO:  table "pg_toast_1522588530": found 0 removable, 60445 nonremovable row versions in 13065 out of 89047 pages
DETAIL:  0 dead row versions cannot be removed yet, oldest xmin: 545416355
Skipped 0 pages due to buffer pins, 0 frozen pages.
CPU: user: 0.13 s, system: 0.00 s, elapsed: 0.39 s.
psql:run_vacuum_20March2023_11.sql:58: INFO:  analyzing "perfstat.dba_plans_hist_p2022_12_31"
psql:run_vacuum_20March2023_11.sql:58: INFO:  "dba_plans_hist_p2022_12_31": scanned 33763 of 33763 pages, containing 178752 live rows and 0 dead rows; 153600 rows in sample, 178752 estimated total rows
VACUUM
Time: 43271.117 ms (00:43.271)
psql:run_vacuum_20March2023_11.sql:59: INFO:  vacuuming "perfstat.pg_stat_statements_hist_p2022_12_31"
psql:run_vacuum_20March2023_11.sql:59: INFO:  launched 3 parallel vacuum workers for index cleanup (planned: 3)
psql:run_vacuum_20March2023_11.sql:59: INFO:  table "pg_stat_statements_hist_p2022_12_31": found 0 removable, 22891 nonremovable row versions in 1783 out of 29806 pages
DETAIL:  0 dead row versions cannot be removed yet, oldest xmin: 545416355
Skipped 0 pages due to buffer pins, 0 frozen pages.
CPU: user: 0.02 s, system: 0.02 s, elapsed: 0.10 s.
psql:run_vacuum_20March2023_11.sql:59: INFO:  vacuuming "pg_toast.pg_toast_1522588492"
psql:run_vacuum_20March2023_11.sql:59: INFO:  table "pg_toast_1522588492": found 0 removable, 0 nonremovable row versions in 0 out of 0 pages
DETAIL:  0 dead row versions cannot be removed yet, oldest xmin: 545416355
Skipped 0 pages due to buffer pins, 0 frozen pages.
CPU: user: 0.00 s, system: 0.00 s, elapsed: 0.00 s.
psql:run_vacuum_20March2023_11.sql:59: INFO:  analyzing "perfstat.pg_stat_statements_hist_p2022_12_31"
psql:run_vacuum_20March2023_11.sql:59: INFO:  "pg_stat_statements_hist_p2022_12_31": scanned 29806 of 29806 pages, containing 383843 live rows and 0 dead rows; 153600 rows in sample, 383843 estimated total rows
VACUUM
Time: 36761.081 ms (00:36.761)
psql:run_vacuum_20March2023_11.sql:60: INFO:  vacuuming "perfstat.snap_p2022_12_31"
psql:run_vacuum_20March2023_11.sql:60: INFO:  table "snap_p2022_12_31": found 0 removable, 96 nonremovable row versions in 1 out of 1 pages
DETAIL:  0 dead row versions cannot be removed yet, oldest xmin: 545416355
Skipped 0 pages due to buffer pins, 0 frozen pages.
CPU: user: 0.00 s, system: 0.00 s, elapsed: 0.00 s.
psql:run_vacuum_20March2023_11.sql:60: INFO:  analyzing "perfstat.snap_p2022_12_31"
psql:run_vacuum_20March2023_11.sql:60: INFO:  "snap_p2022_12_31": scanned 1 of 1 pages, containing 96 live rows and 0 dead rows; 96 rows in sample, 96 estimated total rows
VACUUM
Time: 16.111 ms
psql:run_vacuum_20March2023_11.sql:61: INFO:  vacuuming "perfstat.pg_stat_activity_sample_p2023_01_01"
psql:run_vacuum_20March2023_11.sql:61: INFO:  launched 1 parallel vacuum worker for index cleanup (planned: 1)
psql:run_vacuum_20March2023_11.sql:61: INFO:  table "pg_stat_activity_sample_p2023_01_01": found 0 removable, 178552 nonremovable row versions in 6908 out of 52223 pages
DETAIL:  0 dead row versions cannot be removed yet, oldest xmin: 545416355
Skipped 0 pages due to buffer pins, 0 frozen pages.
CPU: user: 0.08 s, system: 0.06 s, elapsed: 0.26 s.
psql:run_vacuum_20March2023_11.sql:61: INFO:  vacuuming "pg_toast.pg_toast_1522860248"
psql:run_vacuum_20March2023_11.sql:61: INFO:  table "pg_toast_1522860248": found 0 removable, 0 nonremovable row versions in 0 out of 0 pages
DETAIL:  0 dead row versions cannot be removed yet, oldest xmin: 545416355
Skipped 0 pages due to buffer pins, 0 frozen pages.
CPU: user: 0.00 s, system: 0.00 s, elapsed: 0.00 s.
psql:run_vacuum_20March2023_11.sql:61: INFO:  analyzing "perfstat.pg_stat_activity_sample_p2023_01_01"
psql:run_vacuum_20March2023_11.sql:61: INFO:  "pg_stat_activity_sample_p2023_01_01": scanned 52223 of 52223 pages, containing 1351140 live rows and 0 dead rows; 153600 rows in sample, 1351140 estimated total rows
VACUUM
Time: 50697.514 ms (00:50.698)
psql:run_vacuum_20March2023_11.sql:62: INFO:  vacuuming "perfstat.pg_stat_all_tables_hist_p2023_01_01"
psql:run_vacuum_20March2023_11.sql:62: INFO:  launched 1 parallel vacuum worker for index cleanup (planned: 1)
psql:run_vacuum_20March2023_11.sql:62: INFO:  table "pg_stat_all_tables_hist_p2023_01_01": found 0 removable, 20536 nonremovable row versions in 866 out of 16629 pages
DETAIL:  0 dead row versions cannot be removed yet, oldest xmin: 545416355
Skipped 0 pages due to buffer pins, 0 frozen pages.
CPU: user: 0.01 s, system: 0.01 s, elapsed: 0.05 s.
psql:run_vacuum_20March2023_11.sql:62: INFO:  analyzing "perfstat.pg_stat_all_tables_hist_p2023_01_01"
psql:run_vacuum_20March2023_11.sql:62: INFO:  "pg_stat_all_tables_hist_p2023_01_01": scanned 16629 of 16629 pages, containing 394320 live rows and 0 dead rows; 153600 rows in sample, 394320 estimated total rows
VACUUM
Time: 16519.025 ms (00:16.519)
 pg_sleep 
----------
 
(1 row)

Time: 60101.222 ms (01:00.101)
psql:run_vacuum_20March2023_11.sql:64: INFO:  vacuuming "perfstat.pg_stat_database_hist_p2023_01_01"
psql:run_vacuum_20March2023_11.sql:64: INFO:  table "pg_stat_database_hist_p2023_01_01": found 0 removable, 96 nonremovable row versions in 4 out of 4 pages
DETAIL:  0 dead row versions cannot be removed yet, oldest xmin: 545416355
Skipped 0 pages due to buffer pins, 0 frozen pages.
CPU: user: 0.00 s, system: 0.00 s, elapsed: 0.00 s.
psql:run_vacuum_20March2023_11.sql:64: INFO:  analyzing "perfstat.pg_stat_database_hist_p2023_01_01"
psql:run_vacuum_20March2023_11.sql:64: INFO:  "pg_stat_database_hist_p2023_01_01": scanned 4 of 4 pages, containing 96 live rows and 0 dead rows; 96 rows in sample, 96 estimated total rows
VACUUM
Time: 36.779 ms
psql:run_vacuum_20March2023_11.sql:65: INFO:  vacuuming "perfstat.snap_p2023_01_01"
psql:run_vacuum_20March2023_11.sql:65: INFO:  table "snap_p2023_01_01": found 0 removable, 96 nonremovable row versions in 1 out of 1 pages
DETAIL:  0 dead row versions cannot be removed yet, oldest xmin: 545416355
Skipped 0 pages due to buffer pins, 0 frozen pages.
CPU: user: 0.00 s, system: 0.00 s, elapsed: 0.00 s.
psql:run_vacuum_20March2023_11.sql:65: INFO:  analyzing "perfstat.snap_p2023_01_01"
psql:run_vacuum_20March2023_11.sql:65: INFO:  "snap_p2023_01_01": scanned 1 of 1 pages, containing 96 live rows and 0 dead rows; 96 rows in sample, 96 estimated total rows
VACUUM
Time: 18.133 ms
psql:run_vacuum_20March2023_11.sql:66: INFO:  vacuuming "perfstat.pg_stat_activity_hist_p2023_01_01"
psql:run_vacuum_20March2023_11.sql:66: INFO:  launched 2 parallel vacuum workers for index cleanup (planned: 2)
psql:run_vacuum_20March2023_11.sql:66: INFO:  table "pg_stat_activity_hist_p2023_01_01": found 0 removable, 11347 nonremovable row versions in 456 out of 3618 pages
DETAIL:  0 dead row versions cannot be removed yet, oldest xmin: 545416355
Skipped 0 pages due to buffer pins, 0 frozen pages.
CPU: user: 0.00 s, system: 0.00 s, elapsed: 0.03 s.
psql:run_vacuum_20March2023_11.sql:66: INFO:  vacuuming "pg_toast.pg_toast_1522860291"
psql:run_vacuum_20March2023_11.sql:66: INFO:  table "pg_toast_1522860291": found 0 removable, 0 nonremovable row versions in 0 out of 0 pages
DETAIL:  0 dead row versions cannot be removed yet, oldest xmin: 545416355
Skipped 0 pages due to buffer pins, 0 frozen pages.
CPU: user: 0.00 s, system: 0.00 s, elapsed: 0.00 s.
psql:run_vacuum_20March2023_11.sql:66: INFO:  analyzing "perfstat.pg_stat_activity_hist_p2023_01_01"
psql:run_vacuum_20March2023_11.sql:66: INFO:  "pg_stat_activity_hist_p2023_01_01": scanned 3618 of 3618 pages, containing 90065 live rows and 0 dead rows; 90065 rows in sample, 90065 estimated total rows
VACUUM
Time: 3422.413 ms (00:03.422)
psql:run_vacuum_20March2023_11.sql:67: INFO:  vacuuming "perfstat.pg_stat_statements_hist_p2023_01_01"
psql:run_vacuum_20March2023_11.sql:67: INFO:  launched 3 parallel vacuum workers for index cleanup (planned: 3)
psql:run_vacuum_20March2023_11.sql:67: INFO:  table "pg_stat_statements_hist_p2023_01_01": found 0 removable, 36764 nonremovable row versions in 2974 out of 19472 pages
DETAIL:  0 dead row versions cannot be removed yet, oldest xmin: 545416355
Skipped 0 pages due to buffer pins, 0 frozen pages.
CPU: user: 0.03 s, system: 0.01 s, elapsed: 0.12 s.
psql:run_vacuum_20March2023_11.sql:67: INFO:  vacuuming "pg_toast.pg_toast_1522860281"
psql:run_vacuum_20March2023_11.sql:67: INFO:  table "pg_toast_1522860281": found 0 removable, 0 nonremovable row versions in 0 out of 0 pages
DETAIL:  0 dead row versions cannot be removed yet, oldest xmin: 545416355
Skipped 0 pages due to buffer pins, 0 frozen pages.
CPU: user: 0.00 s, system: 0.00 s, elapsed: 0.00 s.
psql:run_vacuum_20March2023_11.sql:67: INFO:  analyzing "perfstat.pg_stat_statements_hist_p2023_01_01"
psql:run_vacuum_20March2023_11.sql:67: INFO:  "pg_stat_statements_hist_p2023_01_01": scanned 19472 of 19472 pages, containing 247412 live rows and 0 dead rows; 153600 rows in sample, 247412 estimated total rows
VACUUM
Time: 25678.494 ms (00:25.678)
psql:run_vacuum_20March2023_11.sql:68: INFO:  vacuuming "perfstat.pg_stat_all_indexes_hist_p2023_01_01"
psql:run_vacuum_20March2023_11.sql:68: INFO:  launched 1 parallel vacuum worker for index cleanup (planned: 1)
psql:run_vacuum_20March2023_11.sql:68: INFO:  table "pg_stat_all_indexes_hist_p2023_01_01": found 0 removable, 20576 nonremovable row versions in 735 out of 35311 pages
DETAIL:  0 dead row versions cannot be removed yet, oldest xmin: 545416355
Skipped 0 pages due to buffer pins, 0 frozen pages.
CPU: user: 0.01 s, system: 0.03 s, elapsed: 0.07 s.
psql:run_vacuum_20March2023_11.sql:68: INFO:  analyzing "perfstat.pg_stat_all_indexes_hist_p2023_01_01"
psql:run_vacuum_20March2023_11.sql:68: INFO:  "pg_stat_all_indexes_hist_p2023_01_01": scanned 35311 of 35311 pages, containing 988704 live rows and 0 dead rows; 153600 rows in sample, 988704 estimated total rows
VACUUM
Time: 31442.047 ms (00:31.442)
psql:run_vacuum_20March2023_11.sql:69: INFO:  vacuuming "perfstat.dba_plans_hist_p2023_01_01"
psql:run_vacuum_20March2023_11.sql:69: INFO:  launched 3 parallel vacuum workers for index cleanup (planned: 3)
psql:run_vacuum_20March2023_11.sql:69: INFO:  table "dba_plans_hist_p2023_01_01": found 0 removable, 9538 nonremovable row versions in 1811 out of 33763 pages
DETAIL:  0 dead row versions cannot be removed yet, oldest xmin: 545416355
Skipped 0 pages due to buffer pins, 0 frozen pages.
CPU: user: 0.03 s, system: 0.02 s, elapsed: 0.10 s.
psql:run_vacuum_20March2023_11.sql:69: INFO:  vacuuming "pg_toast.pg_toast_1522860315"
psql:run_vacuum_20March2023_11.sql:69: INFO:  table "pg_toast_1522860315": found 0 removable, 60445 nonremovable row versions in 13065 out of 89047 pages
DETAIL:  0 dead row versions cannot be removed yet, oldest xmin: 545416355
Skipped 0 pages due to buffer pins, 0 frozen pages.
CPU: user: 0.11 s, system: 0.01 s, elapsed: 0.34 s.
psql:run_vacuum_20March2023_11.sql:69: INFO:  analyzing "perfstat.dba_plans_hist_p2023_01_01"
psql:run_vacuum_20March2023_11.sql:69: INFO:  "dba_plans_hist_p2023_01_01": scanned 33763 of 33763 pages, containing 178752 live rows and 0 dead rows; 153600 rows in sample, 178752 estimated total rows
VACUUM
Time: 41191.736 ms (00:41.192)
