Timing is on.
SET
Time: 1.130 ms
psql:run_vacuum_09Jan_6.sql:3: INFO:  aggressively vacuuming "ibobadm.psp_source_system_transmission_m102011_from_as400"
psql:run_vacuum_09Jan_6.sql:3: INFO:  table "psp_source_system_transmission_m102011_from_as400": found 0 removable, 0 nonremovable row versions in 0 out of 0 pages
DETAIL:  0 dead row versions cannot be removed yet, oldest xmin: 419669217
Skipped 0 pages due to buffer pins, 0 frozen pages.
CPU: user: 0.00 s, system: 0.00 s, elapsed: 0.00 s.
psql:run_vacuum_09Jan_6.sql:3: INFO:  aggressively vacuuming "pg_toast.pg_toast_568050587"
psql:run_vacuum_09Jan_6.sql:3: INFO:  table "pg_toast_568050587": found 0 removable, 0 nonremovable row versions in 0 out of 0 pages
DETAIL:  0 dead row versions cannot be removed yet, oldest xmin: 419669217
Skipped 0 pages due to buffer pins, 0 frozen pages.
CPU: user: 0.00 s, system: 0.00 s, elapsed: 0.00 s.
psql:run_vacuum_09Jan_6.sql:3: INFO:  analyzing "ibobadm.psp_source_system_transmission_m102011_from_as400"
psql:run_vacuum_09Jan_6.sql:3: INFO:  "psp_source_system_transmission_m102011_from_as400": scanned 0 of 0 pages, containing 0 live rows and 0 dead rows; 0 rows in sample, 0 estimated total rows
VACUUM
Time: 10.814 ms
psql:run_vacuum_09Jan_6.sql:4: INFO:  aggressively vacuuming "ibobadm.psp_source_system_transmission_m072011_from_psp"
psql:run_vacuum_09Jan_6.sql:4: INFO:  launched 3 parallel vacuum workers for index cleanup (planned: 3)
psql:run_vacuum_09Jan_6.sql:4: INFO:  table "psp_source_system_transmission_m072011_from_psp": found 0 removable, 69375 nonremovable row versions in 5777 out of 5777 pages
DETAIL:  0 dead row versions cannot be removed yet, oldest xmin: 419669217
Skipped 0 pages due to buffer pins, 0 frozen pages.
CPU: user: 0.12 s, system: 0.01 s, elapsed: 0.21 s.
psql:run_vacuum_09Jan_6.sql:4: INFO:  aggressively vacuuming "pg_toast.pg_toast_568048149"
psql:run_vacuum_09Jan_6.sql:4: INFO:  table "pg_toast_568048149": found 0 removable, 0 nonremovable row versions in 0 out of 0 pages
DETAIL:  0 dead row versions cannot be removed yet, oldest xmin: 419669217
Skipped 0 pages due to buffer pins, 0 frozen pages.
CPU: user: 0.00 s, system: 0.00 s, elapsed: 0.00 s.
psql:run_vacuum_09Jan_6.sql:4: INFO:  analyzing "ibobadm.psp_source_system_transmission_m072011_from_psp"
psql:run_vacuum_09Jan_6.sql:4: INFO:  "psp_source_system_transmission_m072011_from_psp": scanned 5777 of 5777 pages, containing 69375 live rows and 0 dead rows; 69375 rows in sample, 69375 estimated total rows
VACUUM
Time: 3531.978 ms (00:03.532)
psql:run_vacuum_09Jan_6.sql:5: INFO:  aggressively vacuuming "ibobadm.psp_source_system_transmission_m012014_from_psp"
psql:run_vacuum_09Jan_6.sql:5: INFO:  launched 4 parallel vacuum workers for index cleanup (planned: 4)
psql:run_vacuum_09Jan_6.sql:5: INFO:  table "psp_source_system_transmission_m012014_from_psp": found 0 removable, 698787 nonremovable row versions in 88325 out of 88325 pages
DETAIL:  0 dead row versions cannot be removed yet, oldest xmin: 419669224
Skipped 0 pages due to buffer pins, 0 frozen pages.
CPU: user: 1.75 s, system: 0.10 s, elapsed: 3.01 s.
psql:run_vacuum_09Jan_6.sql:5: INFO:  aggressively vacuuming "pg_toast.pg_toast_568043630"
psql:run_vacuum_09Jan_6.sql:5: INFO:  table "pg_toast_568043630": found 0 removable, 965195 nonremovable row versions in 198316 out of 198316 pages
DETAIL:  0 dead row versions cannot be removed yet, oldest xmin: 419669235
Skipped 0 pages due to buffer pins, 0 frozen pages.
CPU: user: 1.81 s, system: 0.03 s, elapsed: 4.66 s.
psql:run_vacuum_09Jan_6.sql:5: INFO:  analyzing "ibobadm.psp_source_system_transmission_m012014_from_psp"
psql:run_vacuum_09Jan_6.sql:5: INFO:  "psp_source_system_transmission_m012014_from_psp": scanned 88325 of 88325 pages, containing 698787 live rows and 0 dead rows; 153600 rows in sample, 698787 estimated total rows
VACUUM
Time: 24495.251 ms (00:24.495)
psql:run_vacuum_09Jan_6.sql:6: INFO:  aggressively vacuuming "ibobadm.psp_source_system_transmission_m012014_from_cris"
psql:run_vacuum_09Jan_6.sql:6: INFO:  table "psp_source_system_transmission_m012014_from_cris": found 0 removable, 0 nonremovable row versions in 0 out of 0 pages
DETAIL:  0 dead row versions cannot be removed yet, oldest xmin: 419669277
Skipped 0 pages due to buffer pins, 0 frozen pages.
CPU: user: 0.00 s, system: 0.00 s, elapsed: 0.00 s.
psql:run_vacuum_09Jan_6.sql:6: INFO:  aggressively vacuuming "pg_toast.pg_toast_568043594"
psql:run_vacuum_09Jan_6.sql:6: INFO:  table "pg_toast_568043594": found 0 removable, 0 nonremovable row versions in 0 out of 0 pages
DETAIL:  0 dead row versions cannot be removed yet, oldest xmin: 419669277
Skipped 0 pages due to buffer pins, 0 frozen pages.
CPU: user: 0.00 s, system: 0.00 s, elapsed: 0.00 s.
psql:run_vacuum_09Jan_6.sql:6: INFO:  analyzing "ibobadm.psp_source_system_transmission_m012014_from_cris"
psql:run_vacuum_09Jan_6.sql:6: INFO:  "psp_source_system_transmission_m012014_from_cris": scanned 0 of 0 pages, containing 0 live rows and 0 dead rows; 0 rows in sample, 0 estimated total rows
VACUUM
Time: 20.476 ms
psql:run_vacuum_09Jan_6.sql:7: INFO:  aggressively vacuuming "ibobadm.psp_source_system_transmission_m012014_from_dflt"
psql:run_vacuum_09Jan_6.sql:7: INFO:  table "psp_source_system_transmission_m012014_from_dflt": found 0 removable, 0 nonremovable row versions in 0 out of 0 pages
DETAIL:  0 dead row versions cannot be removed yet, oldest xmin: 419669277
Skipped 0 pages due to buffer pins, 0 frozen pages.
CPU: user: 0.00 s, system: 0.00 s, elapsed: 0.00 s.
psql:run_vacuum_09Jan_6.sql:7: INFO:  aggressively vacuuming "pg_toast.pg_toast_568043603"
psql:run_vacuum_09Jan_6.sql:7: INFO:  table "pg_toast_568043603": found 0 removable, 0 nonremovable row versions in 0 out of 0 pages
DETAIL:  0 dead row versions cannot be removed yet, oldest xmin: 419669277
Skipped 0 pages due to buffer pins, 0 frozen pages.
CPU: user: 0.00 s, system: 0.00 s, elapsed: 0.00 s.
psql:run_vacuum_09Jan_6.sql:7: INFO:  analyzing "ibobadm.psp_source_system_transmission_m012014_from_dflt"
psql:run_vacuum_09Jan_6.sql:7: INFO:  "psp_source_system_transmission_m012014_from_dflt": scanned 0 of 0 pages, containing 0 live rows and 0 dead rows; 0 rows in sample, 0 estimated total rows
VACUUM
Time: 9.688 ms
psql:run_vacuum_09Jan_6.sql:8: INFO:  aggressively vacuuming "ibobadm.psp_source_system_transmission_m012014_from_ews"
psql:run_vacuum_09Jan_6.sql:8: INFO:  launched 4 parallel vacuum workers for index cleanup (planned: 4)
psql:run_vacuum_09Jan_6.sql:8: INFO:  table "psp_source_system_transmission_m012014_from_ews": found 0 removable, 171848 nonremovable row versions in 31771 out of 31771 pages
DETAIL:  0 dead row versions cannot be removed yet, oldest xmin: 419669277
Skipped 0 pages due to buffer pins, 0 frozen pages.
CPU: user: 0.62 s, system: 0.04 s, elapsed: 1.19 s.
psql:run_vacuum_09Jan_6.sql:8: INFO:  aggressively vacuuming "pg_toast.pg_toast_568043612"
psql:run_vacuum_09Jan_6.sql:8: INFO:  table "pg_toast_568043612": found 0 removable, 61333 nonremovable row versions in 8763 out of 8763 pages
DETAIL:  0 dead row versions cannot be removed yet, oldest xmin: 419669277
Skipped 0 pages due to buffer pins, 0 frozen pages.
CPU: user: 0.07 s, system: 0.00 s, elapsed: 0.20 s.
psql:run_vacuum_09Jan_6.sql:8: INFO:  analyzing "ibobadm.psp_source_system_transmission_m012014_from_ews"
psql:run_vacuum_09Jan_6.sql:8: INFO:  "psp_source_system_transmission_m012014_from_ews": scanned 31771 of 31771 pages, containing 171848 live rows and 0 dead rows; 153600 rows in sample, 171848 estimated total rows
VACUUM
Time: 6589.922 ms (00:06.590)
psql:run_vacuum_09Jan_6.sql:9: INFO:  aggressively vacuuming "ibobadm.psp_source_system_transmission_m042011_from_dflt"
psql:run_vacuum_09Jan_6.sql:9: INFO:  table "psp_source_system_transmission_m042011_from_dflt": found 0 removable, 0 nonremovable row versions in 0 out of 0 pages
DETAIL:  0 dead row versions cannot be removed yet, oldest xmin: 419669305
Skipped 0 pages due to buffer pins, 0 frozen pages.
CPU: user: 0.00 s, system: 0.00 s, elapsed: 0.00 s.
psql:run_vacuum_09Jan_6.sql:9: INFO:  aggressively vacuuming "pg_toast.pg_toast_568045752"
psql:run_vacuum_09Jan_6.sql:9: INFO:  table "pg_toast_568045752": found 0 removable, 0 nonremovable row versions in 0 out of 0 pages
DETAIL:  0 dead row versions cannot be removed yet, oldest xmin: 419669305
Skipped 0 pages due to buffer pins, 0 frozen pages.
CPU: user: 0.00 s, system: 0.00 s, elapsed: 0.00 s.
psql:run_vacuum_09Jan_6.sql:9: INFO:  analyzing "ibobadm.psp_source_system_transmission_m042011_from_dflt"
psql:run_vacuum_09Jan_6.sql:9: INFO:  "psp_source_system_transmission_m042011_from_dflt": scanned 0 of 0 pages, containing 0 live rows and 0 dead rows; 0 rows in sample, 0 estimated total rows
VACUUM
Time: 20.971 ms
psql:run_vacuum_09Jan_6.sql:10: INFO:  aggressively vacuuming "ibobadm.psp_source_system_transmission_m042011_from_ews"
psql:run_vacuum_09Jan_6.sql:10: INFO:  launched 3 parallel vacuum workers for index cleanup (planned: 3)
psql:run_vacuum_09Jan_6.sql:10: INFO:  table "psp_source_system_transmission_m042011_from_ews": found 0 removable, 28495 nonremovable row versions in 5170 out of 5170 pages
DETAIL:  0 dead row versions cannot be removed yet, oldest xmin: 419669305
Skipped 0 pages due to buffer pins, 0 frozen pages.
CPU: user: 0.10 s, system: 0.01 s, elapsed: 0.19 s.
psql:run_vacuum_09Jan_6.sql:10: INFO:  aggressively vacuuming "pg_toast.pg_toast_568045761"
psql:run_vacuum_09Jan_6.sql:10: INFO:  table "pg_toast_568045761": found 0 removable, 3 nonremovable row versions in 1 out of 1 pages
DETAIL:  0 dead row versions cannot be removed yet, oldest xmin: 419669305
Skipped 0 pages due to buffer pins, 0 frozen pages.
CPU: user: 0.00 s, system: 0.00 s, elapsed: 0.00 s.
psql:run_vacuum_09Jan_6.sql:10: INFO:  analyzing "ibobadm.psp_source_system_transmission_m042011_from_ews"
psql:run_vacuum_09Jan_6.sql:10: INFO:  "psp_source_system_transmission_m042011_from_ews": scanned 5170 of 5170 pages, containing 28495 live rows and 0 dead rows; 28495 rows in sample, 28495 estimated total rows
VACUUM
Time: 2427.026 ms (00:02.427)
psql:run_vacuum_09Jan_6.sql:11: INFO:  aggressively vacuuming "ibobadm.psp_source_system_transmission_m042011_from_null"
psql:run_vacuum_09Jan_6.sql:11: INFO:  table "psp_source_system_transmission_m042011_from_null": found 0 removable, 0 nonremovable row versions in 0 out of 0 pages
DETAIL:  0 dead row versions cannot be removed yet, oldest xmin: 419669318
Skipped 0 pages due to buffer pins, 0 frozen pages.
CPU: user: 0.00 s, system: 0.00 s, elapsed: 0.00 s.
psql:run_vacuum_09Jan_6.sql:11: INFO:  aggressively vacuuming "pg_toast.pg_toast_568045769"
psql:run_vacuum_09Jan_6.sql:11: INFO:  table "pg_toast_568045769": found 0 removable, 0 nonremovable row versions in 0 out of 0 pages
DETAIL:  0 dead row versions cannot be removed yet, oldest xmin: 419669318
Skipped 0 pages due to buffer pins, 0 frozen pages.
CPU: user: 0.00 s, system: 0.00 s, elapsed: 0.00 s.
psql:run_vacuum_09Jan_6.sql:11: INFO:  analyzing "ibobadm.psp_source_system_transmission_m042011_from_null"
psql:run_vacuum_09Jan_6.sql:11: INFO:  "psp_source_system_transmission_m042011_from_null": scanned 0 of 0 pages, containing 0 live rows and 0 dead rows; 0 rows in sample, 0 estimated total rows
VACUUM
Time: 20.679 ms
psql:run_vacuum_09Jan_6.sql:12: INFO:  aggressively vacuuming "ibobadm.psp_source_system_transmission_m042011_from_psp"
psql:run_vacuum_09Jan_6.sql:12: INFO:  launched 4 parallel vacuum workers for index cleanup (planned: 4)
psql:run_vacuum_09Jan_6.sql:12: INFO:  table "psp_source_system_transmission_m042011_from_psp": found 0 removable, 72720 nonremovable row versions in 6061 out of 6061 pages
DETAIL:  0 dead row versions cannot be removed yet, oldest xmin: 419669318
Skipped 0 pages due to buffer pins, 0 frozen pages.
CPU: user: 0.12 s, system: 0.01 s, elapsed: 0.24 s.
psql:run_vacuum_09Jan_6.sql:12: INFO:  aggressively vacuuming "pg_toast.pg_toast_568045777"
psql:run_vacuum_09Jan_6.sql:12: INFO:  table "pg_toast_568045777": found 0 removable, 0 nonremovable row versions in 0 out of 0 pages
DETAIL:  0 dead row versions cannot be removed yet, oldest xmin: 419669318
Skipped 0 pages due to buffer pins, 0 frozen pages.
CPU: user: 0.00 s, system: 0.00 s, elapsed: 0.00 s.
psql:run_vacuum_09Jan_6.sql:12: INFO:  analyzing "ibobadm.psp_source_system_transmission_m042011_from_psp"
psql:run_vacuum_09Jan_6.sql:12: INFO:  "psp_source_system_transmission_m042011_from_psp": scanned 6061 of 6061 pages, containing 72720 live rows and 0 dead rows; 72720 rows in sample, 72720 estimated total rows
VACUUM
Time: 3733.850 ms (00:03.734)
 pg_sleep 
----------
 
(1 row)

Time: 60102.250 ms (01:00.102)
psql:run_vacuum_09Jan_6.sql:14: INFO:  aggressively vacuuming "ibobadm.psp_source_system_transmission_m042011_from_qbdt"
psql:run_vacuum_09Jan_6.sql:14: INFO:  launched 4 parallel vacuum workers for index cleanup (planned: 4)
psql:run_vacuum_09Jan_6.sql:14: INFO:  table "psp_source_system_transmission_m042011_from_qbdt": found 0 removable, 1113659 nonremovable row versions in 185221 out of 185221 pages
DETAIL:  0 dead row versions cannot be removed yet, oldest xmin: 419669525
Skipped 0 pages due to buffer pins, 0 frozen pages.
CPU: user: 3.86 s, system: 0.19 s, elapsed: 6.57 s.
psql:run_vacuum_09Jan_6.sql:14: INFO:  aggressively vacuuming "pg_toast.pg_toast_568045786"
psql:run_vacuum_09Jan_6.sql:14: INFO:  table "pg_toast_568045786": found 0 removable, 1142479 nonremovable row versions in 260969 out of 260969 pages
DETAIL:  0 dead row versions cannot be removed yet, oldest xmin: 419669552
Skipped 0 pages due to buffer pins, 0 frozen pages.
CPU: user: 2.48 s, system: 0.00 s, elapsed: 6.02 s.
psql:run_vacuum_09Jan_6.sql:14: INFO:  analyzing "ibobadm.psp_source_system_transmission_m042011_from_qbdt"
psql:run_vacuum_09Jan_6.sql:14: INFO:  "psp_source_system_transmission_m042011_from_qbdt": scanned 153600 of 185221 pages, containing 923468 live rows and 0 dead rows; 153600 rows in sample, 1113579 estimated total rows
VACUUM
Time: 19737.123 ms (00:19.737)
psql:run_vacuum_09Jan_6.sql:15: INFO:  aggressively vacuuming "ibobadm.psp_source_system_transmission_m052011_from_ews"
psql:run_vacuum_09Jan_6.sql:15: INFO:  launched 3 parallel vacuum workers for index cleanup (planned: 3)
psql:run_vacuum_09Jan_6.sql:15: INFO:  table "psp_source_system_transmission_m052011_from_ews": found 0 removable, 28312 nonremovable row versions in 5144 out of 5144 pages
DETAIL:  0 dead row versions cannot be removed yet, oldest xmin: 419669593
Skipped 0 pages due to buffer pins, 0 frozen pages.
CPU: user: 0.10 s, system: 0.00 s, elapsed: 0.20 s.
psql:run_vacuum_09Jan_6.sql:15: INFO:  aggressively vacuuming "pg_toast.pg_toast_568046546"
psql:run_vacuum_09Jan_6.sql:15: INFO:  table "pg_toast_568046546": found 0 removable, 24 nonremovable row versions in 5 out of 5 pages
DETAIL:  0 dead row versions cannot be removed yet, oldest xmin: 419669593
Skipped 0 pages due to buffer pins, 0 frozen pages.
CPU: user: 0.00 s, system: 0.00 s, elapsed: 0.00 s.
psql:run_vacuum_09Jan_6.sql:15: INFO:  analyzing "ibobadm.psp_source_system_transmission_m052011_from_ews"
psql:run_vacuum_09Jan_6.sql:15: INFO:  "psp_source_system_transmission_m052011_from_ews": scanned 5144 of 5144 pages, containing 28312 live rows and 0 dead rows; 28312 rows in sample, 28312 estimated total rows
VACUUM
Time: 2405.370 ms (00:02.405)
psql:run_vacuum_09Jan_6.sql:16: INFO:  aggressively vacuuming "ibobadm.psp_source_system_transmission_m052011_from_null"
psql:run_vacuum_09Jan_6.sql:16: INFO:  table "psp_source_system_transmission_m052011_from_null": found 0 removable, 0 nonremovable row versions in 0 out of 0 pages
DETAIL:  0 dead row versions cannot be removed yet, oldest xmin: 419669593
Skipped 0 pages due to buffer pins, 0 frozen pages.
CPU: user: 0.00 s, system: 0.00 s, elapsed: 0.00 s.
psql:run_vacuum_09Jan_6.sql:16: INFO:  aggressively vacuuming "pg_toast.pg_toast_568046553"
psql:run_vacuum_09Jan_6.sql:16: INFO:  table "pg_toast_568046553": found 0 removable, 0 nonremovable row versions in 0 out of 0 pages
DETAIL:  0 dead row versions cannot be removed yet, oldest xmin: 419669593
Skipped 0 pages due to buffer pins, 0 frozen pages.
CPU: user: 0.00 s, system: 0.00 s, elapsed: 0.00 s.
psql:run_vacuum_09Jan_6.sql:16: INFO:  analyzing "ibobadm.psp_source_system_transmission_m052011_from_null"
psql:run_vacuum_09Jan_6.sql:16: INFO:  "psp_source_system_transmission_m052011_from_null": scanned 0 of 0 pages, containing 0 live rows and 0 dead rows; 0 rows in sample, 0 estimated total rows
VACUUM
Time: 20.405 ms
psql:run_vacuum_09Jan_6.sql:17: INFO:  aggressively vacuuming "ibobadm.psp_source_system_transmission_m052011_from_psp"
psql:run_vacuum_09Jan_6.sql:17: INFO:  launched 4 parallel vacuum workers for index cleanup (planned: 4)
psql:run_vacuum_09Jan_6.sql:17: INFO:  table "psp_source_system_transmission_m052011_from_psp": found 0 removable, 95501 nonremovable row versions in 7960 out of 7960 pages
DETAIL:  0 dead row versions cannot be removed yet, oldest xmin: 419669593
Skipped 0 pages due to buffer pins, 0 frozen pages.
CPU: user: 0.16 s, system: 0.01 s, elapsed: 0.29 s.
psql:run_vacuum_09Jan_6.sql:17: INFO:  aggressively vacuuming "pg_toast.pg_toast_568046561"
psql:run_vacuum_09Jan_6.sql:17: INFO:  table "pg_toast_568046561": found 0 removable, 0 nonremovable row versions in 0 out of 0 pages
DETAIL:  0 dead row versions cannot be removed yet, oldest xmin: 419669593
Skipped 0 pages due to buffer pins, 0 frozen pages.
CPU: user: 0.00 s, system: 0.00 s, elapsed: 0.00 s.
psql:run_vacuum_09Jan_6.sql:17: INFO:  analyzing "ibobadm.psp_source_system_transmission_m052011_from_psp"
psql:run_vacuum_09Jan_6.sql:17: INFO:  "psp_source_system_transmission_m052011_from_psp": scanned 7960 of 7960 pages, containing 95501 live rows and 0 dead rows; 95501 rows in sample, 95501 estimated total rows
VACUUM
Time: 5008.812 ms (00:05.009)
psql:run_vacuum_09Jan_6.sql:18: INFO:  aggressively vacuuming "ibobadm.psp_source_system_transmission_m062011_from_cris"
psql:run_vacuum_09Jan_6.sql:18: INFO:  table "psp_source_system_transmission_m062011_from_cris": found 0 removable, 0 nonremovable row versions in 0 out of 0 pages
DETAIL:  0 dead row versions cannot be removed yet, oldest xmin: 419669611
Skipped 0 pages due to buffer pins, 0 frozen pages.
CPU: user: 0.00 s, system: 0.00 s, elapsed: 0.00 s.
psql:run_vacuum_09Jan_6.sql:18: INFO:  aggressively vacuuming "pg_toast.pg_toast_568047290"
psql:run_vacuum_09Jan_6.sql:18: INFO:  table "pg_toast_568047290": found 0 removable, 0 nonremovable row versions in 0 out of 0 pages
DETAIL:  0 dead row versions cannot be removed yet, oldest xmin: 419669611
Skipped 0 pages due to buffer pins, 0 frozen pages.
CPU: user: 0.00 s, system: 0.00 s, elapsed: 0.00 s.
psql:run_vacuum_09Jan_6.sql:18: INFO:  analyzing "ibobadm.psp_source_system_transmission_m062011_from_cris"
psql:run_vacuum_09Jan_6.sql:18: INFO:  "psp_source_system_transmission_m062011_from_cris": scanned 0 of 0 pages, containing 0 live rows and 0 dead rows; 0 rows in sample, 0 estimated total rows
VACUUM
Time: 20.593 ms
psql:run_vacuum_09Jan_6.sql:19: INFO:  aggressively vacuuming "ibobadm.psp_source_system_transmission_m062011_from_dflt"
psql:run_vacuum_09Jan_6.sql:19: INFO:  table "psp_source_system_transmission_m062011_from_dflt": found 0 removable, 0 nonremovable row versions in 0 out of 0 pages
DETAIL:  0 dead row versions cannot be removed yet, oldest xmin: 419669611
Skipped 0 pages due to buffer pins, 0 frozen pages.
CPU: user: 0.00 s, system: 0.00 s, elapsed: 0.00 s.
psql:run_vacuum_09Jan_6.sql:19: INFO:  aggressively vacuuming "pg_toast.pg_toast_568047299"
psql:run_vacuum_09Jan_6.sql:19: INFO:  table "pg_toast_568047299": found 0 removable, 0 nonremovable row versions in 0 out of 0 pages
DETAIL:  0 dead row versions cannot be removed yet, oldest xmin: 419669611
Skipped 0 pages due to buffer pins, 0 frozen pages.
CPU: user: 0.00 s, system: 0.00 s, elapsed: 0.00 s.
psql:run_vacuum_09Jan_6.sql:19: INFO:  analyzing "ibobadm.psp_source_system_transmission_m062011_from_dflt"
psql:run_vacuum_09Jan_6.sql:19: INFO:  "psp_source_system_transmission_m062011_from_dflt": scanned 0 of 0 pages, containing 0 live rows and 0 dead rows; 0 rows in sample, 0 estimated total rows
VACUUM
Time: 9.689 ms
psql:run_vacuum_09Jan_6.sql:20: INFO:  aggressively vacuuming "ibobadm.psp_source_system_transmission_m062011_from_ews"
psql:run_vacuum_09Jan_6.sql:20: INFO:  launched 3 parallel vacuum workers for index cleanup (planned: 3)
psql:run_vacuum_09Jan_6.sql:20: INFO:  table "psp_source_system_transmission_m062011_from_ews": found 0 removable, 29493 nonremovable row versions in 5374 out of 5374 pages
DETAIL:  0 dead row versions cannot be removed yet, oldest xmin: 419669611
Skipped 0 pages due to buffer pins, 0 frozen pages.
CPU: user: 0.11 s, system: 0.00 s, elapsed: 0.19 s.
psql:run_vacuum_09Jan_6.sql:20: INFO:  aggressively vacuuming "pg_toast.pg_toast_568047306"
psql:run_vacuum_09Jan_6.sql:20: INFO:  table "pg_toast_568047306": found 0 removable, 14 nonremovable row versions in 3 out of 3 pages
DETAIL:  0 dead row versions cannot be removed yet, oldest xmin: 419669611
Skipped 0 pages due to buffer pins, 0 frozen pages.
CPU: user: 0.00 s, system: 0.00 s, elapsed: 0.00 s.
psql:run_vacuum_09Jan_6.sql:20: INFO:  analyzing "ibobadm.psp_source_system_transmission_m062011_from_ews"
psql:run_vacuum_09Jan_6.sql:20: INFO:  "psp_source_system_transmission_m062011_from_ews": scanned 5374 of 5374 pages, containing 29493 live rows and 0 dead rows; 29493 rows in sample, 29493 estimated total rows
VACUUM
Time: 2479.931 ms (00:02.480)
psql:run_vacuum_09Jan_6.sql:21: INFO:  aggressively vacuuming "ibobadm.psp_source_system_transmission_m062011_from_null"
psql:run_vacuum_09Jan_6.sql:21: INFO:  table "psp_source_system_transmission_m062011_from_null": found 0 removable, 0 nonremovable row versions in 0 out of 0 pages
DETAIL:  0 dead row versions cannot be removed yet, oldest xmin: 419669619
Skipped 0 pages due to buffer pins, 0 frozen pages.
CPU: user: 0.00 s, system: 0.00 s, elapsed: 0.00 s.
psql:run_vacuum_09Jan_6.sql:21: INFO:  aggressively vacuuming "pg_toast.pg_toast_568047314"
psql:run_vacuum_09Jan_6.sql:21: INFO:  table "pg_toast_568047314": found 0 removable, 0 nonremovable row versions in 0 out of 0 pages
DETAIL:  0 dead row versions cannot be removed yet, oldest xmin: 419669619
Skipped 0 pages due to buffer pins, 0 frozen pages.
CPU: user: 0.00 s, system: 0.00 s, elapsed: 0.00 s.
psql:run_vacuum_09Jan_6.sql:21: INFO:  analyzing "ibobadm.psp_source_system_transmission_m062011_from_null"
psql:run_vacuum_09Jan_6.sql:21: INFO:  "psp_source_system_transmission_m062011_from_null": scanned 0 of 0 pages, containing 0 live rows and 0 dead rows; 0 rows in sample, 0 estimated total rows
VACUUM
Time: 20.422 ms
psql:run_vacuum_09Jan_6.sql:22: INFO:  aggressively vacuuming "ibobadm.psp_source_system_transmission_m062011_from_psp"
psql:run_vacuum_09Jan_6.sql:22: INFO:  launched 3 parallel vacuum workers for index cleanup (planned: 3)
psql:run_vacuum_09Jan_6.sql:22: INFO:  table "psp_source_system_transmission_m062011_from_psp": found 0 removable, 48085 nonremovable row versions in 4001 out of 4001 pages
DETAIL:  0 dead row versions cannot be removed yet, oldest xmin: 419669619
Skipped 0 pages due to buffer pins, 0 frozen pages.
CPU: user: 0.09 s, system: 0.00 s, elapsed: 0.15 s.
psql:run_vacuum_09Jan_6.sql:22: INFO:  aggressively vacuuming "pg_toast.pg_toast_568047323"
psql:run_vacuum_09Jan_6.sql:22: INFO:  table "pg_toast_568047323": found 0 removable, 0 nonremovable row versions in 0 out of 0 pages
DETAIL:  0 dead row versions cannot be removed yet, oldest xmin: 419669619
Skipped 0 pages due to buffer pins, 0 frozen pages.
CPU: user: 0.00 s, system: 0.00 s, elapsed: 0.00 s.
psql:run_vacuum_09Jan_6.sql:22: INFO:  analyzing "ibobadm.psp_source_system_transmission_m062011_from_psp"
psql:run_vacuum_09Jan_6.sql:22: INFO:  "psp_source_system_transmission_m062011_from_psp": scanned 4001 of 4001 pages, containing 48085 live rows and 0 dead rows; 48085 rows in sample, 48085 estimated total rows
VACUUM
Time: 2348.439 ms (00:02.348)
 pg_sleep 
----------
 
(1 row)

Time: 60006.433 ms (01:00.006)
psql:run_vacuum_09Jan_6.sql:24: INFO:  aggressively vacuuming "ibobadm.psp_source_system_transmission_m022014_from_cris"
psql:run_vacuum_09Jan_6.sql:24: INFO:  table "psp_source_system_transmission_m022014_from_cris": found 0 removable, 0 nonremovable row versions in 0 out of 0 pages
DETAIL:  0 dead row versions cannot be removed yet, oldest xmin: 419669787
Skipped 0 pages due to buffer pins, 0 frozen pages.
CPU: user: 0.00 s, system: 0.00 s, elapsed: 0.00 s.
psql:run_vacuum_09Jan_6.sql:24: INFO:  aggressively vacuuming "pg_toast.pg_toast_568044354"
psql:run_vacuum_09Jan_6.sql:24: INFO:  table "pg_toast_568044354": found 0 removable, 0 nonremovable row versions in 0 out of 0 pages
DETAIL:  0 dead row versions cannot be removed yet, oldest xmin: 419669787
Skipped 0 pages due to buffer pins, 0 frozen pages.
CPU: user: 0.00 s, system: 0.00 s, elapsed: 0.00 s.
psql:run_vacuum_09Jan_6.sql:24: INFO:  analyzing "ibobadm.psp_source_system_transmission_m022014_from_cris"
psql:run_vacuum_09Jan_6.sql:24: INFO:  "psp_source_system_transmission_m022014_from_cris": scanned 0 of 0 pages, containing 0 live rows and 0 dead rows; 0 rows in sample, 0 estimated total rows
VACUUM
Time: 20.668 ms
psql:run_vacuum_09Jan_6.sql:25: INFO:  aggressively vacuuming "ibobadm.psp_source_system_transmission_m022014_from_dflt"
psql:run_vacuum_09Jan_6.sql:25: INFO:  table "psp_source_system_transmission_m022014_from_dflt": found 0 removable, 0 nonremovable row versions in 0 out of 0 pages
DETAIL:  0 dead row versions cannot be removed yet, oldest xmin: 419669787
Skipped 0 pages due to buffer pins, 0 frozen pages.
CPU: user: 0.00 s, system: 0.00 s, elapsed: 0.00 s.
psql:run_vacuum_09Jan_6.sql:25: INFO:  aggressively vacuuming "pg_toast.pg_toast_568044363"
psql:run_vacuum_09Jan_6.sql:25: INFO:  table "pg_toast_568044363": found 0 removable, 0 nonremovable row versions in 0 out of 0 pages
DETAIL:  0 dead row versions cannot be removed yet, oldest xmin: 419669787
Skipped 0 pages due to buffer pins, 0 frozen pages.
CPU: user: 0.00 s, system: 0.00 s, elapsed: 0.00 s.
psql:run_vacuum_09Jan_6.sql:25: INFO:  analyzing "ibobadm.psp_source_system_transmission_m022014_from_dflt"
psql:run_vacuum_09Jan_6.sql:25: INFO:  "psp_source_system_transmission_m022014_from_dflt": scanned 0 of 0 pages, containing 0 live rows and 0 dead rows; 0 rows in sample, 0 estimated total rows
VACUUM
Time: 9.797 ms
psql:run_vacuum_09Jan_6.sql:26: INFO:  aggressively vacuuming "ibobadm.psp_source_system_transmission_m022014_from_ews"
psql:run_vacuum_09Jan_6.sql:26: INFO:  launched 4 parallel vacuum workers for index cleanup (planned: 4)
psql:run_vacuum_09Jan_6.sql:26: INFO:  table "psp_source_system_transmission_m022014_from_ews": found 0 removable, 93554 nonremovable row versions in 17295 out of 17295 pages
DETAIL:  0 dead row versions cannot be removed yet, oldest xmin: 419669787
Skipped 0 pages due to buffer pins, 0 frozen pages.
CPU: user: 0.36 s, system: 0.01 s, elapsed: 0.60 s.
psql:run_vacuum_09Jan_6.sql:26: INFO:  aggressively vacuuming "pg_toast.pg_toast_568044371"
psql:run_vacuum_09Jan_6.sql:26: INFO:  table "pg_toast_568044371": found 0 removable, 28478 nonremovable row versions in 4069 out of 4069 pages
DETAIL:  0 dead row versions cannot be removed yet, oldest xmin: 419669787
Skipped 0 pages due to buffer pins, 0 frozen pages.
CPU: user: 0.02 s, system: 0.01 s, elapsed: 0.09 s.
psql:run_vacuum_09Jan_6.sql:26: INFO:  analyzing "ibobadm.psp_source_system_transmission_m022014_from_ews"
psql:run_vacuum_09Jan_6.sql:26: INFO:  "psp_source_system_transmission_m022014_from_ews": scanned 17295 of 17295 pages, containing 93554 live rows and 0 dead rows; 93554 rows in sample, 93554 estimated total rows
VACUUM
Time: 3883.186 ms (00:03.883)
psql:run_vacuum_09Jan_6.sql:27: INFO:  aggressively vacuuming "ibobadm.psp_source_system_transmission_m022014_from_null"
psql:run_vacuum_09Jan_6.sql:27: INFO:  table "psp_source_system_transmission_m022014_from_null": found 0 removable, 0 nonremovable row versions in 0 out of 0 pages
DETAIL:  0 dead row versions cannot be removed yet, oldest xmin: 419669787
Skipped 0 pages due to buffer pins, 0 frozen pages.
CPU: user: 0.00 s, system: 0.00 s, elapsed: 0.00 s.
psql:run_vacuum_09Jan_6.sql:27: INFO:  aggressively vacuuming "pg_toast.pg_toast_568044378"
psql:run_vacuum_09Jan_6.sql:27: INFO:  table "pg_toast_568044378": found 0 removable, 0 nonremovable row versions in 0 out of 0 pages
DETAIL:  0 dead row versions cannot be removed yet, oldest xmin: 419669787
Skipped 0 pages due to buffer pins, 0 frozen pages.
CPU: user: 0.00 s, system: 0.00 s, elapsed: 0.00 s.
psql:run_vacuum_09Jan_6.sql:27: INFO:  analyzing "ibobadm.psp_source_system_transmission_m022014_from_null"
psql:run_vacuum_09Jan_6.sql:27: INFO:  "psp_source_system_transmission_m022014_from_null": scanned 0 of 0 pages, containing 0 live rows and 0 dead rows; 0 rows in sample, 0 estimated total rows
VACUUM
Time: 10.265 ms
psql:run_vacuum_09Jan_6.sql:28: INFO:  aggressively vacuuming "ibobadm.psp_source_system_transmission_m072011_from_cris"
psql:run_vacuum_09Jan_6.sql:28: INFO:  table "psp_source_system_transmission_m072011_from_cris": found 0 removable, 0 nonremovable row versions in 0 out of 0 pages
DETAIL:  0 dead row versions cannot be removed yet, oldest xmin: 419669787
Skipped 0 pages due to buffer pins, 0 frozen pages.
CPU: user: 0.00 s, system: 0.00 s, elapsed: 0.00 s.
psql:run_vacuum_09Jan_6.sql:28: INFO:  aggressively vacuuming "pg_toast.pg_toast_568048117"
psql:run_vacuum_09Jan_6.sql:28: INFO:  table "pg_toast_568048117": found 0 removable, 0 nonremovable row versions in 0 out of 0 pages
DETAIL:  0 dead row versions cannot be removed yet, oldest xmin: 419669787
Skipped 0 pages due to buffer pins, 0 frozen pages.
CPU: user: 0.00 s, system: 0.00 s, elapsed: 0.00 s.
psql:run_vacuum_09Jan_6.sql:28: INFO:  analyzing "ibobadm.psp_source_system_transmission_m072011_from_cris"
psql:run_vacuum_09Jan_6.sql:28: INFO:  "psp_source_system_transmission_m072011_from_cris": scanned 0 of 0 pages, containing 0 live rows and 0 dead rows; 0 rows in sample, 0 estimated total rows
VACUUM
Time: 9.667 ms
psql:run_vacuum_09Jan_6.sql:29: INFO:  aggressively vacuuming "ibobadm.psp_source_system_transmission_m072011_from_dflt"
psql:run_vacuum_09Jan_6.sql:29: INFO:  table "psp_source_system_transmission_m072011_from_dflt": found 0 removable, 0 nonremovable row versions in 0 out of 0 pages
DETAIL:  0 dead row versions cannot be removed yet, oldest xmin: 419669787
Skipped 0 pages due to buffer pins, 0 frozen pages.
CPU: user: 0.00 s, system: 0.00 s, elapsed: 0.00 s.
psql:run_vacuum_09Jan_6.sql:29: INFO:  aggressively vacuuming "pg_toast.pg_toast_568048125"
psql:run_vacuum_09Jan_6.sql:29: INFO:  table "pg_toast_568048125": found 0 removable, 0 nonremovable row versions in 0 out of 0 pages
DETAIL:  0 dead row versions cannot be removed yet, oldest xmin: 419669787
Skipped 0 pages due to buffer pins, 0 frozen pages.
CPU: user: 0.00 s, system: 0.00 s, elapsed: 0.00 s.
psql:run_vacuum_09Jan_6.sql:29: INFO:  analyzing "ibobadm.psp_source_system_transmission_m072011_from_dflt"
psql:run_vacuum_09Jan_6.sql:29: INFO:  "psp_source_system_transmission_m072011_from_dflt": scanned 0 of 0 pages, containing 0 live rows and 0 dead rows; 0 rows in sample, 0 estimated total rows
VACUUM
Time: 9.494 ms
psql:run_vacuum_09Jan_6.sql:30: INFO:  aggressively vacuuming "ibobadm.psp_source_system_transmission_m072011_from_ews"
psql:run_vacuum_09Jan_6.sql:30: INFO:  launched 3 parallel vacuum workers for index cleanup (planned: 3)
psql:run_vacuum_09Jan_6.sql:30: INFO:  table "psp_source_system_transmission_m072011_from_ews": found 0 removable, 28381 nonremovable row versions in 5200 out of 5200 pages
DETAIL:  0 dead row versions cannot be removed yet, oldest xmin: 419669787
Skipped 0 pages due to buffer pins, 0 frozen pages.
CPU: user: 0.11 s, system: 0.00 s, elapsed: 0.27 s.
psql:run_vacuum_09Jan_6.sql:30: INFO:  aggressively vacuuming "pg_toast.pg_toast_568048133"
psql:run_vacuum_09Jan_6.sql:30: INFO:  table "pg_toast_568048133": found 0 removable, 74 nonremovable row versions in 15 out of 15 pages
DETAIL:  0 dead row versions cannot be removed yet, oldest xmin: 419669787
Skipped 0 pages due to buffer pins, 0 frozen pages.
CPU: user: 0.00 s, system: 0.00 s, elapsed: 0.00 s.
psql:run_vacuum_09Jan_6.sql:30: INFO:  analyzing "ibobadm.psp_source_system_transmission_m072011_from_ews"
psql:run_vacuum_09Jan_6.sql:30: INFO:  "psp_source_system_transmission_m072011_from_ews": scanned 5200 of 5200 pages, containing 28381 live rows and 0 dead rows; 28381 rows in sample, 28381 estimated total rows
VACUUM
Time: 2439.525 ms (00:02.440)
psql:run_vacuum_09Jan_6.sql:31: INFO:  aggressively vacuuming "ibobadm.psp_source_system_transmission_m072011_from_null"
psql:run_vacuum_09Jan_6.sql:31: INFO:  table "psp_source_system_transmission_m072011_from_null": found 0 removable, 0 nonremovable row versions in 0 out of 0 pages
DETAIL:  0 dead row versions cannot be removed yet, oldest xmin: 419669787
Skipped 0 pages due to buffer pins, 0 frozen pages.
CPU: user: 0.00 s, system: 0.00 s, elapsed: 0.00 s.
psql:run_vacuum_09Jan_6.sql:31: INFO:  aggressively vacuuming "pg_toast.pg_toast_568048142"
psql:run_vacuum_09Jan_6.sql:31: INFO:  table "pg_toast_568048142": found 0 removable, 0 nonremovable row versions in 0 out of 0 pages
DETAIL:  0 dead row versions cannot be removed yet, oldest xmin: 419669787
Skipped 0 pages due to buffer pins, 0 frozen pages.
CPU: user: 0.00 s, system: 0.00 s, elapsed: 0.00 s.
psql:run_vacuum_09Jan_6.sql:31: INFO:  analyzing "ibobadm.psp_source_system_transmission_m072011_from_null"
psql:run_vacuum_09Jan_6.sql:31: INFO:  "psp_source_system_transmission_m072011_from_null": scanned 0 of 0 pages, containing 0 live rows and 0 dead rows; 0 rows in sample, 0 estimated total rows
VACUUM
Time: 20.345 ms
psql:run_vacuum_09Jan_6.sql:32: INFO:  aggressively vacuuming "ibobadm.psp_source_system_transmission_m082011_from_as400"
psql:run_vacuum_09Jan_6.sql:32: INFO:  table "psp_source_system_transmission_m082011_from_as400": found 0 removable, 0 nonremovable row versions in 0 out of 0 pages
DETAIL:  0 dead row versions cannot be removed yet, oldest xmin: 419669787
Skipped 0 pages due to buffer pins, 0 frozen pages.
CPU: user: 0.00 s, system: 0.00 s, elapsed: 0.00 s.
psql:run_vacuum_09Jan_6.sql:32: INFO:  aggressively vacuuming "pg_toast.pg_toast_568048930"
psql:run_vacuum_09Jan_6.sql:32: INFO:  table "pg_toast_568048930": found 0 removable, 0 nonremovable row versions in 0 out of 0 pages
DETAIL:  0 dead row versions cannot be removed yet, oldest xmin: 419669787
Skipped 0 pages due to buffer pins, 0 frozen pages.
CPU: user: 0.00 s, system: 0.00 s, elapsed: 0.00 s.
psql:run_vacuum_09Jan_6.sql:32: INFO:  analyzing "ibobadm.psp_source_system_transmission_m082011_from_as400"
psql:run_vacuum_09Jan_6.sql:32: INFO:  "psp_source_system_transmission_m082011_from_as400": scanned 0 of 0 pages, containing 0 live rows and 0 dead rows; 0 rows in sample, 0 estimated total rows
VACUUM
Time: 9.652 ms
 pg_sleep 
----------
 
(1 row)

Time: 60101.302 ms (01:00.101)
psql:run_vacuum_09Jan_6.sql:34: INFO:  aggressively vacuuming "ibobadm.psp_source_system_transmission_m082011_from_cris"
psql:run_vacuum_09Jan_6.sql:34: INFO:  table "psp_source_system_transmission_m082011_from_cris": found 0 removable, 0 nonremovable row versions in 0 out of 0 pages
DETAIL:  0 dead row versions cannot be removed yet, oldest xmin: 419669945
Skipped 0 pages due to buffer pins, 0 frozen pages.
CPU: user: 0.00 s, system: 0.00 s, elapsed: 0.00 s.
psql:run_vacuum_09Jan_6.sql:34: INFO:  aggressively vacuuming "pg_toast.pg_toast_568048945"
psql:run_vacuum_09Jan_6.sql:34: INFO:  table "pg_toast_568048945": found 0 removable, 0 nonremovable row versions in 0 out of 0 pages
DETAIL:  0 dead row versions cannot be removed yet, oldest xmin: 419669945
Skipped 0 pages due to buffer pins, 0 frozen pages.
CPU: user: 0.00 s, system: 0.00 s, elapsed: 0.00 s.
psql:run_vacuum_09Jan_6.sql:34: INFO:  analyzing "ibobadm.psp_source_system_transmission_m082011_from_cris"
psql:run_vacuum_09Jan_6.sql:34: INFO:  "psp_source_system_transmission_m082011_from_cris": scanned 0 of 0 pages, containing 0 live rows and 0 dead rows; 0 rows in sample, 0 estimated total rows
VACUUM
Time: 20.762 ms
psql:run_vacuum_09Jan_6.sql:35: INFO:  aggressively vacuuming "ibobadm.psp_source_system_transmission_m082011_from_qbdt"
psql:run_vacuum_09Jan_6.sql:35: INFO:  launched 4 parallel vacuum workers for index cleanup (planned: 4)
psql:run_vacuum_09Jan_6.sql:35: INFO:  table "psp_source_system_transmission_m082011_from_qbdt": found 0 removable, 1345967 nonremovable row versions in 215852 out of 215852 pages
DETAIL:  0 dead row versions cannot be removed yet, oldest xmin: 419669945
Skipped 0 pages due to buffer pins, 0 frozen pages.
CPU: user: 4.38 s, system: 0.20 s, elapsed: 7.56 s.
psql:run_vacuum_09Jan_6.sql:35: INFO:  aggressively vacuuming "pg_toast.pg_toast_568048987"
psql:run_vacuum_09Jan_6.sql:35: INFO:  table "pg_toast_568048987": found 0 removable, 1319234 nonremovable row versions in 301060 out of 301060 pages
DETAIL:  0 dead row versions cannot be removed yet, oldest xmin: 419669945
Skipped 0 pages due to buffer pins, 0 frozen pages.
CPU: user: 2.72 s, system: 0.03 s, elapsed: 6.82 s.
psql:run_vacuum_09Jan_6.sql:35: INFO:  analyzing "ibobadm.psp_source_system_transmission_m082011_from_qbdt"
psql:run_vacuum_09Jan_6.sql:35: INFO:  "psp_source_system_transmission_m082011_from_qbdt": scanned 153600 of 215852 pages, containing 957638 live rows and 0 dead rows; 153600 rows in sample, 1345756 estimated total rows
VACUUM
Time: 21570.767 ms (00:21.571)
psql:run_vacuum_09Jan_6.sql:36: INFO:  aggressively vacuuming "ibobadm.psp_source_system_transmission_m082011_from_dflt"
psql:run_vacuum_09Jan_6.sql:36: INFO:  table "psp_source_system_transmission_m082011_from_dflt": found 0 removable, 0 nonremovable row versions in 0 out of 0 pages
DETAIL:  0 dead row versions cannot be removed yet, oldest xmin: 419669945
Skipped 0 pages due to buffer pins, 0 frozen pages.
CPU: user: 0.00 s, system: 0.00 s, elapsed: 0.00 s.
psql:run_vacuum_09Jan_6.sql:36: INFO:  aggressively vacuuming "pg_toast.pg_toast_568048954"
psql:run_vacuum_09Jan_6.sql:36: INFO:  table "pg_toast_568048954": found 0 removable, 0 nonremovable row versions in 0 out of 0 pages
DETAIL:  0 dead row versions cannot be removed yet, oldest xmin: 419669945
Skipped 0 pages due to buffer pins, 0 frozen pages.
CPU: user: 0.00 s, system: 0.00 s, elapsed: 0.00 s.
psql:run_vacuum_09Jan_6.sql:36: INFO:  analyzing "ibobadm.psp_source_system_transmission_m082011_from_dflt"
psql:run_vacuum_09Jan_6.sql:36: INFO:  "psp_source_system_transmission_m082011_from_dflt": scanned 0 of 0 pages, containing 0 live rows and 0 dead rows; 0 rows in sample, 0 estimated total rows
VACUUM
Time: 20.993 ms
psql:run_vacuum_09Jan_6.sql:37: INFO:  aggressively vacuuming "ibobadm.psp_source_system_transmission_m082011_from_ews"
psql:run_vacuum_09Jan_6.sql:37: INFO:  table "psp_source_system_transmission_m082011_from_ews": index scan bypassed: 1 pages from table (0.02% of total) have 1 dead item identifiers
psql:run_vacuum_09Jan_6.sql:37: INFO:  launched 3 parallel vacuum workers for index cleanup (planned: 3)
psql:run_vacuum_09Jan_6.sql:37: INFO:  table "psp_source_system_transmission_m082011_from_ews": found 0 removable, 28744 nonremovable row versions in 5219 out of 5219 pages
DETAIL:  0 dead row versions cannot be removed yet, oldest xmin: 419669945
Skipped 0 pages due to buffer pins, 0 frozen pages.
CPU: user: 0.10 s, system: 0.00 s, elapsed: 0.19 s.
psql:run_vacuum_09Jan_6.sql:37: INFO:  aggressively vacuuming "pg_toast.pg_toast_568048962"
psql:run_vacuum_09Jan_6.sql:37: INFO:  table "pg_toast_568048962": found 0 removable, 106 nonremovable row versions in 21 out of 21 pages
DETAIL:  0 dead row versions cannot be removed yet, oldest xmin: 419669945
Skipped 0 pages due to buffer pins, 0 frozen pages.
CPU: user: 0.00 s, system: 0.00 s, elapsed: 0.00 s.
psql:run_vacuum_09Jan_6.sql:37: INFO:  analyzing "ibobadm.psp_source_system_transmission_m082011_from_ews"
psql:run_vacuum_09Jan_6.sql:37: INFO:  "psp_source_system_transmission_m082011_from_ews": scanned 5219 of 5219 pages, containing 28744 live rows and 1 dead rows; 28744 rows in sample, 28744 estimated total rows
VACUUM
Time: 2471.126 ms (00:02.471)
psql:run_vacuum_09Jan_6.sql:38: INFO:  aggressively vacuuming "ibobadm.psp_source_system_transmission_m082011_from_null"
psql:run_vacuum_09Jan_6.sql:38: INFO:  table "psp_source_system_transmission_m082011_from_null": found 0 removable, 0 nonremovable row versions in 0 out of 0 pages
DETAIL:  0 dead row versions cannot be removed yet, oldest xmin: 419669945
Skipped 0 pages due to buffer pins, 0 frozen pages.
CPU: user: 0.00 s, system: 0.00 s, elapsed: 0.00 s.
psql:run_vacuum_09Jan_6.sql:38: INFO:  aggressively vacuuming "pg_toast.pg_toast_568048970"
psql:run_vacuum_09Jan_6.sql:38: INFO:  table "pg_toast_568048970": found 0 removable, 0 nonremovable row versions in 0 out of 0 pages
DETAIL:  0 dead row versions cannot be removed yet, oldest xmin: 419669945
Skipped 0 pages due to buffer pins, 0 frozen pages.
CPU: user: 0.00 s, system: 0.00 s, elapsed: 0.00 s.
psql:run_vacuum_09Jan_6.sql:38: INFO:  analyzing "ibobadm.psp_source_system_transmission_m082011_from_null"
psql:run_vacuum_09Jan_6.sql:38: INFO:  "psp_source_system_transmission_m082011_from_null": scanned 0 of 0 pages, containing 0 live rows and 0 dead rows; 0 rows in sample, 0 estimated total rows
VACUUM
Time: 20.396 ms
psql:run_vacuum_09Jan_6.sql:39: INFO:  aggressively vacuuming "ibobadm.psp_source_system_transmission_m082011_from_psp"
psql:run_vacuum_09Jan_6.sql:39: INFO:  launched 4 parallel vacuum workers for index cleanup (planned: 4)
psql:run_vacuum_09Jan_6.sql:39: INFO:  table "psp_source_system_transmission_m082011_from_psp": found 0 removable, 99614 nonremovable row versions in 8304 out of 8304 pages
DETAIL:  0 dead row versions cannot be removed yet, oldest xmin: 419669945
Skipped 0 pages due to buffer pins, 0 frozen pages.
CPU: user: 0.18 s, system: 0.00 s, elapsed: 0.30 s.
psql:run_vacuum_09Jan_6.sql:39: INFO:  aggressively vacuuming "pg_toast.pg_toast_568048979"
psql:run_vacuum_09Jan_6.sql:39: INFO:  table "pg_toast_568048979": found 0 removable, 0 nonremovable row versions in 0 out of 0 pages
DETAIL:  0 dead row versions cannot be removed yet, oldest xmin: 419669945
Skipped 0 pages due to buffer pins, 0 frozen pages.
CPU: user: 0.00 s, system: 0.00 s, elapsed: 0.00 s.
psql:run_vacuum_09Jan_6.sql:39: INFO:  analyzing "ibobadm.psp_source_system_transmission_m082011_from_psp"
psql:run_vacuum_09Jan_6.sql:39: INFO:  "psp_source_system_transmission_m082011_from_psp": scanned 8304 of 8304 pages, containing 99614 live rows and 0 dead rows; 99614 rows in sample, 99614 estimated total rows
VACUUM
Time: 5320.298 ms (00:05.320)
psql:run_vacuum_09Jan_6.sql:40: INFO:  aggressively vacuuming "ibobadm.psp_source_system_transmission_m102011_from_psp"
psql:run_vacuum_09Jan_6.sql:40: INFO:  launched 4 parallel vacuum workers for index cleanup (planned: 4)
psql:run_vacuum_09Jan_6.sql:40: INFO:  table "psp_source_system_transmission_m102011_from_psp": found 0 removable, 88105 nonremovable row versions in 7345 out of 7345 pages
DETAIL:  0 dead row versions cannot be removed yet, oldest xmin: 419670079
Skipped 0 pages due to buffer pins, 0 frozen pages.
CPU: user: 0.16 s, system: 0.00 s, elapsed: 0.27 s.
psql:run_vacuum_09Jan_6.sql:40: INFO:  aggressively vacuuming "pg_toast.pg_toast_568050634"
psql:run_vacuum_09Jan_6.sql:40: INFO:  table "pg_toast_568050634": found 0 removable, 0 nonremovable row versions in 0 out of 0 pages
DETAIL:  0 dead row versions cannot be removed yet, oldest xmin: 419670079
Skipped 0 pages due to buffer pins, 0 frozen pages.
CPU: user: 0.00 s, system: 0.00 s, elapsed: 0.00 s.
psql:run_vacuum_09Jan_6.sql:40: INFO:  analyzing "ibobadm.psp_source_system_transmission_m102011_from_psp"
psql:run_vacuum_09Jan_6.sql:40: INFO:  "psp_source_system_transmission_m102011_from_psp": scanned 7345 of 7345 pages, containing 88105 live rows and 0 dead rows; 88105 rows in sample, 88105 estimated total rows
VACUUM
Time: 4595.913 ms (00:04.596)
psql:run_vacuum_09Jan_6.sql:41: INFO:  aggressively vacuuming "ibobadm.psp_source_system_transmission_m032014_from_qbdt"
psql:run_vacuum_09Jan_6.sql:41: INFO:  launched 4 parallel vacuum workers for index cleanup (planned: 4)
psql:run_vacuum_09Jan_6.sql:41: INFO:  table "psp_source_system_transmission_m032014_from_qbdt": found 0 removable, 2134253 nonremovable row versions in 384143 out of 384143 pages
DETAIL:  0 dead row versions cannot be removed yet, oldest xmin: 419670091
Skipped 0 pages due to buffer pins, 0 frozen pages.
CPU: user: 8.95 s, system: 3.64 s, elapsed: 18.08 s.
psql:run_vacuum_09Jan_6.sql:41: INFO:  aggressively vacuuming "pg_toast.pg_toast_568045176"
psql:run_vacuum_09Jan_6.sql:41: INFO:  table "pg_toast_568045176": found 0 removable, 6252289 nonremovable row versions in 1519465 out of 1519465 pages
DETAIL:  0 dead row versions cannot be removed yet, oldest xmin: 419670146
Skipped 0 pages due to buffer pins, 0 frozen pages.
CPU: user: 13.49 s, system: 0.09 s, elapsed: 34.23 s.
psql:run_vacuum_09Jan_6.sql:41: INFO:  analyzing "ibobadm.psp_source_system_transmission_m032014_from_qbdt"
psql:run_vacuum_09Jan_6.sql:41: INFO:  "psp_source_system_transmission_m032014_from_qbdt": scanned 153600 of 384143 pages, containing 853618 live rows and 0 dead rows; 153600 rows in sample, 2134840 estimated total rows
VACUUM
Time: 60739.286 ms (01:00.739)
psql:run_vacuum_09Jan_6.sql:42: INFO:  aggressively vacuuming "ibobadm.psp_source_system_transmission_m032014_from_null"
psql:run_vacuum_09Jan_6.sql:42: INFO:  table "psp_source_system_transmission_m032014_from_null": found 0 removable, 0 nonremovable row versions in 0 out of 0 pages
DETAIL:  0 dead row versions cannot be removed yet, oldest xmin: 419670255
Skipped 0 pages due to buffer pins, 0 frozen pages.
CPU: user: 0.00 s, system: 0.00 s, elapsed: 0.00 s.
psql:run_vacuum_09Jan_6.sql:42: INFO:  aggressively vacuuming "pg_toast.pg_toast_568045161"
psql:run_vacuum_09Jan_6.sql:42: INFO:  table "pg_toast_568045161": found 0 removable, 0 nonremovable row versions in 0 out of 0 pages
DETAIL:  0 dead row versions cannot be removed yet, oldest xmin: 419670255
Skipped 0 pages due to buffer pins, 0 frozen pages.
CPU: user: 0.00 s, system: 0.00 s, elapsed: 0.00 s.
psql:run_vacuum_09Jan_6.sql:42: INFO:  analyzing "ibobadm.psp_source_system_transmission_m032014_from_null"
psql:run_vacuum_09Jan_6.sql:42: INFO:  "psp_source_system_transmission_m032014_from_null": scanned 0 of 0 pages, containing 0 live rows and 0 dead rows; 0 rows in sample, 0 estimated total rows
VACUUM
Time: 20.488 ms
 pg_sleep 
----------
 
(1 row)

Time: 60101.302 ms (01:00.101)
psql:run_vacuum_09Jan_6.sql:44: INFO:  aggressively vacuuming "ibobadm.psp_source_system_transmission_m072011_from_qbdt"
psql:run_vacuum_09Jan_6.sql:44: INFO:  launched 4 parallel vacuum workers for index cleanup (planned: 4)
psql:run_vacuum_09Jan_6.sql:44: INFO:  table "psp_source_system_transmission_m072011_from_qbdt": found 0 removable, 1160536 nonremovable row versions in 186425 out of 186425 pages
DETAIL:  0 dead row versions cannot be removed yet, oldest xmin: 419670431
Skipped 0 pages due to buffer pins, 0 frozen pages.
CPU: user: 3.87 s, system: 0.17 s, elapsed: 7.83 s.
psql:run_vacuum_09Jan_6.sql:44: INFO:  aggressively vacuuming "pg_toast.pg_toast_568048158"
psql:run_vacuum_09Jan_6.sql:44: INFO:  table "pg_toast_568048158": found 0 removable, 1162925 nonremovable row versions in 266309 out of 266309 pages
DETAIL:  0 dead row versions cannot be removed yet, oldest xmin: 419670459
Skipped 0 pages due to buffer pins, 0 frozen pages.
CPU: user: 2.49 s, system: 0.02 s, elapsed: 6.13 s.
psql:run_vacuum_09Jan_6.sql:44: INFO:  analyzing "ibobadm.psp_source_system_transmission_m072011_from_qbdt"
psql:run_vacuum_09Jan_6.sql:44: INFO:  "psp_source_system_transmission_m072011_from_qbdt": scanned 153600 of 186425 pages, containing 956023 live rows and 0 dead rows; 153600 rows in sample, 1160329 estimated total rows
VACUUM
Time: 21109.374 ms (00:21.109)
psql:run_vacuum_09Jan_6.sql:45: INFO:  aggressively vacuuming "ibobadm.psp_source_system_transmission_m012014_from_as400"
psql:run_vacuum_09Jan_6.sql:45: INFO:  table "psp_source_system_transmission_m012014_from_as400": found 0 removable, 0 nonremovable row versions in 0 out of 0 pages
DETAIL:  0 dead row versions cannot be removed yet, oldest xmin: 419670500
Skipped 0 pages due to buffer pins, 0 frozen pages.
CPU: user: 0.00 s, system: 0.00 s, elapsed: 0.00 s.
psql:run_vacuum_09Jan_6.sql:45: INFO:  aggressively vacuuming "pg_toast.pg_toast_568043585"
psql:run_vacuum_09Jan_6.sql:45: INFO:  table "pg_toast_568043585": found 0 removable, 0 nonremovable row versions in 0 out of 0 pages
DETAIL:  0 dead row versions cannot be removed yet, oldest xmin: 419670500
Skipped 0 pages due to buffer pins, 0 frozen pages.
CPU: user: 0.00 s, system: 0.00 s, elapsed: 0.00 s.
psql:run_vacuum_09Jan_6.sql:45: INFO:  analyzing "ibobadm.psp_source_system_transmission_m012014_from_as400"
psql:run_vacuum_09Jan_6.sql:45: INFO:  "psp_source_system_transmission_m012014_from_as400": scanned 0 of 0 pages, containing 0 live rows and 0 dead rows; 0 rows in sample, 0 estimated total rows
VACUUM
Time: 20.887 ms
psql:run_vacuum_09Jan_6.sql:46: INFO:  aggressively vacuuming "ibobadm.psp_source_system_transmission_m042011_from_as400"
psql:run_vacuum_09Jan_6.sql:46: INFO:  table "psp_source_system_transmission_m042011_from_as400": found 0 removable, 0 nonremovable row versions in 0 out of 0 pages
DETAIL:  0 dead row versions cannot be removed yet, oldest xmin: 419670500
Skipped 0 pages due to buffer pins, 0 frozen pages.
CPU: user: 0.00 s, system: 0.00 s, elapsed: 0.00 s.
psql:run_vacuum_09Jan_6.sql:46: INFO:  aggressively vacuuming "pg_toast.pg_toast_568045729"
psql:run_vacuum_09Jan_6.sql:46: INFO:  table "pg_toast_568045729": found 0 removable, 0 nonremovable row versions in 0 out of 0 pages
DETAIL:  0 dead row versions cannot be removed yet, oldest xmin: 419670500
Skipped 0 pages due to buffer pins, 0 frozen pages.
CPU: user: 0.00 s, system: 0.00 s, elapsed: 0.00 s.
psql:run_vacuum_09Jan_6.sql:46: INFO:  analyzing "ibobadm.psp_source_system_transmission_m042011_from_as400"
psql:run_vacuum_09Jan_6.sql:46: INFO:  "psp_source_system_transmission_m042011_from_as400": scanned 0 of 0 pages, containing 0 live rows and 0 dead rows; 0 rows in sample, 0 estimated total rows
VACUUM
Time: 9.725 ms
psql:run_vacuum_09Jan_6.sql:47: INFO:  aggressively vacuuming "ibobadm.psp_source_system_transmission_m042011_from_cris"
psql:run_vacuum_09Jan_6.sql:47: INFO:  table "psp_source_system_transmission_m042011_from_cris": found 0 removable, 0 nonremovable row versions in 0 out of 0 pages
DETAIL:  0 dead row versions cannot be removed yet, oldest xmin: 419670500
Skipped 0 pages due to buffer pins, 0 frozen pages.
CPU: user: 0.00 s, system: 0.00 s, elapsed: 0.00 s.
psql:run_vacuum_09Jan_6.sql:47: INFO:  aggressively vacuuming "pg_toast.pg_toast_568045743"
psql:run_vacuum_09Jan_6.sql:47: INFO:  table "pg_toast_568045743": found 0 removable, 0 nonremovable row versions in 0 out of 0 pages
DETAIL:  0 dead row versions cannot be removed yet, oldest xmin: 419670500
Skipped 0 pages due to buffer pins, 0 frozen pages.
CPU: user: 0.00 s, system: 0.00 s, elapsed: 0.00 s.
psql:run_vacuum_09Jan_6.sql:47: INFO:  analyzing "ibobadm.psp_source_system_transmission_m042011_from_cris"
psql:run_vacuum_09Jan_6.sql:47: INFO:  "psp_source_system_transmission_m042011_from_cris": scanned 0 of 0 pages, containing 0 live rows and 0 dead rows; 0 rows in sample, 0 estimated total rows
VACUUM
Time: 9.464 ms
psql:run_vacuum_09Jan_6.sql:48: INFO:  aggressively vacuuming "ibobadm.psp_source_system_transmission_m102011_from_cris"
psql:run_vacuum_09Jan_6.sql:48: INFO:  table "psp_source_system_transmission_m102011_from_cris": found 0 removable, 0 nonremovable row versions in 0 out of 0 pages
DETAIL:  0 dead row versions cannot be removed yet, oldest xmin: 419670500
Skipped 0 pages due to buffer pins, 0 frozen pages.
CPU: user: 0.00 s, system: 0.00 s, elapsed: 0.00 s.
psql:run_vacuum_09Jan_6.sql:48: INFO:  aggressively vacuuming "pg_toast.pg_toast_568050594"
psql:run_vacuum_09Jan_6.sql:48: INFO:  table "pg_toast_568050594": found 0 removable, 0 nonremovable row versions in 0 out of 0 pages
DETAIL:  0 dead row versions cannot be removed yet, oldest xmin: 419670500
Skipped 0 pages due to buffer pins, 0 frozen pages.
CPU: user: 0.00 s, system: 0.00 s, elapsed: 0.00 s.
psql:run_vacuum_09Jan_6.sql:48: INFO:  analyzing "ibobadm.psp_source_system_transmission_m102011_from_cris"
psql:run_vacuum_09Jan_6.sql:48: INFO:  "psp_source_system_transmission_m102011_from_cris": scanned 0 of 0 pages, containing 0 live rows and 0 dead rows; 0 rows in sample, 0 estimated total rows
VACUUM
Time: 9.363 ms
psql:run_vacuum_09Jan_6.sql:49: INFO:  aggressively vacuuming "ibobadm.psp_source_system_transmission_m102011_from_dflt"
psql:run_vacuum_09Jan_6.sql:49: INFO:  table "psp_source_system_transmission_m102011_from_dflt": found 0 removable, 0 nonremovable row versions in 0 out of 0 pages
DETAIL:  0 dead row versions cannot be removed yet, oldest xmin: 419670500
Skipped 0 pages due to buffer pins, 0 frozen pages.
CPU: user: 0.00 s, system: 0.00 s, elapsed: 0.00 s.
psql:run_vacuum_09Jan_6.sql:49: INFO:  aggressively vacuuming "pg_toast.pg_toast_568050603"
psql:run_vacuum_09Jan_6.sql:49: INFO:  table "pg_toast_568050603": found 0 removable, 0 nonremovable row versions in 0 out of 0 pages
DETAIL:  0 dead row versions cannot be removed yet, oldest xmin: 419670500
Skipped 0 pages due to buffer pins, 0 frozen pages.
CPU: user: 0.00 s, system: 0.00 s, elapsed: 0.00 s.
psql:run_vacuum_09Jan_6.sql:49: INFO:  analyzing "ibobadm.psp_source_system_transmission_m102011_from_dflt"
psql:run_vacuum_09Jan_6.sql:49: INFO:  "psp_source_system_transmission_m102011_from_dflt": scanned 0 of 0 pages, containing 0 live rows and 0 dead rows; 0 rows in sample, 0 estimated total rows
VACUUM
Time: 10.108 ms
psql:run_vacuum_09Jan_6.sql:50: INFO:  aggressively vacuuming "ibobadm.psp_source_system_transmission_m102011_from_ews"
psql:run_vacuum_09Jan_6.sql:50: INFO:  launched 3 parallel vacuum workers for index cleanup (planned: 3)
psql:run_vacuum_09Jan_6.sql:50: INFO:  table "psp_source_system_transmission_m102011_from_ews": found 0 removable, 27279 nonremovable row versions in 4951 out of 4951 pages
DETAIL:  0 dead row versions cannot be removed yet, oldest xmin: 419670500
Skipped 0 pages due to buffer pins, 0 frozen pages.
CPU: user: 0.09 s, system: 0.01 s, elapsed: 0.18 s.
psql:run_vacuum_09Jan_6.sql:50: INFO:  aggressively vacuuming "pg_toast.pg_toast_568050613"
psql:run_vacuum_09Jan_6.sql:50: INFO:  table "pg_toast_568050613": found 0 removable, 109 nonremovable row versions in 22 out of 22 pages
DETAIL:  0 dead row versions cannot be removed yet, oldest xmin: 419670500
Skipped 0 pages due to buffer pins, 0 frozen pages.
CPU: user: 0.00 s, system: 0.00 s, elapsed: 0.00 s.
psql:run_vacuum_09Jan_6.sql:50: INFO:  analyzing "ibobadm.psp_source_system_transmission_m102011_from_ews"
psql:run_vacuum_09Jan_6.sql:50: INFO:  "psp_source_system_transmission_m102011_from_ews": scanned 4951 of 4951 pages, containing 27279 live rows and 0 dead rows; 27279 rows in sample, 27279 estimated total rows
VACUUM
Time: 2312.087 ms (00:02.312)
psql:run_vacuum_09Jan_6.sql:51: INFO:  aggressively vacuuming "ibobadm.psp_source_system_transmission_m102011_from_null"
psql:run_vacuum_09Jan_6.sql:51: INFO:  table "psp_source_system_transmission_m102011_from_null": found 0 removable, 0 nonremovable row versions in 0 out of 0 pages
DETAIL:  0 dead row versions cannot be removed yet, oldest xmin: 419670507
Skipped 0 pages due to buffer pins, 0 frozen pages.
CPU: user: 0.00 s, system: 0.00 s, elapsed: 0.00 s.
psql:run_vacuum_09Jan_6.sql:51: INFO:  aggressively vacuuming "pg_toast.pg_toast_568050622"
psql:run_vacuum_09Jan_6.sql:51: INFO:  table "pg_toast_568050622": found 0 removable, 0 nonremovable row versions in 0 out of 0 pages
DETAIL:  0 dead row versions cannot be removed yet, oldest xmin: 419670507
Skipped 0 pages due to buffer pins, 0 frozen pages.
CPU: user: 0.00 s, system: 0.00 s, elapsed: 0.00 s.
psql:run_vacuum_09Jan_6.sql:51: INFO:  analyzing "ibobadm.psp_source_system_transmission_m102011_from_null"
psql:run_vacuum_09Jan_6.sql:51: INFO:  "psp_source_system_transmission_m102011_from_null": scanned 0 of 0 pages, containing 0 live rows and 0 dead rows; 0 rows in sample, 0 estimated total rows
VACUUM
Time: 20.985 ms
psql:run_vacuum_09Jan_6.sql:52: INFO:  aggressively vacuuming "ibobadm.psp_source_system_transmission_m032014_from_as400"
psql:run_vacuum_09Jan_6.sql:52: INFO:  table "psp_source_system_transmission_m032014_from_as400": found 0 removable, 0 nonremovable row versions in 0 out of 0 pages
DETAIL:  0 dead row versions cannot be removed yet, oldest xmin: 419670507
Skipped 0 pages due to buffer pins, 0 frozen pages.
CPU: user: 0.00 s, system: 0.00 s, elapsed: 0.00 s.
psql:run_vacuum_09Jan_6.sql:52: INFO:  aggressively vacuuming "pg_toast.pg_toast_568045127"
psql:run_vacuum_09Jan_6.sql:52: INFO:  table "pg_toast_568045127": found 0 removable, 0 nonremovable row versions in 0 out of 0 pages
DETAIL:  0 dead row versions cannot be removed yet, oldest xmin: 419670507
Skipped 0 pages due to buffer pins, 0 frozen pages.
CPU: user: 0.00 s, system: 0.00 s, elapsed: 0.00 s.
psql:run_vacuum_09Jan_6.sql:52: INFO:  analyzing "ibobadm.psp_source_system_transmission_m032014_from_as400"
psql:run_vacuum_09Jan_6.sql:52: INFO:  "psp_source_system_transmission_m032014_from_as400": scanned 0 of 0 pages, containing 0 live rows and 0 dead rows; 0 rows in sample, 0 estimated total rows
VACUUM
Time: 9.871 ms
psql:run_vacuum_09Jan_6.sql:53: INFO:  aggressively vacuuming "ibobadm.psp_source_system_transmission_m032014_from_cris"
psql:run_vacuum_09Jan_6.sql:53: INFO:  table "psp_source_system_transmission_m032014_from_cris": found 0 removable, 0 nonremovable row versions in 0 out of 0 pages
DETAIL:  0 dead row versions cannot be removed yet, oldest xmin: 419670507
Skipped 0 pages due to buffer pins, 0 frozen pages.
CPU: user: 0.00 s, system: 0.00 s, elapsed: 0.00 s.
psql:run_vacuum_09Jan_6.sql:53: INFO:  aggressively vacuuming "pg_toast.pg_toast_568045135"
psql:run_vacuum_09Jan_6.sql:53: INFO:  table "pg_toast_568045135": found 0 removable, 0 nonremovable row versions in 0 out of 0 pages
DETAIL:  0 dead row versions cannot be removed yet, oldest xmin: 419670507
Skipped 0 pages due to buffer pins, 0 frozen pages.
CPU: user: 0.00 s, system: 0.00 s, elapsed: 0.00 s.
psql:run_vacuum_09Jan_6.sql:53: INFO:  analyzing "ibobadm.psp_source_system_transmission_m032014_from_cris"
psql:run_vacuum_09Jan_6.sql:53: INFO:  "psp_source_system_transmission_m032014_from_cris": scanned 0 of 0 pages, containing 0 live rows and 0 dead rows; 0 rows in sample, 0 estimated total rows
VACUUM
Time: 9.482 ms
psql:run_vacuum_09Jan_6.sql:54: INFO:  aggressively vacuuming "ibobadm.psp_source_system_transmission_m032014_from_dflt"
psql:run_vacuum_09Jan_6.sql:54: INFO:  table "psp_source_system_transmission_m032014_from_dflt": found 0 removable, 0 nonremovable row versions in 0 out of 0 pages
DETAIL:  0 dead row versions cannot be removed yet, oldest xmin: 419670507
Skipped 0 pages due to buffer pins, 0 frozen pages.
CPU: user: 0.00 s, system: 0.00 s, elapsed: 0.00 s.
psql:run_vacuum_09Jan_6.sql:54: INFO:  aggressively vacuuming "pg_toast.pg_toast_568045144"
psql:run_vacuum_09Jan_6.sql:54: INFO:  table "pg_toast_568045144": found 0 removable, 0 nonremovable row versions in 0 out of 0 pages
DETAIL:  0 dead row versions cannot be removed yet, oldest xmin: 419670507
Skipped 0 pages due to buffer pins, 0 frozen pages.
CPU: user: 0.00 s, system: 0.00 s, elapsed: 0.00 s.
psql:run_vacuum_09Jan_6.sql:54: INFO:  analyzing "ibobadm.psp_source_system_transmission_m032014_from_dflt"
psql:run_vacuum_09Jan_6.sql:54: INFO:  "psp_source_system_transmission_m032014_from_dflt": scanned 0 of 0 pages, containing 0 live rows and 0 dead rows; 0 rows in sample, 0 estimated total rows
VACUUM
Time: 9.479 ms
psql:run_vacuum_09Jan_6.sql:55: INFO:  aggressively vacuuming "ibobadm.psp_source_system_transmission_m032014_from_ews"
psql:run_vacuum_09Jan_6.sql:55: INFO:  launched 4 parallel vacuum workers for index cleanup (planned: 4)
psql:run_vacuum_09Jan_6.sql:55: INFO:  table "psp_source_system_transmission_m032014_from_ews": found 0 removable, 106427 nonremovable row versions in 19581 out of 19581 pages
DETAIL:  0 dead row versions cannot be removed yet, oldest xmin: 419670507
Skipped 0 pages due to buffer pins, 0 frozen pages.
CPU: user: 0.38 s, system: 0.02 s, elapsed: 0.73 s.
psql:run_vacuum_09Jan_6.sql:55: INFO:  aggressively vacuuming "pg_toast.pg_toast_568045153"
psql:run_vacuum_09Jan_6.sql:55: INFO:  table "pg_toast_568045153": found 0 removable, 25919 nonremovable row versions in 3703 out of 3703 pages
DETAIL:  0 dead row versions cannot be removed yet, oldest xmin: 419670507
Skipped 0 pages due to buffer pins, 0 frozen pages.
CPU: user: 0.03 s, system: 0.00 s, elapsed: 0.09 s.
psql:run_vacuum_09Jan_6.sql:55: INFO:  analyzing "ibobadm.psp_source_system_transmission_m032014_from_ews"
psql:run_vacuum_09Jan_6.sql:55: INFO:  "psp_source_system_transmission_m032014_from_ews": scanned 19581 of 19581 pages, containing 106427 live rows and 0 dead rows; 106427 rows in sample, 106427 estimated total rows
VACUUM
Time: 4723.768 ms (00:04.724)
 pg_sleep 
----------
 
(1 row)

Time: 60101.393 ms (01:00.101)
psql:run_vacuum_09Jan_6.sql:57: INFO:  aggressively vacuuming "ibobadm.psp_source_system_transmission_m032014_from_psp"
psql:run_vacuum_09Jan_6.sql:57: INFO:  launched 4 parallel vacuum workers for index cleanup (planned: 4)
psql:run_vacuum_09Jan_6.sql:57: INFO:  table "psp_source_system_transmission_m032014_from_psp": found 0 removable, 424717 nonremovable row versions in 51743 out of 51743 pages
DETAIL:  0 dead row versions cannot be removed yet, oldest xmin: 419670733
Skipped 0 pages due to buffer pins, 0 frozen pages.
CPU: user: 1.03 s, system: 0.03 s, elapsed: 1.74 s.
psql:run_vacuum_09Jan_6.sql:57: INFO:  aggressively vacuuming "pg_toast.pg_toast_568045168"
psql:run_vacuum_09Jan_6.sql:57: INFO:  table "pg_toast_568045168": found 0 removable, 590376 nonremovable row versions in 120502 out of 120502 pages
DETAIL:  0 dead row versions cannot be removed yet, oldest xmin: 419670739
Skipped 0 pages due to buffer pins, 0 frozen pages.
CPU: user: 1.13 s, system: 0.01 s, elapsed: 2.74 s.
psql:run_vacuum_09Jan_6.sql:57: INFO:  analyzing "ibobadm.psp_source_system_transmission_m032014_from_psp"
psql:run_vacuum_09Jan_6.sql:57: INFO:  "psp_source_system_transmission_m032014_from_psp": scanned 51743 of 51743 pages, containing 424717 live rows and 0 dead rows; 153600 rows in sample, 424717 estimated total rows
VACUUM
Time: 21788.881 ms (00:21.789)
psql:run_vacuum_09Jan_6.sql:58: INFO:  aggressively vacuuming "ibobadm.psp_source_system_transmission_m102011_from_qbdt"
psql:run_vacuum_09Jan_6.sql:58: INFO:  launched 4 parallel vacuum workers for index cleanup (planned: 4)
psql:run_vacuum_09Jan_6.sql:58: INFO:  table "psp_source_system_transmission_m102011_from_qbdt": found 0 removable, 1246792 nonremovable row versions in 205440 out of 205440 pages
DETAIL:  0 dead row versions cannot be removed yet, oldest xmin: 419670759
Skipped 0 pages due to buffer pins, 0 frozen pages.
CPU: user: 4.24 s, system: 0.19 s, elapsed: 7.07 s.
psql:run_vacuum_09Jan_6.sql:58: INFO:  aggressively vacuuming "pg_toast.pg_toast_568050642"
psql:run_vacuum_09Jan_6.sql:58: INFO:  table "pg_toast_568050642": found 0 removable, 1172615 nonremovable row versions in 266974 out of 266974 pages
DETAIL:  0 dead row versions cannot be removed yet, oldest xmin: 419670759
Skipped 0 pages due to buffer pins, 0 frozen pages.
CPU: user: 2.52 s, system: 0.02 s, elapsed: 5.95 s.
psql:run_vacuum_09Jan_6.sql:58: INFO:  analyzing "ibobadm.psp_source_system_transmission_m102011_from_qbdt"
psql:run_vacuum_09Jan_6.sql:58: INFO:  "psp_source_system_transmission_m102011_from_qbdt": scanned 153600 of 205440 pages, containing 932374 live rows and 0 dead rows; 153600 rows in sample, 1247050 estimated total rows
VACUUM
Time: 20055.166 ms (00:20.055)
psql:run_vacuum_09Jan_6.sql:59: INFO:  aggressively vacuuming "ibobadm.psp_source_system_transmission_m012018_from_cris"
psql:run_vacuum_09Jan_6.sql:59: INFO:  table "psp_source_system_transmission_m012018_from_cris": found 0 removable, 0 nonremovable row versions in 0 out of 0 pages
DETAIL:  0 dead row versions cannot be removed yet, oldest xmin: 419670856
Skipped 0 pages due to buffer pins, 0 frozen pages.
CPU: user: 0.00 s, system: 0.00 s, elapsed: 0.00 s.
psql:run_vacuum_09Jan_6.sql:59: INFO:  aggressively vacuuming "pg_toast.pg_toast_568043830"
psql:run_vacuum_09Jan_6.sql:59: INFO:  table "pg_toast_568043830": found 0 removable, 0 nonremovable row versions in 0 out of 0 pages
DETAIL:  0 dead row versions cannot be removed yet, oldest xmin: 419670856
Skipped 0 pages due to buffer pins, 0 frozen pages.
CPU: user: 0.00 s, system: 0.00 s, elapsed: 0.00 s.
psql:run_vacuum_09Jan_6.sql:59: INFO:  analyzing "ibobadm.psp_source_system_transmission_m012018_from_cris"
psql:run_vacuum_09Jan_6.sql:59: INFO:  "psp_source_system_transmission_m012018_from_cris": scanned 0 of 0 pages, containing 0 live rows and 0 dead rows; 0 rows in sample, 0 estimated total rows
VACUUM
Time: 21.389 ms
psql:run_vacuum_09Jan_6.sql:60: INFO:  aggressively vacuuming "ibobadm.psp_source_system_transmission_m012018_from_as400"
psql:run_vacuum_09Jan_6.sql:60: INFO:  table "psp_source_system_transmission_m012018_from_as400": found 0 removable, 0 nonremovable row versions in 0 out of 0 pages
DETAIL:  0 dead row versions cannot be removed yet, oldest xmin: 419670856
Skipped 0 pages due to buffer pins, 0 frozen pages.
CPU: user: 0.00 s, system: 0.00 s, elapsed: 0.00 s.
psql:run_vacuum_09Jan_6.sql:60: INFO:  aggressively vacuuming "pg_toast.pg_toast_568043820"
psql:run_vacuum_09Jan_6.sql:60: INFO:  table "pg_toast_568043820": found 0 removable, 0 nonremovable row versions in 0 out of 0 pages
DETAIL:  0 dead row versions cannot be removed yet, oldest xmin: 419670856
Skipped 0 pages due to buffer pins, 0 frozen pages.
CPU: user: 0.00 s, system: 0.00 s, elapsed: 0.00 s.
psql:run_vacuum_09Jan_6.sql:60: INFO:  analyzing "ibobadm.psp_source_system_transmission_m012018_from_as400"
psql:run_vacuum_09Jan_6.sql:60: INFO:  "psp_source_system_transmission_m012018_from_as400": scanned 0 of 0 pages, containing 0 live rows and 0 dead rows; 0 rows in sample, 0 estimated total rows
VACUUM
Time: 10.283 ms
psql:run_vacuum_09Jan_6.sql:61: INFO:  aggressively vacuuming "ibobadm.psp_source_system_transmission_m012018_from_ews"
psql:run_vacuum_09Jan_6.sql:61: INFO:  launched 4 parallel vacuum workers for index cleanup (planned: 4)
psql:run_vacuum_09Jan_6.sql:61: INFO:  table "psp_source_system_transmission_m012018_from_ews": found 0 removable, 7529251 nonremovable row versions in 1602974 out of 1602974 pages
DETAIL:  0 dead row versions cannot be removed yet, oldest xmin: 419670856
Skipped 0 pages due to buffer pins, 0 frozen pages.
CPU: user: 31.40 s, system: 0.59 s, elapsed: 54.97 s.
psql:run_vacuum_09Jan_6.sql:61: INFO:  aggressively vacuuming "pg_toast.pg_toast_568043844"
psql:run_vacuum_09Jan_6.sql:61: INFO:  table "pg_toast_568043844": found 0 removable, 1563632 nonremovable row versions in 324424 out of 324424 pages
DETAIL:  0 dead row versions cannot be removed yet, oldest xmin: 419671105
Skipped 0 pages due to buffer pins, 0 frozen pages.
CPU: user: 2.98 s, system: 0.03 s, elapsed: 9.03 s.
psql:run_vacuum_09Jan_6.sql:61: INFO:  analyzing "ibobadm.psp_source_system_transmission_m012018_from_ews"
psql:run_vacuum_09Jan_6.sql:61: INFO:  "psp_source_system_transmission_m012018_from_ews": scanned 153600 of 1602974 pages, containing 721416 live rows and 0 dead rows; 153600 rows in sample, 7528718 estimated total rows
VACUUM
Time: 72236.046 ms (01:12.236)
psql:run_vacuum_09Jan_6.sql:62: INFO:  aggressively vacuuming "ibobadm.psp_source_system_transmission_m012018_from_dflt"
psql:run_vacuum_09Jan_6.sql:62: INFO:  table "psp_source_system_transmission_m012018_from_dflt": found 0 removable, 0 nonremovable row versions in 0 out of 0 pages
DETAIL:  0 dead row versions cannot be removed yet, oldest xmin: 419671170
Skipped 0 pages due to buffer pins, 0 frozen pages.
CPU: user: 0.00 s, system: 0.00 s, elapsed: 0.00 s.
psql:run_vacuum_09Jan_6.sql:62: INFO:  aggressively vacuuming "pg_toast.pg_toast_568043837"
psql:run_vacuum_09Jan_6.sql:62: INFO:  table "pg_toast_568043837": found 0 removable, 0 nonremovable row versions in 0 out of 0 pages
DETAIL:  0 dead row versions cannot be removed yet, oldest xmin: 419671170
Skipped 0 pages due to buffer pins, 0 frozen pages.
CPU: user: 0.00 s, system: 0.00 s, elapsed: 0.00 s.
psql:run_vacuum_09Jan_6.sql:62: INFO:  analyzing "ibobadm.psp_source_system_transmission_m012018_from_dflt"
psql:run_vacuum_09Jan_6.sql:62: INFO:  "psp_source_system_transmission_m012018_from_dflt": scanned 0 of 0 pages, containing 0 live rows and 0 dead rows; 0 rows in sample, 0 estimated total rows
VACUUM
Time: 20.608 ms
psql:run_vacuum_09Jan_6.sql:63: INFO:  aggressively vacuuming "ibobadm.psp_source_system_transmission_m122011_from_dflt"
psql:run_vacuum_09Jan_6.sql:63: INFO:  table "psp_source_system_transmission_m122011_from_dflt": found 0 removable, 0 nonremovable row versions in 0 out of 0 pages
DETAIL:  0 dead row versions cannot be removed yet, oldest xmin: 419671170
Skipped 0 pages due to buffer pins, 0 frozen pages.
CPU: user: 0.00 s, system: 0.00 s, elapsed: 0.00 s.
psql:run_vacuum_09Jan_6.sql:63: INFO:  aggressively vacuuming "pg_toast.pg_toast_568052287"
psql:run_vacuum_09Jan_6.sql:63: INFO:  table "pg_toast_568052287": found 0 removable, 0 nonremovable row versions in 0 out of 0 pages
DETAIL:  0 dead row versions cannot be removed yet, oldest xmin: 419671170
Skipped 0 pages due to buffer pins, 0 frozen pages.
CPU: user: 0.00 s, system: 0.00 s, elapsed: 0.00 s.
psql:run_vacuum_09Jan_6.sql:63: INFO:  analyzing "ibobadm.psp_source_system_transmission_m122011_from_dflt"
psql:run_vacuum_09Jan_6.sql:63: INFO:  "psp_source_system_transmission_m122011_from_dflt": scanned 0 of 0 pages, containing 0 live rows and 0 dead rows; 0 rows in sample, 0 estimated total rows
VACUUM
Time: 9.725 ms
psql:run_vacuum_09Jan_6.sql:64: INFO:  aggressively vacuuming "ibobadm.psp_source_system_transmission_m122011_from_psp"
psql:run_vacuum_09Jan_6.sql:64: INFO:  launched 4 parallel vacuum workers for index cleanup (planned: 4)
psql:run_vacuum_09Jan_6.sql:64: INFO:  table "psp_source_system_transmission_m122011_from_psp": found 0 removable, 158096 nonremovable row versions in 13183 out of 13183 pages
DETAIL:  0 dead row versions cannot be removed yet, oldest xmin: 419671170
Skipped 0 pages due to buffer pins, 0 frozen pages.
CPU: user: 0.29 s, system: 0.00 s, elapsed: 0.47 s.
psql:run_vacuum_09Jan_6.sql:64: INFO:  aggressively vacuuming "pg_toast.pg_toast_568052312"
psql:run_vacuum_09Jan_6.sql:64: INFO:  table "pg_toast_568052312": found 0 removable, 0 nonremovable row versions in 0 out of 0 pages
DETAIL:  0 dead row versions cannot be removed yet, oldest xmin: 419671170
Skipped 0 pages due to buffer pins, 0 frozen pages.
CPU: user: 0.00 s, system: 0.00 s, elapsed: 0.00 s.
psql:run_vacuum_09Jan_6.sql:64: INFO:  analyzing "ibobadm.psp_source_system_transmission_m122011_from_psp"
psql:run_vacuum_09Jan_6.sql:64: INFO:  "psp_source_system_transmission_m122011_from_psp": scanned 13183 of 13183 pages, containing 158096 live rows and 0 dead rows; 153600 rows in sample, 158096 estimated total rows
VACUUM
Time: 8447.488 ms (00:08.447)
psql:run_vacuum_09Jan_6.sql:65: INFO:  aggressively vacuuming "ibobadm.psp_source_system_transmission_m112011_from_dflt"
psql:run_vacuum_09Jan_6.sql:65: INFO:  table "psp_source_system_transmission_m112011_from_dflt": found 0 removable, 0 nonremovable row versions in 0 out of 0 pages
DETAIL:  0 dead row versions cannot be removed yet, oldest xmin: 419671203
Skipped 0 pages due to buffer pins, 0 frozen pages.
CPU: user: 0.00 s, system: 0.00 s, elapsed: 0.00 s.
psql:run_vacuum_09Jan_6.sql:65: INFO:  aggressively vacuuming "pg_toast.pg_toast_568051451"
psql:run_vacuum_09Jan_6.sql:65: INFO:  table "pg_toast_568051451": found 0 removable, 0 nonremovable row versions in 0 out of 0 pages
DETAIL:  0 dead row versions cannot be removed yet, oldest xmin: 419671203
Skipped 0 pages due to buffer pins, 0 frozen pages.
CPU: user: 0.00 s, system: 0.00 s, elapsed: 0.00 s.
psql:run_vacuum_09Jan_6.sql:65: INFO:  analyzing "ibobadm.psp_source_system_transmission_m112011_from_dflt"
psql:run_vacuum_09Jan_6.sql:65: INFO:  "psp_source_system_transmission_m112011_from_dflt": scanned 0 of 0 pages, containing 0 live rows and 0 dead rows; 0 rows in sample, 0 estimated total rows
VACUUM
Time: 20.708 ms
psql:run_vacuum_09Jan_6.sql:66: INFO:  aggressively vacuuming "ibobadm.psp_source_system_transmission_m112011_from_as400"
psql:run_vacuum_09Jan_6.sql:66: INFO:  table "psp_source_system_transmission_m112011_from_as400": found 0 removable, 0 nonremovable row versions in 0 out of 0 pages
DETAIL:  0 dead row versions cannot be removed yet, oldest xmin: 419671203
Skipped 0 pages due to buffer pins, 0 frozen pages.
CPU: user: 0.00 s, system: 0.00 s, elapsed: 0.00 s.
psql:run_vacuum_09Jan_6.sql:66: INFO:  aggressively vacuuming "pg_toast.pg_toast_568051421"
psql:run_vacuum_09Jan_6.sql:66: INFO:  table "pg_toast_568051421": found 0 removable, 0 nonremovable row versions in 0 out of 0 pages
DETAIL:  0 dead row versions cannot be removed yet, oldest xmin: 419671203
Skipped 0 pages due to buffer pins, 0 frozen pages.
CPU: user: 0.00 s, system: 0.00 s, elapsed: 0.00 s.
psql:run_vacuum_09Jan_6.sql:66: INFO:  analyzing "ibobadm.psp_source_system_transmission_m112011_from_as400"
psql:run_vacuum_09Jan_6.sql:66: INFO:  "psp_source_system_transmission_m112011_from_as400": scanned 0 of 0 pages, containing 0 live rows and 0 dead rows; 0 rows in sample, 0 estimated total rows
VACUUM
Time: 10.311 ms
