Timing is on.
SET
Time: 1.169 ms
VACUUM
Time: 12.606 ms
VACUUM
Time: 10.773 ms
VACUUM
Time: 141970.503 ms (02:21.971)
VACUUM
Time: 142360.501 ms (02:22.361)
VACUUM
Time: 142192.872 ms (02:22.193)
VACUUM
Time: 142474.096 ms (02:22.474)
VACUUM
Time: 47302.302 ms (00:47.302)
VACUUM
Time: 142241.128 ms (02:22.241)
VACUUM
Time: 143376.126 ms (02:23.376)
VACUUM
Time: 143446.105 ms (02:23.446)
 pg_sleep 
----------
 
(1 row)

Time: 60101.844 ms (01:00.102)
VACUUM
Time: 143063.811 ms (02:23.064)
VACUUM
Time: 141417.215 ms (02:21.417)
VACUUM
Time: 141314.195 ms (02:21.314)
VACUUM
Time: 72623.443 ms (01:12.623)
VACUUM
Time: 47105.967 ms (00:47.106)
VACUUM
Time: 145713.527 ms (02:25.714)
VACUUM
Time: 145254.616 ms (02:25.255)
VACUUM
Time: 142701.315 ms (02:22.701)
VACUUM
Time: 141075.301 ms (02:21.075)
VACUUM
Time: 45624.776 ms (00:45.625)
 pg_sleep 
----------
 
(1 row)

Time: 60097.459 ms (01:00.097)
VACUUM
Time: 39013.813 ms (00:39.014)
VACUUM
Time: 57.134 ms
VACUUM
Time: 17.001 ms
VACUUM
Time: 12.115 ms
VACUUM
Time: 42.673 ms
VACUUM
Time: 101.759 ms
VACUUM
Time: 36.137 ms
VACUUM
Time: 17.680 ms
VACUUM
Time: 17.457 ms
VACUUM
Time: 23.303 ms
Time: 28.302 ms
Time: 7.762 ms
Time: 7.278 ms
Time: 7.251 ms
Time: 7.165 ms
Time: 7.258 ms
Time: 7.145 ms
Time: 7.145 ms
VACUUM
Time: 45453.044 ms (00:45.453)
VACUUM
Time: 15898.065 ms (00:15.898)
VACUUM
Time: 37.852 ms
VACUUM
Time: 28896.622 ms (00:28.897)
VACUUM
Time: 26873.159 ms (00:26.873)
VACUUM
Time: 28.033 ms
 pg_sleep 
----------
 
(1 row)

Time: 60014.054 ms (01:00.014)
VACUUM
Time: 14186.077 ms (00:14.186)
VACUUM
Time: 548.735 ms
VACUUM
Time: 35263.374 ms (00:35.263)
VACUUM
Time: 542.184 ms
VACUUM
Time: 28.181 ms
VACUUM
Time: 37656.367 ms (00:37.656)
VACUUM
Time: 28322.914 ms (00:28.323)
VACUUM
Time: 16671.677 ms (00:16.672)
VACUUM
Time: 17661.647 ms (00:17.662)
VACUUM
Time: 26.716 ms
VACUUM
Time: 18503.874 ms (00:18.504)
VACUUM
Time: 20483.331 ms (00:20.483)
VACUUM
Time: 28.452 ms
VACUUM
Time: 33335.160 ms (00:33.335)
VACUUM
Time: 21602.973 ms (00:21.603)
VACUUM
Time: 1923.466 ms (00:01.923)
VACUUM
Time: 35.371 ms
VACUUM
Time: 544.591 ms
VACUUM
Time: 484.786 ms
VACUUM
Time: 40075.006 ms (00:40.075)
VACUUM
Time: 28.186 ms
VACUUM
Time: 14580.792 ms (00:14.581)
VACUUM
Time: 37106.297 ms (00:37.106)
VACUUM
Time: 35.833 ms
VACUUM
Time: 29164.109 ms (00:29.164)
VACUUM
Time: 29168.863 ms (00:29.169)
VACUUM
Time: 533.340 ms
VACUUM
Time: 39690.806 ms (00:39.691)
VACUUM
Time: 28706.627 ms (00:28.707)
VACUUM
Time: 28.515 ms
VACUUM
Time: 29887.287 ms (00:29.887)
VACUUM
Time: 538.324 ms
VACUUM
Time: 29954.649 ms (00:29.955)
VACUUM
Time: 36.331 ms
VACUUM
Time: 14568.110 ms (00:14.568)
