Timing is on.
SET
Time: 1.161 ms
VACUUM
Time: 11934.162 ms (00:11.934)
VACUUM
Time: 58106.974 ms (00:58.107)
VACUUM
Time: 21.530 ms
VACUUM
Time: 10.399 ms
VACUUM
Time: 45635.547 ms (00:45.636)
VACUUM
Time: 21.430 ms
VACUUM
Time: 10.600 ms
VACUUM
Time: 10.092 ms
VACUUM
Time: 10.100 ms
VACUUM
Time: 9.984 ms
 pg_sleep 
----------
 
(1 row)

Time: 60072.929 ms (01:00.073)
VACUUM
Time: 21.554 ms
VACUUM
Time: 143996.474 ms (02:23.996)
VACUUM
Time: 143075.400 ms (02:23.075)
VACUUM
Time: 21.395 ms
VACUUM
Time: 10.325 ms
VACUUM
Time: 142918.817 ms (02:22.919)
VACUUM
Time: 21.627 ms
VACUUM
Time: 122.963 ms
VACUUM
Time: 11.459 ms
 pg_sleep 
----------
 
(1 row)

Time: 60079.379 ms (01:00.079)
VACUUM
Time: 22.190 ms
VACUUM
Time: 11233.301 ms (00:11.233)
VACUUM
Time: 11.133 ms
VACUUM
Time: 10.522 ms
VACUUM
Time: 10.692 ms
VACUUM
Time: 140000.306 ms (02:20.000)
VACUUM
Time: 11.040 ms
VACUUM
Time: 10.697 ms
VACUUM
Time: 10.642 ms
VACUUM
Time: 140169.720 ms (02:20.170)
 pg_sleep 
----------
 
(1 row)

Time: 60101.307 ms (01:00.101)
VACUUM
Time: 12247.422 ms (00:12.247)
VACUUM
Time: 145370.995 ms (02:25.371)
VACUUM
Time: 142940.862 ms (02:22.941)
VACUUM
Time: 11.172 ms
VACUUM
Time: 10.360 ms
VACUUM
Time: 10.405 ms
VACUUM
Time: 140098.073 ms (02:20.098)
VACUUM
Time: 141119.640 ms (02:21.120)
VACUUM
Time: 21.428 ms
VACUUM
Time: 138956.834 ms (02:18.957)
 pg_sleep 
----------
 
(1 row)

Time: 60101.311 ms (01:00.101)
VACUUM
Time: 5434.560 ms (00:05.435)
VACUUM
Time: 11.229 ms
VACUUM
Time: 5197.089 ms (00:05.197)
VACUUM
Time: 5755.083 ms (00:05.755)
VACUUM
Time: 5818.654 ms (00:05.819)
VACUUM
Time: 21.318 ms
VACUUM
Time: 10.384 ms
VACUUM
Time: 8325.262 ms (00:08.325)
VACUUM
Time: 11.421 ms
VACUUM
Time: 144274.394 ms (02:24.274)
