Timing is on.
SET
Time: 1.152 ms
psql:run_vacuum_10Jan_1a.sql:3: INFO:  aggressively vacuuming "ibobadm.psp_source_system_transmission_m092014_from_as400"
psql:run_vacuum_10Jan_1a.sql:3: INFO:  table "psp_source_system_transmission_m092014_from_as400": found 0 removable, 0 nonremovable row versions in 0 out of 0 pages
DETAIL:  0 dead row versions cannot be removed yet, oldest xmin: 422447554
Skipped 0 pages due to buffer pins, 0 frozen pages.
CPU: user: 0.00 s, system: 0.00 s, elapsed: 0.00 s.
psql:run_vacuum_10Jan_1a.sql:3: INFO:  aggressively vacuuming "pg_toast.pg_toast_568049928"
psql:run_vacuum_10Jan_1a.sql:3: INFO:  table "pg_toast_568049928": found 0 removable, 0 nonremovable row versions in 0 out of 0 pages
DETAIL:  0 dead row versions cannot be removed yet, oldest xmin: 422447554
Skipped 0 pages due to buffer pins, 0 frozen pages.
CPU: user: 0.00 s, system: 0.00 s, elapsed: 0.00 s.
psql:run_vacuum_10Jan_1a.sql:3: INFO:  analyzing "ibobadm.psp_source_system_transmission_m092014_from_as400"
psql:run_vacuum_10Jan_1a.sql:3: INFO:  "psp_source_system_transmission_m092014_from_as400": scanned 0 of 0 pages, containing 0 live rows and 0 dead rows; 0 rows in sample, 0 estimated total rows
VACUUM
Time: 22.471 ms
psql:run_vacuum_10Jan_1a.sql:4: INFO:  aggressively vacuuming "ibobadm.psp_source_system_transmission_m042018_from_as400"
psql:run_vacuum_10Jan_1a.sql:4: INFO:  table "psp_source_system_transmission_m042018_from_as400": found 0 removable, 0 nonremovable row versions in 0 out of 0 pages
DETAIL:  0 dead row versions cannot be removed yet, oldest xmin: 422447554
Skipped 0 pages due to buffer pins, 0 frozen pages.
CPU: user: 0.00 s, system: 0.00 s, elapsed: 0.00 s.
psql:run_vacuum_10Jan_1a.sql:4: INFO:  aggressively vacuuming "pg_toast.pg_toast_568046165"
psql:run_vacuum_10Jan_1a.sql:4: INFO:  table "pg_toast_568046165": found 0 removable, 0 nonremovable row versions in 0 out of 0 pages
DETAIL:  0 dead row versions cannot be removed yet, oldest xmin: 422447554
Skipped 0 pages due to buffer pins, 0 frozen pages.
CPU: user: 0.00 s, system: 0.00 s, elapsed: 0.00 s.
psql:run_vacuum_10Jan_1a.sql:4: INFO:  analyzing "ibobadm.psp_source_system_transmission_m042018_from_as400"
psql:run_vacuum_10Jan_1a.sql:4: INFO:  "psp_source_system_transmission_m042018_from_as400": scanned 0 of 0 pages, containing 0 live rows and 0 dead rows; 0 rows in sample, 0 estimated total rows
VACUUM
Time: 9.593 ms
psql:run_vacuum_10Jan_1a.sql:5: INFO:  aggressively vacuuming "ibobadm.psp_source_system_transmission_m112014_from_as400"
psql:run_vacuum_10Jan_1a.sql:5: INFO:  table "psp_source_system_transmission_m112014_from_as400": found 0 removable, 0 nonremovable row versions in 0 out of 0 pages
DETAIL:  0 dead row versions cannot be removed yet, oldest xmin: 422447554
Skipped 0 pages due to buffer pins, 0 frozen pages.
CPU: user: 0.00 s, system: 0.00 s, elapsed: 0.00 s.
psql:run_vacuum_10Jan_1a.sql:5: INFO:  aggressively vacuuming "pg_toast.pg_toast_568051611"
psql:run_vacuum_10Jan_1a.sql:5: INFO:  table "pg_toast_568051611": found 0 removable, 0 nonremovable row versions in 0 out of 0 pages
DETAIL:  0 dead row versions cannot be removed yet, oldest xmin: 422447554
Skipped 0 pages due to buffer pins, 0 frozen pages.
CPU: user: 0.00 s, system: 0.00 s, elapsed: 0.00 s.
psql:run_vacuum_10Jan_1a.sql:5: INFO:  analyzing "ibobadm.psp_source_system_transmission_m112014_from_as400"
psql:run_vacuum_10Jan_1a.sql:5: INFO:  "psp_source_system_transmission_m112014_from_as400": scanned 0 of 0 pages, containing 0 live rows and 0 dead rows; 0 rows in sample, 0 estimated total rows
VACUUM
Time: 9.449 ms
psql:run_vacuum_10Jan_1a.sql:6: INFO:  aggressively vacuuming "ibobadm.psp_source_system_transmission_m122014_from_as400"
psql:run_vacuum_10Jan_1a.sql:6: INFO:  table "psp_source_system_transmission_m122014_from_as400": found 0 removable, 0 nonremovable row versions in 0 out of 0 pages
DETAIL:  0 dead row versions cannot be removed yet, oldest xmin: 422447554
Skipped 0 pages due to buffer pins, 0 frozen pages.
CPU: user: 0.00 s, system: 0.00 s, elapsed: 0.00 s.
psql:run_vacuum_10Jan_1a.sql:6: INFO:  aggressively vacuuming "pg_toast.pg_toast_568052445"
psql:run_vacuum_10Jan_1a.sql:6: INFO:  table "pg_toast_568052445": found 0 removable, 0 nonremovable row versions in 0 out of 0 pages
DETAIL:  0 dead row versions cannot be removed yet, oldest xmin: 422447554
Skipped 0 pages due to buffer pins, 0 frozen pages.
CPU: user: 0.00 s, system: 0.00 s, elapsed: 0.00 s.
psql:run_vacuum_10Jan_1a.sql:6: INFO:  analyzing "ibobadm.psp_source_system_transmission_m122014_from_as400"
psql:run_vacuum_10Jan_1a.sql:6: INFO:  "psp_source_system_transmission_m122014_from_as400": scanned 0 of 0 pages, containing 0 live rows and 0 dead rows; 0 rows in sample, 0 estimated total rows
VACUUM
Time: 9.271 ms
psql:run_vacuum_10Jan_1a.sql:7: INFO:  aggressively vacuuming "ibobadm.psp_source_system_transmission_m052018_from_as400"
psql:run_vacuum_10Jan_1a.sql:7: INFO:  table "psp_source_system_transmission_m052018_from_as400": found 0 removable, 0 nonremovable row versions in 0 out of 0 pages
DETAIL:  0 dead row versions cannot be removed yet, oldest xmin: 422447554
Skipped 0 pages due to buffer pins, 0 frozen pages.
CPU: user: 0.00 s, system: 0.00 s, elapsed: 0.00 s.
psql:run_vacuum_10Jan_1a.sql:7: INFO:  aggressively vacuuming "pg_toast.pg_toast_568046939"
psql:run_vacuum_10Jan_1a.sql:7: INFO:  table "pg_toast_568046939": found 0 removable, 0 nonremovable row versions in 0 out of 0 pages
DETAIL:  0 dead row versions cannot be removed yet, oldest xmin: 422447554
Skipped 0 pages due to buffer pins, 0 frozen pages.
CPU: user: 0.00 s, system: 0.00 s, elapsed: 0.00 s.
psql:run_vacuum_10Jan_1a.sql:7: INFO:  analyzing "ibobadm.psp_source_system_transmission_m052018_from_as400"
psql:run_vacuum_10Jan_1a.sql:7: INFO:  "psp_source_system_transmission_m052018_from_as400": scanned 0 of 0 pages, containing 0 live rows and 0 dead rows; 0 rows in sample, 0 estimated total rows
VACUUM
Time: 9.136 ms
psql:run_vacuum_10Jan_1a.sql:8: INFO:  aggressively vacuuming "ibobadm.psp_source_system_transmission_m062018_from_as400"
psql:run_vacuum_10Jan_1a.sql:8: INFO:  table "psp_source_system_transmission_m062018_from_as400": found 0 removable, 0 nonremovable row versions in 0 out of 0 pages
DETAIL:  0 dead row versions cannot be removed yet, oldest xmin: 422447554
Skipped 0 pages due to buffer pins, 0 frozen pages.
CPU: user: 0.00 s, system: 0.00 s, elapsed: 0.00 s.
psql:run_vacuum_10Jan_1a.sql:8: INFO:  aggressively vacuuming "pg_toast.pg_toast_568047697"
psql:run_vacuum_10Jan_1a.sql:8: INFO:  table "pg_toast_568047697": found 0 removable, 0 nonremovable row versions in 0 out of 0 pages
DETAIL:  0 dead row versions cannot be removed yet, oldest xmin: 422447554
Skipped 0 pages due to buffer pins, 0 frozen pages.
CPU: user: 0.00 s, system: 0.00 s, elapsed: 0.00 s.
psql:run_vacuum_10Jan_1a.sql:8: INFO:  analyzing "ibobadm.psp_source_system_transmission_m062018_from_as400"
psql:run_vacuum_10Jan_1a.sql:8: INFO:  "psp_source_system_transmission_m062018_from_as400": scanned 0 of 0 pages, containing 0 live rows and 0 dead rows; 0 rows in sample, 0 estimated total rows
VACUUM
Time: 9.431 ms
psql:run_vacuum_10Jan_1a.sql:9: INFO:  aggressively vacuuming "ibobadm.psp_source_system_transmission_m072018_from_as400"
psql:run_vacuum_10Jan_1a.sql:9: INFO:  table "psp_source_system_transmission_m072018_from_as400": found 0 removable, 0 nonremovable row versions in 0 out of 0 pages
DETAIL:  0 dead row versions cannot be removed yet, oldest xmin: 422447554
Skipped 0 pages due to buffer pins, 0 frozen pages.
CPU: user: 0.00 s, system: 0.00 s, elapsed: 0.00 s.
psql:run_vacuum_10Jan_1a.sql:9: INFO:  aggressively vacuuming "pg_toast.pg_toast_568048516"
psql:run_vacuum_10Jan_1a.sql:9: INFO:  table "pg_toast_568048516": found 0 removable, 0 nonremovable row versions in 0 out of 0 pages
DETAIL:  0 dead row versions cannot be removed yet, oldest xmin: 422447554
Skipped 0 pages due to buffer pins, 0 frozen pages.
CPU: user: 0.00 s, system: 0.00 s, elapsed: 0.00 s.
psql:run_vacuum_10Jan_1a.sql:9: INFO:  analyzing "ibobadm.psp_source_system_transmission_m072018_from_as400"
psql:run_vacuum_10Jan_1a.sql:9: INFO:  "psp_source_system_transmission_m072018_from_as400": scanned 0 of 0 pages, containing 0 live rows and 0 dead rows; 0 rows in sample, 0 estimated total rows
VACUUM
Time: 9.313 ms
psql:run_vacuum_10Jan_1a.sql:10: INFO:  aggressively vacuuming "ibobadm.psp_source_system_transmission_m082018_from_as400"
psql:run_vacuum_10Jan_1a.sql:10: INFO:  table "psp_source_system_transmission_m082018_from_as400": found 0 removable, 0 nonremovable row versions in 0 out of 0 pages
DETAIL:  0 dead row versions cannot be removed yet, oldest xmin: 422447554
Skipped 0 pages due to buffer pins, 0 frozen pages.
CPU: user: 0.00 s, system: 0.00 s, elapsed: 0.00 s.
psql:run_vacuum_10Jan_1a.sql:10: INFO:  aggressively vacuuming "pg_toast.pg_toast_568049339"
psql:run_vacuum_10Jan_1a.sql:10: INFO:  table "pg_toast_568049339": found 0 removable, 0 nonremovable row versions in 0 out of 0 pages
DETAIL:  0 dead row versions cannot be removed yet, oldest xmin: 422447554
Skipped 0 pages due to buffer pins, 0 frozen pages.
CPU: user: 0.00 s, system: 0.00 s, elapsed: 0.00 s.
psql:run_vacuum_10Jan_1a.sql:10: INFO:  analyzing "ibobadm.psp_source_system_transmission_m082018_from_as400"
psql:run_vacuum_10Jan_1a.sql:10: INFO:  "psp_source_system_transmission_m082018_from_as400": scanned 0 of 0 pages, containing 0 live rows and 0 dead rows; 0 rows in sample, 0 estimated total rows
VACUUM
Time: 9.096 ms
