Timing is on.
SET
Time: 1.221 ms
psql:run_vacuum_10Jan_4.sql:3: INFO:  aggressively vacuuming "ibobadm.psp_source_system_transmission_m092014_from_cris"
psql:run_vacuum_10Jan_4.sql:3: INFO:  table "psp_source_system_transmission_m092014_from_cris": found 0 removable, 0 nonremovable row versions in 0 out of 0 pages
DETAIL:  0 dead row versions cannot be removed yet, oldest xmin: 422467380
Skipped 0 pages due to buffer pins, 0 frozen pages.
CPU: user: 0.00 s, system: 0.00 s, elapsed: 0.00 s.
psql:run_vacuum_10Jan_4.sql:3: INFO:  aggressively vacuuming "pg_toast.pg_toast_568049939"
psql:run_vacuum_10Jan_4.sql:3: INFO:  table "pg_toast_568049939": found 0 removable, 0 nonremovable row versions in 0 out of 0 pages
DETAIL:  0 dead row versions cannot be removed yet, oldest xmin: 422467380
Skipped 0 pages due to buffer pins, 0 frozen pages.
CPU: user: 0.00 s, system: 0.00 s, elapsed: 0.00 s.
psql:run_vacuum_10Jan_4.sql:3: INFO:  analyzing "ibobadm.psp_source_system_transmission_m092014_from_cris"
psql:run_vacuum_10Jan_4.sql:3: INFO:  "psp_source_system_transmission_m092014_from_cris": scanned 0 of 0 pages, containing 0 live rows and 0 dead rows; 0 rows in sample, 0 estimated total rows
VACUUM
Time: 22.483 ms
psql:run_vacuum_10Jan_4.sql:4: INFO:  aggressively vacuuming "ibobadm.psp_source_system_transmission_m042018_from_ews"
psql:run_vacuum_10Jan_4.sql:4: INFO:  launched 4 parallel vacuum workers for index cleanup (planned: 4)
psql:run_vacuum_10Jan_4.sql:4: INFO:  table "psp_source_system_transmission_m042018_from_ews": found 0 removable, 6081376 nonremovable row versions in 1300813 out of 1300813 pages
DETAIL:  0 dead row versions cannot be removed yet, oldest xmin: 422467380
Skipped 0 pages due to buffer pins, 0 frozen pages.
CPU: user: 27.11 s, system: 0.87 s, elapsed: 45.41 s.
psql:run_vacuum_10Jan_4.sql:4: INFO:  aggressively vacuuming "pg_toast.pg_toast_568046190"
psql:run_vacuum_10Jan_4.sql:4: INFO:  table "pg_toast_568046190": found 0 removable, 1261777 nonremovable row versions in 263856 out of 263856 pages
DETAIL:  0 dead row versions cannot be removed yet, oldest xmin: 422467468
Skipped 0 pages due to buffer pins, 0 frozen pages.
CPU: user: 2.62 s, system: 0.00 s, elapsed: 6.39 s.
psql:run_vacuum_10Jan_4.sql:4: INFO:  analyzing "ibobadm.psp_source_system_transmission_m042018_from_ews"
psql:run_vacuum_10Jan_4.sql:4: INFO:  "psp_source_system_transmission_m042018_from_ews": scanned 153600 of 1300813 pages, containing 718069 live rows and 0 dead rows; 153600 rows in sample, 6081208 estimated total rows
VACUUM
Time: 120727.572 ms (02:00.728)
psql:run_vacuum_10Jan_4.sql:5: INFO:  aggressively vacuuming "ibobadm.psp_source_system_transmission_m052018_from_cris"
psql:run_vacuum_10Jan_4.sql:5: INFO:  table "psp_source_system_transmission_m052018_from_cris": found 0 removable, 0 nonremovable row versions in 0 out of 0 pages
DETAIL:  0 dead row versions cannot be removed yet, oldest xmin: 422467887
Skipped 0 pages due to buffer pins, 0 frozen pages.
CPU: user: 0.00 s, system: 0.00 s, elapsed: 0.00 s.
psql:run_vacuum_10Jan_4.sql:5: INFO:  aggressively vacuuming "pg_toast.pg_toast_568046947"
psql:run_vacuum_10Jan_4.sql:5: INFO:  table "pg_toast_568046947": found 0 removable, 0 nonremovable row versions in 0 out of 0 pages
DETAIL:  0 dead row versions cannot be removed yet, oldest xmin: 422467887
Skipped 0 pages due to buffer pins, 0 frozen pages.
CPU: user: 0.00 s, system: 0.00 s, elapsed: 0.00 s.
psql:run_vacuum_10Jan_4.sql:5: INFO:  analyzing "ibobadm.psp_source_system_transmission_m052018_from_cris"
psql:run_vacuum_10Jan_4.sql:5: INFO:  "psp_source_system_transmission_m052018_from_cris": scanned 0 of 0 pages, containing 0 live rows and 0 dead rows; 0 rows in sample, 0 estimated total rows
VACUUM
Time: 20.731 ms
psql:run_vacuum_10Jan_4.sql:6: INFO:  aggressively vacuuming "ibobadm.psp_source_system_transmission_m062018_from_ews"
psql:run_vacuum_10Jan_4.sql:6: INFO:  launched 4 parallel vacuum workers for index cleanup (planned: 4)
psql:run_vacuum_10Jan_4.sql:6: INFO:  table "psp_source_system_transmission_m062018_from_ews": found 0 removable, 3879731 nonremovable row versions in 750433 out of 750433 pages
DETAIL:  0 dead row versions cannot be removed yet, oldest xmin: 422467887
Skipped 0 pages due to buffer pins, 0 frozen pages.
CPU: user: 15.68 s, system: 0.67 s, elapsed: 26.99 s.
psql:run_vacuum_10Jan_4.sql:6: INFO:  aggressively vacuuming "pg_toast.pg_toast_568047722"
psql:run_vacuum_10Jan_4.sql:6: INFO:  table "pg_toast_568047722": found 0 removable, 1238149 nonremovable row versions in 260625 out of 260625 pages
DETAIL:  0 dead row versions cannot be removed yet, oldest xmin: 422467936
Skipped 0 pages due to buffer pins, 0 frozen pages.
CPU: user: 2.64 s, system: 0.00 s, elapsed: 6.60 s.
psql:run_vacuum_10Jan_4.sql:6: INFO:  analyzing "ibobadm.psp_source_system_transmission_m062018_from_ews"
psql:run_vacuum_10Jan_4.sql:6: INFO:  "psp_source_system_transmission_m062018_from_ews": scanned 153600 of 750433 pages, containing 794398 live rows and 0 dead rows; 153600 rows in sample, 3881136 estimated total rows
VACUUM
Time: 104440.209 ms (01:44.440)
psql:run_vacuum_10Jan_4.sql:7: INFO:  aggressively vacuuming "ibobadm.psp_source_system_transmission_m072018_from_cris"
psql:run_vacuum_10Jan_4.sql:7: INFO:  table "psp_source_system_transmission_m072018_from_cris": found 0 removable, 0 nonremovable row versions in 0 out of 0 pages
DETAIL:  0 dead row versions cannot be removed yet, oldest xmin: 422468049
Skipped 0 pages due to buffer pins, 0 frozen pages.
CPU: user: 0.00 s, system: 0.00 s, elapsed: 0.00 s.
psql:run_vacuum_10Jan_4.sql:7: INFO:  aggressively vacuuming "pg_toast.pg_toast_568048525"
psql:run_vacuum_10Jan_4.sql:7: INFO:  table "pg_toast_568048525": found 0 removable, 0 nonremovable row versions in 0 out of 0 pages
DETAIL:  0 dead row versions cannot be removed yet, oldest xmin: 422468049
Skipped 0 pages due to buffer pins, 0 frozen pages.
CPU: user: 0.00 s, system: 0.00 s, elapsed: 0.00 s.
psql:run_vacuum_10Jan_4.sql:7: INFO:  analyzing "ibobadm.psp_source_system_transmission_m072018_from_cris"
psql:run_vacuum_10Jan_4.sql:7: INFO:  "psp_source_system_transmission_m072018_from_cris": scanned 0 of 0 pages, containing 0 live rows and 0 dead rows; 0 rows in sample, 0 estimated total rows
VACUUM
Time: 21.226 ms
psql:run_vacuum_10Jan_4.sql:8: INFO:  aggressively vacuuming "ibobadm.psp_source_system_transmission_m082018_from_dflt"
psql:run_vacuum_10Jan_4.sql:8: INFO:  table "psp_source_system_transmission_m082018_from_dflt": found 0 removable, 0 nonremovable row versions in 0 out of 0 pages
DETAIL:  0 dead row versions cannot be removed yet, oldest xmin: 422468049
Skipped 0 pages due to buffer pins, 0 frozen pages.
CPU: user: 0.00 s, system: 0.00 s, elapsed: 0.00 s.
psql:run_vacuum_10Jan_4.sql:8: INFO:  aggressively vacuuming "pg_toast.pg_toast_568049356"
psql:run_vacuum_10Jan_4.sql:8: INFO:  table "pg_toast_568049356": found 0 removable, 0 nonremovable row versions in 0 out of 0 pages
DETAIL:  0 dead row versions cannot be removed yet, oldest xmin: 422468049
Skipped 0 pages due to buffer pins, 0 frozen pages.
CPU: user: 0.00 s, system: 0.00 s, elapsed: 0.00 s.
psql:run_vacuum_10Jan_4.sql:8: INFO:  analyzing "ibobadm.psp_source_system_transmission_m082018_from_dflt"
psql:run_vacuum_10Jan_4.sql:8: INFO:  "psp_source_system_transmission_m082018_from_dflt": scanned 0 of 0 pages, containing 0 live rows and 0 dead rows; 0 rows in sample, 0 estimated total rows
VACUUM
Time: 10.322 ms
psql:run_vacuum_10Jan_4.sql:9: INFO:  vacuuming "perfstat.pg_stat_activity_sample_p2022_10_12"
psql:run_vacuum_10Jan_4.sql:9: INFO:  launched 1 parallel vacuum worker for index cleanup (planned: 1)
psql:run_vacuum_10Jan_4.sql:9: INFO:  table "pg_stat_activity_sample_p2022_10_12": found 0 removable, 11 nonremovable row versions in 1 out of 41664 pages
DETAIL:  0 dead row versions cannot be removed yet, oldest xmin: 422468049
Skipped 0 pages due to buffer pins, 6924 frozen pages.
CPU: user: 0.01 s, system: 0.03 s, elapsed: 0.05 s.
psql:run_vacuum_10Jan_4.sql:9: INFO:  vacuuming "pg_toast.pg_toast_1503549904"
psql:run_vacuum_10Jan_4.sql:9: INFO:  table "pg_toast_1503549904": found 0 removable, 0 nonremovable row versions in 0 out of 0 pages
DETAIL:  0 dead row versions cannot be removed yet, oldest xmin: 422468049
Skipped 0 pages due to buffer pins, 0 frozen pages.
CPU: user: 0.00 s, system: 0.00 s, elapsed: 0.00 s.
psql:run_vacuum_10Jan_4.sql:9: INFO:  analyzing "perfstat.pg_stat_activity_sample_p2022_10_12"
psql:run_vacuum_10Jan_4.sql:9: INFO:  "pg_stat_activity_sample_p2022_10_12": scanned 41664 of 41664 pages, containing 1068441 live rows and 0 dead rows; 153600 rows in sample, 1068441 estimated total rows
VACUUM
Time: 22800.516 ms (00:22.801)
psql:run_vacuum_10Jan_4.sql:10: INFO:  vacuuming "perfstat.pg_stat_statements_hist_p2022_10_12"
psql:run_vacuum_10Jan_4.sql:10: INFO:  launched 3 parallel vacuum workers for index cleanup (planned: 3)
psql:run_vacuum_10Jan_4.sql:10: INFO:  table "pg_stat_statements_hist_p2022_10_12": found 0 removable, 6 nonremovable row versions in 1 out of 33961 pages
DETAIL:  0 dead row versions cannot be removed yet, oldest xmin: 422468049
Skipped 0 pages due to buffer pins, 4149 frozen pages.
CPU: user: 0.00 s, system: 0.03 s, elapsed: 0.04 s.
psql:run_vacuum_10Jan_4.sql:10: INFO:  vacuuming "pg_toast.pg_toast_1503549940"
psql:run_vacuum_10Jan_4.sql:10: INFO:  table "pg_toast_1503549940": found 0 removable, 0 nonremovable row versions in 0 out of 0 pages
DETAIL:  0 dead row versions cannot be removed yet, oldest xmin: 422468049
Skipped 0 pages due to buffer pins, 0 frozen pages.
CPU: user: 0.00 s, system: 0.00 s, elapsed: 0.00 s.
psql:run_vacuum_10Jan_4.sql:10: INFO:  analyzing "perfstat.pg_stat_statements_hist_p2022_10_12"
psql:run_vacuum_10Jan_4.sql:10: INFO:  "pg_stat_statements_hist_p2022_10_12": scanned 33961 of 33961 pages, containing 439526 live rows and 0 dead rows; 153600 rows in sample, 439526 estimated total rows
VACUUM
Time: 33998.930 ms (00:33.999)
psql:run_vacuum_10Jan_4.sql:11: INFO:  vacuuming "perfstat.pg_stat_all_indexes_hist_p2022_10_12"
psql:run_vacuum_10Jan_4.sql:11: INFO:  launched 1 parallel vacuum worker for index cleanup (planned: 1)
psql:run_vacuum_10Jan_4.sql:11: INFO:  table "pg_stat_all_indexes_hist_p2022_10_12": found 0 removable, 3 nonremovable row versions in 1 out of 28811 pages
DETAIL:  0 dead row versions cannot be removed yet, oldest xmin: 422468420
Skipped 0 pages due to buffer pins, 601 frozen pages.
CPU: user: 0.00 s, system: 0.02 s, elapsed: 0.03 s.
psql:run_vacuum_10Jan_4.sql:11: INFO:  analyzing "perfstat.pg_stat_all_indexes_hist_p2022_10_12"
psql:run_vacuum_10Jan_4.sql:11: INFO:  "pg_stat_all_indexes_hist_p2022_10_12": scanned 28811 of 28811 pages, containing 806683 live rows and 0 dead rows; 153600 rows in sample, 806683 estimated total rows
VACUUM
Time: 18749.853 ms (00:18.750)
psql:run_vacuum_10Jan_4.sql:12: INFO:  vacuuming "perfstat.dba_plans_hist_p2022_10_12"
psql:run_vacuum_10Jan_4.sql:12: INFO:  launched 3 parallel vacuum workers for index cleanup (planned: 3)
psql:run_vacuum_10Jan_4.sql:12: INFO:  table "dba_plans_hist_p2022_10_12": found 0 removable, 4 nonremovable row versions in 1 out of 15139 pages
DETAIL:  0 dead row versions cannot be removed yet, oldest xmin: 422468532
Skipped 0 pages due to buffer pins, 1349 frozen pages.
CPU: user: 0.00 s, system: 0.01 s, elapsed: 0.02 s.
psql:run_vacuum_10Jan_4.sql:12: INFO:  vacuuming "pg_toast.pg_toast_1503549977"
psql:run_vacuum_10Jan_4.sql:12: INFO:  table "pg_toast_1503549977": found 0 removable, 1 nonremovable row versions in 1 out of 26722 pages
DETAIL:  0 dead row versions cannot be removed yet, oldest xmin: 422468532
Skipped 0 pages due to buffer pins, 4538 frozen pages.
CPU: user: 0.00 s, system: 0.00 s, elapsed: 0.00 s.
psql:run_vacuum_10Jan_4.sql:12: INFO:  analyzing "perfstat.dba_plans_hist_p2022_10_12"
psql:run_vacuum_10Jan_4.sql:12: INFO:  "dba_plans_hist_p2022_10_12": scanned 15139 of 15139 pages, containing 82611 live rows and 0 dead rows; 82611 rows in sample, 82611 estimated total rows
VACUUM
Time: 8428.027 ms (00:08.428)
psql:run_vacuum_10Jan_4.sql:13: INFO:  vacuuming "perfstat.pg_stat_all_tables_hist_p2022_10_12"
psql:run_vacuum_10Jan_4.sql:13: INFO:  launched 1 parallel vacuum worker for index cleanup (planned: 1)
psql:run_vacuum_10Jan_4.sql:13: INFO:  table "pg_stat_all_tables_hist_p2022_10_12": found 0 removable, 21 nonremovable row versions in 1 out of 13208 pages
DETAIL:  0 dead row versions cannot be removed yet, oldest xmin: 422468547
Skipped 0 pages due to buffer pins, 689 frozen pages.
CPU: user: 0.00 s, system: 0.01 s, elapsed: 0.01 s.
psql:run_vacuum_10Jan_4.sql:13: INFO:  analyzing "perfstat.pg_stat_all_tables_hist_p2022_10_12"
psql:run_vacuum_10Jan_4.sql:13: INFO:  "pg_stat_all_tables_hist_p2022_10_12": scanned 13208 of 13208 pages, containing 316989 live rows and 0 dead rows; 153600 rows in sample, 316989 estimated total rows
VACUUM
Time: 1486.958 ms (00:01.487)
psql:run_vacuum_10Jan_4.sql:14: INFO:  vacuuming "perfstat.pg_stat_activity_hist_p2022_10_12"
psql:run_vacuum_10Jan_4.sql:14: INFO:  launched 2 parallel vacuum workers for index cleanup (planned: 2)
psql:run_vacuum_10Jan_4.sql:14: INFO:  table "pg_stat_activity_hist_p2022_10_12": found 0 removable, 21 nonremovable row versions in 1 out of 2884 pages
DETAIL:  0 dead row versions cannot be removed yet, oldest xmin: 422468550
Skipped 0 pages due to buffer pins, 451 frozen pages.
CPU: user: 0.00 s, system: 0.00 s, elapsed: 0.01 s.
psql:run_vacuum_10Jan_4.sql:14: INFO:  vacuuming "pg_toast.pg_toast_1503549952"
psql:run_vacuum_10Jan_4.sql:14: INFO:  table "pg_toast_1503549952": found 0 removable, 0 nonremovable row versions in 0 out of 0 pages
DETAIL:  0 dead row versions cannot be removed yet, oldest xmin: 422468550
Skipped 0 pages due to buffer pins, 0 frozen pages.
CPU: user: 0.00 s, system: 0.00 s, elapsed: 0.00 s.
psql:run_vacuum_10Jan_4.sql:14: INFO:  analyzing "perfstat.pg_stat_activity_hist_p2022_10_12"
psql:run_vacuum_10Jan_4.sql:14: INFO:  "pg_stat_activity_hist_p2022_10_12": scanned 2884 of 2884 pages, containing 71259 live rows and 0 dead rows; 71259 rows in sample, 71259 estimated total rows
VACUUM
Time: 524.923 ms
psql:run_vacuum_10Jan_4.sql:15: INFO:  vacuuming "perfstat.pg_stat_activity_sample_p2022_10_13"
psql:run_vacuum_10Jan_4.sql:15: INFO:  launched 1 parallel vacuum worker for index cleanup (planned: 1)
psql:run_vacuum_10Jan_4.sql:15: INFO:  table "pg_stat_activity_sample_p2022_10_13": found 0 removable, 25 nonremovable row versions in 1 out of 41763 pages
DETAIL:  0 dead row versions cannot be removed yet, oldest xmin: 422468550
Skipped 0 pages due to buffer pins, 6987 frozen pages.
CPU: user: 0.00 s, system: 0.04 s, elapsed: 0.05 s.
psql:run_vacuum_10Jan_4.sql:15: INFO:  vacuuming "pg_toast.pg_toast_1503793474"
psql:run_vacuum_10Jan_4.sql:15: INFO:  table "pg_toast_1503793474": found 0 removable, 0 nonremovable row versions in 0 out of 0 pages
DETAIL:  0 dead row versions cannot be removed yet, oldest xmin: 422468550
Skipped 0 pages due to buffer pins, 0 frozen pages.
CPU: user: 0.00 s, system: 0.00 s, elapsed: 0.00 s.
psql:run_vacuum_10Jan_4.sql:15: INFO:  analyzing "perfstat.pg_stat_activity_sample_p2022_10_13"
psql:run_vacuum_10Jan_4.sql:15: INFO:  "pg_stat_activity_sample_p2022_10_13": scanned 41763 of 41763 pages, containing 1077279 live rows and 0 dead rows; 153600 rows in sample, 1077279 estimated total rows
VACUUM
Time: 30884.000 ms (00:30.884)
psql:run_vacuum_10Jan_4.sql:16: INFO:  vacuuming "perfstat.pg_stat_activity_hist_p2022_10_13"
psql:run_vacuum_10Jan_4.sql:16: INFO:  launched 2 parallel vacuum workers for index cleanup (planned: 2)
psql:run_vacuum_10Jan_4.sql:16: INFO:  table "pg_stat_activity_hist_p2022_10_13": found 0 removable, 1 nonremovable row versions in 1 out of 2889 pages
DETAIL:  0 dead row versions cannot be removed yet, oldest xmin: 422468611
Skipped 0 pages due to buffer pins, 485 frozen pages.
CPU: user: 0.00 s, system: 0.00 s, elapsed: 0.01 s.
psql:run_vacuum_10Jan_4.sql:16: INFO:  vacuuming "pg_toast.pg_toast_1503793536"
psql:run_vacuum_10Jan_4.sql:16: INFO:  table "pg_toast_1503793536": found 0 removable, 0 nonremovable row versions in 0 out of 0 pages
DETAIL:  0 dead row versions cannot be removed yet, oldest xmin: 422468611
Skipped 0 pages due to buffer pins, 0 frozen pages.
CPU: user: 0.00 s, system: 0.00 s, elapsed: 0.00 s.
psql:run_vacuum_10Jan_4.sql:16: INFO:  analyzing "perfstat.pg_stat_activity_hist_p2022_10_13"
psql:run_vacuum_10Jan_4.sql:16: INFO:  "pg_stat_activity_hist_p2022_10_13": scanned 2889 of 2889 pages, containing 71768 live rows and 0 dead rows; 71768 rows in sample, 71768 estimated total rows
VACUUM
Time: 513.143 ms
psql:run_vacuum_10Jan_4.sql:17: INFO:  vacuuming "perfstat.dba_plans_hist_p2022_10_13"
psql:run_vacuum_10Jan_4.sql:17: INFO:  launched 3 parallel vacuum workers for index cleanup (planned: 3)
psql:run_vacuum_10Jan_4.sql:17: INFO:  table "dba_plans_hist_p2022_10_13": found 0 removable, 3 nonremovable row versions in 1 out of 15403 pages
DETAIL:  0 dead row versions cannot be removed yet, oldest xmin: 422468614
Skipped 0 pages due to buffer pins, 1852 frozen pages.
CPU: user: 0.00 s, system: 0.01 s, elapsed: 0.02 s.
psql:run_vacuum_10Jan_4.sql:17: INFO:  vacuuming "pg_toast.pg_toast_1503793561"
psql:run_vacuum_10Jan_4.sql:17: INFO:  table "pg_toast_1503793561": found 0 removable, 3 nonremovable row versions in 1 out of 27585 pages
DETAIL:  0 dead row versions cannot be removed yet, oldest xmin: 422468614
Skipped 0 pages due to buffer pins, 4733 frozen pages.
CPU: user: 0.00 s, system: 0.00 s, elapsed: 0.00 s.
psql:run_vacuum_10Jan_4.sql:17: INFO:  analyzing "perfstat.dba_plans_hist_p2022_10_13"
psql:run_vacuum_10Jan_4.sql:17: INFO:  "dba_plans_hist_p2022_10_13": scanned 15403 of 15403 pages, containing 83901 live rows and 0 dead rows; 83901 rows in sample, 83901 estimated total rows
VACUUM
Time: 8649.991 ms (00:08.650)
psql:run_vacuum_10Jan_4.sql:18: INFO:  vacuuming "perfstat.pg_stat_all_indexes_hist_p2022_10_13"
psql:run_vacuum_10Jan_4.sql:18: INFO:  launched 1 parallel vacuum worker for index cleanup (planned: 1)
psql:run_vacuum_10Jan_4.sql:18: INFO:  table "pg_stat_all_indexes_hist_p2022_10_13": found 0 removable, 11 nonremovable row versions in 1 out of 28893 pages
DETAIL:  0 dead row versions cannot be removed yet, oldest xmin: 422468635
Skipped 0 pages due to buffer pins, 603 frozen pages.
CPU: user: 0.01 s, system: 0.02 s, elapsed: 0.03 s.
psql:run_vacuum_10Jan_4.sql:18: INFO:  analyzing "perfstat.pg_stat_all_indexes_hist_p2022_10_13"
psql:run_vacuum_10Jan_4.sql:18: INFO:  "pg_stat_all_indexes_hist_p2022_10_13": scanned 28893 of 28893 pages, containing 808987 live rows and 0 dead rows; 153600 rows in sample, 808987 estimated total rows
VACUUM
Time: 18743.325 ms (00:18.743)
psql:run_vacuum_10Jan_4.sql:19: INFO:  vacuuming "perfstat.pg_stat_all_tables_hist_p2022_10_13"
psql:run_vacuum_10Jan_4.sql:19: INFO:  launched 1 parallel vacuum worker for index cleanup (planned: 1)
psql:run_vacuum_10Jan_4.sql:19: INFO:  table "pg_stat_all_tables_hist_p2022_10_13": found 0 removable, 21 nonremovable row versions in 1 out of 13256 pages
DETAIL:  0 dead row versions cannot be removed yet, oldest xmin: 422468675
Skipped 0 pages due to buffer pins, 830 frozen pages.
CPU: user: 0.00 s, system: 0.01 s, elapsed: 0.01 s.
psql:run_vacuum_10Jan_4.sql:19: INFO:  analyzing "perfstat.pg_stat_all_tables_hist_p2022_10_13"
psql:run_vacuum_10Jan_4.sql:19: INFO:  "pg_stat_all_tables_hist_p2022_10_13": scanned 13256 of 13256 pages, containing 318141 live rows and 0 dead rows; 153600 rows in sample, 318141 estimated total rows
VACUUM
Time: 1522.330 ms (00:01.522)
psql:run_vacuum_10Jan_4.sql:20: INFO:  vacuuming "perfstat.pg_stat_statements_hist_p2022_10_13"
psql:run_vacuum_10Jan_4.sql:20: INFO:  launched 3 parallel vacuum workers for index cleanup (planned: 3)
psql:run_vacuum_10Jan_4.sql:20: INFO:  table "pg_stat_statements_hist_p2022_10_13": found 0 removable, 13 nonremovable row versions in 1 out of 33425 pages
DETAIL:  0 dead row versions cannot be removed yet, oldest xmin: 422468681
Skipped 0 pages due to buffer pins, 4110 frozen pages.
CPU: user: 0.00 s, system: 0.03 s, elapsed: 0.04 s.
psql:run_vacuum_10Jan_4.sql:20: INFO:  vacuuming "pg_toast.pg_toast_1503793525"
psql:run_vacuum_10Jan_4.sql:20: INFO:  table "pg_toast_1503793525": found 0 removable, 0 nonremovable row versions in 0 out of 0 pages
DETAIL:  0 dead row versions cannot be removed yet, oldest xmin: 422468681
Skipped 0 pages due to buffer pins, 0 frozen pages.
CPU: user: 0.00 s, system: 0.00 s, elapsed: 0.00 s.
psql:run_vacuum_10Jan_4.sql:20: INFO:  analyzing "perfstat.pg_stat_statements_hist_p2022_10_13"
psql:run_vacuum_10Jan_4.sql:20: INFO:  "pg_stat_statements_hist_p2022_10_13": scanned 33425 of 33425 pages, containing 431936 live rows and 0 dead rows; 153600 rows in sample, 431936 estimated total rows
VACUUM
Time: 33137.853 ms (00:33.138)
psql:run_vacuum_10Jan_4.sql:21: INFO:  vacuuming "perfstat.pg_stat_activity_sample_p2022_10_14"
psql:run_vacuum_10Jan_4.sql:21: INFO:  launched 1 parallel vacuum worker for index cleanup (planned: 1)
psql:run_vacuum_10Jan_4.sql:21: INFO:  table "pg_stat_activity_sample_p2022_10_14": found 0 removable, 23 nonremovable row versions in 1 out of 42147 pages
DETAIL:  0 dead row versions cannot be removed yet, oldest xmin: 422468753
Skipped 0 pages due to buffer pins, 7594 frozen pages.
CPU: user: 0.00 s, system: 0.04 s, elapsed: 0.05 s.
psql:run_vacuum_10Jan_4.sql:21: INFO:  vacuuming "pg_toast.pg_toast_1504115233"
psql:run_vacuum_10Jan_4.sql:21: INFO:  table "pg_toast_1504115233": found 0 removable, 0 nonremovable row versions in 0 out of 0 pages
DETAIL:  0 dead row versions cannot be removed yet, oldest xmin: 422468753
Skipped 0 pages due to buffer pins, 0 frozen pages.
CPU: user: 0.00 s, system: 0.00 s, elapsed: 0.00 s.
psql:run_vacuum_10Jan_4.sql:21: INFO:  analyzing "perfstat.pg_stat_activity_sample_p2022_10_14"
psql:run_vacuum_10Jan_4.sql:21: INFO:  "pg_stat_activity_sample_p2022_10_14": scanned 42147 of 42147 pages, containing 1086688 live rows and 0 dead rows; 153600 rows in sample, 1086688 estimated total rows
VACUUM
Time: 30444.267 ms (00:30.444)
psql:run_vacuum_10Jan_4.sql:22: INFO:  vacuuming "perfstat.pg_stat_activity_hist_p2022_10_14"
psql:run_vacuum_10Jan_4.sql:22: INFO:  launched 2 parallel vacuum workers for index cleanup (planned: 2)
psql:run_vacuum_10Jan_4.sql:22: INFO:  table "pg_stat_activity_hist_p2022_10_14": found 0 removable, 7 nonremovable row versions in 1 out of 2922 pages
DETAIL:  0 dead row versions cannot be removed yet, oldest xmin: 422468805
Skipped 0 pages due to buffer pins, 485 frozen pages.
CPU: user: 0.00 s, system: 0.00 s, elapsed: 0.01 s.
psql:run_vacuum_10Jan_4.sql:22: INFO:  vacuuming "pg_toast.pg_toast_1504115290"
psql:run_vacuum_10Jan_4.sql:22: INFO:  table "pg_toast_1504115290": found 0 removable, 0 nonremovable row versions in 0 out of 0 pages
DETAIL:  0 dead row versions cannot be removed yet, oldest xmin: 422468805
Skipped 0 pages due to buffer pins, 0 frozen pages.
CPU: user: 0.00 s, system: 0.00 s, elapsed: 0.00 s.
psql:run_vacuum_10Jan_4.sql:22: INFO:  analyzing "perfstat.pg_stat_activity_hist_p2022_10_14"
psql:run_vacuum_10Jan_4.sql:22: INFO:  "pg_stat_activity_hist_p2022_10_14": scanned 2922 of 2922 pages, containing 72443 live rows and 0 dead rows; 72443 rows in sample, 72443 estimated total rows
VACUUM
Time: 516.323 ms
psql:run_vacuum_10Jan_4.sql:23: INFO:  vacuuming "perfstat.pg_stat_statements_hist_p2022_10_14"
psql:run_vacuum_10Jan_4.sql:23: INFO:  launched 3 parallel vacuum workers for index cleanup (planned: 3)
psql:run_vacuum_10Jan_4.sql:23: INFO:  table "pg_stat_statements_hist_p2022_10_14": found 0 removable, 4 nonremovable row versions in 1 out of 33126 pages
DETAIL:  0 dead row versions cannot be removed yet, oldest xmin: 422468808
Skipped 0 pages due to buffer pins, 3680 frozen pages.
CPU: user: 0.00 s, system: 0.03 s, elapsed: 0.04 s.
psql:run_vacuum_10Jan_4.sql:23: INFO:  vacuuming "pg_toast.pg_toast_1504115279"
psql:run_vacuum_10Jan_4.sql:23: INFO:  table "pg_toast_1504115279": found 0 removable, 4 nonremovable row versions in 1 out of 1 pages
DETAIL:  0 dead row versions cannot be removed yet, oldest xmin: 422468808
Skipped 0 pages due to buffer pins, 0 frozen pages.
CPU: user: 0.00 s, system: 0.00 s, elapsed: 0.00 s.
psql:run_vacuum_10Jan_4.sql:23: INFO:  analyzing "perfstat.pg_stat_statements_hist_p2022_10_14"
psql:run_vacuum_10Jan_4.sql:23: INFO:  "pg_stat_statements_hist_p2022_10_14": scanned 33126 of 33126 pages, containing 427878 live rows and 0 dead rows; 153600 rows in sample, 427878 estimated total rows
VACUUM
Time: 32954.263 ms (00:32.954)
psql:run_vacuum_10Jan_4.sql:24: INFO:  vacuuming "perfstat.pg_stat_all_indexes_hist_p2022_10_14"
psql:run_vacuum_10Jan_4.sql:24: INFO:  launched 1 parallel vacuum worker for index cleanup (planned: 1)
psql:run_vacuum_10Jan_4.sql:24: INFO:  table "pg_stat_all_indexes_hist_p2022_10_14": found 0 removable, 19 nonremovable row versions in 1 out of 28975 pages
DETAIL:  0 dead row versions cannot be removed yet, oldest xmin: 422468964
Skipped 0 pages due to buffer pins, 907 frozen pages.
CPU: user: 0.02 s, system: 0.01 s, elapsed: 0.03 s.
psql:run_vacuum_10Jan_4.sql:24: INFO:  analyzing "perfstat.pg_stat_all_indexes_hist_p2022_10_14"
psql:run_vacuum_10Jan_4.sql:24: INFO:  "pg_stat_all_indexes_hist_p2022_10_14": scanned 28975 of 28975 pages, containing 811291 live rows and 0 dead rows; 153600 rows in sample, 811291 estimated total rows
VACUUM
Time: 18730.553 ms (00:18.731)
psql:run_vacuum_10Jan_4.sql:25: INFO:  vacuuming "perfstat.dba_plans_hist_p2022_10_14"
psql:run_vacuum_10Jan_4.sql:25: INFO:  launched 3 parallel vacuum workers for index cleanup (planned: 3)
psql:run_vacuum_10Jan_4.sql:25: INFO:  table "dba_plans_hist_p2022_10_14": found 0 removable, 4 nonremovable row versions in 1 out of 15711 pages
DETAIL:  0 dead row versions cannot be removed yet, oldest xmin: 422468974
Skipped 0 pages due to buffer pins, 1397 frozen pages.
CPU: user: 0.01 s, system: 0.00 s, elapsed: 0.02 s.
psql:run_vacuum_10Jan_4.sql:25: INFO:  vacuuming "pg_toast.pg_toast_1504115315"
psql:run_vacuum_10Jan_4.sql:25: INFO:  table "pg_toast_1504115315": found 0 removable, 2 nonremovable row versions in 1 out of 29219 pages
DETAIL:  0 dead row versions cannot be removed yet, oldest xmin: 422468974
Skipped 0 pages due to buffer pins, 660 frozen pages.
CPU: user: 0.00 s, system: 0.00 s, elapsed: 0.00 s.
psql:run_vacuum_10Jan_4.sql:25: INFO:  analyzing "perfstat.dba_plans_hist_p2022_10_14"
psql:run_vacuum_10Jan_4.sql:25: INFO:  "dba_plans_hist_p2022_10_14": scanned 15711 of 15711 pages, containing 85466 live rows and 0 dead rows; 85466 rows in sample, 85466 estimated total rows
VACUUM
Time: 9266.699 ms (00:09.267)
psql:run_vacuum_10Jan_4.sql:26: INFO:  vacuuming "perfstat.pg_stat_all_tables_hist_p2022_10_14"
psql:run_vacuum_10Jan_4.sql:26: INFO:  launched 1 parallel vacuum worker for index cleanup (planned: 1)
psql:run_vacuum_10Jan_4.sql:26: INFO:  table "pg_stat_all_tables_hist_p2022_10_14": found 0 removable, 21 nonremovable row versions in 1 out of 13304 pages
DETAIL:  0 dead row versions cannot be removed yet, oldest xmin: 422468974
Skipped 0 pages due to buffer pins, 694 frozen pages.
CPU: user: 0.00 s, system: 0.01 s, elapsed: 0.01 s.
psql:run_vacuum_10Jan_4.sql:26: INFO:  analyzing "perfstat.pg_stat_all_tables_hist_p2022_10_14"
psql:run_vacuum_10Jan_4.sql:26: INFO:  "pg_stat_all_tables_hist_p2022_10_14": scanned 13304 of 13304 pages, containing 319293 live rows and 0 dead rows; 153600 rows in sample, 319293 estimated total rows
VACUUM
Time: 1407.726 ms (00:01.408)
