
  COUNT(*)                                                                      
----------                                                                      
        10                                                                      

Elapsed: 00:00:00.03

  COUNT(*)                                                                      
----------                                                                      
         1                                                                      

Elapsed: 00:00:00.00

  COUNT(*)                                                                      
----------                                                                      
         0                                                                      

Elapsed: 00:00:00.01

  COUNT(*)                                                                      
----------                                                                      
       244                                                                      

Elapsed: 00:00:00.01

  COUNT(*)                                                                      
----------                                                                      
       108                                                                      

Elapsed: 00:00:00.00

  COUNT(*)                                                                      
----------                                                                      
        20                                                                      

Elapsed: 00:00:00.00

  COUNT(*)                                                                      
----------                                                                      
     20730                                                                      

Elapsed: 00:00:00.08

  COUNT(*)                                                                      
----------                                                                      
     15727                                                                      

Elapsed: 00:00:00.27

  COUNT(*)                                                                      
----------                                                                      
      4999                                                                      

Elapsed: 00:00:00.18

  COUNT(*)                                                                      
----------                                                                      
        24                                                                      

Elapsed: 00:00:00.04

  COUNT(*)                                                                      
----------                                                                      
        11                                                                      

Elapsed: 00:00:00.05

  COUNT(*)                                                                      
----------                                                                      
  21949021                                                                      

Elapsed: 00:00:24.52

  COUNT(*)                                                                      
----------                                                                      
  27419069                                                                      

Elapsed: 00:00:29.58

  COUNT(*)                                                                      
----------                                                                      
      5509                                                                      

Elapsed: 00:00:00.21

  COUNT(*)                                                                      
----------                                                                      
  64003062                                                                      

Elapsed: 00:01:43.79

  COUNT(*)                                                                      
----------                                                                      
 140133044                                                                      

Elapsed: 00:02:38.34

  COUNT(*)                                                                      
----------                                                                      
 446611245                                                                      

Elapsed: 00:06:23.72

  COUNT(*)                                                                      
----------                                                                      
 121346394                                                                      

Elapsed: 00:01:22.08

  COUNT(*)                                                                      
----------                                                                      
         6                                                                      

Elapsed: 00:00:00.10

  COUNT(*)                                                                      
----------                                                                      
       135                                                                      

Elapsed: 00:00:00.02

  COUNT(*)                                                                      
----------                                                                      
        34                                                                      

Elapsed: 00:00:00.11

  COUNT(*)                                                                      
----------                                                                      
    344279                                                                      

Elapsed: 00:00:03.85

  COUNT(*)                                                                      
----------                                                                      
     33624                                                                      

Elapsed: 00:00:00.84

  COUNT(*)                                                                      
----------                                                                      
        48                                                                      

Elapsed: 00:00:00.06

  COUNT(*)                                                                      
----------                                                                      
        92                                                                      

Elapsed: 00:00:00.08

  COUNT(*)                                                                      
----------                                                                      
      1438                                                                      

Elapsed: 00:00:00.09

  COUNT(*)                                                                      
----------                                                                      
      1430                                                                      

Elapsed: 00:00:00.31

  COUNT(*)                                                                      
----------                                                                      
        33                                                                      

Elapsed: 00:00:00.02

  COUNT(*)                                                                      
----------                                                                      
      2170                                                                      

Elapsed: 00:00:00.29

  COUNT(*)                                                                      
----------                                                                      
     19208                                                                      

Elapsed: 00:00:00.23

  COUNT(*)                                                                      
----------                                                                      
         4                                                                      

Elapsed: 00:00:00.05

  COUNT(*)                                                                      
----------                                                                      
    545369                                                                      

Elapsed: 00:00:00.77

  COUNT(*)                                                                      
----------                                                                      
        12                                                                      

Elapsed: 00:00:00.05

  COUNT(*)                                                                      
----------                                                                      
 827179134                                                                      

Elapsed: 00:25:10.07

  COUNT(*)                                                                      
----------                                                                      
   2527173                                                                      

Elapsed: 00:00:17.54

  COUNT(*)                                                                      
----------                                                                      
   2742673                                                                      

Elapsed: 00:00:07.64

  COUNT(*)                                                                      
----------                                                                      
   2912244                                                                      

Elapsed: 00:00:11.55

  COUNT(*)                                                                      
----------                                                                      
    538529                                                                      

Elapsed: 00:00:01.39

  COUNT(*)                                                                      
----------                                                                      
       139                                                                      

Elapsed: 00:00:00.05

  COUNT(*)                                                                      
----------                                                                      
         5                                                                      

Elapsed: 00:00:00.02

  COUNT(*)                                                                      
----------                                                                      
       149                                                                      

Elapsed: 00:00:00.06

  COUNT(*)                                                                      
----------                                                                      
         5                                                                      

Elapsed: 00:00:00.00

  COUNT(*)                                                                      
----------                                                                      
         0                                                                      

Elapsed: 00:00:00.01

  COUNT(*)                                                                      
----------                                                                      
         8                                                                      

Elapsed: 00:00:00.03

  COUNT(*)                                                                      
----------                                                                      
        18                                                                      

Elapsed: 00:00:00.00

  COUNT(*)                                                                      
----------                                                                      
  38704643                                                                      

Elapsed: 00:00:31.72

  COUNT(*)                                                                      
----------                                                                      
 311684976                                                                      

Elapsed: 00:10:13.35

  COUNT(*)                                                                      
----------                                                                      
        56                                                                      

Elapsed: 00:00:00.05

  COUNT(*)                                                                      
----------                                                                      
        25                                                                      

Elapsed: 00:00:00.10

  COUNT(*)                                                                      
----------                                                                      
 569949834                                                                      

Elapsed: 00:13:40.96

  COUNT(*)                                                                      
----------                                                                      
         0                                                                      

Elapsed: 00:00:00.00

  COUNT(*)                                                                      
----------                                                                      
    496060                                                                      

Elapsed: 00:00:00.44

  COUNT(*)                                                                      
----------                                                                      
       103                                                                      

Elapsed: 00:00:00.03

  COUNT(*)                                                                      
----------                                                                      
        95                                                                      

Elapsed: 00:00:00.01

  COUNT(*)                                                                      
----------                                                                      
       111                                                                      

Elapsed: 00:00:00.05

  COUNT(*)                                                                      
----------                                                                      
       297                                                                      

Elapsed: 00:00:00.02

  COUNT(*)                                                                      
----------                                                                      
       152                                                                      

Elapsed: 00:00:00.06

  COUNT(*)                                                                      
----------                                                                      
       654                                                                      

Elapsed: 00:00:00.04

  COUNT(*)                                                                      
----------                                                                      
       514                                                                      

Elapsed: 00:00:00.04

  COUNT(*)                                                                      
----------                                                                      
    360523                                                                      

Elapsed: 00:00:01.38

  COUNT(*)                                                                      
----------                                                                      
1418670538                                                                      

Elapsed: 00:38:20.06

  COUNT(*)                                                                      
----------                                                                      
     36057                                                                      

Elapsed: 00:00:01.53

  COUNT(*)                                                                      
----------                                                                      
 463352081                                                                      

Elapsed: 00:06:29.24

  COUNT(*)                                                                      
----------                                                                      
 409908780                                                                      

Elapsed: 00:10:44.57

  COUNT(*)                                                                      
----------                                                                      
 462327531                                                                      

Elapsed: 00:08:19.12

  COUNT(*)                                                                      
----------                                                                      
    291951                                                                      

Elapsed: 00:00:01.40

  COUNT(*)                                                                      
----------                                                                      
   1024514                                                                      

Elapsed: 00:00:04.65

  COUNT(*)                                                                      
----------                                                                      
 398356981                                                                      

Elapsed: 00:05:27.16

  COUNT(*)                                                                      
----------                                                                      
 852068119                                                                      

Elapsed: 00:15:33.39

  COUNT(*)                                                                      
----------                                                                      
5428253438                                                                      

Elapsed: 01:54:07.02

  COUNT(*)                                                                      
----------                                                                      
     23281                                                                      

Elapsed: 00:00:00.15

  COUNT(*)                                                                      
----------                                                                      
  60299243                                                                      

Elapsed: 00:00:46.16

  COUNT(*)                                                                      
----------                                                                      
1662186840                                                                      

Elapsed: 00:25:18.13

  COUNT(*)                                                                      
----------                                                                      
2861697111                                                                      

Elapsed: 00:21:09.58

  COUNT(*)                                                                      
----------                                                                      
  36618003                                                                      

Elapsed: 00:00:29.88
