
  COUNT(*)                                                                      
----------                                                                      
  60299243                                                                      

Elapsed: 00:02:42.53

  COUNT(*)                                                                      
----------                                                                      
  60299243                                                                      

Elapsed: 00:00:02.68

  COUNT(*)                                                                      
----------                                                                      
1662186840                                                                      

Elapsed: 00:07:27.90

  COUNT(*)                                                                      
----------                                                                      
1662186840                                                                      

Elapsed: 00:04:50.25

  COUNT(*)                                                                      
----------                                                                      
1662186840                                                                      

Elapsed: 00:07:33.45

  COUNT(*)                                                                      
----------                                                                      
1662186840                                                                      

Elapsed: 00:02:37.26

  COUNT(*)                                                                      
----------                                                                      
1662186840                                                                      

Elapsed: 00:45:53.40

  COUNT(*)                                                                      
----------                                                                      
2861697111                                                                      

Elapsed: 01:34:04.20

  COUNT(*)                                                                      
----------                                                                      
2861697111                                                                      

Elapsed: 00:06:30.31

  COUNT(*)                                                                      
----------                                                                      
2861697111                                                                      

Elapsed: 00:05:46.41

  COUNT(*)                                                                      
----------                                                                      
2861697111                                                                      

Elapsed: 00:03:43.14

  COUNT(*)                                                                      
----------                                                                      
2861697111                                                                      

Elapsed: 01:14:23.69

  COUNT(*)                                                                      
----------                                                                      
  36618003                                                                      

Elapsed: 00:01:16.79

  COUNT(*)                                                                      
----------                                                                      
  36618003                                                                      

Elapsed: 00:00:01.73

  COUNT(*)                                                                      
----------                                                                      
  36618003                                                                      

Elapsed: 00:00:01.71

  COUNT(*)                                                                      
----------                                                                      
  36618003                                                                      

Elapsed: 00:00:01.72

  COUNT(*)                                                                      
----------                                                                      
   1434255                                                                      

Elapsed: 00:00:03.36

  COUNT(*)                                                                      
----------                                                                      
   1434255                                                                      

Elapsed: 00:00:00.07

  COUNT(*)                                                                      
----------                                                                      
   1434255                                                                      

Elapsed: 00:00:00.07

  COUNT(*)                                                                      
----------                                                                      
   1434255                                                                      

Elapsed: 00:00:00.07

  COUNT(*)                                                                      
----------                                                                      
   1434255                                                                      

Elapsed: 00:00:00.07

  COUNT(*)                                                                      
----------                                                                      
   1565313                                                                      

Elapsed: 00:00:03.99

  COUNT(*)                                                                      
----------                                                                      
   1565313                                                                      

Elapsed: 00:00:00.08

  COUNT(*)                                                                      
----------                                                                      
   1565313                                                                      

Elapsed: 00:00:00.07

  COUNT(*)                                                                      
----------                                                                      
         0                                                                      

Elapsed: 00:00:00.02

  COUNT(*)                                                                      
----------                                                                      
         0                                                                      

Elapsed: 00:00:00.00

  COUNT(*)                                                                      
----------                                                                      
         0                                                                      

Elapsed: 00:00:00.00

  COUNT(*)                                                                      
----------                                                                      
 673608181                                                                      

Elapsed: 00:10:24.23

  COUNT(*)                                                                      
----------                                                                      
 673608181                                                                      

Elapsed: 00:00:25.34

  COUNT(*)                                                                      
----------                                                                      
 673608181                                                                      

Elapsed: 00:00:24.81

  COUNT(*)                                                                      
----------                                                                      
 673608181                                                                      

Elapsed: 00:01:44.51

  COUNT(*)                                                                      
----------                                                                      
 673608181                                                                      

Elapsed: 00:01:04.17

  COUNT(*)                                                                      
----------                                                                      
 673608181                                                                      

Elapsed: 00:00:24.74

  COUNT(*)                                                                      
----------                                                                      
 673608181                                                                      

Elapsed: 00:00:25.74

  COUNT(*)                                                                      
----------                                                                      
 673608181                                                                      

Elapsed: 00:01:15.31

  COUNT(*)                                                                      
----------                                                                      
 673608181                                                                      

Elapsed: 00:00:26.05

  COUNT(*)                                                                      
----------                                                                      
 673608181                                                                      

Elapsed: 00:00:26.34

  COUNT(*)                                                                      
----------                                                                      
 673608181                                                                      

Elapsed: 00:00:25.94

  COUNT(*)                                                                      
----------                                                                      
    871927                                                                      

Elapsed: 00:00:01.42

  COUNT(*)                                                                      
----------                                                                      
    871927                                                                      

Elapsed: 00:00:00.04

  COUNT(*)                                                                      
----------                                                                      
    871927                                                                      

Elapsed: 00:00:00.04

  COUNT(*)                                                                      
----------                                                                      
    871927                                                                      

Elapsed: 00:00:00.04

  COUNT(*)                                                                      
----------                                                                      
   7359742                                                                      

Elapsed: 00:00:12.17

  COUNT(*)                                                                      
----------                                                                      
   7359742                                                                      

Elapsed: 00:00:00.33

  COUNT(*)                                                                      
----------                                                                      
   7359742                                                                      

Elapsed: 00:00:00.32

  COUNT(*)                                                                      
----------                                                                      
         0                                                                      

Elapsed: 00:00:00.01

  COUNT(*)                                                                      
----------                                                                      
    138610                                                                      

Elapsed: 00:00:00.50

  COUNT(*)                                                                      
----------                                                                      
    138610                                                                      

Elapsed: 00:00:00.01

  COUNT(*)                                                                      
----------                                                                      
    138610                                                                      

Elapsed: 00:00:00.00

  COUNT(*)                                                                      
----------                                                                      
     86943                                                                      

Elapsed: 00:00:00.32

  COUNT(*)                                                                      
----------                                                                      
     86943                                                                      

Elapsed: 00:00:00.00

  COUNT(*)                                                                      
----------                                                                      
     86943                                                                      

Elapsed: 00:00:00.01

  COUNT(*)                                                                      
----------                                                                      
     86943                                                                      

Elapsed: 00:00:00.00

  COUNT(*)                                                                      
----------                                                                      
       250                                                                      

Elapsed: 00:00:00.03

  COUNT(*)                                                                      
----------                                                                      
    189992                                                                      

Elapsed: 00:00:00.64

  COUNT(*)                                                                      
----------                                                                      
         1                                                                      

Elapsed: 00:00:00.02

  COUNT(*)                                                                      
----------                                                                      
         1                                                                      

Elapsed: 00:00:00.01

  COUNT(*)                                                                      
----------                                                                      
        57                                                                      

Elapsed: 00:00:00.00

  COUNT(*)                                                                      
----------                                                                      
        98                                                                      

Elapsed: 00:00:00.02

  COUNT(*)                                                                      
----------                                                                      
       329                                                                      

Elapsed: 00:00:00.01

  COUNT(*)                                                                      
----------                                                                      
       329                                                                      

Elapsed: 00:00:00.00

  COUNT(*)                                                                      
----------                                                                      
       329                                                                      

Elapsed: 00:00:00.00

  COUNT(*)                                                                      
----------                                                                      
      2384                                                                      

Elapsed: 00:00:00.05

  COUNT(*)                                                                      
----------                                                                      
         0                                                                      

Elapsed: 00:00:00.00

  COUNT(*)                                                                      
----------                                                                      
         0                                                                      

Elapsed: 00:00:00.00

  COUNT(*)                                                                      
----------                                                                      
  46111604                                                                      

Elapsed: 00:01:32.68

  COUNT(*)                                                                      
----------                                                                      
         0                                                                      

Elapsed: 00:00:00.00

  COUNT(*)                                                                      
----------                                                                      
        16                                                                      

Elapsed: 00:00:00.01

  COUNT(*)                                                                      
----------                                                                      
        16                                                                      

Elapsed: 00:00:00.00

  COUNT(*)                                                                      
----------                                                                      
        12                                                                      

Elapsed: 00:00:00.00

  COUNT(*)                                                                      
----------                                                                      
         5                                                                      

Elapsed: 00:00:00.03

  COUNT(*)                                                                      
----------                                                                      
        29                                                                      

Elapsed: 00:00:00.00

  COUNT(*)                                                                      
----------                                                                      
        29                                                                      

Elapsed: 00:00:00.00

  COUNT(*)                                                                      
----------                                                                      
       575                                                                      

Elapsed: 00:00:00.03

  COUNT(*)                                                                      
----------                                                                      
       575                                                                      

Elapsed: 00:00:00.00

  COUNT(*)                                                                      
----------                                                                      
       575                                                                      

Elapsed: 00:00:00.00

  COUNT(*)                                                                      
----------                                                                      
    363249                                                                      

Elapsed: 00:00:00.90

  COUNT(*)                                                                      
----------                                                                      
    363249                                                                      

Elapsed: 00:00:00.02

  COUNT(*)                                                                      
----------                                                                      
        90                                                                      

Elapsed: 00:00:00.01

  COUNT(*)                                                                      
----------                                                                      
         1                                                                      

Elapsed: 00:00:00.02

  COUNT(*)                                                                      
----------                                                                      
         1                                                                      

Elapsed: 00:00:00.00

  COUNT(*)                                                                      
----------                                                                      
        53                                                                      

Elapsed: 00:00:00.00

  COUNT(*)                                                                      
----------                                                                      
         9                                                                      

Elapsed: 00:00:00.02

  COUNT(*)                                                                      
----------                                                                      
       433                                                                      

Elapsed: 00:00:00.05

  COUNT(*)                                                                      
----------                                                                      
       433                                                                      

Elapsed: 00:00:00.00

  COUNT(*)                                                                      
----------                                                                      
       433                                                                      

Elapsed: 00:00:00.00
select /*+ index_ffs(PSP_SOURCE_SYSTEM_TRANSMISSION PSP_SOURCE_SYSTEM_TRANSMIS_I2) parallel_index(PSP_SOURCE_SYSTEM_TRANSMISSION PSP_SOURCE_SYSTEM_TRANSMIS_I2)*/ count(*) from pspadm.PSP_SOURCE_SYSTEM_TRANSMISSION PSP_SOURCE_SYSTEM_TRANSMISSION
                                                                                                                                                                                       *
ERROR at line 1:
ORA-00942: table or view does not exist 


Elapsed: 00:00:00.00
select /*+ index_ffs(PSP_SOURCE_SYSTEM_TRANSMISSION PSP_SOURCE_SYSTEM_TRANSMIS_I4) parallel_index(PSP_SOURCE_SYSTEM_TRANSMISSION PSP_SOURCE_SYSTEM_TRANSMIS_I4)*/ count(*) from pspadm.PSP_SOURCE_SYSTEM_TRANSMISSION PSP_SOURCE_SYSTEM_TRANSMISSION
                                                                                                                                                                                       *
ERROR at line 1:
ORA-00942: table or view does not exist 


Elapsed: 00:00:00.00
select /*+ index_ffs(PSP_SOURCE_SYSTEM_TRANSMISSION PSP_SOURCE_SYSTEM_TRANSMIS_I5) parallel_index(PSP_SOURCE_SYSTEM_TRANSMISSION PSP_SOURCE_SYSTEM_TRANSMIS_I5)*/ count(*) from pspadm.PSP_SOURCE_SYSTEM_TRANSMISSION PSP_SOURCE_SYSTEM_TRANSMISSION
                                                                                                                                                                                       *
ERROR at line 1:
ORA-00942: table or view does not exist 


Elapsed: 00:00:00.00
select /*+ index_ffs(PSP_SOURCE_SYSTEM_TRANSMISSION PSP_SRC_SYS_TRAN_ID) parallel_index(PSP_SOURCE_SYSTEM_TRANSMISSION PSP_SRC_SYS_TRAN_ID)*/ count(*) from pspadm.PSP_SOURCE_SYSTEM_TRANSMISSION PSP_SOURCE_SYSTEM_TRANSMISSION
                                                                                                                                                                   *
ERROR at line 1:
ORA-00942: table or view does not exist 


Elapsed: 00:00:00.00
select /*+ index_ffs(PSP_SOURCE_SYSTEM_TRANSMISSION SYS_C008544) parallel_index(PSP_SOURCE_SYSTEM_TRANSMISSION SYS_C008544)*/ count(*) from pspadm.PSP_SOURCE_SYSTEM_TRANSMISSION PSP_SOURCE_SYSTEM_TRANSMISSION
                                                                                                                                                   *
ERROR at line 1:
ORA-00942: table or view does not exist 


Elapsed: 00:00:00.00

  COUNT(*)                                                                      
----------                                                                      
     64390                                                                      

Elapsed: 00:00:00.35

  COUNT(*)                                                                      
----------                                                                      
       121                                                                      

Elapsed: 00:00:00.02

  COUNT(*)                                                                      
----------                                                                      
       121                                                                      

Elapsed: 00:00:00.00

  COUNT(*)                                                                      
----------                                                                      
     42931                                                                      

Elapsed: 00:00:00.30

  COUNT(*)                                                                      
----------                                                                      
     42931                                                                      

Elapsed: 00:00:00.01

  COUNT(*)                                                                      
----------                                                                      
     42931                                                                      

Elapsed: 00:00:00.00

  COUNT(*)                                                                      
----------                                                                      
     24707                                                                      

Elapsed: 00:00:00.24

  COUNT(*)                                                                      
----------                                                                      
       210                                                                      

Elapsed: 00:00:00.04

  COUNT(*)                                                                      
----------                                                                      
       210                                                                      

Elapsed: 00:00:00.00

  COUNT(*)                                                                      
----------                                                                      
      1438                                                                      

Elapsed: 00:00:00.02

  COUNT(*)                                                                      
----------                                                                      
      1438                                                                      

Elapsed: 00:00:00.00

  COUNT(*)                                                                      
----------                                                                      
        50                                                                      

Elapsed: 00:00:00.07

  COUNT(*)                                                                      
----------                                                                      
        50                                                                      

Elapsed: 00:00:00.04

  COUNT(*)                                                                      
----------                                                                      
        50                                                                      

Elapsed: 00:00:00.01

  COUNT(*)                                                                      
----------                                                                      
        66                                                                      

Elapsed: 00:00:00.03

  COUNT(*)                                                                      
----------                                                                      
        66                                                                      

Elapsed: 00:00:00.02

  COUNT(*)                                                                      
----------                                                                      
        66                                                                      

Elapsed: 00:00:00.03

  COUNT(*)                                                                      
----------                                                                      
       249                                                                      

Elapsed: 00:00:00.02

  COUNT(*)                                                                      
----------                                                                      
       249                                                                      

Elapsed: 00:00:00.04

  COUNT(*)                                                                      
----------                                                                      
       249                                                                      

Elapsed: 00:00:00.00

  COUNT(*)                                                                      
----------                                                                      
        16                                                                      

Elapsed: 00:00:00.03

  COUNT(*)                                                                      
----------                                                                      
       342                                                                      

Elapsed: 00:00:00.01

  COUNT(*)                                                                      
----------                                                                      
       342                                                                      

Elapsed: 00:00:00.00

  COUNT(*)                                                                      
----------                                                                      
         0                                                                      

Elapsed: 00:00:00.02

  COUNT(*)                                                                      
----------                                                                      
         3                                                                      

Elapsed: 00:00:00.00

  COUNT(*)                                                                      
----------                                                                      
6519506749                                                                      

Elapsed: 00:51:19.72

  COUNT(*)                                                                      
----------                                                                      
6519506749                                                                      

Elapsed: 00:08:03.99

  COUNT(*)                                                                      
----------                                                                      
6519506749                                                                      

Elapsed: 00:25:43.82

  COUNT(*)                                                                      
----------                                                                      
6519506749                                                                      

Elapsed: 00:04:24.19

  COUNT(*)                                                                      
----------                                                                      
6519506749                                                                      

Elapsed: 00:21:38.13

  COUNT(*)                                                                      
----------                                                                      
     31455                                                                      

Elapsed: 00:00:00.01

  COUNT(*)                                                                      
----------                                                                      
     31455                                                                      

Elapsed: 00:00:00.01

  COUNT(*)                                                                      
----------                                                                      
    144934                                                                      

Elapsed: 00:00:00.04

  COUNT(*)                                                                      
----------                                                                      
       152                                                                      

Elapsed: 00:00:00.00

  COUNT(*)                                                                      
----------                                                                      
       152                                                                      

Elapsed: 00:00:00.00

  COUNT(*)                                                                      
----------                                                                      
         0                                                                      

Elapsed: 00:00:00.00

  COUNT(*)                                                                      
----------                                                                      
    396792                                                                      

Elapsed: 00:00:00.11

  COUNT(*)                                                                      
----------                                                                      
    396792                                                                      

Elapsed: 00:00:00.02

  COUNT(*)                                                                      
----------                                                                      
         0                                                                      

Elapsed: 00:00:00.00

  COUNT(*)                                                                      
----------                                                                      
         0                                                                      

Elapsed: 00:00:00.00

  COUNT(*)                                                                      
----------                                                                      
 358942583                                                                      

Elapsed: 00:01:21.44

  COUNT(*)                                                                      
----------                                                                      
 358942583                                                                      

Elapsed: 00:00:18.43

  COUNT(*)                                                                      
----------                                                                      
 358942583                                                                      

Elapsed: 00:00:17.72

  COUNT(*)                                                                      
----------                                                                      
      1302                                                                      

Elapsed: 00:00:00.00

  COUNT(*)                                                                      
----------                                                                      
         0                                                                      

Elapsed: 00:00:00.01

  COUNT(*)                                                                      
----------                                                                      
       733                                                                      

Elapsed: 00:00:00.00

  COUNT(*)                                                                      
----------                                                                      
     67346                                                                      

Elapsed: 00:00:00.03

  COUNT(*)                                                                      
----------                                                                      
     67346                                                                      

Elapsed: 00:00:00.00

  COUNT(*)                                                                      
----------                                                                      
     67346                                                                      

Elapsed: 00:00:00.00

  COUNT(*)                                                                      
----------                                                                      
     67469                                                                      

Elapsed: 00:00:00.03

  COUNT(*)                                                                      
----------                                                                      
     67469                                                                      

Elapsed: 00:00:00.00

  COUNT(*)                                                                      
----------                                                                      
     67469                                                                      

Elapsed: 00:00:00.01

  COUNT(*)                                                                      
----------                                                                      
    107461                                                                      

Elapsed: 00:00:00.03

  COUNT(*)                                                                      
----------                                                                      
    107461                                                                      

Elapsed: 00:00:00.00

  COUNT(*)                                                                      
----------                                                                      
     72569                                                                      

Elapsed: 00:00:00.03

  COUNT(*)                                                                      
----------                                                                      
     72569                                                                      

Elapsed: 00:00:00.01

  COUNT(*)                                                                      
----------                                                                      
    162234                                                                      

Elapsed: 00:00:00.03

  COUNT(*)                                                                      
----------                                                                      
    162234                                                                      

Elapsed: 00:00:00.01

  COUNT(*)                                                                      
----------                                                                      
       512                                                                      

Elapsed: 00:00:00.00

  COUNT(*)                                                                      
----------                                                                      
       881                                                                      

Elapsed: 00:00:00.01

  COUNT(*)                                                                      
----------                                                                      
         0                                                                      

Elapsed: 00:00:00.00

  COUNT(*)                                                                      
----------                                                                      
         0                                                                      

Elapsed: 00:00:00.00

  COUNT(*)                                                                      
----------                                                                      
         0                                                                      

Elapsed: 00:00:00.00

  COUNT(*)                                                                      
----------                                                                      
   7236886                                                                      

Elapsed: 00:00:01.85

  COUNT(*)                                                                      
----------                                                                      
   7236886                                                                      

Elapsed: 00:00:00.35

  COUNT(*)                                                                      
----------                                                                      
   2168273                                                                      

Elapsed: 00:00:00.54

  COUNT(*)                                                                      
----------                                                                      
   2168273                                                                      

Elapsed: 00:00:00.11

  COUNT(*)                                                                      
----------                                                                      
   2168273                                                                      

Elapsed: 00:00:00.11

  COUNT(*)                                                                      
----------                                                                      
   2168273                                                                      

Elapsed: 00:00:00.10

  COUNT(*)                                                                      
----------                                                                      
      4136                                                                      

Elapsed: 00:00:00.01

  COUNT(*)                                                                      
----------                                                                      
         6                                                                      

Elapsed: 00:00:00.00

  COUNT(*)                                                                      
----------                                                                      
       150                                                                      

Elapsed: 00:00:00.01

  COUNT(*)                                                                      
----------                                                                      
 250808625                                                                      

Elapsed: 00:01:01.28

  COUNT(*)                                                                      
----------                                                                      
 250808625                                                                      

Elapsed: 00:00:12.81

  COUNT(*)                                                                      
----------                                                                      
 250808625                                                                      

Elapsed: 00:00:12.27

  COUNT(*)                                                                      
----------                                                                      
       129                                                                      

Elapsed: 00:00:00.03

  COUNT(*)                                                                      
----------                                                                      
       129                                                                      

Elapsed: 00:00:00.01

  COUNT(*)                                                                      
----------                                                                      
       129                                                                      

Elapsed: 00:00:00.00

  COUNT(*)                                                                      
----------                                                                      
  30619044                                                                      

Elapsed: 00:00:07.48

  COUNT(*)                                                                      
----------                                                                      
  30619044                                                                      

Elapsed: 00:00:01.51

  COUNT(*)                                                                      
----------                                                                      
  30619044                                                                      

Elapsed: 00:00:01.49

  COUNT(*)                                                                      
----------                                                                      
        21                                                                      

Elapsed: 00:00:00.01

  COUNT(*)                                                                      
----------                                                                      
       344                                                                      

Elapsed: 00:00:00.00

  COUNT(*)                                                                      
----------                                                                      
       344                                                                      

Elapsed: 00:00:00.00

  COUNT(*)                                                                      
----------                                                                      
       344                                                                      

Elapsed: 00:00:00.00

  COUNT(*)                                                                      
----------                                                                      
    902927                                                                      

Elapsed: 00:00:00.33

  COUNT(*)                                                                      
----------                                                                      
    902927                                                                      

Elapsed: 00:00:00.04

  COUNT(*)                                                                      
----------                                                                      
     13141                                                                      

Elapsed: 00:00:00.02

  COUNT(*)                                                                      
----------                                                                      
     13141                                                                      

Elapsed: 00:00:00.01

  COUNT(*)                                                                      
----------                                                                      
     13141                                                                      

Elapsed: 00:00:00.00

  COUNT(*)                                                                      
----------                                                                      
     13141                                                                      

Elapsed: 00:00:00.00

  COUNT(*)                                                                      
----------                                                                      
      1952                                                                      

Elapsed: 00:00:00.00

  COUNT(*)                                                                      
----------                                                                      
      1952                                                                      

Elapsed: 00:00:00.00

  COUNT(*)                                                                      
----------                                                                      
  17971343                                                                      

Elapsed: 00:00:04.79

  COUNT(*)                                                                      
----------                                                                      
  17971343                                                                      

Elapsed: 00:00:00.83

  COUNT(*)                                                                      
----------                                                                      
     20680                                                                      

Elapsed: 00:00:00.02

  COUNT(*)                                                                      
----------                                                                      
     20680                                                                      

Elapsed: 00:00:00.00

  COUNT(*)                                                                      
----------                                                                      
  50452932                                                                      

Elapsed: 00:00:12.89

  COUNT(*)                                                                      
----------                                                                      
  50452932                                                                      

Elapsed: 00:00:02.37
