
  COUNT(*)                                                                      
----------                                                                      
         0                                                                      

Elapsed: 00:00:00.03

  COUNT(*)                                                                      
----------                                                                      
         0                                                                      

Elapsed: 00:00:00.00

  COUNT(*)                                                                      
----------                                                                      
  79624536                                                                      

Elapsed: 00:29:03.25

  COUNT(*)                                                                      
----------                                                                      
  49883861                                                                      

Elapsed: 00:02:27.73

  COUNT(*)                                                                      
----------                                                                      
  44260127                                                                      

Elapsed: 00:02:11.88

  COUNT(*)                                                                      
----------                                                                      
  47828054                                                                      

Elapsed: 00:02:15.94

  COUNT(*)                                                                      
----------                                                                      
  51008955                                                                      

Elapsed: 00:02:05.78

  COUNT(*)                                                                      
----------                                                                      
  51528798                                                                      

Elapsed: 00:02:20.38

  COUNT(*)                                                                      
----------                                                                      
         0                                                                      

Elapsed: 00:00:00.00

  COUNT(*)                                                                      
----------                                                                      
  53171745                                                                      

Elapsed: 00:02:13.59

  COUNT(*)                                                                      
----------                                                                      
  51178875                                                                      

Elapsed: 00:02:34.56

  COUNT(*)                                                                      
----------                                                                      
  55210313                                                                      

Elapsed: 00:02:26.95

  COUNT(*)                                                                      
----------                                                                      
  52740668                                                                      

Elapsed: 00:03:49.85

  COUNT(*)                                                                      
----------                                                                      
         0                                                                      

Elapsed: 00:00:00.01

  COUNT(*)                                                                      
----------                                                                      
         0                                                                      

Elapsed: 00:00:00.00

  COUNT(*)                                                                      
----------                                                                      
 827179134                                                                      

Elapsed: 00:28:27.08
