SET
Timing is on.
psql:run_prc_ledger_balance.sql:3: NOTICE:  Running ledger for date - 2023-05-01
psql:run_prc_ledger_balance.sql:3: NOTICE:  Merging PSP_LEDGER_BALANCE, starting merge  - 2023-05-01 - Started at 02:21:18
psql:run_prc_ledger_balance.sql:3: NOTICE:  Finished merging PSP_LEDGER_BALANCE  - 02:32:45
psql:run_prc_ledger_balance.sql:3: NOTICE:  Running ledger for date - 2023-05-02
psql:run_prc_ledger_balance.sql:3: NOTICE:  Merging PSP_LEDGER_BALANCE, starting merge  - 2023-05-02 - Started at 02:32:45
psql:run_prc_ledger_balance.sql:3: NOTICE:  Finished merging PSP_LEDGER_BALANCE  - 02:45:34
psql:run_prc_ledger_balance.sql:3: NOTICE:  Running ledger for date - 2023-05-03
psql:run_prc_ledger_balance.sql:3: NOTICE:  Merging PSP_LEDGER_BALANCE, starting merge  - 2023-05-03 - Started at 02:45:34
psql:run_prc_ledger_balance.sql:3: NOTICE:  Finished merging PSP_LEDGER_BALANCE  - 03:13:35
psql:run_prc_ledger_balance.sql:3: NOTICE:  Running ledger for date - 2023-05-04
psql:run_prc_ledger_balance.sql:3: NOTICE:  Merging PSP_LEDGER_BALANCE, starting merge  - 2023-05-04 - Started at 03:13:35
psql:run_prc_ledger_balance.sql:3: NOTICE:  Finished merging PSP_LEDGER_BALANCE  - 03:20:55
psql:run_prc_ledger_balance.sql:3: NOTICE:  Running ledger for date - 2023-05-05
psql:run_prc_ledger_balance.sql:3: NOTICE:  Merging PSP_LEDGER_BALANCE, starting merge  - 2023-05-05 - Started at 03:20:55
psql:run_prc_ledger_balance.sql:3: NOTICE:  Finished merging PSP_LEDGER_BALANCE  - 03:23:08
psql:run_prc_ledger_balance.sql:3: NOTICE:  Running ledger for date - 2023-05-06
psql:run_prc_ledger_balance.sql:3: NOTICE:  Merging PSP_LEDGER_BALANCE, starting merge  - 2023-05-06 - Started at 03:23:08
psql:run_prc_ledger_balance.sql:3: NOTICE:  Finished merging PSP_LEDGER_BALANCE  - 03:23:19
psql:run_prc_ledger_balance.sql:3: NOTICE:  Running ledger for date - 2023-05-07
psql:run_prc_ledger_balance.sql:3: NOTICE:  Merging PSP_LEDGER_BALANCE, starting merge  - 2023-05-07 - Started at 03:23:19
psql:run_prc_ledger_balance.sql:3: NOTICE:  Finished merging PSP_LEDGER_BALANCE  - 03:23:35
psql:run_prc_ledger_balance.sql:3: NOTICE:  Running ledger for date - 2023-05-08
psql:run_prc_ledger_balance.sql:3: NOTICE:  Merging PSP_LEDGER_BALANCE, starting merge  - 2023-05-08 - Started at 03:23:35
psql:run_prc_ledger_balance.sql:3: NOTICE:  Finished merging PSP_LEDGER_BALANCE  - 03:30:29
CALL
Time: 4151303.639 ms (01:09:11.304)
