04:28:20 SQL> select /*+ FULL(MONEY_MOVEMENT_TXN_MG12020) parallel(MONEY_MOVEMENT_TXN_MG12020 ,4) */count(*) from pspadm.PSP_MONEY_MOVEMENT_TRANSACTION partition (MONEY_MOVEMENT_TXN_MG12020)MONEY_MOVEMENT_TXN_MG12020 ;

  COUNT(*)                                                                      
----------                                                                      
  19690374                                                                      

1 row selected.

Elapsed: 00:00:12.20
04:28:33 SQL> select /*+ FULL(MONEY_MOVEMENT_TXN_MG22020) parallel(MONEY_MOVEMENT_TXN_MG22020 ,4) */count(*) from pspadm.PSP_MONEY_MOVEMENT_TRANSACTION partition (MONEY_MOVEMENT_TXN_MG22020)MONEY_MOVEMENT_TXN_MG22020 ;

  COUNT(*)                                                                      
----------                                                                      
  20442033                                                                      

1 row selected.

Elapsed: 00:00:15.51
04:28:48 SQL> select /*+ FULL(MONEY_MOVEMENT_TXN_MG32020) parallel(MONEY_MOVEMENT_TXN_MG32020 ,4) */count(*) from pspadm.PSP_MONEY_MOVEMENT_TRANSACTION partition (MONEY_MOVEMENT_TXN_MG32020)MONEY_MOVEMENT_TXN_MG32020 ;

  COUNT(*)                                                                      
----------                                                                      
  20100593                                                                      

1 row selected.

Elapsed: 00:00:22.38
04:29:11 SQL> select /*+ FULL(MONEY_MOVEMENT_TXN_MG42020) parallel(MONEY_MOVEMENT_TXN_MG42020 ,4) */count(*) from pspadm.PSP_MONEY_MOVEMENT_TRANSACTION partition (MONEY_MOVEMENT_TXN_MG42020)MONEY_MOVEMENT_TXN_MG42020 ;

  COUNT(*)                                                                      
----------                                                                      
  21060031                                                                      

1 row selected.

Elapsed: 00:00:29.10
04:29:40 SQL> select /*+ FULL(MONEY_MOVEMENT_TXN_MG52020) parallel(MONEY_MOVEMENT_TXN_MG52020 ,4) */count(*) from pspadm.PSP_MONEY_MOVEMENT_TRANSACTION partition (MONEY_MOVEMENT_TXN_MG52020)MONEY_MOVEMENT_TXN_MG52020 ;

  COUNT(*)                                                                      
----------                                                                      
  21933634                                                                      

1 row selected.

Elapsed: 00:00:30.06
04:30:10 SQL> select /*+ FULL(MONEY_MOVEMENT_TXN_MG62020) parallel(MONEY_MOVEMENT_TXN_MG62020 ,4) */count(*) from pspadm.PSP_MONEY_MOVEMENT_TRANSACTION partition (MONEY_MOVEMENT_TXN_MG62020)MONEY_MOVEMENT_TXN_MG62020 ;

  COUNT(*)                                                                      
----------                                                                      
  22372335                                                                      

1 row selected.

Elapsed: 00:00:35.58
04:30:45 SQL> select /*+ FULL(MONEY_MOVEMENT_TXN_MG12021) parallel(MONEY_MOVEMENT_TXN_MG12021 ,4) */count(*) from pspadm.PSP_MONEY_MOVEMENT_TRANSACTION partition (MONEY_MOVEMENT_TXN_MG12021)MONEY_MOVEMENT_TXN_MG12021 ;

  COUNT(*)                                                                      
----------                                                                      
  19598465                                                                      

1 row selected.

Elapsed: 00:00:30.56
04:31:16 SQL> select /*+ FULL(MONEY_MOVEMENT_TXN_MG22021) parallel(MONEY_MOVEMENT_TXN_MG22021 ,4) */count(*) from pspadm.PSP_MONEY_MOVEMENT_TRANSACTION partition (MONEY_MOVEMENT_TXN_MG22021)MONEY_MOVEMENT_TXN_MG22021 ;

  COUNT(*)                                                                      
----------                                                                      
  22733655                                                                      

1 row selected.

Elapsed: 00:00:36.24
04:31:52 SQL> select /*+ FULL(MONEY_MOVEMENT_TXN_MG32021) parallel(MONEY_MOVEMENT_TXN_MG32021 ,4) */count(*) from pspadm.PSP_MONEY_MOVEMENT_TRANSACTION partition (MONEY_MOVEMENT_TXN_MG32021)MONEY_MOVEMENT_TXN_MG32021 ;

  COUNT(*)                                                                      
----------                                                                      
  23114506                                                                      

1 row selected.

Elapsed: 00:00:36.19
04:32:28 SQL> select /*+ FULL(MONEY_MOVEMENT_TXN_MG42021) parallel(MONEY_MOVEMENT_TXN_MG42021 ,4) */count(*) from pspadm.PSP_MONEY_MOVEMENT_TRANSACTION partition (MONEY_MOVEMENT_TXN_MG42021)MONEY_MOVEMENT_TXN_MG42021 ;

  COUNT(*)                                                                      
----------                                                                      
  21678170                                                                      

1 row selected.

Elapsed: 00:00:32.77
04:33:01 SQL> select /*+ FULL(MONEY_MOVEMENT_TXN_MG52021) parallel(MONEY_MOVEMENT_TXN_MG52021 ,4) */count(*) from pspadm.PSP_MONEY_MOVEMENT_TRANSACTION partition (MONEY_MOVEMENT_TXN_MG52021)MONEY_MOVEMENT_TXN_MG52021 ;

  COUNT(*)                                                                      
----------                                                                      
    154916                                                                      

1 row selected.

Elapsed: 00:00:01.43
04:33:02 SQL> select /*+ FULL(MONEY_MOVEMENT_TXN_MG62021) parallel(MONEY_MOVEMENT_TXN_MG62021 ,4) */count(*) from pspadm.PSP_MONEY_MOVEMENT_TRANSACTION partition (MONEY_MOVEMENT_TXN_MG62021)MONEY_MOVEMENT_TXN_MG62021 ;

  COUNT(*)                                                                      
----------                                                                      
       351                                                                      

1 row selected.

Elapsed: 00:00:00.08
04:33:03 SQL> select /*+ FULL(MONEY_MOVEMENT_TXN_9999) parallel(MONEY_MOVEMENT_TXN_9999 ,4) */count(*) from pspadm.PSP_MONEY_MOVEMENT_TRANSACTION partition (MONEY_MOVEMENT_TXN_9999)MONEY_MOVEMENT_TXN_9999 ;

  COUNT(*)                                                                      
----------                                                                      
         6                                                                      

1 row selected.

Elapsed: 00:00:00.05
04:33:03 SQL> spool off
