region=us-east-2
db_name=ppd-db-admin-ue2
Find the cloudformation stacks. Please wait
stack_id=arn:aws:cloudformation:us-east-2:152430470825:stack/psp-ppd-db-admin-ue2/1f8d4de0-94f4-11ef-ae2f-02660e546819
old_ami=ami-009072acc09ad8a0a
new_ami=ami-06e5fbda2f67d1769
{
    "StackId": "arn:aws:cloudformation:us-east-2:152430470825:stack/psp-ppd-db-admin-ue2/1f8d4de0-94f4-11ef-ae2f-02660e546819"
}
Terminate existing instance (instance_id=i-0bf7583043b60201d)
{
    "TerminatingInstances": [
        {
            "InstanceId": "i-0bf7583043b60201d", 
            "CurrentState": {
                "Code": 32, 
                "Name": "shutting-down"
            }, 
            "PreviousState": {
                "Code": 16, 
                "Name": "running"
            }
        }
    ]
}
