region=us-east-2
db_name=prod-db-admin-ue2
Find the cloudformation stacks. Please wait
stack_id=arn:aws:cloudformation:us-east-2:893547637742:stack/psp-prod-db-admin-ue2/5c4f6db0-9a82-11ef-83ee-0298ec19a149
old_ami=ami-0800e7c756cc8f102
new_ami=ami-009072acc09ad8a0a
{
    "StackId": "arn:aws:cloudformation:us-east-2:893547637742:stack/psp-prod-db-admin-ue2/5c4f6db0-9a82-11ef-83ee-0298ec19a149"
}
Terminate existing instance (instance_id=i-0ed772b5dcaeeb8ff)
{
    "TerminatingInstances": [
        {
            "InstanceId": "i-0ed772b5dcaeeb8ff", 
            "CurrentState": {
                "Code": 32, 
                "Name": "shutting-down"
            }, 
            "PreviousState": {
                "Code": 16, 
                "Name": "running"
            }
        }
    ]
}
