psql:analyze_script_3.sql:2: ERROR:  syntax error at or near "/"
LINE 1: /timing
        ^
psql:analyze_script_3.sql:3: INFO:  analyzing "pspadm.as400_dropme"
psql:analyze_script_3.sql:3: INFO:  "as400_dropme": scanned 0 of 0 pages, containing 0 live rows and 0 dead rows; 0 rows in sample, 0 estimated total rows
ANALYZE
psql:analyze_script_3.sql:4: INFO:  analyzing "pspadm.distinct_company_fk"
psql:analyze_script_3.sql:4: INFO:  "distinct_company_fk": scanned 0 of 0 pages, containing 0 live rows and 0 dead rows; 0 rows in sample, 0 estimated total rows
ANALYZE
psql:analyze_script_3.sql:5: INFO:  analyzing "pspadm.gg_heartbeat"
psql:analyze_script_3.sql:5: INFO:  "gg_heartbeat": scanned 1 of 1 pages, containing 21 live rows and 0 dead rows; 21 rows in sample, 21 estimated total rows
ANALYZE
psql:analyze_script_3.sql:6: INFO:  analyzing "pspadm.paycheck_backup_date"
psql:analyze_script_3.sql:6: INFO:  "paycheck_backup_date": scanned 0 of 0 pages, containing 0 live rows and 0 dead rows; 0 rows in sample, 0 estimated total rows
ANALYZE
psql:analyze_script_3.sql:7: INFO:  analyzing "pspadm.payroll_hist"
psql:analyze_script_3.sql:7: INFO:  "payroll_hist": scanned 0 of 0 pages, containing 0 live rows and 0 dead rows; 0 rows in sample, 0 estimated total rows
ANALYZE
psql:analyze_script_3.sql:8: INFO:  analyzing "pspadm.psp_accounting_report_file"
psql:analyze_script_3.sql:8: INFO:  "psp_accounting_report_file": scanned 355 of 355 pages, containing 11866 live rows and 0 dead rows; 11866 rows in sample, 11866 estimated total rows
ANALYZE
psql:analyze_script_3.sql:9: INFO:  analyzing "pspadm.psp_ach_transaction_code"
psql:analyze_script_3.sql:9: INFO:  "psp_ach_transaction_code": scanned 1 of 1 pages, containing 16 live rows and 0 dead rows; 16 rows in sample, 16 estimated total rows
ANALYZE
psql:analyze_script_3.sql:10: INFO:  analyzing "pspadm.psp_achenrollment"
psql:analyze_script_3.sql:10: INFO:  "psp_achenrollment": scanned 552 of 552 pages, containing 20256 live rows and 0 dead rows; 20256 rows in sample, 20256 estimated total rows
ANALYZE
psql:analyze_script_3.sql:11: INFO:  analyzing "pspadm.psp_achenrollment_detail"
psql:analyze_script_3.sql:11: INFO:  "psp_achenrollment_detail": scanned 603 of 603 pages, containing 5477 live rows and 0 dead rows; 5477 rows in sample, 5477 estimated total rows
ANALYZE
psql:analyze_script_3.sql:12: INFO:  analyzing "pspadm.psp_achenrollment_file"
psql:analyze_script_3.sql:12: INFO:  "psp_achenrollment_file": scanned 5 of 5 pages, containing 87 live rows and 0 dead rows; 87 rows in sample, 87 estimated total rows
ANALYZE
psql:analyze_script_3.sql:13: INFO:  analyzing "pspadm.psp_action_event"
psql:analyze_script_3.sql:13: INFO:  "psp_action_event": scanned 3 of 3 pages, containing 31 live rows and 0 dead rows; 31 rows in sample, 31 estimated total rows
ANALYZE
psql:analyze_script_3.sql:14: INFO:  analyzing "pspadm.psp_additional_filing_amount"
psql:analyze_script_3.sql:14: INFO:  "psp_additional_filing_amount": scanned 1 of 1 pages, containing 24 live rows and 0 dead rows; 24 rows in sample, 24 estimated total rows
ANALYZE
psql:analyze_script_3.sql:15: INFO:  analyzing "pspadm.psp_address"
psql:analyze_script_3.sql:15: INFO:  "psp_address": scanned 30000 of 2663432 pages, containing 1395684 live rows and 0 dead rows; 30000 rows in sample, 123910314 estimated total rows
ANALYZE
psql:analyze_script_3.sql:16: INFO:  analyzing "pspadm.psp_ade_law_map"
psql:analyze_script_3.sql:16: INFO:  "psp_ade_law_map": scanned 3 of 3 pages, containing 59 live rows and 0 dead rows; 59 rows in sample, 59 estimated total rows
ANALYZE
psql:analyze_script_3.sql:17: INFO:  analyzing "pspadm.psp_agency"
psql:analyze_script_3.sql:17: INFO:  "psp_agency": scanned 10 of 10 pages, containing 97 live rows and 0 dead rows; 97 rows in sample, 97 estimated total rows
ANALYZE
psql:analyze_script_3.sql:18: INFO:  analyzing "pspadm.psp_agency_check_batch"
psql:analyze_script_3.sql:18: INFO:  "psp_agency_check_batch": scanned 246 of 246 pages, containing 20075 live rows and 2 dead rows; 20075 rows in sample, 20075 estimated total rows
ANALYZE
psql:analyze_script_3.sql:19: INFO:  analyzing "pspadm.psp_agency_id_requirement"
psql:analyze_script_3.sql:19: INFO:  "psp_agency_id_requirement": scanned 26 of 26 pages, containing 97 live rows and 0 dead rows; 97 rows in sample, 97 estimated total rows
ANALYZE
psql:analyze_script_3.sql:20: INFO:  analyzing "pspadm.psp_agency_rate_request"
psql:analyze_script_3.sql:20: INFO:  "psp_agency_rate_request": scanned 13 of 13 pages, containing 595 live rows and 0 dead rows; 595 rows in sample, 595 estimated total rows
ANALYZE
psql:analyze_script_3.sql:21: INFO:  analyzing "pspadm.psp_annual_billing_batch"
psql:analyze_script_3.sql:21: INFO:  "psp_annual_billing_batch": scanned 1 of 1 pages, containing 12 live rows and 0 dead rows; 12 rows in sample, 12 estimated total rows
ANALYZE
psql:analyze_script_3.sql:22: INFO:  analyzing "pspadm.psp_annual_billing_item"
psql:analyze_script_3.sql:22: INFO:  "psp_annual_billing_item": scanned 14975 of 14975 pages, containing 466472 live rows and 0 dead rows; 30000 rows in sample, 466472 estimated total rows
ANALYZE
psql:analyze_script_3.sql:23: INFO:  analyzing "pspadm.psp_applied_database_patch"
psql:analyze_script_3.sql:23: INFO:  "psp_applied_database_patch": scanned 12 of 12 pages, containing 639 live rows and 0 dead rows; 639 rows in sample, 639 estimated total rows
ANALYZE
psql:analyze_script_3.sql:24: INFO:  analyzing "pspadm.psp_archive_record"
psql:analyze_script_3.sql:24: INFO:  "psp_archive_record": scanned 21294 of 21294 pages, containing 628101 live rows and 0 dead rows; 30000 rows in sample, 628101 estimated total rows
ANALYZE
psql:analyze_script_3.sql:25: INFO:  analyzing "pspadm.psp_assisted_bundle_bill"
psql:analyze_script_3.sql:25: INFO:  "psp_assisted_bundle_bill": scanned 30000 of 384434 pages, containing 4783 live rows and 926 dead rows; 4783 rows in sample, 61292 estimated total rows
ANALYZE
psql:analyze_script_3.sql:26: INFO:  analyzing "pspadm.psp_asst_bundle_bill_detail"
psql:analyze_script_3.sql:26: INFO:  "psp_asst_bundle_bill_detail": scanned 30000 of 19898639 pages, containing 1019999 live rows and 1 dead rows; 30000 rows in sample, 676553063 estimated total rows
ANALYZE
psql:analyze_script_3.sql:27: INFO:  analyzing "pspadm.psp_asst_bundle_comp_usage"
psql:analyze_script_3.sql:27: INFO:  "psp_asst_bundle_comp_usage": scanned 91 of 91 pages, containing 3718 live rows and 0 dead rows; 3718 rows in sample, 3718 estimated total rows
ANALYZE
psql:analyze_script_3.sql:28: INFO:  analyzing "pspadm.psp_atfdata_extract_batch"
psql:analyze_script_3.sql:28: INFO:  "psp_atfdata_extract_batch": scanned 87 of 87 pages, containing 3458 live rows and 0 dead rows; 3458 rows in sample, 3458 estimated total rows
ANALYZE
psql:analyze_script_3.sql:29: INFO:  analyzing "pspadm.psp_atfdata_extract_file"
psql:analyze_script_3.sql:29: INFO:  "psp_atfdata_extract_file": scanned 1035 of 1035 pages, containing 29290 live rows and 0 dead rows; 29290 rows in sample, 29290 estimated total rows
ANALYZE
psql:analyze_script_3.sql:30: INFO:  analyzing "pspadm.psp_atfpayments_to_process"
psql:analyze_script_3.sql:30: INFO:  "psp_atfpayments_to_process": scanned 30000 of 3480812 pages, containing 967715 live rows and 43 dead rows; 30000 rows in sample, 112281133 estimated total rows
ANALYZE
psql:analyze_script_3.sql:31: INFO:  analyzing "pspadm.psp_atfpayrolls_to_process"
psql:analyze_script_3.sql:31: INFO:  "psp_atfpayrolls_to_process": scanned 30000 of 485379 pages, containing 1418382 live rows and 1 dead rows; 30000 rows in sample, 22948428 estimated total rows
ANALYZE
psql:analyze_script_3.sql:32: INFO:  analyzing "pspadm.psp_auth_domain"
psql:analyze_script_3.sql:32: INFO:  "psp_auth_domain": scanned 1 of 1 pages, containing 2 live rows and 0 dead rows; 2 rows in sample, 2 estimated total rows
ANALYZE
psql:analyze_script_3.sql:33: INFO:  analyzing "pspadm.psp_auth_operation"
psql:analyze_script_3.sql:33: INFO:  "psp_auth_operation": scanned 11 of 11 pages, containing 164 live rows and 0 dead rows; 164 rows in sample, 164 estimated total rows
ANALYZE
psql:analyze_script_3.sql:34: INFO:  analyzing "pspadm.psp_auth_role"
psql:analyze_script_3.sql:34: INFO:  "psp_auth_role": scanned 9 of 9 pages, containing 59 live rows and 0 dead rows; 59 rows in sample, 59 estimated total rows
ANALYZE
psql:analyze_script_3.sql:35: INFO:  analyzing "pspadm.psp_auth_user"
psql:analyze_script_3.sql:35: INFO:  "psp_auth_user": scanned 5079 of 5079 pages, containing 10846 live rows and 775 dead rows; 10846 rows in sample, 10846 estimated total rows
ANALYZE
psql:analyze_script_3.sql:36: INFO:  analyzing "pspadm.psp_auth_user_auth_role__assoc"
psql:analyze_script_3.sql:36: INFO:  "psp_auth_user_auth_role__assoc": scanned 461 of 461 pages, containing 28247 live rows and 688 dead rows; 28247 rows in sample, 28247 estimated total rows
ANALYZE
psql:analyze_script_3.sql:37: INFO:  analyzing "pspadm.psp_authrole_operation_assoc"
psql:analyze_script_3.sql:37: INFO:  "psp_authrole_operation_assoc": scanned 18 of 18 pages, containing 1600 live rows and 0 dead rows; 1600 rows in sample, 1600 estimated total rows
ANALYZE
psql:analyze_script_3.sql:38: INFO:  analyzing "pspadm.psp_bank_account"
psql:analyze_script_3.sql:38: INFO:  "psp_bank_account": scanned 30000 of 2042883 pages, containing 633364 live rows and 670 dead rows; 30000 rows in sample, 43129618 estimated total rows
ANALYZE
psql:analyze_script_3.sql:39: INFO:  analyzing "pspadm.psp_bank_holiday"
psql:analyze_script_3.sql:39: INFO:  "psp_bank_holiday": scanned 47 of 47 pages, containing 238 live rows and 0 dead rows; 238 rows in sample, 238 estimated total rows
ANALYZE
psql:analyze_script_3.sql:40: INFO:  analyzing "pspadm.psp_batch_job_audit_log"
psql:analyze_script_3.sql:40: INFO:  "psp_batch_job_audit_log": scanned 4730 of 4730 pages, containing 153903 live rows and 3285 dead rows; 30000 rows in sample, 153903 estimated total rows
ANALYZE
psql:analyze_script_3.sql:41: INFO:  analyzing "pspadm.psp_batch_job_parameter"
psql:analyze_script_3.sql:41: INFO:  "psp_batch_job_parameter": scanned 33 of 33 pages, containing 160 live rows and 0 dead rows; 160 rows in sample, 160 estimated total rows
ANALYZE
psql:analyze_script_3.sql:42: INFO:  analyzing "pspadm.psp_batch_job_setup"
psql:analyze_script_3.sql:42: INFO:  "psp_batch_job_setup": scanned 41 of 41 pages, containing 159 live rows and 0 dead rows; 159 rows in sample, 159 estimated total rows
ANALYZE
psql:analyze_script_3.sql:43: INFO:  analyzing "pspadm.psp_batch_job_status"
psql:analyze_script_3.sql:43: INFO:  "psp_batch_job_status": scanned 1676 of 1676 pages, containing 150 live rows and 138 dead rows; 150 rows in sample, 150 estimated total rows
ANALYZE
psql:analyze_script_3.sql:44: INFO:  analyzing "pspadm.psp_bill"
psql:analyze_script_3.sql:44: INFO:  "psp_bill": scanned 30000 of 818181 pages, containing 1202999 live rows and 0 dead rows; 30000 rows in sample, 32809031 estimated total rows
ANALYZE
psql:analyze_script_3.sql:45: INFO:  analyzing "pspadm.psp_bill_payment"
psql:analyze_script_3.sql:45: INFO:  "psp_bill_payment": scanned 30000 of 2025499 pages, containing 645731 live rows and 973 dead rows; 30000 rows in sample, 43597583 estimated total rows
ANALYZE
psql:analyze_script_3.sql:46: INFO:  analyzing "pspadm.psp_bill_payment_split"
psql:analyze_script_3.sql:46: INFO:  "psp_bill_payment_split": scanned 30000 of 1703299 pages, containing 768499 live rows and 0 dead rows; 30000 rows in sample, 43632786 estimated total rows
ANALYZE
psql:analyze_script_3.sql:47: INFO:  analyzing "pspadm.psp_billing_detail"
psql:analyze_script_3.sql:47: INFO:  "psp_billing_detail": scanned 30000 of 7166724 pages, containing 706216 live rows and 222 dead rows; 30000 rows in sample, 168708505 estimated total rows
ANALYZE
psql:analyze_script_3.sql:48: INFO:  analyzing "pspadm.psp_bpcompany_service_info"
psql:analyze_script_3.sql:48: INFO:  "psp_bpcompany_service_info": scanned 2425 of 2425 pages, containing 250315 live rows and 233 dead rows; 30000 rows in sample, 250315 estimated total rows
ANALYZE
psql:analyze_script_3.sql:49: INFO:  analyzing "pspadm.psp_cdcompany_service_info"
psql:analyze_script_3.sql:49: INFO:  "psp_cdcompany_service_info": scanned 2 of 2 pages, containing 141 live rows and 0 dead rows; 141 rows in sample, 141 estimated total rows
ANALYZE
psql:analyze_script_3.sql:50: INFO:  analyzing "pspadm.psp_check_print_batch"
psql:analyze_script_3.sql:50: INFO:  "psp_check_print_batch": scanned 665 of 665 pages, containing 25642 live rows and 25 dead rows; 25642 rows in sample, 25642 estimated total rows
ANALYZE
psql:analyze_script_3.sql:51: INFO:  analyzing "pspadm.psp_check_print_paycheck"
psql:analyze_script_3.sql:51: INFO:  "psp_check_print_paycheck": scanned 4240 of 4240 pages, containing 154651 live rows and 0 dead rows; 30000 rows in sample, 154651 estimated total rows
ANALYZE
psql:analyze_script_3.sql:52: INFO:  analyzing "pspadm.psp_check_print_signature"
psql:analyze_script_3.sql:52: INFO:  "psp_check_print_signature": scanned 7 of 7 pages, containing 141 live rows and 0 dead rows; 141 rows in sample, 141 estimated total rows
ANALYZE
psql:analyze_script_3.sql:53: INFO:  analyzing "pspadm.psp_collection_stage"
psql:analyze_script_3.sql:53: INFO:  "psp_collection_stage": scanned 1 of 1 pages, containing 3 live rows and 0 dead rows; 3 rows in sample, 3 estimated total rows
ANALYZE
psql:analyze_script_3.sql:54: INFO:  analyzing "pspadm.psp_comp_adjust_submission"
psql:analyze_script_3.sql:54: INFO:  "psp_comp_adjust_submission": scanned 30000 of 500743 pages, containing 1282177 live rows and 871 dead rows; 30000 rows in sample, 21401372 estimated total rows
ANALYZE
psql:analyze_script_3.sql:55: INFO:  analyzing "pspadm.psp_comp_pmt_template_agencyid"
psql:analyze_script_3.sql:55: INFO:  "psp_comp_pmt_template_agencyid": scanned 605 of 605 pages, containing 16417 live rows and 11 dead rows; 16417 rows in sample, 16417 estimated total rows
ANALYZE
psql:analyze_script_3.sql:56: INFO:  analyzing "pspadm.psp_comp_pmttemplate_pmtmethod"
psql:analyze_script_3.sql:56: INFO:  "psp_comp_pmttemplate_pmtmethod": scanned 30000 of 146690 pages, containing 1354263 live rows and 641 dead rows; 30000 rows in sample, 6621895 estimated total rows
ANALYZE
psql:analyze_script_3.sql:57: INFO:  analyzing "pspadm.psp_company"
psql:analyze_script_3.sql:57: INFO:  "psp_company": scanned 30000 of 951555 pages, containing 218860 live rows and 0 dead rows; 30000 rows in sample, 6941911 estimated total rows
ANALYZE
psql:analyze_script_3.sql:58: INFO:  analyzing "pspadm.psp_company_additional_info"
psql:analyze_script_3.sql:58: INFO:  "psp_company_additional_info": scanned 25377 of 25377 pages, containing 901558 live rows and 120 dead rows; 30000 rows in sample, 901558 estimated total rows
ANALYZE
psql:analyze_script_3.sql:59: INFO:  analyzing "pspadm.psp_company_agency"
psql:analyze_script_3.sql:59: INFO:  "psp_company_agency": scanned 30000 of 70208 pages, containing 1221246 live rows and 0 dead rows; 30000 rows in sample, 2858041 estimated total rows
ANALYZE
psql:analyze_script_3.sql:60: INFO:  analyzing "pspadm.psp_company_bank_account"
psql:analyze_script_3.sql:60: INFO:  "psp_company_bank_account": scanned 30000 of 99308 pages, containing 559605 live rows and 159 dead rows; 30000 rows in sample, 1852442 estimated total rows
ANALYZE
psql:analyze_script_3.sql:61: INFO:  analyzing "pspadm.psp_company_consent"
psql:analyze_script_3.sql:61: INFO:  "psp_company_consent": scanned 1389 of 1389 pages, containing 41169 live rows and 4 dead rows; 30000 rows in sample, 41169 estimated total rows
ANALYZE
psql:analyze_script_3.sql:62: INFO:  analyzing "pspadm.psp_company_daily_liability"
psql:analyze_script_3.sql:62: INFO:  "psp_company_daily_liability": scanned 30000 of 5928549 pages, containing 1010541 live rows and 1979 dead rows; 30000 rows in sample, 199701395 estimated total rows
ANALYZE
psql:analyze_script_3.sql:63: INFO:  analyzing "pspadm.psp_company_event" inheritance tree
psql:analyze_script_3.sql:63: INFO:  "psp_company_event_p0": scanned 3754 of 7093511 pages, containing 114929 live rows and 0 dead rows; 3754 rows in sample, 217168387 estimated total rows
psql:analyze_script_3.sql:63: INFO:  "psp_company_event_p1": scanned 3759 of 7103241 pages, containing 115879 live rows and 436 dead rows; 3759 rows in sample, 218972190 estimated total rows
psql:analyze_script_3.sql:63: INFO:  "psp_company_event_p2": scanned 3725 of 7039752 pages, containing 115106 live rows and 0 dead rows; 3725 rows in sample, 217534951 estimated total rows
psql:analyze_script_3.sql:63: INFO:  "psp_company_event_p3": scanned 3754 of 7094025 pages, containing 115273 live rows and 39 dead rows; 3754 rows in sample, 217834189 estimated total rows
psql:analyze_script_3.sql:63: INFO:  "psp_company_event_p4": scanned 3818 of 7214596 pages, containing 114980 live rows and 428 dead rows; 3818 rows in sample, 217269316 estimated total rows
psql:analyze_script_3.sql:63: INFO:  "psp_company_event_p5": scanned 3758 of 7101960 pages, containing 116056 live rows and 274 dead rows; 3758 rows in sample, 219325458 estimated total rows
psql:analyze_script_3.sql:63: INFO:  "psp_company_event_p6": scanned 3691 of 6974234 pages, containing 113296 live rows and 0 dead rows; 3691 rows in sample, 214075539 estimated total rows
psql:analyze_script_3.sql:63: INFO:  "psp_company_event_p7": scanned 3741 of 7069451 pages, containing 114633 live rows and 0 dead rows; 3741 rows in sample, 216624533 estimated total rows
psql:analyze_script_3.sql:63: INFO:  analyzing "pspadm.psp_company_event_p0"
psql:analyze_script_3.sql:63: INFO:  "psp_company_event_p0": scanned 30000 of 7093511 pages, containing 919072 live rows and 0 dead rows; 30000 rows in sample, 217314911 estimated total rows
psql:analyze_script_3.sql:63: INFO:  analyzing "pspadm.psp_company_event_p1"
psql:analyze_script_3.sql:63: INFO:  "psp_company_event_p1": scanned 30000 of 7103241 pages, containing 922383 live rows and 3254 dead rows; 30000 rows in sample, 218396958 estimated total rows
psql:analyze_script_3.sql:63: INFO:  analyzing "pspadm.psp_company_event_p2"
psql:analyze_script_3.sql:63: INFO:  "psp_company_event_p2": scanned 30000 of 7039752 pages, containing 916832 live rows and 0 dead rows; 30000 rows in sample, 215142330 estimated total rows
psql:analyze_script_3.sql:63: INFO:  analyzing "pspadm.psp_company_event_p3"
psql:analyze_script_3.sql:63: INFO:  "psp_company_event_p3": scanned 30000 of 7094025 pages, containing 913361 live rows and 574 dead rows; 30000 rows in sample, 215980192 estimated total rows
psql:analyze_script_3.sql:63: INFO:  analyzing "pspadm.psp_company_event_p4"
psql:analyze_script_3.sql:63: INFO:  "psp_company_event_p4": scanned 30000 of 7214596 pages, containing 907239 live rows and 2839 dead rows; 30000 rows in sample, 218178762 estimated total rows
psql:analyze_script_3.sql:63: INFO:  analyzing "pspadm.psp_company_event_p5"
psql:analyze_script_3.sql:63: INFO:  "psp_company_event_p5": scanned 30000 of 7101960 pages, containing 920759 live rows and 3274 dead rows; 30000 rows in sample, 217973120 estimated total rows
psql:analyze_script_3.sql:63: INFO:  analyzing "pspadm.psp_company_event_p6"
psql:analyze_script_3.sql:63: INFO:  "psp_company_event_p6": scanned 30000 of 6974234 pages, containing 925647 live rows and 0 dead rows; 30000 rows in sample, 215189293 estimated total rows
psql:analyze_script_3.sql:63: INFO:  analyzing "pspadm.psp_company_event_p7"
psql:analyze_script_3.sql:63: INFO:  "psp_company_event_p7": scanned 30000 of 7069451 pages, containing 920445 live rows and 0 dead rows; 30000 rows in sample, 216901361 estimated total rows
ANALYZE
psql:analyze_script_3.sql:64: INFO:  analyzing "pspadm.psp_company_event_detail" inheritance tree
psql:analyze_script_3.sql:64: INFO:  "psp_company_event_detail_p0": scanned 3757 of 16710857 pages, containing 104431 live rows and 0 dead rows; 3757 rows in sample, 464501333 estimated total rows
psql:analyze_script_3.sql:64: INFO:  "psp_company_event_detail_p1": scanned 3769 of 16764174 pages, containing 104422 live rows and 0 dead rows; 3769 rows in sample, 464459692 estimated total rows
psql:analyze_script_3.sql:64: INFO:  "psp_company_event_detail_p2": scanned 3727 of 16577302 pages, containing 103391 live rows and 0 dead rows; 3727 rows in sample, 459872238 estimated total rows
psql:analyze_script_3.sql:64: INFO:  "psp_company_event_detail_p3": scanned 3747 of 16667416 pages, containing 103843 live rows and 0 dead rows; 3747 rows in sample, 461914726 estimated total rows
psql:analyze_script_3.sql:64: INFO:  "psp_company_event_detail_p4": scanned 3767 of 16757537 pages, containing 104634 live rows and 0 dead rows; 3767 rows in sample, 465465391 estimated total rows
psql:analyze_script_3.sql:64: INFO:  "psp_company_event_detail_p5": scanned 3777 of 16802309 pages, containing 104461 live rows and 0 dead rows; 3777 rows in sample, 464703733 estimated total rows
psql:analyze_script_3.sql:64: INFO:  "psp_company_event_detail_p6": scanned 3709 of 16495926 pages, containing 103487 live rows and 0 dead rows; 3709 rows in sample, 460262576 estimated total rows
psql:analyze_script_3.sql:64: INFO:  "psp_company_event_detail_p7": scanned 3747 of 16666902 pages, containing 103828 live rows and 0 dead rows; 3747 rows in sample, 461833761 estimated total rows
psql:analyze_script_3.sql:64: INFO:  analyzing "pspadm.psp_company_event_detail_p0"
psql:analyze_script_3.sql:64: INFO:  "psp_company_event_detail_p0": scanned 30000 of 16710857 pages, containing 833801 live rows and 0 dead rows; 30000 rows in sample, 464450976 estimated total rows
psql:analyze_script_3.sql:64: INFO:  analyzing "pspadm.psp_company_event_detail_p1"
psql:analyze_script_3.sql:64: INFO:  "psp_company_event_detail_p1": scanned 30000 of 16764174 pages, containing 831084 live rows and 0 dead rows; 30000 rows in sample, 464414559 estimated total rows
psql:analyze_script_3.sql:64: INFO:  analyzing "pspadm.psp_company_event_detail_p2"
psql:analyze_script_3.sql:64: INFO:  "psp_company_event_detail_p2": scanned 30000 of 16577302 pages, containing 829810 live rows and 12 dead rows; 30000 rows in sample, 458533699 estimated total rows
psql:analyze_script_3.sql:64: INFO:  analyzing "pspadm.psp_company_event_detail_p3"
psql:analyze_script_3.sql:64: INFO:  "psp_company_event_detail_p3": scanned 30000 of 16667416 pages, containing 827565 live rows and 2 dead rows; 30000 rows in sample, 459779004 estimated total rows
psql:analyze_script_3.sql:64: INFO:  analyzing "pspadm.psp_company_event_detail_p4"
psql:analyze_script_3.sql:64: INFO:  "psp_company_event_detail_p4": scanned 30000 of 16757537 pages, containing 830545 live rows and 2 dead rows; 30000 rows in sample, 463929619 estimated total rows
psql:analyze_script_3.sql:64: INFO:  analyzing "pspadm.psp_company_event_detail_p5"
psql:analyze_script_3.sql:64: INFO:  "psp_company_event_detail_p5": scanned 30000 of 16802309 pages, containing 830280 live rows and 0 dead rows; 30000 rows in sample, 465020704 estimated total rows
psql:analyze_script_3.sql:64: INFO:  analyzing "pspadm.psp_company_event_detail_p6"
psql:analyze_script_3.sql:64: INFO:  "psp_company_event_detail_p6": scanned 30000 of 16495926 pages, containing 836995 live rows and 2 dead rows; 30000 rows in sample, 460233586 estimated total rows
psql:analyze_script_3.sql:64: INFO:  analyzing "pspadm.psp_company_event_detail_p7"
psql:analyze_script_3.sql:64: INFO:  "psp_company_event_detail_p7": scanned 30000 of 16666902 pages, containing 829706 live rows and 3 dead rows; 30000 rows in sample, 460954286 estimated total rows
ANALYZE
psql:analyze_script_3.sql:65: INFO:  analyzing "pspadm.psp_company_event_detail_p0"
psql:analyze_script_3.sql:65: INFO:  "psp_company_event_detail_p0": scanned 30000 of 16710857 pages, containing 833693 live rows and 0 dead rows; 30000 rows in sample, 464390817 estimated total rows
ANALYZE
psql:analyze_script_3.sql:66: INFO:  analyzing "pspadm.psp_company_event_detail_p1"
psql:analyze_script_3.sql:66: INFO:  "psp_company_event_detail_p1": scanned 30000 of 16764174 pages, containing 831950 live rows and 0 dead rows; 30000 rows in sample, 464898485 estimated total rows
ANALYZE
psql:analyze_script_3.sql:67: INFO:  analyzing "pspadm.psp_company_event_detail_p2"
psql:analyze_script_3.sql:67: INFO:  "psp_company_event_detail_p2": scanned 30000 of 16577302 pages, containing 830827 live rows and 1 dead rows; 30000 rows in sample, 459095670 estimated total rows
ANALYZE
psql:analyze_script_3.sql:68: INFO:  analyzing "pspadm.psp_company_event_detail_p3"
psql:analyze_script_3.sql:68: INFO:  "psp_company_event_detail_p3": scanned 30000 of 16667416 pages, containing 829021 live rows and 2 dead rows; 30000 rows in sample, 460587929 estimated total rows
ANALYZE
psql:analyze_script_3.sql:69: INFO:  analyzing "pspadm.psp_company_event_detail_p4"
psql:analyze_script_3.sql:69: INFO:  "psp_company_event_detail_p4": scanned 30000 of 16757537 pages, containing 829880 live rows and 0 dead rows; 30000 rows in sample, 463558160 estimated total rows
ANALYZE
psql:analyze_script_3.sql:70: INFO:  analyzing "pspadm.psp_company_event_detail_p5"
psql:analyze_script_3.sql:70: INFO:  "psp_company_event_detail_p5": scanned 30000 of 16802309 pages, containing 830668 live rows and 2 dead rows; 30000 rows in sample, 465238014 estimated total rows
ANALYZE
psql:analyze_script_3.sql:71: INFO:  analyzing "pspadm.psp_company_event_detail_p6"
psql:analyze_script_3.sql:71: INFO:  "psp_company_event_detail_p6": scanned 30000 of 16495926 pages, containing 838077 live rows and 0 dead rows; 30000 rows in sample, 460828539 estimated total rows
ANALYZE
psql:analyze_script_3.sql:72: INFO:  analyzing "pspadm.psp_company_event_detail_p7"
psql:analyze_script_3.sql:72: INFO:  "psp_company_event_detail_p7": scanned 30000 of 16666902 pages, containing 830655 live rows and 6 dead rows; 30000 rows in sample, 461481516 estimated total rows
ANALYZE
psql:analyze_script_3.sql:73: INFO:  analyzing "pspadm.psp_company_event_email"
psql:analyze_script_3.sql:73: INFO:  "psp_company_event_email": scanned 30000 of 14601999 pages, containing 919583 live rows and 5371 dead rows; 30000 rows in sample, 447591668 estimated total rows
ANALYZE
psql:analyze_script_3.sql:74: INFO:  analyzing "pspadm.psp_company_event_email_param" inheritance tree
psql:analyze_script_3.sql:74: INFO:  "psp_company_event_email_param_p0": scanned 3746 of 14219030 pages, containing 130026 live rows and 0 dead rows; 3746 rows in sample, 493551413 estimated total rows
psql:analyze_script_3.sql:74: INFO:  "psp_company_event_email_param_p1": scanned 3772 of 14318853 pages, containing 131063 live rows and 3 dead rows; 3772 rows in sample, 497526996 estimated total rows
psql:analyze_script_3.sql:74: INFO:  "psp_company_event_email_param_p2": scanned 3719 of 14117636 pages, containing 129236 live rows and 35 dead rows; 3719 rows in sample, 490590698 estimated total rows
psql:analyze_script_3.sql:74: INFO:  "psp_company_event_email_param_p3": scanned 3760 of 14271750 pages, containing 130755 live rows and 0 dead rows; 3760 rows in sample, 496303902 estimated total rows
psql:analyze_script_3.sql:74: INFO:  "psp_company_event_email_param_p4": scanned 3741 of 14200067 pages, containing 129903 live rows and 0 dead rows; 3741 rows in sample, 493085085 estimated total rows
psql:analyze_script_3.sql:74: INFO:  "psp_company_event_email_param_p5": scanned 3812 of 14468866 pages, containing 132400 live rows and 0 dead rows; 3812 rows in sample, 502538788 estimated total rows
psql:analyze_script_3.sql:74: INFO:  "psp_company_event_email_param_p6": scanned 3688 of 13998596 pages, containing 128151 live rows and 0 dead rows; 3688 rows in sample, 486424641 estimated total rows
psql:analyze_script_3.sql:74: INFO:  "psp_company_event_email_param_p7": scanned 3762 of 14281988 pages, containing 130828 live rows and 0 dead rows; 3762 rows in sample, 496673027 estimated total rows
psql:analyze_script_3.sql:74: INFO:  analyzing "pspadm.psp_company_event_email_param_p0"
psql:analyze_script_3.sql:74: INFO:  "psp_company_event_email_param_p0": scanned 30000 of 14219030 pages, containing 1042154 live rows and 0 dead rows; 30000 rows in sample, 493947300 estimated total rows
psql:analyze_script_3.sql:74: INFO:  analyzing "pspadm.psp_company_event_email_param_p1"
psql:analyze_script_3.sql:74: INFO:  "psp_company_event_email_param_p1": scanned 30000 of 14318853 pages, containing 1042301 live rows and 0 dead rows; 30000 rows in sample, 497485160 estimated total rows
psql:analyze_script_3.sql:74: INFO:  analyzing "pspadm.psp_company_event_email_param_p2"
psql:analyze_script_3.sql:74: INFO:  "psp_company_event_email_param_p2": scanned 30000 of 14117636 pages, containing 1042278 live rows and 98 dead rows; 30000 rows in sample, 490483380 estimated total rows
psql:analyze_script_3.sql:74: INFO:  analyzing "pspadm.psp_company_event_email_param_p3"
psql:analyze_script_3.sql:74: INFO:  "psp_company_event_email_param_p3": scanned 30000 of 14271750 pages, containing 1041842 live rows and 0 dead rows; 30000 rows in sample, 495630285 estimated total rows
psql:analyze_script_3.sql:74: INFO:  analyzing "pspadm.psp_company_event_email_param_p4"
psql:analyze_script_3.sql:74: INFO:  "psp_company_event_email_param_p4": scanned 30000 of 14200067 pages, containing 1041756 live rows and 12 dead rows; 30000 rows in sample, 493100167 estimated total rows
psql:analyze_script_3.sql:74: INFO:  analyzing "pspadm.psp_company_event_email_param_p5"
psql:analyze_script_3.sql:74: INFO:  "psp_company_event_email_param_p5": scanned 30000 of 14468866 pages, containing 1042472 live rows and 53 dead rows; 30000 rows in sample, 502779589 estimated total rows
psql:analyze_script_3.sql:74: INFO:  analyzing "pspadm.psp_company_event_email_param_p6"
psql:analyze_script_3.sql:74: INFO:  "psp_company_event_email_param_p6": scanned 30000 of 13998596 pages, containing 1042834 live rows and 17 dead rows; 30000 rows in sample, 486607062 estimated total rows
psql:analyze_script_3.sql:74: INFO:  analyzing "pspadm.psp_company_event_email_param_p7"
psql:analyze_script_3.sql:74: INFO:  "psp_company_event_email_param_p7": scanned 30000 of 14281988 pages, containing 1041593 live rows and 37 dead rows; 30000 rows in sample, 495867291 estimated total rows
ANALYZE
psql:analyze_script_3.sql:75: INFO:  analyzing "pspadm.psp_company_event_email_param_p0"
psql:analyze_script_3.sql:75: INFO:  "psp_company_event_email_param_p0": scanned 30000 of 14219030 pages, containing 1042027 live rows and 0 dead rows; 30000 rows in sample, 493887106 estimated total rows
ANALYZE
psql:analyze_script_3.sql:76: INFO:  analyzing "pspadm.psp_company_event_email_param_p1"
psql:analyze_script_3.sql:76: INFO:  "psp_company_event_email_param_p1": scanned 30000 of 14318853 pages, containing 1042355 live rows and 0 dead rows; 30000 rows in sample, 497510934 estimated total rows
ANALYZE
psql:analyze_script_3.sql:77: INFO:  analyzing "pspadm.psp_company_event_email_param_p2"
psql:analyze_script_3.sql:77: INFO:  "psp_company_event_email_param_p2": scanned 30000 of 14117636 pages, containing 1042423 live rows and 79 dead rows; 30000 rows in sample, 490551616 estimated total rows
ANALYZE
psql:analyze_script_3.sql:78: INFO:  analyzing "pspadm.psp_company_event_email_param_p3"
psql:analyze_script_3.sql:78: INFO:  "psp_company_event_email_param_p3": scanned 30000 of 14271750 pages, containing 1041752 live rows and 20 dead rows; 30000 rows in sample, 495587470 estimated total rows
ANALYZE
psql:analyze_script_3.sql:79: INFO:  analyzing "pspadm.psp_company_event_email_param_p4"
psql:analyze_script_3.sql:79: INFO:  "psp_company_event_email_param_p4": scanned 30000 of 14200067 pages, containing 1041817 live rows and 27 dead rows; 30000 rows in sample, 493129040 estimated total rows
ANALYZE
psql:analyze_script_3.sql:80: INFO:  analyzing "pspadm.psp_company_event_email_param_p5"
psql:analyze_script_3.sql:80: INFO:  "psp_company_event_email_param_p5": scanned 30000 of 14468866 pages, containing 1042330 live rows and 0 dead rows; 30000 rows in sample, 502711103 estimated total rows
ANALYZE
psql:analyze_script_3.sql:81: INFO:  analyzing "pspadm.psp_company_event_email_param_p6"
psql:analyze_script_3.sql:81: INFO:  "psp_company_event_email_param_p6": scanned 30000 of 13998596 pages, containing 1042666 live rows and 0 dead rows; 30000 rows in sample, 486528670 estimated total rows
ANALYZE
psql:analyze_script_3.sql:82: INFO:  analyzing "pspadm.psp_company_event_email_param_p7"
psql:analyze_script_3.sql:82: INFO:  "psp_company_event_email_param_p7": scanned 30000 of 14281988 pages, containing 1042144 live rows and 0 dead rows; 30000 rows in sample, 496129603 estimated total rows
ANALYZE
psql:analyze_script_3.sql:83: INFO:  analyzing "pspadm.psp_company_event_p0"
psql:analyze_script_3.sql:83: INFO:  "psp_company_event_p0": scanned 30000 of 7093511 pages, containing 918821 live rows and 0 dead rows; 30000 rows in sample, 217255562 estimated total rows
ANALYZE
psql:analyze_script_3.sql:84: INFO:  analyzing "pspadm.psp_company_event_p1"
psql:analyze_script_3.sql:84: INFO:  "psp_company_event_p1": scanned 30000 of 7103241 pages, containing 923888 live rows and 3476 dead rows; 30000 rows in sample, 218753304 estimated total rows
ANALYZE
psql:analyze_script_3.sql:85: INFO:  analyzing "pspadm.psp_company_event_p2"
psql:analyze_script_3.sql:85: INFO:  "psp_company_event_p2": scanned 30000 of 7039752 pages, containing 919345 live rows and 0 dead rows; 30000 rows in sample, 215732027 estimated total rows
ANALYZE
psql:analyze_script_3.sql:86: INFO:  analyzing "pspadm.psp_company_event_p3"
psql:analyze_script_3.sql:86: INFO:  "psp_company_event_p3": scanned 30000 of 7094025 pages, containing 911361 live rows and 581 dead rows; 30000 rows in sample, 215507257 estimated total rows
ANALYZE
psql:analyze_script_3.sql:87: INFO:  analyzing "pspadm.psp_company_event_p4"
psql:analyze_script_3.sql:87: INFO:  "psp_company_event_p4": scanned 30000 of 7214596 pages, containing 908254 live rows and 3170 dead rows; 30000 rows in sample, 218422856 estimated total rows
ANALYZE
psql:analyze_script_3.sql:88: INFO:  analyzing "pspadm.psp_company_event_p5"
psql:analyze_script_3.sql:88: INFO:  "psp_company_event_p5": scanned 30000 of 7101960 pages, containing 923548 live rows and 3221 dead rows; 30000 rows in sample, 218633365 estimated total rows
ANALYZE
psql:analyze_script_3.sql:89: INFO:  analyzing "pspadm.psp_company_event_p6"
psql:analyze_script_3.sql:89: INFO:  "psp_company_event_p6": scanned 30000 of 6974234 pages, containing 922873 live rows and 0 dead rows; 30000 rows in sample, 214544408 estimated total rows
ANALYZE
psql:analyze_script_3.sql:90: INFO:  analyzing "pspadm.psp_company_event_p7"
psql:analyze_script_3.sql:90: INFO:  "psp_company_event_p7": scanned 30000 of 7069451 pages, containing 920305 live rows and 0 dead rows; 30000 rows in sample, 216868370 estimated total rows
ANALYZE
psql:analyze_script_3.sql:91: INFO:  analyzing "pspadm.psp_company_filing_amount"
psql:analyze_script_3.sql:91: INFO:  "psp_company_filing_amount": scanned 2336 of 2336 pages, containing 85326 live rows and 0 dead rows; 30000 rows in sample, 85326 estimated total rows
ANALYZE
psql:analyze_script_3.sql:92: INFO:  analyzing "pspadm.psp_company_law"
psql:analyze_script_3.sql:92: INFO:  "psp_company_law": scanned 30000 of 407811 pages, containing 950174 live rows and 0 dead rows; 30000 rows in sample, 12916380 estimated total rows
ANALYZE
psql:analyze_script_3.sql:93: INFO:  analyzing "pspadm.psp_company_law_rate"
psql:analyze_script_3.sql:93: INFO:  "psp_company_law_rate": scanned 30000 of 435718 pages, containing 1187930 live rows and 0 dead rows; 30000 rows in sample, 17253416 estimated total rows
ANALYZE
psql:analyze_script_3.sql:94: INFO:  analyzing "pspadm.psp_company_note"
psql:analyze_script_3.sql:94: INFO:  "psp_company_note": scanned 30000 of 34626 pages, containing 515683 live rows and 391 dead rows; 30000 rows in sample, 595201 estimated total rows
ANALYZE
psql:analyze_script_3.sql:95: INFO:  analyzing "pspadm.psp_company_offer"
psql:analyze_script_3.sql:95: INFO:  "psp_company_offer": scanned 3614 of 3614 pages, containing 131183 live rows and 9 dead rows; 30000 rows in sample, 131183 estimated total rows
ANALYZE
psql:analyze_script_3.sql:96: INFO:  analyzing "pspadm.psp_company_offering"
psql:analyze_script_3.sql:96: INFO:  "psp_company_offering": scanned 30000 of 268806 pages, containing 1137156 live rows and 46 dead rows; 30000 rows in sample, 10189145 estimated total rows
ANALYZE
psql:analyze_script_3.sql:97: INFO:  analyzing "pspadm.psp_company_paycheck_batch"
psql:analyze_script_3.sql:97: INFO:  "psp_company_paycheck_batch": scanned 80 of 80 pages, containing 5567 live rows and 0 dead rows; 5567 rows in sample, 5567 estimated total rows
ANALYZE
psql:analyze_script_3.sql:98: INFO:  analyzing "pspadm.psp_company_payroll_item"
psql:analyze_script_3.sql:98: INFO:  "psp_company_payroll_item": scanned 30000 of 746501 pages, containing 1074692 live rows and 0 dead rows; 30000 rows in sample, 26741955 estimated total rows
ANALYZE
psql:analyze_script_3.sql:99: INFO:  analyzing "pspadm.psp_company_pin"
psql:analyze_script_3.sql:99: INFO:  "psp_company_pin": scanned 30000 of 49877 pages, containing 961912 live rows and 0 dead rows; 30000 rows in sample, 1599243 estimated total rows
ANALYZE
