nohup: ignoring input

SQL*Plus: Release 12.1.0.2.0 Production on Fri Mar 3 07:33:33 2023

Copyright (c) 1982, 2014, Oracle.  All rights reserved.

Last Successful login time: Fri Mar 03 2023 07:24:48 -08:00

Connected to:
Oracle Database 19c Enterprise Edition Release 19.0.0.0.0 - Production

Found 2794030097 Records
<br>
OUTER LOOP
<br>
INNER LOOP
<br>
Processed 5000 records successfully
<br>
INNER LOOP
<br>
Processed 10000 records successfully
<br>
PARTITION-START-DATE : 19-AUG-01 END-DATE : 19-AUG-01
<br>

PL/SQL procedure successfully completed.<br>
<br>


Elapsed: 00:00:01.16
Disconnected from Oracle Database 19c Enterprise Edition Release 19.0.0.0.0 - Production
