nohup: ignoring input

SQL*Plus: Release 12.1.0.2.0 Production on Sat Mar 4 05:55:26 2023

Copyright (c) 1982, 2014, Oracle.  All rights reserved.

Last Successful login time: Sat Mar 04 2023 05:34:05 -08:00

Connected to:
Oracle Database 19c Enterprise Edition Release 19.0.0.0.0 - Production

ERROR:
<br>
ORA-03114: not connected to ORACLE
<br>


<pre>
DECLARE
*
</pre>
ERROR at line 1:
<br>
ORA-00028: your session has been killed
<br>


Elapsed: 04:31:48.86
Disconnected from Oracle Database 19c Enterprise Edition Release 19.0.0.0.0 - Production
