Timing is on.
set search_path to pspadm;
SET
Time: 0.370 ms
analyze (verbose) pspadm.psp_transaction_type_mar7;
psql:pspadm_analyze_nonpart_2.sql:3: INFO:  analyzing "pspadm.psp_transaction_type_mar7"
psql:pspadm_analyze_nonpart_2.sql:3: INFO:  "psp_transaction_type_mar7": scanned 0 of 0 pages, containing 0 live rows and 0 dead rows; 0 rows in sample, 0 estimated total rows
ANALYZE
Time: 1.074 ms
analyze (verbose) pspadm.psp_user_preference;
psql:pspadm_analyze_nonpart_2.sql:4: INFO:  analyzing "pspadm.psp_user_preference"
psql:pspadm_analyze_nonpart_2.sql:4: INFO:  "psp_user_preference": scanned 1 of 1 pages, containing 21 live rows and 0 dead rows; 21 rows in sample, 21 estimated total rows
ANALYZE
Time: 3.971 ms
analyze (verbose) pspadm.psp_edi_tax_file;
psql:pspadm_analyze_nonpart_2.sql:5: INFO:  analyzing "pspadm.psp_edi_tax_file"
psql:pspadm_analyze_nonpart_2.sql:5: INFO:  "psp_edi_tax_file": scanned 3553 of 3553 pages, containing 103008 live rows and 89 dead rows; 30000 rows in sample, 103008 estimated total rows
ANALYZE
Time: 690.355 ms
analyze (verbose) pspadm.psp_ade_law_map;
psql:pspadm_analyze_nonpart_2.sql:6: INFO:  analyzing "pspadm.psp_ade_law_map"
psql:pspadm_analyze_nonpart_2.sql:6: INFO:  "psp_ade_law_map": scanned 3 of 3 pages, containing 59 live rows and 0 dead rows; 59 rows in sample, 59 estimated total rows
ANALYZE
Time: 3.550 ms
analyze (verbose) pspadm.psp_applied_database_patch;
psql:pspadm_analyze_nonpart_2.sql:7: INFO:  analyzing "pspadm.psp_applied_database_patch"
psql:pspadm_analyze_nonpart_2.sql:7: INFO:  "psp_applied_database_patch": scanned 12 of 12 pages, containing 639 live rows and 0 dead rows; 639 rows in sample, 639 estimated total rows
ANALYZE
Time: 7.348 ms
analyze (verbose) pspadm.psp_auth_domain;
psql:pspadm_analyze_nonpart_2.sql:8: INFO:  analyzing "pspadm.psp_auth_domain"
psql:pspadm_analyze_nonpart_2.sql:8: INFO:  "psp_auth_domain": scanned 1 of 1 pages, containing 2 live rows and 0 dead rows; 2 rows in sample, 2 estimated total rows
ANALYZE
Time: 2.315 ms
analyze (verbose) pspadm.psp_auth_operation;
psql:pspadm_analyze_nonpart_2.sql:9: INFO:  analyzing "pspadm.psp_auth_operation"
psql:pspadm_analyze_nonpart_2.sql:9: INFO:  "psp_auth_operation": scanned 11 of 11 pages, containing 164 live rows and 0 dead rows; 164 rows in sample, 164 estimated total rows
ANALYZE
Time: 4.787 ms
analyze (verbose) pspadm.psp_auth_role;
psql:pspadm_analyze_nonpart_2.sql:10: INFO:  analyzing "pspadm.psp_auth_role"
psql:pspadm_analyze_nonpart_2.sql:10: INFO:  "psp_auth_role": scanned 9 of 9 pages, containing 59 live rows and 0 dead rows; 59 rows in sample, 59 estimated total rows
ANALYZE
Time: 4.582 ms
analyze (verbose) pspadm.psp_authrole_operation_assoc;
psql:pspadm_analyze_nonpart_2.sql:11: INFO:  analyzing "pspadm.psp_authrole_operation_assoc"
psql:pspadm_analyze_nonpart_2.sql:11: INFO:  "psp_authrole_operation_assoc": scanned 18 of 18 pages, containing 1600 live rows and 0 dead rows; 1600 rows in sample, 1600 estimated total rows
ANALYZE
Time: 7.893 ms
analyze (verbose) pspadm.psp_bank_holiday;
psql:pspadm_analyze_nonpart_2.sql:12: INFO:  analyzing "pspadm.psp_bank_holiday"
psql:pspadm_analyze_nonpart_2.sql:12: INFO:  "psp_bank_holiday": scanned 47 of 47 pages, containing 216 live rows and 0 dead rows; 216 rows in sample, 216 estimated total rows
ANALYZE
Time: 2.791 ms
analyze (verbose) pspadm.psp_batch_job_audit_log;
psql:pspadm_analyze_nonpart_2.sql:13: INFO:  analyzing "pspadm.psp_batch_job_audit_log"
psql:pspadm_analyze_nonpart_2.sql:13: INFO:  "psp_batch_job_audit_log": scanned 4179 of 4179 pages, containing 131948 live rows and 0 dead rows; 30000 rows in sample, 131948 estimated total rows
ANALYZE
Time: 471.353 ms
analyze (verbose) pspadm.psp_company_consent;
psql:pspadm_analyze_nonpart_2.sql:14: INFO:  analyzing "pspadm.psp_company_consent"
psql:pspadm_analyze_nonpart_2.sql:14: INFO:  "psp_company_consent": scanned 1388 of 1388 pages, containing 41169 live rows and 3 dead rows; 30000 rows in sample, 41169 estimated total rows
ANALYZE
Time: 370.060 ms
analyze (verbose) pspadm.psp_company_daily_liability;
psql:pspadm_analyze_nonpart_2.sql:15: INFO:  analyzing "pspadm.psp_company_daily_liability"
psql:pspadm_analyze_nonpart_2.sql:15: INFO:  "psp_company_daily_liability": scanned 30000 of 5165828 pages, containing 1101037 live rows and 2506 dead rows; 30000 rows in sample, 189592259 estimated total rows
ANALYZE
Time: 29619.515 ms (00:29.620)
analyze (verbose) pspadm.psp_company_usage;
psql:pspadm_analyze_nonpart_2.sql:16: INFO:  analyzing "pspadm.psp_company_usage"
psql:pspadm_analyze_nonpart_2.sql:16: INFO:  "psp_company_usage": scanned 25374 of 25374 pages, containing 1141580 live rows and 59 dead rows; 30000 rows in sample, 1141580 estimated total rows
ANALYZE
Time: 16973.765 ms (00:16.974)
analyze (verbose) pspadm.psp_deleted_record;
psql:pspadm_analyze_nonpart_2.sql:17: INFO:  analyzing "pspadm.psp_deleted_record"
psql:pspadm_analyze_nonpart_2.sql:17: INFO:  "psp_deleted_record": scanned 30000 of 572290 pages, containing 1407228 live rows and 0 dead rows; 30000 rows in sample, 26844750 estimated total rows
ANALYZE
Time: 30285.985 ms (00:30.286)
analyze (verbose) pspadm.psp_deposit_frequency;
psql:pspadm_analyze_nonpart_2.sql:18: INFO:  analyzing "pspadm.psp_deposit_frequency"
psql:pspadm_analyze_nonpart_2.sql:18: INFO:  "psp_deposit_frequency": scanned 1 of 1 pages, containing 19 live rows and 0 dead rows; 19 rows in sample, 19 estimated total rows
ANALYZE
Time: 3.132 ms
analyze (verbose) pspadm.psp_eftps_file;
psql:pspadm_analyze_nonpart_2.sql:19: INFO:  analyzing "pspadm.psp_eftps_file"
psql:pspadm_analyze_nonpart_2.sql:19: INFO:  "psp_eftps_file": scanned 1234 of 1234 pages, containing 102886 live rows and 60 dead rows; 30000 rows in sample, 102886 estimated total rows
ANALYZE
Time: 129.874 ms
analyze (verbose) pspadm.psp_employee_law_qtr_totals;
psql:pspadm_analyze_nonpart_2.sql:20: INFO:  analyzing "pspadm.psp_employee_law_qtr_totals"
psql:pspadm_analyze_nonpart_2.sql:20: INFO:  "psp_employee_law_qtr_totals": scanned 30000 of 11330354 pages, containing 753503 live rows and 0 dead rows; 30000 rows in sample, 284581858 estimated total rows
ANALYZE
Time: 30110.830 ms (00:30.111)
analyze (verbose) pspadm.psp_entitlement;
psql:pspadm_analyze_nonpart_2.sql:21: INFO:  analyzing "pspadm.psp_entitlement"
psql:pspadm_analyze_nonpart_2.sql:21: INFO:  "psp_entitlement": scanned 30000 of 130003 pages, containing 619147 live rows and 0 dead rows; 30000 rows in sample, 2683032 estimated total rows
ANALYZE
Time: 18510.871 ms (00:18.511)
analyze (verbose) pspadm.psp_entitlement_code;
psql:pspadm_analyze_nonpart_2.sql:22: INFO:  analyzing "pspadm.psp_entitlement_code"
psql:pspadm_analyze_nonpart_2.sql:22: INFO:  "psp_entitlement_code": scanned 12 of 12 pages, containing 100 live rows and 0 dead rows; 100 rows in sample, 100 estimated total rows
ANALYZE
Time: 5.241 ms
analyze (verbose) pspadm.psp_offload_batch;
psql:pspadm_analyze_nonpart_2.sql:23: INFO:  analyzing "pspadm.psp_offload_batch"
psql:pspadm_analyze_nonpart_2.sql:23: INFO:  "psp_offload_batch": scanned 445 of 445 pages, containing 19208 live rows and 0 dead rows; 19208 rows in sample, 19208 estimated total rows
ANALYZE
Time: 133.065 ms
analyze (verbose) pspadm.psp_prior_payment_submission;
psql:pspadm_analyze_nonpart_2.sql:24: INFO:  analyzing "pspadm.psp_prior_payment_submission"
psql:pspadm_analyze_nonpart_2.sql:24: INFO:  "psp_prior_payment_submission": scanned 7373 of 7373 pages, containing 360161 live rows and 329 dead rows; 30000 rows in sample, 360161 estimated total rows
ANALYZE
Time: 243.840 ms
analyze (verbose) pspadm.psp_entitlement_code_offering;
psql:pspadm_analyze_nonpart_2.sql:25: INFO:  analyzing "pspadm.psp_entitlement_code_offering"
psql:pspadm_analyze_nonpart_2.sql:25: INFO:  "psp_entitlement_code_offering": scanned 157 of 157 pages, containing 652 live rows and 0 dead rows; 652 rows in sample, 652 estimated total rows
ANALYZE
Time: 8.952 ms
analyze (verbose) pspadm.psp_entitlement_unit;
psql:pspadm_analyze_nonpart_2.sql:26: INFO:  analyzing "pspadm.psp_entitlement_unit"
psql:pspadm_analyze_nonpart_2.sql:26: INFO:  "psp_entitlement_unit": scanned 30000 of 357443 pages, containing 656902 live rows and 0 dead rows; 30000 rows in sample, 7826834 estimated total rows
ANALYZE
Time: 18240.635 ms (00:18.241)
analyze (verbose) pspadm.psp_event_detail_type;
psql:pspadm_analyze_nonpart_2.sql:27: INFO:  analyzing "pspadm.psp_event_detail_type"
psql:pspadm_analyze_nonpart_2.sql:27: INFO:  "psp_event_detail_type": scanned 48 of 48 pages, containing 184 live rows and 0 dead rows; 184 rows in sample, 184 estimated total rows
ANALYZE
Time: 5.484 ms
analyze (verbose) pspadm.psp_forecast_detail;
psql:pspadm_analyze_nonpart_2.sql:28: INFO:  analyzing "pspadm.psp_forecast_detail"
psql:pspadm_analyze_nonpart_2.sql:28: INFO:  "psp_forecast_detail": scanned 170 of 170 pages, containing 6569 live rows and 0 dead rows; 6569 rows in sample, 6569 estimated total rows
ANALYZE
Time: 34.870 ms
analyze (verbose) pspadm.psp_form_template;
psql:pspadm_analyze_nonpart_2.sql:29: INFO:  analyzing "pspadm.psp_form_template"
psql:pspadm_analyze_nonpart_2.sql:29: INFO:  "psp_form_template": scanned 12 of 12 pages, containing 163 live rows and 0 dead rows; 163 rows in sample, 163 estimated total rows
ANALYZE
Time: 3.978 ms
analyze (verbose) pspadm.psp_fraud_rule;
psql:pspadm_analyze_nonpart_2.sql:30: INFO:  analyzing "pspadm.psp_fraud_rule"
psql:pspadm_analyze_nonpart_2.sql:30: INFO:  "psp_fraud_rule": scanned 1 of 1 pages, containing 4 live rows and 0 dead rows; 4 rows in sample, 4 estimated total rows
ANALYZE
Time: 2.719 ms
analyze (verbose) pspadm.psp_fset_file;
psql:pspadm_analyze_nonpart_2.sql:31: INFO:  analyzing "pspadm.psp_fset_file"
psql:pspadm_analyze_nonpart_2.sql:31: INFO:  "psp_fset_file": scanned 24 of 24 pages, containing 711 live rows and 0 dead rows; 711 rows in sample, 711 estimated total rows
ANALYZE
Time: 15.719 ms
analyze (verbose) pspadm.psp_funding_model;
psql:pspadm_analyze_nonpart_2.sql:32: INFO:  analyzing "pspadm.psp_funding_model"
psql:pspadm_analyze_nonpart_2.sql:32: INFO:  "psp_funding_model": scanned 1 of 1 pages, containing 3 live rows and 0 dead rows; 3 rows in sample, 3 estimated total rows
ANALYZE
Time: 2.925 ms
analyze (verbose) pspadm.psp_gems_ledger_posting_rule;
psql:pspadm_analyze_nonpart_2.sql:33: INFO:  analyzing "pspadm.psp_gems_ledger_posting_rule"
psql:pspadm_analyze_nonpart_2.sql:33: INFO:  "psp_gems_ledger_posting_rule": scanned 23 of 23 pages, containing 34 live rows and 0 dead rows; 34 rows in sample, 34 estimated total rows
ANALYZE
Time: 4.281 ms
analyze (verbose) pspadm.psp_gems_monthly_balance;
psql:pspadm_analyze_nonpart_2.sql:34: INFO:  analyzing "pspadm.psp_gems_monthly_balance"
psql:pspadm_analyze_nonpart_2.sql:34: INFO:  "psp_gems_monthly_balance": scanned 185 of 185 pages, containing 5036 live rows and 0 dead rows; 5036 rows in sample, 5036 estimated total rows
ANALYZE
Time: 41.467 ms
analyze (verbose) pspadm.psp_gems_upload_batch;
psql:pspadm_analyze_nonpart_2.sql:35: INFO:  analyzing "pspadm.psp_gems_upload_batch"
psql:pspadm_analyze_nonpart_2.sql:35: INFO:  "psp_gems_upload_batch": scanned 123 of 123 pages, containing 3933 live rows and 0 dead rows; 3933 rows in sample, 3933 estimated total rows
ANALYZE
Time: 52.915 ms
analyze (verbose) pspadm.psp_hours_worked_exception;
psql:pspadm_analyze_nonpart_2.sql:36: INFO:  analyzing "pspadm.psp_hours_worked_exception"
psql:pspadm_analyze_nonpart_2.sql:36: INFO:  "psp_hours_worked_exception": scanned 1 of 1 pages, containing 36 live rows and 0 dead rows; 36 rows in sample, 36 estimated total rows
ANALYZE
Time: 2.837 ms
analyze (verbose) pspadm.psp_individual;
psql:pspadm_analyze_nonpart_2.sql:37: INFO:  analyzing "pspadm.psp_individual"
psql:pspadm_analyze_nonpart_2.sql:37: INFO:  "psp_individual": scanned 30000 of 2192633 pages, containing 1169697 live rows and 12 dead rows; 30000 rows in sample, 85490541 estimated total rows
ANALYZE
Time: 25351.771 ms (00:25.352)
analyze (verbose) pspadm.psp_industry_type;
psql:pspadm_analyze_nonpart_2.sql:38: INFO:  analyzing "pspadm.psp_industry_type"
psql:pspadm_analyze_nonpart_2.sql:38: INFO:  "psp_industry_type": scanned 109 of 109 pages, containing 289 live rows and 0 dead rows; 289 rows in sample, 289 estimated total rows
ANALYZE
Time: 4.953 ms
analyze (verbose) pspadm.psp_intuit_ba_bt_ft;
psql:pspadm_analyze_nonpart_2.sql:39: INFO:  analyzing "pspadm.psp_intuit_ba_bt_ft"
psql:pspadm_analyze_nonpart_2.sql:39: INFO:  "psp_intuit_ba_bt_ft": scanned 1 of 1 pages, containing 10 live rows and 0 dead rows; 10 rows in sample, 10 estimated total rows
ANALYZE
Time: 3.116 ms
analyze (verbose) pspadm.psp_intuit_bank_account;
psql:pspadm_analyze_nonpart_2.sql:40: INFO:  analyzing "pspadm.psp_intuit_bank_account"
psql:pspadm_analyze_nonpart_2.sql:40: INFO:  "psp_intuit_bank_account": scanned 3 of 3 pages, containing 6 live rows and 0 dead rows; 6 rows in sample, 6 estimated total rows
ANALYZE
Time: 2.656 ms
analyze (verbose) pspadm.psp_iopsync_company;
psql:pspadm_analyze_nonpart_2.sql:41: INFO:  analyzing "pspadm.psp_iopsync_company"
psql:pspadm_analyze_nonpart_2.sql:41: INFO:  "psp_iopsync_company": scanned 0 of 0 pages, containing 0 live rows and 0 dead rows; 0 rows in sample, 0 estimated total rows
ANALYZE
Time: 0.535 ms
analyze (verbose) pspadm.psp_ledger_account;
psql:pspadm_analyze_nonpart_2.sql:42: INFO:  analyzing "pspadm.psp_ledger_account"
psql:pspadm_analyze_nonpart_2.sql:42: INFO:  "psp_ledger_account": scanned 22 of 22 pages, containing 24 live rows and 0 dead rows; 24 rows in sample, 24 estimated total rows
ANALYZE
Time: 4.011 ms
analyze (verbose) pspadm.psp_ledger_operation;
psql:pspadm_analyze_nonpart_2.sql:43: INFO:  analyzing "pspadm.psp_ledger_operation"
psql:pspadm_analyze_nonpart_2.sql:43: INFO:  "psp_ledger_operation": scanned 30000 of 1040645 pages, containing 790311 live rows and 118 dead rows; 30000 rows in sample, 27414440 estimated total rows
ANALYZE
Time: 30092.174 ms (00:30.092)
analyze (verbose) pspadm.psp_ledger_operation_job;
psql:pspadm_analyze_nonpart_2.sql:44: INFO:  analyzing "pspadm.psp_ledger_operation_job"
psql:pspadm_analyze_nonpart_2.sql:44: INFO:  "psp_ledger_operation_job": scanned 553 of 553 pages, containing 5500 live rows and 14 dead rows; 5500 rows in sample, 5500 estimated total rows
ANALYZE
Time: 42.398 ms
analyze (verbose) pspadm.psp_limit_rule;
psql:pspadm_analyze_nonpart_2.sql:45: INFO:  analyzing "pspadm.psp_limit_rule"
psql:pspadm_analyze_nonpart_2.sql:45: INFO:  "psp_limit_rule": scanned 1 of 1 pages, containing 6 live rows and 0 dead rows; 6 rows in sample, 6 estimated total rows
ANALYZE
Time: 3.264 ms
analyze (verbose) pspadm.psp_limit_value;
psql:pspadm_analyze_nonpart_2.sql:46: INFO:  analyzing "pspadm.psp_limit_value"
psql:pspadm_analyze_nonpart_2.sql:46: INFO:  "psp_limit_value": scanned 4 of 4 pages, containing 135 live rows and 0 dead rows; 135 rows in sample, 135 estimated total rows
ANALYZE
Time: 4.883 ms
analyze (verbose) pspadm.psp_payroll_item;
psql:pspadm_analyze_nonpart_2.sql:47: INFO:  analyzing "pspadm.psp_payroll_item"
psql:pspadm_analyze_nonpart_2.sql:47: INFO:  "psp_payroll_item": scanned 12 of 12 pages, containing 18 live rows and 0 dead rows; 18 rows in sample, 18 estimated total rows
ANALYZE
Time: 3.433 ms
analyze (verbose) pspadm.psp_pmt_template_frequency;
psql:pspadm_analyze_nonpart_2.sql:48: INFO:  analyzing "pspadm.psp_pmt_template_frequency"
psql:pspadm_analyze_nonpart_2.sql:48: INFO:  "psp_pmt_template_frequency": scanned 31 of 31 pages, containing 297 live rows and 0 dead rows; 297 rows in sample, 297 estimated total rows
ANALYZE
Time: 5.678 ms
analyze (verbose) pspadm.psp_pmttemplate_chkinfo_assoc;
psql:pspadm_analyze_nonpart_2.sql:49: INFO:  analyzing "pspadm.psp_pmttemplate_chkinfo_assoc"
psql:pspadm_analyze_nonpart_2.sql:49: INFO:  "psp_pmttemplate_chkinfo_assoc": scanned 10 of 10 pages, containing 103 live rows and 0 dead rows; 103 rows in sample, 103 estimated total rows
ANALYZE
Time: 4.479 ms
analyze (verbose) pspadm.psp_posting_rule_mar7;
psql:pspadm_analyze_nonpart_2.sql:50: INFO:  analyzing "pspadm.psp_posting_rule_mar7"
psql:pspadm_analyze_nonpart_2.sql:50: INFO:  "psp_posting_rule_mar7": scanned 0 of 0 pages, containing 0 live rows and 0 dead rows; 0 rows in sample, 0 estimated total rows
ANALYZE
Time: 0.723 ms
analyze (verbose) pspadm.psp_pstub_address;
psql:pspadm_analyze_nonpart_2.sql:51: INFO:  analyzing "pspadm.psp_pstub_address"
psql:pspadm_analyze_nonpart_2.sql:51: INFO:  "psp_pstub_address": scanned 30000 of 10429451 pages, containing 1315942 live rows and 473 dead rows; 30000 rows in sample, 457485087 estimated total rows
ANALYZE
Time: 30149.479 ms (00:30.149)
analyze (verbose) pspadm.psp_pstub_employer_info;
psql:pspadm_analyze_nonpart_2.sql:52: INFO:  analyzing "pspadm.psp_pstub_employer_info"
psql:pspadm_analyze_nonpart_2.sql:52: INFO:  "psp_pstub_employer_info": scanned 30000 of 36802 pages, containing 828746 live rows and 2 dead rows; 30000 rows in sample, 1016650 estimated total rows
ANALYZE
Time: 510.335 ms
analyze (verbose) pspadm.psp_rafenrollment;
psql:pspadm_analyze_nonpart_2.sql:53: INFO:  analyzing "pspadm.psp_rafenrollment"
psql:pspadm_analyze_nonpart_2.sql:53: INFO:  "psp_rafenrollment": scanned 3474 of 3474 pages, containing 138578 live rows and 9 dead rows; 30000 rows in sample, 138578 estimated total rows
ANALYZE
Time: 269.137 ms
analyze (verbose) pspadm.psp_rafenrollment_file;
psql:pspadm_analyze_nonpart_2.sql:54: INFO:  analyzing "pspadm.psp_rafenrollment_file"
psql:pspadm_analyze_nonpart_2.sql:54: INFO:  "psp_rafenrollment_file": scanned 8 of 8 pages, containing 249 live rows and 0 dead rows; 249 rows in sample, 249 estimated total rows
ANALYZE
Time: 13.960 ms
analyze (verbose) pspadm.psp_rate_ledger_operation;
psql:pspadm_analyze_nonpart_2.sql:55: INFO:  analyzing "pspadm.psp_rate_ledger_operation"
psql:pspadm_analyze_nonpart_2.sql:55: INFO:  "psp_rate_ledger_operation": scanned 1805 of 1805 pages, containing 189992 live rows and 0 dead rows; 30000 rows in sample, 189992 estimated total rows
ANALYZE
Time: 122.083 ms
analyze (verbose) pspadm.psp_report_job_setup;
psql:pspadm_analyze_nonpart_2.sql:56: INFO:  analyzing "pspadm.psp_report_job_setup"
psql:pspadm_analyze_nonpart_2.sql:56: INFO:  "psp_report_job_setup": scanned 63 of 63 pages, containing 57 live rows and 0 dead rows; 57 rows in sample, 57 estimated total rows
ANALYZE
Time: 10.035 ms
analyze (verbose) pspadm.psp_return_reason_desc;
psql:pspadm_analyze_nonpart_2.sql:57: INFO:  analyzing "pspadm.psp_return_reason_desc"
psql:pspadm_analyze_nonpart_2.sql:57: INFO:  "psp_return_reason_desc": scanned 23 of 23 pages, containing 98 live rows and 0 dead rows; 98 rows in sample, 98 estimated total rows
ANALYZE
Time: 6.803 ms
analyze (verbose) pspadm.psp_rpt_paid_employees;
psql:pspadm_analyze_nonpart_2.sql:58: INFO:  analyzing "pspadm.psp_rpt_paid_employees"
psql:pspadm_analyze_nonpart_2.sql:58: INFO:  "psp_rpt_paid_employees": scanned 30000 of 79756 pages, containing 2245930 live rows and 0 dead rows; 30000 rows in sample, 5970880 estimated total rows
ANALYZE
Time: 18478.970 ms (00:18.479)
analyze (verbose) pspadm.psp_rtbautomationbackup;
psql:pspadm_analyze_nonpart_2.sql:59: INFO:  analyzing "pspadm.psp_rtbautomationbackup"
psql:pspadm_analyze_nonpart_2.sql:59: INFO:  "psp_rtbautomationbackup": scanned 209 of 209 pages, containing 2243 live rows and 0 dead rows; 2243 rows in sample, 2243 estimated total rows
ANALYZE
Time: 43.071 ms
