Timing is on.
set search_path to pspadm;
SET
Time: 0.758 ms
analyze (verbose) pspadm.psp_transaction_type_mar7;
psql:pspadm_analyze_nonpart_2.sql:3: INFO:  analyzing "pspadm.psp_transaction_type_mar7"
psql:pspadm_analyze_nonpart_2.sql:3: INFO:  "psp_transaction_type_mar7": scanned 0 of 0 pages, containing 0 live rows and 0 dead rows; 0 rows in sample, 0 estimated total rows
ANALYZE
Time: 6.404 ms
analyze (verbose) pspadm.psp_user_preference;
psql:pspadm_analyze_nonpart_2.sql:4: INFO:  analyzing "pspadm.psp_user_preference"
psql:pspadm_analyze_nonpart_2.sql:4: INFO:  "psp_user_preference": scanned 1 of 1 pages, containing 21 live rows and 0 dead rows; 21 rows in sample, 21 estimated total rows
ANALYZE
Time: 18.845 ms
analyze (verbose) pspadm.psp_edi_tax_file;
psql:pspadm_analyze_nonpart_2.sql:5: INFO:  analyzing "pspadm.psp_edi_tax_file"
psql:pspadm_analyze_nonpart_2.sql:5: INFO:  "psp_edi_tax_file": scanned 3544 of 3544 pages, containing 102802 live rows and 65 dead rows; 30000 rows in sample, 102802 estimated total rows
ANALYZE
Time: 4929.401 ms (00:04.929)
analyze (verbose) pspadm.psp_ade_law_map;
psql:pspadm_analyze_nonpart_2.sql:6: INFO:  analyzing "pspadm.psp_ade_law_map"
psql:pspadm_analyze_nonpart_2.sql:6: INFO:  "psp_ade_law_map": scanned 3 of 3 pages, containing 59 live rows and 0 dead rows; 59 rows in sample, 59 estimated total rows
ANALYZE
Time: 16.519 ms
analyze (verbose) pspadm.psp_applied_database_patch;
psql:pspadm_analyze_nonpart_2.sql:7: INFO:  analyzing "pspadm.psp_applied_database_patch"
psql:pspadm_analyze_nonpart_2.sql:7: INFO:  "psp_applied_database_patch": scanned 12 of 12 pages, containing 639 live rows and 0 dead rows; 639 rows in sample, 639 estimated total rows
ANALYZE
Time: 25.987 ms
analyze (verbose) pspadm.psp_auth_domain;
psql:pspadm_analyze_nonpart_2.sql:8: INFO:  analyzing "pspadm.psp_auth_domain"
psql:pspadm_analyze_nonpart_2.sql:8: INFO:  "psp_auth_domain": scanned 1 of 1 pages, containing 2 live rows and 0 dead rows; 2 rows in sample, 2 estimated total rows
ANALYZE
Time: 12.773 ms
analyze (verbose) pspadm.psp_auth_operation;
psql:pspadm_analyze_nonpart_2.sql:9: INFO:  analyzing "pspadm.psp_auth_operation"
psql:pspadm_analyze_nonpart_2.sql:9: INFO:  "psp_auth_operation": scanned 11 of 11 pages, containing 164 live rows and 0 dead rows; 164 rows in sample, 164 estimated total rows
ANALYZE
Time: 19.694 ms
analyze (verbose) pspadm.psp_auth_role;
psql:pspadm_analyze_nonpart_2.sql:10: INFO:  analyzing "pspadm.psp_auth_role"
psql:pspadm_analyze_nonpart_2.sql:10: INFO:  "psp_auth_role": scanned 9 of 9 pages, containing 59 live rows and 0 dead rows; 59 rows in sample, 59 estimated total rows
ANALYZE
Time: 22.270 ms
analyze (verbose) pspadm.psp_authrole_operation_assoc;
psql:pspadm_analyze_nonpart_2.sql:11: INFO:  analyzing "pspadm.psp_authrole_operation_assoc"
psql:pspadm_analyze_nonpart_2.sql:11: INFO:  "psp_authrole_operation_assoc": scanned 18 of 18 pages, containing 1600 live rows and 0 dead rows; 1600 rows in sample, 1600 estimated total rows
ANALYZE
Time: 33.967 ms
analyze (verbose) pspadm.psp_bank_holiday;
psql:pspadm_analyze_nonpart_2.sql:12: INFO:  analyzing "pspadm.psp_bank_holiday"
psql:pspadm_analyze_nonpart_2.sql:12: INFO:  "psp_bank_holiday": scanned 47 of 47 pages, containing 216 live rows and 0 dead rows; 216 rows in sample, 216 estimated total rows
ANALYZE
Time: 61.901 ms
analyze (verbose) pspadm.psp_batch_job_audit_log;
psql:pspadm_analyze_nonpart_2.sql:13: INFO:  analyzing "pspadm.psp_batch_job_audit_log"
psql:pspadm_analyze_nonpart_2.sql:13: INFO:  "psp_batch_job_audit_log": scanned 2368 of 2368 pages, containing 9635 live rows and 0 dead rows; 9635 rows in sample, 9635 estimated total rows
ANALYZE
Time: 3035.491 ms (00:03.035)
analyze (verbose) pspadm.psp_company_consent;
psql:pspadm_analyze_nonpart_2.sql:14: INFO:  analyzing "pspadm.psp_company_consent"
psql:pspadm_analyze_nonpart_2.sql:14: INFO:  "psp_company_consent": scanned 1388 of 1388 pages, containing 41169 live rows and 3 dead rows; 30000 rows in sample, 41169 estimated total rows
ANALYZE
Time: 1914.273 ms (00:01.914)
analyze (verbose) pspadm.psp_company_daily_liability;
psql:pspadm_analyze_nonpart_2.sql:15: INFO:  analyzing "pspadm.psp_company_daily_liability"
psql:pspadm_analyze_nonpart_2.sql:15: INFO:  "psp_company_daily_liability": scanned 30000 of 5165828 pages, containing 1097261 live rows and 1144 dead rows; 30000 rows in sample, 188942053 estimated total rows
ANALYZE
Time: 34591.526 ms (00:34.592)
analyze (verbose) pspadm.psp_company_usage;
psql:pspadm_analyze_nonpart_2.sql:16: INFO:  analyzing "pspadm.psp_company_usage"
psql:pspadm_analyze_nonpart_2.sql:16: INFO:  "psp_company_usage": scanned 25329 of 25329 pages, containing 1139596 live rows and 57 dead rows; 30000 rows in sample, 1139596 estimated total rows
ANALYZE
Time: 29135.066 ms (00:29.135)
analyze (verbose) pspadm.psp_deleted_record;
psql:pspadm_analyze_nonpart_2.sql:17: INFO:  analyzing "pspadm.psp_deleted_record"
psql:pspadm_analyze_nonpart_2.sql:17: INFO:  "psp_deleted_record": scanned 30000 of 572546 pages, containing 1406835 live rows and 0 dead rows; 30000 rows in sample, 26849258 estimated total rows
ANALYZE
Time: 33541.603 ms (00:33.542)
analyze (verbose) pspadm.psp_deposit_frequency;
psql:pspadm_analyze_nonpart_2.sql:18: INFO:  analyzing "pspadm.psp_deposit_frequency"
psql:pspadm_analyze_nonpart_2.sql:18: INFO:  "psp_deposit_frequency": scanned 1 of 1 pages, containing 19 live rows and 0 dead rows; 19 rows in sample, 19 estimated total rows
ANALYZE
Time: 10.938 ms
analyze (verbose) pspadm.psp_eftps_file;
psql:pspadm_analyze_nonpart_2.sql:19: INFO:  analyzing "pspadm.psp_eftps_file"
psql:pspadm_analyze_nonpart_2.sql:19: INFO:  "psp_eftps_file": scanned 1234 of 1234 pages, containing 102680 live rows and 384 dead rows; 30000 rows in sample, 102680 estimated total rows
ANALYZE
Time: 1504.208 ms (00:01.504)
analyze (verbose) pspadm.psp_employee_law_qtr_totals;
psql:pspadm_analyze_nonpart_2.sql:20: INFO:  analyzing "pspadm.psp_employee_law_qtr_totals"
psql:pspadm_analyze_nonpart_2.sql:20: INFO:  "psp_employee_law_qtr_totals": scanned 30000 of 11324915 pages, containing 749179 live rows and 0 dead rows; 30000 rows in sample, 282812950 estimated total rows
ANALYZE
Time: 33916.768 ms (00:33.917)
analyze (verbose) pspadm.psp_entitlement;
psql:pspadm_analyze_nonpart_2.sql:21: INFO:  analyzing "pspadm.psp_entitlement"
psql:pspadm_analyze_nonpart_2.sql:21: INFO:  "psp_entitlement": scanned 30000 of 129350 pages, containing 621597 live rows and 90 dead rows; 30000 rows in sample, 2680119 estimated total rows
ANALYZE
Time: 33457.389 ms (00:33.457)
analyze (verbose) pspadm.psp_entitlement_code;
psql:pspadm_analyze_nonpart_2.sql:22: INFO:  analyzing "pspadm.psp_entitlement_code"
psql:pspadm_analyze_nonpart_2.sql:22: INFO:  "psp_entitlement_code": scanned 12 of 12 pages, containing 100 live rows and 0 dead rows; 100 rows in sample, 100 estimated total rows
ANALYZE
Time: 23.567 ms
analyze (verbose) pspadm.psp_offload_batch;
psql:pspadm_analyze_nonpart_2.sql:23: INFO:  analyzing "pspadm.psp_offload_batch"
psql:pspadm_analyze_nonpart_2.sql:23: INFO:  "psp_offload_batch": scanned 444 of 444 pages, containing 19208 live rows and 16 dead rows; 19208 rows in sample, 19208 estimated total rows
ANALYZE
Time: 639.231 ms
analyze (verbose) pspadm.psp_prior_payment_submission;
psql:pspadm_analyze_nonpart_2.sql:24: INFO:  analyzing "pspadm.psp_prior_payment_submission"
psql:pspadm_analyze_nonpart_2.sql:24: INFO:  "psp_prior_payment_submission": scanned 7373 of 7373 pages, containing 360040 live rows and 330 dead rows; 30000 rows in sample, 360040 estimated total rows
ANALYZE
Time: 8320.667 ms (00:08.321)
analyze (verbose) pspadm.psp_entitlement_code_offering;
psql:pspadm_analyze_nonpart_2.sql:25: INFO:  analyzing "pspadm.psp_entitlement_code_offering"
psql:pspadm_analyze_nonpart_2.sql:25: INFO:  "psp_entitlement_code_offering": scanned 157 of 157 pages, containing 652 live rows and 0 dead rows; 652 rows in sample, 652 estimated total rows
ANALYZE
Time: 190.438 ms
analyze (verbose) pspadm.psp_entitlement_unit;
psql:pspadm_analyze_nonpart_2.sql:26: INFO:  analyzing "pspadm.psp_entitlement_unit"
psql:pspadm_analyze_nonpart_2.sql:26: INFO:  "psp_entitlement_unit": scanned 30000 of 357443 pages, containing 656359 live rows and 196 dead rows; 30000 rows in sample, 7820364 estimated total rows
ANALYZE
Time: 32774.909 ms (00:32.775)
analyze (verbose) pspadm.psp_event_detail_type;
psql:pspadm_analyze_nonpart_2.sql:27: INFO:  analyzing "pspadm.psp_event_detail_type"
psql:pspadm_analyze_nonpart_2.sql:27: INFO:  "psp_event_detail_type": scanned 48 of 48 pages, containing 184 live rows and 0 dead rows; 184 rows in sample, 184 estimated total rows
ANALYZE
Time: 57.614 ms
analyze (verbose) pspadm.psp_forecast_detail;
psql:pspadm_analyze_nonpart_2.sql:28: INFO:  analyzing "pspadm.psp_forecast_detail"
psql:pspadm_analyze_nonpart_2.sql:28: INFO:  "psp_forecast_detail": scanned 170 of 170 pages, containing 6569 live rows and 0 dead rows; 6569 rows in sample, 6569 estimated total rows
ANALYZE
Time: 213.982 ms
analyze (verbose) pspadm.psp_form_template;
psql:pspadm_analyze_nonpart_2.sql:29: INFO:  analyzing "pspadm.psp_form_template"
psql:pspadm_analyze_nonpart_2.sql:29: INFO:  "psp_form_template": scanned 12 of 12 pages, containing 163 live rows and 0 dead rows; 163 rows in sample, 163 estimated total rows
ANALYZE
Time: 26.826 ms
analyze (verbose) pspadm.psp_fraud_rule;
psql:pspadm_analyze_nonpart_2.sql:30: INFO:  analyzing "pspadm.psp_fraud_rule"
psql:pspadm_analyze_nonpart_2.sql:30: INFO:  "psp_fraud_rule": scanned 1 of 1 pages, containing 4 live rows and 0 dead rows; 4 rows in sample, 4 estimated total rows
ANALYZE
Time: 7.494 ms
analyze (verbose) pspadm.psp_fset_file;
psql:pspadm_analyze_nonpart_2.sql:31: INFO:  analyzing "pspadm.psp_fset_file"
psql:pspadm_analyze_nonpart_2.sql:31: INFO:  "psp_fset_file": scanned 23 of 23 pages, containing 705 live rows and 0 dead rows; 705 rows in sample, 705 estimated total rows
ANALYZE
Time: 41.717 ms
analyze (verbose) pspadm.psp_funding_model;
psql:pspadm_analyze_nonpart_2.sql:32: INFO:  analyzing "pspadm.psp_funding_model"
psql:pspadm_analyze_nonpart_2.sql:32: INFO:  "psp_funding_model": scanned 1 of 1 pages, containing 3 live rows and 0 dead rows; 3 rows in sample, 3 estimated total rows
ANALYZE
Time: 5.682 ms
analyze (verbose) pspadm.psp_gems_ledger_posting_rule;
psql:pspadm_analyze_nonpart_2.sql:33: INFO:  analyzing "pspadm.psp_gems_ledger_posting_rule"
psql:pspadm_analyze_nonpart_2.sql:33: INFO:  "psp_gems_ledger_posting_rule": scanned 23 of 23 pages, containing 34 live rows and 0 dead rows; 34 rows in sample, 34 estimated total rows
ANALYZE
Time: 35.732 ms
analyze (verbose) pspadm.psp_gems_monthly_balance;
psql:pspadm_analyze_nonpart_2.sql:34: INFO:  analyzing "pspadm.psp_gems_monthly_balance"
psql:pspadm_analyze_nonpart_2.sql:34: INFO:  "psp_gems_monthly_balance": scanned 185 of 185 pages, containing 5036 live rows and 0 dead rows; 5036 rows in sample, 5036 estimated total rows
ANALYZE
Time: 264.891 ms
analyze (verbose) pspadm.psp_gems_upload_batch;
psql:pspadm_analyze_nonpart_2.sql:35: INFO:  analyzing "pspadm.psp_gems_upload_batch"
psql:pspadm_analyze_nonpart_2.sql:35: INFO:  "psp_gems_upload_batch": scanned 123 of 123 pages, containing 3924 live rows and 0 dead rows; 3924 rows in sample, 3924 estimated total rows
ANALYZE
Time: 196.277 ms
analyze (verbose) pspadm.psp_hours_worked_exception;
psql:pspadm_analyze_nonpart_2.sql:36: INFO:  analyzing "pspadm.psp_hours_worked_exception"
psql:pspadm_analyze_nonpart_2.sql:36: INFO:  "psp_hours_worked_exception": scanned 1 of 1 pages, containing 36 live rows and 0 dead rows; 36 rows in sample, 36 estimated total rows
ANALYZE
Time: 7.713 ms
analyze (verbose) pspadm.psp_individual;
psql:pspadm_analyze_nonpart_2.sql:37: INFO:  analyzing "pspadm.psp_individual"
psql:pspadm_analyze_nonpart_2.sql:37: INFO:  "psp_individual": scanned 30000 of 2192633 pages, containing 1168743 live rows and 22848 dead rows; 30000 rows in sample, 85420816 estimated total rows
ANALYZE
Time: 31114.981 ms (00:31.115)
analyze (verbose) pspadm.psp_industry_type;
psql:pspadm_analyze_nonpart_2.sql:38: INFO:  analyzing "pspadm.psp_industry_type"
psql:pspadm_analyze_nonpart_2.sql:38: INFO:  "psp_industry_type": scanned 109 of 109 pages, containing 289 live rows and 7 dead rows; 289 rows in sample, 289 estimated total rows
ANALYZE
Time: 114.739 ms
analyze (verbose) pspadm.psp_intuit_ba_bt_ft;
psql:pspadm_analyze_nonpart_2.sql:39: INFO:  analyzing "pspadm.psp_intuit_ba_bt_ft"
psql:pspadm_analyze_nonpart_2.sql:39: INFO:  "psp_intuit_ba_bt_ft": scanned 1 of 1 pages, containing 10 live rows and 0 dead rows; 10 rows in sample, 10 estimated total rows
ANALYZE
Time: 6.275 ms
analyze (verbose) pspadm.psp_intuit_bank_account;
psql:pspadm_analyze_nonpart_2.sql:40: INFO:  analyzing "pspadm.psp_intuit_bank_account"
psql:pspadm_analyze_nonpart_2.sql:40: INFO:  "psp_intuit_bank_account": scanned 3 of 3 pages, containing 6 live rows and 0 dead rows; 6 rows in sample, 6 estimated total rows
ANALYZE
Time: 10.824 ms
analyze (verbose) pspadm.psp_iopsync_company;
psql:pspadm_analyze_nonpart_2.sql:41: INFO:  analyzing "pspadm.psp_iopsync_company"
psql:pspadm_analyze_nonpart_2.sql:41: INFO:  "psp_iopsync_company": scanned 0 of 0 pages, containing 0 live rows and 0 dead rows; 0 rows in sample, 0 estimated total rows
ANALYZE
Time: 2.094 ms
analyze (verbose) pspadm.psp_ledger_account;
psql:pspadm_analyze_nonpart_2.sql:42: INFO:  analyzing "pspadm.psp_ledger_account"
psql:pspadm_analyze_nonpart_2.sql:42: INFO:  "psp_ledger_account": scanned 22 of 22 pages, containing 24 live rows and 0 dead rows; 24 rows in sample, 24 estimated total rows
ANALYZE
Time: 29.401 ms
analyze (verbose) pspadm.psp_ledger_operation;
psql:pspadm_analyze_nonpart_2.sql:43: INFO:  analyzing "pspadm.psp_ledger_operation"
psql:pspadm_analyze_nonpart_2.sql:43: INFO:  "psp_ledger_operation": scanned 30000 of 1040389 pages, containing 790439 live rows and 42 dead rows; 30000 rows in sample, 27412135 estimated total rows
ANALYZE
Time: 29963.514 ms (00:29.964)
analyze (verbose) pspadm.psp_ledger_operation_job;
psql:pspadm_analyze_nonpart_2.sql:44: INFO:  analyzing "pspadm.psp_ledger_operation_job"
psql:pspadm_analyze_nonpart_2.sql:44: INFO:  "psp_ledger_operation_job": scanned 553 of 553 pages, containing 5481 live rows and 0 dead rows; 5481 rows in sample, 5481 estimated total rows
ANALYZE
Time: 589.269 ms
analyze (verbose) pspadm.psp_limit_rule;
psql:pspadm_analyze_nonpart_2.sql:45: INFO:  analyzing "pspadm.psp_limit_rule"
psql:pspadm_analyze_nonpart_2.sql:45: INFO:  "psp_limit_rule": scanned 1 of 1 pages, containing 6 live rows and 0 dead rows; 6 rows in sample, 6 estimated total rows
ANALYZE
Time: 10.658 ms
analyze (verbose) pspadm.psp_limit_value;
psql:pspadm_analyze_nonpart_2.sql:46: INFO:  analyzing "pspadm.psp_limit_value"
psql:pspadm_analyze_nonpart_2.sql:46: INFO:  "psp_limit_value": scanned 4 of 4 pages, containing 135 live rows and 0 dead rows; 135 rows in sample, 135 estimated total rows
ANALYZE
Time: 12.452 ms
analyze (verbose) pspadm.psp_payroll_item;
psql:pspadm_analyze_nonpart_2.sql:47: INFO:  analyzing "pspadm.psp_payroll_item"
psql:pspadm_analyze_nonpart_2.sql:47: INFO:  "psp_payroll_item": scanned 12 of 12 pages, containing 18 live rows and 0 dead rows; 18 rows in sample, 18 estimated total rows
ANALYZE
Time: 18.360 ms
analyze (verbose) pspadm.psp_pmt_template_frequency;
psql:pspadm_analyze_nonpart_2.sql:48: INFO:  analyzing "pspadm.psp_pmt_template_frequency"
psql:pspadm_analyze_nonpart_2.sql:48: INFO:  "psp_pmt_template_frequency": scanned 31 of 31 pages, containing 297 live rows and 0 dead rows; 297 rows in sample, 297 estimated total rows
ANALYZE
Time: 36.805 ms
analyze (verbose) pspadm.psp_pmttemplate_chkinfo_assoc;
psql:pspadm_analyze_nonpart_2.sql:49: INFO:  analyzing "pspadm.psp_pmttemplate_chkinfo_assoc"
psql:pspadm_analyze_nonpart_2.sql:49: INFO:  "psp_pmttemplate_chkinfo_assoc": scanned 10 of 10 pages, containing 103 live rows and 0 dead rows; 103 rows in sample, 103 estimated total rows
ANALYZE
Time: 16.290 ms
analyze (verbose) pspadm.psp_posting_rule_mar7;
psql:pspadm_analyze_nonpart_2.sql:50: INFO:  analyzing "pspadm.psp_posting_rule_mar7"
psql:pspadm_analyze_nonpart_2.sql:50: INFO:  "psp_posting_rule_mar7": scanned 0 of 0 pages, containing 0 live rows and 0 dead rows; 0 rows in sample, 0 estimated total rows
ANALYZE
Time: 2.411 ms
analyze (verbose) pspadm.psp_pstub_address;
psql:pspadm_analyze_nonpart_2.sql:51: INFO:  analyzing "pspadm.psp_pstub_address"
psql:pspadm_analyze_nonpart_2.sql:51: INFO:  "psp_pstub_address": scanned 30000 of 10367499 pages, containing 1315314 live rows and 860 dead rows; 30000 rows in sample, 454550553 estimated total rows
ANALYZE
Time: 30047.997 ms (00:30.048)
analyze (verbose) pspadm.psp_pstub_employer_info;
psql:pspadm_analyze_nonpart_2.sql:52: INFO:  analyzing "pspadm.psp_pstub_employer_info"
psql:pspadm_analyze_nonpart_2.sql:52: INFO:  "psp_pstub_employer_info": scanned 30000 of 36778 pages, containing 826080 live rows and 12119 dead rows; 30000 rows in sample, 1012719 estimated total rows
ANALYZE
Time: 30085.085 ms (00:30.085)
analyze (verbose) pspadm.psp_rafenrollment;
psql:pspadm_analyze_nonpart_2.sql:53: INFO:  analyzing "pspadm.psp_rafenrollment"
psql:pspadm_analyze_nonpart_2.sql:53: INFO:  "psp_rafenrollment": scanned 3474 of 3474 pages, containing 138556 live rows and 44 dead rows; 30000 rows in sample, 138556 estimated total rows
ANALYZE
Time: 3608.414 ms (00:03.608)
analyze (verbose) pspadm.psp_rafenrollment_file;
psql:pspadm_analyze_nonpart_2.sql:54: INFO:  analyzing "pspadm.psp_rafenrollment_file"
psql:pspadm_analyze_nonpart_2.sql:54: INFO:  "psp_rafenrollment_file": scanned 8 of 8 pages, containing 249 live rows and 0 dead rows; 249 rows in sample, 249 estimated total rows
ANALYZE
Time: 21.013 ms
analyze (verbose) pspadm.psp_rate_ledger_operation;
psql:pspadm_analyze_nonpart_2.sql:55: INFO:  analyzing "pspadm.psp_rate_ledger_operation"
psql:pspadm_analyze_nonpart_2.sql:55: INFO:  "psp_rate_ledger_operation": scanned 1805 of 1805 pages, containing 189992 live rows and 0 dead rows; 30000 rows in sample, 189992 estimated total rows
ANALYZE
Time: 1847.927 ms (00:01.848)
analyze (verbose) pspadm.psp_report_job_setup;
psql:pspadm_analyze_nonpart_2.sql:56: INFO:  analyzing "pspadm.psp_report_job_setup"
psql:pspadm_analyze_nonpart_2.sql:56: INFO:  "psp_report_job_setup": scanned 63 of 63 pages, containing 57 live rows and 0 dead rows; 57 rows in sample, 57 estimated total rows
ANALYZE
Time: 70.491 ms
analyze (verbose) pspadm.psp_return_reason_desc;
psql:pspadm_analyze_nonpart_2.sql:57: INFO:  analyzing "pspadm.psp_return_reason_desc"
psql:pspadm_analyze_nonpart_2.sql:57: INFO:  "psp_return_reason_desc": scanned 23 of 23 pages, containing 98 live rows and 0 dead rows; 98 rows in sample, 98 estimated total rows
ANALYZE
Time: 27.614 ms
analyze (verbose) pspadm.psp_rpt_paid_employees;
psql:pspadm_analyze_nonpart_2.sql:58: INFO:  analyzing "pspadm.psp_rpt_paid_employees"
psql:pspadm_analyze_nonpart_2.sql:58: INFO:  "psp_rpt_paid_employees": scanned 30000 of 79756 pages, containing 2246188 live rows and 0 dead rows; 30000 rows in sample, 5971566 estimated total rows
ANALYZE
Time: 28465.984 ms (00:28.466)
analyze (verbose) pspadm.psp_rtbautomationbackup;
psql:pspadm_analyze_nonpart_2.sql:59: INFO:  analyzing "pspadm.psp_rtbautomationbackup"
psql:pspadm_analyze_nonpart_2.sql:59: INFO:  "psp_rtbautomationbackup": scanned 209 of 209 pages, containing 2166 live rows and 4 dead rows; 2166 rows in sample, 2166 estimated total rows
ANALYZE
Time: 255.572 ms
