Timing is on.
set search_path to pspadm;
SET
Time: 0.407 ms
analyze (verbose) pspadm.psp_qbdt_paycheck_info_p0;
psql:pspadm_analyze_4.sql:3: INFO:  analyzing "pspadm.psp_qbdt_paycheck_info_p0"
psql:pspadm_analyze_4.sql:3: INFO:  "psp_qbdt_paycheck_info_p0": scanned 30000 of 3537689 pages, containing 866073 live rows and 3026 dead rows; 30000 rows in sample, 102129898 estimated total rows
ANALYZE
Time: 29565.947 ms (00:29.566)
analyze (verbose) pspadm.psp_qbdt_paycheck_info_p1;
psql:pspadm_analyze_4.sql:4: INFO:  analyzing "pspadm.psp_qbdt_paycheck_info_p1"
psql:pspadm_analyze_4.sql:4: INFO:  "psp_qbdt_paycheck_info_p1": scanned 30000 of 3584013 pages, containing 866540 live rows and 3321 dead rows; 30000 rows in sample, 103523021 estimated total rows
ANALYZE
Time: 29060.448 ms (00:29.060)
analyze (verbose) pspadm.psp_qbdt_paycheck_info_p2;
psql:pspadm_analyze_4.sql:5: INFO:  analyzing "pspadm.psp_qbdt_paycheck_info_p2"
psql:pspadm_analyze_4.sql:5: INFO:  "psp_qbdt_paycheck_info_p2": scanned 30000 of 3588106 pages, containing 867164 live rows and 2664 dead rows; 30000 rows in sample, 103715878 estimated total rows
ANALYZE
Time: 29444.895 ms (00:29.445)
analyze (verbose) pspadm.psp_qbdt_paycheck_info_p3;
psql:pspadm_analyze_4.sql:6: INFO:  analyzing "pspadm.psp_qbdt_paycheck_info_p3"
psql:pspadm_analyze_4.sql:6: INFO:  "psp_qbdt_paycheck_info_p3": scanned 30000 of 3556104 pages, containing 867575 live rows and 2747 dead rows; 30000 rows in sample, 102839564 estimated total rows
ANALYZE
Time: 29390.750 ms (00:29.391)
analyze (verbose) pspadm.psp_qbdt_paycheck_info_p4;
psql:pspadm_analyze_4.sql:7: INFO:  analyzing "pspadm.psp_qbdt_paycheck_info_p4"
psql:pspadm_analyze_4.sql:7: INFO:  "psp_qbdt_paycheck_info_p4": scanned 30000 of 3613974 pages, containing 867327 live rows and 3014 dead rows; 30000 rows in sample, 104483241 estimated total rows
ANALYZE
Time: 29282.147 ms (00:29.282)
analyze (verbose) pspadm.psp_qbdt_paycheck_info_p5;
psql:pspadm_analyze_4.sql:8: INFO:  analyzing "pspadm.psp_qbdt_paycheck_info_p5"
psql:pspadm_analyze_4.sql:8: INFO:  "psp_qbdt_paycheck_info_p5": scanned 30000 of 3608073 pages, containing 867247 live rows and 2627 dead rows; 30000 rows in sample, 104303016 estimated total rows
ANALYZE
Time: 29323.490 ms (00:29.323)
analyze (verbose) pspadm.psp_qbdt_paycheck_info_p6;
psql:pspadm_analyze_4.sql:9: INFO:  analyzing "pspadm.psp_qbdt_paycheck_info_p6"
psql:pspadm_analyze_4.sql:9: INFO:  "psp_qbdt_paycheck_info_p6": scanned 30000 of 3514902 pages, containing 866836 live rows and 2934 dead rows; 30000 rows in sample, 101561453 estimated total rows
ANALYZE
Time: 29468.944 ms (00:29.469)
analyze (verbose) pspadm.psp_qbdt_paycheck_info_p7;
psql:pspadm_analyze_4.sql:10: INFO:  analyzing "pspadm.psp_qbdt_paycheck_info_p7"
psql:pspadm_analyze_4.sql:10: INFO:  "psp_qbdt_paycheck_info_p7": scanned 30000 of 3599876 pages, containing 865487 live rows and 3046 dead rows; 30000 rows in sample, 103854863 estimated total rows
ANALYZE
Time: 29649.542 ms (00:29.650)
analyze (verbose) pspadm.psp_qbdt_paycheck_info_p8;
psql:pspadm_analyze_4.sql:11: INFO:  analyzing "pspadm.psp_qbdt_paycheck_info_p8"
psql:pspadm_analyze_4.sql:11: INFO:  "psp_qbdt_paycheck_info_p8": scanned 30000 of 3579398 pages, containing 866782 live rows and 2753 dead rows; 30000 rows in sample, 103418592 estimated total rows
ANALYZE
Time: 29653.961 ms (00:29.654)
analyze (verbose) pspadm.psp_qbdt_paycheck_info_p9;
psql:pspadm_analyze_4.sql:12: INFO:  analyzing "pspadm.psp_qbdt_paycheck_info_p9"
psql:pspadm_analyze_4.sql:12: INFO:  "psp_qbdt_paycheck_info_p9": scanned 30000 of 3595939 pages, containing 866078 live rows and 0 dead rows; 30000 rows in sample, 103812122 estimated total rows
ANALYZE
Time: 29268.292 ms (00:29.268)
analyze (verbose) pspadm.psp_qbdt_paycheck_info_p10;
psql:pspadm_analyze_4.sql:13: INFO:  analyzing "pspadm.psp_qbdt_paycheck_info_p10"
psql:pspadm_analyze_4.sql:13: INFO:  "psp_qbdt_paycheck_info_p10": scanned 30000 of 3544343 pages, containing 867694 live rows and 2344 dead rows; 30000 rows in sample, 102513505 estimated total rows
ANALYZE
Time: 29209.109 ms (00:29.209)
analyze (verbose) pspadm.psp_qbdt_paycheck_info_p11;
psql:pspadm_analyze_4.sql:14: INFO:  analyzing "pspadm.psp_qbdt_paycheck_info_p11"
psql:pspadm_analyze_4.sql:14: INFO:  "psp_qbdt_paycheck_info_p11": scanned 30000 of 3582723 pages, containing 866241 live rows and 2832 dead rows; 30000 rows in sample, 103450052 estimated total rows
ANALYZE
Time: 29560.310 ms (00:29.560)
analyze (verbose) pspadm.psp_qbdt_paycheck_info_p12;
psql:pspadm_analyze_4.sql:15: INFO:  analyzing "pspadm.psp_qbdt_paycheck_info_p12"
psql:pspadm_analyze_4.sql:15: INFO:  "psp_qbdt_paycheck_info_p12": scanned 30000 of 3567364 pages, containing 867299 live rows and 39 dead rows; 30000 rows in sample, 103132374 estimated total rows
ANALYZE
Time: 28971.204 ms (00:28.971)
analyze (verbose) pspadm.psp_qbdt_paycheck_info_p13;
psql:pspadm_analyze_4.sql:16: INFO:  analyzing "pspadm.psp_qbdt_paycheck_info_p13"
psql:pspadm_analyze_4.sql:16: INFO:  "psp_qbdt_paycheck_info_p13": scanned 30000 of 3594778 pages, containing 866253 live rows and 2985 dead rows; 30000 rows in sample, 103799574 estimated total rows
ANALYZE
Time: 29509.368 ms (00:29.509)
analyze (verbose) pspadm.psp_qbdt_paycheck_info_p14;
psql:pspadm_analyze_4.sql:17: INFO:  analyzing "pspadm.psp_qbdt_paycheck_info_p14"
psql:pspadm_analyze_4.sql:17: INFO:  "psp_qbdt_paycheck_info_p14": scanned 30000 of 3506695 pages, containing 865242 live rows and 3467 dead rows; 30000 rows in sample, 101137993 estimated total rows
ANALYZE
Time: 29233.123 ms (00:29.233)
analyze (verbose) pspadm.psp_qbdt_paycheck_info_p15;
psql:pspadm_analyze_4.sql:18: INFO:  analyzing "pspadm.psp_qbdt_paycheck_info_p15"
psql:pspadm_analyze_4.sql:18: INFO:  "psp_qbdt_paycheck_info_p15": scanned 30000 of 3584792 pages, containing 866070 live rows and 2953 dead rows; 30000 rows in sample, 103489360 estimated total rows
ANALYZE
Time: 29241.763 ms (00:29.242)
analyze (verbose) pspadm.psp_qbdt_paycheck_info;
psql:pspadm_analyze_4.sql:19: INFO:  analyzing "pspadm.psp_qbdt_paycheck_info" inheritance tree
psql:pspadm_analyze_4.sql:19: INFO:  "psp_qbdt_paycheck_info_p0": scanned 1857 of 3537689 pages, containing 53649 live rows and 100 dead rows; 1857 rows in sample, 102204350 estimated total rows
psql:pspadm_analyze_4.sql:19: INFO:  "psp_qbdt_paycheck_info_p1": scanned 1881 of 3584013 pages, containing 54378 live rows and 197 dead rows; 1881 rows in sample, 103610558 estimated total rows
psql:pspadm_analyze_4.sql:19: INFO:  "psp_qbdt_paycheck_info_p2": scanned 1883 of 3588106 pages, containing 54564 live rows and 124 dead rows; 1883 rows in sample, 103973136 estimated total rows
psql:pspadm_analyze_4.sql:19: INFO:  "psp_qbdt_paycheck_info_p3": scanned 1866 of 3556104 pages, containing 53940 live rows and 128 dead rows; 1866 rows in sample, 102795418 estimated total rows
psql:pspadm_analyze_4.sql:19: INFO:  "psp_qbdt_paycheck_info_p4": scanned 1897 of 3613974 pages, containing 54774 live rows and 175 dead rows; 1897 rows in sample, 104349927 estimated total rows
psql:pspadm_analyze_4.sql:19: INFO:  "psp_qbdt_paycheck_info_p5": scanned 1894 of 3608073 pages, containing 54737 live rows and 162 dead rows; 1894 rows in sample, 104274072 estimated total rows
psql:pspadm_analyze_4.sql:19: INFO:  "psp_qbdt_paycheck_info_p6": scanned 1845 of 3514902 pages, containing 53212 live rows and 183 dead rows; 1845 rows in sample, 101373965 estimated total rows
psql:pspadm_analyze_4.sql:19: INFO:  "psp_qbdt_paycheck_info_p7": scanned 1889 of 3599876 pages, containing 54465 live rows and 175 dead rows; 1889 rows in sample, 103794201 estimated total rows
psql:pspadm_analyze_4.sql:19: INFO:  "psp_qbdt_paycheck_info_p8": scanned 1879 of 3579398 pages, containing 54295 live rows and 287 dead rows; 1879 rows in sample, 103429172 estimated total rows
psql:pspadm_analyze_4.sql:19: INFO:  "psp_qbdt_paycheck_info_p9": scanned 1887 of 3595939 pages, containing 54453 live rows and 0 dead rows; 1887 rows in sample, 103767709 estimated total rows
psql:pspadm_analyze_4.sql:19: INFO:  "psp_qbdt_paycheck_info_p10": scanned 1860 of 3544343 pages, containing 53787 live rows and 140 dead rows; 1860 rows in sample, 102494396 estimated total rows
psql:pspadm_analyze_4.sql:19: INFO:  "psp_qbdt_paycheck_info_p11": scanned 1880 of 3582723 pages, containing 54354 live rows and 102 dead rows; 1880 rows in sample, 103582620 estimated total rows
psql:pspadm_analyze_4.sql:19: INFO:  "psp_qbdt_paycheck_info_p12": scanned 1872 of 3567364 pages, containing 54064 live rows and 6 dead rows; 1872 rows in sample, 103026692 estimated total rows
psql:pspadm_analyze_4.sql:19: INFO:  "psp_qbdt_paycheck_info_p13": scanned 1887 of 3594778 pages, containing 54618 live rows and 127 dead rows; 1887 rows in sample, 104048535 estimated total rows
psql:pspadm_analyze_4.sql:19: INFO:  "psp_qbdt_paycheck_info_p14": scanned 1841 of 3506695 pages, containing 53002 live rows and 203 dead rows; 1841 rows in sample, 100957006 estimated total rows
psql:pspadm_analyze_4.sql:19: INFO:  "psp_qbdt_paycheck_info_p15": scanned 1881 of 3584792 pages, containing 54290 live rows and 182 dead rows; 1881 rows in sample, 103465368 estimated total rows
psql:pspadm_analyze_4.sql:19: INFO:  analyzing "pspadm.psp_qbdt_paycheck_info_p0"
psql:pspadm_analyze_4.sql:19: INFO:  "psp_qbdt_paycheck_info_p0": scanned 30000 of 3537689 pages, containing 866419 live rows and 2973 dead rows; 30000 rows in sample, 102170699 estimated total rows
psql:pspadm_analyze_4.sql:19: INFO:  analyzing "pspadm.psp_qbdt_paycheck_info_p1"
psql:pspadm_analyze_4.sql:19: INFO:  "psp_qbdt_paycheck_info_p1": scanned 30000 of 3584013 pages, containing 866339 live rows and 3093 dead rows; 30000 rows in sample, 103499008 estimated total rows
psql:pspadm_analyze_4.sql:19: INFO:  analyzing "pspadm.psp_qbdt_paycheck_info_p2"
psql:pspadm_analyze_4.sql:19: INFO:  "psp_qbdt_paycheck_info_p2": scanned 30000 of 3588106 pages, containing 866972 live rows and 2851 dead rows; 30000 rows in sample, 103692915 estimated total rows
psql:pspadm_analyze_4.sql:19: INFO:  analyzing "pspadm.psp_qbdt_paycheck_info_p3"
psql:pspadm_analyze_4.sql:19: INFO:  "psp_qbdt_paycheck_info_p3": scanned 30000 of 3556104 pages, containing 867005 live rows and 2905 dead rows; 30000 rows in sample, 102771998 estimated total rows
psql:pspadm_analyze_4.sql:19: INFO:  analyzing "pspadm.psp_qbdt_paycheck_info_p4"
psql:pspadm_analyze_4.sql:19: INFO:  "psp_qbdt_paycheck_info_p4": scanned 30000 of 3613974 pages, containing 867468 live rows and 3070 dead rows; 30000 rows in sample, 104500227 estimated total rows
psql:pspadm_analyze_4.sql:19: INFO:  analyzing "pspadm.psp_qbdt_paycheck_info_p5"
psql:pspadm_analyze_4.sql:19: INFO:  "psp_qbdt_paycheck_info_p5": scanned 30000 of 3608073 pages, containing 866675 live rows and 2849 dead rows; 30000 rows in sample, 104234222 estimated total rows
psql:pspadm_analyze_4.sql:19: INFO:  analyzing "pspadm.psp_qbdt_paycheck_info_p6"
psql:pspadm_analyze_4.sql:19: INFO:  "psp_qbdt_paycheck_info_p6": scanned 30000 of 3514902 pages, containing 866742 live rows and 3377 dead rows; 30000 rows in sample, 101550440 estimated total rows
psql:pspadm_analyze_4.sql:19: INFO:  analyzing "pspadm.psp_qbdt_paycheck_info_p7"
psql:pspadm_analyze_4.sql:19: INFO:  "psp_qbdt_paycheck_info_p7": scanned 30000 of 3599876 pages, containing 865319 live rows and 3215 dead rows; 30000 rows in sample, 103834703 estimated total rows
psql:pspadm_analyze_4.sql:19: INFO:  analyzing "pspadm.psp_qbdt_paycheck_info_p8"
psql:pspadm_analyze_4.sql:19: INFO:  "psp_qbdt_paycheck_info_p8": scanned 30000 of 3579398 pages, containing 866533 live rows and 2886 dead rows; 30000 rows in sample, 103388883 estimated total rows
psql:pspadm_analyze_4.sql:19: INFO:  analyzing "pspadm.psp_qbdt_paycheck_info_p9"
psql:pspadm_analyze_4.sql:19: INFO:  "psp_qbdt_paycheck_info_p9": scanned 30000 of 3595939 pages, containing 866495 live rows and 0 dead rows; 30000 rows in sample, 103862105 estimated total rows
psql:pspadm_analyze_4.sql:19: INFO:  analyzing "pspadm.psp_qbdt_paycheck_info_p10"
psql:pspadm_analyze_4.sql:19: INFO:  "psp_qbdt_paycheck_info_p10": scanned 30000 of 3544343 pages, containing 867501 live rows and 2521 dead rows; 30000 rows in sample, 102490703 estimated total rows
psql:pspadm_analyze_4.sql:19: INFO:  analyzing "pspadm.psp_qbdt_paycheck_info_p11"
psql:pspadm_analyze_4.sql:19: INFO:  "psp_qbdt_paycheck_info_p11": scanned 30000 of 3582723 pages, containing 866220 live rows and 3160 dead rows; 30000 rows in sample, 103447544 estimated total rows
psql:pspadm_analyze_4.sql:19: INFO:  analyzing "pspadm.psp_qbdt_paycheck_info_p12"
psql:pspadm_analyze_4.sql:19: INFO:  "psp_qbdt_paycheck_info_p12": scanned 30000 of 3567364 pages, containing 866768 live rows and 104 dead rows; 30000 rows in sample, 103069232 estimated total rows
psql:pspadm_analyze_4.sql:19: INFO:  analyzing "pspadm.psp_qbdt_paycheck_info_p13"
psql:pspadm_analyze_4.sql:19: INFO:  "psp_qbdt_paycheck_info_p13": scanned 30000 of 3594778 pages, containing 866204 live rows and 3106 dead rows; 30000 rows in sample, 103793703 estimated total rows
psql:pspadm_analyze_4.sql:19: INFO:  analyzing "pspadm.psp_qbdt_paycheck_info_p14"
psql:pspadm_analyze_4.sql:19: INFO:  "psp_qbdt_paycheck_info_p14": scanned 30000 of 3506695 pages, containing 865667 live rows and 3356 dead rows; 30000 rows in sample, 101187671 estimated total rows
psql:pspadm_analyze_4.sql:19: INFO:  analyzing "pspadm.psp_qbdt_paycheck_info_p15"
psql:pspadm_analyze_4.sql:19: INFO:  "psp_qbdt_paycheck_info_p15": scanned 30000 of 3584792 pages, containing 866828 live rows and 2989 dead rows; 30000 rows in sample, 103579936 estimated total rows
ANALYZE
Time: 496256.939 ms (08:16.257)
analyze (verbose) pspadm.psp_paystub_p0;
psql:pspadm_analyze_4.sql:20: INFO:  analyzing "pspadm.psp_paystub_p0"
psql:pspadm_analyze_4.sql:20: INFO:  "psp_paystub_p0": scanned 30000 of 6713002 pages, containing 630765 live rows and 0 dead rows; 30000 rows in sample, 141144224 estimated total rows
ANALYZE
Time: 29781.277 ms (00:29.781)
analyze (verbose) pspadm.psp_paystub_p1;
psql:pspadm_analyze_4.sql:21: INFO:  analyzing "pspadm.psp_paystub_p1"
psql:pspadm_analyze_4.sql:21: INFO:  "psp_paystub_p1": scanned 30000 of 6770258 pages, containing 630381 live rows and 0 dead rows; 30000 rows in sample, 142261400 estimated total rows
ANALYZE
Time: 29631.276 ms (00:29.631)
analyze (verbose) pspadm.psp_paystub_p2;
psql:pspadm_analyze_4.sql:22: INFO:  analyzing "pspadm.psp_paystub_p2"
psql:pspadm_analyze_4.sql:22: INFO:  "psp_paystub_p2": scanned 30000 of 6612998 pages, containing 630316 live rows and 2891 dead rows; 30000 rows in sample, 138942615 estimated total rows
ANALYZE
Time: 29957.944 ms (00:29.958)
analyze (verbose) pspadm.psp_paystub_p3;
psql:pspadm_analyze_4.sql:23: INFO:  analyzing "pspadm.psp_paystub_p3"
psql:pspadm_analyze_4.sql:23: INFO:  "psp_paystub_p3": scanned 30000 of 6692923 pages, containing 630589 live rows and 0 dead rows; 30000 rows in sample, 140682787 estimated total rows
ANALYZE
Time: 29596.699 ms (00:29.597)
analyze (verbose) pspadm.psp_paystub;
psql:pspadm_analyze_4.sql:24: INFO:  analyzing "pspadm.psp_paystub" inheritance tree
psql:pspadm_analyze_4.sql:24: INFO:  "psp_paystub_p0": scanned 7518 of 6713002 pages, containing 157922 live rows and 0 dead rows; 7518 rows in sample, 141012331 estimated total rows
psql:pspadm_analyze_4.sql:24: INFO:  "psp_paystub_p1": scanned 7582 of 6770258 pages, containing 159357 live rows and 0 dead rows; 7582 rows in sample, 142295965 estimated total rows
psql:pspadm_analyze_4.sql:24: INFO:  "psp_paystub_p2": scanned 7406 of 6612998 pages, containing 155619 live rows and 713 dead rows; 7406 rows in sample, 138956000 estimated total rows
psql:pspadm_analyze_4.sql:24: INFO:  "psp_paystub_p3": scanned 7494 of 6692923 pages, containing 157288 live rows and 0 dead rows; 7494 rows in sample, 140474576 estimated total rows
psql:pspadm_analyze_4.sql:24: INFO:  analyzing "pspadm.psp_paystub_p0"
psql:pspadm_analyze_4.sql:24: INFO:  "psp_paystub_p0": scanned 30000 of 6713002 pages, containing 630280 live rows and 0 dead rows; 30000 rows in sample, 141035697 estimated total rows
psql:pspadm_analyze_4.sql:24: INFO:  analyzing "pspadm.psp_paystub_p1"
psql:pspadm_analyze_4.sql:24: INFO:  "psp_paystub_p1": scanned 30000 of 6770258 pages, containing 630140 live rows and 0 dead rows; 30000 rows in sample, 142207013 estimated total rows
psql:pspadm_analyze_4.sql:24: INFO:  analyzing "pspadm.psp_paystub_p2"
psql:pspadm_analyze_4.sql:24: INFO:  "psp_paystub_p2": scanned 30000 of 6612998 pages, containing 630134 live rows and 3007 dead rows; 30000 rows in sample, 138902496 estimated total rows
psql:pspadm_analyze_4.sql:24: INFO:  analyzing "pspadm.psp_paystub_p3"
psql:pspadm_analyze_4.sql:24: INFO:  "psp_paystub_p3": scanned 30000 of 6692923 pages, containing 629936 live rows and 0 dead rows; 30000 rows in sample, 140537105 estimated total rows
ANALYZE
Time: 146746.637 ms (02:26.747)
analyze (verbose) pspadm.psp_entitlement_message_2012;
psql:pspadm_analyze_4.sql:25: INFO:  analyzing "pspadm.psp_entitlement_message_2012"
psql:pspadm_analyze_4.sql:25: INFO:  "psp_entitlement_message_2012": scanned 30000 of 180020 pages, containing 349605 live rows and 0 dead rows; 30000 rows in sample, 2097863 estimated total rows
ANALYZE
Time: 28468.942 ms (00:28.469)
analyze (verbose) pspadm.psp_entitlement_message_2013;
psql:pspadm_analyze_4.sql:26: INFO:  analyzing "pspadm.psp_entitlement_message_2013"
psql:pspadm_analyze_4.sql:26: INFO:  "psp_entitlement_message_2013": scanned 30000 of 450521 pages, containing 355142 live rows and 0 dead rows; 30000 rows in sample, 5333298 estimated total rows
ANALYZE
Time: 28471.284 ms (00:28.471)
analyze (verbose) pspadm.psp_entitlement_message_2014;
psql:pspadm_analyze_4.sql:27: INFO:  analyzing "pspadm.psp_entitlement_message_2014"
psql:pspadm_analyze_4.sql:27: INFO:  "psp_entitlement_message_2014": scanned 30000 of 599777 pages, containing 325151 live rows and 6 dead rows; 30000 rows in sample, 6500603 estimated total rows
ANALYZE
Time: 28809.405 ms (00:28.809)
analyze (verbose) pspadm.psp_entitlement_message_2015;
psql:pspadm_analyze_4.sql:28: INFO:  analyzing "pspadm.psp_entitlement_message_2015"
psql:pspadm_analyze_4.sql:28: INFO:  "psp_entitlement_message_2015": scanned 30000 of 617035 pages, containing 347340 live rows and 11 dead rows; 30000 rows in sample, 7144031 estimated total rows
ANALYZE
Time: 28625.806 ms (00:28.626)
analyze (verbose) pspadm.psp_entitlement_message_2016;
psql:pspadm_analyze_4.sql:29: INFO:  analyzing "pspadm.psp_entitlement_message_2016"
psql:pspadm_analyze_4.sql:29: INFO:  "psp_entitlement_message_2016": scanned 30000 of 604231 pages, containing 357271 live rows and 9 dead rows; 30000 rows in sample, 7195807 estimated total rows
ANALYZE
Time: 28936.227 ms (00:28.936)
analyze (verbose) pspadm.psp_entitlement_message_2017;
psql:pspadm_analyze_4.sql:30: INFO:  analyzing "pspadm.psp_entitlement_message_2017"
psql:pspadm_analyze_4.sql:30: INFO:  "psp_entitlement_message_2017": scanned 30000 of 622795 pages, containing 364685 live rows and 16 dead rows; 30000 rows in sample, 7570800 estimated total rows
ANALYZE
Time: 28672.235 ms (00:28.672)
analyze (verbose) pspadm.psp_entitlement_message_2018;
psql:pspadm_analyze_4.sql:31: INFO:  analyzing "pspadm.psp_entitlement_message_2018"
psql:pspadm_analyze_4.sql:31: INFO:  "psp_entitlement_message_2018": scanned 30000 of 573471 pages, containing 380501 live rows and 31 dead rows; 30000 rows in sample, 7273543 estimated total rows
ANALYZE
Time: 28610.921 ms (00:28.611)
analyze (verbose) pspadm.psp_entitlement_message_2019;
psql:pspadm_analyze_4.sql:32: INFO:  analyzing "pspadm.psp_entitlement_message_2019"
psql:pspadm_analyze_4.sql:32: INFO:  "psp_entitlement_message_2019": scanned 30000 of 560130 pages, containing 386599 live rows and 51 dead rows; 30000 rows in sample, 7218190 estimated total rows
ANALYZE
Time: 28499.389 ms (00:28.499)
analyze (verbose) pspadm.psp_entitlement_message_2020;
psql:pspadm_analyze_4.sql:33: INFO:  analyzing "pspadm.psp_entitlement_message_2020"
psql:pspadm_analyze_4.sql:33: INFO:  "psp_entitlement_message_2020": scanned 30000 of 568229 pages, containing 389880 live rows and 74 dead rows; 30000 rows in sample, 7384704 estimated total rows
ANALYZE
Time: 28469.206 ms (00:28.469)
analyze (verbose) pspadm.psp_entitlement_message_2021;
psql:pspadm_analyze_4.sql:34: INFO:  analyzing "pspadm.psp_entitlement_message_2021"
psql:pspadm_analyze_4.sql:34: INFO:  "psp_entitlement_message_2021": scanned 30000 of 578648 pages, containing 424829 live rows and 2065 dead rows; 30000 rows in sample, 8194215 estimated total rows
ANALYZE
Time: 28233.650 ms (00:28.234)
analyze (verbose) pspadm.psp_entitlement_message_2022;
psql:pspadm_analyze_4.sql:35: INFO:  analyzing "pspadm.psp_entitlement_message_2022"
psql:pspadm_analyze_4.sql:35: INFO:  "psp_entitlement_message_2022": scanned 30000 of 871782 pages, containing 332438 live rows and 2848 dead rows; 30000 rows in sample, 9660449 estimated total rows
ANALYZE
Time: 28749.049 ms (00:28.749)
analyze (verbose) pspadm.psp_entitlement_message_2023;
psql:pspadm_analyze_4.sql:36: INFO:  analyzing "pspadm.psp_entitlement_message_2023"
psql:pspadm_analyze_4.sql:36: INFO:  "psp_entitlement_message_2023": scanned 30000 of 428230 pages, containing 274634 live rows and 0 dead rows; 30000 rows in sample, 3920217 estimated total rows
ANALYZE
Time: 26252.227 ms (00:26.252)
analyze (verbose) pspadm.psp_entitlement_message_2024;
psql:pspadm_analyze_4.sql:37: INFO:  analyzing "pspadm.psp_entitlement_message_2024"
psql:pspadm_analyze_4.sql:37: INFO:  "psp_entitlement_message_2024": scanned 0 of 0 pages, containing 0 live rows and 0 dead rows; 0 rows in sample, 0 estimated total rows
ANALYZE
Time: 0.747 ms
analyze (verbose) pspadm.psp_entitlement_message_2025;
psql:pspadm_analyze_4.sql:38: INFO:  analyzing "pspadm.psp_entitlement_message_2025"
psql:pspadm_analyze_4.sql:38: INFO:  "psp_entitlement_message_2025": scanned 0 of 0 pages, containing 0 live rows and 0 dead rows; 0 rows in sample, 0 estimated total rows
ANALYZE
Time: 0.742 ms
analyze (verbose) pspadm.psp_entitlement_message_2026;
psql:pspadm_analyze_4.sql:39: INFO:  analyzing "pspadm.psp_entitlement_message_2026"
psql:pspadm_analyze_4.sql:39: INFO:  "psp_entitlement_message_2026": scanned 0 of 0 pages, containing 0 live rows and 0 dead rows; 0 rows in sample, 0 estimated total rows
ANALYZE
Time: 0.664 ms
analyze (verbose) pspadm.psp_entitlement_message;
psql:pspadm_analyze_4.sql:40: INFO:  analyzing "pspadm.psp_entitlement_message" inheritance tree
psql:pspadm_analyze_4.sql:40: INFO:  "psp_entitlement_message_2012": scanned 812 of 180020 pages, containing 9398 live rows and 0 dead rows; 812 rows in sample, 2083532 estimated total rows
psql:pspadm_analyze_4.sql:40: INFO:  "psp_entitlement_message_2013": scanned 2031 of 450521 pages, containing 23919 live rows and 0 dead rows; 2031 rows in sample, 5305767 estimated total rows
psql:pspadm_analyze_4.sql:40: INFO:  "psp_entitlement_message_2014": scanned 2704 of 599777 pages, containing 29554 live rows and 0 dead rows; 2704 rows in sample, 6555403 estimated total rows
psql:pspadm_analyze_4.sql:40: INFO:  "psp_entitlement_message_2015": scanned 2782 of 617035 pages, containing 32382 live rows and 0 dead rows; 2782 rows in sample, 7182181 estimated total rows
psql:pspadm_analyze_4.sql:40: INFO:  "psp_entitlement_message_2016": scanned 2724 of 604231 pages, containing 32808 live rows and 3 dead rows; 2724 rows in sample, 7277390 estimated total rows
psql:pspadm_analyze_4.sql:40: INFO:  "psp_entitlement_message_2017": scanned 2808 of 622795 pages, containing 34390 live rows and 2 dead rows; 2808 rows in sample, 7627464 estimated total rows
psql:pspadm_analyze_4.sql:40: INFO:  "psp_entitlement_message_2018": scanned 2585 of 573471 pages, containing 32949 live rows and 7 dead rows; 2585 rows in sample, 7309592 estimated total rows
psql:pspadm_analyze_4.sql:40: INFO:  "psp_entitlement_message_2019": scanned 2525 of 560130 pages, containing 32335 live rows and 5 dead rows; 2525 rows in sample, 7172992 estimated total rows
psql:pspadm_analyze_4.sql:40: INFO:  "psp_entitlement_message_2020": scanned 2562 of 568229 pages, containing 33150 live rows and 7 dead rows; 2562 rows in sample, 7352378 estimated total rows
psql:pspadm_analyze_4.sql:40: INFO:  "psp_entitlement_message_2021": scanned 2609 of 578648 pages, containing 37061 live rows and 394 dead rows; 2609 rows in sample, 8219729 estimated total rows
psql:pspadm_analyze_4.sql:40: INFO:  "psp_entitlement_message_2022": scanned 3930 of 871782 pages, containing 43454 live rows and 157 dead rows; 3930 rows in sample, 9639291 estimated total rows
psql:pspadm_analyze_4.sql:40: INFO:  "psp_entitlement_message_2023": scanned 1928 of 428230 pages, containing 17876 live rows and 0 dead rows; 1928 rows in sample, 3970456 estimated total rows
psql:pspadm_analyze_4.sql:40: INFO:  analyzing "pspadm.psp_entitlement_message_2012"
psql:pspadm_analyze_4.sql:40: INFO:  "psp_entitlement_message_2012": scanned 30000 of 180020 pages, containing 348539 live rows and 0 dead rows; 30000 rows in sample, 2091466 estimated total rows
psql:pspadm_analyze_4.sql:40: INFO:  analyzing "pspadm.psp_entitlement_message_2013"
psql:pspadm_analyze_4.sql:40: INFO:  "psp_entitlement_message_2013": scanned 30000 of 450521 pages, containing 355404 live rows and 0 dead rows; 30000 rows in sample, 5337232 estimated total rows
psql:pspadm_analyze_4.sql:40: INFO:  analyzing "pspadm.psp_entitlement_message_2014"
psql:pspadm_analyze_4.sql:40: INFO:  "psp_entitlement_message_2014": scanned 30000 of 599777 pages, containing 325495 live rows and 4 dead rows; 30000 rows in sample, 6507480 estimated total rows
psql:pspadm_analyze_4.sql:40: INFO:  analyzing "pspadm.psp_entitlement_message_2015"
psql:pspadm_analyze_4.sql:40: INFO:  "psp_entitlement_message_2015": scanned 30000 of 617035 pages, containing 346594 live rows and 2 dead rows; 30000 rows in sample, 7128688 estimated total rows
psql:pspadm_analyze_4.sql:40: INFO:  analyzing "pspadm.psp_entitlement_message_2016"
psql:pspadm_analyze_4.sql:40: INFO:  "psp_entitlement_message_2016": scanned 30000 of 604231 pages, containing 356818 live rows and 13 dead rows; 30000 rows in sample, 7186683 estimated total rows
psql:pspadm_analyze_4.sql:40: INFO:  analyzing "pspadm.psp_entitlement_message_2017"
psql:pspadm_analyze_4.sql:40: INFO:  "psp_entitlement_message_2017": scanned 30000 of 622795 pages, containing 365205 live rows and 19 dead rows; 30000 rows in sample, 7581595 estimated total rows
psql:pspadm_analyze_4.sql:40: INFO:  analyzing "pspadm.psp_entitlement_message_2018"
psql:pspadm_analyze_4.sql:40: INFO:  "psp_entitlement_message_2018": scanned 30000 of 573471 pages, containing 379483 live rows and 33 dead rows; 30000 rows in sample, 7254083 estimated total rows
psql:pspadm_analyze_4.sql:40: INFO:  analyzing "pspadm.psp_entitlement_message_2019"
psql:pspadm_analyze_4.sql:40: INFO:  "psp_entitlement_message_2019": scanned 30000 of 560130 pages, containing 385984 live rows and 53 dead rows; 30000 rows in sample, 7206707 estimated total rows
psql:pspadm_analyze_4.sql:40: INFO:  analyzing "pspadm.psp_entitlement_message_2020"
psql:pspadm_analyze_4.sql:40: INFO:  "psp_entitlement_message_2020": scanned 30000 of 568229 pages, containing 391649 live rows and 85 dead rows; 30000 rows in sample, 7418211 estimated total rows
psql:pspadm_analyze_4.sql:40: INFO:  analyzing "pspadm.psp_entitlement_message_2021"
psql:pspadm_analyze_4.sql:40: INFO:  "psp_entitlement_message_2021": scanned 30000 of 578648 pages, containing 425009 live rows and 2445 dead rows; 30000 rows in sample, 8197687 estimated total rows
psql:pspadm_analyze_4.sql:40: INFO:  analyzing "pspadm.psp_entitlement_message_2022"
psql:pspadm_analyze_4.sql:40: INFO:  "psp_entitlement_message_2022": scanned 30000 of 871782 pages, containing 333096 live rows and 1848 dead rows; 30000 rows in sample, 9679570 estimated total rows
psql:pspadm_analyze_4.sql:40: INFO:  analyzing "pspadm.psp_entitlement_message_2023"
psql:pspadm_analyze_4.sql:40: INFO:  "psp_entitlement_message_2023": scanned 30000 of 428230 pages, containing 274323 live rows and 0 dead rows; 30000 rows in sample, 3915778 estimated total rows
psql:pspadm_analyze_4.sql:40: INFO:  analyzing "pspadm.psp_entitlement_message_2024"
psql:pspadm_analyze_4.sql:40: INFO:  "psp_entitlement_message_2024": scanned 0 of 0 pages, containing 0 live rows and 0 dead rows; 0 rows in sample, 0 estimated total rows
psql:pspadm_analyze_4.sql:40: INFO:  analyzing "pspadm.psp_entitlement_message_2025"
psql:pspadm_analyze_4.sql:40: INFO:  "psp_entitlement_message_2025": scanned 0 of 0 pages, containing 0 live rows and 0 dead rows; 0 rows in sample, 0 estimated total rows
psql:pspadm_analyze_4.sql:40: INFO:  analyzing "pspadm.psp_entitlement_message_2026"
psql:pspadm_analyze_4.sql:40: INFO:  "psp_entitlement_message_2026": scanned 0 of 0 pages, containing 0 live rows and 0 dead rows; 0 rows in sample, 0 estimated total rows
ANALYZE
Time: 365365.493 ms (06:05.365)
analyze (verbose) pspadm.psp_pstub_paid_timeoff_item_p0;
psql:pspadm_analyze_4.sql:41: INFO:  analyzing "pspadm.psp_pstub_paid_timeoff_item_p0"
psql:pspadm_analyze_4.sql:41: INFO:  "psp_pstub_paid_timeoff_item_p0": scanned 30000 of 5897997 pages, containing 1074687 live rows and 1775 dead rows; 30000 rows in sample, 211283357 estimated total rows
ANALYZE
Time: 29631.416 ms (00:29.631)
analyze (verbose) pspadm.psp_pstub_paid_timeoff_item_p1;
psql:pspadm_analyze_4.sql:42: INFO:  analyzing "pspadm.psp_pstub_paid_timeoff_item_p1"
psql:pspadm_analyze_4.sql:42: INFO:  "psp_pstub_paid_timeoff_item_p1": scanned 30000 of 5920775 pages, containing 1074884 live rows and 1626 dead rows; 30000 rows in sample, 212138211 estimated total rows
ANALYZE
Time: 29813.358 ms (00:29.813)
analyze (verbose) pspadm.psp_pstub_paid_timeoff_item_p2;
psql:pspadm_analyze_4.sql:43: INFO:  analyzing "pspadm.psp_pstub_paid_timeoff_item_p2"
psql:pspadm_analyze_4.sql:43: INFO:  "psp_pstub_paid_timeoff_item_p2": scanned 30000 of 5799433 pages, containing 1073166 live rows and 1018 dead rows; 30000 rows in sample, 207458477 estimated total rows
ANALYZE
Time: 29758.921 ms (00:29.759)
analyze (verbose) pspadm.psp_pstub_paid_timeoff_item_p3;
psql:pspadm_analyze_4.sql:44: INFO:  analyzing "pspadm.psp_pstub_paid_timeoff_item_p3"
psql:pspadm_analyze_4.sql:44: INFO:  "psp_pstub_paid_timeoff_item_p3": scanned 30000 of 5869831 pages, containing 1073475 live rows and 852 dead rows; 30000 rows in sample, 210037228 estimated total rows
ANALYZE
Time: 29428.904 ms (00:29.429)
analyze (verbose) pspadm.psp_pstub_paid_timeoff_item;
psql:pspadm_analyze_4.sql:45: INFO:  analyzing "pspadm.psp_pstub_paid_timeoff_item" inheritance tree
psql:pspadm_analyze_4.sql:45: INFO:  "psp_pstub_paid_timeoff_item_p0": scanned 7533 of 5897997 pages, containing 269822 live rows and 444 dead rows; 7533 rows in sample, 211258376 estimated total rows
psql:pspadm_analyze_4.sql:45: INFO:  "psp_pstub_paid_timeoff_item_p1": scanned 7562 of 5920775 pages, containing 271107 live rows and 255 dead rows; 7562 rows in sample, 212267065 estimated total rows
psql:pspadm_analyze_4.sql:45: INFO:  "psp_pstub_paid_timeoff_item_p2": scanned 7407 of 5799433 pages, containing 265177 live rows and 182 dead rows; 7407 rows in sample, 207624712 estimated total rows
psql:pspadm_analyze_4.sql:45: INFO:  "psp_pstub_paid_timeoff_item_p3": scanned 7497 of 5869831 pages, containing 268310 live rows and 174 dead rows; 7497 rows in sample, 210075278 estimated total rows
psql:pspadm_analyze_4.sql:45: INFO:  analyzing "pspadm.psp_pstub_paid_timeoff_item_p0"
psql:pspadm_analyze_4.sql:45: INFO:  "psp_pstub_paid_timeoff_item_p0": scanned 30000 of 5897997 pages, containing 1074947 live rows and 1578 dead rows; 30000 rows in sample, 211334473 estimated total rows
psql:pspadm_analyze_4.sql:45: INFO:  analyzing "pspadm.psp_pstub_paid_timeoff_item_p1"
psql:pspadm_analyze_4.sql:45: INFO:  "psp_pstub_paid_timeoff_item_p1": scanned 30000 of 5920775 pages, containing 1075291 live rows and 1265 dead rows; 30000 rows in sample, 212218536 estimated total rows
psql:pspadm_analyze_4.sql:45: INFO:  analyzing "pspadm.psp_pstub_paid_timeoff_item_p2"
psql:pspadm_analyze_4.sql:45: INFO:  "psp_pstub_paid_timeoff_item_p2": scanned 30000 of 5799433 pages, containing 1073290 live rows and 940 dead rows; 30000 rows in sample, 207482448 estimated total rows
psql:pspadm_analyze_4.sql:45: INFO:  analyzing "pspadm.psp_pstub_paid_timeoff_item_p3"
psql:pspadm_analyze_4.sql:45: INFO:  "psp_pstub_paid_timeoff_item_p3": scanned 30000 of 5869831 pages, containing 1073698 live rows and 734 dead rows; 30000 rows in sample, 210080860 estimated total rows
ANALYZE
Time: 148891.416 ms (02:28.891)
analyze (verbose) pspadm.psp_company_event_detail_p0;
psql:pspadm_analyze_4.sql:46: INFO:  analyzing "pspadm.psp_company_event_detail_p0"
psql:pspadm_analyze_4.sql:46: INFO:  "psp_company_event_detail_p0": scanned 30000 of 15314968 pages, containing 953416 live rows and 127 dead rows; 30000 rows in sample, 486717851 estimated total rows
ANALYZE
Time: 30405.682 ms (00:30.406)
analyze (verbose) pspadm.psp_company_event_detail_p1;
psql:pspadm_analyze_4.sql:47: INFO:  analyzing "pspadm.psp_company_event_detail_p1"
psql:pspadm_analyze_4.sql:47: INFO:  "psp_company_event_detail_p1": scanned 30000 of 15348750 pages, containing 953564 live rows and 40 dead rows; 30000 rows in sample, 487867182 estimated total rows
ANALYZE
Time: 30343.231 ms (00:30.343)
analyze (verbose) pspadm.psp_company_event_detail_p2;
psql:pspadm_analyze_4.sql:48: INFO:  analyzing "pspadm.psp_company_event_detail_p2"
psql:pspadm_analyze_4.sql:48: INFO:  "psp_company_event_detail_p2": scanned 30000 of 15183037 pages, containing 953709 live rows and 21 dead rows; 30000 rows in sample, 482673301 estimated total rows
ANALYZE
Time: 29912.567 ms (00:29.913)
analyze (verbose) pspadm.psp_company_event_detail_p3;
psql:pspadm_analyze_4.sql:49: INFO:  analyzing "pspadm.psp_company_event_detail_p3"
psql:pspadm_analyze_4.sql:49: INFO:  "psp_company_event_detail_p3": scanned 30000 of 15267608 pages, containing 953628 live rows and 13 dead rows; 30000 rows in sample, 485320616 estimated total rows
ANALYZE
Time: 30464.436 ms (00:30.464)
analyze (verbose) pspadm.psp_company_event_detail_p4;
psql:pspadm_analyze_4.sql:50: INFO:  analyzing "pspadm.psp_company_event_detail_p4"
psql:pspadm_analyze_4.sql:50: INFO:  "psp_company_event_detail_p4": scanned 30000 of 15339781 pages, containing 953203 live rows and 1 dead rows; 30000 rows in sample, 487397509 estimated total rows
ANALYZE
Time: 29775.197 ms (00:29.775)
analyze (verbose) pspadm.psp_company_event_detail_p5;
psql:pspadm_analyze_4.sql:51: INFO:  analyzing "pspadm.psp_company_event_detail_p5"
psql:pspadm_analyze_4.sql:51: INFO:  "psp_company_event_detail_p5": scanned 30000 of 15391237 pages, containing 953248 live rows and 78 dead rows; 30000 rows in sample, 489055530 estimated total rows
ANALYZE
Time: 29920.370 ms (00:29.920)
analyze (verbose) pspadm.psp_company_event_detail_p6;
psql:pspadm_analyze_4.sql:52: INFO:  analyzing "pspadm.psp_company_event_detail_p6"
psql:pspadm_analyze_4.sql:52: INFO:  "psp_company_event_detail_p6": scanned 30000 of 15110966 pages, containing 953070 live rows and 50 dead rows; 30000 rows in sample, 480060279 estimated total rows
ANALYZE
Time: 29739.937 ms (00:29.740)
analyze (verbose) pspadm.psp_company_event_detail_p7;
psql:pspadm_analyze_4.sql:53: INFO:  analyzing "pspadm.psp_company_event_detail_p7"
psql:pspadm_analyze_4.sql:53: INFO:  "psp_company_event_detail_p7": scanned 30000 of 15268118 pages, containing 954455 live rows and 45 dead rows; 30000 rows in sample, 485757719 estimated total rows
ANALYZE
Time: 29780.455 ms (00:29.780)
analyze (verbose) pspadm.psp_company_event_detail;
psql:pspadm_analyze_4.sql:54: INFO:  analyzing "pspadm.psp_company_event_detail" inheritance tree
psql:pspadm_analyze_4.sql:54: INFO:  "psp_company_event_detail_p0": scanned 3759 of 15314968 pages, containing 119457 live rows and 0 dead rows; 3759 rows in sample, 486693305 estimated total rows
psql:pspadm_analyze_4.sql:54: INFO:  "psp_company_event_detail_p1": scanned 3767 of 15348750 pages, containing 119853 live rows and 0 dead rows; 3767 rows in sample, 488344501 estimated total rows
psql:pspadm_analyze_4.sql:54: INFO:  "psp_company_event_detail_p2": scanned 3727 of 15183037 pages, containing 118295 live rows and 25 dead rows; 3727 rows in sample, 481909676 estimated total rows
psql:pspadm_analyze_4.sql:54: INFO:  "psp_company_event_detail_p3": scanned 3747 of 15267608 pages, containing 119270 live rows and 20 dead rows; 3747 rows in sample, 485980146 estimated total rows
psql:pspadm_analyze_4.sql:54: INFO:  "psp_company_event_detail_p4": scanned 3765 of 15339781 pages, containing 119684 live rows and 0 dead rows; 3765 rows in sample, 487629840 estimated total rows
psql:pspadm_analyze_4.sql:54: INFO:  "psp_company_event_detail_p5": scanned 3778 of 15391237 pages, containing 120114 live rows and 1 dead rows; 3778 rows in sample, 489333785 estimated total rows
psql:pspadm_analyze_4.sql:54: INFO:  "psp_company_event_detail_p6": scanned 3709 of 15110966 pages, containing 117684 live rows and 0 dead rows; 3709 rows in sample, 479460481 estimated total rows
psql:pspadm_analyze_4.sql:54: INFO:  "psp_company_event_detail_p7": scanned 3748 of 15268118 pages, containing 119150 live rows and 1 dead rows; 3748 rows in sample, 485377871 estimated total rows
psql:pspadm_analyze_4.sql:54: INFO:  analyzing "pspadm.psp_company_event_detail_p0"
psql:pspadm_analyze_4.sql:54: INFO:  "psp_company_event_detail_p0": scanned 30000 of 15314968 pages, containing 953786 live rows and 94 dead rows; 30000 rows in sample, 486906736 estimated total rows
psql:pspadm_analyze_4.sql:54: INFO:  analyzing "pspadm.psp_company_event_detail_p1"
psql:pspadm_analyze_4.sql:54: INFO:  "psp_company_event_detail_p1": scanned 30000 of 15348750 pages, containing 954182 live rows and 6 dead rows; 30000 rows in sample, 488183366 estimated total rows
psql:pspadm_analyze_4.sql:54: INFO:  analyzing "pspadm.psp_company_event_detail_p2"
psql:pspadm_analyze_4.sql:54: INFO:  "psp_company_event_detail_p2": scanned 30000 of 15183037 pages, containing 954144 live rows and 91 dead rows; 30000 rows in sample, 482893455 estimated total rows
psql:pspadm_analyze_4.sql:54: INFO:  analyzing "pspadm.psp_company_event_detail_p3"
psql:pspadm_analyze_4.sql:54: INFO:  "psp_company_event_detail_p3": scanned 30000 of 15267608 pages, containing 953120 live rows and 7 dead rows; 30000 rows in sample, 485062085 estimated total rows
psql:pspadm_analyze_4.sql:54: INFO:  analyzing "pspadm.psp_company_event_detail_p4"
psql:pspadm_analyze_4.sql:54: INFO:  "psp_company_event_detail_p4": scanned 30000 of 15339781 pages, containing 953708 live rows and 9 dead rows; 30000 rows in sample, 487655729 estimated total rows
psql:pspadm_analyze_4.sql:54: INFO:  analyzing "pspadm.psp_company_event_detail_p5"
psql:pspadm_analyze_4.sql:54: INFO:  "psp_company_event_detail_p5": scanned 30000 of 15391237 pages, containing 953211 live rows and 5 dead rows; 30000 rows in sample, 489036547 estimated total rows
psql:pspadm_analyze_4.sql:54: INFO:  analyzing "pspadm.psp_company_event_detail_p6"
psql:pspadm_analyze_4.sql:54: INFO:  "psp_company_event_detail_p6": scanned 30000 of 15110966 pages, containing 953443 live rows and 17 dead rows; 30000 rows in sample, 480248159 estimated total rows
psql:pspadm_analyze_4.sql:54: INFO:  analyzing "pspadm.psp_company_event_detail_p7"
psql:pspadm_analyze_4.sql:54: INFO:  "psp_company_event_detail_p7": scanned 30000 of 15268118 pages, containing 954143 live rows and 35 dead rows; 30000 rows in sample, 485598930 estimated total rows
ANALYZE
Time: 268575.787 ms (04:28.576)
