Timing is on.
set search_path to pspadm;
SET
Time: 0.375 ms
analyze (verbose) pspadm.psp_paycheck_usage_2012;
psql:pspadm_analyze_2.sql:3: INFO:  analyzing "pspadm.psp_paycheck_usage_2012"
psql:pspadm_analyze_2.sql:3: INFO:  "psp_paycheck_usage_2012": scanned 54 of 54 pages, containing 1416 live rows and 0 dead rows; 1416 rows in sample, 1416 estimated total rows
ANALYZE
Time: 21.909 ms
analyze (verbose) pspadm.psp_paycheck_usage_2013;
psql:pspadm_analyze_2.sql:4: INFO:  analyzing "pspadm.psp_paycheck_usage_2013"
psql:pspadm_analyze_2.sql:4: INFO:  "psp_paycheck_usage_2013": scanned 30000 of 46836 pages, containing 785349 live rows and 0 dead rows; 30000 rows in sample, 1226087 estimated total rows
ANALYZE
Time: 18281.833 ms (00:18.282)
analyze (verbose) pspadm.psp_paycheck_usage_2014;
psql:pspadm_analyze_2.sql:5: INFO:  analyzing "pspadm.psp_paycheck_usage_2014"
psql:pspadm_analyze_2.sql:5: INFO:  "psp_paycheck_usage_2014": scanned 30000 of 614187 pages, containing 784447 live rows and 0 dead rows; 30000 rows in sample, 16059905 estimated total rows
ANALYZE
Time: 29747.774 ms (00:29.748)
analyze (verbose) pspadm.psp_paycheck_usage_2015;
psql:pspadm_analyze_2.sql:6: INFO:  analyzing "pspadm.psp_paycheck_usage_2015"
psql:pspadm_analyze_2.sql:6: INFO:  "psp_paycheck_usage_2015": scanned 30000 of 1370538 pages, containing 782976 live rows and 0 dead rows; 30000 rows in sample, 35769945 estimated total rows
ANALYZE
Time: 30593.470 ms (00:30.593)
analyze (verbose) pspadm.psp_paycheck_usage_2016;
psql:pspadm_analyze_2.sql:7: INFO:  analyzing "pspadm.psp_paycheck_usage_2016"
psql:pspadm_analyze_2.sql:7: INFO:  "psp_paycheck_usage_2016": scanned 30000 of 2113679 pages, containing 782082 live rows and 0 dead rows; 30000 rows in sample, 55102343 estimated total rows
ANALYZE
Time: 29877.193 ms (00:29.877)
analyze (verbose) pspadm.psp_paycheck_usage_2017;
psql:pspadm_analyze_2.sql:8: INFO:  analyzing "pspadm.psp_paycheck_usage_2017"
psql:pspadm_analyze_2.sql:8: INFO:  "psp_paycheck_usage_2017": scanned 30000 of 2880568 pages, containing 781623 live rows and 0 dead rows; 30000 rows in sample, 75050607 estimated total rows
ANALYZE
Time: 29658.223 ms (00:29.658)
analyze (verbose) pspadm.psp_paycheck_usage_2018;
psql:pspadm_analyze_2.sql:9: INFO:  analyzing "pspadm.psp_paycheck_usage_2018"
psql:pspadm_analyze_2.sql:9: INFO:  "psp_paycheck_usage_2018": scanned 30000 of 3455780 pages, containing 819963 live rows and 0 dead rows; 30000 rows in sample, 94453725 estimated total rows
ANALYZE
Time: 29539.611 ms (00:29.540)
analyze (verbose) pspadm.psp_paycheck_usage_2019;
psql:pspadm_analyze_2.sql:10: INFO:  analyzing "pspadm.psp_paycheck_usage_2019"
psql:pspadm_analyze_2.sql:10: INFO:  "psp_paycheck_usage_2019": scanned 30000 of 3599466 pages, containing 899663 live rows and 0 dead rows; 30000 rows in sample, 107943546 estimated total rows
ANALYZE
Time: 30366.440 ms (00:30.366)
analyze (verbose) pspadm.psp_paycheck_usage_2020;
psql:pspadm_analyze_2.sql:11: INFO:  analyzing "pspadm.psp_paycheck_usage_2020"
psql:pspadm_analyze_2.sql:11: INFO:  "psp_paycheck_usage_2020": scanned 30000 of 3646262 pages, containing 899403 live rows and 0 dead rows; 30000 rows in sample, 109315299 estimated total rows
ANALYZE
Time: 29580.229 ms (00:29.580)
analyze (verbose) pspadm.psp_paycheck_usage_2021;
psql:pspadm_analyze_2.sql:12: INFO:  analyzing "pspadm.psp_paycheck_usage_2021"
psql:pspadm_analyze_2.sql:12: INFO:  "psp_paycheck_usage_2021": scanned 30000 of 3822153 pages, containing 899455 live rows and 0 dead rows; 30000 rows in sample, 114595154 estimated total rows
ANALYZE
Time: 29879.750 ms (00:29.880)
analyze (verbose) pspadm.psp_paycheck_usage_2022;
psql:pspadm_analyze_2.sql:13: INFO:  analyzing "pspadm.psp_paycheck_usage_2022"
psql:pspadm_analyze_2.sql:13: INFO:  "psp_paycheck_usage_2022": scanned 30000 of 3881703 pages, containing 899500 live rows and 0 dead rows; 30000 rows in sample, 116386395 estimated total rows
ANALYZE
Time: 29963.244 ms (00:29.963)
analyze (verbose) pspadm.psp_paycheck_usage_2023;
psql:pspadm_analyze_2.sql:14: INFO:  analyzing "pspadm.psp_paycheck_usage_2023"
psql:pspadm_analyze_2.sql:14: INFO:  "psp_paycheck_usage_2023": scanned 30000 of 3158792 pages, containing 898383 live rows and 864 dead rows; 30000 rows in sample, 94593501 estimated total rows
ANALYZE
Time: 29682.439 ms (00:29.682)
analyze (verbose) pspadm.psp_paycheck_usage_2024;
psql:pspadm_analyze_2.sql:15: INFO:  analyzing "pspadm.psp_paycheck_usage_2024"
psql:pspadm_analyze_2.sql:15: INFO:  "psp_paycheck_usage_2024": scanned 0 of 0 pages, containing 0 live rows and 0 dead rows; 0 rows in sample, 0 estimated total rows
ANALYZE
Time: 0.795 ms
analyze (verbose) pspadm.psp_paycheck_usage_2025;
psql:pspadm_analyze_2.sql:16: INFO:  analyzing "pspadm.psp_paycheck_usage_2025"
psql:pspadm_analyze_2.sql:16: INFO:  "psp_paycheck_usage_2025": scanned 0 of 0 pages, containing 0 live rows and 0 dead rows; 0 rows in sample, 0 estimated total rows
ANALYZE
Time: 0.706 ms
analyze (verbose) pspadm.psp_paycheck_usage_2026;
psql:pspadm_analyze_2.sql:17: INFO:  analyzing "pspadm.psp_paycheck_usage_2026"
psql:pspadm_analyze_2.sql:17: INFO:  "psp_paycheck_usage_2026": scanned 0 of 0 pages, containing 0 live rows and 0 dead rows; 0 rows in sample, 0 estimated total rows
ANALYZE
Time: 0.662 ms
analyze (verbose) pspadm.psp_paycheck_usage;
psql:pspadm_analyze_2.sql:18: INFO:  analyzing "pspadm.psp_paycheck_usage" inheritance tree
psql:pspadm_analyze_2.sql:18: INFO:  "psp_paycheck_usage_2013": scanned 49 of 46836 pages, containing 1282 live rows and 0 dead rows; 49 rows in sample, 1225383 estimated total rows
psql:pspadm_analyze_2.sql:18: INFO:  "psp_paycheck_usage_2014": scanned 644 of 614187 pages, containing 16848 live rows and 0 dead rows; 644 rows in sample, 16068047 estimated total rows
psql:pspadm_analyze_2.sql:18: INFO:  "psp_paycheck_usage_2015": scanned 1438 of 1370538 pages, containing 37528 live rows and 0 dead rows; 1438 rows in sample, 35767420 estimated total rows
psql:pspadm_analyze_2.sql:18: INFO:  "psp_paycheck_usage_2016": scanned 2218 of 2113679 pages, containing 57809 live rows and 0 dead rows; 2218 rows in sample, 55090022 estimated total rows
psql:pspadm_analyze_2.sql:18: INFO:  "psp_paycheck_usage_2017": scanned 3023 of 2880568 pages, containing 78762 live rows and 0 dead rows; 3023 rows in sample, 75051041 estimated total rows
psql:pspadm_analyze_2.sql:18: INFO:  "psp_paycheck_usage_2018": scanned 3626 of 3455780 pages, containing 99152 live rows and 0 dead rows; 3626 rows in sample, 94497380 estimated total rows
psql:pspadm_analyze_2.sql:18: INFO:  "psp_paycheck_usage_2019": scanned 3777 of 3599466 pages, containing 113282 live rows and 0 dead rows; 3777 rows in sample, 107957296 estimated total rows
psql:pspadm_analyze_2.sql:18: INFO:  "psp_paycheck_usage_2020": scanned 3826 of 3646262 pages, containing 114699 live rows and 0 dead rows; 3826 rows in sample, 109310665 estimated total rows
psql:pspadm_analyze_2.sql:18: INFO:  "psp_paycheck_usage_2021": scanned 4011 of 3822153 pages, containing 120265 live rows and 0 dead rows; 4011 rows in sample, 114602650 estimated total rows
psql:pspadm_analyze_2.sql:18: INFO:  "psp_paycheck_usage_2022": scanned 4073 of 3881703 pages, containing 122099 live rows and 0 dead rows; 4073 rows in sample, 116364364 estimated total rows
psql:pspadm_analyze_2.sql:18: INFO:  "psp_paycheck_usage_2023": scanned 3315 of 3158792 pages, containing 99250 live rows and 87 dead rows; 3315 rows in sample, 94573184 estimated total rows
psql:pspadm_analyze_2.sql:18: INFO:  analyzing "pspadm.psp_paycheck_usage_2012"
psql:pspadm_analyze_2.sql:18: INFO:  "psp_paycheck_usage_2012": scanned 54 of 54 pages, containing 1416 live rows and 0 dead rows; 1416 rows in sample, 1416 estimated total rows
psql:pspadm_analyze_2.sql:18: INFO:  analyzing "pspadm.psp_paycheck_usage_2013"
psql:pspadm_analyze_2.sql:18: INFO:  "psp_paycheck_usage_2013": scanned 30000 of 46836 pages, containing 785456 live rows and 0 dead rows; 30000 rows in sample, 1226254 estimated total rows
psql:pspadm_analyze_2.sql:18: INFO:  analyzing "pspadm.psp_paycheck_usage_2014"
psql:pspadm_analyze_2.sql:18: INFO:  "psp_paycheck_usage_2014": scanned 30000 of 614187 pages, containing 784452 live rows and 0 dead rows; 30000 rows in sample, 16060007 estimated total rows
psql:pspadm_analyze_2.sql:18: INFO:  analyzing "pspadm.psp_paycheck_usage_2015"
psql:pspadm_analyze_2.sql:18: INFO:  "psp_paycheck_usage_2015": scanned 30000 of 1370538 pages, containing 782823 live rows and 0 dead rows; 30000 rows in sample, 35762956 estimated total rows
psql:pspadm_analyze_2.sql:18: INFO:  analyzing "pspadm.psp_paycheck_usage_2016"
psql:pspadm_analyze_2.sql:18: INFO:  "psp_paycheck_usage_2016": scanned 30000 of 2113679 pages, containing 782013 live rows and 0 dead rows; 30000 rows in sample, 55097482 estimated total rows
psql:pspadm_analyze_2.sql:18: INFO:  analyzing "pspadm.psp_paycheck_usage_2017"
psql:pspadm_analyze_2.sql:18: INFO:  "psp_paycheck_usage_2017": scanned 30000 of 2880568 pages, containing 781507 live rows and 0 dead rows; 30000 rows in sample, 75039469 estimated total rows
psql:pspadm_analyze_2.sql:18: INFO:  analyzing "pspadm.psp_paycheck_usage_2018"
psql:pspadm_analyze_2.sql:18: INFO:  "psp_paycheck_usage_2018": scanned 30000 of 3455780 pages, containing 819980 live rows and 0 dead rows; 30000 rows in sample, 94455683 estimated total rows
psql:pspadm_analyze_2.sql:18: INFO:  analyzing "pspadm.psp_paycheck_usage_2019"
psql:pspadm_analyze_2.sql:18: INFO:  "psp_paycheck_usage_2019": scanned 30000 of 3599466 pages, containing 899734 live rows and 0 dead rows; 30000 rows in sample, 107952065 estimated total rows
psql:pspadm_analyze_2.sql:18: INFO:  analyzing "pspadm.psp_paycheck_usage_2020"
psql:pspadm_analyze_2.sql:18: INFO:  "psp_paycheck_usage_2020": scanned 30000 of 3646262 pages, containing 899514 live rows and 0 dead rows; 30000 rows in sample, 109328791 estimated total rows
psql:pspadm_analyze_2.sql:18: INFO:  analyzing "pspadm.psp_paycheck_usage_2021"
psql:pspadm_analyze_2.sql:18: INFO:  "psp_paycheck_usage_2021": scanned 30000 of 3822153 pages, containing 899512 live rows and 0 dead rows; 30000 rows in sample, 114602416 estimated total rows
psql:pspadm_analyze_2.sql:18: INFO:  analyzing "pspadm.psp_paycheck_usage_2022"
psql:pspadm_analyze_2.sql:18: INFO:  "psp_paycheck_usage_2022": scanned 30000 of 3881703 pages, containing 899452 live rows and 0 dead rows; 30000 rows in sample, 116380184 estimated total rows
psql:pspadm_analyze_2.sql:18: INFO:  analyzing "pspadm.psp_paycheck_usage_2023"
psql:pspadm_analyze_2.sql:18: INFO:  "psp_paycheck_usage_2023": scanned 30000 of 3158792 pages, containing 898237 live rows and 1057 dead rows; 30000 rows in sample, 94578128 estimated total rows
psql:pspadm_analyze_2.sql:18: INFO:  analyzing "pspadm.psp_paycheck_usage_2024"
psql:pspadm_analyze_2.sql:18: INFO:  "psp_paycheck_usage_2024": scanned 0 of 0 pages, containing 0 live rows and 0 dead rows; 0 rows in sample, 0 estimated total rows
psql:pspadm_analyze_2.sql:18: INFO:  analyzing "pspadm.psp_paycheck_usage_2025"
psql:pspadm_analyze_2.sql:18: INFO:  "psp_paycheck_usage_2025": scanned 0 of 0 pages, containing 0 live rows and 0 dead rows; 0 rows in sample, 0 estimated total rows
psql:pspadm_analyze_2.sql:18: INFO:  analyzing "pspadm.psp_paycheck_usage_2026"
psql:pspadm_analyze_2.sql:18: INFO:  "psp_paycheck_usage_2026": scanned 0 of 0 pages, containing 0 live rows and 0 dead rows; 0 rows in sample, 0 estimated total rows
ANALYZE
Time: 336587.156 ms (05:36.587)
analyze (verbose) pspadm.psp_compensation_p0;
psql:pspadm_analyze_2.sql:19: INFO:  analyzing "pspadm.psp_compensation_p0"
psql:pspadm_analyze_2.sql:19: INFO:  "psp_compensation_p0": scanned 30000 of 6654733 pages, containing 940937 live rows and 5184 dead rows; 30000 rows in sample, 208722817 estimated total rows
ANALYZE
Time: 30298.678 ms (00:30.299)
analyze (verbose) pspadm.psp_compensation_p1;
psql:pspadm_analyze_2.sql:20: INFO:  analyzing "pspadm.psp_compensation_p1"
psql:pspadm_analyze_2.sql:20: INFO:  "psp_compensation_p1": scanned 30000 of 6842116 pages, containing 936437 live rows and 1056 dead rows; 30000 rows in sample, 213573686 estimated total rows
ANALYZE
Time: 30494.406 ms (00:30.494)
analyze (verbose) pspadm.psp_compensation_p2;
psql:pspadm_analyze_2.sql:21: INFO:  analyzing "pspadm.psp_compensation_p2"
psql:pspadm_analyze_2.sql:21: INFO:  "psp_compensation_p2": scanned 30000 of 6646025 pages, containing 939413 live rows and 3679 dead rows; 30000 rows in sample, 208112076 estimated total rows
ANALYZE
Time: 30237.621 ms (00:30.238)
analyze (verbose) pspadm.psp_compensation_p3;
psql:pspadm_analyze_2.sql:22: INFO:  analyzing "pspadm.psp_compensation_p3"
psql:pspadm_analyze_2.sql:22: INFO:  "psp_compensation_p3": scanned 30000 of 6719465 pages, containing 941019 live rows and 5176 dead rows; 30000 rows in sample, 210771474 estimated total rows
ANALYZE
Time: 30377.566 ms (00:30.378)
analyze (verbose) pspadm.psp_compensation_p4;
psql:pspadm_analyze_2.sql:23: INFO:  analyzing "pspadm.psp_compensation_p4"
psql:pspadm_analyze_2.sql:23: INFO:  "psp_compensation_p4": scanned 30000 of 6610693 pages, containing 940335 live rows and 5957 dead rows; 30000 rows in sample, 207208867 estimated total rows
ANALYZE
Time: 30337.951 ms (00:30.338)
analyze (verbose) pspadm.psp_compensation_p5;
psql:pspadm_analyze_2.sql:24: INFO:  analyzing "pspadm.psp_compensation_p5"
psql:pspadm_analyze_2.sql:24: INFO:  "psp_compensation_p5": scanned 30000 of 6701977 pages, containing 940670 live rows and 5704 dead rows; 30000 rows in sample, 210144957 estimated total rows
ANALYZE
Time: 30844.574 ms (00:30.845)
analyze (verbose) pspadm.psp_compensation_p6;
psql:pspadm_analyze_2.sql:25: INFO:  analyzing "pspadm.psp_compensation_p6"
psql:pspadm_analyze_2.sql:25: INFO:  "psp_compensation_p6": scanned 30000 of 6455062 pages, containing 940287 live rows and 5819 dead rows; 30000 rows in sample, 202320363 estimated total rows
ANALYZE
Time: 30445.894 ms (00:30.446)
analyze (verbose) pspadm.psp_compensation_p7;
psql:pspadm_analyze_2.sql:26: INFO:  analyzing "pspadm.psp_compensation_p7"
psql:pspadm_analyze_2.sql:26: INFO:  "psp_compensation_p7": scanned 30000 of 6701583 pages, containing 940437 live rows and 5352 dead rows; 30000 rows in sample, 210080554 estimated total rows
ANALYZE
Time: 30428.969 ms (00:30.429)
analyze (verbose) pspadm.psp_compensation;
psql:pspadm_analyze_2.sql:27: INFO:  analyzing "pspadm.psp_compensation" inheritance tree
psql:pspadm_analyze_2.sql:27: INFO:  "psp_compensation_p0": scanned 3743 of 6654733 pages, containing 117359 live rows and 731 dead rows; 3743 rows in sample, 208654237 estimated total rows
psql:pspadm_analyze_2.sql:27: INFO:  "psp_compensation_p1": scanned 3849 of 6842116 pages, containing 120341 live rows and 165 dead rows; 3849 rows in sample, 213922339 estimated total rows
psql:pspadm_analyze_2.sql:27: INFO:  "psp_compensation_p2": scanned 3739 of 6646025 pages, containing 116882 live rows and 547 dead rows; 3739 rows in sample, 207756270 estimated total rows
psql:pspadm_analyze_2.sql:27: INFO:  "psp_compensation_p3": scanned 3780 of 6719465 pages, containing 118520 live rows and 753 dead rows; 3780 rows in sample, 210685448 estimated total rows
psql:pspadm_analyze_2.sql:27: INFO:  "psp_compensation_p4": scanned 3719 of 6610693 pages, containing 116616 live rows and 686 dead rows; 3719 rows in sample, 207290286 estimated total rows
psql:pspadm_analyze_2.sql:27: INFO:  "psp_compensation_p5": scanned 3770 of 6701977 pages, containing 118078 live rows and 872 dead rows; 3770 rows in sample, 209908764 estimated total rows
psql:pspadm_analyze_2.sql:27: INFO:  "psp_compensation_p6": scanned 3631 of 6455062 pages, containing 113776 live rows and 729 dead rows; 3631 rows in sample, 202266906 estimated total rows
psql:pspadm_analyze_2.sql:27: INFO:  "psp_compensation_p7": scanned 3769 of 6701583 pages, containing 118122 live rows and 761 dead rows; 3769 rows in sample, 210030349 estimated total rows
psql:pspadm_analyze_2.sql:27: INFO:  analyzing "pspadm.psp_compensation_p0"
psql:pspadm_analyze_2.sql:27: INFO:  "psp_compensation_p0": scanned 30000 of 6654733 pages, containing 940099 live rows and 6261 dead rows; 30000 rows in sample, 208536928 estimated total rows
psql:pspadm_analyze_2.sql:27: INFO:  analyzing "pspadm.psp_compensation_p1"
psql:pspadm_analyze_2.sql:27: INFO:  "psp_compensation_p1": scanned 30000 of 6842116 pages, containing 936853 live rows and 1004 dead rows; 30000 rows in sample, 213668563 estimated total rows
psql:pspadm_analyze_2.sql:27: INFO:  analyzing "pspadm.psp_compensation_p2"
psql:pspadm_analyze_2.sql:27: INFO:  "psp_compensation_p2": scanned 30000 of 6646025 pages, containing 940214 live rows and 3363 dead rows; 30000 rows in sample, 208289525 estimated total rows
psql:pspadm_analyze_2.sql:27: INFO:  analyzing "pspadm.psp_compensation_p3"
psql:pspadm_analyze_2.sql:27: INFO:  "psp_compensation_p3": scanned 30000 of 6719465 pages, containing 940947 live rows and 5162 dead rows; 30000 rows in sample, 210755348 estimated total rows
psql:pspadm_analyze_2.sql:27: INFO:  analyzing "pspadm.psp_compensation_p4"
psql:pspadm_analyze_2.sql:27: INFO:  "psp_compensation_p4": scanned 30000 of 6610693 pages, containing 940676 live rows and 5756 dead rows; 30000 rows in sample, 207284008 estimated total rows
psql:pspadm_analyze_2.sql:27: INFO:  analyzing "pspadm.psp_compensation_p5"
psql:pspadm_analyze_2.sql:27: INFO:  "psp_compensation_p5": scanned 30000 of 6701977 pages, containing 940811 live rows and 5636 dead rows; 30000 rows in sample, 210176456 estimated total rows
psql:pspadm_analyze_2.sql:27: INFO:  analyzing "pspadm.psp_compensation_p6"
psql:pspadm_analyze_2.sql:27: INFO:  "psp_compensation_p6": scanned 30000 of 6455062 pages, containing 941132 live rows and 4933 dead rows; 30000 rows in sample, 202502180 estimated total rows
psql:pspadm_analyze_2.sql:27: INFO:  analyzing "pspadm.psp_compensation_p7"
psql:pspadm_analyze_2.sql:27: INFO:  "psp_compensation_p7": scanned 30000 of 6701583 pages, containing 940790 live rows and 5069 dead rows; 30000 rows in sample, 210159409 estimated total rows
ANALYZE
Time: 273421.546 ms (04:33.422)
analyze (verbose) pspadm.psp_disburse_advice_tax_liab_p0;
psql:pspadm_analyze_2.sql:28: INFO:  analyzing "pspadm.psp_disburse_advice_tax_liab_p0"
psql:pspadm_analyze_2.sql:28: INFO:  "psp_disburse_advice_tax_liab_p0": scanned 30000 of 5531998 pages, containing 968635 live rows and 46 dead rows; 30000 rows in sample, 178616229 estimated total rows
ANALYZE
Time: 29795.634 ms (00:29.796)
analyze (verbose) pspadm.psp_disburse_advice_tax_liab_p1;
psql:pspadm_analyze_2.sql:29: INFO:  analyzing "pspadm.psp_disburse_advice_tax_liab_p1"
psql:pspadm_analyze_2.sql:29: INFO:  "psp_disburse_advice_tax_liab_p1": scanned 30000 of 5602022 pages, containing 969004 live rows and 11 dead rows; 30000 rows in sample, 180946058 estimated total rows
ANALYZE
Time: 29807.647 ms (00:29.808)
analyze (verbose) pspadm.psp_disburse_advice_tax_liab_p2;
psql:pspadm_analyze_2.sql:30: INFO:  analyzing "pspadm.psp_disburse_advice_tax_liab_p2"
psql:pspadm_analyze_2.sql:30: INFO:  "psp_disburse_advice_tax_liab_p2": scanned 30000 of 5534795 pages, containing 969334 live rows and 0 dead rows; 30000 rows in sample, 178835499 estimated total rows
ANALYZE
Time: 29724.352 ms (00:29.724)
analyze (verbose) pspadm.psp_disburse_advice_tax_liab_p3;
psql:pspadm_analyze_2.sql:31: INFO:  analyzing "pspadm.psp_disburse_advice_tax_liab_p3"
psql:pspadm_analyze_2.sql:31: INFO:  "psp_disburse_advice_tax_liab_p3": scanned 30000 of 5583186 pages, containing 969427 live rows and 0 dead rows; 30000 rows in sample, 180416375 estimated total rows
ANALYZE
Time: 29694.526 ms (00:29.695)
analyze (verbose) pspadm.psp_disburse_advice_tax_liab;
psql:pspadm_analyze_2.sql:32: INFO:  analyzing "pspadm.psp_disburse_advice_tax_liab" inheritance tree
psql:pspadm_analyze_2.sql:32: INFO:  "psp_disburse_advice_tax_liab_p0": scanned 7458 of 5531998 pages, containing 240872 live rows and 0 dead rows; 7458 rows in sample, 178667662 estimated total rows
psql:pspadm_analyze_2.sql:32: INFO:  "psp_disburse_advice_tax_liab_p1": scanned 7553 of 5602022 pages, containing 243916 live rows and 0 dead rows; 7553 rows in sample, 180911267 estimated total rows
psql:pspadm_analyze_2.sql:32: INFO:  "psp_disburse_advice_tax_liab_p2": scanned 7462 of 5534795 pages, containing 241034 live rows and 0 dead rows; 7462 rows in sample, 178782334 estimated total rows
psql:pspadm_analyze_2.sql:32: INFO:  "psp_disburse_advice_tax_liab_p3": scanned 7527 of 5583186 pages, containing 243208 live rows and 0 dead rows; 7527 rows in sample, 180400625 estimated total rows
psql:pspadm_analyze_2.sql:32: INFO:  analyzing "pspadm.psp_disburse_advice_tax_liab_p0"
psql:pspadm_analyze_2.sql:32: INFO:  "psp_disburse_advice_tax_liab_p0": scanned 30000 of 5531998 pages, containing 968784 live rows and 0 dead rows; 30000 rows in sample, 178643705 estimated total rows
psql:pspadm_analyze_2.sql:32: INFO:  analyzing "pspadm.psp_disburse_advice_tax_liab_p1"
psql:pspadm_analyze_2.sql:32: INFO:  "psp_disburse_advice_tax_liab_p1": scanned 30000 of 5602022 pages, containing 968917 live rows and 32 dead rows; 30000 rows in sample, 180929812 estimated total rows
psql:pspadm_analyze_2.sql:32: INFO:  analyzing "pspadm.psp_disburse_advice_tax_liab_p2"
psql:pspadm_analyze_2.sql:32: INFO:  "psp_disburse_advice_tax_liab_p2": scanned 30000 of 5534795 pages, containing 969499 live rows and 0 dead rows; 30000 rows in sample, 178865941 estimated total rows
psql:pspadm_analyze_2.sql:32: INFO:  analyzing "pspadm.psp_disburse_advice_tax_liab_p3"
psql:pspadm_analyze_2.sql:32: INFO:  "psp_disburse_advice_tax_liab_p3": scanned 30000 of 5583186 pages, containing 969292 live rows and 2 dead rows; 30000 rows in sample, 180391251 estimated total rows
ANALYZE
Time: 149321.900 ms (02:29.322)
analyze (verbose) pspadm.psp_tax_p0;
psql:pspadm_analyze_2.sql:33: INFO:  analyzing "pspadm.psp_tax_p0"
psql:pspadm_analyze_2.sql:33: INFO:  "psp_tax_p0": scanned 30000 of 13322283 pages, containing 897984 live rows and 30 dead rows; 30000 rows in sample, 398773233 estimated total rows
ANALYZE
Time: 30837.505 ms (00:30.838)
analyze (verbose) pspadm.psp_tax_p1;
psql:pspadm_analyze_2.sql:34: INFO:  analyzing "pspadm.psp_tax_p1"
psql:pspadm_analyze_2.sql:34: INFO:  "psp_tax_p1": scanned 30000 of 13642960 pages, containing 897981 live rows and 60 dead rows; 30000 rows in sample, 408370629 estimated total rows
ANALYZE
Time: 30408.330 ms (00:30.408)
analyze (verbose) pspadm.psp_tax_p2;
psql:pspadm_analyze_2.sql:35: INFO:  analyzing "pspadm.psp_tax_p2"
psql:pspadm_analyze_2.sql:35: INFO:  "psp_tax_p2": scanned 30000 of 13505634 pages, containing 897852 live rows and 73 dead rows; 30000 rows in sample, 404202017 estimated total rows
ANALYZE
Time: 30337.668 ms (00:30.338)
analyze (verbose) pspadm.psp_tax_p3;
psql:pspadm_analyze_2.sql:36: INFO:  analyzing "pspadm.psp_tax_p3"
psql:pspadm_analyze_2.sql:36: INFO:  "psp_tax_p3": scanned 30000 of 13365264 pages, containing 897851 live rows and 23 dead rows; 30000 rows in sample, 400000522 estimated total rows
ANALYZE
Time: 30470.930 ms (00:30.471)
analyze (verbose) pspadm.psp_tax_p4;
psql:pspadm_analyze_2.sql:37: INFO:  analyzing "pspadm.psp_tax_p4"
psql:pspadm_analyze_2.sql:37: INFO:  "psp_tax_p4": scanned 30000 of 13492177 pages, containing 897799 live rows and 44 dead rows; 30000 rows in sample, 403775434 estimated total rows
ANALYZE
Time: 29960.337 ms (00:29.960)
analyze (verbose) pspadm.psp_tax_p5;
psql:pspadm_analyze_2.sql:38: INFO:  analyzing "pspadm.psp_tax_p5"
psql:pspadm_analyze_2.sql:38: INFO:  "psp_tax_p5": scanned 30000 of 13617523 pages, containing 897879 live rows and 0 dead rows; 30000 rows in sample, 407562931 estimated total rows
ANALYZE
Time: 30174.858 ms (00:30.175)
analyze (verbose) pspadm.psp_tax_p6;
psql:pspadm_analyze_2.sql:39: INFO:  analyzing "pspadm.psp_tax_p6"
psql:pspadm_analyze_2.sql:39: INFO:  "psp_tax_p6": scanned 30000 of 13138039 pages, containing 897793 live rows and 9 dead rows; 30000 rows in sample, 393174648 estimated total rows
ANALYZE
Time: 30092.085 ms (00:30.092)
analyze (verbose) pspadm.psp_tax_p7;
psql:pspadm_analyze_2.sql:40: INFO:  analyzing "pspadm.psp_tax_p7"
psql:pspadm_analyze_2.sql:40: INFO:  "psp_tax_p7": scanned 30000 of 13410142 pages, containing 897839 live rows and 10 dead rows; 30000 rows in sample, 401338283 estimated total rows
ANALYZE
Time: 30139.165 ms (00:30.139)
analyze (verbose) pspadm.psp_tax_p8;
psql:pspadm_analyze_2.sql:41: INFO:  analyzing "pspadm.psp_tax_p8"
psql:pspadm_analyze_2.sql:41: INFO:  "psp_tax_p8": scanned 30000 of 13639862 pages, containing 897927 live rows and 0 dead rows; 30000 rows in sample, 408253346 estimated total rows
ANALYZE
Time: 30000.546 ms (00:30.001)
analyze (verbose) pspadm.psp_tax_p9;
psql:pspadm_analyze_2.sql:42: INFO:  analyzing "pspadm.psp_tax_p9"
psql:pspadm_analyze_2.sql:42: INFO:  "psp_tax_p9": scanned 30000 of 13795576 pages, containing 897970 live rows and 2 dead rows; 30000 rows in sample, 412933779 estimated total rows
ANALYZE
Time: 30002.912 ms (00:30.003)
analyze (verbose) pspadm.psp_tax_p10;
psql:pspadm_analyze_2.sql:43: INFO:  analyzing "pspadm.psp_tax_p10"
psql:pspadm_analyze_2.sql:43: INFO:  "psp_tax_p10": scanned 30000 of 13234915 pages, containing 897744 live rows and 112 dead rows; 30000 rows in sample, 396052184 estimated total rows
ANALYZE
Time: 29822.108 ms (00:29.822)
analyze (verbose) pspadm.psp_tax_p11;
psql:pspadm_analyze_2.sql:44: INFO:  analyzing "pspadm.psp_tax_p11"
psql:pspadm_analyze_2.sql:44: INFO:  "psp_tax_p11": scanned 30000 of 13517624 pages, containing 897913 live rows and 0 dead rows; 30000 rows in sample, 404588344 estimated total rows
ANALYZE
Time: 30289.141 ms (00:30.289)
analyze (verbose) pspadm.psp_tax_p12;
psql:pspadm_analyze_2.sql:45: INFO:  analyzing "pspadm.psp_tax_p12"
psql:pspadm_analyze_2.sql:45: INFO:  "psp_tax_p12": scanned 30000 of 13512357 pages, containing 897887 live rows and 24 dead rows; 30000 rows in sample, 404418990 estimated total rows
ANALYZE
Time: 29875.710 ms (00:29.876)
analyze (verbose) pspadm.psp_tax_p13;
psql:pspadm_analyze_2.sql:46: INFO:  analyzing "pspadm.psp_tax_p13"
psql:pspadm_analyze_2.sql:46: INFO:  "psp_tax_p13": scanned 30000 of 13488421 pages, containing 897853 live rows and 62 dead rows; 30000 rows in sample, 403687309 estimated total rows
ANALYZE
Time: 30093.729 ms (00:30.094)
analyze (verbose) pspadm.psp_tax_p14;
psql:pspadm_analyze_2.sql:47: INFO:  analyzing "pspadm.psp_tax_p14"
psql:pspadm_analyze_2.sql:47: INFO:  "psp_tax_p14": scanned 30000 of 13155742 pages, containing 897908 live rows and 30 dead rows; 30000 rows in sample, 393754866 estimated total rows
ANALYZE
Time: 30155.175 ms (00:30.155)
analyze (verbose) pspadm.psp_tax_p15;
psql:pspadm_analyze_2.sql:48: INFO:  analyzing "pspadm.psp_tax_p15"
psql:pspadm_analyze_2.sql:48: INFO:  "psp_tax_p15": scanned 30000 of 13453049 pages, containing 897876 live rows and 39 dead rows; 30000 rows in sample, 402638994 estimated total rows
ANALYZE
Time: 30052.546 ms (00:30.053)
analyze (verbose) pspadm.psp_tax;
psql:pspadm_analyze_2.sql:49: INFO:  analyzing "pspadm.psp_tax" inheritance tree
psql:pspadm_analyze_2.sql:49: INFO:  "psp_tax_p0": scanned 1856 of 13322283 pages, containing 55564 live rows and 0 dead rows; 1856 rows in sample, 398835847 estimated total rows
psql:pspadm_analyze_2.sql:49: INFO:  "psp_tax_p1": scanned 1901 of 13642960 pages, containing 56892 live rows and 0 dead rows; 1901 rows in sample, 408298412 estimated total rows
psql:pspadm_analyze_2.sql:49: INFO:  "psp_tax_p2": scanned 1882 of 13505634 pages, containing 56320 live rows and 0 dead rows; 1882 rows in sample, 404164350 estimated total rows
psql:pspadm_analyze_2.sql:49: INFO:  "psp_tax_p3": scanned 1862 of 13365264 pages, containing 55739 live rows and 7 dead rows; 1862 rows in sample, 400089393 estimated total rows
psql:pspadm_analyze_2.sql:49: INFO:  "psp_tax_p4": scanned 1880 of 13492177 pages, containing 56260 live rows and 0 dead rows; 1880 rows in sample, 403760573 estimated total rows
psql:pspadm_analyze_2.sql:49: INFO:  "psp_tax_p5": scanned 1898 of 13617523 pages, containing 56810 live rows and 0 dead rows; 1898 rows in sample, 407592983 estimated total rows
psql:pspadm_analyze_2.sql:49: INFO:  "psp_tax_p6": scanned 1831 of 13138039 pages, containing 54808 live rows and 0 dead rows; 1831 rows in sample, 393265779 estimated total rows
psql:pspadm_analyze_2.sql:49: INFO:  "psp_tax_p7": scanned 1869 of 13410142 pages, containing 55948 live rows and 6 dead rows; 1869 rows in sample, 401428906 estimated total rows
psql:pspadm_analyze_2.sql:49: INFO:  "psp_tax_p8": scanned 1901 of 13639862 pages, containing 56895 live rows and 0 dead rows; 1901 rows in sample, 408227222 estimated total rows
psql:pspadm_analyze_2.sql:49: INFO:  "psp_tax_p9": scanned 1922 of 13795576 pages, containing 57539 live rows and 0 dead rows; 1922 rows in sample, 412998776 estimated total rows
psql:pspadm_analyze_2.sql:49: INFO:  "psp_tax_p10": scanned 1844 of 13234915 pages, containing 55153 live rows and 30 dead rows; 1844 rows in sample, 395848843 estimated total rows
psql:pspadm_analyze_2.sql:49: INFO:  "psp_tax_p11": scanned 1884 of 13517624 pages, containing 56388 live rows and 0 dead rows; 1884 rows in sample, 404581625 estimated total rows
psql:pspadm_analyze_2.sql:49: INFO:  "psp_tax_p12": scanned 1883 of 13512357 pages, containing 56377 live rows and 0 dead rows; 1883 rows in sample, 404559825 estimated total rows
psql:pspadm_analyze_2.sql:49: INFO:  "psp_tax_p13": scanned 1880 of 13488421 pages, containing 56274 live rows and 0 dead rows; 1880 rows in sample, 403748619 estimated total rows
psql:pspadm_analyze_2.sql:49: INFO:  "psp_tax_p14": scanned 1833 of 13155742 pages, containing 54868 live rows and 0 dead rows; 1833 rows in sample, 393796646 estimated total rows
psql:pspadm_analyze_2.sql:49: INFO:  "psp_tax_p15": scanned 1874 of 13453049 pages, containing 56083 live rows and 0 dead rows; 1874 rows in sample, 402607976 estimated total rows
psql:pspadm_analyze_2.sql:49: INFO:  analyzing "pspadm.psp_tax_p0"
psql:pspadm_analyze_2.sql:49: INFO:  "psp_tax_p0": scanned 30000 of 13322283 pages, containing 897726 live rows and 279 dead rows; 30000 rows in sample, 398658661 estimated total rows
psql:pspadm_analyze_2.sql:49: INFO:  analyzing "pspadm.psp_tax_p1"
psql:pspadm_analyze_2.sql:49: INFO:  "psp_tax_p1": scanned 30000 of 13642960 pages, containing 897950 live rows and 0 dead rows; 30000 rows in sample, 408356531 estimated total rows
psql:pspadm_analyze_2.sql:49: INFO:  analyzing "pspadm.psp_tax_p2"
psql:pspadm_analyze_2.sql:49: INFO:  "psp_tax_p2": scanned 30000 of 13505634 pages, containing 897807 live rows and 30 dead rows; 30000 rows in sample, 404181758 estimated total rows
psql:pspadm_analyze_2.sql:49: INFO:  analyzing "pspadm.psp_tax_p3"
psql:pspadm_analyze_2.sql:49: INFO:  "psp_tax_p3": scanned 30000 of 13365264 pages, containing 897932 live rows and 1 dead rows; 30000 rows in sample, 400036608 estimated total rows
psql:pspadm_analyze_2.sql:49: INFO:  analyzing "pspadm.psp_tax_p4"
psql:pspadm_analyze_2.sql:49: INFO:  "psp_tax_p4": scanned 30000 of 13492177 pages, containing 897786 live rows and 0 dead rows; 30000 rows in sample, 403769587 estimated total rows
psql:pspadm_analyze_2.sql:49: INFO:  analyzing "pspadm.psp_tax_p5"
psql:pspadm_analyze_2.sql:49: INFO:  "psp_tax_p5": scanned 30000 of 13617523 pages, containing 897863 live rows and 39 dead rows; 30000 rows in sample, 407555668 estimated total rows
psql:pspadm_analyze_2.sql:49: INFO:  analyzing "pspadm.psp_tax_p6"
psql:pspadm_analyze_2.sql:49: INFO:  "psp_tax_p6": scanned 30000 of 13138039 pages, containing 897735 live rows and 31 dead rows; 30000 rows in sample, 393149248 estimated total rows
psql:pspadm_analyze_2.sql:49: INFO:  analyzing "pspadm.psp_tax_p7"
psql:pspadm_analyze_2.sql:49: INFO:  "psp_tax_p7": scanned 30000 of 13410142 pages, containing 897780 live rows and 2 dead rows; 30000 rows in sample, 401311909 estimated total rows
psql:pspadm_analyze_2.sql:49: INFO:  analyzing "pspadm.psp_tax_p8"
psql:pspadm_analyze_2.sql:49: INFO:  "psp_tax_p8": scanned 30000 of 13639862 pages, containing 897992 live rows and 0 dead rows; 30000 rows in sample, 408282899 estimated total rows
psql:pspadm_analyze_2.sql:49: INFO:  analyzing "pspadm.psp_tax_p9"
psql:pspadm_analyze_2.sql:49: INFO:  "psp_tax_p9": scanned 30000 of 13795576 pages, containing 897981 live rows and 6 dead rows; 30000 rows in sample, 412938838 estimated total rows
psql:pspadm_analyze_2.sql:49: INFO:  analyzing "pspadm.psp_tax_p10"
psql:pspadm_analyze_2.sql:49: INFO:  "psp_tax_p10": scanned 30000 of 13234915 pages, containing 897805 live rows and 58 dead rows; 30000 rows in sample, 396079095 estimated total rows
psql:pspadm_analyze_2.sql:49: INFO:  analyzing "pspadm.psp_tax_p11"
psql:pspadm_analyze_2.sql:49: INFO:  "psp_tax_p11": scanned 30000 of 13517624 pages, containing 897797 live rows and 49 dead rows; 30000 rows in sample, 404536076 estimated total rows
psql:pspadm_analyze_2.sql:49: INFO:  analyzing "pspadm.psp_tax_p12"
psql:pspadm_analyze_2.sql:49: INFO:  "psp_tax_p12": scanned 30000 of 13512357 pages, containing 897898 live rows and 66 dead rows; 30000 rows in sample, 404423944 estimated total rows
psql:pspadm_analyze_2.sql:49: INFO:  analyzing "pspadm.psp_tax_p13"
psql:pspadm_analyze_2.sql:49: INFO:  "psp_tax_p13": scanned 30000 of 13488421 pages, containing 897851 live rows and 46 dead rows; 30000 rows in sample, 403686409 estimated total rows
psql:pspadm_analyze_2.sql:49: INFO:  analyzing "pspadm.psp_tax_p14"
psql:pspadm_analyze_2.sql:49: INFO:  "psp_tax_p14": scanned 30000 of 13155742 pages, containing 897983 live rows and 29 dead rows; 30000 rows in sample, 393787756 estimated total rows
psql:pspadm_analyze_2.sql:49: INFO:  analyzing "pspadm.psp_tax_p15"
psql:pspadm_analyze_2.sql:49: INFO:  "psp_tax_p15": scanned 30000 of 13453049 pages, containing 897813 live rows and 69 dead rows; 30000 rows in sample, 402610743 estimated total rows
ANALYZE
Time: 516188.406 ms (08:36.188)
