Timing is on.
set search_path to pspadm;
SET
Time: 0.384 ms
analyze (verbose) pspadm.psp_qbdt_paycheck_info_p0;
psql:pspadm_analyze_4.sql:3: INFO:  analyzing "pspadm.psp_qbdt_paycheck_info_p0"
psql:pspadm_analyze_4.sql:3: INFO:  "psp_qbdt_paycheck_info_p0": scanned 30000 of 3537689 pages, containing 866463 live rows and 2755 dead rows; 30000 rows in sample, 102175887 estimated total rows
ANALYZE
Time: 30724.265 ms (00:30.724)
analyze (verbose) pspadm.psp_qbdt_paycheck_info_p1;
psql:pspadm_analyze_4.sql:4: INFO:  analyzing "pspadm.psp_qbdt_paycheck_info_p1"
psql:pspadm_analyze_4.sql:4: INFO:  "psp_qbdt_paycheck_info_p1": scanned 30000 of 3584013 pages, containing 866746 live rows and 2895 dead rows; 30000 rows in sample, 103547631 estimated total rows
ANALYZE
Time: 31115.741 ms (00:31.116)
analyze (verbose) pspadm.psp_qbdt_paycheck_info_p2;
psql:pspadm_analyze_4.sql:5: INFO:  analyzing "pspadm.psp_qbdt_paycheck_info_p2"
psql:pspadm_analyze_4.sql:5: INFO:  "psp_qbdt_paycheck_info_p2": scanned 30000 of 3588106 pages, containing 867185 live rows and 2923 dead rows; 30000 rows in sample, 103718390 estimated total rows
ANALYZE
Time: 30608.949 ms (00:30.609)
analyze (verbose) pspadm.psp_qbdt_paycheck_info_p3;
psql:pspadm_analyze_4.sql:6: INFO:  analyzing "pspadm.psp_qbdt_paycheck_info_p3"
psql:pspadm_analyze_4.sql:6: INFO:  "psp_qbdt_paycheck_info_p3": scanned 30000 of 3556104 pages, containing 866671 live rows and 3327 dead rows; 30000 rows in sample, 102732407 estimated total rows
ANALYZE
Time: 30764.350 ms (00:30.764)
analyze (verbose) pspadm.psp_qbdt_paycheck_info_p4;
psql:pspadm_analyze_4.sql:7: INFO:  analyzing "pspadm.psp_qbdt_paycheck_info_p4"
psql:pspadm_analyze_4.sql:7: INFO:  "psp_qbdt_paycheck_info_p4": scanned 30000 of 3613974 pages, containing 867682 live rows and 3201 dead rows; 30000 rows in sample, 104526006 estimated total rows
ANALYZE
Time: 30065.834 ms (00:30.066)
analyze (verbose) pspadm.psp_qbdt_paycheck_info_p5;
psql:pspadm_analyze_4.sql:8: INFO:  analyzing "pspadm.psp_qbdt_paycheck_info_p5"
psql:pspadm_analyze_4.sql:8: INFO:  "psp_qbdt_paycheck_info_p5": scanned 30000 of 3608073 pages, containing 866859 live rows and 2855 dead rows; 30000 rows in sample, 104256352 estimated total rows
ANALYZE
Time: 30662.066 ms (00:30.662)
analyze (verbose) pspadm.psp_qbdt_paycheck_info_p6;
psql:pspadm_analyze_4.sql:9: INFO:  analyzing "pspadm.psp_qbdt_paycheck_info_p6"
psql:pspadm_analyze_4.sql:9: INFO:  "psp_qbdt_paycheck_info_p6": scanned 30000 of 3514902 pages, containing 867227 live rows and 3249 dead rows; 30000 rows in sample, 101607264 estimated total rows
ANALYZE
Time: 30288.298 ms (00:30.288)
analyze (verbose) pspadm.psp_qbdt_paycheck_info_p7;
psql:pspadm_analyze_4.sql:10: INFO:  analyzing "pspadm.psp_qbdt_paycheck_info_p7"
psql:pspadm_analyze_4.sql:10: INFO:  "psp_qbdt_paycheck_info_p7": scanned 30000 of 3599876 pages, containing 865763 live rows and 3036 dead rows; 30000 rows in sample, 103887982 estimated total rows
ANALYZE
Time: 31453.075 ms (00:31.453)
analyze (verbose) pspadm.psp_qbdt_paycheck_info_p8;
psql:pspadm_analyze_4.sql:11: INFO:  analyzing "pspadm.psp_qbdt_paycheck_info_p8"
psql:pspadm_analyze_4.sql:11: INFO:  "psp_qbdt_paycheck_info_p8": scanned 30000 of 3579398 pages, containing 867246 live rows and 2520 dead rows; 30000 rows in sample, 103473953 estimated total rows
ANALYZE
Time: 30942.003 ms (00:30.942)
analyze (verbose) pspadm.psp_qbdt_paycheck_info_p9;
psql:pspadm_analyze_4.sql:12: INFO:  analyzing "pspadm.psp_qbdt_paycheck_info_p9"
psql:pspadm_analyze_4.sql:12: INFO:  "psp_qbdt_paycheck_info_p9": scanned 30000 of 3595939 pages, containing 865785 live rows and 0 dead rows; 30000 rows in sample, 103777002 estimated total rows
ANALYZE
Time: 31087.654 ms (00:31.088)
analyze (verbose) pspadm.psp_qbdt_paycheck_info_p10;
psql:pspadm_analyze_4.sql:13: INFO:  analyzing "pspadm.psp_qbdt_paycheck_info_p10"
psql:pspadm_analyze_4.sql:13: INFO:  "psp_qbdt_paycheck_info_p10": scanned 30000 of 3544343 pages, containing 867558 live rows and 2392 dead rows; 30000 rows in sample, 102497437 estimated total rows
ANALYZE
Time: 30746.931 ms (00:30.747)
analyze (verbose) pspadm.psp_qbdt_paycheck_info_p11;
psql:pspadm_analyze_4.sql:14: INFO:  analyzing "pspadm.psp_qbdt_paycheck_info_p11"
psql:pspadm_analyze_4.sql:14: INFO:  "psp_qbdt_paycheck_info_p11": scanned 30000 of 3582723 pages, containing 866097 live rows and 3170 dead rows; 30000 rows in sample, 103432855 estimated total rows
ANALYZE
Time: 31089.314 ms (00:31.089)
analyze (verbose) pspadm.psp_qbdt_paycheck_info_p12;
psql:pspadm_analyze_4.sql:15: INFO:  analyzing "pspadm.psp_qbdt_paycheck_info_p12"
psql:pspadm_analyze_4.sql:15: INFO:  "psp_qbdt_paycheck_info_p12": scanned 30000 of 3567364 pages, containing 866892 live rows and 77 dead rows; 30000 rows in sample, 103083977 estimated total rows
ANALYZE
Time: 30183.530 ms (00:30.184)
analyze (verbose) pspadm.psp_qbdt_paycheck_info_p13;
psql:pspadm_analyze_4.sql:16: INFO:  analyzing "pspadm.psp_qbdt_paycheck_info_p13"
psql:pspadm_analyze_4.sql:16: INFO:  "psp_qbdt_paycheck_info_p13": scanned 30000 of 3594778 pages, containing 866669 live rows and 2532 dead rows; 30000 rows in sample, 103849422 estimated total rows
ANALYZE
Time: 30835.157 ms (00:30.835)
analyze (verbose) pspadm.psp_qbdt_paycheck_info_p14;
psql:pspadm_analyze_4.sql:17: INFO:  analyzing "pspadm.psp_qbdt_paycheck_info_p14"
psql:pspadm_analyze_4.sql:17: INFO:  "psp_qbdt_paycheck_info_p14": scanned 30000 of 3506695 pages, containing 865835 live rows and 3444 dead rows; 30000 rows in sample, 101207309 estimated total rows
ANALYZE
Time: 30401.471 ms (00:30.401)
analyze (verbose) pspadm.psp_qbdt_paycheck_info_p15;
psql:pspadm_analyze_4.sql:18: INFO:  analyzing "pspadm.psp_qbdt_paycheck_info_p15"
psql:pspadm_analyze_4.sql:18: INFO:  "psp_qbdt_paycheck_info_p15": scanned 30000 of 3584792 pages, containing 866732 live rows and 2789 dead rows; 30000 rows in sample, 103568465 estimated total rows
ANALYZE
Time: 30527.103 ms (00:30.527)
analyze (verbose) pspadm.psp_qbdt_paycheck_info;
psql:pspadm_analyze_4.sql:19: INFO:  analyzing "pspadm.psp_qbdt_paycheck_info" inheritance tree
psql:pspadm_analyze_4.sql:19: INFO:  "psp_qbdt_paycheck_info_p0": scanned 1857 of 3537689 pages, containing 53567 live rows and 193 dead rows; 1857 rows in sample, 102048135 estimated total rows
psql:pspadm_analyze_4.sql:19: INFO:  "psp_qbdt_paycheck_info_p1": scanned 1881 of 3584013 pages, containing 54336 live rows and 153 dead rows; 1881 rows in sample, 103530532 estimated total rows
psql:pspadm_analyze_4.sql:19: INFO:  "psp_qbdt_paycheck_info_p2": scanned 1883 of 3588106 pages, containing 54414 live rows and 144 dead rows; 1883 rows in sample, 103687307 estimated total rows
psql:pspadm_analyze_4.sql:19: INFO:  "psp_qbdt_paycheck_info_p3": scanned 1866 of 3556104 pages, containing 53922 live rows and 173 dead rows; 1866 rows in sample, 102761115 estimated total rows
psql:pspadm_analyze_4.sql:19: INFO:  "psp_qbdt_paycheck_info_p4": scanned 1897 of 3613974 pages, containing 54984 live rows and 159 dead rows; 1897 rows in sample, 104749998 estimated total rows
psql:pspadm_analyze_4.sql:19: INFO:  "psp_qbdt_paycheck_info_p5": scanned 1894 of 3608073 pages, containing 54709 live rows and 183 dead rows; 1894 rows in sample, 104220732 estimated total rows
psql:pspadm_analyze_4.sql:19: INFO:  "psp_qbdt_paycheck_info_p6": scanned 1845 of 3514902 pages, containing 53350 live rows and 174 dead rows; 1845 rows in sample, 101636868 estimated total rows
psql:pspadm_analyze_4.sql:19: INFO:  "psp_qbdt_paycheck_info_p7": scanned 1889 of 3599876 pages, containing 54547 live rows and 206 dead rows; 1889 rows in sample, 103950469 estimated total rows
psql:pspadm_analyze_4.sql:19: INFO:  "psp_qbdt_paycheck_info_p8": scanned 1879 of 3579398 pages, containing 54288 live rows and 201 dead rows; 1879 rows in sample, 103415837 estimated total rows
psql:pspadm_analyze_4.sql:19: INFO:  "psp_qbdt_paycheck_info_p9": scanned 1887 of 3595939 pages, containing 54492 live rows and 0 dead rows; 1887 rows in sample, 103842029 estimated total rows
psql:pspadm_analyze_4.sql:19: INFO:  "psp_qbdt_paycheck_info_p10": scanned 1860 of 3544343 pages, containing 53810 live rows and 114 dead rows; 1860 rows in sample, 102538224 estimated total rows
psql:pspadm_analyze_4.sql:19: INFO:  "psp_qbdt_paycheck_info_p11": scanned 1880 of 3582723 pages, containing 54346 live rows and 145 dead rows; 1880 rows in sample, 103567375 estimated total rows
psql:pspadm_analyze_4.sql:19: INFO:  "psp_qbdt_paycheck_info_p12": scanned 1872 of 3567364 pages, containing 54146 live rows and 2 dead rows; 1872 rows in sample, 103182955 estimated total rows
psql:pspadm_analyze_4.sql:19: INFO:  "psp_qbdt_paycheck_info_p13": scanned 1887 of 3594778 pages, containing 54433 live rows and 155 dead rows; 1887 rows in sample, 103696105 estimated total rows
psql:pspadm_analyze_4.sql:19: INFO:  "psp_qbdt_paycheck_info_p14": scanned 1841 of 3506695 pages, containing 53018 live rows and 372 dead rows; 1841 rows in sample, 100987483 estimated total rows
psql:pspadm_analyze_4.sql:19: INFO:  "psp_qbdt_paycheck_info_p15": scanned 1881 of 3584792 pages, containing 54301 live rows and 144 dead rows; 1881 rows in sample, 103486332 estimated total rows
psql:pspadm_analyze_4.sql:19: INFO:  analyzing "pspadm.psp_qbdt_paycheck_info_p0"
psql:pspadm_analyze_4.sql:19: INFO:  "psp_qbdt_paycheck_info_p0": scanned 30000 of 3537689 pages, containing 866301 live rows and 2879 dead rows; 30000 rows in sample, 102156784 estimated total rows
psql:pspadm_analyze_4.sql:19: INFO:  analyzing "pspadm.psp_qbdt_paycheck_info_p1"
psql:pspadm_analyze_4.sql:19: INFO:  "psp_qbdt_paycheck_info_p1": scanned 30000 of 3584013 pages, containing 866772 live rows and 2889 dead rows; 30000 rows in sample, 103550737 estimated total rows
psql:pspadm_analyze_4.sql:19: INFO:  analyzing "pspadm.psp_qbdt_paycheck_info_p2"
psql:pspadm_analyze_4.sql:19: INFO:  "psp_qbdt_paycheck_info_p2": scanned 30000 of 3588106 pages, containing 866670 live rows and 3114 dead rows; 30000 rows in sample, 103656794 estimated total rows
psql:pspadm_analyze_4.sql:19: INFO:  analyzing "pspadm.psp_qbdt_paycheck_info_p3"
psql:pspadm_analyze_4.sql:19: INFO:  "psp_qbdt_paycheck_info_p3": scanned 30000 of 3556104 pages, containing 866511 live rows and 3257 dead rows; 30000 rows in sample, 102713441 estimated total rows
psql:pspadm_analyze_4.sql:19: INFO:  analyzing "pspadm.psp_qbdt_paycheck_info_p4"
psql:pspadm_analyze_4.sql:19: INFO:  "psp_qbdt_paycheck_info_p4": scanned 30000 of 3613974 pages, containing 867574 live rows and 3203 dead rows; 30000 rows in sample, 104512996 estimated total rows
psql:pspadm_analyze_4.sql:19: INFO:  analyzing "pspadm.psp_qbdt_paycheck_info_p5"
psql:pspadm_analyze_4.sql:19: INFO:  "psp_qbdt_paycheck_info_p5": scanned 30000 of 3608073 pages, containing 867128 live rows and 3030 dead rows; 30000 rows in sample, 104288704 estimated total rows
psql:pspadm_analyze_4.sql:19: INFO:  analyzing "pspadm.psp_qbdt_paycheck_info_p6"
psql:pspadm_analyze_4.sql:19: INFO:  "psp_qbdt_paycheck_info_p6": scanned 30000 of 3514902 pages, containing 866737 live rows and 2797 dead rows; 30000 rows in sample, 101549854 estimated total rows
psql:pspadm_analyze_4.sql:19: INFO:  analyzing "pspadm.psp_qbdt_paycheck_info_p7"
psql:pspadm_analyze_4.sql:19: INFO:  "psp_qbdt_paycheck_info_p7": scanned 30000 of 3599876 pages, containing 865526 live rows and 2980 dead rows; 30000 rows in sample, 103859542 estimated total rows
psql:pspadm_analyze_4.sql:19: INFO:  analyzing "pspadm.psp_qbdt_paycheck_info_p8"
psql:pspadm_analyze_4.sql:19: INFO:  "psp_qbdt_paycheck_info_p8": scanned 30000 of 3579398 pages, containing 866863 live rows and 3236 dead rows; 30000 rows in sample, 103428256 estimated total rows
psql:pspadm_analyze_4.sql:19: INFO:  analyzing "pspadm.psp_qbdt_paycheck_info_p9"
psql:pspadm_analyze_4.sql:19: INFO:  "psp_qbdt_paycheck_info_p9": scanned 30000 of 3595939 pages, containing 865563 live rows and 0 dead rows; 30000 rows in sample, 103750392 estimated total rows
psql:pspadm_analyze_4.sql:19: INFO:  analyzing "pspadm.psp_qbdt_paycheck_info_p10"
psql:pspadm_analyze_4.sql:19: INFO:  "psp_qbdt_paycheck_info_p10": scanned 30000 of 3544343 pages, containing 867386 live rows and 2457 dead rows; 30000 rows in sample, 102477117 estimated total rows
psql:pspadm_analyze_4.sql:19: INFO:  analyzing "pspadm.psp_qbdt_paycheck_info_p11"
psql:pspadm_analyze_4.sql:19: INFO:  "psp_qbdt_paycheck_info_p11": scanned 30000 of 3582723 pages, containing 865949 live rows and 3150 dead rows; 30000 rows in sample, 103415180 estimated total rows
psql:pspadm_analyze_4.sql:19: INFO:  analyzing "pspadm.psp_qbdt_paycheck_info_p12"
psql:pspadm_analyze_4.sql:19: INFO:  "psp_qbdt_paycheck_info_p12": scanned 30000 of 3567364 pages, containing 867165 live rows and 39 dead rows; 30000 rows in sample, 103116440 estimated total rows
psql:pspadm_analyze_4.sql:19: INFO:  analyzing "pspadm.psp_qbdt_paycheck_info_p13"
psql:pspadm_analyze_4.sql:19: INFO:  "psp_qbdt_paycheck_info_p13": scanned 30000 of 3594778 pages, containing 867171 live rows and 2866 dead rows; 30000 rows in sample, 103909574 estimated total rows
psql:pspadm_analyze_4.sql:19: INFO:  analyzing "pspadm.psp_qbdt_paycheck_info_p14"
psql:pspadm_analyze_4.sql:19: INFO:  "psp_qbdt_paycheck_info_p14": scanned 30000 of 3506695 pages, containing 866094 live rows and 2974 dead rows; 30000 rows in sample, 101237583 estimated total rows
psql:pspadm_analyze_4.sql:19: INFO:  analyzing "pspadm.psp_qbdt_paycheck_info_p15"
psql:pspadm_analyze_4.sql:19: INFO:  "psp_qbdt_paycheck_info_p15": scanned 30000 of 3584792 pages, containing 866893 live rows and 2634 dead rows; 30000 rows in sample, 103587703 estimated total rows
ANALYZE
Time: 516312.422 ms (08:36.312)
analyze (verbose) pspadm.psp_paystub_p0;
psql:pspadm_analyze_4.sql:20: INFO:  analyzing "pspadm.psp_paystub_p0"
psql:pspadm_analyze_4.sql:20: INFO:  "psp_paystub_p0": scanned 30000 of 6713002 pages, containing 629959 live rows and 0 dead rows; 30000 rows in sample, 140963868 estimated total rows
ANALYZE
Time: 29224.516 ms (00:29.225)
analyze (verbose) pspadm.psp_paystub_p1;
psql:pspadm_analyze_4.sql:21: INFO:  analyzing "pspadm.psp_paystub_p1"
psql:pspadm_analyze_4.sql:21: INFO:  "psp_paystub_p1": scanned 30000 of 6770258 pages, containing 630253 live rows and 0 dead rows; 30000 rows in sample, 142232514 estimated total rows
ANALYZE
Time: 29846.458 ms (00:29.846)
analyze (verbose) pspadm.psp_paystub_p2;
psql:pspadm_analyze_4.sql:22: INFO:  analyzing "pspadm.psp_paystub_p2"
psql:pspadm_analyze_4.sql:22: INFO:  "psp_paystub_p2": scanned 30000 of 6612998 pages, containing 630658 live rows and 2555 dead rows; 30000 rows in sample, 139018003 estimated total rows
ANALYZE
Time: 29987.839 ms (00:29.988)
analyze (verbose) pspadm.psp_paystub_p3;
psql:pspadm_analyze_4.sql:23: INFO:  analyzing "pspadm.psp_paystub_p3"
psql:pspadm_analyze_4.sql:23: INFO:  "psp_paystub_p3": scanned 30000 of 6692923 pages, containing 630425 live rows and 0 dead rows; 30000 rows in sample, 140646199 estimated total rows
ANALYZE
Time: 29191.286 ms (00:29.191)
analyze (verbose) pspadm.psp_paystub;
psql:pspadm_analyze_4.sql:24: INFO:  analyzing "pspadm.psp_paystub" inheritance tree
psql:pspadm_analyze_4.sql:24: INFO:  "psp_paystub_p0": scanned 7518 of 6713002 pages, containing 157987 live rows and 0 dead rows; 7518 rows in sample, 141070371 estimated total rows
psql:pspadm_analyze_4.sql:24: INFO:  "psp_paystub_p1": scanned 7582 of 6770258 pages, containing 159311 live rows and 0 dead rows; 7582 rows in sample, 142254890 estimated total rows
psql:pspadm_analyze_4.sql:24: INFO:  "psp_paystub_p2": scanned 7406 of 6612998 pages, containing 155609 live rows and 661 dead rows; 7406 rows in sample, 138947071 estimated total rows
psql:pspadm_analyze_4.sql:24: INFO:  "psp_paystub_p3": scanned 7494 of 6692923 pages, containing 157412 live rows and 0 dead rows; 7494 rows in sample, 140585321 estimated total rows
psql:pspadm_analyze_4.sql:24: INFO:  analyzing "pspadm.psp_paystub_p0"
psql:pspadm_analyze_4.sql:24: INFO:  "psp_paystub_p0": scanned 30000 of 6713002 pages, containing 630400 live rows and 0 dead rows; 30000 rows in sample, 141062549 estimated total rows
psql:pspadm_analyze_4.sql:24: INFO:  analyzing "pspadm.psp_paystub_p1"
psql:pspadm_analyze_4.sql:24: INFO:  "psp_paystub_p1": scanned 30000 of 6770258 pages, containing 630220 live rows and 4 dead rows; 30000 rows in sample, 142225067 estimated total rows
psql:pspadm_analyze_4.sql:24: INFO:  analyzing "pspadm.psp_paystub_p2"
psql:pspadm_analyze_4.sql:24: INFO:  "psp_paystub_p2": scanned 30000 of 6612998 pages, containing 630383 live rows and 2745 dead rows; 30000 rows in sample, 138957384 estimated total rows
psql:pspadm_analyze_4.sql:24: INFO:  analyzing "pspadm.psp_paystub_p3"
psql:pspadm_analyze_4.sql:24: INFO:  "psp_paystub_p3": scanned 30000 of 6692923 pages, containing 630270 live rows and 0 dead rows; 30000 rows in sample, 140611619 estimated total rows
ANALYZE
Time: 147818.519 ms (02:27.819)
analyze (verbose) pspadm.psp_entitlement_message_2012;
psql:pspadm_analyze_4.sql:25: INFO:  analyzing "pspadm.psp_entitlement_message_2012"
psql:pspadm_analyze_4.sql:25: INFO:  "psp_entitlement_message_2012": scanned 30000 of 180020 pages, containing 349776 live rows and 0 dead rows; 30000 rows in sample, 2098889 estimated total rows
ANALYZE
Time: 28621.651 ms (00:28.622)
analyze (verbose) pspadm.psp_entitlement_message_2013;
psql:pspadm_analyze_4.sql:26: INFO:  analyzing "pspadm.psp_entitlement_message_2013"
psql:pspadm_analyze_4.sql:26: INFO:  "psp_entitlement_message_2013": scanned 30000 of 450521 pages, containing 355436 live rows and 0 dead rows; 30000 rows in sample, 5337713 estimated total rows
ANALYZE
Time: 28953.025 ms (00:28.953)
analyze (verbose) pspadm.psp_entitlement_message_2014;
psql:pspadm_analyze_4.sql:27: INFO:  analyzing "pspadm.psp_entitlement_message_2014"
psql:pspadm_analyze_4.sql:27: INFO:  "psp_entitlement_message_2014": scanned 30000 of 599777 pages, containing 324905 live rows and 2 dead rows; 30000 rows in sample, 6495685 estimated total rows
ANALYZE
Time: 28837.036 ms (00:28.837)
analyze (verbose) pspadm.psp_entitlement_message_2015;
psql:pspadm_analyze_4.sql:28: INFO:  analyzing "pspadm.psp_entitlement_message_2015"
psql:pspadm_analyze_4.sql:28: INFO:  "psp_entitlement_message_2015": scanned 30000 of 617035 pages, containing 346861 live rows and 7 dead rows; 30000 rows in sample, 7134179 estimated total rows
ANALYZE
Time: 30285.974 ms (00:30.286)
analyze (verbose) pspadm.psp_entitlement_message_2016;
psql:pspadm_analyze_4.sql:29: INFO:  analyzing "pspadm.psp_entitlement_message_2016"
psql:pspadm_analyze_4.sql:29: INFO:  "psp_entitlement_message_2016": scanned 30000 of 604231 pages, containing 355804 live rows and 7 dead rows; 30000 rows in sample, 7166260 estimated total rows
ANALYZE
Time: 30244.147 ms (00:30.244)
analyze (verbose) pspadm.psp_entitlement_message_2017;
psql:pspadm_analyze_4.sql:30: INFO:  analyzing "pspadm.psp_entitlement_message_2017"
psql:pspadm_analyze_4.sql:30: INFO:  "psp_entitlement_message_2017": scanned 30000 of 622795 pages, containing 365141 live rows and 16 dead rows; 30000 rows in sample, 7580266 estimated total rows
ANALYZE
Time: 29857.906 ms (00:29.858)
analyze (verbose) pspadm.psp_entitlement_message_2018;
psql:pspadm_analyze_4.sql:31: INFO:  analyzing "pspadm.psp_entitlement_message_2018"
psql:pspadm_analyze_4.sql:31: INFO:  "psp_entitlement_message_2018": scanned 30000 of 573471 pages, containing 380284 live rows and 41 dead rows; 30000 rows in sample, 7269395 estimated total rows
ANALYZE
Time: 29269.132 ms (00:29.269)
analyze (verbose) pspadm.psp_entitlement_message_2019;
psql:pspadm_analyze_4.sql:32: INFO:  analyzing "pspadm.psp_entitlement_message_2019"
psql:pspadm_analyze_4.sql:32: INFO:  "psp_entitlement_message_2019": scanned 30000 of 560130 pages, containing 386149 live rows and 40 dead rows; 30000 rows in sample, 7209788 estimated total rows
ANALYZE
Time: 29924.422 ms (00:29.924)
analyze (verbose) pspadm.psp_entitlement_message_2020;
psql:pspadm_analyze_4.sql:33: INFO:  analyzing "pspadm.psp_entitlement_message_2020"
psql:pspadm_analyze_4.sql:33: INFO:  "psp_entitlement_message_2020": scanned 30000 of 568229 pages, containing 390063 live rows and 53 dead rows; 30000 rows in sample, 7388170 estimated total rows
ANALYZE
Time: 29489.322 ms (00:29.489)
analyze (verbose) pspadm.psp_entitlement_message_2021;
psql:pspadm_analyze_4.sql:34: INFO:  analyzing "pspadm.psp_entitlement_message_2021"
psql:pspadm_analyze_4.sql:34: INFO:  "psp_entitlement_message_2021": scanned 30000 of 578648 pages, containing 424708 live rows and 1372 dead rows; 30000 rows in sample, 8191881 estimated total rows
ANALYZE
Time: 29446.797 ms (00:29.447)
analyze (verbose) pspadm.psp_entitlement_message_2022;
psql:pspadm_analyze_4.sql:35: INFO:  analyzing "pspadm.psp_entitlement_message_2022"
psql:pspadm_analyze_4.sql:35: INFO:  "psp_entitlement_message_2022": scanned 30000 of 871782 pages, containing 331048 live rows and 1753 dead rows; 30000 rows in sample, 9620056 estimated total rows
ANALYZE
Time: 29159.069 ms (00:29.159)
analyze (verbose) pspadm.psp_entitlement_message_2023;
psql:pspadm_analyze_4.sql:36: INFO:  analyzing "pspadm.psp_entitlement_message_2023"
psql:pspadm_analyze_4.sql:36: INFO:  "psp_entitlement_message_2023": scanned 30000 of 428230 pages, containing 274105 live rows and 0 dead rows; 30000 rows in sample, 3912666 estimated total rows
ANALYZE
Time: 26294.661 ms (00:26.295)
analyze (verbose) pspadm.psp_entitlement_message_2024;
psql:pspadm_analyze_4.sql:37: INFO:  analyzing "pspadm.psp_entitlement_message_2024"
psql:pspadm_analyze_4.sql:37: INFO:  "psp_entitlement_message_2024": scanned 0 of 0 pages, containing 0 live rows and 0 dead rows; 0 rows in sample, 0 estimated total rows
ANALYZE
Time: 0.750 ms
analyze (verbose) pspadm.psp_entitlement_message_2025;
psql:pspadm_analyze_4.sql:38: INFO:  analyzing "pspadm.psp_entitlement_message_2025"
psql:pspadm_analyze_4.sql:38: INFO:  "psp_entitlement_message_2025": scanned 0 of 0 pages, containing 0 live rows and 0 dead rows; 0 rows in sample, 0 estimated total rows
ANALYZE
Time: 0.648 ms
analyze (verbose) pspadm.psp_entitlement_message_2026;
psql:pspadm_analyze_4.sql:39: INFO:  analyzing "pspadm.psp_entitlement_message_2026"
psql:pspadm_analyze_4.sql:39: INFO:  "psp_entitlement_message_2026": scanned 0 of 0 pages, containing 0 live rows and 0 dead rows; 0 rows in sample, 0 estimated total rows
ANALYZE
Time: 0.601 ms
analyze (verbose) pspadm.psp_entitlement_message;
psql:pspadm_analyze_4.sql:40: INFO:  analyzing "pspadm.psp_entitlement_message" inheritance tree
psql:pspadm_analyze_4.sql:40: INFO:  "psp_entitlement_message_2012": scanned 812 of 180020 pages, containing 9533 live rows and 0 dead rows; 812 rows in sample, 2113461 estimated total rows
psql:pspadm_analyze_4.sql:40: INFO:  "psp_entitlement_message_2013": scanned 2031 of 450521 pages, containing 24052 live rows and 0 dead rows; 2031 rows in sample, 5335269 estimated total rows
psql:pspadm_analyze_4.sql:40: INFO:  "psp_entitlement_message_2014": scanned 2704 of 599777 pages, containing 29346 live rows and 0 dead rows; 2704 rows in sample, 6509266 estimated total rows
psql:pspadm_analyze_4.sql:40: INFO:  "psp_entitlement_message_2015": scanned 2782 of 617035 pages, containing 32121 live rows and 0 dead rows; 2782 rows in sample, 7124292 estimated total rows
psql:pspadm_analyze_4.sql:40: INFO:  "psp_entitlement_message_2016": scanned 2724 of 604231 pages, containing 32468 live rows and 0 dead rows; 2724 rows in sample, 7201972 estimated total rows
psql:pspadm_analyze_4.sql:40: INFO:  "psp_entitlement_message_2017": scanned 2808 of 622795 pages, containing 34073 live rows and 2 dead rows; 2808 rows in sample, 7557156 estimated total rows
psql:pspadm_analyze_4.sql:40: INFO:  "psp_entitlement_message_2018": scanned 2585 of 573471 pages, containing 32819 live rows and 0 dead rows; 2585 rows in sample, 7280752 estimated total rows
psql:pspadm_analyze_4.sql:40: INFO:  "psp_entitlement_message_2019": scanned 2525 of 560130 pages, containing 32689 live rows and 0 dead rows; 2525 rows in sample, 7251521 estimated total rows
psql:pspadm_analyze_4.sql:40: INFO:  "psp_entitlement_message_2020": scanned 2562 of 568229 pages, containing 33395 live rows and 10 dead rows; 2562 rows in sample, 7406716 estimated total rows
psql:pspadm_analyze_4.sql:40: INFO:  "psp_entitlement_message_2021": scanned 2609 of 578648 pages, containing 36934 live rows and 91 dead rows; 2609 rows in sample, 8191562 estimated total rows
psql:pspadm_analyze_4.sql:40: INFO:  "psp_entitlement_message_2022": scanned 3930 of 871782 pages, containing 43208 live rows and 384 dead rows; 3930 rows in sample, 9584722 estimated total rows
psql:pspadm_analyze_4.sql:40: INFO:  "psp_entitlement_message_2023": scanned 1928 of 428230 pages, containing 17781 live rows and 0 dead rows; 1928 rows in sample, 3949356 estimated total rows
psql:pspadm_analyze_4.sql:40: INFO:  analyzing "pspadm.psp_entitlement_message_2012"
psql:pspadm_analyze_4.sql:40: INFO:  "psp_entitlement_message_2012": scanned 30000 of 180020 pages, containing 349794 live rows and 0 dead rows; 30000 rows in sample, 2098997 estimated total rows
psql:pspadm_analyze_4.sql:40: INFO:  analyzing "pspadm.psp_entitlement_message_2013"
psql:pspadm_analyze_4.sql:40: INFO:  "psp_entitlement_message_2013": scanned 30000 of 450521 pages, containing 354689 live rows and 0 dead rows; 30000 rows in sample, 5326495 estimated total rows
psql:pspadm_analyze_4.sql:40: INFO:  analyzing "pspadm.psp_entitlement_message_2014"
psql:pspadm_analyze_4.sql:40: INFO:  "psp_entitlement_message_2014": scanned 30000 of 599777 pages, containing 324988 live rows and 6 dead rows; 30000 rows in sample, 6497344 estimated total rows
psql:pspadm_analyze_4.sql:40: INFO:  analyzing "pspadm.psp_entitlement_message_2015"
psql:pspadm_analyze_4.sql:40: INFO:  "psp_entitlement_message_2015": scanned 30000 of 617035 pages, containing 347723 live rows and 12 dead rows; 30000 rows in sample, 7151909 estimated total rows
psql:pspadm_analyze_4.sql:40: INFO:  analyzing "pspadm.psp_entitlement_message_2016"
psql:pspadm_analyze_4.sql:40: INFO:  "psp_entitlement_message_2016": scanned 30000 of 604231 pages, containing 356321 live rows and 5 dead rows; 30000 rows in sample, 7176673 estimated total rows
psql:pspadm_analyze_4.sql:40: INFO:  analyzing "pspadm.psp_entitlement_message_2017"
psql:pspadm_analyze_4.sql:40: INFO:  "psp_entitlement_message_2017": scanned 30000 of 622795 pages, containing 365210 live rows and 18 dead rows; 30000 rows in sample, 7581699 estimated total rows
psql:pspadm_analyze_4.sql:40: INFO:  analyzing "pspadm.psp_entitlement_message_2018"
psql:pspadm_analyze_4.sql:40: INFO:  "psp_entitlement_message_2018": scanned 30000 of 573471 pages, containing 380334 live rows and 41 dead rows; 30000 rows in sample, 7270351 estimated total rows
psql:pspadm_analyze_4.sql:40: INFO:  analyzing "pspadm.psp_entitlement_message_2019"
psql:pspadm_analyze_4.sql:40: INFO:  "psp_entitlement_message_2019": scanned 30000 of 560130 pages, containing 387257 live rows and 52 dead rows; 30000 rows in sample, 7230475 estimated total rows
psql:pspadm_analyze_4.sql:40: INFO:  analyzing "pspadm.psp_entitlement_message_2020"
psql:pspadm_analyze_4.sql:40: INFO:  "psp_entitlement_message_2020": scanned 30000 of 568229 pages, containing 389985 live rows and 65 dead rows; 30000 rows in sample, 7386693 estimated total rows
psql:pspadm_analyze_4.sql:40: INFO:  analyzing "pspadm.psp_entitlement_message_2021"
psql:pspadm_analyze_4.sql:40: INFO:  "psp_entitlement_message_2021": scanned 30000 of 578648 pages, containing 425231 live rows and 1987 dead rows; 30000 rows in sample, 8201969 estimated total rows
psql:pspadm_analyze_4.sql:40: INFO:  analyzing "pspadm.psp_entitlement_message_2022"
psql:pspadm_analyze_4.sql:40: INFO:  "psp_entitlement_message_2022": scanned 30000 of 871782 pages, containing 330612 live rows and 1812 dead rows; 30000 rows in sample, 9607386 estimated total rows
psql:pspadm_analyze_4.sql:40: INFO:  analyzing "pspadm.psp_entitlement_message_2023"
psql:pspadm_analyze_4.sql:40: INFO:  "psp_entitlement_message_2023": scanned 30000 of 428230 pages, containing 274162 live rows and 0 dead rows; 30000 rows in sample, 3913480 estimated total rows
psql:pspadm_analyze_4.sql:40: INFO:  analyzing "pspadm.psp_entitlement_message_2024"
psql:pspadm_analyze_4.sql:40: INFO:  "psp_entitlement_message_2024": scanned 0 of 0 pages, containing 0 live rows and 0 dead rows; 0 rows in sample, 0 estimated total rows
psql:pspadm_analyze_4.sql:40: INFO:  analyzing "pspadm.psp_entitlement_message_2025"
psql:pspadm_analyze_4.sql:40: INFO:  "psp_entitlement_message_2025": scanned 0 of 0 pages, containing 0 live rows and 0 dead rows; 0 rows in sample, 0 estimated total rows
psql:pspadm_analyze_4.sql:40: INFO:  analyzing "pspadm.psp_entitlement_message_2026"
psql:pspadm_analyze_4.sql:40: INFO:  "psp_entitlement_message_2026": scanned 0 of 0 pages, containing 0 live rows and 0 dead rows; 0 rows in sample, 0 estimated total rows
ANALYZE
Time: 367112.775 ms (06:07.113)
analyze (verbose) pspadm.psp_pstub_paid_timeoff_item_p0;
psql:pspadm_analyze_4.sql:41: INFO:  analyzing "pspadm.psp_pstub_paid_timeoff_item_p0"
psql:pspadm_analyze_4.sql:41: INFO:  "psp_pstub_paid_timeoff_item_p0": scanned 30000 of 5897997 pages, containing 1074846 live rows and 1429 dead rows; 30000 rows in sample, 211314616 estimated total rows
ANALYZE
Time: 29695.554 ms (00:29.696)
analyze (verbose) pspadm.psp_pstub_paid_timeoff_item_p1;
psql:pspadm_analyze_4.sql:42: INFO:  analyzing "pspadm.psp_pstub_paid_timeoff_item_p1"
psql:pspadm_analyze_4.sql:42: INFO:  "psp_pstub_paid_timeoff_item_p1": scanned 30000 of 5920775 pages, containing 1075241 live rows and 1394 dead rows; 30000 rows in sample, 212208668 estimated total rows
ANALYZE
Time: 29694.992 ms (00:29.695)
analyze (verbose) pspadm.psp_pstub_paid_timeoff_item_p2;
psql:pspadm_analyze_4.sql:43: INFO:  analyzing "pspadm.psp_pstub_paid_timeoff_item_p2"
psql:pspadm_analyze_4.sql:43: INFO:  "psp_pstub_paid_timeoff_item_p2": scanned 30000 of 5799433 pages, containing 1073046 live rows and 777 dead rows; 30000 rows in sample, 207435279 estimated total rows
ANALYZE
Time: 29559.450 ms (00:29.559)
analyze (verbose) pspadm.psp_pstub_paid_timeoff_item_p3;
psql:pspadm_analyze_4.sql:44: INFO:  analyzing "pspadm.psp_pstub_paid_timeoff_item_p3"
psql:pspadm_analyze_4.sql:44: INFO:  "psp_pstub_paid_timeoff_item_p3": scanned 30000 of 5869831 pages, containing 1073667 live rows and 896 dead rows; 30000 rows in sample, 210074795 estimated total rows
ANALYZE
Time: 29511.804 ms (00:29.512)
analyze (verbose) pspadm.psp_pstub_paid_timeoff_item;
psql:pspadm_analyze_4.sql:45: INFO:  analyzing "pspadm.psp_pstub_paid_timeoff_item" inheritance tree
psql:pspadm_analyze_4.sql:45: INFO:  "psp_pstub_paid_timeoff_item_p0": scanned 7533 of 5897997 pages, containing 269901 live rows and 433 dead rows; 7533 rows in sample, 211320229 estimated total rows
psql:pspadm_analyze_4.sql:45: INFO:  "psp_pstub_paid_timeoff_item_p1": scanned 7562 of 5920775 pages, containing 271018 live rows and 339 dead rows; 7562 rows in sample, 212197382 estimated total rows
psql:pspadm_analyze_4.sql:45: INFO:  "psp_pstub_paid_timeoff_item_p2": scanned 7407 of 5799433 pages, containing 265040 live rows and 187 dead rows; 7407 rows in sample, 207517446 estimated total rows
psql:pspadm_analyze_4.sql:45: INFO:  "psp_pstub_paid_timeoff_item_p3": scanned 7497 of 5869831 pages, containing 268351 live rows and 177 dead rows; 7497 rows in sample, 210107379 estimated total rows
psql:pspadm_analyze_4.sql:45: INFO:  analyzing "pspadm.psp_pstub_paid_timeoff_item_p0"
psql:pspadm_analyze_4.sql:45: INFO:  "psp_pstub_paid_timeoff_item_p0": scanned 30000 of 5897997 pages, containing 1074826 live rows and 1662 dead rows; 30000 rows in sample, 211310684 estimated total rows
psql:pspadm_analyze_4.sql:45: INFO:  analyzing "pspadm.psp_pstub_paid_timeoff_item_p1"
psql:pspadm_analyze_4.sql:45: INFO:  "psp_pstub_paid_timeoff_item_p1": scanned 30000 of 5920775 pages, containing 1074831 live rows and 1604 dead rows; 30000 rows in sample, 212127750 estimated total rows
psql:pspadm_analyze_4.sql:45: INFO:  analyzing "pspadm.psp_pstub_paid_timeoff_item_p2"
psql:pspadm_analyze_4.sql:45: INFO:  "psp_pstub_paid_timeoff_item_p2": scanned 30000 of 5799433 pages, containing 1073390 live rows and 736 dead rows; 30000 rows in sample, 207501780 estimated total rows
psql:pspadm_analyze_4.sql:45: INFO:  analyzing "pspadm.psp_pstub_paid_timeoff_item_p3"
psql:pspadm_analyze_4.sql:45: INFO:  "psp_pstub_paid_timeoff_item_p3": scanned 30000 of 5869831 pages, containing 1073885 live rows and 678 dead rows; 30000 rows in sample, 210117449 estimated total rows
ANALYZE
Time: 149258.075 ms (02:29.258)
analyze (verbose) pspadm.psp_company_event_detail_p0;
psql:pspadm_analyze_4.sql:46: INFO:  analyzing "pspadm.psp_company_event_detail_p0"
psql:pspadm_analyze_4.sql:46: INFO:  "psp_company_event_detail_p0": scanned 30000 of 15314968 pages, containing 953195 live rows and 68 dead rows; 30000 rows in sample, 486605031 estimated total rows
ANALYZE
Time: 30068.861 ms (00:30.069)
analyze (verbose) pspadm.psp_company_event_detail_p1;
psql:pspadm_analyze_4.sql:47: INFO:  analyzing "pspadm.psp_company_event_detail_p1"
psql:pspadm_analyze_4.sql:47: INFO:  "psp_company_event_detail_p1": scanned 30000 of 15349006 pages, containing 954074 live rows and 42 dead rows; 30000 rows in sample, 488136252 estimated total rows
ANALYZE
Time: 29928.431 ms (00:29.928)
analyze (verbose) pspadm.psp_company_event_detail_p2;
psql:pspadm_analyze_4.sql:48: INFO:  analyzing "pspadm.psp_company_event_detail_p2"
psql:pspadm_analyze_4.sql:48: INFO:  "psp_company_event_detail_p2": scanned 30000 of 15183293 pages, containing 953814 live rows and 46 dead rows; 30000 rows in sample, 482734581 estimated total rows
ANALYZE
Time: 29850.598 ms (00:29.851)
analyze (verbose) pspadm.psp_company_event_detail_p3;
psql:pspadm_analyze_4.sql:49: INFO:  analyzing "pspadm.psp_company_event_detail_p3"
psql:pspadm_analyze_4.sql:49: INFO:  "psp_company_event_detail_p3": scanned 30000 of 15267608 pages, containing 953424 live rows and 37 dead rows; 30000 rows in sample, 485216796 estimated total rows
ANALYZE
Time: 30069.286 ms (00:30.069)
analyze (verbose) pspadm.psp_company_event_detail_p4;
psql:pspadm_analyze_4.sql:50: INFO:  analyzing "pspadm.psp_company_event_detail_p4"
psql:pspadm_analyze_4.sql:50: INFO:  "psp_company_event_detail_p4": scanned 30000 of 15340037 pages, containing 953410 live rows and 19 dead rows; 30000 rows in sample, 487511489 estimated total rows
ANALYZE
Time: 29944.517 ms (00:29.945)
analyze (verbose) pspadm.psp_company_event_detail_p5;
psql:pspadm_analyze_4.sql:51: INFO:  analyzing "pspadm.psp_company_event_detail_p5"
psql:pspadm_analyze_4.sql:51: INFO:  "psp_company_event_detail_p5": scanned 30000 of 15391493 pages, containing 952840 live rows and 64 dead rows; 30000 rows in sample, 488854340 estimated total rows
ANALYZE
Time: 30107.314 ms (00:30.107)
analyze (verbose) pspadm.psp_company_event_detail_p6;
psql:pspadm_analyze_4.sql:52: INFO:  analyzing "pspadm.psp_company_event_detail_p6"
psql:pspadm_analyze_4.sql:52: INFO:  "psp_company_event_detail_p6": scanned 30000 of 15111222 pages, containing 953141 live rows and 67 dead rows; 30000 rows in sample, 480104175 estimated total rows
ANALYZE
Time: 30400.118 ms (00:30.400)
analyze (verbose) pspadm.psp_company_event_detail_p7;
psql:pspadm_analyze_4.sql:53: INFO:  analyzing "pspadm.psp_company_event_detail_p7"
psql:pspadm_analyze_4.sql:53: INFO:  "psp_company_event_detail_p7": scanned 30000 of 15268374 pages, containing 954116 live rows and 39 dead rows; 30000 rows in sample, 485593331 estimated total rows
ANALYZE
Time: 30277.423 ms (00:30.277)
analyze (verbose) pspadm.psp_company_event_detail;
psql:pspadm_analyze_4.sql:54: INFO:  analyzing "pspadm.psp_company_event_detail" inheritance tree
psql:pspadm_analyze_4.sql:54: INFO:  "psp_company_event_detail_p0": scanned 3759 of 15314968 pages, containing 119521 live rows and 0 dead rows; 3759 rows in sample, 486954054 estimated total rows
psql:pspadm_analyze_4.sql:54: INFO:  "psp_company_event_detail_p1": scanned 3767 of 15349006 pages, containing 119838 live rows and 33 dead rows; 3767 rows in sample, 488291527 estimated total rows
psql:pspadm_analyze_4.sql:54: INFO:  "psp_company_event_detail_p2": scanned 3727 of 15183293 pages, containing 118462 live rows and 0 dead rows; 3727 rows in sample, 482598137 estimated total rows
psql:pspadm_analyze_4.sql:54: INFO:  "psp_company_event_detail_p3": scanned 3747 of 15267608 pages, containing 119060 live rows and 0 dead rows; 3747 rows in sample, 485124475 estimated total rows
psql:pspadm_analyze_4.sql:54: INFO:  "psp_company_event_detail_p4": scanned 3765 of 15340037 pages, containing 119775 live rows and 32 dead rows; 3765 rows in sample, 488008747 estimated total rows
psql:pspadm_analyze_4.sql:54: INFO:  "psp_company_event_detail_p5": scanned 3778 of 15391493 pages, containing 120122 live rows and 0 dead rows; 3778 rows in sample, 489374516 estimated total rows
psql:pspadm_analyze_4.sql:54: INFO:  "psp_company_event_detail_p6": scanned 3709 of 15111222 pages, containing 117833 live rows and 2 dead rows; 3709 rows in sample, 480075660 estimated total rows
psql:pspadm_analyze_4.sql:54: INFO:  "psp_company_event_detail_p7": scanned 3748 of 15268374 pages, containing 119191 live rows and 0 dead rows; 3748 rows in sample, 485553032 estimated total rows
psql:pspadm_analyze_4.sql:54: INFO:  analyzing "pspadm.psp_company_event_detail_p0"
psql:pspadm_analyze_4.sql:54: INFO:  "psp_company_event_detail_p0": scanned 30000 of 15314968 pages, containing 952788 live rows and 9 dead rows; 30000 rows in sample, 486397258 estimated total rows
psql:pspadm_analyze_4.sql:54: INFO:  analyzing "pspadm.psp_company_event_detail_p1"
psql:pspadm_analyze_4.sql:54: INFO:  "psp_company_event_detail_p1": scanned 30000 of 15349006 pages, containing 953959 live rows and 34 dead rows; 30000 rows in sample, 488077414 estimated total rows
psql:pspadm_analyze_4.sql:54: INFO:  analyzing "pspadm.psp_company_event_detail_p2"
psql:pspadm_analyze_4.sql:54: INFO:  "psp_company_event_detail_p2": scanned 30000 of 15183293 pages, containing 953401 live rows and 85 dead rows; 30000 rows in sample, 482525558 estimated total rows
psql:pspadm_analyze_4.sql:54: INFO:  analyzing "pspadm.psp_company_event_detail_p3"
psql:pspadm_analyze_4.sql:54: INFO:  "psp_company_event_detail_p3": scanned 30000 of 15267608 pages, containing 953289 live rows and 16 dead rows; 30000 rows in sample, 485148092 estimated total rows
psql:pspadm_analyze_4.sql:54: INFO:  analyzing "pspadm.psp_company_event_detail_p4"
psql:pspadm_analyze_4.sql:54: INFO:  "psp_company_event_detail_p4": scanned 30000 of 15340037 pages, containing 953480 live rows and 41 dead rows; 30000 rows in sample, 487547283 estimated total rows
psql:pspadm_analyze_4.sql:54: INFO:  analyzing "pspadm.psp_company_event_detail_p5"
psql:pspadm_analyze_4.sql:54: INFO:  "psp_company_event_detail_p5": scanned 30000 of 15391493 pages, containing 953484 live rows and 5 dead rows; 30000 rows in sample, 489184744 estimated total rows
psql:pspadm_analyze_4.sql:54: INFO:  analyzing "pspadm.psp_company_event_detail_p6"
psql:pspadm_analyze_4.sql:54: INFO:  "psp_company_event_detail_p6": scanned 30000 of 15111222 pages, containing 953119 live rows and 4 dead rows; 30000 rows in sample, 480093093 estimated total rows
psql:pspadm_analyze_4.sql:54: INFO:  analyzing "pspadm.psp_company_event_detail_p7"
psql:pspadm_analyze_4.sql:54: INFO:  "psp_company_event_detail_p7": scanned 30000 of 15268374 pages, containing 953948 live rows and 54 dead rows; 30000 rows in sample, 485507828 estimated total rows
ANALYZE
Time: 272613.463 ms (04:32.613)
