Timing is on.
set search_path to pspadm;
SET
Time: 0.729 ms
analyze (verbose) pspadm.psp_employee;
psql:pspadm_analyze_nonpart_4.sql:3: INFO:  analyzing "pspadm.psp_employee"
psql:pspadm_analyze_nonpart_4.sql:3: INFO:  "psp_employee": scanned 30000 of 3681878 pages, containing 578807 live rows and 4266 dead rows; 30000 rows in sample, 71036559 estimated total rows
ANALYZE
Time: 35401.483 ms (00:35.401)
analyze (verbose) pspadm.psp_employer_contribution;
psql:pspadm_analyze_nonpart_4.sql:4: INFO:  analyzing "pspadm.psp_employer_contribution"
psql:pspadm_analyze_nonpart_4.sql:4: INFO:  "psp_employer_contribution": scanned 30000 of 11016965 pages, containing 937408 live rows and 3076 dead rows; 30000 rows in sample, 344246371 estimated total rows
ANALYZE
Time: 34083.290 ms (00:34.083)
analyze (verbose) pspadm.psp_company_offering;
psql:pspadm_analyze_nonpart_4.sql:5: INFO:  analyzing "pspadm.psp_company_offering"
psql:pspadm_analyze_nonpart_4.sql:5: INFO:  "psp_company_offering": scanned 30000 of 257542 pages, containing 1216190 live rows and 47 dead rows; 30000 rows in sample, 10440667 estimated total rows
ANALYZE
Time: 33649.942 ms (00:33.650)
analyze (verbose) pspadm.psp_company_paycheck_batch;
psql:pspadm_analyze_nonpart_4.sql:6: INFO:  analyzing "pspadm.psp_company_paycheck_batch"
psql:pspadm_analyze_nonpart_4.sql:6: INFO:  "psp_company_paycheck_batch": scanned 80 of 80 pages, containing 5567 live rows and 0 dead rows; 5567 rows in sample, 5567 estimated total rows
ANALYZE
Time: 116.511 ms
analyze (verbose) pspadm.psp_company_payroll_item;
psql:pspadm_analyze_nonpart_4.sql:7: INFO:  analyzing "pspadm.psp_company_payroll_item"
psql:pspadm_analyze_nonpart_4.sql:7: INFO:  "psp_company_payroll_item": scanned 30000 of 666373 pages, containing 1092962 live rows and 2740 dead rows; 30000 rows in sample, 24277346 estimated total rows
ANALYZE
Time: 34906.827 ms (00:34.907)
analyze (verbose) pspadm.psp_contact;
psql:pspadm_analyze_nonpart_4.sql:8: INFO:  analyzing "pspadm.psp_contact"
psql:pspadm_analyze_nonpart_4.sql:8: INFO:  "psp_contact": scanned 30000 of 324502 pages, containing 1318807 live rows and 6428 dead rows; 30000 rows in sample, 14265184 estimated total rows
ANALYZE
Time: 32653.021 ms (00:32.653)
analyze (verbose) pspadm.psp_on_hold_reason;
psql:pspadm_analyze_nonpart_4.sql:9: INFO:  analyzing "pspadm.psp_on_hold_reason"
psql:pspadm_analyze_nonpart_4.sql:9: INFO:  "psp_on_hold_reason": scanned 13374 of 13374 pages, containing 535754 live rows and 202 dead rows; 30000 rows in sample, 535754 estimated total rows
ANALYZE
Time: 15360.606 ms (00:15.361)
analyze (verbose) pspadm.psp_payroll_run;
psql:pspadm_analyze_nonpart_4.sql:10: INFO:  analyzing "pspadm.psp_payroll_run"
psql:pspadm_analyze_nonpart_4.sql:10: INFO:  "psp_payroll_run": scanned 30000 of 11832583 pages, containing 784743 live rows and 3977 dead rows; 30000 rows in sample, 309517889 estimated total rows
ANALYZE
Time: 33187.376 ms (00:33.187)
analyze (verbose) pspadm.psp_qbdt_employee_info;
psql:pspadm_analyze_nonpart_4.sql:11: INFO:  analyzing "pspadm.psp_qbdt_employee_info"
psql:pspadm_analyze_nonpart_4.sql:11: INFO:  "psp_qbdt_employee_info": scanned 30000 of 1978532 pages, containing 908593 live rows and 10153 dead rows; 30000 rows in sample, 59922678 estimated total rows
ANALYZE
Time: 30669.820 ms (00:30.670)
analyze (verbose) pspadm.psp_smsmigration;
psql:pspadm_analyze_nonpart_4.sql:12: INFO:  analyzing "pspadm.psp_smsmigration"
psql:pspadm_analyze_nonpart_4.sql:12: INFO:  "psp_smsmigration": scanned 8308 of 8308 pages, containing 363055 live rows and 385 dead rows; 30000 rows in sample, 363055 estimated total rows
ANALYZE
Time: 8360.599 ms (00:08.361)
analyze (verbose) pspadm.psp_atfpayrolls_to_process;
psql:pspadm_analyze_nonpart_4.sql:13: INFO:  analyzing "pspadm.psp_atfpayrolls_to_process"
psql:pspadm_analyze_nonpart_4.sql:13: INFO:  "psp_atfpayrolls_to_process": scanned 30000 of 461105 pages, containing 1419136 live rows and 20 dead rows; 30000 rows in sample, 21812357 estimated total rows
ANALYZE
Time: 29571.876 ms (00:29.572)
analyze (verbose) pspadm.psp_employee_accrual;
psql:pspadm_analyze_nonpart_4.sql:14: INFO:  analyzing "pspadm.psp_employee_accrual"
psql:pspadm_analyze_nonpart_4.sql:14: INFO:  "psp_employee_accrual": scanned 30000 of 1540952 pages, containing 1293801 live rows and 5504 dead rows; 30000 rows in sample, 66456175 estimated total rows
ANALYZE
Time: 29541.510 ms (00:29.542)
analyze (verbose) pspadm.psp_employee_custom_field;
psql:pspadm_analyze_nonpart_4.sql:15: INFO:  analyzing "pspadm.psp_employee_custom_field"
psql:pspadm_analyze_nonpart_4.sql:15: INFO:  "psp_employee_custom_field": scanned 30000 of 1150541 pages, containing 1236725 live rows and 35990 dead rows; 30000 rows in sample, 47430094 estimated total rows
ANALYZE
Time: 29590.702 ms (00:29.591)
analyze (verbose) pspadm.psp_transmission_payroll_run;
psql:pspadm_analyze_nonpart_4.sql:16: INFO:  analyzing "pspadm.psp_transmission_payroll_run"
psql:pspadm_analyze_nonpart_4.sql:16: INFO:  "psp_transmission_payroll_run": scanned 30000 of 6546373 pages, containing 1139679 live rows and 65 dead rows; 30000 rows in sample, 248692128 estimated total rows
ANALYZE
Time: 29799.871 ms (00:29.800)
analyze (verbose) pspadm.psp_effective_deposit_freq;
psql:pspadm_analyze_nonpart_4.sql:17: INFO:  analyzing "pspadm.psp_effective_deposit_freq"
psql:pspadm_analyze_nonpart_4.sql:17: INFO:  "psp_effective_deposit_freq": scanned 30000 of 106301 pages, containing 1097663 live rows and 175 dead rows; 30000 rows in sample, 3889422 estimated total rows
ANALYZE
Time: 29712.989 ms (00:29.713)
analyze (verbose) pspadm.psp_event_as400_sync;
psql:pspadm_analyze_nonpart_4.sql:18: INFO:  analyzing "pspadm.psp_event_as400_sync"
psql:pspadm_analyze_nonpart_4.sql:18: INFO:  "psp_event_as400_sync": scanned 9157 of 9157 pages, containing 347234 live rows and 40 dead rows; 30000 rows in sample, 347234 estimated total rows
ANALYZE
Time: 9044.042 ms (00:09.044)
analyze (verbose) pspadm.psp_pay_item;
psql:pspadm_analyze_nonpart_4.sql:19: INFO:  analyzing "pspadm.psp_pay_item"
psql:pspadm_analyze_nonpart_4.sql:19: INFO:  "psp_pay_item": scanned 0 of 0 pages, containing 0 live rows and 0 dead rows; 0 rows in sample, 0 estimated total rows
ANALYZE
Time: 1.154 ms
analyze (verbose) pspadm.psp_eftps_enrollment;
psql:pspadm_analyze_nonpart_4.sql:20: INFO:  analyzing "pspadm.psp_eftps_enrollment"
psql:pspadm_analyze_nonpart_4.sql:20: INFO:  "psp_eftps_enrollment": scanned 3873 of 3873 pages, containing 142678 live rows and 28 dead rows; 30000 rows in sample, 142678 estimated total rows
ANALYZE
Time: 4051.692 ms (00:04.052)
analyze (verbose) pspadm.psp_qbdt_payroll_transaction;
psql:pspadm_analyze_nonpart_4.sql:21: INFO:  analyzing "pspadm.psp_qbdt_payroll_transaction"
psql:pspadm_analyze_nonpart_4.sql:21: INFO:  "psp_qbdt_payroll_transaction": scanned 30000 of 47614 pages, containing 897502 live rows and 498 dead rows; 30000 rows in sample, 1424455 estimated total rows
ANALYZE
Time: 29168.863 ms (00:29.169)
analyze (verbose) pspadm.psp_fraud_company;
psql:pspadm_analyze_nonpart_4.sql:22: INFO:  analyzing "pspadm.psp_fraud_company"
psql:pspadm_analyze_nonpart_4.sql:22: INFO:  "psp_fraud_company": scanned 2791 of 2791 pages, containing 61592 live rows and 252 dead rows; 30000 rows in sample, 61592 estimated total rows
ANALYZE
Time: 3560.101 ms (00:03.560)
analyze (verbose) pspadm.psp_fraud_value;
psql:pspadm_analyze_nonpart_4.sql:23: INFO:  analyzing "pspadm.psp_fraud_value"
psql:pspadm_analyze_nonpart_4.sql:23: INFO:  "psp_fraud_value": scanned 5 of 5 pages, containing 180 live rows and 0 dead rows; 180 rows in sample, 180 estimated total rows
ANALYZE
Time: 12.259 ms
analyze (verbose) pspadm.psp_offering_svcchg;
psql:pspadm_analyze_nonpart_4.sql:24: INFO:  analyzing "pspadm.psp_offering_svcchg"
psql:pspadm_analyze_nonpart_4.sql:24: INFO:  "psp_offering_svcchg": scanned 353 of 353 pages, containing 1438 live rows and 0 dead rows; 1438 rows in sample, 1438 estimated total rows
ANALYZE
Time: 379.437 ms
analyze (verbose) pspadm.psp_offer_svcchg_assoc;
psql:pspadm_analyze_nonpart_4.sql:25: INFO:  analyzing "pspadm.psp_offer_svcchg_assoc"
psql:pspadm_analyze_nonpart_4.sql:25: INFO:  "psp_offer_svcchg_assoc": scanned 29 of 29 pages, containing 2170 live rows and 0 dead rows; 2170 rows in sample, 2170 estimated total rows
ANALYZE
Time: 37.913 ms
analyze (verbose) pspadm.psp_company_service;
psql:pspadm_analyze_nonpart_4.sql:26: INFO:  analyzing "pspadm.psp_company_service"
psql:pspadm_analyze_nonpart_4.sql:26: INFO:  "psp_company_service": scanned 30000 of 267600 pages, containing 1189189 live rows and 203 dead rows; 30000 rows in sample, 10607566 estimated total rows
ANALYZE
Time: 29458.145 ms (00:29.458)
analyze (verbose) pspadm.psp_entity_change;
psql:pspadm_analyze_nonpart_4.sql:27: INFO:  analyzing "pspadm.psp_entity_change"
psql:pspadm_analyze_nonpart_4.sql:27: INFO:  "psp_entity_change": scanned 367 of 367 pages, containing 7141 live rows and 0 dead rows; 7141 rows in sample, 7141 estimated total rows
ANALYZE
Time: 557.510 ms
analyze (verbose) pspadm.psp_fraud_address;
psql:pspadm_analyze_nonpart_4.sql:28: INFO:  analyzing "pspadm.psp_fraud_address"
psql:pspadm_analyze_nonpart_4.sql:28: INFO:  "psp_fraud_address": scanned 3075 of 3075 pages, containing 112854 live rows and 493 dead rows; 30000 rows in sample, 112854 estimated total rows
ANALYZE
Time: 3565.270 ms (00:03.565)
analyze (verbose) pspadm.psp_qbdt_payroll_item_info;
psql:pspadm_analyze_nonpart_4.sql:29: INFO:  analyzing "pspadm.psp_qbdt_payroll_item_info"
psql:pspadm_analyze_nonpart_4.sql:29: INFO:  "psp_qbdt_payroll_item_info": scanned 30000 of 1472567 pages, containing 731263 live rows and 5335 dead rows; 30000 rows in sample, 35894459 estimated total rows
ANALYZE
Time: 30699.924 ms (00:30.700)
analyze (verbose) pspadm.psp_achenrollment;
psql:pspadm_analyze_nonpart_4.sql:30: INFO:  analyzing "pspadm.psp_achenrollment"
psql:pspadm_analyze_nonpart_4.sql:30: INFO:  "psp_achenrollment": scanned 532 of 532 pages, containing 19492 live rows and 7 dead rows; 19492 rows in sample, 19492 estimated total rows
ANALYZE
Time: 678.795 ms
analyze (verbose) pspadm.psp_company_filing_amount;
psql:pspadm_analyze_nonpart_4.sql:31: INFO:  analyzing "pspadm.psp_company_filing_amount"
psql:pspadm_analyze_nonpart_4.sql:31: INFO:  "psp_company_filing_amount": scanned 2245 of 2245 pages, containing 83281 live rows and 313 dead rows; 30000 rows in sample, 83281 estimated total rows
ANALYZE
Time: 2562.470 ms (00:02.562)
analyze (verbose) pspadm.psp_company_law_rate;
psql:pspadm_analyze_nonpart_4.sql:32: INFO:  analyzing "pspadm.psp_company_law_rate"
psql:pspadm_analyze_nonpart_4.sql:32: INFO:  "psp_company_law_rate": scanned 30000 of 380742 pages, containing 1203219 live rows and 1238 dead rows; 30000 rows in sample, 15270534 estimated total rows
ANALYZE
Time: 30836.960 ms (00:30.837)
analyze (verbose) pspadm.psp_tax_penalty_interest;
psql:pspadm_analyze_nonpart_4.sql:33: INFO:  analyzing "pspadm.psp_tax_penalty_interest"
psql:pspadm_analyze_nonpart_4.sql:33: INFO:  "psp_tax_penalty_interest": scanned 0 of 0 pages, containing 0 live rows and 0 dead rows; 0 rows in sample, 0 estimated total rows
ANALYZE
Time: 1.182 ms
analyze (verbose) pspadm.psp_tp401k_batch_employee;
psql:pspadm_analyze_nonpart_4.sql:34: INFO:  analyzing "pspadm.psp_tp401k_batch_employee"
psql:pspadm_analyze_nonpart_4.sql:34: INFO:  "psp_tp401k_batch_employee": scanned 1821 of 1821 pages, containing 67346 live rows and 0 dead rows; 30000 rows in sample, 67346 estimated total rows
ANALYZE
Time: 2018.934 ms (00:02.019)
analyze (verbose) pspadm.psp_fraud_event;
psql:pspadm_analyze_nonpart_4.sql:35: INFO:  analyzing "pspadm.psp_fraud_event"
psql:pspadm_analyze_nonpart_4.sql:35: INFO:  "psp_fraud_event": scanned 30000 of 74368 pages, containing 404231 live rows and 652 dead rows; 30000 rows in sample, 1002062 estimated total rows
ANALYZE
Time: 31616.470 ms (00:31.616)
analyze (verbose) pspadm.psp_liability_adjustment;
psql:pspadm_analyze_nonpart_4.sql:36: INFO:  analyzing "pspadm.psp_liability_adjustment"
psql:pspadm_analyze_nonpart_4.sql:36: INFO:  "psp_liability_adjustment": scanned 30000 of 2370288 pages, containing 806415 live rows and 50 dead rows; 30000 rows in sample, 63714527 estimated total rows
ANALYZE
Time: 30747.618 ms (00:30.748)
analyze (verbose) pspadm.psp_company_agency;
psql:pspadm_analyze_nonpart_4.sql:37: INFO:  analyzing "pspadm.psp_company_agency"
psql:pspadm_analyze_nonpart_4.sql:37: INFO:  "psp_company_agency": scanned 30000 of 63189 pages, containing 1242157 live rows and 2853 dead rows; 30000 rows in sample, 2616355 estimated total rows
ANALYZE
Time: 29743.322 ms (00:29.743)
analyze (verbose) pspadm.psp_fraud_bank_account;
psql:pspadm_analyze_nonpart_4.sql:38: INFO:  analyzing "pspadm.psp_fraud_bank_account"
psql:pspadm_analyze_nonpart_4.sql:38: INFO:  "psp_fraud_bank_account": scanned 30000 of 44650 pages, containing 655970 live rows and 6426 dead rows; 30000 rows in sample, 976302 estimated total rows
ANALYZE
Time: 29841.610 ms (00:29.842)
analyze (verbose) pspadm.psp_company_law;
psql:pspadm_analyze_nonpart_4.sql:39: INFO:  analyzing "pspadm.psp_company_law"
psql:pspadm_analyze_nonpart_4.sql:39: INFO:  "psp_company_law": scanned 30000 of 357891 pages, containing 977541 live rows and 3206 dead rows; 30000 rows in sample, 11661771 estimated total rows
ANALYZE
Time: 30841.919 ms (00:30.842)
analyze (verbose) pspadm.psp_ee_payrollitem_qtrtotals;
psql:pspadm_analyze_nonpart_4.sql:40: INFO:  analyzing "pspadm.psp_ee_payrollitem_qtrtotals"
psql:pspadm_analyze_nonpart_4.sql:40: INFO:  "psp_ee_payrollitem_qtrtotals": scanned 30000 of 605491 pages, containing 1052799 live rows and 0 dead rows; 30000 rows in sample, 21248677 estimated total rows
ANALYZE
Time: 29647.365 ms (00:29.647)
analyze (verbose) pspadm.psp_employee_w2_totals;
psql:pspadm_analyze_nonpart_4.sql:41: INFO:  analyzing "pspadm.psp_employee_w2_totals"
psql:pspadm_analyze_nonpart_4.sql:41: INFO:  "psp_employee_w2_totals": scanned 30000 of 4103563 pages, containing 811811 live rows and 0 dead rows; 30000 rows in sample, 111043919 estimated total rows
ANALYZE
Time: 30324.231 ms (00:30.324)
analyze (verbose) pspadm.psp_pstub_employee_preference;
psql:pspadm_analyze_nonpart_4.sql:42: INFO:  analyzing "pspadm.psp_pstub_employee_preference"
psql:pspadm_analyze_nonpart_4.sql:42: INFO:  "psp_pstub_employee_preference": scanned 6720 of 6720 pages, containing 288926 live rows and 15 dead rows; 30000 rows in sample, 288926 estimated total rows
ANALYZE
Time: 6987.666 ms (00:06.988)
analyze (verbose) pspadm.psp_eftps_payment_detail;
psql:pspadm_analyze_nonpart_4.sql:43: INFO:  analyzing "pspadm.psp_eftps_payment_detail"
psql:pspadm_analyze_nonpart_4.sql:43: INFO:  "psp_eftps_payment_detail": scanned 30000 of 1321223 pages, containing 442512 live rows and 6146 dead rows; 30000 rows in sample, 19488568 estimated total rows
ANALYZE
Time: 31888.748 ms (00:31.889)
analyze (verbose) pspadm.psp_payment_batch_assoc;
psql:pspadm_analyze_nonpart_4.sql:44: INFO:  analyzing "pspadm.psp_payment_batch_assoc"
psql:pspadm_analyze_nonpart_4.sql:44: INFO:  "psp_payment_batch_assoc": scanned 17293 of 17293 pages, containing 535985 live rows and 3 dead rows; 30000 rows in sample, 535985 estimated total rows
ANALYZE
Time: 18603.876 ms (00:18.604)
analyze (verbose) pspadm.psp_tp401k_paycheck;
psql:pspadm_analyze_nonpart_4.sql:45: INFO:  analyzing "pspadm.psp_tp401k_paycheck"
psql:pspadm_analyze_nonpart_4.sql:45: INFO:  "psp_tp401k_paycheck": scanned 2968 of 2968 pages, containing 107461 live rows and 8 dead rows; 30000 rows in sample, 107461 estimated total rows
ANALYZE
Time: 3312.553 ms (00:03.313)
analyze (verbose) pspadm.psp_wc_paycheck;
psql:pspadm_analyze_nonpart_4.sql:46: INFO:  analyzing "pspadm.psp_wc_paycheck"
psql:pspadm_analyze_nonpart_4.sql:46: INFO:  "psp_wc_paycheck": scanned 30000 of 516104 pages, containing 1043541 live rows and 3939 dead rows; 30000 rows in sample, 17952523 estimated total rows
ANALYZE
Time: 31574.898 ms (00:31.575)
analyze (verbose) pspadm.psp_tp401k_paycheck_pending;
psql:pspadm_analyze_nonpart_4.sql:47: INFO:  analyzing "pspadm.psp_tp401k_paycheck_pending"
psql:pspadm_analyze_nonpart_4.sql:47: INFO:  "psp_tp401k_paycheck_pending": scanned 1648 of 1648 pages, containing 72569 live rows and 0 dead rows; 30000 rows in sample, 72569 estimated total rows
ANALYZE
Time: 1911.240 ms (00:01.911)
analyze (verbose) pspadm.psp_wc_paycheck_pending;
psql:pspadm_analyze_nonpart_4.sql:48: INFO:  analyzing "pspadm.psp_wc_paycheck_pending"
psql:pspadm_analyze_nonpart_4.sql:48: INFO:  "psp_wc_paycheck_pending": scanned 901 of 901 pages, containing 21394 live rows and 531 dead rows; 21394 rows in sample, 21394 estimated total rows
ANALYZE
Time: 1062.604 ms (00:01.063)
analyze (verbose) pspadm.psp_pstub_dditem;
psql:pspadm_analyze_nonpart_4.sql:49: INFO:  analyzing "pspadm.psp_pstub_dditem"
psql:pspadm_analyze_nonpart_4.sql:49: INFO:  "psp_pstub_dditem": scanned 30000 of 13828105 pages, containing 872154 live rows and 989 dead rows; 30000 rows in sample, 402007903 estimated total rows
ANALYZE
Time: 32577.654 ms (00:32.578)
analyze (verbose) pspadm.psp_pstub_msg;
psql:pspadm_analyze_nonpart_4.sql:50: INFO:  analyzing "pspadm.psp_pstub_msg"
psql:pspadm_analyze_nonpart_4.sql:50: INFO:  "psp_pstub_msg": scanned 30000 of 10616068 pages, containing 1104111 live rows and 2096 dead rows; 30000 rows in sample, 390710582 estimated total rows
ANALYZE
Time: 32014.622 ms (00:32.015)
analyze (verbose) pspadm.psp_comp_adjust_submission;
psql:pspadm_analyze_nonpart_4.sql:51: INFO:  analyzing "pspadm.psp_comp_adjust_submission"
psql:pspadm_analyze_nonpart_4.sql:51: INFO:  "psp_comp_adjust_submission": scanned 30000 of 476423 pages, containing 1282447 live rows and 1069 dead rows; 30000 rows in sample, 20366242 estimated total rows
ANALYZE
Time: 31647.717 ms (00:31.648)
analyze (verbose) pspadm.psp_company_additional_info;
psql:pspadm_analyze_nonpart_4.sql:52: INFO:  analyzing "pspadm.psp_company_additional_info"
psql:pspadm_analyze_nonpart_4.sql:52: INFO:  "psp_company_additional_info": scanned 23751 of 23751 pages, containing 847569 live rows and 259 dead rows; 30000 rows in sample, 847569 estimated total rows
ANALYZE
Time: 25208.026 ms (00:25.208)
analyze (verbose) pspadm.psp_company_bank_account;
psql:pspadm_analyze_nonpart_4.sql:53: INFO:  analyzing "pspadm.psp_company_bank_account"
psql:pspadm_analyze_nonpart_4.sql:53: INFO:  "psp_company_bank_account": scanned 30000 of 95702 pages, containing 783175 live rows and 674 dead rows; 30000 rows in sample, 2498380 estimated total rows
ANALYZE
Time: 30867.898 ms (00:30.868)
analyze (verbose) pspadm.psp_company_pin;
psql:pspadm_analyze_nonpart_4.sql:54: INFO:  analyzing "pspadm.psp_company_pin"
psql:pspadm_analyze_nonpart_4.sql:54: INFO:  "psp_company_pin": scanned 30000 of 47011 pages, containing 980624 live rows and 996 dead rows; 30000 rows in sample, 1536670 estimated total rows
ANALYZE
Time: 30992.883 ms (00:30.993)
analyze (verbose) pspadm.psp_wc_company;
psql:pspadm_analyze_nonpart_4.sql:55: INFO:  analyzing "pspadm.psp_wc_company"
psql:pspadm_analyze_nonpart_4.sql:55: INFO:  "psp_wc_company": scanned 145 of 145 pages, containing 6426 live rows and 0 dead rows; 6426 rows in sample, 6426 estimated total rows
ANALYZE
Time: 206.163 ms
analyze (verbose) pspadm.psp_law;
psql:pspadm_analyze_nonpart_4.sql:56: INFO:  analyzing "pspadm.psp_law"
psql:pspadm_analyze_nonpart_4.sql:56: INFO:  "psp_law": scanned 76 of 76 pages, containing 244 live rows and 0 dead rows; 244 rows in sample, 244 estimated total rows
ANALYZE
Time: 88.332 ms
analyze (verbose) pspadm.psp_law_rate_value;
psql:pspadm_analyze_nonpart_4.sql:57: INFO:  analyzing "pspadm.psp_law_rate_value"
psql:pspadm_analyze_nonpart_4.sql:57: INFO:  "psp_law_rate_value": scanned 1 of 1 pages, containing 20 live rows and 0 dead rows; 20 rows in sample, 20 estimated total rows
ANALYZE
Time: 5.343 ms
analyze (verbose) pspadm.psp_transaction_return;
psql:pspadm_analyze_nonpart_4.sql:58: INFO:  analyzing "pspadm.psp_transaction_return"
psql:pspadm_analyze_nonpart_4.sql:58: INFO:  "psp_transaction_return": scanned 30000 of 86224 pages, containing 748990 live rows and 627 dead rows; 30000 rows in sample, 2152697 estimated total rows
ANALYZE
Time: 31665.856 ms (00:31.666)
analyze (verbose) pspadm.psp_dep_freq_ledger_operation;
psql:pspadm_analyze_nonpart_4.sql:59: INFO:  analyzing "pspadm.psp_dep_freq_ledger_operation"
psql:pspadm_analyze_nonpart_4.sql:59: INFO:  "psp_dep_freq_ledger_operation": scanned 12 of 12 pages, containing 1160 live rows and 0 dead rows; 1160 rows in sample, 1160 estimated total rows
ANALYZE
Time: 20.966 ms
analyze (verbose) pspadm.psp_manual_requirement;
psql:pspadm_analyze_nonpart_4.sql:60: INFO:  analyzing "pspadm.psp_manual_requirement"
psql:pspadm_analyze_nonpart_4.sql:60: INFO:  "psp_manual_requirement": scanned 1 of 1 pages, containing 34 live rows and 0 dead rows; 34 rows in sample, 34 estimated total rows
ANALYZE
Time: 4.920 ms
analyze (verbose) pspadm.psp_cdcompany_service_info;
psql:pspadm_analyze_nonpart_4.sql:61: INFO:  analyzing "pspadm.psp_cdcompany_service_info"
psql:pspadm_analyze_nonpart_4.sql:61: INFO:  "psp_cdcompany_service_info": scanned 2 of 2 pages, containing 141 live rows and 0 dead rows; 141 rows in sample, 141 estimated total rows
ANALYZE
Time: 7.007 ms
analyze (verbose) pspadm.psp_company_service_bank_acct;
psql:pspadm_analyze_nonpart_4.sql:62: INFO:  analyzing "pspadm.psp_company_service_bank_acct"
psql:pspadm_analyze_nonpart_4.sql:62: INFO:  "psp_company_service_bank_acct": scanned 30000 of 7023338 pages, containing 1009338 live rows and 21 dead rows; 30000 rows in sample, 236297398 estimated total rows
ANALYZE
Time: 31602.933 ms (00:31.603)
analyze (verbose) pspadm.psp_ddcompany_service_info;
psql:pspadm_analyze_nonpart_4.sql:63: INFO:  analyzing "pspadm.psp_ddcompany_service_info"
psql:pspadm_analyze_nonpart_4.sql:63: INFO:  "psp_ddcompany_service_info": scanned 14839 of 14839 pages, containing 1404497 live rows and 425 dead rows; 30000 rows in sample, 1404497 estimated total rows
ANALYZE
Time: 16017.434 ms (00:16.017)
analyze (verbose) pspadm.psp_employee_tax;
psql:pspadm_analyze_nonpart_4.sql:64: INFO:  analyzing "pspadm.psp_employee_tax"
psql:pspadm_analyze_nonpart_4.sql:64: INFO:  "psp_employee_tax": scanned 30000 of 7610772 pages, containing 1045043 live rows and 70151 dead rows; 30000 rows in sample, 265119467 estimated total rows
ANALYZE
Time: 31945.838 ms (00:31.946)
analyze (verbose) pspadm.psp_employee_wage_plan;
psql:pspadm_analyze_nonpart_4.sql:65: INFO:  analyzing "pspadm.psp_employee_wage_plan"
psql:pspadm_analyze_nonpart_4.sql:65: INFO:  "psp_employee_wage_plan": scanned 30000 of 77232 pages, containing 1147693 live rows and 5488 dead rows; 30000 rows in sample, 2954621 estimated total rows
ANALYZE
Time: 31349.035 ms (00:31.349)
analyze (verbose) pspadm.psp_bill_payment_split;
psql:pspadm_analyze_nonpart_4.sql:66: INFO:  analyzing "pspadm.psp_bill_payment_split"
psql:pspadm_analyze_nonpart_4.sql:66: INFO:  "psp_bill_payment_split": scanned 30000 of 1571977 pages, containing 981167 live rows and 21 dead rows; 30000 rows in sample, 51412399 estimated total rows
ANALYZE
Time: 31586.061 ms (00:31.586)
analyze (verbose) pspadm.psp_comp_pmt_template_agencyid;
psql:pspadm_analyze_nonpart_4.sql:67: INFO:  analyzing "pspadm.psp_comp_pmt_template_agencyid"
psql:pspadm_analyze_nonpart_4.sql:67: INFO:  "psp_comp_pmt_template_agencyid": scanned 603 of 603 pages, containing 16304 live rows and 14 dead rows; 16304 rows in sample, 16304 estimated total rows
ANALYZE
Time: 840.702 ms
analyze (verbose) pspadm.psp_racompany_service_info;
psql:pspadm_analyze_nonpart_4.sql:68: INFO:  analyzing "pspadm.psp_racompany_service_info"
psql:pspadm_analyze_nonpart_4.sql:68: INFO:  "psp_racompany_service_info": scanned 0 of 0 pages, containing 0 live rows and 0 dead rows; 0 rows in sample, 0 estimated total rows
ANALYZE
Time: 1.116 ms
analyze (verbose) pspadm.psp_tax_payment_on_hold_reason;
psql:pspadm_analyze_nonpart_4.sql:69: INFO:  analyzing "pspadm.psp_tax_payment_on_hold_reason"
psql:pspadm_analyze_nonpart_4.sql:69: INFO:  "psp_tax_payment_on_hold_reason": scanned 11906 of 11906 pages, containing 390768 live rows and 313 dead rows; 30000 rows in sample, 390768 estimated total rows
ANALYZE
Time: 12842.470 ms (00:12.842)
analyze (verbose) pspadm.psp_tp401k_batch_paycheck;
psql:pspadm_analyze_nonpart_4.sql:70: INFO:  analyzing "pspadm.psp_tp401k_batch_paycheck"
psql:pspadm_analyze_nonpart_4.sql:70: INFO:  "psp_tp401k_batch_paycheck": scanned 2177 of 2177 pages, containing 67469 live rows and 0 dead rows; 30000 rows in sample, 67469 estimated total rows
ANALYZE
Time: 2513.900 ms (00:02.514)
analyze (verbose) pspadm.psp_comp_pmttemplate_pmtmethod;
psql:pspadm_analyze_nonpart_4.sql:71: INFO:  analyzing "pspadm.psp_comp_pmttemplate_pmtmethod"
psql:pspadm_analyze_nonpart_4.sql:71: INFO:  "psp_comp_pmttemplate_pmtmethod": scanned 30000 of 133634 pages, containing 1356139 live rows and 576 dead rows; 30000 rows in sample, 6040876 estimated total rows
ANALYZE
Time: 30762.215 ms (00:30.762)
analyze (verbose) pspadm.psp_eftps_enrollment_detail;
psql:pspadm_analyze_nonpart_4.sql:72: INFO:  analyzing "pspadm.psp_eftps_enrollment_detail"
psql:pspadm_analyze_nonpart_4.sql:72: INFO:  "psp_eftps_enrollment_detail": scanned 7616 of 7616 pages, containing 142145 live rows and 458 dead rows; 30000 rows in sample, 142145 estimated total rows
ANALYZE
Time: 8552.665 ms (00:08.553)
analyze (verbose) pspadm.psp_employee_payroll_item;
psql:pspadm_analyze_nonpart_4.sql:73: INFO:  analyzing "pspadm.psp_employee_payroll_item"
psql:pspadm_analyze_nonpart_4.sql:73: INFO:  "psp_employee_payroll_item": scanned 30000 of 3424973 pages, containing 919083 live rows and 53345 dead rows; 30000 rows in sample, 104927815 estimated total rows
ANALYZE
Time: 30493.449 ms (00:30.493)
analyze (verbose) pspadm.psp_liability_check_line;
psql:pspadm_analyze_nonpart_4.sql:74: INFO:  analyzing "pspadm.psp_liability_check_line"
psql:pspadm_analyze_nonpart_4.sql:74: INFO:  "psp_liability_check_line": scanned 30000 of 10429444 pages, containing 1276988 live rows and 1119 dead rows; 30000 rows in sample, 443942494 estimated total rows
ANALYZE
Time: 30713.991 ms (00:30.714)
analyze (verbose) pspadm.psp_payroll_item_taxable_to;
psql:pspadm_analyze_nonpart_4.sql:75: INFO:  analyzing "pspadm.psp_payroll_item_taxable_to"
psql:pspadm_analyze_nonpart_4.sql:75: INFO:  "psp_payroll_item_taxable_to": scanned 30000 of 933127 pages, containing 1217627 live rows and 9539 dead rows; 30000 rows in sample, 37873354 estimated total rows
ANALYZE
Time: 30130.184 ms (00:30.130)
analyze (verbose) pspadm.psp_wc_paycheck_state;
psql:pspadm_analyze_nonpart_4.sql:76: INFO:  analyzing "pspadm.psp_wc_paycheck_state"
psql:pspadm_analyze_nonpart_4.sql:76: INFO:  "psp_wc_paycheck_state": scanned 30000 of 1150727 pages, containing 1314128 live rows and 110 dead rows; 30000 rows in sample, 50406752 estimated total rows
ANALYZE
Time: 30113.831 ms (00:30.114)
analyze (verbose) pspadm.psp_pstub_state_tax_info;
psql:pspadm_analyze_nonpart_4.sql:77: INFO:  analyzing "pspadm.psp_pstub_state_tax_info"
psql:pspadm_analyze_nonpart_4.sql:77: INFO:  "psp_pstub_state_tax_info": scanned 746 of 746 pages, containing 22966 live rows and 1 dead rows; 22966 rows in sample, 22966 estimated total rows
ANALYZE
Time: 1054.362 ms (00:01.054)
analyze (verbose) pspadm.psp_check_print_signature;
psql:pspadm_analyze_nonpart_4.sql:78: INFO:  analyzing "pspadm.psp_check_print_signature"
psql:pspadm_analyze_nonpart_4.sql:78: INFO:  "psp_check_print_signature": scanned 7 of 7 pages, containing 141 live rows and 0 dead rows; 141 rows in sample, 141 estimated total rows
ANALYZE
Time: 17.697 ms
analyze (verbose) pspadm.psp_role_sub_status;
psql:pspadm_analyze_nonpart_4.sql:79: INFO:  analyzing "pspadm.psp_role_sub_status"
psql:pspadm_analyze_nonpart_4.sql:79: INFO:  "psp_role_sub_status": scanned 68 of 68 pages, containing 329 live rows and 0 dead rows; 329 rows in sample, 329 estimated total rows
ANALYZE
Time: 72.741 ms
analyze (verbose) pspadm.psp_serv_stat_txn_sku_type;
psql:pspadm_analyze_nonpart_4.sql:80: INFO:  analyzing "pspadm.psp_serv_stat_txn_sku_type"
psql:pspadm_analyze_nonpart_4.sql:80: INFO:  "psp_serv_stat_txn_sku_type": scanned 12 of 12 pages, containing 575 live rows and 0 dead rows; 575 rows in sample, 575 estimated total rows
ANALYZE
Time: 20.626 ms
analyze (verbose) pspadm.psp_smssync_failure;
psql:pspadm_analyze_nonpart_4.sql:81: INFO:  analyzing "pspadm.psp_smssync_failure"
psql:pspadm_analyze_nonpart_4.sql:81: INFO:  "psp_smssync_failure": scanned 49 of 49 pages, containing 1643 live rows and 0 dead rows; 1643 rows in sample, 1643 estimated total rows
ANALYZE
Time: 68.654 ms
analyze (verbose) pspadm.psp_source_system_law_assoc;
psql:pspadm_analyze_nonpart_4.sql:82: INFO:  analyzing "pspadm.psp_source_system_law_assoc"
psql:pspadm_analyze_nonpart_4.sql:82: INFO:  "psp_source_system_law_assoc": scanned 48 of 48 pages, containing 433 live rows and 0 dead rows; 433 rows in sample, 433 estimated total rows
ANALYZE
Time: 57.032 ms
analyze (verbose) pspadm.psp_edi_payment_detail;
psql:pspadm_analyze_nonpart_4.sql:83: INFO:  analyzing "pspadm.psp_edi_payment_detail"
psql:pspadm_analyze_nonpart_4.sql:83: INFO:  "psp_edi_payment_detail": scanned 313 of 313 pages, containing 4632 live rows and 0 dead rows; 4632 rows in sample, 4632 estimated total rows
ANALYZE
Time: 411.166 ms
analyze (verbose) pspadm.psp_tax_company_service_info;
psql:pspadm_analyze_nonpart_4.sql:84: INFO:  analyzing "pspadm.psp_tax_company_service_info"
psql:pspadm_analyze_nonpart_4.sql:84: INFO:  "psp_tax_company_service_info": scanned 1948 of 1948 pages, containing 144882 live rows and 57 dead rows; 30000 rows in sample, 144882 estimated total rows
ANALYZE
Time: 2076.963 ms (00:02.077)
analyze (verbose) pspadm.psp_tax_credits9061;
psql:pspadm_analyze_nonpart_4.sql:85: INFO:  analyzing "pspadm.psp_tax_credits9061"
psql:pspadm_analyze_nonpart_4.sql:85: INFO:  "psp_tax_credits9061": scanned 14 of 14 pages, containing 152 live rows and 0 dead rows; 152 rows in sample, 152 estimated total rows
ANALYZE
Time: 25.822 ms
analyze (verbose) pspadm.psp_tp401kcompany_service_info;
psql:pspadm_analyze_nonpart_4.sql:86: INFO:  analyzing "pspadm.psp_tp401kcompany_service_info"
psql:pspadm_analyze_nonpart_4.sql:86: INFO:  "psp_tp401kcompany_service_info": scanned 8 of 8 pages, containing 733 live rows and 0 dead rows; 733 rows in sample, 733 estimated total rows
ANALYZE
Time: 16.941 ms
analyze (verbose) pspadm.psp_financial_txn_action;
psql:pspadm_analyze_nonpart_4.sql:87: INFO:  analyzing "pspadm.psp_financial_txn_action"
psql:pspadm_analyze_nonpart_4.sql:87: INFO:  "psp_financial_txn_action": scanned 36 of 36 pages, containing 228 live rows and 0 dead rows; 228 rows in sample, 228 estimated total rows
ANALYZE
Time: 42.478 ms
analyze (verbose) pspadm.psp_posting_rule;
psql:pspadm_analyze_nonpart_4.sql:88: INFO:  analyzing "pspadm.psp_posting_rule"
psql:pspadm_analyze_nonpart_4.sql:88: INFO:  "psp_posting_rule": scanned 25 of 25 pages, containing 654 live rows and 0 dead rows; 654 rows in sample, 654 estimated total rows
ANALYZE
Time: 34.761 ms
analyze (verbose) pspadm.psp_transaction_state;
psql:pspadm_analyze_nonpart_4.sql:89: INFO:  analyzing "pspadm.psp_transaction_state"
psql:pspadm_analyze_nonpart_4.sql:89: INFO:  "psp_transaction_state": scanned 5 of 5 pages, containing 6 live rows and 0 dead rows; 6 rows in sample, 6 estimated total rows
ANALYZE
Time: 8.557 ms
analyze (verbose) pspadm.psp_intuit_bank_acc_txn_type;
psql:pspadm_analyze_nonpart_4.sql:90: INFO:  analyzing "pspadm.psp_intuit_bank_acc_txn_type"
psql:pspadm_analyze_nonpart_4.sql:90: INFO:  "psp_intuit_bank_acc_txn_type": scanned 8 of 8 pages, containing 71 live rows and 0 dead rows; 71 rows in sample, 71 estimated total rows
ANALYZE
Time: 14.927 ms
analyze (verbose) pspadm.psp_transaction_type;
psql:pspadm_analyze_nonpart_4.sql:91: INFO:  analyzing "pspadm.psp_transaction_type"
psql:pspadm_analyze_nonpart_4.sql:91: INFO:  "psp_transaction_type": scanned 114 of 114 pages, containing 150 live rows and 12 dead rows; 150 rows in sample, 150 estimated total rows
ANALYZE
Time: 116.908 ms
analyze (verbose) pspadm.psp_event_log;
psql:pspadm_analyze_nonpart_4.sql:92: INFO:  analyzing "pspadm.psp_event_log"
psql:pspadm_analyze_nonpart_4.sql:92: INFO:  "psp_event_log": scanned 4617 of 4617 pages, containing 160473 live rows and 29 dead rows; 30000 rows in sample, 160473 estimated total rows
ANALYZE
Time: 4896.977 ms (00:04.897)
analyze (verbose) pspadm.psp_event_type;
psql:pspadm_analyze_nonpart_4.sql:93: INFO:  analyzing "pspadm.psp_event_type"
psql:pspadm_analyze_nonpart_4.sql:93: INFO:  "psp_event_type": scanned 116 of 116 pages, containing 235 live rows and 0 dead rows; 235 rows in sample, 235 estimated total rows
ANALYZE
Time: 120.205 ms
analyze (verbose) pspadm.psp_fee;
psql:pspadm_analyze_nonpart_4.sql:94: INFO:  analyzing "pspadm.psp_fee"
psql:pspadm_analyze_nonpart_4.sql:94: INFO:  "psp_fee": scanned 1 of 1 pages, containing 3 live rows and 0 dead rows; 3 rows in sample, 3 estimated total rows
ANALYZE
Time: 5.647 ms
