11:36:04 SQL> set echo on
11:36:04 SQL> set feed on
11:36:04 SQL> set time on
11:36:04 SQL> set timi on
11:36:04 SQL> 
11:36:04 SQL> --CREATE TABLESPACE PSP_DATA01 DATAFILE SIZE 100G AUTOEXTEND ON NEXT 100G MAXSIZE UNLIMITED;
11:36:04 SQL> ALTER TABLESPACE PSP_DATA01  RESIZE 4T;

Tablespace altered.

Elapsed: 01:27:51.20
13:03:56 SQL> 
13:03:56 SQL> --CREATE TABLESPACE PSP_DATA02 DATAFILE SIZE 100G AUTOEXTEND ON NEXT 100G MAXSIZE UNLIMITED;
13:03:56 SQL> ALTER TABLESPACE PSP_DATA02  RESIZE 4T;

Tablespace altered.

Elapsed: 01:28:02.77
14:31:58 SQL> 
14:31:58 SQL> --CREATE TABLESPACE PSP_DATA03 DATAFILE SIZE 100G AUTOEXTEND ON NEXT 100G MAXSIZE UNLIMITED;
14:31:58 SQL> ALTER TABLESPACE PSP_DATA03  RESIZE 4T;

Tablespace altered.

Elapsed: 01:26:05.42
15:58:04 SQL> 
15:58:04 SQL> --CREATE TABLESPACE PSP_DATA04 DATAFILE SIZE 100G AUTOEXTEND ON NEXT 100G MAXSIZE UNLIMITED;
15:58:04 SQL> ALTER TABLESPACE PSP_DATA04  RESIZE 4T;

Tablespace altered.

Elapsed: 01:12:56.35
17:11:00 SQL> 
17:11:00 SQL> --CREATE TABLESPACE PSP_IDX01 DATAFILE SIZE 100G AUTOEXTEND ON NEXT 100G MAXSIZE UNLIMITED;
17:11:00 SQL> ALTER TABLESPACE PSP_IDX01 RESIZE 4T;

Tablespace altered.

Elapsed: 01:14:47.16
18:25:47 SQL> 
18:25:47 SQL> --CREATE TABLESPACE PSP_IDX02 DATAFILE SIZE 100G AUTOEXTEND ON NEXT 100G MAXSIZE UNLIMITED;
18:25:47 SQL> ALTER TABLESPACE PSP_IDX02 RESIZE 4T;

Tablespace altered.

Elapsed: 01:12:59.90
19:38:47 SQL> 
19:38:47 SQL> --CREATE TABLESPACE PSP_IDX03 DATAFILE SIZE 100G AUTOEXTEND ON NEXT 100G MAXSIZE UNLIMITED;
19:38:47 SQL> ALTER TABLESPACE PSP_IDX03 RESIZE 4T;
ALTER TABLESPACE PSP_IDX03 RESIZE 4T
*
ERROR at line 1:
ORA-01237: cannot extend datafile 12 
ORA-01110: data file 12: 
'/rdsdbdata/db/PSPHPP01_A/datafile/o1_mf_psp_idx0_l1htd6qn_.dbf' 
ORA-19502: write error on file 
"/rdsdbdata/db/PSPHPP01_A/datafile/o1_mf_psp_idx0_l1htd6qn_.dbf", block number 
462395776 (block size=8192) 
ORA-27061: waiting for async I/Os failed 
Linux-x86_64 Error: 28: No space left on device 
Additional information: 4294967295 
Additional information: 1048576 


Elapsed: 01:10:14.65
20:49:02 SQL> 
20:49:02 SQL> --CREATE TABLESPACE PSP_IDX04 DATAFILE SIZE 100G AUTOEXTEND ON NEXT 100G MAXSIZE UNLIMITED;
20:49:02 SQL> ALTER TABLESPACE PSP_IDX04 RESIZE 4T;
ALTER TABLESPACE PSP_IDX04 RESIZE 4T
*
ERROR at line 1:
ORA-01237: cannot extend datafile 13 
ORA-01110: data file 13: 
'/rdsdbdata/db/PSPHPP01_A/datafile/o1_mf_psp_idx0_l1htj101_.dbf' 
ORA-19502: write error on file 
"/rdsdbdata/db/PSPHPP01_A/datafile/o1_mf_psp_idx0_l1htj101_.dbf", block number 
462395392 (block size=8192) 
ORA-27061: waiting for async I/Os failed 
Linux-x86_64 Error: 28: No space left on device 
Additional information: 4294967295 
Additional information: 1048576 


Elapsed: 00:56:04.87
21:45:07 SQL> 
21:45:07 SQL> --CREATE TABLESPACE PSP_LOB01 DATAFILE SIZE 100G AUTOEXTEND ON NEXT 100G MAXSIZE UNLIMITED;
21:45:07 SQL> --ALTER TABLESPACE PSP_LOB01 RESIZE 5T;
21:45:07 SQL> 
21:45:07 SQL> --CREATE TABLESPACE APPBUGFIX_DATA DATAFILE SIZE 10G AUTOEXTEND ON NEXT 10G MAXSIZE UNLIMITED;
21:45:07 SQL> --CREATE TABLESPACE ARC_DATA01 DATAFILE SIZE 100G AUTOEXTEND ON NEXT 100G MAXSIZE UNLIMITED;
21:45:07 SQL> --CREATE TABLESPACE ARC_IDX01 DATAFILE SIZE 5G AUTOEXTEND ON NEXT 100G MAXSIZE UNLIMITED;
21:45:07 SQL> --CREATE TABLESPACE PSP_FLUX DATAFILE SIZE 5G AUTOEXTEND ON NEXT 100G MAXSIZE UNLIMITED;
21:45:07 SQL> --CREATE TABLESPACE PSP_LOG DATAFILE SIZE 10G AUTOEXTEND ON NEXT 100G MAXSIZE UNLIMITED;
21:45:07 SQL> --CREATE TABLESPACE TOOLS DATAFILE SIZE 5G AUTOEXTEND ON NEXT 100G MAXSIZE UNLIMITED;
21:45:07 SQL> --CREATE TABLESPACE GGS_DATA DATAFILE SIZE 1G AUTOEXTEND ON NEXT 1G MAXSIZE UNLIMITED;
21:45:07 SQL> --CREATE TABLESPACE GGT_DATA DATAFILE SIZE 1G AUTOEXTEND ON NEXT 1G MAXSIZE UNLIMITED;
21:45:07 SQL> 
21:45:07 SQL> spool off
