19:11:34 SQL> create unique index pspadm.ced_seq_u on pspadm.psp_company_event_detail (company_event_detail_seq) tablespace PSP_IDX03;

Index created.

Elapsed: 01:45:35.67
20:57:10 SQL> create unique index pspadm.ceep_seq_u on pspadm.psp_company_event_email_param (company_event_email_param_seq) tablespace PSP_IDX04;
create unique index pspadm.ceep_seq_u on pspadm.psp_company_event_email_param (company_event_email_param_seq) tablespace PSP_IDX04
                           *
ERROR at line 1:
ORA-00955: name is already used by an existing object 


Elapsed: 00:00:00.01
20:57:10 SQL> create unique index pspadm.pc_seq_uon pspadm.psp_paycheck (paycheck_seq) tablespace PSP_IDX02;
create unique index pspadm.pc_seq_uon pspadm.psp_paycheck (paycheck_seq) tablespace PSP_IDX02
                                      *
ERROR at line 1:
ORA-00969: missing ON keyword 


Elapsed: 00:00:00.00
20:57:10 SQL> create unique index pspadm.pcs_seq_u on pspadm.psp_paycheck_split (paycheck_split_seq) tablespace PSP_IDX03;
create unique index pspadm.pcs_seq_u on pspadm.psp_paycheck_split (paycheck_split_seq) tablespace PSP_IDX03
                           *
ERROR at line 1:
ORA-00955: name is already used by an existing object 


Elapsed: 00:00:00.00
20:57:10 SQL> create unique index pspadm.pa_seq_u on pspadm.psp_property_audit (property_audit_seq) tablespace PSP_IDX04;
create unique index pspadm.pa_seq_u on pspadm.psp_property_audit (property_audit_seq) tablespace PSP_IDX04
                           *
ERROR at line 1:
ORA-00955: name is already used by an existing object 


Elapsed: 00:00:00.00
20:57:10 SQL> spool off
