21:53:00 SQL> set echo on
21:53:00 SQL> set feed on
21:53:00 SQL> set time on
21:53:00 SQL> set timi on
21:53:00 SQL> 
21:53:00 SQL> CREATE TABLESPACE PSP_DATA01 DATAFILE SIZE 100G AUTOEXTEND ON NEXT 100G MAXSIZE UNLIMITED;

Tablespace created.

Elapsed: 00:02:00.72
21:55:01 SQL> --ALTER TABLESPACE PSP_DATA01  RESIZE 9T;
21:55:01 SQL> 
21:55:01 SQL> CREATE TABLESPACE PSP_DATA02 DATAFILE SIZE 100G AUTOEXTEND ON NEXT 100G MAXSIZE UNLIMITED;

Tablespace created.

Elapsed: 00:02:01.37
21:57:02 SQL> --ALTER TABLESPACE PSP_DATA02  RESIZE 9T;
21:57:02 SQL> 
21:57:02 SQL> CREATE TABLESPACE PSP_DATA03 DATAFILE SIZE 100G AUTOEXTEND ON NEXT 100G MAXSIZE UNLIMITED;

Tablespace created.

Elapsed: 00:01:58.87
21:59:01 SQL> --ALTER TABLESPACE PSP_DATA03  RESIZE 9T;
21:59:01 SQL> 
21:59:01 SQL> CREATE TABLESPACE PSP_DATA04 DATAFILE SIZE 100G AUTOEXTEND ON NEXT 100G MAXSIZE UNLIMITED;

Tablespace created.

Elapsed: 00:02:01.24
22:01:02 SQL> --ALTER TABLESPACE PSP_DATA04  RESIZE 9T;
22:01:02 SQL> 
22:01:02 SQL> CREATE TABLESPACE PSP_IDX01 DATAFILE SIZE 100G AUTOEXTEND ON NEXT 100G MAXSIZE UNLIMITED;

Tablespace created.

Elapsed: 00:02:04.86
22:03:07 SQL> --ALTER TABLESPACE PSP_IDX01 RESIZE 1T;
22:03:07 SQL> 
22:03:07 SQL> CREATE TABLESPACE PSP_IDX02 DATAFILE SIZE 100G AUTOEXTEND ON NEXT 100G MAXSIZE UNLIMITED;

Tablespace created.

Elapsed: 00:02:03.09
22:05:10 SQL> --ALTER TABLESPACE PSP_IDX02 RESIZE 1T;
22:05:10 SQL> 
22:05:10 SQL> CREATE TABLESPACE PSP_IDX03 DATAFILE SIZE 100G AUTOEXTEND ON NEXT 100G MAXSIZE UNLIMITED;

Tablespace created.

Elapsed: 00:02:02.25
22:07:12 SQL> --ALTER TABLESPACE PSP_IDX03 RESIZE 1T;
22:07:12 SQL> 
22:07:12 SQL> CREATE TABLESPACE PSP_IDX04 DATAFILE SIZE 100G AUTOEXTEND ON NEXT 100G MAXSIZE UNLIMITED;

Tablespace created.

Elapsed: 00:02:03.55
22:09:16 SQL> --ALTER TABLESPACE PSP_IDX04 RESIZE 1T;
22:09:16 SQL> 
22:09:16 SQL> CREATE TABLESPACE PSP_LOB01 DATAFILE SIZE 100G AUTOEXTEND ON NEXT 100G MAXSIZE UNLIMITED;

Tablespace created.

Elapsed: 00:02:05.92
22:11:22 SQL> --ALTER TABLESPACE PSP_LOB01 RESIZE 4T;
22:11:22 SQL> 
22:11:22 SQL> CREATE TABLESPACE APPBUGFIX_DATA DATAFILE SIZE 10G AUTOEXTEND ON NEXT 10G MAXSIZE UNLIMITED;

Tablespace created.

Elapsed: 00:00:12.67
22:11:35 SQL> CREATE TABLESPACE ARC_DATA01 DATAFILE SIZE 100G AUTOEXTEND ON NEXT 100G MAXSIZE UNLIMITED;

Tablespace created.

Elapsed: 00:02:03.15
22:13:38 SQL> CREATE TABLESPACE ARC_IDX01 DATAFILE SIZE 5G AUTOEXTEND ON NEXT 100G MAXSIZE UNLIMITED;

Tablespace created.

Elapsed: 00:00:06.18
22:13:44 SQL> CREATE TABLESPACE PSP_FLUX DATAFILE SIZE 5G AUTOEXTEND ON NEXT 100G MAXSIZE UNLIMITED;

Tablespace created.

Elapsed: 00:00:06.24
22:13:50 SQL> CREATE TABLESPACE PSP_LOG DATAFILE SIZE 10G AUTOEXTEND ON NEXT 100G MAXSIZE UNLIMITED;

Tablespace created.

Elapsed: 00:00:12.29
22:14:02 SQL> CREATE TABLESPACE TOOLS DATAFILE SIZE 5G AUTOEXTEND ON NEXT 100G MAXSIZE UNLIMITED;

Tablespace created.

Elapsed: 00:00:06.48
22:14:09 SQL> CREATE TABLESPACE GGS_DATA DATAFILE SIZE 1G AUTOEXTEND ON NEXT 1G MAXSIZE UNLIMITED;

Tablespace created.

Elapsed: 00:00:01.35
22:14:10 SQL> CREATE TABLESPACE GGT_DATA DATAFILE SIZE 1G AUTOEXTEND ON NEXT 1G MAXSIZE UNLIMITED;

Tablespace created.

Elapsed: 00:00:01.40
22:14:12 SQL> 
22:14:12 SQL> spool off
