
Import: Release 12.1.0.2.0 - Production on Sun Mar 26 20:36:56 2023

Copyright (c) 1982, 2014, Oracle and/or its affiliates.  All rights reserved.

Connected to: Oracle Database 19c Enterprise Edition Release 19.0.0.0.0 - Production
Master table "INTUADMIN"."SYS_IMPORT_TABLE_01" successfully loaded/unloaded
Starting "INTUADMIN"."SYS_IMPORT_TABLE_01":  userid=intuadmin/********@psphpp01 dumpfile=DATA_PUMP_DIR:exp_data_%U.dmp,DATA_PUMP_DIR1:exp_data1_%U.dmp,DATA_PUMP_DIR2:exp_data2_%U.dmp,DATA_PUMP_DIR3:exp_data3_%U.dmp parallel=16 TABLES=PSPADM.PSP_ENTRY_DETAIL_RECORD,PSPADM.PSP_TAX content=data_only EXCLUDE=STATISTICS logfile=DATA_PUMP_DIR:imp_psp_tables2.log 
Processing object type SCHEMA_EXPORT/TABLE/TABLE_DATA
. . imported "PSPADM"."PSP_ENTRY_DETAIL_RECORD":"ENTRY_DETAIL_RCD_M082023"      0 KB       0 rows
. . imported "PSPADM"."PSP_ENTRY_DETAIL_RECORD":"ENTRY_DETAIL_RCD_M092023"      0 KB       0 rows
. . imported "PSPADM"."PSP_ENTRY_DETAIL_RECORD":"ENTRY_DETAIL_RCD_M102023"      0 KB       0 rows
. . imported "PSPADM"."PSP_ENTRY_DETAIL_RECORD":"ENTRY_DETAIL_RCD_M112023"      0 KB       0 rows
. . imported "PSPADM"."PSP_ENTRY_DETAIL_RECORD":"ENTRY_DETAIL_RCD_M122023"      0 KB       0 rows
. . imported "PSPADM"."PSP_ENTRY_DETAIL_RECORD":"ENTRY_DETAIL_RCD_M032024"      0 KB       0 rows
. . imported "PSPADM"."PSP_ENTRY_DETAIL_RECORD":"ENTRY_DETAIL_RCD_M052024"      0 KB       0 rows
. . imported "PSPADM"."PSP_ENTRY_DETAIL_RECORD":"ENTRY_DETAIL_RCD_M062024"      0 KB       0 rows
. . imported "PSPADM"."PSP_ENTRY_DETAIL_RECORD":"ENTRY_DETAIL_RCD_M072024"      0 KB       0 rows
. . imported "PSPADM"."PSP_ENTRY_DETAIL_RECORD":"ENTRY_DETAIL_RCD_M082024"      0 KB       0 rows
. . imported "PSPADM"."PSP_ENTRY_DETAIL_RECORD":"ENTRY_DETAIL_RCD_M092024"      0 KB       0 rows
. . imported "PSPADM"."PSP_ENTRY_DETAIL_RECORD":"ENTRY_DETAIL_RCD_M102024"      0 KB       0 rows
. . imported "PSPADM"."PSP_ENTRY_DETAIL_RECORD":"ENTRY_DETAIL_RCD_M112024"      0 KB       0 rows
. . imported "PSPADM"."PSP_ENTRY_DETAIL_RECORD":"ENTRY_DETAIL_RCD_M122024"      0 KB       0 rows
. . imported "PSPADM"."PSP_ENTRY_DETAIL_RECORD":"ENTRY_DETAIL_RCD_9999"      0 KB       0 rows
. . imported "PSPADM"."PSP_ENTRY_DETAIL_RECORD":"ENTRY_DETAIL_RCD_M062021"  10.24 GB 25724972 rows
. . imported "PSPADM"."PSP_TAX"                          1220. GB 5699013323 rows
. . imported "PSPADM"."PSP_ENTRY_DETAIL_RECORD":"ENTRY_DETAIL_RCD_M082022"  10.07 GB 26900211 rows
. . imported "PSPADM"."PSP_ENTRY_DETAIL_RECORD":"ENTRY_DETAIL_RCD_M122020"  10.04 GB 25130764 rows
. . imported "PSPADM"."PSP_ENTRY_DETAIL_RECORD":"ENTRY_DETAIL_RCD_M092021"  10.00 GB 25149122 rows
. . imported "PSPADM"."PSP_ENTRY_DETAIL_RECORD":"ENTRY_DETAIL_RCD_M062022"  9.865 GB 26337944 rows
. . imported "PSPADM"."PSP_ENTRY_DETAIL_RECORD":"ENTRY_DETAIL_RCD_M032021"  9.819 GB 24518141 rows
. . imported "PSPADM"."PSP_ENTRY_DETAIL_RECORD":"ENTRY_DETAIL_RCD_M122021"  9.770 GB 26086204 rows
. . imported "PSPADM"."PSP_ENTRY_DETAIL_RECORD":"ENTRY_DETAIL_RCD_M032022"  9.682 GB 25845384 rows
. . imported "PSPADM"."PSP_ENTRY_DETAIL_RECORD":"ENTRY_DETAIL_RCD_M112022"  9.549 GB 25493187 rows
. . imported "PSPADM"."PSP_ENTRY_DETAIL_RECORD":"ENTRY_DETAIL_RCD_M092020"  9.500 GB 23868727 rows
. . imported "PSPADM"."PSP_ENTRY_DETAIL_RECORD":"ENTRY_DETAIL_RCD_M122019"  9.278 GB 24323105 rows
. . imported "PSPADM"."PSP_ENTRY_DETAIL_RECORD":"ENTRY_DETAIL_RCD_M072019"  9.217 GB 24143518 rows
. . imported "PSPADM"."PSP_ENTRY_DETAIL_RECORD":"ENTRY_DETAIL_RCD_M082021"  9.201 GB 23112199 rows
. . imported "PSPADM"."PSP_ENTRY_DETAIL_RECORD":"ENTRY_DETAIL_RCD_M102019"  9.150 GB 23986495 rows
. . imported "PSPADM"."PSP_ENTRY_DETAIL_RECORD":"ENTRY_DETAIL_RCD_M112021"  9.046 GB 22840897 rows
. . imported "PSPADM"."PSP_ENTRY_DETAIL_RECORD":"ENTRY_DETAIL_RCD_M072021"  8.963 GB 22504750 rows
. . imported "PSPADM"."PSP_ENTRY_DETAIL_RECORD":"ENTRY_DETAIL_RCD_M122022"  8.900 GB 23770627 rows
. . imported "PSPADM"."PSP_ENTRY_DETAIL_RECORD":"ENTRY_DETAIL_RCD_M102021"  8.840 GB 22193700 rows
. . imported "PSPADM"."PSP_ENTRY_DETAIL_RECORD":"ENTRY_DETAIL_RCD_M052022"  8.805 GB 23511776 rows
. . imported "PSPADM"."PSP_ENTRY_DETAIL_RECORD":"ENTRY_DETAIL_RCD_M102018"  8.775 GB 22992451 rows
. . imported "PSPADM"."PSP_ENTRY_DETAIL_RECORD":"ENTRY_DETAIL_RCD_M042021"  8.765 GB 21957272 rows
. . imported "PSPADM"."PSP_ENTRY_DETAIL_RECORD":"ENTRY_DETAIL_RCD_M052019"  8.754 GB 22950926 rows
. . imported "PSPADM"."PSP_ENTRY_DETAIL_RECORD":"ENTRY_DETAIL_RCD_M072020"  8.657 GB 22285891 rows
. . imported "PSPADM"."PSP_ENTRY_DETAIL_RECORD":"ENTRY_DETAIL_RCD_M102022"  8.631 GB 23032415 rows
. . imported "PSPADM"."PSP_ENTRY_DETAIL_RECORD":"ENTRY_DETAIL_RCD_M092022"  8.622 GB 23025146 rows
. . imported "PSPADM"."PSP_ENTRY_DETAIL_RECORD":"ENTRY_DETAIL_RCD_M052021"  8.611 GB 21631129 rows
. . imported "PSPADM"."PSP_ENTRY_DETAIL_RECORD":"ENTRY_DETAIL_RCD_M062020"  8.543 GB 22089228 rows
. . imported "PSPADM"."PSP_ENTRY_DETAIL_RECORD":"ENTRY_DETAIL_RCD_M082018"  8.522 GB 22350886 rows
. . imported "PSPADM"."PSP_ENTRY_DETAIL_RECORD":"ENTRY_DETAIL_RCD_M072022"  8.465 GB 22589888 rows
. . imported "PSPADM"."PSP_ENTRY_DETAIL_RECORD":"ENTRY_DETAIL_RCD_M042022"  8.393 GB 22390898 rows
. . imported "PSPADM"."PSP_ENTRY_DETAIL_RECORD":"ENTRY_DETAIL_RCD_M102020"  8.391 GB 21012695 rows
. . imported "PSPADM"."PSP_ENTRY_DETAIL_RECORD":"ENTRY_DETAIL_RCD_M012023"  8.374 GB 22339277 rows
. . imported "PSPADM"."PSP_ENTRY_DETAIL_RECORD":"ENTRY_DETAIL_RCD_M052018"  8.347 GB 21892360 rows
. . imported "PSPADM"."PSP_ENTRY_DETAIL_RECORD":"ENTRY_DETAIL_RCD_M112020"  8.307 GB 20747422 rows
. . imported "PSPADM"."PSP_ENTRY_DETAIL_RECORD":"ENTRY_DETAIL_RCD_M012019"  8.231 GB 21569063 rows
. . imported "PSPADM"."PSP_ENTRY_DETAIL_RECORD":"ENTRY_DETAIL_RCD_M082020"  8.142 GB 20824774 rows
. . imported "PSPADM"."PSP_ENTRY_DETAIL_RECORD":"ENTRY_DETAIL_RCD_M032020"  8.125 GB 21291343 rows
. . imported "PSPADM"."PSP_ENTRY_DETAIL_RECORD":"ENTRY_DETAIL_RCD_M022023"  8.105 GB 21639983 rows
. . imported "PSPADM"."PSP_ENTRY_DETAIL_RECORD":"ENTRY_DETAIL_RCD_M022021"  8.100 GB 20228087 rows
. . imported "PSPADM"."PSP_ENTRY_DETAIL_RECORD":"ENTRY_DETAIL_RCD_M012022"  8.070 GB 21533458 rows
. . imported "PSPADM"."PSP_ENTRY_DETAIL_RECORD":"ENTRY_DETAIL_RCD_M022022"  8.053 GB 21502590 rows
. . imported "PSPADM"."PSP_ENTRY_DETAIL_RECORD":"ENTRY_DETAIL_RCD_M042019"  7.980 GB 20896679 rows
. . imported "PSPADM"."PSP_ENTRY_DETAIL_RECORD":"ENTRY_DETAIL_RCD_M082019"  7.959 GB 20865204 rows
. . imported "PSPADM"."PSP_ENTRY_DETAIL_RECORD":"ENTRY_DETAIL_RCD_M012021"  7.958 GB 19857298 rows
. . imported "PSPADM"."PSP_ENTRY_DETAIL_RECORD":"ENTRY_DETAIL_RCD_M082017"  7.951 GB 20865192 rows
. . imported "PSPADM"."PSP_ENTRY_DETAIL_RECORD":"ENTRY_DETAIL_RCD_M092019"  7.862 GB 20606578 rows
. . imported "PSPADM"."PSP_ENTRY_DETAIL_RECORD":"ENTRY_DETAIL_RCD_M012018"  7.828 GB 20516647 rows
. . imported "PSPADM"."PSP_ENTRY_DETAIL_RECORD":"ENTRY_DETAIL_RCD_M122018"  7.822 GB 20506232 rows
. . imported "PSPADM"."PSP_ENTRY_DETAIL_RECORD":"ENTRY_DETAIL_RCD_M042020"  7.821 GB 20480194 rows
. . imported "PSPADM"."PSP_ENTRY_DETAIL_RECORD":"ENTRY_DETAIL_RCD_M052017"  7.796 GB 20458203 rows
. . imported "PSPADM"."PSP_ENTRY_DETAIL_RECORD":"ENTRY_DETAIL_RCD_M112019"  7.752 GB 20318587 rows
. . imported "PSPADM"."PSP_ENTRY_DETAIL_RECORD":"ENTRY_DETAIL_RCD_M062019"  7.714 GB 20220420 rows
. . imported "PSPADM"."PSP_ENTRY_DETAIL_RECORD":"ENTRY_DETAIL_RCD_M112017"  7.713 GB 20240026 rows
. . imported "PSPADM"."PSP_ENTRY_DETAIL_RECORD":"ENTRY_DETAIL_RCD_M012020"  7.685 GB 20128249 rows
. . imported "PSPADM"."PSP_ENTRY_DETAIL_RECORD":"ENTRY_DETAIL_RCD_M022020"  7.677 GB 20119857 rows
. . imported "PSPADM"."PSP_ENTRY_DETAIL_RECORD":"ENTRY_DETAIL_RCD_M072018"  7.615 GB 19947618 rows
. . imported "PSPADM"."PSP_ENTRY_DETAIL_RECORD":"ENTRY_DETAIL_RCD_M032019"  7.437 GB 19497324 rows
. . imported "PSPADM"."PSP_ENTRY_DETAIL_RECORD":"ENTRY_DETAIL_RCD_M082016"  7.409 GB 19453004 rows
. . imported "PSPADM"."PSP_ENTRY_DETAIL_RECORD":"ENTRY_DETAIL_RCD_M112018"  7.394 GB 19389066 rows
. . imported "PSPADM"."PSP_ENTRY_DETAIL_RECORD":"ENTRY_DETAIL_RCD_M062018"  7.341 GB 19250781 rows
. . imported "PSPADM"."PSP_ENTRY_DETAIL_RECORD":"ENTRY_DETAIL_RCD_M032017"  7.296 GB 19151413 rows
. . imported "PSPADM"."PSP_ENTRY_DETAIL_RECORD":"ENTRY_DETAIL_RCD_M022019"  7.295 GB 19124991 rows
. . imported "PSPADM"."PSP_ENTRY_DETAIL_RECORD":"ENTRY_DETAIL_RCD_M052020"  7.285 GB 19094192 rows
. . imported "PSPADM"."PSP_ENTRY_DETAIL_RECORD":"ENTRY_DETAIL_RCD_M042018"  7.233 GB 18945626 rows
. . imported "PSPADM"."PSP_ENTRY_DETAIL_RECORD":"ENTRY_DETAIL_RCD_M102017"  7.192 GB 18850125 rows
. . imported "PSPADM"."PSP_ENTRY_DETAIL_RECORD":"ENTRY_DETAIL_RCD_M092018"  7.151 GB 18749865 rows
. . imported "PSPADM"."PSP_ENTRY_DETAIL_RECORD":"ENTRY_DETAIL_RCD_M112016"  7.121 GB 18696568 rows
. . imported "PSPADM"."PSP_ENTRY_DETAIL_RECORD":"ENTRY_DETAIL_RCD_M062016"  7.065 GB 18555275 rows
. . imported "PSPADM"."PSP_ENTRY_DETAIL_RECORD":"ENTRY_DETAIL_RCD_M122017"  7.056 GB 18514021 rows
. . imported "PSPADM"."PSP_ENTRY_DETAIL_RECORD":"ENTRY_DETAIL_RCD_M032018"  7.015 GB 18400370 rows
. . imported "PSPADM"."PSP_ENTRY_DETAIL_RECORD":"ENTRY_DETAIL_RCD_M122015"  6.919 GB 18182996 rows
. . imported "PSPADM"."PSP_ENTRY_DETAIL_RECORD":"ENTRY_DETAIL_RCD_M062017"  6.918 GB 18154157 rows
. . imported "PSPADM"."PSP_ENTRY_DETAIL_RECORD":"ENTRY_DETAIL_RCD_M032016"  6.861 GB 18022831 rows
. . imported "PSPADM"."PSP_ENTRY_DETAIL_RECORD":"ENTRY_DETAIL_RCD_M022018"  6.795 GB 17823288 rows
. . imported "PSPADM"."PSP_ENTRY_DETAIL_RECORD":"ENTRY_DETAIL_RCD_M072017"  6.745 GB 17676968 rows
. . imported "PSPADM"."PSP_ENTRY_DETAIL_RECORD":"ENTRY_DETAIL_RCD_M092017"  6.659 GB 17472664 rows
. . imported "PSPADM"."PSP_ENTRY_DETAIL_RECORD":"ENTRY_DETAIL_RCD_M092015"  6.650 GB 17474083 rows
. . imported "PSPADM"."PSP_ENTRY_DETAIL_RECORD":"ENTRY_DETAIL_RCD_M122016"  6.549 GB 17193225 rows
. . imported "PSPADM"."PSP_ENTRY_DETAIL_RECORD":"ENTRY_DETAIL_RCD_M042017"  6.509 GB 17060125 rows
. . imported "PSPADM"."PSP_ENTRY_DETAIL_RECORD":"ENTRY_DETAIL_RCD_M072015"  6.480 GB 17014134 rows
. . imported "PSPADM"."PSP_ENTRY_DETAIL_RECORD":"ENTRY_DETAIL_RCD_M012017"  6.441 GB 16886703 rows
. . imported "PSPADM"."PSP_ENTRY_DETAIL_RECORD":"ENTRY_DETAIL_RCD_M102016"  6.413 GB 16816342 rows
. . imported "PSPADM"."PSP_ENTRY_DETAIL_RECORD":"ENTRY_DETAIL_RCD_M122014"  6.397 GB 16818877 rows
. . imported "PSPADM"."PSP_ENTRY_DETAIL_RECORD":"ENTRY_DETAIL_RCD_M052016"  6.374 GB 16731244 rows
. . imported "PSPADM"."PSP_ENTRY_DETAIL_RECORD":"ENTRY_DETAIL_RCD_M042015"  6.272 GB 16464180 rows
. . imported "PSPADM"."PSP_ENTRY_DETAIL_RECORD":"ENTRY_DETAIL_RCD_M022017"  6.264 GB 16440737 rows
. . imported "PSPADM"."PSP_ENTRY_DETAIL_RECORD":"ENTRY_DETAIL_RCD_M092016"  6.229 GB 16355417 rows
. . imported "PSPADM"."PSP_ENTRY_DETAIL_RECORD":"ENTRY_DETAIL_RCD_M072016"  6.148 GB 16123911 rows
. . imported "PSPADM"."PSP_ENTRY_DETAIL_RECORD":"ENTRY_DETAIL_RCD_M062015"  6.093 GB 16007073 rows
. . imported "PSPADM"."PSP_ENTRY_DETAIL_RECORD":"ENTRY_DETAIL_RCD_M042016"  6.065 GB 15904311 rows
. . imported "PSPADM"."PSP_ENTRY_DETAIL_RECORD":"ENTRY_DETAIL_RCD_M072014"  6.013 GB 15793825 rows
. . imported "PSPADM"."PSP_ENTRY_DETAIL_RECORD":"ENTRY_DETAIL_RCD_M102014"  6.008 GB 15780690 rows
. . imported "PSPADM"."PSP_ENTRY_DETAIL_RECORD":"ENTRY_DETAIL_RCD_M022016"  5.940 GB 15598366 rows
. . imported "PSPADM"."PSP_ENTRY_DETAIL_RECORD":"ENTRY_DETAIL_RCD_M102015"  5.908 GB 15505718 rows
. . imported "PSPADM"."PSP_ENTRY_DETAIL_RECORD":"ENTRY_DETAIL_RCD_M082015"  5.882 GB 15451956 rows
. . imported "PSPADM"."PSP_ENTRY_DETAIL_RECORD":"ENTRY_DETAIL_RCD_M112015"  5.801 GB 15235045 rows
. . imported "PSPADM"."PSP_ENTRY_DETAIL_RECORD":"ENTRY_DETAIL_RCD_M042014"  5.783 GB 15186157 rows
. . imported "PSPADM"."PSP_ENTRY_DETAIL_RECORD":"ENTRY_DETAIL_RCD_M032015"  5.717 GB 15020936 rows
. . imported "PSPADM"."PSP_ENTRY_DETAIL_RECORD":"ENTRY_DETAIL_RCD_M012016"  5.672 GB 14879371 rows
. . imported "PSPADM"."PSP_ENTRY_DETAIL_RECORD":"ENTRY_DETAIL_RCD_M122013"  5.612 GB 14765057 rows
. . imported "PSPADM"."PSP_ENTRY_DETAIL_RECORD":"ENTRY_DETAIL_RCD_M052015"  5.599 GB 14712937 rows
. . imported "PSPADM"."PSP_ENTRY_DETAIL_RECORD":"ENTRY_DETAIL_RCD_M032023"  5.579 GB 14895941 rows
. . imported "PSPADM"."PSP_ENTRY_DETAIL_RECORD":"ENTRY_DETAIL_RCD_M102013"  5.473 GB 14383904 rows
. . imported "PSPADM"."PSP_ENTRY_DETAIL_RECORD":"ENTRY_DETAIL_RCD_M092014"  5.452 GB 14331547 rows
. . imported "PSPADM"."PSP_ENTRY_DETAIL_RECORD":"ENTRY_DETAIL_RCD_M072013"  5.420 GB 14236481 rows
. . imported "PSPADM"."PSP_ENTRY_DETAIL_RECORD":"ENTRY_DETAIL_RCD_M022015"  5.297 GB 13922178 rows
. . imported "PSPADM"."PSP_ENTRY_DETAIL_RECORD":"ENTRY_DETAIL_RCD_M062014"  5.294 GB 13913240 rows
. . imported "PSPADM"."PSP_ENTRY_DETAIL_RECORD":"ENTRY_DETAIL_RCD_M082014"  5.272 GB 13860742 rows
. . imported "PSPADM"."PSP_ENTRY_DETAIL_RECORD":"ENTRY_DETAIL_RCD_M012015"  5.236 GB 13743774 rows
. . imported "PSPADM"."PSP_ENTRY_DETAIL_RECORD":"ENTRY_DETAIL_RCD_M112014"  5.218 GB 13714765 rows
. . imported "PSPADM"."PSP_ENTRY_DETAIL_RECORD":"ENTRY_DETAIL_RCD_M052014"  5.120 GB 13462154 rows
. . imported "PSPADM"."PSP_ENTRY_DETAIL_RECORD":"ENTRY_DETAIL_RCD_M052013"  5.097 GB 13411085 rows
. . imported "PSPADM"."PSP_ENTRY_DETAIL_RECORD":"ENTRY_DETAIL_RCD_M032014"  5.017 GB 13186773 rows
. . imported "PSPADM"."PSP_ENTRY_DETAIL_RECORD":"ENTRY_DETAIL_RCD_M102012"  4.956 GB 13011489 rows
. . imported "PSPADM"."PSP_ENTRY_DETAIL_RECORD":"ENTRY_DETAIL_RCD_M012014"  4.804 GB 12613867 rows
. . imported "PSPADM"."PSP_ENTRY_DETAIL_RECORD":"ENTRY_DETAIL_RCD_M022014"  4.791 GB 12595931 rows
. . imported "PSPADM"."PSP_ENTRY_DETAIL_RECORD":"ENTRY_DETAIL_RCD_M082013"  4.765 GB 12534567 rows
. . imported "PSPADM"."PSP_ENTRY_DETAIL_RECORD":"ENTRY_DETAIL_RCD_M012013"  4.762 GB 12507475 rows
. . imported "PSPADM"."PSP_ENTRY_DETAIL_RECORD":"ENTRY_DETAIL_RCD_M092013"  4.727 GB 12431217 rows
. . imported "PSPADM"."PSP_ENTRY_DETAIL_RECORD":"ENTRY_DETAIL_RCD_M042013"  4.716 GB 12377894 rows
. . imported "PSPADM"."PSP_ENTRY_DETAIL_RECORD":"ENTRY_DETAIL_RCD_M112013"  4.709 GB 12386194 rows
. . imported "PSPADM"."PSP_ENTRY_DETAIL_RECORD":"ENTRY_DETAIL_RCD_M062013"  4.551 GB 11970025 rows
. . imported "PSPADM"."PSP_ENTRY_DETAIL_RECORD":"ENTRY_DETAIL_RCD_M122012"  4.447 GB 11688002 rows
. . imported "PSPADM"."PSP_ENTRY_DETAIL_RECORD":"ENTRY_DETAIL_RCD_M032013"  4.363 GB 11476444 rows
. . imported "PSPADM"."PSP_ENTRY_DETAIL_RECORD":"ENTRY_DETAIL_RCD_M022013"  4.258 GB 11198377 rows
. . imported "PSPADM"."PSP_ENTRY_DETAIL_RECORD":"ENTRY_DETAIL_RCD_M112012"  4.236 GB 11141771 rows
. . imported "PSPADM"."PSP_ENTRY_DETAIL_RECORD":"ENTRY_DETAIL_RCD_M082012"  3.887 GB 10181118 rows
. . imported "PSPADM"."PSP_ENTRY_DETAIL_RECORD":"ENTRY_DETAIL_RCD_M052012"  3.755 GB 9834884 rows
. . imported "PSPADM"."PSP_ENTRY_DETAIL_RECORD":"ENTRY_DETAIL_RCD_M072012"  3.524 GB 9202047 rows
. . imported "PSPADM"."PSP_ENTRY_DETAIL_RECORD":"ENTRY_DETAIL_RCD_M022012"  3.403 GB 8906329 rows
. . imported "PSPADM"."PSP_ENTRY_DETAIL_RECORD":"ENTRY_DETAIL_RCD_M062012"  3.343 GB 8750991 rows
. . imported "PSPADM"."PSP_ENTRY_DETAIL_RECORD":"ENTRY_DETAIL_RCD_M042012"  3.328 GB 8682025 rows
. . imported "PSPADM"."PSP_ENTRY_DETAIL_RECORD":"ENTRY_DETAIL_RCD_M092012"  3.318 GB 8690076 rows
. . imported "PSPADM"."PSP_ENTRY_DETAIL_RECORD":"ENTRY_DETAIL_RCD_M082011"  3.262 GB 8588492 rows
. . imported "PSPADM"."PSP_ENTRY_DETAIL_RECORD":"ENTRY_DETAIL_RCD_M112011"  3.260 GB 8558600 rows
. . imported "PSPADM"."PSP_ENTRY_DETAIL_RECORD":"ENTRY_DETAIL_RCD_M032012"  3.165 GB 8289901 rows
. . imported "PSPADM"."PSP_ENTRY_DETAIL_RECORD":"ENTRY_DETAIL_RCD_M012012"  3.063 GB 8026289 rows
. . imported "PSPADM"."PSP_ENTRY_DETAIL_RECORD":"ENTRY_DETAIL_RCD_M122011"  3.049 GB 8003156 rows
. . imported "PSPADM"."PSP_ENTRY_DETAIL_RECORD":"ENTRY_DETAIL_RCD_M062011"  2.965 GB 7805414 rows
. . imported "PSPADM"."PSP_ENTRY_DETAIL_RECORD":"ENTRY_DETAIL_RCD_M102011"  2.924 GB 7679238 rows
. . imported "PSPADM"."PSP_ENTRY_DETAIL_RECORD":"ENTRY_DETAIL_RCD_M032011"  2.816 GB 7414993 rows
. . imported "PSPADM"."PSP_ENTRY_DETAIL_RECORD":"ENTRY_DETAIL_RCD_M092011"  2.790 GB 7345921 rows
. . imported "PSPADM"."PSP_ENTRY_DETAIL_RECORD":"ENTRY_DETAIL_RCD_M052011"  2.766 GB 7282387 rows
. . imported "PSPADM"."PSP_ENTRY_DETAIL_RECORD":"ENTRY_DETAIL_RCD_M072011"  2.680 GB 7056595 rows
. . imported "PSPADM"."PSP_ENTRY_DETAIL_RECORD":"ENTRY_DETAIL_RCD_M062010"  2.628 GB 6925768 rows
. . imported "PSPADM"."PSP_ENTRY_DETAIL_RECORD":"ENTRY_DETAIL_RCD_M122010"  2.610 GB 6875060 rows
. . imported "PSPADM"."PSP_ENTRY_DETAIL_RECORD":"ENTRY_DETAIL_RCD_M042011"  2.589 GB 6817156 rows
. . imported "PSPADM"."PSP_ENTRY_DETAIL_RECORD":"ENTRY_DETAIL_RCD_M092010"  2.537 GB 6684597 rows
. . imported "PSPADM"."PSP_ENTRY_DETAIL_RECORD":"ENTRY_DETAIL_RCD_M032010"  2.496 GB 6578042 rows
. . imported "PSPADM"."PSP_ENTRY_DETAIL_RECORD":"ENTRY_DETAIL_RCD_M082010"  2.410 GB 6351924 rows
. . imported "PSPADM"."PSP_ENTRY_DETAIL_RECORD":"ENTRY_DETAIL_RCD_M122009"  2.345 GB 6180282 rows
. . imported "PSPADM"."PSP_ENTRY_DETAIL_RECORD":"ENTRY_DETAIL_RCD_M112010"  2.341 GB 6165838 rows
. . imported "PSPADM"."PSP_ENTRY_DETAIL_RECORD":"ENTRY_DETAIL_RCD_M022011"  2.340 GB 6162227 rows
. . imported "PSPADM"."PSP_ENTRY_DETAIL_RECORD":"ENTRY_DETAIL_RCD_M012011"  2.312 GB 6090857 rows
. . imported "PSPADM"."PSP_ENTRY_DETAIL_RECORD":"ENTRY_DETAIL_RCD_M072010"  2.275 GB 5997487 rows
. . imported "PSPADM"."PSP_ENTRY_DETAIL_RECORD":"ENTRY_DETAIL_RCD_M102010"  2.252 GB 5932621 rows
. . imported "PSPADM"."PSP_ENTRY_DETAIL_RECORD":"ENTRY_DETAIL_RCD_M092009"  2.246 GB 5916380 rows
. . imported "PSPADM"."PSP_ENTRY_DETAIL_RECORD":"ENTRY_DETAIL_RCD_M052010"  2.232 GB 5882447 rows
. . imported "PSPADM"."PSP_ENTRY_DETAIL_RECORD":"ENTRY_DETAIL_RCD_M042010"  2.208 GB 5819488 rows
. . imported "PSPADM"."PSP_ENTRY_DETAIL_RECORD":"ENTRY_DETAIL_RCD_M072009"  2.144 GB 5649904 rows
. . imported "PSPADM"."PSP_ENTRY_DETAIL_RECORD":"ENTRY_DETAIL_RCD_M022010"  2.057 GB 5419868 rows
. . imported "PSPADM"."PSP_ENTRY_DETAIL_RECORD":"ENTRY_DETAIL_RCD_M102009"  2.005 GB 5284932 rows
. . imported "PSPADM"."PSP_ENTRY_DETAIL_RECORD":"ENTRY_DETAIL_RCD_M082009"  1.985 GB 5231370 rows
. . imported "PSPADM"."PSP_ENTRY_DETAIL_RECORD":"ENTRY_DETAIL_RCD_M012010"  1.978 GB 5211816 rows
. . imported "PSPADM"."PSP_ENTRY_DETAIL_RECORD":"ENTRY_DETAIL_RCD_M112009"  1.973 GB 5199075 rows
. . imported "PSPADM"."PSP_ENTRY_DETAIL_RECORD":"ENTRY_DETAIL_RCD_M042023"  54.10 MB  119891 rows
. . imported "PSPADM"."PSP_ENTRY_DETAIL_RECORD":"ENTRY_DETAIL_RCD_M012024"  425.4 KB     854 rows
. . imported "PSPADM"."PSP_ENTRY_DETAIL_RECORD":"ENTRY_DETAIL_RCD_M072023"  82.92 KB     141 rows
. . imported "PSPADM"."PSP_ENTRY_DETAIL_RECORD":"ENTRY_DETAIL_RCD_M062023"  71.29 KB     114 rows
. . imported "PSPADM"."PSP_ENTRY_DETAIL_RECORD":"ENTRY_DETAIL_RCD_M052023"  58.07 KB      88 rows
. . imported "PSPADM"."PSP_ENTRY_DETAIL_RECORD":"ENTRY_DETAIL_RCD_M022024"  32.70 KB      34 rows
. . imported "PSPADM"."PSP_ENTRY_DETAIL_RECORD":"ENTRY_DETAIL_RCD_M042024"  19.58 KB       6 rows
Job "INTUADMIN"."SYS_IMPORT_TABLE_01" successfully completed at Mon Mar 27 11:14:54 2023 elapsed 0 14:37:56

