09:40:07 SQL> 
09:40:07 SQL> --------------------------------------------------------
09:40:07 SQL> --  DDL for Table PSP_FINANCIAL_TRANSACTION
09:40:07 SQL> --------------------------------------------------------
09:40:07 SQL> 	CREATE TABLE "PSPADM"."PSP_FINANCIAL_TRANSACTION"
09:40:07   2  	 (    "FINANCIAL_TRANSACTION_SEQ" VARCHAR2(255),
09:40:07   3  	      "VERSION" NUMBER(19,0),
09:40:07   4  	      "CREATOR_ID" VARCHAR2(30),
09:40:07   5  	      "CREATED_DATE" TIMESTAMP (6),
09:40:07   6  	      "MODIFIER_ID" VARCHAR2(30),
09:40:07   7  	      "MODIFIED_DATE" TIMESTAMP (6),
09:40:07   8  	      "REALM_ID" NUMBER(19,0) DEFAULT -1,
09:40:07   9  	      "FINANCIAL_TRANSACTION_AMOUNT" NUMBER(19,4),
09:40:07  10  	      "SETTLEMENT_DATE" TIMESTAMP (6),
09:40:07  11  	      "SETTLEMENT_TYPE_CD" VARCHAR2(255),
09:40:07  12  	      "CREDIT_BANK_ACCOUNT_TYPE" VARCHAR2(255),
09:40:07  13  	      "DEBIT_BANK_ACCOUNT_TYPE" VARCHAR2(255),
09:40:07  14  	      "ON_HOLD" NUMBER(1,0),
09:40:07  15  	      "SKU" VARCHAR2(40),
09:40:07  16  	      "SKU_QUANTITY" NUMBER(10,0),
09:40:07  17  	      "BILLING_DETAIL_FK" VARCHAR2(255),
09:40:07  18  	      "CREDIT_BANK_ACCOUNT_FK" VARCHAR2(255),
09:40:07  19  	      "DEBIT_BANK_ACCOUNT_FK" VARCHAR2(255),
09:40:07  20  	      "COMPANY_FK" VARCHAR2(255),
09:40:07  21  	      "PAYROLL_RUN_FK" VARCHAR2(255),
09:40:07  22  	      "PAYCHECK_SPLIT_FK" VARCHAR2(255),
09:40:07  23  	      "TRANSACTION_TYPE_FK" VARCHAR2(255),
09:40:07  24  	      "LAW_FK" VARCHAR2(255),
09:40:07  25  	      "CURRENT_TRANSACTION_STATE_FK" VARCHAR2(255),
09:40:07  26  	      "ORIGINAL_TRANSACTION_FK" VARCHAR2(255),
09:40:07  27  	      "MONEY_MOVEMENT_TRANSACTION_FK" VARCHAR2(255),
09:40:07  28  	      "ORIGINAL_SETTLEMENT_DATE" TIMESTAMP (6),
09:40:07  29  	      "REFUND_TYPE" VARCHAR2(255 CHAR),
09:40:07  30  	      "COMP_ADJUST_SUBMISSION_FK" VARCHAR2(255 CHAR),
09:40:07  31  	      "TAX_PENALTY_INTEREST_FK" VARCHAR2(255 CHAR),
09:40:07  32  	      "RELATABLE_TRANSACTION_FK" VARCHAR2(255 CHAR),
09:40:07  33  	      "BILL_PAYMENT_SPLIT_FK" VARCHAR2(255 CHAR),
09:40:07  34  	      "COMPANY_LAW_FK" VARCHAR2(255 CHAR)
09:40:07  35  	 )
09:40:07  36  	TABLESPACE "PSP_DATA01"
09:40:07  37  	PARTITION BY HASH ("COMPANY_FK")
09:40:07  38  	PARTITIONS 16;

Table created.

Elapsed: 00:00:00.03
09:40:07 SQL> 
09:40:07 SQL> 	GRANT DELETE ON "PSPADM"."PSP_FINANCIAL_TRANSACTION" TO "PSPHIST_QBOE";

Grant succeeded.

Elapsed: 00:00:00.00
09:40:07 SQL> 	GRANT INSERT ON "PSPADM"."PSP_FINANCIAL_TRANSACTION" TO "PSPHIST_QBOE";

Grant succeeded.

Elapsed: 00:00:00.00
09:40:07 SQL> 	GRANT SELECT ON "PSPADM"."PSP_FINANCIAL_TRANSACTION" TO "PSPHIST_QBOE";

Grant succeeded.

Elapsed: 00:00:00.01
09:40:07 SQL> 	GRANT SELECT ON "PSPADM"."PSP_FINANCIAL_TRANSACTION" TO "PSPREAD";
  GRANT SELECT ON "PSPADM"."PSP_FINANCIAL_TRANSACTION" TO "PSPREAD"
                                                          *
ERROR at line 1:
ORA-01917: user or role 'PSPREAD' does not exist 


Elapsed: 00:00:00.00
09:40:07 SQL> 	GRANT SELECT ON "PSPADM"."PSP_FINANCIAL_TRANSACTION" TO "DIYMIGADM";
  GRANT SELECT ON "PSPADM"."PSP_FINANCIAL_TRANSACTION" TO "DIYMIGADM"
                                                          *
ERROR at line 1:
ORA-01917: user or role 'DIYMIGADM' does not exist 


Elapsed: 00:00:00.00
09:40:07 SQL> 	GRANT SELECT ON "PSPADM"."PSP_FINANCIAL_TRANSACTION" TO "PSPREAD_ROLE";

Grant succeeded.

Elapsed: 00:00:00.00
09:40:07 SQL> 	GRANT UPDATE ON "PSPADM"."PSP_FINANCIAL_TRANSACTION" TO "PSPAPP_ROLE";

Grant succeeded.

Elapsed: 00:00:00.01
09:40:07 SQL> 	GRANT SELECT ON "PSPADM"."PSP_FINANCIAL_TRANSACTION" TO "PSPAPP_ROLE";

Grant succeeded.

Elapsed: 00:00:00.00
09:40:07 SQL> 	GRANT INSERT ON "PSPADM"."PSP_FINANCIAL_TRANSACTION" TO "PSPAPP_ROLE";

Grant succeeded.

Elapsed: 00:00:00.00
09:40:07 SQL> 	GRANT DELETE ON "PSPADM"."PSP_FINANCIAL_TRANSACTION" TO "PSPAPP_ROLE";

Grant succeeded.

Elapsed: 00:00:00.00
09:40:07 SQL> 	GRANT SELECT ON "PSPADM"."PSP_FINANCIAL_TRANSACTION" TO "PSPREAD_AWS";
  GRANT SELECT ON "PSPADM"."PSP_FINANCIAL_TRANSACTION" TO "PSPREAD_AWS"
                                                          *
ERROR at line 1:
ORA-01917: user or role 'PSPREAD_AWS' does not exist 


Elapsed: 00:00:00.01
09:40:07 SQL> 	GRANT SELECT ON "PSPADM"."PSP_FINANCIAL_TRANSACTION" TO "PSPADM_RO_AWS";

Grant succeeded.

Elapsed: 00:00:00.00
09:40:07 SQL> --------------------------------------------------------
09:40:07 SQL> --  DDL for Table PSP_COMPANY_EVENT
09:40:07 SQL> --------------------------------------------------------
09:40:07 SQL> 
09:40:07 SQL> 	CREATE TABLE "PSPADM"."PSP_COMPANY_EVENT"
09:40:07   2  	 (    "COMPANY_EVENT_SEQ" VARCHAR2(255 CHAR),
09:40:07   3  	      "VERSION" NUMBER(19,0),
09:40:07   4  	      "CREATOR_ID" VARCHAR2(30 CHAR),
09:40:07   5  	      "CREATED_DATE" TIMESTAMP (6),
09:40:07   6  	      "MODIFIER_ID" VARCHAR2(30 CHAR),
09:40:07   7  	      "MODIFIED_DATE" TIMESTAMP (6),
09:40:07   8  	      "REALM_ID" NUMBER(19,0) DEFAULT -1,
09:40:07   9  	      "EVENT_TIME_STAMP" TIMESTAMP (6),
09:40:07  10  	      "STATUS_EFFECTIVE_DATE" TIMESTAMP (6),
09:40:07  11  	      "STATUS_CD" VARCHAR2(255 CHAR),
09:40:07  12  	      "EVENT_TYPE_CD" VARCHAR2(255 CHAR),
09:40:07  13  	      "EVENT_TOKEN" NUMBER(19,0),
09:40:07  14  	      "SOURCE_ID" VARCHAR2(100 CHAR),
09:40:07  15  	      "COMPANY_FK" VARCHAR2(255 CHAR),
09:40:07  16  	      "NOTE_LAST_UPDATED_DATE" TIMESTAMP (6)
09:40:07  17  	 )
09:40:07  18  	TABLESPACE "PSP_DATA02"
09:40:07  19  	PARTITION BY HASH ("COMPANY_FK")
09:40:07  20  	PARTITIONS 8;

Table created.

Elapsed: 00:00:00.01
09:40:07 SQL> 	GRANT SELECT ON "PSPADM"."PSP_COMPANY_EVENT" TO "ICADMIN";
  GRANT SELECT ON "PSPADM"."PSP_COMPANY_EVENT" TO "ICADMIN"
                                                  *
ERROR at line 1:
ORA-01917: user or role 'ICADMIN' does not exist 


Elapsed: 00:00:00.00
09:40:07 SQL> 	GRANT SELECT ON "PSPADM"."PSP_COMPANY_EVENT" TO "DIYMIGADM";
  GRANT SELECT ON "PSPADM"."PSP_COMPANY_EVENT" TO "DIYMIGADM"
                                                  *
ERROR at line 1:
ORA-01917: user or role 'DIYMIGADM' does not exist 


Elapsed: 00:00:00.00
09:40:07 SQL> 	GRANT DELETE ON "PSPADM"."PSP_COMPANY_EVENT" TO "PSPAPP_ROLE";

Grant succeeded.

Elapsed: 00:00:00.00
09:40:07 SQL> 	GRANT INSERT ON "PSPADM"."PSP_COMPANY_EVENT" TO "PSPAPP_ROLE";

Grant succeeded.

Elapsed: 00:00:00.01
09:40:07 SQL> 	GRANT SELECT ON "PSPADM"."PSP_COMPANY_EVENT" TO "PSPAPP_ROLE";

Grant succeeded.

Elapsed: 00:00:00.00
09:40:07 SQL> 	GRANT UPDATE ON "PSPADM"."PSP_COMPANY_EVENT" TO "PSPAPP_ROLE";

Grant succeeded.

Elapsed: 00:00:00.00
09:40:07 SQL> 	GRANT SELECT ON "PSPADM"."PSP_COMPANY_EVENT" TO "PSPREAD";
  GRANT SELECT ON "PSPADM"."PSP_COMPANY_EVENT" TO "PSPREAD"
                                                  *
ERROR at line 1:
ORA-01917: user or role 'PSPREAD' does not exist 


Elapsed: 00:00:00.00
09:40:07 SQL> 	GRANT SELECT ON "PSPADM"."PSP_COMPANY_EVENT" TO "PSPREAD_ROLE";

Grant succeeded.

Elapsed: 00:00:00.00
09:40:07 SQL> 	GRANT SELECT ON "PSPADM"."PSP_COMPANY_EVENT" TO "PSPHIST_QBOE";

Grant succeeded.

Elapsed: 00:00:00.01
09:40:07 SQL> 	GRANT INSERT ON "PSPADM"."PSP_COMPANY_EVENT" TO "PSPHIST_QBOE";

Grant succeeded.

Elapsed: 00:00:00.00
09:40:07 SQL> 	GRANT DELETE ON "PSPADM"."PSP_COMPANY_EVENT" TO "PSPHIST_QBOE";

Grant succeeded.

Elapsed: 00:00:00.00
09:40:07 SQL> 	GRANT SELECT ON "PSPADM"."PSP_COMPANY_EVENT" TO "PSPREAD_AWS";
  GRANT SELECT ON "PSPADM"."PSP_COMPANY_EVENT" TO "PSPREAD_AWS"
                                                  *
ERROR at line 1:
ORA-01917: user or role 'PSPREAD_AWS' does not exist 


Elapsed: 00:00:00.00
09:40:07 SQL> 	GRANT SELECT ON "PSPADM"."PSP_COMPANY_EVENT" TO "PSPADM_RO_AWS";

Grant succeeded.

Elapsed: 00:00:00.01
09:40:07 SQL> --------------------------------------------------------
09:40:07 SQL> --  DDL for Table PSP_COMPANY_EVENT_DETAIL
09:40:07 SQL> --------------------------------------------------------
09:40:07 SQL> 
09:40:07 SQL> 	CREATE TABLE "PSPADM"."PSP_COMPANY_EVENT_DETAIL"
09:40:07   2  	 (    "COMPANY_EVENT_DETAIL_SEQ" VARCHAR2(255 CHAR),
09:40:07   3  	      "VERSION" NUMBER(19,0),
09:40:07   4  	      "CREATOR_ID" VARCHAR2(30 CHAR),
09:40:07   5  	      "CREATED_DATE" TIMESTAMP (6),
09:40:07   6  	      "MODIFIER_ID" VARCHAR2(30 CHAR),
09:40:07   7  	      "MODIFIED_DATE" TIMESTAMP (6),
09:40:07   8  	      "REALM_ID" NUMBER(19,0) DEFAULT -1,
09:40:07   9  	      "VALUE" VARCHAR2(4000 CHAR),
09:40:07  10  	      "EVENT_DETAIL_TYPE_CD" VARCHAR2(255 CHAR),
09:40:07  11  	      "COMPANY_EVENT_FK" VARCHAR2(255 CHAR),
09:40:07  12  	      "EVENT_DETAIL_SUBTYPE" VARCHAR2(100 CHAR),
09:40:07  13  	      "COMPANY_FK" VARCHAR2(255 CHAR)
09:40:07  14  	 )
09:40:07  15  	TABLESPACE "PSP_DATA03"
09:40:07  16  	PARTITION BY HASH ("COMPANY_FK")
09:40:07  17  	PARTITIONS 8;

Table created.

Elapsed: 00:00:00.00
09:40:07 SQL> 	GRANT DELETE ON "PSPADM"."PSP_COMPANY_EVENT_DETAIL" TO "PSPHIST_QBOE";

Grant succeeded.

Elapsed: 00:00:00.01
09:40:07 SQL> 	GRANT INSERT ON "PSPADM"."PSP_COMPANY_EVENT_DETAIL" TO "PSPHIST_QBOE";

Grant succeeded.

Elapsed: 00:00:00.00
09:40:07 SQL> 	GRANT SELECT ON "PSPADM"."PSP_COMPANY_EVENT_DETAIL" TO "PSPHIST_QBOE";

Grant succeeded.

Elapsed: 00:00:00.00
09:40:07 SQL> 	GRANT SELECT ON "PSPADM"."PSP_COMPANY_EVENT_DETAIL" TO "PSPREAD";
  GRANT SELECT ON "PSPADM"."PSP_COMPANY_EVENT_DETAIL" TO "PSPREAD"
                                                         *
ERROR at line 1:
ORA-01917: user or role 'PSPREAD' does not exist 


Elapsed: 00:00:00.00
09:40:07 SQL> 	GRANT SELECT ON "PSPADM"."PSP_COMPANY_EVENT_DETAIL" TO "PSPREAD_ROLE";

Grant succeeded.

Elapsed: 00:00:00.00
09:40:07 SQL> 	GRANT UPDATE ON "PSPADM"."PSP_COMPANY_EVENT_DETAIL" TO "PSPAPP_ROLE";

Grant succeeded.

Elapsed: 00:00:00.01
09:40:07 SQL> 	GRANT SELECT ON "PSPADM"."PSP_COMPANY_EVENT_DETAIL" TO "PSPAPP_ROLE";

Grant succeeded.

Elapsed: 00:00:00.00
09:40:07 SQL> 	GRANT INSERT ON "PSPADM"."PSP_COMPANY_EVENT_DETAIL" TO "PSPAPP_ROLE";

Grant succeeded.

Elapsed: 00:00:00.00
09:40:07 SQL> 	GRANT DELETE ON "PSPADM"."PSP_COMPANY_EVENT_DETAIL" TO "PSPAPP_ROLE";

Grant succeeded.

Elapsed: 00:00:00.00
09:40:07 SQL> 	GRANT SELECT ON "PSPADM"."PSP_COMPANY_EVENT_DETAIL" TO "DIYMIGADM";
  GRANT SELECT ON "PSPADM"."PSP_COMPANY_EVENT_DETAIL" TO "DIYMIGADM"
                                                         *
ERROR at line 1:
ORA-01917: user or role 'DIYMIGADM' does not exist 


Elapsed: 00:00:00.01
09:40:07 SQL> 	GRANT SELECT ON "PSPADM"."PSP_COMPANY_EVENT_DETAIL" TO "PSPREAD_AWS";
  GRANT SELECT ON "PSPADM"."PSP_COMPANY_EVENT_DETAIL" TO "PSPREAD_AWS"
                                                         *
ERROR at line 1:
ORA-01917: user or role 'PSPREAD_AWS' does not exist 


Elapsed: 00:00:00.00
09:40:07 SQL> 	GRANT SELECT ON "PSPADM"."PSP_COMPANY_EVENT_DETAIL" TO "PSPADM_RO_AWS";

Grant succeeded.

Elapsed: 00:00:00.00
09:40:07 SQL> --------------------------------------------------------
09:40:07 SQL> --  DDL for Table PSP_COMPANY_EVENT_EMAIL_PARAM
09:40:07 SQL> --------------------------------------------------------
09:40:07 SQL> 
09:40:07 SQL> 	CREATE TABLE "PSPADM"."PSP_COMPANY_EVENT_EMAIL_PARAM"
09:40:07   2  	 (    "COMPANY_EVENT_EMAIL_PARAM_SEQ" VARCHAR2(255 CHAR),
09:40:07   3  	      "VERSION" NUMBER(19,0),
09:40:07   4  	      "CREATOR_ID" VARCHAR2(30 CHAR),
09:40:07   5  	      "CREATED_DATE" TIMESTAMP (6),
09:40:07   6  	      "MODIFIER_ID" VARCHAR2(30 CHAR),
09:40:07   7  	      "MODIFIED_DATE" TIMESTAMP (6),
09:40:07   8  	      "REALM_ID" NUMBER(19,0) DEFAULT -1,
09:40:07   9  	      "PARAM_TYPE_CD" VARCHAR2(255 CHAR),
09:40:07  10  	      "VALUE" VARCHAR2(4000 CHAR),
09:40:07  11  	      "COMPANY_EVENT_EMAIL_FK" VARCHAR2(255 CHAR),
09:40:07  12  	      "COMPANY_FK" VARCHAR2(255 CHAR)
09:40:07  13  	 )
09:40:07  14  	TABLESPACE "PSP_DATA04"
09:40:07  15  	PARTITION BY HASH ("COMPANY_FK")
09:40:07  16  	PARTITIONS 8;

Table created.

Elapsed: 00:00:00.01
09:40:07 SQL> 	GRANT SELECT ON "PSPADM"."PSP_COMPANY_EVENT_EMAIL_PARAM" TO "PSPHIST_QBOE";

Grant succeeded.

Elapsed: 00:00:00.00
09:40:07 SQL> 	GRANT SELECT ON "PSPADM"."PSP_COMPANY_EVENT_EMAIL_PARAM" TO "PSPREAD_ROLE";

Grant succeeded.

Elapsed: 00:00:00.00
09:40:07 SQL> 	GRANT SELECT ON "PSPADM"."PSP_COMPANY_EVENT_EMAIL_PARAM" TO "PSPREAD";
  GRANT SELECT ON "PSPADM"."PSP_COMPANY_EVENT_EMAIL_PARAM" TO "PSPREAD"
                                                              *
ERROR at line 1:
ORA-01917: user or role 'PSPREAD' does not exist 


Elapsed: 00:00:00.00
09:40:07 SQL> 	GRANT UPDATE ON "PSPADM"."PSP_COMPANY_EVENT_EMAIL_PARAM" TO "PSPAPP_ROLE";

Grant succeeded.

Elapsed: 00:00:00.01
09:40:07 SQL> 	GRANT DELETE ON "PSPADM"."PSP_COMPANY_EVENT_EMAIL_PARAM" TO "PSPAPP_ROLE";

Grant succeeded.

Elapsed: 00:00:00.00
09:40:07 SQL> 	GRANT SELECT ON "PSPADM"."PSP_COMPANY_EVENT_EMAIL_PARAM" TO "PSPAPP_ROLE";

Grant succeeded.

Elapsed: 00:00:00.00
09:40:07 SQL> 	GRANT INSERT ON "PSPADM"."PSP_COMPANY_EVENT_EMAIL_PARAM" TO "PSPAPP_ROLE";

Grant succeeded.

Elapsed: 00:00:00.00
09:40:07 SQL> 	GRANT DELETE ON "PSPADM"."PSP_COMPANY_EVENT_EMAIL_PARAM" TO "PSPHIST_QBOE";

Grant succeeded.

Elapsed: 00:00:00.01
09:40:07 SQL> 	GRANT INSERT ON "PSPADM"."PSP_COMPANY_EVENT_EMAIL_PARAM" TO "PSPHIST_QBOE";

Grant succeeded.

Elapsed: 00:00:00.00
09:40:07 SQL> 	GRANT SELECT ON "PSPADM"."PSP_COMPANY_EVENT_EMAIL_PARAM" TO "PSPREAD_AWS";
  GRANT SELECT ON "PSPADM"."PSP_COMPANY_EVENT_EMAIL_PARAM" TO "PSPREAD_AWS"
                                                              *
ERROR at line 1:
ORA-01917: user or role 'PSPREAD_AWS' does not exist 


Elapsed: 00:00:00.00
09:40:07 SQL> 	GRANT SELECT ON "PSPADM"."PSP_COMPANY_EVENT_EMAIL_PARAM" TO "PSPADM_RO_AWS";

Grant succeeded.

Elapsed: 00:00:00.00
09:40:07 SQL> 	--------------------------------------------------------
09:40:07 SQL> --  DDL for Table PSP_COMPENSATION
09:40:07 SQL> --------------------------------------------------------
09:40:07 SQL> 
09:40:07 SQL> 	CREATE TABLE "PSPADM"."PSP_COMPENSATION"
09:40:07   2  	 (    "COMPENSATION_SEQ" VARCHAR2(255 CHAR),
09:40:07   3  	      "REALM_ID" NUMBER(19,0) DEFAULT -1,
09:40:07   4  	      "VERSION" NUMBER(19,0),
09:40:07   5  	      "CREATOR_ID" VARCHAR2(30 CHAR),
09:40:07   6  	      "CREATED_DATE" TIMESTAMP (6),
09:40:07   7  	      "MODIFIER_ID" VARCHAR2(30 CHAR),
09:40:07   8  	      "MODIFIED_DATE" TIMESTAMP (6),
09:40:07   9  	      "COMPENSATION_AMOUNT" NUMBER(19,4),
09:40:07  10  	      "HOURS_WORKED" NUMBER(19,7),
09:40:07  11  	      "PAYCHECK_FK" VARCHAR2(255 CHAR),
09:40:07  12  	      "COMPANY_PAYROLL_ITEM_FK" VARCHAR2(255 CHAR),
09:40:07  13  	      "COMPENSATION_Y_T_D_AMOUNT" NUMBER(19,4),
09:40:07  14  	      "PAY_STUB_ORDER" NUMBER(19,0),
09:40:07  15  	      "COMPANY_FK" VARCHAR2(255 CHAR)
09:40:07  16  	 )
09:40:07  17  	TABLESPACE "PSP_DATA01"
09:40:07  18  	PARTITION BY HASH ("COMPANY_FK")
09:40:07  19  	PARTITIONS 8;

Table created.

Elapsed: 00:00:00.01
09:40:07 SQL> 	GRANT UPDATE ON "PSPADM"."PSP_COMPENSATION" TO "PSPAPP_ROLE";

Grant succeeded.

Elapsed: 00:00:00.00
09:40:07 SQL> 	GRANT SELECT ON "PSPADM"."PSP_COMPENSATION" TO "PSPAPP_ROLE";

Grant succeeded.

Elapsed: 00:00:00.01
09:40:07 SQL> 	GRANT INSERT ON "PSPADM"."PSP_COMPENSATION" TO "PSPAPP_ROLE";

Grant succeeded.

Elapsed: 00:00:00.00
09:40:07 SQL> 	GRANT DELETE ON "PSPADM"."PSP_COMPENSATION" TO "PSPAPP_ROLE";

Grant succeeded.

Elapsed: 00:00:00.00
09:40:07 SQL> 	GRANT SELECT ON "PSPADM"."PSP_COMPENSATION" TO "PSPREAD_ROLE";

Grant succeeded.

Elapsed: 00:00:00.00
09:40:07 SQL> 	GRANT SELECT ON "PSPADM"."PSP_COMPENSATION" TO "PSPREAD";
  GRANT SELECT ON "PSPADM"."PSP_COMPENSATION" TO "PSPREAD"
                                                 *
ERROR at line 1:
ORA-01917: user or role 'PSPREAD' does not exist 


Elapsed: 00:00:00.01
09:40:07 SQL> 	GRANT SELECT ON "PSPADM"."PSP_COMPENSATION" TO "PSPREAD_AWS";
  GRANT SELECT ON "PSPADM"."PSP_COMPENSATION" TO "PSPREAD_AWS"
                                                 *
ERROR at line 1:
ORA-01917: user or role 'PSPREAD_AWS' does not exist 


Elapsed: 00:00:00.00
09:40:07 SQL> 	GRANT SELECT ON "PSPADM"."PSP_COMPENSATION" TO "PSPADM_RO_AWS";

Grant succeeded.

Elapsed: 00:00:00.00
09:40:07 SQL> --------------------------------------------------------
09:40:07 SQL> --  DDL for Table PSP_ENTRY_DETAIL_RECORD
09:40:07 SQL> --------------------------------------------------------
09:40:07 SQL> 
09:40:07 SQL> 	CREATE TABLE "PSPADM"."PSP_ENTRY_DETAIL_RECORD"
09:40:07   2  	 (    "ENTRY_DETAIL_RECORD_SEQ" VARCHAR2(255),
09:40:07   3  	      "VERSION" NUMBER(19,0),
09:40:07   4  	      "CREATOR_ID" VARCHAR2(30),
09:40:07   5  	      "CREATED_DATE" TIMESTAMP (6),
09:40:07   6  	      "MODIFIER_ID" VARCHAR2(30),
09:40:07   7  	      "MODIFIED_DATE" TIMESTAMP (6),
09:40:07   8  	      "REALM_ID" NUMBER(19,0) DEFAULT -1,
09:40:07   9  	      "AMOUNT" NUMBER(19,4),
09:40:07  10  	      "TRACE_NUMBER" VARCHAR2(20),
09:40:07  11  	      "CREDIT_DEBIT_INDICATOR" VARCHAR2(255),
09:40:07  12  	      "INTUIT_BANK_ACCOUNT_FK" VARCHAR2(255),
09:40:07  13  	      "N_A_C_H_A_FILE_FK" VARCHAR2(255),
09:40:07  14  	      "MONEY_MOVEMENT_TRANSACTION_FK" VARCHAR2(255),
09:40:07  15  	      "COMPANY_FK" VARCHAR2(255),
09:40:07  16  	      "INITIATION_DATE" TIMESTAMP (6),
09:40:07  17  	      "N_A_C_H_A_FILE_TYPE" VARCHAR2(255 CHAR),
09:40:07  18  	      "N_A_C_H_A_BATCH_TYPE" VARCHAR2(255 CHAR),
09:40:07  19  	      "LEGAL_NAME" VARCHAR2(100 CHAR),
09:40:07  20  	      "STANDARD_ENTRY_DESCRIPTION" VARCHAR2(15 CHAR),
09:40:07  21  	      "TXP_RECORD_DATA_ENC" VARCHAR2(4000 CHAR),
09:40:07  22  	      "RECORD_DATA_ENC" VARCHAR2(4000 CHAR),
09:40:07  23  	      "RECORD_DATA" VARCHAR2(250 CHAR),
09:40:07  24  	      "TXP_RECORD_DATA" VARCHAR2(90 CHAR),
09:40:07  25  	      "J_P_M_C_TRACE_NUMBER" VARCHAR2(50 CHAR),
09:40:07  26  	      "SETTLEMENT_DATE" TIMESTAMP (6),
09:40:07  27  	      "TAX_FUNDING_MODEL" VARCHAR2(4000 CHAR),
09:40:07  28  	      "RECORD_METADATA" VARCHAR2(512 CHAR)
09:40:07  29  	 )
09:40:07  30  	TABLESPACE "PSP_DATA02"
09:40:07  31  	PARTITION BY HASH ("COMPANY_FK")
09:40:07  32  	PARTITIONS 16;

Table created.

Elapsed: 00:00:00.01
09:40:07 SQL> 	GRANT DELETE ON "PSPADM"."PSP_ENTRY_DETAIL_RECORD" TO "PSPHIST_QBOE";

Grant succeeded.

Elapsed: 00:00:00.00
09:40:07 SQL> 	GRANT INSERT ON "PSPADM"."PSP_ENTRY_DETAIL_RECORD" TO "PSPHIST_QBOE";

Grant succeeded.

Elapsed: 00:00:00.01
09:40:07 SQL> 	GRANT SELECT ON "PSPADM"."PSP_ENTRY_DETAIL_RECORD" TO "PSPHIST_QBOE";

Grant succeeded.

Elapsed: 00:00:00.00
09:40:07 SQL> 	GRANT SELECT ON "PSPADM"."PSP_ENTRY_DETAIL_RECORD" TO "MON_OPS";
  GRANT SELECT ON "PSPADM"."PSP_ENTRY_DETAIL_RECORD" TO "MON_OPS"
                                                        *
ERROR at line 1:
ORA-01917: user or role 'MON_OPS' does not exist 


Elapsed: 00:00:00.00
09:40:07 SQL> 	GRANT SELECT ON "PSPADM"."PSP_ENTRY_DETAIL_RECORD" TO "PSPREAD";
  GRANT SELECT ON "PSPADM"."PSP_ENTRY_DETAIL_RECORD" TO "PSPREAD"
                                                        *
ERROR at line 1:
ORA-01917: user or role 'PSPREAD' does not exist 


Elapsed: 00:00:00.00
09:40:07 SQL> 	GRANT SELECT ON "PSPADM"."PSP_ENTRY_DETAIL_RECORD" TO "PSPREAD_ROLE";

Grant succeeded.

Elapsed: 00:00:00.01
09:40:07 SQL> 	GRANT UPDATE ON "PSPADM"."PSP_ENTRY_DETAIL_RECORD" TO "PSPAPP_ROLE";

Grant succeeded.

Elapsed: 00:00:00.00
09:40:07 SQL> 	GRANT SELECT ON "PSPADM"."PSP_ENTRY_DETAIL_RECORD" TO "PSPAPP_ROLE";

Grant succeeded.

Elapsed: 00:00:00.00
09:40:07 SQL> 	GRANT INSERT ON "PSPADM"."PSP_ENTRY_DETAIL_RECORD" TO "PSPAPP_ROLE";

Grant succeeded.

Elapsed: 00:00:00.00
09:40:07 SQL> 	GRANT DELETE ON "PSPADM"."PSP_ENTRY_DETAIL_RECORD" TO "PSPAPP_ROLE";

Grant succeeded.

Elapsed: 00:00:00.01
09:40:07 SQL> 	GRANT SELECT ON "PSPADM"."PSP_ENTRY_DETAIL_RECORD" TO "PSPREAD_AWS";
  GRANT SELECT ON "PSPADM"."PSP_ENTRY_DETAIL_RECORD" TO "PSPREAD_AWS"
                                                        *
ERROR at line 1:
ORA-01917: user or role 'PSPREAD_AWS' does not exist 


Elapsed: 00:00:00.00
09:40:07 SQL> 	GRANT SELECT ON "PSPADM"."PSP_ENTRY_DETAIL_RECORD" TO "PSPADM_RO_AWS";

Grant succeeded.

Elapsed: 00:00:00.00
09:40:07 SQL> --------------------------------------------------------
09:40:07 SQL> --  DDL for Table PSP_FINANCIAL_TRANS_STATE
09:40:07 SQL> --------------------------------------------------------
09:40:07 SQL> 
09:40:07 SQL> 	CREATE TABLE "PSPADM"."PSP_FINANCIAL_TRANS_STATE"
09:40:07   2  	 (    "FINANCIAL_TRANS_STATE_SEQ" VARCHAR2(255),
09:40:07   3  	      "VERSION" NUMBER(19,0),
09:40:07   4  	      "CREATOR_ID" VARCHAR2(30),
09:40:07   5  	      "CREATED_DATE" TIMESTAMP (6),
09:40:07   6  	      "MODIFIER_ID" VARCHAR2(30),
09:40:07   7  	      "MODIFIED_DATE" TIMESTAMP (6),
09:40:07   8  	      "REALM_ID" NUMBER(19,0) DEFAULT -1,
09:40:07   9  	      "TRANSACTION_STATE_EFF_DATE" TIMESTAMP (6),
09:40:07  10  	      "INSERT_USER_ID" VARCHAR2(30),
09:40:07  11  	      "GEMS_UPLOAD_BATCH_FK" VARCHAR2(255),
09:40:07  12  	      "FINANCIAL_TRANSACTION_FK" VARCHAR2(255),
09:40:07  13  	      "TRANSACTION_STATE_FK" VARCHAR2(255),
09:40:07  14  	      "TRANSACTION_RESPONSE_FK" VARCHAR2(255),
09:40:07  15  	      "COMPANY_FK" VARCHAR2(255 CHAR),
09:40:07  16  	      "TRANSACTION_TYPE_FK" VARCHAR2(255 CHAR)
09:40:07  17  	 )
09:40:07  18  	TABLESPACE "PSP_DATA03"
09:40:07  19  	PARTITION BY HASH ("COMPANY_FK")
09:40:07  20  	PARTITIONS 16;

Table created.

Elapsed: 00:00:00.01
09:40:07 SQL> 	GRANT DELETE ON "PSPADM"."PSP_FINANCIAL_TRANS_STATE" TO "PSPHIST_QBOE";

Grant succeeded.

Elapsed: 00:00:00.00
09:40:07 SQL> 	GRANT INSERT ON "PSPADM"."PSP_FINANCIAL_TRANS_STATE" TO "PSPHIST_QBOE";

Grant succeeded.

Elapsed: 00:00:00.00
09:40:07 SQL> 	GRANT SELECT ON "PSPADM"."PSP_FINANCIAL_TRANS_STATE" TO "PSPHIST_QBOE";

Grant succeeded.

Elapsed: 00:00:00.01
09:40:07 SQL> 	GRANT SELECT ON "PSPADM"."PSP_FINANCIAL_TRANS_STATE" TO "PSPREAD";
  GRANT SELECT ON "PSPADM"."PSP_FINANCIAL_TRANS_STATE" TO "PSPREAD"
                                                          *
ERROR at line 1:
ORA-01917: user or role 'PSPREAD' does not exist 


Elapsed: 00:00:00.00
09:40:07 SQL> 	GRANT SELECT ON "PSPADM"."PSP_FINANCIAL_TRANS_STATE" TO "PSPREAD_ROLE";

Grant succeeded.

Elapsed: 00:00:00.00
09:40:07 SQL> 	GRANT UPDATE ON "PSPADM"."PSP_FINANCIAL_TRANS_STATE" TO "PSPAPP_ROLE";

Grant succeeded.

Elapsed: 00:00:00.01
09:40:07 SQL> 	GRANT SELECT ON "PSPADM"."PSP_FINANCIAL_TRANS_STATE" TO "PSPAPP_ROLE";

Grant succeeded.

Elapsed: 00:00:00.00
09:40:07 SQL> 	GRANT INSERT ON "PSPADM"."PSP_FINANCIAL_TRANS_STATE" TO "PSPAPP_ROLE";

Grant succeeded.

Elapsed: 00:00:00.00
09:40:07 SQL> 	GRANT DELETE ON "PSPADM"."PSP_FINANCIAL_TRANS_STATE" TO "PSPAPP_ROLE";

Grant succeeded.

Elapsed: 00:00:00.00
09:40:07 SQL> 	GRANT SELECT ON "PSPADM"."PSP_FINANCIAL_TRANS_STATE" TO "PSPREAD_AWS";
  GRANT SELECT ON "PSPADM"."PSP_FINANCIAL_TRANS_STATE" TO "PSPREAD_AWS"
                                                          *
ERROR at line 1:
ORA-01917: user or role 'PSPREAD_AWS' does not exist 


Elapsed: 00:00:00.00
09:40:07 SQL> 	GRANT SELECT ON "PSPADM"."PSP_FINANCIAL_TRANS_STATE" TO "PSPADM_RO_AWS";

Grant succeeded.

Elapsed: 00:00:00.01
09:40:07 SQL> --------------------------------------------------------
09:40:07 SQL> --  DDL for Table PSP_LEDGER_BALANCE
09:40:07 SQL> --------------------------------------------------------
09:40:07 SQL> 
09:40:07 SQL> 	CREATE TABLE "PSPADM"."PSP_LEDGER_BALANCE"
09:40:07   2  	 (    "LEDGER_BALANCE_SEQ" VARCHAR2(255 CHAR),
09:40:07   3  	      "VERSION" NUMBER(19,0),
09:40:07   4  	      "CREATOR_ID" VARCHAR2(30 CHAR),
09:40:07   5  	      "CREATED_DATE" TIMESTAMP (6),
09:40:07   6  	      "MODIFIER_ID" VARCHAR2(30 CHAR),
09:40:07   7  	      "MODIFIED_DATE" TIMESTAMP (6),
09:40:07   8  	      "REALM_ID" NUMBER(19,0) DEFAULT -1,
09:40:07   9  	      "BALANCE_AMOUNT" NUMBER(19,4),
09:40:07  10  	      "BALANCE_DATE" TIMESTAMP (6),
09:40:07  11  	      "LEDGER_ACCOUNT_FK" VARCHAR2(255 CHAR),
09:40:07  12  	      "COMPANY_FK" VARCHAR2(255 CHAR),
09:40:07  13  	      "REPORTING_TYPE" VARCHAR2(100) DEFAULT 'DirectDeposit'
09:40:07  14  	 )
09:40:07  15  	TABLESPACE "PSP_DATA04"
09:40:07  16  	PARTITION BY HASH ("COMPANY_FK")
09:40:07  17  	PARTITIONS 8;

Table created.

Elapsed: 00:00:00.00
09:40:07 SQL> 	GRANT DELETE ON "PSPADM"."PSP_LEDGER_BALANCE" TO "PSPHIST_QBOE";

Grant succeeded.

Elapsed: 00:00:00.01
09:40:07 SQL> 	GRANT INSERT ON "PSPADM"."PSP_LEDGER_BALANCE" TO "PSPHIST_QBOE";

Grant succeeded.

Elapsed: 00:00:00.00
09:40:07 SQL> 	GRANT SELECT ON "PSPADM"."PSP_LEDGER_BALANCE" TO "PSPHIST_QBOE";

Grant succeeded.

Elapsed: 00:00:00.00
09:40:07 SQL> 	GRANT SELECT ON "PSPADM"."PSP_LEDGER_BALANCE" TO "PSPREAD_ROLE";

Grant succeeded.

Elapsed: 00:00:00.00
09:40:07 SQL> 	GRANT UPDATE ON "PSPADM"."PSP_LEDGER_BALANCE" TO "PSPAPP_ROLE";

Grant succeeded.

Elapsed: 00:00:00.01
09:40:07 SQL> 	GRANT SELECT ON "PSPADM"."PSP_LEDGER_BALANCE" TO "PSPAPP_ROLE";

Grant succeeded.

Elapsed: 00:00:00.00
09:40:07 SQL> 	GRANT INSERT ON "PSPADM"."PSP_LEDGER_BALANCE" TO "PSPAPP_ROLE";

Grant succeeded.

Elapsed: 00:00:00.00
09:40:07 SQL> 	GRANT DELETE ON "PSPADM"."PSP_LEDGER_BALANCE" TO "PSPAPP_ROLE";

Grant succeeded.

Elapsed: 00:00:00.00
09:40:07 SQL> 	GRANT SELECT ON "PSPADM"."PSP_LEDGER_BALANCE" TO "PSPREAD";
  GRANT SELECT ON "PSPADM"."PSP_LEDGER_BALANCE" TO "PSPREAD"
                                                   *
ERROR at line 1:
ORA-01917: user or role 'PSPREAD' does not exist 


Elapsed: 00:00:00.01
09:40:07 SQL> 	GRANT SELECT ON "PSPADM"."PSP_LEDGER_BALANCE" TO "PSPREAD_AWS";
  GRANT SELECT ON "PSPADM"."PSP_LEDGER_BALANCE" TO "PSPREAD_AWS"
                                                   *
ERROR at line 1:
ORA-01917: user or role 'PSPREAD_AWS' does not exist 


Elapsed: 00:00:00.00
09:40:07 SQL> 	GRANT SELECT ON "PSPADM"."PSP_LEDGER_BALANCE" TO "PSPADM_RO_AWS";

Grant succeeded.

Elapsed: 00:00:00.00
09:40:07 SQL> --------------------------------------------------------
09:40:07 SQL> --  DDL for Table PSP_MONEY_MOVEMENT_TRANSACTION
09:40:07 SQL> --------------------------------------------------------
09:40:07 SQL> 
09:40:07 SQL> 	CREATE TABLE "PSPADM"."PSP_MONEY_MOVEMENT_TRANSACTION"
09:40:07   2  	 (    "MONEY_MOVEMENT_TRANSACTION_SEQ" VARCHAR2(255),
09:40:07   3  	      "VERSION" NUMBER(19,0),
09:40:07   4  	      "CREATOR_ID" VARCHAR2(30),
09:40:07   5  	      "CREATED_DATE" TIMESTAMP (6),
09:40:07   6  	      "MODIFIER_ID" VARCHAR2(30),
09:40:07   7  	      "MODIFIED_DATE" TIMESTAMP (6),
09:40:07   8  	      "REALM_ID" NUMBER(19,0) DEFAULT -1,
09:40:07   9  	      "DUE_DATE" TIMESTAMP (6),
09:40:07  10  	      "INITIATION_DATE" TIMESTAMP (6),
09:40:07  11  	      "MM_TRANSACTION_AMOUNT" NUMBER(19,4),
09:40:07  12  	      "STATUS" VARCHAR2(255),
09:40:07  13  	      "MONEY_MOVEMENT_PAYMENT_METHOD" VARCHAR2(255),
09:40:07  14  	      "ORIGINAL_INITIATION_DATE" TIMESTAMP (6),
09:40:07  15  	      "DEPOSIT_FREQUENCY_FK" VARCHAR2(255),
09:40:07  16  	      "COMPANY_FK" VARCHAR2(255),
09:40:07  17  	      "OFFLOAD_BATCH_FK" VARCHAR2(255),
09:40:07  18  	      "TAX_PAYMENT_STATUS" VARCHAR2(255 CHAR),
09:40:07  19  	      "TAX_PMTSTATUS_EFFECTIVEDATE" TIMESTAMP (6),
09:40:07  20  	      "REFERENCE_NUMBER" VARCHAR2(4000 CHAR),
09:40:07  21  	      "MANUAL_PAYMENT_STATUS" VARCHAR2(255 CHAR),
09:40:07  22  	      "PAYMENT_FREQUENCY_FK" VARCHAR2(255 CHAR),
09:40:07  23  	      "ORIGINAL_TRANSACTION_FK" VARCHAR2(255 CHAR),
09:40:07  24  	      "PAYMENT_PERIOD_BEGIN" TIMESTAMP (6),
09:40:07  25  	      "PAYMENT_PERIOD_END" TIMESTAMP (6),
09:40:07  26  	      "PAYMENT_TEMPLATE_FK" VARCHAR2(255 CHAR),
09:40:07  27  	      "AGENCY_TAXPAYER_ID_ENC" VARCHAR2(4000 CHAR),
09:40:07  28  	      "AGENCY_TAXPAYER_ID" VARCHAR2(80 CHAR),
09:40:07  29  	      "TRANSACTION_NUMBER" VARCHAR2(30 CHAR),
09:40:07  30  	      "RECORD_METADATA" VARCHAR2(512 CHAR)
09:40:07  31  	 )
09:40:07  32  	TABLESPACE "PSP_DATA01"
09:40:07  33  	PARTITION BY HASH ("COMPANY_FK")
09:40:07  34  	PARTITIONS 8;

Table created.

Elapsed: 00:00:00.01
09:40:07 SQL> 	GRANT DELETE ON "PSPADM"."PSP_MONEY_MOVEMENT_TRANSACTION" TO "PSPHIST_QBOE";

Grant succeeded.

Elapsed: 00:00:00.00
09:40:07 SQL> 	GRANT INSERT ON "PSPADM"."PSP_MONEY_MOVEMENT_TRANSACTION" TO "PSPHIST_QBOE";

Grant succeeded.

Elapsed: 00:00:00.01
09:40:07 SQL> 	GRANT SELECT ON "PSPADM"."PSP_MONEY_MOVEMENT_TRANSACTION" TO "PSPHIST_QBOE";

Grant succeeded.

Elapsed: 00:00:00.00
09:40:07 SQL> 	GRANT SELECT ON "PSPADM"."PSP_MONEY_MOVEMENT_TRANSACTION" TO "MON_OPS";
  GRANT SELECT ON "PSPADM"."PSP_MONEY_MOVEMENT_TRANSACTION" TO "MON_OPS"
                                                               *
ERROR at line 1:
ORA-01917: user or role 'MON_OPS' does not exist 


Elapsed: 00:00:00.00
09:40:07 SQL> 	GRANT SELECT ON "PSPADM"."PSP_MONEY_MOVEMENT_TRANSACTION" TO "PSPREAD";
  GRANT SELECT ON "PSPADM"."PSP_MONEY_MOVEMENT_TRANSACTION" TO "PSPREAD"
                                                               *
ERROR at line 1:
ORA-01917: user or role 'PSPREAD' does not exist 


Elapsed: 00:00:00.00
09:40:07 SQL> 	GRANT SELECT ON "PSPADM"."PSP_MONEY_MOVEMENT_TRANSACTION" TO "PSPREAD_ROLE";

Grant succeeded.

Elapsed: 00:00:00.01
09:40:07 SQL> 	GRANT UPDATE ON "PSPADM"."PSP_MONEY_MOVEMENT_TRANSACTION" TO "PSPAPP_ROLE";

Grant succeeded.

Elapsed: 00:00:00.00
09:40:07 SQL> 	GRANT SELECT ON "PSPADM"."PSP_MONEY_MOVEMENT_TRANSACTION" TO "PSPAPP_ROLE";

Grant succeeded.

Elapsed: 00:00:00.00
09:40:07 SQL> 	GRANT INSERT ON "PSPADM"."PSP_MONEY_MOVEMENT_TRANSACTION" TO "PSPAPP_ROLE";

Grant succeeded.

Elapsed: 00:00:00.00
09:40:07 SQL> 	GRANT DELETE ON "PSPADM"."PSP_MONEY_MOVEMENT_TRANSACTION" TO "PSPAPP_ROLE";

Grant succeeded.

Elapsed: 00:00:00.00
09:40:07 SQL> 	GRANT SELECT ON "PSPADM"."PSP_MONEY_MOVEMENT_TRANSACTION" TO "PSPREAD_AWS";
  GRANT SELECT ON "PSPADM"."PSP_MONEY_MOVEMENT_TRANSACTION" TO "PSPREAD_AWS"
                                                               *
ERROR at line 1:
ORA-01917: user or role 'PSPREAD_AWS' does not exist 


Elapsed: 00:00:00.00
09:40:07 SQL> 	GRANT SELECT ON "PSPADM"."PSP_MONEY_MOVEMENT_TRANSACTION" TO "PSPADM_RO_AWS";

Grant succeeded.

Elapsed: 00:00:00.00
09:40:07 SQL> --------------------------------------------------------
09:40:07 SQL> --  DDL for Table PSP_PAYCHECK
09:40:07 SQL> --------------------------------------------------------
09:40:07 SQL> 
09:40:07 SQL> 	CREATE TABLE "PSPADM"."PSP_PAYCHECK"
09:40:07   2  	 (    "PAYCHECK_SEQ" VARCHAR2(255 CHAR),
09:40:07   3  	      "VERSION" NUMBER(19,0),
09:40:07   4  	      "CREATOR_ID" VARCHAR2(30 CHAR),
09:40:07   5  	      "CREATED_DATE" TIMESTAMP (6),
09:40:07   6  	      "MODIFIER_ID" VARCHAR2(30 CHAR),
09:40:07   7  	      "MODIFIED_DATE" TIMESTAMP (6),
09:40:07   8  	      "REALM_ID" NUMBER(19,0) DEFAULT -1,
09:40:07   9  	      "SOURCE_PAYCHECK_ID" VARCHAR2(50 CHAR),
09:40:07  10  	      "PAY_PERIOD_BEGIN_DATE" TIMESTAMP (6),
09:40:07  11  	      "VOIDED_AFTER_OFFLOAD" NUMBER(1,0),
09:40:07  12  	      "PAY_PERIOD_END_DATE" TIMESTAMP (6),
09:40:07  13  	      "D_D_EMPLOYEE_FK" VARCHAR2(255 CHAR),
09:40:07  14  	      "PAYROLL_RUN_FK" VARCHAR2(255 CHAR),
09:40:07  15  	      "NET_AMOUNT" NUMBER(19,4),
09:40:07  16  	      "COMP_ADJUST_SUBMISSION_FK" VARCHAR2(255 CHAR),
09:40:07  17  	      "STATUS" VARCHAR2(255 CHAR),
09:40:07  18  	      "GROSS_AMOUNT" NUMBER(19,4),
09:40:07  19  	      "Y_T_D_GROSS_AMOUNT" NUMBER(19,4),
09:40:07  20  	      "Y_T_D_NET_AMOUNT" NUMBER(19,4),
09:40:07  21  	      "SOURCE_EMPLOYEE_FK" VARCHAR2(255 CHAR),
09:40:07  22  	      "IS_Y_T_D_ADJUSTMENT" NUMBER(1,0),
09:40:07  23  	      "COMPANY_FK" VARCHAR2(255 CHAR),
09:40:07  24  	      "APPROVAL_DATE_TIME_END" TIMESTAMP (6),
09:40:07  25  	      "D_D_MESSAGE_STATUS" VARCHAR2(255 CHAR) DEFAULT 'None',
09:40:07  26  	      "SESSION_ID" VARCHAR2(100 CHAR)
09:40:07  27  	 )
09:40:07  28  	TABLESPACE "PSP_DATA02"
09:40:07  29  	PARTITION BY HASH ("COMPANY_FK")
09:40:07  30  	PARTITIONS 16;

Table created.

Elapsed: 00:00:00.01
09:40:07 SQL> 	GRANT DELETE ON "PSPADM"."PSP_PAYCHECK" TO "PSPHIST_QBOE";

Grant succeeded.

Elapsed: 00:00:00.00
09:40:07 SQL> 	GRANT INSERT ON "PSPADM"."PSP_PAYCHECK" TO "PSPHIST_QBOE";

Grant succeeded.

Elapsed: 00:00:00.01
09:40:07 SQL> 	GRANT SELECT ON "PSPADM"."PSP_PAYCHECK" TO "PSPHIST_QBOE";

Grant succeeded.

Elapsed: 00:00:00.00
09:40:07 SQL> 	GRANT SELECT ON "PSPADM"."PSP_PAYCHECK" TO "ICADMIN";
  GRANT SELECT ON "PSPADM"."PSP_PAYCHECK" TO "ICADMIN"
                                             *
ERROR at line 1:
ORA-01917: user or role 'ICADMIN' does not exist 


Elapsed: 00:00:00.00
09:40:07 SQL> 	GRANT SELECT ON "PSPADM"."PSP_PAYCHECK" TO "PSPREAD";
  GRANT SELECT ON "PSPADM"."PSP_PAYCHECK" TO "PSPREAD"
                                             *
ERROR at line 1:
ORA-01917: user or role 'PSPREAD' does not exist 


Elapsed: 00:00:00.00
09:40:07 SQL> 	GRANT SELECT ON "PSPADM"."PSP_PAYCHECK" TO "DIYMIGADM";
  GRANT SELECT ON "PSPADM"."PSP_PAYCHECK" TO "DIYMIGADM"
                                             *
ERROR at line 1:
ORA-01917: user or role 'DIYMIGADM' does not exist 


Elapsed: 00:00:00.01
09:40:07 SQL> 	GRANT SELECT ON "PSPADM"."PSP_PAYCHECK" TO "PSPREAD_ROLE";

Grant succeeded.

Elapsed: 00:00:00.00
09:40:07 SQL> 	GRANT INSERT ON "PSPADM"."PSP_PAYCHECK" TO "PSPAPP_ROLE";

Grant succeeded.

Elapsed: 00:00:00.00
09:40:07 SQL> 	GRANT DELETE ON "PSPADM"."PSP_PAYCHECK" TO "PSPAPP_ROLE";

Grant succeeded.

Elapsed: 00:00:00.00
09:40:07 SQL> 	GRANT UPDATE ON "PSPADM"."PSP_PAYCHECK" TO "PSPAPP_ROLE";

Grant succeeded.

Elapsed: 00:00:00.01
09:40:07 SQL> 	GRANT SELECT ON "PSPADM"."PSP_PAYCHECK" TO "PSPAPP_ROLE";

Grant succeeded.

Elapsed: 00:00:00.00
09:40:07 SQL> 	GRANT SELECT ON "PSPADM"."PSP_PAYCHECK" TO "PSPREAD_AWS";
  GRANT SELECT ON "PSPADM"."PSP_PAYCHECK" TO "PSPREAD_AWS"
                                             *
ERROR at line 1:
ORA-01917: user or role 'PSPREAD_AWS' does not exist 


Elapsed: 00:00:00.00
09:40:07 SQL> 	GRANT SELECT ON "PSPADM"."PSP_PAYCHECK" TO "PSPADM_RO_AWS";

Grant succeeded.

Elapsed: 00:00:00.00
09:40:07 SQL> 	GRANT SELECT ON "PSPADM"."PSP_PAYCHECK" TO "SBG_WAVEFRONT";
  GRANT SELECT ON "PSPADM"."PSP_PAYCHECK" TO "SBG_WAVEFRONT"
                                             *
ERROR at line 1:
ORA-01917: user or role 'SBG_WAVEFRONT' does not exist 


Elapsed: 00:00:00.00
09:40:07 SQL> --------------------------------------------------------
09:40:07 SQL> --  DDL for Table PSP_PAYCHECK_SPLIT
09:40:07 SQL> --------------------------------------------------------
09:40:07 SQL> 
09:40:07 SQL> 	CREATE TABLE "PSPADM"."PSP_PAYCHECK_SPLIT"
09:40:07   2  	 (    "PAYCHECK_SPLIT_SEQ" VARCHAR2(255 CHAR),
09:40:07   3  	      "VERSION" NUMBER(19,0),
09:40:07   4  	      "CREATOR_ID" VARCHAR2(30 CHAR),
09:40:07   5  	      "CREATED_DATE" TIMESTAMP (6),
09:40:07   6  	      "MODIFIER_ID" VARCHAR2(30 CHAR),
09:40:07   7  	      "MODIFIED_DATE" TIMESTAMP (6),
09:40:07   8  	      "REALM_ID" NUMBER(19,0) DEFAULT -1,
09:40:07   9  	      "PAYCHECK_SPLIT_AMOUNT" NUMBER(19,4),
09:40:07  10  	      "SOURCE_DD_TXN_ID" VARCHAR2(50 CHAR),
09:40:07  11  	      "EMPLOYEE_BANK_ACCOUNT_FK" VARCHAR2(255 CHAR),
09:40:07  12  	      "PAYCHECK_FK" VARCHAR2(255 CHAR),
09:40:07  13  	      "COMPANY_FK" VARCHAR2(255 CHAR),
09:40:07  14  	      "PAY_STUB_ORDER" NUMBER(19,0) DEFAULT 0
09:40:07  15  	 )
09:40:07  16  	TABLESPACE "PSP_DATA03"
09:40:07  17  	PARTITION BY HASH ("COMPANY_FK")
09:40:07  18  	PARTITIONS 16;

Table created.

Elapsed: 00:00:00.02
09:40:08 SQL> 	GRANT DELETE ON "PSPADM"."PSP_PAYCHECK_SPLIT" TO "PSPHIST_QBOE";

Grant succeeded.

Elapsed: 00:00:00.00
09:40:08 SQL> 	GRANT INSERT ON "PSPADM"."PSP_PAYCHECK_SPLIT" TO "PSPHIST_QBOE";

Grant succeeded.

Elapsed: 00:00:00.00
09:40:08 SQL> 	GRANT SELECT ON "PSPADM"."PSP_PAYCHECK_SPLIT" TO "PSPHIST_QBOE";

Grant succeeded.

Elapsed: 00:00:00.00
09:40:08 SQL> 	GRANT SELECT ON "PSPADM"."PSP_PAYCHECK_SPLIT" TO "PSPREAD";
  GRANT SELECT ON "PSPADM"."PSP_PAYCHECK_SPLIT" TO "PSPREAD"
                                                   *
ERROR at line 1:
ORA-01917: user or role 'PSPREAD' does not exist 


Elapsed: 00:00:00.01
09:40:08 SQL> 	GRANT SELECT ON "PSPADM"."PSP_PAYCHECK_SPLIT" TO "DIYMIGADM";
  GRANT SELECT ON "PSPADM"."PSP_PAYCHECK_SPLIT" TO "DIYMIGADM"
                                                   *
ERROR at line 1:
ORA-01917: user or role 'DIYMIGADM' does not exist 


Elapsed: 00:00:00.00
09:40:08 SQL> 	GRANT SELECT ON "PSPADM"."PSP_PAYCHECK_SPLIT" TO "PSPREAD_ROLE";

Grant succeeded.

Elapsed: 00:00:00.00
09:40:08 SQL> 	GRANT INSERT ON "PSPADM"."PSP_PAYCHECK_SPLIT" TO "PSPAPP_ROLE";

Grant succeeded.

Elapsed: 00:00:00.00
09:40:08 SQL> 	GRANT DELETE ON "PSPADM"."PSP_PAYCHECK_SPLIT" TO "PSPAPP_ROLE";

Grant succeeded.

Elapsed: 00:00:00.01
09:40:08 SQL> 	GRANT UPDATE ON "PSPADM"."PSP_PAYCHECK_SPLIT" TO "PSPAPP_ROLE";

Grant succeeded.

Elapsed: 00:00:00.00
09:40:08 SQL> 	GRANT SELECT ON "PSPADM"."PSP_PAYCHECK_SPLIT" TO "PSPAPP_ROLE";

Grant succeeded.

Elapsed: 00:00:00.00
09:40:08 SQL> 	GRANT SELECT ON "PSPADM"."PSP_PAYCHECK_SPLIT" TO "PSPREAD_AWS";
  GRANT SELECT ON "PSPADM"."PSP_PAYCHECK_SPLIT" TO "PSPREAD_AWS"
                                                   *
ERROR at line 1:
ORA-01917: user or role 'PSPREAD_AWS' does not exist 


Elapsed: 00:00:00.00
09:40:08 SQL> 	GRANT SELECT ON "PSPADM"."PSP_PAYCHECK_SPLIT" TO "PSPADM_RO_AWS";

Grant succeeded.

Elapsed: 00:00:00.01
09:40:08 SQL> --------------------------------------------------------
09:40:08 SQL> --  DDL for Table PSP_PROPERTY_AUDIT
09:40:08 SQL> --------------------------------------------------------
09:40:08 SQL> 
09:40:08 SQL> 	CREATE TABLE "PSPADM"."PSP_PROPERTY_AUDIT"
09:40:08   2  	 (    "PROPERTY_AUDIT_SEQ" VARCHAR2(255 CHAR),
09:40:08   3  	      "VERSION" NUMBER(19,0),
09:40:08   4  	      "CREATOR_ID" VARCHAR2(30 CHAR),
09:40:08   5  	      "CREATED_DATE" TIMESTAMP (6),
09:40:08   6  	      "MODIFIER_ID" VARCHAR2(30 CHAR),
09:40:08   7  	      "MODIFIED_DATE" TIMESTAMP (6),
09:40:08   8  	      "REALM_ID" NUMBER(19,0) DEFAULT -1,
09:40:08   9  	      "CLASS_NAME" VARCHAR2(100 CHAR),
09:40:08  10  	      "PROPERTY_NAME" VARCHAR2(100 CHAR),
09:40:08  11  	      "OLD_PROPERTY_VALUE" VARCHAR2(4000 CHAR),
09:40:08  12  	      "NEW_PROPERTY_VALUE" VARCHAR2(4000 CHAR),
09:40:08  13  	      "OBJECT_IDENTIFIER" VARCHAR2(40 CHAR),
09:40:08  14  	      "USER_ID" VARCHAR2(100 CHAR),
09:40:08  15  	      "AUDIT_DATE" TIMESTAMP (6),
09:40:08  16  	      "COMPANY_FK" VARCHAR2(255 CHAR)
09:40:08  17  	 )
09:40:08  18  	TABLESPACE "PSP_DATA04"
09:40:08  19  	PARTITION BY HASH ("COMPANY_FK")
09:40:08  20  	PARTITIONS 8;

Table created.

Elapsed: 00:00:00.00
09:40:08 SQL> 	GRANT DELETE ON "PSPADM"."PSP_PROPERTY_AUDIT" TO "PSPHIST_QBOE";

Grant succeeded.

Elapsed: 00:00:00.01
09:40:08 SQL> 	GRANT INSERT ON "PSPADM"."PSP_PROPERTY_AUDIT" TO "PSPHIST_QBOE";

Grant succeeded.

Elapsed: 00:00:00.00
09:40:08 SQL> 	GRANT SELECT ON "PSPADM"."PSP_PROPERTY_AUDIT" TO "PSPHIST_QBOE";

Grant succeeded.

Elapsed: 00:00:00.00
09:40:08 SQL> 	GRANT SELECT ON "PSPADM"."PSP_PROPERTY_AUDIT" TO "PSPREAD_ROLE";

Grant succeeded.

Elapsed: 00:00:00.00
09:40:08 SQL> 	GRANT UPDATE ON "PSPADM"."PSP_PROPERTY_AUDIT" TO "PSPAPP_ROLE";

Grant succeeded.

Elapsed: 00:00:00.01
09:40:08 SQL> 	GRANT SELECT ON "PSPADM"."PSP_PROPERTY_AUDIT" TO "PSPAPP_ROLE";

Grant succeeded.

Elapsed: 00:00:00.00
09:40:08 SQL> 	GRANT INSERT ON "PSPADM"."PSP_PROPERTY_AUDIT" TO "PSPAPP_ROLE";

Grant succeeded.

Elapsed: 00:00:00.00
09:40:08 SQL> 	GRANT DELETE ON "PSPADM"."PSP_PROPERTY_AUDIT" TO "PSPAPP_ROLE";

Grant succeeded.

Elapsed: 00:00:00.00
09:40:08 SQL> 	GRANT SELECT ON "PSPADM"."PSP_PROPERTY_AUDIT" TO "PSPADM_RO_AWS";

Grant succeeded.

Elapsed: 00:00:00.00
09:40:08 SQL> 	--------------------------------------------------------
09:40:08 SQL> --  DDL for Table PSP_PSTUB_PAY_ITEM
09:40:08 SQL> --------------------------------------------------------
09:40:08 SQL> 
09:40:08 SQL> 	CREATE TABLE "PSPADM"."PSP_PSTUB_PAY_ITEM"
09:40:08   2  	 (    "PSTUB_PAY_ITEM_SEQ" VARCHAR2(255 CHAR),
09:40:08   3  	      "VERSION" NUMBER(19,0),
09:40:08   4  	      "CREATOR_ID" VARCHAR2(30 CHAR),
09:40:08   5  	      "CREATED_DATE" TIMESTAMP (6),
09:40:08   6  	      "MODIFIER_ID" VARCHAR2(30 CHAR),
09:40:08   7  	      "MODIFIED_DATE" TIMESTAMP (6),
09:40:08   8  	      "REALM_ID" NUMBER(19,0) DEFAULT -1,
09:40:08   9  	      "ACCT_NAME" VARCHAR2(51 CHAR),
09:40:08  10  	      "EMPLOYEE_PAID" NUMBER(1,0),
09:40:08  11  	      "INCOME_SUBJECT_TO_TAX" NUMBER(19,4),
09:40:08  12  	      "NAME" VARCHAR2(31 CHAR),
09:40:08  13  	      "PAYROLL_ITEM_LIST_ID" VARCHAR2(51 CHAR),
09:40:08  14  	      "RATE" VARCHAR2(100 CHAR),
09:40:08  15  	      "TYPE" VARCHAR2(255 CHAR),
09:40:08  16  	      "WAGE_BASE" NUMBER(19,4),
09:40:08  17  	      "Y_T_D" NUMBER(19,4),
09:40:08  18  	      "PAYSTUB_FK" VARCHAR2(255 CHAR),
09:40:08  19  	      "CUR_AMT" NUMBER(19,4),
09:40:08  20  	      "QTY_AMT" VARCHAR2(20 CHAR),
09:40:08  21  	      "QTY_TIME" VARCHAR2(20 CHAR),
09:40:08  22  	      "COMPANY_FK" VARCHAR2(255 CHAR)
09:40:08  23  	 )
09:40:08  24  	TABLESPACE "PSP_DATA01"
09:40:08  25  	PARTITION BY HASH ("COMPANY_FK")
09:40:08  26  	PARTITIONS 16;

Table created.

Elapsed: 00:00:00.01
09:40:08 SQL> 	GRANT DELETE ON "PSPADM"."PSP_PSTUB_PAY_ITEM" TO "PSPAPP_ROLE";

Grant succeeded.

Elapsed: 00:00:00.00
09:40:08 SQL> 	GRANT INSERT ON "PSPADM"."PSP_PSTUB_PAY_ITEM" TO "PSPAPP_ROLE";

Grant succeeded.

Elapsed: 00:00:00.00
09:40:08 SQL> 	GRANT SELECT ON "PSPADM"."PSP_PSTUB_PAY_ITEM" TO "PSPAPP_ROLE";

Grant succeeded.

Elapsed: 00:00:00.00
09:40:08 SQL> 	GRANT UPDATE ON "PSPADM"."PSP_PSTUB_PAY_ITEM" TO "PSPAPP_ROLE";

Grant succeeded.

Elapsed: 00:00:00.01
09:40:08 SQL> 	GRANT SELECT ON "PSPADM"."PSP_PSTUB_PAY_ITEM" TO "PSPREAD_ROLE";

Grant succeeded.

Elapsed: 00:00:00.00
09:40:08 SQL> 	GRANT SELECT ON "PSPADM"."PSP_PSTUB_PAY_ITEM" TO "PSPADM_RO_AWS";

Grant succeeded.

Elapsed: 00:00:00.00
09:40:08 SQL> --------------------------------------------------------
09:40:08 SQL> --  DDL for Table PSP_QBDT_PAYCHECK_INFO
09:40:08 SQL> --------------------------------------------------------
09:40:08 SQL> 
09:40:08 SQL> 	CREATE TABLE "PSPADM"."PSP_QBDT_PAYCHECK_INFO"
09:40:08   2  	 (    "QBDT_PAYCHECK_INFO_SEQ" VARCHAR2(255 CHAR),
09:40:08   3  	      "VERSION" NUMBER(19,0),
09:40:08   4  	      "CREATOR_ID" VARCHAR2(30 CHAR),
09:40:08   5  	      "CREATED_DATE" TIMESTAMP (6),
09:40:08   6  	      "MODIFIER_ID" VARCHAR2(30 CHAR),
09:40:08   7  	      "MODIFIED_DATE" TIMESTAMP (6),
09:40:08   8  	      "REALM_ID" NUMBER(19,0) DEFAULT -1,
09:40:08   9  	      "PRORATE" NUMBER(1,0),
09:40:08  10  	      "CHECK_NUMBER" VARCHAR2(11 CHAR),
09:40:08  11  	      "MEMO" VARCHAR2(4000 CHAR),
09:40:08  12  	      "CLEARED" VARCHAR2(1 CHAR),
09:40:08  13  	      "ON_SERVICE" NUMBER(1,0),
09:40:08  14  	      "TRACKING_CLASS" VARCHAR2(128 CHAR),
09:40:08  15  	      "ACCOUNT_NAME" VARCHAR2(128 CHAR),
09:40:08  16  	      "PAYCHECK_FK" VARCHAR2(255 CHAR),
09:40:08  17  	      "LIST_ID" VARCHAR2(38),
09:40:08  18  	      "COMPANY_FK" VARCHAR2(255 CHAR),
09:40:08  19  	      "TOKEN" NUMBER(19,0) DEFAULT -2,
09:40:08  20  	      "VACATION_HOURS_ACCRUED" NUMBER(19,7) DEFAULT 0,
09:40:08  21  	      "SICK_HOURS_ACCRUED" NUMBER(19,7) DEFAULT 0,
09:40:08  22  	      "VOID_TOKEN" NUMBER(19,0) DEFAULT -1,
09:40:08  23  	      "IS_ASSISTED" NUMBER(1,0) DEFAULT 0
09:40:08  24  	 )
09:40:08  25  	TABLESPACE "PSP_DATA02"
09:40:08  26  	PARTITION BY HASH ("COMPANY_FK")
09:40:08  27  	PARTITIONS 16;

Table created.

Elapsed: 00:00:00.02
09:40:08 SQL> 	GRANT SELECT ON "PSPADM"."PSP_QBDT_PAYCHECK_INFO" TO "PSPREAD_ROLE";

Grant succeeded.

Elapsed: 00:00:00.00
09:40:08 SQL> 	GRANT UPDATE ON "PSPADM"."PSP_QBDT_PAYCHECK_INFO" TO "PSPAPP_ROLE";

Grant succeeded.

Elapsed: 00:00:00.00
09:40:08 SQL> 	GRANT SELECT ON "PSPADM"."PSP_QBDT_PAYCHECK_INFO" TO "PSPAPP_ROLE";

Grant succeeded.

Elapsed: 00:00:00.00
09:40:08 SQL> 	GRANT INSERT ON "PSPADM"."PSP_QBDT_PAYCHECK_INFO" TO "PSPAPP_ROLE";

Grant succeeded.

Elapsed: 00:00:00.01
09:40:08 SQL> 	GRANT DELETE ON "PSPADM"."PSP_QBDT_PAYCHECK_INFO" TO "PSPAPP_ROLE";

Grant succeeded.

Elapsed: 00:00:00.00
09:40:08 SQL> 	GRANT SELECT ON "PSPADM"."PSP_QBDT_PAYCHECK_INFO" TO "PSPADM_RO_AWS";

Grant succeeded.

Elapsed: 00:00:00.00
09:40:08 SQL> --------------------------------------------------------
09:40:08 SQL> --  DDL for Table PSP_QBDT_PAYLINE_INFO
09:40:08 SQL> --------------------------------------------------------
09:40:08 SQL> 
09:40:08 SQL> 	CREATE TABLE "PSPADM"."PSP_QBDT_PAYLINE_INFO"
09:40:08   2  	 (    "QBDT_PAYLINE_INFO_SEQ" VARCHAR2(255 CHAR),
09:40:08   3  	      "VERSION" NUMBER(19,0),
09:40:08   4  	      "CREATOR_ID" VARCHAR2(30 CHAR),
09:40:08   5  	      "CREATED_DATE" TIMESTAMP (6),
09:40:08   6  	      "MODIFIER_ID" VARCHAR2(30 CHAR),
09:40:08   7  	      "MODIFIED_DATE" TIMESTAMP (6),
09:40:08   8  	      "REALM_ID" NUMBER(19,0) DEFAULT -1,
09:40:08   9  	      "RATE" NUMBER(19,7),
09:40:08  10  	      "TRACKING_CLASS" VARCHAR2(128 CHAR),
09:40:08  11  	      "JOB" VARCHAR2(128 CHAR),
09:40:08  12  	      "ITEM" VARCHAR2(128 CHAR),
09:40:08  13  	      "WC_CODE" VARCHAR2(20 CHAR),
09:40:08  14  	      "QUANTITY" NUMBER(19,7),
09:40:08  15  	      "EXPENSE_BY_JOB" NUMBER(1,0),
09:40:08  16  	      "RATE_TYPE" VARCHAR2(255 CHAR),
09:40:08  17  	      "QUANTITY_TYPE" VARCHAR2(255 CHAR),
09:40:08  18  	      "EMPLOYER_CONTRIBUTION_FK" VARCHAR2(255 CHAR),
09:40:08  19  	      "COMPENSATION_FK" VARCHAR2(255 CHAR),
09:40:08  20  	      "DEDUCTION_FK" VARCHAR2(255 CHAR),
09:40:08  21  	      "COMPANY_FK" VARCHAR2(255 CHAR)
09:40:08  22  	 )
09:40:08  23  	TABLESPACE "PSP_DATA03"
09:40:08  24  	PARTITION BY HASH ("COMPANY_FK")
09:40:08  25  	PARTITIONS 16;

Table created.

Elapsed: 00:00:00.01
09:40:08 SQL> 	GRANT SELECT ON "PSPADM"."PSP_QBDT_PAYLINE_INFO" TO "PSPREAD_ROLE";

Grant succeeded.

Elapsed: 00:00:00.00
09:40:08 SQL> 	GRANT UPDATE ON "PSPADM"."PSP_QBDT_PAYLINE_INFO" TO "PSPAPP_ROLE";

Grant succeeded.

Elapsed: 00:00:00.00
09:40:08 SQL> 	GRANT SELECT ON "PSPADM"."PSP_QBDT_PAYLINE_INFO" TO "PSPAPP_ROLE";

Grant succeeded.

Elapsed: 00:00:00.01
09:40:08 SQL> 	GRANT INSERT ON "PSPADM"."PSP_QBDT_PAYLINE_INFO" TO "PSPAPP_ROLE";

Grant succeeded.

Elapsed: 00:00:00.00
09:40:08 SQL> 	GRANT DELETE ON "PSPADM"."PSP_QBDT_PAYLINE_INFO" TO "PSPAPP_ROLE";

Grant succeeded.

Elapsed: 00:00:00.00
09:40:08 SQL> 	GRANT SELECT ON "PSPADM"."PSP_QBDT_PAYLINE_INFO" TO "PSPADM_RO_AWS";

Grant succeeded.

Elapsed: 00:00:00.00
09:40:08 SQL> --------------------------------------------------------
09:40:08 SQL> --  DDL for Table PSP_TAX
09:40:08 SQL> --------------------------------------------------------
09:40:08 SQL> 
09:40:08 SQL> 	CREATE TABLE "PSPADM"."PSP_TAX"
09:40:08   2  	 (    "TAX_SEQ" VARCHAR2(255 CHAR),
09:40:08   3  	      "REALM_ID" NUMBER(19,0) DEFAULT -1,
09:40:08   4  	      "TAXABLE_WAGES_AMOUNT" NUMBER(19,4),
09:40:08   5  	      "VERSION" NUMBER(19,0),
09:40:08   6  	      "CREATOR_ID" VARCHAR2(30 CHAR),
09:40:08   7  	      "CREATED_DATE" TIMESTAMP (6),
09:40:08   8  	      "MODIFIER_ID" VARCHAR2(30 CHAR),
09:40:08   9  	      "MODIFIED_DATE" TIMESTAMP (6),
09:40:08  10  	      "TOTAL_WAGES_AMOUNT" NUMBER(19,4),
09:40:08  11  	      "TAX_LIABILITY_AMOUNT" NUMBER(19,4),
09:40:08  12  	      "PAYCHECK_FK" VARCHAR2(255 CHAR),
09:40:08  13  	      "LAW_FK" VARCHAR2(50 CHAR),
09:40:08  14  	      "TAX_LIABILITY_Y_T_D_AMOUNT" NUMBER(19,4),
09:40:08  15  	      "PAY_STUB_ORDER" NUMBER(19,0),
09:40:08  16  	      "TIPS_TAXABLE_WAGE_AMOUNT" NUMBER(19,4),
09:40:08  17  	      "COMPANY_LAW_FK" VARCHAR2(255 CHAR),
09:40:08  18  	      "COMPANY_FK" VARCHAR2(255 CHAR)
09:40:08  19  	 )
09:40:08  20  	TABLESPACE "PSP_DATA04"
09:40:08  21  	PARTITION BY HASH ("COMPANY_FK")
09:40:08  22  	PARTITIONS 16;

Table created.

Elapsed: 00:00:00.01
09:40:08 SQL> 	GRANT SELECT ON "PSPADM"."PSP_TAX" TO "ICADMIN";
  GRANT SELECT ON "PSPADM"."PSP_TAX" TO "ICADMIN"
                                        *
ERROR at line 1:
ORA-01917: user or role 'ICADMIN' does not exist 


Elapsed: 00:00:00.00
09:40:08 SQL> 	GRANT UPDATE ON "PSPADM"."PSP_TAX" TO "PSPAPP_ROLE";

Grant succeeded.

Elapsed: 00:00:00.00
09:40:08 SQL> 	GRANT SELECT ON "PSPADM"."PSP_TAX" TO "PSPAPP_ROLE";

Grant succeeded.

Elapsed: 00:00:00.00
09:40:08 SQL> 	GRANT INSERT ON "PSPADM"."PSP_TAX" TO "PSPAPP_ROLE";

Grant succeeded.

Elapsed: 00:00:00.01
09:40:08 SQL> 	GRANT DELETE ON "PSPADM"."PSP_TAX" TO "PSPAPP_ROLE";

Grant succeeded.

Elapsed: 00:00:00.00
09:40:08 SQL> 	GRANT SELECT ON "PSPADM"."PSP_TAX" TO "PSPREAD_ROLE";

Grant succeeded.

Elapsed: 00:00:00.00
09:40:08 SQL> 	GRANT SELECT ON "PSPADM"."PSP_TAX" TO "PSPREAD";
  GRANT SELECT ON "PSPADM"."PSP_TAX" TO "PSPREAD"
                                        *
ERROR at line 1:
ORA-01917: user or role 'PSPREAD' does not exist 


Elapsed: 00:00:00.00
09:40:08 SQL> 	GRANT SELECT ON "PSPADM"."PSP_TAX" TO "PSPREAD_AWS";
  GRANT SELECT ON "PSPADM"."PSP_TAX" TO "PSPREAD_AWS"
                                        *
ERROR at line 1:
ORA-01917: user or role 'PSPREAD_AWS' does not exist 


Elapsed: 00:00:00.00
09:40:08 SQL> 	GRANT SELECT ON "PSPADM"."PSP_TAX" TO "PSPADM_RO_AWS";

Grant succeeded.

Elapsed: 00:00:00.01
09:40:08 SQL> --------------------------------------------------------
09:40:08 SQL> --  DDL for Table PSP_DISBURSE_ADVICE_TAX_LIAB
09:40:08 SQL> --------------------------------------------------------
09:40:08 SQL> 
09:40:08 SQL> 	CREATE TABLE "PSPADM"."PSP_DISBURSE_ADVICE_TAX_LIAB"
09:40:08   2  	 (    "DISBURSE_ADVICE_TAX_LIAB_SEQ" VARCHAR2(255 CHAR),
09:40:08   3  	      "VERSION" NUMBER(19,0),
09:40:08   4  	      "CREATOR_ID" VARCHAR2(30 CHAR),
09:40:08   5  	      "CREATED_DATE" TIMESTAMP (6),
09:40:08   6  	      "MODIFIER_ID" VARCHAR2(30 CHAR),
09:40:08   7  	      "MODIFIED_DATE" TIMESTAMP (6),
09:40:08   8  	      "REALM_ID" NUMBER(19,0) DEFAULT -1,
09:40:08   9  	      "PAYROLL_ITEM_ID" VARCHAR2(4000 CHAR),
09:40:08  10  	      "CURRENT_AMOUNT" NUMBER(19,4),
09:40:08  11  	      "QUARTER_AMOUNT" NUMBER(19,4),
09:40:08  12  	      "Y_T_D_AMOUNT" NUMBER(19,4),
09:40:08  13  	      "CURRENT_TAXABLE_AMOUNT" NUMBER(19,4),
09:40:08  14  	      "QUARTER_TAXABLE_AMOUNT" NUMBER(19,4),
09:40:08  15  	      "Y_T_D_TAXABLE_AMOUNT" NUMBER(19,4),
09:40:08  16  	      "STATE" VARCHAR2(4000 CHAR),
09:40:08  17  	      "STATE_TAX_DESC" VARCHAR2(4000 CHAR),
09:40:08  18  	      "FED_TAX_DESC" VARCHAR2(4000 CHAR),
09:40:08  19  	      "OTHER_TAX_DESC" VARCHAR2(4000 CHAR),
09:40:08  20  	      "DISBURSE_ADVICE_FK" VARCHAR2(255 CHAR),
09:40:08  21  	      "TIPS_LIABILITY_FK" VARCHAR2(255 CHAR),
09:40:08  22  	      "COMPANY_FK" VARCHAR2(255 CHAR)
09:40:08  23  	 )
09:40:08  24  	TABLESPACE "PSP_DATA01"
09:40:08  25  	PARTITION BY HASH ("COMPANY_FK")
09:40:08  26  	PARTITIONS 4;

Table created.

Elapsed: 00:00:00.01
09:40:08 SQL> 	GRANT DELETE ON "PSPADM"."PSP_DISBURSE_ADVICE_TAX_LIAB" TO "PSPAPP_ROLE";

Grant succeeded.

Elapsed: 00:00:00.00
09:40:08 SQL> 	GRANT INSERT ON "PSPADM"."PSP_DISBURSE_ADVICE_TAX_LIAB" TO "PSPAPP_ROLE";

Grant succeeded.

Elapsed: 00:00:00.00
09:40:08 SQL> 	GRANT SELECT ON "PSPADM"."PSP_DISBURSE_ADVICE_TAX_LIAB" TO "PSPAPP_ROLE";

Grant succeeded.

Elapsed: 00:00:00.00
09:40:08 SQL> 	GRANT UPDATE ON "PSPADM"."PSP_DISBURSE_ADVICE_TAX_LIAB" TO "PSPAPP_ROLE";

Grant succeeded.

Elapsed: 00:00:00.01
09:40:08 SQL> 	GRANT SELECT ON "PSPADM"."PSP_DISBURSE_ADVICE_TAX_LIAB" TO "PSPREAD_ROLE";

Grant succeeded.

Elapsed: 00:00:00.00
09:40:08 SQL> 	GRANT SELECT ON "PSPADM"."PSP_DISBURSE_ADVICE_TAX_LIAB" TO "PSPADM_RO_AWS";

Grant succeeded.

Elapsed: 00:00:00.00
09:40:08 SQL> --------------------------------------------------------
09:40:08 SQL> --  DDL for Table PSP_QBDT_TRANSACTION_INFO
09:40:08 SQL> --------------------------------------------------------
09:40:08 SQL> 
09:40:08 SQL> 	CREATE TABLE "PSPADM"."PSP_QBDT_TRANSACTION_INFO"
09:40:08   2  	 (    "QBDT_TRANSACTION_INFO_SEQ" VARCHAR2(255 CHAR),
09:40:08   3  	      "VERSION" NUMBER(19,0),
09:40:08   4  	      "CREATOR_ID" VARCHAR2(30 CHAR),
09:40:08   5  	      "CREATED_DATE" TIMESTAMP (6),
09:40:08   6  	      "MODIFIER_ID" VARCHAR2(30 CHAR),
09:40:08   7  	      "MODIFIED_DATE" TIMESTAMP (6),
09:40:08   8  	      "REALM_ID" NUMBER(19,0) DEFAULT -1,
09:40:08   9  	      "AGENCY_NAME" VARCHAR2(128 CHAR),
09:40:08  10  	      "REFERENCE_NUMBER" VARCHAR2(11 CHAR),
09:40:08  11  	      "ACCOUNT_NAME" VARCHAR2(128 CHAR),
09:40:08  12  	      "MEMO" VARCHAR2(4000 CHAR),
09:40:08  13  	      "ON_SERVICE" NUMBER(1,0),
09:40:08  14  	      "CLEARED" VARCHAR2(1 CHAR),
09:40:08  15  	      "TRACKING_CLASS" VARCHAR2(128 CHAR),
09:40:08  16  	      "IS_DELETED" NUMBER(1,0),
09:40:08  17  	      "TOKEN" NUMBER(19,0) DEFAULT -2,
09:40:08  18  	      "LIABILITY_CHECK_FK" VARCHAR2(255 CHAR),
09:40:08  19  	      "LIABILITY_CHECK_LINE_FK" VARCHAR2(255 CHAR),
09:40:08  20  	      "MONEY_MOVEMENT_TRANSACTION_FK" VARCHAR2(255 CHAR),
09:40:08  21  	      "IS_DIRECT_DEPOSIT" NUMBER(1,0) DEFAULT 0,
09:40:08  22  	      "SYSTEM_GENERATED" NUMBER(1,0) DEFAULT 0,
09:40:08  23  	      "COMP_ADJUST_SUBMISSION_FK" VARCHAR2(255 CHAR),
09:40:08  24  	      "LIABILITY_ADJUSTMENT_FK" VARCHAR2(255 CHAR),
09:40:08  25  	      "FINANCIAL_TRANSACTION_FK" VARCHAR2(255 CHAR),
09:40:08  26  	      "PRIOR_PAYMENT_SUBMISSION_FK" VARCHAR2(255 CHAR),
09:40:08  27  	      "COMPANY_FK" VARCHAR2(255 CHAR),
09:40:08  28  	      "QBDT_PAYROLL_TRANSACTION_FK" VARCHAR2(255 CHAR),
09:40:08  29  	      "QBDT_PAYROLL_TRANS_LINE_FK" VARCHAR2(255 CHAR)
09:40:08  30  	 )
09:40:08  31  	TABLESPACE "PSP_DATA02"
09:40:08  32  	PARTITION BY HASH ("COMPANY_FK")
09:40:08  33  	PARTITIONS 4;

Table created.

Elapsed: 00:00:00.01
09:40:08 SQL> 	GRANT SELECT ON "PSPADM"."PSP_QBDT_TRANSACTION_INFO" TO "PSPREAD_ROLE";

Grant succeeded.

Elapsed: 00:00:00.00
09:40:08 SQL> 	GRANT UPDATE ON "PSPADM"."PSP_QBDT_TRANSACTION_INFO" TO "PSPAPP_ROLE";

Grant succeeded.

Elapsed: 00:00:00.00
09:40:08 SQL> 	GRANT SELECT ON "PSPADM"."PSP_QBDT_TRANSACTION_INFO" TO "PSPAPP_ROLE";

Grant succeeded.

Elapsed: 00:00:00.01
09:40:08 SQL> 	GRANT INSERT ON "PSPADM"."PSP_QBDT_TRANSACTION_INFO" TO "PSPAPP_ROLE";

Grant succeeded.

Elapsed: 00:00:00.00
09:40:08 SQL> 	GRANT DELETE ON "PSPADM"."PSP_QBDT_TRANSACTION_INFO" TO "PSPAPP_ROLE";

Grant succeeded.

Elapsed: 00:00:00.00
09:40:08 SQL> 	GRANT SELECT ON "PSPADM"."PSP_QBDT_TRANSACTION_INFO" TO "PSPADM_RO_AWS";

Grant succeeded.

Elapsed: 00:00:00.00
09:40:08 SQL> 	--------------------------------------------------------
09:40:08 SQL> --  DDL for Table PSP_PAYSTUB
09:40:08 SQL> --------------------------------------------------------
09:40:08 SQL> 
09:40:08 SQL> 	CREATE TABLE "PSPADM"."PSP_PAYSTUB"
09:40:08   2  	 (    "PAYSTUB_SEQ" VARCHAR2(255 CHAR),
09:40:08   3  	      "VERSION" NUMBER(19,0),
09:40:08   4  	      "CREATOR_ID" VARCHAR2(30 CHAR),
09:40:08   5  	      "CREATED_DATE" TIMESTAMP (6),
09:40:08   6  	      "MODIFIER_ID" VARCHAR2(30 CHAR),
09:40:08   7  	      "MODIFIED_DATE" TIMESTAMP (6),
09:40:08   8  	      "REALM_ID" NUMBER(19,0) DEFAULT -1,
09:40:08   9  	      "ADJ_NET_PAY" NUMBER(19,4),
09:40:08  10  	      "GROSS_PAY" NUMBER(19,4),
09:40:08  11  	      "NET_PAY" NUMBER(19,4),
09:40:08  12  	      "PAY_BEGIN_DATE" TIMESTAMP (6),
09:40:08  13  	      "PAYCHECK_DATE" TIMESTAMP (6),
09:40:08  14  	      "PAY_END_DATE" TIMESTAMP (6),
09:40:08  15  	      "PRE_TAX_DEDUCTIONS" NUMBER(19,4),
09:40:08  16  	      "TAXES" NUMBER(19,4),
09:40:08  17  	      "Y_T_D_ADJ_NET_PAY" NUMBER(19,4),
09:40:08  18  	      "Y_T_D_GROSS_PAY" NUMBER(19,4),
09:40:08  19  	      "Y_T_D_NET_PAY" NUMBER(19,4),
09:40:08  20  	      "Y_T_D_PRE_TAX_DEDUCTIONS" NUMBER(19,4),
09:40:08  21  	      "Y_T_D_TAXES" NUMBER(19,4),
09:40:08  22  	      "PSTUB_EMPLOYER_INFO_FK" VARCHAR2(255 CHAR),
09:40:08  23  	      "PSTUB_EMPLOYEE_INFO_FK" VARCHAR2(255 CHAR),
09:40:08  24  	      "PAYCHECK_FK" VARCHAR2(255 CHAR),
09:40:08  25  	      "CHECK_NUMBER" VARCHAR2(30 CHAR),
09:40:08  26  	      "SOURCE_MOD_TIME" NUMBER(10,0),
09:40:08  27  	      "COMPANY_FK" VARCHAR2(255 CHAR)
09:40:08  28  	 )
09:40:08  29  	TABLESPACE "PSP_DATA04"
09:40:08  30  	PARTITION BY HASH ("COMPANY_FK")
09:40:08  31  	PARTITIONS 4;

Table created.

Elapsed: 00:00:00.01
09:40:08 SQL> 	GRANT DELETE ON "PSPADM"."PSP_PAYSTUB" TO "PSPAPP_ROLE";

Grant succeeded.

Elapsed: 00:00:00.00
09:40:08 SQL> 	GRANT INSERT ON "PSPADM"."PSP_PAYSTUB" TO "PSPAPP_ROLE";

Grant succeeded.

Elapsed: 00:00:00.01
09:40:08 SQL> 	GRANT SELECT ON "PSPADM"."PSP_PAYSTUB" TO "PSPAPP_ROLE";

Grant succeeded.

Elapsed: 00:00:00.00
09:40:08 SQL> 	GRANT UPDATE ON "PSPADM"."PSP_PAYSTUB" TO "PSPAPP_ROLE";

Grant succeeded.

Elapsed: 00:00:00.00
09:40:08 SQL> 	GRANT SELECT ON "PSPADM"."PSP_PAYSTUB" TO "PSPREAD_ROLE";

Grant succeeded.

Elapsed: 00:00:00.00
09:40:08 SQL> 	GRANT SELECT ON "PSPADM"."PSP_PAYSTUB" TO "PSPADM_RO_AWS";

Grant succeeded.

Elapsed: 00:00:00.01
09:40:08 SQL> 	--------------------------------------------------------
09:40:08 SQL> --  DDL for Table PSP_DEDUCTION
09:40:08 SQL> --------------------------------------------------------
09:40:08 SQL> 
09:40:08 SQL> 	CREATE TABLE "PSPADM"."PSP_DEDUCTION"
09:40:08   2  	 (    "DEDUCTION_SEQ" VARCHAR2(255 CHAR),
09:40:08   3  	      "REALM_ID" NUMBER(19,0) DEFAULT -1,
09:40:08   4  	      "VERSION" NUMBER(19,0),
09:40:08   5  	      "CREATOR_ID" VARCHAR2(30 CHAR),
09:40:08   6  	      "CREATED_DATE" TIMESTAMP (6),
09:40:08   7  	      "MODIFIER_ID" VARCHAR2(30 CHAR),
09:40:08   8  	      "MODIFIED_DATE" TIMESTAMP (6),
09:40:08   9  	      "DEDUCTION_AMOUNT" NUMBER(19,4),
09:40:08  10  	      "PAYCHECK_FK" VARCHAR2(255 CHAR),
09:40:08  11  	      "COMPANY_PAYROLL_ITEM_FK" VARCHAR2(255 CHAR),
09:40:08  12  	      "DEDUCTION_Y_T_D_AMOUNT" NUMBER(19,4),
09:40:08  13  	      "PAY_STUB_ORDER" NUMBER(19,0),
09:40:08  14  	      "COMPANY_FK" VARCHAR2(255 CHAR)
09:40:08  15  	 )
09:40:08  16  	TABLESPACE "PSP_DATA04"
09:40:08  17  	PARTITION BY HASH ("COMPANY_FK")
09:40:08  18  	PARTITIONS 4;

Table created.

Elapsed: 00:00:00.02
09:40:08 SQL> 	GRANT UPDATE ON "PSPADM"."PSP_DEDUCTION" TO "PSPAPP_ROLE";

Grant succeeded.

Elapsed: 00:00:00.00
09:40:08 SQL> 	GRANT SELECT ON "PSPADM"."PSP_DEDUCTION" TO "PSPAPP_ROLE";

Grant succeeded.

Elapsed: 00:00:00.01
09:40:08 SQL> 	GRANT INSERT ON "PSPADM"."PSP_DEDUCTION" TO "PSPAPP_ROLE";

Grant succeeded.

Elapsed: 00:00:00.00
09:40:08 SQL> 	GRANT DELETE ON "PSPADM"."PSP_DEDUCTION" TO "PSPAPP_ROLE";

Grant succeeded.

Elapsed: 00:00:00.00
09:40:08 SQL> 	GRANT SELECT ON "PSPADM"."PSP_DEDUCTION" TO "PSPREAD_ROLE";

Grant succeeded.

Elapsed: 00:00:00.00
09:40:08 SQL> 	GRANT SELECT ON "PSPADM"."PSP_DEDUCTION" TO "PSPREAD";
  GRANT SELECT ON "PSPADM"."PSP_DEDUCTION" TO "PSPREAD"
                                              *
ERROR at line 1:
ORA-01917: user or role 'PSPREAD' does not exist 


Elapsed: 00:00:00.00
09:40:08 SQL> 	GRANT SELECT ON "PSPADM"."PSP_DEDUCTION" TO "PSPREAD_AWS";
  GRANT SELECT ON "PSPADM"."PSP_DEDUCTION" TO "PSPREAD_AWS"
                                              *
ERROR at line 1:
ORA-01917: user or role 'PSPREAD_AWS' does not exist 


Elapsed: 00:00:00.01
09:40:08 SQL> 	GRANT SELECT ON "PSPADM"."PSP_DEDUCTION" TO "PSPADM_RO_AWS";

Grant succeeded.

Elapsed: 00:00:00.00
09:40:08 SQL> 	--------------------------------------------------------
09:40:08 SQL> --  DDL for Table PSP_PSTUB_PAID_TIMEOFF_ITEM
09:40:08 SQL> --------------------------------------------------------
09:40:08 SQL> 
09:40:08 SQL> 	CREATE TABLE "PSPADM"."PSP_PSTUB_PAID_TIMEOFF_ITEM"
09:40:08   2  	 (    "PSTUB_PAID_TIMEOFF_ITEM_SEQ" VARCHAR2(255 CHAR),
09:40:08   3  	      "VERSION" NUMBER(19,0),
09:40:08   4  	      "CREATOR_ID" VARCHAR2(30 CHAR),
09:40:08   5  	      "CREATED_DATE" TIMESTAMP (6),
09:40:08   6  	      "MODIFIER_ID" VARCHAR2(30 CHAR),
09:40:08   7  	      "MODIFIED_DATE" TIMESTAMP (6),
09:40:08   8  	      "REALM_ID" NUMBER(19,0) DEFAULT -1,
09:40:08   9  	      "ACCT_NAME" VARCHAR2(51 CHAR),
09:40:08  10  	      "AVAILABLE" VARCHAR2(30 CHAR),
09:40:08  11  	      "NAME" VARCHAR2(31 CHAR),
09:40:08  12  	      "PAYROLL_ITEM_LIST_ID" VARCHAR2(51 CHAR),
09:40:08  13  	      "Y_T_D_USED" VARCHAR2(30 CHAR),
09:40:08  14  	      "PAYSTUB_FK" VARCHAR2(255 CHAR),
09:40:08  15  	      "COMPANY_FK" VARCHAR2(255 CHAR)
09:40:08  16  	 )
09:40:08  17  	TABLESPACE "PSP_DATA01"
09:40:08  18  	PARTITION BY HASH ("COMPANY_FK")
09:40:08  19  	PARTITIONS 4;

Table created.

Elapsed: 00:00:00.01
09:40:08 SQL> 	GRANT DELETE ON "PSPADM"."PSP_PSTUB_PAID_TIMEOFF_ITEM" TO "PSPAPP_ROLE";

Grant succeeded.

Elapsed: 00:00:00.00
09:40:08 SQL> 	GRANT INSERT ON "PSPADM"."PSP_PSTUB_PAID_TIMEOFF_ITEM" TO "PSPAPP_ROLE";

Grant succeeded.

Elapsed: 00:00:00.01
09:40:08 SQL> 	GRANT SELECT ON "PSPADM"."PSP_PSTUB_PAID_TIMEOFF_ITEM" TO "PSPAPP_ROLE";

Grant succeeded.

Elapsed: 00:00:00.00
09:40:08 SQL> 	GRANT UPDATE ON "PSPADM"."PSP_PSTUB_PAID_TIMEOFF_ITEM" TO "PSPAPP_ROLE";

Grant succeeded.

Elapsed: 00:00:00.00
09:40:08 SQL> 	GRANT SELECT ON "PSPADM"."PSP_PSTUB_PAID_TIMEOFF_ITEM" TO "PSPREAD_ROLE";

Grant succeeded.

Elapsed: 00:00:00.00
09:40:08 SQL> 	GRANT SELECT ON "PSPADM"."PSP_PSTUB_PAID_TIMEOFF_ITEM" TO "PSPADM_RO_AWS";

Grant succeeded.

Elapsed: 00:00:00.00
09:40:08 SQL> 	--------------------------------------------------------
09:40:08 SQL> --  DDL for Table PSP_PSTUB_EMPLOYEE_INFO
09:40:08 SQL> --------------------------------------------------------
09:40:08 SQL> 
09:40:08 SQL> 	CREATE TABLE "PSPADM"."PSP_PSTUB_EMPLOYEE_INFO"
09:40:08   2  	 (    "PSTUB_EMPLOYEE_INFO_SEQ" VARCHAR2(255 CHAR),
09:40:08   3  	      "VERSION" NUMBER(19,0),
09:40:08   4  	      "CREATOR_ID" VARCHAR2(30 CHAR),
09:40:08   5  	      "CREATED_DATE" TIMESTAMP (6),
09:40:08   6  	      "MODIFIER_ID" VARCHAR2(30 CHAR),
09:40:08   7  	      "MODIFIED_DATE" TIMESTAMP (6),
09:40:08   8  	      "REALM_ID" NUMBER(19,0) DEFAULT -1,
09:40:08   9  	      "FED_ALLOWANCES" NUMBER(10,0),
09:40:08  10  	      "FED_EXTRA" NUMBER(19,4),
09:40:08  11  	      "FED_TAX_FILING_STATUS" VARCHAR2(50 CHAR),
09:40:08  12  	      "FED_TAX_FILING_STATUS_CODE" NUMBER(10,0),
09:40:08  13  	      "FIRST_NAME" VARCHAR2(30 CHAR),
09:40:08  14  	      "LAST_NAME" VARCHAR2(30 CHAR),
09:40:08  15  	      "S_S_N" VARCHAR2(15 CHAR),
09:40:08  16  	      "STATE_ALLOWANCES" NUMBER(10,0),
09:40:08  17  	      "STATE_EXTRA" NUMBER(19,4),
09:40:08  18  	      "STATE_TAX_FILING_STATUS" VARCHAR2(63 CHAR),
09:40:08  19  	      "STATE_TAX_FILING_STATUS_CODE" NUMBER(10,0),
09:40:08  20  	      "TAX_FILING_STATE" VARCHAR2(2 CHAR),
09:40:08  21  	      "EMPLOYEE_FK" VARCHAR2(255 CHAR),
09:40:08  22  	      "SOURCE_MOD_TIME" NUMBER(10,0),
09:40:08  23  	      "PSTUB_ADDRESS_FK" VARCHAR2(255 CHAR),
09:40:08  24  	      "MIDDLE_NAME" VARCHAR2(30 CHAR),
09:40:08  25  	      "FED_CLAIM_DEPENDENTS" NUMBER(19,4),
09:40:08  26  	      "FED_OTHER_INCOME" NUMBER(19,4),
09:40:08  27  	      "FED_DEDUCTIONS" NUMBER(19,4),
09:40:08  28  	      "FED_MULTIPLE_JOBS" VARCHAR2(4000 CHAR),
09:40:08  29  	      "FED_W4_EMPLOYEE_PREF" VARCHAR2(4000 CHAR),
09:40:08  30  	      "COMPANY_FK" VARCHAR2(255 CHAR)
09:40:08  31  	 )
09:40:08  32  	TABLESPACE "PSP_DATA02"
09:40:08  33  	PARTITION BY HASH ("COMPANY_FK")
09:40:08  34  	PARTITIONS 4;

Table created.

Elapsed: 00:00:00.01
09:40:08 SQL> 	GRANT DELETE ON "PSPADM"."PSP_PSTUB_EMPLOYEE_INFO" TO "PSPAPP_ROLE";

Grant succeeded.

Elapsed: 00:00:00.01
09:40:08 SQL> 	GRANT INSERT ON "PSPADM"."PSP_PSTUB_EMPLOYEE_INFO" TO "PSPAPP_ROLE";

Grant succeeded.

Elapsed: 00:00:00.00
09:40:08 SQL> 	GRANT SELECT ON "PSPADM"."PSP_PSTUB_EMPLOYEE_INFO" TO "PSPAPP_ROLE";

Grant succeeded.

Elapsed: 00:00:00.00
09:40:08 SQL> 	GRANT UPDATE ON "PSPADM"."PSP_PSTUB_EMPLOYEE_INFO" TO "PSPAPP_ROLE";

Grant succeeded.

Elapsed: 00:00:00.00
09:40:08 SQL> 	GRANT SELECT ON "PSPADM"."PSP_PSTUB_EMPLOYEE_INFO" TO "PSPREAD_ROLE";

Grant succeeded.

Elapsed: 00:00:00.01
09:40:08 SQL> 	GRANT SELECT ON "PSPADM"."PSP_PSTUB_EMPLOYEE_INFO" TO "PSPADM_RO_AWS";

Grant succeeded.

Elapsed: 00:00:00.00
09:40:08 SQL> 
09:40:08 SQL> spool off
