SQL> select /*+ parallel(8) */count(*) from PSPADM.ARCH_PURGE_MAIN_STATS_LIST;

  COUNT(*)                                                                      
----------                                                                      
       170                                                                      

1 row selected.

Elapsed: 00:00:00.00
SQL> select /*+ parallel(8) */count(*) from PSPADM.AS400_DROPME;

  COUNT(*)                                                                      
----------                                                                      
    172891                                                                      

1 row selected.

Elapsed: 00:00:00.01
SQL> select /*+ parallel(8) */count(*) from PSPADM.BACKUP_SCHEMA_STATS_090911;

  COUNT(*)                                                                      
----------                                                                      
    304950                                                                      

1 row selected.

Elapsed: 00:00:00.00
SQL> select /*+ parallel(8) */count(*) from PSPADM.BACKUP_STATS;

  COUNT(*)                                                                      
----------                                                                      
     10591                                                                      

1 row selected.

Elapsed: 00:00:00.01
SQL> select /*+ parallel(8) */count(*) from PSPADM.BACKUP_STATS_032911;

  COUNT(*)                                                                      
----------                                                                      
    248637                                                                      

1 row selected.

Elapsed: 00:00:00.00
SQL> select /*+ parallel(8) */count(*) from PSPADM.BACKUP_TAB_STATS_090911;

  COUNT(*)                                                                      
----------                                                                      
    304950                                                                      

1 row selected.

Elapsed: 00:00:00.01
SQL> select /*+ parallel(8) */count(*) from PSPADM.CMP3$100488;

  COUNT(*)                                                                      
----------                                                                      
    267570                                                                      

1 row selected.

Elapsed: 00:00:00.00
SQL> select /*+ parallel(8) */count(*) from PSPADM.CMP3$15077;

  COUNT(*)                                                                      
----------                                                                      
   4897721                                                                      

1 row selected.

Elapsed: 00:00:00.06
SQL> select /*+ parallel(8) */count(*) from PSPADM.CMP4$15077;

  COUNT(*)                                                                      
----------                                                                      
   4897721                                                                      

1 row selected.

Elapsed: 00:00:00.05
SQL> select /*+ parallel(8) */count(*) from PSPADM.DEL_TEST;

  COUNT(*)                                                                      
----------                                                                      
         2                                                                      

1 row selected.

Elapsed: 00:00:00.01
SQL> select /*+ parallel(8) */count(*) from PSPADM.DISTINCT_COMPANY_FK;

  COUNT(*)                                                                      
----------                                                                      
      3949                                                                      

1 row selected.

Elapsed: 00:00:00.00
SQL> select /*+ parallel(8) */count(*) from PSPADM.EMPTY;

  COUNT(*)                                                                      
----------                                                                      
         0                                                                      

1 row selected.

Elapsed: 00:00:00.00
SQL> select /*+ parallel(8) */count(*) from PSPADM.PAYCHECK_BACKUP_DATE;

  COUNT(*)                                                                      
----------                                                                      
   1007084                                                                      

1 row selected.

Elapsed: 00:00:00.00
SQL> select /*+ parallel(8) */count(*) from PSPADM.PAYROLL_HIST;

  COUNT(*)                                                                      
----------                                                                      
      1784                                                                      

1 row selected.

Elapsed: 00:00:00.00
SQL> select /*+ parallel(8) */count(*) from PSPADM.PET_FEB27;

  COUNT(*)                                                                      
----------                                                                      
    920175                                                                      

1 row selected.

Elapsed: 00:00:00.02
SQL> select /*+ parallel(8) */count(*) from PSPADM.PSP_COMPANY_EVENT_BKP;

  COUNT(*)                                                                      
----------                                                                      
     28736                                                                      

1 row selected.

Elapsed: 00:00:00.00
SQL> select /*+ parallel(8) */count(*) from PSPADM.PSP_COMPANY_NOTE_BKP;

  COUNT(*)                                                                      
----------                                                                      
       881                                                                      

1 row selected.

Elapsed: 00:00:00.01
SQL> select /*+ parallel(8) */count(*) from PSPADM.PSP_EMPLOYEE_BANK_ACCOUNT_BKP;

  COUNT(*)                                                                      
----------                                                                      
     38777                                                                      

1 row selected.

Elapsed: 00:00:00.01
SQL> select /*+ parallel(8) */count(*) from PSPADM.PSP_FINANCIAL_TRANS_STATE_BKP;

  COUNT(*)                                                                      
----------                                                                      
   1498290                                                                      

1 row selected.

Elapsed: 00:00:00.14
SQL> select /*+ parallel(8) */count(*) from PSPADM.PSP_LB_TMP;

  COUNT(*)                                                                      
----------                                                                      
     20730                                                                      

1 row selected.

Elapsed: 00:00:00.01
SQL> select /*+ parallel(8) */count(*) from PSPADM.PSP_LB_TMP_COMP_FK;

  COUNT(*)                                                                      
----------                                                                      
     15727                                                                      

1 row selected.

Elapsed: 00:00:00.01
SQL> select /*+ parallel(8) */count(*) from PSPADM.PSP_LB_TMP_COMP_FK_5000;

  COUNT(*)                                                                      
----------                                                                      
      4999                                                                      

1 row selected.

Elapsed: 00:00:00.00
SQL> select /*+ parallel(8) */count(*) from PSPADM.PSP_LEDGER_BALANCE_BKP;

  COUNT(*)                                                                      
----------                                                                      
  21949021                                                                      

1 row selected.

Elapsed: 00:00:02.01
SQL> select /*+ parallel(8) */count(*) from PSPADM.PSP_POSTING_RULE_MAR7;

  COUNT(*)                                                                      
----------                                                                      
       514                                                                      

1 row selected.

Elapsed: 00:00:00.00
SQL> select /*+ parallel(8) */count(*) from PSPADM.PSP_PROPERTY_AUDIT_BKP;

  COUNT(*)                                                                      
----------                                                                      
     36057                                                                      

1 row selected.

Elapsed: 00:00:00.02
SQL> select /*+ parallel(8) */count(*) from PSPADM.PSP_PSTUB_EMPLOYEE_INFO;

  COUNT(*)                                                                      
----------                                                                      
 394442124                                                                      

1 row selected.

Elapsed: 00:01:18.59
SQL> select /*+ parallel(8) */count(*) from PSPADM.PSP_RPT_PAID_EMPLOYEES;

  COUNT(*)                                                                      
----------                                                                      
   5970858                                                                      

1 row selected.

Elapsed: 00:00:00.29
SQL> select /*+ parallel(8) */count(*) from PSPADM.PSP_SAP_METHOD_CALL_BKP;

  COUNT(*)                                                                      
----------                                                                      
  46111604                                                                      

1 row selected.

Elapsed: 00:00:05.02
SQL> select /*+ parallel(8) */count(*) from PSPADM.PSP_TRANSACTION_TYPE_MAR7;

  COUNT(*)                                                                      
----------                                                                      
       115                                                                      

1 row selected.

Elapsed: 00:00:00.00
SQL> select /*+ parallel(8) */count(*) from PSPADM.REP_TEST;

  COUNT(*)                                                                      
----------                                                                      
         1                                                                      

1 row selected.

Elapsed: 00:00:00.01
SQL> select /*+ parallel(8) */count(*) from PSPADM.STATS_11DEC;

  COUNT(*)                                                                      
----------                                                                      
   1255091                                                                      

1 row selected.

Elapsed: 00:00:00.17
SQL> select /*+ parallel(8) */count(*) from PSPADM.TEMP1_PAYCHECK;

  COUNT(*)                                                                      
----------                                                                      
  23969280                                                                      

1 row selected.

Elapsed: 00:00:00.75
SQL> select /*+ parallel(8) */count(*) from PSPADM.TEMP_A_PRC_INC;

  COUNT(*)                                                                      
----------                                                                      
       247                                                                      

1 row selected.

Elapsed: 00:00:00.02
SQL> select /*+ parallel(8) */count(*) from PSPADM.TEMP_BAD_PAYROLL;

  COUNT(*)                                                                      
----------                                                                      
       425                                                                      

1 row selected.

Elapsed: 00:00:00.00
SQL> select /*+ parallel(8) */count(*) from PSPADM.TEMP_BKP_EDR_JUNE3RD;

  COUNT(*)                                                                      
----------                                                                      
      2054                                                                      

1 row selected.

Elapsed: 00:00:00.01
SQL> select /*+ parallel(8) */count(*) from PSPADM.TEMP_COMPANY_07152010;

  COUNT(*)                                                                      
----------                                                                      
      1339                                                                      

1 row selected.

Elapsed: 00:00:00.01
SQL> select /*+ parallel(8) */count(*) from PSPADM.TEMP_COMPANY_DATAFILE;

  COUNT(*)                                                                      
----------                                                                      
    238171                                                                      

1 row selected.

Elapsed: 00:00:00.02
SQL> select /*+ parallel(8) */count(*) from PSPADM.TEMP_DD4V_PRC_INC;

  COUNT(*)                                                                      
----------                                                                      
         5                                                                      

1 row selected.

Elapsed: 00:00:00.01
SQL> select /*+ parallel(8) */count(*) from PSPADM.TEMP_DD_PRC_INC;

  COUNT(*)                                                                      
----------                                                                      
       836                                                                      

1 row selected.

Elapsed: 00:00:00.00
SQL> select /*+ parallel(8) */count(*) from PSPADM.TEMP_ENTITLE_PENDING;

  COUNT(*)                                                                      
----------                                                                      
     69334                                                                      

1 row selected.

Elapsed: 00:00:00.03
SQL> select /*+ parallel(8) */count(*) from PSPADM.TEMP_FIX_NCD;

  COUNT(*)                                                                      
----------                                                                      
   4295088                                                                      

1 row selected.

Elapsed: 00:00:00.20
SQL> select /*+ parallel(8) */count(*) from PSPADM.TEMP_FIX_NCD_REACTIVATION;

  COUNT(*)                                                                      
----------                                                                      
     16585                                                                      

1 row selected.

Elapsed: 00:00:00.02
SQL> select /*+ parallel(8) */count(*) from PSPADM.TEMP_FT;

  COUNT(*)                                                                      
----------                                                                      
        19                                                                      

1 row selected.

Elapsed: 00:00:00.00
SQL> select /*+ parallel(8) */count(*) from PSPADM.TEMP_FUTURE_PAYROLL_DATA;

  COUNT(*)                                                                      
----------                                                                      
     22499                                                                      

1 row selected.

Elapsed: 00:00:00.02
SQL> select /*+ parallel(8) */count(*) from PSPADM.TEMP_GUID_COMPANY;

  COUNT(*)                                                                      
----------                                                                      
    234014                                                                      

1 row selected.

Elapsed: 00:00:00.02
SQL> select /*+ parallel(8) */count(*) from PSPADM.TEMP_MODES_AGENCY_IDS;

  COUNT(*)                                                                      
----------                                                                      
       560                                                                      

1 row selected.

Elapsed: 00:00:00.01
SQL> select /*+ parallel(8) */count(*) from PSPADM.TEMP_ORSTT_AGENCY_IDS;

  COUNT(*)                                                                      
----------                                                                      
      6953                                                                      

1 row selected.

Elapsed: 00:00:00.01
SQL> select /*+ parallel(8) */count(*) from PSPADM.TEMP_PAYCHECK;

  COUNT(*)                                                                      
----------                                                                      
     20896                                                                      

1 row selected.

Elapsed: 00:00:00.01
SQL> select /*+ parallel(8) */count(*) from PSPADM.TEMP_PEDR_FEB23;

  COUNT(*)                                                                      
----------                                                                      
      4638                                                                      

1 row selected.

Elapsed: 00:00:00.01
SQL> select /*+ parallel(8) */count(*) from PSPADM.TEMP_PFTS_FEB23;

  COUNT(*)                                                                      
----------                                                                      
      9272                                                                      

1 row selected.

Elapsed: 00:00:00.02
SQL> select /*+ parallel(8) */count(*) from PSPADM.TEMP_PFT_FEB23;

  COUNT(*)                                                                      
----------                                                                      
      9272                                                                      

1 row selected.

Elapsed: 00:00:00.01
SQL> select /*+ parallel(8) */count(*) from PSPADM.TEMP_PMMT_FEB23;

  COUNT(*)                                                                      
----------                                                                      
      2319                                                                      

1 row selected.

Elapsed: 00:00:00.01
SQL> select /*+ parallel(8) */count(*) from PSPADM.TEMP_PSP_PAYROLL_FRAUD_BATCH;

  COUNT(*)                                                                      
----------                                                                      
   2932294                                                                      

1 row selected.

Elapsed: 00:00:00.23
SQL> select /*+ parallel(8) */count(*) from PSPADM.TEMP_RAFFI_SQL_LOG;

  COUNT(*)                                                                      
----------                                                                      
     27770                                                                      

1 row selected.

Elapsed: 00:00:00.02
SQL> select /*+ parallel(8) */count(*) from PSPADM.TEMP_SUBSCRIPTIONNUMBER;

  COUNT(*)                                                                      
----------                                                                      
    116007                                                                      

1 row selected.

Elapsed: 00:00:00.01
SQL> select /*+ parallel(8) */count(*) from PSPADM.TEMP_TAX_B;

  COUNT(*)                                                                      
----------                                                                      
  20906102                                                                      

1 row selected.

Elapsed: 00:00:01.00
SQL> select /*+ parallel(8) */count(*) from PSPADM.TEMP_TAX_C;

  COUNT(*)                                                                      
----------                                                                      
   7097115                                                                      

1 row selected.

Elapsed: 00:00:00.36
SQL> select /*+ parallel(8) */count(*) from PSPADM.TEMP_TAX_CALC_APR12;

  COUNT(*)                                                                      
----------                                                                      
  15429594                                                                      

1 row selected.

Elapsed: 00:00:00.75
SQL> select /*+ parallel(8) */count(*) from PSPADM.TEMP_TAX_D;

  COUNT(*)                                                                      
----------                                                                      
     66525                                                                      

1 row selected.

Elapsed: 00:00:00.03
SQL> select /*+ parallel(8) */count(*) from PSPADM.TEMP_TAX_E;

  COUNT(*)                                                                      
----------                                                                      
  24057390                                                                      

1 row selected.

Elapsed: 00:00:01.27
SQL> select /*+ parallel(8) */count(*) from PSPADM.TEST2;

  COUNT(*)                                                                      
----------                                                                      
         0                                                                      

1 row selected.

Elapsed: 00:00:00.00
SQL> select /*+ parallel(8) */count(*) from PSPADM.TEST_MMT_ATF;

  COUNT(*)                                                                      
----------                                                                      
     97199                                                                      

1 row selected.

Elapsed: 00:00:00.04
SQL> select /*+ parallel(8) */count(*) from PSPADM.TMP_AUTH_USER;

  COUNT(*)                                                                      
----------                                                                      
        88                                                                      

1 row selected.

Elapsed: 00:00:00.01
SQL> select /*+ parallel(8) */count(*) from PSPADM.TMP_AUTH_USER1;

  COUNT(*)                                                                      
----------                                                                      
         0                                                                      

1 row selected.

Elapsed: 00:00:00.00
SQL> select /*+ parallel(8) */count(*) from PSPADM.TMP_PEWP_FEB27;

  COUNT(*)                                                                      
----------                                                                      
    278531                                                                      

1 row selected.

Elapsed: 00:00:00.04
SQL> select /*+ parallel(8) */count(*) from PSPADM.TMP_PFT_FEB26;

  COUNT(*)                                                                      
----------                                                                      
     26487                                                                      

1 row selected.

Elapsed: 00:00:00.01
SQL> select /*+ parallel(8) */count(*) from PSPADM.TMP_PMMT_FEB25;

  COUNT(*)                                                                      
----------                                                                      
      9272                                                                      

1 row selected.

Elapsed: 00:00:00.02
SQL> select /*+ parallel(8) */count(*) from PSPADM.TMP_PSP_EDR;

  COUNT(*)                                                                      
----------                                                                      
      5196                                                                      

1 row selected.

Elapsed: 00:00:00.00
SQL> select /*+ parallel(8) */count(*) from PSPADM.TMP_PSP_MMT;

  COUNT(*)                                                                      
----------                                                                      
      2598                                                                      

1 row selected.

Elapsed: 00:00:00.01
SQL> select /*+ parallel(8) */count(*) from PSPADM.TMP_PTTMD_FEB27;

  COUNT(*)                                                                      
----------                                                                      
   1183077                                                                      

1 row selected.

Elapsed: 00:00:00.13
SQL> select /*+ parallel(8) */count(*) from PSPADM.TOAD_PLAN_SQL;

  COUNT(*)                                                                      
----------                                                                      
       106                                                                      

1 row selected.

Elapsed: 00:00:00.01
SQL> select /*+ parallel(8) */count(*) from PSPADM.T_BACKFILL_METADATA;

  COUNT(*)                                                                      
----------                                                                      
      1152                                                                      

1 row selected.

Elapsed: 00:00:00.01
SQL> select /*+ parallel(8) */count(*) from PSPADM.Z_REDEF_PAYCHECK;

  COUNT(*)                                                                      
----------                                                                      
         0                                                                      

1 row selected.

Elapsed: 00:00:00.00
SQL> select /*+ parallel(8) */count(*) from PSPADM.Z_REDEF_PAYCHECK_SPLIT;

  COUNT(*)                                                                      
----------                                                                      
         0                                                                      

1 row selected.

Elapsed: 00:00:00.00
SQL> select /*+ parallel(8) */count(*) from PSPADM.Z_REDEF_SRC_SYS_TRANSMISSION;

  COUNT(*)                                                                      
----------                                                                      
         0                                                                      

1 row selected.

Elapsed: 00:00:00.01
SQL> 
SQL> spool off
