SET
Timing is on.
psql:fix_ent_upd_data.sql:3: NOTICE:  Processed 1144 records successfully in 1 for date 2024-02-26 13:10:00
psql:fix_ent_upd_data.sql:3: NOTICE:  Processed 0 records successfully in 0 for date 2024-02-26 13:11:00
psql:fix_ent_upd_data.sql:3: NOTICE:  Processed 0 records successfully in 0 for date 2024-02-26 13:12:00
psql:fix_ent_upd_data.sql:3: NOTICE:  Processed 0 records successfully in 0 for date 2024-02-26 13:13:00
psql:fix_ent_upd_data.sql:3: NOTICE:  Processed 0 records successfully in 0 for date 2024-02-26 13:14:00
psql:fix_ent_upd_data.sql:3: NOTICE:  Processed 1022 records successfully in 1 for date 2024-02-26 13:15:00
psql:fix_ent_upd_data.sql:3: NOTICE:  Processed 0 records successfully in 0 for date 2024-02-26 13:16:00
psql:fix_ent_upd_data.sql:3: NOTICE:  Processed 0 records successfully in 0 for date 2024-02-26 13:17:00
psql:fix_ent_upd_data.sql:3: NOTICE:  Processed 0 records successfully in 0 for date 2024-02-26 13:18:00
psql:fix_ent_upd_data.sql:3: NOTICE:  Processed 0 records successfully in 0 for date 2024-02-26 13:19:00
psql:fix_ent_upd_data.sql:3: NOTICE:  Processed 1391 records successfully in 1 for date 2024-02-26 13:20:00
psql:fix_ent_upd_data.sql:3: NOTICE:  Processed 0 records successfully in 0 for date 2024-02-26 13:21:00
psql:fix_ent_upd_data.sql:3: NOTICE:  Processed 0 records successfully in 0 for date 2024-02-26 13:22:00
psql:fix_ent_upd_data.sql:3: NOTICE:  Processed 0 records successfully in 0 for date 2024-02-26 13:23:00
psql:fix_ent_upd_data.sql:3: NOTICE:  Processed 0 records successfully in 0 for date 2024-02-26 13:24:00
psql:fix_ent_upd_data.sql:3: NOTICE:  Processed 1609 records successfully in 1 for date 2024-02-26 13:25:00
psql:fix_ent_upd_data.sql:3: NOTICE:  Processed 0 records successfully in 0 for date 2024-02-26 13:26:00
psql:fix_ent_upd_data.sql:3: NOTICE:  Processed 0 records successfully in 0 for date 2024-02-26 13:27:00
psql:fix_ent_upd_data.sql:3: NOTICE:  Processed 0 records successfully in 0 for date 2024-02-26 13:28:00
psql:fix_ent_upd_data.sql:3: NOTICE:  Processed 0 records successfully in 0 for date 2024-02-26 13:29:00
psql:fix_ent_upd_data.sql:3: NOTICE:  Processed 1701 records successfully in 1 for date 2024-02-26 13:30:00
psql:fix_ent_upd_data.sql:3: NOTICE:  Processed 0 records successfully in 0 for date 2024-02-26 13:31:00
psql:fix_ent_upd_data.sql:3: NOTICE:  Processed 0 records successfully in 0 for date 2024-02-26 13:32:00
psql:fix_ent_upd_data.sql:3: NOTICE:  Processed 0 records successfully in 0 for date 2024-02-26 13:33:00
psql:fix_ent_upd_data.sql:3: NOTICE:  Processed 0 records successfully in 0 for date 2024-02-26 13:34:00
psql:fix_ent_upd_data.sql:3: NOTICE:  Processed 1999 records successfully in 1 for date 2024-02-26 13:35:00
psql:fix_ent_upd_data.sql:3: NOTICE:  Processed 0 records successfully in 0 for date 2024-02-26 13:36:00
psql:fix_ent_upd_data.sql:3: NOTICE:  Processed 0 records successfully in 0 for date 2024-02-26 13:37:00
psql:fix_ent_upd_data.sql:3: NOTICE:  Processed 0 records successfully in 0 for date 2024-02-26 13:38:00
psql:fix_ent_upd_data.sql:3: NOTICE:  Processed 0 records successfully in 0 for date 2024-02-26 13:39:00
psql:fix_ent_upd_data.sql:3: NOTICE:  Processed 2297 records successfully in 1 for date 2024-02-26 13:40:00
psql:fix_ent_upd_data.sql:3: NOTICE:  Processed 0 records successfully in 0 for date 2024-02-26 13:41:00
psql:fix_ent_upd_data.sql:3: NOTICE:  Processed 0 records successfully in 0 for date 2024-02-26 13:42:00
psql:fix_ent_upd_data.sql:3: NOTICE:  Processed 0 records successfully in 0 for date 2024-02-26 13:43:00
psql:fix_ent_upd_data.sql:3: NOTICE:  Processed 0 records successfully in 0 for date 2024-02-26 13:44:00
psql:fix_ent_upd_data.sql:3: NOTICE:  Processed 2205 records successfully in 1 for date 2024-02-26 13:45:00
psql:fix_ent_upd_data.sql:3: NOTICE:  Processed 0 records successfully in 0 for date 2024-02-26 13:46:00
psql:fix_ent_upd_data.sql:3: NOTICE:  Processed 0 records successfully in 0 for date 2024-02-26 13:47:00
psql:fix_ent_upd_data.sql:3: NOTICE:  Processed 0 records successfully in 0 for date 2024-02-26 13:48:00
psql:fix_ent_upd_data.sql:3: NOTICE:  Processed 0 records successfully in 0 for date 2024-02-26 13:49:00
psql:fix_ent_upd_data.sql:3: NOTICE:  Processed 2594 records successfully in 1 for date 2024-02-26 13:50:00
psql:fix_ent_upd_data.sql:3: NOTICE:  Processed 0 records successfully in 0 for date 2024-02-26 13:51:00
psql:fix_ent_upd_data.sql:3: NOTICE:  Processed 0 records successfully in 0 for date 2024-02-26 13:52:00
psql:fix_ent_upd_data.sql:3: NOTICE:  Processed 0 records successfully in 0 for date 2024-02-26 13:53:00
psql:fix_ent_upd_data.sql:3: NOTICE:  Processed 0 records successfully in 0 for date 2024-02-26 13:54:00
psql:fix_ent_upd_data.sql:3: NOTICE:  Processed 2602 records successfully in 1 for date 2024-02-26 13:55:00
psql:fix_ent_upd_data.sql:3: NOTICE:  Processed 0 records successfully in 0 for date 2024-02-26 13:56:00
psql:fix_ent_upd_data.sql:3: NOTICE:  Processed 0 records successfully in 0 for date 2024-02-26 13:57:00
psql:fix_ent_upd_data.sql:3: NOTICE:  Processed 0 records successfully in 0 for date 2024-02-26 13:58:00
psql:fix_ent_upd_data.sql:3: NOTICE:  Processed 0 records successfully in 0 for date 2024-02-26 13:59:00
psql:fix_ent_upd_data.sql:3: NOTICE:  Processed 2633 records successfully in 1 for date 2024-02-26 14:00:00
psql:fix_ent_upd_data.sql:3: NOTICE:  Processed 0 records successfully in 0 for date 2024-02-26 14:01:00
psql:fix_ent_upd_data.sql:3: NOTICE:  Processed 0 records successfully in 0 for date 2024-02-26 14:02:00
psql:fix_ent_upd_data.sql:3: NOTICE:  Processed 0 records successfully in 0 for date 2024-02-26 14:03:00
psql:fix_ent_upd_data.sql:3: NOTICE:  Processed 0 records successfully in 0 for date 2024-02-26 14:04:00
psql:fix_ent_upd_data.sql:3: NOTICE:  Processed 2917 records successfully in 2 for date 2024-02-26 14:05:00
psql:fix_ent_upd_data.sql:3: NOTICE:  Processed 7 records successfully in 0 for date 2024-02-26 14:06:00
psql:fix_ent_upd_data.sql:3: NOTICE:  Processed 0 records successfully in 0 for date 2024-02-26 14:07:00
psql:fix_ent_upd_data.sql:3: NOTICE:  Processed 0 records successfully in 0 for date 2024-02-26 14:08:00
psql:fix_ent_upd_data.sql:3: NOTICE:  Processed 0 records successfully in 0 for date 2024-02-26 14:09:00
psql:fix_ent_upd_data.sql:3: NOTICE:  Processed 3121 records successfully in 2 for date 2024-02-26 14:10:00
psql:fix_ent_upd_data.sql:3: NOTICE:  Processed 24 records successfully in 0 for date 2024-02-26 14:11:00
psql:fix_ent_upd_data.sql:3: NOTICE:  Processed 0 records successfully in 0 for date 2024-02-26 14:12:00
psql:fix_ent_upd_data.sql:3: NOTICE:  Processed 0 records successfully in 0 for date 2024-02-26 14:13:00
psql:fix_ent_upd_data.sql:3: NOTICE:  Processed 0 records successfully in 0 for date 2024-02-26 14:14:00
psql:fix_ent_upd_data.sql:3: NOTICE:  Processed 3621 records successfully in 3 for date 2024-02-26 14:15:00
psql:fix_ent_upd_data.sql:3: NOTICE:  Processed 196 records successfully in 0 for date 2024-02-26 14:16:00
psql:fix_ent_upd_data.sql:3: NOTICE:  Processed 0 records successfully in 0 for date 2024-02-26 14:17:00
psql:fix_ent_upd_data.sql:3: NOTICE:  Processed 0 records successfully in 0 for date 2024-02-26 14:18:00
psql:fix_ent_upd_data.sql:3: NOTICE:  Processed 0 records successfully in 0 for date 2024-02-26 14:19:00
psql:fix_ent_upd_data.sql:3: NOTICE:  Processed 3310 records successfully in 2 for date 2024-02-26 14:20:00
psql:fix_ent_upd_data.sql:3: NOTICE:  Processed 43 records successfully in 0 for date 2024-02-26 14:21:00
psql:fix_ent_upd_data.sql:3: NOTICE:  Processed 0 records successfully in 0 for date 2024-02-26 14:22:00
psql:fix_ent_upd_data.sql:3: NOTICE:  Processed 0 records successfully in 0 for date 2024-02-26 14:23:00
psql:fix_ent_upd_data.sql:3: NOTICE:  Processed 0 records successfully in 0 for date 2024-02-26 14:24:00
psql:fix_ent_upd_data.sql:3: NOTICE:  Processed 3459 records successfully in 2 for date 2024-02-26 14:25:00
psql:fix_ent_upd_data.sql:3: NOTICE:  Processed 155 records successfully in 0 for date 2024-02-26 14:26:00
psql:fix_ent_upd_data.sql:3: NOTICE:  Processed 0 records successfully in 0 for date 2024-02-26 14:27:00
psql:fix_ent_upd_data.sql:3: NOTICE:  Processed 0 records successfully in 0 for date 2024-02-26 14:28:00
psql:fix_ent_upd_data.sql:3: NOTICE:  Processed 0 records successfully in 0 for date 2024-02-26 14:29:00
psql:fix_ent_upd_data.sql:3: NOTICE:  Processed 3134 records successfully in 2 for date 2024-02-26 14:30:00
psql:fix_ent_upd_data.sql:3: NOTICE:  Processed 977 records successfully in 1 for date 2024-02-26 14:31:00
psql:fix_ent_upd_data.sql:3: NOTICE:  Processed 0 records successfully in 0 for date 2024-02-26 14:32:00
psql:fix_ent_upd_data.sql:3: NOTICE:  Processed 0 records successfully in 0 for date 2024-02-26 14:33:00
psql:fix_ent_upd_data.sql:3: NOTICE:  Processed 0 records successfully in 0 for date 2024-02-26 14:34:00
psql:fix_ent_upd_data.sql:3: NOTICE:  Processed 3306 records successfully in 2 for date 2024-02-26 14:35:00
psql:fix_ent_upd_data.sql:3: NOTICE:  Processed 1588 records successfully in 1 for date 2024-02-26 14:36:00
psql:fix_ent_upd_data.sql:3: NOTICE:  Processed 0 records successfully in 0 for date 2024-02-26 14:37:00
psql:fix_ent_upd_data.sql:3: NOTICE:  Processed 0 records successfully in 0 for date 2024-02-26 14:38:00
psql:fix_ent_upd_data.sql:3: NOTICE:  Processed 0 records successfully in 0 for date 2024-02-26 14:39:00
psql:fix_ent_upd_data.sql:3: NOTICE:  Processed 3283 records successfully in 2 for date 2024-02-26 14:40:00
psql:fix_ent_upd_data.sql:3: NOTICE:  Processed 739 records successfully in 1 for date 2024-02-26 14:41:00
psql:fix_ent_upd_data.sql:3: NOTICE:  Processed 0 records successfully in 0 for date 2024-02-26 14:42:00
psql:fix_ent_upd_data.sql:3: NOTICE:  Processed 0 records successfully in 0 for date 2024-02-26 14:43:00
psql:fix_ent_upd_data.sql:3: NOTICE:  Processed 0 records successfully in 0 for date 2024-02-26 14:44:00
psql:fix_ent_upd_data.sql:3: NOTICE:  Processed 3441 records successfully in 2 for date 2024-02-26 14:45:00
psql:fix_ent_upd_data.sql:3: NOTICE:  Processed 1288 records successfully in 1 for date 2024-02-26 14:46:00
psql:fix_ent_upd_data.sql:3: NOTICE:  Processed 0 records successfully in 0 for date 2024-02-26 14:47:00
psql:fix_ent_upd_data.sql:3: NOTICE:  Processed 0 records successfully in 0 for date 2024-02-26 14:48:00
psql:fix_ent_upd_data.sql:3: NOTICE:  Processed 0 records successfully in 0 for date 2024-02-26 14:49:00
psql:fix_ent_upd_data.sql:3: NOTICE:  Processed 3327 records successfully in 2 for date 2024-02-26 14:50:00
psql:fix_ent_upd_data.sql:3: NOTICE:  Processed 1887 records successfully in 1 for date 2024-02-26 14:51:00
psql:fix_ent_upd_data.sql:3: NOTICE:  Processed 0 records successfully in 0 for date 2024-02-26 14:52:00
psql:fix_ent_upd_data.sql:3: NOTICE:  Processed 0 records successfully in 0 for date 2024-02-26 14:53:00
psql:fix_ent_upd_data.sql:3: NOTICE:  Processed 0 records successfully in 0 for date 2024-02-26 14:54:00
psql:fix_ent_upd_data.sql:3: NOTICE:  Processed 3276 records successfully in 2 for date 2024-02-26 14:55:00
psql:fix_ent_upd_data.sql:3: NOTICE:  Processed 2595 records successfully in 2 for date 2024-02-26 14:56:00
psql:fix_ent_upd_data.sql:3: NOTICE:  Processed 0 records successfully in 0 for date 2024-02-26 14:57:00
psql:fix_ent_upd_data.sql:3: NOTICE:  Processed 0 records successfully in 0 for date 2024-02-26 14:58:00
psql:fix_ent_upd_data.sql:3: NOTICE:  Processed 0 records successfully in 0 for date 2024-02-26 14:59:00
psql:fix_ent_upd_data.sql:3: NOTICE:  Processed 3254 records successfully in 2 for date 2024-02-26 15:00:00
psql:fix_ent_upd_data.sql:3: NOTICE:  Processed 1502 records successfully in 1 for date 2024-02-26 15:01:00
psql:fix_ent_upd_data.sql:3: NOTICE:  Processed 0 records successfully in 0 for date 2024-02-26 15:02:00
psql:fix_ent_upd_data.sql:3: NOTICE:  Processed 0 records successfully in 0 for date 2024-02-26 15:03:00
psql:fix_ent_upd_data.sql:3: NOTICE:  Processed 0 records successfully in 0 for date 2024-02-26 15:04:00
psql:fix_ent_upd_data.sql:3: NOTICE:  Processed 3110 records successfully in 2 for date 2024-02-26 15:05:00
psql:fix_ent_upd_data.sql:3: NOTICE:  Processed 2103 records successfully in 1 for date 2024-02-26 15:06:00
psql:fix_ent_upd_data.sql:3: NOTICE:  Processed 0 records successfully in 0 for date 2024-02-26 15:07:00
psql:fix_ent_upd_data.sql:3: NOTICE:  Processed 0 records successfully in 0 for date 2024-02-26 15:08:00
psql:fix_ent_upd_data.sql:3: NOTICE:  Processed 0 records successfully in 0 for date 2024-02-26 15:09:00
psql:fix_ent_upd_data.sql:3: NOTICE:  Processed 3137 records successfully in 2 for date 2024-02-26 15:10:00
psql:fix_ent_upd_data.sql:3: NOTICE:  Processed 2672 records successfully in 2 for date 2024-02-26 15:11:00
psql:fix_ent_upd_data.sql:3: NOTICE:  Processed 0 records successfully in 0 for date 2024-02-26 15:12:00
psql:fix_ent_upd_data.sql:3: NOTICE:  Processed 0 records successfully in 0 for date 2024-02-26 15:13:00
psql:fix_ent_upd_data.sql:3: NOTICE:  Processed 0 records successfully in 0 for date 2024-02-26 15:14:00
psql:fix_ent_upd_data.sql:3: NOTICE:  Processed 3237 records successfully in 2 for date 2024-02-26 15:15:00
psql:fix_ent_upd_data.sql:3: NOTICE:  Processed 2585 records successfully in 2 for date 2024-02-26 15:16:00
psql:fix_ent_upd_data.sql:3: NOTICE:  Processed 0 records successfully in 0 for date 2024-02-26 15:17:00
psql:fix_ent_upd_data.sql:3: NOTICE:  Processed 0 records successfully in 0 for date 2024-02-26 15:18:00
psql:fix_ent_upd_data.sql:3: NOTICE:  Processed 0 records successfully in 0 for date 2024-02-26 15:19:00
psql:fix_ent_upd_data.sql:3: NOTICE:  Processed 3217 records successfully in 2 for date 2024-02-26 15:20:00
psql:fix_ent_upd_data.sql:3: NOTICE:  Processed 3570 records successfully in 2 for date 2024-02-26 15:21:00
psql:fix_ent_upd_data.sql:3: NOTICE:  Processed 56 records successfully in 0 for date 2024-02-26 15:22:00
psql:fix_ent_upd_data.sql:3: NOTICE:  Processed 0 records successfully in 0 for date 2024-02-26 15:23:00
psql:fix_ent_upd_data.sql:3: NOTICE:  Processed 0 records successfully in 0 for date 2024-02-26 15:24:00
psql:fix_ent_upd_data.sql:3: NOTICE:  Processed 3202 records successfully in 2 for date 2024-02-26 15:25:00
psql:fix_ent_upd_data.sql:3: NOTICE:  Processed 3731 records successfully in 2 for date 2024-02-26 15:26:00
psql:fix_ent_upd_data.sql:3: NOTICE:  Processed 656 records successfully in 0 for date 2024-02-26 15:27:00
psql:fix_ent_upd_data.sql:3: NOTICE:  Processed 0 records successfully in 0 for date 2024-02-26 15:28:00
psql:fix_ent_upd_data.sql:3: NOTICE:  Processed 0 records successfully in 0 for date 2024-02-26 15:29:00
psql:fix_ent_upd_data.sql:3: NOTICE:  Processed 3320 records successfully in 2 for date 2024-02-26 15:30:00
psql:fix_ent_upd_data.sql:3: NOTICE:  Processed 3777 records successfully in 2 for date 2024-02-26 15:31:00
psql:fix_ent_upd_data.sql:3: NOTICE:  Processed 298 records successfully in 0 for date 2024-02-26 15:32:00
psql:fix_ent_upd_data.sql:3: NOTICE:  Processed 0 records successfully in 0 for date 2024-02-26 15:33:00
psql:fix_ent_upd_data.sql:3: NOTICE:  Processed 0 records successfully in 0 for date 2024-02-26 15:34:00
psql:fix_ent_upd_data.sql:3: NOTICE:  Processed 3059 records successfully in 2 for date 2024-02-26 15:35:00
psql:fix_ent_upd_data.sql:3: NOTICE:  Processed 2585 records successfully in 2 for date 2024-02-26 15:36:00
psql:fix_ent_upd_data.sql:3: NOTICE:  Processed 0 records successfully in 0 for date 2024-02-26 15:37:00
psql:fix_ent_upd_data.sql:3: NOTICE:  Processed 0 records successfully in 0 for date 2024-02-26 15:38:00
psql:fix_ent_upd_data.sql:3: NOTICE:  Processed 0 records successfully in 0 for date 2024-02-26 15:39:00
psql:fix_ent_upd_data.sql:3: NOTICE:  Processed 3047 records successfully in 2 for date 2024-02-26 15:40:00
psql:fix_ent_upd_data.sql:3: NOTICE:  Processed 3830 records successfully in 2 for date 2024-02-26 15:41:00
psql:fix_ent_upd_data.sql:3: NOTICE:  Processed 578 records successfully in 0 for date 2024-02-26 15:42:00
psql:fix_ent_upd_data.sql:3: NOTICE:  Processed 0 records successfully in 0 for date 2024-02-26 15:43:00
psql:fix_ent_upd_data.sql:3: NOTICE:  Processed 0 records successfully in 0 for date 2024-02-26 15:44:00
psql:fix_ent_upd_data.sql:3: NOTICE:  Processed 3177 records successfully in 2 for date 2024-02-26 15:45:00
psql:fix_ent_upd_data.sql:3: NOTICE:  Processed 3557 records successfully in 2 for date 2024-02-26 15:46:00
psql:fix_ent_upd_data.sql:3: NOTICE:  Processed 154 records successfully in 0 for date 2024-02-26 15:47:00
psql:fix_ent_upd_data.sql:3: NOTICE:  Processed 0 records successfully in 0 for date 2024-02-26 15:48:00
psql:fix_ent_upd_data.sql:3: NOTICE:  Processed 0 records successfully in 0 for date 2024-02-26 15:49:00
psql:fix_ent_upd_data.sql:3: NOTICE:  Processed 3030 records successfully in 2 for date 2024-02-26 15:50:00
psql:fix_ent_upd_data.sql:3: NOTICE:  Processed 3662 records successfully in 2 for date 2024-02-26 15:51:00
psql:fix_ent_upd_data.sql:3: NOTICE:  Processed 993 records successfully in 1 for date 2024-02-26 15:52:00
psql:fix_ent_upd_data.sql:3: NOTICE:  Processed 0 records successfully in 0 for date 2024-02-26 15:53:00
psql:fix_ent_upd_data.sql:3: NOTICE:  Processed 0 records successfully in 0 for date 2024-02-26 15:54:00
psql:fix_ent_upd_data.sql:3: NOTICE:  Processed 3424 records successfully in 2 for date 2024-02-26 15:55:00
psql:fix_ent_upd_data.sql:3: NOTICE:  Processed 3787 records successfully in 2 for date 2024-02-26 15:56:00
psql:fix_ent_upd_data.sql:3: NOTICE:  Processed 1465 records successfully in 1 for date 2024-02-26 15:57:00
psql:fix_ent_upd_data.sql:3: NOTICE:  Processed 0 records successfully in 0 for date 2024-02-26 15:58:00
psql:fix_ent_upd_data.sql:3: NOTICE:  Processed 0 records successfully in 0 for date 2024-02-26 15:59:00
psql:fix_ent_upd_data.sql:3: NOTICE:  Processed 3240 records successfully in 2 for date 2024-02-26 16:00:00
psql:fix_ent_upd_data.sql:3: NOTICE:  Processed 3651 records successfully in 2 for date 2024-02-26 16:01:00
psql:fix_ent_upd_data.sql:3: NOTICE:  Processed 399 records successfully in 0 for date 2024-02-26 16:02:00
psql:fix_ent_upd_data.sql:3: NOTICE:  Processed 0 records successfully in 0 for date 2024-02-26 16:03:00
psql:fix_ent_upd_data.sql:3: NOTICE:  Processed 0 records successfully in 0 for date 2024-02-26 16:04:00
psql:fix_ent_upd_data.sql:3: NOTICE:  Processed 3056 records successfully in 2 for date 2024-02-26 16:05:00
psql:fix_ent_upd_data.sql:3: NOTICE:  Processed 3938 records successfully in 2 for date 2024-02-26 16:06:00
psql:fix_ent_upd_data.sql:3: NOTICE:  Processed 736 records successfully in 0 for date 2024-02-26 16:07:00
psql:fix_ent_upd_data.sql:3: NOTICE:  Processed 0 records successfully in 0 for date 2024-02-26 16:08:00
psql:fix_ent_upd_data.sql:3: NOTICE:  Processed 0 records successfully in 0 for date 2024-02-26 16:09:00
psql:fix_ent_upd_data.sql:3: NOTICE:  Processed 3046 records successfully in 2 for date 2024-02-26 16:10:00
psql:fix_ent_upd_data.sql:3: NOTICE:  Processed 3816 records successfully in 2 for date 2024-02-26 16:11:00
psql:fix_ent_upd_data.sql:3: NOTICE:  Processed 435 records successfully in 0 for date 2024-02-26 16:12:00
psql:fix_ent_upd_data.sql:3: NOTICE:  Processed 0 records successfully in 0 for date 2024-02-26 16:13:00
psql:fix_ent_upd_data.sql:3: NOTICE:  Processed 0 records successfully in 0 for date 2024-02-26 16:14:00
psql:fix_ent_upd_data.sql:3: NOTICE:  Processed 3239 records successfully in 2 for date 2024-02-26 16:15:00
psql:fix_ent_upd_data.sql:3: NOTICE:  Processed 3536 records successfully in 2 for date 2024-02-26 16:16:00
psql:fix_ent_upd_data.sql:3: NOTICE:  Processed 1229 records successfully in 1 for date 2024-02-26 16:17:00
psql:fix_ent_upd_data.sql:3: NOTICE:  Processed 0 records successfully in 0 for date 2024-02-26 16:18:00
psql:fix_ent_upd_data.sql:3: NOTICE:  Processed 0 records successfully in 0 for date 2024-02-26 16:19:00
psql:fix_ent_upd_data.sql:3: NOTICE:  Processed 3128 records successfully in 2 for date 2024-02-26 16:20:00
psql:fix_ent_upd_data.sql:3: NOTICE:  Processed 3805 records successfully in 2 for date 2024-02-26 16:21:00
psql:fix_ent_upd_data.sql:3: NOTICE:  Processed 600 records successfully in 0 for date 2024-02-26 16:22:00
psql:fix_ent_upd_data.sql:3: NOTICE:  Processed 0 records successfully in 0 for date 2024-02-26 16:23:00
psql:fix_ent_upd_data.sql:3: NOTICE:  Processed 0 records successfully in 0 for date 2024-02-26 16:24:00
psql:fix_ent_upd_data.sql:3: NOTICE:  Processed 3065 records successfully in 2 for date 2024-02-26 16:25:00
psql:fix_ent_upd_data.sql:3: NOTICE:  Processed 3578 records successfully in 2 for date 2024-02-26 16:26:00
psql:fix_ent_upd_data.sql:3: NOTICE:  Processed 670 records successfully in 0 for date 2024-02-26 16:27:00
psql:fix_ent_upd_data.sql:3: NOTICE:  Processed 0 records successfully in 0 for date 2024-02-26 16:28:00
psql:fix_ent_upd_data.sql:3: NOTICE:  Processed 0 records successfully in 0 for date 2024-02-26 16:29:00
psql:fix_ent_upd_data.sql:3: NOTICE:  Processed 3183 records successfully in 2 for date 2024-02-26 16:30:00
psql:fix_ent_upd_data.sql:3: NOTICE:  Processed 3737 records successfully in 2 for date 2024-02-26 16:31:00
psql:fix_ent_upd_data.sql:3: NOTICE:  Processed 342 records successfully in 0 for date 2024-02-26 16:32:00
psql:fix_ent_upd_data.sql:3: NOTICE:  Processed 0 records successfully in 0 for date 2024-02-26 16:33:00
psql:fix_ent_upd_data.sql:3: NOTICE:  Processed 0 records successfully in 0 for date 2024-02-26 16:34:00
psql:fix_ent_upd_data.sql:3: NOTICE:  Processed 3205 records successfully in 2 for date 2024-02-26 16:35:00
psql:fix_ent_upd_data.sql:3: NOTICE:  Processed 3683 records successfully in 2 for date 2024-02-26 16:36:00
psql:fix_ent_upd_data.sql:3: NOTICE:  Processed 418 records successfully in 0 for date 2024-02-26 16:37:00
psql:fix_ent_upd_data.sql:3: NOTICE:  Processed 0 records successfully in 0 for date 2024-02-26 16:38:00
psql:fix_ent_upd_data.sql:3: NOTICE:  Processed 0 records successfully in 0 for date 2024-02-26 16:39:00
psql:fix_ent_upd_data.sql:3: NOTICE:  Processed 3200 records successfully in 2 for date 2024-02-26 16:40:00
psql:fix_ent_upd_data.sql:3: NOTICE:  Processed 3707 records successfully in 2 for date 2024-02-26 16:41:00
psql:fix_ent_upd_data.sql:3: NOTICE:  Processed 122 records successfully in 0 for date 2024-02-26 16:42:00
psql:fix_ent_upd_data.sql:3: NOTICE:  Processed 0 records successfully in 0 for date 2024-02-26 16:43:00
psql:fix_ent_upd_data.sql:3: NOTICE:  Processed 0 records successfully in 0 for date 2024-02-26 16:44:00
psql:fix_ent_upd_data.sql:3: NOTICE:  Processed 2971 records successfully in 1 for date 2024-02-26 16:45:00
psql:fix_ent_upd_data.sql:3: NOTICE:  Processed 3824 records successfully in 1 for date 2024-02-26 16:46:00
psql:fix_ent_upd_data.sql:3: NOTICE:  Processed 2602 records successfully in 1 for date 2024-02-26 16:47:00
psql:fix_ent_upd_data.sql:3: NOTICE:  Processed 0 records successfully in 0 for date 2024-02-26 16:48:00
psql:fix_ent_upd_data.sql:3: NOTICE:  Processed 0 records successfully in 0 for date 2024-02-26 16:49:00
psql:fix_ent_upd_data.sql:3: NOTICE:  Processed 3064 records successfully in 1 for date 2024-02-26 16:50:00
psql:fix_ent_upd_data.sql:3: NOTICE:  Processed 3492 records successfully in 1 for date 2024-02-26 16:51:00
psql:fix_ent_upd_data.sql:3: NOTICE:  Processed 718 records successfully in 0 for date 2024-02-26 16:52:00
psql:fix_ent_upd_data.sql:3: NOTICE:  Processed 0 records successfully in 0 for date 2024-02-26 16:53:00
psql:fix_ent_upd_data.sql:3: NOTICE:  Processed 0 records successfully in 0 for date 2024-02-26 16:54:00
psql:fix_ent_upd_data.sql:3: NOTICE:  Processed 3260 records successfully in 1 for date 2024-02-26 16:55:00
psql:fix_ent_upd_data.sql:3: NOTICE:  Processed 3657 records successfully in 1 for date 2024-02-26 16:56:00
psql:fix_ent_upd_data.sql:3: NOTICE:  Processed 1608 records successfully in 1 for date 2024-02-26 16:57:00
psql:fix_ent_upd_data.sql:3: NOTICE:  Processed 0 records successfully in 0 for date 2024-02-26 16:58:00
psql:fix_ent_upd_data.sql:3: NOTICE:  Processed 0 records successfully in 0 for date 2024-02-26 16:59:00
psql:fix_ent_upd_data.sql:3: NOTICE:  Processed 3195 records successfully in 1 for date 2024-02-26 17:00:00
psql:fix_ent_upd_data.sql:3: NOTICE:  Processed 3312 records successfully in 1 for date 2024-02-26 17:01:00
psql:fix_ent_upd_data.sql:3: NOTICE:  Processed 1608 records successfully in 1 for date 2024-02-26 17:02:00
psql:fix_ent_upd_data.sql:3: NOTICE:  Processed 0 records successfully in 0 for date 2024-02-26 17:03:00
psql:fix_ent_upd_data.sql:3: NOTICE:  Processed 0 records successfully in 0 for date 2024-02-26 17:04:00
CALL
Time: 140854.101 ms (02:20.854)
