Timing is on.
psql:run_full_vacuum_catalog_02Nov.sql:2: INFO:  vacuuming "pg_catalog.pg_statistic"
psql:run_full_vacuum_catalog_02Nov.sql:2: INFO:  "pg_catalog.pg_statistic": found 740 removable, 14815 nonremovable row versions in 9455 pages
DETAIL:  56 dead row versions cannot be removed yet.
CPU: user: 0.29 s, system: 0.04 s, elapsed: 1.85 s.
VACUUM
Time: 1910.055 ms (00:01.910)
psql:run_full_vacuum_catalog_02Nov.sql:3: INFO:  vacuuming "pg_catalog.pg_type"
psql:run_full_vacuum_catalog_02Nov.sql:3: INFO:  "pg_catalog.pg_type": found 2856 removable, 4845 nonremovable row versions in 6123 pages
DETAIL:  2 dead row versions cannot be removed yet.
CPU: user: 0.01 s, system: 0.00 s, elapsed: 0.18 s.
psql:run_full_vacuum_catalog_02Nov.sql:3: INFO:  analyzing "pg_catalog.pg_type"
psql:run_full_vacuum_catalog_02Nov.sql:3: INFO:  "pg_type": scanned 113 of 113 pages, containing 4841 live rows and 4 dead rows; 4841 rows in sample, 4841 estimated total rows
VACUUM
Time: 286.462 ms
psql:run_full_vacuum_catalog_02Nov.sql:4: INFO:  vacuuming "pg_catalog.pg_inherits"
psql:run_full_vacuum_catalog_02Nov.sql:4: INFO:  "pg_catalog.pg_inherits": found 3570 removable, 4312 nonremovable row versions in 2125 pages
DETAIL:  0 dead row versions cannot be removed yet.
CPU: user: 0.00 s, system: 0.00 s, elapsed: 0.06 s.
psql:run_full_vacuum_catalog_02Nov.sql:4: INFO:  analyzing "pg_catalog.pg_inherits"
psql:run_full_vacuum_catalog_02Nov.sql:4: INFO:  "pg_inherits": scanned 24 of 24 pages, containing 4312 live rows and 0 dead rows; 4312 rows in sample, 4312 estimated total rows
VACUUM
Time: 105.097 ms
psql:run_full_vacuum_catalog_02Nov.sql:5: INFO:  vacuuming "pg_catalog.pg_attribute"
psql:run_full_vacuum_catalog_02Nov.sql:5: INFO:  "pg_catalog.pg_attribute": found 0 removable, 66068 nonremovable row versions in 1290 pages
DETAIL:  107 dead row versions cannot be removed yet.
CPU: user: 0.06 s, system: 0.00 s, elapsed: 0.10 s.
psql:run_full_vacuum_catalog_02Nov.sql:5: INFO:  analyzing "pg_catalog.pg_attribute"
psql:run_full_vacuum_catalog_02Nov.sql:5: INFO:  "pg_attribute": scanned 1206 of 1206 pages, containing 65929 live rows and 139 dead rows; 30000 rows in sample, 65929 estimated total rows
VACUUM
Time: 398.147 ms
psql:run_full_vacuum_catalog_02Nov.sql:6: INFO:  vacuuming "pg_catalog.pg_depend"
psql:run_full_vacuum_catalog_02Nov.sql:6: INFO:  "pg_catalog.pg_depend": found 442 removable, 50239 nonremovable row versions in 383 pages
DETAIL:  14 dead row versions cannot be removed yet.
CPU: user: 0.02 s, system: 0.00 s, elapsed: 0.06 s.
psql:run_full_vacuum_catalog_02Nov.sql:6: INFO:  analyzing "pg_catalog.pg_depend"
psql:run_full_vacuum_catalog_02Nov.sql:6: INFO:  "pg_depend": scanned 370 of 370 pages, containing 50223 live rows and 16 dead rows; 30000 rows in sample, 50223 estimated total rows
VACUUM
Time: 222.522 ms
psql:run_full_vacuum_catalog_02Nov.sql:7: INFO:  vacuuming "pg_catalog.pg_class"
psql:run_full_vacuum_catalog_02Nov.sql:7: INFO:  "pg_catalog.pg_class": found 918 removable, 8596 nonremovable row versions in 440 pages
DETAIL:  39 dead row versions cannot be removed yet.
CPU: user: 0.01 s, system: 0.00 s, elapsed: 0.03 s.
psql:run_full_vacuum_catalog_02Nov.sql:7: INFO:  analyzing "pg_catalog.pg_class"
psql:run_full_vacuum_catalog_02Nov.sql:7: INFO:  "pg_class": scanned 259 of 259 pages, containing 8556 live rows and 41 dead rows; 8556 rows in sample, 8556 estimated total rows
VACUUM
Time: 145.315 ms
