psql:analyze_script_3.sql:2: ERROR:  syntax error at or near "/"
LINE 1: /timing
        ^
psql:analyze_script_3.sql:3: INFO:  analyzing "psparc.as400_dropme"
psql:analyze_script_3.sql:3: INFO:  "as400_dropme": scanned 0 of 0 pages, containing 0 live rows and 0 dead rows; 0 rows in sample, 0 estimated total rows
ANALYZE
psql:analyze_script_3.sql:4: INFO:  analyzing "psparc.distinct_company_fk"
psql:analyze_script_3.sql:4: INFO:  "distinct_company_fk": scanned 0 of 0 pages, containing 0 live rows and 0 dead rows; 0 rows in sample, 0 estimated total rows
ANALYZE
psql:analyze_script_3.sql:5: INFO:  analyzing "psparc.gg_heartbeat"
psql:analyze_script_3.sql:5: INFO:  "gg_heartbeat": scanned 0 of 0 pages, containing 0 live rows and 0 dead rows; 0 rows in sample, 0 estimated total rows
ANALYZE
psql:analyze_script_3.sql:6: INFO:  analyzing "psparc.paycheck_backup_date"
psql:analyze_script_3.sql:6: INFO:  "paycheck_backup_date": scanned 0 of 0 pages, containing 0 live rows and 0 dead rows; 0 rows in sample, 0 estimated total rows
ANALYZE
psql:analyze_script_3.sql:7: INFO:  analyzing "psparc.payroll_hist"
psql:analyze_script_3.sql:7: INFO:  "payroll_hist": scanned 0 of 0 pages, containing 0 live rows and 0 dead rows; 0 rows in sample, 0 estimated total rows
ANALYZE
psql:analyze_script_3.sql:8: INFO:  analyzing "psparc.psp_accounting_report_file"
psql:analyze_script_3.sql:8: INFO:  "psp_accounting_report_file": scanned 0 of 0 pages, containing 0 live rows and 0 dead rows; 0 rows in sample, 0 estimated total rows
ANALYZE
psql:analyze_script_3.sql:9: INFO:  analyzing "psparc.psp_ach_transaction_code"
psql:analyze_script_3.sql:9: INFO:  "psp_ach_transaction_code": scanned 1 of 1 pages, containing 16 live rows and 0 dead rows; 16 rows in sample, 16 estimated total rows
ANALYZE
psql:analyze_script_3.sql:10: INFO:  analyzing "psparc.psp_achenrollment"
psql:analyze_script_3.sql:10: INFO:  "psp_achenrollment": scanned 0 of 0 pages, containing 0 live rows and 0 dead rows; 0 rows in sample, 0 estimated total rows
ANALYZE
psql:analyze_script_3.sql:11: INFO:  analyzing "psparc.psp_achenrollment_detail"
psql:analyze_script_3.sql:11: INFO:  "psp_achenrollment_detail": scanned 0 of 0 pages, containing 0 live rows and 0 dead rows; 0 rows in sample, 0 estimated total rows
ANALYZE
psql:analyze_script_3.sql:12: INFO:  analyzing "psparc.psp_achenrollment_file"
psql:analyze_script_3.sql:12: INFO:  "psp_achenrollment_file": scanned 0 of 0 pages, containing 0 live rows and 0 dead rows; 0 rows in sample, 0 estimated total rows
ANALYZE
psql:analyze_script_3.sql:13: INFO:  analyzing "psparc.psp_action_event"
psql:analyze_script_3.sql:13: INFO:  "psp_action_event": scanned 1 of 1 pages, containing 31 live rows and 0 dead rows; 31 rows in sample, 31 estimated total rows
ANALYZE
psql:analyze_script_3.sql:14: INFO:  analyzing "psparc.psp_additional_filing_amount"
psql:analyze_script_3.sql:14: INFO:  "psp_additional_filing_amount": scanned 1 of 1 pages, containing 24 live rows and 0 dead rows; 24 rows in sample, 24 estimated total rows
ANALYZE
psql:analyze_script_3.sql:15: INFO:  analyzing "psparc.psp_address"
psql:analyze_script_3.sql:15: INFO:  "psp_address": scanned 28323 of 28323 pages, containing 1256278 live rows and 0 dead rows; 30000 rows in sample, 1256278 estimated total rows
ANALYZE
psql:analyze_script_3.sql:16: INFO:  analyzing "psparc.psp_ade_law_map"
psql:analyze_script_3.sql:16: INFO:  "psp_ade_law_map": scanned 0 of 0 pages, containing 0 live rows and 0 dead rows; 0 rows in sample, 0 estimated total rows
ANALYZE
psql:analyze_script_3.sql:17: INFO:  analyzing "psparc.psp_agency"
psql:analyze_script_3.sql:17: INFO:  "psp_agency": scanned 2 of 2 pages, containing 97 live rows and 0 dead rows; 97 rows in sample, 97 estimated total rows
ANALYZE
psql:analyze_script_3.sql:18: INFO:  analyzing "psparc.psp_agency_check_batch"
psql:analyze_script_3.sql:18: INFO:  "psp_agency_check_batch": scanned 0 of 0 pages, containing 0 live rows and 0 dead rows; 0 rows in sample, 0 estimated total rows
ANALYZE
psql:analyze_script_3.sql:19: INFO:  analyzing "psparc.psp_agency_id_requirement"
psql:analyze_script_3.sql:19: INFO:  "psp_agency_id_requirement": scanned 0 of 0 pages, containing 0 live rows and 0 dead rows; 0 rows in sample, 0 estimated total rows
ANALYZE
psql:analyze_script_3.sql:20: INFO:  analyzing "psparc.psp_agency_rate_request"
psql:analyze_script_3.sql:20: INFO:  "psp_agency_rate_request": scanned 0 of 0 pages, containing 0 live rows and 0 dead rows; 0 rows in sample, 0 estimated total rows
ANALYZE
psql:analyze_script_3.sql:21: INFO:  analyzing "psparc.psp_annual_billing_batch"
psql:analyze_script_3.sql:21: INFO:  "psp_annual_billing_batch": scanned 0 of 0 pages, containing 0 live rows and 0 dead rows; 0 rows in sample, 0 estimated total rows
ANALYZE
psql:analyze_script_3.sql:22: INFO:  analyzing "psparc.psp_annual_billing_item"
psql:analyze_script_3.sql:22: INFO:  "psp_annual_billing_item": scanned 0 of 0 pages, containing 0 live rows and 0 dead rows; 0 rows in sample, 0 estimated total rows
ANALYZE
psql:analyze_script_3.sql:23: INFO:  analyzing "psparc.psp_applied_database_patch"
psql:analyze_script_3.sql:23: INFO:  "psp_applied_database_patch": scanned 0 of 0 pages, containing 0 live rows and 0 dead rows; 0 rows in sample, 0 estimated total rows
ANALYZE
psql:analyze_script_3.sql:24: INFO:  analyzing "psparc.psp_archive_record"
psql:analyze_script_3.sql:24: INFO:  "psp_archive_record": scanned 0 of 0 pages, containing 0 live rows and 0 dead rows; 0 rows in sample, 0 estimated total rows
ANALYZE
psql:analyze_script_3.sql:25: INFO:  analyzing "psparc.psp_assisted_bundle_bill"
psql:analyze_script_3.sql:25: INFO:  "psp_assisted_bundle_bill": scanned 0 of 0 pages, containing 0 live rows and 0 dead rows; 0 rows in sample, 0 estimated total rows
ANALYZE
psql:analyze_script_3.sql:26: INFO:  analyzing "psparc.psp_asst_bundle_bill_detail"
psql:analyze_script_3.sql:26: INFO:  "psp_asst_bundle_bill_detail": scanned 0 of 0 pages, containing 0 live rows and 0 dead rows; 0 rows in sample, 0 estimated total rows
ANALYZE
psql:analyze_script_3.sql:27: INFO:  analyzing "psparc.psp_asst_bundle_comp_usage"
psql:analyze_script_3.sql:27: INFO:  "psp_asst_bundle_comp_usage": scanned 0 of 0 pages, containing 0 live rows and 0 dead rows; 0 rows in sample, 0 estimated total rows
ANALYZE
psql:analyze_script_3.sql:28: INFO:  analyzing "psparc.psp_atfdata_extract_batch"
psql:analyze_script_3.sql:28: INFO:  "psp_atfdata_extract_batch": scanned 0 of 0 pages, containing 0 live rows and 0 dead rows; 0 rows in sample, 0 estimated total rows
ANALYZE
psql:analyze_script_3.sql:29: INFO:  analyzing "psparc.psp_atfdata_extract_file"
psql:analyze_script_3.sql:29: INFO:  "psp_atfdata_extract_file": scanned 0 of 0 pages, containing 0 live rows and 0 dead rows; 0 rows in sample, 0 estimated total rows
ANALYZE
psql:analyze_script_3.sql:30: INFO:  analyzing "psparc.psp_atfpayments_to_process"
psql:analyze_script_3.sql:30: INFO:  "psp_atfpayments_to_process": scanned 0 of 0 pages, containing 0 live rows and 0 dead rows; 0 rows in sample, 0 estimated total rows
ANALYZE
psql:analyze_script_3.sql:31: INFO:  analyzing "psparc.psp_atfpayrolls_to_process"
psql:analyze_script_3.sql:31: INFO:  "psp_atfpayrolls_to_process": scanned 0 of 0 pages, containing 0 live rows and 0 dead rows; 0 rows in sample, 0 estimated total rows
ANALYZE
psql:analyze_script_3.sql:32: INFO:  analyzing "psparc.psp_auth_domain"
psql:analyze_script_3.sql:32: INFO:  "psp_auth_domain": scanned 1 of 1 pages, containing 2 live rows and 0 dead rows; 2 rows in sample, 2 estimated total rows
ANALYZE
psql:analyze_script_3.sql:33: INFO:  analyzing "psparc.psp_auth_operation"
psql:analyze_script_3.sql:33: INFO:  "psp_auth_operation": scanned 3 of 3 pages, containing 164 live rows and 0 dead rows; 164 rows in sample, 164 estimated total rows
ANALYZE
psql:analyze_script_3.sql:34: INFO:  analyzing "psparc.psp_auth_role"
psql:analyze_script_3.sql:34: INFO:  "psp_auth_role": scanned 2 of 2 pages, containing 59 live rows and 0 dead rows; 59 rows in sample, 59 estimated total rows
ANALYZE
psql:analyze_script_3.sql:35: INFO:  analyzing "psparc.psp_auth_user"
psql:analyze_script_3.sql:35: INFO:  "psp_auth_user": scanned 0 of 0 pages, containing 0 live rows and 0 dead rows; 0 rows in sample, 0 estimated total rows
ANALYZE
psql:analyze_script_3.sql:36: INFO:  analyzing "psparc.psp_auth_user_auth_role__assoc"
psql:analyze_script_3.sql:36: INFO:  "psp_auth_user_auth_role__assoc": scanned 0 of 0 pages, containing 0 live rows and 0 dead rows; 0 rows in sample, 0 estimated total rows
ANALYZE
psql:analyze_script_3.sql:37: INFO:  analyzing "psparc.psp_authrole_operation_assoc"
psql:analyze_script_3.sql:37: INFO:  "psp_authrole_operation_assoc": scanned 0 of 0 pages, containing 0 live rows and 0 dead rows; 0 rows in sample, 0 estimated total rows
ANALYZE
psql:analyze_script_3.sql:38: INFO:  analyzing "psparc.psp_bank_account"
psql:analyze_script_3.sql:38: INFO:  "psp_bank_account": scanned 30000 of 476930 pages, containing 702243 live rows and 62629 dead rows; 30000 rows in sample, 11164025 estimated total rows
ANALYZE
psql:analyze_script_3.sql:39: INFO:  analyzing "psparc.psp_bank_holiday"
psql:analyze_script_3.sql:39: INFO:  "psp_bank_holiday": scanned 2 of 2 pages, containing 238 live rows and 0 dead rows; 238 rows in sample, 238 estimated total rows
ANALYZE
psql:analyze_script_3.sql:40: INFO:  analyzing "psparc.psp_batch_job_audit_log"
psql:analyze_script_3.sql:40: INFO:  "psp_batch_job_audit_log": scanned 0 of 0 pages, containing 0 live rows and 0 dead rows; 0 rows in sample, 0 estimated total rows
ANALYZE
psql:analyze_script_3.sql:41: INFO:  analyzing "psparc.psp_batch_job_parameter"
psql:analyze_script_3.sql:41: INFO:  "psp_batch_job_parameter": scanned 3 of 3 pages, containing 160 live rows and 0 dead rows; 160 rows in sample, 160 estimated total rows
ANALYZE
psql:analyze_script_3.sql:42: INFO:  analyzing "psparc.psp_batch_job_setup"
psql:analyze_script_3.sql:42: INFO:  "psp_batch_job_setup": scanned 4 of 4 pages, containing 159 live rows and 0 dead rows; 159 rows in sample, 159 estimated total rows
ANALYZE
psql:analyze_script_3.sql:43: INFO:  analyzing "psparc.psp_batch_job_status"
psql:analyze_script_3.sql:43: INFO:  "psp_batch_job_status": scanned 0 of 0 pages, containing 0 live rows and 0 dead rows; 0 rows in sample, 0 estimated total rows
ANALYZE
psql:analyze_script_3.sql:44: INFO:  analyzing "psparc.psp_bill"
psql:analyze_script_3.sql:44: INFO:  "psp_bill": scanned 0 of 0 pages, containing 0 live rows and 0 dead rows; 0 rows in sample, 0 estimated total rows
ANALYZE
psql:analyze_script_3.sql:45: INFO:  analyzing "psparc.psp_bill_payment"
psql:analyze_script_3.sql:45: INFO:  "psp_bill_payment": scanned 30000 of 400386 pages, containing 947534 live rows and 0 dead rows; 30000 rows in sample, 12645978 estimated total rows
ANALYZE
psql:analyze_script_3.sql:46: INFO:  analyzing "psparc.psp_bill_payment_split"
psql:analyze_script_3.sql:46: INFO:  "psp_bill_payment_split": scanned 30000 of 361730 pages, containing 1048810 live rows and 0 dead rows; 30000 rows in sample, 12646201 estimated total rows
ANALYZE
psql:analyze_script_3.sql:47: INFO:  analyzing "psparc.psp_billing_detail"
psql:analyze_script_3.sql:47: INFO:  "psp_billing_detail": scanned 0 of 0 pages, containing 0 live rows and 0 dead rows; 0 rows in sample, 0 estimated total rows
ANALYZE
psql:analyze_script_3.sql:48: INFO:  analyzing "psparc.psp_bpcompany_service_info"
psql:analyze_script_3.sql:48: INFO:  "psp_bpcompany_service_info": scanned 0 of 0 pages, containing 0 live rows and 0 dead rows; 0 rows in sample, 0 estimated total rows
ANALYZE
psql:analyze_script_3.sql:49: INFO:  analyzing "psparc.psp_cdcompany_service_info"
psql:analyze_script_3.sql:49: INFO:  "psp_cdcompany_service_info": scanned 0 of 0 pages, containing 0 live rows and 0 dead rows; 0 rows in sample, 0 estimated total rows
ANALYZE
psql:analyze_script_3.sql:50: INFO:  analyzing "psparc.psp_check_print_batch"
psql:analyze_script_3.sql:50: INFO:  "psp_check_print_batch": scanned 0 of 0 pages, containing 0 live rows and 0 dead rows; 0 rows in sample, 0 estimated total rows
ANALYZE
psql:analyze_script_3.sql:51: INFO:  analyzing "psparc.psp_check_print_paycheck"
psql:analyze_script_3.sql:51: INFO:  "psp_check_print_paycheck": scanned 0 of 0 pages, containing 0 live rows and 0 dead rows; 0 rows in sample, 0 estimated total rows
ANALYZE
psql:analyze_script_3.sql:52: INFO:  analyzing "psparc.psp_check_print_signature"
psql:analyze_script_3.sql:52: INFO:  "psp_check_print_signature": scanned 0 of 0 pages, containing 0 live rows and 0 dead rows; 0 rows in sample, 0 estimated total rows
ANALYZE
psql:analyze_script_3.sql:53: INFO:  analyzing "psparc.psp_collection_stage"
psql:analyze_script_3.sql:53: INFO:  "psp_collection_stage": scanned 1 of 1 pages, containing 3 live rows and 0 dead rows; 3 rows in sample, 3 estimated total rows
ANALYZE
psql:analyze_script_3.sql:54: INFO:  analyzing "psparc.psp_comp_adjust_submission"
psql:analyze_script_3.sql:54: INFO:  "psp_comp_adjust_submission": scanned 0 of 0 pages, containing 0 live rows and 0 dead rows; 0 rows in sample, 0 estimated total rows
ANALYZE
psql:analyze_script_3.sql:55: INFO:  analyzing "psparc.psp_comp_pmt_template_agencyid"
psql:analyze_script_3.sql:55: INFO:  "psp_comp_pmt_template_agencyid": scanned 0 of 0 pages, containing 0 live rows and 0 dead rows; 0 rows in sample, 0 estimated total rows
ANALYZE
psql:analyze_script_3.sql:56: INFO:  analyzing "psparc.psp_comp_pmttemplate_pmtmethod"
psql:analyze_script_3.sql:56: INFO:  "psp_comp_pmttemplate_pmtmethod": scanned 0 of 0 pages, containing 0 live rows and 0 dead rows; 0 rows in sample, 0 estimated total rows
ANALYZE
psql:analyze_script_3.sql:57: INFO:  analyzing "psparc.psp_company"
psql:analyze_script_3.sql:57: INFO:  "psp_company": scanned 30000 of 46472 pages, containing 405402 live rows and 31673 dead rows; 30000 rows in sample, 627995 estimated total rows
ANALYZE
psql:analyze_script_3.sql:58: INFO:  analyzing "psparc.psp_company_additional_info"
psql:analyze_script_3.sql:58: INFO:  "psp_company_additional_info": scanned 0 of 0 pages, containing 0 live rows and 0 dead rows; 0 rows in sample, 0 estimated total rows
ANALYZE
psql:analyze_script_3.sql:59: INFO:  analyzing "psparc.psp_company_agency"
psql:analyze_script_3.sql:59: INFO:  "psp_company_agency": scanned 0 of 0 pages, containing 0 live rows and 0 dead rows; 0 rows in sample, 0 estimated total rows
ANALYZE
psql:analyze_script_3.sql:60: INFO:  analyzing "psparc.psp_company_bank_account"
psql:analyze_script_3.sql:60: INFO:  "psp_company_bank_account": scanned 26723 of 26723 pages, containing 713733 live rows and 0 dead rows; 30000 rows in sample, 713733 estimated total rows
ANALYZE
psql:analyze_script_3.sql:61: INFO:  analyzing "psparc.psp_company_consent"
psql:analyze_script_3.sql:61: INFO:  "psp_company_consent": scanned 0 of 0 pages, containing 0 live rows and 0 dead rows; 0 rows in sample, 0 estimated total rows
ANALYZE
psql:analyze_script_3.sql:62: INFO:  analyzing "psparc.psp_company_daily_liability"
psql:analyze_script_3.sql:62: INFO:  "psp_company_daily_liability": scanned 0 of 0 pages, containing 0 live rows and 0 dead rows; 0 rows in sample, 0 estimated total rows
ANALYZE
psql:analyze_script_3.sql:63: INFO:  analyzing "psparc.psp_company_event" inheritance tree
psql:analyze_script_3.sql:63: INFO:  "psp_company_event_p0": scanned 3765 of 1065474 pages, containing 131883 live rows and 0 dead rows; 3765 rows in sample, 37322153 estimated total rows
psql:analyze_script_3.sql:63: INFO:  "psp_company_event_p1": scanned 3714 of 1050882 pages, containing 130079 live rows and 0 dead rows; 3714 rows in sample, 36806053 estimated total rows
psql:analyze_script_3.sql:63: INFO:  "psp_company_event_p2": scanned 3705 of 1048322 pages, containing 129743 live rows and 0 dead rows; 3705 rows in sample, 36710510 estimated total rows
psql:analyze_script_3.sql:63: INFO:  "psp_company_event_p3": scanned 3769 of 1066498 pages, containing 132009 live rows and 0 dead rows; 3769 rows in sample, 37354029 estimated total rows
psql:analyze_script_3.sql:63: INFO:  "psp_company_event_p4": scanned 3764 of 1064962 pages, containing 131791 live rows and 0 dead rows; 3764 rows in sample, 37288100 estimated total rows
psql:analyze_script_3.sql:63: INFO:  "psp_company_event_p5": scanned 3764 of 1064962 pages, containing 131767 live rows and 0 dead rows; 3764 rows in sample, 37281309 estimated total rows
psql:analyze_script_3.sql:63: INFO:  "psp_company_event_p6": scanned 3776 of 1068546 pages, containing 132219 live rows and 0 dead rows; 3776 rows in sample, 37415806 estimated total rows
psql:analyze_script_3.sql:63: INFO:  "psp_company_event_p7": scanned 3743 of 1059330 pages, containing 130977 live rows and 0 dead rows; 3743 rows in sample, 37068626 estimated total rows
psql:analyze_script_3.sql:63: INFO:  analyzing "psparc.psp_company_event_p0"
psql:analyze_script_3.sql:63: INFO:  "psp_company_event_p0": scanned 30000 of 1065474 pages, containing 1050652 live rows and 0 dead rows; 30000 rows in sample, 37314746 estimated total rows
psql:analyze_script_3.sql:63: INFO:  analyzing "psparc.psp_company_event_p1"
psql:analyze_script_3.sql:63: INFO:  "psp_company_event_p1": scanned 30000 of 1050882 pages, containing 1050429 live rows and 0 dead rows; 30000 rows in sample, 36795898 estimated total rows
psql:analyze_script_3.sql:63: INFO:  analyzing "psparc.psp_company_event_p2"
psql:analyze_script_3.sql:63: INFO:  "psp_company_event_p2": scanned 30000 of 1048322 pages, containing 1050552 live rows and 35 dead rows; 30000 rows in sample, 36710559 estimated total rows
psql:analyze_script_3.sql:63: INFO:  analyzing "psparc.psp_company_event_p3"
psql:analyze_script_3.sql:63: INFO:  "psp_company_event_p3": scanned 30000 of 1066498 pages, containing 1050466 live rows and 0 dead rows; 30000 rows in sample, 37343996 estimated total rows
psql:analyze_script_3.sql:63: INFO:  analyzing "psparc.psp_company_event_p4"
psql:analyze_script_3.sql:63: INFO:  "psp_company_event_p4": scanned 30000 of 1064962 pages, containing 1050373 live rows and 0 dead rows; 30000 rows in sample, 37286911 estimated total rows
psql:analyze_script_3.sql:63: INFO:  analyzing "psparc.psp_company_event_p5"
psql:analyze_script_3.sql:63: INFO:  "psp_company_event_p5": scanned 30000 of 1064962 pages, containing 1050694 live rows and 0 dead rows; 30000 rows in sample, 37298306 estimated total rows
psql:analyze_script_3.sql:63: INFO:  analyzing "psparc.psp_company_event_p6"
psql:analyze_script_3.sql:63: INFO:  "psp_company_event_p6": scanned 30000 of 1068546 pages, containing 1050464 live rows and 0 dead rows; 30000 rows in sample, 37415637 estimated total rows
psql:analyze_script_3.sql:63: INFO:  analyzing "psparc.psp_company_event_p7"
psql:analyze_script_3.sql:63: INFO:  "psp_company_event_p7": scanned 30000 of 1059330 pages, containing 1050621 live rows and 0 dead rows; 30000 rows in sample, 37098478 estimated total rows
ANALYZE
psql:analyze_script_3.sql:64: INFO:  analyzing "psparc.psp_company_event_detail" inheritance tree
psql:analyze_script_3.sql:64: INFO:  "psp_company_event_detail_p0": scanned 3763 of 2511106 pages, containing 114591 live rows and 0 dead rows; 3763 rows in sample, 76468283 estimated total rows
psql:analyze_script_3.sql:64: INFO:  "psp_company_event_detail_p1": scanned 3715 of 2479106 pages, containing 112927 live rows and 0 dead rows; 3715 rows in sample, 75358816 estimated total rows
psql:analyze_script_3.sql:64: INFO:  "psp_company_event_detail_p2": scanned 3703 of 2471170 pages, containing 112379 live rows and 0 dead rows; 3703 rows in sample, 74995305 estimated total rows
psql:analyze_script_3.sql:64: INFO:  "psp_company_event_detail_p3": scanned 3769 of 2515202 pages, containing 114495 live rows and 0 dead rows; 3769 rows in sample, 76407019 estimated total rows
psql:analyze_script_3.sql:64: INFO:  "psp_company_event_detail_p4": scanned 3764 of 2511874 pages, containing 114419 live rows and 0 dead rows; 3764 rows in sample, 76356565 estimated total rows
psql:analyze_script_3.sql:64: INFO:  "psp_company_event_detail_p5": scanned 3768 of 2514690 pages, containing 114308 live rows and 31 dead rows; 3768 rows in sample, 76286939 estimated total rows
psql:analyze_script_3.sql:64: INFO:  "psp_company_event_detail_p6": scanned 3779 of 2521602 pages, containing 114811 live rows and 0 dead rows; 3779 rows in sample, 76609592 estimated total rows
psql:analyze_script_3.sql:64: INFO:  "psp_company_event_detail_p7": scanned 3738 of 2494466 pages, containing 113660 live rows and 0 dead rows; 3738 rows in sample, 75848316 estimated total rows
psql:analyze_script_3.sql:64: INFO:  analyzing "psparc.psp_company_event_detail_p0"
psql:analyze_script_3.sql:64: INFO:  "psp_company_event_detail_p0": scanned 30000 of 2511106 pages, containing 912861 live rows and 0 dead rows; 30000 rows in sample, 76409691 estimated total rows
psql:analyze_script_3.sql:64: INFO:  analyzing "psparc.psp_company_event_detail_p1"
psql:analyze_script_3.sql:64: INFO:  "psp_company_event_detail_p1": scanned 30000 of 2479106 pages, containing 911679 live rows and 0 dead rows; 30000 rows in sample, 75338296 estimated total rows
psql:analyze_script_3.sql:64: INFO:  analyzing "psparc.psp_company_event_detail_p2"
psql:analyze_script_3.sql:64: INFO:  "psp_company_event_detail_p2": scanned 30000 of 2471170 pages, containing 912639 live rows and 0 dead rows; 30000 rows in sample, 75176204 estimated total rows
psql:analyze_script_3.sql:64: INFO:  analyzing "psparc.psp_company_event_detail_p3"
psql:analyze_script_3.sql:64: INFO:  "psp_company_event_detail_p3": scanned 30000 of 2515202 pages, containing 911917 live rows and 0 dead rows; 30000 rows in sample, 76455182 estimated total rows
psql:analyze_script_3.sql:64: INFO:  analyzing "psparc.psp_company_event_detail_p4"
psql:analyze_script_3.sql:64: INFO:  "psp_company_event_detail_p4": scanned 30000 of 2511874 pages, containing 911572 live rows and 0 dead rows; 30000 rows in sample, 76325134 estimated total rows
psql:analyze_script_3.sql:64: INFO:  analyzing "psparc.psp_company_event_detail_p5"
psql:analyze_script_3.sql:64: INFO:  "psp_company_event_detail_p5": scanned 30000 of 2514690 pages, containing 909726 live rows and 125 dead rows; 30000 rows in sample, 76255962 estimated total rows
psql:analyze_script_3.sql:64: INFO:  analyzing "psparc.psp_company_event_detail_p6"
psql:analyze_script_3.sql:64: INFO:  "psp_company_event_detail_p6": scanned 30000 of 2521602 pages, containing 910483 live rows and 0 dead rows; 30000 rows in sample, 76529192 estimated total rows
psql:analyze_script_3.sql:64: INFO:  analyzing "psparc.psp_company_event_detail_p7"
psql:analyze_script_3.sql:64: INFO:  "psp_company_event_detail_p7": scanned 30000 of 2494466 pages, containing 912681 live rows and 0 dead rows; 30000 rows in sample, 75888391 estimated total rows
ANALYZE
psql:analyze_script_3.sql:65: INFO:  analyzing "psparc.psp_company_event_detail_p0"
psql:analyze_script_3.sql:65: INFO:  "psp_company_event_detail_p0": scanned 30000 of 2511106 pages, containing 912366 live rows and 0 dead rows; 30000 rows in sample, 76368258 estimated total rows
ANALYZE
psql:analyze_script_3.sql:66: INFO:  analyzing "psparc.psp_company_event_detail_p1"
psql:analyze_script_3.sql:66: INFO:  "psp_company_event_detail_p1": scanned 30000 of 2479106 pages, containing 912814 live rows and 0 dead rows; 30000 rows in sample, 75432089 estimated total rows
ANALYZE
psql:analyze_script_3.sql:67: INFO:  analyzing "psparc.psp_company_event_detail_p2"
psql:analyze_script_3.sql:67: INFO:  "psp_company_event_detail_p2": scanned 30000 of 2471170 pages, containing 912569 live rows and 0 dead rows; 30000 rows in sample, 75170438 estimated total rows
ANALYZE
psql:analyze_script_3.sql:68: INFO:  analyzing "psparc.psp_company_event_detail_p3"
psql:analyze_script_3.sql:68: INFO:  "psp_company_event_detail_p3": scanned 30000 of 2515202 pages, containing 911969 live rows and 32 dead rows; 30000 rows in sample, 76459542 estimated total rows
ANALYZE
psql:analyze_script_3.sql:69: INFO:  analyzing "psparc.psp_company_event_detail_p4"
psql:analyze_script_3.sql:69: INFO:  "psp_company_event_detail_p4": scanned 30000 of 2511874 pages, containing 912353 live rows and 0 dead rows; 30000 rows in sample, 76390526 estimated total rows
ANALYZE
psql:analyze_script_3.sql:70: INFO:  analyzing "psparc.psp_company_event_detail_p5"
psql:analyze_script_3.sql:70: INFO:  "psp_company_event_detail_p5": scanned 30000 of 2514690 pages, containing 910579 live rows and 0 dead rows; 30000 rows in sample, 76327464 estimated total rows
ANALYZE
psql:analyze_script_3.sql:71: INFO:  analyzing "psparc.psp_company_event_detail_p6"
psql:analyze_script_3.sql:71: INFO:  "psp_company_event_detail_p6": scanned 30000 of 2521602 pages, containing 911534 live rows and 0 dead rows; 30000 rows in sample, 76617532 estimated total rows
ANALYZE
psql:analyze_script_3.sql:72: INFO:  analyzing "psparc.psp_company_event_detail_p7"
psql:analyze_script_3.sql:72: INFO:  "psp_company_event_detail_p7": scanned 30000 of 2494466 pages, containing 913211 live rows and 0 dead rows; 30000 rows in sample, 75932460 estimated total rows
ANALYZE
psql:analyze_script_3.sql:73: INFO:  analyzing "psparc.psp_company_event_email"
psql:analyze_script_3.sql:73: INFO:  "psp_company_event_email": scanned 0 of 0 pages, containing 0 live rows and 0 dead rows; 0 rows in sample, 0 estimated total rows
ANALYZE
psql:analyze_script_3.sql:74: INFO:  analyzing "psparc.psp_company_event_email_param" inheritance tree
psql:analyze_script_3.sql:74: INFO:  analyzing "psparc.psp_company_event_email_param_p0"
psql:analyze_script_3.sql:74: INFO:  "psp_company_event_email_param_p0": scanned 0 of 0 pages, containing 0 live rows and 0 dead rows; 0 rows in sample, 0 estimated total rows
psql:analyze_script_3.sql:74: INFO:  analyzing "psparc.psp_company_event_email_param_p1"
psql:analyze_script_3.sql:74: INFO:  "psp_company_event_email_param_p1": scanned 0 of 0 pages, containing 0 live rows and 0 dead rows; 0 rows in sample, 0 estimated total rows
psql:analyze_script_3.sql:74: INFO:  analyzing "psparc.psp_company_event_email_param_p2"
psql:analyze_script_3.sql:74: INFO:  "psp_company_event_email_param_p2": scanned 0 of 0 pages, containing 0 live rows and 0 dead rows; 0 rows in sample, 0 estimated total rows
psql:analyze_script_3.sql:74: INFO:  analyzing "psparc.psp_company_event_email_param_p3"
psql:analyze_script_3.sql:74: INFO:  "psp_company_event_email_param_p3": scanned 0 of 0 pages, containing 0 live rows and 0 dead rows; 0 rows in sample, 0 estimated total rows
psql:analyze_script_3.sql:74: INFO:  analyzing "psparc.psp_company_event_email_param_p4"
psql:analyze_script_3.sql:74: INFO:  "psp_company_event_email_param_p4": scanned 0 of 0 pages, containing 0 live rows and 0 dead rows; 0 rows in sample, 0 estimated total rows
psql:analyze_script_3.sql:74: INFO:  analyzing "psparc.psp_company_event_email_param_p5"
psql:analyze_script_3.sql:74: INFO:  "psp_company_event_email_param_p5": scanned 0 of 0 pages, containing 0 live rows and 0 dead rows; 0 rows in sample, 0 estimated total rows
psql:analyze_script_3.sql:74: INFO:  analyzing "psparc.psp_company_event_email_param_p6"
psql:analyze_script_3.sql:74: INFO:  "psp_company_event_email_param_p6": scanned 0 of 0 pages, containing 0 live rows and 0 dead rows; 0 rows in sample, 0 estimated total rows
psql:analyze_script_3.sql:74: INFO:  analyzing "psparc.psp_company_event_email_param_p7"
psql:analyze_script_3.sql:74: INFO:  "psp_company_event_email_param_p7": scanned 0 of 0 pages, containing 0 live rows and 0 dead rows; 0 rows in sample, 0 estimated total rows
ANALYZE
psql:analyze_script_3.sql:75: INFO:  analyzing "psparc.psp_company_event_email_param_p0"
psql:analyze_script_3.sql:75: INFO:  "psp_company_event_email_param_p0": scanned 0 of 0 pages, containing 0 live rows and 0 dead rows; 0 rows in sample, 0 estimated total rows
ANALYZE
psql:analyze_script_3.sql:76: INFO:  analyzing "psparc.psp_company_event_email_param_p1"
psql:analyze_script_3.sql:76: INFO:  "psp_company_event_email_param_p1": scanned 0 of 0 pages, containing 0 live rows and 0 dead rows; 0 rows in sample, 0 estimated total rows
ANALYZE
psql:analyze_script_3.sql:77: INFO:  analyzing "psparc.psp_company_event_email_param_p2"
psql:analyze_script_3.sql:77: INFO:  "psp_company_event_email_param_p2": scanned 0 of 0 pages, containing 0 live rows and 0 dead rows; 0 rows in sample, 0 estimated total rows
ANALYZE
psql:analyze_script_3.sql:78: INFO:  analyzing "psparc.psp_company_event_email_param_p3"
psql:analyze_script_3.sql:78: INFO:  "psp_company_event_email_param_p3": scanned 0 of 0 pages, containing 0 live rows and 0 dead rows; 0 rows in sample, 0 estimated total rows
ANALYZE
psql:analyze_script_3.sql:79: INFO:  analyzing "psparc.psp_company_event_email_param_p4"
psql:analyze_script_3.sql:79: INFO:  "psp_company_event_email_param_p4": scanned 0 of 0 pages, containing 0 live rows and 0 dead rows; 0 rows in sample, 0 estimated total rows
ANALYZE
psql:analyze_script_3.sql:80: INFO:  analyzing "psparc.psp_company_event_email_param_p5"
psql:analyze_script_3.sql:80: INFO:  "psp_company_event_email_param_p5": scanned 0 of 0 pages, containing 0 live rows and 0 dead rows; 0 rows in sample, 0 estimated total rows
ANALYZE
psql:analyze_script_3.sql:81: INFO:  analyzing "psparc.psp_company_event_email_param_p6"
psql:analyze_script_3.sql:81: INFO:  "psp_company_event_email_param_p6": scanned 0 of 0 pages, containing 0 live rows and 0 dead rows; 0 rows in sample, 0 estimated total rows
ANALYZE
psql:analyze_script_3.sql:82: INFO:  analyzing "psparc.psp_company_event_email_param_p7"
psql:analyze_script_3.sql:82: INFO:  "psp_company_event_email_param_p7": scanned 0 of 0 pages, containing 0 live rows and 0 dead rows; 0 rows in sample, 0 estimated total rows
ANALYZE
psql:analyze_script_3.sql:83: INFO:  analyzing "psparc.psp_company_event_p0"
psql:analyze_script_3.sql:83: INFO:  "psp_company_event_p0": scanned 30000 of 1065474 pages, containing 1050495 live rows and 0 dead rows; 30000 rows in sample, 37309170 estimated total rows
ANALYZE
psql:analyze_script_3.sql:84: INFO:  analyzing "psparc.psp_company_event_p1"
psql:analyze_script_3.sql:84: INFO:  "psp_company_event_p1": scanned 30000 of 1050882 pages, containing 1050599 live rows and 0 dead rows; 30000 rows in sample, 36801853 estimated total rows
ANALYZE
psql:analyze_script_3.sql:85: INFO:  analyzing "psparc.psp_company_event_p2"
psql:analyze_script_3.sql:85: INFO:  "psp_company_event_p2": scanned 30000 of 1048322 pages, containing 1050258 live rows and 140 dead rows; 30000 rows in sample, 36700286 estimated total rows
ANALYZE
psql:analyze_script_3.sql:86: INFO:  analyzing "psparc.psp_company_event_p3"
psql:analyze_script_3.sql:86: INFO:  "psp_company_event_p3": scanned 30000 of 1066498 pages, containing 1050707 live rows and 0 dead rows; 30000 rows in sample, 37352564 estimated total rows
ANALYZE
psql:analyze_script_3.sql:87: INFO:  analyzing "psparc.psp_company_event_p4"
psql:analyze_script_3.sql:87: INFO:  "psp_company_event_p4": scanned 30000 of 1064962 pages, containing 1050644 live rows and 0 dead rows; 30000 rows in sample, 37296531 estimated total rows
ANALYZE
psql:analyze_script_3.sql:88: INFO:  analyzing "psparc.psp_company_event_p5"
psql:analyze_script_3.sql:88: INFO:  "psp_company_event_p5": scanned 30000 of 1064962 pages, containing 1050597 live rows and 0 dead rows; 30000 rows in sample, 37294863 estimated total rows
ANALYZE
psql:analyze_script_3.sql:89: INFO:  analyzing "psparc.psp_company_event_p6"
psql:analyze_script_3.sql:89: INFO:  "psp_company_event_p6": scanned 30000 of 1068546 pages, containing 1050450 live rows and 0 dead rows; 30000 rows in sample, 37415138 estimated total rows
ANALYZE
psql:analyze_script_3.sql:90: INFO:  analyzing "psparc.psp_company_event_p7"
psql:analyze_script_3.sql:90: INFO:  "psp_company_event_p7": scanned 30000 of 1059330 pages, containing 1050558 live rows and 0 dead rows; 30000 rows in sample, 37096254 estimated total rows
ANALYZE
psql:analyze_script_3.sql:91: INFO:  analyzing "psparc.psp_company_filing_amount"
psql:analyze_script_3.sql:91: INFO:  "psp_company_filing_amount": scanned 0 of 0 pages, containing 0 live rows and 0 dead rows; 0 rows in sample, 0 estimated total rows
ANALYZE
psql:analyze_script_3.sql:92: INFO:  analyzing "psparc.psp_company_law"
psql:analyze_script_3.sql:92: INFO:  "psp_company_law": scanned 0 of 0 pages, containing 0 live rows and 0 dead rows; 0 rows in sample, 0 estimated total rows
ANALYZE
psql:analyze_script_3.sql:93: INFO:  analyzing "psparc.psp_company_law_rate"
psql:analyze_script_3.sql:93: INFO:  "psp_company_law_rate": scanned 0 of 0 pages, containing 0 live rows and 0 dead rows; 0 rows in sample, 0 estimated total rows
ANALYZE
psql:analyze_script_3.sql:94: INFO:  analyzing "psparc.psp_company_note"
psql:analyze_script_3.sql:94: INFO:  "psp_company_note": scanned 11 of 11 pages, containing 204 live rows and 0 dead rows; 204 rows in sample, 204 estimated total rows
ANALYZE
psql:analyze_script_3.sql:95: INFO:  analyzing "psparc.psp_company_offer"
psql:analyze_script_3.sql:95: INFO:  "psp_company_offer": scanned 0 of 0 pages, containing 0 live rows and 0 dead rows; 0 rows in sample, 0 estimated total rows
ANALYZE
psql:analyze_script_3.sql:96: INFO:  analyzing "psparc.psp_company_offering"
psql:analyze_script_3.sql:96: INFO:  "psp_company_offering": scanned 15788 of 15788 pages, containing 628091 live rows and 0 dead rows; 30000 rows in sample, 628091 estimated total rows
ANALYZE
psql:analyze_script_3.sql:97: INFO:  analyzing "psparc.psp_company_paycheck_batch"
psql:analyze_script_3.sql:97: INFO:  "psp_company_paycheck_batch": scanned 0 of 0 pages, containing 0 live rows and 0 dead rows; 0 rows in sample, 0 estimated total rows
ANALYZE
psql:analyze_script_3.sql:98: INFO:  analyzing "psparc.psp_company_payroll_item"
psql:analyze_script_3.sql:98: INFO:  "psp_company_payroll_item": scanned 0 of 0 pages, containing 0 live rows and 0 dead rows; 0 rows in sample, 0 estimated total rows
ANALYZE
psql:analyze_script_3.sql:99: INFO:  analyzing "psparc.psp_company_pin"
psql:analyze_script_3.sql:99: INFO:  "psp_company_pin": scanned 0 of 0 pages, containing 0 live rows and 0 dead rows; 0 rows in sample, 0 estimated total rows
ANALYZE
