nohup: ignoring input

SQL*Plus: Release 12.1.0.2.0 Production on Mon Mar 6 21:14:15 2023

Copyright (c) 1982, 2014, Oracle.  All rights reserved.

Last Successful login time: Mon Mar 06 2023 21:12:06 -08:00

Connected to:
Oracle Database 19c Enterprise Edition Release 19.0.0.0.0 - Production

Found 2794030097 Records
<br>
OUTER LOOP
<br>
INNER LOOP
<br>
Processed 5000 records successfully
<br>
INNER LOOP
<br>
Processed 10000 records successfully
<br>
INNER LOOP
<br>
Processed 15000 records successfully
<br>
INNER LOOP
<br>
Processed 20000 records successfully
<br>
INNER LOOP
<br>
Processed 25000 records successfully
<br>
INNER LOOP
<br>
Processed 30000 records successfully
<br>
INNER LOOP
<br>
Processed 35000 records successfully
<br>
INNER LOOP
<br>
Processed 40000 records successfully
<br>
INNER LOOP
<br>
Processed 45000 records successfully
<br>
INNER LOOP
<br>
Processed 50000 records successfully
<br>
INNER LOOP
<br>
Processed 55000 records successfully
<br>
INNER LOOP
<br>
Processed 60000 records successfully
<br>
INNER LOOP
<br>
Processed 65000 records successfully
<br>
INNER LOOP
<br>
Processed 70000 records successfully
<br>
INNER LOOP
<br>
Processed 75000 records successfully
<br>
INNER LOOP
<br>
Processed 80000 records successfully
<br>
INNER LOOP
<br>
Processed 85000 records successfully
<br>
INNER LOOP
<br>
Processed 90000 records successfully
<br>
INNER LOOP
<br>
Processed 95000 records successfully
<br>
INNER LOOP
<br>
Processed 100000 records successfully
<br>
INNER LOOP
<br>
Processed 105000 records successfully
<br>
INNER LOOP
<br>
Processed 109707 records successfully
<br>
PARTITION-START-DATE : 22-NOV-16 END-DATE : 22-NOV-16
<br>
OUTER LOOP
<br>
INNER LOOP
<br>
Processed 114707 records successfully
<br>
INNER LOOP
<br>
Processed 119707 records successfully
<br>
INNER LOOP
<br>
Processed 124707 records successfully
<br>
INNER LOOP
<br>
Processed 129707 records successfully
<br>
INNER LOOP
<br>
Processed 134707 records successfully
<br>
INNER LOOP
<br>
Processed 139707 records successfully
<br>
INNER LOOP
<br>
Processed 144707 records successfully
<br>
INNER LOOP
<br>
Processed 149707 records successfully
<br>
INNER LOOP
<br>
Processed 154707 records successfully
<br>
INNER LOOP
<br>
Processed 159707 records successfully
<br>
INNER LOOP
<br>
Processed 164707 records successfully
<br>
INNER LOOP
<br>
Processed 169707 records successfully
<br>
INNER LOOP
<br>
Processed 174707 records successfully
<br>
INNER LOOP
<br>
Processed 179707 records successfully
<br>
INNER LOOP
<br>
Processed 184707 records successfully
<br>
INNER LOOP
<br>
Processed 189707 records successfully
<br>
INNER LOOP
<br>
Processed 194707 records successfully
<br>
INNER LOOP
<br>
Processed 199707 records successfully
<br>
INNER LOOP
<br>
Processed 204707 records successfully
<br>
INNER LOOP
<br>
Processed 209707 records successfully
<br>
INNER LOOP
<br>
Processed 214213 records successfully
<br>
PARTITION-START-DATE : 22-NOV-16 END-DATE : 22-NOV-16
<br>
OUTER LOOP
<br>
INNER LOOP
<br>
Processed 219213 records successfully
<br>
INNER LOOP
<br>
Processed 224213 records successfully
<br>
INNER LOOP
<br>
Processed 229213 records successfully
<br>
INNER LOOP
<br>
Processed 234213 records successfully
<br>
INNER LOOP
<br>
Processed 239213 records successfully
<br>
INNER LOOP
<br>
Processed 244213 records successfully
<br>
INNER LOOP
<br>
Processed 249213 records successfully
<br>
INNER LOOP
<br>
Processed 254213 records successfully
<br>
INNER LOOP
<br>
Processed 259213 records successfully
<br>
INNER LOOP
<br>
Processed 264213 records successfully
<br>
INNER LOOP
<br>
Processed 269213 records successfully
<br>
INNER LOOP
<br>
Processed 274213 records successfully
<br>
INNER LOOP
<br>
Processed 279213 records successfully
<br>
INNER LOOP
<br>
Processed 284213 records successfully
<br>
INNER LOOP
<br>
Processed 289213 records successfully
<br>
INNER LOOP
<br>
Processed 294213 records successfully
<br>
INNER LOOP
<br>
Processed 299213 records successfully
<br>
INNER LOOP
<br>
Processed 304213 records successfully
<br>
INNER LOOP
<br>
Processed 309213 records successfully
<br>
INNER LOOP
<br>
Processed 314213 records successfully
<br>
INNER LOOP
<br>
Processed 319213 records successfully
<br>
INNER LOOP
<br>
Processed 324213 records successfully
<br>
INNER LOOP
<br>
Processed 329213 records successfully
<br>
INNER LOOP
<br>
Processed 329235 records successfully
<br>
PARTITION-START-DATE : 22-NOV-16 END-DATE : 22-NOV-16
<br>
OUTER LOOP
<br>
INNER LOOP
<br>
Processed 334235 records successfully
<br>
INNER LOOP
<br>
Processed 339235 records successfully
<br>
INNER LOOP
<br>
Processed 344235 records successfully
<br>
INNER LOOP
<br>
Processed 349235 records successfully
<br>
INNER LOOP
<br>
Processed 354235 records successfully
<br>
INNER LOOP
<br>
Processed 359235 records successfully
<br>
INNER LOOP
<br>
Processed 364235 records successfully
<br>
INNER LOOP
<br>
Processed 369235 records successfully
<br>
INNER LOOP
<br>
Processed 374235 records successfully
<br>
INNER LOOP
<br>
Processed 379235 records successfully
<br>
INNER LOOP
<br>
Processed 384235 records successfully
<br>
INNER LOOP
<br>
Processed 389235 records successfully
<br>
INNER LOOP
<br>
Processed 394235 records successfully
<br>
INNER LOOP
<br>
Processed 399235 records successfully
<br>
INNER LOOP
<br>
Processed 404235 records successfully
<br>
INNER LOOP
<br>
Processed 409235 records successfully
<br>
INNER LOOP
<br>
Processed 414235 records successfully
<br>
INNER LOOP
<br>
Processed 419235 records successfully
<br>
INNER LOOP
<br>
Processed 424235 records successfully
<br>
INNER LOOP
<br>
Processed 429235 records successfully
<br>
INNER LOOP
<br>
Processed 434235 records successfully
<br>
INNER LOOP
<br>
Processed 439235 records successfully
<br>
INNER LOOP
<br>
Processed 444235 records successfully
<br>
INNER LOOP
<br>
Processed 449235 records successfully
<br>
INNER LOOP
<br>
Processed 453626 records successfully
<br>
PARTITION-START-DATE : 22-NOV-16 END-DATE : 22-NOV-16
<br>
OUTER LOOP
<br>
INNER LOOP
<br>
Processed 458626 records successfully
<br>
INNER LOOP
<br>
Processed 463626 records successfully
<br>
INNER LOOP
<br>
Processed 468626 records successfully
<br>
INNER LOOP
<br>
Processed 473626 records successfully
<br>
INNER LOOP
<br>
Processed 478626 records successfully
<br>
INNER LOOP
<br>
Processed 483626 records successfully
<br>
INNER LOOP
<br>
Processed 488626 records successfully
<br>
INNER LOOP
<br>
Processed 493626 records successfully
<br>
INNER LOOP
<br>
Processed 498626 records successfully
<br>
INNER LOOP
<br>
Processed 503626 records successfully
<br>
INNER LOOP
<br>
Processed 508626 records successfully
<br>
INNER LOOP
<br>
Processed 513626 records successfully
<br>
INNER LOOP
<br>
Processed 518626 records successfully
<br>
INNER LOOP
<br>
Processed 520303 records successfully
<br>
PARTITION-START-DATE : 22-NOV-16 END-DATE : 22-NOV-16
<br>
OUTER LOOP
<br>
INNER LOOP
<br>
Processed 520303 records successfully
<br>
PARTITION-START-DATE : 22-NOV-16 END-DATE : 22-NOV-16
<br>
OUTER LOOP
<br>
INNER LOOP
<br>
Processed 520303 records successfully
<br>
PARTITION-START-DATE : 22-NOV-16 END-DATE : 22-NOV-16
<br>
OUTER LOOP
<br>
INNER LOOP
<br>
Processed 520303 records successfully
<br>
PARTITION-START-DATE : 22-NOV-16 END-DATE : 22-NOV-16
<br>
OUTER LOOP
<br>
INNER LOOP
<br>
Processed 520303 records successfully
<br>
PARTITION-START-DATE : 22-NOV-16 END-DATE : 22-NOV-16
<br>
OUTER LOOP
<br>
INNER LOOP
<br>
Processed 520303 records successfully
<br>
PARTITION-START-DATE : 22-NOV-16 END-DATE : 22-NOV-16
<br>
OUTER LOOP
<br>
INNER LOOP
<br>
Processed 520303 records successfully
<br>
PARTITION-START-DATE : 22-NOV-16 END-DATE : 22-NOV-16
<br>
OUTER LOOP
<br>
INNER LOOP
<br>
Processed 520303 records successfully
<br>
PARTITION-START-DATE : 22-NOV-16 END-DATE : 22-NOV-16
<br>
OUTER LOOP
<br>
INNER LOOP
<br>
Processed 520303 records successfully
<br>
PARTITION-START-DATE : 22-NOV-16 END-DATE : 22-NOV-16
<br>
OUTER LOOP
<br>
INNER LOOP
<br>
Processed 520303 records successfully
<br>
PARTITION-START-DATE : 22-NOV-16 END-DATE : 22-NOV-16
<br>
OUTER LOOP
<br>
INNER LOOP
<br>
Processed 520303 records successfully
<br>
PARTITION-START-DATE : 22-NOV-16 END-DATE : 22-NOV-16
<br>
OUTER LOOP
<br>
INNER LOOP
<br>
Processed 520303 records successfully
<br>
PARTITION-START-DATE : 22-NOV-16 END-DATE : 22-NOV-16
<br>
OUTER LOOP
<br>
INNER LOOP
<br>
Processed 520303 records successfully
<br>
PARTITION-START-DATE : 22-NOV-16 END-DATE : 22-NOV-16
<br>
OUTER LOOP
<br>
INNER LOOP
<br>
Processed 520303 records successfully
<br>
PARTITION-START-DATE : 22-NOV-16 END-DATE : 22-NOV-16
<br>
OUTER LOOP
<br>
INNER LOOP
<br>
Processed 520303 records successfully
<br>
PARTITION-START-DATE : 22-NOV-16 END-DATE : 22-NOV-16
<br>
OUTER LOOP
<br>
INNER LOOP
<br>
Processed 520303 records successfully
<br>
PARTITION-START-DATE : 22-NOV-16 END-DATE : 22-NOV-16
<br>
OUTER LOOP
<br>
INNER LOOP
<br>
Processed 520303 records successfully
<br>
PARTITION-START-DATE : 22-NOV-16 END-DATE : 22-NOV-16
<br>
OUTER LOOP
<br>
INNER LOOP
<br>
Processed 520303 records successfully
<br>
PARTITION-START-DATE : 22-NOV-16 END-DATE : 22-NOV-16
<br>
OUTER LOOP
<br>
INNER LOOP
<br>
Processed 520303 records successfully
<br>
PARTITION-START-DATE : 22-NOV-16 END-DATE : 22-NOV-16
<br>
OUTER LOOP
<br>
INNER LOOP
<br>
Processed 520303 records successfully
<br>
PARTITION-START-DATE : 22-NOV-16 END-DATE : 22-NOV-16
<br>
OUTER LOOP
<br>
INNER LOOP
<br>
Processed 520303 records successfully
<br>
PARTITION-START-DATE : 22-NOV-16 END-DATE : 22-NOV-16
<br>
OUTER LOOP
<br>
INNER LOOP
<br>
Processed 520303 records successfully
<br>
PARTITION-START-DATE : 22-NOV-16 END-DATE : 22-NOV-16
<br>
OUTER LOOP
<br>
INNER LOOP
<br>
Processed 520303 records successfully
<br>
PARTITION-START-DATE : 22-NOV-16 END-DATE : 22-NOV-16
<br>
OUTER LOOP
<br>
INNER LOOP
<br>
Processed 520303 records successfully
<br>
PARTITION-START-DATE : 22-NOV-16 END-DATE : 22-NOV-16
<br>
OUTER LOOP
<br>
INNER LOOP
<br>
Processed 520303 records successfully
<br>
PARTITION-START-DATE : 22-NOV-16 END-DATE : 22-NOV-16
<br>
OUTER LOOP
<br>
INNER LOOP
<br>
Processed 520303 records successfully
<br>
PARTITION-START-DATE : 22-NOV-16 END-DATE : 22-NOV-16
<br>
OUTER LOOP
<br>
INNER LOOP
<br>
Processed 520303 records successfully
<br>
PARTITION-START-DATE : 22-NOV-16 END-DATE : 22-NOV-16
<br>
OUTER LOOP
<br>
INNER LOOP
<br>
Processed 520303 records successfully
<br>
PARTITION-START-DATE : 22-NOV-16 END-DATE : 22-NOV-16
<br>
OUTER LOOP
<br>
INNER LOOP
<br>
Processed 520303 records successfully
<br>
PARTITION-START-DATE : 22-NOV-16 END-DATE : 22-NOV-16
<br>
OUTER LOOP
<br>
INNER LOOP
<br>
Processed 520303 records successfully
<br>
PARTITION-START-DATE : 22-NOV-16 END-DATE : 22-NOV-16
<br>
OUTER LOOP
<br>
INNER LOOP
<br>
Processed 520303 records successfully
<br>
PARTITION-START-DATE : 22-NOV-16 END-DATE : 22-NOV-16
<br>
OUTER LOOP
<br>
INNER LOOP
<br>
Processed 520303 records successfully
<br>
PARTITION-START-DATE : 22-NOV-16 END-DATE : 22-NOV-16
<br>
OUTER LOOP
<br>
INNER LOOP
<br>
Processed 520303 records successfully
<br>
PARTITION-START-DATE : 22-NOV-16 END-DATE : 22-NOV-16
<br>
OUTER LOOP
<br>
INNER LOOP
<br>
Processed 520303 records successfully
<br>
PARTITION-START-DATE : 22-NOV-16 END-DATE : 22-NOV-16
<br>
OUTER LOOP
<br>
INNER LOOP
<br>
Processed 520303 records successfully
<br>
PARTITION-START-DATE : 22-NOV-16 END-DATE : 22-NOV-16
<br>
OUTER LOOP
<br>
INNER LOOP
<br>
Processed 520303 records successfully
<br>
PARTITION-START-DATE : 22-NOV-16 END-DATE : 22-NOV-16
<br>
OUTER LOOP
<br>
INNER LOOP
<br>
Processed 520303 records successfully
<br>
PARTITION-START-DATE : 22-NOV-16 END-DATE : 22-NOV-16
<br>
OUTER LOOP
<br>
INNER LOOP
<br>
Processed 520303 records successfully
<br>
PARTITION-START-DATE : 22-NOV-16 END-DATE : 22-NOV-16
<br>
OUTER LOOP
<br>
INNER LOOP
<br>
Processed 520303 records successfully
<br>
PARTITION-START-DATE : 22-NOV-16 END-DATE : 22-NOV-16
<br>
OUTER LOOP
<br>
INNER LOOP
<br>
Processed 520303 records successfully
<br>
PARTITION-START-DATE : 22-NOV-16 END-DATE : 22-NOV-16
<br>
OUTER LOOP
<br>
INNER LOOP
<br>
Processed 520303 records successfully
<br>
PARTITION-START-DATE : 22-NOV-16 END-DATE : 22-NOV-16
<br>
OUTER LOOP
<br>
INNER LOOP
<br>
Processed 520303 records successfully
<br>
PARTITION-START-DATE : 22-NOV-16 END-DATE : 22-NOV-16
<br>
OUTER LOOP
<br>
INNER LOOP
<br>
Processed 520303 records successfully
<br>
PARTITION-START-DATE : 22-NOV-16 END-DATE : 22-NOV-16
<br>
OUTER LOOP
<br>
INNER LOOP
<br>
Processed 520303 records successfully
<br>
PARTITION-START-DATE : 22-NOV-16 END-DATE : 22-NOV-16
<br>
OUTER LOOP
<br>
INNER LOOP
<br>
Processed 520303 records successfully
<br>
PARTITION-START-DATE : 22-NOV-16 END-DATE : 22-NOV-16
<br>
OUTER LOOP
<br>
INNER LOOP
<br>
Processed 520303 records successfully
<br>
PARTITION-START-DATE : 22-NOV-16 END-DATE : 22-NOV-16
<br>
OUTER LOOP
<br>
INNER LOOP
<br>
Processed 520303 records successfully
<br>
PARTITION-START-DATE : 22-NOV-16 END-DATE : 22-NOV-16
<br>
OUTER LOOP
<br>
INNER LOOP
<br>
Processed 520303 records successfully
<br>
PARTITION-START-DATE : 22-NOV-16 END-DATE : 22-NOV-16
<br>
OUTER LOOP
<br>
INNER LOOP
<br>
Processed 520303 records successfully
<br>
PARTITION-START-DATE : 22-NOV-16 END-DATE : 22-NOV-16
<br>
OUTER LOOP
<br>
INNER LOOP
<br>
Processed 520303 records successfully
<br>
PARTITION-START-DATE : 22-NOV-16 END-DATE : 22-NOV-16
<br>
OUTER LOOP
<br>
INNER LOOP
<br>
Processed 520303 records successfully
<br>
PARTITION-START-DATE : 22-NOV-16 END-DATE : 22-NOV-16
<br>
OUTER LOOP
<br>
INNER LOOP
<br>
Processed 520303 records successfully
<br>
PARTITION-START-DATE : 22-NOV-16 END-DATE : 22-NOV-16
<br>
OUTER LOOP
<br>
INNER LOOP
<br>
Processed 520303 records successfully
<br>
PARTITION-START-DATE : 22-NOV-16 END-DATE : 22-NOV-16
<br>
OUTER LOOP
<br>
INNER LOOP
<br>
Processed 520303 records successfully
<br>
PARTITION-START-DATE : 22-NOV-16 END-DATE : 22-NOV-16
<br>
OUTER LOOP
<br>
INNER LOOP
<br>
Processed 520303 records successfully
<br>
PARTITION-START-DATE : 22-NOV-16 END-DATE : 22-NOV-16
<br>
OUTER LOOP
<br>
INNER LOOP
<br>
Processed 520303 records successfully
<br>
PARTITION-START-DATE : 22-NOV-16 END-DATE : 22-NOV-16
<br>
OUTER LOOP
<br>
INNER LOOP
<br>
Processed 520303 records successfully
<br>
PARTITION-START-DATE : 22-NOV-16 END-DATE : 22-NOV-16
<br>
OUTER LOOP
<br>
INNER LOOP
<br>
Processed 520303 records successfully
<br>
PARTITION-START-DATE : 22-NOV-16 END-DATE : 22-NOV-16
<br>
OUTER LOOP
<br>
INNER LOOP
<br>
Processed 520303 records successfully
<br>
PARTITION-START-DATE : 22-NOV-16 END-DATE : 22-NOV-16
<br>
OUTER LOOP
<br>
INNER LOOP
<br>
Processed 520303 records successfully
<br>
PARTITION-START-DATE : 22-NOV-16 END-DATE : 22-NOV-16
<br>
OUTER LOOP
<br>
INNER LOOP
<br>
Processed 520303 records successfully
<br>
PARTITION-START-DATE : 22-NOV-16 END-DATE : 22-NOV-16
<br>
OUTER LOOP
<br>
INNER LOOP
<br>
Processed 520303 records successfully
<br>
PARTITION-START-DATE : 22-NOV-16 END-DATE : 22-NOV-16
<br>
OUTER LOOP
<br>
INNER LOOP
<br>
Processed 520303 records successfully
<br>
PARTITION-START-DATE : 22-NOV-16 END-DATE : 22-NOV-16
<br>
OUTER LOOP
<br>
INNER LOOP
<br>
Processed 520303 records successfully
<br>
PARTITION-START-DATE : 22-NOV-16 END-DATE : 22-NOV-16
<br>
OUTER LOOP
<br>
INNER LOOP
<br>
Processed 520303 records successfully
<br>
PARTITION-START-DATE : 22-NOV-16 END-DATE : 22-NOV-16
<br>
OUTER LOOP
<br>
INNER LOOP
<br>
Processed 520303 records successfully
<br>
PARTITION-START-DATE : 22-NOV-16 END-DATE : 22-NOV-16
<br>
OUTER LOOP
<br>
INNER LOOP
<br>
Processed 520303 records successfully
<br>
PARTITION-START-DATE : 22-NOV-16 END-DATE : 22-NOV-16
<br>
OUTER LOOP
<br>
INNER LOOP
<br>
Processed 520303 records successfully
<br>
PARTITION-START-DATE : 22-NOV-16 END-DATE : 22-NOV-16
<br>
OUTER LOOP
<br>
INNER LOOP
<br>
Processed 520303 records successfully
<br>
PARTITION-START-DATE : 22-NOV-16 END-DATE : 22-NOV-16
<br>
OUTER LOOP
<br>
INNER LOOP
<br>
Processed 520303 records successfully
<br>
PARTITION-START-DATE : 22-NOV-16 END-DATE : 22-NOV-16
<br>
OUTER LOOP
<br>
INNER LOOP
<br>
Processed 520303 records successfully
<br>
PARTITION-START-DATE : 22-NOV-16 END-DATE : 22-NOV-16
<br>
OUTER LOOP
<br>
INNER LOOP
<br>
Processed 520303 records successfully
<br>
PARTITION-START-DATE : 22-NOV-16 END-DATE : 22-NOV-16
<br>
OUTER LOOP
<br>
INNER LOOP
<br>
Processed 520303 records successfully
<br>
PARTITION-START-DATE : 22-NOV-16 END-DATE : 22-NOV-16
<br>
OUTER LOOP
<br>
INNER LOOP
<br>
Processed 520303 records successfully
<br>
PARTITION-START-DATE : 22-NOV-16 END-DATE : 22-NOV-16
<br>
OUTER LOOP
<br>
INNER LOOP
<br>
Processed 520303 records successfully
<br>
PARTITION-START-DATE : 22-NOV-16 END-DATE : 22-NOV-16
<br>
OUTER LOOP
<br>
INNER LOOP
<br>
Processed 520303 records successfully
<br>
PARTITION-START-DATE : 22-NOV-16 END-DATE : 22-NOV-16
<br>
OUTER LOOP
<br>
INNER LOOP
<br>
Processed 520303 records successfully
<br>
PARTITION-START-DATE : 22-NOV-16 END-DATE : 22-NOV-16
<br>
OUTER LOOP
<br>
INNER LOOP
<br>
Processed 520303 records successfully
<br>
PARTITION-START-DATE : 22-NOV-16 END-DATE : 22-NOV-16
<br>
OUTER LOOP
<br>
INNER LOOP
<br>
Processed 520303 records successfully
<br>
PARTITION-START-DATE : 22-NOV-16 END-DATE : 22-NOV-16
<br>
OUTER LOOP
<br>
INNER LOOP
<br>
Processed 520303 records successfully
<br>
PARTITION-START-DATE : 22-NOV-16 END-DATE : 22-NOV-16
<br>
OUTER LOOP
<br>
INNER LOOP
<br>
Processed 520303 records successfully
<br>
PARTITION-START-DATE : 22-NOV-16 END-DATE : 22-NOV-16
<br>
OUTER LOOP
<br>
INNER LOOP
<br>
Processed 520303 records successfully
<br>
PARTITION-START-DATE : 22-NOV-16 END-DATE : 22-NOV-16
<br>
OUTER LOOP
<br>
INNER LOOP
<br>
Processed 520303 records successfully
<br>
PARTITION-START-DATE : 22-NOV-16 END-DATE : 22-NOV-16
<br>
OUTER LOOP
<br>
INNER LOOP
<br>
Processed 520303 records successfully
<br>
PARTITION-START-DATE : 22-NOV-16 END-DATE : 22-NOV-16
<br>
OUTER LOOP
<br>
INNER LOOP
<br>
Processed 520303 records successfully
<br>
PARTITION-START-DATE : 22-NOV-16 END-DATE : 22-NOV-16
<br>
OUTER LOOP
<br>
INNER LOOP
<br>
Processed 520303 records successfully
<br>
PARTITION-START-DATE : 22-NOV-16 END-DATE : 22-NOV-16
<br>
OUTER LOOP
<br>
INNER LOOP
<br>
Processed 520303 records successfully
<br>
PARTITION-START-DATE : 22-NOV-16 END-DATE : 22-NOV-16
<br>
OUTER LOOP
<br>
INNER LOOP
<br>
Processed 520303 records successfully
<br>
PARTITION-START-DATE : 22-NOV-16 END-DATE : 22-NOV-16
<br>
OUTER LOOP
<br>
INNER LOOP
<br>
Processed 520303 records successfully
<br>
PARTITION-START-DATE : 22-NOV-16 END-DATE : 22-NOV-16
<br>
OUTER LOOP
<br>
INNER LOOP
<br>
Processed 520303 records successfully
<br>
PARTITION-START-DATE : 22-NOV-16 END-DATE : 22-NOV-16
<br>
OUTER LOOP
<br>
INNER LOOP
<br>
Processed 520303 records successfully
<br>
PARTITION-START-DATE : 22-NOV-16 END-DATE : 22-NOV-16
<br>
OUTER LOOP
<br>
INNER LOOP
<br>
Processed 520303 records successfully
<br>
PARTITION-START-DATE : 22-NOV-15 END-DATE : 22-NOV-16
<br>
OUTER LOOP
<br>
INNER LOOP
<br>
Processed 525303 records successfully
<br>
INNER LOOP
<br>
Processed 530303 records successfully
<br>
INNER LOOP
<br>
Processed 535303 records successfully
<br>
INNER LOOP
<br>
Processed 540303 records successfully
<br>
INNER LOOP
<br>
Processed 545303 records successfully
<br>
INNER LOOP
<br>
Processed 550303 records successfully
<br>
INNER LOOP
<br>
Processed 555303 records successfully
<br>
INNER LOOP
<br>
Processed 560303 records successfully
<br>
INNER LOOP
<br>
Processed 564153 records successfully
<br>
PARTITION-START-DATE : 22-NOV-15 END-DATE : 22-NOV-15
<br>
OUTER LOOP
<br>
INNER LOOP
<br>
Processed 569153 records successfully
<br>
INNER LOOP
<br>
Processed 574153 records successfully
<br>
INNER LOOP
<br>
Processed 579153 records successfully
<br>
INNER LOOP
<br>
Processed 584153 records successfully
<br>
INNER LOOP
<br>
Processed 589153 records successfully
<br>
INNER LOOP
<br>
Processed 594153 records successfully
<br>
INNER LOOP
<br>
Processed 599153 records successfully
<br>
INNER LOOP
<br>
Processed 604153 records successfully
<br>
INNER LOOP
<br>
Processed 609153 records successfully
<br>
INNER LOOP
<br>
Processed 614153 records successfully
<br>
INNER LOOP
<br>
Processed 619153 records successfully
<br>
INNER LOOP
<br>
Processed 622584 records successfully
<br>
PARTITION-START-DATE : 22-NOV-15 END-DATE : 22-NOV-15
<br>
OUTER LOOP
<br>
INNER LOOP
<br>
Processed 627584 records successfully
<br>
INNER LOOP
<br>
Processed 632584 records successfully
<br>
INNER LOOP
<br>
Processed 637584 records successfully
<br>
INNER LOOP
<br>
Processed 642584 records successfully
<br>
INNER LOOP
<br>
Processed 647584 records successfully
<br>
INNER LOOP
<br>
Processed 652584 records successfully
<br>
INNER LOOP
<br>
Processed 657584 records successfully
<br>
INNER LOOP
<br>
Processed 662584 records successfully
<br>
INNER LOOP
<br>
Processed 667584 records successfully
<br>
INNER LOOP
<br>
Processed 672584 records successfully
<br>
INNER LOOP
<br>
Processed 676706 records successfully
<br>
PARTITION-START-DATE : 22-NOV-15 END-DATE : 22-NOV-15
<br>
OUTER LOOP
<br>
INNER LOOP
<br>
Processed 681706 records successfully
<br>
INNER LOOP
<br>
Processed 686706 records successfully
<br>
INNER LOOP
<br>
Processed 691706 records successfully
<br>
INNER LOOP
<br>
Processed 696706 records successfully
<br>
INNER LOOP
<br>
Processed 701706 records successfully
<br>
INNER LOOP
<br>
Processed 706706 records successfully
<br>
INNER LOOP
<br>
Processed 711706 records successfully
<br>
INNER LOOP
<br>
Processed 716706 records successfully
<br>
INNER LOOP
<br>
Processed 721706 records successfully
<br>
INNER LOOP
<br>
Processed 726706 records successfully
<br>
INNER LOOP
<br>
Processed 731706 records successfully
<br>
INNER LOOP
<br>
Processed 736706 records successfully
<br>
INNER LOOP
<br>
Processed 741706 records successfully
<br>
INNER LOOP
<br>
Processed 746706 records successfully
<br>
INNER LOOP
<br>
Processed 747445 records successfully
<br>
PARTITION-START-DATE : 22-NOV-15 END-DATE : 22-NOV-15
<br>
OUTER LOOP
<br>
INNER LOOP
<br>
Processed 752445 records successfully
<br>
INNER LOOP
<br>
Processed 757445 records successfully
<br>
INNER LOOP
<br>
Processed 762445 records successfully
<br>
INNER LOOP
<br>
Processed 767445 records successfully
<br>
INNER LOOP
<br>
Processed 772445 records successfully
<br>
INNER LOOP
<br>
Processed 777445 records successfully
<br>
INNER LOOP
<br>
Processed 782445 records successfully
<br>
INNER LOOP
<br>
Processed 787445 records successfully
<br>
INNER LOOP
<br>
Processed 792445 records successfully
<br>
INNER LOOP
<br>
Processed 797445 records successfully
<br>
INNER LOOP
<br>
Processed 802445 records successfully
<br>
INNER LOOP
<br>
Processed 807445 records successfully
<br>
INNER LOOP
<br>
Processed 812445 records successfully
<br>
INNER LOOP
<br>
Processed 817445 records successfully
<br>
INNER LOOP
<br>
Processed 820273 records successfully
<br>
PARTITION-START-DATE : 22-NOV-15 END-DATE : 22-NOV-15
<br>
OUTER LOOP
<br>
INNER LOOP
<br>
Processed 825273 records successfully
<br>
INNER LOOP
<br>
Processed 830273 records successfully
<br>
INNER LOOP
<br>
Processed 835273 records successfully
<br>
INNER LOOP
<br>
Processed 840273 records successfully
<br>
INNER LOOP
<br>
Processed 845273 records successfully
<br>
INNER LOOP
<br>
Processed 850273 records successfully
<br>
INNER LOOP
<br>
Processed 855273 records successfully
<br>
INNER LOOP
<br>
Processed 860273 records successfully
<br>
INNER LOOP
<br>
Processed 865273 records successfully
<br>
INNER LOOP
<br>
Processed 870273 records successfully
<br>
INNER LOOP
<br>
Processed 875273 records successfully
<br>
INNER LOOP
<br>
Processed 880273 records successfully
<br>
INNER LOOP
<br>
Processed 885273 records successfully
<br>
INNER LOOP
<br>
Processed 890273 records successfully
<br>
INNER LOOP
<br>
Processed 895273 records successfully
<br>
INNER LOOP
<br>
Processed 900273 records successfully
<br>
INNER LOOP
<br>
Processed 905273 records successfully
<br>
INNER LOOP
<br>
Processed 910273 records successfully
<br>
INNER LOOP
<br>
Processed 915273 records successfully
<br>
INNER LOOP
<br>
Processed 916232 records successfully
<br>
PARTITION-START-DATE : 22-NOV-15 END-DATE : 22-NOV-15
<br>
OUTER LOOP
<br>
INNER LOOP
<br>
Processed 921232 records successfully
<br>
INNER LOOP
<br>
Processed 926232 records successfully
<br>
INNER LOOP
<br>
Processed 931232 records successfully
<br>
INNER LOOP
<br>
Processed 936232 records successfully
<br>
INNER LOOP
<br>
Processed 941232 records successfully
<br>
INNER LOOP
<br>
Processed 946232 records successfully
<br>
INNER LOOP
<br>
Processed 951232 records successfully
<br>
INNER LOOP
<br>
Processed 956232 records successfully
<br>
INNER LOOP
<br>
Processed 961232 records successfully
<br>
INNER LOOP
<br>
Processed 966232 records successfully
<br>
INNER LOOP
<br>
Processed 971232 records successfully
<br>
INNER LOOP
<br>
Processed 976232 records successfully
<br>
INNER LOOP
<br>
Processed 981232 records successfully
<br>
INNER LOOP
<br>
Processed 986232 records successfully
<br>
INNER LOOP
<br>
Processed 991232 records successfully
<br>
INNER LOOP
<br>
Processed 996232 records successfully
<br>
INNER LOOP
<br>
Processed 1001232 records successfully
<br>
INNER LOOP
<br>
Processed 1006232 records successfully
<br>
INNER LOOP
<br>
Processed 1011232 records successfully
<br>
INNER LOOP
<br>
Processed 1014260 records successfully
<br>
PARTITION-START-DATE : 22-NOV-15 END-DATE : 22-NOV-15
<br>
OUTER LOOP
<br>
INNER LOOP
<br>
Processed 1019260 records successfully
<br>
INNER LOOP
<br>
Processed 1024260 records successfully
<br>
INNER LOOP
<br>
Processed 1029260 records successfully
<br>
INNER LOOP
<br>
Processed 1034260 records successfully
<br>
INNER LOOP
<br>
Processed 1039260 records successfully
<br>
INNER LOOP
<br>
Processed 1044260 records successfully
<br>
INNER LOOP
<br>
Processed 1049260 records successfully
<br>
INNER LOOP
<br>
Processed 1054260 records successfully
<br>
INNER LOOP
<br>
Processed 1059260 records successfully
<br>
INNER LOOP
<br>
Processed 1064260 records successfully
<br>
INNER LOOP
<br>
Processed 1069260 records successfully
<br>
INNER LOOP
<br>
Processed 1074260 records successfully
<br>
INNER LOOP
<br>
Processed 1079260 records successfully
<br>
INNER LOOP
<br>
Processed 1084260 records successfully
<br>
INNER LOOP
<br>
Processed 1089260 records successfully
<br>
INNER LOOP
<br>
Processed 1094260 records successfully
<br>
INNER LOOP
<br>
Processed 1099260 records successfully
<br>
INNER LOOP
<br>
Processed 1104260 records successfully
<br>
INNER LOOP
<br>
Processed 1109260 records successfully
<br>
INNER LOOP
<br>
Processed 1109711 records successfully
<br>
PARTITION-START-DATE : 22-NOV-15 END-DATE : 22-NOV-15
<br>
OUTER LOOP
<br>
INNER LOOP
<br>
Processed 1114711 records successfully
<br>
INNER LOOP
<br>
Processed 1119711 records successfully
<br>
INNER LOOP
<br>
Processed 1124711 records successfully
<br>
INNER LOOP
<br>
Processed 1129711 records successfully
<br>
INNER LOOP
<br>
Processed 1134711 records successfully
<br>
INNER LOOP
<br>
Processed 1139711 records successfully
<br>
INNER LOOP
<br>
Processed 1144711 records successfully
<br>
INNER LOOP
<br>
Processed 1149711 records successfully
<br>
INNER LOOP
<br>
Processed 1154711 records successfully
<br>
INNER LOOP
<br>
Processed 1159711 records successfully
<br>
INNER LOOP
<br>
Processed 1164711 records successfully
<br>
INNER LOOP
<br>
Processed 1169711 records successfully
<br>
INNER LOOP
<br>
Processed 1174711 records successfully
<br>
INNER LOOP
<br>
Processed 1179711 records successfully
<br>
INNER LOOP
<br>
Processed 1184711 records successfully
<br>
INNER LOOP
<br>
Processed 1189711 records successfully
<br>
INNER LOOP
<br>
Processed 1194711 records successfully
<br>
INNER LOOP
<br>
Processed 1199711 records successfully
<br>
INNER LOOP
<br>
Processed 1204711 records successfully
<br>
INNER LOOP
<br>
Processed 1208334 records successfully
<br>
PARTITION-START-DATE : 22-NOV-15 END-DATE : 22-NOV-15
<br>
OUTER LOOP
<br>
INNER LOOP
<br>
Processed 1213334 records successfully
<br>
INNER LOOP
<br>
Processed 1218334 records successfully
<br>
INNER LOOP
<br>
Processed 1223334 records successfully
<br>
INNER LOOP
<br>
Processed 1228334 records successfully
<br>
INNER LOOP
<br>
Processed 1233334 records successfully
<br>
INNER LOOP
<br>
Processed 1238334 records successfully
<br>
INNER LOOP
<br>
Processed 1243334 records successfully
<br>
INNER LOOP
<br>
Processed 1248334 records successfully
<br>
INNER LOOP
<br>
Processed 1253334 records successfully
<br>
INNER LOOP
<br>
Processed 1258334 records successfully
<br>
INNER LOOP
<br>
Processed 1263334 records successfully
<br>
INNER LOOP
<br>
Processed 1268334 records successfully
<br>
INNER LOOP
<br>
Processed 1273334 records successfully
<br>
INNER LOOP
<br>
Processed 1278334 records successfully
<br>
INNER LOOP
<br>
Processed 1283334 records successfully
<br>
INNER LOOP
<br>
Processed 1288334 records successfully
<br>
INNER LOOP
<br>
Processed 1293334 records successfully
<br>
INNER LOOP
<br>
Processed 1298334 records successfully
<br>
INNER LOOP
<br>
Processed 1303334 records successfully
<br>
INNER LOOP
<br>
Processed 1308334 records successfully
<br>
INNER LOOP
<br>
Processed 1313334 records successfully
<br>
INNER LOOP
<br>
Processed 1318334 records successfully
<br>
INNER LOOP
<br>
Processed 1323334 records successfully
<br>
INNER LOOP
<br>
Processed 1324816 records successfully
<br>
PARTITION-START-DATE : 22-NOV-15 END-DATE : 22-NOV-15
<br>
OUTER LOOP
<br>
INNER LOOP
<br>
Processed 1329816 records successfully
<br>
INNER LOOP
<br>
Processed 1334816 records successfully
<br>
INNER LOOP
<br>
Processed 1339816 records successfully
<br>
INNER LOOP
<br>
Processed 1344816 records successfully
<br>
INNER LOOP
<br>
Processed 1349816 records successfully
<br>
INNER LOOP
<br>
Processed 1354816 records successfully
<br>
INNER LOOP
<br>
Processed 1359816 records successfully
<br>
INNER LOOP
<br>
Processed 1364816 records successfully
<br>
INNER LOOP
<br>
Processed 1369816 records successfully
<br>
INNER LOOP
<br>
Processed 1374816 records successfully
<br>
INNER LOOP
<br>
Processed 1379816 records successfully
<br>
INNER LOOP
<br>
Processed 1384816 records successfully
<br>
INNER LOOP
<br>
Processed 1389816 records successfully
<br>
INNER LOOP
<br>
Processed 1394816 records successfully
<br>
INNER LOOP
<br>
Processed 1399816 records successfully
<br>
INNER LOOP
<br>
Processed 1404816 records successfully
<br>
INNER LOOP
<br>
Processed 1409816 records successfully
<br>
INNER LOOP
<br>
Processed 1414816 records successfully
<br>
INNER LOOP
<br>
Processed 1419816 records successfully
<br>
INNER LOOP
<br>
Processed 1424816 records successfully
<br>
INNER LOOP
<br>
Processed 1429816 records successfully
<br>
INNER LOOP
<br>
Processed 1434816 records successfully
<br>
INNER LOOP
<br>
Processed 1439816 records successfully
<br>
INNER LOOP
<br>
Processed 1440869 records successfully
<br>
PARTITION-START-DATE : 22-NOV-15 END-DATE : 22-NOV-15
<br>
OUTER LOOP
<br>
INNER LOOP
<br>
Processed 1445869 records successfully
<br>
INNER LOOP
<br>
Processed 1450869 records successfully
<br>
INNER LOOP
<br>
Processed 1455869 records successfully
<br>
INNER LOOP
<br>
Processed 1460869 records successfully
<br>
INNER LOOP
<br>
Processed 1465869 records successfully
<br>
INNER LOOP
<br>
Processed 1470869 records successfully
<br>
INNER LOOP
<br>
Processed 1475869 records successfully
<br>
INNER LOOP
<br>
Processed 1480869 records successfully
<br>
INNER LOOP
<br>
Processed 1485869 records successfully
<br>
INNER LOOP
<br>
Processed 1490869 records successfully
<br>
INNER LOOP
<br>
Processed 1495869 records successfully
<br>
INNER LOOP
<br>
Processed 1500869 records successfully
<br>
INNER LOOP
<br>
Processed 1505869 records successfully
<br>
INNER LOOP
<br>
Processed 1510869 records successfully
<br>
INNER LOOP
<br>
Processed 1515869 records successfully
<br>
INNER LOOP
<br>
Processed 1520869 records successfully
<br>
INNER LOOP
<br>
Processed 1525869 records successfully
<br>
INNER LOOP
<br>
Processed 1530869 records successfully
<br>
INNER LOOP
<br>
Processed 1535869 records successfully
<br>
INNER LOOP
<br>
Processed 1540869 records successfully
<br>
INNER LOOP
<br>
Processed 1545869 records successfully
<br>
INNER LOOP
<br>
Processed 1546089 records successfully
<br>
PARTITION-START-DATE : 22-NOV-15 END-DATE : 22-NOV-15
<br>
OUTER LOOP
<br>
INNER LOOP
<br>
Processed 1551089 records successfully
<br>
INNER LOOP
<br>
Processed 1556089 records successfully
<br>
INNER LOOP
<br>
Processed 1561089 records successfully
<br>
INNER LOOP
<br>
Processed 1566089 records successfully
<br>
INNER LOOP
<br>
Processed 1571089 records successfully
<br>
INNER LOOP
<br>
Processed 1576089 records successfully
<br>
INNER LOOP
<br>
Processed 1581089 records successfully
<br>
INNER LOOP
<br>
Processed 1586089 records successfully
<br>
INNER LOOP
<br>
Processed 1591089 records successfully
<br>
INNER LOOP
<br>
Processed 1596089 records successfully
<br>
INNER LOOP
<br>
Processed 1601089 records successfully
<br>
INNER LOOP
<br>
Processed 1606089 records successfully
<br>
INNER LOOP
<br>
Processed 1611089 records successfully
<br>
INNER LOOP
<br>
Processed 1616089 records successfully
<br>
INNER LOOP
<br>
Processed 1621089 records successfully
<br>
INNER LOOP
<br>
Processed 1626089 records successfully
<br>
INNER LOOP
<br>
Processed 1631089 records successfully
<br>
INNER LOOP
<br>
Processed 1636089 records successfully
<br>
INNER LOOP
<br>
Processed 1641089 records successfully
<br>
INNER LOOP
<br>
Processed 1646089 records successfully
<br>
INNER LOOP
<br>
Processed 1651089 records successfully
<br>
INNER LOOP
<br>
Processed 1656089 records successfully
<br>
INNER LOOP
<br>
Processed 1661089 records successfully
<br>
INNER LOOP
<br>
Processed 1665897 records successfully
<br>
PARTITION-START-DATE : 22-NOV-15 END-DATE : 22-NOV-15
<br>
OUTER LOOP
<br>
INNER LOOP
<br>
Processed 1670897 records successfully
<br>
INNER LOOP
<br>
Processed 1675897 records successfully
<br>
INNER LOOP
<br>
Processed 1680897 records successfully
<br>
INNER LOOP
<br>
Processed 1685897 records successfully
<br>
INNER LOOP
<br>
Processed 1690897 records successfully
<br>
INNER LOOP
<br>
Processed 1695897 records successfully
<br>
INNER LOOP
<br>
Processed 1700897 records successfully
<br>
INNER LOOP
<br>
Processed 1705897 records successfully
<br>
INNER LOOP
<br>
Processed 1710897 records successfully
<br>
INNER LOOP
<br>
Processed 1715897 records successfully
<br>
INNER LOOP
<br>
Processed 1720897 records successfully
<br>
INNER LOOP
<br>
Processed 1725897 records successfully
<br>
INNER LOOP
<br>
Processed 1730897 records successfully
<br>
INNER LOOP
<br>
Processed 1735897 records successfully
<br>
INNER LOOP
<br>
Processed 1740897 records successfully
<br>
INNER LOOP
<br>
Processed 1745897 records successfully
<br>
INNER LOOP
<br>
Processed 1750897 records successfully
<br>
INNER LOOP
<br>
Processed 1755897 records successfully
<br>
INNER LOOP
<br>
Processed 1760897 records successfully
<br>
INNER LOOP
<br>
Processed 1765897 records successfully
<br>
INNER LOOP
<br>
Processed 1770897 records successfully
<br>
INNER LOOP
<br>
Processed 1775897 records successfully
<br>
INNER LOOP
<br>
Processed 1779079 records successfully
<br>
PARTITION-START-DATE : 22-NOV-15 END-DATE : 22-NOV-15
<br>
OUTER LOOP
<br>
INNER LOOP
<br>
Processed 1784079 records successfully
<br>
INNER LOOP
<br>
Processed 1789079 records successfully
<br>
INNER LOOP
<br>
Processed 1794079 records successfully
<br>
INNER LOOP
<br>
Processed 1799079 records successfully
<br>
INNER LOOP
<br>
Processed 1804079 records successfully
<br>
INNER LOOP
<br>
Processed 1809079 records successfully
<br>
INNER LOOP
<br>
Processed 1814079 records successfully
<br>
INNER LOOP
<br>
Processed 1819079 records successfully
<br>
INNER LOOP
<br>
Processed 1824079 records successfully
<br>
INNER LOOP
<br>
Processed 1829079 records successfully
<br>
INNER LOOP
<br>
Processed 1834079 records successfully
<br>
INNER LOOP
<br>
Processed 1839079 records successfully
<br>
INNER LOOP
<br>
Processed 1844079 records successfully
<br>
INNER LOOP
<br>
Processed 1849079 records successfully
<br>
INNER LOOP
<br>
Processed 1854079 records successfully
<br>
INNER LOOP
<br>
Processed 1859079 records successfully
<br>
INNER LOOP
<br>
Processed 1864079 records successfully
<br>
INNER LOOP
<br>
Processed 1869079 records successfully
<br>
INNER LOOP
<br>
Processed 1874079 records successfully
<br>
INNER LOOP
<br>
Processed 1879079 records successfully
<br>
INNER LOOP
<br>
Processed 1884079 records successfully
<br>
INNER LOOP
<br>
Processed 1889079 records successfully
<br>
INNER LOOP
<br>
Processed 1894079 records successfully
<br>
INNER LOOP
<br>
Processed 1896212 records successfully
<br>
PARTITION-START-DATE : 22-NOV-15 END-DATE : 22-NOV-15
<br>
OUTER LOOP
<br>
INNER LOOP
<br>
Processed 1901212 records successfully
<br>
INNER LOOP
<br>
Processed 1906212 records successfully
<br>
INNER LOOP
<br>
Processed 1911212 records successfully
<br>
INNER LOOP
<br>
Processed 1916212 records successfully
<br>
INNER LOOP
<br>
Processed 1921212 records successfully
<br>
INNER LOOP
<br>
Processed 1926212 records successfully
<br>
INNER LOOP
<br>
Processed 1931212 records successfully
<br>
INNER LOOP
<br>
Processed 1936212 records successfully
<br>
INNER LOOP
<br>
Processed 1941212 records successfully
<br>
INNER LOOP
<br>
Processed 1946212 records successfully
<br>
INNER LOOP
<br>
Processed 1951212 records successfully
<br>
INNER LOOP
<br>
Processed 1956212 records successfully
<br>
INNER LOOP
<br>
Processed 1961212 records successfully
<br>
INNER LOOP
<br>
Processed 1966212 records successfully
<br>
INNER LOOP
<br>
Processed 1971212 records successfully
<br>
INNER LOOP
<br>
Processed 1976212 records successfully
<br>
INNER LOOP
<br>
Processed 1981212 records successfully
<br>
INNER LOOP
<br>
Processed 1986212 records successfully
<br>
INNER LOOP
<br>
Processed 1991212 records successfully
<br>
INNER LOOP
<br>
Processed 1996212 records successfully
<br>
INNER LOOP
<br>
Processed 2001212 records successfully
<br>
INNER LOOP
<br>
Processed 2006212 records successfully
<br>
INNER LOOP
<br>
Processed 2011068 records successfully
<br>
PARTITION-START-DATE : 22-NOV-15 END-DATE : 22-NOV-15
<br>
OUTER LOOP
<br>
INNER LOOP
<br>
Processed 2016068 records successfully
<br>
INNER LOOP
<br>
Processed 2021068 records successfully
<br>
INNER LOOP
<br>
Processed 2026068 records successfully
<br>
INNER LOOP
<br>
Processed 2031068 records successfully
<br>
INNER LOOP
<br>
Processed 2036068 records successfully
<br>
INNER LOOP
<br>
Processed 2041068 records successfully
<br>
INNER LOOP
<br>
Processed 2046068 records successfully
<br>
INNER LOOP
<br>
Processed 2051068 records successfully
<br>
INNER LOOP
<br>
Processed 2056068 records successfully
<br>
INNER LOOP
<br>
Processed 2061068 records successfully
<br>
INNER LOOP
<br>
Processed 2066068 records successfully
<br>
INNER LOOP
<br>
Processed 2071068 records successfully
<br>
INNER LOOP
<br>
Processed 2076068 records successfully
<br>
INNER LOOP
<br>
Processed 2081068 records successfully
<br>
INNER LOOP
<br>
Processed 2086068 records successfully
<br>
INNER LOOP
<br>
Processed 2091068 records successfully
<br>
INNER LOOP
<br>
Processed 2096068 records successfully
<br>
INNER LOOP
<br>
Processed 2101068 records successfully
<br>
INNER LOOP
<br>
Processed 2106068 records successfully
<br>
INNER LOOP
<br>
Processed 2111068 records successfully
<br>
INNER LOOP
<br>
Processed 2116068 records successfully
<br>
INNER LOOP
<br>
Processed 2121068 records successfully
<br>
INNER LOOP
<br>
Processed 2126068 records successfully
<br>
INNER LOOP
<br>
Processed 2131068 records successfully
<br>
INNER LOOP
<br>
Processed 2136068 records successfully
<br>
INNER LOOP
<br>
Processed 2141068 records successfully
<br>
INNER LOOP
<br>
Processed 2145332 records successfully
<br>
PARTITION-START-DATE : 22-NOV-15 END-DATE : 22-NOV-15
<br>
OUTER LOOP
<br>
INNER LOOP
<br>
Processed 2150332 records successfully
<br>
INNER LOOP
<br>
Processed 2155332 records successfully
<br>
INNER LOOP
<br>
Processed 2160332 records successfully
<br>
INNER LOOP
<br>
Processed 2165332 records successfully
<br>
INNER LOOP
<br>
Processed 2170332 records successfully
<br>
INNER LOOP
<br>
Processed 2175332 records successfully
<br>
INNER LOOP
<br>
Processed 2180332 records successfully
<br>
INNER LOOP
<br>
Processed 2185332 records successfully
<br>
INNER LOOP
<br>
Processed 2190332 records successfully
<br>
INNER LOOP
<br>
Processed 2195332 records successfully
<br>
INNER LOOP
<br>
Processed 2200332 records successfully
<br>
INNER LOOP
<br>
Processed 2205332 records successfully
<br>
INNER LOOP
<br>
Processed 2210332 records successfully
<br>
INNER LOOP
<br>
Processed 2215332 records successfully
<br>
INNER LOOP
<br>
Processed 2220332 records successfully
<br>
INNER LOOP
<br>
Processed 2225332 records successfully
<br>
INNER LOOP
<br>
Processed 2230332 records successfully
<br>
INNER LOOP
<br>
Processed 2235332 records successfully
<br>
INNER LOOP
<br>
Processed 2240332 records successfully
<br>
INNER LOOP
<br>
Processed 2245332 records successfully
<br>
INNER LOOP
<br>
Processed 2250332 records successfully
<br>
INNER LOOP
<br>
Processed 2255332 records successfully
<br>
INNER LOOP
<br>
Processed 2260332 records successfully
<br>
INNER LOOP
<br>
Processed 2265332 records successfully
<br>
INNER LOOP
<br>
Processed 2270332 records successfully
<br>
INNER LOOP
<br>
Processed 2271777 records successfully
<br>
PARTITION-START-DATE : 22-NOV-15 END-DATE : 22-NOV-15
<br>
OUTER LOOP
<br>
INNER LOOP
<br>
Processed 2276777 records successfully
<br>
INNER LOOP
<br>
Processed 2281777 records successfully
<br>
INNER LOOP
<br>
Processed 2286777 records successfully
<br>
INNER LOOP
<br>
Processed 2291777 records successfully
<br>
INNER LOOP
<br>
Processed 2296777 records successfully
<br>
INNER LOOP
<br>
Processed 2301777 records successfully
<br>
INNER LOOP
<br>
Processed 2306777 records successfully
<br>
INNER LOOP
<br>
Processed 2311777 records successfully
<br>
INNER LOOP
<br>
Processed 2316777 records successfully
<br>
INNER LOOP
<br>
Processed 2321777 records successfully
<br>
INNER LOOP
<br>
Processed 2326777 records successfully
<br>
INNER LOOP
<br>
Processed 2331777 records successfully
<br>
INNER LOOP
<br>
Processed 2336777 records successfully
<br>
INNER LOOP
<br>
Processed 2341777 records successfully
<br>
INNER LOOP
<br>
Processed 2346777 records successfully
<br>
INNER LOOP
<br>
Processed 2351777 records successfully
<br>
INNER LOOP
<br>
Processed 2356777 records successfully
<br>
INNER LOOP
<br>
Processed 2361777 records successfully
<br>
INNER LOOP
<br>
Processed 2366777 records successfully
<br>
INNER LOOP
<br>
Processed 2371777 records successfully
<br>
INNER LOOP
<br>
Processed 2376777 records successfully
<br>
INNER LOOP
<br>
Processed 2381777 records successfully
<br>
INNER LOOP
<br>
Processed 2386777 records successfully
<br>
INNER LOOP
<br>
Processed 2391777 records successfully
<br>
INNER LOOP
<br>
Processed 2396777 records successfully
<br>
INNER LOOP
<br>
Processed 2401777 records successfully
<br>
INNER LOOP
<br>
Processed 2406777 records successfully
<br>
INNER LOOP
<br>
Processed 2408306 records successfully
<br>
PARTITION-START-DATE : 22-NOV-15 END-DATE : 22-NOV-15
<br>
OUTER LOOP
<br>
INNER LOOP
<br>
Processed 2413306 records successfully
<br>
INNER LOOP
<br>
Processed 2418306 records successfully
<br>
INNER LOOP
<br>
Processed 2423306 records successfully
<br>
INNER LOOP
<br>
Processed 2428306 records successfully
<br>
INNER LOOP
<br>
Processed 2433306 records successfully
<br>
INNER LOOP
<br>
Processed 2438306 records successfully
<br>
INNER LOOP
<br>
Processed 2443306 records successfully
<br>
INNER LOOP
<br>
Processed 2448306 records successfully
<br>
INNER LOOP
<br>
Processed 2453306 records successfully
<br>
INNER LOOP
<br>
Processed 2458306 records successfully
<br>
INNER LOOP
<br>
Processed 2463306 records successfully
<br>
INNER LOOP
<br>
Processed 2468306 records successfully
<br>
INNER LOOP
<br>
Processed 2473306 records successfully
<br>
INNER LOOP
<br>
Processed 2478306 records successfully
<br>
INNER LOOP
<br>
Processed 2483306 records successfully
<br>
INNER LOOP
<br>
Processed 2488306 records successfully
<br>
INNER LOOP
<br>
Processed 2493306 records successfully
<br>
INNER LOOP
<br>
Processed 2498306 records successfully
<br>
INNER LOOP
<br>
Processed 2503306 records successfully
<br>
INNER LOOP
<br>
Processed 2508306 records successfully
<br>
INNER LOOP
<br>
Processed 2513306 records successfully
<br>
INNER LOOP
<br>
Processed 2518306 records successfully
<br>
INNER LOOP
<br>
Processed 2523306 records successfully
<br>
INNER LOOP
<br>
Processed 2528306 records successfully
<br>
INNER LOOP
<br>
Processed 2530060 records successfully
<br>
PARTITION-START-DATE : 22-NOV-15 END-DATE : 22-NOV-15
<br>
OUTER LOOP
<br>
INNER LOOP
<br>
Processed 2535060 records successfully
<br>
INNER LOOP
<br>
Processed 2540060 records successfully
<br>
INNER LOOP
<br>
Processed 2545060 records successfully
<br>
INNER LOOP
<br>
Processed 2550060 records successfully
<br>
INNER LOOP
<br>
Processed 2555060 records successfully
<br>
INNER LOOP
<br>
Processed 2560060 records successfully
<br>
INNER LOOP
<br>
Processed 2565060 records successfully
<br>
INNER LOOP
<br>
Processed 2570060 records successfully
<br>
INNER LOOP
<br>
Processed 2575060 records successfully
<br>
INNER LOOP
<br>
Processed 2580060 records successfully
<br>
INNER LOOP
<br>
Processed 2585060 records successfully
<br>
INNER LOOP
<br>
Processed 2590060 records successfully
<br>
INNER LOOP
<br>
Processed 2595060 records successfully
<br>
INNER LOOP
<br>
Processed 2600060 records successfully
<br>
INNER LOOP
<br>
Processed 2605060 records successfully
<br>
INNER LOOP
<br>
Processed 2610060 records successfully
<br>
INNER LOOP
<br>
Processed 2615060 records successfully
<br>
INNER LOOP
<br>
Processed 2620060 records successfully
<br>
INNER LOOP
<br>
Processed 2625060 records successfully
<br>
INNER LOOP
<br>
Processed 2630060 records successfully
<br>
INNER LOOP
<br>
Processed 2635060 records successfully
<br>
INNER LOOP
<br>
Processed 2640060 records successfully
<br>
INNER LOOP
<br>
Processed 2641387 records successfully
<br>
PARTITION-START-DATE : 22-NOV-15 END-DATE : 22-NOV-15
<br>
OUTER LOOP
<br>
INNER LOOP
<br>
Processed 2646387 records successfully
<br>
INNER LOOP
<br>
Processed 2651387 records successfully
<br>
INNER LOOP
<br>
Processed 2656387 records successfully
<br>
INNER LOOP
<br>
Processed 2661387 records successfully
<br>
INNER LOOP
<br>
Processed 2666387 records successfully
<br>
INNER LOOP
<br>
Processed 2671387 records successfully
<br>
INNER LOOP
<br>
Processed 2676387 records successfully
<br>
INNER LOOP
<br>
Processed 2681387 records successfully
<br>
INNER LOOP
<br>
Processed 2686387 records successfully
<br>
INNER LOOP
<br>
Processed 2691387 records successfully
<br>
INNER LOOP
<br>
Processed 2696387 records successfully
<br>
INNER LOOP
<br>
Processed 2701387 records successfully
<br>
INNER LOOP
<br>
Processed 2706387 records successfully
<br>
INNER LOOP
<br>
Processed 2711387 records successfully
<br>
INNER LOOP
<br>
Processed 2716387 records successfully
<br>
INNER LOOP
<br>
Processed 2721387 records successfully
<br>
INNER LOOP
<br>
Processed 2726387 records successfully
<br>
INNER LOOP
<br>
Processed 2731387 records successfully
<br>
INNER LOOP
<br>
Processed 2736387 records successfully
<br>
INNER LOOP
<br>
Processed 2741387 records successfully
<br>
INNER LOOP
<br>
Processed 2746387 records successfully
<br>
INNER LOOP
<br>
Processed 2751387 records successfully
<br>
INNER LOOP
<br>
Processed 2756387 records successfully
<br>
INNER LOOP
<br>
Processed 2759897 records successfully
<br>
PARTITION-START-DATE : 22-NOV-15 END-DATE : 22-NOV-15
<br>
OUTER LOOP
<br>
INNER LOOP
<br>
Processed 2764897 records successfully
<br>
INNER LOOP
<br>
Processed 2769897 records successfully
<br>
INNER LOOP
<br>
Processed 2774897 records successfully
<br>
INNER LOOP
<br>
Processed 2779897 records successfully
<br>
INNER LOOP
<br>
Processed 2784897 records successfully
<br>
INNER LOOP
<br>
Processed 2789897 records successfully
<br>
INNER LOOP
<br>
Processed 2794897 records successfully
<br>
INNER LOOP
<br>
Processed 2799897 records successfully
<br>
INNER LOOP
<br>
Processed 2804897 records successfully
<br>
INNER LOOP
<br>
Processed 2809897 records successfully
<br>
INNER LOOP
<br>
Processed 2814897 records successfully
<br>
INNER LOOP
<br>
Processed 2819897 records successfully
<br>
INNER LOOP
<br>
Processed 2824897 records successfully
<br>
INNER LOOP
<br>
Processed 2829897 records successfully
<br>
INNER LOOP
<br>
Processed 2834897 records successfully
<br>
INNER LOOP
<br>
Processed 2839897 records successfully
<br>
INNER LOOP
<br>
Processed 2844897 records successfully
<br>
INNER LOOP
<br>
Processed 2849897 records successfully
<br>
INNER LOOP
<br>
Processed 2854897 records successfully
<br>
INNER LOOP
<br>
Processed 2859897 records successfully
<br>
INNER LOOP
<br>
Processed 2864897 records successfully
<br>
INNER LOOP
<br>
Processed 2869897 records successfully
<br>
INNER LOOP
<br>
Processed 2874897 records successfully
<br>
INNER LOOP
<br>
Processed 2877764 records successfully
<br>
PARTITION-START-DATE : 22-NOV-15 END-DATE : 22-NOV-15
<br>
OUTER LOOP
<br>
INNER LOOP
<br>
Processed 2882764 records successfully
<br>
INNER LOOP
<br>
Processed 2887764 records successfully
<br>
INNER LOOP
<br>
Processed 2892764 records successfully
<br>
INNER LOOP
<br>
Processed 2897764 records successfully
<br>
INNER LOOP
<br>
Processed 2902764 records successfully
<br>
INNER LOOP
<br>
Processed 2907764 records successfully
<br>
INNER LOOP
<br>
Processed 2912764 records successfully
<br>
INNER LOOP
<br>
Processed 2917764 records successfully
<br>
INNER LOOP
<br>
Processed 2922764 records successfully
<br>
INNER LOOP
<br>
Processed 2927764 records successfully
<br>
INNER LOOP
<br>
Processed 2932764 records successfully
<br>
INNER LOOP
<br>
Processed 2937764 records successfully
<br>
INNER LOOP
<br>
Processed 2942764 records successfully
<br>
INNER LOOP
<br>
Processed 2947764 records successfully
<br>
INNER LOOP
<br>
Processed 2952764 records successfully
<br>
INNER LOOP
<br>
Processed 2957764 records successfully
<br>
INNER LOOP
<br>
Processed 2962764 records successfully
<br>
INNER LOOP
<br>
Processed 2967764 records successfully
<br>
INNER LOOP
<br>
Processed 2972764 records successfully
<br>
INNER LOOP
<br>
Processed 2977764 records successfully
<br>
INNER LOOP
<br>
Processed 2982764 records successfully
<br>
INNER LOOP
<br>
Processed 2986455 records successfully
<br>
PARTITION-START-DATE : 22-NOV-15 END-DATE : 22-NOV-15
<br>
OUTER LOOP
<br>
INNER LOOP
<br>
Processed 2991455 records successfully
<br>
INNER LOOP
<br>
Processed 2996455 records successfully
<br>
INNER LOOP
<br>
Processed 3001455 records successfully
<br>
INNER LOOP
<br>
Processed 3006455 records successfully
<br>
INNER LOOP
<br>
Processed 3011455 records successfully
<br>
INNER LOOP
<br>
Processed 3016455 records successfully
<br>
INNER LOOP
<br>
Processed 3021455 records successfully
<br>
INNER LOOP
<br>
Processed 3026455 records successfully
<br>
INNER LOOP
<br>
Processed 3031455 records successfully
<br>
INNER LOOP
<br>
Processed 3036455 records successfully
<br>
INNER LOOP
<br>
Processed 3041455 records successfully
<br>
INNER LOOP
<br>
Processed 3046455 records successfully
<br>
INNER LOOP
<br>
Processed 3051455 records successfully
<br>
INNER LOOP
<br>
Processed 3056455 records successfully
<br>
INNER LOOP
<br>
Processed 3061455 records successfully
<br>
INNER LOOP
<br>
Processed 3066455 records successfully
<br>
INNER LOOP
<br>
Processed 3071455 records successfully
<br>
INNER LOOP
<br>
Processed 3076455 records successfully
<br>
INNER LOOP
<br>
Processed 3081455 records successfully
<br>
INNER LOOP
<br>
Processed 3086455 records successfully
<br>
INNER LOOP
<br>
Processed 3091455 records successfully
<br>
INNER LOOP
<br>
Processed 3096455 records successfully
<br>
INNER LOOP
<br>
Processed 3101455 records successfully
<br>
INNER LOOP
<br>
Processed 3103446 records successfully
<br>
PARTITION-START-DATE : 22-NOV-15 END-DATE : 22-NOV-15
<br>
OUTER LOOP
<br>
INNER LOOP
<br>
Processed 3108446 records successfully
<br>
INNER LOOP
<br>
Processed 3113446 records successfully
<br>
INNER LOOP
<br>
Processed 3118446 records successfully
<br>
INNER LOOP
<br>
Processed 3123446 records successfully
<br>
INNER LOOP
<br>
Processed 3128446 records successfully
<br>
INNER LOOP
<br>
Processed 3133446 records successfully
<br>
INNER LOOP
<br>
Processed 3138446 records successfully
<br>
INNER LOOP
<br>
Processed 3143446 records successfully
<br>
INNER LOOP
<br>
Processed 3148446 records successfully
<br>
INNER LOOP
<br>
Processed 3153446 records successfully
<br>
INNER LOOP
<br>
Processed 3158446 records successfully
<br>
INNER LOOP
<br>
Processed 3163446 records successfully
<br>
INNER LOOP
<br>
Processed 3168446 records successfully
<br>
INNER LOOP
<br>
Processed 3173446 records successfully
<br>
INNER LOOP
<br>
Processed 3178446 records successfully
<br>
INNER LOOP
<br>
Processed 3183446 records successfully
<br>
INNER LOOP
<br>
Processed 3188446 records successfully
<br>
INNER LOOP
<br>
Processed 3193446 records successfully
<br>
INNER LOOP
<br>
Processed 3198446 records successfully
<br>
INNER LOOP
<br>
Processed 3203446 records successfully
<br>
INNER LOOP
<br>
Processed 3208446 records successfully
<br>
INNER LOOP
<br>
Processed 3213446 records successfully
<br>
INNER LOOP
<br>
Processed 3218446 records successfully
<br>
INNER LOOP
<br>
Processed 3223446 records successfully
<br>
INNER LOOP
<br>
Processed 3225790 records successfully
<br>
PARTITION-START-DATE : 22-NOV-15 END-DATE : 22-NOV-15
<br>
OUTER LOOP
<br>
INNER LOOP
<br>
Processed 3230790 records successfully
<br>
INNER LOOP
<br>
Processed 3235790 records successfully
<br>
INNER LOOP
<br>
Processed 3240790 records successfully
<br>
INNER LOOP
<br>
Processed 3245790 records successfully
<br>
INNER LOOP
<br>
Processed 3250790 records successfully
<br>
INNER LOOP
<br>
Processed 3255790 records successfully
<br>
INNER LOOP
<br>
Processed 3260790 records successfully
<br>
INNER LOOP
<br>
Processed 3265790 records successfully
<br>
INNER LOOP
<br>
Processed 3270790 records successfully
<br>
INNER LOOP
<br>
Processed 3275790 records successfully
<br>
INNER LOOP
<br>
Processed 3280790 records successfully
<br>
INNER LOOP
<br>
Processed 3285790 records successfully
<br>
INNER LOOP
<br>
Processed 3290790 records successfully
<br>
INNER LOOP
<br>
Processed 3295790 records successfully
<br>
INNER LOOP
<br>
Processed 3300790 records successfully
<br>
INNER LOOP
<br>
Processed 3305790 records successfully
<br>
INNER LOOP
<br>
Processed 3310790 records successfully
<br>
INNER LOOP
<br>
Processed 3315790 records successfully
<br>
INNER LOOP
<br>
Processed 3320790 records successfully
<br>
INNER LOOP
<br>
Processed 3325790 records successfully
<br>
INNER LOOP
<br>
Processed 3330790 records successfully
<br>
INNER LOOP
<br>
Processed 3335790 records successfully
<br>
INNER LOOP
<br>
Processed 3340790 records successfully
<br>
INNER LOOP
<br>
Processed 3345790 records successfully
<br>
INNER LOOP
<br>
Processed 3350790 records successfully
<br>
INNER LOOP
<br>
Processed 3355790 records successfully
<br>
INNER LOOP
<br>
Processed 3360790 records successfully
<br>
INNER LOOP
<br>
Processed 3365790 records successfully
<br>
INNER LOOP
<br>
Processed 3370790 records successfully
<br>
INNER LOOP
<br>
Processed 3375790 records successfully
<br>
INNER LOOP
<br>
Processed 3380790 records successfully
<br>
INNER LOOP
<br>
Processed 3380906 records successfully
<br>
PARTITION-START-DATE : 22-NOV-15 END-DATE : 22-NOV-15
<br>
OUTER LOOP
<br>
INNER LOOP
<br>
Processed 3385906 records successfully
<br>
INNER LOOP
<br>
Processed 3390906 records successfully
<br>
INNER LOOP
<br>
Processed 3395906 records successfully
<br>
INNER LOOP
<br>
Processed 3400906 records successfully
<br>
INNER LOOP
<br>
Processed 3405906 records successfully
<br>
INNER LOOP
<br>
Processed 3410906 records successfully
<br>
INNER LOOP
<br>
Processed 3415906 records successfully
<br>
INNER LOOP
<br>
Processed 3420906 records successfully
<br>
INNER LOOP
<br>
Processed 3425906 records successfully
<br>
INNER LOOP
<br>
Processed 3430906 records successfully
<br>
INNER LOOP
<br>
Processed 3435906 records successfully
<br>
INNER LOOP
<br>
Processed 3440906 records successfully
<br>
INNER LOOP
<br>
Processed 3445906 records successfully
<br>
INNER LOOP
<br>
Processed 3450906 records successfully
<br>
INNER LOOP
<br>
Processed 3455906 records successfully
<br>
INNER LOOP
<br>
Processed 3460906 records successfully
<br>
INNER LOOP
<br>
Processed 3465906 records successfully
<br>
INNER LOOP
<br>
Processed 3470906 records successfully
<br>
INNER LOOP
<br>
Processed 3475906 records successfully
<br>
INNER LOOP
<br>
Processed 3480906 records successfully
<br>
INNER LOOP
<br>
Processed 3485906 records successfully
<br>
INNER LOOP
<br>
Processed 3490906 records successfully
<br>
INNER LOOP
<br>
Processed 3494294 records successfully
<br>
PARTITION-START-DATE : 22-NOV-15 END-DATE : 22-NOV-15
<br>
OUTER LOOP
<br>
INNER LOOP
<br>
Processed 3499294 records successfully
<br>
INNER LOOP
<br>
Processed 3504294 records successfully
<br>
INNER LOOP
<br>
Processed 3509294 records successfully
<br>
INNER LOOP
<br>
Processed 3514294 records successfully
<br>
INNER LOOP
<br>
Processed 3519294 records successfully
<br>
INNER LOOP
<br>
Processed 3524294 records successfully
<br>
INNER LOOP
<br>
Processed 3529294 records successfully
<br>
INNER LOOP
<br>
Processed 3534294 records successfully
<br>
INNER LOOP
<br>
Processed 3539294 records successfully
<br>
INNER LOOP
<br>
Processed 3544294 records successfully
<br>
INNER LOOP
<br>
Processed 3549294 records successfully
<br>
INNER LOOP
<br>
Processed 3554294 records successfully
<br>
INNER LOOP
<br>
Processed 3559294 records successfully
<br>
INNER LOOP
<br>
Processed 3564294 records successfully
<br>
INNER LOOP
<br>
Processed 3569294 records successfully
<br>
INNER LOOP
<br>
Processed 3574294 records successfully
<br>
INNER LOOP
<br>
Processed 3579294 records successfully
<br>
INNER LOOP
<br>
Processed 3584294 records successfully
<br>
INNER LOOP
<br>
Processed 3589294 records successfully
<br>
INNER LOOP
<br>
Processed 3594294 records successfully
<br>
INNER LOOP
<br>
Processed 3599294 records successfully
<br>
INNER LOOP
<br>
Processed 3603958 records successfully
<br>
PARTITION-START-DATE : 22-NOV-15 END-DATE : 22-NOV-15
<br>
OUTER LOOP
<br>
INNER LOOP
<br>
Processed 3608958 records successfully
<br>
INNER LOOP
<br>
Processed 3613958 records successfully
<br>
INNER LOOP
<br>
Processed 3618958 records successfully
<br>
INNER LOOP
<br>
Processed 3623958 records successfully
<br>
INNER LOOP
<br>
Processed 3628958 records successfully
<br>
INNER LOOP
<br>
Processed 3633958 records successfully
<br>
INNER LOOP
<br>
Processed 3638958 records successfully
<br>
INNER LOOP
<br>
Processed 3643958 records successfully
<br>
INNER LOOP
<br>
Processed 3648958 records successfully
<br>
INNER LOOP
<br>
Processed 3653958 records successfully
<br>
INNER LOOP
<br>
Processed 3658958 records successfully
<br>
INNER LOOP
<br>
Processed 3663958 records successfully
<br>
INNER LOOP
<br>
Processed 3668958 records successfully
<br>
INNER LOOP
<br>
Processed 3673958 records successfully
<br>
INNER LOOP
<br>
Processed 3678958 records successfully
<br>
INNER LOOP
<br>
Processed 3683958 records successfully
<br>
INNER LOOP
<br>
Processed 3688958 records successfully
<br>
INNER LOOP
<br>
Processed 3693958 records successfully
<br>
INNER LOOP
<br>
Processed 3698958 records successfully
<br>
INNER LOOP
<br>
Processed 3703958 records successfully
<br>
INNER LOOP
<br>
Processed 3708958 records successfully
<br>
INNER LOOP
<br>
Processed 3709981 records successfully
<br>
PARTITION-START-DATE : 22-NOV-15 END-DATE : 22-NOV-15
<br>
OUTER LOOP
<br>
INNER LOOP
<br>
Processed 3714981 records successfully
<br>
INNER LOOP
<br>
Processed 3719981 records successfully
<br>
INNER LOOP
<br>
Processed 3724981 records successfully
<br>
INNER LOOP
<br>
Processed 3729981 records successfully
<br>
INNER LOOP
<br>
Processed 3734981 records successfully
<br>
INNER LOOP
<br>
Processed 3739981 records successfully
<br>
INNER LOOP
<br>
Processed 3744981 records successfully
<br>
INNER LOOP
<br>
Processed 3749981 records successfully
<br>
INNER LOOP
<br>
Processed 3754981 records successfully
<br>
INNER LOOP
<br>
Processed 3759981 records successfully
<br>
INNER LOOP
<br>
Processed 3764981 records successfully
<br>
INNER LOOP
<br>
Processed 3769981 records successfully
<br>
INNER LOOP
<br>
Processed 3774981 records successfully
<br>
INNER LOOP
<br>
Processed 3779981 records successfully
<br>
INNER LOOP
<br>
Processed 3784981 records successfully
<br>
INNER LOOP
<br>
Processed 3789981 records successfully
<br>
INNER LOOP
<br>
Processed 3794981 records successfully
<br>
INNER LOOP
<br>
Processed 3799981 records successfully
<br>
INNER LOOP
<br>
Processed 3804981 records successfully
<br>
INNER LOOP
<br>
Processed 3809981 records successfully
<br>
INNER LOOP
<br>
Processed 3814981 records successfully
<br>
INNER LOOP
<br>
Processed 3819017 records successfully
<br>
PARTITION-START-DATE : 22-NOV-15 END-DATE : 22-NOV-15
<br>
OUTER LOOP
<br>
INNER LOOP
<br>
Processed 3824017 records successfully
<br>
INNER LOOP
<br>
Processed 3829017 records successfully
<br>
INNER LOOP
<br>
Processed 3834017 records successfully
<br>
INNER LOOP
<br>
Processed 3839017 records successfully
<br>
INNER LOOP
<br>
Processed 3844017 records successfully
<br>
INNER LOOP
<br>
Processed 3849017 records successfully
<br>
INNER LOOP
<br>
Processed 3854017 records successfully
<br>
INNER LOOP
<br>
Processed 3859017 records successfully
<br>
INNER LOOP
<br>
Processed 3864017 records successfully
<br>
INNER LOOP
<br>
Processed 3869017 records successfully
<br>
INNER LOOP
<br>
Processed 3874017 records successfully
<br>
INNER LOOP
<br>
Processed 3879017 records successfully
<br>
INNER LOOP
<br>
Processed 3884017 records successfully
<br>
INNER LOOP
<br>
Processed 3889017 records successfully
<br>
INNER LOOP
<br>
Processed 3894017 records successfully
<br>
INNER LOOP
<br>
Processed 3899017 records successfully
<br>
INNER LOOP
<br>
Processed 3904017 records successfully
<br>
INNER LOOP
<br>
Processed 3909017 records successfully
<br>
INNER LOOP
<br>
Processed 3914017 records successfully
<br>
INNER LOOP
<br>
Processed 3919017 records successfully
<br>
INNER LOOP
<br>
Processed 3924017 records successfully
<br>
INNER LOOP
<br>
Processed 3929017 records successfully
<br>
INNER LOOP
<br>
Processed 3934017 records successfully
<br>
INNER LOOP
<br>
Processed 3939017 records successfully
<br>
INNER LOOP
<br>
Processed 3944017 records successfully
<br>
INNER LOOP
<br>
Processed 3946719 records successfully
<br>
PARTITION-START-DATE : 22-NOV-15 END-DATE : 22-NOV-15
<br>
OUTER LOOP
<br>
INNER LOOP
<br>
Processed 3951719 records successfully
<br>
INNER LOOP
<br>
Processed 3956719 records successfully
<br>
INNER LOOP
<br>
Processed 3961719 records successfully
<br>
INNER LOOP
<br>
Processed 3966719 records successfully
<br>
INNER LOOP
<br>
Processed 3971719 records successfully
<br>
INNER LOOP
<br>
Processed 3976719 records successfully
<br>
INNER LOOP
<br>
Processed 3981719 records successfully
<br>
INNER LOOP
<br>
Processed 3986719 records successfully
<br>
INNER LOOP
<br>
Processed 3991719 records successfully
<br>
INNER LOOP
<br>
Processed 3996719 records successfully
<br>
INNER LOOP
<br>
Processed 4001719 records successfully
<br>
INNER LOOP
<br>
Processed 4006719 records successfully
<br>
INNER LOOP
<br>
Processed 4011719 records successfully
<br>
INNER LOOP
<br>
Processed 4016719 records successfully
<br>
INNER LOOP
<br>
Processed 4021719 records successfully
<br>
INNER LOOP
<br>
Processed 4026719 records successfully
<br>
INNER LOOP
<br>
Processed 4031719 records successfully
<br>
INNER LOOP
<br>
Processed 4036719 records successfully
<br>
INNER LOOP
<br>
Processed 4041719 records successfully
<br>
INNER LOOP
<br>
Processed 4046719 records successfully
<br>
INNER LOOP
<br>
Processed 4051719 records successfully
<br>
INNER LOOP
<br>
Processed 4056719 records successfully
<br>
INNER LOOP
<br>
Processed 4059548 records successfully
<br>
PARTITION-START-DATE : 22-NOV-15 END-DATE : 22-NOV-15
<br>
OUTER LOOP
<br>
INNER LOOP
<br>
Processed 4064548 records successfully
<br>
INNER LOOP
<br>
Processed 4069548 records successfully
<br>
INNER LOOP
<br>
Processed 4074548 records successfully
<br>
INNER LOOP
<br>
Processed 4079548 records successfully
<br>
INNER LOOP
<br>
Processed 4084548 records successfully
<br>
INNER LOOP
<br>
Processed 4089548 records successfully
<br>
INNER LOOP
<br>
Processed 4094548 records successfully
<br>
INNER LOOP
<br>
Processed 4099548 records successfully
<br>
INNER LOOP
<br>
Processed 4104548 records successfully
<br>
INNER LOOP
<br>
Processed 4109548 records successfully
<br>
INNER LOOP
<br>
Processed 4114548 records successfully
<br>
INNER LOOP
<br>
Processed 4119548 records successfully
<br>
INNER LOOP
<br>
Processed 4124548 records successfully
<br>
INNER LOOP
<br>
Processed 4129548 records successfully
<br>
INNER LOOP
<br>
Processed 4134548 records successfully
<br>
INNER LOOP
<br>
Processed 4139548 records successfully
<br>
INNER LOOP
<br>
Processed 4144548 records successfully
<br>
INNER LOOP
<br>
Processed 4149548 records successfully
<br>
INNER LOOP
<br>
Processed 4154548 records successfully
<br>
INNER LOOP
<br>
Processed 4159548 records successfully
<br>
INNER LOOP
<br>
Processed 4164548 records successfully
<br>
INNER LOOP
<br>
Processed 4166388 records successfully
<br>
PARTITION-START-DATE : 22-NOV-15 END-DATE : 22-NOV-15
<br>
OUTER LOOP
<br>
INNER LOOP
<br>
Processed 4171388 records successfully
<br>
INNER LOOP
<br>
Processed 4176388 records successfully
<br>
INNER LOOP
<br>
Processed 4181388 records successfully
<br>
INNER LOOP
<br>
Processed 4186388 records successfully
<br>
INNER LOOP
<br>
Processed 4191388 records successfully
<br>
INNER LOOP
<br>
Processed 4196388 records successfully
<br>
INNER LOOP
<br>
Processed 4201388 records successfully
<br>
INNER LOOP
<br>
Processed 4206388 records successfully
<br>
INNER LOOP
<br>
Processed 4211388 records successfully
<br>
INNER LOOP
<br>
Processed 4216388 records successfully
<br>
INNER LOOP
<br>
Processed 4221388 records successfully
<br>
INNER LOOP
<br>
Processed 4226388 records successfully
<br>
INNER LOOP
<br>
Processed 4231388 records successfully
<br>
INNER LOOP
<br>
Processed 4236388 records successfully
<br>
INNER LOOP
<br>
Processed 4241388 records successfully
<br>
INNER LOOP
<br>
Processed 4246388 records successfully
<br>
INNER LOOP
<br>
Processed 4251388 records successfully
<br>
INNER LOOP
<br>
Processed 4256388 records successfully
<br>
INNER LOOP
<br>
Processed 4261388 records successfully
<br>
INNER LOOP
<br>
Processed 4263694 records successfully
<br>
PARTITION-START-DATE : 22-NOV-15 END-DATE : 22-NOV-15
<br>
OUTER LOOP
<br>
INNER LOOP
<br>
Processed 4268694 records successfully
<br>
INNER LOOP
<br>
Processed 4273694 records successfully
<br>
INNER LOOP
<br>
Processed 4278694 records successfully
<br>
INNER LOOP
<br>
Processed 4283694 records successfully
<br>
INNER LOOP
<br>
Processed 4288694 records successfully
<br>
INNER LOOP
<br>
Processed 4293694 records successfully
<br>
INNER LOOP
<br>
Processed 4298694 records successfully
<br>
INNER LOOP
<br>
Processed 4303694 records successfully
<br>
INNER LOOP
<br>
Processed 4308694 records successfully
<br>
INNER LOOP
<br>
Processed 4313694 records successfully
<br>
INNER LOOP
<br>
Processed 4318694 records successfully
<br>
INNER LOOP
<br>
Processed 4323694 records successfully
<br>
INNER LOOP
<br>
Processed 4328694 records successfully
<br>
INNER LOOP
<br>
Processed 4333694 records successfully
<br>
INNER LOOP
<br>
Processed 4338694 records successfully
<br>
INNER LOOP
<br>
Processed 4343694 records successfully
<br>
INNER LOOP
<br>
Processed 4348694 records successfully
<br>
INNER LOOP
<br>
Processed 4353694 records successfully
<br>
INNER LOOP
<br>
Processed 4353803 records successfully
<br>
PARTITION-START-DATE : 22-NOV-15 END-DATE : 22-NOV-15
<br>
OUTER LOOP
<br>
INNER LOOP
<br>
Processed 4358803 records successfully
<br>
INNER LOOP
<br>
Processed 4363803 records successfully
<br>
INNER LOOP
<br>
Processed 4368803 records successfully
<br>
INNER LOOP
<br>
Processed 4373803 records successfully
<br>
INNER LOOP
<br>
Processed 4378803 records successfully
<br>
INNER LOOP
<br>
Processed 4383803 records successfully
<br>
INNER LOOP
<br>
Processed 4388803 records successfully
<br>
INNER LOOP
<br>
Processed 4393803 records successfully
<br>
INNER LOOP
<br>
Processed 4398803 records successfully
<br>
INNER LOOP
<br>
Processed 4403803 records successfully
<br>
INNER LOOP
<br>
Processed 4408803 records successfully
<br>
INNER LOOP
<br>
Processed 4413803 records successfully
<br>
INNER LOOP
<br>
Processed 4418803 records successfully
<br>
INNER LOOP
<br>
Processed 4423803 records successfully
<br>
INNER LOOP
<br>
Processed 4428803 records successfully
<br>
INNER LOOP
<br>
Processed 4433803 records successfully
<br>
INNER LOOP
<br>
Processed 4438803 records successfully
<br>
INNER LOOP
<br>
Processed 4442132 records successfully
<br>
PARTITION-START-DATE : 22-NOV-15 END-DATE : 22-NOV-15
<br>
OUTER LOOP
<br>
INNER LOOP
<br>
Processed 4447132 records successfully
<br>
INNER LOOP
<br>
Processed 4452132 records successfully
<br>
INNER LOOP
<br>
Processed 4457132 records successfully
<br>
INNER LOOP
<br>
Processed 4462132 records successfully
<br>
INNER LOOP
<br>
Processed 4467132 records successfully
<br>
INNER LOOP
<br>
Processed 4472132 records successfully
<br>
INNER LOOP
<br>
Processed 4477132 records successfully
<br>
INNER LOOP
<br>
Processed 4482132 records successfully
<br>
INNER LOOP
<br>
Processed 4487132 records successfully
<br>
INNER LOOP
<br>
Processed 4492132 records successfully
<br>
INNER LOOP
<br>
Processed 4497132 records successfully
<br>
INNER LOOP
<br>
Processed 4502132 records successfully
<br>
INNER LOOP
<br>
Processed 4507132 records successfully
<br>
INNER LOOP
<br>
Processed 4512132 records successfully
<br>
INNER LOOP
<br>
Processed 4513573 records successfully
<br>
PARTITION-START-DATE : 22-NOV-15 END-DATE : 22-NOV-15
<br>
OUTER LOOP
<br>
INNER LOOP
<br>
Processed 4518573 records successfully
<br>
INNER LOOP
<br>
Processed 4523573 records successfully
<br>
INNER LOOP
<br>
Processed 4528573 records successfully
<br>
INNER LOOP
<br>
Processed 4533573 records successfully
<br>
INNER LOOP
<br>
Processed 4538573 records successfully
<br>
INNER LOOP
<br>
Processed 4543573 records successfully
<br>
INNER LOOP
<br>
Processed 4548573 records successfully
<br>
INNER LOOP
<br>
Processed 4553573 records successfully
<br>
INNER LOOP
<br>
Processed 4558573 records successfully
<br>
INNER LOOP
<br>
Processed 4563573 records successfully
<br>
INNER LOOP
<br>
Processed 4568573 records successfully
<br>
INNER LOOP
<br>
Processed 4573573 records successfully
<br>
INNER LOOP
<br>
Processed 4575008 records successfully
<br>
PARTITION-START-DATE : 22-NOV-15 END-DATE : 22-NOV-15
<br>
OUTER LOOP
<br>
INNER LOOP
<br>
Processed 4580008 records successfully
<br>
INNER LOOP
<br>
Processed 4585008 records successfully
<br>
INNER LOOP
<br>
Processed 4590008 records successfully
<br>
INNER LOOP
<br>
Processed 4595008 records successfully
<br>
INNER LOOP
<br>
Processed 4600008 records successfully
<br>
INNER LOOP
<br>
Processed 4605008 records successfully
<br>
INNER LOOP
<br>
Processed 4610008 records successfully
<br>
INNER LOOP
<br>
Processed 4615008 records successfully
<br>
INNER LOOP
<br>
Processed 4620008 records successfully
<br>
INNER LOOP
<br>
Processed 4620224 records successfully
<br>
PARTITION-START-DATE : 22-NOV-15 END-DATE : 22-NOV-15
<br>
OUTER LOOP
<br>
INNER LOOP
<br>
Processed 4625224 records successfully
<br>
INNER LOOP
<br>
Processed 4630224 records successfully
<br>
INNER LOOP
<br>
Processed 4635224 records successfully
<br>
INNER LOOP
<br>
Processed 4640224 records successfully
<br>
INNER LOOP
<br>
Processed 4645224 records successfully
<br>
INNER LOOP
<br>
Processed 4650224 records successfully
<br>
INNER LOOP
<br>
Processed 4655224 records successfully
<br>
INNER LOOP
<br>
Processed 4660224 records successfully
<br>
INNER LOOP
<br>
Processed 4663444 records successfully
<br>
PARTITION-START-DATE : 22-NOV-15 END-DATE : 22-NOV-15
<br>
OUTER LOOP
<br>
INNER LOOP
<br>
Processed 4668444 records successfully
<br>
INNER LOOP
<br>
Processed 4673444 records successfully
<br>
INNER LOOP
<br>
Processed 4678444 records successfully
<br>
INNER LOOP
<br>
Processed 4683444 records successfully
<br>
INNER LOOP
<br>
Processed 4688444 records successfully
<br>
INNER LOOP
<br>
Processed 4693444 records successfully
<br>
INNER LOOP
<br>
Processed 4698444 records successfully
<br>
INNER LOOP
<br>
Processed 4701396 records successfully
<br>
PARTITION-START-DATE : 22-NOV-15 END-DATE : 22-NOV-15
<br>
OUTER LOOP
<br>
INNER LOOP
<br>
Processed 4706396 records successfully
<br>
INNER LOOP
<br>
Processed 4711396 records successfully
<br>
INNER LOOP
<br>
Processed 4716396 records successfully
<br>
INNER LOOP
<br>
Processed 4721396 records successfully
<br>
INNER LOOP
<br>
Processed 4726227 records successfully
<br>
PARTITION-START-DATE : 22-NOV-15 END-DATE : 22-NOV-15
<br>
OUTER LOOP
<br>
INNER LOOP
<br>
Processed 4731227 records successfully
<br>
INNER LOOP
<br>
Processed 4736227 records successfully
<br>
INNER LOOP
<br>
Processed 4741227 records successfully
<br>
INNER LOOP
<br>
Processed 4746227 records successfully
<br>
INNER LOOP
<br>
Processed 4751227 records successfully
<br>
INNER LOOP
<br>
Processed 4752081 records successfully
<br>
PARTITION-START-DATE : 22-NOV-15 END-DATE : 22-NOV-15
<br>
OUTER LOOP
<br>
INNER LOOP
<br>
Processed 4757081 records successfully
<br>
INNER LOOP
<br>
Processed 4762081 records successfully
<br>
INNER LOOP
<br>
Processed 4767081 records successfully
<br>
INNER LOOP
<br>
Processed 4772081 records successfully
<br>
INNER LOOP
<br>
Processed 4772645 records successfully
<br>
PARTITION-START-DATE : 22-NOV-15 END-DATE : 22-NOV-15
<br>
OUTER LOOP
<br>
INNER LOOP
<br>
Processed 4777645 records successfully
<br>
INNER LOOP
<br>
Processed 4782645 records successfully
<br>
INNER LOOP
<br>
Processed 4785007 records successfully
<br>
PARTITION-START-DATE : 22-NOV-15 END-DATE : 22-NOV-15
<br>
OUTER LOOP
<br>
INNER LOOP
<br>
Processed 4790007 records successfully
<br>
INNER LOOP
<br>
Processed 4795007 records successfully
<br>
INNER LOOP
<br>
Processed 4798587 records successfully
<br>
PARTITION-START-DATE : 22-NOV-15 END-DATE : 22-NOV-15
<br>
OUTER LOOP
<br>
INNER LOOP
<br>
Processed 4803587 records successfully
<br>
INNER LOOP
<br>
Processed 4808260 records successfully
<br>
PARTITION-START-DATE : 22-NOV-15 END-DATE : 22-NOV-15
<br>
OUTER LOOP
<br>
INNER LOOP
<br>
Processed 4813248 records successfully
<br>
PARTITION-START-DATE : 22-NOV-15 END-DATE : 22-NOV-15
<br>
OUTER LOOP
<br>
INNER LOOP
<br>
Processed 4818248 records successfully
<br>
INNER LOOP
<br>
Processed 4819851 records successfully
<br>
PARTITION-START-DATE : 22-NOV-15 END-DATE : 22-NOV-15
<br>
OUTER LOOP
<br>
INNER LOOP
<br>
Processed 4822753 records successfully
<br>
PARTITION-START-DATE : 22-NOV-15 END-DATE : 22-NOV-15
<br>
OUTER LOOP
<br>
INNER LOOP
<br>
Processed 4825033 records successfully
<br>
PARTITION-START-DATE : 22-NOV-15 END-DATE : 22-NOV-15
<br>
OUTER LOOP
<br>
INNER LOOP
<br>
Processed 4826009 records successfully
<br>
PARTITION-START-DATE : 22-NOV-15 END-DATE : 22-NOV-15
<br>
OUTER LOOP
<br>
INNER LOOP
<br>
Processed 4827743 records successfully
<br>
PARTITION-START-DATE : 22-NOV-15 END-DATE : 22-NOV-15
<br>
OUTER LOOP
<br>
INNER LOOP
<br>
Processed 4828720 records successfully
<br>
PARTITION-START-DATE : 22-NOV-15 END-DATE : 22-NOV-15
<br>
OUTER LOOP
<br>
INNER LOOP
<br>
Processed 4829953 records successfully
<br>
PARTITION-START-DATE : 22-NOV-15 END-DATE : 22-NOV-15
<br>
OUTER LOOP
<br>
INNER LOOP
<br>
Processed 4831783 records successfully
<br>
PARTITION-START-DATE : 22-NOV-15 END-DATE : 22-NOV-15
<br>
OUTER LOOP
<br>
INNER LOOP
<br>
Processed 4832546 records successfully
<br>
PARTITION-START-DATE : 22-NOV-15 END-DATE : 22-NOV-15
<br>
OUTER LOOP
<br>
INNER LOOP
<br>
Processed 4834113 records successfully
<br>
PARTITION-START-DATE : 22-NOV-15 END-DATE : 22-NOV-15
<br>
OUTER LOOP
<br>
INNER LOOP
<br>
Processed 4834522 records successfully
<br>
PARTITION-START-DATE : 22-NOV-15 END-DATE : 22-NOV-15
<br>
OUTER LOOP
<br>
INNER LOOP
<br>
Processed 4835463 records successfully
<br>
PARTITION-START-DATE : 22-NOV-15 END-DATE : 22-NOV-15
<br>
OUTER LOOP
<br>
INNER LOOP
<br>
Processed 4836521 records successfully
<br>
PARTITION-START-DATE : 22-NOV-15 END-DATE : 22-NOV-15
<br>
OUTER LOOP
<br>
INNER LOOP
<br>
Processed 4836997 records successfully
<br>
PARTITION-START-DATE : 22-NOV-15 END-DATE : 22-NOV-15
<br>
OUTER LOOP
<br>
INNER LOOP
<br>
Processed 4837079 records successfully
<br>
PARTITION-START-DATE : 22-NOV-15 END-DATE : 22-NOV-15
<br>
OUTER LOOP
<br>
INNER LOOP
<br>
Processed 4838035 records successfully
<br>
PARTITION-START-DATE : 22-NOV-15 END-DATE : 22-NOV-15
<br>
OUTER LOOP
<br>
INNER LOOP
<br>
Processed 4838472 records successfully
<br>
PARTITION-START-DATE : 22-NOV-15 END-DATE : 22-NOV-15
<br>
OUTER LOOP
<br>
INNER LOOP
<br>
Processed 4840559 records successfully
<br>
PARTITION-START-DATE : 22-NOV-15 END-DATE : 22-NOV-15
<br>
OUTER LOOP
<br>
INNER LOOP
<br>
Processed 4841182 records successfully
<br>
PARTITION-START-DATE : 22-NOV-15 END-DATE : 22-NOV-15
<br>
OUTER LOOP
<br>
INNER LOOP
<br>
Processed 4841729 records successfully
<br>
PARTITION-START-DATE : 22-NOV-15 END-DATE : 22-NOV-15
<br>
OUTER LOOP
<br>
INNER LOOP
<br>
Processed 4843614 records successfully
<br>
PARTITION-START-DATE : 22-NOV-15 END-DATE : 22-NOV-15
<br>
OUTER LOOP
<br>
INNER LOOP
<br>
Processed 4845078 records successfully
<br>
PARTITION-START-DATE : 22-NOV-15 END-DATE : 22-NOV-15
<br>
OUTER LOOP
<br>
INNER LOOP
<br>
Processed 4847469 records successfully
<br>
PARTITION-START-DATE : 22-NOV-15 END-DATE : 22-NOV-15
<br>
OUTER LOOP
<br>
INNER LOOP
<br>
Processed 4849787 records successfully
<br>
PARTITION-START-DATE : 22-NOV-15 END-DATE : 22-NOV-15
<br>
OUTER LOOP
<br>
INNER LOOP
<br>
Processed 4854538 records successfully
<br>
PARTITION-START-DATE : 22-NOV-15 END-DATE : 22-NOV-15
<br>
OUTER LOOP
<br>
INNER LOOP
<br>
Processed 4859256 records successfully
<br>
PARTITION-START-DATE : 22-NOV-15 END-DATE : 22-NOV-15
<br>
OUTER LOOP
<br>
INNER LOOP
<br>
Processed 4863755 records successfully
<br>
PARTITION-START-DATE : 22-NOV-15 END-DATE : 22-NOV-15
<br>
OUTER LOOP
<br>
INNER LOOP
<br>
Processed 4868755 records successfully
<br>
INNER LOOP
<br>
Processed 4869083 records successfully
<br>
PARTITION-START-DATE : 22-NOV-15 END-DATE : 22-NOV-15
<br>
OUTER LOOP
<br>
INNER LOOP
<br>
Processed 4873586 records successfully
<br>
PARTITION-START-DATE : 22-NOV-15 END-DATE : 22-NOV-15
<br>
OUTER LOOP
<br>
INNER LOOP
<br>
Processed 4878586 records successfully
<br>
INNER LOOP
<br>
Processed 4878998 records successfully
<br>
PARTITION-START-DATE : 22-NOV-15 END-DATE : 22-NOV-15
<br>
OUTER LOOP
<br>
INNER LOOP
<br>
Processed 4882867 records successfully
<br>
PARTITION-START-DATE : 22-NOV-15 END-DATE : 22-NOV-15
<br>
OUTER LOOP
<br>
INNER LOOP
<br>
Processed 4887852 records successfully
<br>
PARTITION-START-DATE : 22-NOV-15 END-DATE : 22-NOV-15
<br>
OUTER LOOP
<br>
INNER LOOP
<br>
Processed 4892852 records successfully
<br>
INNER LOOP
<br>
Processed 4893706 records successfully
<br>
PARTITION-START-DATE : 22-NOV-15 END-DATE : 22-NOV-15
<br>
OUTER LOOP
<br>
INNER LOOP
<br>
Processed 4898706 records successfully
<br>
INNER LOOP
<br>
Processed 4899592 records successfully
<br>
PARTITION-START-DATE : 22-NOV-15 END-DATE : 22-NOV-15
<br>
OUTER LOOP
<br>
INNER LOOP
<br>
Processed 4904592 records successfully
<br>
INNER LOOP
<br>
Processed 4907167 records successfully
<br>
PARTITION-START-DATE : 22-NOV-15 END-DATE : 22-NOV-15
<br>
OUTER LOOP
<br>
INNER LOOP
<br>
Processed 4912167 records successfully
<br>
INNER LOOP
<br>
Processed 4916963 records successfully
<br>
PARTITION-START-DATE : 22-NOV-15 END-DATE : 22-NOV-15
<br>
OUTER LOOP
<br>
INNER LOOP
<br>
Processed 4921963 records successfully
<br>
INNER LOOP
<br>
Processed 4924597 records successfully
<br>
PARTITION-START-DATE : 22-NOV-15 END-DATE : 22-NOV-15
<br>
OUTER LOOP
<br>
INNER LOOP
<br>
Processed 4929597 records successfully
<br>
INNER LOOP
<br>
Processed 4932390 records successfully
<br>
PARTITION-START-DATE : 22-NOV-15 END-DATE : 22-NOV-15
<br>
OUTER LOOP
<br>
INNER LOOP
<br>
Processed 4937390 records successfully
<br>
INNER LOOP
<br>
Processed 4942136 records successfully
<br>
PARTITION-START-DATE : 22-NOV-15 END-DATE : 22-NOV-15
<br>
OUTER LOOP
<br>
INNER LOOP
<br>
Processed 4947136 records successfully
<br>
INNER LOOP
<br>
Processed 4952136 records successfully
<br>
INNER LOOP
<br>
Processed 4954205 records successfully
<br>
PARTITION-START-DATE : 22-NOV-15 END-DATE : 22-NOV-15
<br>
OUTER LOOP
<br>
INNER LOOP
<br>
Processed 4959205 records successfully
<br>
INNER LOOP
<br>
Processed 4964205 records successfully
<br>
INNER LOOP
<br>
Processed 4967477 records successfully
<br>
PARTITION-START-DATE : 22-NOV-15 END-DATE : 22-NOV-15
<br>
OUTER LOOP
<br>
INNER LOOP
<br>
Processed 4972477 records successfully
<br>
INNER LOOP
<br>
Processed 4977477 records successfully
<br>
INNER LOOP
<br>
Processed 4982247 records successfully
<br>
PARTITION-START-DATE : 22-NOV-15 END-DATE : 22-NOV-15
<br>
OUTER LOOP
<br>
INNER LOOP
<br>
Processed 4987247 records successfully
<br>
INNER LOOP
<br>
Processed 4992247 records successfully
<br>
INNER LOOP
<br>
Processed 4997247 records successfully
<br>
INNER LOOP
<br>
Processed 4997297 records successfully
<br>
PARTITION-START-DATE : 22-NOV-15 END-DATE : 22-NOV-15
<br>
OUTER LOOP
<br>
INNER LOOP
<br>
Processed 5002297 records successfully
<br>
INNER LOOP
<br>
Processed 5007297 records successfully
<br>
INNER LOOP
<br>
Processed 5012297 records successfully
<br>
INNER LOOP
<br>
Processed 5017297 records successfully
<br>
INNER LOOP
<br>
Processed 5022297 records successfully
<br>
INNER LOOP
<br>
Processed 5023333 records successfully
<br>
PARTITION-START-DATE : 22-NOV-15 END-DATE : 22-NOV-15
<br>
OUTER LOOP
<br>
INNER LOOP
<br>
Processed 5028333 records successfully
<br>
INNER LOOP
<br>
Processed 5033333 records successfully
<br>
INNER LOOP
<br>
Processed 5038333 records successfully
<br>
INNER LOOP
<br>
Processed 5043333 records successfully
<br>
INNER LOOP
<br>
Processed 5048333 records successfully
<br>
INNER LOOP
<br>
Processed 5053333 records successfully
<br>
INNER LOOP
<br>
Processed 5054364 records successfully
<br>
PARTITION-START-DATE : 22-NOV-15 END-DATE : 22-NOV-15
<br>
OUTER LOOP
<br>
INNER LOOP
<br>
Processed 5059364 records successfully
<br>
INNER LOOP
<br>
Processed 5064364 records successfully
<br>
INNER LOOP
<br>
Processed 5069364 records successfully
<br>
INNER LOOP
<br>
Processed 5074364 records successfully
<br>
INNER LOOP
<br>
Processed 5079364 records successfully
<br>
INNER LOOP
<br>
Processed 5082243 records successfully
<br>
PARTITION-START-DATE : 22-NOV-15 END-DATE : 22-NOV-15
<br>
OUTER LOOP
<br>
INNER LOOP
<br>
Processed 5087243 records successfully
<br>
INNER LOOP
<br>
Processed 5092243 records successfully
<br>
INNER LOOP
<br>
Processed 5097243 records successfully
<br>
INNER LOOP
<br>
Processed 5102243 records successfully
<br>
INNER LOOP
<br>
Processed 5107243 records successfully
<br>
INNER LOOP
<br>
Processed 5112243 records successfully
<br>
INNER LOOP
<br>
Processed 5114752 records successfully
<br>
PARTITION-START-DATE : 22-NOV-14 END-DATE : 22-NOV-15
<br>
OUTER LOOP
<br>
INNER LOOP
<br>
Processed 5114752 records successfully
<br>
PARTITION-START-DATE : 22-NOV-14 END-DATE : 22-NOV-14
<br>
OUTER LOOP
<br>
INNER LOOP
<br>
Processed 5114752 records successfully
<br>
PARTITION-START-DATE : 22-NOV-14 END-DATE : 22-NOV-14
<br>
OUTER LOOP
<br>
INNER LOOP
<br>
Processed 5114752 records successfully
<br>
PARTITION-START-DATE : 22-NOV-14 END-DATE : 22-NOV-14
<br>
OUTER LOOP
<br>
INNER LOOP
<br>
Processed 5114752 records successfully
<br>
PARTITION-START-DATE : 22-NOV-14 END-DATE : 22-NOV-14
<br>
OUTER LOOP
<br>
INNER LOOP
<br>
Processed 5114752 records successfully
<br>
PARTITION-START-DATE : 22-NOV-14 END-DATE : 22-NOV-14
<br>
OUTER LOOP
<br>
INNER LOOP
<br>
Processed 5114752 records successfully
<br>
PARTITION-START-DATE : 22-NOV-14 END-DATE : 22-NOV-14
<br>
OUTER LOOP
<br>
INNER LOOP
<br>
Processed 5114752 records successfully
<br>
PARTITION-START-DATE : 22-NOV-14 END-DATE : 22-NOV-14
<br>
OUTER LOOP
<br>
INNER LOOP
<br>
Processed 5114752 records successfully
<br>
PARTITION-START-DATE : 22-NOV-14 END-DATE : 22-NOV-14
<br>
OUTER LOOP
<br>
INNER LOOP
<br>
Processed 5114752 records successfully
<br>
PARTITION-START-DATE : 22-NOV-14 END-DATE : 22-NOV-14
<br>
OUTER LOOP
<br>
INNER LOOP
<br>
Processed 5114752 records successfully
<br>
PARTITION-START-DATE : 22-NOV-14 END-DATE : 22-NOV-14
<br>
OUTER LOOP
<br>
INNER LOOP
<br>
Processed 5114752 records successfully
<br>
PARTITION-START-DATE : 22-NOV-14 END-DATE : 22-NOV-14
<br>
OUTER LOOP
<br>
INNER LOOP
<br>
Processed 5114752 records successfully
<br>
PARTITION-START-DATE : 22-NOV-14 END-DATE : 22-NOV-14
<br>
OUTER LOOP
<br>
INNER LOOP
<br>
Processed 5114752 records successfully
<br>
PARTITION-START-DATE : 22-NOV-14 END-DATE : 22-NOV-14
<br>
OUTER LOOP
<br>
INNER LOOP
<br>
Processed 5114752 records successfully
<br>
PARTITION-START-DATE : 22-NOV-14 END-DATE : 22-NOV-14
<br>
OUTER LOOP
<br>
INNER LOOP
<br>
Processed 5114752 records successfully
<br>
PARTITION-START-DATE : 22-NOV-14 END-DATE : 22-NOV-14
<br>
OUTER LOOP
<br>
INNER LOOP
<br>
Processed 5114752 records successfully
<br>
PARTITION-START-DATE : 22-NOV-14 END-DATE : 22-NOV-14
<br>
OUTER LOOP
<br>
INNER LOOP
<br>
Processed 5114752 records successfully
<br>
PARTITION-START-DATE : 22-NOV-14 END-DATE : 22-NOV-14
<br>
OUTER LOOP
<br>
INNER LOOP
<br>
Processed 5114752 records successfully
<br>
PARTITION-START-DATE : 22-NOV-14 END-DATE : 22-NOV-14
<br>
OUTER LOOP
<br>
INNER LOOP
<br>
Processed 5114752 records successfully
<br>
PARTITION-START-DATE : 22-NOV-14 END-DATE : 22-NOV-14
<br>
OUTER LOOP
<br>
INNER LOOP
<br>
Processed 5114752 records successfully
<br>
PARTITION-START-DATE : 22-NOV-14 END-DATE : 22-NOV-14
<br>
OUTER LOOP
<br>
INNER LOOP
<br>
Processed 5114752 records successfully
<br>
PARTITION-START-DATE : 22-NOV-14 END-DATE : 22-NOV-14
<br>
OUTER LOOP
<br>
INNER LOOP
<br>
Processed 5114752 records successfully
<br>
PARTITION-START-DATE : 22-NOV-14 END-DATE : 22-NOV-14
<br>
OUTER LOOP
<br>
INNER LOOP
<br>
Processed 5114752 records successfully
<br>
PARTITION-START-DATE : 22-NOV-14 END-DATE : 22-NOV-14
<br>
OUTER LOOP
<br>
INNER LOOP
<br>
Processed 5114752 records successfully
<br>
PARTITION-START-DATE : 22-NOV-14 END-DATE : 22-NOV-14
<br>
OUTER LOOP
<br>
INNER LOOP
<br>
Processed 5114752 records successfully
<br>
PARTITION-START-DATE : 22-NOV-14 END-DATE : 22-NOV-14
<br>
OUTER LOOP
<br>
INNER LOOP
<br>
Processed 5114752 records successfully
<br>
PARTITION-START-DATE : 22-NOV-14 END-DATE : 22-NOV-14
<br>
OUTER LOOP
<br>
INNER LOOP
<br>
Processed 5114752 records successfully
<br>
PARTITION-START-DATE : 22-NOV-14 END-DATE : 22-NOV-14
<br>
OUTER LOOP
<br>
INNER LOOP
<br>
Processed 5114752 records successfully
<br>
PARTITION-START-DATE : 22-NOV-14 END-DATE : 22-NOV-14
<br>
OUTER LOOP
<br>
INNER LOOP
<br>
Processed 5114752 records successfully
<br>
PARTITION-START-DATE : 22-NOV-14 END-DATE : 22-NOV-14
<br>
OUTER LOOP
<br>
INNER LOOP
<br>
Processed 5114752 records successfully
<br>
PARTITION-START-DATE : 22-NOV-14 END-DATE : 22-NOV-14
<br>
OUTER LOOP
<br>
INNER LOOP
<br>
Processed 5114752 records successfully
<br>
PARTITION-START-DATE : 22-NOV-14 END-DATE : 22-NOV-14
<br>
OUTER LOOP
<br>
INNER LOOP
<br>
Processed 5114752 records successfully
<br>
PARTITION-START-DATE : 22-NOV-14 END-DATE : 22-NOV-14
<br>
OUTER LOOP
<br>
INNER LOOP
<br>
Processed 5114752 records successfully
<br>
PARTITION-START-DATE : 22-NOV-14 END-DATE : 22-NOV-14
<br>
OUTER LOOP
<br>
INNER LOOP
<br>
Processed 5114752 records successfully
<br>
PARTITION-START-DATE : 22-NOV-14 END-DATE : 22-NOV-14
<br>
OUTER LOOP
<br>
INNER LOOP
<br>
Processed 5114752 records successfully
<br>
PARTITION-START-DATE : 22-NOV-14 END-DATE : 22-NOV-14
<br>
OUTER LOOP
<br>
INNER LOOP
<br>
Processed 5114752 records successfully
<br>
PARTITION-START-DATE : 22-NOV-14 END-DATE : 22-NOV-14
<br>
OUTER LOOP
<br>
INNER LOOP
<br>
Processed 5114752 records successfully
<br>
PARTITION-START-DATE : 22-NOV-14 END-DATE : 22-NOV-14
<br>
OUTER LOOP
<br>
INNER LOOP
<br>
Processed 5114752 records successfully
<br>
PARTITION-START-DATE : 22-NOV-14 END-DATE : 22-NOV-14
<br>
OUTER LOOP
<br>
INNER LOOP
<br>
Processed 5114752 records successfully
<br>
PARTITION-START-DATE : 22-NOV-14 END-DATE : 22-NOV-14
<br>
OUTER LOOP
<br>
INNER LOOP
<br>
Processed 5114752 records successfully
<br>
PARTITION-START-DATE : 22-NOV-14 END-DATE : 22-NOV-14
<br>
OUTER LOOP
<br>
INNER LOOP
<br>
Processed 5114752 records successfully
<br>
PARTITION-START-DATE : 22-NOV-14 END-DATE : 22-NOV-14
<br>
OUTER LOOP
<br>
INNER LOOP
<br>
Processed 5114752 records successfully
<br>
PARTITION-START-DATE : 22-NOV-14 END-DATE : 22-NOV-14
<br>
OUTER LOOP
<br>
INNER LOOP
<br>
Processed 5114752 records successfully
<br>
PARTITION-START-DATE : 22-NOV-14 END-DATE : 22-NOV-14
<br>
OUTER LOOP
<br>
INNER LOOP
<br>
Processed 5114752 records successfully
<br>
PARTITION-START-DATE : 22-NOV-14 END-DATE : 22-NOV-14
<br>
OUTER LOOP
<br>
INNER LOOP
<br>
Processed 5114752 records successfully
<br>
PARTITION-START-DATE : 22-NOV-14 END-DATE : 22-NOV-14
<br>
OUTER LOOP
<br>
INNER LOOP
<br>
Processed 5114752 records successfully
<br>
PARTITION-START-DATE : 22-NOV-14 END-DATE : 22-NOV-14
<br>
OUTER LOOP
<br>
INNER LOOP
<br>
Processed 5114752 records successfully
<br>
PARTITION-START-DATE : 22-NOV-14 END-DATE : 22-NOV-14
<br>
OUTER LOOP
<br>
INNER LOOP
<br>
Processed 5114752 records successfully
<br>
PARTITION-START-DATE : 22-NOV-14 END-DATE : 22-NOV-14
<br>
OUTER LOOP
<br>
INNER LOOP
<br>
Processed 5114752 records successfully
<br>
PARTITION-START-DATE : 22-NOV-14 END-DATE : 22-NOV-14
<br>
OUTER LOOP
<br>
INNER LOOP
<br>
Processed 5114752 records successfully
<br>
PARTITION-START-DATE : 22-NOV-14 END-DATE : 22-NOV-14
<br>
OUTER LOOP
<br>
INNER LOOP
<br>
Processed 5114752 records successfully
<br>
PARTITION-START-DATE : 22-NOV-14 END-DATE : 22-NOV-14
<br>
OUTER LOOP
<br>
INNER LOOP
<br>
Processed 5114752 records successfully
<br>
PARTITION-START-DATE : 22-NOV-14 END-DATE : 22-NOV-14
<br>
OUTER LOOP
<br>
INNER LOOP
<br>
Processed 5114752 records successfully
<br>
PARTITION-START-DATE : 22-NOV-14 END-DATE : 22-NOV-14
<br>
OUTER LOOP
<br>
INNER LOOP
<br>
Processed 5114752 records successfully
<br>
PARTITION-START-DATE : 22-NOV-14 END-DATE : 22-NOV-14
<br>
OUTER LOOP
<br>
INNER LOOP
<br>
Processed 5114752 records successfully
<br>
PARTITION-START-DATE : 22-NOV-14 END-DATE : 22-NOV-14
<br>
OUTER LOOP
<br>
INNER LOOP
<br>
Processed 5114752 records successfully
<br>
PARTITION-START-DATE : 22-NOV-14 END-DATE : 22-NOV-14
<br>
OUTER LOOP
<br>
INNER LOOP
<br>
Processed 5114752 records successfully
<br>
PARTITION-START-DATE : 22-NOV-14 END-DATE : 22-NOV-14
<br>
OUTER LOOP
<br>
INNER LOOP
<br>
Processed 5114752 records successfully
<br>
PARTITION-START-DATE : 22-NOV-14 END-DATE : 22-NOV-14
<br>
OUTER LOOP
<br>
INNER LOOP
<br>
Processed 5114752 records successfully
<br>
PARTITION-START-DATE : 22-NOV-14 END-DATE : 22-NOV-14
<br>
OUTER LOOP
<br>
INNER LOOP
<br>
Processed 5114752 records successfully
<br>
PARTITION-START-DATE : 22-NOV-14 END-DATE : 22-NOV-14
<br>
OUTER LOOP
<br>
INNER LOOP
<br>
Processed 5114752 records successfully
<br>
PARTITION-START-DATE : 22-NOV-14 END-DATE : 22-NOV-14
<br>
OUTER LOOP
<br>
INNER LOOP
<br>
Processed 5114752 records successfully
<br>
PARTITION-START-DATE : 22-NOV-14 END-DATE : 22-NOV-14
<br>
OUTER LOOP
<br>
INNER LOOP
<br>
Processed 5114752 records successfully
<br>
PARTITION-START-DATE : 22-NOV-14 END-DATE : 22-NOV-14
<br>
OUTER LOOP
<br>
INNER LOOP
<br>
Processed 5114752 records successfully
<br>
PARTITION-START-DATE : 22-NOV-14 END-DATE : 22-NOV-14
<br>
OUTER LOOP
<br>
INNER LOOP
<br>
Processed 5114752 records successfully
<br>
PARTITION-START-DATE : 22-NOV-14 END-DATE : 22-NOV-14
<br>
OUTER LOOP
<br>
INNER LOOP
<br>
Processed 5114752 records successfully
<br>
PARTITION-START-DATE : 22-NOV-14 END-DATE : 22-NOV-14
<br>
OUTER LOOP
<br>
INNER LOOP
<br>
Processed 5114752 records successfully
<br>
PARTITION-START-DATE : 22-NOV-14 END-DATE : 22-NOV-14
<br>
OUTER LOOP
<br>
INNER LOOP
<br>
Processed 5114752 records successfully
<br>
PARTITION-START-DATE : 22-NOV-14 END-DATE : 22-NOV-14
<br>
OUTER LOOP
<br>
INNER LOOP
<br>
Processed 5114752 records successfully
<br>
PARTITION-START-DATE : 22-NOV-14 END-DATE : 22-NOV-14
<br>
OUTER LOOP
<br>
INNER LOOP
<br>
Processed 5114752 records successfully
<br>
PARTITION-START-DATE : 22-NOV-14 END-DATE : 22-NOV-14
<br>
OUTER LOOP
<br>
INNER LOOP
<br>
Processed 5114752 records successfully
<br>
PARTITION-START-DATE : 22-NOV-14 END-DATE : 22-NOV-14
<br>
OUTER LOOP
<br>
INNER LOOP
<br>
Processed 5114752 records successfully
<br>
PARTITION-START-DATE : 22-NOV-14 END-DATE : 22-NOV-14
<br>
OUTER LOOP
<br>
INNER LOOP
<br>
Processed 5114752 records successfully
<br>
PARTITION-START-DATE : 22-NOV-14 END-DATE : 22-NOV-14
<br>
OUTER LOOP
<br>
INNER LOOP
<br>
Processed 5114752 records successfully
<br>
PARTITION-START-DATE : 22-NOV-14 END-DATE : 22-NOV-14
<br>
OUTER LOOP
<br>
INNER LOOP
<br>
Processed 5114752 records successfully
<br>
PARTITION-START-DATE : 22-NOV-14 END-DATE : 22-NOV-14
<br>
OUTER LOOP
<br>
INNER LOOP
<br>
Processed 5114752 records successfully
<br>
PARTITION-START-DATE : 22-NOV-14 END-DATE : 22-NOV-14
<br>
OUTER LOOP
<br>
INNER LOOP
<br>
Processed 5114752 records successfully
<br>
PARTITION-START-DATE : 22-NOV-14 END-DATE : 22-NOV-14
<br>
OUTER LOOP
<br>
INNER LOOP
<br>
Processed 5114752 records successfully
<br>
PARTITION-START-DATE : 22-NOV-14 END-DATE : 22-NOV-14
<br>
OUTER LOOP
<br>
INNER LOOP
<br>
Processed 5114752 records successfully
<br>
PARTITION-START-DATE : 22-NOV-14 END-DATE : 22-NOV-14
<br>
OUTER LOOP
<br>
INNER LOOP
<br>
Processed 5114752 records successfully
<br>
PARTITION-START-DATE : 22-NOV-14 END-DATE : 22-NOV-14
<br>
OUTER LOOP
<br>
INNER LOOP
<br>
Processed 5114752 records successfully
<br>
PARTITION-START-DATE : 22-NOV-14 END-DATE : 22-NOV-14
<br>
OUTER LOOP
<br>
INNER LOOP
<br>
Processed 5114752 records successfully
<br>
PARTITION-START-DATE : 22-NOV-14 END-DATE : 22-NOV-14
<br>
OUTER LOOP
<br>
INNER LOOP
<br>
Processed 5114752 records successfully
<br>
PARTITION-START-DATE : 22-NOV-14 END-DATE : 22-NOV-14
<br>
OUTER LOOP
<br>
INNER LOOP
<br>
Processed 5114752 records successfully
<br>
PARTITION-START-DATE : 22-NOV-14 END-DATE : 22-NOV-14
<br>
OUTER LOOP
<br>
INNER LOOP
<br>
Processed 5114752 records successfully
<br>
PARTITION-START-DATE : 22-NOV-14 END-DATE : 22-NOV-14
<br>
OUTER LOOP
<br>
INNER LOOP
<br>
Processed 5114752 records successfully
<br>
PARTITION-START-DATE : 22-NOV-14 END-DATE : 22-NOV-14
<br>
OUTER LOOP
<br>
INNER LOOP
<br>
Processed 5114752 records successfully
<br>
PARTITION-START-DATE : 22-NOV-14 END-DATE : 22-NOV-14
<br>
OUTER LOOP
<br>
INNER LOOP
<br>
Processed 5114752 records successfully
<br>
PARTITION-START-DATE : 22-NOV-14 END-DATE : 22-NOV-14
<br>
OUTER LOOP
<br>
INNER LOOP
<br>
Processed 5114752 records successfully
<br>
PARTITION-START-DATE : 22-NOV-14 END-DATE : 22-NOV-14
<br>
OUTER LOOP
<br>
INNER LOOP
<br>
Processed 5114752 records successfully
<br>
PARTITION-START-DATE : 22-NOV-14 END-DATE : 22-NOV-14
<br>
OUTER LOOP
<br>
INNER LOOP
<br>
Processed 5114752 records successfully
<br>
PARTITION-START-DATE : 22-NOV-14 END-DATE : 22-NOV-14
<br>
OUTER LOOP
<br>
INNER LOOP
<br>
Processed 5114752 records successfully
<br>
PARTITION-START-DATE : 22-NOV-14 END-DATE : 22-NOV-14
<br>
OUTER LOOP
<br>
INNER LOOP
<br>
Processed 5114752 records successfully
<br>
PARTITION-START-DATE : 22-NOV-14 END-DATE : 22-NOV-14
<br>
OUTER LOOP
<br>
INNER LOOP
<br>
Processed 5114752 records successfully
<br>
PARTITION-START-DATE : 22-NOV-14 END-DATE : 22-NOV-14
<br>
OUTER LOOP
<br>
INNER LOOP
<br>
Processed 5114752 records successfully
<br>
PARTITION-START-DATE : 22-NOV-14 END-DATE : 22-NOV-14
<br>
OUTER LOOP
<br>
INNER LOOP
<br>
Processed 5114752 records successfully
<br>
PARTITION-START-DATE : 22-NOV-13 END-DATE : 22-NOV-14
<br>

PL/SQL procedure successfully completed.<br>
<br>


Disconnected from Oracle Database 19c Enterprise Edition Release 19.0.0.0.0 - Production
