00:00:19 SQL> select /*+ FULL(PSP_COMP_ADJUST_SUBMISSION) parallel(PSP_COMP_ADJUST_SUBMISSION ,4) */count(*) from pspadm.PSP_COMP_ADJUST_SUBMISSION PSP_COMP_ADJUST_SUBMISSION ;

  COUNT(*)                                                                      
----------                                                                      
  20056760                                                                      

1 row selected.

Elapsed: 00:00:41.98
00:01:01 SQL> select /*+ FULL(PSP_COMP_PMTTEMPLATE_PMTMETHOD) parallel(PSP_COMP_PMTTEMPLATE_PMTMETHOD ,4) */count(*) from pspadm.PSP_COMP_PMTTEMPLATE_PMTMETHOD PSP_COMP_PMTTEMPLATE_PMTMETHOD ;

  COUNT(*)                                                                      
----------                                                                      
   5747997                                                                      

1 row selected.

Elapsed: 00:00:11.98
00:01:13 SQL> select /*+ FULL(PSP_COMP_PMT_TEMPLATE_AGENCYID) parallel(PSP_COMP_PMT_TEMPLATE_AGENCYID ,4) */count(*) from pspadm.PSP_COMP_PMT_TEMPLATE_AGENCYID PSP_COMP_PMT_TEMPLATE_AGENCYID ;

  COUNT(*)                                                                      
----------                                                                      
     16226                                                                      

1 row selected.

Elapsed: 00:00:00.41
00:01:13 SQL> select /*+ FULL(PSP_CONTACT) parallel(PSP_CONTACT ,4) */count(*) from pspadm.PSP_CONTACT PSP_CONTACT ;

  COUNT(*)                                                                      
----------                                                                      
  14188363                                                                      

1 row selected.

Elapsed: 00:00:36.31
00:01:49 SQL> select /*+ FULL(PSP_DDCOMPANY_SERVICE_INFO) parallel(PSP_DDCOMPANY_SERVICE_INFO ,4) */count(*) from pspadm.PSP_DDCOMPANY_SERVICE_INFO PSP_DDCOMPANY_SERVICE_INFO ;

  COUNT(*)                                                                      
----------                                                                      
   1390554                                                                      

1 row selected.

Elapsed: 00:00:02.98
00:01:52 SQL> select /*+ FULL(PSP_DEDUCTION) parallel(PSP_DEDUCTION ,4) */count(*) from pspadm.PSP_DEDUCTION PSP_DEDUCTION ;

  COUNT(*)                                                                      
----------                                                                      
 769695946                                                                      

1 row selected.

Elapsed: 00:23:24.55
00:25:17 SQL> select /*+ FULL(PSP_DELETED_RECORD) parallel(PSP_DELETED_RECORD ,4) */count(*) from pspadm.PSP_DELETED_RECORD PSP_DELETED_RECORD ;

  COUNT(*)                                                                      
----------                                                                      
  26826443                                                                      

1 row selected.

Elapsed: 00:00:45.13
00:26:02 SQL> select /*+ FULL(PSP_DEPOSIT_FREQUENCY) parallel(PSP_DEPOSIT_FREQUENCY ,4) */count(*) from pspadm.PSP_DEPOSIT_FREQUENCY PSP_DEPOSIT_FREQUENCY ;

  COUNT(*)                                                                      
----------                                                                      
        19                                                                      

1 row selected.

Elapsed: 00:00:00.00
00:26:02 SQL> select /*+ FULL(PSP_DEPOSIT_FREQUENCY_FILE) parallel(PSP_DEPOSIT_FREQUENCY_FILE ,4) */count(*) from pspadm.PSP_DEPOSIT_FREQUENCY_FILE PSP_DEPOSIT_FREQUENCY_FILE ;

  COUNT(*)                                                                      
----------                                                                      
        15                                                                      

1 row selected.

Elapsed: 00:00:00.20
00:26:02 SQL> select /*+ FULL(PSP_DEPOSIT_FREQUENCY_FILE_REC) parallel(PSP_DEPOSIT_FREQUENCY_FILE_REC ,4) */count(*) from pspadm.PSP_DEPOSIT_FREQUENCY_FILE_REC PSP_DEPOSIT_FREQUENCY_FILE_REC ;

  COUNT(*)                                                                      
----------                                                                      
         0                                                                      

1 row selected.

Elapsed: 00:00:00.00
00:26:02 SQL> select /*+ FULL(PSP_DEPOSIT_FREQUENCY_REQ) parallel(PSP_DEPOSIT_FREQUENCY_REQ ,4) */count(*) from pspadm.PSP_DEPOSIT_FREQUENCY_REQ PSP_DEPOSIT_FREQUENCY_REQ ;

  COUNT(*)                                                                      
----------                                                                      
         5                                                                      

1 row selected.

Elapsed: 00:00:00.01
00:26:02 SQL> select /*+ FULL(PSP_DEP_FREQ_LEDGER_OPERATION) parallel(PSP_DEP_FREQ_LEDGER_OPERATION ,4) */count(*) from pspadm.PSP_DEP_FREQ_LEDGER_OPERATION PSP_DEP_FREQ_LEDGER_OPERATION ;

  COUNT(*)                                                                      
----------                                                                      
      1160                                                                      

1 row selected.

Elapsed: 00:00:00.02
00:26:02 SQL> select /*+ FULL(PSP_DICRFILE) parallel(PSP_DICRFILE ,4) */count(*) from pspadm.PSP_DICRFILE PSP_DICRFILE ;

  COUNT(*)                                                                      
----------                                                                      
     10369                                                                      

1 row selected.

Elapsed: 00:00:00.08
00:26:02 SQL> select /*+ FULL(PSP_DISBURSE_ADVICE) parallel(PSP_DISBURSE_ADVICE ,4) */count(*) from pspadm.PSP_DISBURSE_ADVICE PSP_DISBURSE_ADVICE ;

  COUNT(*)                                                                      
----------                                                                      
  42623822                                                                      

1 row selected.

Elapsed: 00:02:04.69
00:28:07 SQL> select /*+ FULL(PSP_DISBURSE_ADVICE_TAX_LIAB) parallel(PSP_DISBURSE_ADVICE_TAX_LIAB ,4) */count(*) from pspadm.PSP_DISBURSE_ADVICE_TAX_LIAB PSP_DISBURSE_ADVICE_TAX_LIAB ;

  COUNT(*)                                                                      
----------                                                                      
 718845321                                                                      

1 row selected.

Elapsed: 00:18:55.67
00:47:03 SQL> select /*+ FULL(PSP_EDI_PAYMENT_DETAIL) parallel(PSP_EDI_PAYMENT_DETAIL ,4) */count(*) from pspadm.PSP_EDI_PAYMENT_DETAIL PSP_EDI_PAYMENT_DETAIL ;

  COUNT(*)                                                                      
----------                                                                      
      4632                                                                      

1 row selected.

Elapsed: 00:00:00.05
00:47:03 SQL> select /*+ FULL(PSP_EDI_TAX_FILE) parallel(PSP_EDI_TAX_FILE ,4) */count(*) from pspadm.PSP_EDI_TAX_FILE PSP_EDI_TAX_FILE ;

  COUNT(*)                                                                      
----------                                                                      
    101275                                                                      

1 row selected.

Elapsed: 00:00:00.93
00:47:04 SQL> select /*+ FULL(PSP_EE_PAYROLLITEM_QTRTOTALS) parallel(PSP_EE_PAYROLLITEM_QTRTOTALS ,4) */count(*) from pspadm.PSP_EE_PAYROLLITEM_QTRTOTALS PSP_EE_PAYROLLITEM_QTRTOTALS ;

  COUNT(*)                                                                      
----------                                                                      
  20865746                                                                      

1 row selected.

Elapsed: 00:00:51.01
00:47:55 SQL> select /*+ FULL(PSP_EFFECTIVE_DEPOSIT_FREQ) parallel(PSP_EFFECTIVE_DEPOSIT_FREQ ,4) */count(*) from pspadm.PSP_EFFECTIVE_DEPOSIT_FREQ PSP_EFFECTIVE_DEPOSIT_FREQ ;

  COUNT(*)                                                                      
----------                                                                      
   3698083                                                                      

1 row selected.

Elapsed: 00:00:13.67
00:48:08 SQL> select /*+ FULL(PSP_EFTPS_ENROLLMENT) parallel(PSP_EFTPS_ENROLLMENT ,4) */count(*) from pspadm.PSP_EFTPS_ENROLLMENT PSP_EFTPS_ENROLLMENT ;

  COUNT(*)                                                                      
----------                                                                      
    142449                                                                      

1 row selected.

Elapsed: 00:00:00.75
00:48:09 SQL> select /*+ FULL(PSP_EFTPS_ENROLLMENT_DETAIL) parallel(PSP_EFTPS_ENROLLMENT_DETAIL ,4) */count(*) from pspadm.PSP_EFTPS_ENROLLMENT_DETAIL PSP_EFTPS_ENROLLMENT_DETAIL ;

  COUNT(*)                                                                      
----------                                                                      
    141916                                                                      

1 row selected.

Elapsed: 00:00:01.66
00:48:11 SQL> select /*+ FULL(PSP_EFTPS_FILE) parallel(PSP_EFTPS_FILE ,4) */count(*) from pspadm.PSP_EFTPS_FILE PSP_EFTPS_FILE ;

  COUNT(*)                                                                      
----------                                                                      
    101153                                                                      

1 row selected.

Elapsed: 00:00:00.37
00:48:11 SQL> select /*+ FULL(PSP_EFTPS_PAYMENT_DETAIL) parallel(PSP_EFTPS_PAYMENT_DETAIL ,4) */count(*) from pspadm.PSP_EFTPS_PAYMENT_DETAIL PSP_EFTPS_PAYMENT_DETAIL ;

  COUNT(*)                                                                      
----------                                                                      
  19207932                                                                      

1 row selected.

Elapsed: 00:01:52.12
00:50:03 SQL> select /*+ FULL(PSP_EMPLOYEE) parallel(PSP_EMPLOYEE ,4) */count(*) from pspadm.PSP_EMPLOYEE PSP_EMPLOYEE ;

  COUNT(*)                                                                      
----------                                                                      
  69535339                                                                      

1 row selected.

Elapsed: 00:03:37.03
00:53:40 SQL> select /*+ FULL(PSP_EMPLOYEE_ACCRUAL) parallel(PSP_EMPLOYEE_ACCRUAL ,4) */count(*) from pspadm.PSP_EMPLOYEE_ACCRUAL PSP_EMPLOYEE_ACCRUAL ;

  COUNT(*)                                                                      
----------                                                                      
  62874932                                                                      

1 row selected.

Elapsed: 00:01:36.55
00:55:17 SQL> select /*+ FULL(PSP_EMPLOYEE_BANK_ACCOUNT) parallel(PSP_EMPLOYEE_BANK_ACCOUNT ,4) */count(*) from pspadm.PSP_EMPLOYEE_BANK_ACCOUNT PSP_EMPLOYEE_BANK_ACCOUNT ;

  COUNT(*)                                                                      
----------                                                                      
  45438843                                                                      

1 row selected.

Elapsed: 00:01:53.58
00:57:10 SQL> select /*+ FULL(PSP_EMPLOYEE_BANK_ACCOUNT_BKP) parallel(PSP_EMPLOYEE_BANK_ACCOUNT_BKP ,4) */count(*) from pspadm.PSP_EMPLOYEE_BANK_ACCOUNT_BKP PSP_EMPLOYEE_BANK_ACCOUNT_BKP ;

  COUNT(*)                                                                      
----------                                                                      
     38777                                                                      

1 row selected.

Elapsed: 00:00:00.36
00:57:11 SQL> select /*+ FULL(PSP_EMPLOYEE_CUSTOM_FIELD) parallel(PSP_EMPLOYEE_CUSTOM_FIELD ,4) */count(*) from pspadm.PSP_EMPLOYEE_CUSTOM_FIELD PSP_EMPLOYEE_CUSTOM_FIELD ;

  COUNT(*)                                                                      
----------                                                                      
  45493568                                                                      

1 row selected.

Elapsed: 00:00:59.69
00:58:10 SQL> select /*+ FULL(PSP_EMPLOYEE_LAW_QTR_TOTALS) parallel(PSP_EMPLOYEE_LAW_QTR_TOTALS ,4) */count(*) from pspadm.PSP_EMPLOYEE_LAW_QTR_TOTALS PSP_EMPLOYEE_LAW_QTR_TOTALS ;

  COUNT(*)                                                                      
----------                                                                      
 278617919                                                                      

1 row selected.

Elapsed: 00:08:34.91
01:06:45 SQL> select /*+ FULL(PSP_EMPLOYEE_PAYROLL_ITEM) parallel(PSP_EMPLOYEE_PAYROLL_ITEM ,4) */count(*) from pspadm.PSP_EMPLOYEE_PAYROLL_ITEM PSP_EMPLOYEE_PAYROLL_ITEM ;

  COUNT(*)                                                                      
----------                                                                      
  98795074                                                                      

1 row selected.

Elapsed: 00:02:58.29
01:09:44 SQL> select /*+ FULL(PSP_EMPLOYEE_TAX) parallel(PSP_EMPLOYEE_TAX ,4) */count(*) from pspadm.PSP_EMPLOYEE_TAX PSP_EMPLOYEE_TAX ;

  COUNT(*)                                                                      
----------                                                                      
 250971259                                                                      

1 row selected.

Elapsed: 00:06:24.54
01:16:08 SQL> select /*+ FULL(PSP_EMPLOYEE_USAGE) parallel(PSP_EMPLOYEE_USAGE ,4) */count(*) from pspadm.PSP_EMPLOYEE_USAGE PSP_EMPLOYEE_USAGE ;

  COUNT(*)                                                                      
----------                                                                      
 279340608                                                                      

1 row selected.

Elapsed: 00:07:38.43
01:23:47 SQL> select /*+ FULL(PSP_EMPLOYEE_W2_TOTALS) parallel(PSP_EMPLOYEE_W2_TOTALS ,4) */count(*) from pspadm.PSP_EMPLOYEE_W2_TOTALS PSP_EMPLOYEE_W2_TOTALS ;

  COUNT(*)                                                                      
----------                                                                      
 104074167                                                                      

1 row selected.

Elapsed: 00:03:54.46
01:27:41 SQL> select /*+ FULL(PSP_EMPLOYEE_WAGE_PLAN) parallel(PSP_EMPLOYEE_WAGE_PLAN ,4) */count(*) from pspadm.PSP_EMPLOYEE_WAGE_PLAN PSP_EMPLOYEE_WAGE_PLAN ;

  COUNT(*)                                                                      
----------                                                                      
   2924723                                                                      

1 row selected.

Elapsed: 00:00:05.23
01:27:46 SQL> select /*+ FULL(PSP_EMPLOYER_CONTRIBUTION) parallel(PSP_EMPLOYER_CONTRIBUTION ,4) */count(*) from pspadm.PSP_EMPLOYER_CONTRIBUTION PSP_EMPLOYER_CONTRIBUTION ;

  COUNT(*)                                                                      
----------                                                                      
 327142345                                                                      

1 row selected.

Elapsed: 00:10:36.78
01:38:23 SQL> select /*+ FULL(PSP_EMPLOYER_PREFERENCE) parallel(PSP_EMPLOYER_PREFERENCE ,4) */count(*) from pspadm.PSP_EMPLOYER_PREFERENCE PSP_EMPLOYER_PREFERENCE ;

  COUNT(*)                                                                      
----------                                                                      
     16040                                                                      

1 row selected.

Elapsed: 00:00:00.18
01:38:23 SQL> select /*+ FULL(PSP_EMP_TOTALS_PAYROLL_RUN) parallel(PSP_EMP_TOTALS_PAYROLL_RUN ,4) */count(*) from pspadm.PSP_EMP_TOTALS_PAYROLL_RUN PSP_EMP_TOTALS_PAYROLL_RUN ;

  COUNT(*)                                                                      
----------                                                                      
  18327708                                                                      

1 row selected.

Elapsed: 00:00:37.76
01:39:01 SQL> select /*+ FULL(PSP_ENTITLEMENT) parallel(PSP_ENTITLEMENT ,4) */count(*) from pspadm.PSP_ENTITLEMENT PSP_ENTITLEMENT ;

  COUNT(*)                                                                      
----------                                                                      
   2669089                                                                      

1 row selected.

Elapsed: 00:00:08.80
01:39:10 SQL> select /*+ FULL(PSP_ENTITLEMENT_CODE) parallel(PSP_ENTITLEMENT_CODE ,4) */count(*) from pspadm.PSP_ENTITLEMENT_CODE PSP_ENTITLEMENT_CODE ;

  COUNT(*)                                                                      
----------                                                                      
       100                                                                      

1 row selected.

Elapsed: 00:00:00.00
01:39:10 SQL> select /*+ FULL(PSP_ENTITLEMENT_CODE_OFFERING) parallel(PSP_ENTITLEMENT_CODE_OFFERING ,4) */count(*) from pspadm.PSP_ENTITLEMENT_CODE_OFFERING PSP_ENTITLEMENT_CODE_OFFERING ;

  COUNT(*)                                                                      
----------                                                                      
       652                                                                      

1 row selected.

Elapsed: 00:00:00.02
01:39:10 SQL> select /*+ FULL(PSP_ENTITLEMENT_MESSAGE) parallel(PSP_ENTITLEMENT_MESSAGE ,4) */count(*) from pspadm.PSP_ENTITLEMENT_MESSAGE PSP_ENTITLEMENT_MESSAGE ;

  COUNT(*)                                                                      
----------                                                                      
  78709702                                                                      

1 row selected.

Elapsed: 00:29:37.77
02:08:48 SQL> select /*+ FULL(PSP_ENTITLEMENT_UNIT) parallel(PSP_ENTITLEMENT_UNIT ,4) */count(*) from pspadm.PSP_ENTITLEMENT_UNIT PSP_ENTITLEMENT_UNIT ;

  COUNT(*)                                                                      
----------                                                                      
   7757137                                                                      

1 row selected.

Elapsed: 00:00:38.10
02:09:26 SQL> select /*+ FULL(PSP_ENTITY_CHANGE) parallel(PSP_ENTITY_CHANGE ,4) */count(*) from pspadm.PSP_ENTITY_CHANGE PSP_ENTITY_CHANGE ;

  COUNT(*)                                                                      
----------                                                                      
      7129                                                                      

1 row selected.

Elapsed: 00:00:00.12
02:09:26 SQL> select /*+ FULL(PSP_ENTITY_UPDATE) parallel(PSP_ENTITY_UPDATE ,4) */count(*) from pspadm.PSP_ENTITY_UPDATE PSP_ENTITY_UPDATE ;

  COUNT(*)                                                                      
----------                                                                      
 418627860                                                                      

1 row selected.

Elapsed: 00:23:31.83
02:32:58 SQL> select /*+ FULL(PSP_EVENT_AS400_SYNC) parallel(PSP_EVENT_AS400_SYNC ,4) */count(*) from pspadm.PSP_EVENT_AS400_SYNC PSP_EVENT_AS400_SYNC ;

  COUNT(*)                                                                      
----------                                                                      
    343104                                                                      

1 row selected.

Elapsed: 00:00:00.83
02:32:58 SQL> select /*+ FULL(PSP_EVENT_DETAIL_TYPE) parallel(PSP_EVENT_DETAIL_TYPE ,4) */count(*) from pspadm.PSP_EVENT_DETAIL_TYPE PSP_EVENT_DETAIL_TYPE ;

  COUNT(*)                                                                      
----------                                                                      
       184                                                                      

1 row selected.

Elapsed: 00:00:00.00
02:32:58 SQL> select /*+ FULL(PSP_EVENT_LOG) parallel(PSP_EVENT_LOG ,4) */count(*) from pspadm.PSP_EVENT_LOG PSP_EVENT_LOG ;

  COUNT(*)                                                                      
----------                                                                      
    157496                                                                      

1 row selected.

Elapsed: 00:00:00.53
02:32:59 SQL> select /*+ FULL(PSP_EVENT_TYPE) parallel(PSP_EVENT_TYPE ,4) */count(*) from pspadm.PSP_EVENT_TYPE PSP_EVENT_TYPE ;

  COUNT(*)                                                                      
----------                                                                      
       233                                                                      

1 row selected.

Elapsed: 00:00:00.02
02:32:59 SQL> select /*+ FULL(PSP_EVTTP_SRCSYS_ASSOC) parallel(PSP_EVTTP_SRCSYS_ASSOC ,4) */count(*) from pspadm.PSP_EVTTP_SRCSYS_ASSOC PSP_EVTTP_SRCSYS_ASSOC ;

  COUNT(*)                                                                      
----------                                                                      
        40                                                                      

1 row selected.

Elapsed: 00:00:00.00
02:32:59 SQL> select /*+ FULL(PSP_FAILED_PAYROLL_RUN) parallel(PSP_FAILED_PAYROLL_RUN ,4) */count(*) from pspadm.PSP_FAILED_PAYROLL_RUN PSP_FAILED_PAYROLL_RUN ;

  COUNT(*)                                                                      
----------                                                                      
      4788                                                                      

1 row selected.

Elapsed: 00:00:00.03
02:32:59 SQL> select /*+ FULL(PSP_FEE) parallel(PSP_FEE ,4) */count(*) from pspadm.PSP_FEE PSP_FEE ;

  COUNT(*)                                                                      
----------                                                                      
         3                                                                      

1 row selected.

Elapsed: 00:00:00.01
02:32:59 SQL> select /*+ FULL(PSP_FINANCIAL_TRANS_STATE_BKP) parallel(PSP_FINANCIAL_TRANS_STATE_BKP ,4) */count(*) from pspadm.PSP_FINANCIAL_TRANS_STATE_BKP PSP_FINANCIAL_TRANS_STATE_BKP ;

  COUNT(*)                                                                      
----------                                                                      
   1498290                                                                      

1 row selected.

Elapsed: 00:00:03.02
02:33:02 SQL> select /*+ FULL(PSP_FINANCIAL_TXN_ACTION) parallel(PSP_FINANCIAL_TXN_ACTION ,4) */count(*) from pspadm.PSP_FINANCIAL_TXN_ACTION PSP_FINANCIAL_TXN_ACTION ;

  COUNT(*)                                                                      
----------                                                                      
       228                                                                      

1 row selected.

Elapsed: 00:00:00.01
02:33:02 SQL> select /*+ FULL(PSP_FINTXN_ONHOLDREASON_ASSOC) parallel(PSP_FINTXN_ONHOLDREASON_ASSOC ,4) */count(*) from pspadm.PSP_FINTXN_ONHOLDREASON_ASSOC PSP_FINTXN_ONHOLDREASON_ASSOC ;

  COUNT(*)                                                                      
----------                                                                      
   1331575                                                                      

1 row selected.

Elapsed: 00:00:01.08
02:33:03 SQL> select /*+ FULL(PSP_FORECAST) parallel(PSP_FORECAST ,4) */count(*) from pspadm.PSP_FORECAST PSP_FORECAST ;

  COUNT(*)                                                                      
----------                                                                      
       845                                                                      

1 row selected.

Elapsed: 00:00:00.01
02:33:03 SQL> select /*+ FULL(PSP_FORECAST_DETAIL) parallel(PSP_FORECAST_DETAIL ,4) */count(*) from pspadm.PSP_FORECAST_DETAIL PSP_FORECAST_DETAIL ;

  COUNT(*)                                                                      
----------                                                                      
      6569                                                                      

1 row selected.

Elapsed: 00:00:00.01
02:33:03 SQL> select /*+ FULL(PSP_FORM_TEMPLATE) parallel(PSP_FORM_TEMPLATE ,4) */count(*) from pspadm.PSP_FORM_TEMPLATE PSP_FORM_TEMPLATE ;

  COUNT(*)                                                                      
----------                                                                      
       163                                                                      

1 row selected.

Elapsed: 00:00:00.01
02:33:03 SQL> select /*+ FULL(PSP_FRAUD_ADDRESS) parallel(PSP_FRAUD_ADDRESS ,4) */count(*) from pspadm.PSP_FRAUD_ADDRESS PSP_FRAUD_ADDRESS ;

  COUNT(*)                                                                      
----------                                                                      
    112823                                                                      

1 row selected.

Elapsed: 00:00:00.46
02:33:04 SQL> select /*+ FULL(PSP_FRAUD_BANK_ACCOUNT) parallel(PSP_FRAUD_BANK_ACCOUNT ,4) */count(*) from pspadm.PSP_FRAUD_BANK_ACCOUNT PSP_FRAUD_BANK_ACCOUNT ;

  COUNT(*)                                                                      
----------                                                                      
    965303                                                                      

1 row selected.

Elapsed: 00:00:03.47
02:33:07 SQL> select /*+ FULL(PSP_FRAUD_COMPANY) parallel(PSP_FRAUD_COMPANY ,4) */count(*) from pspadm.PSP_FRAUD_COMPANY PSP_FRAUD_COMPANY ;

  COUNT(*)                                                                      
----------                                                                      
     61398                                                                      

1 row selected.

Elapsed: 00:00:00.41
02:33:08 SQL> select /*+ FULL(PSP_FRAUD_CONTACT) parallel(PSP_FRAUD_CONTACT ,4) */count(*) from pspadm.PSP_FRAUD_CONTACT PSP_FRAUD_CONTACT ;

  COUNT(*)                                                                      
----------                                                                      
    124657                                                                      

1 row selected.

Elapsed: 00:00:00.38
02:33:08 SQL> select /*+ FULL(PSP_FRAUD_EVENT) parallel(PSP_FRAUD_EVENT ,4) */count(*) from pspadm.PSP_FRAUD_EVENT PSP_FRAUD_EVENT ;

  COUNT(*)                                                                      
----------                                                                      
   1001390                                                                      

1 row selected.

Elapsed: 00:00:06.01
02:33:14 SQL> select /*+ FULL(PSP_FRAUD_RULE) parallel(PSP_FRAUD_RULE ,4) */count(*) from pspadm.PSP_FRAUD_RULE PSP_FRAUD_RULE ;

  COUNT(*)                                                                      
----------                                                                      
         4                                                                      

1 row selected.

Elapsed: 00:00:00.01
02:33:14 SQL> select /*+ FULL(PSP_FRAUD_VALUE) parallel(PSP_FRAUD_VALUE ,4) */count(*) from pspadm.PSP_FRAUD_VALUE PSP_FRAUD_VALUE ;

  COUNT(*)                                                                      
----------                                                                      
       180                                                                      

1 row selected.

Elapsed: 00:00:00.00
02:33:14 SQL> select /*+ FULL(PSP_FSET_FILE) parallel(PSP_FSET_FILE ,4) */count(*) from pspadm.PSP_FSET_FILE PSP_FSET_FILE ;

  COUNT(*)                                                                      
----------                                                                      
       685                                                                      

1 row selected.

Elapsed: 00:00:00.05
02:33:14 SQL> select /*+ FULL(PSP_FSET_FILING_DETAIL) parallel(PSP_FSET_FILING_DETAIL ,4) */count(*) from pspadm.PSP_FSET_FILING_DETAIL PSP_FSET_FILING_DETAIL ;

  COUNT(*)                                                                      
----------                                                                      
     51656                                                                      

1 row selected.

Elapsed: 00:00:00.61
02:33:15 SQL> select /*+ FULL(PSP_FUNDING_MODEL) parallel(PSP_FUNDING_MODEL ,4) */count(*) from pspadm.PSP_FUNDING_MODEL PSP_FUNDING_MODEL ;

  COUNT(*)                                                                      
----------                                                                      
         3                                                                      

1 row selected.

Elapsed: 00:00:00.01
02:33:15 SQL> select /*+ FULL(PSP_GEMS_LEDGER_POSTING_RULE) parallel(PSP_GEMS_LEDGER_POSTING_RULE ,4) */count(*) from pspadm.PSP_GEMS_LEDGER_POSTING_RULE PSP_GEMS_LEDGER_POSTING_RULE ;

  COUNT(*)                                                                      
----------                                                                      
        34                                                                      

1 row selected.

Elapsed: 00:00:00.00
02:33:15 SQL> select /*+ FULL(PSP_GEMS_MONTHLY_BALANCE) parallel(PSP_GEMS_MONTHLY_BALANCE ,4) */count(*) from pspadm.PSP_GEMS_MONTHLY_BALANCE PSP_GEMS_MONTHLY_BALANCE ;

  COUNT(*)                                                                      
----------                                                                      
      4934                                                                      

1 row selected.

Elapsed: 00:00:00.11
02:33:15 SQL> select /*+ FULL(PSP_GEMS_UPLOAD_BATCH) parallel(PSP_GEMS_UPLOAD_BATCH ,4) */count(*) from pspadm.PSP_GEMS_UPLOAD_BATCH PSP_GEMS_UPLOAD_BATCH ;

  COUNT(*)                                                                      
----------                                                                      
      3858                                                                      

1 row selected.

Elapsed: 00:00:00.12
02:33:15 SQL> select /*+ FULL(PSP_HOURS_WORKED_EXCEPTION) parallel(PSP_HOURS_WORKED_EXCEPTION ,4) */count(*) from pspadm.PSP_HOURS_WORKED_EXCEPTION PSP_HOURS_WORKED_EXCEPTION ;

  COUNT(*)                                                                      
----------                                                                      
        36                                                                      

1 row selected.

Elapsed: 00:00:00.01
02:33:15 SQL> select /*+ FULL(PSP_INDIVIDUAL) parallel(PSP_INDIVIDUAL ,4) */count(*) from pspadm.PSP_INDIVIDUAL PSP_INDIVIDUAL ;

  COUNT(*)                                                                      
----------                                                                      
  83911941                                                                      

1 row selected.

Elapsed: 00:01:55.44
02:35:10 SQL> select /*+ FULL(PSP_INDUSTRY_TYPE) parallel(PSP_INDUSTRY_TYPE ,4) */count(*) from pspadm.PSP_INDUSTRY_TYPE PSP_INDUSTRY_TYPE ;

  COUNT(*)                                                                      
----------                                                                      
       289                                                                      

1 row selected.

Elapsed: 00:00:00.01
02:35:10 SQL> select /*+ FULL(PSP_INTUIT_BANK_ACCOUNT) parallel(PSP_INTUIT_BANK_ACCOUNT ,4) */count(*) from pspadm.PSP_INTUIT_BANK_ACCOUNT PSP_INTUIT_BANK_ACCOUNT ;

  COUNT(*)                                                                      
----------                                                                      
         6                                                                      

1 row selected.

Elapsed: 00:00:00.00
02:35:10 SQL> select /*+ FULL(PSP_INTUIT_BANK_ACC_TXN_TYPE) parallel(PSP_INTUIT_BANK_ACC_TXN_TYPE ,4) */count(*) from pspadm.PSP_INTUIT_BANK_ACC_TXN_TYPE PSP_INTUIT_BANK_ACC_TXN_TYPE ;

  COUNT(*)                                                                      
----------                                                                      
        71                                                                      

1 row selected.

Elapsed: 00:00:00.01
02:35:10 SQL> spool off
