OLD_CLUSTER_ID: ppsp-stg-pitparmo-old
STG_CLUSTER_ID: ppsp-stg-pitparmo
NEW_CLUSTER_ID: ppsp-stg-pitparmo-new
OLD_INSTANCE_ID1: ppsp-stg-pitparmo-old-1
OLD_INSTANCE_ID2: ppsp-stg-pitparmo-old-2
STG_INSTANCE_ID1: ppsp-stg-pitparmo1
STG_INSTANCE_ID2: ppsp-stg-pitparmo2
NEW_INSTANCE_ID1: ppsp-stg-pitparmo-new-1
NEW_INSTANCE_ID2: ppsp-stg-pitparmo-new-2
logdate: 20250709070110
Connections on ppsp-stg-pitparmo1 
 datname | usename | client_hostname | application_name | count 
---------+---------+-----------------+------------------+-------
(0 rows)

Connections on ppsp-stg-pitparmo2 
 datname | usename | client_hostname | application_name | count 
---------+---------+-----------------+------------------+-------
(0 rows)

Creating new Reader Instance ppsp-stg-pitparmo-new-2 on ppsp-stg-pitparmo-new is started ...!!!
Parameter Group: ipsrds-us-west-2-monolithsys15instancea839e773-lw37ik14ywv1
DBInstance-Size: db.r6g.4xlarge
Deleting custom endpoints from the old cluster...
Current status of test1 is deleting.
Current status of test1 is deleting.
Current status of test1 is deleting.
Current status of test1 is deleting.
Current status of test1 is deleting.
Custom endpoint test1 is deleted or does not exist.
Current status of test2 is deleting.
Current status of test2 is deleting.
Current status of test2 is deleting.
Current status of test2 is deleting.
Custom endpoint test2 is deleted or does not exist.
Current status of test3 is deleting.
Current status of test3 is deleting.
Current status of test3 is deleting.
Current status of test3 is deleting.
Custom endpoint test3 is deleted or does not exist.
Cluster ppsp-stg-pitparmo is  available.
custom end point deletion completed on ppsp-stg-pitparmo 
Instance ppsp-stg-pitparmo-new-2 is available.
 Created new Reader Instance ppsp-stg-pitparmo-new-2 on ppsp-stg-pitparmo-new...!!! 
Instance ppsp-stg-pitparmo-new-2 is available.
Creating custom endpoints on the ppsp-stg-pitparmo-new cluster...
Current status of test1 is creating.
Current status of test1 is creating.
Current status of test1 is creating.
Current status of test1 is creating.
Custom endpoint test1 is available.
Current status of test2 is creating.
Current status of test2 is creating.
Current status of test2 is creating.
Current status of test2 is creating.
Custom endpoint test2 is available.
Current status of test3 is creating.
Current status of test3 is creating.
Current status of test3 is creating.
Current status of test3 is creating.
Custom endpoint test3 is available.
Cluster ppsp-stg-pitparmo-new is  available.
custom end point creation completed on ppsp-stg-pitparmo-new 
Switching existing staging cluster and Instances rename to old is started ...!!! 
Cluster ppsp-stg-pitparmo is  available.
Modifying cluster  ppsp-stg-pitparmo to ppsp-stg-pitparmo-old is Started .....!!!
Cluster ppsp-stg-pitparmo-old is  available.
Modifying cluster  ppsp-stg-pitparmo to ppsp-stg-pitparmo-old  is Completed .....!!!
Instance ppsp-stg-pitparmo1 is available.
Instance ppsp-stg-pitparmo2 is available.
Modifying Instance ppsp-stg-pitparmo1 to ppsp-stg-pitparmo-old-1 is  Started .....!!!
Modifying Instance ppsp-stg-pitparmo2 to ppsp-stg-pitparmo-old-2 is  Started .....!!!
Instance status is rebooting. Waiting...
Instance ppsp-stg-pitparmo-old-1 is available.
Modifying Instance ppsp-stg-pitparmo1 to ppsp-stg-pitparmo-old-1  is Completed.....!!!
Instance status is rebooting. Waiting...
Instance status is rebooting. Waiting...
Instance ppsp-stg-pitparmo-old-2 is available.
Modifying Instance ppsp-stg-pitparmo2 to ppsp-stg-pitparmo-old-2  is Completed.....!!!
Switching existing staging cluster and Instances  SuccessFully renamed to old 
Switching new refreshed  cluster and Instances rename to staging is started ...!!! 
Cluster ppsp-stg-pitparmo-new is  available.
Modifying cluster ppsp-stg-pitparmo-new to  ppsp-stg-pitparmo is Started ....!!!
Cluster ppsp-stg-pitparmo is  available.
Modifying cluster ppsp-stg-pitparmo-new to  ppsp-stg-pitparmo is Completed ....!!!
Instance ppsp-stg-pitparmo-new-1 is available.
Instance ppsp-stg-pitparmo-new-2 is available.
Modifying cluster ppsp-stg-pitparmo-new-1 to  ppsp-stg-pitparmo1 is Started ....!!!
Modifying cluster ppsp-stg-pitparmo-new-2 to  ppsp-stg-pitparmo2 is Started ....!!!
Instance status is rebooting. Waiting...
Instance ppsp-stg-pitparmo1 is available.
Modifying cluster ppsp-stg-pitparmo-new-1 to  ppsp-stg-pitparmo1 is Completed ....!!!
Instance status is rebooting. Waiting...
Instance status is rebooting. Waiting...
Instance ppsp-stg-pitparmo2 is available.
Modifying cluster ppsp-stg-pitparmo-new-2 to  ppsp-stg-pitparmo1 is Completed ....!!!
Cluster ppsp-stg-pitparmo is  available.
Instance ppsp-stg-pitparmo1 is available.
Instance ppsp-stg-pitparmo2 is available.
Switching new refreshed  cluster and Instances SuccessFully renamed to staging...!!! 
Connections on ppsp-stg-pitparmo1 
 datname | usename | client_hostname | application_name | count 
---------+---------+-----------------+------------------+-------
(0 rows)

Connections on ppsp-stg-pitparmo2 
 datname | usename | client_hostname | application_name | count 
---------+---------+-----------------+------------------+-------
(0 rows)

Connections on ppsp-stg-pitparmo-old-1 
 datname | usename | client_hostname | application_name | count 
---------+---------+-----------------+------------------+-------
(0 rows)

Connections on ppsp-stg-pitparmo-old-2 
 datname | usename | client_hostname | application_name | count 
---------+---------+-----------------+------------------+-------
(0 rows)

Instance identified as READER, hence deleting the instance.
Deleting Reader instance  ppsp-stg-pitparmo-old-2 
 Monolith  Database Refresh and switching is completed
