SQL> select /*+ parallel(1,4) */max(
  2  	 dbms_lob.getlength(FILE_CONTENT)
  3    ) / 1024 / 1024 AS default_getlength_Size_MB,
  4    max(
  5  	 dbms_lob.getlength(FILE_CONTENT_ENC)
  6    ) / 1024 / 1024 AS default_getlength_Size_MB
  7  from
  8    pspadm.PSP_ACHENROLLMENT_FILE;

     DEFAULT_GETLENGTH_SIZE_MB      DEFAULT_GETLENGTH_SIZE_MB
------------------------------ ------------------------------
        5.84006023406982421875

1 row selected.

Elapsed: 00:00:00.02
SQL> 
SQL> select
  2   max(
  3  	 dbms_lob.getlength(SIGNATURE)
  4    ) / 1024 / 1024 AS default_getlength_Size_MB
  5  from
  6    pspadm.PSP_CHECK_PRINT_SIGNATURE;

     DEFAULT_GETLENGTH_SIZE_MB
------------------------------
            .00522613525390625

1 row selected.

Elapsed: 00:00:00.00
SQL> 
SQL> select /*+ parallel(1,4) */max(
  2  	 dbms_lob.getlength(MESSAGE)
  3    ) / 1024 / 1024 AS default_getlength_Size_MB,
  4  --  max(
  5  --    dbms_lob.getlength(MESSAGE_BKP)
  6  --  ) / 1024 / 1024 AS default_getlength_Size_MB,
  7    max(
  8  	 dbms_lob.getlength(MESSAGE_ENC)
  9    ) / 1024 / 1024 AS default_getlength_Size_MB
 10  from
 11    pspadm.PSP_ENTITLEMENT_MESSAGE;

     DEFAULT_GETLENGTH_SIZE_MB      DEFAULT_GETLENGTH_SIZE_MB
------------------------------ ------------------------------
         3.0828647613525390625

1 row selected.

Elapsed: 00:00:06.13
SQL> 
SQL> select
  2   max(
  3  	 dbms_lob.getlength(CHANGED_ATTRIBUTES)
  4    ) / 1024 / 1024 AS default_getlength_Size_MB
  5  from
  6    pspadm.PSP_ENTITY_UPDATE;

     DEFAULT_GETLENGTH_SIZE_MB
------------------------------
         .00085735321044921875

1 row selected.

Elapsed: 00:00:02.16
SQL> 
SQL> select /*+ parallel(1,4) */max(
  2  	 dbms_lob.getlength(ORIGINAL_FILE)
  3    ) / 1024 / 1024 AS default_getlength_Size_MB,
  4    max(
  5  	 dbms_lob.getlength(PROCESSED_FILE)
  6    ) / 1024 / 1024 AS default_getlength_Size_MB
  7  from
  8    pspadm.PSP_LEDGER_OPERATION_JOB;

     DEFAULT_GETLENGTH_SIZE_MB      DEFAULT_GETLENGTH_SIZE_MB
------------------------------ ------------------------------
        3.61958217620849609375          5.8992519378662109375

1 row selected.

Elapsed: 00:00:00.01
SQL> 
SQL> select /*+ parallel(1,4) */max(
  2  	 dbms_lob.getlength(REQUEST_LOG)
  3    ) / 1024 / 1024 AS default_getlength_Size_MB,
  4    max(
  5  	 dbms_lob.getlength(RESPONSE_LOG)
  6    ) / 1024 / 1024 AS default_getlength_Size_MB
  7  from
  8    pspadm.PSP_MESSAGE_LOG;

     DEFAULT_GETLENGTH_SIZE_MB      DEFAULT_GETLENGTH_SIZE_MB
------------------------------ ------------------------------
         .00029850006103515625             .00843048095703125

1 row selected.

Elapsed: 00:00:00.06
SQL> 
SQL> select
  2   max(
  3  	 dbms_lob.getlength(RTB_BACKUP)
  4    ) / 1024 / 1024 AS default_getlength_Size_MB
  5  from
  6    pspadm.PSP_RTBAUTOMATIONBACKUP;

     DEFAULT_GETLENGTH_SIZE_MB
------------------------------
         .00043010711669921875

1 row selected.

Elapsed: 00:00:00.02
SQL> 
SQL> select
  2   max(
  3  	 dbms_lob.getlength(QUERY)
  4    ) / 1024 / 1024 AS default_getlength_Size_MB
  5  from
  6    pspadm.PSP_SAVED_REPORTS;

     DEFAULT_GETLENGTH_SIZE_MB
------------------------------


1 row selected.

Elapsed: 00:00:00.00
SQL> 
SQL> select
  2   max(
  3  	 dbms_lob.getlength(VALIDATION_ERROR_RESULT)
  4    ) / 1024 / 1024 AS default_getlength_Size_MB
  5  from
  6    pspadm.PSP_SMSMIGRATION;

     DEFAULT_GETLENGTH_SIZE_MB
------------------------------


1 row selected.

Elapsed: 00:00:00.01
SQL> 
SQL> select /*+ parallel(1,4) */max(
  2  	 dbms_lob.getlength(BANK_LOGO)
  3    ) / 1024 / 1024 AS default_getlength_Size_MB,
  4    max(
  5  	 dbms_lob.getlength(SOURCE_SYSTEM_LOGO)
  6    ) / 1024 / 1024 AS default_getlength_Size_MB
  7  from
  8    pspadm.PSP_SOURCESYS_PRINTEDCHK_INFO;

     DEFAULT_GETLENGTH_SIZE_MB      DEFAULT_GETLENGTH_SIZE_MB
------------------------------ ------------------------------
                                           .00586700439453125

1 row selected.

Elapsed: 00:00:00.01
SQL> 
SQL> select
  2   max(
  3  	 dbms_lob.getlength(S_Q_L)
  4    ) / 1024 / 1024 AS default_getlength_Size_MB
  5  from
  6    pspadm.PSP_SQL_EXECUTION_LOG_ENTRY;

     DEFAULT_GETLENGTH_SIZE_MB
------------------------------
         1.4429111480712890625

1 row selected.

Elapsed: 00:00:00.00
SQL> 
SQL> select
  2   max(
  3  	 dbms_lob.getlength(REPORT_OUTPUT)
  4    ) / 1024 / 1024 AS default_getlength_Size_MB
  5  from
  6    pspadm.PSP_STATE_REPORT_OUTPUT;

     DEFAULT_GETLENGTH_SIZE_MB
------------------------------
       13.73658466339111328125

1 row selected.

Elapsed: 00:00:00.06
SQL> 
SQL> select
  2   max(
  3  	 dbms_lob.getlength(PROCESSED_FILE)
  4    ) / 1024 / 1024 AS default_getlength_Size_MB
  5  from
  6    pspadm.PSP_SUICREDITS_JOB;

     DEFAULT_GETLENGTH_SIZE_MB
------------------------------
         .00033473968505859375

1 row selected.

Elapsed: 00:00:00.01
SQL> 
SQL> select
  2   max(
  3  	 dbms_lob.getlength(FORM9061)
  4    ) / 1024 / 1024 AS default_getlength_Size_MB
  5  from
  6    pspadm.PSP_TAX_CREDITS9061;

     DEFAULT_GETLENGTH_SIZE_MB
------------------------------


1 row selected.

Elapsed: 00:00:00.00
SQL> 
SQL> select /*+ parallel(1,4) */max(
  2  	 dbms_lob.getlength(SIGNED_DOCUMENT)
  3    ) / 1024 / 1024 AS default_getlength_Size_MB,
  4    max(
  5  	 dbms_lob.getlength(UNSIGNED_DOCUMENT)
  6    ) / 1024 / 1024 AS default_getlength_Size_MB
  7  from
  8    pspadm.PSP_TAX_CREDITS_APPLICATION;

     DEFAULT_GETLENGTH_SIZE_MB      DEFAULT_GETLENGTH_SIZE_MB
------------------------------ ------------------------------
           .000003814697265625            .000003814697265625

1 row selected.

Elapsed: 00:00:00.01
SQL> 
SQL> 
SQL> 
SQL> 
SQL> 
SQL> spool off
