08:43:03 SQL> select /*+ FULL(FINANCIAL_TXN_MG42009) parallel(FINANCIAL_TXN_MG42009 ,4) */count(*) from pspadm.PSP_FINANCIAL_TRANSACTION partition (FINANCIAL_TXN_MG42009)FINANCIAL_TXN_MG42009;

  COUNT(*)                                                                      
----------                                                                      
   6359617                                                                      

1 row selected.

Elapsed: 00:00:05.59
08:43:09 SQL> select /*+ FULL(FINANCIAL_TXN_MG52009) parallel(FINANCIAL_TXN_MG52009 ,4) */count(*) from pspadm.PSP_FINANCIAL_TRANSACTION partition (FINANCIAL_TXN_MG52009)FINANCIAL_TXN_MG52009;

  COUNT(*)                                                                      
----------                                                                      
   6473076                                                                      

1 row selected.

Elapsed: 00:00:05.49
08:43:14 SQL> select /*+ FULL(FINANCIAL_TXN_MG62009) parallel(FINANCIAL_TXN_MG62009 ,4) */count(*) from pspadm.PSP_FINANCIAL_TRANSACTION partition (FINANCIAL_TXN_MG62009)FINANCIAL_TXN_MG62009;

  COUNT(*)                                                                      
----------                                                                      
   6506292                                                                      

1 row selected.

Elapsed: 00:00:05.71
08:43:20 SQL> select /*+ FULL(FINANCIAL_TXN_MG12010) parallel(FINANCIAL_TXN_MG12010 ,4) */count(*) from pspadm.PSP_FINANCIAL_TRANSACTION partition (FINANCIAL_TXN_MG12010)FINANCIAL_TXN_MG12010;

  COUNT(*)                                                                      
----------                                                                      
   6064282                                                                      

1 row selected.

Elapsed: 00:00:06.04
08:43:26 SQL> select /*+ FULL(FINANCIAL_TXN_MG22010) parallel(FINANCIAL_TXN_MG22010 ,4) */count(*) from pspadm.PSP_FINANCIAL_TRANSACTION partition (FINANCIAL_TXN_MG22010)FINANCIAL_TXN_MG22010;

  COUNT(*)                                                                      
----------                                                                      
   7076529                                                                      

1 row selected.

Elapsed: 00:00:09.37
08:43:35 SQL> select /*+ FULL(FINANCIAL_TXN_MG32010) parallel(FINANCIAL_TXN_MG32010 ,4) */count(*) from pspadm.PSP_FINANCIAL_TRANSACTION partition (FINANCIAL_TXN_MG32010)FINANCIAL_TXN_MG32010;

  COUNT(*)                                                                      
----------                                                                      
   6763745                                                                      

1 row selected.

Elapsed: 00:00:08.44
08:43:44 SQL> select /*+ FULL(FINANCIAL_TXN_MG42010) parallel(FINANCIAL_TXN_MG42010 ,4) */count(*) from pspadm.PSP_FINANCIAL_TRANSACTION partition (FINANCIAL_TXN_MG42010)FINANCIAL_TXN_MG42010;

  COUNT(*)                                                                      
----------                                                                      
   7326402                                                                      

1 row selected.

Elapsed: 00:00:08.32
08:43:52 SQL> select /*+ FULL(FINANCIAL_TXN_MG52010) parallel(FINANCIAL_TXN_MG52010 ,4) */count(*) from pspadm.PSP_FINANCIAL_TRANSACTION partition (FINANCIAL_TXN_MG52010)FINANCIAL_TXN_MG52010;

  COUNT(*)                                                                      
----------                                                                      
   7278292                                                                      

1 row selected.

Elapsed: 00:00:08.25
08:44:00 SQL> select /*+ FULL(FINANCIAL_TXN_MG62010) parallel(FINANCIAL_TXN_MG62010 ,4) */count(*) from pspadm.PSP_FINANCIAL_TRANSACTION partition (FINANCIAL_TXN_MG62010)FINANCIAL_TXN_MG62010;

  COUNT(*)                                                                      
----------                                                                      
   7460703                                                                      

1 row selected.

Elapsed: 00:00:09.16
08:44:10 SQL> select /*+ FULL(FINANCIAL_TXN_MG12011) parallel(FINANCIAL_TXN_MG12011 ,4) */count(*) from pspadm.PSP_FINANCIAL_TRANSACTION partition (FINANCIAL_TXN_MG12011)FINANCIAL_TXN_MG12011;

  COUNT(*)                                                                      
----------                                                                      
   6864693                                                                      

1 row selected.

Elapsed: 00:00:09.80
08:44:19 SQL> select /*+ FULL(FINANCIAL_TXN_MG22011) parallel(FINANCIAL_TXN_MG22011 ,4) */count(*) from pspadm.PSP_FINANCIAL_TRANSACTION partition (FINANCIAL_TXN_MG22011)FINANCIAL_TXN_MG22011;

  COUNT(*)                                                                      
----------                                                                      
   8526212                                                                      

1 row selected.

Elapsed: 00:00:12.95
08:44:32 SQL> select /*+ FULL(FINANCIAL_TXN_MG32011) parallel(FINANCIAL_TXN_MG32011 ,4) */count(*) from pspadm.PSP_FINANCIAL_TRANSACTION partition (FINANCIAL_TXN_MG32011)FINANCIAL_TXN_MG32011;

  COUNT(*)                                                                      
----------                                                                      
   9703363                                                                      

1 row selected.

Elapsed: 00:00:16.73
08:44:49 SQL> select /*+ FULL(FINANCIAL_TXN_MG42011) parallel(FINANCIAL_TXN_MG42011 ,4) */count(*) from pspadm.PSP_FINANCIAL_TRANSACTION partition (FINANCIAL_TXN_MG42011)FINANCIAL_TXN_MG42011;

  COUNT(*)                                                                      
----------                                                                      
  10559739                                                                      

1 row selected.

Elapsed: 00:00:19.60
08:45:09 SQL> select /*+ FULL(FINANCIAL_TXN_MG52011) parallel(FINANCIAL_TXN_MG52011 ,4) */count(*) from pspadm.PSP_FINANCIAL_TRANSACTION partition (FINANCIAL_TXN_MG52011)FINANCIAL_TXN_MG52011;

  COUNT(*)                                                                      
----------                                                                      
  10960616                                                                      

1 row selected.

Elapsed: 00:00:21.05
08:45:30 SQL> select /*+ FULL(FINANCIAL_TXN_MG62011) parallel(FINANCIAL_TXN_MG62011 ,4) */count(*) from pspadm.PSP_FINANCIAL_TRANSACTION partition (FINANCIAL_TXN_MG62011)FINANCIAL_TXN_MG62011;

  COUNT(*)                                                                      
----------                                                                      
  11087992                                                                      

1 row selected.

Elapsed: 00:00:17.93
08:45:48 SQL> select /*+ FULL(FINANCIAL_TXN_MG12012) parallel(FINANCIAL_TXN_MG12012 ,4) */count(*) from pspadm.PSP_FINANCIAL_TRANSACTION partition (FINANCIAL_TXN_MG12012)FINANCIAL_TXN_MG12012;

  COUNT(*)                                                                      
----------                                                                      
  11181711                                                                      

1 row selected.

Elapsed: 00:00:17.86
08:46:06 SQL> select /*+ FULL(FINANCIAL_TXN_MG22012) parallel(FINANCIAL_TXN_MG22012 ,4) */count(*) from pspadm.PSP_FINANCIAL_TRANSACTION partition (FINANCIAL_TXN_MG22012)FINANCIAL_TXN_MG22012;

  COUNT(*)                                                                      
----------                                                                      
  12935524                                                                      

1 row selected.

Elapsed: 00:00:29.25
08:46:35 SQL> select /*+ FULL(FINANCIAL_TXN_MG32012) parallel(FINANCIAL_TXN_MG32012 ,4) */count(*) from pspadm.PSP_FINANCIAL_TRANSACTION partition (FINANCIAL_TXN_MG32012)FINANCIAL_TXN_MG32012;

  COUNT(*)                                                                      
----------                                                                      
  12334076                                                                      

1 row selected.

Elapsed: 00:00:27.99
08:47:03 SQL> select /*+ FULL(FINANCIAL_TXN_MG42012) parallel(FINANCIAL_TXN_MG42012 ,4) */count(*) from pspadm.PSP_FINANCIAL_TRANSACTION partition (FINANCIAL_TXN_MG42012)FINANCIAL_TXN_MG42012;

  COUNT(*)                                                                      
----------                                                                      
  13704604                                                                      

1 row selected.

Elapsed: 00:00:30.11
08:47:33 SQL> select /*+ FULL(FINANCIAL_TXN_MG52012) parallel(FINANCIAL_TXN_MG52012 ,4) */count(*) from pspadm.PSP_FINANCIAL_TRANSACTION partition (FINANCIAL_TXN_MG52012)FINANCIAL_TXN_MG52012;

  COUNT(*)                                                                      
----------                                                                      
  14330400                                                                      

1 row selected.

Elapsed: 00:00:34.60
08:48:08 SQL> select /*+ FULL(FINANCIAL_TXN_MG62012) parallel(FINANCIAL_TXN_MG62012 ,4) */count(*) from pspadm.PSP_FINANCIAL_TRANSACTION partition (FINANCIAL_TXN_MG62012)FINANCIAL_TXN_MG62012;

  COUNT(*)                                                                      
----------                                                                      
  15666202                                                                      

1 row selected.

Elapsed: 00:00:22.28
08:48:30 SQL> select /*+ FULL(FINANCIAL_TXN_MG12013) parallel(FINANCIAL_TXN_MG12013 ,4) */count(*) from pspadm.PSP_FINANCIAL_TRANSACTION partition (FINANCIAL_TXN_MG12013)FINANCIAL_TXN_MG12013;

  COUNT(*)                                                                      
----------                                                                      
  16154829                                                                      

1 row selected.

Elapsed: 00:00:18.21
08:48:48 SQL> select /*+ FULL(FINANCIAL_TXN_MG22013) parallel(FINANCIAL_TXN_MG22013 ,4) */count(*) from pspadm.PSP_FINANCIAL_TRANSACTION partition (FINANCIAL_TXN_MG22013)FINANCIAL_TXN_MG22013;

  COUNT(*)                                                                      
----------                                                                      
  17020974                                                                      

1 row selected.

Elapsed: 00:00:23.87
08:49:12 SQL> select /*+ FULL(FINANCIAL_TXN_MG32013) parallel(FINANCIAL_TXN_MG32013 ,4) */count(*) from pspadm.PSP_FINANCIAL_TRANSACTION partition (FINANCIAL_TXN_MG32013)FINANCIAL_TXN_MG32013;

  COUNT(*)                                                                      
----------                                                                      
  16662559                                                                      

1 row selected.

Elapsed: 00:00:23.72
08:49:36 SQL> select /*+ FULL(FINANCIAL_TXN_MG42013) parallel(FINANCIAL_TXN_MG42013 ,4) */count(*) from pspadm.PSP_FINANCIAL_TRANSACTION partition (FINANCIAL_TXN_MG42013)FINANCIAL_TXN_MG42013;

  COUNT(*)                                                                      
----------                                                                      
  18246170                                                                      

1 row selected.

Elapsed: 00:00:24.70
08:50:00 SQL> select /*+ FULL(FINANCIAL_TXN_MG52013) parallel(FINANCIAL_TXN_MG52013 ,4) */count(*) from pspadm.PSP_FINANCIAL_TRANSACTION partition (FINANCIAL_TXN_MG52013)FINANCIAL_TXN_MG52013;

  COUNT(*)                                                                      
----------                                                                      
  17413332                                                                      

1 row selected.

Elapsed: 00:00:24.34
08:50:25 SQL> select /*+ FULL(FINANCIAL_TXN_MG62013) parallel(FINANCIAL_TXN_MG62013 ,4) */count(*) from pspadm.PSP_FINANCIAL_TRANSACTION partition (FINANCIAL_TXN_MG62013)FINANCIAL_TXN_MG62013;

  COUNT(*)                                                                      
----------                                                                      
  16894641                                                                      

1 row selected.

Elapsed: 00:00:22.21
08:50:47 SQL> select /*+ FULL(FINANCIAL_TXN_MG12014) parallel(FINANCIAL_TXN_MG12014 ,4) */count(*) from pspadm.PSP_FINANCIAL_TRANSACTION partition (FINANCIAL_TXN_MG12014)FINANCIAL_TXN_MG12014;

  COUNT(*)                                                                      
----------                                                                      
  18051972                                                                      

1 row selected.

Elapsed: 00:00:25.09
08:51:12 SQL> select /*+ FULL(FINANCIAL_TXN_MG22014) parallel(FINANCIAL_TXN_MG22014 ,4) */count(*) from pspadm.PSP_FINANCIAL_TRANSACTION partition (FINANCIAL_TXN_MG22014)FINANCIAL_TXN_MG22014;

  COUNT(*)                                                                      
----------                                                                      
  18054708                                                                      

1 row selected.

Elapsed: 00:00:26.75
08:51:39 SQL> select /*+ FULL(FINANCIAL_TXN_MG32014) parallel(FINANCIAL_TXN_MG32014 ,4) */count(*) from pspadm.PSP_FINANCIAL_TRANSACTION partition (FINANCIAL_TXN_MG32014)FINANCIAL_TXN_MG32014;

  COUNT(*)                                                                      
----------                                                                      
  17971935                                                                      

1 row selected.

Elapsed: 00:00:25.57
08:52:04 SQL> select /*+ FULL(FINANCIAL_TXN_MG42014) parallel(FINANCIAL_TXN_MG42014 ,4) */count(*) from pspadm.PSP_FINANCIAL_TRANSACTION partition (FINANCIAL_TXN_MG42014)FINANCIAL_TXN_MG42014;

  COUNT(*)                                                                      
----------                                                                      
  19614039                                                                      

1 row selected.

Elapsed: 00:00:28.24
08:52:32 SQL> select /*+ FULL(FINANCIAL_TXN_MG52014) parallel(FINANCIAL_TXN_MG52014 ,4) */count(*) from pspadm.PSP_FINANCIAL_TRANSACTION partition (FINANCIAL_TXN_MG52014)FINANCIAL_TXN_MG52014;

  COUNT(*)                                                                      
----------                                                                      
  19619386                                                                      

1 row selected.

Elapsed: 00:00:27.21
08:53:00 SQL> select /*+ FULL(FINANCIAL_TXN_MG62014) parallel(FINANCIAL_TXN_MG62014 ,4) */count(*) from pspadm.PSP_FINANCIAL_TRANSACTION partition (FINANCIAL_TXN_MG62014)FINANCIAL_TXN_MG62014;

  COUNT(*)                                                                      
----------                                                                      
  18277283                                                                      

1 row selected.

Elapsed: 00:00:25.27
08:53:25 SQL> select /*+ FULL(FINANCIAL_TXN_MG12015) parallel(FINANCIAL_TXN_MG12015 ,4) */count(*) from pspadm.PSP_FINANCIAL_TRANSACTION partition (FINANCIAL_TXN_MG12015)FINANCIAL_TXN_MG12015;

  COUNT(*)                                                                      
----------                                                                      
  18641723                                                                      

1 row selected.

Elapsed: 00:00:25.17
08:53:50 SQL> select /*+ FULL(FINANCIAL_TXN_MG22015) parallel(FINANCIAL_TXN_MG22015 ,4) */count(*) from pspadm.PSP_FINANCIAL_TRANSACTION partition (FINANCIAL_TXN_MG22015)FINANCIAL_TXN_MG22015;

  COUNT(*)                                                                      
----------                                                                      
  19655233                                                                      

1 row selected.

Elapsed: 00:00:28.35
08:54:18 SQL> select /*+ FULL(FINANCIAL_TXN_MG32015) parallel(FINANCIAL_TXN_MG32015 ,4) */count(*) from pspadm.PSP_FINANCIAL_TRANSACTION partition (FINANCIAL_TXN_MG32015)FINANCIAL_TXN_MG32015;

  COUNT(*)                                                                      
----------                                                                      
  18963731                                                                      

1 row selected.

Elapsed: 00:00:25.15
08:54:44 SQL> select /*+ FULL(FINANCIAL_TXN_MG42015) parallel(FINANCIAL_TXN_MG42015 ,4) */count(*) from pspadm.PSP_FINANCIAL_TRANSACTION partition (FINANCIAL_TXN_MG42015)FINANCIAL_TXN_MG42015;

  COUNT(*)                                                                      
----------                                                                      
  20923380                                                                      

1 row selected.

Elapsed: 00:00:29.22
08:55:13 SQL> select /*+ FULL(FINANCIAL_TXN_MG52015) parallel(FINANCIAL_TXN_MG52015 ,4) */count(*) from pspadm.PSP_FINANCIAL_TRANSACTION partition (FINANCIAL_TXN_MG52015)FINANCIAL_TXN_MG52015;

  COUNT(*)                                                                      
----------                                                                      
  20635529                                                                      

1 row selected.

Elapsed: 00:00:32.23
08:55:45 SQL> select /*+ FULL(FINANCIAL_TXN_MG62015) parallel(FINANCIAL_TXN_MG62015 ,4) */count(*) from pspadm.PSP_FINANCIAL_TRANSACTION partition (FINANCIAL_TXN_MG62015)FINANCIAL_TXN_MG62015;

  COUNT(*)                                                                      
----------                                                                      
  20421454                                                                      

1 row selected.

Elapsed: 00:00:26.85
08:56:12 SQL> select /*+ FULL(FINANCIAL_TXN_MG12016) parallel(FINANCIAL_TXN_MG12016 ,4) */count(*) from pspadm.PSP_FINANCIAL_TRANSACTION partition (FINANCIAL_TXN_MG12016)FINANCIAL_TXN_MG12016;

  COUNT(*)                                                                      
----------                                                                      
  19135418                                                                      

1 row selected.

Elapsed: 00:00:18.46
08:56:30 SQL> select /*+ FULL(FINANCIAL_TXN_MG22016) parallel(FINANCIAL_TXN_MG22016 ,4) */count(*) from pspadm.PSP_FINANCIAL_TRANSACTION partition (FINANCIAL_TXN_MG22016)FINANCIAL_TXN_MG22016;

  COUNT(*)                                                                      
----------                                                                      
  21128018                                                                      

1 row selected.

Elapsed: 00:00:23.43
08:56:54 SQL> select /*+ FULL(FINANCIAL_TXN_MG32016) parallel(FINANCIAL_TXN_MG32016 ,4) */count(*) from pspadm.PSP_FINANCIAL_TRANSACTION partition (FINANCIAL_TXN_MG32016)FINANCIAL_TXN_MG32016;

  COUNT(*)                                                                      
----------                                                                      
  20493986                                                                      

1 row selected.

Elapsed: 00:00:20.18
08:57:14 SQL> select /*+ FULL(FINANCIAL_TXN_MG42016) parallel(FINANCIAL_TXN_MG42016 ,4) */count(*) from pspadm.PSP_FINANCIAL_TRANSACTION partition (FINANCIAL_TXN_MG42016)FINANCIAL_TXN_MG42016;

  COUNT(*)                                                                      
----------                                                                      
  21603792                                                                      

1 row selected.

Elapsed: 00:00:20.28
08:57:34 SQL> select /*+ FULL(FINANCIAL_TXN_MG52016) parallel(FINANCIAL_TXN_MG52016 ,4) */count(*) from pspadm.PSP_FINANCIAL_TRANSACTION partition (FINANCIAL_TXN_MG52016)FINANCIAL_TXN_MG52016;

  COUNT(*)                                                                      
----------                                                                      
  21395688                                                                      

1 row selected.

Elapsed: 00:00:23.86
08:57:58 SQL> select /*+ FULL(FINANCIAL_TXN_MG62016) parallel(FINANCIAL_TXN_MG62016 ,4) */count(*) from pspadm.PSP_FINANCIAL_TRANSACTION partition (FINANCIAL_TXN_MG62016)FINANCIAL_TXN_MG62016;

  COUNT(*)                                                                      
----------                                                                      
  21390001                                                                      

1 row selected.

Elapsed: 00:00:24.11
08:58:22 SQL> select /*+ FULL(FINANCIAL_TXN_MG12017) parallel(FINANCIAL_TXN_MG12017 ,4) */count(*) from pspadm.PSP_FINANCIAL_TRANSACTION partition (FINANCIAL_TXN_MG12017)FINANCIAL_TXN_MG12017;

  COUNT(*)                                                                      
----------                                                                      
  20110682                                                                      

1 row selected.

Elapsed: 00:00:19.09
08:58:41 SQL> select /*+ FULL(FINANCIAL_TXN_MG22017) parallel(FINANCIAL_TXN_MG22017 ,4) */count(*) from pspadm.PSP_FINANCIAL_TRANSACTION partition (FINANCIAL_TXN_MG22017)FINANCIAL_TXN_MG22017;

  COUNT(*)                                                                      
----------                                                                      
  22231599                                                                      

1 row selected.

Elapsed: 00:00:24.46
08:59:06 SQL> select /*+ FULL(FINANCIAL_TXN_MG32017) parallel(FINANCIAL_TXN_MG32017 ,4) */count(*) from pspadm.PSP_FINANCIAL_TRANSACTION partition (FINANCIAL_TXN_MG32017)FINANCIAL_TXN_MG32017;

  COUNT(*)                                                                      
----------                                                                      
  23024253                                                                      

1 row selected.

Elapsed: 00:00:25.17
08:59:31 SQL> select /*+ FULL(FINANCIAL_TXN_MG42017) parallel(FINANCIAL_TXN_MG42017 ,4) */count(*) from pspadm.PSP_FINANCIAL_TRANSACTION partition (FINANCIAL_TXN_MG42017)FINANCIAL_TXN_MG42017;

  COUNT(*)                                                                      
----------                                                                      
  22443771                                                                      

1 row selected.

Elapsed: 00:00:26.87
08:59:58 SQL> select /*+ FULL(FINANCIAL_TXN_MG52017) parallel(FINANCIAL_TXN_MG52017 ,4) */count(*) from pspadm.PSP_FINANCIAL_TRANSACTION partition (FINANCIAL_TXN_MG52017)FINANCIAL_TXN_MG52017;

  COUNT(*)                                                                      
----------                                                                      
  22571095                                                                      

1 row selected.

Elapsed: 00:00:26.33
09:00:24 SQL> select /*+ FULL(FINANCIAL_TXN_MG62017) parallel(FINANCIAL_TXN_MG62017 ,4) */count(*) from pspadm.PSP_FINANCIAL_TRANSACTION partition (FINANCIAL_TXN_MG62017)FINANCIAL_TXN_MG62017;

  COUNT(*)                                                                      
----------                                                                      
  23017853                                                                      

1 row selected.

Elapsed: 00:00:24.80
09:00:49 SQL> select /*+ FULL(FINANCIAL_TXN_MG12018) parallel(FINANCIAL_TXN_MG12018 ,4) */count(*) from pspadm.PSP_FINANCIAL_TRANSACTION partition (FINANCIAL_TXN_MG12018)FINANCIAL_TXN_MG12018;

  COUNT(*)                                                                      
----------                                                                      
  21782947                                                                      

1 row selected.

Elapsed: 00:00:26.84
09:01:16 SQL> select /*+ FULL(FINANCIAL_TXN_MG22018) parallel(FINANCIAL_TXN_MG22018 ,4) */count(*) from pspadm.PSP_FINANCIAL_TRANSACTION partition (FINANCIAL_TXN_MG22018)FINANCIAL_TXN_MG22018;

  COUNT(*)                                                                      
----------                                                                      
  23899355                                                                      

1 row selected.

Elapsed: 00:00:28.00
09:01:44 SQL> select /*+ FULL(FINANCIAL_TXN_MG32018) parallel(FINANCIAL_TXN_MG32018 ,4) */count(*) from pspadm.PSP_FINANCIAL_TRANSACTION partition (FINANCIAL_TXN_MG32018)FINANCIAL_TXN_MG32018;

  COUNT(*)                                                                      
----------                                                                      
  23941699                                                                      

1 row selected.

Elapsed: 00:00:20.56
09:02:04 SQL> select /*+ FULL(FINANCIAL_TXN_MG42018) parallel(FINANCIAL_TXN_MG42018 ,4) */count(*) from pspadm.PSP_FINANCIAL_TRANSACTION partition (FINANCIAL_TXN_MG42018)FINANCIAL_TXN_MG42018;

  COUNT(*)                                                                      
----------                                                                      
  25167068                                                                      

1 row selected.

Elapsed: 00:00:19.38
09:02:24 SQL> select /*+ FULL(FINANCIAL_TXN_MG52018) parallel(FINANCIAL_TXN_MG52018 ,4) */count(*) from pspadm.PSP_FINANCIAL_TRANSACTION partition (FINANCIAL_TXN_MG52018)FINANCIAL_TXN_MG52018;

  COUNT(*)                                                                      
----------                                                                      
  23338506                                                                      

1 row selected.

Elapsed: 00:00:17.82
09:02:42 SQL> select /*+ FULL(FINANCIAL_TXN_MG62018) parallel(FINANCIAL_TXN_MG62018 ,4) */count(*) from pspadm.PSP_FINANCIAL_TRANSACTION partition (FINANCIAL_TXN_MG62018)FINANCIAL_TXN_MG62018;

  COUNT(*)                                                                      
----------                                                                      
  24267154                                                                      

1 row selected.

Elapsed: 00:00:19.99
09:03:02 SQL> select /*+ FULL(FINANCIAL_TXN_MG12019) parallel(FINANCIAL_TXN_MG12019 ,4) */count(*) from pspadm.PSP_FINANCIAL_TRANSACTION partition (FINANCIAL_TXN_MG12019)FINANCIAL_TXN_MG12019;

  COUNT(*)                                                                      
----------                                                                      
  23469855                                                                      

1 row selected.

Elapsed: 00:00:18.57
09:03:20 SQL> select /*+ FULL(FINANCIAL_TXN_MG22019) parallel(FINANCIAL_TXN_MG22019 ,4) */count(*) from pspadm.PSP_FINANCIAL_TRANSACTION partition (FINANCIAL_TXN_MG22019)FINANCIAL_TXN_MG22019;

  COUNT(*)                                                                      
----------                                                                      
  24884926                                                                      

1 row selected.

Elapsed: 00:00:18.52
09:03:39 SQL> select /*+ FULL(FINANCIAL_TXN_MG32019) parallel(FINANCIAL_TXN_MG32019 ,4) */count(*) from pspadm.PSP_FINANCIAL_TRANSACTION partition (FINANCIAL_TXN_MG32019)FINANCIAL_TXN_MG32019;

  COUNT(*)                                                                      
----------                                                                      
  25154485                                                                      

1 row selected.

Elapsed: 00:00:20.71
09:03:59 SQL> select /*+ FULL(FINANCIAL_TXN_MG42019) parallel(FINANCIAL_TXN_MG42019 ,4) */count(*) from pspadm.PSP_FINANCIAL_TRANSACTION partition (FINANCIAL_TXN_MG42019)FINANCIAL_TXN_MG42019;

  COUNT(*)                                                                      
----------                                                                      
  26584136                                                                      

1 row selected.

Elapsed: 00:00:21.52
09:04:21 SQL> select /*+ FULL(FINANCIAL_TXN_MG52019) parallel(FINANCIAL_TXN_MG52019 ,4) */count(*) from pspadm.PSP_FINANCIAL_TRANSACTION partition (FINANCIAL_TXN_MG52019)FINANCIAL_TXN_MG52019;

  COUNT(*)                                                                      
----------                                                                      
  25103406                                                                      

1 row selected.

Elapsed: 00:00:16.32
09:04:37 SQL> select /*+ FULL(FINANCIAL_TXN_MG62019) parallel(FINANCIAL_TXN_MG62019 ,4) */count(*) from pspadm.PSP_FINANCIAL_TRANSACTION partition (FINANCIAL_TXN_MG62019)FINANCIAL_TXN_MG62019;

  COUNT(*)                                                                      
----------                                                                      
  25093732                                                                      

1 row selected.

Elapsed: 00:00:19.75
09:04:57 SQL> 
09:04:57 SQL> spool off
