01:05:37 SQL> select /*+ FULL(ENTRY_DETAIL_RCD_M012023) parallel(ENTRY_DETAIL_RCD_M012023 ,4) */count(*) from pspadm.PSP_ENTRY_DETAIL_RECORD partition (ENTRY_DETAIL_RCD_M012023)ENTRY_DETAIL_RCD_M012023 ;

  COUNT(*)                                                                      
----------                                                                      
  22339162                                                                      

1 row selected.

Elapsed: 00:00:37.07
01:06:14 SQL> select /*+ FULL(ENTRY_DETAIL_RCD_M022023) parallel(ENTRY_DETAIL_RCD_M022023 ,4) */count(*) from pspadm.PSP_ENTRY_DETAIL_RECORD partition (ENTRY_DETAIL_RCD_M022023)ENTRY_DETAIL_RCD_M022023 ;

  COUNT(*)                                                                      
----------                                                                      
  21639920                                                                      

1 row selected.

Elapsed: 00:00:50.26
01:07:04 SQL> select /*+ FULL(ENTRY_DETAIL_RCD_M032023) parallel(ENTRY_DETAIL_RCD_M032023 ,4) */count(*) from pspadm.PSP_ENTRY_DETAIL_RECORD partition (ENTRY_DETAIL_RCD_M032023)ENTRY_DETAIL_RCD_M032023 ;

  COUNT(*)                                                                      
----------                                                                      
  25317477                                                                      

1 row selected.

Elapsed: 00:01:15.25
01:08:20 SQL> select /*+ FULL(ENTRY_DETAIL_RCD_M042023) parallel(ENTRY_DETAIL_RCD_M042023 ,4) */count(*) from pspadm.PSP_ENTRY_DETAIL_RECORD partition (ENTRY_DETAIL_RCD_M042023)ENTRY_DETAIL_RCD_M042023 ;

  COUNT(*)                                                                      
----------                                                                      
  22073033                                                                      

1 row selected.

Elapsed: 00:01:20.28
01:09:40 SQL> select /*+ FULL(ENTRY_DETAIL_RCD_M052023) parallel(ENTRY_DETAIL_RCD_M052023 ,4) */count(*) from pspadm.PSP_ENTRY_DETAIL_RECORD partition (ENTRY_DETAIL_RCD_M052023)ENTRY_DETAIL_RCD_M052023 ;

  COUNT(*)                                                                      
----------                                                                      
  26185277                                                                      

1 row selected.

Elapsed: 00:01:32.08
01:11:12 SQL> select /*+ FULL(ENTRY_DETAIL_RCD_M062023) parallel(ENTRY_DETAIL_RCD_M062023 ,4) */count(*) from pspadm.PSP_ENTRY_DETAIL_RECORD partition (ENTRY_DETAIL_RCD_M062023)ENTRY_DETAIL_RCD_M062023 ;

  COUNT(*)                                                                      
----------                                                                      
  23297600                                                                      

1 row selected.

Elapsed: 00:01:25.86
01:12:38 SQL> select /*+ FULL(ENTRY_DETAIL_RCD_M012022) parallel(ENTRY_DETAIL_RCD_M012022 ,4) */count(*) from pspadm.PSP_ENTRY_DETAIL_RECORD partition (ENTRY_DETAIL_RCD_M012022)ENTRY_DETAIL_RCD_M012022 ;

  COUNT(*)                                                                      
----------                                                                      
  21533392                                                                      

1 row selected.

Elapsed: 00:01:19.99
01:13:58 SQL> select /*+ FULL(ENTRY_DETAIL_RCD_M022022) parallel(ENTRY_DETAIL_RCD_M022022 ,4) */count(*) from pspadm.PSP_ENTRY_DETAIL_RECORD partition (ENTRY_DETAIL_RCD_M022022)ENTRY_DETAIL_RCD_M022022 ;

  COUNT(*)                                                                      
----------                                                                      
  21502560                                                                      

1 row selected.

Elapsed: 00:01:31.47
01:15:29 SQL> select /*+ FULL(ENTRY_DETAIL_RCD_M032022) parallel(ENTRY_DETAIL_RCD_M032022 ,4) */count(*) from pspadm.PSP_ENTRY_DETAIL_RECORD partition (ENTRY_DETAIL_RCD_M032022)ENTRY_DETAIL_RCD_M032022 ;

  COUNT(*)                                                                      
----------                                                                      
  25845362                                                                      

1 row selected.

Elapsed: 00:01:53.70
01:17:23 SQL> select /*+ FULL(ENTRY_DETAIL_RCD_M042022) parallel(ENTRY_DETAIL_RCD_M042022 ,4) */count(*) from pspadm.PSP_ENTRY_DETAIL_RECORD partition (ENTRY_DETAIL_RCD_M042022)ENTRY_DETAIL_RCD_M042022 ;

  COUNT(*)                                                                      
----------                                                                      
  22390844                                                                      

1 row selected.

Elapsed: 00:01:25.55
01:18:48 SQL> select /*+ FULL(ENTRY_DETAIL_RCD_M052022) parallel(ENTRY_DETAIL_RCD_M052022 ,4) */count(*) from pspadm.PSP_ENTRY_DETAIL_RECORD partition (ENTRY_DETAIL_RCD_M052022)ENTRY_DETAIL_RCD_M052022 ;

  COUNT(*)                                                                      
----------                                                                      
  23511688                                                                      

1 row selected.

Elapsed: 00:01:29.50
01:20:18 SQL> select /*+ FULL(ENTRY_DETAIL_RCD_M062022) parallel(ENTRY_DETAIL_RCD_M062022 ,4) */count(*) from pspadm.PSP_ENTRY_DETAIL_RECORD partition (ENTRY_DETAIL_RCD_M062022)ENTRY_DETAIL_RCD_M062022 ;

  COUNT(*)                                                                      
----------                                                                      
  26337894                                                                      

1 row selected.

Elapsed: 00:01:24.63
01:21:43 SQL> select /*+ FULL(ENTRY_DETAIL_RCD_M072022) parallel(ENTRY_DETAIL_RCD_M072022 ,4) */count(*) from pspadm.PSP_ENTRY_DETAIL_RECORD partition (ENTRY_DETAIL_RCD_M072022)ENTRY_DETAIL_RCD_M072022 ;

  COUNT(*)                                                                      
----------                                                                      
  22589778                                                                      

1 row selected.

Elapsed: 00:01:10.67
01:22:53 SQL> select /*+ FULL(ENTRY_DETAIL_RCD_M082022) parallel(ENTRY_DETAIL_RCD_M082022 ,4) */count(*) from pspadm.PSP_ENTRY_DETAIL_RECORD partition (ENTRY_DETAIL_RCD_M082022)ENTRY_DETAIL_RCD_M082022 ;

  COUNT(*)                                                                      
----------                                                                      
  26900145                                                                      

1 row selected.

Elapsed: 00:01:24.94
01:24:18 SQL> select /*+ FULL(ENTRY_DETAIL_RCD_M092022) parallel(ENTRY_DETAIL_RCD_M092022 ,4) */count(*) from pspadm.PSP_ENTRY_DETAIL_RECORD partition (ENTRY_DETAIL_RCD_M092022)ENTRY_DETAIL_RCD_M092022 ;

  COUNT(*)                                                                      
----------                                                                      
  23025088                                                                      

1 row selected.

Elapsed: 00:01:13.58
01:25:32 SQL> select /*+ FULL(ENTRY_DETAIL_RCD_M102022) parallel(ENTRY_DETAIL_RCD_M102022 ,4) */count(*) from pspadm.PSP_ENTRY_DETAIL_RECORD partition (ENTRY_DETAIL_RCD_M102022)ENTRY_DETAIL_RCD_M102022 ;

  COUNT(*)                                                                      
----------                                                                      
  23032104                                                                      

1 row selected.

Elapsed: 00:01:12.11
01:26:44 SQL> select /*+ FULL(ENTRY_DETAIL_RCD_M112022) parallel(ENTRY_DETAIL_RCD_M112022 ,4) */count(*) from pspadm.PSP_ENTRY_DETAIL_RECORD partition (ENTRY_DETAIL_RCD_M112022)ENTRY_DETAIL_RCD_M112022 ;

  COUNT(*)                                                                      
----------                                                                      
  25493119                                                                      

1 row selected.

Elapsed: 00:01:18.86
01:28:03 SQL> select /*+ FULL(ENTRY_DETAIL_RCD_M122022) parallel(ENTRY_DETAIL_RCD_M122022 ,4) */count(*) from pspadm.PSP_ENTRY_DETAIL_RECORD partition (ENTRY_DETAIL_RCD_M122022)ENTRY_DETAIL_RCD_M122022 ;

  COUNT(*)                                                                      
----------                                                                      
  23770539                                                                      

1 row selected.

Elapsed: 00:01:11.78
01:29:15 SQL> select /*+ FULL(ENTRY_DETAIL_RCD_M012020) parallel(ENTRY_DETAIL_RCD_M012020 ,4) */count(*) from pspadm.PSP_ENTRY_DETAIL_RECORD partition (ENTRY_DETAIL_RCD_M012020)ENTRY_DETAIL_RCD_M012020 ;

  COUNT(*)                                                                      
----------                                                                      
  20128241                                                                      

1 row selected.

Elapsed: 00:01:02.36
01:30:17 SQL> select /*+ FULL(ENTRY_DETAIL_RCD_M022020) parallel(ENTRY_DETAIL_RCD_M022020 ,4) */count(*) from pspadm.PSP_ENTRY_DETAIL_RECORD partition (ENTRY_DETAIL_RCD_M022020)ENTRY_DETAIL_RCD_M022020 ;

  COUNT(*)                                                                      
----------                                                                      
  20119847                                                                      

1 row selected.

Elapsed: 00:01:01.23
01:31:18 SQL> select /*+ FULL(ENTRY_DETAIL_RCD_M032020) parallel(ENTRY_DETAIL_RCD_M032020 ,4) */count(*) from pspadm.PSP_ENTRY_DETAIL_RECORD partition (ENTRY_DETAIL_RCD_M032020)ENTRY_DETAIL_RCD_M032020 ;

  COUNT(*)                                                                      
----------                                                                      
  21291313                                                                      

1 row selected.

Elapsed: 00:01:05.11
01:32:23 SQL> select /*+ FULL(ENTRY_DETAIL_RCD_M042020) parallel(ENTRY_DETAIL_RCD_M042020 ,4) */count(*) from pspadm.PSP_ENTRY_DETAIL_RECORD partition (ENTRY_DETAIL_RCD_M042020)ENTRY_DETAIL_RCD_M042020 ;

  COUNT(*)                                                                      
----------                                                                      
  20480168                                                                      

1 row selected.

Elapsed: 00:01:01.18
01:33:24 SQL> select /*+ FULL(ENTRY_DETAIL_RCD_M052020) parallel(ENTRY_DETAIL_RCD_M052020 ,4) */count(*) from pspadm.PSP_ENTRY_DETAIL_RECORD partition (ENTRY_DETAIL_RCD_M052020)ENTRY_DETAIL_RCD_M052020 ;

  COUNT(*)                                                                      
----------                                                                      
  19094166                                                                      

1 row selected.

Elapsed: 00:01:00.06
01:34:24 SQL> select /*+ FULL(ENTRY_DETAIL_RCD_M062020) parallel(ENTRY_DETAIL_RCD_M062020 ,4) */count(*) from pspadm.PSP_ENTRY_DETAIL_RECORD partition (ENTRY_DETAIL_RCD_M062020)ENTRY_DETAIL_RCD_M062020 ;

  COUNT(*)                                                                      
----------                                                                      
  22089208                                                                      

1 row selected.

Elapsed: 00:01:02.84
01:35:27 SQL> select /*+ FULL(ENTRY_DETAIL_RCD_M072020) parallel(ENTRY_DETAIL_RCD_M072020 ,4) */count(*) from pspadm.PSP_ENTRY_DETAIL_RECORD partition (ENTRY_DETAIL_RCD_M072020)ENTRY_DETAIL_RCD_M072020 ;

  COUNT(*)                                                                      
----------                                                                      
  22285859                                                                      

1 row selected.

Elapsed: 00:00:49.16
01:36:16 SQL> select /*+ FULL(ENTRY_DETAIL_RCD_M082020) parallel(ENTRY_DETAIL_RCD_M082020 ,4) */count(*) from pspadm.PSP_ENTRY_DETAIL_RECORD partition (ENTRY_DETAIL_RCD_M082020)ENTRY_DETAIL_RCD_M082020 ;

  COUNT(*)                                                                      
----------                                                                      
  20824728                                                                      

1 row selected.

Elapsed: 00:00:35.86
01:36:52 SQL> select /*+ FULL(ENTRY_DETAIL_RCD_M092020) parallel(ENTRY_DETAIL_RCD_M092020 ,4) */count(*) from pspadm.PSP_ENTRY_DETAIL_RECORD partition (ENTRY_DETAIL_RCD_M092020)ENTRY_DETAIL_RCD_M092020 ;

  COUNT(*)                                                                      
----------                                                                      
  23868695                                                                      

1 row selected.

Elapsed: 00:00:39.97
01:37:32 SQL> select /*+ FULL(ENTRY_DETAIL_RCD_M102020) parallel(ENTRY_DETAIL_RCD_M102020 ,4) */count(*) from pspadm.PSP_ENTRY_DETAIL_RECORD partition (ENTRY_DETAIL_RCD_M102020)ENTRY_DETAIL_RCD_M102020 ;

  COUNT(*)                                                                      
----------                                                                      
  21012641                                                                      

1 row selected.

Elapsed: 00:00:35.91
01:38:08 SQL> select /*+ FULL(ENTRY_DETAIL_RCD_M112020) parallel(ENTRY_DETAIL_RCD_M112020 ,4) */count(*) from pspadm.PSP_ENTRY_DETAIL_RECORD partition (ENTRY_DETAIL_RCD_M112020)ENTRY_DETAIL_RCD_M112020 ;

  COUNT(*)                                                                      
----------                                                                      
  20747382                                                                      

1 row selected.

Elapsed: 00:00:34.98
01:38:43 SQL> select /*+ FULL(ENTRY_DETAIL_RCD_M122020) parallel(ENTRY_DETAIL_RCD_M122020 ,4) */count(*) from pspadm.PSP_ENTRY_DETAIL_RECORD partition (ENTRY_DETAIL_RCD_M122020)ENTRY_DETAIL_RCD_M122020 ;

  COUNT(*)                                                                      
----------                                                                      
  25130692                                                                      

1 row selected.

Elapsed: 00:00:41.64
01:39:25 SQL> select /*+ FULL(ENTRY_DETAIL_RCD_M012021) parallel(ENTRY_DETAIL_RCD_M012021 ,4) */count(*) from pspadm.PSP_ENTRY_DETAIL_RECORD partition (ENTRY_DETAIL_RCD_M012021)ENTRY_DETAIL_RCD_M012021 ;

  COUNT(*)                                                                      
----------                                                                      
  19857222                                                                      

1 row selected.

Elapsed: 00:00:33.55
01:39:58 SQL> select /*+ FULL(ENTRY_DETAIL_RCD_M022021) parallel(ENTRY_DETAIL_RCD_M022021 ,4) */count(*) from pspadm.PSP_ENTRY_DETAIL_RECORD partition (ENTRY_DETAIL_RCD_M022021)ENTRY_DETAIL_RCD_M022021 ;

  COUNT(*)                                                                      
----------                                                                      
  20228039                                                                      

1 row selected.

Elapsed: 00:00:34.15
01:40:33 SQL> select /*+ FULL(ENTRY_DETAIL_RCD_M032021) parallel(ENTRY_DETAIL_RCD_M032021 ,4) */count(*) from pspadm.PSP_ENTRY_DETAIL_RECORD partition (ENTRY_DETAIL_RCD_M032021)ENTRY_DETAIL_RCD_M032021 ;

  COUNT(*)                                                                      
----------                                                                      
  24518125                                                                      

1 row selected.

Elapsed: 00:00:44.67
01:41:17 SQL> select /*+ FULL(ENTRY_DETAIL_RCD_M042021) parallel(ENTRY_DETAIL_RCD_M042021 ,4) */count(*) from pspadm.PSP_ENTRY_DETAIL_RECORD partition (ENTRY_DETAIL_RCD_M042021)ENTRY_DETAIL_RCD_M042021 ;

  COUNT(*)                                                                      
----------                                                                      
  21957249                                                                      

1 row selected.

Elapsed: 00:00:39.47
01:41:57 SQL> select /*+ FULL(ENTRY_DETAIL_RCD_M052021) parallel(ENTRY_DETAIL_RCD_M052021 ,4) */count(*) from pspadm.PSP_ENTRY_DETAIL_RECORD partition (ENTRY_DETAIL_RCD_M052021)ENTRY_DETAIL_RCD_M052021 ;

  COUNT(*)                                                                      
----------                                                                      
  21631059                                                                      

1 row selected.

Elapsed: 00:00:38.54
01:42:35 SQL> select /*+ FULL(ENTRY_DETAIL_RCD_M062021) parallel(ENTRY_DETAIL_RCD_M062021 ,4) */count(*) from pspadm.PSP_ENTRY_DETAIL_RECORD partition (ENTRY_DETAIL_RCD_M062021)ENTRY_DETAIL_RCD_M062021 ;

  COUNT(*)                                                                      
----------                                                                      
  25724868                                                                      

1 row selected.

Elapsed: 00:00:44.59
01:43:20 SQL> select /*+ FULL(ENTRY_DETAIL_RCD_M072021) parallel(ENTRY_DETAIL_RCD_M072021 ,4) */count(*) from pspadm.PSP_ENTRY_DETAIL_RECORD partition (ENTRY_DETAIL_RCD_M072021)ENTRY_DETAIL_RCD_M072021 ;

  COUNT(*)                                                                      
----------                                                                      
  22504328                                                                      

1 row selected.

Elapsed: 00:00:40.55
01:44:00 SQL> select /*+ FULL(ENTRY_DETAIL_RCD_M082021) parallel(ENTRY_DETAIL_RCD_M082021 ,4) */count(*) from pspadm.PSP_ENTRY_DETAIL_RECORD partition (ENTRY_DETAIL_RCD_M082021)ENTRY_DETAIL_RCD_M082021 ;

  COUNT(*)                                                                      
----------                                                                      
  23111919                                                                      

1 row selected.

Elapsed: 00:00:31.26
01:44:32 SQL> select /*+ FULL(ENTRY_DETAIL_RCD_M092021) parallel(ENTRY_DETAIL_RCD_M092021 ,4) */count(*) from pspadm.PSP_ENTRY_DETAIL_RECORD partition (ENTRY_DETAIL_RCD_M092021)ENTRY_DETAIL_RCD_M092021 ;

  COUNT(*)                                                                      
----------                                                                      
  25148827                                                                      

1 row selected.

Elapsed: 00:00:34.11
01:45:06 SQL> select /*+ FULL(ENTRY_DETAIL_RCD_M102021) parallel(ENTRY_DETAIL_RCD_M102021 ,4) */count(*) from pspadm.PSP_ENTRY_DETAIL_RECORD partition (ENTRY_DETAIL_RCD_M102021)ENTRY_DETAIL_RCD_M102021 ;

  COUNT(*)                                                                      
----------                                                                      
  22193584                                                                      

1 row selected.

Elapsed: 00:00:30.83
01:45:37 SQL> select /*+ FULL(ENTRY_DETAIL_RCD_M112021) parallel(ENTRY_DETAIL_RCD_M112021 ,4) */count(*) from pspadm.PSP_ENTRY_DETAIL_RECORD partition (ENTRY_DETAIL_RCD_M112021)ENTRY_DETAIL_RCD_M112021 ;

  COUNT(*)                                                                      
----------                                                                      
  22840810                                                                      

1 row selected.

Elapsed: 00:00:31.77
01:46:08 SQL> select /*+ FULL(ENTRY_DETAIL_RCD_M122021) parallel(ENTRY_DETAIL_RCD_M122021 ,4) */count(*) from pspadm.PSP_ENTRY_DETAIL_RECORD partition (ENTRY_DETAIL_RCD_M122021)ENTRY_DETAIL_RCD_M122021 ;

  COUNT(*)                                                                      
----------                                                                      
  26086090                                                                      

1 row selected.

Elapsed: 00:00:34.34
01:46:43 SQL> select /*+ FULL(ENTRY_DETAIL_RCD_9999) parallel(ENTRY_DETAIL_RCD_9999 ,4) */count(*) from pspadm.PSP_ENTRY_DETAIL_RECORD partition (ENTRY_DETAIL_RCD_9999)ENTRY_DETAIL_RCD_9999 ;

  COUNT(*)                                                                      
----------                                                                      
         0                                                                      

1 row selected.

Elapsed: 00:00:00.00
01:46:43 SQL> 01:46:43 SQL>     exit
