Timing is on.
insert into pspadm.psp_financial_transaction_hash select * from pspadm.psp_financial_transaction_financial_txn_9999;
INSERT 0 34600
Time: 377.930 ms
insert into pspadm.psp_financial_transaction_hash select * from pspadm.psp_financial_transaction_financial_txn_mg12010;
INSERT 0 6064282
Time: 45840.318 ms (00:45.840)
insert into pspadm.psp_financial_transaction_hash select * from pspadm.psp_financial_transaction_financial_txn_mg12011;
INSERT 0 6864693
Time: 52751.569 ms (00:52.752)
insert into pspadm.psp_financial_transaction_hash select * from pspadm.psp_financial_transaction_financial_txn_mg12012;
INSERT 0 11181711
Time: 86849.515 ms (01:26.850)
insert into pspadm.psp_financial_transaction_hash select * from pspadm.psp_financial_transaction_financial_txn_mg12013;
INSERT 0 16154829
Time: 124518.001 ms (02:04.518)
insert into pspadm.psp_financial_transaction_hash select * from pspadm.psp_financial_transaction_financial_txn_mg12014;
INSERT 0 18051972
Time: 141089.806 ms (02:21.090)
insert into pspadm.psp_financial_transaction_hash select * from pspadm.psp_financial_transaction_financial_txn_mg12015;
INSERT 0 18641723
Time: 144899.479 ms (02:24.899)
insert into pspadm.psp_financial_transaction_hash select * from pspadm.psp_financial_transaction_financial_txn_mg12016;
INSERT 0 19135418
Time: 149346.995 ms (02:29.347)
insert into pspadm.psp_financial_transaction_hash select * from pspadm.psp_financial_transaction_financial_txn_mg12017;
INSERT 0 20110687
Time: 158196.614 ms (02:38.197)
insert into pspadm.psp_financial_transaction_hash select * from pspadm.psp_financial_transaction_financial_txn_mg12018;
INSERT 0 21782947
Time: 170284.535 ms (02:50.285)
insert into pspadm.psp_financial_transaction_hash select * from pspadm.psp_financial_transaction_financial_txn_mg12019;
INSERT 0 23469858
Time: 182604.019 ms (03:02.604)
insert into pspadm.psp_financial_transaction_hash select * from pspadm.psp_financial_transaction_financial_txn_mg12020;
INSERT 0 25510197
Time: 198895.854 ms (03:18.896)
insert into pspadm.psp_financial_transaction_hash select * from pspadm.psp_financial_transaction_financial_txn_mg12021;
INSERT 0 23697345
Time: 183081.084 ms (03:03.081)
insert into pspadm.psp_financial_transaction_hash select * from pspadm.psp_financial_transaction_financial_txn_mg12022;
INSERT 0 24955722
Time: 197207.631 ms (03:17.208)
insert into pspadm.psp_financial_transaction_hash select * from pspadm.psp_financial_transaction_financial_txn_mg22010;
INSERT 0 7076529
Time: 55124.475 ms (00:55.124)
insert into pspadm.psp_financial_transaction_hash select * from pspadm.psp_financial_transaction_financial_txn_mg22011;
INSERT 0 8526212
Time: 66307.408 ms (01:06.307)
insert into pspadm.psp_financial_transaction_hash select * from pspadm.psp_financial_transaction_financial_txn_mg22012;
INSERT 0 12935525
Time: 97844.275 ms (01:37.844)
insert into pspadm.psp_financial_transaction_hash select * from pspadm.psp_financial_transaction_financial_txn_mg22013;
INSERT 0 17020974
Time: 127195.933 ms (02:07.196)
insert into pspadm.psp_financial_transaction_hash select * from pspadm.psp_financial_transaction_financial_txn_mg22014;
INSERT 0 18054708
Time: 137169.731 ms (02:17.170)
insert into pspadm.psp_financial_transaction_hash select * from pspadm.psp_financial_transaction_financial_txn_mg22015;
INSERT 0 19655233
Time: 151747.088 ms (02:31.747)
insert into pspadm.psp_financial_transaction_hash select * from pspadm.psp_financial_transaction_financial_txn_mg22016;
INSERT 0 21128018
Time: 164356.648 ms (02:44.357)
insert into pspadm.psp_financial_transaction_hash select * from pspadm.psp_financial_transaction_financial_txn_mg22017;
INSERT 0 22231599
Time: 177966.722 ms (02:57.967)
insert into pspadm.psp_financial_transaction_hash select * from pspadm.psp_financial_transaction_financial_txn_mg22018;
INSERT 0 23899354
Time: 183363.755 ms (03:03.364)
insert into pspadm.psp_financial_transaction_hash select * from pspadm.psp_financial_transaction_financial_txn_mg22019;
INSERT 0 24884952
Time: 193170.237 ms (03:13.170)
insert into pspadm.psp_financial_transaction_hash select * from pspadm.psp_financial_transaction_financial_txn_mg22020;
INSERT 0 23993914
Time: 183190.110 ms (03:03.190)
insert into pspadm.psp_financial_transaction_hash select * from pspadm.psp_financial_transaction_financial_txn_mg22021;
INSERT 0 27491036
Time: 210775.198 ms (03:30.775)
insert into pspadm.psp_financial_transaction_hash select * from pspadm.psp_financial_transaction_financial_txn_mg22022;
INSERT 0 27951610
Time: 222630.933 ms (03:42.631)
insert into pspadm.psp_financial_transaction_hash select * from pspadm.psp_financial_transaction_financial_txn_mg32010;
INSERT 0 6763745
Time: 55546.843 ms (00:55.547)
insert into pspadm.psp_financial_transaction_hash select * from pspadm.psp_financial_transaction_financial_txn_mg32011;
INSERT 0 9703363
Time: 76812.683 ms (01:16.813)
insert into pspadm.psp_financial_transaction_hash select * from pspadm.psp_financial_transaction_financial_txn_mg32012;
INSERT 0 12334076
Time: 98574.228 ms (01:38.574)
insert into pspadm.psp_financial_transaction_hash select * from pspadm.psp_financial_transaction_financial_txn_mg32013;
INSERT 0 16662559
Time: 136784.160 ms (02:16.784)
insert into pspadm.psp_financial_transaction_hash select * from pspadm.psp_financial_transaction_financial_txn_mg32014;
INSERT 0 17971935
Time: 143583.197 ms (02:23.583)
insert into pspadm.psp_financial_transaction_hash select * from pspadm.psp_financial_transaction_financial_txn_mg32015;
INSERT 0 18963731
Time: 149448.592 ms (02:29.449)
insert into pspadm.psp_financial_transaction_hash select * from pspadm.psp_financial_transaction_financial_txn_mg32016;
INSERT 0 20493985
Time: 163105.844 ms (02:43.106)
insert into pspadm.psp_financial_transaction_hash select * from pspadm.psp_financial_transaction_financial_txn_mg32017;
INSERT 0 23024260
Time: 186532.473 ms (03:06.532)
insert into pspadm.psp_financial_transaction_hash select * from pspadm.psp_financial_transaction_financial_txn_mg32018;
INSERT 0 23941703
Time: 188791.045 ms (03:08.791)
insert into pspadm.psp_financial_transaction_hash select * from pspadm.psp_financial_transaction_financial_txn_mg32019;
INSERT 0 25154520
Time: 199371.817 ms (03:19.372)
insert into pspadm.psp_financial_transaction_hash select * from pspadm.psp_financial_transaction_financial_txn_mg32020;
INSERT 0 23595123
Time: 189563.314 ms (03:09.563)
insert into pspadm.psp_financial_transaction_hash select * from pspadm.psp_financial_transaction_financial_txn_mg32021;
INSERT 0 25182332
Time: 208665.904 ms (03:28.666)
insert into pspadm.psp_financial_transaction_hash select * from pspadm.psp_financial_transaction_financial_txn_mg32022;
INSERT 0 27217498
Time: 220724.461 ms (03:40.724)
insert into pspadm.psp_financial_transaction_hash select * from pspadm.psp_financial_transaction_financial_txn_mg42009;
INSERT 0 6359617
Time: 53418.664 ms (00:53.419)
insert into pspadm.psp_financial_transaction_hash select * from pspadm.psp_financial_transaction_financial_txn_mg42010;
INSERT 0 7326402
Time: 58448.314 ms (00:58.448)
insert into pspadm.psp_financial_transaction_hash select * from pspadm.psp_financial_transaction_financial_txn_mg42011;
INSERT 0 10559739
Time: 85498.612 ms (01:25.499)
insert into pspadm.psp_financial_transaction_hash select * from pspadm.psp_financial_transaction_financial_txn_mg42012;
INSERT 0 13704604
Time: 111099.458 ms (01:51.099)
insert into pspadm.psp_financial_transaction_hash select * from pspadm.psp_financial_transaction_financial_txn_mg42013;
INSERT 0 18246170
Time: 146330.424 ms (02:26.330)
insert into pspadm.psp_financial_transaction_hash select * from pspadm.psp_financial_transaction_financial_txn_mg42014;
INSERT 0 19614039
Time: 160423.400 ms (02:40.423)
insert into pspadm.psp_financial_transaction_hash select * from pspadm.psp_financial_transaction_financial_txn_mg42015;
INSERT 0 20923385
Time: 169940.898 ms (02:49.941)
insert into pspadm.psp_financial_transaction_hash select * from pspadm.psp_financial_transaction_financial_txn_mg42016;
INSERT 0 21603792
Time: 173518.205 ms (02:53.518)
insert into pspadm.psp_financial_transaction_hash select * from pspadm.psp_financial_transaction_financial_txn_mg42017;
INSERT 0 22443771
Time: 180945.659 ms (03:00.946)
insert into pspadm.psp_financial_transaction_hash select * from pspadm.psp_financial_transaction_financial_txn_mg42018;
INSERT 0 25167068
Time: 201333.490 ms (03:21.333)
insert into pspadm.psp_financial_transaction_hash select * from pspadm.psp_financial_transaction_financial_txn_mg42019;
INSERT 0 26584144
Time: 211574.929 ms (03:31.575)
insert into pspadm.psp_financial_transaction_hash select * from pspadm.psp_financial_transaction_financial_txn_mg42020;
INSERT 0 26113154
Time: 203015.795 ms (03:23.016)
insert into pspadm.psp_financial_transaction_hash select * from pspadm.psp_financial_transaction_financial_txn_mg42021;
INSERT 0 27918914
Time: 222023.534 ms (03:42.024)
insert into pspadm.psp_financial_transaction_hash select * from pspadm.psp_financial_transaction_financial_txn_mg42022;
INSERT 0 28431699
Time: 232245.311 ms (03:52.245)
insert into pspadm.psp_financial_transaction_hash select * from pspadm.psp_financial_transaction_financial_txn_mg52009;
INSERT 0 6473076
Time: 52986.929 ms (00:52.987)
insert into pspadm.psp_financial_transaction_hash select * from pspadm.psp_financial_transaction_financial_txn_mg52010;
INSERT 0 7278292
Time: 56943.174 ms (00:56.943)
insert into pspadm.psp_financial_transaction_hash select * from pspadm.psp_financial_transaction_financial_txn_mg52011;
INSERT 0 10960616
Time: 86793.601 ms (01:26.794)
insert into pspadm.psp_financial_transaction_hash select * from pspadm.psp_financial_transaction_financial_txn_mg52012;
INSERT 0 14330404
Time: 115611.771 ms (01:55.612)
insert into pspadm.psp_financial_transaction_hash select * from pspadm.psp_financial_transaction_financial_txn_mg52013;
INSERT 0 17413332
Time: 141235.157 ms (02:21.235)
insert into pspadm.psp_financial_transaction_hash select * from pspadm.psp_financial_transaction_financial_txn_mg52014;
INSERT 0 19619385
Time: 158963.224 ms (02:38.963)
insert into pspadm.psp_financial_transaction_hash select * from pspadm.psp_financial_transaction_financial_txn_mg52015;
INSERT 0 20635529
Time: 166185.756 ms (02:46.186)
insert into pspadm.psp_financial_transaction_hash select * from pspadm.psp_financial_transaction_financial_txn_mg52016;
INSERT 0 21395687
Time: 174535.410 ms (02:54.535)
insert into pspadm.psp_financial_transaction_hash select * from pspadm.psp_financial_transaction_financial_txn_mg52017;
INSERT 0 22571094
Time: 185524.141 ms (03:05.524)
insert into pspadm.psp_financial_transaction_hash select * from pspadm.psp_financial_transaction_financial_txn_mg52018;
INSERT 0 23338502
Time: 188812.421 ms (03:08.812)
insert into pspadm.psp_financial_transaction_hash select * from pspadm.psp_financial_transaction_financial_txn_mg52019;
INSERT 0 25103438
Time: 201311.980 ms (03:21.312)
insert into pspadm.psp_financial_transaction_hash select * from pspadm.psp_financial_transaction_financial_txn_mg52020;
INSERT 0 26031446
Time: 203202.063 ms (03:23.202)
insert into pspadm.psp_financial_transaction_hash select * from pspadm.psp_financial_transaction_financial_txn_mg52021;
INSERT 0 27600549
Time: 216050.426 ms (03:36.050)
insert into pspadm.psp_financial_transaction_hash select * from pspadm.psp_financial_transaction_financial_txn_mg52022;
INSERT 0 17734858
Time: 144393.850 ms (02:24.394)
insert into pspadm.psp_financial_transaction_hash select * from pspadm.psp_financial_transaction_financial_txn_mg62009;
INSERT 0 6506292
Time: 51525.228 ms (00:51.525)
insert into pspadm.psp_financial_transaction_hash select * from pspadm.psp_financial_transaction_financial_txn_mg62010;
INSERT 0 7460703
Time: 58258.097 ms (00:58.258)
insert into pspadm.psp_financial_transaction_hash select * from pspadm.psp_financial_transaction_financial_txn_mg62011;
INSERT 0 11087992
Time: 87452.061 ms (01:27.452)
insert into pspadm.psp_financial_transaction_hash select * from pspadm.psp_financial_transaction_financial_txn_mg62012;
INSERT 0 15666202
Time: 127319.226 ms (02:07.319)
insert into pspadm.psp_financial_transaction_hash select * from pspadm.psp_financial_transaction_financial_txn_mg62013;
INSERT 0 16894641
Time: 137603.266 ms (02:17.603)
insert into pspadm.psp_financial_transaction_hash select * from pspadm.psp_financial_transaction_financial_txn_mg62014;
INSERT 0 18277283
Time: 151015.651 ms (02:31.016)
insert into pspadm.psp_financial_transaction_hash select * from pspadm.psp_financial_transaction_financial_txn_mg62015;
INSERT 0 20421454
Time: 161493.173 ms (02:41.493)
insert into pspadm.psp_financial_transaction_hash select * from pspadm.psp_financial_transaction_financial_txn_mg62016;
INSERT 0 21390000
Time: 170557.537 ms (02:50.558)
insert into pspadm.psp_financial_transaction_hash select * from pspadm.psp_financial_transaction_financial_txn_mg62017;
INSERT 0 23017853
Time: 185600.862 ms (03:05.601)
insert into pspadm.psp_financial_transaction_hash select * from pspadm.psp_financial_transaction_financial_txn_mg62018;
INSERT 0 24267155
Time: 199596.585 ms (03:19.597)
insert into pspadm.psp_financial_transaction_hash select * from pspadm.psp_financial_transaction_financial_txn_mg62019;
INSERT 0 25093745
Time: 204268.370 ms (03:24.268)
insert into pspadm.psp_financial_transaction_hash select * from pspadm.psp_financial_transaction_financial_txn_mg62020;
INSERT 0 26224476
Time: 212493.207 ms (03:32.493)
insert into pspadm.psp_financial_transaction_hash select * from pspadm.psp_financial_transaction_financial_txn_mg62022;
INSERT 0 19498
Time: 238.822 ms
insert into pspadm.psp_financial_transaction_hash select * from pspadm.psp_financial_transaction_default;
INSERT 0 172
Time: 32.159 ms
