00:49:17 SQL> select /*+ FULL(GG_HEARTBEAT) parallel(GG_HEARTBEAT ,4) */count(*) from pspadm.GG_HEARTBEAT GG_HEARTBEAT ;

  COUNT(*)                                                                      
----------                                                                      
         3                                                                      

1 row selected.

Elapsed: 00:00:00.09
00:49:17 SQL> select /*+ FULL(PSP_ACCOUNTING_REPORT_FILE) parallel(PSP_ACCOUNTING_REPORT_FILE ,4) */count(*) from pspadm.PSP_ACCOUNTING_REPORT_FILE PSP_ACCOUNTING_REPORT_FILE ;

  COUNT(*)                                                                      
----------                                                                      
     10963                                                                      

1 row selected.

Elapsed: 00:00:00.37
00:49:17 SQL> select /*+ FULL(PSP_ACHENROLLMENT) parallel(PSP_ACHENROLLMENT ,4) */count(*) from pspadm.PSP_ACHENROLLMENT PSP_ACHENROLLMENT ;

  COUNT(*)                                                                      
----------                                                                      
     19241                                                                      

1 row selected.

Elapsed: 00:00:00.41
00:49:18 SQL> select /*+ FULL(PSP_ACHENROLLMENT_DETAIL) parallel(PSP_ACHENROLLMENT_DETAIL ,4) */count(*) from pspadm.PSP_ACHENROLLMENT_DETAIL PSP_ACHENROLLMENT_DETAIL ;

  COUNT(*)                                                                      
----------                                                                      
      5477                                                                      

1 row selected.

Elapsed: 00:00:00.35
00:49:18 SQL> select /*+ FULL(PSP_ACHENROLLMENT_FILE) parallel(PSP_ACHENROLLMENT_FILE ,4) */count(*) from pspadm.PSP_ACHENROLLMENT_FILE PSP_ACHENROLLMENT_FILE ;

  COUNT(*)                                                                      
----------                                                                      
        87                                                                      

1 row selected.

Elapsed: 00:00:00.07
00:49:18 SQL> select /*+ FULL(PSP_ACH_TRANSACTION_CODE) parallel(PSP_ACH_TRANSACTION_CODE ,4) */count(*) from pspadm.PSP_ACH_TRANSACTION_CODE PSP_ACH_TRANSACTION_CODE ;

  COUNT(*)                                                                      
----------                                                                      
        16                                                                      

1 row selected.

Elapsed: 00:00:00.00
00:49:18 SQL> select /*+ FULL(PSP_ACTION_EVENT) parallel(PSP_ACTION_EVENT ,4) */count(*) from pspadm.PSP_ACTION_EVENT PSP_ACTION_EVENT ;

  COUNT(*)                                                                      
----------                                                                      
        31                                                                      

1 row selected.

Elapsed: 00:00:00.06
00:49:18 SQL> select /*+ FULL(PSP_ADDITIONAL_FILING_AMOUNT) parallel(PSP_ADDITIONAL_FILING_AMOUNT ,4) */count(*) from pspadm.PSP_ADDITIONAL_FILING_AMOUNT PSP_ADDITIONAL_FILING_AMOUNT ;

  COUNT(*)                                                                      
----------                                                                      
        24                                                                      

1 row selected.

Elapsed: 00:00:00.05
00:49:18 SQL> select /*+ FULL(PSP_ADDRESS) parallel(PSP_ADDRESS ,4) */count(*) from pspadm.PSP_ADDRESS PSP_ADDRESS ;

  COUNT(*)                                                                      
----------                                                                      
 112463410                                                                      

1 row selected.

Elapsed: 00:01:53.18
00:51:11 SQL> select /*+ FULL(PSP_ADE_LAW_MAP) parallel(PSP_ADE_LAW_MAP ,4) */count(*) from pspadm.PSP_ADE_LAW_MAP PSP_ADE_LAW_MAP ;

  COUNT(*)                                                                      
----------                                                                      
        59                                                                      

1 row selected.

Elapsed: 00:00:00.12
00:51:12 SQL> select /*+ FULL(PSP_AGENCY) parallel(PSP_AGENCY ,4) */count(*) from pspadm.PSP_AGENCY PSP_AGENCY ;

  COUNT(*)                                                                      
----------                                                                      
        97                                                                      

1 row selected.

Elapsed: 00:00:00.10
00:51:12 SQL> select /*+ FULL(PSP_AGENCY_CHECK_BATCH) parallel(PSP_AGENCY_CHECK_BATCH ,4) */count(*) from pspadm.PSP_AGENCY_CHECK_BATCH PSP_AGENCY_CHECK_BATCH ;

  COUNT(*)                                                                      
----------                                                                      
     19706                                                                      

1 row selected.

Elapsed: 00:00:00.62
00:51:12 SQL> select /*+ FULL(PSP_AGENCY_ID_REQUIREMENT) parallel(PSP_AGENCY_ID_REQUIREMENT ,4) */count(*) from pspadm.PSP_AGENCY_ID_REQUIREMENT PSP_AGENCY_ID_REQUIREMENT ;

  COUNT(*)                                                                      
----------                                                                      
        94                                                                      

1 row selected.

Elapsed: 00:00:00.00
00:51:12 SQL> select /*+ FULL(PSP_AGENCY_RATE_REQUEST) parallel(PSP_AGENCY_RATE_REQUEST ,4) */count(*) from pspadm.PSP_AGENCY_RATE_REQUEST PSP_AGENCY_RATE_REQUEST ;

  COUNT(*)                                                                      
----------                                                                      
       595                                                                      

1 row selected.

Elapsed: 00:00:00.09
00:51:12 SQL> select /*+ FULL(PSP_ANNUAL_BILLING_BATCH) parallel(PSP_ANNUAL_BILLING_BATCH ,4) */count(*) from pspadm.PSP_ANNUAL_BILLING_BATCH PSP_ANNUAL_BILLING_BATCH ;

  COUNT(*)                                                                      
----------                                                                      
        11                                                                      

1 row selected.

Elapsed: 00:00:00.14
00:51:13 SQL> select /*+ FULL(PSP_ANNUAL_BILLING_ITEM) parallel(PSP_ANNUAL_BILLING_ITEM ,4) */count(*) from pspadm.PSP_ANNUAL_BILLING_ITEM PSP_ANNUAL_BILLING_ITEM ;

  COUNT(*)                                                                      
----------                                                                      
    438770                                                                      

1 row selected.

Elapsed: 00:00:02.10
00:51:15 SQL> select /*+ FULL(PSP_APPLIED_DATABASE_PATCH) parallel(PSP_APPLIED_DATABASE_PATCH ,4) */count(*) from pspadm.PSP_APPLIED_DATABASE_PATCH PSP_APPLIED_DATABASE_PATCH ;

  COUNT(*)                                                                      
----------                                                                      
       637                                                                      

1 row selected.

Elapsed: 00:00:00.07
00:51:15 SQL> select /*+ FULL(PSP_ASSISTED_BUNDLE_BILL) parallel(PSP_ASSISTED_BUNDLE_BILL ,4) */count(*) from pspadm.PSP_ASSISTED_BUNDLE_BILL PSP_ASSISTED_BUNDLE_BILL ;

  COUNT(*)                                                                      
----------                                                                      
     33368                                                                      

1 row selected.

Elapsed: 00:00:00.70
00:51:15 SQL> select /*+ FULL(PSP_ASST_BUNDLE_BILL_DETAIL) parallel(PSP_ASST_BUNDLE_BILL_DETAIL ,4) */count(*) from pspadm.PSP_ASST_BUNDLE_BILL_DETAIL PSP_ASST_BUNDLE_BILL_DETAIL ;

  COUNT(*)                                                                      
----------                                                                      
    145912                                                                      

1 row selected.

Elapsed: 00:00:01.31
00:51:17 SQL> select /*+ FULL(PSP_ASST_BUNDLE_COMP_USAGE) parallel(PSP_ASST_BUNDLE_COMP_USAGE ,4) */count(*) from pspadm.PSP_ASST_BUNDLE_COMP_USAGE PSP_ASST_BUNDLE_COMP_USAGE ;

  COUNT(*)                                                                      
----------                                                                      
      2539                                                                      

1 row selected.

Elapsed: 00:00:00.55
00:51:17 SQL> select /*+ FULL(PSP_ATFDATA_EXTRACT_BATCH) parallel(PSP_ATFDATA_EXTRACT_BATCH ,4) */count(*) from pspadm.PSP_ATFDATA_EXTRACT_BATCH PSP_ATFDATA_EXTRACT_BATCH ;

  COUNT(*)                                                                      
----------                                                                      
      3125                                                                      

1 row selected.

Elapsed: 00:00:00.54
00:51:18 SQL> select /*+ FULL(PSP_ATFDATA_EXTRACT_FILE) parallel(PSP_ATFDATA_EXTRACT_FILE ,4) */count(*) from pspadm.PSP_ATFDATA_EXTRACT_FILE PSP_ATFDATA_EXTRACT_FILE ;

  COUNT(*)                                                                      
----------                                                                      
     25979                                                                      

1 row selected.

Elapsed: 00:00:00.68
00:51:18 SQL> select /*+ FULL(PSP_ATFPAYMENTS_TO_PROCESS) parallel(PSP_ATFPAYMENTS_TO_PROCESS ,4) */count(*) from pspadm.PSP_ATFPAYMENTS_TO_PROCESS PSP_ATFPAYMENTS_TO_PROCESS ;

  COUNT(*)                                                                      
----------                                                                      
 104497256                                                                      

1 row selected.

Elapsed: 00:04:18.51
00:55:37 SQL> select /*+ FULL(PSP_ATFPAYROLLS_TO_PROCESS) parallel(PSP_ATFPAYROLLS_TO_PROCESS ,4) */count(*) from pspadm.PSP_ATFPAYROLLS_TO_PROCESS PSP_ATFPAYROLLS_TO_PROCESS ;

  COUNT(*)                                                                      
----------                                                                      
  21465414                                                                      

1 row selected.

Elapsed: 00:01:06.98
00:56:44 SQL> select /*+ FULL(PSP_AUTHROLE_OPERATION_ASSOC) parallel(PSP_AUTHROLE_OPERATION_ASSOC ,4) */count(*) from pspadm.PSP_AUTHROLE_OPERATION_ASSOC PSP_AUTHROLE_OPERATION_ASSOC ;

  COUNT(*)                                                                      
----------                                                                      
      1600                                                                      

1 row selected.

Elapsed: 00:00:00.32
00:56:44 SQL> select /*+ FULL(PSP_AUTH_DOMAIN) parallel(PSP_AUTH_DOMAIN ,4) */count(*) from pspadm.PSP_AUTH_DOMAIN PSP_AUTH_DOMAIN ;

  COUNT(*)                                                                      
----------                                                                      
         2                                                                      

1 row selected.

Elapsed: 00:00:00.11
00:56:44 SQL> select /*+ FULL(PSP_AUTH_OPERATION) parallel(PSP_AUTH_OPERATION ,4) */count(*) from pspadm.PSP_AUTH_OPERATION PSP_AUTH_OPERATION ;

  COUNT(*)                                                                      
----------                                                                      
       164                                                                      

1 row selected.

Elapsed: 00:00:00.15
00:56:45 SQL> select /*+ FULL(PSP_AUTH_ROLE) parallel(PSP_AUTH_ROLE ,4) */count(*) from pspadm.PSP_AUTH_ROLE PSP_AUTH_ROLE ;

  COUNT(*)                                                                      
----------                                                                      
        59                                                                      

1 row selected.

Elapsed: 00:00:00.09
00:56:45 SQL> select /*+ FULL(PSP_AUTH_USER) parallel(PSP_AUTH_USER ,4) */count(*) from pspadm.PSP_AUTH_USER PSP_AUTH_USER ;

  COUNT(*)                                                                      
----------                                                                      
     10331                                                                      

1 row selected.

Elapsed: 00:00:00.94
00:56:46 SQL> select /*+ FULL(PSP_AUTH_USER_AUTH_ROLE__ASSOC) parallel(PSP_AUTH_USER_AUTH_ROLE__ASSOC ,4) */count(*) from pspadm.PSP_AUTH_USER_AUTH_ROLE__ASSOC PSP_AUTH_USER_AUTH_ROLE__ASSOC ;

  COUNT(*)                                                                      
----------                                                                      
     23787                                                                      

1 row selected.

Elapsed: 00:00:00.86
00:56:46 SQL> select /*+ FULL(PSP_BANK_ACCOUNT) parallel(PSP_BANK_ACCOUNT ,4) */count(*) from pspadm.PSP_BANK_ACCOUNT PSP_BANK_ACCOUNT ;

  COUNT(*)                                                                      
----------                                                                      
  50694285                                                                      

1 row selected.

Elapsed: 00:02:50.18
00:59:37 SQL> select /*+ FULL(PSP_BANK_HOLIDAY) parallel(PSP_BANK_HOLIDAY ,4) */count(*) from pspadm.PSP_BANK_HOLIDAY PSP_BANK_HOLIDAY ;

  COUNT(*)                                                                      
----------                                                                      
       216                                                                      

1 row selected.

Elapsed: 00:00:00.00
00:59:37 SQL> select /*+ FULL(PSP_BATCH_JOB_AUDIT_LOG) parallel(PSP_BATCH_JOB_AUDIT_LOG ,4) */count(*) from pspadm.PSP_BATCH_JOB_AUDIT_LOG PSP_BATCH_JOB_AUDIT_LOG ;

  COUNT(*)                                                                      
----------                                                                      
    153032                                                                      

1 row selected.

Elapsed: 00:00:06.68
00:59:43 SQL> select /*+ FULL(PSP_BATCH_JOB_PARAMETER) parallel(PSP_BATCH_JOB_PARAMETER ,4) */count(*) from pspadm.PSP_BATCH_JOB_PARAMETER PSP_BATCH_JOB_PARAMETER ;

  COUNT(*)                                                                      
----------                                                                      
       162                                                                      

1 row selected.

Elapsed: 00:00:00.14
00:59:43 SQL> select /*+ FULL(PSP_BATCH_JOB_SETUP) parallel(PSP_BATCH_JOB_SETUP ,4) */count(*) from pspadm.PSP_BATCH_JOB_SETUP PSP_BATCH_JOB_SETUP ;

  COUNT(*)                                                                      
----------                                                                      
       160                                                                      

1 row selected.

Elapsed: 00:00:00.12
00:59:44 SQL> select /*+ FULL(PSP_BATCH_JOB_STATUS) parallel(PSP_BATCH_JOB_STATUS ,4) */count(*) from pspadm.PSP_BATCH_JOB_STATUS PSP_BATCH_JOB_STATUS ;

  COUNT(*)                                                                      
----------                                                                      
       149                                                                      

1 row selected.

Elapsed: 00:00:00.16
00:59:44 SQL> select /*+ FULL(PSP_BILL) parallel(PSP_BILL ,4) */count(*) from pspadm.PSP_BILL PSP_BILL ;

  COUNT(*)                                                                      
----------                                                                      
  28290211                                                                      

1 row selected.

Elapsed: 00:01:45.48
01:01:29 SQL> select /*+ FULL(PSP_BILLING_DETAIL) parallel(PSP_BILLING_DETAIL ,4) */count(*) from pspadm.PSP_BILLING_DETAIL PSP_BILLING_DETAIL ;

  COUNT(*)                                                                      
----------                                                                      
 155154950                                                                      

1 row selected.

Elapsed: 00:11:23.78
01:12:53 SQL> select /*+ FULL(PSP_BILL_PAYMENT) parallel(PSP_BILL_PAYMENT ,4) */count(*) from pspadm.PSP_BILL_PAYMENT PSP_BILL_PAYMENT ;

  COUNT(*)                                                                      
----------                                                                      
  50005688                                                                      

1 row selected.

Elapsed: 00:03:15.49
01:16:08 SQL> select /*+ FULL(PSP_BILL_PAYMENT_SPLIT) parallel(PSP_BILL_PAYMENT_SPLIT ,4) */count(*) from pspadm.PSP_BILL_PAYMENT_SPLIT PSP_BILL_PAYMENT_SPLIT ;

  COUNT(*)                                                                      
----------                                                                      
  50005662                                                                      

1 row selected.

Elapsed: 00:02:59.76
01:19:08 SQL> select /*+ FULL(PSP_BPCOMPANY_SERVICE_INFO) parallel(PSP_BPCOMPANY_SERVICE_INFO ,4) */count(*) from pspadm.PSP_BPCOMPANY_SERVICE_INFO PSP_BPCOMPANY_SERVICE_INFO ;

  COUNT(*)                                                                      
----------                                                                      
    231776                                                                      

1 row selected.

Elapsed: 00:00:00.11
01:19:08 SQL> select /*+ FULL(PSP_CDCOMPANY_SERVICE_INFO) parallel(PSP_CDCOMPANY_SERVICE_INFO ,4) */count(*) from pspadm.PSP_CDCOMPANY_SERVICE_INFO PSP_CDCOMPANY_SERVICE_INFO ;

  COUNT(*)                                                                      
----------                                                                      
       141                                                                      

1 row selected.

Elapsed: 00:00:00.00
01:19:08 SQL> select /*+ FULL(PSP_CHECK_PRINT_BATCH) parallel(PSP_CHECK_PRINT_BATCH ,4) */count(*) from pspadm.PSP_CHECK_PRINT_BATCH PSP_CHECK_PRINT_BATCH ;

  COUNT(*)                                                                      
----------                                                                      
     25273                                                                      

1 row selected.

Elapsed: 00:00:00.84
01:19:09 SQL> select /*+ FULL(PSP_CHECK_PRINT_PAYCHECK) parallel(PSP_CHECK_PRINT_PAYCHECK ,4) */count(*) from pspadm.PSP_CHECK_PRINT_PAYCHECK PSP_CHECK_PRINT_PAYCHECK ;

  COUNT(*)                                                                      
----------                                                                      
    154651                                                                      

1 row selected.

Elapsed: 00:00:01.78
01:19:11 SQL> select /*+ FULL(PSP_CHECK_PRINT_SIGNATURE) parallel(PSP_CHECK_PRINT_SIGNATURE ,4) */count(*) from pspadm.PSP_CHECK_PRINT_SIGNATURE PSP_CHECK_PRINT_SIGNATURE ;

  COUNT(*)                                                                      
----------                                                                      
       141                                                                      

1 row selected.

Elapsed: 00:00:00.15
01:19:11 SQL> select /*+ FULL(PSP_COLLECTION_STAGE) parallel(PSP_COLLECTION_STAGE ,4) */count(*) from pspadm.PSP_COLLECTION_STAGE PSP_COLLECTION_STAGE ;

  COUNT(*)                                                                      
----------                                                                      
         3                                                                      

1 row selected.

Elapsed: 00:00:00.03
01:19:11 SQL> select /*+ FULL(PSP_COMPANY) parallel(PSP_COMPANY ,4) */count(*) from pspadm.PSP_COMPANY PSP_COMPANY ;

  COUNT(*)                                                                      
----------                                                                      
   7301408                                                                      

1 row selected.

Elapsed: 00:12:00.02
01:31:11 SQL> select /*+ FULL(PSP_COMPANYAGENCY_FRMTEMPLATE) parallel(PSP_COMPANYAGENCY_FRMTEMPLATE ,4) */count(*) from pspadm.PSP_COMPANYAGENCY_FRMTEMPLATE PSP_COMPANYAGENCY_FRMTEMPLATE ;

  COUNT(*)                                                                      
----------                                                                      
   1441689                                                                      

1 row selected.

Elapsed: 00:00:06.39
01:31:18 SQL> select /*+ FULL(PSP_COMPANYAGENCY_PMTTEMPLATE) parallel(PSP_COMPANYAGENCY_PMTTEMPLATE ,4) */count(*) from pspadm.PSP_COMPANYAGENCY_PMTTEMPLATE PSP_COMPANYAGENCY_PMTTEMPLATE ;

  COUNT(*)                                                                      
----------                                                                      
   3406165                                                                      

1 row selected.

Elapsed: 00:03:11.14
01:34:29 SQL> select /*+ FULL(PSP_COMPANY_ADDITIONAL_INFO) parallel(PSP_COMPANY_ADDITIONAL_INFO ,4) */count(*) from pspadm.PSP_COMPANY_ADDITIONAL_INFO PSP_COMPANY_ADDITIONAL_INFO ;

  COUNT(*)                                                                      
----------                                                                      
    831660                                                                      

1 row selected.

Elapsed: 00:00:46.23
01:35:15 SQL> select /*+ FULL(PSP_COMPANY_AGENCY) parallel(PSP_COMPANY_AGENCY ,4) */count(*) from pspadm.PSP_COMPANY_AGENCY PSP_COMPANY_AGENCY ;

  COUNT(*)                                                                      
----------                                                                      
   2461711                                                                      

1 row selected.

Elapsed: 00:00:08.60
01:35:24 SQL> select /*+ FULL(PSP_COMPANY_BANK_ACCOUNT) parallel(PSP_COMPANY_BANK_ACCOUNT ,4) */count(*) from pspadm.PSP_COMPANY_BANK_ACCOUNT PSP_COMPANY_BANK_ACCOUNT ;

  COUNT(*)                                                                      
----------                                                                      
   2477042                                                                      

1 row selected.

Elapsed: 00:02:14.65
01:37:38 SQL> select /*+ FULL(PSP_COMPANY_CONSENT) parallel(PSP_COMPANY_CONSENT ,4) */count(*) from pspadm.PSP_COMPANY_CONSENT PSP_COMPANY_CONSENT ;

  COUNT(*)                                                                      
----------                                                                      
     41169                                                                      

1 row selected.

Elapsed: 00:00:00.87
01:37:39 SQL> select /*+ FULL(PSP_COMPANY_DAILY_LIABILITY) parallel(PSP_COMPANY_DAILY_LIABILITY ,4) */count(*) from pspadm.PSP_COMPANY_DAILY_LIABILITY PSP_COMPANY_DAILY_LIABILITY ;

  COUNT(*)                                                                      
----------                                                                      
 185790356                                                                      

1 row selected.

Elapsed: 00:05:46.85
01:43:26 SQL> select /*+ FULL(PSP_COMPANY_EVENT) parallel(PSP_COMPANY_EVENT ,4) */count(*) from pspadm.PSP_COMPANY_EVENT PSP_COMPANY_EVENT ;

  COUNT(*)                                                                      
----------                                                                      
1763404515                                                                      

1 row selected.

Elapsed: 00:21:59.17
02:05:25 SQL> select /*+ FULL(PSP_COMPANY_EVENT_BKP) parallel(PSP_COMPANY_EVENT_BKP ,4) */count(*) from pspadm.PSP_COMPANY_EVENT_BKP PSP_COMPANY_EVENT_BKP ;

  COUNT(*)                                                                      
----------                                                                      
     28736                                                                      

1 row selected.

Elapsed: 00:00:00.93
02:05:26 SQL> select /*+ FULL(PSP_COMPANY_EVENT_DETAIL) parallel(PSP_COMPANY_EVENT_DETAIL ,4) */count(*) from pspadm.PSP_COMPANY_EVENT_DETAIL PSP_COMPANY_EVENT_DETAIL ;

  COUNT(*)                                                                      
----------                                                                      
3737178991                                                                      

1 row selected.

Elapsed: 03:40:09.55
05:45:36 SQL> select /*+ FULL(PSP_COMPANY_EVENT_EMAIL) parallel(PSP_COMPANY_EVENT_EMAIL ,4) */count(*) from pspadm.PSP_COMPANY_EVENT_EMAIL PSP_COMPANY_EVENT_EMAIL ;

  COUNT(*)                                                                      
----------                                                                      
 383713822                                                                      

1 row selected.

Elapsed: 00:14:45.86
06:00:21 SQL> select /*+ FULL(PSP_COMPANY_EVENT_EMAIL_PARAM) parallel(PSP_COMPANY_EVENT_EMAIL_PARAM ,4) */count(*) from pspadm.PSP_COMPANY_EVENT_EMAIL_PARAM PSP_COMPANY_EVENT_EMAIL_PARAM ;

  COUNT(*)                                                                      
----------                                                                      
3356634118                                                                      

1 row selected.

Elapsed: 01:08:34.27
07:08:56 SQL> select /*+ FULL(PSP_COMPANY_FILING_AMOUNT) parallel(PSP_COMPANY_FILING_AMOUNT ,4) */count(*) from pspadm.PSP_COMPANY_FILING_AMOUNT PSP_COMPANY_FILING_AMOUNT ;

  COUNT(*)                                                                      
----------                                                                      
     82152                                                                      

1 row selected.

Elapsed: 00:00:00.01
07:08:56 SQL> select /*+ FULL(PSP_COMPANY_LAW) parallel(PSP_COMPANY_LAW ,4) */count(*) from pspadm.PSP_COMPANY_LAW PSP_COMPANY_LAW ;

  COUNT(*)                                                                      
----------                                                                      
  10886297                                                                      

1 row selected.

Elapsed: 00:00:00.23
07:08:56 SQL> select /*+ FULL(PSP_COMPANY_LAW_RATE) parallel(PSP_COMPANY_LAW_RATE ,4) */count(*) from pspadm.PSP_COMPANY_LAW_RATE PSP_COMPANY_LAW_RATE ;

  COUNT(*)                                                                      
----------                                                                      
  14468785                                                                      

1 row selected.

Elapsed: 00:00:00.26
07:08:56 SQL> select /*+ FULL(PSP_COMPANY_NOTE) parallel(PSP_COMPANY_NOTE ,4) */count(*) from pspadm.PSP_COMPANY_NOTE PSP_COMPANY_NOTE ;

  COUNT(*)                                                                      
----------                                                                      
    539219                                                                      

1 row selected.

Elapsed: 00:00:00.02
07:08:56 SQL> select /*+ FULL(PSP_COMPANY_NOTE_BKP) parallel(PSP_COMPANY_NOTE_BKP ,4) */count(*) from pspadm.PSP_COMPANY_NOTE_BKP PSP_COMPANY_NOTE_BKP ;

  COUNT(*)                                                                      
----------                                                                      
       881                                                                      

1 row selected.

Elapsed: 00:00:00.00
07:08:56 SQL> select /*+ FULL(PSP_COMPANY_OFFER) parallel(PSP_COMPANY_OFFER ,4) */count(*) from pspadm.PSP_COMPANY_OFFER PSP_COMPANY_OFFER ;

  COUNT(*)                                                                      
----------                                                                      
    131147                                                                      

1 row selected.

Elapsed: 00:00:00.01
07:08:56 SQL> select /*+ FULL(PSP_COMPANY_OFFERING) parallel(PSP_COMPANY_OFFERING ,4) */count(*) from pspadm.PSP_COMPANY_OFFERING PSP_COMPANY_OFFERING ;

  COUNT(*)                                                                      
----------                                                                      
  10332625                                                                      

1 row selected.

Elapsed: 00:00:00.18
07:08:56 SQL> select /*+ FULL(PSP_COMPANY_PAYCHECK_BATCH) parallel(PSP_COMPANY_PAYCHECK_BATCH ,4) */count(*) from pspadm.PSP_COMPANY_PAYCHECK_BATCH PSP_COMPANY_PAYCHECK_BATCH ;

  COUNT(*)                                                                      
----------                                                                      
      5567                                                                      

1 row selected.

Elapsed: 00:00:00.01
07:08:56 SQL> select /*+ FULL(PSP_COMPANY_PAYROLL_ITEM) parallel(PSP_COMPANY_PAYROLL_ITEM ,4) */count(*) from pspadm.PSP_COMPANY_PAYROLL_ITEM PSP_COMPANY_PAYROLL_ITEM ;

  COUNT(*)                                                                      
----------                                                                      
  22481954                                                                      

1 row selected.

Elapsed: 00:00:00.44
07:08:57 SQL> select /*+ FULL(PSP_COMPANY_PIN) parallel(PSP_COMPANY_PIN ,4) */count(*) from pspadm.PSP_COMPANY_PIN PSP_COMPANY_PIN ;

  COUNT(*)                                                                      
----------                                                                      
   1519017                                                                      

1 row selected.

Elapsed: 00:00:00.04
07:08:57 SQL> select /*+ FULL(PSP_COMPANY_RATE_REQUEST) parallel(PSP_COMPANY_RATE_REQUEST ,4) */count(*) from pspadm.PSP_COMPANY_RATE_REQUEST PSP_COMPANY_RATE_REQUEST ;

  COUNT(*)                                                                      
----------                                                                      
    860047                                                                      

1 row selected.

Elapsed: 00:00:00.02
07:08:57 SQL> select /*+ FULL(PSP_COMPANY_SERVICE) parallel(PSP_COMPANY_SERVICE ,4) */count(*) from pspadm.PSP_COMPANY_SERVICE PSP_COMPANY_SERVICE ;

  COUNT(*)                                                                      
----------                                                                      
  10454797                                                                      

1 row selected.

Elapsed: 00:00:00.17
07:08:57 SQL> select /*+ FULL(PSP_COMPANY_SERVICE_BANK_ACCT) parallel(PSP_COMPANY_SERVICE_BANK_ACCT ,4) */count(*) from pspadm.PSP_COMPANY_SERVICE_BANK_ACCT PSP_COMPANY_SERVICE_BANK_ACCT ;

  COUNT(*)                                                                      
----------                                                                      
 230930867                                                                      

1 row selected.

Elapsed: 00:01:58.17
07:10:55 SQL> select /*+ FULL(PSP_COMPANY_TFSSUBMISSION) parallel(PSP_COMPANY_TFSSUBMISSION ,4) */count(*) from pspadm.PSP_COMPANY_TFSSUBMISSION PSP_COMPANY_TFSSUBMISSION ;

  COUNT(*)                                                                      
----------                                                                      
    535898                                                                      

1 row selected.

Elapsed: 00:00:00.03
07:10:55 SQL> select /*+ FULL(PSP_COMPANY_USAGE) parallel(PSP_COMPANY_USAGE ,4) */count(*) from pspadm.PSP_COMPANY_USAGE PSP_COMPANY_USAGE ;

  COUNT(*)                                                                      
----------                                                                      
   1121075                                                                      

1 row selected.

Elapsed: 00:00:00.02
07:10:55 SQL> select /*+ FULL(PSP_COMPENSATION) parallel(PSP_COMPENSATION ,4) */count(*) from pspadm.PSP_COMPENSATION PSP_COMPENSATION ;

  COUNT(*)                                                                      
----------                                                                      
1570986208                                                                      

1 row selected.

Elapsed: 00:26:12.36
07:37:08 SQL> spool off
