01:01:55 SQL> select /*+ FULL(PSP_INTUIT_BA_BT_FT) parallel(PSP_INTUIT_BA_BT_FT ,4) */count(*) from pspadm.PSP_INTUIT_BA_BT_FT PSP_INTUIT_BA_BT_FT ;

  COUNT(*)                                                                      
----------                                                                      
        10                                                                      

1 row selected.

Elapsed: 00:00:00.03
01:01:55 SQL> select /*+ FULL(PSP_INTUIT_SHIPPER_INFO) parallel(PSP_INTUIT_SHIPPER_INFO ,4) */count(*) from pspadm.PSP_INTUIT_SHIPPER_INFO PSP_INTUIT_SHIPPER_INFO ;

  COUNT(*)                                                                      
----------                                                                      
         1                                                                      

1 row selected.

Elapsed: 00:00:00.01
01:01:55 SQL> select /*+ FULL(PSP_IOPSYNC_COMPANY) parallel(PSP_IOPSYNC_COMPANY ,4) */count(*) from pspadm.PSP_IOPSYNC_COMPANY PSP_IOPSYNC_COMPANY ;

  COUNT(*)                                                                      
----------                                                                      
         0                                                                      

1 row selected.

Elapsed: 00:00:00.00
01:01:55 SQL> select /*+ FULL(PSP_LAW) parallel(PSP_LAW ,4) */count(*) from pspadm.PSP_LAW PSP_LAW ;

  COUNT(*)                                                                      
----------                                                                      
       243                                                                      

1 row selected.

Elapsed: 00:00:00.07
01:01:56 SQL> select /*+ FULL(PSP_LAW_RATE_RANGE) parallel(PSP_LAW_RATE_RANGE ,4) */count(*) from pspadm.PSP_LAW_RATE_RANGE PSP_LAW_RATE_RANGE ;

  COUNT(*)                                                                      
----------                                                                      
       107                                                                      

1 row selected.

Elapsed: 00:00:00.01
01:01:56 SQL> select /*+ FULL(PSP_LAW_RATE_VALUE) parallel(PSP_LAW_RATE_VALUE ,4) */count(*) from pspadm.PSP_LAW_RATE_VALUE PSP_LAW_RATE_VALUE ;

  COUNT(*)                                                                      
----------                                                                      
        20                                                                      

1 row selected.

Elapsed: 00:00:00.00
01:01:56 SQL> select /*+ FULL(PSP_LB_TMP) parallel(PSP_LB_TMP ,4) */count(*) from pspadm.PSP_LB_TMP PSP_LB_TMP ;

  COUNT(*)                                                                      
----------                                                                      
     20730                                                                      

1 row selected.

Elapsed: 00:00:00.03
01:01:56 SQL> select /*+ FULL(PSP_LB_TMP_COMP_FK) parallel(PSP_LB_TMP_COMP_FK ,4) */count(*) from pspadm.PSP_LB_TMP_COMP_FK PSP_LB_TMP_COMP_FK ;

  COUNT(*)                                                                      
----------                                                                      
     15727                                                                      

1 row selected.

Elapsed: 00:00:00.03
01:01:56 SQL> select /*+ FULL(PSP_LB_TMP_COMP_FK_5000) parallel(PSP_LB_TMP_COMP_FK_5000 ,4) */count(*) from pspadm.PSP_LB_TMP_COMP_FK_5000 PSP_LB_TMP_COMP_FK_5000 ;

  COUNT(*)                                                                      
----------                                                                      
      4999                                                                      

1 row selected.

Elapsed: 00:00:00.01
01:01:56 SQL> select /*+ FULL(PSP_LEDGER_ACCOUNT) parallel(PSP_LEDGER_ACCOUNT ,4) */count(*) from pspadm.PSP_LEDGER_ACCOUNT PSP_LEDGER_ACCOUNT ;

  COUNT(*)                                                                      
----------                                                                      
        24                                                                      

1 row selected.

Elapsed: 00:00:00.01
01:01:56 SQL> select /*+ FULL(PSP_LEDGER_ACCOUNT_ACTION) parallel(PSP_LEDGER_ACCOUNT_ACTION ,4) */count(*) from pspadm.PSP_LEDGER_ACCOUNT_ACTION PSP_LEDGER_ACCOUNT_ACTION ;

  COUNT(*)                                                                      
----------                                                                      
        11                                                                      

1 row selected.

Elapsed: 00:00:00.02
01:01:56 SQL> select /*+ FULL(PSP_LEDGER_BALANCE_BKP) parallel(PSP_LEDGER_BALANCE_BKP ,4) */count(*) from pspadm.PSP_LEDGER_BALANCE_BKP PSP_LEDGER_BALANCE_BKP ;

  COUNT(*)                                                                      
----------                                                                      
  21949021                                                                      

1 row selected.

Elapsed: 00:00:19.86
01:02:15 SQL> select /*+ FULL(PSP_LEDGER_OPERATION) parallel(PSP_LEDGER_OPERATION ,4) */count(*) from pspadm.PSP_LEDGER_OPERATION PSP_LEDGER_OPERATION ;

  COUNT(*)                                                                      
----------                                                                      
  27410557                                                                      

1 row selected.

Elapsed: 00:00:21.45
01:02:37 SQL> select /*+ FULL(PSP_LEDGER_OPERATION_JOB) parallel(PSP_LEDGER_OPERATION_JOB ,4) */count(*) from pspadm.PSP_LEDGER_OPERATION_JOB PSP_LEDGER_OPERATION_JOB ;

  COUNT(*)                                                                      
----------                                                                      
      5277                                                                      

1 row selected.

Elapsed: 00:00:00.35
01:02:37 SQL> select /*+ FULL(PSP_LIABILITY_ADJUSTMENT) parallel(PSP_LIABILITY_ADJUSTMENT ,4) */count(*) from pspadm.PSP_LIABILITY_ADJUSTMENT PSP_LIABILITY_ADJUSTMENT ;

  COUNT(*)                                                                      
----------                                                                      
  62708275                                                                      

1 row selected.

Elapsed: 00:00:54.87
01:03:32 SQL> select /*+ FULL(PSP_LIABILITY_CHECK) parallel(PSP_LIABILITY_CHECK ,4) */count(*) from pspadm.PSP_LIABILITY_CHECK PSP_LIABILITY_CHECK ;

  COUNT(*)                                                                      
----------                                                                      
 135282695                                                                      

1 row selected.

Elapsed: 00:01:37.66
01:05:10 SQL> select /*+ FULL(PSP_LIABILITY_CHECK_LINE) parallel(PSP_LIABILITY_CHECK_LINE ,4) */count(*) from pspadm.PSP_LIABILITY_CHECK_LINE PSP_LIABILITY_CHECK_LINE ;

  COUNT(*)                                                                      
----------                                                                      
 434125325                                                                      

1 row selected.

Elapsed: 00:06:31.82
01:11:42 SQL> select /*+ FULL(PSP_LIAB_CHECK_BILLING_ASSOC) parallel(PSP_LIAB_CHECK_BILLING_ASSOC ,4) */count(*) from pspadm.PSP_LIAB_CHECK_BILLING_ASSOC PSP_LIAB_CHECK_BILLING_ASSOC ;

  COUNT(*)                                                                      
----------                                                                      
 117830545                                                                      

1 row selected.

Elapsed: 00:01:54.19
01:13:36 SQL> select /*+ FULL(PSP_LIMIT_RULE) parallel(PSP_LIMIT_RULE ,4) */count(*) from pspadm.PSP_LIMIT_RULE PSP_LIMIT_RULE ;

  COUNT(*)                                                                      
----------                                                                      
         6                                                                      

1 row selected.

Elapsed: 00:00:00.03
01:13:36 SQL> select /*+ FULL(PSP_LIMIT_VALUE) parallel(PSP_LIMIT_VALUE ,4) */count(*) from pspadm.PSP_LIMIT_VALUE PSP_LIMIT_VALUE ;

  COUNT(*)                                                                      
----------                                                                      
       135                                                                      

1 row selected.

Elapsed: 00:00:00.03
01:13:36 SQL> select /*+ FULL(PSP_MANUAL_REQUIREMENT) parallel(PSP_MANUAL_REQUIREMENT ,4) */count(*) from pspadm.PSP_MANUAL_REQUIREMENT PSP_MANUAL_REQUIREMENT ;

  COUNT(*)                                                                      
----------                                                                      
        34                                                                      

1 row selected.

Elapsed: 00:00:00.03
01:13:36 SQL> select /*+ FULL(PSP_MESSAGE_LOG) parallel(PSP_MESSAGE_LOG ,4) */count(*) from pspadm.PSP_MESSAGE_LOG PSP_MESSAGE_LOG ;

  COUNT(*)                                                                      
----------                                                                      
    290930                                                                      

1 row selected.

Elapsed: 00:00:03.73
01:13:40 SQL> select /*+ FULL(PSP_NACHAFILE) parallel(PSP_NACHAFILE ,4) */count(*) from pspadm.PSP_NACHAFILE PSP_NACHAFILE ;

  COUNT(*)                                                                      
----------                                                                      
     33624                                                                      

1 row selected.

Elapsed: 00:00:00.33
01:13:40 SQL> select /*+ FULL(PSP_OFFER) parallel(PSP_OFFER ,4) */count(*) from pspadm.PSP_OFFER PSP_OFFER ;

  COUNT(*)                                                                      
----------                                                                      
        48                                                                      

1 row selected.

Elapsed: 00:00:00.02
01:13:40 SQL> select /*+ FULL(PSP_OFFERING) parallel(PSP_OFFERING ,4) */count(*) from pspadm.PSP_OFFERING PSP_OFFERING ;

  COUNT(*)                                                                      
----------                                                                      
        92                                                                      

1 row selected.

Elapsed: 00:00:00.03
01:13:40 SQL> select /*+ FULL(PSP_OFFERING_SVCCHG) parallel(PSP_OFFERING_SVCCHG ,4) */count(*) from pspadm.PSP_OFFERING_SVCCHG PSP_OFFERING_SVCCHG ;

  COUNT(*)                                                                      
----------                                                                      
      1438                                                                      

1 row selected.

Elapsed: 00:00:00.10
01:13:40 SQL> select /*+ FULL(PSP_OFFERING_SVCCHG_GRP) parallel(PSP_OFFERING_SVCCHG_GRP ,4) */count(*) from pspadm.PSP_OFFERING_SVCCHG_GRP PSP_OFFERING_SVCCHG_GRP ;

  COUNT(*)                                                                      
----------                                                                      
      1430                                                                      

1 row selected.

Elapsed: 00:00:00.16
01:13:40 SQL> select /*+ FULL(PSP_OFFER_PRICE) parallel(PSP_OFFER_PRICE ,4) */count(*) from pspadm.PSP_OFFER_PRICE PSP_OFFER_PRICE ;

  COUNT(*)                                                                      
----------                                                                      
        33                                                                      

1 row selected.

Elapsed: 00:00:00.04
01:13:40 SQL> select /*+ FULL(PSP_OFFER_SVCCHG_ASSOC) parallel(PSP_OFFER_SVCCHG_ASSOC ,4) */count(*) from pspadm.PSP_OFFER_SVCCHG_ASSOC PSP_OFFER_SVCCHG_ASSOC ;

  COUNT(*)                                                                      
----------                                                                      
      2170                                                                      

1 row selected.

Elapsed: 00:00:00.07
01:13:40 SQL> select /*+ FULL(PSP_OFFLOAD_BATCH) parallel(PSP_OFFLOAD_BATCH ,4) */count(*) from pspadm.PSP_OFFLOAD_BATCH PSP_OFFLOAD_BATCH ;

  COUNT(*)                                                                      
----------                                                                      
     19208                                                                      

1 row selected.

Elapsed: 00:00:00.30
01:13:41 SQL> select /*+ FULL(PSP_OFFLOAD_GROUP) parallel(PSP_OFFLOAD_GROUP ,4) */count(*) from pspadm.PSP_OFFLOAD_GROUP PSP_OFFLOAD_GROUP ;

  COUNT(*)                                                                      
----------                                                                      
         4                                                                      

1 row selected.

Elapsed: 00:00:00.06
01:13:41 SQL> select /*+ FULL(PSP_ON_HOLD_REASON) parallel(PSP_ON_HOLD_REASON ,4) */count(*) from pspadm.PSP_ON_HOLD_REASON PSP_ON_HOLD_REASON ;

  COUNT(*)                                                                      
----------                                                                      
    511912                                                                      

1 row selected.

Elapsed: 00:00:01.44
01:13:42 SQL> select /*+ FULL(PSP_OWNERSHIP_TYPE) parallel(PSP_OWNERSHIP_TYPE ,4) */count(*) from pspadm.PSP_OWNERSHIP_TYPE PSP_OWNERSHIP_TYPE ;

  COUNT(*)                                                                      
----------                                                                      
        12                                                                      

1 row selected.

Elapsed: 00:00:00.01
01:13:42 SQL> select /*+ FULL(PSP_PAYCHECK_USAGE) parallel(PSP_PAYCHECK_USAGE ,4) */count(*) from pspadm.PSP_PAYCHECK_USAGE PSP_PAYCHECK_USAGE ;

  COUNT(*)                                                                      
----------                                                                      
 784055267                                                                      

1 row selected.

Elapsed: 00:14:34.40
01:28:17 SQL> select /*+ FULL(PSP_PAYCHECK_USAGE_HIST) parallel(PSP_PAYCHECK_USAGE_HIST ,4) */count(*) from pspadm.PSP_PAYCHECK_USAGE_HIST PSP_PAYCHECK_USAGE_HIST ;

  COUNT(*)                                                                      
----------                                                                      
   2241525                                                                      

1 row selected.

Elapsed: 00:00:04.07
01:28:21 SQL> select /*+ FULL(PSP_PAYEE) parallel(PSP_PAYEE ,4) */count(*) from pspadm.PSP_PAYEE PSP_PAYEE ;

  COUNT(*)                                                                      
----------                                                                      
   2663834                                                                      

1 row selected.

Elapsed: 00:00:24.91
01:28:46 SQL> select /*+ FULL(PSP_PAYEE_BANK_ACCOUNT) parallel(PSP_PAYEE_BANK_ACCOUNT ,4) */count(*) from pspadm.PSP_PAYEE_BANK_ACCOUNT PSP_PAYEE_BANK_ACCOUNT ;

  COUNT(*)                                                                      
----------                                                                      
   2830360                                                                      

1 row selected.

Elapsed: 00:00:24.00
01:29:10 SQL> select /*+ FULL(PSP_PAYMENT_BATCH_ASSOC) parallel(PSP_PAYMENT_BATCH_ASSOC ,4) */count(*) from pspadm.PSP_PAYMENT_BATCH_ASSOC PSP_PAYMENT_BATCH_ASSOC ;

  COUNT(*)                                                                      
----------                                                                      
    532027                                                                      

1 row selected.

Elapsed: 00:00:01.33
01:29:11 SQL> select /*+ FULL(PSP_PAYMENT_METHOD_REQUIREMENT) parallel(PSP_PAYMENT_METHOD_REQUIREMENT ,4) */count(*) from pspadm.PSP_PAYMENT_METHOD_REQUIREMENT PSP_PAYMENT_METHOD_REQUIREMENT ;

  COUNT(*)                                                                      
----------                                                                      
       136                                                                      

1 row selected.

Elapsed: 00:00:00.03
01:29:11 SQL> select /*+ FULL(PSP_PAYMENT_REQUIREMENT) parallel(PSP_PAYMENT_REQUIREMENT ,4) */count(*) from pspadm.PSP_PAYMENT_REQUIREMENT PSP_PAYMENT_REQUIREMENT ;

  COUNT(*)                                                                      
----------                                                                      
         5                                                                      

1 row selected.

Elapsed: 00:00:00.02
01:29:11 SQL> select /*+ FULL(PSP_PAYMENT_TEMPLATE) parallel(PSP_PAYMENT_TEMPLATE ,4) */count(*) from pspadm.PSP_PAYMENT_TEMPLATE PSP_PAYMENT_TEMPLATE ;

  COUNT(*)                                                                      
----------                                                                      
       149                                                                      

1 row selected.

Elapsed: 00:00:00.03
01:29:11 SQL> select /*+ FULL(PSP_PAYMENT_TEMPLATE_AGENCY_ID) parallel(PSP_PAYMENT_TEMPLATE_AGENCY_ID ,4) */count(*) from pspadm.PSP_PAYMENT_TEMPLATE_AGENCY_ID PSP_PAYMENT_TEMPLATE_AGENCY_ID ;

  COUNT(*)                                                                      
----------                                                                      
         6                                                                      

1 row selected.

Elapsed: 00:00:00.01
01:29:11 SQL> select /*+ FULL(PSP_PAYROLL_FRAUD_BATCH) parallel(PSP_PAYROLL_FRAUD_BATCH ,4) */count(*) from pspadm.PSP_PAYROLL_FRAUD_BATCH PSP_PAYROLL_FRAUD_BATCH ;

  COUNT(*)                                                                      
----------                                                                      
         0                                                                      

1 row selected.

Elapsed: 00:00:00.18
01:29:11 SQL> select /*+ FULL(PSP_PAYROLL_FREQUENCY) parallel(PSP_PAYROLL_FREQUENCY ,4) */count(*) from pspadm.PSP_PAYROLL_FREQUENCY PSP_PAYROLL_FREQUENCY ;

  COUNT(*)                                                                      
----------                                                                      
         8                                                                      

1 row selected.

Elapsed: 00:00:00.01
01:29:11 SQL> select /*+ FULL(PSP_PAYROLL_ITEM) parallel(PSP_PAYROLL_ITEM ,4) */count(*) from pspadm.PSP_PAYROLL_ITEM PSP_PAYROLL_ITEM ;

  COUNT(*)                                                                      
----------                                                                      
        18                                                                      

1 row selected.

Elapsed: 00:00:00.01
01:29:11 SQL> select /*+ FULL(PSP_PAYROLL_ITEM_TAXABLE_TO) parallel(PSP_PAYROLL_ITEM_TAXABLE_TO ,4) */count(*) from pspadm.PSP_PAYROLL_ITEM_TAXABLE_TO PSP_PAYROLL_ITEM_TAXABLE_TO ;

  COUNT(*)                                                                      
----------                                                                      
  35173677                                                                      

1 row selected.

Elapsed: 00:00:29.60
01:29:41 SQL> select /*+ FULL(PSP_PAYROLL_RUN) parallel(PSP_PAYROLL_RUN ,4) */count(*) from pspadm.PSP_PAYROLL_RUN PSP_PAYROLL_RUN ;

  COUNT(*)                                                                      
----------                                                                      
 301773567                                                                      

1 row selected.

Elapsed: 00:05:32.38
01:35:13 SQL> select /*+ FULL(PSP_PAYROLL_RUN_ACTION) parallel(PSP_PAYROLL_RUN_ACTION ,4) */count(*) from pspadm.PSP_PAYROLL_RUN_ACTION PSP_PAYROLL_RUN_ACTION ;

  COUNT(*)                                                                      
----------                                                                      
        56                                                                      

1 row selected.

Elapsed: 00:00:00.03
01:35:13 SQL> select /*+ FULL(PSP_PAYROLL_SUBTYPE) parallel(PSP_PAYROLL_SUBTYPE ,4) */count(*) from pspadm.PSP_PAYROLL_SUBTYPE PSP_PAYROLL_SUBTYPE ;

  COUNT(*)                                                                      
----------                                                                      
        25                                                                      

1 row selected.

Elapsed: 00:00:00.02
01:35:13 SQL> select /*+ FULL(PSP_PAYSTUB) parallel(PSP_PAYSTUB ,4) */count(*) from pspadm.PSP_PAYSTUB PSP_PAYSTUB ;

  COUNT(*)                                                                      
----------                                                                      
 523931516                                                                      

1 row selected.

Elapsed: 00:11:56.04
01:47:09 SQL> select /*+ FULL(PSP_PAY_ITEM) parallel(PSP_PAY_ITEM ,4) */count(*) from pspadm.PSP_PAY_ITEM PSP_PAY_ITEM ;

  COUNT(*)                                                                      
----------                                                                      
         0                                                                      

1 row selected.

Elapsed: 00:00:00.01
01:47:09 SQL> select /*+ FULL(PSP_PERF_SST) parallel(PSP_PERF_SST ,4) */count(*) from pspadm.PSP_PERF_SST PSP_PERF_SST ;

  COUNT(*)                                                                      
----------                                                                      
    496060                                                                      

1 row selected.

Elapsed: 00:00:00.43
01:47:10 SQL> select /*+ FULL(PSP_PMTTEMPLATE_CHKINFO_ASSOC) parallel(PSP_PMTTEMPLATE_CHKINFO_ASSOC ,4) */count(*) from pspadm.PSP_PMTTEMPLATE_CHKINFO_ASSOC PSP_PMTTEMPLATE_CHKINFO_ASSOC ;

  COUNT(*)                                                                      
----------                                                                      
       103                                                                      

1 row selected.

Elapsed: 00:00:00.05
01:47:10 SQL> select /*+ FULL(PSP_PMTTEMPLATE_PRINTEDCHKINFO) parallel(PSP_PMTTEMPLATE_PRINTEDCHKINFO ,4) */count(*) from pspadm.PSP_PMTTEMPLATE_PRINTEDCHKINFO PSP_PMTTEMPLATE_PRINTEDCHKINFO ;

  COUNT(*)                                                                      
----------                                                                      
        95                                                                      

1 row selected.

Elapsed: 00:00:00.01
01:47:10 SQL> select /*+ FULL(PSP_PMT_TEMPLATE_BANKACCOUNT) parallel(PSP_PMT_TEMPLATE_BANKACCOUNT ,4) */count(*) from pspadm.PSP_PMT_TEMPLATE_BANKACCOUNT PSP_PMT_TEMPLATE_BANKACCOUNT ;

  COUNT(*)                                                                      
----------                                                                      
       109                                                                      

1 row selected.

Elapsed: 00:00:00.08
01:47:10 SQL> select /*+ FULL(PSP_PMT_TEMPLATE_FREQUENCY) parallel(PSP_PMT_TEMPLATE_FREQUENCY ,4) */count(*) from pspadm.PSP_PMT_TEMPLATE_FREQUENCY PSP_PMT_TEMPLATE_FREQUENCY ;

  COUNT(*)                                                                      
----------                                                                      
       297                                                                      

1 row selected.

Elapsed: 00:00:00.01
01:47:10 SQL> select /*+ FULL(PSP_PMT_TEMPLATE_PAYMENTMETHOD) parallel(PSP_PMT_TEMPLATE_PAYMENTMETHOD ,4) */count(*) from pspadm.PSP_PMT_TEMPLATE_PAYMENTMETHOD PSP_PMT_TEMPLATE_PAYMENTMETHOD ;

  COUNT(*)                                                                      
----------                                                                      
       154                                                                      

1 row selected.

Elapsed: 00:00:00.02
01:47:10 SQL> select /*+ FULL(PSP_POSTING_RULE) parallel(PSP_POSTING_RULE ,4) */count(*) from pspadm.PSP_POSTING_RULE PSP_POSTING_RULE ;

  COUNT(*)                                                                      
----------                                                                      
       654                                                                      

1 row selected.

Elapsed: 00:00:00.05
01:47:10 SQL> select /*+ FULL(PSP_POSTING_RULE_MAR7) parallel(PSP_POSTING_RULE_MAR7 ,4) */count(*) from pspadm.PSP_POSTING_RULE_MAR7 PSP_POSTING_RULE_MAR7 ;

  COUNT(*)                                                                      
----------                                                                      
       514                                                                      

1 row selected.

Elapsed: 00:00:00.03
01:47:10 SQL> select /*+ FULL(PSP_PRIOR_PAYMENT_SUBMISSION) parallel(PSP_PRIOR_PAYMENT_SUBMISSION ,4) */count(*) from pspadm.PSP_PRIOR_PAYMENT_SUBMISSION PSP_PRIOR_PAYMENT_SUBMISSION ;

  COUNT(*)                                                                      
----------                                                                      
    357367                                                                      

1 row selected.

Elapsed: 00:00:00.70
01:47:11 SQL> select /*+ FULL(PSP_PROPERTY_AUDIT) parallel(PSP_PROPERTY_AUDIT ,4) */count(*) from pspadm.PSP_PROPERTY_AUDIT PSP_PROPERTY_AUDIT ;

  COUNT(*)                                                                      
----------                                                                      
1315884577                                                                      

1 row selected.

Elapsed: 00:17:37.45
02:04:48 SQL> select /*+ FULL(PSP_PROPERTY_AUDIT_BKP) parallel(PSP_PROPERTY_AUDIT_BKP ,4) */count(*) from pspadm.PSP_PROPERTY_AUDIT_BKP PSP_PROPERTY_AUDIT_BKP ;

  COUNT(*)                                                                      
----------                                                                      
     36057                                                                      

1 row selected.

Elapsed: 00:00:00.27
02:04:48 SQL> select /*+ FULL(PSP_PSTUB_ADDRESS) parallel(PSP_PSTUB_ADDRESS ,4) */count(*) from pspadm.PSP_PSTUB_ADDRESS PSP_PSTUB_ADDRESS ;

  COUNT(*)                                                                      
----------                                                                      
 425812779                                                                      

1 row selected.

Elapsed: 00:03:33.80
02:08:22 SQL> select /*+ FULL(PSP_PSTUB_DDITEM) parallel(PSP_PSTUB_DDITEM ,4) */count(*) from pspadm.PSP_PSTUB_DDITEM PSP_PSTUB_DDITEM ;

  COUNT(*)                                                                      
----------                                                                      
 376124290                                                                      

1 row selected.

Elapsed: 00:04:19.24
02:12:41 SQL> select /*+ FULL(PSP_PSTUB_EMPLOYEE_INFO) parallel(PSP_PSTUB_EMPLOYEE_INFO ,4) */count(*) from pspadm.PSP_PSTUB_EMPLOYEE_INFO PSP_PSTUB_EMPLOYEE_INFO ;

  COUNT(*)                                                                      
----------                                                                      
 424839829                                                                      

1 row selected.

Elapsed: 00:04:57.47
02:17:39 SQL> select /*+ FULL(PSP_PSTUB_EMPLOYEE_PREFERENCE) parallel(PSP_PSTUB_EMPLOYEE_PREFERENCE ,4) */count(*) from pspadm.PSP_PSTUB_EMPLOYEE_PREFERENCE PSP_PSTUB_EMPLOYEE_PREFERENCE ;

  COUNT(*)                                                                      
----------                                                                      
    276432                                                                      

1 row selected.

Elapsed: 00:00:00.41
02:17:39 SQL> select /*+ FULL(PSP_PSTUB_EMPLOYER_INFO) parallel(PSP_PSTUB_EMPLOYER_INFO ,4) */count(*) from pspadm.PSP_PSTUB_EMPLOYER_INFO PSP_PSTUB_EMPLOYER_INFO ;

  COUNT(*)                                                                      
----------                                                                      
    972914                                                                      

1 row selected.

Elapsed: 00:00:01.50
02:17:41 SQL> select /*+ FULL(PSP_PSTUB_MSG) parallel(PSP_PSTUB_MSG ,4) */count(*) from pspadm.PSP_PSTUB_MSG PSP_PSTUB_MSG ;

  COUNT(*)                                                                      
----------                                                                      
 365444635                                                                      

1 row selected.

Elapsed: 00:02:48.85
02:20:30 SQL> select /*+ FULL(PSP_PSTUB_PAID_TIMEOFF_ITEM) parallel(PSP_PSTUB_PAID_TIMEOFF_ITEM ,4) */count(*) from pspadm.PSP_PSTUB_PAID_TIMEOFF_ITEM PSP_PSTUB_PAID_TIMEOFF_ITEM ;

  COUNT(*)                                                                      
----------                                                                      
 780344224                                                                      

1 row selected.

Elapsed: 00:05:44.00
02:26:14 SQL> select /*+ FULL(PSP_PSTUB_PAY_ITEM) parallel(PSP_PSTUB_PAY_ITEM ,4) */count(*) from pspadm.PSP_PSTUB_PAY_ITEM PSP_PSTUB_PAY_ITEM ;

  COUNT(*)                                                                      
----------                                                                      
4981980033                                                                      

1 row selected.

Elapsed: 00:42:08.50
03:08:22 SQL> select /*+ FULL(PSP_PSTUB_STATE_TAX_INFO) parallel(PSP_PSTUB_STATE_TAX_INFO ,4) */count(*) from pspadm.PSP_PSTUB_STATE_TAX_INFO PSP_PSTUB_STATE_TAX_INFO ;

  COUNT(*)                                                                      
----------                                                                      
     21867                                                                      

1 row selected.

Elapsed: 00:00:00.20
03:08:22 SQL> select /*+ FULL(PSP_QBDT_EMPLOYEE_INFO) parallel(PSP_QBDT_EMPLOYEE_INFO ,4) */count(*) from pspadm.PSP_QBDT_EMPLOYEE_INFO PSP_QBDT_EMPLOYEE_INFO ;

  COUNT(*)                                                                      
----------                                                                      
  58354312                                                                      

1 row selected.

Elapsed: 00:00:46.45
03:09:09 SQL> select /*+ FULL(PSP_QBDT_PAYCHECK_INFO) parallel(PSP_QBDT_PAYCHECK_INFO ,4) */count(*) from pspadm.PSP_QBDT_PAYCHECK_INFO PSP_QBDT_PAYCHECK_INFO ;

  COUNT(*)                                                                      
----------                                                                      
1590808280                                                                      

1 row selected.

Elapsed: 00:12:43.53
03:21:52 SQL> select /*+ FULL(PSP_QBDT_PAYLINE_INFO) parallel(PSP_QBDT_PAYLINE_INFO ,4) */count(*) from pspadm.PSP_QBDT_PAYLINE_INFO PSP_QBDT_PAYLINE_INFO ;

  COUNT(*)                                                                      
----------                                                                      
2663903707                                                                      

1 row selected.

Elapsed: 00:19:30.06
03:41:22 SQL> select /*+ FULL(PSP_QBDT_PAYROLL_ITEM_INFO) parallel(PSP_QBDT_PAYROLL_ITEM_INFO ,4) */count(*) from pspadm.PSP_QBDT_PAYROLL_ITEM_INFO PSP_QBDT_PAYROLL_ITEM_INFO ;

  COUNT(*)                                                                      
----------                                                                      
  33350401                                                                      

1 row selected.

Elapsed: 00:00:25.17
03:41:48 SQL> spool off
