08:45:22 SQL> select /*+ FULL(MONEY_MOVEMENT_TXN_MG42009) parallel(MONEY_MOVEMENT_TXN_MG42009 ,4) */count(*) from pspadm.PSP_MONEY_MOVEMENT_TRANSACTION partition (MONEY_MOVEMENT_TXN_MG42009)MONEY_MOVEMENT_TXN_MG42009;

  COUNT(*)                                                                      
----------                                                                      
   5178796                                                                      

1 row selected.

Elapsed: 00:00:05.97
08:45:28 SQL> select /*+ FULL(MONEY_MOVEMENT_TXN_MG52009) parallel(MONEY_MOVEMENT_TXN_MG52009 ,4) */count(*) from pspadm.PSP_MONEY_MOVEMENT_TRANSACTION partition (MONEY_MOVEMENT_TXN_MG52009)MONEY_MOVEMENT_TXN_MG52009;

  COUNT(*)                                                                      
----------                                                                      
   5324765                                                                      

1 row selected.

Elapsed: 00:00:05.29
08:45:33 SQL> select /*+ FULL(MONEY_MOVEMENT_TXN_MG62009) parallel(MONEY_MOVEMENT_TXN_MG62009 ,4) */count(*) from pspadm.PSP_MONEY_MOVEMENT_TRANSACTION partition (MONEY_MOVEMENT_TXN_MG62009)MONEY_MOVEMENT_TXN_MG62009;

  COUNT(*)                                                                      
----------                                                                      
   5409208                                                                      

1 row selected.

Elapsed: 00:00:05.55
08:45:39 SQL> select /*+ FULL(MONEY_MOVEMENT_TXN_MG12010) parallel(MONEY_MOVEMENT_TXN_MG12010 ,4) */count(*) from pspadm.PSP_MONEY_MOVEMENT_TRANSACTION partition (MONEY_MOVEMENT_TXN_MG12010)MONEY_MOVEMENT_TXN_MG12010;

  COUNT(*)                                                                      
----------                                                                      
   5055401                                                                      

1 row selected.

Elapsed: 00:00:05.77
08:45:44 SQL> select /*+ FULL(MONEY_MOVEMENT_TXN_MG22010) parallel(MONEY_MOVEMENT_TXN_MG22010 ,4) */count(*) from pspadm.PSP_MONEY_MOVEMENT_TRANSACTION partition (MONEY_MOVEMENT_TXN_MG22010)MONEY_MOVEMENT_TXN_MG22010;

  COUNT(*)                                                                      
----------                                                                      
   5895357                                                                      

1 row selected.

Elapsed: 00:00:06.52
08:45:51 SQL> select /*+ FULL(MONEY_MOVEMENT_TXN_MG32010) parallel(MONEY_MOVEMENT_TXN_MG32010 ,4) */count(*) from pspadm.PSP_MONEY_MOVEMENT_TRANSACTION partition (MONEY_MOVEMENT_TXN_MG32010)MONEY_MOVEMENT_TXN_MG32010;

  COUNT(*)                                                                      
----------                                                                      
   6091546                                                                      

1 row selected.

Elapsed: 00:00:07.19
08:45:58 SQL> select /*+ FULL(MONEY_MOVEMENT_TXN_MG42010) parallel(MONEY_MOVEMENT_TXN_MG42010 ,4) */count(*) from pspadm.PSP_MONEY_MOVEMENT_TRANSACTION partition (MONEY_MOVEMENT_TXN_MG42010)MONEY_MOVEMENT_TXN_MG42010;

  COUNT(*)                                                                      
----------                                                                      
   5867587                                                                      

1 row selected.

Elapsed: 00:00:06.37
08:46:05 SQL> select /*+ FULL(MONEY_MOVEMENT_TXN_MG52010) parallel(MONEY_MOVEMENT_TXN_MG52010 ,4) */count(*) from pspadm.PSP_MONEY_MOVEMENT_TRANSACTION partition (MONEY_MOVEMENT_TXN_MG52010)MONEY_MOVEMENT_TXN_MG52010;

  COUNT(*)                                                                      
----------                                                                      
   5986065                                                                      

1 row selected.

Elapsed: 00:00:06.55
08:46:11 SQL> select /*+ FULL(MONEY_MOVEMENT_TXN_MG62010) parallel(MONEY_MOVEMENT_TXN_MG62010 ,4) */count(*) from pspadm.PSP_MONEY_MOVEMENT_TRANSACTION partition (MONEY_MOVEMENT_TXN_MG62010)MONEY_MOVEMENT_TXN_MG62010;

  COUNT(*)                                                                      
----------                                                                      
   6182651                                                                      

1 row selected.

Elapsed: 00:00:10.30
08:46:21 SQL> select /*+ FULL(MONEY_MOVEMENT_TXN_MG12011) parallel(MONEY_MOVEMENT_TXN_MG12011 ,4) */count(*) from pspadm.PSP_MONEY_MOVEMENT_TRANSACTION partition (MONEY_MOVEMENT_TXN_MG12011)MONEY_MOVEMENT_TXN_MG12011;

  COUNT(*)                                                                      
----------                                                                      
   5822001                                                                      

1 row selected.

Elapsed: 00:00:09.86
08:46:31 SQL> select /*+ FULL(MONEY_MOVEMENT_TXN_MG22011) parallel(MONEY_MOVEMENT_TXN_MG22011 ,4) */count(*) from pspadm.PSP_MONEY_MOVEMENT_TRANSACTION partition (MONEY_MOVEMENT_TXN_MG22011)MONEY_MOVEMENT_TXN_MG22011;

  COUNT(*)                                                                      
----------                                                                      
   6844684                                                                      

1 row selected.

Elapsed: 00:00:10.28
08:46:42 SQL> select /*+ FULL(MONEY_MOVEMENT_TXN_MG32011) parallel(MONEY_MOVEMENT_TXN_MG32011 ,4) */count(*) from pspadm.PSP_MONEY_MOVEMENT_TRANSACTION partition (MONEY_MOVEMENT_TXN_MG32011)MONEY_MOVEMENT_TXN_MG32011;

  COUNT(*)                                                                      
----------                                                                      
   7387665                                                                      

1 row selected.

Elapsed: 00:00:11.06
08:46:53 SQL> select /*+ FULL(MONEY_MOVEMENT_TXN_MG42011) parallel(MONEY_MOVEMENT_TXN_MG42011 ,4) */count(*) from pspadm.PSP_MONEY_MOVEMENT_TRANSACTION partition (MONEY_MOVEMENT_TXN_MG42011)MONEY_MOVEMENT_TXN_MG42011;

  COUNT(*)                                                                      
----------                                                                      
   7698432                                                                      

1 row selected.

Elapsed: 00:00:10.90
08:47:04 SQL> select /*+ FULL(MONEY_MOVEMENT_TXN_MG52011) parallel(MONEY_MOVEMENT_TXN_MG52011 ,4) */count(*) from pspadm.PSP_MONEY_MOVEMENT_TRANSACTION partition (MONEY_MOVEMENT_TXN_MG52011)MONEY_MOVEMENT_TXN_MG52011;

  COUNT(*)                                                                      
----------                                                                      
   7418187                                                                      

1 row selected.

Elapsed: 00:00:11.57
08:47:15 SQL> select /*+ FULL(MONEY_MOVEMENT_TXN_MG62011) parallel(MONEY_MOVEMENT_TXN_MG62011 ,4) */count(*) from pspadm.PSP_MONEY_MOVEMENT_TRANSACTION partition (MONEY_MOVEMENT_TXN_MG62011)MONEY_MOVEMENT_TXN_MG62011;

  COUNT(*)                                                                      
----------                                                                      
   8170938                                                                      

1 row selected.

Elapsed: 00:00:11.13
08:47:26 SQL> select /*+ FULL(MONEY_MOVEMENT_TXN_MG12012) parallel(MONEY_MOVEMENT_TXN_MG12012 ,4) */count(*) from pspadm.PSP_MONEY_MOVEMENT_TRANSACTION partition (MONEY_MOVEMENT_TXN_MG12012)MONEY_MOVEMENT_TXN_MG12012;

  COUNT(*)                                                                      
----------                                                                      
   8441343                                                                      

1 row selected.

Elapsed: 00:00:12.39
08:47:39 SQL> select /*+ FULL(MONEY_MOVEMENT_TXN_MG22012) parallel(MONEY_MOVEMENT_TXN_MG22012 ,4) */count(*) from pspadm.PSP_MONEY_MOVEMENT_TRANSACTION partition (MONEY_MOVEMENT_TXN_MG22012)MONEY_MOVEMENT_TXN_MG22012;

  COUNT(*)                                                                      
----------                                                                      
   8458952                                                                      

1 row selected.

Elapsed: 00:00:12.38
08:47:51 SQL> select /*+ FULL(MONEY_MOVEMENT_TXN_MG32012) parallel(MONEY_MOVEMENT_TXN_MG32012 ,4) */count(*) from pspadm.PSP_MONEY_MOVEMENT_TRANSACTION partition (MONEY_MOVEMENT_TXN_MG32012)MONEY_MOVEMENT_TXN_MG32012;

  COUNT(*)                                                                      
----------                                                                      
   9193682                                                                      

1 row selected.

Elapsed: 00:00:16.61
08:48:08 SQL> select /*+ FULL(MONEY_MOVEMENT_TXN_MG42012) parallel(MONEY_MOVEMENT_TXN_MG42012 ,4) */count(*) from pspadm.PSP_MONEY_MOVEMENT_TRANSACTION partition (MONEY_MOVEMENT_TXN_MG42012)MONEY_MOVEMENT_TXN_MG42012;

  COUNT(*)                                                                      
----------                                                                      
   9616044                                                                      

1 row selected.

Elapsed: 00:00:22.20
08:48:30 SQL> select /*+ FULL(MONEY_MOVEMENT_TXN_MG52012) parallel(MONEY_MOVEMENT_TXN_MG52012 ,4) */count(*) from pspadm.PSP_MONEY_MOVEMENT_TRANSACTION partition (MONEY_MOVEMENT_TXN_MG52012)MONEY_MOVEMENT_TXN_MG52012;

  COUNT(*)                                                                      
----------                                                                      
  10621435                                                                      

1 row selected.

Elapsed: 00:00:21.07
08:48:51 SQL> select /*+ FULL(MONEY_MOVEMENT_TXN_MG62012) parallel(MONEY_MOVEMENT_TXN_MG62012 ,4) */count(*) from pspadm.PSP_MONEY_MOVEMENT_TRANSACTION partition (MONEY_MOVEMENT_TXN_MG62012)MONEY_MOVEMENT_TXN_MG62012;

  COUNT(*)                                                                      
----------                                                                      
  11004647                                                                      

1 row selected.

Elapsed: 00:00:18.91
08:49:10 SQL> select /*+ FULL(MONEY_MOVEMENT_TXN_MG12013) parallel(MONEY_MOVEMENT_TXN_MG12013 ,4) */count(*) from pspadm.PSP_MONEY_MOVEMENT_TRANSACTION partition (MONEY_MOVEMENT_TXN_MG12013)MONEY_MOVEMENT_TXN_MG12013;

  COUNT(*)                                                                      
----------                                                                      
  11529582                                                                      

1 row selected.

Elapsed: 00:00:20.00
08:49:30 SQL> select /*+ FULL(MONEY_MOVEMENT_TXN_MG22013) parallel(MONEY_MOVEMENT_TXN_MG22013 ,4) */count(*) from pspadm.PSP_MONEY_MOVEMENT_TRANSACTION partition (MONEY_MOVEMENT_TXN_MG22013)MONEY_MOVEMENT_TXN_MG22013;

  COUNT(*)                                                                      
----------                                                                      
  11604262                                                                      

1 row selected.

Elapsed: 00:00:20.24
08:49:50 SQL> select /*+ FULL(MONEY_MOVEMENT_TXN_MG32013) parallel(MONEY_MOVEMENT_TXN_MG32013 ,4) */count(*) from pspadm.PSP_MONEY_MOVEMENT_TRANSACTION partition (MONEY_MOVEMENT_TXN_MG32013)MONEY_MOVEMENT_TXN_MG32013;

  COUNT(*)                                                                      
----------                                                                      
  12228221                                                                      

1 row selected.

Elapsed: 00:00:19.54
08:50:10 SQL> select /*+ FULL(MONEY_MOVEMENT_TXN_MG42013) parallel(MONEY_MOVEMENT_TXN_MG42013 ,4) */count(*) from pspadm.PSP_MONEY_MOVEMENT_TRANSACTION partition (MONEY_MOVEMENT_TXN_MG42013)MONEY_MOVEMENT_TXN_MG42013;

  COUNT(*)                                                                      
----------                                                                      
  12970411                                                                      

1 row selected.

Elapsed: 00:00:21.37
08:50:31 SQL> select /*+ FULL(MONEY_MOVEMENT_TXN_MG52013) parallel(MONEY_MOVEMENT_TXN_MG52013 ,4) */count(*) from pspadm.PSP_MONEY_MOVEMENT_TRANSACTION partition (MONEY_MOVEMENT_TXN_MG52013)MONEY_MOVEMENT_TXN_MG52013;

  COUNT(*)                                                                      
----------                                                                      
  12981173                                                                      

1 row selected.

Elapsed: 00:00:19.77
08:50:51 SQL> select /*+ FULL(MONEY_MOVEMENT_TXN_MG62013) parallel(MONEY_MOVEMENT_TXN_MG62013 ,4) */count(*) from pspadm.PSP_MONEY_MOVEMENT_TRANSACTION partition (MONEY_MOVEMENT_TXN_MG62013)MONEY_MOVEMENT_TXN_MG62013;

  COUNT(*)                                                                      
----------                                                                      
  13085385                                                                      

1 row selected.

Elapsed: 00:00:16.04
08:51:07 SQL> select /*+ FULL(MONEY_MOVEMENT_TXN_MG12014) parallel(MONEY_MOVEMENT_TXN_MG12014 ,4) */count(*) from pspadm.PSP_MONEY_MOVEMENT_TRANSACTION partition (MONEY_MOVEMENT_TXN_MG12014)MONEY_MOVEMENT_TXN_MG12014;

  COUNT(*)                                                                      
----------                                                                      
  12227899                                                                      

1 row selected.

Elapsed: 00:00:20.69
08:51:27 SQL> select /*+ FULL(MONEY_MOVEMENT_TXN_MG22014) parallel(MONEY_MOVEMENT_TXN_MG22014 ,4) */count(*) from pspadm.PSP_MONEY_MOVEMENT_TRANSACTION partition (MONEY_MOVEMENT_TXN_MG22014)MONEY_MOVEMENT_TXN_MG22014;

  COUNT(*)                                                                      
----------                                                                      
  13775184                                                                      

1 row selected.

Elapsed: 00:00:21.94
08:51:49 SQL> select /*+ FULL(MONEY_MOVEMENT_TXN_MG32014) parallel(MONEY_MOVEMENT_TXN_MG32014 ,4) */count(*) from pspadm.PSP_MONEY_MOVEMENT_TRANSACTION partition (MONEY_MOVEMENT_TXN_MG32014)MONEY_MOVEMENT_TXN_MG32014;

  COUNT(*)                                                                      
----------                                                                      
  13212222                                                                      

1 row selected.

Elapsed: 00:00:21.86
08:52:11 SQL> select /*+ FULL(MONEY_MOVEMENT_TXN_MG42014) parallel(MONEY_MOVEMENT_TXN_MG42014 ,4) */count(*) from pspadm.PSP_MONEY_MOVEMENT_TRANSACTION partition (MONEY_MOVEMENT_TXN_MG42014)MONEY_MOVEMENT_TXN_MG42014;

  COUNT(*)                                                                      
----------                                                                      
  14384879                                                                      

1 row selected.

Elapsed: 00:00:25.37
08:52:37 SQL> select /*+ FULL(MONEY_MOVEMENT_TXN_MG52014) parallel(MONEY_MOVEMENT_TXN_MG52014 ,4) */count(*) from pspadm.PSP_MONEY_MOVEMENT_TRANSACTION partition (MONEY_MOVEMENT_TXN_MG52014)MONEY_MOVEMENT_TXN_MG52014;

  COUNT(*)                                                                      
----------                                                                      
  14595618                                                                      

1 row selected.

Elapsed: 00:00:24.61
08:53:01 SQL> select /*+ FULL(MONEY_MOVEMENT_TXN_MG62014) parallel(MONEY_MOVEMENT_TXN_MG62014 ,4) */count(*) from pspadm.PSP_MONEY_MOVEMENT_TRANSACTION partition (MONEY_MOVEMENT_TXN_MG62014)MONEY_MOVEMENT_TXN_MG62014;

  COUNT(*)                                                                      
----------                                                                      
  14750091                                                                      

1 row selected.

Elapsed: 00:00:24.43
08:53:26 SQL> select /*+ FULL(MONEY_MOVEMENT_TXN_MG12015) parallel(MONEY_MOVEMENT_TXN_MG12015 ,4) */count(*) from pspadm.PSP_MONEY_MOVEMENT_TRANSACTION partition (MONEY_MOVEMENT_TXN_MG12015)MONEY_MOVEMENT_TXN_MG12015;

  COUNT(*)                                                                      
----------                                                                      
  13430830                                                                      

1 row selected.

Elapsed: 00:00:22.98
08:53:49 SQL> select /*+ FULL(MONEY_MOVEMENT_TXN_MG22015) parallel(MONEY_MOVEMENT_TXN_MG22015 ,4) */count(*) from pspadm.PSP_MONEY_MOVEMENT_TRANSACTION partition (MONEY_MOVEMENT_TXN_MG22015)MONEY_MOVEMENT_TXN_MG22015;

  COUNT(*)                                                                      
----------                                                                      
  15300734                                                                      

1 row selected.

Elapsed: 00:00:25.48
08:54:14 SQL> select /*+ FULL(MONEY_MOVEMENT_TXN_MG32015) parallel(MONEY_MOVEMENT_TXN_MG32015 ,4) */count(*) from pspadm.PSP_MONEY_MOVEMENT_TRANSACTION partition (MONEY_MOVEMENT_TXN_MG32015)MONEY_MOVEMENT_TXN_MG32015;

  COUNT(*)                                                                      
----------                                                                      
  14875889                                                                      

1 row selected.

Elapsed: 00:00:24.18
08:54:38 SQL> select /*+ FULL(MONEY_MOVEMENT_TXN_MG42015) parallel(MONEY_MOVEMENT_TXN_MG42015 ,4) */count(*) from pspadm.PSP_MONEY_MOVEMENT_TRANSACTION partition (MONEY_MOVEMENT_TXN_MG42015)MONEY_MOVEMENT_TXN_MG42015;

  COUNT(*)                                                                      
----------                                                                      
  15752957                                                                      

1 row selected.

Elapsed: 00:00:26.51
08:55:05 SQL> select /*+ FULL(MONEY_MOVEMENT_TXN_MG52015) parallel(MONEY_MOVEMENT_TXN_MG52015 ,4) */count(*) from pspadm.PSP_MONEY_MOVEMENT_TRANSACTION partition (MONEY_MOVEMENT_TXN_MG52015)MONEY_MOVEMENT_TXN_MG52015;

  COUNT(*)                                                                      
----------                                                                      
  16019541                                                                      

1 row selected.

Elapsed: 00:00:26.84
08:55:32 SQL> select /*+ FULL(MONEY_MOVEMENT_TXN_MG62015) parallel(MONEY_MOVEMENT_TXN_MG62015 ,4) */count(*) from pspadm.PSP_MONEY_MOVEMENT_TRANSACTION partition (MONEY_MOVEMENT_TXN_MG62015)MONEY_MOVEMENT_TXN_MG62015;

  COUNT(*)                                                                      
----------                                                                      
  16178981                                                                      

1 row selected.

Elapsed: 00:00:33.93
08:56:06 SQL> select /*+ FULL(MONEY_MOVEMENT_TXN_MG12016) parallel(MONEY_MOVEMENT_TXN_MG12016 ,4) */count(*) from pspadm.PSP_MONEY_MOVEMENT_TRANSACTION partition (MONEY_MOVEMENT_TXN_MG12016)MONEY_MOVEMENT_TXN_MG12016;

  COUNT(*)                                                                      
----------                                                                      
  14820563                                                                      

1 row selected.

Elapsed: 00:00:21.63
08:56:27 SQL> select /*+ FULL(MONEY_MOVEMENT_TXN_MG22016) parallel(MONEY_MOVEMENT_TXN_MG22016 ,4) */count(*) from pspadm.PSP_MONEY_MOVEMENT_TRANSACTION partition (MONEY_MOVEMENT_TXN_MG22016)MONEY_MOVEMENT_TXN_MG22016;

  COUNT(*)                                                                      
----------                                                                      
  16522850                                                                      

1 row selected.

Elapsed: 00:00:24.18
08:56:51 SQL> select /*+ FULL(MONEY_MOVEMENT_TXN_MG32016) parallel(MONEY_MOVEMENT_TXN_MG32016 ,4) */count(*) from pspadm.PSP_MONEY_MOVEMENT_TRANSACTION partition (MONEY_MOVEMENT_TXN_MG32016)MONEY_MOVEMENT_TXN_MG32016;

  COUNT(*)                                                                      
----------                                                                      
  17118356                                                                      

1 row selected.

Elapsed: 00:00:22.39
08:57:14 SQL> select /*+ FULL(MONEY_MOVEMENT_TXN_MG42016) parallel(MONEY_MOVEMENT_TXN_MG42016 ,4) */count(*) from pspadm.PSP_MONEY_MOVEMENT_TRANSACTION partition (MONEY_MOVEMENT_TXN_MG42016)MONEY_MOVEMENT_TXN_MG42016;

  COUNT(*)                                                                      
----------                                                                      
  17314372                                                                      

1 row selected.

Elapsed: 00:00:23.69
08:57:37 SQL> select /*+ FULL(MONEY_MOVEMENT_TXN_MG52016) parallel(MONEY_MOVEMENT_TXN_MG52016 ,4) */count(*) from pspadm.PSP_MONEY_MOVEMENT_TRANSACTION partition (MONEY_MOVEMENT_TXN_MG52016)MONEY_MOVEMENT_TXN_MG52016;

  COUNT(*)                                                                      
----------                                                                      
  16136626                                                                      

1 row selected.

Elapsed: 00:00:21.24
08:57:59 SQL> select /*+ FULL(MONEY_MOVEMENT_TXN_MG62016) parallel(MONEY_MOVEMENT_TXN_MG62016 ,4) */count(*) from pspadm.PSP_MONEY_MOVEMENT_TRANSACTION partition (MONEY_MOVEMENT_TXN_MG62016)MONEY_MOVEMENT_TXN_MG62016;

  COUNT(*)                                                                      
----------                                                                      
  17415937                                                                      

1 row selected.

Elapsed: 00:00:25.65
08:58:24 SQL> select /*+ FULL(MONEY_MOVEMENT_TXN_MG12017) parallel(MONEY_MOVEMENT_TXN_MG12017 ,4) */count(*) from pspadm.PSP_MONEY_MOVEMENT_TRANSACTION partition (MONEY_MOVEMENT_TXN_MG12017)MONEY_MOVEMENT_TXN_MG12017;

  COUNT(*)                                                                      
----------                                                                      
  16252364                                                                      

1 row selected.

Elapsed: 00:00:22.78
08:58:47 SQL> select /*+ FULL(MONEY_MOVEMENT_TXN_MG22017) parallel(MONEY_MOVEMENT_TXN_MG22017 ,4) */count(*) from pspadm.PSP_MONEY_MOVEMENT_TRANSACTION partition (MONEY_MOVEMENT_TXN_MG22017)MONEY_MOVEMENT_TXN_MG22017;

  COUNT(*)                                                                      
----------                                                                      
  17648931                                                                      

1 row selected.

Elapsed: 00:00:22.77
08:59:10 SQL> select /*+ FULL(MONEY_MOVEMENT_TXN_MG32017) parallel(MONEY_MOVEMENT_TXN_MG32017 ,4) */count(*) from pspadm.PSP_MONEY_MOVEMENT_TRANSACTION partition (MONEY_MOVEMENT_TXN_MG32017)MONEY_MOVEMENT_TXN_MG32017;

  COUNT(*)                                                                      
----------                                                                      
  18771837                                                                      

1 row selected.

Elapsed: 00:00:26.95
08:59:37 SQL> select /*+ FULL(MONEY_MOVEMENT_TXN_MG42017) parallel(MONEY_MOVEMENT_TXN_MG42017 ,4) */count(*) from pspadm.PSP_MONEY_MOVEMENT_TRANSACTION partition (MONEY_MOVEMENT_TXN_MG42017)MONEY_MOVEMENT_TXN_MG42017;

  COUNT(*)                                                                      
----------                                                                      
  18795932                                                                      

1 row selected.

Elapsed: 00:00:27.37
09:00:04 SQL> select /*+ FULL(MONEY_MOVEMENT_TXN_MG52017) parallel(MONEY_MOVEMENT_TXN_MG52017 ,4) */count(*) from pspadm.PSP_MONEY_MOVEMENT_TRANSACTION partition (MONEY_MOVEMENT_TXN_MG52017)MONEY_MOVEMENT_TXN_MG52017;

  COUNT(*)                                                                      
----------                                                                      
  17717411                                                                      

1 row selected.

Elapsed: 00:00:23.97
09:00:28 SQL> select /*+ FULL(MONEY_MOVEMENT_TXN_MG62017) parallel(MONEY_MOVEMENT_TXN_MG62017 ,4) */count(*) from pspadm.PSP_MONEY_MOVEMENT_TRANSACTION partition (MONEY_MOVEMENT_TXN_MG62017)MONEY_MOVEMENT_TXN_MG62017;

  COUNT(*)                                                                      
----------                                                                      
  18831562                                                                      

1 row selected.

Elapsed: 00:00:25.17
09:00:53 SQL> select /*+ FULL(MONEY_MOVEMENT_TXN_MG12018) parallel(MONEY_MOVEMENT_TXN_MG12018 ,4) */count(*) from pspadm.PSP_MONEY_MOVEMENT_TRANSACTION partition (MONEY_MOVEMENT_TXN_MG12018)MONEY_MOVEMENT_TXN_MG12018;

  COUNT(*)                                                                      
----------                                                                      
  18717402                                                                      

1 row selected.

Elapsed: 00:00:26.30
09:01:20 SQL> select /*+ FULL(MONEY_MOVEMENT_TXN_MG22018) parallel(MONEY_MOVEMENT_TXN_MG22018 ,4) */count(*) from pspadm.PSP_MONEY_MOVEMENT_TRANSACTION partition (MONEY_MOVEMENT_TXN_MG22018)MONEY_MOVEMENT_TXN_MG22018;

  COUNT(*)                                                                      
----------                                                                      
  18246037                                                                      

1 row selected.

Elapsed: 00:00:24.62
09:01:44 SQL> select /*+ FULL(MONEY_MOVEMENT_TXN_MG32018) parallel(MONEY_MOVEMENT_TXN_MG32018 ,4) */count(*) from pspadm.PSP_MONEY_MOVEMENT_TRANSACTION partition (MONEY_MOVEMENT_TXN_MG32018)MONEY_MOVEMENT_TXN_MG32018;

  COUNT(*)                                                                      
----------                                                                      
  20054809                                                                      

1 row selected.

Elapsed: 00:00:22.67
09:02:07 SQL> select /*+ FULL(MONEY_MOVEMENT_TXN_MG42018) parallel(MONEY_MOVEMENT_TXN_MG42018 ,4) */count(*) from pspadm.PSP_MONEY_MOVEMENT_TRANSACTION partition (MONEY_MOVEMENT_TXN_MG42018)MONEY_MOVEMENT_TXN_MG42018;

  COUNT(*)                                                                      
----------                                                                      
  20655826                                                                      

1 row selected.

Elapsed: 00:00:22.15
09:02:29 SQL> select /*+ FULL(MONEY_MOVEMENT_TXN_MG52018) parallel(MONEY_MOVEMENT_TXN_MG52018 ,4) */count(*) from pspadm.PSP_MONEY_MOVEMENT_TRANSACTION partition (MONEY_MOVEMENT_TXN_MG52018)MONEY_MOVEMENT_TXN_MG52018;

  COUNT(*)                                                                      
----------                                                                      
  20387500                                                                      

1 row selected.

Elapsed: 00:00:21.96
09:02:51 SQL> select /*+ FULL(MONEY_MOVEMENT_TXN_MG62018) parallel(MONEY_MOVEMENT_TXN_MG62018 ,4) */count(*) from pspadm.PSP_MONEY_MOVEMENT_TRANSACTION partition (MONEY_MOVEMENT_TXN_MG62018)MONEY_MOVEMENT_TXN_MG62018;

  COUNT(*)                                                                      
----------                                                                      
  19431832                                                                      

1 row selected.

Elapsed: 00:00:18.03
09:03:09 SQL> select /*+ FULL(MONEY_MOVEMENT_TXN_MG12019) parallel(MONEY_MOVEMENT_TXN_MG12019 ,4) */count(*) from pspadm.PSP_MONEY_MOVEMENT_TRANSACTION partition (MONEY_MOVEMENT_TXN_MG12019)MONEY_MOVEMENT_TXN_MG12019;

  COUNT(*)                                                                      
----------                                                                      
  19900514                                                                      

1 row selected.

Elapsed: 00:00:21.62
09:03:31 SQL> select /*+ FULL(MONEY_MOVEMENT_TXN_MG22019) parallel(MONEY_MOVEMENT_TXN_MG22019 ,4) */count(*) from pspadm.PSP_MONEY_MOVEMENT_TRANSACTION partition (MONEY_MOVEMENT_TXN_MG22019)MONEY_MOVEMENT_TXN_MG22019;

  COUNT(*)                                                                      
----------                                                                      
  19780486                                                                      

1 row selected.

Elapsed: 00:00:21.53
09:03:52 SQL> select /*+ FULL(MONEY_MOVEMENT_TXN_MG32019) parallel(MONEY_MOVEMENT_TXN_MG32019 ,4) */count(*) from pspadm.PSP_MONEY_MOVEMENT_TRANSACTION partition (MONEY_MOVEMENT_TXN_MG32019)MONEY_MOVEMENT_TXN_MG32019;

  COUNT(*)                                                                      
----------                                                                      
  21055369                                                                      

1 row selected.

Elapsed: 00:00:25.42
09:04:18 SQL> select /*+ FULL(MONEY_MOVEMENT_TXN_MG42019) parallel(MONEY_MOVEMENT_TXN_MG42019 ,4) */count(*) from pspadm.PSP_MONEY_MOVEMENT_TRANSACTION partition (MONEY_MOVEMENT_TXN_MG42019)MONEY_MOVEMENT_TXN_MG42019;

  COUNT(*)                                                                      
----------                                                                      
  22007048                                                                      

1 row selected.

Elapsed: 00:00:20.31
09:04:38 SQL> select /*+ FULL(MONEY_MOVEMENT_TXN_MG52019) parallel(MONEY_MOVEMENT_TXN_MG52019 ,4) */count(*) from pspadm.PSP_MONEY_MOVEMENT_TRANSACTION partition (MONEY_MOVEMENT_TXN_MG52019)MONEY_MOVEMENT_TXN_MG52019;

  COUNT(*)                                                                      
----------                                                                      
  21801541                                                                      

1 row selected.

Elapsed: 00:00:23.90
09:05:02 SQL> select /*+ FULL(MONEY_MOVEMENT_TXN_MG62019) parallel(MONEY_MOVEMENT_TXN_MG62019 ,4) */count(*) from pspadm.PSP_MONEY_MOVEMENT_TRANSACTION partition (MONEY_MOVEMENT_TXN_MG62019)MONEY_MOVEMENT_TXN_MG62019;

  COUNT(*)                                                                      
----------                                                                      
  21776241                                                                      

1 row selected.

Elapsed: 00:00:13.03
09:05:15 SQL> select /*+ FULL(MONEY_MOVEMENT_TXN_MG12020) parallel(MONEY_MOVEMENT_TXN_MG12020 ,4) */count(*) from pspadm.PSP_MONEY_MOVEMENT_TRANSACTION partition (MONEY_MOVEMENT_TXN_MG12020)MONEY_MOVEMENT_TXN_MG12020;

  COUNT(*)                                                                      
----------                                                                      
  19690347                                                                      

1 row selected.

Elapsed: 00:00:13.33
09:05:28 SQL> 
09:05:28 SQL> spool off
