Timing is on.
set search_path to pspadm;
SET
Time: 0.552 ms
analyze (verbose) pspadm.psp_money_movement_transaction_p0;
psql:pspadm_analyze_3.sql:3: INFO:  analyzing "pspadm.psp_money_movement_transaction_p0"
psql:pspadm_analyze_3.sql:3: INFO:  "psp_money_movement_transaction_p0": scanned 30000 of 6381059 pages, containing 801257 live rows and 4320 dead rows; 30000 rows in sample, 170428940 estimated total rows
ANALYZE
Time: 32438.855 ms (00:32.439)
analyze (verbose) pspadm.psp_money_movement_transaction_p1;
psql:pspadm_analyze_3.sql:4: INFO:  analyzing "pspadm.psp_money_movement_transaction_p1"
psql:pspadm_analyze_3.sql:4: INFO:  "psp_money_movement_transaction_p1": scanned 30000 of 6398467 pages, containing 801754 live rows and 4283 dead rows; 30000 rows in sample, 170999884 estimated total rows
ANALYZE
Time: 32559.234 ms (00:32.559)
analyze (verbose) pspadm.psp_money_movement_transaction_p2;
psql:pspadm_analyze_3.sql:5: INFO:  analyzing "pspadm.psp_money_movement_transaction_p2"
psql:pspadm_analyze_3.sql:5: INFO:  "psp_money_movement_transaction_p2": scanned 30000 of 6307586 pages, containing 802424 live rows and 4348 dead rows; 30000 rows in sample, 168711946 estimated total rows
ANALYZE
Time: 32438.351 ms (00:32.438)
analyze (verbose) pspadm.psp_money_movement_transaction_p3;
psql:pspadm_analyze_3.sql:6: INFO:  analyzing "pspadm.psp_money_movement_transaction_p3"
psql:pspadm_analyze_3.sql:6: INFO:  "psp_money_movement_transaction_p3": scanned 30000 of 6349570 pages, containing 802904 live rows and 3704 dead rows; 30000 rows in sample, 169936505 estimated total rows
ANALYZE
Time: 32561.174 ms (00:32.561)
analyze (verbose) pspadm.psp_money_movement_transaction_p4;
psql:pspadm_analyze_3.sql:7: INFO:  analyzing "pspadm.psp_money_movement_transaction_p4"
psql:pspadm_analyze_3.sql:7: INFO:  "psp_money_movement_transaction_p4": scanned 30000 of 6342402 pages, containing 802688 live rows and 4342 dead rows; 30000 rows in sample, 169698999 estimated total rows
ANALYZE
Time: 32268.778 ms (00:32.269)
analyze (verbose) pspadm.psp_money_movement_transaction_p5;
psql:pspadm_analyze_3.sql:8: INFO:  analyzing "pspadm.psp_money_movement_transaction_p5"
psql:pspadm_analyze_3.sql:8: INFO:  "psp_money_movement_transaction_p5": scanned 30000 of 6416130 pages, containing 802765 live rows and 4389 dead rows; 30000 rows in sample, 171688153 estimated total rows
ANALYZE
Time: 31911.478 ms (00:31.911)
analyze (verbose) pspadm.psp_money_movement_transaction_p6;
psql:pspadm_analyze_3.sql:9: INFO:  analyzing "pspadm.psp_money_movement_transaction_p6"
psql:pspadm_analyze_3.sql:9: INFO:  "psp_money_movement_transaction_p6": scanned 30000 of 6234370 pages, containing 802153 live rows and 3865 dead rows; 30000 rows in sample, 166697287 estimated total rows
ANALYZE
Time: 32094.520 ms (00:32.095)
analyze (verbose) pspadm.psp_money_movement_transaction_p7;
psql:pspadm_analyze_3.sql:10: INFO:  analyzing "pspadm.psp_money_movement_transaction_p7"
psql:pspadm_analyze_3.sql:10: INFO:  "psp_money_movement_transaction_p7": scanned 30000 of 6429954 pages, containing 803892 live rows and 6145 dead rows; 30000 rows in sample, 172299619 estimated total rows
ANALYZE
Time: 32087.152 ms (00:32.087)
analyze (verbose) pspadm.psp_money_movement_transaction;
psql:pspadm_analyze_3.sql:11: INFO:  analyzing "pspadm.psp_money_movement_transaction" inheritance tree
psql:pspadm_analyze_3.sql:11: INFO:  "psp_money_movement_transaction_p0": scanned 3764 of 6381059 pages, containing 100435 live rows and 536 dead rows; 3764 rows in sample, 170266116 estimated total rows
psql:pspadm_analyze_3.sql:11: INFO:  "psp_money_movement_transaction_p1": scanned 3774 of 6398467 pages, containing 100953 live rows and 421 dead rows; 3774 rows in sample, 171156449 estimated total rows
psql:pspadm_analyze_3.sql:11: INFO:  "psp_money_movement_transaction_p2": scanned 3721 of 6307586 pages, containing 99532 live rows and 436 dead rows; 3721 rows in sample, 168719874 estimated total rows
psql:pspadm_analyze_3.sql:11: INFO:  "psp_money_movement_transaction_p3": scanned 3745 of 6349570 pages, containing 100147 live rows and 500 dead rows; 3745 rows in sample, 169797166 estimated total rows
psql:pspadm_analyze_3.sql:11: INFO:  "psp_money_movement_transaction_p4": scanned 3741 of 6342402 pages, containing 100164 live rows and 499 dead rows; 3741 rows in sample, 169815652 estimated total rows
psql:pspadm_analyze_3.sql:11: INFO:  "psp_money_movement_transaction_p5": scanned 3785 of 6416130 pages, containing 101361 live rows and 598 dead rows; 3785 rows in sample, 171821758 estimated total rows
psql:pspadm_analyze_3.sql:11: INFO:  "psp_money_movement_transaction_p6": scanned 3677 of 6234370 pages, containing 98480 live rows and 483 dead rows; 3677 rows in sample, 166973282 estimated total rows
psql:pspadm_analyze_3.sql:11: INFO:  "psp_money_movement_transaction_p7": scanned 3793 of 6429954 pages, containing 101538 live rows and 790 dead rows; 3793 rows in sample, 172128834 estimated total rows
psql:pspadm_analyze_3.sql:11: INFO:  analyzing "pspadm.psp_money_movement_transaction_p0"
psql:pspadm_analyze_3.sql:11: INFO:  "psp_money_movement_transaction_p0": scanned 30000 of 6381059 pages, containing 801355 live rows and 4463 dead rows; 30000 rows in sample, 170449784 estimated total rows
psql:pspadm_analyze_3.sql:11: INFO:  analyzing "pspadm.psp_money_movement_transaction_p1"
psql:pspadm_analyze_3.sql:11: INFO:  "psp_money_movement_transaction_p1": scanned 30000 of 6398467 pages, containing 801443 live rows and 4254 dead rows; 30000 rows in sample, 170933553 estimated total rows
psql:pspadm_analyze_3.sql:11: INFO:  analyzing "pspadm.psp_money_movement_transaction_p2"
psql:pspadm_analyze_3.sql:11: INFO:  "psp_money_movement_transaction_p2": scanned 30000 of 6307586 pages, containing 802312 live rows and 4598 dead rows; 30000 rows in sample, 168688398 estimated total rows
psql:pspadm_analyze_3.sql:11: INFO:  analyzing "pspadm.psp_money_movement_transaction_p3"
psql:pspadm_analyze_3.sql:11: INFO:  "psp_money_movement_transaction_p3": scanned 30000 of 6349570 pages, containing 802837 live rows and 4189 dead rows; 30000 rows in sample, 169922324 estimated total rows
psql:pspadm_analyze_3.sql:11: INFO:  analyzing "pspadm.psp_money_movement_transaction_p4"
psql:pspadm_analyze_3.sql:11: INFO:  "psp_money_movement_transaction_p4": scanned 30000 of 6342402 pages, containing 802329 live rows and 4364 dead rows; 30000 rows in sample, 169623102 estimated total rows
psql:pspadm_analyze_3.sql:11: INFO:  analyzing "pspadm.psp_money_movement_transaction_p5"
psql:pspadm_analyze_3.sql:11: INFO:  "psp_money_movement_transaction_p5": scanned 30000 of 6416130 pages, containing 802743 live rows and 4923 dead rows; 30000 rows in sample, 171683448 estimated total rows
psql:pspadm_analyze_3.sql:11: INFO:  analyzing "pspadm.psp_money_movement_transaction_p6"
psql:pspadm_analyze_3.sql:11: INFO:  "psp_money_movement_transaction_p6": scanned 30000 of 6234370 pages, containing 801215 live rows and 4098 dead rows; 30000 rows in sample, 166502359 estimated total rows
psql:pspadm_analyze_3.sql:11: INFO:  analyzing "pspadm.psp_money_movement_transaction_p7"
psql:pspadm_analyze_3.sql:11: INFO:  "psp_money_movement_transaction_p7": scanned 30000 of 6429954 pages, containing 803906 live rows and 5791 dead rows; 30000 rows in sample, 172302620 estimated total rows
ANALYZE
Time: 287194.502 ms (04:47.195)
analyze (verbose) pspadm.psp_pstub_employee_info_p0;
psql:pspadm_analyze_3.sql:12: INFO:  analyzing "pspadm.psp_pstub_employee_info_p0"
psql:pspadm_analyze_3.sql:12: INFO:  "psp_pstub_employee_info_p0": scanned 30000 of 4897285 pages, containing 696080 live rows and 2762 dead rows; 30000 rows in sample, 113630071 estimated total rows
ANALYZE
Time: 33121.105 ms (00:33.121)
analyze (verbose) pspadm.psp_pstub_employee_info_p1;
psql:pspadm_analyze_3.sql:13: INFO:  analyzing "pspadm.psp_pstub_employee_info_p1"
psql:pspadm_analyze_3.sql:13: INFO:  "psp_pstub_employee_info_p1": scanned 30000 of 4957738 pages, containing 697073 live rows and 2852 dead rows; 30000 rows in sample, 115196843 estimated total rows
ANALYZE
Time: 33155.088 ms (00:33.155)
analyze (verbose) pspadm.psp_pstub_employee_info_p2;
psql:pspadm_analyze_3.sql:14: INFO:  analyzing "pspadm.psp_pstub_employee_info_p2"
psql:pspadm_analyze_3.sql:14: INFO:  "psp_pstub_employee_info_p2": scanned 30000 of 4820743 pages, containing 696683 live rows and 2879 dead rows; 30000 rows in sample, 111950990 estimated total rows
ANALYZE
Time: 33169.089 ms (00:33.169)
analyze (verbose) pspadm.psp_pstub_employee_info_p3;
psql:pspadm_analyze_3.sql:15: INFO:  analyzing "pspadm.psp_pstub_employee_info_p3"
psql:pspadm_analyze_3.sql:15: INFO:  "psp_pstub_employee_info_p3": scanned 30000 of 4883222 pages, containing 697264 live rows and 2375 dead rows; 30000 rows in sample, 113496497 estimated total rows
ANALYZE
Time: 32830.953 ms (00:32.831)
analyze (verbose) pspadm.psp_pstub_employee_info;
psql:pspadm_analyze_3.sql:16: INFO:  analyzing "pspadm.psp_pstub_employee_info" inheritance tree
psql:pspadm_analyze_3.sql:16: INFO:  "psp_pstub_employee_info_p0": scanned 7512 of 4897285 pages, containing 174325 live rows and 578 dead rows; 7512 rows in sample, 113647392 estimated total rows
psql:pspadm_analyze_3.sql:16: INFO:  "psp_pstub_employee_info_p1": scanned 7604 of 4957738 pages, containing 176666 live rows and 712 dead rows; 7604 rows in sample, 115184606 estimated total rows
psql:pspadm_analyze_3.sql:16: INFO:  "psp_pstub_employee_info_p2": scanned 7394 of 4820743 pages, containing 172114 live rows and 739 dead rows; 7394 rows in sample, 112214953 estimated total rows
psql:pspadm_analyze_3.sql:16: INFO:  "psp_pstub_employee_info_p3": scanned 7490 of 4883222 pages, containing 173943 live rows and 715 dead rows; 7490 rows in sample, 113404844 estimated total rows
psql:pspadm_analyze_3.sql:16: INFO:  analyzing "pspadm.psp_pstub_employee_info_p0"
psql:pspadm_analyze_3.sql:16: INFO:  "psp_pstub_employee_info_p0": scanned 30000 of 4897285 pages, containing 696533 live rows and 2696 dead rows; 30000 rows in sample, 113704020 estimated total rows
psql:pspadm_analyze_3.sql:16: INFO:  analyzing "pspadm.psp_pstub_employee_info_p1"
psql:pspadm_analyze_3.sql:16: INFO:  "psp_pstub_employee_info_p1": scanned 30000 of 4957738 pages, containing 696578 live rows and 3035 dead rows; 30000 rows in sample, 115115041 estimated total rows
psql:pspadm_analyze_3.sql:16: INFO:  analyzing "pspadm.psp_pstub_employee_info_p2"
psql:pspadm_analyze_3.sql:16: INFO:  "psp_pstub_employee_info_p2": scanned 30000 of 4820743 pages, containing 697072 live rows and 2827 dead rows; 30000 rows in sample, 112013499 estimated total rows
psql:pspadm_analyze_3.sql:16: INFO:  analyzing "pspadm.psp_pstub_employee_info_p3"
psql:pspadm_analyze_3.sql:16: INFO:  "psp_pstub_employee_info_p3": scanned 30000 of 4883222 pages, containing 697133 live rows and 2544 dead rows; 30000 rows in sample, 113475173 estimated total rows
ANALYZE
Time: 165055.777 ms (02:45.056)
analyze (verbose) pspadm.psp_company_event_p0;
psql:pspadm_analyze_3.sql:17: INFO:  analyzing "pspadm.psp_company_event_p0"
psql:pspadm_analyze_3.sql:17: INFO:  "psp_company_event_p0": scanned 30000 of 6308359 pages, containing 1089680 live rows and 4049 dead rows; 30000 rows in sample, 229136421 estimated total rows
ANALYZE
Time: 32342.174 ms (00:32.342)
analyze (verbose) pspadm.psp_company_event_p1;
psql:pspadm_analyze_3.sql:18: INFO:  analyzing "pspadm.psp_company_event_p1"
psql:pspadm_analyze_3.sql:18: INFO:  "psp_company_event_p1": scanned 30000 of 6332169 pages, containing 1088791 live rows and 12066 dead rows; 30000 rows in sample, 229813621 estimated total rows
ANALYZE
Time: 32644.251 ms (00:32.644)
analyze (verbose) pspadm.psp_company_event_p2;
psql:pspadm_analyze_3.sql:19: INFO:  analyzing "pspadm.psp_company_event_p2"
psql:pspadm_analyze_3.sql:19: INFO:  "psp_company_event_p2": scanned 30000 of 6257160 pages, containing 1090321 live rows and 10965 dead rows; 30000 rows in sample, 227410432 estimated total rows
ANALYZE
Time: 32215.254 ms (00:32.215)
analyze (verbose) pspadm.psp_company_event_p3;
psql:pspadm_analyze_3.sql:20: INFO:  analyzing "pspadm.psp_company_event_p3"
psql:pspadm_analyze_3.sql:20: INFO:  "psp_company_event_p3": scanned 30000 of 6293001 pages, containing 1087284 live rows and 13493 dead rows; 30000 rows in sample, 228075977 estimated total rows
ANALYZE
Time: 32459.219 ms (00:32.459)
analyze (verbose) pspadm.psp_company_event_p4;
psql:pspadm_analyze_3.sql:21: INFO:  analyzing "pspadm.psp_company_event_p4"
psql:pspadm_analyze_3.sql:21: INFO:  "psp_company_event_p4": scanned 30000 of 6535684 pages, containing 1053960 live rows and 14652 dead rows; 30000 rows in sample, 229611650 estimated total rows
ANALYZE
Time: 32488.178 ms (00:32.488)
analyze (verbose) pspadm.psp_company_event_p5;
psql:pspadm_analyze_3.sql:22: INFO:  analyzing "pspadm.psp_company_event_p5"
psql:pspadm_analyze_3.sql:22: INFO:  "psp_company_event_p5": scanned 30000 of 6334984 pages, containing 1089232 live rows and 3813 dead rows; 30000 rows in sample, 230008910 estimated total rows
ANALYZE
Time: 32576.761 ms (00:32.577)
analyze (verbose) pspadm.psp_company_event_p6;
psql:pspadm_analyze_3.sql:23: INFO:  analyzing "pspadm.psp_company_event_p6"
psql:pspadm_analyze_3.sql:23: INFO:  "psp_company_event_p6": scanned 30000 of 6223898 pages, containing 1089422 live rows and 11625 dead rows; 30000 rows in sample, 226015047 estimated total rows
ANALYZE
Time: 32407.187 ms (00:32.407)
analyze (verbose) pspadm.psp_company_event_p7;
psql:pspadm_analyze_3.sql:24: INFO:  analyzing "pspadm.psp_company_event_p7"
psql:pspadm_analyze_3.sql:24: INFO:  "psp_company_event_p7": scanned 30000 of 6283019 pages, containing 1090262 live rows and 3892 dead rows; 30000 rows in sample, 228337895 estimated total rows
ANALYZE
Time: 32674.207 ms (00:32.674)
analyze (verbose) pspadm.psp_company_event;
psql:pspadm_analyze_3.sql:25: INFO:  analyzing "pspadm.psp_company_event" inheritance tree
psql:pspadm_analyze_3.sql:25: INFO:  "psp_company_event_p0": scanned 3742 of 6308359 pages, containing 135915 live rows and 330 dead rows; 3742 rows in sample, 229128972 estimated total rows
psql:pspadm_analyze_3.sql:25: INFO:  "psp_company_event_p1": scanned 3757 of 6332169 pages, containing 136432 live rows and 1474 dead rows; 3757 rows in sample, 229946894 estimated total rows
psql:pspadm_analyze_3.sql:25: INFO:  "psp_company_event_p2": scanned 3712 of 6257160 pages, containing 134998 live rows and 744 dead rows; 3712 rows in sample, 227560368 estimated total rows
psql:pspadm_analyze_3.sql:25: INFO:  "psp_company_event_p3": scanned 3733 of 6293001 pages, containing 135253 live rows and 1202 dead rows; 3733 rows in sample, 228006232 estimated total rows
psql:pspadm_analyze_3.sql:25: INFO:  "psp_company_event_p4": scanned 3877 of 6535684 pages, containing 136335 live rows and 1497 dead rows; 3877 rows in sample, 229827825 estimated total rows
psql:pspadm_analyze_3.sql:25: INFO:  "psp_company_event_p5": scanned 3758 of 6334984 pages, containing 136725 live rows and 878 dead rows; 3758 rows in sample, 230481822 estimated total rows
psql:pspadm_analyze_3.sql:25: INFO:  "psp_company_event_p6": scanned 3692 of 6223898 pages, containing 134068 live rows and 1488 dead rows; 3692 rows in sample, 226009089 estimated total rows
psql:pspadm_analyze_3.sql:25: INFO:  "psp_company_event_p7": scanned 3727 of 6283019 pages, containing 135590 live rows and 284 dead rows; 3727 rows in sample, 228579165 estimated total rows
psql:pspadm_analyze_3.sql:25: INFO:  analyzing "pspadm.psp_company_event_p0"
psql:pspadm_analyze_3.sql:25: INFO:  "psp_company_event_p0": scanned 30000 of 6308359 pages, containing 1089822 live rows and 4471 dead rows; 30000 rows in sample, 229166281 estimated total rows
psql:pspadm_analyze_3.sql:25: INFO:  analyzing "pspadm.psp_company_event_p1"
psql:pspadm_analyze_3.sql:25: INFO:  "psp_company_event_p1": scanned 30000 of 6332169 pages, containing 1089187 live rows and 12783 dead rows; 30000 rows in sample, 229897205 estimated total rows
psql:pspadm_analyze_3.sql:25: INFO:  analyzing "pspadm.psp_company_event_p2"
psql:pspadm_analyze_3.sql:25: INFO:  "psp_company_event_p2": scanned 30000 of 6257160 pages, containing 1089386 live rows and 9220 dead rows; 30000 rows in sample, 227215417 estimated total rows
psql:pspadm_analyze_3.sql:25: INFO:  analyzing "pspadm.psp_company_event_p3"
psql:pspadm_analyze_3.sql:25: INFO:  "psp_company_event_p3": scanned 30000 of 6293001 pages, containing 1087044 live rows and 13038 dead rows; 30000 rows in sample, 228025633 estimated total rows
psql:pspadm_analyze_3.sql:25: INFO:  analyzing "pspadm.psp_company_event_p4"
psql:pspadm_analyze_3.sql:25: INFO:  "psp_company_event_p4": scanned 30000 of 6535684 pages, containing 1051892 live rows and 13895 dead rows; 30000 rows in sample, 229161124 estimated total rows
psql:pspadm_analyze_3.sql:25: INFO:  analyzing "pspadm.psp_company_event_p5"
psql:pspadm_analyze_3.sql:25: INFO:  "psp_company_event_p5": scanned 30000 of 6334984 pages, containing 1089291 live rows and 4515 dead rows; 30000 rows in sample, 230021369 estimated total rows
psql:pspadm_analyze_3.sql:25: INFO:  analyzing "pspadm.psp_company_event_p6"
psql:pspadm_analyze_3.sql:25: INFO:  "psp_company_event_p6": scanned 30000 of 6223898 pages, containing 1090168 live rows and 9809 dead rows; 30000 rows in sample, 226169814 estimated total rows
psql:pspadm_analyze_3.sql:25: INFO:  analyzing "pspadm.psp_company_event_p7"
psql:pspadm_analyze_3.sql:25: INFO:  "psp_company_event_p7": scanned 30000 of 6283019 pages, containing 1090311 live rows and 3497 dead rows; 30000 rows in sample, 228348158 estimated total rows
ANALYZE
Time: 290029.424 ms (04:50.029)
analyze (verbose) pspadm.psp_company_event_email_param_p0;
psql:pspadm_analyze_3.sql:26: INFO:  analyzing "pspadm.psp_company_event_email_param_p0"
psql:pspadm_analyze_3.sql:26: INFO:  "psp_company_event_email_param_p0": scanned 30000 of 12567812 pages, containing 1042231 live rows and 1 dead rows; 30000 rows in sample, 436618776 estimated total rows
ANALYZE
Time: 32438.532 ms (00:32.439)
analyze (verbose) pspadm.psp_company_event_email_param_p1;
psql:pspadm_analyze_3.sql:27: INFO:  analyzing "pspadm.psp_company_event_email_param_p1"
psql:pspadm_analyze_3.sql:27: INFO:  "psp_company_event_email_param_p1": scanned 30000 of 12639237 pages, containing 1042917 live rows and 0 dead rows; 30000 rows in sample, 439389171 estimated total rows
ANALYZE
Time: 32685.923 ms (00:32.686)
analyze (verbose) pspadm.psp_company_event_email_param_p2;
psql:pspadm_analyze_3.sql:28: INFO:  analyzing "pspadm.psp_company_event_email_param_p2"
psql:pspadm_analyze_3.sql:28: INFO:  "psp_company_event_email_param_p2": scanned 30000 of 12468228 pages, containing 1043537 live rows and 42 dead rows; 30000 rows in sample, 433701908 estimated total rows
ANALYZE
Time: 32296.515 ms (00:32.297)
analyze (verbose) pspadm.psp_company_event_email_param_p3;
psql:pspadm_analyze_3.sql:29: INFO:  analyzing "pspadm.psp_company_event_email_param_p3"
psql:pspadm_analyze_3.sql:29: INFO:  "psp_company_event_email_param_p3": scanned 30000 of 12605702 pages, containing 1042642 live rows and 33 dead rows; 30000 rows in sample, 438107811 estimated total rows
ANALYZE
Time: 32588.606 ms (00:32.589)
analyze (verbose) pspadm.psp_company_event_email_param_p4;
psql:pspadm_analyze_3.sql:30: INFO:  analyzing "pspadm.psp_company_event_email_param_p4"
psql:pspadm_analyze_3.sql:30: INFO:  "psp_company_event_email_param_p4": scanned 30000 of 12538627 pages, containing 1041847 live rows and 0 dead rows; 30000 rows in sample, 435444364 estimated total rows
ANALYZE
Time: 32442.505 ms (00:32.443)
analyze (verbose) pspadm.psp_company_event_email_param_p5;
psql:pspadm_analyze_3.sql:31: INFO:  analyzing "pspadm.psp_company_event_email_param_p5"
psql:pspadm_analyze_3.sql:31: INFO:  "psp_company_event_email_param_p5": scanned 30000 of 12761858 pages, containing 1042644 live rows and 53 dead rows; 30000 rows in sample, 443535822 estimated total rows
ANALYZE
Time: 32433.963 ms (00:32.434)
analyze (verbose) pspadm.psp_company_event_email_param_p6;
psql:pspadm_analyze_3.sql:32: INFO:  analyzing "pspadm.psp_company_event_email_param_p6"
psql:pspadm_analyze_3.sql:32: INFO:  "psp_company_event_email_param_p6": scanned 30000 of 12355076 pages, containing 1043307 live rows and 0 dead rows; 30000 rows in sample, 429671243 estimated total rows
ANALYZE
Time: 32589.115 ms (00:32.589)
analyze (verbose) pspadm.psp_company_event_email_param_p7;
psql:pspadm_analyze_3.sql:33: INFO:  analyzing "pspadm.psp_company_event_email_param_p7"
psql:pspadm_analyze_3.sql:33: INFO:  "psp_company_event_email_param_p7": scanned 30000 of 12621316 pages, containing 1042549 live rows and 35 dead rows; 30000 rows in sample, 438611346 estimated total rows
ANALYZE
Time: 32275.199 ms (00:32.275)
analyze (verbose) pspadm.psp_company_event_email_param;
psql:pspadm_analyze_3.sql:34: INFO:  analyzing "pspadm.psp_company_event_email_param" inheritance tree
psql:pspadm_analyze_3.sql:34: INFO:  "psp_company_event_email_param_p0": scanned 3749 of 12567812 pages, containing 130257 live rows and 0 dead rows; 3749 rows in sample, 436661907 estimated total rows
psql:pspadm_analyze_3.sql:34: INFO:  "psp_company_event_email_param_p1": scanned 3771 of 12639237 pages, containing 131082 live rows and 0 dead rows; 3771 rows in sample, 439346716 estimated total rows
psql:pspadm_analyze_3.sql:34: INFO:  "psp_company_event_email_param_p2": scanned 3720 of 12468228 pages, containing 129425 live rows and 0 dead rows; 3720 rows in sample, 433790433 estimated total rows
psql:pspadm_analyze_3.sql:34: INFO:  "psp_company_event_email_param_p3": scanned 3761 of 12605702 pages, containing 130641 live rows and 9 dead rows; 3761 rows in sample, 437867991 estimated total rows
psql:pspadm_analyze_3.sql:34: INFO:  "psp_company_event_email_param_p4": scanned 3741 of 12538627 pages, containing 129944 live rows and 0 dead rows; 3741 rows in sample, 435530432 estimated total rows
psql:pspadm_analyze_3.sql:34: INFO:  "psp_company_event_email_param_p5": scanned 3807 of 12761858 pages, containing 132525 live rows and 0 dead rows; 3807 rows in sample, 444251440 estimated total rows
psql:pspadm_analyze_3.sql:34: INFO:  "psp_company_event_email_param_p6": scanned 3686 of 12355076 pages, containing 128117 live rows and 18 dead rows; 3686 rows in sample, 429434420 estimated total rows
psql:pspadm_analyze_3.sql:34: INFO:  "psp_company_event_email_param_p7": scanned 3765 of 12621316 pages, containing 130863 live rows and 0 dead rows; 3765 rows in sample, 438688785 estimated total rows
psql:pspadm_analyze_3.sql:34: INFO:  analyzing "pspadm.psp_company_event_email_param_p0"
psql:pspadm_analyze_3.sql:34: INFO:  "psp_company_event_email_param_p0": scanned 30000 of 12567812 pages, containing 1042428 live rows and 28 dead rows; 30000 rows in sample, 436701304 estimated total rows
psql:pspadm_analyze_3.sql:34: INFO:  analyzing "pspadm.psp_company_event_email_param_p1"
psql:pspadm_analyze_3.sql:34: INFO:  "psp_company_event_email_param_p1": scanned 30000 of 12639237 pages, containing 1042748 live rows and 48 dead rows; 30000 rows in sample, 439317970 estimated total rows
psql:pspadm_analyze_3.sql:34: INFO:  analyzing "pspadm.psp_company_event_email_param_p2"
psql:pspadm_analyze_3.sql:34: INFO:  "psp_company_event_email_param_p2": scanned 30000 of 12468228 pages, containing 1043307 live rows and 19 dead rows; 30000 rows in sample, 433606318 estimated total rows
psql:pspadm_analyze_3.sql:34: INFO:  analyzing "pspadm.psp_company_event_email_param_p3"
psql:pspadm_analyze_3.sql:34: INFO:  "psp_company_event_email_param_p3": scanned 30000 of 12605702 pages, containing 1042510 live rows and 0 dead rows; 30000 rows in sample, 438052346 estimated total rows
psql:pspadm_analyze_3.sql:34: INFO:  analyzing "pspadm.psp_company_event_email_param_p4"
psql:pspadm_analyze_3.sql:34: INFO:  "psp_company_event_email_param_p4": scanned 30000 of 12538627 pages, containing 1042271 live rows and 74 dead rows; 30000 rows in sample, 435621577 estimated total rows
psql:pspadm_analyze_3.sql:34: INFO:  analyzing "pspadm.psp_company_event_email_param_p5"
psql:pspadm_analyze_3.sql:34: INFO:  "psp_company_event_email_param_p5": scanned 30000 of 12761858 pages, containing 1042350 live rows and 36 dead rows; 30000 rows in sample, 443410756 estimated total rows
psql:pspadm_analyze_3.sql:34: INFO:  analyzing "pspadm.psp_company_event_email_param_p6"
psql:pspadm_analyze_3.sql:34: INFO:  "psp_company_event_email_param_p6": scanned 30000 of 12355076 pages, containing 1043133 live rows and 0 dead rows; 30000 rows in sample, 429599583 estimated total rows
psql:pspadm_analyze_3.sql:34: INFO:  analyzing "pspadm.psp_company_event_email_param_p7"
psql:pspadm_analyze_3.sql:34: INFO:  "psp_company_event_email_param_p7": scanned 30000 of 12621316 pages, containing 1042671 live rows and 17 dead rows; 30000 rows in sample, 438662673 estimated total rows
ANALYZE
Time: 289172.747 ms (04:49.173)
analyze (verbose) pspadm.psp_qbdt_transaction_info_p0;
psql:pspadm_analyze_3.sql:35: INFO:  analyzing "pspadm.psp_qbdt_transaction_info_p0"
psql:pspadm_analyze_3.sql:35: INFO:  "psp_qbdt_transaction_info_p0": scanned 30000 of 5171203 pages, containing 971820 live rows and 75 dead rows; 30000 rows in sample, 167515950 estimated total rows
ANALYZE
Time: 32597.393 ms (00:32.597)
analyze (verbose) pspadm.psp_qbdt_transaction_info_p1;
psql:pspadm_analyze_3.sql:36: INFO:  analyzing "pspadm.psp_qbdt_transaction_info_p1"
psql:pspadm_analyze_3.sql:36: INFO:  "psp_qbdt_transaction_info_p1": scanned 30000 of 5219588 pages, containing 971938 live rows and 52 dead rows; 30000 rows in sample, 169103864 estimated total rows
ANALYZE
Time: 32978.434 ms (00:32.978)
analyze (verbose) pspadm.psp_qbdt_transaction_info_p2;
psql:pspadm_analyze_3.sql:37: INFO:  analyzing "pspadm.psp_qbdt_transaction_info_p2"
psql:pspadm_analyze_3.sql:37: INFO:  "psp_qbdt_transaction_info_p2": scanned 30000 of 5120260 pages, containing 971444 live rows and 1932 dead rows; 30000 rows in sample, 165801529 estimated total rows
ANALYZE
Time: 32784.309 ms (00:32.784)
analyze (verbose) pspadm.psp_qbdt_transaction_info_p3;
psql:pspadm_analyze_3.sql:38: INFO:  analyzing "pspadm.psp_qbdt_transaction_info_p3"
psql:pspadm_analyze_3.sql:38: INFO:  "psp_qbdt_transaction_info_p3": scanned 30000 of 5157380 pages, containing 971758 live rows and 2263 dead rows; 30000 rows in sample, 167057509 estimated total rows
ANALYZE
Time: 32837.989 ms (00:32.838)
analyze (verbose) pspadm.psp_qbdt_transaction_info;
psql:pspadm_analyze_3.sql:39: INFO:  analyzing "pspadm.psp_qbdt_transaction_info" inheritance tree
psql:pspadm_analyze_3.sql:39: INFO:  "psp_qbdt_transaction_info_p0": scanned 7506 of 5171203 pages, containing 243225 live rows and 21 dead rows; 7506 rows in sample, 167568059 estimated total rows
psql:pspadm_analyze_3.sql:39: INFO:  "psp_qbdt_transaction_info_p1": scanned 7576 of 5219588 pages, containing 245456 live rows and 20 dead rows; 7576 rows in sample, 169110242 estimated total rows
psql:pspadm_analyze_3.sql:39: INFO:  "psp_qbdt_transaction_info_p2": scanned 7432 of 5120260 pages, containing 240745 live rows and 471 dead rows; 7432 rows in sample, 165860737 estimated total rows
psql:pspadm_analyze_3.sql:39: INFO:  "psp_qbdt_transaction_info_p3": scanned 7486 of 5157380 pages, containing 242306 live rows and 810 dead rows; 7486 rows in sample, 166933492 estimated total rows
psql:pspadm_analyze_3.sql:39: INFO:  analyzing "pspadm.psp_qbdt_transaction_info_p0"
psql:pspadm_analyze_3.sql:39: INFO:  "psp_qbdt_transaction_info_p0": scanned 30000 of 5171203 pages, containing 972122 live rows and 37 dead rows; 30000 rows in sample, 167568007 estimated total rows
psql:pspadm_analyze_3.sql:39: INFO:  analyzing "pspadm.psp_qbdt_transaction_info_p1"
psql:pspadm_analyze_3.sql:39: INFO:  "psp_qbdt_transaction_info_p1": scanned 30000 of 5219588 pages, containing 971892 live rows and 72 dead rows; 30000 rows in sample, 169095861 estimated total rows
psql:pspadm_analyze_3.sql:39: INFO:  analyzing "pspadm.psp_qbdt_transaction_info_p2"
psql:pspadm_analyze_3.sql:39: INFO:  "psp_qbdt_transaction_info_p2": scanned 30000 of 5120260 pages, containing 971728 live rows and 1712 dead rows; 30000 rows in sample, 165850000 estimated total rows
psql:pspadm_analyze_3.sql:39: INFO:  analyzing "pspadm.psp_qbdt_transaction_info_p3"
psql:pspadm_analyze_3.sql:39: INFO:  "psp_qbdt_transaction_info_p3": scanned 30000 of 5157380 pages, containing 971294 live rows and 2468 dead rows; 30000 rows in sample, 166977742 estimated total rows
ANALYZE
Time: 164231.031 ms (02:44.231)
analyze (verbose) pspadm.psp_ledger_balance_p0;
psql:pspadm_analyze_3.sql:40: INFO:  analyzing "pspadm.psp_ledger_balance_p0"
psql:pspadm_analyze_3.sql:40: INFO:  "psp_ledger_balance_p0": scanned 30000 of 3523211 pages, containing 1089285 live rows and 0 dead rows; 30000 rows in sample, 127926030 estimated total rows
ANALYZE
Time: 31640.271 ms (00:31.640)
analyze (verbose) pspadm.psp_ledger_balance_p1;
psql:pspadm_analyze_3.sql:41: INFO:  analyzing "pspadm.psp_ledger_balance_p1"
psql:pspadm_analyze_3.sql:41: INFO:  "psp_ledger_balance_p1": scanned 30000 of 3530715 pages, containing 1089502 live rows and 0 dead rows; 30000 rows in sample, 128224035 estimated total rows
ANALYZE
Time: 31619.150 ms (00:31.619)
analyze (verbose) pspadm.psp_ledger_balance_p2;
psql:pspadm_analyze_3.sql:42: INFO:  analyzing "pspadm.psp_ledger_balance_p2"
psql:pspadm_analyze_3.sql:42: INFO:  "psp_ledger_balance_p2": scanned 30000 of 3523843 pages, containing 1089116 live rows and 86 dead rows; 30000 rows in sample, 127929126 estimated total rows
ANALYZE
Time: 31583.789 ms (00:31.584)
analyze (verbose) pspadm.psp_ledger_balance_p3;
psql:pspadm_analyze_3.sql:43: INFO:  analyzing "pspadm.psp_ledger_balance_p3"
psql:pspadm_analyze_3.sql:43: INFO:  "psp_ledger_balance_p3": scanned 30000 of 3505635 pages, containing 1089046 live rows and 15 dead rows; 30000 rows in sample, 127259926 estimated total rows
ANALYZE
Time: 31710.798 ms (00:31.711)
analyze (verbose) pspadm.psp_ledger_balance_p4;
psql:pspadm_analyze_3.sql:44: INFO:  analyzing "pspadm.psp_ledger_balance_p4"
psql:pspadm_analyze_3.sql:44: INFO:  "psp_ledger_balance_p4": scanned 30000 of 3505474 pages, containing 1089252 live rows and 42 dead rows; 30000 rows in sample, 127278152 estimated total rows
ANALYZE
Time: 31360.403 ms (00:31.360)
analyze (verbose) pspadm.psp_ledger_balance_p5;
psql:pspadm_analyze_3.sql:45: INFO:  analyzing "pspadm.psp_ledger_balance_p5"
psql:pspadm_analyze_3.sql:45: INFO:  "psp_ledger_balance_p5": scanned 30000 of 3552728 pages, containing 1089699 live rows and 0 dead rows; 30000 rows in sample, 129046805 estimated total rows
ANALYZE
Time: 31313.230 ms (00:31.313)
analyze (verbose) pspadm.psp_ledger_balance_p6;
psql:pspadm_analyze_3.sql:46: INFO:  analyzing "pspadm.psp_ledger_balance_p6"
psql:pspadm_analyze_3.sql:46: INFO:  "psp_ledger_balance_p6": scanned 30000 of 3464194 pages, containing 1089115 live rows and 13 dead rows; 30000 rows in sample, 125763522 estimated total rows
ANALYZE
Time: 31366.433 ms (00:31.366)
analyze (verbose) pspadm.psp_ledger_balance_p7;
psql:pspadm_analyze_3.sql:47: INFO:  analyzing "pspadm.psp_ledger_balance_p7"
psql:pspadm_analyze_3.sql:47: INFO:  "psp_ledger_balance_p7": scanned 30000 of 3511810 pages, containing 1088850 live rows and 0 dead rows; 30000 rows in sample, 127461144 estimated total rows
ANALYZE
Time: 31757.816 ms (00:31.758)
analyze (verbose) pspadm.psp_ledger_balance;
psql:pspadm_analyze_3.sql:48: INFO:  analyzing "pspadm.psp_ledger_balance" inheritance tree
psql:pspadm_analyze_3.sql:48: INFO:  "psp_ledger_balance_p0": scanned 3759 of 3523211 pages, containing 136624 live rows and 0 dead rows; 3759 rows in sample, 128054052 estimated total rows
psql:pspadm_analyze_3.sql:48: INFO:  "psp_ledger_balance_p1": scanned 3767 of 3530715 pages, containing 136755 live rows and 0 dead rows; 3767 rows in sample, 128177045 estimated total rows
psql:pspadm_analyze_3.sql:48: INFO:  "psp_ledger_balance_p2": scanned 3760 of 3523843 pages, containing 136496 live rows and 0 dead rows; 3760 rows in sample, 127922998 estimated total rows
psql:pspadm_analyze_3.sql:48: INFO:  "psp_ledger_balance_p3": scanned 3740 of 3505635 pages, containing 135786 live rows and 0 dead rows; 3740 rows in sample, 127277047 estimated total rows
psql:pspadm_analyze_3.sql:48: INFO:  "psp_ledger_balance_p4": scanned 3740 of 3505474 pages, containing 135663 live rows and 7 dead rows; 3740 rows in sample, 127155914 estimated total rows
psql:pspadm_analyze_3.sql:48: INFO:  "psp_ledger_balance_p5": scanned 3791 of 3552728 pages, containing 137692 live rows and 0 dead rows; 3791 rows in sample, 129037780 estimated total rows
psql:pspadm_analyze_3.sql:48: INFO:  "psp_ledger_balance_p6": scanned 3696 of 3464194 pages, containing 134104 live rows and 1 dead rows; 3696 rows in sample, 125693255 estimated total rows
psql:pspadm_analyze_3.sql:48: INFO:  "psp_ledger_balance_p7": scanned 3747 of 3511810 pages, containing 135986 live rows and 0 dead rows; 3747 rows in sample, 127450492 estimated total rows
psql:pspadm_analyze_3.sql:48: INFO:  analyzing "pspadm.psp_ledger_balance_p0"
psql:pspadm_analyze_3.sql:48: INFO:  "psp_ledger_balance_p0": scanned 30000 of 3523211 pages, containing 1089665 live rows and 0 dead rows; 30000 rows in sample, 127970657 estimated total rows
psql:pspadm_analyze_3.sql:48: INFO:  analyzing "pspadm.psp_ledger_balance_p1"
psql:pspadm_analyze_3.sql:48: INFO:  "psp_ledger_balance_p1": scanned 30000 of 3530715 pages, containing 1089211 live rows and 0 dead rows; 30000 rows in sample, 128189787 estimated total rows
psql:pspadm_analyze_3.sql:48: INFO:  analyzing "pspadm.psp_ledger_balance_p2"
psql:pspadm_analyze_3.sql:48: INFO:  "psp_ledger_balance_p2": scanned 30000 of 3523843 pages, containing 1089319 live rows and 48 dead rows; 30000 rows in sample, 127952971 estimated total rows
psql:pspadm_analyze_3.sql:48: INFO:  analyzing "pspadm.psp_ledger_balance_p3"
psql:pspadm_analyze_3.sql:48: INFO:  "psp_ledger_balance_p3": scanned 30000 of 3505635 pages, containing 1089133 live rows and 24 dead rows; 30000 rows in sample, 127270092 estimated total rows
psql:pspadm_analyze_3.sql:48: INFO:  analyzing "pspadm.psp_ledger_balance_p4"
psql:pspadm_analyze_3.sql:48: INFO:  "psp_ledger_balance_p4": scanned 30000 of 3505474 pages, containing 1089048 live rows and 67 dead rows; 30000 rows in sample, 127254315 estimated total rows
psql:pspadm_analyze_3.sql:48: INFO:  analyzing "pspadm.psp_ledger_balance_p5"
psql:pspadm_analyze_3.sql:48: INFO:  "psp_ledger_balance_p5": scanned 30000 of 3552728 pages, containing 1089329 live rows and 0 dead rows; 30000 rows in sample, 129002988 estimated total rows
psql:pspadm_analyze_3.sql:48: INFO:  analyzing "pspadm.psp_ledger_balance_p6"
psql:pspadm_analyze_3.sql:48: INFO:  "psp_ledger_balance_p6": scanned 30000 of 3464194 pages, containing 1089171 live rows and 63 dead rows; 30000 rows in sample, 125769988 estimated total rows
psql:pspadm_analyze_3.sql:48: INFO:  analyzing "pspadm.psp_ledger_balance_p7"
psql:pspadm_analyze_3.sql:48: INFO:  "psp_ledger_balance_p7": scanned 30000 of 3511810 pages, containing 1089333 live rows and 0 dead rows; 30000 rows in sample, 127517684 estimated total rows
ANALYZE
Time: 281375.027 ms (04:41.375)
analyze (verbose) pspadm.psp_qbdt_payline_info_p0;
psql:pspadm_analyze_3.sql:49: INFO:  analyzing "pspadm.psp_qbdt_payline_info_p0"
psql:pspadm_analyze_3.sql:49: INFO:  "psp_qbdt_payline_info_p0": scanned 30000 of 5067781 pages, containing 1026208 live rows and 589 dead rows; 30000 rows in sample, 173353247 estimated total rows
ANALYZE
Time: 32527.125 ms (00:32.527)
analyze (verbose) pspadm.psp_qbdt_payline_info_p1;
psql:pspadm_analyze_3.sql:50: INFO:  analyzing "pspadm.psp_qbdt_payline_info_p1"
psql:pspadm_analyze_3.sql:50: INFO:  "psp_qbdt_payline_info_p1": scanned 30000 of 5288970 pages, containing 1025985 live rows and 600 dead rows; 30000 rows in sample, 180880130 estimated total rows
ANALYZE
Time: 32426.531 ms (00:32.427)
analyze (verbose) pspadm.psp_qbdt_payline_info_p2;
psql:pspadm_analyze_3.sql:51: INFO:  analyzing "pspadm.psp_qbdt_payline_info_p2"
psql:pspadm_analyze_3.sql:51: INFO:  "psp_qbdt_payline_info_p2": scanned 30000 of 5164295 pages, containing 1026320 live rows and 472 dead rows; 30000 rows in sample, 176673975 estimated total rows
ANALYZE
Time: 32427.455 ms (00:32.427)
analyze (verbose) pspadm.psp_qbdt_payline_info_p3;
psql:pspadm_analyze_3.sql:52: INFO:  analyzing "pspadm.psp_qbdt_payline_info_p3"
psql:pspadm_analyze_3.sql:52: INFO:  "psp_qbdt_payline_info_p3": scanned 30000 of 5158670 pages, containing 1025295 live rows and 638 dead rows; 30000 rows in sample, 176305285 estimated total rows
ANALYZE
Time: 32533.793 ms (00:32.534)
analyze (verbose) pspadm.psp_qbdt_payline_info_p4;
psql:pspadm_analyze_3.sql:53: INFO:  analyzing "pspadm.psp_qbdt_payline_info_p4"
psql:pspadm_analyze_3.sql:53: INFO:  "psp_qbdt_payline_info_p4": scanned 30000 of 5066782 pages, containing 1029479 live rows and 601 dead rows; 30000 rows in sample, 173871522 estimated total rows
ANALYZE
Time: 32647.483 ms (00:32.647)
analyze (verbose) pspadm.psp_qbdt_payline_info_p5;
psql:pspadm_analyze_3.sql:54: INFO:  analyzing "pspadm.psp_qbdt_payline_info_p5"
psql:pspadm_analyze_3.sql:54: INFO:  "psp_qbdt_payline_info_p5": scanned 30000 of 5230854 pages, containing 1026930 live rows and 553 dead rows; 30000 rows in sample, 179057363 estimated total rows
ANALYZE
Time: 32881.983 ms (00:32.882)
analyze (verbose) pspadm.psp_qbdt_payline_info_p6;
psql:pspadm_analyze_3.sql:55: INFO:  analyzing "pspadm.psp_qbdt_payline_info_p6"
psql:pspadm_analyze_3.sql:55: INFO:  "psp_qbdt_payline_info_p6": scanned 30000 of 5055236 pages, containing 1026393 live rows and 532 dead rows; 30000 rows in sample, 172955295 estimated total rows
ANALYZE
Time: 32575.577 ms (00:32.576)
analyze (verbose) pspadm.psp_qbdt_payline_info_p7;
psql:pspadm_analyze_3.sql:56: INFO:  analyzing "pspadm.psp_qbdt_payline_info_p7"
psql:pspadm_analyze_3.sql:56: INFO:  "psp_qbdt_payline_info_p7": scanned 30000 of 5145348 pages, containing 1025418 live rows and 716 dead rows; 30000 rows in sample, 175871082 estimated total rows
ANALYZE
Time: 32413.070 ms (00:32.413)
analyze (verbose) pspadm.psp_qbdt_payline_info_p8;
psql:pspadm_analyze_3.sql:57: INFO:  analyzing "pspadm.psp_qbdt_payline_info_p8"
psql:pspadm_analyze_3.sql:57: INFO:  "psp_qbdt_payline_info_p8": scanned 30000 of 5191689 pages, containing 1025468 live rows and 551 dead rows; 30000 rows in sample, 177463698 estimated total rows
ANALYZE
Time: 32981.007 ms (00:32.981)
analyze (verbose) pspadm.psp_qbdt_payline_info_p9;
psql:pspadm_analyze_3.sql:58: INFO:  analyzing "pspadm.psp_qbdt_payline_info_p9"
psql:pspadm_analyze_3.sql:58: INFO:  "psp_qbdt_payline_info_p9": scanned 30000 of 5263383 pages, containing 1026121 live rows and 664 dead rows; 30000 rows in sample, 180028928 estimated total rows
ANALYZE
Time: 32539.431 ms (00:32.539)
analyze (verbose) pspadm.psp_qbdt_payline_info_p10;
psql:pspadm_analyze_3.sql:59: INFO:  analyzing "pspadm.psp_qbdt_payline_info_p10"
psql:pspadm_analyze_3.sql:59: INFO:  "psp_qbdt_payline_info_p10": scanned 30000 of 5079306 pages, containing 1026067 live rows and 597 dead rows; 30000 rows in sample, 173723609 estimated total rows
ANALYZE
Time: 32412.742 ms (00:32.413)
analyze (verbose) pspadm.psp_qbdt_payline_info_p11;
psql:pspadm_analyze_3.sql:60: INFO:  analyzing "pspadm.psp_qbdt_payline_info_p11"
psql:pspadm_analyze_3.sql:60: INFO:  "psp_qbdt_payline_info_p11": scanned 30000 of 5222934 pages, containing 1027375 live rows and 530 dead rows; 30000 rows in sample, 178863727 estimated total rows
ANALYZE
Time: 32444.345 ms (00:32.444)
analyze (verbose) pspadm.psp_qbdt_payline_info_p12;
psql:pspadm_analyze_3.sql:61: INFO:  analyzing "pspadm.psp_qbdt_payline_info_p12"
psql:pspadm_analyze_3.sql:61: INFO:  "psp_qbdt_payline_info_p12": scanned 30000 of 5141254 pages, containing 1028317 live rows and 532 dead rows; 30000 rows in sample, 176227963 estimated total rows
ANALYZE
Time: 32435.860 ms (00:32.436)
analyze (verbose) pspadm.psp_qbdt_payline_info_p13;
psql:pspadm_analyze_3.sql:62: INFO:  analyzing "pspadm.psp_qbdt_payline_info_p13"
psql:pspadm_analyze_3.sql:62: INFO:  "psp_qbdt_payline_info_p13": scanned 30000 of 5103621 pages, containing 1026903 live rows and 654 dead rows; 30000 rows in sample, 174697457 estimated total rows
ANALYZE
Time: 32646.931 ms (00:32.647)
analyze (verbose) pspadm.psp_qbdt_payline_info_p14;
psql:pspadm_analyze_3.sql:63: INFO:  analyzing "pspadm.psp_qbdt_payline_info_p14"
psql:pspadm_analyze_3.sql:63: INFO:  "psp_qbdt_payline_info_p14": scanned 30000 of 4960262 pages, containing 1025712 live rows and 513 dead rows; 30000 rows in sample, 169593342 estimated total rows
ANALYZE
Time: 32325.761 ms (00:32.326)
analyze (verbose) pspadm.psp_qbdt_payline_info_p15;
psql:pspadm_analyze_3.sql:64: INFO:  analyzing "pspadm.psp_qbdt_payline_info_p15"
psql:pspadm_analyze_3.sql:64: INFO:  "psp_qbdt_payline_info_p15": scanned 30000 of 5200922 pages, containing 1025445 live rows and 726 dead rows; 30000 rows in sample, 177775315 estimated total rows
ANALYZE
Time: 32681.646 ms (00:32.682)
analyze (verbose) pspadm.psp_qbdt_payline_info;
psql:pspadm_analyze_3.sql:65: INFO:  analyzing "pspadm.psp_qbdt_payline_info" inheritance tree
psql:pspadm_analyze_3.sql:65: INFO:  "psp_qbdt_payline_info_p0": scanned 1846 of 5067781 pages, containing 63232 live rows and 31 dead rows; 1846 rows in sample, 173589344 estimated total rows
psql:pspadm_analyze_3.sql:65: INFO:  "psp_qbdt_payline_info_p1": scanned 1927 of 5288970 pages, containing 65792 live rows and 45 dead rows; 1927 rows in sample, 180577018 estimated total rows
psql:pspadm_analyze_3.sql:65: INFO:  "psp_qbdt_payline_info_p2": scanned 1882 of 5164295 pages, containing 64333 live rows and 30 dead rows; 1882 rows in sample, 176532726 estimated total rows
psql:pspadm_analyze_3.sql:65: INFO:  "psp_qbdt_payline_info_p3": scanned 1879 of 5158670 pages, containing 63987 live rows and 70 dead rows; 1879 rows in sample, 175672069 estimated total rows
psql:pspadm_analyze_3.sql:65: INFO:  "psp_qbdt_payline_info_p4": scanned 1846 of 5066782 pages, containing 63295 live rows and 26 dead rows; 1846 rows in sample, 173728043 estimated total rows
psql:pspadm_analyze_3.sql:65: INFO:  "psp_qbdt_payline_info_p5": scanned 1906 of 5230854 pages, containing 65282 live rows and 10 dead rows; 1906 rows in sample, 179160866 estimated total rows
psql:pspadm_analyze_3.sql:65: INFO:  "psp_qbdt_payline_info_p6": scanned 1842 of 5055236 pages, containing 63077 live rows and 21 dead rows; 1842 rows in sample, 173110272 estimated total rows
psql:pspadm_analyze_3.sql:65: INFO:  "psp_qbdt_payline_info_p7": scanned 1875 of 5145348 pages, containing 64099 live rows and 24 dead rows; 1875 rows in sample, 175899553 estimated total rows
psql:pspadm_analyze_3.sql:65: INFO:  "psp_qbdt_payline_info_p8": scanned 1892 of 5191689 pages, containing 64701 live rows and 43 dead rows; 1892 rows in sample, 177540946 estimated total rows
psql:pspadm_analyze_3.sql:65: INFO:  "psp_qbdt_payline_info_p9": scanned 1918 of 5263383 pages, containing 65482 live rows and 23 dead rows; 1918 rows in sample, 179695957 estimated total rows
psql:pspadm_analyze_3.sql:65: INFO:  "psp_qbdt_payline_info_p10": scanned 1851 of 5079306 pages, containing 63219 live rows and 29 dead rows; 1851 rows in sample, 173478469 estimated total rows
psql:pspadm_analyze_3.sql:65: INFO:  "psp_qbdt_payline_info_p11": scanned 1903 of 5222934 pages, containing 65255 live rows and 60 dead rows; 1903 rows in sample, 179097508 estimated total rows
psql:pspadm_analyze_3.sql:65: INFO:  "psp_qbdt_payline_info_p12": scanned 1873 of 5141254 pages, containing 64273 live rows and 22 dead rows; 1873 rows in sample, 176424890 estimated total rows
psql:pspadm_analyze_3.sql:65: INFO:  "psp_qbdt_payline_info_p13": scanned 1859 of 5103621 pages, containing 63543 live rows and 60 dead rows; 1859 rows in sample, 174448300 estimated total rows
psql:pspadm_analyze_3.sql:65: INFO:  "psp_qbdt_payline_info_p14": scanned 1807 of 4960262 pages, containing 61759 live rows and 35 dead rows; 1807 rows in sample, 169530061 estimated total rows
psql:pspadm_analyze_3.sql:65: INFO:  "psp_qbdt_payline_info_p15": scanned 1894 of 5200922 pages, containing 64687 live rows and 34 dead rows; 1894 rows in sample, 177630434 estimated total rows
psql:pspadm_analyze_3.sql:65: INFO:  analyzing "pspadm.psp_qbdt_payline_info_p0"
psql:pspadm_analyze_3.sql:65: INFO:  "psp_qbdt_payline_info_p0": scanned 30000 of 5067781 pages, containing 1025765 live rows and 644 dead rows; 30000 rows in sample, 173278413 estimated total rows
psql:pspadm_analyze_3.sql:65: INFO:  analyzing "pspadm.psp_qbdt_payline_info_p1"
psql:pspadm_analyze_3.sql:65: INFO:  "psp_qbdt_payline_info_p1": scanned 30000 of 5288970 pages, containing 1026766 live rows and 701 dead rows; 30000 rows in sample, 181017819 estimated total rows
psql:pspadm_analyze_3.sql:65: INFO:  analyzing "pspadm.psp_qbdt_payline_info_p2"
psql:pspadm_analyze_3.sql:65: INFO:  "psp_qbdt_payline_info_p2": scanned 30000 of 5164295 pages, containing 1026279 live rows and 664 dead rows; 30000 rows in sample, 176666917 estimated total rows
psql:pspadm_analyze_3.sql:65: INFO:  analyzing "pspadm.psp_qbdt_payline_info_p3"
psql:pspadm_analyze_3.sql:65: INFO:  "psp_qbdt_payline_info_p3": scanned 30000 of 5158670 pages, containing 1024344 live rows and 678 dead rows; 30000 rows in sample, 176141755 estimated total rows
psql:pspadm_analyze_3.sql:65: INFO:  analyzing "pspadm.psp_qbdt_payline_info_p4"
psql:pspadm_analyze_3.sql:65: INFO:  "psp_qbdt_payline_info_p4": scanned 30000 of 5066782 pages, containing 1029033 live rows and 554 dead rows; 30000 rows in sample, 173796196 estimated total rows
psql:pspadm_analyze_3.sql:65: INFO:  analyzing "pspadm.psp_qbdt_payline_info_p5"
psql:pspadm_analyze_3.sql:65: INFO:  "psp_qbdt_payline_info_p5": scanned 30000 of 5230854 pages, containing 1026919 live rows and 455 dead rows; 30000 rows in sample, 179055445 estimated total rows
psql:pspadm_analyze_3.sql:65: INFO:  analyzing "pspadm.psp_qbdt_payline_info_p6"
psql:pspadm_analyze_3.sql:65: INFO:  "psp_qbdt_payline_info_p6": scanned 30000 of 5055236 pages, containing 1026433 live rows and 525 dead rows; 30000 rows in sample, 172962035 estimated total rows
psql:pspadm_analyze_3.sql:65: INFO:  analyzing "pspadm.psp_qbdt_payline_info_p7"
psql:pspadm_analyze_3.sql:65: INFO:  "psp_qbdt_payline_info_p7": scanned 30000 of 5145348 pages, containing 1024914 live rows and 534 dead rows; 30000 rows in sample, 175784640 estimated total rows
psql:pspadm_analyze_3.sql:65: INFO:  analyzing "pspadm.psp_qbdt_payline_info_p8"
psql:pspadm_analyze_3.sql:65: INFO:  "psp_qbdt_payline_info_p8": scanned 30000 of 5191689 pages, containing 1026056 live rows and 577 dead rows; 30000 rows in sample, 177565455 estimated total rows
psql:pspadm_analyze_3.sql:65: INFO:  analyzing "pspadm.psp_qbdt_payline_info_p9"
psql:pspadm_analyze_3.sql:65: INFO:  "psp_qbdt_payline_info_p9": scanned 30000 of 5263383 pages, containing 1026283 live rows and 647 dead rows; 30000 rows in sample, 180057350 estimated total rows
psql:pspadm_analyze_3.sql:65: INFO:  analyzing "pspadm.psp_qbdt_payline_info_p10"
psql:pspadm_analyze_3.sql:65: INFO:  "psp_qbdt_payline_info_p10": scanned 30000 of 5079306 pages, containing 1025636 live rows and 690 dead rows; 30000 rows in sample, 173650636 estimated total rows
psql:pspadm_analyze_3.sql:65: INFO:  analyzing "pspadm.psp_qbdt_payline_info_p11"
psql:pspadm_analyze_3.sql:65: INFO:  "psp_qbdt_payline_info_p11": scanned 30000 of 5222934 pages, containing 1028640 live rows and 581 dead rows; 30000 rows in sample, 179083961 estimated total rows
psql:pspadm_analyze_3.sql:65: INFO:  analyzing "pspadm.psp_qbdt_payline_info_p12"
psql:pspadm_analyze_3.sql:65: INFO:  "psp_qbdt_payline_info_p12": scanned 30000 of 5141254 pages, containing 1028519 live rows and 560 dead rows; 30000 rows in sample, 176262581 estimated total rows
psql:pspadm_analyze_3.sql:65: INFO:  analyzing "pspadm.psp_qbdt_payline_info_p13"
psql:pspadm_analyze_3.sql:65: INFO:  "psp_qbdt_payline_info_p13": scanned 30000 of 5103621 pages, containing 1026861 live rows and 571 dead rows; 30000 rows in sample, 174690312 estimated total rows
psql:pspadm_analyze_3.sql:65: INFO:  analyzing "pspadm.psp_qbdt_payline_info_p14"
psql:pspadm_analyze_3.sql:65: INFO:  "psp_qbdt_payline_info_p14": scanned 30000 of 4960262 pages, containing 1025509 live rows and 415 dead rows; 30000 rows in sample, 169559777 estimated total rows
psql:pspadm_analyze_3.sql:65: INFO:  analyzing "pspadm.psp_qbdt_payline_info_p15"
psql:pspadm_analyze_3.sql:65: INFO:  "psp_qbdt_payline_info_p15": scanned 30000 of 5200922 pages, containing 1025204 live rows and 756 dead rows; 30000 rows in sample, 177733535 estimated total rows
ANALYZE
Time: 548116.938 ms (09:08.117)
analyze (verbose) pspadm.psp_pstub_pay_item_p0;
psql:pspadm_analyze_3.sql:66: INFO:  analyzing "pspadm.psp_pstub_pay_item_p0"
psql:pspadm_analyze_3.sql:66: INFO:  "psp_pstub_pay_item_p0": scanned 30000 of 11238150 pages, containing 880966 live rows and 7855 dead rows; 30000 rows in sample, 330014268 estimated total rows
ANALYZE
Time: 32661.857 ms (00:32.662)
analyze (verbose) pspadm.psp_pstub_pay_item_p1;
psql:pspadm_analyze_3.sql:67: INFO:  analyzing "pspadm.psp_pstub_pay_item_p1"
psql:pspadm_analyze_3.sql:67: INFO:  "psp_pstub_pay_item_p1": scanned 30000 of 11393545 pages, containing 882951 live rows and 6450 dead rows; 30000 rows in sample, 335331398 estimated total rows
ANALYZE
Time: 32922.271 ms (00:32.922)
analyze (verbose) pspadm.psp_pstub_pay_item_p2;
psql:pspadm_analyze_3.sql:68: INFO:  analyzing "pspadm.psp_pstub_pay_item_p2"
psql:pspadm_analyze_3.sql:68: INFO:  "psp_pstub_pay_item_p2": scanned 30000 of 11325445 pages, containing 882519 live rows and 6541 dead rows; 30000 rows in sample, 333164013 estimated total rows
ANALYZE
Time: 32941.775 ms (00:32.942)
analyze (verbose) pspadm.psp_pstub_pay_item_p3;
psql:pspadm_analyze_3.sql:69: INFO:  analyzing "pspadm.psp_pstub_pay_item_p3"
psql:pspadm_analyze_3.sql:69: INFO:  "psp_pstub_pay_item_p3": scanned 30000 of 11136517 pages, containing 880997 live rows and 8111 dead rows; 30000 rows in sample, 327041269 estimated total rows
ANALYZE
Time: 33281.257 ms (00:33.281)
analyze (verbose) pspadm.psp_pstub_pay_item_p4;
psql:pspadm_analyze_3.sql:70: INFO:  analyzing "pspadm.psp_pstub_pay_item_p4"
psql:pspadm_analyze_3.sql:70: INFO:  "psp_pstub_pay_item_p4": scanned 30000 of 11278345 pages, containing 880679 live rows and 8083 dead rows; 30000 rows in sample, 331086720 estimated total rows
ANALYZE
Time: 32611.905 ms (00:32.612)
analyze (verbose) pspadm.psp_pstub_pay_item_p5;
psql:pspadm_analyze_3.sql:71: INFO:  analyzing "pspadm.psp_pstub_pay_item_p5"
psql:pspadm_analyze_3.sql:71: INFO:  "psp_pstub_pay_item_p5": scanned 30000 of 11620099 pages, containing 882299 live rows and 6357 dead rows; 30000 rows in sample, 341746724 estimated total rows
ANALYZE
Time: 32641.983 ms (00:32.642)
analyze (verbose) pspadm.psp_pstub_pay_item_p6;
psql:pspadm_analyze_3.sql:72: INFO:  analyzing "pspadm.psp_pstub_pay_item_p6"
psql:pspadm_analyze_3.sql:72: INFO:  "psp_pstub_pay_item_p6": scanned 30000 of 11168772 pages, containing 882895 live rows and 5763 dead rows; 30000 rows in sample, 328695098 estimated total rows
ANALYZE
Time: 32660.601 ms (00:32.661)
analyze (verbose) pspadm.psp_pstub_pay_item_p7;
psql:pspadm_analyze_3.sql:73: INFO:  analyzing "pspadm.psp_pstub_pay_item_p7"
psql:pspadm_analyze_3.sql:73: INFO:  "psp_pstub_pay_item_p7": scanned 30000 of 11363591 pages, containing 882163 live rows and 6846 dead rows; 30000 rows in sample, 334151318 estimated total rows
ANALYZE
Time: 32953.252 ms (00:32.953)
analyze (verbose) pspadm.psp_pstub_pay_item_p8;
psql:pspadm_analyze_3.sql:74: INFO:  analyzing "pspadm.psp_pstub_pay_item_p8"
psql:pspadm_analyze_3.sql:74: INFO:  "psp_pstub_pay_item_p8": scanned 30000 of 11430410 pages, containing 882517 live rows and 6307 dead rows; 30000 rows in sample, 336251038 estimated total rows
ANALYZE
Time: 32411.986 ms (00:32.412)
analyze (verbose) pspadm.psp_pstub_pay_item_p9;
psql:pspadm_analyze_3.sql:75: INFO:  analyzing "pspadm.psp_pstub_pay_item_p9"
psql:pspadm_analyze_3.sql:75: INFO:  "psp_pstub_pay_item_p9": scanned 30000 of 11459080 pages, containing 880584 live rows and 7975 dead rows; 30000 rows in sample, 336356083 estimated total rows
ANALYZE
Time: 32601.198 ms (00:32.601)
analyze (verbose) pspadm.psp_pstub_pay_item_p10;
psql:pspadm_analyze_3.sql:76: INFO:  analyzing "pspadm.psp_pstub_pay_item_p10"
psql:pspadm_analyze_3.sql:76: INFO:  "psp_pstub_pay_item_p10": scanned 30000 of 11208470 pages, containing 881804 live rows and 7165 dead rows; 30000 rows in sample, 329455789 estimated total rows
ANALYZE
Time: 32553.368 ms (00:32.553)
analyze (verbose) pspadm.psp_pstub_pay_item_p11;
psql:pspadm_analyze_3.sql:77: INFO:  analyzing "pspadm.psp_pstub_pay_item_p11"
psql:pspadm_analyze_3.sql:77: INFO:  "psp_pstub_pay_item_p11": scanned 30000 of 11586316 pages, containing 882573 live rows and 5925 dead rows; 30000 rows in sample, 340858989 estimated total rows
ANALYZE
Time: 33351.240 ms (00:33.351)
analyze (verbose) pspadm.psp_pstub_pay_item_p12;
psql:pspadm_analyze_3.sql:78: INFO:  analyzing "pspadm.psp_pstub_pay_item_p12"
psql:pspadm_analyze_3.sql:78: INFO:  "psp_pstub_pay_item_p12": scanned 30000 of 11376644 pages, containing 881853 live rows and 7254 dead rows; 30000 rows in sample, 334417588 estimated total rows
ANALYZE
Time: 32678.253 ms (00:32.678)
analyze (verbose) pspadm.psp_pstub_pay_item_p13;
psql:pspadm_analyze_3.sql:79: INFO:  analyzing "pspadm.psp_pstub_pay_item_p13"
psql:pspadm_analyze_3.sql:79: INFO:  "psp_pstub_pay_item_p13": scanned 30000 of 11363846 pages, containing 882203 live rows and 6772 dead rows; 30000 rows in sample, 334173968 estimated total rows
ANALYZE
Time: 32547.191 ms (00:32.547)
analyze (verbose) pspadm.psp_pstub_pay_item_p14;
psql:pspadm_analyze_3.sql:80: INFO:  analyzing "pspadm.psp_pstub_pay_item_p14"
psql:pspadm_analyze_3.sql:80: INFO:  "psp_pstub_pay_item_p14": scanned 30000 of 11068676 pages, containing 881852 live rows and 7215 dead rows; 30000 rows in sample, 325364469 estimated total rows
ANALYZE
Time: 32593.656 ms (00:32.594)
analyze (verbose) pspadm.psp_pstub_pay_item_p15;
psql:pspadm_analyze_3.sql:81: INFO:  analyzing "pspadm.psp_pstub_pay_item_p15"
psql:pspadm_analyze_3.sql:81: INFO:  "psp_pstub_pay_item_p15": scanned 30000 of 11350279 pages, containing 881044 live rows and 7571 dead rows; 30000 rows in sample, 333336507 estimated total rows
ANALYZE
Time: 32749.399 ms (00:32.749)
analyze (verbose) pspadm.psp_pstub_pay_item;
psql:pspadm_analyze_3.sql:82: INFO:  analyzing "pspadm.psp_pstub_pay_item" inheritance tree
psql:pspadm_analyze_3.sql:82: INFO:  "psp_pstub_pay_item_p0": scanned 1859 of 11238150 pages, containing 54546 live rows and 524 dead rows; 1859 rows in sample, 329745094 estimated total rows
psql:pspadm_analyze_3.sql:82: INFO:  "psp_pstub_pay_item_p1": scanned 1885 of 11393545 pages, containing 55470 live rows and 396 dead rows; 1885 rows in sample, 335278483 estimated total rows
psql:pspadm_analyze_3.sql:82: INFO:  "psp_pstub_pay_item_p2": scanned 1873 of 11325445 pages, containing 55053 live rows and 449 dead rows; 1873 rows in sample, 332888267 estimated total rows
psql:pspadm_analyze_3.sql:82: INFO:  "psp_pstub_pay_item_p3": scanned 1842 of 11136773 pages, containing 53975 live rows and 583 dead rows; 1842 rows in sample, 326334051 estimated total rows
psql:pspadm_analyze_3.sql:82: INFO:  "psp_pstub_pay_item_p4": scanned 1866 of 11278345 pages, containing 54627 live rows and 605 dead rows; 1866 rows in sample, 330172643 estimated total rows
psql:pspadm_analyze_3.sql:82: INFO:  "psp_pstub_pay_item_p5": scanned 1922 of 11620099 pages, containing 56454 live rows and 479 dead rows; 1922 rows in sample, 341311690 estimated total rows
psql:pspadm_analyze_3.sql:82: INFO:  "psp_pstub_pay_item_p6": scanned 1847 of 11169028 pages, containing 54487 live rows and 219 dead rows; 1847 rows in sample, 329489350 estimated total rows
psql:pspadm_analyze_3.sql:82: INFO:  "psp_pstub_pay_item_p7": scanned 1880 of 11363847 pages, containing 55303 live rows and 403 dead rows; 1880 rows in sample, 334284484 estimated total rows
psql:pspadm_analyze_3.sql:82: INFO:  "psp_pstub_pay_item_p8": scanned 1891 of 11430410 pages, containing 55593 live rows and 465 dead rows; 1891 rows in sample, 336039547 estimated total rows
psql:pspadm_analyze_3.sql:82: INFO:  "psp_pstub_pay_item_p9": scanned 1895 of 11459080 pages, containing 55696 live rows and 447 dead rows; 1895 rows in sample, 336794153 estimated total rows
psql:pspadm_analyze_3.sql:82: INFO:  "psp_pstub_pay_item_p10": scanned 1854 of 11208726 pages, containing 54524 live rows and 438 dead rows; 1854 rows in sample, 329635694 estimated total rows
psql:pspadm_analyze_3.sql:82: INFO:  "psp_pstub_pay_item_p11": scanned 1916 of 11586316 pages, containing 56446 live rows and 299 dead rows; 1916 rows in sample, 341336740 estimated total rows
psql:pspadm_analyze_3.sql:82: INFO:  "psp_pstub_pay_item_p12": scanned 1882 of 11376644 pages, containing 55259 live rows and 504 dead rows; 1882 rows in sample, 334039304 estimated total rows
psql:pspadm_analyze_3.sql:82: INFO:  "psp_pstub_pay_item_p13": scanned 1880 of 11363846 pages, containing 55471 live rows and 269 dead rows; 1880 rows in sample, 335299948 estimated total rows
psql:pspadm_analyze_3.sql:82: INFO:  "psp_pstub_pay_item_p14": scanned 1831 of 11068676 pages, containing 53779 live rows and 451 dead rows; 1831 rows in sample, 325102308 estimated total rows
psql:pspadm_analyze_3.sql:82: INFO:  "psp_pstub_pay_item_p15": scanned 1877 of 11350279 pages, containing 55136 live rows and 435 dead rows; 1877 rows in sample, 333409154 estimated total rows
psql:pspadm_analyze_3.sql:82: INFO:  analyzing "pspadm.psp_pstub_pay_item_p0"
psql:pspadm_analyze_3.sql:82: INFO:  "psp_pstub_pay_item_p0": scanned 30000 of 11238150 pages, containing 880998 live rows and 7832 dead rows; 30000 rows in sample, 330026256 estimated total rows
psql:pspadm_analyze_3.sql:82: INFO:  analyzing "pspadm.psp_pstub_pay_item_p1"
psql:pspadm_analyze_3.sql:82: INFO:  "psp_pstub_pay_item_p1": scanned 30000 of 11393545 pages, containing 883283 live rows and 5946 dead rows; 30000 rows in sample, 335457487 estimated total rows
psql:pspadm_analyze_3.sql:82: INFO:  analyzing "pspadm.psp_pstub_pay_item_p2"
psql:pspadm_analyze_3.sql:82: INFO:  "psp_pstub_pay_item_p2": scanned 30000 of 11325445 pages, containing 882751 live rows and 6296 dead rows; 30000 rows in sample, 333251597 estimated total rows
psql:pspadm_analyze_3.sql:82: INFO:  analyzing "pspadm.psp_pstub_pay_item_p3"
psql:pspadm_analyze_3.sql:82: INFO:  "psp_pstub_pay_item_p3": scanned 30000 of 11136773 pages, containing 880696 live rows and 8546 dead rows; 30000 rows in sample, 326937048 estimated total rows
psql:pspadm_analyze_3.sql:82: INFO:  analyzing "pspadm.psp_pstub_pay_item_p4"
psql:pspadm_analyze_3.sql:82: INFO:  "psp_pstub_pay_item_p4": scanned 30000 of 11278345 pages, containing 880865 live rows and 8015 dead rows; 30000 rows in sample, 331156646 estimated total rows
psql:pspadm_analyze_3.sql:82: INFO:  analyzing "pspadm.psp_pstub_pay_item_p5"
psql:pspadm_analyze_3.sql:82: INFO:  "psp_pstub_pay_item_p5": scanned 30000 of 11620099 pages, containing 882503 live rows and 6306 dead rows; 30000 rows in sample, 341825741 estimated total rows
psql:pspadm_analyze_3.sql:82: INFO:  analyzing "pspadm.psp_pstub_pay_item_p6"
psql:pspadm_analyze_3.sql:82: INFO:  "psp_pstub_pay_item_p6": scanned 30000 of 11169028 pages, containing 882926 live rows and 5662 dead rows; 30000 rows in sample, 328714174 estimated total rows
psql:pspadm_analyze_3.sql:82: INFO:  analyzing "pspadm.psp_pstub_pay_item_p7"
psql:pspadm_analyze_3.sql:82: INFO:  "psp_pstub_pay_item_p7": scanned 30000 of 11363847 pages, containing 882044 live rows and 6615 dead rows; 30000 rows in sample, 334113769 estimated total rows
psql:pspadm_analyze_3.sql:82: INFO:  analyzing "pspadm.psp_pstub_pay_item_p8"
psql:pspadm_analyze_3.sql:82: INFO:  "psp_pstub_pay_item_p8": scanned 30000 of 11430410 pages, containing 882340 live rows and 6501 dead rows; 30000 rows in sample, 336183599 estimated total rows
psql:pspadm_analyze_3.sql:82: INFO:  analyzing "pspadm.psp_pstub_pay_item_p9"
psql:pspadm_analyze_3.sql:82: INFO:  "psp_pstub_pay_item_p9": scanned 30000 of 11459080 pages, containing 881412 live rows and 7221 dead rows; 30000 rows in sample, 336672354 estimated total rows
psql:pspadm_analyze_3.sql:82: INFO:  analyzing "pspadm.psp_pstub_pay_item_p10"
psql:pspadm_analyze_3.sql:82: INFO:  "psp_pstub_pay_item_p10": scanned 30000 of 11208726 pages, containing 882132 live rows and 6787 dead rows; 30000 rows in sample, 329585863 estimated total rows
psql:pspadm_analyze_3.sql:82: INFO:  analyzing "pspadm.psp_pstub_pay_item_p11"
psql:pspadm_analyze_3.sql:82: INFO:  "psp_pstub_pay_item_p11": scanned 30000 of 11586316 pages, containing 882304 live rows and 6367 dead rows; 30000 rows in sample, 340755098 estimated total rows
psql:pspadm_analyze_3.sql:82: INFO:  analyzing "pspadm.psp_pstub_pay_item_p12"
psql:pspadm_analyze_3.sql:82: INFO:  "psp_pstub_pay_item_p12": scanned 30000 of 11376900 pages, containing 881546 live rows and 7466 dead rows; 30000 rows in sample, 334308690 estimated total rows
psql:pspadm_analyze_3.sql:82: INFO:  analyzing "pspadm.psp_pstub_pay_item_p13"
psql:pspadm_analyze_3.sql:82: INFO:  "psp_pstub_pay_item_p13": scanned 30000 of 11363846 pages, containing 881122 live rows and 7814 dead rows; 30000 rows in sample, 333764491 estimated total rows
psql:pspadm_analyze_3.sql:82: INFO:  analyzing "pspadm.psp_pstub_pay_item_p14"
psql:pspadm_analyze_3.sql:82: INFO:  "psp_pstub_pay_item_p14": scanned 30000 of 11068932 pages, containing 882471 live rows and 6633 dead rows; 30000 rows in sample, 325600383 estimated total rows
psql:pspadm_analyze_3.sql:82: INFO:  analyzing "pspadm.psp_pstub_pay_item_p15"
psql:pspadm_analyze_3.sql:82: INFO:  "psp_pstub_pay_item_p15": scanned 30000 of 11350535 pages, containing 881992 live rows and 6612 dead rows; 30000 rows in sample, 333702702 estimated total rows
ANALYZE
Time: 550139.951 ms (09:10.140)
