region=us-west-2
db_name=ppd-db-admin-uw2
Find the cloudformation stacks. Please wait
stack_id=arn:aws:cloudformation:us-west-2:152430470825:stack/psp-ppd-db-admin-uw2/b9b5adf0-94f3-11ef-9ffb-022ed6cb8139
old_ami=ami-0d8e1ddea146d8df1
new_ami=ami-0737e0c001adec65b
{
    "StackId": "arn:aws:cloudformation:us-west-2:152430470825:stack/psp-ppd-db-admin-uw2/b9b5adf0-94f3-11ef-9ffb-022ed6cb8139"
}
Terminate existing instance (instance_id=i-0214bf265b8681755)
{
    "TerminatingInstances": [
        {
            "InstanceId": "i-0214bf265b8681755",
            "CurrentState": {
                "Code": 32,
                "Name": "shutting-down"
            },
            "PreviousState": {
                "Code": 16,
                "Name": "running"
            }
        }
    ]
}
