22:41:00 SQL> exec utl_file.fremove('DATA_PUMP_DIR','exp_data_20.dmp');

PL/SQL procedure successfully completed.

Elapsed: 00:00:03.37
22:41:04 SQL> exec utl_file.fremove('DATA_PUMP_DIR','exp_data_23.dmp');

PL/SQL procedure successfully completed.

Elapsed: 00:00:00.89
22:41:05 SQL> exec utl_file.fremove('DATA_PUMP_DIR','exp_data_12.dmp');

PL/SQL procedure successfully completed.

Elapsed: 00:00:04.05
22:41:09 SQL> exec utl_file.fremove('DATA_PUMP_DIR','exp_data_26.dmp');

PL/SQL procedure successfully completed.

Elapsed: 00:00:04.09
22:41:13 SQL> exec utl_file.fremove('DATA_PUMP_DIR','exp_data_22.dmp');

PL/SQL procedure successfully completed.

Elapsed: 00:00:00.96
22:41:14 SQL> exec utl_file.fremove('DATA_PUMP_DIR','exp_data_25.dmp');

PL/SQL procedure successfully completed.

Elapsed: 00:00:00.12
22:41:14 SQL> exec utl_file.fremove('DATA_PUMP_DIR','exp_data_27.dmp');

PL/SQL procedure successfully completed.

Elapsed: 00:00:03.72
22:41:17 SQL> exec utl_file.fremove('DATA_PUMP_DIR','exp_data_11.dmp');

PL/SQL procedure successfully completed.

Elapsed: 00:00:03.27
22:41:21 SQL> exec utl_file.fremove('DATA_PUMP_DIR','exp_data_28.dmp');

PL/SQL procedure successfully completed.

Elapsed: 00:00:01.06
22:41:22 SQL> exec utl_file.fremove('DATA_PUMP_DIR','exp_data_24.dmp');

PL/SQL procedure successfully completed.

Elapsed: 00:00:00.10
22:41:22 SQL> exec utl_file.fremove('DATA_PUMP_DIR','exp_data_06.dmp');

PL/SQL procedure successfully completed.

Elapsed: 00:00:00.86
22:41:23 SQL> exec utl_file.fremove('DATA_PUMP_DIR','exp_data_13.dmp');

PL/SQL procedure successfully completed.

Elapsed: 00:00:03.45
22:41:26 SQL> exec utl_file.fremove('DATA_PUMP_DIR','exp_data_04.dmp');

PL/SQL procedure successfully completed.

Elapsed: 00:00:02.77
22:41:29 SQL> exec utl_file.fremove('DATA_PUMP_DIR','exp_data_10.dmp');

PL/SQL procedure successfully completed.

Elapsed: 00:00:00.97
22:41:30 SQL> exec utl_file.fremove('DATA_PUMP_DIR','exp_data_16.dmp');

PL/SQL procedure successfully completed.

Elapsed: 00:00:03.60
22:41:34 SQL> exec utl_file.fremove('DATA_PUMP_DIR','exp_data_17.dmp');

PL/SQL procedure successfully completed.

Elapsed: 00:00:03.55
22:41:37 SQL> exec utl_file.fremove('DATA_PUMP_DIR','exp_data_02.dmp');

PL/SQL procedure successfully completed.

Elapsed: 00:00:00.83
22:41:38 SQL> exec utl_file.fremove('DATA_PUMP_DIR','exp_data_01.dmp');

PL/SQL procedure successfully completed.

Elapsed: 00:00:00.87
22:41:39 SQL> --exec utl_file.fremove('DATA_PUMP_DIR','exp_data_29.dmp');
22:41:39 SQL> exec utl_file.fremove('DATA_PUMP_DIR','exp_data_15.dmp');

PL/SQL procedure successfully completed.

Elapsed: 00:00:01.10
22:41:40 SQL> exec utl_file.fremove('DATA_PUMP_DIR','exp_data_05.dmp');

PL/SQL procedure successfully completed.

Elapsed: 00:00:00.47
22:41:40 SQL> exec utl_file.fremove('DATA_PUMP_DIR','exp_data_03.dmp');

PL/SQL procedure successfully completed.

Elapsed: 00:00:03.71
22:41:44 SQL> exec utl_file.fremove('DATA_PUMP_DIR','exp_data_21.dmp');

PL/SQL procedure successfully completed.

Elapsed: 00:00:03.30
22:41:47 SQL> exec utl_file.fremove('DATA_PUMP_DIR','exp_data_07.dmp');

PL/SQL procedure successfully completed.

Elapsed: 00:00:00.79
22:41:48 SQL> exec utl_file.fremove('DATA_PUMP_DIR','exp_data_14.dmp');

PL/SQL procedure successfully completed.

Elapsed: 00:00:03.13
22:41:51 SQL> exec utl_file.fremove('DATA_PUMP_DIR','exp_data_18.dmp');

PL/SQL procedure successfully completed.

Elapsed: 00:00:00.70
22:41:52 SQL> exec utl_file.fremove('DATA_PUMP_DIR','exp_data_09.dmp');

PL/SQL procedure successfully completed.

Elapsed: 00:00:00.53
22:41:53 SQL> exec utl_file.fremove('DATA_PUMP_DIR','exp_data_19.dmp');

PL/SQL procedure successfully completed.

Elapsed: 00:00:01.64
22:41:54 SQL> exec utl_file.fremove('DATA_PUMP_DIR','exp_data_08.dmp');

PL/SQL procedure successfully completed.

Elapsed: 00:00:01.64
22:41:56 SQL> exec utl_file.fremove('DATA_PUMP_DIR1','exp_data1_17.dmp');

PL/SQL procedure successfully completed.

Elapsed: 00:00:00.81
22:41:57 SQL> exec utl_file.fremove('DATA_PUMP_DIR1','exp_data1_14.dmp');

PL/SQL procedure successfully completed.

Elapsed: 00:00:01.60
22:41:58 SQL> exec utl_file.fremove('DATA_PUMP_DIR1','exp_data1_10.dmp');

PL/SQL procedure successfully completed.

Elapsed: 00:00:01.62
22:42:00 SQL> exec utl_file.fremove('DATA_PUMP_DIR1','exp_data1_01.dmp');

PL/SQL procedure successfully completed.

Elapsed: 00:00:00.84
22:42:01 SQL> exec utl_file.fremove('DATA_PUMP_DIR1','exp_data1_23.dmp');

PL/SQL procedure successfully completed.

Elapsed: 00:00:01.77
22:42:02 SQL> exec utl_file.fremove('DATA_PUMP_DIR1','exp_data1_22.dmp');

PL/SQL procedure successfully completed.

Elapsed: 00:00:00.39
22:42:03 SQL> exec utl_file.fremove('DATA_PUMP_DIR1','exp_data1_12.dmp');

PL/SQL procedure successfully completed.

Elapsed: 00:00:00.89
22:42:04 SQL> exec utl_file.fremove('DATA_PUMP_DIR1','exp_data1_02.dmp');

PL/SQL procedure successfully completed.

Elapsed: 00:00:01.57
22:42:05 SQL> exec utl_file.fremove('DATA_PUMP_DIR1','exp_data1_28.dmp');

PL/SQL procedure successfully completed.

Elapsed: 00:00:01.61
22:42:07 SQL> exec utl_file.fremove('DATA_PUMP_DIR1','exp_data1_20.dmp');

PL/SQL procedure successfully completed.

Elapsed: 00:00:00.83
22:42:08 SQL> exec utl_file.fremove('DATA_PUMP_DIR1','exp_data1_19.dmp');

PL/SQL procedure successfully completed.

Elapsed: 00:00:01.08
22:42:09 SQL> exec utl_file.fremove('DATA_PUMP_DIR1','exp_data1_24.dmp');

PL/SQL procedure successfully completed.

Elapsed: 00:00:00.03
22:42:09 SQL> exec utl_file.fremove('DATA_PUMP_DIR1','exp_data1_18.dmp');

PL/SQL procedure successfully completed.

Elapsed: 00:00:00.67
22:42:10 SQL> exec utl_file.fremove('DATA_PUMP_DIR1','exp_data1_11.dmp');

PL/SQL procedure successfully completed.

Elapsed: 00:00:01.77
22:42:11 SQL> exec utl_file.fremove('DATA_PUMP_DIR1','exp_data1_06.dmp');

PL/SQL procedure successfully completed.

Elapsed: 00:00:01.61
22:42:13 SQL> exec utl_file.fremove('DATA_PUMP_DIR1','exp_data1_27.dmp');

PL/SQL procedure successfully completed.

Elapsed: 00:00:00.84
22:42:14 SQL> exec utl_file.fremove('DATA_PUMP_DIR1','exp_data1_15.dmp');

PL/SQL procedure successfully completed.

Elapsed: 00:00:01.85
22:42:16 SQL> exec utl_file.fremove('DATA_PUMP_DIR1','exp_data1_26.dmp');

PL/SQL procedure successfully completed.

Elapsed: 00:00:00.02
22:42:16 SQL> exec utl_file.fremove('DATA_PUMP_DIR1','exp_data1_08.dmp');

PL/SQL procedure successfully completed.

Elapsed: 00:00:01.43
22:42:17 SQL> exec utl_file.fremove('DATA_PUMP_DIR1','exp_data1_13.dmp');

PL/SQL procedure successfully completed.

Elapsed: 00:00:01.36
22:42:18 SQL> exec utl_file.fremove('DATA_PUMP_DIR1','exp_data1_04.dmp');

PL/SQL procedure successfully completed.

Elapsed: 00:00:00.84
22:42:19 SQL> exec utl_file.fremove('DATA_PUMP_DIR1','exp_data1_03.dmp');

PL/SQL procedure successfully completed.

Elapsed: 00:00:01.61
22:42:21 SQL> exec utl_file.fremove('DATA_PUMP_DIR1','exp_data1_07.dmp');

PL/SQL procedure successfully completed.

Elapsed: 00:00:01.61
22:42:22 SQL> exec utl_file.fremove('DATA_PUMP_DIR1','exp_data1_05.dmp');

PL/SQL procedure successfully completed.

Elapsed: 00:00:00.85
22:42:23 SQL> exec utl_file.fremove('DATA_PUMP_DIR1','exp_data1_09.dmp');

PL/SQL procedure successfully completed.

Elapsed: 00:00:01.61
22:42:25 SQL> exec utl_file.fremove('DATA_PUMP_DIR1','exp_data1_21.dmp');

PL/SQL procedure successfully completed.

Elapsed: 00:00:00.80
22:42:26 SQL> exec utl_file.fremove('DATA_PUMP_DIR1','exp_data1_25.dmp');

PL/SQL procedure successfully completed.

Elapsed: 00:00:01.62
22:42:27 SQL> exec utl_file.fremove('DATA_PUMP_DIR1','exp_data1_16.dmp');

PL/SQL procedure successfully completed.

Elapsed: 00:00:00.83
22:42:28 SQL> exec utl_file.fremove('DATA_PUMP_DIR2','exp_data2_10.dmp');

PL/SQL procedure successfully completed.

Elapsed: 00:00:01.62
22:42:30 SQL> exec utl_file.fremove('DATA_PUMP_DIR2','exp_data2_09.dmp');

PL/SQL procedure successfully completed.

Elapsed: 00:00:01.61
22:42:31 SQL> exec utl_file.fremove('DATA_PUMP_DIR2','exp_data2_02.dmp');

PL/SQL procedure successfully completed.

Elapsed: 00:00:01.62
22:42:33 SQL> exec utl_file.fremove('DATA_PUMP_DIR2','exp_data2_08.dmp');

PL/SQL procedure successfully completed.

Elapsed: 00:00:00.83
22:42:34 SQL> exec utl_file.fremove('DATA_PUMP_DIR2','exp_data2_17.dmp');

PL/SQL procedure successfully completed.

Elapsed: 00:00:01.61
22:42:35 SQL> exec utl_file.fremove('DATA_PUMP_DIR2','exp_data2_11.dmp');

PL/SQL procedure successfully completed.

Elapsed: 00:00:01.62
22:42:37 SQL> exec utl_file.fremove('DATA_PUMP_DIR2','exp_data2_28.dmp');

PL/SQL procedure successfully completed.

Elapsed: 00:00:01.62
22:42:39 SQL> exec utl_file.fremove('DATA_PUMP_DIR2','exp_data2_23.dmp');

PL/SQL procedure successfully completed.

Elapsed: 00:00:00.01
22:42:39 SQL> exec utl_file.fremove('DATA_PUMP_DIR2','exp_data2_22.dmp');

PL/SQL procedure successfully completed.

Elapsed: 00:00:00.01
22:42:39 SQL> exec utl_file.fremove('DATA_PUMP_DIR2','exp_data2_27.dmp');

PL/SQL procedure successfully completed.

Elapsed: 00:00:01.22
22:42:40 SQL> exec utl_file.fremove('DATA_PUMP_DIR2','exp_data2_16.dmp');

PL/SQL procedure successfully completed.

Elapsed: 00:00:01.60
22:42:42 SQL> exec utl_file.fremove('DATA_PUMP_DIR2','exp_data2_04.dmp');

PL/SQL procedure successfully completed.

Elapsed: 00:00:00.81
22:42:42 SQL> exec utl_file.fremove('DATA_PUMP_DIR2','exp_data2_07.dmp');

PL/SQL procedure successfully completed.

Elapsed: 00:00:00.83
22:42:43 SQL> exec utl_file.fremove('DATA_PUMP_DIR2','exp_data2_03.dmp');

PL/SQL procedure successfully completed.

Elapsed: 00:00:01.61
22:42:45 SQL> exec utl_file.fremove('DATA_PUMP_DIR2','exp_data2_01.dmp');

PL/SQL procedure successfully completed.

Elapsed: 00:00:01.62
22:42:46 SQL> exec utl_file.fremove('DATA_PUMP_DIR2','exp_data2_21.dmp');

PL/SQL procedure successfully completed.

Elapsed: 00:00:00.02
22:42:46 SQL> exec utl_file.fremove('DATA_PUMP_DIR2','exp_data2_19.dmp');

PL/SQL procedure successfully completed.

Elapsed: 00:00:01.60
22:42:48 SQL> exec utl_file.fremove('DATA_PUMP_DIR2','exp_data2_18.dmp');

PL/SQL procedure successfully completed.

Elapsed: 00:00:00.83
22:42:49 SQL> exec utl_file.fremove('DATA_PUMP_DIR2','exp_data2_15.dmp');

PL/SQL procedure successfully completed.

Elapsed: 00:00:01.61
22:42:50 SQL> exec utl_file.fremove('DATA_PUMP_DIR2','exp_data2_20.dmp');

PL/SQL procedure successfully completed.

Elapsed: 00:00:00.82
22:42:51 SQL> exec utl_file.fremove('DATA_PUMP_DIR2','exp_data2_26.dmp');

PL/SQL procedure successfully completed.

Elapsed: 00:00:01.62
22:42:53 SQL> exec utl_file.fremove('DATA_PUMP_DIR2','exp_data2_06.dmp');

PL/SQL procedure successfully completed.

Elapsed: 00:00:01.62
22:42:55 SQL> exec utl_file.fremove('DATA_PUMP_DIR2','exp_data2_14.dmp');

PL/SQL procedure successfully completed.

Elapsed: 00:00:00.83
22:42:55 SQL> exec utl_file.fremove('DATA_PUMP_DIR2','exp_data2_24.dmp');

PL/SQL procedure successfully completed.

Elapsed: 00:00:01.61
22:42:57 SQL> exec utl_file.fremove('DATA_PUMP_DIR2','exp_data2_25.dmp');

PL/SQL procedure successfully completed.

Elapsed: 00:00:01.62
22:42:59 SQL> exec utl_file.fremove('DATA_PUMP_DIR2','exp_data2_05.dmp');

PL/SQL procedure successfully completed.

Elapsed: 00:00:01.87
22:43:00 SQL> exec utl_file.fremove('DATA_PUMP_DIR2','exp_data2_13.dmp');

PL/SQL procedure successfully completed.

Elapsed: 00:00:00.97
22:43:01 SQL> exec utl_file.fremove('DATA_PUMP_DIR2','exp_data2_12.dmp');

PL/SQL procedure successfully completed.

Elapsed: 00:00:00.83
22:43:02 SQL> exec utl_file.fremove('DATA_PUMP_DIR3','exp_data3_24.dmp');

PL/SQL procedure successfully completed.

Elapsed: 00:00:00.80
22:43:03 SQL> exec utl_file.fremove('DATA_PUMP_DIR3','exp_data3_22.dmp');

PL/SQL procedure successfully completed.

Elapsed: 00:00:00.02
22:43:03 SQL> exec utl_file.fremove('DATA_PUMP_DIR3','exp_data3_13.dmp');

PL/SQL procedure successfully completed.

Elapsed: 00:00:01.61
22:43:05 SQL> exec utl_file.fremove('DATA_PUMP_DIR3','exp_data3_27.dmp');

PL/SQL procedure successfully completed.

Elapsed: 00:00:01.61
22:43:06 SQL> exec utl_file.fremove('DATA_PUMP_DIR3','exp_data3_02.dmp');

PL/SQL procedure successfully completed.

Elapsed: 00:00:01.62
22:43:08 SQL> exec utl_file.fremove('DATA_PUMP_DIR3','exp_data3_14.dmp');

PL/SQL procedure successfully completed.

Elapsed: 00:00:01.37
22:43:09 SQL> exec utl_file.fremove('DATA_PUMP_DIR3','exp_data3_18.dmp');

PL/SQL procedure successfully completed.

Elapsed: 00:00:01.26
22:43:11 SQL> exec utl_file.fremove('DATA_PUMP_DIR3','exp_data3_20.dmp');

PL/SQL procedure successfully completed.

Elapsed: 00:00:00.84
22:43:11 SQL> exec utl_file.fremove('DATA_PUMP_DIR3','exp_data3_15.dmp');

PL/SQL procedure successfully completed.

Elapsed: 00:00:01.63
22:43:13 SQL> exec utl_file.fremove('DATA_PUMP_DIR3','exp_data3_21.dmp');

PL/SQL procedure successfully completed.

Elapsed: 00:00:00.43
22:43:13 SQL> exec utl_file.fremove('DATA_PUMP_DIR3','exp_data3_25.dmp');

PL/SQL procedure successfully completed.

Elapsed: 00:00:00.76
22:43:14 SQL> exec utl_file.fremove('DATA_PUMP_DIR3','exp_data3_23.dmp');

PL/SQL procedure successfully completed.

Elapsed: 00:00:00.79
22:43:15 SQL> exec utl_file.fremove('DATA_PUMP_DIR3','exp_data3_03.dmp');

PL/SQL procedure successfully completed.

Elapsed: 00:00:00.82
22:43:16 SQL> exec utl_file.fremove('DATA_PUMP_DIR3','exp_data3_05.dmp');

PL/SQL procedure successfully completed.

Elapsed: 00:00:01.50
22:43:17 SQL> exec utl_file.fremove('DATA_PUMP_DIR3','exp_data3_28.dmp');

PL/SQL procedure successfully completed.

Elapsed: 00:00:01.61
22:43:19 SQL> exec utl_file.fremove('DATA_PUMP_DIR3','exp_data3_19.dmp');

PL/SQL procedure successfully completed.

Elapsed: 00:00:01.61
22:43:21 SQL> exec utl_file.fremove('DATA_PUMP_DIR3','exp_data3_26.dmp');

PL/SQL procedure successfully completed.

Elapsed: 00:00:00.84
22:43:21 SQL> exec utl_file.fremove('DATA_PUMP_DIR3','exp_data3_04.dmp');

PL/SQL procedure successfully completed.

Elapsed: 00:00:01.62
22:43:23 SQL> exec utl_file.fremove('DATA_PUMP_DIR3','exp_data3_08.dmp');

PL/SQL procedure successfully completed.

Elapsed: 00:00:01.61
22:43:25 SQL> exec utl_file.fremove('DATA_PUMP_DIR3','exp_data3_16.dmp');

PL/SQL procedure successfully completed.

Elapsed: 00:00:01.61
22:43:26 SQL> exec utl_file.fremove('DATA_PUMP_DIR3','exp_data3_10.dmp');

PL/SQL procedure successfully completed.

Elapsed: 00:00:01.62
22:43:28 SQL> exec utl_file.fremove('DATA_PUMP_DIR3','exp_data3_07.dmp');

PL/SQL procedure successfully completed.

Elapsed: 00:00:01.62
22:43:29 SQL> exec utl_file.fremove('DATA_PUMP_DIR3','exp_data3_11.dmp');

PL/SQL procedure successfully completed.

Elapsed: 00:00:00.84
22:43:30 SQL> exec utl_file.fremove('DATA_PUMP_DIR3','exp_data3_09.dmp');

PL/SQL procedure successfully completed.

Elapsed: 00:00:01.75
22:43:32 SQL> exec utl_file.fremove('DATA_PUMP_DIR3','exp_data3_06.dmp');

PL/SQL procedure successfully completed.

Elapsed: 00:00:01.22
22:43:33 SQL> exec utl_file.fremove('DATA_PUMP_DIR3','exp_data3_12.dmp');

PL/SQL procedure successfully completed.

Elapsed: 00:00:01.37
22:43:35 SQL> exec utl_file.fremove('DATA_PUMP_DIR3','exp_data3_17.dmp');

PL/SQL procedure successfully completed.

Elapsed: 00:00:00.81
22:43:35 SQL> exec utl_file.fremove('DATA_PUMP_DIR3','exp_data3_01.dmp');

PL/SQL procedure successfully completed.

Elapsed: 00:00:01.62
22:43:37 SQL> 
22:43:37 SQL> spool off
