22:57:27 SQL> CREATE INDEX PSPADM.AS400_DROPME_IDX1 ON PSPADM.AS400_DROPME (PREF_USERID) online parallel (degree 4) TABLESPACE PSP_IDX02;

Index created.

Elapsed: 00:00:00.15
22:57:27 SQL> CREATE INDEX PSPADM.BACKUP_SCHEMA_STATS_090911 ON PSPADM.BACKUP_SCHEMA_STATS_090911 (STATID,TYPE,C5,C1,C2,C3,C4,VERSION) online parallel (degree 4) TABLESPACE PSP_IDX01;

Index created.

Elapsed: 00:00:00.28
22:57:28 SQL> CREATE INDEX PSPADM.BACKUP_STATS ON PSPADM.BACKUP_STATS (STATID,TYPE,C5,C1,C2,C3,C4,VERSION) online parallel (degree 4) TABLESPACE PSP_IDX02;

Index created.

Elapsed: 00:00:00.05
22:57:28 SQL> CREATE INDEX PSPADM.BACKUP_STATS_032911 ON PSPADM.BACKUP_STATS_032911 (STATID,TYPE,C5,C1,C2,C3,C4,VERSION) online parallel (degree 4) TABLESPACE PSP_IDX01;

Index created.

Elapsed: 00:00:00.21
22:57:28 SQL> CREATE INDEX PSPADM.BACKUP_TAB_STATS_090911 ON PSPADM.BACKUP_TAB_STATS_090911 (STATID,TYPE,C5,C1,C2,C3,C4,VERSION) online parallel (degree 4) TABLESPACE PSP_IDX02;

Index created.

Elapsed: 00:00:00.25
22:57:28 SQL> CREATE INDEX PSPADM.PSP_ACHENROLLMENT_FK2 ON PSPADM.PSP_ACHENROLLMENT (COMPANY_AGENCY_FK) online parallel (degree 4) TABLESPACE PSP_IDX02;

Index created.

Elapsed: 00:00:00.06
22:57:28 SQL> CREATE INDEX PSPADM.PSP_ACHENROLLMENT_DETAIL_FK1 ON PSPADM.PSP_ACHENROLLMENT_DETAIL (A_C_H_ENROLLMENT_FK) online parallel (degree 4) TABLESPACE PSP_IDX01;

Index created.

Elapsed: 00:00:00.05
22:57:28 SQL> CREATE INDEX PSPADM.PSP_ACHENROLLMENT_DETAIL_FK2 ON PSPADM.PSP_ACHENROLLMENT_DETAIL (RESPONSE_FILE_FK) online parallel (degree 4) TABLESPACE PSP_IDX01;

Index created.

Elapsed: 00:00:00.03
22:57:28 SQL> CREATE INDEX PSPADM.PSP_ACHENROLLMENT_DETAIL_FK3 ON PSPADM.PSP_ACHENROLLMENT_DETAIL (REQUEST_FILE_FK) online parallel (degree 4) TABLESPACE PSP_IDX01;

Index created.

Elapsed: 00:00:00.03
22:57:28 SQL> CREATE INDEX PSPADM.PSP_ADDITIONAL_FILING_AMOU_FK1 ON PSPADM.PSP_ADDITIONAL_FILING_AMOUNT (PAYMENT_TEMPLATE_FK) online parallel (degree 4) TABLESPACE PSP_IDX01;

Index created.

Elapsed: 00:00:00.04
22:57:28 SQL> CREATE INDEX PSPADM.PSP_ADE_LAW_MAP_FK1 ON PSPADM.PSP_ADE_LAW_MAP (LAW_FK) online parallel (degree 4) TABLESPACE PSP_IDX01;

Index created.

Elapsed: 00:00:00.03
22:57:28 SQL> CREATE INDEX PSPADM.PSP_ADE_LAW_MAP_FK2 ON PSPADM.PSP_ADE_LAW_MAP (ADE_LAW_MAP_FK) online parallel (degree 4) TABLESPACE PSP_IDX01;

Index created.

Elapsed: 00:00:00.03
22:57:28 SQL> CREATE INDEX PSPADM.PSP_AGENCY_AGENCYIDENC_I1 ON PSPADM.PSP_AGENCY (AGENCY_ID_ENC) online parallel (degree 4) TABLESPACE PSP_IDX02;

Index created.

Elapsed: 00:00:00.03
22:57:28 SQL> CREATE INDEX PSPADM.PSP_AGENCY_CHECK_BATCH_FK2 ON PSPADM.PSP_AGENCY_CHECK_BATCH (PAYMENT_TEMPLATE_FK) online parallel (degree 4) TABLESPACE PSP_IDX01;

Index created.

Elapsed: 00:00:00.05
22:57:28 SQL> CREATE INDEX PSPADM.PSP_AGENCY_ID_REQUIREMENT_FK2 ON PSPADM.PSP_AGENCY_ID_REQUIREMENT (PAYMENT_TEMPLATE_AGENCY_ID_FK) online parallel (degree 4) TABLESPACE PSP_IDX02;

Index created.

Elapsed: 00:00:00.03
22:57:29 SQL> CREATE INDEX PSPADM.PSP_AGENCY_RATE_REQUEST_FK1 ON PSPADM.PSP_AGENCY_RATE_REQUEST (AGENCY_FK) online parallel (degree 4) TABLESPACE PSP_IDX01;

Index created.

Elapsed: 00:00:00.04
22:57:29 SQL> CREATE INDEX PSPADM.PSP_ANNUALBILLINGITEM_FK1 ON PSPADM.PSP_ANNUAL_BILLING_ITEM (ANNUAL_BILLING_BATCH_FK) online parallel (degree 4) TABLESPACE PSP_IDX01;

Index created.

Elapsed: 00:00:00.21
22:57:29 SQL> CREATE INDEX PSPADM.PSP_ANNUALBILLINGITEM_FK2 ON PSPADM.PSP_ANNUAL_BILLING_ITEM (COMPANY_FK) online parallel (degree 4) TABLESPACE PSP_IDX01;

Index created.

Elapsed: 00:00:00.15
22:57:29 SQL> CREATE INDEX PSPADM.PSP_ASSISTEDBUNDLEBILL_FK1 ON PSPADM.PSP_ASSISTED_BUNDLE_BILL (ASST_BUNDLE_COMP_USAGE_FK) online parallel (degree 4) TABLESPACE PSP_IDX02;

Index created.

Elapsed: 00:00:00.06
22:57:29 SQL> CREATE INDEX PSPADM.PSP_ASSTBUNDLEBILLDETAIL_FK1 ON PSPADM.PSP_ASST_BUNDLE_BILL_DETAIL (ASSISTED_BUNDLE_BILL_FK) online parallel (degree 4) TABLESPACE PSP_IDX01;

Index created.

Elapsed: 00:00:00.10
22:57:29 SQL> CREATE INDEX PSPADM.PSP_ATFDATA_EXTRACT_FILE_FK1 ON PSPADM.PSP_ATFDATA_EXTRACT_FILE (A_T_F_DATA_EXTRACT_BATCH_FK) online parallel (degree 4) TABLESPACE PSP_IDX02;

Index created.

Elapsed: 00:00:00.07
22:57:29 SQL> CREATE INDEX PSPADM.PSP_ATFPAYMENTS_TO_PROCESS_FK1 ON PSPADM.PSP_ATFPAYMENTS_TO_PROCESS (COMPANY_FK,MONEY_MOVEMENT_TRANSACTION_FK) online parallel (degree 4) TABLESPACE PSP_IDX01;

Index created.

Elapsed: 00:02:13.11
22:59:42 SQL> CREATE INDEX PSPADM.PSP_ATFPAYMENTS_TO_PROCESS_FK2 ON PSPADM.PSP_ATFPAYMENTS_TO_PROCESS (LAW_FK) online parallel (degree 4) TABLESPACE PSP_IDX01;

Index created.

Elapsed: 00:00:17.21
22:59:59 SQL> CREATE INDEX PSPADM.PSP_ATFPAYMENTS_TO_PROCESS_FK3 ON PSPADM.PSP_ATFPAYMENTS_TO_PROCESS (COMPANY_FK) online parallel (degree 4) TABLESPACE PSP_IDX01;

Index created.

Elapsed: 00:01:09.20
23:01:09 SQL> CREATE INDEX PSPADM.PSP_ATFPAYROLLS_TO_PROCESS_FK1 ON PSPADM.PSP_ATFPAYROLLS_TO_PROCESS (PAYROLL_RUN_FK) online parallel (degree 4) TABLESPACE PSP_IDX02;

Index created.

Elapsed: 00:00:16.80
23:01:25 SQL> CREATE INDEX PSPADM.PSP_ATFPAYROLLS_TO_PROCESS_I1 ON PSPADM.PSP_ATFPAYROLLS_TO_PROCESS (MODIFIED_DATE) online parallel (degree 4) TABLESPACE PSP_IDX02;

Index created.

Elapsed: 00:00:04.62
23:01:30 SQL> CREATE INDEX PSPADM.PSP_AUTHROLE_OPT_FK_OPT ON PSPADM.PSP_AUTHROLE_OPERATION_ASSOC (AUTH_OPERATION_FK) online parallel (degree 4) TABLESPACE PSP_IDX01;

Index created.

Elapsed: 00:00:00.10
23:01:30 SQL> CREATE INDEX PSPADM.PSP_ROLE_OPERATION_FK_ROLE ON PSPADM.PSP_AUTHROLE_OPERATION_ASSOC (AUTH_ROLE_FK) online parallel (degree 4) TABLESPACE PSP_IDX01;

Index created.

Elapsed: 00:00:00.08
23:01:30 SQL> CREATE INDEX PSPADM.PSP_AUTH_ROLE_FK1 ON PSPADM.PSP_AUTH_ROLE (AUTH_DOMAIN_FK) online parallel (degree 4) TABLESPACE PSP_IDX02;

Index created.

Elapsed: 00:00:00.09
23:01:30 SQL> CREATE INDEX PSPADM.PSP_AUTH_USER_CORPID ON PSPADM.PSP_AUTH_USER (CORP_ID) online parallel (degree 4) TABLESPACE PSP_IDX01;

Index created.

Elapsed: 00:00:00.18
23:01:31 SQL> CREATE INDEX PSPADM.PSP_USERROLE_FK_ROLE ON PSPADM.PSP_AUTH_USER_AUTH_ROLE__ASSOC (AUTH_ROLE_FK) online parallel (degree 4) TABLESPACE PSP_IDX02;

Index created.

Elapsed: 00:00:00.19
23:01:31 SQL> CREATE INDEX PSPADM.PSP_USERROLE_FK_USER ON PSPADM.PSP_AUTH_USER_AUTH_ROLE__ASSOC (AUTH_USER_FK) online parallel (degree 4) TABLESPACE PSP_IDX02;

Index created.

Elapsed: 00:00:00.09
23:01:31 SQL> CREATE INDEX PSPADM.PSP_BANK_ACCOUNT_ENC_I1 ON PSPADM.PSP_BANK_ACCOUNT (ACCOUNT_NUMBER_ENC) online parallel (degree 4) TABLESPACE PSP_IDX01;

Index created.

Elapsed: 00:01:35.61
23:03:06 SQL> CREATE INDEX PSPADM.PSP_BANK_ACCOUNT_MOODDATE ON PSPADM.PSP_BANK_ACCOUNT (MODIFIED_DATE) online parallel (degree 4) TABLESPACE PSP_IDX01;

Index created.

Elapsed: 00:00:13.88
23:03:20 SQL> CREATE INDEX PSPADM.PSP_BATCH_JOB_AUDIT_LOG_I1 ON PSPADM.PSP_BATCH_JOB_AUDIT_LOG (CREATED_DATE) online parallel (degree 4) TABLESPACE PSP_IDX01;

Index created.

Elapsed: 00:00:00.40
23:03:21 SQL> CREATE INDEX PSPADM.PSP_BATCH_JOB_AUDIT_LOG_IDX1 ON PSPADM.PSP_BATCH_JOB_AUDIT_LOG (JOB_NAMESPACE,IS_VERIFIED) online parallel (degree 4) TABLESPACE PSP_IDX01;

Index created.

Elapsed: 00:00:00.18
23:03:21 SQL> CREATE INDEX PSPADM.PSP_BATCH_JOB_PARAMETER_FK1 ON PSPADM.PSP_BATCH_JOB_PARAMETER (BATCH_JOB_SETUP_FK) online parallel (degree 4) TABLESPACE PSP_IDX02;

Index created.

Elapsed: 00:00:00.09
23:03:21 SQL> CREATE INDEX PSPADM.C_PSP_BATCH_JOB_STATUS1 ON PSPADM.PSP_BATCH_JOB_STATUS (JOB_TYPE) online parallel (degree 4) TABLESPACE PSP_IDX02;

Index created.

Elapsed: 00:00:00.11
23:03:21 SQL> CREATE INDEX PSPADM.PSP_BILL_FK1 ON PSPADM.PSP_BILL (COMPANY_USAGE_FK) online parallel (degree 4) TABLESPACE PSP_IDX01;

Index created.

Elapsed: 00:00:26.38
23:03:47 SQL> CREATE INDEX PSPADM.PSP_BILL_U1 ON PSPADM.PSP_BILL (COMPANY_USAGE_FK,BILL_DATE) online parallel (degree 4) TABLESPACE PSP_IDX01;

Index created.

Elapsed: 00:00:12.62
23:04:00 SQL> CREATE INDEX PSPADM.PSP_BILLING_DETAIL_FK1 ON PSPADM.PSP_BILLING_DETAIL (PAYROLL_RUN_FK) online parallel (degree 4) TABLESPACE PSP_IDX02;

Index created.

Elapsed: 00:04:13.74
23:08:14 SQL> CREATE INDEX PSPADM.PSP_BILLING_DETAIL_FK2 ON PSPADM.PSP_BILLING_DETAIL (OFFERING_SVCCHG_PRICE_FK) online parallel (degree 4) TABLESPACE PSP_IDX02;

Index created.

Elapsed: 00:03:30.97
23:11:45 SQL> CREATE INDEX PSPADM.PSP_BILL_PAYMENT_FK1 ON PSPADM.PSP_BILL_PAYMENT (PAYEE_FK) online parallel (degree 4) TABLESPACE PSP_IDX01;

Index created.

Elapsed: 00:01:29.61
23:13:14 SQL> CREATE INDEX PSPADM.PSP_BILL_PAYMENT_FK2 ON PSPADM.PSP_BILL_PAYMENT (PAYROLL_RUN_FK) online parallel (degree 4) TABLESPACE PSP_IDX01;

Index created.

Elapsed: 00:00:32.64
23:13:47 SQL> CREATE INDEX PSPADM.PSP_BILL_PAYMENT_SPLIT_FK1 ON PSPADM.PSP_BILL_PAYMENT_SPLIT (BILL_PAYMENT_FK) online parallel (degree 4) TABLESPACE PSP_IDX02;

Index created.

Elapsed: 00:01:11.37
23:14:58 SQL> CREATE INDEX PSPADM.PSP_BILL_PAYMENT_SPLIT_FK2 ON PSPADM.PSP_BILL_PAYMENT_SPLIT (PAYEE_BANK_ACCOUNT_FK) online parallel (degree 4) TABLESPACE PSP_IDX02;

Index created.

Elapsed: 00:00:31.88
23:15:30 SQL> CREATE INDEX PSPADM.PSP_CHECK_PRINT_BATCH_FK1 ON PSPADM.PSP_CHECK_PRINT_BATCH (RECON_PLUS_FILE_FK) online parallel (degree 4) TABLESPACE PSP_IDX01;

Index created.

Elapsed: 00:00:00.51
23:15:31 SQL> CREATE INDEX PSPADM.PSP_CHECK_PRINT_BATCH_FK2 ON PSPADM.PSP_CHECK_PRINT_BATCH (POSITIVE_PAY_FILE_FK) online parallel (degree 4) TABLESPACE PSP_IDX01;

Index created.

Elapsed: 00:00:00.32
23:15:31 SQL> CREATE INDEX PSPADM.PSP_CHECKPRINTPAYCHECK_FK2 ON PSPADM.PSP_CHECK_PRINT_PAYCHECK (COMPANY_FK) online parallel (degree 4) TABLESPACE PSP_IDX02;

Index created.

Elapsed: 00:00:00.69
23:15:32 SQL> CREATE INDEX PSPADM.PSP_CHECK_PRINT_PAYCHECK_FK1 ON PSPADM.PSP_CHECK_PRINT_PAYCHECK (COMPANY_PAYCHECK_BATCH_FK) online parallel (degree 4) TABLESPACE PSP_IDX02;

Index created.

Elapsed: 00:00:00.28
23:15:32 SQL> CREATE INDEX PSPADM.PSP_CHECK_PRINT_SIGNATURE_FK1 ON PSPADM.PSP_CHECK_PRINT_SIGNATURE (SOURCESYS_PRINTEDCHK_INFO_FK) online parallel (degree 4) TABLESPACE PSP_IDX01;

Index created.

Elapsed: 00:00:00.24
23:15:32 SQL> CREATE INDEX PSPADM.PSP_COMPANY_FEDTAXIDENC_I1 ON PSPADM.PSP_COMPANY (FED_TAX_ID_ENC) online parallel (degree 4) TABLESPACE PSP_IDX02;

Index created.

Elapsed: 00:00:32.49
23:16:05 SQL> CREATE INDEX PSPADM.PSP_COMPANY_FK2 ON PSPADM.PSP_COMPANY (PAYROLL_FREQUENCY_FK) online parallel (degree 4) TABLESPACE PSP_IDX02;

Index created.

Elapsed: 00:00:01.57
23:16:06 SQL> CREATE INDEX PSPADM.PSP_COMPANY_FK3 ON PSPADM.PSP_COMPANY (MAILING_ADDRESS_FK) online parallel (degree 4) TABLESPACE PSP_IDX02;

Index created.

Elapsed: 00:00:04.71
23:16:11 SQL> CREATE INDEX PSPADM.PSP_COMPANY_FK4 ON PSPADM.PSP_COMPANY (LEGAL_ADDRESS_FK) online parallel (degree 4) TABLESPACE PSP_IDX02;

Index created.

Elapsed: 00:00:04.69
23:16:16 SQL> CREATE INDEX PSPADM.PSP_COMPANY_FK5 ON PSPADM.PSP_COMPANY (FUNDING_MODEL_FK) online parallel (degree 4) TABLESPACE PSP_IDX02;

Index created.

Elapsed: 00:00:03.54
23:16:19 SQL> CREATE INDEX PSPADM.PSP_COMPANY_FK7 ON PSPADM.PSP_COMPANY (ANNUAL_BILLING_BATCH_FK) online parallel (degree 4) TABLESPACE PSP_IDX02;

Index created.

Elapsed: 00:00:01.90
23:16:21 SQL> CREATE INDEX PSPADM.PSP_COMPANY_FK8 ON PSPADM.PSP_COMPANY (OFFLOAD_GROUP_FK) online parallel (degree 4) TABLESPACE PSP_IDX02;

Index created.

Elapsed: 00:00:04.98
23:16:26 SQL> CREATE INDEX PSPADM.PSP_COMPANY_I1 ON PSPADM.PSP_COMPANY (LOWER(SOURCE_COMPANY_ID)) online parallel (degree 4) TABLESPACE PSP_IDX02;

Index created.

Elapsed: 00:00:04.22
23:16:30 SQL> CREATE INDEX PSPADM.PSP_COMPANY_I5 ON PSPADM.PSP_COMPANY (LOWER(LEGAL_NAME)) online parallel (degree 4) TABLESPACE PSP_IDX02;

Index created.

Elapsed: 00:00:04.01
23:16:34 SQL> CREATE INDEX PSPADM.PSP_COMPANY_I6 ON PSPADM.PSP_COMPANY (COMPLIANCE_ADDRESS_FK) online parallel (degree 4) TABLESPACE PSP_IDX02;

Index created.

Elapsed: 00:00:02.59
23:16:37 SQL> CREATE INDEX PSPADM.PSP_COMPANY_U1 ON PSPADM.PSP_COMPANY (SOURCE_COMPANY_ID,SOURCE_SYSTEM_CD) online parallel (degree 4) TABLESPACE PSP_IDX02;

Index created.

Elapsed: 00:00:04.05
23:16:41 SQL> CREATE INDEX PSPADM.PSP_COMP_IAM_REALMID_IDX ON PSPADM.PSP_COMPANY (I_A_M_REALM_ID) online parallel (degree 4) TABLESPACE PSP_IDX02;

Index created.

Elapsed: 00:00:02.81
23:16:44 SQL> CREATE INDEX PSPADM.PSP_COMPANY_AGENCY_FORM_TE_FK1 ON PSPADM.PSP_COMPANYAGENCY_FRMTEMPLATE (COMPANY_AGENCY_FK) online parallel (degree 4) TABLESPACE PSP_IDX01;

Index created.

Elapsed: 00:00:03.75
23:16:48 SQL> CREATE INDEX PSPADM.PSP_COMPANY_AGENCY_FORM_TE_FK2 ON PSPADM.PSP_COMPANYAGENCY_FRMTEMPLATE (FORM_TEMPLATE_FK) online parallel (degree 4) TABLESPACE PSP_IDX01;

Index created.

Elapsed: 00:00:01.09
23:16:49 SQL> CREATE INDEX PSPADM.PSP_COMPANY_AGENCY_PAYMENT_FK1 ON PSPADM.PSP_COMPANYAGENCY_PMTTEMPLATE (COMPANY_AGENCY_FK) online parallel (degree 4) TABLESPACE PSP_IDX02;

Index created.

Elapsed: 00:00:05.91
23:16:55 SQL> CREATE INDEX PSPADM.PSP_COMPANY_AGENCY_PAYMENT_FK2 ON PSPADM.PSP_COMPANYAGENCY_PMTTEMPLATE (PAYMENT_TEMPLATE_FK) online parallel (degree 4) TABLESPACE PSP_IDX02;

Index created.

Elapsed: 00:00:03.13
23:16:58 SQL> CREATE INDEX PSPADM.PSP_COMPANY_ADDITIONAL_INF_FK1 ON PSPADM.PSP_COMPANY_ADDITIONAL_INFO (COMPANY_FK) online parallel (degree 4) TABLESPACE PSP_IDX01;

Index created.

Elapsed: 00:00:02.04
23:17:00 SQL> CREATE INDEX PSPADM.PSP_COMPANY_ADDITIONAL_INF_FK2 ON PSPADM.PSP_COMPANY_ADDITIONAL_INFO (INDUSTRY_TYPE_FK) online parallel (degree 4) TABLESPACE PSP_IDX01;

Index created.

Elapsed: 00:00:00.97
23:17:01 SQL> CREATE INDEX PSPADM.PSP_COMPANY_ADDITIONAL_INF_FK3 ON PSPADM.PSP_COMPANY_ADDITIONAL_INFO (OWNERSHIP_TYPE_FK) online parallel (degree 4) TABLESPACE PSP_IDX01;

Index created.

Elapsed: 00:00:00.84
23:17:02 SQL> CREATE INDEX PSPADM.PSP_COMPANY_AGENCY_FK1 ON PSPADM.PSP_COMPANY_AGENCY (AGENCY_FK) online parallel (degree 4) TABLESPACE PSP_IDX02;

Index created.

Elapsed: 00:00:02.89
23:17:05 SQL> CREATE INDEX PSPADM.PSP_COMPANY_AGENCY_FK2 ON PSPADM.PSP_COMPANY_AGENCY (COMPANY_FK) online parallel (degree 4) TABLESPACE PSP_IDX02;

Index created.

Elapsed: 00:00:02.19
23:17:07 SQL> CREATE INDEX PSPADM.PSP_COMPANY_BANK_ACCOUNT_FK1 ON PSPADM.PSP_COMPANY_BANK_ACCOUNT (BANK_ACCOUNT_FK) online parallel (degree 4) TABLESPACE PSP_IDX01;

Index created.

Elapsed: 00:00:05.08
23:17:12 SQL> CREATE INDEX PSPADM.PSP_COMPANY_BANK_ACCOUNT_FK2 ON PSPADM.PSP_COMPANY_BANK_ACCOUNT (COMPANY_FK) online parallel (degree 4) TABLESPACE PSP_IDX01;

Index created.

Elapsed: 00:00:01.87
23:17:14 SQL> CREATE INDEX PSPADM.PSP_COMPANY_BANK_ACCOUNT_U1 ON PSPADM.PSP_COMPANY_BANK_ACCOUNT (SOURCE_BANK_ACCOUNT_ID,COMPANY_FK) online parallel (degree 4) TABLESPACE PSP_IDX01;

Index created.

Elapsed: 00:00:01.98
23:17:16 SQL> CREATE INDEX PSPADM.PSP_COMPANY_DAILY_LIABILIT_FK1 ON PSPADM.PSP_COMPANY_DAILY_LIABILITY (LAW_FK) online parallel (degree 4) TABLESPACE PSP_IDX01;

Index created.

Elapsed: 00:03:18.77
23:20:34 SQL> CREATE INDEX PSPADM.PSP_COMPANY_DAILY_LIABILIT_FK2 ON PSPADM.PSP_COMPANY_DAILY_LIABILITY (COMPANY_FK) online parallel (degree 4) TABLESPACE PSP_IDX01;

Index created.

Elapsed: 00:01:59.01
23:22:33 SQL> CREATE INDEX PSPADM.PSP_COMPANY_EVENT_FK1 ON PSPADM.PSP_COMPANY_EVENT (COMPANY_FK) local online parallel (degree 4) TABLESPACE PSP_IDX02;

Index created.

Elapsed: 00:40:04.00
00:02:37 SQL> CREATE INDEX PSPADM.PSP_COMPANY_EVENT_I1 ON PSPADM.PSP_COMPANY_EVENT (COMPANY_FK,EVENT_TYPE_CD) local online parallel (degree 4) TABLESPACE PSP_IDX02;

Index created.

Elapsed: 00:50:38.43
00:53:16 SQL> CREATE INDEX PSPADM.PSP_COMPANY_EVENT_I2 ON PSPADM.PSP_COMPANY_EVENT (EVENT_TIME_STAMP) local online parallel (degree 4) TABLESPACE PSP_IDX02;

Index created.

Elapsed: 00:30:17.59
01:23:33 SQL> CREATE INDEX PSPADM.PSP_COMPANY_EVENT_I3 ON PSPADM.PSP_COMPANY_EVENT (COMPANY_FK,EVENT_TIME_STAMP) local online parallel (degree 4) TABLESPACE PSP_IDX02;

Index created.

Elapsed: 00:43:01.73
02:06:35 SQL> CREATE INDEX PSPADM.PSP_COMPANY_EVENT_DETAIL_FK1 ON PSPADM.PSP_COMPANY_EVENT_DETAIL (COMPANY_FK,COMPANY_EVENT_FK) local online parallel (degree 4) TABLESPACE PSP_IDX03;

Index created.

Elapsed: 02:12:04.78
04:18:40 SQL> CREATE INDEX PSPADM.PSP_COMPANY_EVENT_DETAIL_FK2 ON PSPADM.PSP_COMPANY_EVENT_DETAIL (COMPANY_FK) local online parallel (degree 4) TABLESPACE PSP_IDX03;

Index created.

Elapsed: 01:13:34.95
05:32:15 SQL> CREATE INDEX PSPADM.PSP_COMPANY_EVENT_DETAIL_I2 ON PSPADM.PSP_COMPANY_EVENT_DETAIL (EVENT_DETAIL_TYPE_CD,COMPANY_FK) local online parallel (degree 4) TABLESPACE PSP_IDX03;

Index created.

Elapsed: 01:48:35.90
07:20:51 SQL> CREATE INDEX PSPADM.PSP_COMPANY_EVENT_EMAIL_FK1 ON PSPADM.PSP_COMPANY_EVENT_EMAIL (COMPANY_FK,COMPANY_EVENT_FK) online parallel (degree 4) TABLESPACE PSP_IDX02;

Index created.

Elapsed: 00:15:30.07
07:36:21 SQL> CREATE INDEX PSPADM.STATUS_CD_IDX ON PSPADM.PSP_COMPANY_EVENT_EMAIL (STATUS_CD) online parallel (degree 4) TABLESPACE PSP_IDX02;

Index created.

Elapsed: 00:06:54.93
07:43:16 SQL> CREATE INDEX PSPADM.PSP_COMPANY_EVENT_EMAIL_PA_FK1 ON PSPADM.PSP_COMPANY_EVENT_EMAIL_PARAM (COMPANY_EVENT_EMAIL_FK) local online parallel (degree 4) TABLESPACE PSP_IDX04;

Index created.

Elapsed: 01:18:53.48
09:02:09 SQL> CREATE INDEX PSPADM.PSP_COMPANY_EVENT_EMAIL_PA_FK2 ON PSPADM.PSP_COMPANY_EVENT_EMAIL_PARAM (COMPANY_FK) local online parallel (degree 4) TABLESPACE PSP_IDX04;

Index created.

Elapsed: 01:19:23.92
10:21:33 SQL> CREATE INDEX PSPADM.PSP_COMPANYFILINGAMOUNT_FK1 ON PSPADM.PSP_COMPANY_FILING_AMOUNT (COMPANY_AGENCY_PMT_TEMPLATE_FK) online parallel (degree 4) TABLESPACE PSP_IDX02;

Index created.

Elapsed: 00:00:00.47
10:21:34 SQL> CREATE INDEX PSPADM.PSP_COMPANY_LAW_FK1 ON PSPADM.PSP_COMPANY_LAW (COMPANY_AGENCY_FK) online parallel (degree 4) TABLESPACE PSP_IDX01;

Index created.

Elapsed: 00:00:18.18
10:21:52 SQL> CREATE INDEX PSPADM.PSP_COMPANY_LAW_FK2 ON PSPADM.PSP_COMPANY_LAW (LAW_FK) online parallel (degree 4) TABLESPACE PSP_IDX01;

Index created.

Elapsed: 00:00:04.35
10:21:56 SQL> CREATE INDEX PSPADM.PSP_COMPANY_LAW_FK4 ON PSPADM.PSP_COMPANY_LAW (ADDITIONAL_COMPANY_LAW_FK) online parallel (degree 4) TABLESPACE PSP_IDX01;

Index created.

Elapsed: 00:00:02.26
10:21:58 SQL> CREATE INDEX PSPADM.PSP_COMPANY_LAW_RATE_FK1 ON PSPADM.PSP_COMPANY_LAW_RATE (COMPANY_LAW_FK) online parallel (degree 4) TABLESPACE PSP_IDX02;

Index created.

Elapsed: 00:00:22.33
10:22:21 SQL> CREATE INDEX PSPADM.PSP_COMPANYNOTE_FK1 ON PSPADM.PSP_COMPANY_NOTE (COMPANY_FK,COMPANY_EVENT_FK) online parallel (degree 4) TABLESPACE PSP_IDX01;

Index created.

Elapsed: 00:00:02.42
10:22:23 SQL> CREATE INDEX PSPADM.PSP_COMPANY_NOTE_FK1 ON PSPADM.PSP_COMPANY_NOTE (COMPANY_FK) online parallel (degree 4) TABLESPACE PSP_IDX01;

Index created.

Elapsed: 00:00:00.48
10:22:24 SQL> CREATE INDEX PSPADM.PSP_COMPANY_OFFER_FK1 ON PSPADM.PSP_COMPANY_OFFER (OFFER_FK) online parallel (degree 4) TABLESPACE PSP_IDX01;

Index created.

Elapsed: 00:00:00.89
10:22:25 SQL> CREATE INDEX PSPADM.PSP_COMPANY_OFFER_FK2 ON PSPADM.PSP_COMPANY_OFFER (COMPANY_FK) online parallel (degree 4) TABLESPACE PSP_IDX01;

Index created.

Elapsed: 00:00:00.56
10:22:25 SQL> CREATE INDEX PSPADM.PSP_COMPANY_OFFERING_FK1 ON PSPADM.PSP_COMPANY_OFFERING (OFFERING_FK) online parallel (degree 4) TABLESPACE PSP_IDX02;

Index created.

Elapsed: 00:00:15.70
10:22:41 SQL> CREATE INDEX PSPADM.PSP_COMPANY_OFFERING_FK2 ON PSPADM.PSP_COMPANY_OFFERING (COMPANY_FK) online parallel (degree 4) TABLESPACE PSP_IDX02;

Index created.

Elapsed: 00:00:09.50
10:22:50 SQL> CREATE INDEX PSPADM.PSP_COMPANY_PAYCHECK_BATCH_FK2 ON PSPADM.PSP_COMPANY_PAYCHECK_BATCH (COMPANY_FK) online parallel (degree 4) TABLESPACE PSP_IDX01;

Index created.

Elapsed: 00:00:00.97
10:22:51 SQL> CREATE INDEX PSPADM.PSP_COMPANY_PAYROLL_ITEM_FK1 ON PSPADM.PSP_COMPANY_PAYROLL_ITEM (COMPANY_FK) online parallel (degree 4) TABLESPACE PSP_IDX02;

Index created.

Elapsed: 00:00:36.73
10:23:28 SQL> CREATE INDEX PSPADM.PSP_COMPANY_PAYROLL_ITEM_FK2 ON PSPADM.PSP_COMPANY_PAYROLL_ITEM (PAYROLL_ITEM_FK) online parallel (degree 4) TABLESPACE PSP_IDX02;

Index created.

Elapsed: 00:00:08.91
10:23:37 SQL> CREATE INDEX PSPADM.PSP_COMPANY_PAYROLL_ITEM_FK4 ON PSPADM.PSP_COMPANY_PAYROLL_ITEM (ADDITIONAL_PAYROLL_ITEM_FK) online parallel (degree 4) TABLESPACE PSP_IDX02;

Index created.

Elapsed: 00:00:03.56
10:23:41 SQL> CREATE INDEX PSPADM.PSP_COMPANY_PIN_FK1 ON PSPADM.PSP_COMPANY_PIN (COMPANY_FK) online parallel (degree 4) TABLESPACE PSP_IDX01;

Index created.

Elapsed: 00:00:02.23
10:23:43 SQL> CREATE INDEX PSPADM.PSP_COMPANY_RATE_REQUEST_FK1 ON PSPADM.PSP_COMPANY_RATE_REQUEST (AGENCY_RATE_REQUEST_FK) online parallel (degree 4) TABLESPACE PSP_IDX02;

Index created.

Elapsed: 00:00:02.06
10:23:45 SQL> CREATE INDEX PSPADM.PSP_COMPANY_RATE_REQUEST_FK2 ON PSPADM.PSP_COMPANY_RATE_REQUEST (COMPANY_AGENCY_FK) online parallel (degree 4) TABLESPACE PSP_IDX02;

Index created.

Elapsed: 00:00:00.84
10:23:46 SQL> CREATE INDEX PSPADM.PSP_COMPANY_SERVICE_FK1 ON PSPADM.PSP_COMPANY_SERVICE (COMPANY_FK) online parallel (degree 4) TABLESPACE PSP_IDX01;

Index created.

Elapsed: 00:00:15.05
10:24:01 SQL> CREATE INDEX PSPADM.PSP_COMPANY_SERVICE_FK2 ON PSPADM.PSP_COMPANY_SERVICE (SERVICE_FK) online parallel (degree 4) TABLESPACE PSP_IDX01;

Index created.

Elapsed: 00:00:03.52
10:24:04 SQL> CREATE INDEX PSPADM.PSP_COMPANY_SERVICE_FK3 ON PSPADM.PSP_COMPANY_SERVICE (FUNDING_MODEL_FK) online parallel (degree 4) TABLESPACE PSP_IDX01;

Index created.

Elapsed: 00:00:01.61
10:24:06 SQL> CREATE INDEX PSPADM.PSP_COMPANY_SERVICE_IDX1 ON PSPADM.PSP_COMPANY_SERVICE (STATUS_CD) online parallel (degree 4) TABLESPACE PSP_IDX01;

Index created.

Elapsed: 00:00:04.40
10:24:10 SQL> CREATE INDEX PSPADM.PSP_COMPANY_SERVICE_BANK_A_FK1 ON PSPADM.PSP_COMPANY_SERVICE_BANK_ACCT (COMPANY_SERVICE_FK) online parallel (degree 4) TABLESPACE PSP_IDX02;

Index created.

Elapsed: 00:08:28.06
10:32:38 SQL> CREATE INDEX PSPADM.PSP_COMPANY_SERVICE_BANK_A_FK2 ON PSPADM.PSP_COMPANY_SERVICE_BANK_ACCT (COMPANY_BANK_ACCOUNT_FK) online parallel (degree 4) TABLESPACE PSP_IDX02;

Index created.

Elapsed: 00:05:17.43
10:37:56 SQL> CREATE INDEX PSPADM.PSP_COMPANY_SERVICE_BANK_A_FK3 ON PSPADM.PSP_COMPANY_SERVICE_BANK_ACCT (PAYROLL_RUN_FK) online parallel (degree 4) TABLESPACE PSP_IDX02;

Index created.

Elapsed: 00:05:08.77
10:43:04 SQL> CREATE INDEX PSPADM.PSP_COMPANY_TFSSUBMISSION_FK1 ON PSPADM.PSP_COMPANY_TFSSUBMISSION (COMPANY_FK) online parallel (degree 4) TABLESPACE PSP_IDX01;

Index created.

Elapsed: 00:00:01.21
10:43:06 SQL> CREATE INDEX PSPADM.PSP_COMPANY_USAGE_U1 ON PSPADM.PSP_COMPANY_USAGE (SOURCE_COMPANY_ID,SOURCE_SYSTEM_CD,LICENSE_ID,ENTITLEMENT_ID) online parallel (degree 4) TABLESPACE PSP_IDX02;

Index created.

Elapsed: 00:00:01.84
10:43:08 SQL> CREATE INDEX PSPADM.PSP_COMPENSATION_FK1 ON PSPADM.PSP_COMPENSATION (COMPANY_FK,PAYCHECK_FK) local online parallel (degree 4) TABLESPACE PSP_IDX01;

Index created.

Elapsed: 00:48:18.08
11:31:26 SQL> CREATE INDEX PSPADM.PSP_COMPENSATION_FK2 ON PSPADM.PSP_COMPENSATION (COMPANY_PAYROLL_ITEM_FK) local online parallel (degree 4) TABLESPACE PSP_IDX01;

Index created.

Elapsed: 00:37:40.13
12:09:06 SQL> CREATE INDEX PSPADM.PSP_COMPENSATION_FK4 ON PSPADM.PSP_COMPENSATION (COMPANY_FK) local online parallel (degree 4) TABLESPACE PSP_IDX01;

Index created.

Elapsed: 00:33:50.18
12:42:56 SQL> CREATE INDEX PSPADM.PSP_COMPANY_ADJUSTMENT_SUB_FK1 ON PSPADM.PSP_COMP_ADJUST_SUBMISSION (COMPANY_FK) online parallel (degree 4) TABLESPACE PSP_IDX02;

Index created.

Elapsed: 00:00:33.69
12:43:30 SQL> CREATE INDEX PSPADM.PSP_COMPANY_ADJUSTMENT_SUB_FK3 ON PSPADM.PSP_COMP_ADJUST_SUBMISSION (VOID_SUBMISSION_FK) online parallel (degree 4) TABLESPACE PSP_IDX02;

Index created.

Elapsed: 00:00:02.48
12:43:32 SQL> CREATE INDEX PSPADM.PSP_COMPANY_ADJUSTMENT_SUB_FK4 ON PSPADM.PSP_COMP_ADJUST_SUBMISSION (ORIGINAL_SUBMISSION_FK) online parallel (degree 4) TABLESPACE PSP_IDX02;

Index created.

Elapsed: 00:00:02.82
12:43:35 SQL> CREATE INDEX PSPADM.PSP_COMPANYPAYMENTTEMPLATE_FK1 ON PSPADM.PSP_COMP_PMTTEMPLATE_PMTMETHOD (COMPANY_AGENCY_PMT_TEMPLATE_FK) online parallel (degree 4) TABLESPACE PSP_IDX01;

Index created.

Elapsed: 00:00:08.82
12:43:44 SQL> CREATE INDEX PSPADM.PSP_COMPANYPAYMENTTEMPLATE_FK2 ON PSPADM.PSP_COMP_PMT_TEMPLATE_AGENCYID (COMPANY_AGENCY_PMT_TEMPLATE_FK) online parallel (degree 4) TABLESPACE PSP_IDX02;

Index created.

Elapsed: 00:00:00.80
12:43:45 SQL> CREATE INDEX PSPADM.PSP_CONTACT_FK2 ON PSPADM.PSP_CONTACT (COMPANY_FK) online parallel (degree 4) TABLESPACE PSP_IDX01;

Index created.

Elapsed: 00:00:19.97
12:44:04 SQL> 
12:44:04 SQL> spool off
