22:57:35 SQL> CREATE INDEX PSPADM.PSP_DDCOMPANY_SERVICE_INFO_FK2 ON PSPADM.PSP_DDCOMPANY_SERVICE_INFO (OFFLOAD_GROUP_FK) online parallel (degree 4) TABLESPACE PSP_IDX02;

Index created.

Elapsed: 00:00:00.36
22:57:35 SQL> CREATE INDEX PSPADM.PSP_DEDUCTION_FK1 ON PSPADM.PSP_DEDUCTION (COMPANY_FK,PAYCHECK_FK) local online parallel (degree 4) TABLESPACE PSP_IDX04;

Index created.

Elapsed: 00:22:17.63
23:19:53 SQL> CREATE INDEX PSPADM.PSP_DEDUCTION_FK2 ON PSPADM.PSP_DEDUCTION (COMPANY_PAYROLL_ITEM_FK) local online parallel (degree 4) TABLESPACE PSP_IDX04;

Index created.

Elapsed: 00:16:36.61
23:36:29 SQL> CREATE INDEX PSPADM.PSP_DEDUCTION_FK4 ON PSPADM.PSP_DEDUCTION (COMPANY_FK) local online parallel (degree 4) TABLESPACE PSP_IDX04;

Index created.

Elapsed: 00:17:58.54
23:54:28 SQL> CREATE INDEX PSPADM.PSP_DEPOSITFREQUENCYFILERE_FK1 ON PSPADM.PSP_DEPOSIT_FREQUENCY_FILE_REC (DEPOSIT_FREQUENCY_FILE_FK) online parallel (degree 4) TABLESPACE PSP_IDX01;

Index created.

Elapsed: 00:00:00.07
23:54:28 SQL> CREATE INDEX PSPADM.PSP_DEPOSIT_FREQUENCY_FILE_FK1 ON PSPADM.PSP_DEPOSIT_FREQUENCY_FILE_REC (COMPANY_FK) online parallel (degree 4) TABLESPACE PSP_IDX01;

Index created.

Elapsed: 00:00:00.11
23:54:28 SQL> CREATE INDEX PSPADM.PSP_DICRFILE_FK1 ON PSPADM.PSP_DICRFILE (N_A_C_H_A_FILE_FK) online parallel (degree 4) TABLESPACE PSP_IDX02;

Index created.

Elapsed: 00:00:00.36
23:54:28 SQL> CREATE INDEX PSPADM.PSP_DISBURSE_ADVICE_FK1 ON PSPADM.PSP_DISBURSE_ADVICE (COMPANY_FK) online parallel (degree 4) TABLESPACE PSP_IDX01;

Index created.

Elapsed: 00:00:53.44
23:55:22 SQL> CREATE INDEX PSPADM.PSP_DISBURSE_ADVICE_TAX_LI_FK1 ON PSPADM.PSP_DISBURSE_ADVICE_TAX_LIAB (DISBURSE_ADVICE_FK) local online parallel (degree 4) TABLESPACE PSP_IDX01;

Index created.

Elapsed: 00:16:26.64
00:11:49 SQL> CREATE INDEX PSPADM.PSP_DISBURSE_ADVICE_TAX_LI_FK2 ON PSPADM.PSP_DISBURSE_ADVICE_TAX_LIAB (COMPANY_FK,TIPS_LIABILITY_FK) local online parallel (degree 4) TABLESPACE PSP_IDX01;

Index created.

Elapsed: 00:19:59.40
00:31:48 SQL> CREATE INDEX PSPADM.PSP_DISBURSE_ADVICE_TAX_LI_FK3 ON PSPADM.PSP_DISBURSE_ADVICE_TAX_LIAB (COMPANY_FK) local online parallel (degree 4) TABLESPACE PSP_IDX01;

Index created.

Elapsed: 00:19:57.70
00:51:46 SQL> CREATE INDEX PSPADM.PSP_EDI_PAYMENT_DETAIL_FK1 ON PSPADM.PSP_EDI_PAYMENT_DETAIL (PARENT_FILE_FK) online parallel (degree 4) TABLESPACE PSP_IDX01;

Index created.

Elapsed: 00:00:00.27
00:51:46 SQL> CREATE INDEX PSPADM.PSP_EDI_PAYMENT_DETAIL_FK2 ON PSPADM.PSP_EDI_PAYMENT_DETAIL (RESPONSE_FILE_FK) online parallel (degree 4) TABLESPACE PSP_IDX01;

Index created.

Elapsed: 00:00:00.10
00:51:46 SQL> CREATE INDEX PSPADM.PSP_EDI_PAYMENT_DETAIL_FK3 ON PSPADM.PSP_EDI_PAYMENT_DETAIL (COMPANY_FK,MONEY_MOVEMENT_TRANSACTION_FK) online parallel (degree 4) TABLESPACE PSP_IDX01;

Index created.

Elapsed: 00:00:00.11
00:51:46 SQL> CREATE INDEX PSPADM.PSP_EMPLOYEE_PAYROLL_ITEM__FK1 ON PSPADM.PSP_EE_PAYROLLITEM_QTRTOTALS (COMPANY_PAYROLL_ITEM_FK) online parallel (degree 4) TABLESPACE PSP_IDX01;

Index created.

Elapsed: 00:00:35.55
00:52:22 SQL> CREATE INDEX PSPADM.PSP_EMPLOYEE_PAYROLL_ITEM__FK2 ON PSPADM.PSP_EE_PAYROLLITEM_QTRTOTALS (EMPLOYEE_FK) online parallel (degree 4) TABLESPACE PSP_IDX01;

Index created.

Elapsed: 00:00:19.86
00:52:41 SQL> CREATE INDEX PSPADM.PSP_EFFECTIVE_DEPOSIT_FREQ_FK1 ON PSPADM.PSP_EFFECTIVE_DEPOSIT_FREQ (COMPANY_AGENCY_PMT_TEMPLATE_FK) online parallel (degree 4) TABLESPACE PSP_IDX02;

Index created.

Elapsed: 00:00:04.38
00:52:46 SQL> CREATE INDEX PSPADM.PSP_EFFECTIVE_DEPOSIT_FREQ_FK2 ON PSPADM.PSP_EFFECTIVE_DEPOSIT_FREQ (PAYMENT_TEMPLATE_FREQUENCY_FK) online parallel (degree 4) TABLESPACE PSP_IDX02;

Index created.

Elapsed: 00:00:02.68
00:52:49 SQL> CREATE INDEX PSPADM.PSP_EFTPS_ENROLLMENT_FK1 ON PSPADM.PSP_EFTPS_ENROLLMENT (COMPANY_AGENCY_FK) online parallel (degree 4) TABLESPACE PSP_IDX01;

Index created.

Elapsed: 00:00:00.69
00:52:49 SQL> CREATE INDEX PSPADM.PSP_EFTPS_ENROLLMENT_DETAI_FK1 ON PSPADM.PSP_EFTPS_ENROLLMENT_DETAIL (EFTPS_ENROLLMENT_FK) online parallel (degree 4) TABLESPACE PSP_IDX02;

Index created.

Elapsed: 00:00:01.20
00:52:50 SQL> CREATE INDEX PSPADM.PSP_EFTPS_ENROLLMENT_DETAI_FK2 ON PSPADM.PSP_EFTPS_ENROLLMENT_DETAIL (PARENT_FILE_FK) online parallel (degree 4) TABLESPACE PSP_IDX02;

Index created.

Elapsed: 00:00:00.27
00:52:51 SQL> CREATE INDEX PSPADM.PSP_EFTPS_ENROLLMENT_DETAI_FK3 ON PSPADM.PSP_EFTPS_ENROLLMENT_DETAIL (RESPONSE_FILE_FK) online parallel (degree 4) TABLESPACE PSP_IDX02;

Index created.

Elapsed: 00:00:00.68
00:52:51 SQL> CREATE INDEX PSPADM.PSP_EFTPS_FILE_FK1 ON PSPADM.PSP_EFTPS_FILE (ACK_FILE_FK) online parallel (degree 4) TABLESPACE PSP_IDX01;

Index created.

Elapsed: 00:00:01.71
00:52:53 SQL> CREATE INDEX PSPADM.PSP_EFTPS_PAYMENT_DETAIL_FK1 ON PSPADM.PSP_EFTPS_PAYMENT_DETAIL (PARENT_FILE_FK) online parallel (degree 4) TABLESPACE PSP_IDX02;

Index created.

Elapsed: 00:00:47.41
00:53:41 SQL> CREATE INDEX PSPADM.PSP_EFTPS_PAYMENT_DETAIL_FK2 ON PSPADM.PSP_EFTPS_PAYMENT_DETAIL (RETURN_FILE_FK) online parallel (degree 4) TABLESPACE PSP_IDX02;

Index created.

Elapsed: 00:00:03.35
00:53:44 SQL> CREATE INDEX PSPADM.PSP_EFTPS_PAYMENT_DETAIL_FK3 ON PSPADM.PSP_EFTPS_PAYMENT_DETAIL (RESPONSE_FILE_FK) online parallel (degree 4) TABLESPACE PSP_IDX02;

Index created.

Elapsed: 00:00:07.44
00:53:51 SQL> CREATE INDEX PSPADM.PSP_EFTPS_PAYMENT_DETAIL_FK4 ON PSPADM.PSP_EFTPS_PAYMENT_DETAIL (COMPANY_FK,MONEY_MOVEMENT_TRANSACTION_FK) online parallel (degree 4) TABLESPACE PSP_IDX02;

Index created.

Elapsed: 00:00:22.25
00:54:14 SQL> CREATE INDEX PSPADM.PSP_EFTPS_PAYMENT_DETAIL_I1 ON PSPADM.PSP_EFTPS_PAYMENT_DETAIL (PARENT_FILE_FK,STATUS_CD,MONEY_MOVEMENT_TRANSACTION_FK) online parallel (degree 4) TABLESPACE PSP_IDX02;

Index created.

Elapsed: 00:00:22.18
00:54:36 SQL> CREATE INDEX PSPADM.PSP_EFTPS_PAYMENT_DETAIL_I2 ON PSPADM.PSP_EFTPS_PAYMENT_DETAIL (TRANSACTION_SET_ID,TRANSACTION_ID) online parallel (degree 4) TABLESPACE PSP_IDX02;

Index created.

Elapsed: 00:00:06.92
00:54:43 SQL> CREATE INDEX PSPADM.PSP_EFTPS_PAYMENT_DETAIL_I3 ON PSPADM.PSP_EFTPS_PAYMENT_DETAIL (EFT_TRANSACTION_ID) online parallel (degree 4) TABLESPACE PSP_IDX02;

Index created.

Elapsed: 00:00:05.29
00:54:48 SQL> CREATE INDEX PSPADM.PSP_EFTPS_PAYMENT_DETAIL_I4 ON PSPADM.PSP_EFTPS_PAYMENT_DETAIL (TRANSACTION_ID,AGENCY_PAYMENT_ID) online parallel (degree 4) TABLESPACE PSP_IDX02;

Index created.

Elapsed: 00:00:06.34
00:54:54 SQL> CREATE INDEX PSPADM.PSP_EMPLOYEE_FK2 ON PSPADM.PSP_EMPLOYEE (COMPANY_FK) online parallel (degree 4) TABLESPACE PSP_IDX01;

Index created.

Elapsed: 00:02:19.97
00:57:14 SQL> CREATE INDEX PSPADM.PSP_EMPLOYEE_TAXIDENC_I1 ON PSPADM.PSP_EMPLOYEE (TAX_ID_ENC) online parallel (degree 4) TABLESPACE PSP_IDX01;

Index created.

Elapsed: 00:02:01.81
00:59:16 SQL> CREATE INDEX PSPADM.PSP_EMP_COMP_FK_SRC_EMP_ID ON PSPADM.PSP_EMPLOYEE (COMPANY_FK,SOURCE_EMPLOYEE_ID) online parallel (degree 4) TABLESPACE PSP_IDX01;

Index created.

Elapsed: 00:00:59.25
01:00:15 SQL> CREATE INDEX PSPADM.PSP_EMP_CONS_REALMID_IDX ON PSPADM.PSP_EMPLOYEE (CONSUMER_REALM_ID) online parallel (degree 4) TABLESPACE PSP_IDX01;

Index created.

Elapsed: 00:00:12.39
01:00:28 SQL> CREATE INDEX PSPADM.PSP_EMPLOYEE_ACCRUAL_FK1 ON PSPADM.PSP_EMPLOYEE_ACCRUAL (EMPLOYEE_FK) online parallel (degree 4) TABLESPACE PSP_IDX02;

Index created.

Elapsed: 00:00:51.25
01:01:19 SQL> CREATE INDEX PSPADM.PSP_EMPLOYEE_BANK_ACCOUNT_FK1 ON PSPADM.PSP_EMPLOYEE_BANK_ACCOUNT (BANK_ACCOUNT_FK) online parallel (degree 4) TABLESPACE PSP_IDX01;

Index created.

Elapsed: 00:01:06.04
01:02:25 SQL> CREATE INDEX PSPADM.PSP_EMPLOYEE_BANK_ACCOUNT_FK2 ON PSPADM.PSP_EMPLOYEE_BANK_ACCOUNT (EMPLOYEE_FK) online parallel (degree 4) TABLESPACE PSP_IDX01;

Index created.

Elapsed: 00:00:24.48
01:02:49 SQL> CREATE INDEX PSPADM.PSP_EMPLOYEE_BANK_ACCOUNT_I1 ON PSPADM.PSP_EMPLOYEE_BANK_ACCOUNT (MODIFIED_DATE) online parallel (degree 4) TABLESPACE PSP_IDX01;

Index created.

Elapsed: 00:00:16.03
01:03:06 SQL> CREATE INDEX PSPADM.PSP_EMPLOYEE_BANK_ACCOUNT_U1 ON PSPADM.PSP_EMPLOYEE_BANK_ACCOUNT (SOURCE_BANK_ACCOUNT_ID,EMPLOYEE_FK) online parallel (degree 4) TABLESPACE PSP_IDX01;

Index created.

Elapsed: 00:00:52.52
01:03:58 SQL> CREATE INDEX PSPADM.PSP_EMPLOYEE_CUSTOM_FIELD_FK1 ON PSPADM.PSP_EMPLOYEE_CUSTOM_FIELD (EMPLOYEE_FK) online parallel (degree 4) TABLESPACE PSP_IDX01;

Index created.

Elapsed: 00:00:52.02
01:04:50 SQL> CREATE INDEX PSPADM.PSP_EMPLOYEE_LAW_QTR_TOTAL_FK1 ON PSPADM.PSP_EMPLOYEE_LAW_QTR_TOTALS (LAW_FK) online parallel (degree 4) TABLESPACE PSP_IDX02;

Index created.

Elapsed: 00:06:44.06
01:11:34 SQL> CREATE INDEX PSPADM.PSP_EMPLOYEE_LAW_QTR_TOTAL_FK2 ON PSPADM.PSP_EMPLOYEE_LAW_QTR_TOTALS (EMPLOYEE_FK) online parallel (degree 4) TABLESPACE PSP_IDX02;

Index created.

Elapsed: 00:09:57.64
01:21:32 SQL> CREATE INDEX PSPADM.PSP_EMPLOYEE_LAW_QTR_TOTAL_FK3 ON PSPADM.PSP_EMPLOYEE_LAW_QTR_TOTALS (COMPANY_FK) online parallel (degree 4) TABLESPACE PSP_IDX02;

Index created.

Elapsed: 00:06:40.11
01:28:12 SQL> CREATE INDEX PSPADM.PSP_EMPLOYEE_LAW_QTR_TOTAL_FK6 ON PSPADM.PSP_EMPLOYEE_LAW_QTR_TOTALS (COMPANY_LAW_FK) online parallel (degree 4) TABLESPACE PSP_IDX02;

Index created.

Elapsed: 00:07:23.52
01:35:35 SQL> CREATE INDEX PSPADM.PSP_EMPLOYEE_PAYROLL_ITEM_FK1 ON PSPADM.PSP_EMPLOYEE_PAYROLL_ITEM (COMPANY_PAYROLL_ITEM_FK) online parallel (degree 4) TABLESPACE PSP_IDX01;

Index created.

Elapsed: 00:02:52.91
01:38:28 SQL> CREATE INDEX PSPADM.PSP_EMPLOYEE_PAYROLL_ITEM_FK2 ON PSPADM.PSP_EMPLOYEE_PAYROLL_ITEM (EMPLOYEE_FK) online parallel (degree 4) TABLESPACE PSP_IDX01;

Index created.

Elapsed: 00:01:26.63
01:39:55 SQL> CREATE INDEX PSPADM.PSP_EMPLOYEE_TAX_FK1 ON PSPADM.PSP_EMPLOYEE_TAX (COMPANY_LAW_FK) online parallel (degree 4) TABLESPACE PSP_IDX02;

Index created.

Elapsed: 00:05:23.75
01:45:19 SQL> CREATE INDEX PSPADM.PSP_EMPLOYEE_TAX_FK2 ON PSPADM.PSP_EMPLOYEE_TAX (EMPLOYEE_FK) online parallel (degree 4) TABLESPACE PSP_IDX02;

Index created.

Elapsed: 00:05:17.09
01:50:36 SQL> CREATE INDEX PSPADM.PSP_EMPLOYEEUSAGE_FK1 ON PSPADM.PSP_EMPLOYEE_USAGE (USAGE_PERIOD_FK) online parallel (degree 4) TABLESPACE PSP_IDX01;

Index created.

Elapsed: 00:08:50.03
01:59:26 SQL> CREATE INDEX PSPADM.PSP_EMPLOYEE_USAGE_U1 ON PSPADM.PSP_EMPLOYEE_USAGE (USAGE_PERIOD_FK,SOURCE_EMPLOYEE_ID) online parallel (degree 4) TABLESPACE PSP_IDX01;

Index created.

Elapsed: 00:06:12.30
02:05:38 SQL> CREATE INDEX PSPADM.PSP_EMPLOYEE_W2_TOTALS_FK1 ON PSPADM.PSP_EMPLOYEE_W2_TOTALS (COMPANY_PAYROLL_ITEM_FK) online parallel (degree 4) TABLESPACE PSP_IDX02;

Index created.

Elapsed: 00:01:45.96
02:07:24 SQL> CREATE INDEX PSPADM.PSP_EMPLOYEE_W2_TOTALS_FK2 ON PSPADM.PSP_EMPLOYEE_W2_TOTALS (EMPLOYEE_FK) online parallel (degree 4) TABLESPACE PSP_IDX02;

Index created.

Elapsed: 00:01:11.20
02:08:35 SQL> CREATE INDEX PSPADM.PSP_EMPLOYEE_W2_TOTALS_FK3 ON PSPADM.PSP_EMPLOYEE_W2_TOTALS (LAW_FK) online parallel (degree 4) TABLESPACE PSP_IDX02;

Index created.

Elapsed: 00:00:25.83
02:09:01 SQL> CREATE INDEX PSPADM.PSP_EMPLOYEE_W2_TOTALS_FK4 ON PSPADM.PSP_EMPLOYEE_W2_TOTALS (COMPANY_FK) online parallel (degree 4) TABLESPACE PSP_IDX02;

Index created.

Elapsed: 00:01:19.87
02:10:21 SQL> CREATE INDEX PSPADM.PSP_EMPLOYEE_WAGE_PLAN_FK1 ON PSPADM.PSP_EMPLOYEE_WAGE_PLAN (EMPLOYEE_FK) online parallel (degree 4) TABLESPACE PSP_IDX01;

Index created.

Elapsed: 00:00:02.09
02:10:23 SQL> CREATE INDEX PSPADM.PSP_EMPLOYERCONTRIBUTION_FK1 ON PSPADM.PSP_EMPLOYER_CONTRIBUTION (COMPANY_PAYROLL_ITEM_FK) online parallel (degree 4) TABLESPACE PSP_IDX02;

Index created.

Elapsed: 00:08:54.37
02:19:17 SQL> CREATE INDEX PSPADM.PSP_EMPLOYERCONTRIBUTION_FK2 ON PSPADM.PSP_EMPLOYER_CONTRIBUTION (COMPANY_FK,PAYCHECK_FK) online parallel (degree 4) TABLESPACE PSP_IDX02;

Index created.

Elapsed: 00:11:11.65
02:30:29 SQL> CREATE INDEX PSPADM.PSP_EMPLOYER_CONTRIBUTION_FK1 ON PSPADM.PSP_EMPLOYER_CONTRIBUTION (COMPANY_FK) online parallel (degree 4) TABLESPACE PSP_IDX02;

Index created.

Elapsed: 00:09:11.51
02:39:41 SQL> CREATE INDEX PSPADM.PSP_EMPLOYER_PREFERENCE_FK1 ON PSPADM.PSP_EMPLOYER_PREFERENCE (COMPANY_FK) online parallel (degree 4) TABLESPACE PSP_IDX01;

Index created.

Elapsed: 00:00:01.08
02:39:42 SQL> CREATE INDEX PSPADM.PSP_EMP_TOTALS_PAYROLL_RUN_FK1 ON PSPADM.PSP_EMP_TOTALS_PAYROLL_RUN (PAYROLL_RUN_FK) online parallel (degree 4) TABLESPACE PSP_IDX02;

Index created.

Elapsed: 00:00:32.02
02:40:14 SQL> CREATE INDEX PSPADM.PSP_EMP_TOTALS_PAYROLL_RUN_FK2 ON PSPADM.PSP_EMP_TOTALS_PAYROLL_RUN (COMPANY_FK) online parallel (degree 4) TABLESPACE PSP_IDX02;

Index created.

Elapsed: 00:00:16.27
02:40:30 SQL> CREATE INDEX PSPADM.PSP_ENTITLEMENT_FK1 ON PSPADM.PSP_ENTITLEMENT (ENTITLEMENT_CODE_FK) online parallel (degree 4) TABLESPACE PSP_IDX01;

Index created.

Elapsed: 00:00:08.89
02:40:39 SQL> CREATE INDEX PSPADM.PSP_ENTITLEMENT_IDX2 ON PSPADM.PSP_ENTITLEMENT (CUSTOMER_ID) online parallel (degree 4) TABLESPACE PSP_IDX01;

Index created.

Elapsed: 00:00:03.21
02:40:42 SQL> CREATE INDEX PSPADM.PSP_ENTITLEMENT_IDX3 ON PSPADM.PSP_ENTITLEMENT (BILLING_REALM_ID) online parallel (degree 4) TABLESPACE PSP_IDX01;

Index created.

Elapsed: 00:00:01.74
02:40:44 SQL> CREATE INDEX PSPADM.PSP_ENTITLEMENT_SUBSNO ON PSPADM.PSP_ENTITLEMENT (SUBSCRIPTION_NUMBER) online parallel (degree 4) TABLESPACE PSP_IDX01;

Index created.

Elapsed: 00:00:02.42
02:40:46 SQL> CREATE INDEX PSPADM.PSP_ENTITLEMENT_U1 ON PSPADM.PSP_ENTITLEMENT (LICENSE_NUMBER,ENTITLEMENT_OFFERING_CODE) online parallel (degree 4) TABLESPACE PSP_IDX01;

Index created.

Elapsed: 00:00:03.44
02:40:50 SQL> CREATE INDEX PSPADM.PSP_ENTITLEMENT_CODE_OFFER_FK1 ON PSPADM.PSP_ENTITLEMENT_CODE_OFFERING (ENTITLEMENT_CODE_FK) online parallel (degree 4) TABLESPACE PSP_IDX01;

Index created.

Elapsed: 00:00:00.47
02:40:50 SQL> CREATE INDEX PSPADM.PSP_ENTITLEMENT_CODE_OFFER_FK2 ON PSPADM.PSP_ENTITLEMENT_CODE_OFFERING (OFFERING_FK) online parallel (degree 4) TABLESPACE PSP_IDX01;

Index created.

Elapsed: 00:00:00.75
02:40:51 SQL> CREATE INDEX PSPADM.PSP_ENTITLEMENT_MESSAGE_U1 ON PSPADM.PSP_ENTITLEMENT_MESSAGE (TOKEN) local online parallel (degree 4) TABLESPACE PSP_IDX02;

Index created.

Elapsed: 00:45:12.92
03:26:04 SQL> CREATE INDEX PSPADM.PSP_ENTITLEMENT_MSG_LCNO_EOFCD ON PSPADM.PSP_ENTITLEMENT_MESSAGE (LICENSE_NUMBER,ENTITLEMENT_OFFERING_CODE) local online parallel (degree 4) TABLESPACE PSP_IDX02;

Index created.

Elapsed: 00:43:46.57
04:09:50 SQL> CREATE INDEX PSPADM.PSP_ENTITLEMENT_MSG_MSGTS_ER ON PSPADM.PSP_ENTITLEMENT_MESSAGE (MESSAGE_TIMESTAMP,EVENT_REASON) local online parallel (degree 4) TABLESPACE PSP_IDX02;

Index created.

Elapsed: 00:42:28.42
04:52:19 SQL> CREATE INDEX PSPADM.PSP_ENTITLEMENT_MSG_ORNO_LCNO ON PSPADM.PSP_ENTITLEMENT_MESSAGE (ORDER_NUMBER,LICENSE_NUMBER) local online parallel (degree 4) TABLESPACE PSP_IDX02;

Index created.

Elapsed: 00:43:47.75
05:36:07 SQL> CREATE INDEX PSPADM.PSP_ENMT_FEDTAXIDENC_I1 ON PSPADM.PSP_ENTITLEMENT_UNIT (FED_TAX_ID_ENC) online parallel (degree 4) TABLESPACE PSP_IDX01;

Index created.

Elapsed: 00:00:13.25
05:36:20 SQL> CREATE INDEX PSPADM.PSP_ENTITLEMENTUNIT_FK1 ON PSPADM.PSP_ENTITLEMENT_UNIT (COMPANY_FK) online parallel (degree 4) TABLESPACE PSP_IDX01;

Index created.

Elapsed: 00:00:03.41
05:36:23 SQL> CREATE INDEX PSPADM.PSP_ENTITLEMENT_UNIT_FK1 ON PSPADM.PSP_ENTITLEMENT_UNIT (ENTITLEMENT_FK) online parallel (degree 4) TABLESPACE PSP_IDX01;

Index created.

Elapsed: 00:00:03.47
05:36:27 SQL> CREATE INDEX PSPADM.PSP_ENTITLEMENT_UNIT_I1 ON PSPADM.PSP_ENTITLEMENT_UNIT (ENTITLEMENT_UNIT_STATUS,CREATED_DATE) online parallel (degree 4) TABLESPACE PSP_IDX01;

Index created.

Elapsed: 00:00:05.42
05:36:32 SQL> CREATE INDEX PSPADM.PSP_ENTITLEMENT_UNIT_IDX2 ON PSPADM.PSP_ENTITLEMENT_UNIT (SERVICE_KEY) online parallel (degree 4) TABLESPACE PSP_IDX01;

Index created.

Elapsed: 00:00:02.95
05:36:35 SQL> CREATE INDEX PSPADM.PSP_ENTITYCHANGE_FK1 ON PSPADM.PSP_ENTITY_CHANGE (COMPANY_FK) online parallel (degree 4) TABLESPACE PSP_IDX02;

Index created.

Elapsed: 00:00:00.15
05:36:35 SQL> CREATE INDEX PSPADM.IDX_ENTITYUPDATE_CRDATE ON PSPADM.PSP_ENTITY_UPDATE (CREATED_DATE) local online parallel (degree 4) TABLESPACE PSP_IDX04;

Index created.

Elapsed: 00:09:12.12
05:45:47 SQL> CREATE INDEX PSPADM.PSP_ENTRY_DETAIL_RECORD_FK1 ON PSPADM.PSP_ENTRY_DETAIL_RECORD (INTUIT_BANK_ACCOUNT_FK) local online parallel (degree 4) TABLESPACE PSP_IDX02;

Index created.

Elapsed: 01:23:23.64
07:09:11 SQL> CREATE INDEX PSPADM.PSP_ENTRY_DETAIL_RECORD_FK2 ON PSPADM.PSP_ENTRY_DETAIL_RECORD (N_A_C_H_A_FILE_FK,INTUIT_BANK_ACCOUNT_FK) local online parallel (degree 4) TABLESPACE PSP_IDX02;

Index created.

Elapsed: 01:52:31.57
09:01:42 SQL> CREATE INDEX PSPADM.PSP_ENTRY_DETAIL_RECORD_FK3 ON PSPADM.PSP_ENTRY_DETAIL_RECORD (COMPANY_FK,MONEY_MOVEMENT_TRANSACTION_FK) local online parallel (degree 4) TABLESPACE PSP_IDX02;

Index created.

Elapsed: 01:55:23.96
10:57:06 SQL> CREATE INDEX PSPADM.PSP_ENTRY_DETAIL_RECORD_FK4 ON PSPADM.PSP_ENTRY_DETAIL_RECORD (COMPANY_FK) local online parallel (degree 4) TABLESPACE PSP_IDX02;

Index created.

Elapsed: 01:36:27.85
12:33:34 SQL> CREATE INDEX PSPADM.PSP_ENTRY_DETAIL_RECORD_I1 ON PSPADM.PSP_ENTRY_DETAIL_RECORD (TRACE_NUMBER) local online parallel (degree 4) TABLESPACE PSP_IDX02;

Index created.

Elapsed: 00:56:26.69
13:30:01 SQL> CREATE INDEX PSPADM.PSP_ENTRY_DETAIL_RECORD_I2 ON PSPADM.PSP_ENTRY_DETAIL_RECORD (INITIATION_DATE,N_A_C_H_A_FILE_TYPE) local online parallel (degree 4) TABLESPACE PSP_IDX02;

Index created.

Elapsed: 00:58:10.69
14:28:12 SQL> CREATE INDEX PSPADM.PSP_EVENT_AS400_SYNC_FK1 ON PSPADM.PSP_EVENT_AS400_SYNC (COMPANY_FK,COMPANY_EVENT_FK) online parallel (degree 4) TABLESPACE PSP_IDX01;

Index created.

Elapsed: 00:00:00.79
14:28:12 SQL> CREATE INDEX PSPADM.PSP_EVTTP_SRCSYS_FK_EVTTP ON PSPADM.PSP_EVTTP_SRCSYS_ASSOC (INTERESTING_EVENT_TYPES_FK) online parallel (degree 4) TABLESPACE PSP_IDX01;

Index created.

Elapsed: 00:00:00.09
14:28:13 SQL> CREATE INDEX PSPADM.PSP_EVTTP_SRCSYS_FK_SRCSYS ON PSPADM.PSP_EVTTP_SRCSYS_ASSOC (SOURCE_SYSTEM_FK) online parallel (degree 4) TABLESPACE PSP_IDX01;

Index created.

Elapsed: 00:00:00.10
14:28:13 SQL> CREATE INDEX PSPADM.PSP_FAILED_PAYROLL_RUN_FK1 ON PSPADM.PSP_FAILED_PAYROLL_RUN (PAYROLL_RUN_FK) online parallel (degree 4) TABLESPACE PSP_IDX02;

Index created.

Elapsed: 00:00:00.13
14:28:13 SQL> CREATE INDEX PSPADM.PSP_FEE_FK1 ON PSPADM.PSP_FEE (SOURCE_SYSTEM_FK) online parallel (degree 4) TABLESPACE PSP_IDX01;

Index created.

Elapsed: 00:00:00.09
14:28:13 SQL> CREATE INDEX PSPADM.PSP_FEE_FK2 ON PSPADM.PSP_FEE (TRANSACTION_TYPE_FK) online parallel (degree 4) TABLESPACE PSP_IDX01;

Index created.

Elapsed: 00:00:00.06
14:28:13 SQL> CREATE INDEX PSPADM.PSP_FINANCIALTRANSACTION_FK1 ON PSPADM.PSP_FINANCIAL_TRANSACTION (BILLING_DETAIL_FK) local online parallel (degree 4) TABLESPACE PSP_IDX01;

Index created.

Elapsed: 00:23:01.94
14:51:15 SQL> CREATE INDEX PSPADM.PSP_FINANCIALTRANSACTION_FK2 ON PSPADM.PSP_FINANCIAL_TRANSACTION (COMPANY_FK,RELATABLE_TRANSACTION_FK) local online parallel (degree 4) TABLESPACE PSP_IDX01;

Index created.

Elapsed: 00:37:20.46
15:28:35 SQL> CREATE INDEX PSPADM.PSP_FINANCIALTRANSACTION_FK3 ON PSPADM.PSP_FINANCIAL_TRANSACTION (COMPANY_FK,ORIGINAL_TRANSACTION_FK) local online parallel (degree 4) TABLESPACE PSP_IDX01;

Index created.

Elapsed: 00:34:38.13
16:03:13 SQL> CREATE INDEX PSPADM.PSP_FINANCIAL_TRANSACTION_FK10 ON PSPADM.PSP_FINANCIAL_TRANSACTION (COMPANY_FK,MONEY_MOVEMENT_TRANSACTION_FK) local online parallel (degree 4) TABLESPACE PSP_IDX01;

Index created.

Elapsed: 00:46:10.25
16:49:24 SQL> CREATE INDEX PSPADM.PSP_FINANCIAL_TRANSACTION_FK11 ON PSPADM.PSP_FINANCIAL_TRANSACTION (COMP_ADJUST_SUBMISSION_FK) local online parallel (degree 4) TABLESPACE PSP_IDX01;

Index created.

Elapsed: 00:24:28.38
17:13:52 SQL> CREATE INDEX PSPADM.PSP_FINANCIAL_TRANSACTION_FK13 ON PSPADM.PSP_FINANCIAL_TRANSACTION (BILL_PAYMENT_SPLIT_FK) local online parallel (degree 4) TABLESPACE PSP_IDX01;

Index created.

Elapsed: 00:23:01.75
17:36:54 SQL> CREATE INDEX PSPADM.PSP_FINANCIAL_TRANSACTION_FK14 ON PSPADM.PSP_FINANCIAL_TRANSACTION (TAX_PENALTY_INTEREST_FK) local online parallel (degree 4) TABLESPACE PSP_IDX01;

Index created.

Elapsed: 00:21:37.49
17:58:31 SQL> CREATE INDEX PSPADM.PSP_FINANCIAL_TRANSACTION_FK16 ON PSPADM.PSP_FINANCIAL_TRANSACTION (COMPANY_LAW_FK) local online parallel (degree 4) TABLESPACE PSP_IDX01;

Index created.

Elapsed: 00:25:06.08
18:23:37 SQL> CREATE INDEX PSPADM.PSP_FINANCIAL_TRANSACTION_FK2 ON PSPADM.PSP_FINANCIAL_TRANSACTION (CREDIT_BANK_ACCOUNT_FK) local online parallel (degree 4) TABLESPACE PSP_IDX01;

Index created.

Elapsed: 00:44:25.97
19:08:03 SQL> CREATE INDEX PSPADM.PSP_FINANCIAL_TRANSACTION_FK3 ON PSPADM.PSP_FINANCIAL_TRANSACTION (DEBIT_BANK_ACCOUNT_FK) local online parallel (degree 4) TABLESPACE PSP_IDX01;

Index created.

Elapsed: 00:45:42.02
19:53:45 SQL> CREATE INDEX PSPADM.PSP_FINANCIAL_TRANSACTION_FK5 ON PSPADM.PSP_FINANCIAL_TRANSACTION (PAYROLL_RUN_FK) local online parallel (degree 4) TABLESPACE PSP_IDX01;

Index created.

Elapsed: 00:29:55.13
20:23:41 SQL> CREATE INDEX PSPADM.PSP_FINANCIAL_TRANSACTION_FK6 ON PSPADM.PSP_FINANCIAL_TRANSACTION (COMPANY_FK,PAYCHECK_SPLIT_FK) local online parallel (degree 4) TABLESPACE PSP_IDX01;

Index created.

Elapsed: 00:27:44.76
20:51:25 SQL> CREATE INDEX PSPADM.PSP_FINANCIAL_TRANSACTION_FK9 ON PSPADM.PSP_FINANCIAL_TRANSACTION (CURRENT_TRANSACTION_STATE_FK) local online parallel (degree 4) TABLESPACE PSP_IDX01;

Index created.

Elapsed: 00:12:08.19
21:03:33 SQL> CREATE INDEX PSPADM.PSP_FINANCIAL_TRANSACTION_I3 ON PSPADM.PSP_FINANCIAL_TRANSACTION (TRANSACTION_TYPE_FK,COMPANY_FK) local online parallel (degree 4) TABLESPACE PSP_IDX01;

Index created.

Elapsed: 00:20:17.19
21:23:51 SQL> CREATE INDEX PSPADM.PSP_FINANCIAL_TRANSACTION_I4 ON PSPADM.PSP_FINANCIAL_TRANSACTION (LAW_FK,TRANSACTION_TYPE_FK,COMPANY_FK) local online parallel (degree 4) TABLESPACE PSP_IDX01;

Index created.

Elapsed: 00:20:50.65
21:44:41 SQL> CREATE INDEX PSPADM.PSP_FINANCIAL_TRANSACTION_I5 ON PSPADM.PSP_FINANCIAL_TRANSACTION (COMPANY_FK,CURRENT_TRANSACTION_STATE_FK) local online parallel (degree 4) TABLESPACE PSP_IDX01;

Index created.

Elapsed: 00:17:36.97
22:02:18 SQL> CREATE INDEX PSPADM.FN_STATE_EFF_DATE ON PSPADM.PSP_FINANCIAL_TRANS_STATE (TRUNC(TRANSACTION_STATE_EFF_DATE)) local online parallel (degree 4) TABLESPACE PSP_IDX03;

Index created.

Elapsed: 00:29:54.22
22:32:13 SQL> CREATE INDEX PSPADM.PSP_FINANCIALTRANSACTIONST_FK1 ON PSPADM.PSP_FINANCIAL_TRANS_STATE (COMPANY_FK,TRANSACTION_TYPE_FK,TRANSACTION_STATE_EFF_DATE) local online parallel (degree 4) TABLESPACE PSP_IDX03;

Index created.

Elapsed: 00:53:34.50
23:25:47 SQL> CREATE INDEX PSPADM.PSP_FINANCIALTRANSACTIONST_FK2 ON PSPADM.PSP_FINANCIAL_TRANS_STATE (TRANSACTION_TYPE_FK,TRANSACTION_STATE_EFF_DATE) local online parallel (degree 4) TABLESPACE PSP_IDX03;

Index created.

Elapsed: 00:39:18.82
00:05:06 SQL> CREATE INDEX PSPADM.PSP_FINANCIAL_TRANSACTION__FK4 ON PSPADM.PSP_FINANCIAL_TRANS_STATE (GEMS_UPLOAD_BATCH_FK) local online parallel (degree 4) TABLESPACE PSP_IDX03;

Index created.

Elapsed: 00:19:53.95
00:25:00 SQL> CREATE INDEX PSPADM.PSP_FINANCIAL_TRANSACTION__FK5 ON PSPADM.PSP_FINANCIAL_TRANS_STATE (COMPANY_FK,FINANCIAL_TRANSACTION_FK) local online parallel (degree 4) TABLESPACE PSP_IDX03;

Index created.

Elapsed: 01:02:49.54
01:27:49 SQL> CREATE INDEX PSPADM.PSP_FINANCIAL_TRANSACTION__FK6 ON PSPADM.PSP_FINANCIAL_TRANS_STATE (TRANSACTION_STATE_FK) local online parallel (degree 4) TABLESPACE PSP_IDX03;

Index created.

Elapsed: 00:27:09.82
01:54:59 SQL> CREATE INDEX PSPADM.PSP_FINANCIAL_TRANSACTION__FK7 ON PSPADM.PSP_FINANCIAL_TRANS_STATE (TRANSACTION_RESPONSE_FK) local online parallel (degree 4) TABLESPACE PSP_IDX03;

Index created.

Elapsed: 00:20:38.92
02:15:38 SQL> CREATE INDEX PSPADM.PSP_FINANCIAL_TRANSACTION__FK1 ON PSPADM.PSP_FINANCIAL_TXN_ACTION (ACTION_EVENT_FK) online parallel (degree 4) TABLESPACE PSP_IDX01;

Index created.

Elapsed: 00:00:00.05
02:15:38 SQL> CREATE INDEX PSPADM.PSP_FINANCIAL_TRANSACTION__FK2 ON PSPADM.PSP_FINANCIAL_TXN_ACTION (TRANSACTION_TYPE_FK) online parallel (degree 4) TABLESPACE PSP_IDX01;

Index created.

Elapsed: 00:00:00.03
02:15:38 SQL> CREATE INDEX PSPADM.PSP_FINANCIAL_TRANSACTION__FK3 ON PSPADM.PSP_FINANCIAL_TXN_ACTION (TRANSACTION_STATE_FK) online parallel (degree 4) TABLESPACE PSP_IDX01;

Index created.

Elapsed: 00:00:00.04
02:15:38 SQL> CREATE INDEX PSPADM.PSP_FIN_TXN_HOLD_FK_HOLD ON PSPADM.PSP_FINTXN_ONHOLDREASON_ASSOC (ON_HOLD_REASON_FK) online parallel (degree 4) TABLESPACE PSP_IDX02;

Index created.

Elapsed: 00:00:00.43
02:15:39 SQL> CREATE INDEX PSPADM.PSP_FORECASTDETAIL_FK1 ON PSPADM.PSP_FORECAST_DETAIL (FORECAST_FK) online parallel (degree 4) TABLESPACE PSP_IDX02;

Index created.

Elapsed: 00:00:00.05
02:15:39 SQL> CREATE INDEX PSPADM.PSP_FORM_TEMPLATE_FK1 ON PSPADM.PSP_FORM_TEMPLATE (AGENCY_FK) online parallel (degree 4) TABLESPACE PSP_IDX01;

Index created.

Elapsed: 00:00:00.04
02:15:39 SQL> CREATE INDEX PSPADM.PSP_FORM_TEMPLATE_FK2 ON PSPADM.PSP_FORM_TEMPLATE (PAYMENT_TEMPLATE_FK) online parallel (degree 4) TABLESPACE PSP_IDX01;

Index created.

Elapsed: 00:00:00.03
02:15:39 SQL> CREATE INDEX PSPADM.PSP_FRAUDADDRESS_FK1 ON PSPADM.PSP_FRAUD_ADDRESS (COMPANY_FK) online parallel (degree 4) TABLESPACE PSP_IDX02;

Index created.

Elapsed: 00:00:00.09
02:15:39 SQL> 
02:15:39 SQL> spool off
