
Import: Release 12.1.0.2.0 - Production on Sat Apr 15 11:50:10 2023

Copyright (c) 1982, 2014, Oracle and/or its affiliates.  All rights reserved.

Connected to: Oracle Database 19c Enterprise Edition Release 19.0.0.0.0 - Production
Master table "INTUADMIN"."SYS_IMPORT_SCHEMA_01" successfully loaded/unloaded
Starting "INTUADMIN"."SYS_IMPORT_SCHEMA_01":  userid=intuadmin/********@psphpp02 dumpfile=DATA_PUMP_DIR:exp_pspadm_metadata.dmp schemas=PSPADM EXCLUDE=TABLE,INDEX,REF_CONSTRAINT,STATISTICS content=METADATA_ONLY TRANSFORM=DISABLE_ARCHIVE_LOGGING:Y logfile=DATA_PUMP_DIR:imp_pspadm_metadata.log 
Processing object type SCHEMA_EXPORT/USER
ORA-31684: Object type USER:"PSPADM" already exists

Processing object type SCHEMA_EXPORT/SYSTEM_GRANT
Processing object type SCHEMA_EXPORT/ROLE_GRANT
Processing object type SCHEMA_EXPORT/DEFAULT_ROLE
Processing object type SCHEMA_EXPORT/PASSWORD_HISTORY
ORA-39111: Dependent object type PASSWORD_HISTORY:"PSPADM" skipped, base object type USER:"PSPADM" already exists

Processing object type SCHEMA_EXPORT/PRE_SCHEMA/PROCACT_SCHEMA
Processing object type SCHEMA_EXPORT/DB_LINK
Processing object type SCHEMA_EXPORT/SYNONYM/SYNONYM
Processing object type SCHEMA_EXPORT/SEQUENCE/SEQUENCE
Processing object type SCHEMA_EXPORT/SEQUENCE/GRANT/OWNER_GRANT/OBJECT_GRANT
ORA-39083: Object type OBJECT_GRANT failed to create with error:
ORA-01917: user or role 'PSPADM_RO_AWS' does not exist

Failing sql is:
GRANT SELECT ON "PSPADM"."SEQ_EFTPS_SEGMENT_SEQUENCE" TO "PSPADM_RO_AWS"

ORA-39083: Object type OBJECT_GRANT failed to create with error:
ORA-01917: user or role 'PSPADM_RO_AWS' does not exist

Failing sql is:
GRANT SELECT ON "PSPADM"."SEQ_EFTPS_PAYMENT_SEQUENCE" TO "PSPADM_RO_AWS"

ORA-39083: Object type OBJECT_GRANT failed to create with error:
ORA-01917: user or role 'PSPADM_RO_AWS' does not exist

Failing sql is:
GRANT SELECT ON "PSPADM"."SEQ_EFTPS_FILE_SEQUENCE" TO "PSPADM_RO_AWS"

Processing object type SCHEMA_EXPORT/PACKAGE/PACKAGE_SPEC
Processing object type SCHEMA_EXPORT/PACKAGE/GRANT/OWNER_GRANT/OBJECT_GRANT
Processing object type SCHEMA_EXPORT/FUNCTION/FUNCTION
Processing object type SCHEMA_EXPORT/FUNCTION/GRANT/OWNER_GRANT/OBJECT_GRANT
Processing object type SCHEMA_EXPORT/PROCEDURE/PROCEDURE
Processing object type SCHEMA_EXPORT/PROCEDURE/GRANT/OWNER_GRANT/OBJECT_GRANT
Processing object type SCHEMA_EXPORT/PACKAGE/COMPILE_PACKAGE/PACKAGE_SPEC/ALTER_PACKAGE_SPEC
Processing object type SCHEMA_EXPORT/FUNCTION/ALTER_FUNCTION
Processing object type SCHEMA_EXPORT/PROCEDURE/ALTER_PROCEDURE
Processing object type SCHEMA_EXPORT/VIEW/VIEW
Processing object type SCHEMA_EXPORT/VIEW/GRANT/OWNER_GRANT/OBJECT_GRANT
ORA-39083: Object type OBJECT_GRANT failed to create with error:
ORA-01917: user or role 'PSPADM_RO_AWS' does not exist

Failing sql is:
GRANT SELECT ON "PSPADM"."V_PSP_CONTACT" TO "PSPADM_RO_AWS"

ORA-39083: Object type OBJECT_GRANT failed to create with error:
ORA-01917: user or role 'PSPADM_RO_AWS' does not exist

Failing sql is:
GRANT SELECT ON "PSPADM"."V_PSP_EMPLOYEE" TO "PSPADM_RO_AWS"

ORA-39083: Object type OBJECT_GRANT failed to create with error:
ORA-01917: user or role 'PSPADM_RO_AWS' does not exist

Failing sql is:
GRANT SELECT ON "PSPADM"."RECALCULATETOTALSVIEW" TO "PSPADM_RO_AWS"

ORA-39083: Object type OBJECT_GRANT failed to create with error:
ORA-01917: user or role 'PSPADM_RO_AWS' does not exist

Failing sql is:
GRANT SELECT ON "PSPADM"."V_PSP_BANK_ACCOUNT" TO "PSPADM_RO_AWS"

Processing object type SCHEMA_EXPORT/PACKAGE/PACKAGE_BODY
Job "INTUADMIN"."SYS_IMPORT_SCHEMA_01" completed with 9 error(s) at Sat Apr 15 11:50:40 2023 elapsed 0 00:00:28

