
SQL*Plus: Release 12.1.0.2.0 Production on Mon Aug 28 00:29:29 2023

Copyright (c) 1982, 2014, Oracle.  All rights reserved.

SQL> Connected.
SQL> SQL> SQL> 00:29:29 SQL> 00:29:29 SQL> 00:29:29 SQL> 
INSTANCE_NAME
----------------
HOST_NAME
----------------------------------------------------------------
PSPHPP02
ip-172-19-2-141


1 row selected.

Elapsed: 00:00:00.01
00:29:29 SQL> 00:29:29 SQL> SP2-1506: START, @ or @@ command has no arguments
00:29:29 SQL> Disconnected from Oracle Database 19c Enterprise Edition Release 19.0.0.0.0 - Production

SQL*Plus: Release 12.1.0.2.0 Production on Mon Aug 28 00:30:14 2023

Copyright (c) 1982, 2014, Oracle.  All rights reserved.

SQL> Connected.
SQL> SQL> SQL> 00:30:14 SQL> 00:30:14 SQL> 00:30:14 SQL> 
INSTANCE_NAME
----------------
HOST_NAME
----------------------------------------------------------------
PSPHPP02
ip-172-19-2-141


1 row selected.

Elapsed: 00:00:00.00
00:30:14 SQL> 00:30:14 SQL> 00:30:14 SQL> set echo on feedback on
00:30:14 SQL> spool TEMP_CR_GL_INDEXES_FOR_VAL_PART1
00:30:14 SQL> exec rdsadmin.rdsadmin_dbms_scheduler.disable('SYS.CLEANUP_ONLINE_IND_BUILD');

PL/SQL procedure successfully completed.

Elapsed: 00:00:00.02
00:30:14 SQL> exec dbms_streams.set_tag (hextoraw(1));

PL/SQL procedure successfully completed.

Elapsed: 00:00:00.00
00:30:14 SQL> create index pspadm.idx_psp_compensation_global on pspadm.psp_compensation (compensation_seq) online parallel (degree 16) tablespace psp_idx01;

SQL*Plus: Release 12.1.0.2.0 Production on Mon Aug 28 00:31:56 2023

Copyright (c) 1982, 2014, Oracle.  All rights reserved.

SQL> Connected.
SQL> SQL> SQL> 00:31:56 SQL> 00:31:56 SQL> 00:31:56 SQL> 
INSTANCE_NAME
----------------
HOST_NAME
----------------------------------------------------------------
PSPHPP02
ip-172-19-2-141


1 row selected.

Elapsed: 00:00:00.00
00:31:56 SQL> 00:31:56 SQL> 00:31:56 SQL> set echo on feedback on
00:31:56 SQL> spool TEMP_CR_GL_INDEXES_FOR_VAL_PART2
00:31:56 SQL> exec rdsadmin.rdsadmin_dbms_scheduler.disable('SYS.CLEANUP_ONLINE_IND_BUILD');

PL/SQL procedure successfully completed.

Elapsed: 00:00:00.02
00:31:56 SQL> exec dbms_streams.set_tag (hextoraw(1));

PL/SQL procedure successfully completed.

Elapsed: 00:00:00.00
00:31:56 SQL> create index pspadm.idx_psp_entry_detail_record_global on pspadm.psp_entry_detail_record (entry_detail_record_seq) online parallel (degree 16) tablespace psp_idx02;

Index created.

Elapsed: 00:21:44.56
00:51:59 SQL> create index pspadm.idx_psp_ledger_balance_global on pspadm.psp_ledger_balance (ledger_balance_seq) online parallel (degree 16) tablespace psp_idx04;

Index created.

Elapsed: 00:15:03.56
01:07:02 SQL> create index pspadm.idx_psp_money_movement_transaction_global on pspadm.psp_money_movement_transaction (money_movement_transaction_seq) online parallel (degree 16) tablespace psp_idx01;

Index created.

Elapsed: 01:05:30.15
01:37:26 SQL> create index pspadm.idx_psp_financial_trans_state_global on pspadm.psp_financial_trans_state (financial_trans_state_seq) online parallel (degree 16) tablespace psp_idx03;

Index created.

Elapsed: 00:31:10.76
01:38:13 SQL> create index pspadm.idx_psp_company_event_global on pspadm.psp_company_event (company_event_seq) online parallel (degree 16) tablespace psp_idx02;

Index created.

Elapsed: 00:24:20.80
02:02:34 SQL> create index pspadm.idx_psp_company_event_detail_global on pspadm.psp_company_event_detail (company_event_detail_seq) online parallel (degree 16) tablespace psp_idx03;

Index created.

Elapsed: 01:15:41.74
03:18:16 SQL> create index pspadm.idx_psp_company_event_email_param_global on pspadm.psp_company_event_email_param (company_event_email_param_seq) online parallel (degree 16) tablespace psp_idx04;

Index created.

Elapsed: 01:41:04.50
03:18:31 SQL> create index pspadm.idx_psp_pstub_pay_item_global on pspadm.psp_pstub_pay_item (pstub_pay_item_seq) online parallel (degree 16) tablespace psp_idx01;

Index created.

Elapsed: 00:51:45.06
04:10:01 SQL> create index pspadm.idx_psp_financial_transaction_global on pspadm.psp_financial_transaction (financial_transaction_seq) online parallel (degree 16) tablespace psp_idx01;

Index created.

Elapsed: 01:31:50.46
04:50:21 SQL> create index pspadm.idx_psp_tax_global on pspadm.psp_tax (tax_seq) online parallel (degree 16) tablespace psp_idx04;

Index created.

Elapsed: 00:55:33.57
05:05:34 SQL> create index pspadm.idx_psp_paycheck_global on pspadm.psp_paycheck (paycheck_seq) online parallel (degree 16) tablespace psp_idx02;

Index created.

Elapsed: 00:33:36.06
05:39:10 SQL> create index pspadm.idx_psp_paycheck_split_global on pspadm.psp_paycheck_split (paycheck_split_seq) online parallel (degree 16) tablespace psp_idx03;

Index created.

Elapsed: 00:24:34.00
06:03:44 SQL> create index pspadm.idx_psp_property_audit_global on pspadm.psp_property_audit (property_audit_seq) online parallel (degree 16) tablespace psp_idx04;

Index created.

Elapsed: 01:51:18.60
06:41:40 SQL> create index pspadm.idx_psp_disburse_advice_tax_liab_global on pspadm.psp_disburse_advice_tax_liab (disburse_advice_tax_liab_seq) online parallel (degree 16) tablespace psp_idx01;

Index created.

Elapsed: 00:42:46.38
06:46:31 SQL> create index pspadm.idx_psp_qbdt_paycheck_info_global on pspadm.psp_qbdt_paycheck_info (qbdt_paycheck_info_seq) online parallel (degree 16) tablespace psp_idx01;

Index created.

Elapsed: 00:13:09.30
06:54:49 SQL> create index pspadm.idx_psp_qbdt_transaction_info_global on pspadm.psp_qbdt_transaction_info (qbdt_transaction_info_seq) online parallel (degree 16) tablespace psp_idx02;

Index created.

Elapsed: 00:11:22.49
07:06:12 SQL> create index pspadm.idx_psp_paystub_global on pspadm.psp_paystub (paystub_seq) online parallel (degree 16) tablespace psp_idx03;

Index created.

Elapsed: 00:30:45.31
07:17:16 SQL> create index pspadm.idx_psp_qbdt_payline_info_global on pspadm.psp_qbdt_payline_info (qbdt_payline_info_seq) online parallel (degree 16) tablespace psp_idx03;

Index created.

Elapsed: 00:14:43.24
07:20:55 SQL> create index pspadm.idx_psp_deduction_global on pspadm.psp_deduction (deduction_seq) online parallel (degree 16) tablespace psp_idx04;

Index created.

Elapsed: 00:12:58.33
07:33:53 SQL> create index pspadm.idx_psp_pstub_paid_timeoff_item_global on pspadm.psp_pstub_paid_timeoff_item (pstub_paid_timeoff_item_seq) online parallel (degree 16) tablespace psp_idx01;

Index created.

Elapsed: 00:13:19.80
07:47:13 SQL> create index pspadm.idx_psp_pstub_employee_info_global on pspadm.psp_pstub_employee_info (pstub_employee_info_seq) online parallel (degree 16) tablespace psp_idx02;

Index created.

Elapsed: 00:13:44.23
08:00:57 SQL> 
08:00:57 SQL> 
08:00:57 SQL> alter index pspadm.idx_psp_entry_detail_record_global noparallel;

Index altered.

Elapsed: 00:00:00.29
08:00:58 SQL> alter index pspadm.idx_psp_financial_trans_state_global noparallel;

Index altered.

Elapsed: 00:00:00.57
08:00:58 SQL> alter index pspadm.idx_psp_pstub_pay_item_global noparallel;

Index altered.

Elapsed: 00:00:00.63
08:00:59 SQL> alter index pspadm.idx_psp_tax_global noparallel;

Index altered.

Elapsed: 00:00:00.64
08:00:59 SQL> alter index pspadm.idx_psp_disburse_advice_tax_liab_global noparallel;

Index altered.

Elapsed: 00:00:00.52
08:01:00 SQL> alter index pspadm.idx_psp_qbdt_transaction_info_global noparallel;

Index altered.

Elapsed: 00:00:00.47
08:01:00 SQL> alter index pspadm.idx_psp_paystub_global noparallel;

Index altered.

Elapsed: 00:00:00.34
08:01:01 SQL> alter index pspadm.idx_psp_deduction_global noparallel;

Index altered.

Elapsed: 00:00:00.49
08:01:01 SQL> alter index pspadm.idx_psp_pstub_paid_timeoff_item_global noparallel;

Index altered.

Elapsed: 00:00:00.55
08:01:02 SQL> alter index pspadm.idx_psp_pstub_employee_info_global noparallel;

Index altered.

Elapsed: 00:00:00.58
08:01:02 SQL> 
08:01:02 SQL> spool off
08:01:02 SQL> Disconnected from Oracle Database 19c Enterprise Edition Release 19.0.0.0.0 - Production

Index created.

Elapsed: 00:47:50.89
08:05:07 SQL> --create index pspadm.idx_psp_entry_detail_record_global on pspadm.psp_entry_detail_record (entry_detail_record_seq) online parallel (degree 16) tablespace psp_idx02;
08:05:07 SQL> --create index pspadm.idx_psp_financial_trans_state_global on pspadm.psp_financial_trans_state (financial_trans_state_seq) online parallel (degree 16) tablespace psp_idx03;
08:05:07 SQL> --create index pspadm.idx_psp_pstub_pay_item_global on pspadm.psp_pstub_pay_item (pstub_pay_item_seq) online parallel (degree 16) tablespace psp_idx01;
08:05:07 SQL> --create index pspadm.idx_psp_tax_global on pspadm.psp_tax (tax_seq) online parallel (degree 16) tablespace psp_idx04;
08:05:07 SQL> --create index pspadm.idx_psp_disburse_advice_tax_liab_global on pspadm.psp_disburse_advice_tax_liab (disburse_advice_tax_liab_seq) online parallel (degree 16) tablespace psp_idx01;
08:05:07 SQL> --create index pspadm.idx_psp_qbdt_transaction_info_global on pspadm.psp_qbdt_transaction_info (qbdt_transaction_info_seq) online parallel (degree 16) tablespace psp_idx02;
08:05:07 SQL> --create index pspadm.idx_psp_paystub_global on pspadm.psp_paystub (paystub_seq) online parallel (degree 16) tablespace psp_idx03;
08:05:07 SQL> --create index pspadm.idx_psp_deduction_global on pspadm.psp_deduction (deduction_seq) online parallel (degree 16) tablespace psp_idx04;
08:05:07 SQL> --create index pspadm.idx_psp_pstub_paid_timeoff_item_global on pspadm.psp_pstub_paid_timeoff_item (pstub_paid_timeoff_item_seq) online parallel (degree 16) tablespace psp_idx01;
08:05:07 SQL> --create index pspadm.idx_psp_pstub_employee_info_global on pspadm.psp_pstub_employee_info (pstub_employee_info_seq) online parallel (degree 16) tablespace psp_idx02;
08:05:07 SQL> 
08:05:07 SQL> alter index pspadm.idx_psp_compensation_global noparallel;

Index altered.

Elapsed: 00:00:00.01
08:05:07 SQL> alter index pspadm.idx_psp_ledger_balance_global noparallel;

Index altered.

Elapsed: 00:00:00.02
08:05:07 SQL> alter index pspadm.idx_psp_money_movement_transaction_global noparallel;

Index altered.

Elapsed: 00:00:00.01
08:05:07 SQL> alter index pspadm.idx_psp_company_event_global noparallel;

Index altered.

Elapsed: 00:00:00.00
08:05:07 SQL> alter index pspadm.idx_psp_company_event_detail_global noparallel;

Index altered.

Elapsed: 00:00:00.01
08:05:07 SQL> alter index pspadm.idx_psp_company_event_email_param_global noparallel;

Index altered.

Elapsed: 00:00:00.01
08:05:07 SQL> alter index pspadm.idx_psp_financial_transaction_global noparallel;

Index altered.

Elapsed: 00:00:00.01
08:05:07 SQL> alter index pspadm.idx_psp_paycheck_global noparallel;

Index altered.

Elapsed: 00:00:00.02
08:05:07 SQL> alter index pspadm.idx_psp_paycheck_split_global noparallel;

Index altered.

Elapsed: 00:00:00.02
08:05:07 SQL> alter index pspadm.idx_psp_property_audit_global noparallel;

Index altered.

Elapsed: 00:00:00.04
08:05:07 SQL> alter index pspadm.idx_psp_qbdt_paycheck_info_global noparallel;

Index altered.

Elapsed: 00:00:00.01
08:05:07 SQL> alter index pspadm.idx_psp_qbdt_payline_info_global noparallel;

Index altered.

Elapsed: 00:00:00.01
08:05:07 SQL> --alter index pspadm.idx_psp_entry_detail_record_global noparallel;
08:05:07 SQL> --alter index pspadm.idx_psp_financial_trans_state_global noparallel;
08:05:07 SQL> --alter index pspadm.idx_psp_pstub_pay_item_global noparallel;
08:05:07 SQL> --alter index pspadm.idx_psp_tax_global noparallel;
08:05:07 SQL> --alter index pspadm.idx_psp_disburse_advice_tax_liab_global noparallel;
08:05:07 SQL> --alter index pspadm.idx_psp_qbdt_transaction_info_global noparallel;
08:05:07 SQL> --alter index pspadm.idx_psp_paystub_global noparallel;
08:05:07 SQL> --alter index pspadm.idx_psp_deduction_global noparallel;
08:05:07 SQL> --alter index pspadm.idx_psp_pstub_paid_timeoff_item_global noparallel;
08:05:07 SQL> --alter index pspadm.idx_psp_pstub_employee_info_global noparallel;
08:05:07 SQL> --exec rdsadmin.rdsadmin_dbms_scheduler.enable('SYS.CLEANUP_ONLINE_IND_BUILD');
08:05:07 SQL> 
08:05:07 SQL> spool off
08:05:07 SQL> Disconnected from Oracle Database 19c Enterprise Edition Release 19.0.0.0.0 - Production
