
SQL*Loader: Release 12.1.0.2.0 - Production on Tue Mar 1 07:43:24 2022

Copyright (c) 1982, 2014, Oracle and/or its affiliates.  All rights reserved.

Control File:   load_symphony_ids_partial.ctl
Data File:      /u01/scripts/mayank/PSP_SymphonyUsage_20220228225626-decrypt-partial.csv
  Bad File:     load_symphony_ids_partial.bad
  Discard File:  none specified
 
 (Allow all discards)

Number to load: ALL
Number to skip: 0
Errors allowed: 50
Bind array:     64 rows, maximum of 256000 bytes
Continuation:    none specified
Path used:      Conventional

Table MCHOUBEY.PSP_SYMPHONY_USAGE_PARTIAL, loaded from every logical record.
Insert option in effect for this table: INSERT

   Column Name                  Position   Len  Term Encl Datatype
------------------------------ ---------- ----- ---- ---- ---------------------
GROUPID                             FIRST     *   ,       CHARACTER            
SITEGENERATORPORTALPRODUCT           NEXT     *   ,       CHARACTER            
EVENTCODE                            NEXT     *   ,       CHARACTER            
QUANTITY                             NEXT     *   ,       CHARACTER            
TIMESTAMP                            NEXT     *   ,       CHARACTER            

Record 1: Rejected - Error on table MCHOUBEY.PSP_SYMPHONY_USAGE_PARTIAL, column SITEGENERATORPORTALPRODUCT.
ORA-01722: invalid number


Table MCHOUBEY.PSP_SYMPHONY_USAGE_PARTIAL:
  96660 Rows successfully loaded.
  1 Row not loaded due to data errors.
  0 Rows not loaded because all WHEN clauses were failed.
  0 Rows not loaded because all fields were null.


Space allocated for bind array:                  82560 bytes(64 rows)
Read   buffer bytes: 1048576

Total logical records skipped:          0
Total logical records read:         96661
Total logical records rejected:         1
Total logical records discarded:        0

Run began on Tue Mar 01 07:43:24 2022
Run ended on Tue Mar 01 07:43:33 2022

Elapsed time was:     00:00:09.33
CPU time was:         00:00:00.59
