
SQL*Loader: Release 12.1.0.2.0 - Production on Sun May 7 21:35:47 2023

Copyright (c) 1982, 2014, Oracle and/or its affiliates.  All rights reserved.

Control File:   load_ft_oos_seq.ctl
Data File:      /u01/scripts/mayank/ft_oos_seq.csv
  Bad File:     load_ft_oos_seq.bad
  Discard File:  none specified
 
 (Allow all discards)

Number to load: ALL
Number to skip: 0
Errors allowed: 50
Bind array:     64 rows, maximum of 256000 bytes
Continuation:    none specified
Path used:      Conventional

Table MCHOUBEY.FT_OOS_SEQ, loaded from every logical record.
Insert option in effect for this table: INSERT

   Column Name                  Position   Len  Term Encl Datatype
------------------------------ ---------- ----- ---- ---- ---------------------
FINANCIAL_TRANSACTION_SEQ           FIRST     *   ,       CHARACTER            


Table MCHOUBEY.FT_OOS_SEQ:
  369802 Rows successfully loaded.
  0 Rows not loaded due to data errors.
  0 Rows not loaded because all WHEN clauses were failed.
  0 Rows not loaded because all fields were null.


Space allocated for bind array:                  16512 bytes(64 rows)
Read   buffer bytes: 1048576

Total logical records skipped:          0
Total logical records read:        369802
Total logical records rejected:         0
Total logical records discarded:        0

Run began on Sun May 07 21:35:47 2023
Run ended on Sun May 07 21:36:04 2023

Elapsed time was:     00:00:17.66
CPU time was:         00:00:01.59
