nohup: ignoring input

SQL*Plus: Release 12.1.0.2.0 Production on Tue Mar 7 00:25:21 2023

Copyright (c) 1982, 2014, Oracle.  All rights reserved.

Last Successful login time: Tue Mar 07 2023 00:13:17 -08:00

Connected to:
Oracle Database 19c Enterprise Edition Release 19.0.0.0.0 - Production

Found 527084 Records
<br>
OUTER LOOP
<br>
INNER LOOP
<br>
Processed 10000 records successfully
<br>
INNER LOOP
<br>
Processed 20000 records successfully
<br>
INNER LOOP
<br>
Processed 25079 records successfully
<br>
START-DATE : 22-JAN-05 PARTITION-END-DATE : 22-JAN-10
<br>
OUTER LOOP
<br>
INNER LOOP
<br>
Processed 35079 records successfully
<br>
INNER LOOP
<br>
Processed 45079 records successfully
<br>
INNER LOOP
<br>
Processed 53353 records successfully
<br>
START-DATE : 22-JAN-10 PARTITION-END-DATE : 22-JAN-15
<br>
OUTER LOOP
<br>
INNER LOOP
<br>
Processed 63353 records successfully
<br>
INNER LOOP
<br>
Processed 73353 records successfully
<br>
INNER LOOP
<br>
Processed 75913 records successfully
<br>
START-DATE : 22-JAN-15 PARTITION-END-DATE : 22-JAN-20
<br>
OUTER LOOP
<br>
INNER LOOP
<br>
Processed 85913 records successfully
<br>
INNER LOOP
<br>
Processed 95913 records successfully
<br>
INNER LOOP
<br>
Processed 98133 records successfully
<br>
START-DATE : 22-JAN-20 PARTITION-END-DATE : 22-JAN-25
<br>
OUTER LOOP
<br>
INNER LOOP
<br>
Processed 100774 records successfully
<br>
START-DATE : 22-JAN-25 PARTITION-END-DATE : 22-JAN-30
<br>
OUTER LOOP
<br>
INNER LOOP
<br>
Processed 110774 records successfully
<br>
INNER LOOP
<br>
Processed 120774 records successfully
<br>
INNER LOOP
<br>
Processed 124750 records successfully
<br>
START-DATE : 22-JAN-30 PARTITION-END-DATE : 22-FEB-04
<br>
OUTER LOOP
<br>
INNER LOOP
<br>
Processed 134750 records successfully
<br>
INNER LOOP
<br>
Processed 144750 records successfully
<br>
INNER LOOP
<br>
Processed 152723 records successfully
<br>
START-DATE : 22-FEB-04 PARTITION-END-DATE : 22-FEB-09
<br>
OUTER LOOP
<br>
INNER LOOP
<br>
Processed 162723 records successfully
<br>
INNER LOOP
<br>
Processed 172723 records successfully
<br>
INNER LOOP
<br>
Processed 172820 records successfully
<br>
START-DATE : 22-FEB-09 PARTITION-END-DATE : 22-FEB-14
<br>
OUTER LOOP
<br>
INNER LOOP
<br>
Processed 176457 records successfully
<br>
START-DATE : 22-FEB-14 PARTITION-END-DATE : 22-FEB-19
<br>
OUTER LOOP
<br>
INNER LOOP
<br>
Processed 186457 records successfully
<br>
INNER LOOP
<br>
Processed 196457 records successfully
<br>
INNER LOOP
<br>
Processed 202807 records successfully
<br>
START-DATE : 22-FEB-19 PARTITION-END-DATE : 22-FEB-24
<br>
OUTER LOOP
<br>
INNER LOOP
<br>
Processed 212807 records successfully
<br>
INNER LOOP
<br>
Processed 222807 records successfully
<br>
INNER LOOP
<br>
Processed 223041 records successfully
<br>
START-DATE : 22-FEB-24 PARTITION-END-DATE : 22-MAR-01
<br>
OUTER LOOP
<br>
INNER LOOP
<br>
Processed 225308 records successfully
<br>
START-DATE : 22-MAR-01 PARTITION-END-DATE : 22-MAR-06
<br>
OUTER LOOP
<br>
INNER LOOP
<br>
Processed 235308 records successfully
<br>
INNER LOOP
<br>
Processed 245308 records successfully
<br>
INNER LOOP
<br>
Processed 254507 records successfully
<br>
START-DATE : 22-MAR-06 PARTITION-END-DATE : 22-MAR-11
<br>
OUTER LOOP
<br>
INNER LOOP
<br>
Processed 264507 records successfully
<br>
INNER LOOP
<br>
Processed 274507 records successfully
<br>
INNER LOOP
<br>
Processed 278303 records successfully
<br>
START-DATE : 22-MAR-11 PARTITION-END-DATE : 22-MAR-16
<br>
OUTER LOOP
<br>
INNER LOOP
<br>
Processed 288303 records successfully
<br>
INNER LOOP
<br>
Processed 297041 records successfully
<br>
START-DATE : 22-MAR-16 PARTITION-END-DATE : 22-MAR-21
<br>
OUTER LOOP
<br>
INNER LOOP
<br>
Processed 304849 records successfully
<br>
START-DATE : 22-MAR-21 PARTITION-END-DATE : 22-MAR-26
<br>
OUTER LOOP
<br>
INNER LOOP
<br>
Processed 314849 records successfully
<br>
INNER LOOP
<br>
Processed 324849 records successfully
<br>
INNER LOOP
<br>
Processed 328498 records successfully
<br>
START-DATE : 22-MAR-26 PARTITION-END-DATE : 22-MAR-31
<br>
OUTER LOOP
<br>
INNER LOOP
<br>
Processed 338498 records successfully
<br>
INNER LOOP
<br>
Processed 347112 records successfully
<br>
START-DATE : 22-MAR-31 PARTITION-END-DATE : 22-APR-05
<br>
OUTER LOOP
<br>
INNER LOOP
<br>
Processed 357112 records successfully
<br>
INNER LOOP
<br>
Processed 360694 records successfully
<br>
START-DATE : 22-APR-05 PARTITION-END-DATE : 22-APR-10
<br>
OUTER LOOP
<br>
INNER LOOP
<br>
Processed 370694 records successfully
<br>
INNER LOOP
<br>
Processed 380602 records successfully
<br>
START-DATE : 22-APR-10 PARTITION-END-DATE : 22-APR-15
<br>
OUTER LOOP
<br>
INNER LOOP
<br>
Processed 390602 records successfully
<br>
INNER LOOP
<br>
Processed 400602 records successfully
<br>
INNER LOOP
<br>
Processed 402869 records successfully
<br>
START-DATE : 22-APR-15 PARTITION-END-DATE : 22-APR-20
<br>
OUTER LOOP
<br>
INNER LOOP
<br>
Processed 412869 records successfully
<br>
INNER LOOP
<br>
Processed 422869 records successfully
<br>
INNER LOOP
<br>
Processed 425711 records successfully
<br>
START-DATE : 22-APR-20 PARTITION-END-DATE : 22-APR-25
<br>
OUTER LOOP
<br>
INNER LOOP
<br>
Processed 429410 records successfully
<br>
START-DATE : 22-APR-25 PARTITION-END-DATE : 22-APR-30
<br>
OUTER LOOP
<br>
INNER LOOP
<br>
Processed 439410 records successfully
<br>
INNER LOOP
<br>
Processed 449410 records successfully
<br>
INNER LOOP
<br>
Processed 459410 records successfully
<br>
INNER LOOP
<br>
Processed 469410 records successfully
<br>
INNER LOOP
<br>
Processed 479410 records successfully
<br>
INNER LOOP
<br>
Processed 489410 records successfully
<br>
INNER LOOP
<br>
Processed 489477 records successfully
<br>
START-DATE : 22-APR-30 PARTITION-END-DATE : 22-MAY-05
<br>
OUTER LOOP
<br>
INNER LOOP
<br>
Processed 499477 records successfully
<br>
INNER LOOP
<br>
Processed 509477 records successfully
<br>
INNER LOOP
<br>
Processed 512599 records successfully
<br>
START-DATE : 22-MAY-05 PARTITION-END-DATE : 22-MAY-10
<br>
OUTER LOOP
<br>
INNER LOOP
<br>
Processed 517614 records successfully
<br>
START-DATE : 22-MAY-10 PARTITION-END-DATE : 22-MAY-15
<br>
OUTER LOOP
<br>
INNER LOOP
<br>
Processed 527614 records successfully
<br>
INNER LOOP
<br>
Processed 537614 records successfully
<br>
INNER LOOP
<br>
Processed 540898 records successfully
<br>
START-DATE : 22-MAY-15 PARTITION-END-DATE : 22-MAY-20
<br>
OUTER LOOP
<br>
INNER LOOP
<br>
Processed 550898 records successfully
<br>
INNER LOOP
<br>
Processed 560898 records successfully
<br>
INNER LOOP
<br>
Processed 567096 records successfully
<br>
START-DATE : 22-MAY-20 PARTITION-END-DATE : 22-MAY-25
<br>
OUTER LOOP
<br>
INNER LOOP
<br>
Processed 577096 records successfully
<br>
INNER LOOP
<br>
Processed 586792 records successfully
<br>
START-DATE : 22-MAY-25 PARTITION-END-DATE : 22-MAY-30
<br>
OUTER LOOP
<br>
INNER LOOP
<br>
Processed 589929 records successfully
<br>
START-DATE : 22-MAY-30 PARTITION-END-DATE : 22-JUN-04
<br>
OUTER LOOP
<br>
INNER LOOP
<br>
Processed 599929 records successfully
<br>
INNER LOOP
<br>
Processed 609929 records successfully
<br>
INNER LOOP
<br>
Processed 615040 records successfully
<br>
START-DATE : 22-JUN-04 PARTITION-END-DATE : 22-JUN-09
<br>
OUTER LOOP
<br>
INNER LOOP
<br>
Processed 625040 records successfully
<br>
INNER LOOP
<br>
Processed 635040 records successfully
<br>
INNER LOOP
<br>
Processed 636771 records successfully
<br>
START-DATE : 22-JUN-09 PARTITION-END-DATE : 22-JUN-14
<br>
OUTER LOOP
<br>
INNER LOOP
<br>
Processed 640704 records successfully
<br>
START-DATE : 22-JUN-14 PARTITION-END-DATE : 22-JUN-19
<br>
OUTER LOOP
<br>
INNER LOOP
<br>
Processed 650704 records successfully
<br>
INNER LOOP
<br>
Processed 660704 records successfully
<br>
INNER LOOP
<br>
Processed 662031 records successfully
<br>
START-DATE : 22-JUN-19 PARTITION-END-DATE : 22-JUN-24
<br>
OUTER LOOP
<br>
INNER LOOP
<br>
Processed 672031 records successfully
<br>
INNER LOOP
<br>
Processed 682031 records successfully
<br>
INNER LOOP
<br>
Processed 688888 records successfully
<br>
START-DATE : 22-JUN-24 PARTITION-END-DATE : 22-JUN-29
<br>
OUTER LOOP
<br>
INNER LOOP
<br>
Processed 698888 records successfully
<br>
INNER LOOP
<br>
Processed 707473 records successfully
<br>
START-DATE : 22-JUN-29 PARTITION-END-DATE : 22-JUL-04
<br>
OUTER LOOP
<br>
INNER LOOP
<br>
Processed 707576 records successfully
<br>
START-DATE : 22-JUL-04 PARTITION-END-DATE : 22-JUL-09
<br>
OUTER LOOP
<br>
INNER LOOP
<br>
Processed 707576 records successfully
<br>
START-DATE : 22-JUL-09 PARTITION-END-DATE : 22-JUL-14
<br>
OUTER LOOP
<br>
INNER LOOP
<br>
Processed 707576 records successfully
<br>
START-DATE : 22-JUL-14 PARTITION-END-DATE : 22-JUL-19
<br>
OUTER LOOP
<br>
INNER LOOP
<br>
Processed 707576 records successfully
<br>
START-DATE : 22-JUL-19 PARTITION-END-DATE : 22-JUL-24
<br>
OUTER LOOP
<br>
INNER LOOP
<br>
Processed 707576 records successfully
<br>
START-DATE : 22-JUL-24 PARTITION-END-DATE : 22-JUL-29
<br>
OUTER LOOP
<br>
INNER LOOP
<br>
Processed 707576 records successfully
<br>
START-DATE : 22-JUL-29 PARTITION-END-DATE : 22-AUG-03
<br>
OUTER LOOP
<br>
INNER LOOP
<br>
Processed 707576 records successfully
<br>
START-DATE : 22-AUG-03 PARTITION-END-DATE : 22-AUG-08
<br>
OUTER LOOP
<br>
INNER LOOP
<br>
Processed 712864 records successfully
<br>
START-DATE : 22-AUG-08 PARTITION-END-DATE : 22-AUG-13
<br>
OUTER LOOP
<br>
INNER LOOP
<br>
Processed 722864 records successfully
<br>
INNER LOOP
<br>
Processed 732864 records successfully
<br>
INNER LOOP
<br>
Processed 735529 records successfully
<br>
START-DATE : 22-AUG-13 PARTITION-END-DATE : 22-AUG-18
<br>
OUTER LOOP
<br>
INNER LOOP
<br>
Processed 745529 records successfully
<br>
INNER LOOP
<br>
Processed 753759 records successfully
<br>
START-DATE : 22-AUG-18 PARTITION-END-DATE : 22-AUG-23
<br>
OUTER LOOP
<br>
INNER LOOP
<br>
Processed 761395 records successfully
<br>
START-DATE : 22-AUG-23 PARTITION-END-DATE : 22-AUG-28
<br>
OUTER LOOP
<br>
INNER LOOP
<br>
Processed 771395 records successfully
<br>
INNER LOOP
<br>
Processed 781395 records successfully
<br>
INNER LOOP
<br>
Processed 783693 records successfully
<br>
START-DATE : 22-AUG-28 PARTITION-END-DATE : 22-SEP-02
<br>
OUTER LOOP
<br>
INNER LOOP
<br>
Processed 793693 records successfully
<br>
INNER LOOP
<br>
Processed 803693 records successfully
<br>
INNER LOOP
<br>
Processed 805070 records successfully
<br>
START-DATE : 22-SEP-02 PARTITION-END-DATE : 22-SEP-07
<br>
OUTER LOOP
<br>
INNER LOOP
<br>
Processed 805236 records successfully
<br>
START-DATE : 22-SEP-07 PARTITION-END-DATE : 22-SEP-12
<br>
OUTER LOOP
<br>
INNER LOOP
<br>
Processed 815236 records successfully
<br>
INNER LOOP
<br>
Processed 825236 records successfully
<br>
INNER LOOP
<br>
Processed 831569 records successfully
<br>
START-DATE : 22-SEP-12 PARTITION-END-DATE : 22-SEP-17
<br>
OUTER LOOP
<br>
INNER LOOP
<br>
Processed 841569 records successfully
<br>
INNER LOOP
<br>
Processed 851569 records successfully
<br>
INNER LOOP
<br>
Processed 853515 records successfully
<br>
START-DATE : 22-SEP-17 PARTITION-END-DATE : 22-SEP-22
<br>
OUTER LOOP
<br>
INNER LOOP
<br>
Processed 863515 records successfully
<br>
INNER LOOP
<br>
Processed 873515 records successfully
<br>
INNER LOOP
<br>
Processed 875620 records successfully
<br>
START-DATE : 22-SEP-22 PARTITION-END-DATE : 22-SEP-27
<br>
OUTER LOOP
<br>
INNER LOOP
<br>
Processed 879905 records successfully
<br>
START-DATE : 22-SEP-27 PARTITION-END-DATE : 22-OCT-02
<br>
OUTER LOOP
<br>
INNER LOOP
<br>
Processed 889905 records successfully
<br>
INNER LOOP
<br>
Processed 899905 records successfully
<br>
INNER LOOP
<br>
Processed 900996 records successfully
<br>
START-DATE : 22-OCT-02 PARTITION-END-DATE : 22-OCT-07
<br>
OUTER LOOP
<br>
INNER LOOP
<br>
Processed 910996 records successfully
<br>
INNER LOOP
<br>
Processed 920996 records successfully
<br>
INNER LOOP
<br>
Processed 927534 records successfully
<br>
START-DATE : 22-OCT-07 PARTITION-END-DATE : 22-OCT-12
<br>
OUTER LOOP
<br>
INNER LOOP
<br>
Processed 927735 records successfully
<br>
START-DATE : 22-OCT-12 PARTITION-END-DATE : 22-OCT-17
<br>
OUTER LOOP
<br>
INNER LOOP
<br>
Processed 937735 records successfully
<br>
INNER LOOP
<br>
Processed 947735 records successfully
<br>
INNER LOOP
<br>
Processed 949048 records successfully
<br>
START-DATE : 22-OCT-17 PARTITION-END-DATE : 22-OCT-22
<br>
OUTER LOOP
<br>
INNER LOOP
<br>
Processed 959048 records successfully
<br>
INNER LOOP
<br>
Processed 969048 records successfully
<br>
INNER LOOP
<br>
Processed 974734 records successfully
<br>
START-DATE : 22-OCT-22 PARTITION-END-DATE : 22-OCT-27
<br>
OUTER LOOP
<br>
INNER LOOP
<br>
Processed 984734 records successfully
<br>
INNER LOOP
<br>
Processed 993641 records successfully
<br>
START-DATE : 22-OCT-27 PARTITION-END-DATE : 22-NOV-01
<br>
OUTER LOOP
<br>
INNER LOOP
<br>
Processed 1003641 records successfully
<br>
INNER LOOP
<br>
Processed 1013641 records successfully
<br>
INNER LOOP
<br>
Processed 1021219 records successfully
<br>
START-DATE : 22-NOV-01 PARTITION-END-DATE : 22-NOV-06
<br>
OUTER LOOP
<br>
INNER LOOP
<br>
Processed 1031219 records successfully
<br>
INNER LOOP
<br>
Processed 1041219 records successfully
<br>
INNER LOOP
<br>
Processed 1047298 records successfully
<br>
START-DATE : 22-NOV-06 PARTITION-END-DATE : 22-NOV-11
<br>
OUTER LOOP
<br>
INNER LOOP
<br>
Processed 1057298 records successfully
<br>
INNER LOOP
<br>
Processed 1067298 records successfully
<br>
INNER LOOP
<br>
Processed 1069753 records successfully
<br>
START-DATE : 22-NOV-11 PARTITION-END-DATE : 22-NOV-16
<br>
OUTER LOOP
<br>
INNER LOOP
<br>
Processed 1079753 records successfully
<br>
INNER LOOP
<br>
Processed 1085864 records successfully
<br>
START-DATE : 22-NOV-16 PARTITION-END-DATE : 22-NOV-21
<br>
OUTER LOOP
<br>
INNER LOOP
<br>
Processed 1094084 records successfully
<br>
START-DATE : 22-NOV-21 PARTITION-END-DATE : 22-NOV-26
<br>
OUTER LOOP
<br>
INNER LOOP
<br>
Processed 1104084 records successfully
<br>
INNER LOOP
<br>
Processed 1114084 records successfully
<br>
INNER LOOP
<br>
Processed 1116894 records successfully
<br>
START-DATE : 22-NOV-26 PARTITION-END-DATE : 22-DEC-01
<br>
OUTER LOOP
<br>
INNER LOOP
<br>
Processed 1126894 records successfully
<br>
INNER LOOP
<br>
Processed 1133913 records successfully
<br>
START-DATE : 22-DEC-01 PARTITION-END-DATE : 22-DEC-06
<br>
OUTER LOOP
<br>
INNER LOOP
<br>
Processed 1136848 records successfully
<br>
START-DATE : 22-DEC-06 PARTITION-END-DATE : 22-DEC-11
<br>
OUTER LOOP
<br>
INNER LOOP
<br>
Processed 1146848 records successfully
<br>
INNER LOOP
<br>
Processed 1156848 records successfully
<br>
INNER LOOP
<br>
Processed 1164467 records successfully
<br>
START-DATE : 22-DEC-11 PARTITION-END-DATE : 22-DEC-16
<br>
OUTER LOOP
<br>
INNER LOOP
<br>
Processed 1174467 records successfully
<br>
INNER LOOP
<br>
Processed 1184467 records successfully
<br>
INNER LOOP
<br>
Processed 1185744 records successfully
<br>
START-DATE : 22-DEC-16 PARTITION-END-DATE : 22-DEC-21
<br>
OUTER LOOP
<br>
INNER LOOP
<br>
Processed 1195744 records successfully
<br>
INNER LOOP
<br>
Processed 1205744 records successfully
<br>
INNER LOOP
<br>
Processed 1208057 records successfully
<br>
START-DATE : 22-DEC-21 PARTITION-END-DATE : 22-DEC-26
<br>
OUTER LOOP
<br>
INNER LOOP
<br>
Processed 1213369 records successfully
<br>
START-DATE : 22-DEC-26 PARTITION-END-DATE : 22-DEC-31
<br>
OUTER LOOP
<br>
INNER LOOP
<br>
Processed 1223369 records successfully
<br>
INNER LOOP
<br>
Processed 1233369 records successfully
<br>
INNER LOOP
<br>
Processed 1235047 records successfully
<br>
START-DATE : 22-DEC-31 PARTITION-END-DATE : 23-JAN-05
<br>
OUTER LOOP
<br>
INNER LOOP
<br>
Processed 1245047 records successfully
<br>
INNER LOOP
<br>
Processed 1255047 records successfully
<br>
INNER LOOP
<br>
Processed 1258980 records successfully
<br>
START-DATE : 23-JAN-05 PARTITION-END-DATE : 23-JAN-10
<br>
OUTER LOOP
<br>
INNER LOOP
<br>
Processed 1260837 records successfully
<br>
START-DATE : 23-JAN-10 PARTITION-END-DATE : 23-JAN-15
<br>
OUTER LOOP
<br>
INNER LOOP
<br>
Processed 1270837 records successfully
<br>
INNER LOOP
<br>
Processed 1280837 records successfully
<br>
INNER LOOP
<br>
Processed 1290837 records successfully
<br>
INNER LOOP
<br>
Processed 1300837 records successfully
<br>
INNER LOOP
<br>
Processed 1303909 records successfully
<br>
START-DATE : 23-JAN-15 PARTITION-END-DATE : 23-JAN-20
<br>
OUTER LOOP
<br>
INNER LOOP
<br>
Processed 1313909 records successfully
<br>
INNER LOOP
<br>
Processed 1323909 records successfully
<br>
INNER LOOP
<br>
Processed 1326188 records successfully
<br>
START-DATE : 23-JAN-20 PARTITION-END-DATE : 23-JAN-25
<br>
OUTER LOOP
<br>
INNER LOOP
<br>
Processed 1336188 records successfully
<br>
INNER LOOP
<br>
Processed 1344955 records successfully
<br>
START-DATE : 23-JAN-25 PARTITION-END-DATE : 23-JAN-30
<br>
OUTER LOOP
<br>
INNER LOOP
<br>
Processed 1347690 records successfully
<br>
START-DATE : 23-JAN-30 PARTITION-END-DATE : 23-FEB-04
<br>
OUTER LOOP
<br>
INNER LOOP
<br>
Processed 1357690 records successfully
<br>
INNER LOOP
<br>
Processed 1367690 records successfully
<br>
INNER LOOP
<br>
Processed 1377690 records successfully
<br>
INNER LOOP
<br>
Processed 1383798 records successfully
<br>
START-DATE : 23-FEB-04 PARTITION-END-DATE : 23-FEB-09
<br>
OUTER LOOP
<br>
INNER LOOP
<br>
Processed 1393798 records successfully
<br>
INNER LOOP
<br>
Processed 1402917 records successfully
<br>
START-DATE : 23-FEB-09 PARTITION-END-DATE : 23-FEB-14
<br>
OUTER LOOP
<br>
INNER LOOP
<br>
Processed 1406283 records successfully
<br>
START-DATE : 23-FEB-14 PARTITION-END-DATE : 23-FEB-19
<br>
OUTER LOOP
<br>
INNER LOOP
<br>
Processed 1416283 records successfully
<br>
INNER LOOP
<br>
Processed 1425734 records successfully
<br>
START-DATE : 23-FEB-19 PARTITION-END-DATE : 23-FEB-24
<br>
OUTER LOOP
<br>
INNER LOOP
<br>
Processed 1435734 records successfully
<br>
INNER LOOP
<br>
Processed 1445734 records successfully
<br>
INNER LOOP
<br>
Processed 1449098 records successfully
<br>
START-DATE : 23-FEB-24 PARTITION-END-DATE : 23-MAR-01
<br>
OUTER LOOP
<br>
INNER LOOP
<br>
Processed 1459098 records successfully
<br>
INNER LOOP
<br>
Processed 1467021 records successfully
<br>
START-DATE : 23-MAR-01 PARTITION-END-DATE : 23-MAR-06
<br>
OUTER LOOP
<br>
INNER LOOP
<br>
Processed 1473847 records successfully
<br>
START-DATE : 23-MAR-06 PARTITION-END-DATE : 23-MAR-11
<br>
OUTER LOOP
<br>
INNER LOOP
<br>
Processed 1473847 records successfully
<br>
START-DATE : 23-MAR-11 PARTITION-END-DATE : 23-MAR-16
<br>
OUTER LOOP
<br>
INNER LOOP
<br>
Processed 1473847 records successfully
<br>
START-DATE : 23-MAR-16 PARTITION-END-DATE : 23-MAR-21
<br>
OUTER LOOP
<br>
INNER LOOP
<br>
Processed 1473847 records successfully
<br>
START-DATE : 23-MAR-21 PARTITION-END-DATE : 23-MAR-26
<br>
OUTER LOOP
<br>
INNER LOOP
<br>
Processed 1473847 records successfully
<br>
START-DATE : 23-MAR-26 PARTITION-END-DATE : 23-MAR-31
<br>
OUTER LOOP
<br>
INNER LOOP
<br>
Processed 1473847 records successfully
<br>
START-DATE : 23-MAR-31 PARTITION-END-DATE : 23-APR-05
<br>
OUTER LOOP
<br>
INNER LOOP
<br>
Processed 1473847 records successfully
<br>
START-DATE : 23-APR-05 PARTITION-END-DATE : 23-APR-10
<br>

PL/SQL procedure successfully completed.<br>
<br>


Disconnected from Oracle Database 19c Enterprise Edition Release 19.0.0.0.0 - Production
