
SQL*Loader: Release 12.1.0.2.0 - Production on Mon Aug 22 23:54:43 2022

Copyright (c) 1982, 2014, Oracle and/or its affiliates.  All rights reserved.

Control File:   wc_company_temp.ctl
Data File:      /tmp/wc_company_temp.csv
  Bad File:     wc_company_temp.bad
  Discard File:  none specified
 
 (Allow all discards)

Number to load: ALL
Number to skip: 0
Errors allowed: 50
Bind array:     64 rows, maximum of 256000 bytes
Continuation:    none specified
Path used:      Conventional

Table PSPADM.PSP_WC_COMPANY_TEMP, loaded from every logical record.
Insert option in effect for this table: INSERT

   Column Name                  Position   Len  Term Encl Datatype
------------------------------ ---------- ----- ---- ---- ---------------------
PSP_COMPANY_ID                      FIRST     *   ,  O(") CHARACTER            
STATUS                               NEXT     *   ,  O(") CHARACTER            
SUBSCRIPTION_PROVIDER_ID             NEXT     *   ,  O(") CHARACTER            
INTEGRATION_ID                       NEXT     *   ,  O(") CHARACTER            
BUSINESS_NAME                        NEXT     *   ,  O(") CHARACTER            
SUBSCRIPTION_PROVIDER_NAME           NEXT     *   ,  O(") CHARACTER            
STATUS_NAME                          NEXT     *   ,  O(") CHARACTER            


Table PSPADM.PSP_WC_COMPANY_TEMP:
  6380 Rows successfully loaded.
  0 Rows not loaded due to data errors.
  0 Rows not loaded because all WHEN clauses were failed.
  0 Rows not loaded because all fields were null.


Space allocated for bind array:                 115584 bytes(64 rows)
Read   buffer bytes: 1048576

Total logical records skipped:          0
Total logical records read:          6380
Total logical records rejected:         0
Total logical records discarded:        0

Run began on Mon Aug 22 23:54:43 2022
Run ended on Mon Aug 22 23:54:48 2022

Elapsed time was:     00:00:05.28
CPU time was:         00:00:00.20
