Timing is on.
set search_path=pspadm;
SET
Time: 0.454 ms
SELECT CURRENT_TIMESTAMP;
       current_timestamp       
-------------------------------
 2023-10-05 10:48:32.996652-07
(1 row)

Time: 0.454 ms
Insert into pspadm.psp_entitlement_message select * from pspadm.psp_entitlement_message_2012_old;
INSERT 0 2097520
Time: 842222.674 ms (14:02.223)
Insert into pspadm.psp_entitlement_message select * from pspadm.psp_entitlement_message_2013_old;
INSERT 0 5335338
Time: 2174697.590 ms (36:14.698)
Insert into pspadm.psp_entitlement_message select * from pspadm.psp_entitlement_message_2014_old;
INSERT 0 6501191
Time: 2516743.916 ms (41:56.744)
Insert into pspadm.psp_entitlement_message select * from pspadm.psp_entitlement_message_2015_old;
INSERT 0 7145169
Time: 2848297.024 ms (47:28.297)
Insert into pspadm.psp_entitlement_message select * from pspadm.psp_entitlement_message_2016_old;
INSERT 0 7189480
Time: 3174886.416 ms (52:54.886)
Insert into pspadm.psp_entitlement_message select * from pspadm.psp_entitlement_message_2017_old;
INSERT 0 7574737
Time: 3139073.891 ms (52:19.074)
Insert into pspadm.psp_entitlement_message select * from pspadm.psp_entitlement_message_2018_old;
INSERT 0 7268753
Time: 3171750.324 ms (52:51.750)
Insert into pspadm.psp_entitlement_message select * from pspadm.psp_entitlement_message_2019_old;
INSERT 0 7212104
Time: 3078890.678 ms (51:18.891)
Insert into pspadm.psp_entitlement_message select * from pspadm.psp_entitlement_message_2020_old;
INSERT 0 7396845
Time: 3311748.327 ms (55:11.748)
Insert into pspadm.psp_entitlement_message select * from pspadm.psp_entitlement_message_2021_old;
INSERT 0 8190860
Time: 3770891.540 ms (01:02:50.892)
Insert into pspadm.psp_entitlement_message select * from pspadm.psp_entitlement_message_2022_old;
INSERT 0 9632353
Time: 4002613.690 ms (01:06:42.614)
Insert into pspadm.psp_entitlement_message select * from pspadm.psp_entitlement_message_2023_old;
INSERT 0 3746640
Time: 1440705.358 ms (24:00.705)
Insert into pspadm.psp_entitlement_message select * from pspadm.psp_entitlement_message_2024_old;
INSERT 0 0
Time: 8.454 ms
SELECT CURRENT_TIMESTAMP;
       current_timestamp       
-------------------------------
 2023-10-05 20:06:25.524465-07
(1 row)

Time: 0.436 ms
set search_path=pspadm;
SET
Time: 0.397 ms
SELECT CURRENT_TIMESTAMP;
       current_timestamp       
-------------------------------
 2023-10-05 20:06:25.525381-07
(1 row)

Time: 0.331 ms
select 'creating index on psp_entitlement_message' as status ;
                  status                   
-------------------------------------------
 creating index on psp_entitlement_message
(1 row)

Time: 0.393 ms
create index concurrently psp_entitlement_message_u1_p0 on pspadm.psp_entitlement_message_p0  USING BTREE (token );
CREATE INDEX
Time: 9278.938 ms (00:09.279)
create index concurrently psp_entitlement_message_u1_p1 on pspadm.psp_entitlement_message_p1  USING BTREE (token );
CREATE INDEX
Time: 9234.955 ms (00:09.235)
create index concurrently psp_entitlement_message_u1_p2 on pspadm.psp_entitlement_message_p2  USING BTREE (token );
CREATE INDEX
Time: 9217.510 ms (00:09.218)
create index concurrently psp_entitlement_message_u1_p3 on pspadm.psp_entitlement_message_p3  USING BTREE (token );
CREATE INDEX
Time: 9166.151 ms (00:09.166)
create index concurrently psp_entitlement_message_u1_p4 on pspadm.psp_entitlement_message_p4  USING BTREE (token );
CREATE INDEX
Time: 9139.630 ms (00:09.140)
create index concurrently psp_entitlement_message_u1_p5 on pspadm.psp_entitlement_message_p5  USING BTREE (token );
CREATE INDEX
Time: 9115.738 ms (00:09.116)
create index concurrently psp_entitlement_message_u1_p6 on pspadm.psp_entitlement_message_p6  USING BTREE (token );
CREATE INDEX
Time: 9068.205 ms (00:09.068)
create index concurrently psp_entitlement_message_u1_p7 on pspadm.psp_entitlement_message_p7  USING BTREE (token );
CREATE INDEX
Time: 9127.876 ms (00:09.128)
create index concurrently psp_entitlement_msg_lcno_eofcd_p0 on pspadm.psp_entitlement_message_p0  USING BTREE (license_number ,entitlement_offering_code );
CREATE INDEX
Time: 13228.722 ms (00:13.229)
create index concurrently psp_entitlement_msg_lcno_eofcd_p1 on pspadm.psp_entitlement_message_p1  USING BTREE (license_number ,entitlement_offering_code );
CREATE INDEX
Time: 13216.964 ms (00:13.217)
create index concurrently psp_entitlement_msg_lcno_eofcd_p2 on pspadm.psp_entitlement_message_p2  USING BTREE (license_number ,entitlement_offering_code );
CREATE INDEX
Time: 13278.058 ms (00:13.278)
create index concurrently psp_entitlement_msg_lcno_eofcd_p3 on pspadm.psp_entitlement_message_p3  USING BTREE (license_number ,entitlement_offering_code );
CREATE INDEX
Time: 13282.159 ms (00:13.282)
create index concurrently psp_entitlement_msg_lcno_eofcd_p4 on pspadm.psp_entitlement_message_p4  USING BTREE (license_number ,entitlement_offering_code );
CREATE INDEX
Time: 13241.078 ms (00:13.241)
create index concurrently psp_entitlement_msg_lcno_eofcd_p5 on pspadm.psp_entitlement_message_p5  USING BTREE (license_number ,entitlement_offering_code );
CREATE INDEX
Time: 13255.792 ms (00:13.256)
create index concurrently psp_entitlement_msg_lcno_eofcd_p6 on pspadm.psp_entitlement_message_p6  USING BTREE (license_number ,entitlement_offering_code );
CREATE INDEX
Time: 13235.451 ms (00:13.235)
create index concurrently psp_entitlement_msg_lcno_eofcd_p7 on pspadm.psp_entitlement_message_p7  USING BTREE (license_number ,entitlement_offering_code );
CREATE INDEX
Time: 13261.072 ms (00:13.261)
create index concurrently psp_entitlement_msg_msgts_er_p0 on pspadm.psp_entitlement_message_p0  USING BTREE (message_timestamp ,event_reason );
CREATE INDEX
Time: 8093.881 ms (00:08.094)
create index concurrently psp_entitlement_msg_msgts_er_p1 on pspadm.psp_entitlement_message_p1  USING BTREE (message_timestamp ,event_reason );
CREATE INDEX
Time: 8095.830 ms (00:08.096)
create index concurrently psp_entitlement_msg_msgts_er_p2 on pspadm.psp_entitlement_message_p2  USING BTREE (message_timestamp ,event_reason );
CREATE INDEX
Time: 8160.374 ms (00:08.160)
create index concurrently psp_entitlement_msg_msgts_er_p3 on pspadm.psp_entitlement_message_p3  USING BTREE (message_timestamp ,event_reason );
CREATE INDEX
Time: 8115.116 ms (00:08.115)
create index concurrently psp_entitlement_msg_msgts_er_p4 on pspadm.psp_entitlement_message_p4  USING BTREE (message_timestamp ,event_reason );
CREATE INDEX
Time: 8372.002 ms (00:08.372)
create index concurrently psp_entitlement_msg_msgts_er_p5 on pspadm.psp_entitlement_message_p5  USING BTREE (message_timestamp ,event_reason );
CREATE INDEX
Time: 7968.453 ms (00:07.968)
create index concurrently psp_entitlement_msg_msgts_er_p6 on pspadm.psp_entitlement_message_p6  USING BTREE (message_timestamp ,event_reason );
CREATE INDEX
Time: 7959.617 ms (00:07.960)
create index concurrently psp_entitlement_msg_msgts_er_p7 on pspadm.psp_entitlement_message_p7  USING BTREE (message_timestamp ,event_reason );
CREATE INDEX
Time: 7981.384 ms (00:07.981)
create index concurrently psp_entitlement_msg_orno_lcno_p0 on pspadm.psp_entitlement_message_p0  USING BTREE (order_number ,license_number );
CREATE INDEX
Time: 15227.443 ms (00:15.227)
create index concurrently psp_entitlement_msg_orno_lcno_p1 on pspadm.psp_entitlement_message_p1  USING BTREE (order_number ,license_number );
CREATE INDEX
Time: 13898.853 ms (00:13.899)
create index concurrently psp_entitlement_msg_orno_lcno_p2 on pspadm.psp_entitlement_message_p2  USING BTREE (order_number ,license_number );
CREATE INDEX
Time: 13826.978 ms (00:13.827)
create index concurrently psp_entitlement_msg_orno_lcno_p3 on pspadm.psp_entitlement_message_p3  USING BTREE (order_number ,license_number );
CREATE INDEX
Time: 13920.567 ms (00:13.921)
create index concurrently psp_entitlement_msg_orno_lcno_p4 on pspadm.psp_entitlement_message_p4  USING BTREE (order_number ,license_number );
CREATE INDEX
Time: 13837.955 ms (00:13.838)
create index concurrently psp_entitlement_msg_orno_lcno_p5 on pspadm.psp_entitlement_message_p5  USING BTREE (order_number ,license_number );
CREATE INDEX
Time: 14038.699 ms (00:14.039)
create index concurrently psp_entitlement_msg_orno_lcno_p6 on pspadm.psp_entitlement_message_p6  USING BTREE (order_number ,license_number );
CREATE INDEX
Time: 13815.681 ms (00:13.816)
create index concurrently psp_entitlement_msg_orno_lcno_p7 on pspadm.psp_entitlement_message_p7  USING BTREE (order_number ,license_number );
CREATE INDEX
Time: 13867.729 ms (00:13.868)
create index concurrently idx_ent_msg_mod_date_p0 on pspadm.psp_entitlement_message_p0  USING BTREE (modified_date);
CREATE INDEX
Time: 6006.720 ms (00:06.007)
create index concurrently idx_ent_msg_mod_date_p1 on pspadm.psp_entitlement_message_p1  USING BTREE (modified_date);
CREATE INDEX
Time: 6179.636 ms (00:06.180)
create index concurrently idx_ent_msg_mod_date_p2 on pspadm.psp_entitlement_message_p2  USING BTREE (modified_date);
CREATE INDEX
Time: 6011.756 ms (00:06.012)
create index concurrently idx_ent_msg_mod_date_p3 on pspadm.psp_entitlement_message_p3  USING BTREE (modified_date);
CREATE INDEX
Time: 6149.983 ms (00:06.150)
create index concurrently idx_ent_msg_mod_date_p4 on pspadm.psp_entitlement_message_p4  USING BTREE (modified_date);
CREATE INDEX
Time: 6029.553 ms (00:06.030)
create index concurrently idx_ent_msg_mod_date_p5 on pspadm.psp_entitlement_message_p5  USING BTREE (modified_date);
CREATE INDEX
Time: 6148.214 ms (00:06.148)
create index concurrently idx_ent_msg_mod_date_p6 on pspadm.psp_entitlement_message_p6  USING BTREE (modified_date);
CREATE INDEX
Time: 6105.903 ms (00:06.106)
create index concurrently idx_ent_msg_mod_date_p7 on pspadm.psp_entitlement_message_p7  USING BTREE (modified_date);
CREATE INDEX
Time: 6168.569 ms (00:06.169)
create index  psp_entitlement_message_u1 ON ONLY  pspadm.psp_entitlement_message USING BTREE (token );
CREATE INDEX
Time: 12.707 ms
create index  psp_entitlement_msg_lcno_eofcd ON ONLY  pspadm.psp_entitlement_message USING BTREE (license_number ,entitlement_offering_code );
CREATE INDEX
Time: 5.508 ms
create index  psp_entitlement_msg_msgts_er ON ONLY  pspadm.psp_entitlement_message USING BTREE (message_timestamp ,event_reason  );
CREATE INDEX
Time: 5.046 ms
create index  psp_entitlement_msg_orno_lcno ON ONLY  pspadm.psp_entitlement_message USING BTREE (order_number ,license_number );
CREATE INDEX
Time: 5.204 ms
create index  idx_ent_msg_mod_date ON ONLY  pspadm.psp_entitlement_message USING BTREE (modified_date);
CREATE INDEX
Time: 4.951 ms
alter index psp_entitlement_message_u1 attach partition  pspadm.psp_entitlement_message_u1_p0 ;
ALTER INDEX
Time: 9.540 ms
alter index psp_entitlement_message_u1 attach partition  pspadm.psp_entitlement_message_u1_p1 ;
ALTER INDEX
Time: 6.454 ms
alter index psp_entitlement_message_u1 attach partition  pspadm.psp_entitlement_message_u1_p2 ;
ALTER INDEX
Time: 4.931 ms
alter index psp_entitlement_message_u1 attach partition  pspadm.psp_entitlement_message_u1_p3 ;
ALTER INDEX
Time: 4.522 ms
alter index psp_entitlement_message_u1 attach partition  pspadm.psp_entitlement_message_u1_p4 ;
ALTER INDEX
Time: 4.230 ms
alter index psp_entitlement_message_u1 attach partition  pspadm.psp_entitlement_message_u1_p5 ;
ALTER INDEX
Time: 4.931 ms
alter index psp_entitlement_message_u1 attach partition  pspadm.psp_entitlement_message_u1_p6 ;
ALTER INDEX
Time: 4.450 ms
alter index psp_entitlement_message_u1 attach partition  pspadm.psp_entitlement_message_u1_p7 ;
ALTER INDEX
Time: 4.789 ms
alter index psp_entitlement_msg_lcno_eofcd attach partition  pspadm.psp_entitlement_msg_lcno_eofcd_p0 ;
ALTER INDEX
Time: 4.977 ms
alter index psp_entitlement_msg_lcno_eofcd attach partition  pspadm.psp_entitlement_msg_lcno_eofcd_p1 ;
ALTER INDEX
Time: 4.602 ms
alter index psp_entitlement_msg_lcno_eofcd attach partition  pspadm.psp_entitlement_msg_lcno_eofcd_p2 ;
ALTER INDEX
Time: 4.352 ms
alter index psp_entitlement_msg_lcno_eofcd attach partition  pspadm.psp_entitlement_msg_lcno_eofcd_p3 ;
ALTER INDEX
Time: 4.314 ms
alter index psp_entitlement_msg_lcno_eofcd attach partition  pspadm.psp_entitlement_msg_lcno_eofcd_p4 ;
ALTER INDEX
Time: 4.209 ms
alter index psp_entitlement_msg_lcno_eofcd attach partition  pspadm.psp_entitlement_msg_lcno_eofcd_p5 ;
ALTER INDEX
Time: 6.759 ms
alter index psp_entitlement_msg_lcno_eofcd attach partition  pspadm.psp_entitlement_msg_lcno_eofcd_p6 ;
ALTER INDEX
Time: 4.400 ms
alter index psp_entitlement_msg_lcno_eofcd attach partition  pspadm.psp_entitlement_msg_lcno_eofcd_p7 ;
ALTER INDEX
Time: 4.536 ms
alter index psp_entitlement_msg_msgts_er attach partition  pspadm.psp_entitlement_msg_msgts_er_p0 ;
ALTER INDEX
Time: 4.552 ms
alter index psp_entitlement_msg_msgts_er attach partition  pspadm.psp_entitlement_msg_msgts_er_p1 ;
ALTER INDEX
Time: 4.589 ms
alter index psp_entitlement_msg_msgts_er attach partition  pspadm.psp_entitlement_msg_msgts_er_p2 ;
ALTER INDEX
Time: 4.535 ms
alter index psp_entitlement_msg_msgts_er attach partition  pspadm.psp_entitlement_msg_msgts_er_p3 ;
ALTER INDEX
Time: 4.648 ms
alter index psp_entitlement_msg_msgts_er attach partition  pspadm.psp_entitlement_msg_msgts_er_p4 ;
ALTER INDEX
Time: 4.387 ms
alter index psp_entitlement_msg_msgts_er attach partition  pspadm.psp_entitlement_msg_msgts_er_p5 ;
ALTER INDEX
Time: 4.211 ms
alter index psp_entitlement_msg_msgts_er attach partition  pspadm.psp_entitlement_msg_msgts_er_p6 ;
ALTER INDEX
Time: 4.248 ms
alter index psp_entitlement_msg_msgts_er attach partition  pspadm.psp_entitlement_msg_msgts_er_p7 ;
ALTER INDEX
Time: 4.055 ms
alter index psp_entitlement_msg_orno_lcno attach partition  pspadm.psp_entitlement_msg_orno_lcno_p0 ;
ALTER INDEX
Time: 4.914 ms
alter index psp_entitlement_msg_orno_lcno attach partition  pspadm.psp_entitlement_msg_orno_lcno_p1 ;
ALTER INDEX
Time: 6.181 ms
alter index psp_entitlement_msg_orno_lcno attach partition  pspadm.psp_entitlement_msg_orno_lcno_p2 ;
ALTER INDEX
Time: 4.475 ms
alter index psp_entitlement_msg_orno_lcno attach partition  pspadm.psp_entitlement_msg_orno_lcno_p3 ;
ALTER INDEX
Time: 4.258 ms
alter index psp_entitlement_msg_orno_lcno attach partition  pspadm.psp_entitlement_msg_orno_lcno_p4 ;
ALTER INDEX
Time: 4.192 ms
alter index psp_entitlement_msg_orno_lcno attach partition  pspadm.psp_entitlement_msg_orno_lcno_p5 ;
ALTER INDEX
Time: 4.222 ms
alter index psp_entitlement_msg_orno_lcno attach partition  pspadm.psp_entitlement_msg_orno_lcno_p6 ;
ALTER INDEX
Time: 4.208 ms
alter index psp_entitlement_msg_orno_lcno attach partition  pspadm.psp_entitlement_msg_orno_lcno_p7 ;
ALTER INDEX
Time: 4.309 ms
alter index idx_ent_msg_mod_date attach partition  pspadm.idx_ent_msg_mod_date_p0 ;
ALTER INDEX
Time: 4.498 ms
alter index idx_ent_msg_mod_date attach partition  pspadm.idx_ent_msg_mod_date_p1 ;
ALTER INDEX
Time: 4.397 ms
alter index idx_ent_msg_mod_date attach partition  pspadm.idx_ent_msg_mod_date_p2 ;
ALTER INDEX
Time: 5.229 ms
alter index idx_ent_msg_mod_date attach partition  pspadm.idx_ent_msg_mod_date_p3 ;
ALTER INDEX
Time: 5.486 ms
alter index idx_ent_msg_mod_date attach partition  pspadm.idx_ent_msg_mod_date_p4 ;
ALTER INDEX
Time: 4.382 ms
alter index idx_ent_msg_mod_date attach partition  pspadm.idx_ent_msg_mod_date_p5 ;
ALTER INDEX
Time: 4.395 ms
alter index idx_ent_msg_mod_date attach partition  pspadm.idx_ent_msg_mod_date_p6 ;
ALTER INDEX
Time: 6.065 ms
alter index idx_ent_msg_mod_date attach partition  pspadm.idx_ent_msg_mod_date_p7 ;
ALTER INDEX
Time: 4.934 ms
SELECT CURRENT_TIMESTAMP;
       current_timestamp       
-------------------------------
 2023-10-05 20:13:11.088571-07
(1 row)

Time: 0.387 ms
