Timing is on.
set search_path=pspadm;
SET
Time: 0.561 ms
SELECT CURRENT_TIMESTAMP;
       current_timestamp       
-------------------------------
 2023-10-04 19:48:25.706515-07
(1 row)

Time: 0.553 ms
select 'creating index on psp_entitlement_message' as status ;
                  status                   
-------------------------------------------
 creating index on psp_entitlement_message
(1 row)

Time: 0.466 ms
create index concurrently psp_entitlement_message_u1_p0 on pspadm.psp_entitlement_message_p0  USING BTREE (token );
CREATE INDEX
Time: 10294.846 ms (00:10.295)
create index concurrently psp_entitlement_message_u1_p1 on pspadm.psp_entitlement_message_p1  USING BTREE (token );
CREATE INDEX
Time: 10182.862 ms (00:10.183)
create index concurrently psp_entitlement_message_u1_p2 on pspadm.psp_entitlement_message_p2  USING BTREE (token );
CREATE INDEX
Time: 10218.679 ms (00:10.219)
create index concurrently psp_entitlement_message_u1_p3 on pspadm.psp_entitlement_message_p3  USING BTREE (token );
CREATE INDEX
Time: 10168.439 ms (00:10.168)
create index concurrently psp_entitlement_message_u1_p4 on pspadm.psp_entitlement_message_p4  USING BTREE (token );
CREATE INDEX
Time: 16083.919 ms (00:16.084)
create index concurrently psp_entitlement_message_u1_p5 on pspadm.psp_entitlement_message_p5  USING BTREE (token );
CREATE INDEX
Time: 10070.616 ms (00:10.071)
create index concurrently psp_entitlement_message_u1_p6 on pspadm.psp_entitlement_message_p6  USING BTREE (token );
CREATE INDEX
Time: 10030.402 ms (00:10.030)
create index concurrently psp_entitlement_message_u1_p7 on pspadm.psp_entitlement_message_p7  USING BTREE (token );
CREATE INDEX
Time: 10437.476 ms (00:10.437)
create index concurrently psp_entitlement_msg_lcno_eofcd_p0 on pspadm.psp_entitlement_message_p0  USING BTREE (license_number ,entitlement_offering_code );
CREATE INDEX
Time: 13313.554 ms (00:13.314)
create index concurrently psp_entitlement_msg_lcno_eofcd_p1 on pspadm.psp_entitlement_message_p1  USING BTREE (license_number ,entitlement_offering_code );
CREATE INDEX
Time: 15763.831 ms (00:15.764)
create index concurrently psp_entitlement_msg_lcno_eofcd_p2 on pspadm.psp_entitlement_message_p2  USING BTREE (license_number ,entitlement_offering_code );
CREATE INDEX
Time: 13185.011 ms (00:13.185)
create index concurrently psp_entitlement_msg_lcno_eofcd_p3 on pspadm.psp_entitlement_message_p3  USING BTREE (license_number ,entitlement_offering_code );
CREATE INDEX
Time: 16517.929 ms (00:16.518)
create index concurrently psp_entitlement_msg_lcno_eofcd_p4 on pspadm.psp_entitlement_message_p4  USING BTREE (license_number ,entitlement_offering_code );
CREATE INDEX
Time: 13196.568 ms (00:13.197)
create index concurrently psp_entitlement_msg_lcno_eofcd_p5 on pspadm.psp_entitlement_message_p5  USING BTREE (license_number ,entitlement_offering_code );
CREATE INDEX
Time: 17288.677 ms (00:17.289)
create index concurrently psp_entitlement_msg_lcno_eofcd_p6 on pspadm.psp_entitlement_message_p6  USING BTREE (license_number ,entitlement_offering_code );
CREATE INDEX
Time: 13101.351 ms (00:13.101)
create index concurrently psp_entitlement_msg_lcno_eofcd_p7 on pspadm.psp_entitlement_message_p7  USING BTREE (license_number ,entitlement_offering_code );
CREATE INDEX
Time: 13142.483 ms (00:13.142)
create index concurrently psp_entitlement_msg_msgts_er_p0 on pspadm.psp_entitlement_message_p0  USING BTREE (message_timestamp ,event_reason );
CREATE INDEX
Time: 7932.541 ms (00:07.933)
create index concurrently psp_entitlement_msg_msgts_er_p1 on pspadm.psp_entitlement_message_p1  USING BTREE (message_timestamp ,event_reason );
CREATE INDEX
Time: 7273.253 ms (00:07.273)
create index concurrently psp_entitlement_msg_msgts_er_p2 on pspadm.psp_entitlement_message_p2  USING BTREE (message_timestamp ,event_reason );
CREATE INDEX
Time: 7815.069 ms (00:07.815)
create index concurrently psp_entitlement_msg_msgts_er_p3 on pspadm.psp_entitlement_message_p3  USING BTREE (message_timestamp ,event_reason );
CREATE INDEX
Time: 11606.368 ms (00:11.606)
create index concurrently psp_entitlement_msg_msgts_er_p4 on pspadm.psp_entitlement_message_p4  USING BTREE (message_timestamp ,event_reason );
CREATE INDEX
Time: 7363.663 ms (00:07.364)
create index concurrently psp_entitlement_msg_msgts_er_p5 on pspadm.psp_entitlement_message_p5  USING BTREE (message_timestamp ,event_reason );
CREATE INDEX
Time: 8179.953 ms (00:08.180)
create index concurrently psp_entitlement_msg_msgts_er_p6 on pspadm.psp_entitlement_message_p6  USING BTREE (message_timestamp ,event_reason );
CREATE INDEX
Time: 8081.456 ms (00:08.081)
create index concurrently psp_entitlement_msg_msgts_er_p7 on pspadm.psp_entitlement_message_p7  USING BTREE (message_timestamp ,event_reason );
CREATE INDEX
Time: 8462.306 ms (00:08.462)
create index concurrently psp_entitlement_msg_orno_lcno_p0 on pspadm.psp_entitlement_message_p0  USING BTREE (order_number ,license_number );
CREATE INDEX
Time: 13922.193 ms (00:13.922)
create index concurrently psp_entitlement_msg_orno_lcno_p1 on pspadm.psp_entitlement_message_p1  USING BTREE (order_number ,license_number );
CREATE INDEX
Time: 13905.427 ms (00:13.905)
create index concurrently psp_entitlement_msg_orno_lcno_p2 on pspadm.psp_entitlement_message_p2  USING BTREE (order_number ,license_number );
CREATE INDEX
Time: 13845.093 ms (00:13.845)
create index concurrently psp_entitlement_msg_orno_lcno_p3 on pspadm.psp_entitlement_message_p3  USING BTREE (order_number ,license_number );
CREATE INDEX
Time: 13798.289 ms (00:13.798)
create index concurrently psp_entitlement_msg_orno_lcno_p4 on pspadm.psp_entitlement_message_p4  USING BTREE (order_number ,license_number );
CREATE INDEX
Time: 13865.387 ms (00:13.865)
create index concurrently psp_entitlement_msg_orno_lcno_p5 on pspadm.psp_entitlement_message_p5  USING BTREE (order_number ,license_number );
CREATE INDEX
Time: 17875.529 ms (00:17.876)
create index concurrently psp_entitlement_msg_orno_lcno_p6 on pspadm.psp_entitlement_message_p6  USING BTREE (order_number ,license_number );
CREATE INDEX
Time: 13900.681 ms (00:13.901)
create index concurrently psp_entitlement_msg_orno_lcno_p7 on pspadm.psp_entitlement_message_p7  USING BTREE (order_number ,license_number );
CREATE INDEX
Time: 13858.691 ms (00:13.859)
create index concurrently idx_ent_msg_mod_date_p0 on pspadm.psp_entitlement_message_p0  USING BTREE (modified_date);
CREATE INDEX
Time: 6240.080 ms (00:06.240)
create index concurrently idx_ent_msg_mod_date_p1 on pspadm.psp_entitlement_message_p1  USING BTREE (modified_date);
CREATE INDEX
Time: 5961.296 ms (00:05.961)
create index concurrently idx_ent_msg_mod_date_p2 on pspadm.psp_entitlement_message_p2  USING BTREE (modified_date);
CREATE INDEX
Time: 6298.894 ms (00:06.299)
create index concurrently idx_ent_msg_mod_date_p3 on pspadm.psp_entitlement_message_p3  USING BTREE (modified_date);
CREATE INDEX
Time: 6043.137 ms (00:06.043)
create index concurrently idx_ent_msg_mod_date_p4 on pspadm.psp_entitlement_message_p4  USING BTREE (modified_date);
CREATE INDEX
Time: 8334.181 ms (00:08.334)
create index concurrently idx_ent_msg_mod_date_p5 on pspadm.psp_entitlement_message_p5  USING BTREE (modified_date);
CREATE INDEX
Time: 6500.082 ms (00:06.500)
create index concurrently idx_ent_msg_mod_date_p6 on pspadm.psp_entitlement_message_p6  USING BTREE (modified_date);
CREATE INDEX
Time: 6024.642 ms (00:06.025)
create index concurrently idx_ent_msg_mod_date_p7 on pspadm.psp_entitlement_message_p7  USING BTREE (modified_date);
CREATE INDEX
Time: 16082.606 ms (00:16.083)
create index  psp_entitlement_message_u1 ON ONLY  pspadm.psp_entitlement_message USING BTREE (token );
psql:create_index_pse.sql:53: ERROR:  relation "psp_entitlement_message_u1" already exists
Time: 3.123 ms
create index  psp_entitlement_msg_lcno_eofcd ON ONLY  pspadm.psp_entitlement_message USING BTREE (license_number ,entitlement_offering_code );
CREATE INDEX
Time: 5.470 ms
create index  psp_entitlement_msg_msgts_er ON ONLY  pspadm.psp_entitlement_message USING BTREE (message_timestamp ,event_reason  );
CREATE INDEX
Time: 5.017 ms
create index  psp_entitlement_msg_orno_lcno ON ONLY  pspadm.psp_entitlement_message USING BTREE (order_number ,license_number );
CREATE INDEX
Time: 4.937 ms
create index  idx_ent_msg_mod_date ON ONLY  pspadm.psp_entitlement_message USING BTREE (modified_date);
CREATE INDEX
Time: 4.881 ms
alter index psp_entitlement_message_u1 attach partition  pspadm.psp_entitlement_message_u1_p0 ;
psql:create_index_pse.sql:59: ERROR:  cannot attach index "psp_entitlement_message_u1_p0" as a partition of index "psp_entitlement_message_u1"
DETAIL:  Index "psp_entitlement_message_u1_p0" is not an index on any partition of table "psp_entitlement_message_old".
Time: 1.601 ms
alter index psp_entitlement_message_u1 attach partition  pspadm.psp_entitlement_message_u1_p1 ;
psql:create_index_pse.sql:60: ERROR:  cannot attach index "psp_entitlement_message_u1_p1" as a partition of index "psp_entitlement_message_u1"
DETAIL:  Index "psp_entitlement_message_u1_p1" is not an index on any partition of table "psp_entitlement_message_old".
Time: 1.213 ms
alter index psp_entitlement_message_u1 attach partition  pspadm.psp_entitlement_message_u1_p2 ;
psql:create_index_pse.sql:61: ERROR:  cannot attach index "psp_entitlement_message_u1_p2" as a partition of index "psp_entitlement_message_u1"
DETAIL:  Index "psp_entitlement_message_u1_p2" is not an index on any partition of table "psp_entitlement_message_old".
Time: 1.321 ms
alter index psp_entitlement_message_u1 attach partition  pspadm.psp_entitlement_message_u1_p3 ;
psql:create_index_pse.sql:62: ERROR:  cannot attach index "psp_entitlement_message_u1_p3" as a partition of index "psp_entitlement_message_u1"
DETAIL:  Index "psp_entitlement_message_u1_p3" is not an index on any partition of table "psp_entitlement_message_old".
Time: 1.342 ms
alter index psp_entitlement_message_u1 attach partition  pspadm.psp_entitlement_message_u1_p4 ;
psql:create_index_pse.sql:63: ERROR:  cannot attach index "psp_entitlement_message_u1_p4" as a partition of index "psp_entitlement_message_u1"
DETAIL:  Index "psp_entitlement_message_u1_p4" is not an index on any partition of table "psp_entitlement_message_old".
Time: 1.240 ms
alter index psp_entitlement_message_u1 attach partition  pspadm.psp_entitlement_message_u1_p5 ;
psql:create_index_pse.sql:64: ERROR:  cannot attach index "psp_entitlement_message_u1_p5" as a partition of index "psp_entitlement_message_u1"
DETAIL:  Index "psp_entitlement_message_u1_p5" is not an index on any partition of table "psp_entitlement_message_old".
Time: 1.176 ms
alter index psp_entitlement_message_u1 attach partition  pspadm.psp_entitlement_message_u1_p6 ;
psql:create_index_pse.sql:65: ERROR:  cannot attach index "psp_entitlement_message_u1_p6" as a partition of index "psp_entitlement_message_u1"
DETAIL:  Index "psp_entitlement_message_u1_p6" is not an index on any partition of table "psp_entitlement_message_old".
Time: 1.309 ms
alter index psp_entitlement_message_u1 attach partition  pspadm.psp_entitlement_message_u1_p7 ;
psql:create_index_pse.sql:66: ERROR:  cannot attach index "psp_entitlement_message_u1_p7" as a partition of index "psp_entitlement_message_u1"
DETAIL:  Index "psp_entitlement_message_u1_p7" is not an index on any partition of table "psp_entitlement_message_old".
Time: 1.326 ms
alter index psp_entitlement_msg_lcno_eofcd attach partition  pspadm.psp_entitlement_msg_lcno_eofcd_p0 ;
ALTER INDEX
Time: 5.903 ms
alter index psp_entitlement_msg_lcno_eofcd attach partition  pspadm.psp_entitlement_msg_lcno_eofcd_p1 ;
ALTER INDEX
Time: 3.967 ms
alter index psp_entitlement_msg_lcno_eofcd attach partition  pspadm.psp_entitlement_msg_lcno_eofcd_p2 ;
ALTER INDEX
Time: 3.650 ms
alter index psp_entitlement_msg_lcno_eofcd attach partition  pspadm.psp_entitlement_msg_lcno_eofcd_p3 ;
ALTER INDEX
Time: 3.817 ms
alter index psp_entitlement_msg_lcno_eofcd attach partition  pspadm.psp_entitlement_msg_lcno_eofcd_p4 ;
ALTER INDEX
Time: 4.847 ms
alter index psp_entitlement_msg_lcno_eofcd attach partition  pspadm.psp_entitlement_msg_lcno_eofcd_p5 ;
ALTER INDEX
Time: 4.528 ms
alter index psp_entitlement_msg_lcno_eofcd attach partition  pspadm.psp_entitlement_msg_lcno_eofcd_p6 ;
ALTER INDEX
Time: 4.614 ms
alter index psp_entitlement_msg_lcno_eofcd attach partition  pspadm.psp_entitlement_msg_lcno_eofcd_p7 ;
ALTER INDEX
Time: 5.111 ms
alter index psp_entitlement_msg_msgts_er attach partition  pspadm.psp_entitlement_msg_msgts_er_p0 ;
ALTER INDEX
Time: 5.350 ms
alter index psp_entitlement_msg_msgts_er attach partition  pspadm.psp_entitlement_msg_msgts_er_p1 ;
ALTER INDEX
Time: 4.433 ms
alter index psp_entitlement_msg_msgts_er attach partition  pspadm.psp_entitlement_msg_msgts_er_p2 ;
ALTER INDEX
Time: 4.368 ms
alter index psp_entitlement_msg_msgts_er attach partition  pspadm.psp_entitlement_msg_msgts_er_p3 ;
ALTER INDEX
Time: 4.216 ms
alter index psp_entitlement_msg_msgts_er attach partition  pspadm.psp_entitlement_msg_msgts_er_p4 ;
ALTER INDEX
Time: 4.316 ms
alter index psp_entitlement_msg_msgts_er attach partition  pspadm.psp_entitlement_msg_msgts_er_p5 ;
ALTER INDEX
Time: 4.439 ms
alter index psp_entitlement_msg_msgts_er attach partition  pspadm.psp_entitlement_msg_msgts_er_p6 ;
ALTER INDEX
Time: 4.635 ms
alter index psp_entitlement_msg_msgts_er attach partition  pspadm.psp_entitlement_msg_msgts_er_p7 ;
ALTER INDEX
Time: 4.802 ms
alter index psp_entitlement_msg_orno_lcno attach partition  pspadm.psp_entitlement_msg_orno_lcno_p0 ;
ALTER INDEX
Time: 5.399 ms
alter index psp_entitlement_msg_orno_lcno attach partition  pspadm.psp_entitlement_msg_orno_lcno_p1 ;
ALTER INDEX
Time: 4.149 ms
alter index psp_entitlement_msg_orno_lcno attach partition  pspadm.psp_entitlement_msg_orno_lcno_p2 ;
ALTER INDEX
Time: 5.942 ms
alter index psp_entitlement_msg_orno_lcno attach partition  pspadm.psp_entitlement_msg_orno_lcno_p3 ;
ALTER INDEX
Time: 4.444 ms
alter index psp_entitlement_msg_orno_lcno attach partition  pspadm.psp_entitlement_msg_orno_lcno_p4 ;
ALTER INDEX
Time: 4.764 ms
alter index psp_entitlement_msg_orno_lcno attach partition  pspadm.psp_entitlement_msg_orno_lcno_p5 ;
ALTER INDEX
Time: 4.795 ms
alter index psp_entitlement_msg_orno_lcno attach partition  pspadm.psp_entitlement_msg_orno_lcno_p6 ;
ALTER INDEX
Time: 4.625 ms
alter index psp_entitlement_msg_orno_lcno attach partition  pspadm.psp_entitlement_msg_orno_lcno_p7 ;
ALTER INDEX
Time: 4.428 ms
alter index idx_ent_msg_mod_date attach partition  pspadm.idx_ent_msg_mod_date_p0 ;
ALTER INDEX
Time: 4.515 ms
alter index idx_ent_msg_mod_date attach partition  pspadm.idx_ent_msg_mod_date_p1 ;
ALTER INDEX
Time: 4.482 ms
alter index idx_ent_msg_mod_date attach partition  pspadm.idx_ent_msg_mod_date_p2 ;
ALTER INDEX
Time: 4.879 ms
alter index idx_ent_msg_mod_date attach partition  pspadm.idx_ent_msg_mod_date_p3 ;
ALTER INDEX
Time: 4.296 ms
alter index idx_ent_msg_mod_date attach partition  pspadm.idx_ent_msg_mod_date_p4 ;
ALTER INDEX
Time: 4.387 ms
alter index idx_ent_msg_mod_date attach partition  pspadm.idx_ent_msg_mod_date_p5 ;
ALTER INDEX
Time: 4.155 ms
alter index idx_ent_msg_mod_date attach partition  pspadm.idx_ent_msg_mod_date_p6 ;
ALTER INDEX
Time: 4.241 ms
alter index idx_ent_msg_mod_date attach partition  pspadm.idx_ent_msg_mod_date_p7 ;
ALTER INDEX
Time: 4.302 ms
SELECT CURRENT_TIMESTAMP;
       current_timestamp       
-------------------------------
 2023-10-04 19:55:52.062599-07
(1 row)

Time: 0.519 ms
