Timing is on.
set search_path=pspadm;
SET
Time: 0.486 ms
SELECT CURRENT_TIMESTAMP;
       current_timestamp       
-------------------------------
 2023-10-04 09:27:02.170085-07
(1 row)

Time: 0.470 ms
create index concurrently  idx_pchk_usg_mod_date_2012 on pspadm.psp_paycheck_usage_2012  USING BTREE (modified_date);
CREATE INDEX
Time: 25.714 ms
create index concurrently  idx_pchk_usg_mod_date_2013 on pspadm.psp_paycheck_usage_2013  USING BTREE (modified_date);
CREATE INDEX
Time: 920.586 ms
create index concurrently  idx_pchk_usg_mod_date_2014 on pspadm.psp_paycheck_usage_2014  USING BTREE (modified_date);
CREATE INDEX
Time: 9647.268 ms (00:09.647)
create index concurrently  idx_pchk_usg_mod_date_2015 on pspadm.psp_paycheck_usage_2015  USING BTREE (modified_date);
CREATE INDEX
Time: 20195.059 ms (00:20.195)
create index concurrently  idx_pchk_usg_mod_date_2016 on pspadm.psp_paycheck_usage_2016  USING BTREE (modified_date);
CREATE INDEX
Time: 34016.105 ms (00:34.016)
create index concurrently  idx_pchk_usg_mod_date_2017 on pspadm.psp_paycheck_usage_2017  USING BTREE (modified_date);
CREATE INDEX
Time: 46652.563 ms (00:46.653)
create index concurrently  idx_pchk_usg_mod_date_2018 on pspadm.psp_paycheck_usage_2018  USING BTREE (modified_date);
CREATE INDEX
Time: 55650.395 ms (00:55.650)
create index concurrently  idx_pchk_usg_mod_date_2019 on pspadm.psp_paycheck_usage_2019  USING BTREE (modified_date);
CREATE INDEX
Time: 66241.995 ms (01:06.242)
create index concurrently  idx_pchk_usg_mod_date_2020 on pspadm.psp_paycheck_usage_2020  USING BTREE (modified_date);
CREATE INDEX
Time: 65667.594 ms (01:05.668)
create index concurrently  idx_pchk_usg_mod_date_2021 on pspadm.psp_paycheck_usage_2021  USING BTREE (modified_date);
CREATE INDEX
Time: 70771.531 ms (01:10.772)
create index concurrently  idx_pchk_usg_mod_date_2022 on pspadm.psp_paycheck_usage_2022  USING BTREE (modified_date);
CREATE INDEX
Time: 73043.753 ms (01:13.044)
create index concurrently  idx_pchk_usg_mod_date_2023 on pspadm.psp_paycheck_usage_2023  USING BTREE (modified_date);
CREATE INDEX
Time: 51353.801 ms (00:51.354)
create index concurrently  idx_pchk_usg_mod_date_2024 on pspadm.psp_paycheck_usage_2024  USING BTREE (modified_date);
CREATE INDEX
Time: 531.010 ms
create index concurrently  idx_pchk_usg_mod_date_2025 on pspadm.psp_paycheck_usage_2025  USING BTREE (modified_date);
CREATE INDEX
Time: 15.699 ms
create index concurrently  idx_pchk_usg_mod_date_2026 on pspadm.psp_paycheck_usage_2026  USING BTREE (modified_date);
CREATE INDEX
Time: 14.744 ms
SELECT CURRENT_TIMESTAMP;
       current_timestamp       
-------------------------------
 2023-10-04 09:35:16.919552-07
(1 row)

Time: 0.444 ms
