10:39:01 SQL> select /*+ index_ffs(PSP_ACCOUNTING_REPORT_FILE SYS_C0020657) parallel_index(PSP_ACCOUNTING_REPORT_FILE SYS_C0020657)*/ count(*) from pspadm.PSP_ACCOUNTING_REPORT_FILE PSP_ACCOUNTING_REPORT_FILE;

  COUNT(*)                                                                      
----------                                                                      
     11213                                                                      

1 row selected.

Elapsed: 00:00:01.26
10:39:03 SQL> select /*+ index_ffs(PSP_ACHENROLLMENT PSP_ACHENROLLMENT_FK2) parallel_index(PSP_ACHENROLLMENT PSP_ACHENROLLMENT_FK2)*/ count(*) from pspadm.PSP_ACHENROLLMENT PSP_ACHENROLLMENT;

  COUNT(*)                                                                      
----------                                                                      
     19501                                                                      

1 row selected.

Elapsed: 00:00:00.49
10:39:03 SQL> select /*+ index_ffs(PSP_ACHENROLLMENT SYS_C0020553) parallel_index(PSP_ACHENROLLMENT SYS_C0020553)*/ count(*) from pspadm.PSP_ACHENROLLMENT PSP_ACHENROLLMENT;

  COUNT(*)                                                                      
----------                                                                      
     19501                                                                      

1 row selected.

Elapsed: 00:00:00.01
10:39:03 SQL> select /*+ index_ffs(PSP_ACHENROLLMENT_DETAIL PSP_ACHENROLLMENT_DETAIL_FK1) parallel_index(PSP_ACHENROLLMENT_DETAIL PSP_ACHENROLLMENT_DETAIL_FK1)*/ count(*) from pspadm.PSP_ACHENROLLMENT_DETAIL PSP_ACHENROLLMENT_DETAIL;

  COUNT(*)                                                                      
----------                                                                      
      5477                                                                      

1 row selected.

Elapsed: 00:00:00.00
10:39:03 SQL> select /*+ index_ffs(PSP_ACHENROLLMENT_DETAIL PSP_ACHENROLLMENT_DETAIL_FK2) parallel_index(PSP_ACHENROLLMENT_DETAIL PSP_ACHENROLLMENT_DETAIL_FK2)*/ count(*) from pspadm.PSP_ACHENROLLMENT_DETAIL PSP_ACHENROLLMENT_DETAIL;

  COUNT(*)                                                                      
----------                                                                      
      5477                                                                      

1 row selected.

Elapsed: 00:00:00.01
10:39:03 SQL> select /*+ index_ffs(PSP_ACHENROLLMENT_DETAIL PSP_ACHENROLLMENT_DETAIL_FK3) parallel_index(PSP_ACHENROLLMENT_DETAIL PSP_ACHENROLLMENT_DETAIL_FK3)*/ count(*) from pspadm.PSP_ACHENROLLMENT_DETAIL PSP_ACHENROLLMENT_DETAIL;

  COUNT(*)                                                                      
----------                                                                      
      5477                                                                      

1 row selected.

Elapsed: 00:00:00.00
10:39:03 SQL> select /*+ index_ffs(PSP_ACHENROLLMENT_DETAIL SYS_C0020716) parallel_index(PSP_ACHENROLLMENT_DETAIL SYS_C0020716)*/ count(*) from pspadm.PSP_ACHENROLLMENT_DETAIL PSP_ACHENROLLMENT_DETAIL;

  COUNT(*)                                                                      
----------                                                                      
      5477                                                                      

1 row selected.

Elapsed: 00:00:00.00
10:39:03 SQL> select /*+ index_ffs(PSP_ACHENROLLMENT_FILE SYS_C0020715) parallel_index(PSP_ACHENROLLMENT_FILE SYS_C0020715)*/ count(*) from pspadm.PSP_ACHENROLLMENT_FILE PSP_ACHENROLLMENT_FILE;

  COUNT(*)                                                                      
----------                                                                      
        87                                                                      

1 row selected.

Elapsed: 00:00:00.11
10:39:03 SQL> select /*+ index_ffs(PSP_ACH_TRANSACTION_CODE SYS_C0020541) parallel_index(PSP_ACH_TRANSACTION_CODE SYS_C0020541)*/ count(*) from pspadm.PSP_ACH_TRANSACTION_CODE PSP_ACH_TRANSACTION_CODE;

  COUNT(*)                                                                      
----------                                                                      
        16                                                                      

1 row selected.

Elapsed: 00:00:00.12
10:39:03 SQL> select /*+ index_ffs(PSP_ACTION_EVENT SYS_C0020501) parallel_index(PSP_ACTION_EVENT SYS_C0020501)*/ count(*) from pspadm.PSP_ACTION_EVENT PSP_ACTION_EVENT;

  COUNT(*)                                                                      
----------                                                                      
        31                                                                      

1 row selected.

Elapsed: 00:00:00.12
10:39:04 SQL> select /*+ index_ffs(PSP_ADDITIONAL_FILING_AMOUNT PSP_ADDITIONAL_FILING_AMOU_FK1) parallel_index(PSP_ADDITIONAL_FILING_AMOUNT PSP_ADDITIONAL_FILING_AMOU_FK1)*/ count(*) from pspadm.PSP_ADDITIONAL_FILING_AMOUNT PSP_ADDITIONAL_FILING_AMOUNT;

  COUNT(*)                                                                      
----------                                                                      
        24                                                                      

1 row selected.

Elapsed: 00:00:00.12
10:39:04 SQL> select /*+ index_ffs(PSP_ADDITIONAL_FILING_AMOUNT SYS_C0020697) parallel_index(PSP_ADDITIONAL_FILING_AMOUNT SYS_C0020697)*/ count(*) from pspadm.PSP_ADDITIONAL_FILING_AMOUNT PSP_ADDITIONAL_FILING_AMOUNT;

  COUNT(*)                                                                      
----------                                                                      
        24                                                                      

1 row selected.

Elapsed: 00:00:00.00
10:39:04 SQL> select /*+ index_ffs(PSP_ADDRESS SYS_C0020476) parallel_index(PSP_ADDRESS SYS_C0020476)*/ count(*) from pspadm.PSP_ADDRESS PSP_ADDRESS;

  COUNT(*)                                                                      
----------                                                                      
 115662229                                                                      

1 row selected.

Elapsed: 01:39:49.24
12:18:53 SQL> select /*+ index_ffs(PSP_ADE_LAW_MAP PSP_ADE_LAW_MAP_FK1) parallel_index(PSP_ADE_LAW_MAP PSP_ADE_LAW_MAP_FK1)*/ count(*) from pspadm.PSP_ADE_LAW_MAP PSP_ADE_LAW_MAP;

  COUNT(*)                                                                      
----------                                                                      
        59                                                                      

1 row selected.

Elapsed: 00:00:00.08
12:18:53 SQL> select /*+ index_ffs(PSP_ADE_LAW_MAP PSP_ADE_LAW_MAP_FK2) parallel_index(PSP_ADE_LAW_MAP PSP_ADE_LAW_MAP_FK2)*/ count(*) from pspadm.PSP_ADE_LAW_MAP PSP_ADE_LAW_MAP;

  COUNT(*)                                                                      
----------                                                                      
        59                                                                      

1 row selected.

Elapsed: 00:00:00.01
12:18:53 SQL> select /*+ index_ffs(PSP_ADE_LAW_MAP SYS_C0020730) parallel_index(PSP_ADE_LAW_MAP SYS_C0020730)*/ count(*) from pspadm.PSP_ADE_LAW_MAP PSP_ADE_LAW_MAP;

  COUNT(*)                                                                      
----------                                                                      
        59                                                                      

1 row selected.

Elapsed: 00:00:00.00
12:18:53 SQL> select /*+ index_ffs(PSP_AGENCY PSP_AGENCY_AGENCYIDENC_I1) parallel_index(PSP_AGENCY PSP_AGENCY_AGENCYIDENC_I1)*/ count(*) from pspadm.PSP_AGENCY PSP_AGENCY;

  COUNT(*)                                                                      
----------                                                                      
        97                                                                      

1 row selected.

Elapsed: 00:00:01.41
12:18:54 SQL> select /*+ index_ffs(PSP_AGENCY SYS_C0020548) parallel_index(PSP_AGENCY SYS_C0020548)*/ count(*) from pspadm.PSP_AGENCY PSP_AGENCY;

  COUNT(*)                                                                      
----------                                                                      
        97                                                                      

1 row selected.

Elapsed: 00:00:00.00
12:18:54 SQL> select /*+ index_ffs(PSP_AGENCY_CHECK_BATCH PSP_AGENCY_CHECK_BATCH_FK2) parallel_index(PSP_AGENCY_CHECK_BATCH PSP_AGENCY_CHECK_BATCH_FK2)*/ count(*) from pspadm.PSP_AGENCY_CHECK_BATCH PSP_AGENCY_CHECK_BATCH;

  COUNT(*)                                                                      
----------                                                                      
     19857                                                                      

1 row selected.

Elapsed: 00:00:00.13
12:18:55 SQL> select /*+ index_ffs(PSP_AGENCY_CHECK_BATCH SYS_C0020644) parallel_index(PSP_AGENCY_CHECK_BATCH SYS_C0020644)*/ count(*) from pspadm.PSP_AGENCY_CHECK_BATCH PSP_AGENCY_CHECK_BATCH;

  COUNT(*)                                                                      
----------                                                                      
     19857                                                                      

1 row selected.

Elapsed: 00:00:00.01
12:18:55 SQL> select /*+ index_ffs(PSP_AGENCY_ID_REQUIREMENT PSP_AGENCY_ID_REQUIREMENT_FK2) parallel_index(PSP_AGENCY_ID_REQUIREMENT PSP_AGENCY_ID_REQUIREMENT_FK2)*/ count(*) from pspadm.PSP_AGENCY_ID_REQUIREMENT PSP_AGENCY_ID_REQUIREMENT;

  COUNT(*)                                                                      
----------                                                                      
        97                                                                      

1 row selected.

Elapsed: 00:00:01.63
12:18:56 SQL> select /*+ index_ffs(PSP_AGENCY_ID_REQUIREMENT SYS_C0020651) parallel_index(PSP_AGENCY_ID_REQUIREMENT SYS_C0020651)*/ count(*) from pspadm.PSP_AGENCY_ID_REQUIREMENT PSP_AGENCY_ID_REQUIREMENT;

  COUNT(*)                                                                      
----------                                                                      
        97                                                                      

1 row selected.

Elapsed: 00:00:00.00
12:18:56 SQL> select /*+ index_ffs(PSP_AGENCY_RATE_REQUEST PSP_AGENCY_RATE_REQUEST_FK1) parallel_index(PSP_AGENCY_RATE_REQUEST PSP_AGENCY_RATE_REQUEST_FK1)*/ count(*) from pspadm.PSP_AGENCY_RATE_REQUEST PSP_AGENCY_RATE_REQUEST;

  COUNT(*)                                                                      
----------                                                                      
       595                                                                      

1 row selected.

Elapsed: 00:00:00.09
12:18:56 SQL> select /*+ index_ffs(PSP_AGENCY_RATE_REQUEST SYS_C0020713) parallel_index(PSP_AGENCY_RATE_REQUEST SYS_C0020713)*/ count(*) from pspadm.PSP_AGENCY_RATE_REQUEST PSP_AGENCY_RATE_REQUEST;

  COUNT(*)                                                                      
----------                                                                      
       595                                                                      

1 row selected.

Elapsed: 00:00:00.00
12:18:56 SQL> select /*+ index_ffs(PSP_ANNUAL_BILLING_BATCH SYS_C0020711) parallel_index(PSP_ANNUAL_BILLING_BATCH SYS_C0020711)*/ count(*) from pspadm.PSP_ANNUAL_BILLING_BATCH PSP_ANNUAL_BILLING_BATCH;

  COUNT(*)                                                                      
----------                                                                      
        11                                                                      

1 row selected.

Elapsed: 00:00:01.49
12:18:58 SQL> select /*+ index_ffs(PSP_ANNUAL_BILLING_ITEM PSP_ANNUALBILLINGITEM_FK1) parallel_index(PSP_ANNUAL_BILLING_ITEM PSP_ANNUALBILLINGITEM_FK1)*/ count(*) from pspadm.PSP_ANNUAL_BILLING_ITEM PSP_ANNUAL_BILLING_ITEM;

  COUNT(*)                                                                      
----------                                                                      
    438770                                                                      

1 row selected.

Elapsed: 00:00:02.37
12:19:00 SQL> select /*+ index_ffs(PSP_ANNUAL_BILLING_ITEM PSP_ANNUALBILLINGITEM_FK2) parallel_index(PSP_ANNUAL_BILLING_ITEM PSP_ANNUALBILLINGITEM_FK2)*/ count(*) from pspadm.PSP_ANNUAL_BILLING_ITEM PSP_ANNUAL_BILLING_ITEM;

  COUNT(*)                                                                      
----------                                                                      
    438770                                                                      

1 row selected.

Elapsed: 00:00:00.02
12:19:00 SQL> select /*+ index_ffs(PSP_ANNUAL_BILLING_ITEM SYS_C0020712) parallel_index(PSP_ANNUAL_BILLING_ITEM SYS_C0020712)*/ count(*) from pspadm.PSP_ANNUAL_BILLING_ITEM PSP_ANNUAL_BILLING_ITEM;

  COUNT(*)                                                                      
----------                                                                      
    438770                                                                      

1 row selected.

Elapsed: 00:00:00.02
12:19:00 SQL> select /*+ index_ffs(PSP_APPLIED_DATABASE_PATCH SYS_C0020536) parallel_index(PSP_APPLIED_DATABASE_PATCH SYS_C0020536)*/ count(*) from pspadm.PSP_APPLIED_DATABASE_PATCH PSP_APPLIED_DATABASE_PATCH;

  COUNT(*)                                                                      
----------                                                                      
       639                                                                      

1 row selected.

Elapsed: 00:00:04.57
12:19:05 SQL> select /*+ index_ffs(PSP_ASSISTED_BUNDLE_BILL PSP_ASSISTEDBUNDLEBILL_FK1) parallel_index(PSP_ASSISTED_BUNDLE_BILL PSP_ASSISTEDBUNDLEBILL_FK1)*/ count(*) from pspadm.PSP_ASSISTED_BUNDLE_BILL PSP_ASSISTED_BUNDLE_BILL;

  COUNT(*)                                                                      
----------                                                                      
     40378                                                                      

1 row selected.

Elapsed: 00:00:22.37
12:19:27 SQL> select /*+ index_ffs(PSP_ASSISTED_BUNDLE_BILL SYS_C0058718) parallel_index(PSP_ASSISTED_BUNDLE_BILL SYS_C0058718)*/ count(*) from pspadm.PSP_ASSISTED_BUNDLE_BILL PSP_ASSISTED_BUNDLE_BILL;

  COUNT(*)                                                                      
----------                                                                      
     40378                                                                      

1 row selected.

Elapsed: 00:00:00.00
12:19:27 SQL> select /*+ index_ffs(PSP_ASST_BUNDLE_BILL_DETAIL PSP_ASSTBUNDLEBILLDETAIL_FK1) parallel_index(PSP_ASST_BUNDLE_BILL_DETAIL PSP_ASSTBUNDLEBILLDETAIL_FK1)*/ count(*) from pspadm.PSP_ASST_BUNDLE_BILL_DETAIL PSP_ASST_BUNDLE_BILL_DETAIL;

  COUNT(*)                                                                      
----------                                                                      
    174429                                                                      

1 row selected.

Elapsed: 00:00:01.27
12:19:28 SQL> select /*+ index_ffs(PSP_ASST_BUNDLE_BILL_DETAIL SYS_C0058725) parallel_index(PSP_ASST_BUNDLE_BILL_DETAIL SYS_C0058725)*/ count(*) from pspadm.PSP_ASST_BUNDLE_BILL_DETAIL PSP_ASST_BUNDLE_BILL_DETAIL;

  COUNT(*)                                                                      
----------                                                                      
    174429                                                                      

1 row selected.

Elapsed: 00:00:00.01
12:19:28 SQL> select /*+ index_ffs(PSP_ASST_BUNDLE_COMP_USAGE SYS_C0058710) parallel_index(PSP_ASST_BUNDLE_COMP_USAGE SYS_C0058710)*/ count(*) from pspadm.PSP_ASST_BUNDLE_COMP_USAGE PSP_ASST_BUNDLE_COMP_USAGE;

  COUNT(*)                                                                      
----------                                                                      
      2742                                                                      

1 row selected.

Elapsed: 00:00:06.54
12:19:35 SQL> select /*+ index_ffs(PSP_ATFDATA_EXTRACT_BATCH SYS_C0020554) parallel_index(PSP_ATFDATA_EXTRACT_BATCH SYS_C0020554)*/ count(*) from pspadm.PSP_ATFDATA_EXTRACT_BATCH PSP_ATFDATA_EXTRACT_BATCH;

  COUNT(*)                                                                      
----------                                                                      
      3205                                                                      

1 row selected.

Elapsed: 00:00:00.21
12:19:35 SQL> select /*+ index_ffs(PSP_ATFDATA_EXTRACT_FILE PSP_ATFDATA_EXTRACT_FILE_FK1) parallel_index(PSP_ATFDATA_EXTRACT_FILE PSP_ATFDATA_EXTRACT_FILE_FK1)*/ count(*) from pspadm.PSP_ATFDATA_EXTRACT_FILE PSP_ATFDATA_EXTRACT_FILE;

  COUNT(*)                                                                      
----------                                                                      
     26779                                                                      

1 row selected.

Elapsed: 00:00:17.42
12:19:53 SQL> select /*+ index_ffs(PSP_ATFDATA_EXTRACT_FILE SYS_C0020556) parallel_index(PSP_ATFDATA_EXTRACT_FILE SYS_C0020556)*/ count(*) from pspadm.PSP_ATFDATA_EXTRACT_FILE PSP_ATFDATA_EXTRACT_FILE;

  COUNT(*)                                                                      
----------                                                                      
     26779                                                                      

1 row selected.

Elapsed: 00:00:00.00
12:19:53 SQL> select /*+ index_ffs(PSP_ATFPAYMENTS_TO_PROCESS PSP_ATFPAYMENTS_TO_PROCESS_FK1) parallel_index(PSP_ATFPAYMENTS_TO_PROCESS PSP_ATFPAYMENTS_TO_PROCESS_FK1)*/ count(*) from pspadm.PSP_ATFPAYMENTS_TO_PROCESS PSP_ATFPAYMENTS_TO_PROCESS;

  COUNT(*)                                                                      
----------                                                                      
 106600366                                                                      

1 row selected.

Elapsed: 00:09:46.57
12:29:39 SQL> select /*+ index_ffs(PSP_ATFPAYMENTS_TO_PROCESS PSP_ATFPAYMENTS_TO_PROCESS_FK2) parallel_index(PSP_ATFPAYMENTS_TO_PROCESS PSP_ATFPAYMENTS_TO_PROCESS_FK2)*/ count(*) from pspadm.PSP_ATFPAYMENTS_TO_PROCESS PSP_ATFPAYMENTS_TO_PROCESS;

  COUNT(*)                                                                      
----------                                                                      
 106600366                                                                      

1 row selected.

Elapsed: 00:00:03.43
12:29:43 SQL> select /*+ index_ffs(PSP_ATFPAYMENTS_TO_PROCESS PSP_ATFPAYMENTS_TO_PROCESS_FK3) parallel_index(PSP_ATFPAYMENTS_TO_PROCESS PSP_ATFPAYMENTS_TO_PROCESS_FK3)*/ count(*) from pspadm.PSP_ATFPAYMENTS_TO_PROCESS PSP_ATFPAYMENTS_TO_PROCESS;

  COUNT(*)                                                                      
----------                                                                      
 106600366                                                                      

1 row selected.

Elapsed: 00:00:03.44
12:29:46 SQL> select /*+ index_ffs(PSP_ATFPAYMENTS_TO_PROCESS SYS_C0020673) parallel_index(PSP_ATFPAYMENTS_TO_PROCESS SYS_C0020673)*/ count(*) from pspadm.PSP_ATFPAYMENTS_TO_PROCESS PSP_ATFPAYMENTS_TO_PROCESS;

  COUNT(*)                                                                      
----------                                                                      
 106600366                                                                      

1 row selected.

Elapsed: 00:00:03.51
12:29:50 SQL> select /*+ index_ffs(PSP_ATFPAYROLLS_TO_PROCESS PSP_ATFPAYROLLS_TO_PROCESS_FK1) parallel_index(PSP_ATFPAYROLLS_TO_PROCESS PSP_ATFPAYROLLS_TO_PROCESS_FK1)*/ count(*) from pspadm.PSP_ATFPAYROLLS_TO_PROCESS PSP_ATFPAYROLLS_TO_PROCESS;

  COUNT(*)                                                                      
----------                                                                      
  21858252                                                                      

1 row selected.

Elapsed: 00:19:24.63
12:49:14 SQL> select /*+ index_ffs(PSP_ATFPAYROLLS_TO_PROCESS PSP_ATFPAYROLLS_TO_PROCESS_I1) parallel_index(PSP_ATFPAYROLLS_TO_PROCESS PSP_ATFPAYROLLS_TO_PROCESS_I1)*/ count(*) from pspadm.PSP_ATFPAYROLLS_TO_PROCESS PSP_ATFPAYROLLS_TO_PROCESS;

  COUNT(*)                                                                      
----------                                                                      
  21858252                                                                      

1 row selected.

Elapsed: 00:00:00.74
12:49:15 SQL> select /*+ index_ffs(PSP_ATFPAYROLLS_TO_PROCESS SYS_C0020635) parallel_index(PSP_ATFPAYROLLS_TO_PROCESS SYS_C0020635)*/ count(*) from pspadm.PSP_ATFPAYROLLS_TO_PROCESS PSP_ATFPAYROLLS_TO_PROCESS;

  COUNT(*)                                                                      
----------                                                                      
  21858252                                                                      

1 row selected.

Elapsed: 00:00:00.74
12:49:16 SQL> select /*+ index_ffs(PSP_AUTHROLE_OPERATION_ASSOC PSP_AUTHROLE_OPT_FK_OPT) parallel_index(PSP_AUTHROLE_OPERATION_ASSOC PSP_AUTHROLE_OPT_FK_OPT)*/ count(*) from pspadm.PSP_AUTHROLE_OPERATION_ASSOC PSP_AUTHROLE_OPERATION_ASSOC;

  COUNT(*)                                                                      
----------                                                                      
      1600                                                                      

1 row selected.

Elapsed: 00:00:00.45
12:49:16 SQL> select /*+ index_ffs(PSP_AUTHROLE_OPERATION_ASSOC PSP_ROLE_OPERATION_FK_ROLE) parallel_index(PSP_AUTHROLE_OPERATION_ASSOC PSP_ROLE_OPERATION_FK_ROLE)*/ count(*) from pspadm.PSP_AUTHROLE_OPERATION_ASSOC PSP_AUTHROLE_OPERATION_ASSOC;

  COUNT(*)                                                                      
----------                                                                      
      1600                                                                      

1 row selected.

Elapsed: 00:00:00.03
12:49:16 SQL> select /*+ index_ffs(PSP_AUTHROLE_OPERATION_ASSOC SYS_C0020520) parallel_index(PSP_AUTHROLE_OPERATION_ASSOC SYS_C0020520)*/ count(*) from pspadm.PSP_AUTHROLE_OPERATION_ASSOC PSP_AUTHROLE_OPERATION_ASSOC;

  COUNT(*)                                                                      
----------                                                                      
      1600                                                                      

1 row selected.

Elapsed: 00:00:00.00
12:49:16 SQL> select /*+ index_ffs(PSP_AUTH_DOMAIN SYS_C0020502) parallel_index(PSP_AUTH_DOMAIN SYS_C0020502)*/ count(*) from pspadm.PSP_AUTH_DOMAIN PSP_AUTH_DOMAIN;

  COUNT(*)                                                                      
----------                                                                      
         2                                                                      

1 row selected.

Elapsed: 00:00:00.19
12:49:16 SQL> select /*+ index_ffs(PSP_AUTH_OPERATION SYS_C0020503) parallel_index(PSP_AUTH_OPERATION SYS_C0020503)*/ count(*) from pspadm.PSP_AUTH_OPERATION PSP_AUTH_OPERATION;

  COUNT(*)                                                                      
----------                                                                      
       164                                                                      

1 row selected.

Elapsed: 00:00:00.00
12:49:16 SQL> select /*+ index_ffs(PSP_AUTH_ROLE PSP_AUTH_ROLE_FK1) parallel_index(PSP_AUTH_ROLE PSP_AUTH_ROLE_FK1)*/ count(*) from pspadm.PSP_AUTH_ROLE PSP_AUTH_ROLE;

  COUNT(*)                                                                      
----------                                                                      
        59                                                                      

1 row selected.

Elapsed: 00:00:00.05
12:49:16 SQL> select /*+ index_ffs(PSP_AUTH_ROLE SYS_C0020457) parallel_index(PSP_AUTH_ROLE SYS_C0020457)*/ count(*) from pspadm.PSP_AUTH_ROLE PSP_AUTH_ROLE;

  COUNT(*)                                                                      
----------                                                                      
        59                                                                      

1 row selected.

Elapsed: 00:00:00.00
12:49:16 SQL> select /*+ index_ffs(PSP_AUTH_USER PSP_AUTH_USER_CORPID) parallel_index(PSP_AUTH_USER PSP_AUTH_USER_CORPID)*/ count(*) from pspadm.PSP_AUTH_USER PSP_AUTH_USER;

  COUNT(*)                                                                      
----------                                                                      
     12747                                                                      

1 row selected.

Elapsed: 00:00:00.81
12:49:17 SQL> select /*+ index_ffs(PSP_AUTH_USER SYS_C0020477) parallel_index(PSP_AUTH_USER SYS_C0020477)*/ count(*) from pspadm.PSP_AUTH_USER PSP_AUTH_USER;

  COUNT(*)                                                                      
----------                                                                      
     12747                                                                      

1 row selected.

Elapsed: 00:00:00.01
12:49:17 SQL> select /*+ index_ffs(PSP_AUTH_USER_AUTH_ROLE__ASSOC PSP_USERROLE_FK_ROLE) parallel_index(PSP_AUTH_USER_AUTH_ROLE__ASSOC PSP_USERROLE_FK_ROLE)*/ count(*) from pspadm.PSP_AUTH_USER_AUTH_ROLE__ASSOC PSP_AUTH_USER_AUTH_ROLE__ASSOC;

  COUNT(*)                                                                      
----------                                                                      
     28969                                                                      

1 row selected.

Elapsed: 00:00:00.21
12:49:17 SQL> select /*+ index_ffs(PSP_AUTH_USER_AUTH_ROLE__ASSOC PSP_USERROLE_FK_USER) parallel_index(PSP_AUTH_USER_AUTH_ROLE__ASSOC PSP_USERROLE_FK_USER)*/ count(*) from pspadm.PSP_AUTH_USER_AUTH_ROLE__ASSOC PSP_AUTH_USER_AUTH_ROLE__ASSOC;

  COUNT(*)                                                                      
----------                                                                      
     28969                                                                      

1 row selected.

Elapsed: 00:00:00.81
12:49:18 SQL> select /*+ index_ffs(PSP_AUTH_USER_AUTH_ROLE__ASSOC SYS_C0020679) parallel_index(PSP_AUTH_USER_AUTH_ROLE__ASSOC SYS_C0020679)*/ count(*) from pspadm.PSP_AUTH_USER_AUTH_ROLE__ASSOC PSP_AUTH_USER_AUTH_ROLE__ASSOC;

  COUNT(*)                                                                      
----------                                                                      
     28969                                                                      

1 row selected.

Elapsed: 00:00:00.01
12:49:18 SQL> select /*+ index_ffs(PSP_BANK_ACCOUNT PSP_BANK_ACCOUNT_ENC_I1) parallel_index(PSP_BANK_ACCOUNT PSP_BANK_ACCOUNT_ENC_I1)*/ count(*) from pspadm.PSP_BANK_ACCOUNT PSP_BANK_ACCOUNT;

  COUNT(*)                                                                      
----------                                                                      
  51675973                                                                      

1 row selected.

Elapsed: 00:07:39.12
12:56:57 SQL> select /*+ index_ffs(PSP_BANK_ACCOUNT PSP_BANK_ACCOUNT_MOODDATE) parallel_index(PSP_BANK_ACCOUNT PSP_BANK_ACCOUNT_MOODDATE)*/ count(*) from pspadm.PSP_BANK_ACCOUNT PSP_BANK_ACCOUNT;

  COUNT(*)                                                                      
----------                                                                      
  51675973                                                                      

1 row selected.

Elapsed: 00:00:02.35
12:57:00 SQL> select /*+ index_ffs(PSP_BANK_ACCOUNT SYS_C0020430) parallel_index(PSP_BANK_ACCOUNT SYS_C0020430)*/ count(*) from pspadm.PSP_BANK_ACCOUNT PSP_BANK_ACCOUNT;

  COUNT(*)                                                                      
----------                                                                      
  51675973                                                                      

1 row selected.

Elapsed: 00:00:02.51
12:57:02 SQL> select /*+ index_ffs(PSP_BANK_HOLIDAY SYS_C0020512) parallel_index(PSP_BANK_HOLIDAY SYS_C0020512)*/ count(*) from pspadm.PSP_BANK_HOLIDAY PSP_BANK_HOLIDAY;

  COUNT(*)                                                                      
----------                                                                      
       216                                                                      

1 row selected.

Elapsed: 00:00:00.04
12:57:02 SQL> select /*+ index_ffs(PSP_BATCH_JOB_AUDIT_LOG PSP_BATCH_JOB_AUDIT_LOG_I1) parallel_index(PSP_BATCH_JOB_AUDIT_LOG PSP_BATCH_JOB_AUDIT_LOG_I1)*/ count(*) from pspadm.PSP_BATCH_JOB_AUDIT_LOG PSP_BATCH_JOB_AUDIT_LOG;

  COUNT(*)                                                                      
----------                                                                      
    131948                                                                      

1 row selected.

Elapsed: 00:00:00.07
12:57:02 SQL> select /*+ index_ffs(PSP_BATCH_JOB_AUDIT_LOG PSP_BATCH_JOB_AUDIT_LOG_IDX1) parallel_index(PSP_BATCH_JOB_AUDIT_LOG PSP_BATCH_JOB_AUDIT_LOG_IDX1)*/ count(*) from pspadm.PSP_BATCH_JOB_AUDIT_LOG PSP_BATCH_JOB_AUDIT_LOG;

  COUNT(*)                                                                      
----------                                                                      
    131948                                                                      

1 row selected.

Elapsed: 00:00:00.01
12:57:02 SQL> select /*+ index_ffs(PSP_BATCH_JOB_AUDIT_LOG SYS_C0020458) parallel_index(PSP_BATCH_JOB_AUDIT_LOG SYS_C0020458)*/ count(*) from pspadm.PSP_BATCH_JOB_AUDIT_LOG PSP_BATCH_JOB_AUDIT_LOG;

  COUNT(*)                                                                      
----------                                                                      
    131948                                                                      

1 row selected.

Elapsed: 00:00:00.02
12:57:02 SQL> select /*+ index_ffs(PSP_BATCH_JOB_PARAMETER PSP_BATCH_JOB_PARAMETER_FK1) parallel_index(PSP_BATCH_JOB_PARAMETER PSP_BATCH_JOB_PARAMETER_FK1)*/ count(*) from pspadm.PSP_BATCH_JOB_PARAMETER PSP_BATCH_JOB_PARAMETER;

  COUNT(*)                                                                      
----------                                                                      
       162                                                                      

1 row selected.

Elapsed: 00:00:00.10
12:57:02 SQL> select /*+ index_ffs(PSP_BATCH_JOB_PARAMETER SYS_C0020633) parallel_index(PSP_BATCH_JOB_PARAMETER SYS_C0020633)*/ count(*) from pspadm.PSP_BATCH_JOB_PARAMETER PSP_BATCH_JOB_PARAMETER;

  COUNT(*)                                                                      
----------                                                                      
       162                                                                      

1 row selected.

Elapsed: 00:00:00.00
12:57:02 SQL> select /*+ index_ffs(PSP_BATCH_JOB_SETUP SYS_C0020529) parallel_index(PSP_BATCH_JOB_SETUP SYS_C0020529)*/ count(*) from pspadm.PSP_BATCH_JOB_SETUP PSP_BATCH_JOB_SETUP;

  COUNT(*)                                                                      
----------                                                                      
       160                                                                      

1 row selected.

Elapsed: 00:00:00.01
12:57:02 SQL> select /*+ index_ffs(PSP_BATCH_JOB_STATUS C_PSP_BATCH_JOB_STATUS1) parallel_index(PSP_BATCH_JOB_STATUS C_PSP_BATCH_JOB_STATUS1)*/ count(*) from pspadm.PSP_BATCH_JOB_STATUS PSP_BATCH_JOB_STATUS;

  COUNT(*)                                                                      
----------                                                                      
       149                                                                      

1 row selected.

Elapsed: 00:00:00.02
12:57:02 SQL> select /*+ index_ffs(PSP_BATCH_JOB_STATUS SYS_C0020735) parallel_index(PSP_BATCH_JOB_STATUS SYS_C0020735)*/ count(*) from pspadm.PSP_BATCH_JOB_STATUS PSP_BATCH_JOB_STATUS;

  COUNT(*)                                                                      
----------                                                                      
       149                                                                      

1 row selected.

Elapsed: 00:00:00.01
12:57:02 SQL> select /*+ index_ffs(PSP_BILL PSP_BILL_FK1) parallel_index(PSP_BILL PSP_BILL_FK1)*/ count(*) from pspadm.PSP_BILL PSP_BILL;

  COUNT(*)                                                                      
----------                                                                      
  29380850                                                                      

1 row selected.

Elapsed: 00:04:14.02
13:01:17 SQL> select /*+ index_ffs(PSP_BILL PSP_BILL_U1) parallel_index(PSP_BILL PSP_BILL_U1)*/ count(*) from pspadm.PSP_BILL PSP_BILL;

  COUNT(*)                                                                      
----------                                                                      
  29380850                                                                      

1 row selected.

Elapsed: 00:00:01.35
13:01:18 SQL> select /*+ index_ffs(PSP_BILL SYS_C0020688) parallel_index(PSP_BILL SYS_C0020688)*/ count(*) from pspadm.PSP_BILL PSP_BILL;

  COUNT(*)                                                                      
----------                                                                      
  29380850                                                                      

1 row selected.

Elapsed: 00:00:01.36
13:01:19 SQL> select /*+ index_ffs(PSP_BILLING_DETAIL PSP_BILLING_DETAIL_FK1) parallel_index(PSP_BILLING_DETAIL PSP_BILLING_DETAIL_FK1)*/ count(*) from pspadm.PSP_BILLING_DETAIL PSP_BILLING_DETAIL;

  COUNT(*)                                                                      
----------                                                                      
 158686922                                                                      

1 row selected.

Elapsed: 00:26:26.24
13:27:45 SQL> select /*+ index_ffs(PSP_BILLING_DETAIL PSP_BILLING_DETAIL_FK2) parallel_index(PSP_BILLING_DETAIL PSP_BILLING_DETAIL_FK2)*/ count(*) from pspadm.PSP_BILLING_DETAIL PSP_BILLING_DETAIL;

  COUNT(*)                                                                      
----------                                                                      
 158686922                                                                      

1 row selected.

Elapsed: 00:00:07.43
13:27:53 SQL> select /*+ index_ffs(PSP_BILLING_DETAIL SYS_C0020459) parallel_index(PSP_BILLING_DETAIL SYS_C0020459)*/ count(*) from pspadm.PSP_BILLING_DETAIL PSP_BILLING_DETAIL;

  COUNT(*)                                                                      
----------                                                                      
 158686922                                                                      

1 row selected.

Elapsed: 00:00:07.29
13:28:00 SQL> select /*+ index_ffs(PSP_BILL_PAYMENT PSP_BILL_PAYMENT_FK1) parallel_index(PSP_BILL_PAYMENT PSP_BILL_PAYMENT_FK1)*/ count(*) from pspadm.PSP_BILL_PAYMENT PSP_BILL_PAYMENT;

  COUNT(*)                                                                      
----------                                                                      
  51557087                                                                      

1 row selected.

Elapsed: 00:07:36.71
13:35:37 SQL> select /*+ index_ffs(PSP_BILL_PAYMENT PSP_BILL_PAYMENT_FK2) parallel_index(PSP_BILL_PAYMENT PSP_BILL_PAYMENT_FK2)*/ count(*) from pspadm.PSP_BILL_PAYMENT PSP_BILL_PAYMENT;

  COUNT(*)                                                                      
----------                                                                      
  51557087                                                                      

1 row selected.

Elapsed: 00:00:02.44
13:35:39 SQL> select /*+ index_ffs(PSP_BILL_PAYMENT SYS_C0020569) parallel_index(PSP_BILL_PAYMENT SYS_C0020569)*/ count(*) from pspadm.PSP_BILL_PAYMENT PSP_BILL_PAYMENT;

  COUNT(*)                                                                      
----------                                                                      
  51557087                                                                      

1 row selected.

Elapsed: 00:00:02.43
13:35:42 SQL> select /*+ index_ffs(PSP_BILL_PAYMENT_SPLIT PSP_BILL_PAYMENT_SPLIT_FK1) parallel_index(PSP_BILL_PAYMENT_SPLIT PSP_BILL_PAYMENT_SPLIT_FK1)*/ count(*) from pspadm.PSP_BILL_PAYMENT_SPLIT PSP_BILL_PAYMENT_SPLIT;

  COUNT(*)                                                                      
----------                                                                      
  51557061                                                                      

1 row selected.

Elapsed: 00:08:43.20
13:44:25 SQL> select /*+ index_ffs(PSP_BILL_PAYMENT_SPLIT PSP_BILL_PAYMENT_SPLIT_FK2) parallel_index(PSP_BILL_PAYMENT_SPLIT PSP_BILL_PAYMENT_SPLIT_FK2)*/ count(*) from pspadm.PSP_BILL_PAYMENT_SPLIT PSP_BILL_PAYMENT_SPLIT;

  COUNT(*)                                                                      
----------                                                                      
  51557061                                                                      

1 row selected.

Elapsed: 00:00:02.44
13:44:27 SQL> select /*+ index_ffs(PSP_BILL_PAYMENT_SPLIT SYS_C0020570) parallel_index(PSP_BILL_PAYMENT_SPLIT SYS_C0020570)*/ count(*) from pspadm.PSP_BILL_PAYMENT_SPLIT PSP_BILL_PAYMENT_SPLIT;

  COUNT(*)                                                                      
----------                                                                      
  51557061                                                                      

1 row selected.

Elapsed: 00:00:02.43
13:44:30 SQL> select /*+ index_ffs(PSP_BPCOMPANY_SERVICE_INFO SYS_C0020583) parallel_index(PSP_BPCOMPANY_SERVICE_INFO SYS_C0020583)*/ count(*) from pspadm.PSP_BPCOMPANY_SERVICE_INFO PSP_BPCOMPANY_SERVICE_INFO;

  COUNT(*)                                                                      
----------                                                                      
    236739                                                                      

1 row selected.

Elapsed: 00:00:00.01
13:44:30 SQL> select /*+ index_ffs(PSP_CDCOMPANY_SERVICE_INFO SYS_C0020582) parallel_index(PSP_CDCOMPANY_SERVICE_INFO SYS_C0020582)*/ count(*) from pspadm.PSP_CDCOMPANY_SERVICE_INFO PSP_CDCOMPANY_SERVICE_INFO;

  COUNT(*)                                                                      
----------                                                                      
       141                                                                      

1 row selected.

Elapsed: 00:00:00.00
13:44:30 SQL> select /*+ index_ffs(PSP_CHECK_PRINT_BATCH PSP_CHECK_PRINT_BATCH_FK1) parallel_index(PSP_CHECK_PRINT_BATCH PSP_CHECK_PRINT_BATCH_FK1)*/ count(*) from pspadm.PSP_CHECK_PRINT_BATCH PSP_CHECK_PRINT_BATCH;

  COUNT(*)                                                                      
----------                                                                      
     25424                                                                      

1 row selected.

Elapsed: 00:00:14.19
13:44:44 SQL> select /*+ index_ffs(PSP_CHECK_PRINT_BATCH PSP_CHECK_PRINT_BATCH_FK2) parallel_index(PSP_CHECK_PRINT_BATCH PSP_CHECK_PRINT_BATCH_FK2)*/ count(*) from pspadm.PSP_CHECK_PRINT_BATCH PSP_CHECK_PRINT_BATCH;

  COUNT(*)                                                                      
----------                                                                      
     25424                                                                      

1 row selected.

Elapsed: 00:00:00.00
13:44:44 SQL> select /*+ index_ffs(PSP_CHECK_PRINT_BATCH SYS_C0020578) parallel_index(PSP_CHECK_PRINT_BATCH SYS_C0020578)*/ count(*) from pspadm.PSP_CHECK_PRINT_BATCH PSP_CHECK_PRINT_BATCH;

  COUNT(*)                                                                      
----------                                                                      
     25424                                                                      

1 row selected.

Elapsed: 00:00:00.01
13:44:44 SQL> select /*+ index_ffs(PSP_CHECK_PRINT_PAYCHECK PSP_CHECKPRINTPAYCHECK_FK2) parallel_index(PSP_CHECK_PRINT_PAYCHECK PSP_CHECKPRINTPAYCHECK_FK2)*/ count(*) from pspadm.PSP_CHECK_PRINT_PAYCHECK PSP_CHECK_PRINT_PAYCHECK;

  COUNT(*)                                                                      
----------                                                                      
    154651                                                                      

1 row selected.

Elapsed: 00:00:00.94
13:44:45 SQL> select /*+ index_ffs(PSP_CHECK_PRINT_PAYCHECK PSP_CHECK_PRINT_PAYCHECK_FK1) parallel_index(PSP_CHECK_PRINT_PAYCHECK PSP_CHECK_PRINT_PAYCHECK_FK1)*/ count(*) from pspadm.PSP_CHECK_PRINT_PAYCHECK PSP_CHECK_PRINT_PAYCHECK;

  COUNT(*)                                                                      
----------                                                                      
    154651                                                                      

1 row selected.

Elapsed: 00:00:00.00
13:44:45 SQL> select /*+ index_ffs(PSP_CHECK_PRINT_PAYCHECK SYS_C0020581) parallel_index(PSP_CHECK_PRINT_PAYCHECK SYS_C0020581)*/ count(*) from pspadm.PSP_CHECK_PRINT_PAYCHECK PSP_CHECK_PRINT_PAYCHECK;

  COUNT(*)                                                                      
----------                                                                      
    154651                                                                      

1 row selected.

Elapsed: 00:00:00.01
13:44:45 SQL> select /*+ index_ffs(PSP_CHECK_PRINT_SIGNATURE PSP_CHECK_PRINT_SIGNATURE_FK1) parallel_index(PSP_CHECK_PRINT_SIGNATURE PSP_CHECK_PRINT_SIGNATURE_FK1)*/ count(*) from pspadm.PSP_CHECK_PRINT_SIGNATURE PSP_CHECK_PRINT_SIGNATURE;

  COUNT(*)                                                                      
----------                                                                      
       141                                                                      

1 row selected.

Elapsed: 00:00:00.67
13:44:46 SQL> select /*+ index_ffs(PSP_CHECK_PRINT_SIGNATURE SYS_C0020577) parallel_index(PSP_CHECK_PRINT_SIGNATURE SYS_C0020577)*/ count(*) from pspadm.PSP_CHECK_PRINT_SIGNATURE PSP_CHECK_PRINT_SIGNATURE;

  COUNT(*)                                                                      
----------                                                                      
       141                                                                      

1 row selected.

Elapsed: 00:00:00.00
13:44:46 SQL> select /*+ index_ffs(PSP_COLLECTION_STAGE SYS_C0020504) parallel_index(PSP_COLLECTION_STAGE SYS_C0020504)*/ count(*) from pspadm.PSP_COLLECTION_STAGE PSP_COLLECTION_STAGE;

  COUNT(*)                                                                      
----------                                                                      
         3                                                                      

1 row selected.

Elapsed: 00:00:00.72
13:44:46 SQL> select /*+ index_ffs(PSP_COMPANY PSP_COMPANY_FEDTAXIDENC_I1) parallel_index(PSP_COMPANY PSP_COMPANY_FEDTAXIDENC_I1)*/ count(*) from pspadm.PSP_COMPANY PSP_COMPANY;

  COUNT(*)                                                                      
----------                                                                      
   7350154                                                                      

1 row selected.

Elapsed: 00:01:01.39
13:45:48 SQL> select /*+ index_ffs(PSP_COMPANY PSP_COMPANY_FK2) parallel_index(PSP_COMPANY PSP_COMPANY_FK2)*/ count(*) from pspadm.PSP_COMPANY PSP_COMPANY;

  COUNT(*)                                                                      
----------                                                                      
   7350154                                                                      

1 row selected.

Elapsed: 00:00:00.33
13:45:48 SQL> select /*+ index_ffs(PSP_COMPANY PSP_COMPANY_FK3) parallel_index(PSP_COMPANY PSP_COMPANY_FK3)*/ count(*) from pspadm.PSP_COMPANY PSP_COMPANY;

  COUNT(*)                                                                      
----------                                                                      
   7350154                                                                      

1 row selected.

Elapsed: 00:00:00.34
13:45:48 SQL> select /*+ index_ffs(PSP_COMPANY PSP_COMPANY_FK4) parallel_index(PSP_COMPANY PSP_COMPANY_FK4)*/ count(*) from pspadm.PSP_COMPANY PSP_COMPANY;

  COUNT(*)                                                                      
----------                                                                      
   7350154                                                                      

1 row selected.

Elapsed: 00:00:00.33
13:45:49 SQL> select /*+ index_ffs(PSP_COMPANY PSP_COMPANY_FK5) parallel_index(PSP_COMPANY PSP_COMPANY_FK5)*/ count(*) from pspadm.PSP_COMPANY PSP_COMPANY;

  COUNT(*)                                                                      
----------                                                                      
   7350154                                                                      

1 row selected.

Elapsed: 00:00:00.33
13:45:49 SQL> select /*+ index_ffs(PSP_COMPANY PSP_COMPANY_FK7) parallel_index(PSP_COMPANY PSP_COMPANY_FK7)*/ count(*) from pspadm.PSP_COMPANY PSP_COMPANY;

  COUNT(*)                                                                      
----------                                                                      
   7350154                                                                      

1 row selected.

Elapsed: 00:00:00.33
13:45:49 SQL> select /*+ index_ffs(PSP_COMPANY PSP_COMPANY_FK8) parallel_index(PSP_COMPANY PSP_COMPANY_FK8)*/ count(*) from pspadm.PSP_COMPANY PSP_COMPANY;

  COUNT(*)                                                                      
----------                                                                      
   7350154                                                                      

1 row selected.

Elapsed: 00:00:00.33
13:45:50 SQL> select /*+ index_ffs(PSP_COMPANY PSP_COMPANY_I1) parallel_index(PSP_COMPANY PSP_COMPANY_I1)*/ count(*) from pspadm.PSP_COMPANY PSP_COMPANY;

  COUNT(*)                                                                      
----------                                                                      
   7350154                                                                      

1 row selected.

Elapsed: 00:00:00.33
13:45:50 SQL> select /*+ index_ffs(PSP_COMPANY PSP_COMPANY_I5) parallel_index(PSP_COMPANY PSP_COMPANY_I5)*/ count(*) from pspadm.PSP_COMPANY PSP_COMPANY;

  COUNT(*)                                                                      
----------                                                                      
   7350154                                                                      

1 row selected.

Elapsed: 00:00:00.33
13:45:50 SQL> select /*+ index_ffs(PSP_COMPANY PSP_COMPANY_I6) parallel_index(PSP_COMPANY PSP_COMPANY_I6)*/ count(*) from pspadm.PSP_COMPANY PSP_COMPANY;

  COUNT(*)                                                                      
----------                                                                      
   7350154                                                                      

1 row selected.

Elapsed: 00:00:00.34
13:45:51 SQL> select /*+ index_ffs(PSP_COMPANY PSP_COMPANY_U1) parallel_index(PSP_COMPANY PSP_COMPANY_U1)*/ count(*) from pspadm.PSP_COMPANY PSP_COMPANY;

  COUNT(*)                                                                      
----------                                                                      
   7350154                                                                      

1 row selected.

Elapsed: 00:00:00.33
13:45:51 SQL> select /*+ index_ffs(PSP_COMPANY PSP_COMP_IAM_REALMID_IDX) parallel_index(PSP_COMPANY PSP_COMP_IAM_REALMID_IDX)*/ count(*) from pspadm.PSP_COMPANY PSP_COMPANY;

  COUNT(*)                                                                      
----------                                                                      
   7350154                                                                      

1 row selected.

Elapsed: 00:00:00.33
13:45:51 SQL> select /*+ index_ffs(PSP_COMPANY SYS_C0020424) parallel_index(PSP_COMPANY SYS_C0020424)*/ count(*) from pspadm.PSP_COMPANY PSP_COMPANY;

  COUNT(*)                                                                      
----------                                                                      
   7350154                                                                      

1 row selected.

Elapsed: 00:00:00.33
13:45:52 SQL> select /*+ index_ffs(PSP_COMPANYAGENCY_FRMTEMPLATE PSP_COMPANY_AGENCY_FORM_TE_FK1) parallel_index(PSP_COMPANYAGENCY_FRMTEMPLATE PSP_COMPANY_AGENCY_FORM_TE_FK1)*/ count(*) from pspadm.PSP_COMPANYAGENCY_FRMTEMPLATE PSP_COMPANYAGENCY_FRMTEMPLATE;

  COUNT(*)                                                                      
----------                                                                      
   1541857                                                                      

1 row selected.

Elapsed: 00:01:40.96
13:47:33 SQL> select /*+ index_ffs(PSP_COMPANYAGENCY_FRMTEMPLATE PSP_COMPANY_AGENCY_FORM_TE_FK2) parallel_index(PSP_COMPANYAGENCY_FRMTEMPLATE PSP_COMPANY_AGENCY_FORM_TE_FK2)*/ count(*) from pspadm.PSP_COMPANYAGENCY_FRMTEMPLATE PSP_COMPANYAGENCY_FRMTEMPLATE;

  COUNT(*)                                                                      
----------                                                                      
   1541857                                                                      

1 row selected.

Elapsed: 00:00:00.07
13:47:33 SQL> select /*+ index_ffs(PSP_COMPANYAGENCY_FRMTEMPLATE SYS_C0020625) parallel_index(PSP_COMPANYAGENCY_FRMTEMPLATE SYS_C0020625)*/ count(*) from pspadm.PSP_COMPANYAGENCY_FRMTEMPLATE PSP_COMPANYAGENCY_FRMTEMPLATE;

  COUNT(*)                                                                      
----------                                                                      
   1541857                                                                      

1 row selected.

Elapsed: 00:00:00.08
13:47:33 SQL> select /*+ index_ffs(PSP_COMPANYAGENCY_PMTTEMPLATE PSP_COMPANY_AGENCY_PAYMENT_FK1) parallel_index(PSP_COMPANYAGENCY_PMTTEMPLATE PSP_COMPANY_AGENCY_PAYMENT_FK1)*/ count(*) from pspadm.PSP_COMPANYAGENCY_PMTTEMPLATE PSP_COMPANYAGENCY_PMTTEMPLATE;

  COUNT(*)                                                                      
----------                                                                      
   3654053                                                                      

1 row selected.

Elapsed: 00:00:26.80
13:48:00 SQL> select /*+ index_ffs(PSP_COMPANYAGENCY_PMTTEMPLATE PSP_COMPANY_AGENCY_PAYMENT_FK2) parallel_index(PSP_COMPANYAGENCY_PMTTEMPLATE PSP_COMPANY_AGENCY_PAYMENT_FK2)*/ count(*) from pspadm.PSP_COMPANYAGENCY_PMTTEMPLATE PSP_COMPANYAGENCY_PMTTEMPLATE;

  COUNT(*)                                                                      
----------                                                                      
   3654053                                                                      

1 row selected.

Elapsed: 00:00:00.18
13:48:00 SQL> select /*+ index_ffs(PSP_COMPANYAGENCY_PMTTEMPLATE SYS_C0020563) parallel_index(PSP_COMPANYAGENCY_PMTTEMPLATE SYS_C0020563)*/ count(*) from pspadm.PSP_COMPANYAGENCY_PMTTEMPLATE PSP_COMPANYAGENCY_PMTTEMPLATE;

  COUNT(*)                                                                      
----------                                                                      
   3654053                                                                      

1 row selected.

Elapsed: 00:00:00.18
13:48:00 SQL> select /*+ index_ffs(PSP_COMPANY_ADDITIONAL_INFO PSP_COMPANY_ADDITIONAL_INF_FK1) parallel_index(PSP_COMPANY_ADDITIONAL_INFO PSP_COMPANY_ADDITIONAL_INF_FK1)*/ count(*) from pspadm.PSP_COMPANY_ADDITIONAL_INFO PSP_COMPANY_ADDITIONAL_INFO;

  COUNT(*)                                                                      
----------                                                                      
    849478                                                                      

1 row selected.

Elapsed: 00:01:02.48
13:49:03 SQL> select /*+ index_ffs(PSP_COMPANY_ADDITIONAL_INFO PSP_COMPANY_ADDITIONAL_INF_FK2) parallel_index(PSP_COMPANY_ADDITIONAL_INFO PSP_COMPANY_ADDITIONAL_INF_FK2)*/ count(*) from pspadm.PSP_COMPANY_ADDITIONAL_INFO PSP_COMPANY_ADDITIONAL_INFO;

  COUNT(*)                                                                      
----------                                                                      
    849478                                                                      

1 row selected.

Elapsed: 00:00:00.05
13:49:03 SQL> select /*+ index_ffs(PSP_COMPANY_ADDITIONAL_INFO PSP_COMPANY_ADDITIONAL_INF_FK3) parallel_index(PSP_COMPANY_ADDITIONAL_INFO PSP_COMPANY_ADDITIONAL_INF_FK3)*/ count(*) from pspadm.PSP_COMPANY_ADDITIONAL_INFO PSP_COMPANY_ADDITIONAL_INFO;

  COUNT(*)                                                                      
----------                                                                      
    849478                                                                      

1 row selected.

Elapsed: 00:00:00.04
13:49:03 SQL> select /*+ index_ffs(PSP_COMPANY_ADDITIONAL_INFO SYS_C0020737) parallel_index(PSP_COMPANY_ADDITIONAL_INFO SYS_C0020737)*/ count(*) from pspadm.PSP_COMPANY_ADDITIONAL_INFO PSP_COMPANY_ADDITIONAL_INFO;

  COUNT(*)                                                                      
----------                                                                      
    849478                                                                      

1 row selected.

Elapsed: 00:00:00.05
13:49:03 SQL> select /*+ index_ffs(PSP_COMPANY_AGENCY PSP_COMPANY_AGENCY_FK1) parallel_index(PSP_COMPANY_AGENCY PSP_COMPANY_AGENCY_FK1)*/ count(*) from pspadm.PSP_COMPANY_AGENCY PSP_COMPANY_AGENCY;

  COUNT(*)                                                                      
----------                                                                      
   2640223                                                                      

1 row selected.

Elapsed: 00:00:20.25
13:49:23 SQL> select /*+ index_ffs(PSP_COMPANY_AGENCY PSP_COMPANY_AGENCY_FK2) parallel_index(PSP_COMPANY_AGENCY PSP_COMPANY_AGENCY_FK2)*/ count(*) from pspadm.PSP_COMPANY_AGENCY PSP_COMPANY_AGENCY;

  COUNT(*)                                                                      
----------                                                                      
   2640223                                                                      

1 row selected.

Elapsed: 00:00:00.13
13:49:23 SQL> select /*+ index_ffs(PSP_COMPANY_AGENCY SYS_C0020551) parallel_index(PSP_COMPANY_AGENCY SYS_C0020551)*/ count(*) from pspadm.PSP_COMPANY_AGENCY PSP_COMPANY_AGENCY;

  COUNT(*)                                                                      
----------                                                                      
   2640223                                                                      

1 row selected.

Elapsed: 00:00:00.13
13:49:23 SQL> select /*+ index_ffs(PSP_COMPANY_BANK_ACCOUNT PSP_COMPANY_BANK_ACCOUNT_FK1) parallel_index(PSP_COMPANY_BANK_ACCOUNT PSP_COMPANY_BANK_ACCOUNT_FK1)*/ count(*) from pspadm.PSP_COMPANY_BANK_ACCOUNT PSP_COMPANY_BANK_ACCOUNT;

  COUNT(*)                                                                      
----------                                                                      
   2500878                                                                      

1 row selected.

Elapsed: 00:02:22.65
13:51:46 SQL> select /*+ index_ffs(PSP_COMPANY_BANK_ACCOUNT PSP_COMPANY_BANK_ACCOUNT_FK2) parallel_index(PSP_COMPANY_BANK_ACCOUNT PSP_COMPANY_BANK_ACCOUNT_FK2)*/ count(*) from pspadm.PSP_COMPANY_BANK_ACCOUNT PSP_COMPANY_BANK_ACCOUNT;

  COUNT(*)                                                                      
----------                                                                      
   2500878                                                                      

1 row selected.

Elapsed: 00:00:00.11
13:51:46 SQL> select /*+ index_ffs(PSP_COMPANY_BANK_ACCOUNT PSP_COMPANY_BANK_ACCOUNT_U1) parallel_index(PSP_COMPANY_BANK_ACCOUNT PSP_COMPANY_BANK_ACCOUNT_U1)*/ count(*) from pspadm.PSP_COMPANY_BANK_ACCOUNT PSP_COMPANY_BANK_ACCOUNT;

  COUNT(*)                                                                      
----------                                                                      
   2500878                                                                      

1 row selected.

Elapsed: 00:00:00.12
13:51:46 SQL> select /*+ index_ffs(PSP_COMPANY_BANK_ACCOUNT SYS_C0020478) parallel_index(PSP_COMPANY_BANK_ACCOUNT SYS_C0020478)*/ count(*) from pspadm.PSP_COMPANY_BANK_ACCOUNT PSP_COMPANY_BANK_ACCOUNT;

  COUNT(*)                                                                      
----------                                                                      
   2500878                                                                      

1 row selected.

Elapsed: 00:00:00.11
13:51:46 SQL> select /*+ index_ffs(PSP_COMPANY_CONSENT SYS_C0020740) parallel_index(PSP_COMPANY_CONSENT SYS_C0020740)*/ count(*) from pspadm.PSP_COMPANY_CONSENT PSP_COMPANY_CONSENT;

  COUNT(*)                                                                      
----------                                                                      
     41169                                                                      

1 row selected.

Elapsed: 00:00:00.27
13:51:46 SQL> select /*+ index_ffs(PSP_COMPANY_DAILY_LIABILITY PSP_COMPANY_DAILY_LIABILIT_FK1) parallel_index(PSP_COMPANY_DAILY_LIABILITY PSP_COMPANY_DAILY_LIABILIT_FK1)*/ count(*) from pspadm.PSP_COMPANY_DAILY_LIABILITY PSP_COMPANY_DAILY_LIABILITY;

  COUNT(*)                                                                      
----------                                                                      
 189448651                                                                      

1 row selected.

Elapsed: 00:26:46.13
14:18:33 SQL> select /*+ index_ffs(PSP_COMPANY_DAILY_LIABILITY PSP_COMPANY_DAILY_LIABILIT_FK2) parallel_index(PSP_COMPANY_DAILY_LIABILITY PSP_COMPANY_DAILY_LIABILIT_FK2)*/ count(*) from pspadm.PSP_COMPANY_DAILY_LIABILITY PSP_COMPANY_DAILY_LIABILITY;

  COUNT(*)                                                                      
----------                                                                      
 189448651                                                                      

1 row selected.

Elapsed: 00:00:09.04
14:18:42 SQL> select /*+ index_ffs(PSP_COMPANY_DAILY_LIABILITY SYS_C0020634) parallel_index(PSP_COMPANY_DAILY_LIABILITY SYS_C0020634)*/ count(*) from pspadm.PSP_COMPANY_DAILY_LIABILITY PSP_COMPANY_DAILY_LIABILITY;

  COUNT(*)                                                                      
----------                                                                      
 189448651                                                                      

1 row selected.

Elapsed: 00:00:09.01
14:18:51 SQL> select /*+ index_ffs(PSP_COMPANY_EVENT PSP_COMPANY_EVENT_FK1) parallel_index(PSP_COMPANY_EVENT PSP_COMPANY_EVENT_FK1)*/ count(*) from pspadm.PSP_COMPANY_EVENT PSP_COMPANY_EVENT;

  COUNT(*)                                                                      
----------                                                                      
1833217548                                                                      

1 row selected.

Elapsed: 00:23:20.68
14:42:11 SQL> select /*+ index_ffs(PSP_COMPANY_EVENT PSP_COMPANY_EVENT_I1) parallel_index(PSP_COMPANY_EVENT PSP_COMPANY_EVENT_I1)*/ count(*) from pspadm.PSP_COMPANY_EVENT PSP_COMPANY_EVENT;

  COUNT(*)                                                                      
----------                                                                      
1833217548                                                                      

1 row selected.

Elapsed: 00:25:19.10
15:07:30 SQL> select /*+ index_ffs(PSP_COMPANY_EVENT PSP_COMPANY_EVENT_I2) parallel_index(PSP_COMPANY_EVENT PSP_COMPANY_EVENT_I2)*/ count(*) from pspadm.PSP_COMPANY_EVENT PSP_COMPANY_EVENT;

  COUNT(*)                                                                      
----------                                                                      
1833217548                                                                      

1 row selected.

Elapsed: 00:42:43.40
15:50:14 SQL> select /*+ index_ffs(PSP_COMPANY_EVENT PSP_COMPANY_EVENT_I3) parallel_index(PSP_COMPANY_EVENT PSP_COMPANY_EVENT_I3)*/ count(*) from pspadm.PSP_COMPANY_EVENT PSP_COMPANY_EVENT;

  COUNT(*)                                                                      
----------                                                                      
1833217548                                                                      

1 row selected.

Elapsed: 00:20:02.92
16:10:17 SQL> select /*+ index_ffs(PSP_COMPANY_EVENT SYS_C0020732) parallel_index(PSP_COMPANY_EVENT SYS_C0020732)*/ count(*) from pspadm.PSP_COMPANY_EVENT PSP_COMPANY_EVENT;

  COUNT(*)                                                                      
----------                                                                      
1833217548                                                                      

1 row selected.

Elapsed: 00:31:54.22
16:42:11 SQL> select /*+ index_ffs(PSP_COMPANY_EVENT_DETAIL PSP_COMPANY_EVENT_DETAIL_FK1) parallel_index(PSP_COMPANY_EVENT_DETAIL PSP_COMPANY_EVENT_DETAIL_FK1)*/ count(*) from pspadm.PSP_COMPANY_EVENT_DETAIL PSP_COMPANY_EVENT_DETAIL;

  COUNT(*)                                                                      
----------                                                                      
3884990878                                                                      

1 row selected.

Elapsed: 00:55:11.32
17:37:22 SQL> select /*+ index_ffs(PSP_COMPANY_EVENT_DETAIL PSP_COMPANY_EVENT_DETAIL_FK2) parallel_index(PSP_COMPANY_EVENT_DETAIL PSP_COMPANY_EVENT_DETAIL_FK2)*/ count(*) from pspadm.PSP_COMPANY_EVENT_DETAIL PSP_COMPANY_EVENT_DETAIL;

  COUNT(*)                                                                      
----------                                                                      
3884990878                                                                      

1 row selected.

Elapsed: 00:32:55.94
18:10:18 SQL> select /*+ index_ffs(PSP_COMPANY_EVENT_DETAIL PSP_COMPANY_EVENT_DETAIL_I2) parallel_index(PSP_COMPANY_EVENT_DETAIL PSP_COMPANY_EVENT_DETAIL_I2)*/ count(*) from pspadm.PSP_COMPANY_EVENT_DETAIL PSP_COMPANY_EVENT_DETAIL;

  COUNT(*)                                                                      
----------                                                                      
3884990878                                                                      

1 row selected.

Elapsed: 00:49:02.75
18:59:21 SQL> select /*+ index_ffs(PSP_COMPANY_EVENT_DETAIL SYS_C0020460) parallel_index(PSP_COMPANY_EVENT_DETAIL SYS_C0020460)*/ count(*) from pspadm.PSP_COMPANY_EVENT_DETAIL PSP_COMPANY_EVENT_DETAIL;

  COUNT(*)                                                                      
----------                                                                      
3884990878                                                                      

1 row selected.

Elapsed: 00:52:33.03
19:51:54 SQL> select /*+ index_ffs(PSP_COMPANY_EVENT_EMAIL PSP_COMPANY_EVENT_EMAIL_FK1) parallel_index(PSP_COMPANY_EVENT_EMAIL PSP_COMPANY_EVENT_EMAIL_FK1)*/ count(*) from pspadm.PSP_COMPANY_EVENT_EMAIL PSP_COMPANY_EVENT_EMAIL;

  COUNT(*)                                                                      
----------                                                                      
 399977717                                                                      

1 row selected.

Elapsed: 00:42:48.07
20:34:42 SQL> select /*+ index_ffs(PSP_COMPANY_EVENT_EMAIL STATUS_CD_IDX) parallel_index(PSP_COMPANY_EVENT_EMAIL STATUS_CD_IDX)*/ count(*) from pspadm.PSP_COMPANY_EVENT_EMAIL PSP_COMPANY_EVENT_EMAIL;

  COUNT(*)                                                                      
----------                                                                      
 399977717                                                                      

1 row selected.

Elapsed: 00:02:25.72
20:37:08 SQL> select /*+ index_ffs(PSP_COMPANY_EVENT_EMAIL SYS_C0020539) parallel_index(PSP_COMPANY_EVENT_EMAIL SYS_C0020539)*/ count(*) from pspadm.PSP_COMPANY_EVENT_EMAIL PSP_COMPANY_EVENT_EMAIL;

  COUNT(*)                                                                      
----------                                                                      
 399977717                                                                      

1 row selected.

Elapsed: 00:00:18.46
20:37:26 SQL> select /*+ index_ffs(PSP_COMPANY_EVENT_EMAIL_PARAM PSP_COMPANY_EVENT_EMAIL_PA_FK1) parallel_index(PSP_COMPANY_EVENT_EMAIL_PARAM PSP_COMPANY_EVENT_EMAIL_PA_FK1)*/ count(*) from pspadm.PSP_COMPANY_EVENT_EMAIL_PARAM PSP_COMPANY_EVENT_EMAIL_PARAM;

  COUNT(*)                                                                      
----------                                                                      
3505362864                                                                      

1 row selected.

Elapsed: 03:32:51.11
00:10:17 SQL> select /*+ index_ffs(PSP_COMPANY_EVENT_EMAIL_PARAM PSP_COMPANY_EVENT_EMAIL_PA_FK2) parallel_index(PSP_COMPANY_EVENT_EMAIL_PARAM PSP_COMPANY_EVENT_EMAIL_PA_FK2)*/ count(*) from pspadm.PSP_COMPANY_EVENT_EMAIL_PARAM PSP_COMPANY_EVENT_EMAIL_PARAM;

  COUNT(*)                                                                      
----------                                                                      
3505362864                                                                      

1 row selected.

Elapsed: 00:17:11.06
00:27:28 SQL> select /*+ index_ffs(PSP_COMPANY_EVENT_EMAIL_PARAM SYS_C0020540) parallel_index(PSP_COMPANY_EVENT_EMAIL_PARAM SYS_C0020540)*/ count(*) from pspadm.PSP_COMPANY_EVENT_EMAIL_PARAM PSP_COMPANY_EVENT_EMAIL_PARAM;

  COUNT(*)                                                                      
----------                                                                      
3505362864                                                                      

1 row selected.

Elapsed: 00:23:07.65
00:50:36 SQL> select /*+ index_ffs(PSP_COMPANY_FILING_AMOUNT PSP_COMPANYFILINGAMOUNT_FK1) parallel_index(PSP_COMPANY_FILING_AMOUNT PSP_COMPANYFILINGAMOUNT_FK1)*/ count(*) from pspadm.PSP_COMPANY_FILING_AMOUNT PSP_COMPANY_FILING_AMOUNT;

  COUNT(*)                                                                      
----------                                                                      
     83281                                                                      

1 row selected.

Elapsed: 00:00:00.43
00:50:36 SQL> select /*+ index_ffs(PSP_COMPANY_FILING_AMOUNT SYS_C0020698) parallel_index(PSP_COMPANY_FILING_AMOUNT SYS_C0020698)*/ count(*) from pspadm.PSP_COMPANY_FILING_AMOUNT PSP_COMPANY_FILING_AMOUNT;

  COUNT(*)                                                                      
----------                                                                      
     83281                                                                      

1 row selected.

Elapsed: 00:00:00.01
00:50:36 SQL> select /*+ index_ffs(PSP_COMPANY_LAW PSP_COMPANY_LAW_FK1) parallel_index(PSP_COMPANY_LAW PSP_COMPANY_LAW_FK1)*/ count(*) from pspadm.PSP_COMPANY_LAW PSP_COMPANY_LAW;

  COUNT(*)                                                                      
----------                                                                      
  11773142                                                                      

1 row selected.

Elapsed: 00:00:52.55
00:51:29 SQL> select /*+ index_ffs(PSP_COMPANY_LAW PSP_COMPANY_LAW_FK2) parallel_index(PSP_COMPANY_LAW PSP_COMPANY_LAW_FK2)*/ count(*) from pspadm.PSP_COMPANY_LAW PSP_COMPANY_LAW;

  COUNT(*)                                                                      
----------                                                                      
  11773142                                                                      

1 row selected.

Elapsed: 00:00:00.56
00:51:30 SQL> select /*+ index_ffs(PSP_COMPANY_LAW PSP_COMPANY_LAW_FK4) parallel_index(PSP_COMPANY_LAW PSP_COMPANY_LAW_FK4)*/ count(*) from pspadm.PSP_COMPANY_LAW PSP_COMPANY_LAW;

  COUNT(*)                                                                      
----------                                                                      
  11773142                                                                      

1 row selected.

Elapsed: 00:00:00.55
00:51:30 SQL> select /*+ index_ffs(PSP_COMPANY_LAW SYS_C0020562) parallel_index(PSP_COMPANY_LAW SYS_C0020562)*/ count(*) from pspadm.PSP_COMPANY_LAW PSP_COMPANY_LAW;

  COUNT(*)                                                                      
----------                                                                      
  11773142                                                                      

1 row selected.

Elapsed: 00:00:00.57
00:51:31 SQL> select /*+ index_ffs(PSP_COMPANY_LAW_RATE PSP_COMPANY_LAW_RATE_FK1) parallel_index(PSP_COMPANY_LAW_RATE PSP_COMPANY_LAW_RATE_FK1)*/ count(*) from pspadm.PSP_COMPANY_LAW_RATE PSP_COMPANY_LAW_RATE;

  COUNT(*)                                                                      
----------                                                                      
  15387293                                                                      

1 row selected.

Elapsed: 00:01:10.96
00:52:42 SQL> select /*+ index_ffs(PSP_COMPANY_LAW_RATE SYS_C0020614) parallel_index(PSP_COMPANY_LAW_RATE SYS_C0020614)*/ count(*) from pspadm.PSP_COMPANY_LAW_RATE PSP_COMPANY_LAW_RATE;

  COUNT(*)                                                                      
----------                                                                      
  15387293                                                                      

1 row selected.

Elapsed: 00:00:00.72
00:52:42 SQL> select /*+ index_ffs(PSP_COMPANY_NOTE PSP_COMPANYNOTE_FK1) parallel_index(PSP_COMPANY_NOTE PSP_COMPANYNOTE_FK1)*/ count(*) from pspadm.PSP_COMPANY_NOTE PSP_COMPANY_NOTE;

  COUNT(*)                                                                      
----------                                                                      
    551857                                                                      

1 row selected.

Elapsed: 00:00:02.31
00:52:45 SQL> select /*+ index_ffs(PSP_COMPANY_NOTE PSP_COMPANY_NOTE_FK1) parallel_index(PSP_COMPANY_NOTE PSP_COMPANY_NOTE_FK1)*/ count(*) from pspadm.PSP_COMPANY_NOTE PSP_COMPANY_NOTE;

  COUNT(*)                                                                      
----------                                                                      
    551857                                                                      

1 row selected.

Elapsed: 00:00:00.03
00:52:45 SQL> select /*+ index_ffs(PSP_COMPANY_NOTE SYS_C0020479) parallel_index(PSP_COMPANY_NOTE SYS_C0020479)*/ count(*) from pspadm.PSP_COMPANY_NOTE PSP_COMPANY_NOTE;

  COUNT(*)                                                                      
----------                                                                      
    551857                                                                      

1 row selected.

Elapsed: 00:00:00.02
00:52:45 SQL> select /*+ index_ffs(PSP_COMPANY_OFFER PSP_COMPANY_OFFER_FK1) parallel_index(PSP_COMPANY_OFFER PSP_COMPANY_OFFER_FK1)*/ count(*) from pspadm.PSP_COMPANY_OFFER PSP_COMPANY_OFFER;

  COUNT(*)                                                                      
----------                                                                      
    131147                                                                      

1 row selected.

Elapsed: 00:00:00.29
00:52:45 SQL> select /*+ index_ffs(PSP_COMPANY_OFFER PSP_COMPANY_OFFER_FK2) parallel_index(PSP_COMPANY_OFFER PSP_COMPANY_OFFER_FK2)*/ count(*) from pspadm.PSP_COMPANY_OFFER PSP_COMPANY_OFFER;

  COUNT(*)                                                                      
----------                                                                      
    131147                                                                      

1 row selected.

Elapsed: 00:00:00.01
00:52:45 SQL> select /*+ index_ffs(PSP_COMPANY_OFFER SYS_C0020461) parallel_index(PSP_COMPANY_OFFER SYS_C0020461)*/ count(*) from pspadm.PSP_COMPANY_OFFER PSP_COMPANY_OFFER;

  COUNT(*)                                                                      
----------                                                                      
    131147                                                                      

1 row selected.

Elapsed: 00:00:00.00
00:52:45 SQL> select /*+ index_ffs(PSP_COMPANY_OFFERING PSP_COMPANY_OFFERING_FK1) parallel_index(PSP_COMPANY_OFFERING PSP_COMPANY_OFFERING_FK1)*/ count(*) from pspadm.PSP_COMPANY_OFFERING PSP_COMPANY_OFFERING;

  COUNT(*)                                                                      
----------                                                                      
  10455689                                                                      

1 row selected.

Elapsed: 00:00:46.63
00:53:32 SQL> select /*+ index_ffs(PSP_COMPANY_OFFERING PSP_COMPANY_OFFERING_FK2) parallel_index(PSP_COMPANY_OFFERING PSP_COMPANY_OFFERING_FK2)*/ count(*) from pspadm.PSP_COMPANY_OFFERING PSP_COMPANY_OFFERING;

  COUNT(*)                                                                      
----------                                                                      
  10455689                                                                      

1 row selected.

Elapsed: 00:00:00.47
00:53:32 SQL> select /*+ index_ffs(PSP_COMPANY_OFFERING SYS_C0020595) parallel_index(PSP_COMPANY_OFFERING SYS_C0020595)*/ count(*) from pspadm.PSP_COMPANY_OFFERING PSP_COMPANY_OFFERING;

  COUNT(*)                                                                      
----------                                                                      
  10455689                                                                      

1 row selected.

Elapsed: 00:00:00.48
00:53:33 SQL> select /*+ index_ffs(PSP_COMPANY_PAYCHECK_BATCH PSP_COMPANY_PAYCHECK_BATCH_FK2) parallel_index(PSP_COMPANY_PAYCHECK_BATCH PSP_COMPANY_PAYCHECK_BATCH_FK2)*/ count(*) from pspadm.PSP_COMPANY_PAYCHECK_BATCH PSP_COMPANY_PAYCHECK_BATCH;

  COUNT(*)                                                                      
----------                                                                      
      5567                                                                      

1 row selected.

Elapsed: 00:00:00.01
00:53:33 SQL> select /*+ index_ffs(PSP_COMPANY_PAYCHECK_BATCH SYS_C0020643) parallel_index(PSP_COMPANY_PAYCHECK_BATCH SYS_C0020643)*/ count(*) from pspadm.PSP_COMPANY_PAYCHECK_BATCH PSP_COMPANY_PAYCHECK_BATCH;

  COUNT(*)                                                                      
----------                                                                      
      5567                                                                      

1 row selected.

Elapsed: 00:00:00.00
00:53:33 SQL> select /*+ index_ffs(PSP_COMPANY_PAYROLL_ITEM PSP_COMPANY_PAYROLL_ITEM_FK1) parallel_index(PSP_COMPANY_PAYROLL_ITEM PSP_COMPANY_PAYROLL_ITEM_FK1)*/ count(*) from pspadm.PSP_COMPANY_PAYROLL_ITEM PSP_COMPANY_PAYROLL_ITEM;

  COUNT(*)                                                                      
----------                                                                      
  24591024                                                                      

1 row selected.

Elapsed: 00:01:49.46
00:55:22 SQL> select /*+ index_ffs(PSP_COMPANY_PAYROLL_ITEM PSP_COMPANY_PAYROLL_ITEM_FK2) parallel_index(PSP_COMPANY_PAYROLL_ITEM PSP_COMPANY_PAYROLL_ITEM_FK2)*/ count(*) from pspadm.PSP_COMPANY_PAYROLL_ITEM PSP_COMPANY_PAYROLL_ITEM;

  COUNT(*)                                                                      
----------                                                                      
  24591024                                                                      

1 row selected.

Elapsed: 00:00:01.16
00:55:23 SQL> select /*+ index_ffs(PSP_COMPANY_PAYROLL_ITEM PSP_COMPANY_PAYROLL_ITEM_FK4) parallel_index(PSP_COMPANY_PAYROLL_ITEM PSP_COMPANY_PAYROLL_ITEM_FK4)*/ count(*) from pspadm.PSP_COMPANY_PAYROLL_ITEM PSP_COMPANY_PAYROLL_ITEM;

  COUNT(*)                                                                      
----------                                                                      
  24591024                                                                      

1 row selected.

Elapsed: 00:00:01.17
00:55:24 SQL> select /*+ index_ffs(PSP_COMPANY_PAYROLL_ITEM SYS_C0020573) parallel_index(PSP_COMPANY_PAYROLL_ITEM SYS_C0020573)*/ count(*) from pspadm.PSP_COMPANY_PAYROLL_ITEM PSP_COMPANY_PAYROLL_ITEM;

  COUNT(*)                                                                      
----------                                                                      
  24591024                                                                      

1 row selected.

Elapsed: 00:00:01.17
00:55:26 SQL> select /*+ index_ffs(PSP_COMPANY_PIN PSP_COMPANY_PIN_FK1) parallel_index(PSP_COMPANY_PIN PSP_COMPANY_PIN_FK1)*/ count(*) from pspadm.PSP_COMPANY_PIN PSP_COMPANY_PIN;

  COUNT(*)                                                                      
----------                                                                      
   1538527                                                                      

1 row selected.

Elapsed: 00:00:08.18
00:55:34 SQL> select /*+ index_ffs(PSP_COMPANY_PIN SYS_C0020527) parallel_index(PSP_COMPANY_PIN SYS_C0020527)*/ count(*) from pspadm.PSP_COMPANY_PIN PSP_COMPANY_PIN;

  COUNT(*)                                                                      
----------                                                                      
   1538527                                                                      

1 row selected.

Elapsed: 00:00:00.08
00:55:34 SQL> select /*+ index_ffs(PSP_COMPANY_RATE_REQUEST PSP_COMPANY_RATE_REQUEST_FK1) parallel_index(PSP_COMPANY_RATE_REQUEST PSP_COMPANY_RATE_REQUEST_FK1)*/ count(*) from pspadm.PSP_COMPANY_RATE_REQUEST PSP_COMPANY_RATE_REQUEST;

  COUNT(*)                                                                      
----------                                                                      
    860047                                                                      

1 row selected.

Elapsed: 00:00:02.05
00:55:36 SQL> select /*+ index_ffs(PSP_COMPANY_RATE_REQUEST PSP_COMPANY_RATE_REQUEST_FK2) parallel_index(PSP_COMPANY_RATE_REQUEST PSP_COMPANY_RATE_REQUEST_FK2)*/ count(*) from pspadm.PSP_COMPANY_RATE_REQUEST PSP_COMPANY_RATE_REQUEST;

  COUNT(*)                                                                      
----------                                                                      
    860047                                                                      

1 row selected.

Elapsed: 00:00:00.03
00:55:36 SQL> select /*+ index_ffs(PSP_COMPANY_RATE_REQUEST SYS_C0020714) parallel_index(PSP_COMPANY_RATE_REQUEST SYS_C0020714)*/ count(*) from pspadm.PSP_COMPANY_RATE_REQUEST PSP_COMPANY_RATE_REQUEST;

  COUNT(*)                                                                      
----------                                                                      
    860047                                                                      

1 row selected.

Elapsed: 00:00:00.03
00:55:36 SQL> select /*+ index_ffs(PSP_COMPANY_SERVICE PSP_COMPANY_SERVICE_FK1) parallel_index(PSP_COMPANY_SERVICE PSP_COMPANY_SERVICE_FK1)*/ count(*) from pspadm.PSP_COMPANY_SERVICE PSP_COMPANY_SERVICE;

  COUNT(*)                                                                      
----------                                                                      
  10639505                                                                      

1 row selected.

Elapsed: 00:00:49.20
00:56:25 SQL> select /*+ index_ffs(PSP_COMPANY_SERVICE PSP_COMPANY_SERVICE_FK2) parallel_index(PSP_COMPANY_SERVICE PSP_COMPANY_SERVICE_FK2)*/ count(*) from pspadm.PSP_COMPANY_SERVICE PSP_COMPANY_SERVICE;

  COUNT(*)                                                                      
----------                                                                      
  10639505                                                                      

1 row selected.

Elapsed: 00:00:00.49
00:56:26 SQL> select /*+ index_ffs(PSP_COMPANY_SERVICE PSP_COMPANY_SERVICE_FK3) parallel_index(PSP_COMPANY_SERVICE PSP_COMPANY_SERVICE_FK3)*/ count(*) from pspadm.PSP_COMPANY_SERVICE PSP_COMPANY_SERVICE;

  COUNT(*)                                                                      
----------                                                                      
  10639505                                                                      

1 row selected.

Elapsed: 00:00:00.49
00:56:26 SQL> select /*+ index_ffs(PSP_COMPANY_SERVICE PSP_COMPANY_SERVICE_IDX1) parallel_index(PSP_COMPANY_SERVICE PSP_COMPANY_SERVICE_IDX1)*/ count(*) from pspadm.PSP_COMPANY_SERVICE PSP_COMPANY_SERVICE;

  COUNT(*)                                                                      
----------                                                                      
  10639505                                                                      

1 row selected.

Elapsed: 00:00:00.49
00:56:27 SQL> select /*+ index_ffs(PSP_COMPANY_SERVICE SYS_C0020480) parallel_index(PSP_COMPANY_SERVICE SYS_C0020480)*/ count(*) from pspadm.PSP_COMPANY_SERVICE PSP_COMPANY_SERVICE;

  COUNT(*)                                                                      
----------                                                                      
  10639505                                                                      

1 row selected.

Elapsed: 00:00:00.50
00:56:27 SQL> select /*+ index_ffs(PSP_COMPANY_SERVICE_BANK_ACCT PSP_COMPANY_SERVICE_BANK_A_FK1) parallel_index(PSP_COMPANY_SERVICE_BANK_ACCT PSP_COMPANY_SERVICE_BANK_A_FK1)*/ count(*) from pspadm.PSP_COMPANY_SERVICE_BANK_ACCT PSP_COMPANY_SERVICE_BANK_ACCT;

  COUNT(*)                                                                      
----------                                                                      
 236793301                                                                      

1 row selected.

Elapsed: 00:20:28.47
01:16:56 SQL> select /*+ index_ffs(PSP_COMPANY_SERVICE_BANK_ACCT PSP_COMPANY_SERVICE_BANK_A_FK2) parallel_index(PSP_COMPANY_SERVICE_BANK_ACCT PSP_COMPANY_SERVICE_BANK_A_FK2)*/ count(*) from pspadm.PSP_COMPANY_SERVICE_BANK_ACCT PSP_COMPANY_SERVICE_BANK_ACCT;

  COUNT(*)                                                                      
----------                                                                      
 236793301                                                                      

1 row selected.

Elapsed: 00:00:35.17
01:17:31 SQL> select /*+ index_ffs(PSP_COMPANY_SERVICE_BANK_ACCT PSP_COMPANY_SERVICE_BANK_A_FK3) parallel_index(PSP_COMPANY_SERVICE_BANK_ACCT PSP_COMPANY_SERVICE_BANK_A_FK3)*/ count(*) from pspadm.PSP_COMPANY_SERVICE_BANK_ACCT PSP_COMPANY_SERVICE_BANK_ACCT;

  COUNT(*)                                                                      
----------                                                                      
 236793301                                                                      

1 row selected.

Elapsed: 00:00:10.81
01:17:42 SQL> select /*+ index_ffs(PSP_COMPANY_SERVICE_BANK_ACCT SYS_C0020462) parallel_index(PSP_COMPANY_SERVICE_BANK_ACCT SYS_C0020462)*/ count(*) from pspadm.PSP_COMPANY_SERVICE_BANK_ACCT PSP_COMPANY_SERVICE_BANK_ACCT;

  COUNT(*)                                                                      
----------                                                                      
 236793301                                                                      

1 row selected.

Elapsed: 00:00:10.78
01:17:52 SQL> select /*+ index_ffs(PSP_COMPANY_TFSSUBMISSION PSP_COMPANY_TFSSUBMISSION_FK1) parallel_index(PSP_COMPANY_TFSSUBMISSION PSP_COMPANY_TFSSUBMISSION_FK1)*/ count(*) from pspadm.PSP_COMPANY_TFSSUBMISSION PSP_COMPANY_TFSSUBMISSION;

  COUNT(*)                                                                      
----------                                                                      
    571013                                                                      

1 row selected.

Elapsed: 00:00:01.78
01:17:54 SQL> select /*+ index_ffs(PSP_COMPANY_TFSSUBMISSION SYS_C0020700) parallel_index(PSP_COMPANY_TFSSUBMISSION SYS_C0020700)*/ count(*) from pspadm.PSP_COMPANY_TFSSUBMISSION PSP_COMPANY_TFSSUBMISSION;

  COUNT(*)                                                                      
----------                                                                      
    571013                                                                      

1 row selected.

Elapsed: 00:00:00.02
01:17:54 SQL> select /*+ index_ffs(PSP_COMPANY_USAGE PSP_COMPANY_USAGE_U1) parallel_index(PSP_COMPANY_USAGE PSP_COMPANY_USAGE_U1)*/ count(*) from pspadm.PSP_COMPANY_USAGE PSP_COMPANY_USAGE;

  COUNT(*)                                                                      
----------                                                                      
   1141580                                                                      

1 row selected.

Elapsed: 00:00:04.92
01:17:59 SQL> select /*+ index_ffs(PSP_COMPANY_USAGE SYS_C0020686) parallel_index(PSP_COMPANY_USAGE SYS_C0020686)*/ count(*) from pspadm.PSP_COMPANY_USAGE PSP_COMPANY_USAGE;

  COUNT(*)                                                                      
----------                                                                      
   1141580                                                                      

1 row selected.

Elapsed: 00:00:00.06
01:17:59 SQL> select /*+ index_ffs(PSP_COMPENSATION PSP_COMPENSATION_FK1) parallel_index(PSP_COMPENSATION PSP_COMPENSATION_FK1)*/ count(*) from pspadm.PSP_COMPENSATION PSP_COMPENSATION;

  COUNT(*)                                                                      
----------                                                                      
1670715887                                                                      

1 row selected.

Elapsed: 00:09:21.91
01:27:21 SQL> select /*+ index_ffs(PSP_COMPENSATION PSP_COMPENSATION_FK2) parallel_index(PSP_COMPENSATION PSP_COMPENSATION_FK2)*/ count(*) from pspadm.PSP_COMPENSATION PSP_COMPENSATION;

  COUNT(*)                                                                      
----------                                                                      
1670715887                                                                      

1 row selected.

Elapsed: 01:15:45.01
02:43:06 SQL> select /*+ index_ffs(PSP_COMPENSATION PSP_COMPENSATION_FK4) parallel_index(PSP_COMPENSATION PSP_COMPENSATION_FK4)*/ count(*) from pspadm.PSP_COMPENSATION PSP_COMPENSATION;

  COUNT(*)                                                                      
----------                                                                      
1670715887                                                                      

1 row selected.

Elapsed: 00:01:00.74
02:44:07 SQL> select /*+ index_ffs(PSP_COMPENSATION SYS_C0020481) parallel_index(PSP_COMPENSATION SYS_C0020481)*/ count(*) from pspadm.PSP_COMPENSATION PSP_COMPENSATION;

  COUNT(*)                                                                      
----------                                                                      
1670715887                                                                      

1 row selected.

Elapsed: 00:05:34.05
02:49:41 SQL> select /*+ index_ffs(PSP_COMP_ADJUST_SUBMISSION PSP_COMPANY_ADJUSTMENT_SUB_FK1) parallel_index(PSP_COMP_ADJUST_SUBMISSION PSP_COMPANY_ADJUSTMENT_SUB_FK1)*/ count(*) from pspadm.PSP_COMP_ADJUST_SUBMISSION PSP_COMP_ADJUST_SUBMISSION;

  COUNT(*)                                                                      
----------                                                                      
  20403504                                                                      

1 row selected.

Elapsed: 00:00:58.46
02:50:39 SQL> select /*+ index_ffs(PSP_COMP_ADJUST_SUBMISSION PSP_COMPANY_ADJUSTMENT_SUB_FK3) parallel_index(PSP_COMP_ADJUST_SUBMISSION PSP_COMPANY_ADJUSTMENT_SUB_FK3)*/ count(*) from pspadm.PSP_COMP_ADJUST_SUBMISSION PSP_COMP_ADJUST_SUBMISSION;

  COUNT(*)                                                                      
----------                                                                      
  20403504                                                                      

1 row selected.

Elapsed: 00:00:00.99
02:50:40 SQL> select /*+ index_ffs(PSP_COMP_ADJUST_SUBMISSION PSP_COMPANY_ADJUSTMENT_SUB_FK4) parallel_index(PSP_COMP_ADJUST_SUBMISSION PSP_COMPANY_ADJUSTMENT_SUB_FK4)*/ count(*) from pspadm.PSP_COMP_ADJUST_SUBMISSION PSP_COMP_ADJUST_SUBMISSION;

  COUNT(*)                                                                      
----------                                                                      
  20403504                                                                      

1 row selected.

Elapsed: 00:00:00.99
02:50:41 SQL> select /*+ index_ffs(PSP_COMP_ADJUST_SUBMISSION SYS_C0020558) parallel_index(PSP_COMP_ADJUST_SUBMISSION SYS_C0020558)*/ count(*) from pspadm.PSP_COMP_ADJUST_SUBMISSION PSP_COMP_ADJUST_SUBMISSION;

  COUNT(*)                                                                      
----------                                                                      
  20403504                                                                      

1 row selected.

Elapsed: 00:00:00.98
02:50:42 SQL> select /*+ index_ffs(PSP_COMP_PMTTEMPLATE_PMTMETHOD PSP_COMPANYPAYMENTTEMPLATE_FK1) parallel_index(PSP_COMP_PMTTEMPLATE_PMTMETHOD PSP_COMPANYPAYMENTTEMPLATE_FK1)*/ count(*) from pspadm.PSP_COMP_PMTTEMPLATE_PMTMETHOD PSP_COMP_PMTTEMPLATE_PMTMETHOD;

  COUNT(*)                                                                      
----------                                                                      
   6135265                                                                      

1 row selected.

Elapsed: 00:00:13.22
02:50:55 SQL> select /*+ index_ffs(PSP_COMP_PMTTEMPLATE_PMTMETHOD SYS_C0020653) parallel_index(PSP_COMP_PMTTEMPLATE_PMTMETHOD SYS_C0020653)*/ count(*) from pspadm.PSP_COMP_PMTTEMPLATE_PMTMETHOD PSP_COMP_PMTTEMPLATE_PMTMETHOD;

  COUNT(*)                                                                      
----------                                                                      
   6135265                                                                      

1 row selected.

Elapsed: 00:00:00.29
02:50:56 SQL> select /*+ index_ffs(PSP_COMP_PMT_TEMPLATE_AGENCYID PSP_COMPANYPAYMENTTEMPLATE_FK2) parallel_index(PSP_COMP_PMT_TEMPLATE_AGENCYID PSP_COMPANYPAYMENTTEMPLATE_FK2)*/ count(*) from pspadm.PSP_COMP_PMT_TEMPLATE_AGENCYID PSP_COMP_PMT_TEMPLATE_AGENCYID;

  COUNT(*)                                                                      
----------                                                                      
     16335                                                                      

1 row selected.

Elapsed: 00:00:00.12
02:50:56 SQL> select /*+ index_ffs(PSP_COMP_PMT_TEMPLATE_AGENCYID SYS_C0020654) parallel_index(PSP_COMP_PMT_TEMPLATE_AGENCYID SYS_C0020654)*/ count(*) from pspadm.PSP_COMP_PMT_TEMPLATE_AGENCYID PSP_COMP_PMT_TEMPLATE_AGENCYID;

  COUNT(*)                                                                      
----------                                                                      
     16335                                                                      

1 row selected.

Elapsed: 00:00:00.00
02:50:56 SQL> select /*+ index_ffs(PSP_CONTACT PSP_CONTACT_FK2) parallel_index(PSP_CONTACT PSP_CONTACT_FK2)*/ count(*) from pspadm.PSP_CONTACT PSP_CONTACT;

  COUNT(*)                                                                      
----------                                                                      
  14279436                                                                      

1 row selected.

Elapsed: 00:00:41.27
02:51:37 SQL> select /*+ index_ffs(PSP_CONTACT SYS_C0020482) parallel_index(PSP_CONTACT SYS_C0020482)*/ count(*) from pspadm.PSP_CONTACT PSP_CONTACT;

  COUNT(*)                                                                      
----------                                                                      
  14279436                                                                      

1 row selected.

Elapsed: 00:00:00.64
02:51:38 SQL> select /*+ index_ffs(PSP_DDCOMPANY_SERVICE_INFO PSP_DDCOMPANY_SERVICE_INFO_FK2) parallel_index(PSP_DDCOMPANY_SERVICE_INFO PSP_DDCOMPANY_SERVICE_INFO_FK2)*/ count(*) from pspadm.PSP_DDCOMPANY_SERVICE_INFO PSP_DDCOMPANY_SERVICE_INFO;

  COUNT(*)                                                                      
----------                                                                      
   1406352                                                                      

1 row selected.

Elapsed: 00:00:04.25
02:51:42 SQL> select /*+ index_ffs(PSP_DDCOMPANY_SERVICE_INFO SYS_C0020483) parallel_index(PSP_DDCOMPANY_SERVICE_INFO SYS_C0020483)*/ count(*) from pspadm.PSP_DDCOMPANY_SERVICE_INFO PSP_DDCOMPANY_SERVICE_INFO;

  COUNT(*)                                                                      
----------                                                                      
   1406352                                                                      

1 row selected.

Elapsed: 00:00:00.07
02:51:42 SQL> select /*+ index_ffs(PSP_DEDUCTION PSP_DEDUCTION_FK1) parallel_index(PSP_DEDUCTION PSP_DEDUCTION_FK1)*/ count(*) from pspadm.PSP_DEDUCTION PSP_DEDUCTION;

  COUNT(*)                                                                      
----------                                                                      
 812662216                                                                      

1 row selected.

Elapsed: 00:01:35.22
02:53:17 SQL> select /*+ index_ffs(PSP_DEDUCTION PSP_DEDUCTION_FK2) parallel_index(PSP_DEDUCTION PSP_DEDUCTION_FK2)*/ count(*) from pspadm.PSP_DEDUCTION PSP_DEDUCTION;

  COUNT(*)                                                                      
----------                                                                      
 812662216                                                                      

1 row selected.

Elapsed: 00:03:52.88
02:57:10 SQL> select /*+ index_ffs(PSP_DEDUCTION PSP_DEDUCTION_FK4) parallel_index(PSP_DEDUCTION PSP_DEDUCTION_FK4)*/ count(*) from pspadm.PSP_DEDUCTION PSP_DEDUCTION;

  COUNT(*)                                                                      
----------                                                                      
 812662216                                                                      

1 row selected.

Elapsed: 00:00:29.75
02:57:40 SQL> spool off
