
SQL*Plus: Release 12.1.0.2.0 Production on Fri Jun 23 02:24:02 2023

Copyright (c) 1982, 2014, Oracle.  All rights reserved.

Last Successful login time: Fri Jun 23 2023 00:15:59 -07:00

Connected to:
Oracle Database 19c Enterprise Edition Release 19.0.0.0.0 - Production

SQL> spool range_boundaries_2
SQL> 
SQL> 
SQL> Select /*+ parallel(a,4) */a.COMPENSATION_SEQ From
  2  	 (
  3  	     Select /*+ parallel(e,4) */Row_Number() OVER (Order by COMPENSATION_SEQ) rno, e.COMPENSATION_SEQ
  4  	     From pspadm.PSP_COMPENSATION e order by rno
  5  	 ) a
  6  Where rno in (97595388,195190777,292786165,390381553,487976941,585572330,683167718,780763106,878358494,975953883,1073549271,1171144659,1268740047,1366335436,1463930824,1561526212);

COMPENSATION_SEQ
---------------------------------------------------------------------------------------------------------------------------------------------------------------------------------------------------------------------------------------------------------------
0ffcf654-bfb3-435c-adbf-e548f5a9864f
1ffa553f-d1d8-4ce4-b1b2-d144ad68b889
2ff81761-89b0-4e68-b802-34dedcf3f463
3ff60f2e-b0a6-4350-83a0-3277cd6d1e12
4ff33a6e-74f6-4608-a103-4cc1367af5c7
5ff05a3f-1dfe-471d-992d-daad5dcad7d6
6fed4067-e8dd-4a84-ac97-432cc632dd34
7fea031d-b1a7-47dc-b0bf-d2287cbc5ec6
8fe78d12-8633-4282-b00f-67f2f01259eb
9fe5a6dd-03d1-4a7d-bb49-393deca07e0b
afe2d2a8-aa30-4510-8ba7-21c7be2adcd7

COMPENSATION_SEQ
---------------------------------------------------------------------------------------------------------------------------------------------------------------------------------------------------------------------------------------------------------------
bfe022ec-375c-4ac9-8405-d4cdac6c8fed
cfddb95e-0276-4cb5-9d55-3331965f7258
dfdb3d48-10ed-48c4-b4a8-6125cf5e4a94
efd857bf-f688-48a9-b88b-117153209bb9
ffd521cb-da85-42ee-b802-1c1ed1787a49

16 rows selected.

Elapsed: 00:16:54.73
SQL> 
SQL> 
SQL> select /*+ parallel(a,4) */a.PROPERTY_AUDIT_SEQ From
  2  	 (
  3  	     Select /*+ parallel(e,4) */Row_Number() OVER (Order by PROPERTY_AUDIT_SEQ) rno, e.PROPERTY_AUDIT_SEQ
  4  	     From pspadm.PSP_PROPERTY_AUDIT e order by rno
  5  	 ) a
  6  Where rno in (81847586,163695173,245542759,327390345,409237931,491085518,572933104,654780690,736628276,818475863,900323449,982171035,1064018621,1145866208,1227713794,1309561380);

PROPERTY_AUDIT_SEQ
---------------------------------------------------------------------------------------------------------------------------------------------------------------------------------------------------------------------------------------------------------------
1AD521C21030610BE053690AA80AA0AA
366A10F463C22EEFE053A512910AD135
5188E396D0632F67E0539402A10A63D4
6981B38BAFBC4B4AE0539402A10A438A
849D318599A6E098E0539809A10A4B2D
9CCFE12A4B018891E0530100007F708B
AD64ADEA39B4B736E0530100007F354F
C115C0367FCA4E25E040007F01002882
CC1A63974E9305E4E0430100007FB0F5
D136014FFB19141EE0530100007FF739
D6943E68D53F7D00E043690AA80ABEA3

PROPERTY_AUDIT_SEQ
---------------------------------------------------------------------------------------------------------------------------------------------------------------------------------------------------------------------------------------------------------------
E16DE70792A7AD73E0530100007FB24E
E8A08035D7434564E0530100007F83D1
F0E0D42596F9A506E0530100007FA213
F79D1C0115D15B69E043680AA80A707C
f0802558-fee4-4d69-8498-e2740bb7fc44

16 rows selected.

Elapsed: 00:13:52.61
SQL> 
SQL> 
SQL> select /*+ parallel(a,4) */a.QBDT_PAYCHECK_INFO_SEQ From
  2  	 (
  3  	     Select /*+ parallel(e,4) */Row_Number() OVER (Order by QBDT_PAYCHECK_INFO_SEQ) rno, e.QBDT_PAYCHECK_INFO_SEQ
  4  	     From pspadm.PSP_QBDT_PAYCHECK_INFO e order by rno
  5  	 ) a
  6  Where rno in (99007815,198015631,297023446,396031262,495039077,594046893,693054708,792062524,891070339,990078154,1089085970,1188093785,1287101601,1386109416,1485117232,1584125047);

QBDT_PAYCHECK_INFO_SEQ
---------------------------------------------------------------------------------------------------------------------------------------------------------------------------------------------------------------------------------------------------------------
0ffd71bf-a2e2-4038-9c96-3fd59d07dca9
1ffc3a86-4959-480f-b01f-2fbf393403ff
2ffa03a7-54dd-41e1-af38-0d9d4f9136b0
3ff8017a-85ff-408e-a951-8eb54a2650b0
4ff62ac4-438f-445c-bd4d-ae45db30e2af
5ff3eb92-d95b-4e62-8a7a-dfe82c4cf72a
6ff21d84-b35b-4ed4-9c3b-6077272e92b6
7fefcdf0-0f91-4cc3-a4e3-da561e969a88
8fee4a66-b8ad-43dc-a642-5b3a7d8cd7b7
9feb4e7d-760f-4bd1-83e4-4bf1726b2c3d
afe92543-7d02-4de0-93b7-4f9e3726c1ae

QBDT_PAYCHECK_INFO_SEQ
---------------------------------------------------------------------------------------------------------------------------------------------------------------------------------------------------------------------------------------------------------------
bfe71ae3-4ea5-4dac-974e-75d6c0c31fbe
cfe5a265-29db-48d6-9bcc-6d2feeadfce8
dfe36c10-c440-4a31-9826-968608c4386c
efe1db2e-77a0-4f67-b4d8-98c02e64c4e2
ffe02986-3e54-40e4-9467-5bfe5d56d572

16 rows selected.

Elapsed: 00:16:28.28
SQL> 
SQL> select /*+ parallel(a,4) */a.QBDT_PAYLINE_INFO_SEQ From
  2  	 (
  3  	     Select /*+ parallel(e,4) */Row_Number() OVER (Order by QBDT_PAYLINE_INFO_SEQ) rno, e.QBDT_PAYLINE_INFO_SEQ
  4  	     From pspadm.PSP_QBDT_PAYLINE_INFO e order by rno
  5  	 ) a
  6  Where rno in (165516752,331033504,496550256,662067008,827583760,993100512,1158617264,1324134017,1489650769,1655167521,1820684273,1986201025,2151717777,2317234529,2482751281,2648268033);

QBDT_PAYLINE_INFO_SEQ
---------------------------------------------------------------------------------------------------------------------------------------------------------------------------------------------------------------------------------------------------------------
0ffd2fff-423a-4d60-b998-0b20542bc0dc
1ffa9191-f3ac-418d-932b-ef5248522fa5
2ff80273-5b21-4e9f-9bd8-7cf852ff38f9
3ff50e55-4971-4b4f-8f5c-4e820b80768a
4ff27e57-8c2a-40ce-b5a9-857e8316f905
5fefef63-f739-4272-9116-8168c1f9fd86
6fede3b6-5699-4d47-b04b-7c87f9307b13
7feaed50-fe7a-4e82-906e-eb9af0f6e6b1
8fe84e21-d546-4695-830d-0b9d9fff0d03
9fe57b1e-ee9f-4455-bbb6-4f174e01b71c
afe2cf9f-1560-40a8-837b-64a01b5e66e9

QBDT_PAYLINE_INFO_SEQ
---------------------------------------------------------------------------------------------------------------------------------------------------------------------------------------------------------------------------------------------------------------
bfe041b6-688b-4fb6-8d6b-371d44366679
cfde0777-d2c9-48bd-9b66-7f9dc9f401d6
dfdb84d6-b87c-4303-955a-1aee11036e26
efd948fd-eb91-43d1-8a83-2ec221d3736d
ffd69227-35fb-4877-b82e-b8b0dca5e3fc

16 rows selected.

Elapsed: 00:28:41.69
SQL> 
SQL> 
SQL> spool off;
SQL> Error 45 initializing SQL*Plus
Internal error
