SQL> 
SQL> 
SQL> select /*+ parallel(a,4) */a.TAX_SEQ From
  2  	 (
  3  	     Select /*+ parallel(e,4) */Row_Number() OVER (Order by TAX_SEQ) rno, e.TAX_SEQ
  4  	     From pspadm.PSP_TAX e order by rno
  5  	 ) a
  6  Where rno in (375788600,751577201,1127365801,1503154402,1878943002,2254731602,2630520203,3006308803,3382097403,3757886004,4133674604,4509463205,4885251805,5261040405,5636829006,6012617606);

TAX_SEQ
---------------------------------------------------------------------------------------------------------------------------------------------------------------------------------------------------------------------------------------------------------------
0ffec216-5201-4dfa-bf21-c2b716a3e273
1ffd1654-ab7e-4dc0-a60f-53f50f7520f3
2ffbbe2e-9097-4131-ab75-bf5acfdd8ba7
3ffaa424-6674-4d27-83cf-1f51ca0504a3
4ff97537-8b34-428a-830b-59e99a551f28
5ff8918f-88a4-4ed5-ad81-29583ba57335
6ff777b3-8421-46c5-99a0-55067b37fe64
7ff65e42-95e8-4d91-be91-26413e7e337c
8ff4f97e-1dcd-4ff9-9a34-a359fc8a0d36
9ff3872c-922f-40d9-ae88-bfd49f443fa5
aff26e0d-b7cb-4e16-a134-c3a217df5883

TAX_SEQ
---------------------------------------------------------------------------------------------------------------------------------------------------------------------------------------------------------------------------------------------------------------
bff0f07d-a276-4e85-b0a9-e090f52bfd86
cfef9f37-eda8-4da4-b4fc-a41376756558
dfee1ff9-30cc-498d-99d0-f27dcec8229a
efec92ab-7737-4c69-951f-9a8a453b2b19
ffeb3a09-f1a4-4e08-99fd-66e5ea1754ae

16 rows selected.

Elapsed: 01:08:45.78
SQL> 
SQL> 
SQL> select /*+ parallel(a,4) */a.PSTUB_PAY_ITEM_SEQ From
  2  	 (
  3  	     Select /*+ parallel(e,4) */Row_Number() OVER (Order by PSTUB_PAY_ITEM_SEQ) rno, e.PSTUB_PAY_ITEM_SEQ
  4  	     From pspadm.PSP_PSTUB_PAY_ITEM e order by rno
  5  	 ) a
  6  Where rno in (308940403,617880807,926821210,1235761614,1544702017,1853642421,2162582824,2471523228,2780463631,3089404034,3398344438,3707284841,4016225245,4325165648,4634106052,4943046455);

PSTUB_PAY_ITEM_SEQ
---------------------------------------------------------------------------------------------------------------------------------------------------------------------------------------------------------------------------------------------------------------
0ffe8cad-1e9b-4cfb-9c7e-623469b276cf
1ffcd1e6-e306-4551-9b64-896dc6b485c3
2ffb3603-a095-4a2d-81b7-e3ec6b626c4c
3ff96bfd-8cf9-4d1f-b2bc-12a4c9e7c544
4ff7b0c6-804b-430f-8c71-fd53424be596
5ff5f4c8-47fe-4e72-b376-bcf208b2ed1e
6ff439bf-5048-4718-af08-d4e23a73106f
7ff29842-2d23-47e5-bf23-cae0e97d7b7b
8ff09a61-9e60-4266-93da-7e580e70418d
9feee6cd-ec9b-4808-9cc7-43ff240c2393
afecf9ac-49f7-4784-b4f2-664dcee7dd04

PSTUB_PAY_ITEM_SEQ
---------------------------------------------------------------------------------------------------------------------------------------------------------------------------------------------------------------------------------------------------------------
bfeb4a07-7418-473c-befa-1133822165b4
cfe990c9-9f37-434b-8c64-12d0d4c928f6
dfe78978-89d9-4b96-b802-866ff46c6ccd
efe5dc22-f7b3-4030-b4f5-ad2db7fba168
ffe44cae-e6a5-4d1c-8710-41a777530d4b

16 rows selected.

Elapsed: 01:01:08.97
SQL> 
SQL> 
SQL> 
SQL> spool off;
