
SQL*Plus: Release 12.1.0.2.0 Production on Thu Jun 22 00:47:17 2023

Copyright (c) 1982, 2014, Oracle.  All rights reserved.

Last Successful login time: Wed Jun 21 2023 23:53:49 -07:00

Connected to:
Oracle Database 19c Enterprise Edition Release 19.0.0.0.0 - Production


COMPANY_EVENT_SEQ
--------------------------------------------------------------------------------
1005d1bb-3581-4dc6-9097-4952c518dca7
200c70d3-4e41-4646-80a9-d36530e4a945
3025fc89-320f-4f37-a62d-daeb34dc8752
403da70c-213a-4165-bb98-dd7b3208900e
505a96d2-0804-440b-bc76-4cdb2a0aba19
607960cb-196c-4dc7-8cb7-dd014ad6918f
70970741-1ba2-47c2-86af-821d1200b25d
80b37fd1-91a3-4bb8-86fb-aec1a6a2c9fc
90d102df-520b-477f-b06e-f79e66ecd8dc
a0f14fa6-b633-4054-bd88-ca166a5e1942
b0e0eebe-c45d-49d1-8a6d-e15aff9674e2

COMPANY_EVENT_SEQ
--------------------------------------------------------------------------------
c0b3276b-0341-4f5c-874b-b8c4f7313f3a
d0839300-bdfa-4a7c-88e2-132e0a41ff8b
e057f7d4-2e92-4110-8ffe-2c5cbf530124
f024f64a-c48c-445d-bf8f-27a12e84826a
fffde892-7429-4a1e-8d05-65b941c42e0a

16 rows selected.


COMPANY_EVENT_DETAIL_SEQ
--------------------------------------------------------------------------------
1005bd79-a976-41ce-9130-c3ffea06caab
200c5740-d652-4492-b5d5-fcdbb523c77b
302496bf-c04d-4549-ac25-f4c1a04e15c9
403b73bc-a576-40b8-8599-d71bd555fc5b
505546e3-dec2-40c7-aa7d-4ecb9bc00599
60721c58-fc74-4eb2-b996-18f24dca9d60
708da33a-593f-4383-9ca1-7678d5421a55
80a96f08-81bf-46b1-91a5-d87870cf37ee
90c4743c-f79a-4a14-a717-59315ede98f4
a0e2b5e9-5c1e-4cc1-839f-eade8051ded0
b0d3ee99-0efb-40d0-bbdc-508f3bcc8b82

COMPANY_EVENT_DETAIL_SEQ
--------------------------------------------------------------------------------
c0a7dcc1-cdee-41f3-bf3a-7e39fac4c96b
d07b7f4c-5aac-439b-ac8c-37af42122c34
e0517d52-df68-4e74-8099-4b641989f5d2
f02125de-46a2-416f-94e3-a62691d12e3b
fffd4e92-5bbe-4a7e-a9e6-8f2fa5548189

16 rows selected.


COMPANY_EVENT_EMAIL_PARAM_SEQ
--------------------------------------------------------------------------------
100013d8-d5c3-447c-9ec1-cb05a812ecd0
1fffbbda-6017-4d7d-bfbb-804e0e3b8c76
2fffa54e-16ae-4cc0-8dee-01785db82a7c
3fff29f2-4c46-4344-b6c7-2207576131e8
4ffea957-342f-4cfe-8728-8c086a0524eb
5ffe5a58-9fa7-41a6-a218-29e48badfcbd
6ffe227a-ac34-42de-8eb0-212656342315
7ffe328a-df49-48c8-8bdb-f31f4a87c770
8ffdc247-3a9e-4839-96cf-1c419df6390d
9ffcd9b7-9722-4a62-b988-eb5ece14fc5d
affcde06-6a68-4089-a3f0-414ff0cb7f8c

COMPANY_EVENT_EMAIL_PARAM_SEQ
--------------------------------------------------------------------------------
bffc682d-fb29-42b9-8b0e-eb7b69259733
cffc3842-d7b0-4f28-8019-b700b911eb91
dffbf933-07a5-4043-9ef4-a39945735ac6
effc2e72-08c7-4668-b937-9802668aec75
fffb1ead-578b-4269-b22c-82de6608d472

16 rows selected.

SQL> Error 45 initializing SQL*Plus
Internal error
