
SQL*Plus: Release 12.1.0.2.0 Production on Wed Jun 21 23:31:33 2023

Copyright (c) 1982, 2014, Oracle.  All rights reserved.

Last Successful login time: Wed Jun 21 2023 23:19:35 -07:00

Connected to:
Oracle Database 19c Enterprise Edition Release 19.0.0.0.0 - Production

SQL> spool get_task_2
SQL> 
SQL> SELECT /*+ parallel(4) */count(*) FROM PSPADM.PSP_COMPANY_EVENT;

  COUNT(*)
----------
1756060293

1 row selected.

Elapsed: 00:01:01.45
SQL> SELECT /*+ parallel(4) */count(*) FROM PSPADM.PSP_COMPANY_EVENT_DETAIL;

  COUNT(*)
----------
3721703554

1 row selected.

Elapsed: 00:02:06.62
SQL> SELECT /*+ parallel(4) */count(*) FROM PSPADM.PSP_COMPANY_EVENT_EMAIL_PARAM;

  COUNT(*)
----------
3340348675

1 row selected.

Elapsed: 00:01:53.80
SQL> 
SQL> spool off;
SQL> Error 45 initializing SQL*Plus
Internal error
