05:44:46 SQL> Select /*+ parallel(a,8) */a.QBDT_PAYCHECK_INFO_SEQ From
05:44:46   2  	  (
05:44:46   3  	      Select /*+ parallel(e,8) */Row_Number() OVER (Order by QBDT_PAYCHECK_INFO_SEQ) rno, e.QBDT_PAYCHECK_INFO_SEQ
05:44:46   4  	      From pspadm.PSP_QBDT_PAYCHECK_INFO e
05:44:46   5  	  ) a
05:44:46   6  Where rno in (81688761, 87523672, 94256262, 102110951, 111393764, 122533141, 136147934, 153166426, 175047344, 204221902, 245066282, 306332852, 408443803, 612665705, 1225331409);

QBDT_PAYCHECK_INFO_SEQ
---------------------------------------------------------------------------------------------------------------------------------------------------------------------------------------------------------------------------------------------------------------
20000bda-c2fc-48f2-9bec-26999d28812a
24929177-5f2a-43cb-acc3-08e1d77eba3f
2aaa4f44-844e-45ee-a2a3-0bd5a22c6b39
3332d37c-33ab-4c66-87ac-74127f79bd03
3ffffd7a-4c10-4a88-bda5-caf64761657a
7ffff990-efd1-40be-be8f-5daf2da6da61
fffffffc-3d9b-4b26-9c97-d5f7cfe0b1e8
11108502-10d4-49e1-ab84-a581174b8bc4
12488df9-aeaf-4648-a067-5d48fb3e12db
13b091f4-e276-45a7-a7ad-9bf32abe6cbc
1554b242-5977-4ea2-854d-34c28f3aadba

QBDT_PAYCHECK_INFO_SEQ
---------------------------------------------------------------------------------------------------------------------------------------------------------------------------------------------------------------------------------------------------------------
17451df3-0612-4227-960d-50dd3869610f
19991d2e-35e6-4af9-b3c8-28240e872684
1c71ad47-3d17-4cfe-92c9-a7527f10ac32
5555ff0b-84fb-43f7-ae10-5d88160b626b

15 rows selected.

Elapsed: 00:18:13.08
06:02:59 SQL> 
06:02:59 SQL> 
06:02:59 SQL> Select /*+ parallel(a,8) */a.TAX_SEQ From
06:02:59   2  	  (
06:02:59   3  	      Select /*+ parallel(e,8) */Row_Number() OVER (Order by TAX_SEQ) rno, e.TAX_SEQ
06:02:59   4  	      From pspadm.PSP_TAX e
06:02:59   5  	  ) a
06:02:59   6  Where rno in (267173213, 286257014, 308276785, 333966517, 364327109, 400759820, 445288689, 500949775, 572514029, 667933034, 801519640, 1001899550, 1335866067, 2003799101, 4007598201);
Select /*+ parallel(a,8) */a.TAX_SEQ From
*
ERROR at line 1:
ORA-12801: error signaled in parallel query server P001
ORA-01652: unable to extend temp segment by 128 in tablespace TEMP


Elapsed: 00:27:02.86
06:30:02 SQL> 
06:30:02 SQL> Select /*+ parallel(a,8) */a.COMPANY_EVENT_EMAIL_PARAM_SEQ From
06:30:02   2  	  (
06:30:02   3  	      Select /*+ parallel(e,8) */Row_Number() OVER (Order by COMPANY_EVENT_EMAIL_PARAM_SEQ) rno, e.COMPANY_EVENT_EMAIL_PARAM_SEQ
06:30:02   4  	      From pspadm.PSP_COMPANY_EVENT_EMAIL_PARAM e
06:30:02   5  	  ) a
06:30:02   6  Where rno in (163640412, 175329013, 188815860, 204550516, 223146017, 245460619, 272734021, 306825773, 350658027, 409101031, 490921237, 613651547, 818202062, 1227303093, 2454606186);
Select /*+ parallel(a,8) */a.COMPANY_EVENT_EMAIL_PARAM_SEQ From
*
ERROR at line 1:
ORA-12801: error signaled in parallel query server P001
ORA-01652: unable to extend temp segment by 128 in tablespace TEMP


Elapsed: 00:19:51.61
06:49:53 SQL> 
06:49:53 SQL> Select /*+ parallel(a,8) */a.COMPENSATION_SEQ From
06:49:53   2  	  (
06:49:53   3  	      Select /*+ parallel(e,8) */Row_Number() OVER (Order by COMPENSATION_SEQ) rno, e.COMPENSATION_SEQ
06:49:53   4  	      From pspadm.PSP_COMPENSATION e
06:49:53   5  	  ) a
06:49:53   6  Where rno in (70913584, 75978840, 81823366, 88641979, 96700341, 106370375, 118189306, 132962969, 151957679, 177283959, 212740751, 265925938, 354567918, 531851877, 1063703753);

COMPENSATION_SEQ
---------------------------------------------------------------------------------------------------------------------------------------------------------------------------------------------------------------------------------------------------------------
fffffffa-c38c-4845-986d-29da95ed18bb
1110a83b-030a-4076-8fba-5e92d5cb7d05
1248a687-e2e6-4b6b-bc36-2aa2d0798047
13b0a6aa-2a57-4690-9eb5-49f84492ddbd
1554a67a-a498-4009-a21b-6e52eea7b612
17453838-cac4-4c10-86b6-72f94b7f0c8e
19994daa-aa1e-4b10-a25f-54222b1cc670
1c71b02f-506b-443f-b02b-8bb418c92da4
1fffc6dd-a4bc-40fe-83c2-9de65c559112
24928f78-7e63-4e61-83c9-71d51584f87b
2aab08d0-7aa8-408b-b351-d36f4ecd77f1

COMPENSATION_SEQ
---------------------------------------------------------------------------------------------------------------------------------------------------------------------------------------------------------------------------------------------------------------
3333ac4d-3db8-4c7c-a702-8ee20c4a34b3
400104c1-9883-43b2-9dc7-0939326549d1
5556bedf-0726-4f59-863c-23d90580f574
7fff8826-be0c-45a1-ae6e-8c1e4cbfe79d

15 rows selected.

Elapsed: 00:09:14.83
06:59:08 SQL> 
06:59:08 SQL> Select /*+ parallel(a,8) */a.QBDT_PAYLINE_INFO_SEQ From
06:59:08   2  	  (
06:59:08   3  	      Select /*+ parallel(e,8) */Row_Number() OVER (Order by QBDT_PAYLINE_INFO_SEQ) rno, e.QBDT_PAYLINE_INFO_SEQ
06:59:08   4  	      From pspadm.PSP_QBDT_PAYLINE_INFO e
06:59:08   5  	  ) a
06:59:08   6  Where rno in (121833219, 130535592, 140576791, 152291524, 166136208, 182749829, 203055365, 228437286, 261071184, 304583048, 365499657, 456874571, 609166095, 913749143, 1827498285);

QBDT_PAYLINE_INFO_SEQ
---------------------------------------------------------------------------------------------------------------------------------------------------------------------------------------------------------------------------------------------------------------
7fff6b42-a516-4e5a-82e3-cd6660a71f17
fffffffc-f416-469a-9378-59b02543c89b
1fffe2ab-a85f-4237-8278-b195766f3e76
249268c7-bac6-4716-b010-0d6d20a5581d
2aaac0d9-caaa-434f-b6aa-094152c254a4
33332129-d252-4a1b-a8b7-50f6742c6d93
3fff2555-4146-41fb-a77c-dd2f3027b8f8
1110f1a3-cd16-4136-adc5-4b376850f044
124920b9-4724-40f0-9d79-a84f2b07e75d
13b1820c-e922-4ccd-a799-e0e4da8aa596
15557b52-4ed6-4c48-96db-51068742c07b

QBDT_PAYLINE_INFO_SEQ
---------------------------------------------------------------------------------------------------------------------------------------------------------------------------------------------------------------------------------------------------------------
1745c96c-1651-4e41-b8e1-43bbdf3d6e06
199949e4-5fed-4910-93c8-02a4967cc62f
1c713d43-f730-4a80-af29-f207c950d265
55544112-7a6e-4bb5-9174-952d95b1f092

15 rows selected.

Elapsed: 00:17:02.81
07:16:11 SQL> 
07:16:11 SQL> Select /*+ parallel(a,8) */a.COMPANY_EVENT_DETAIL_SEQ From
07:16:11   2  	  (
07:16:11   3  	      Select /*+ parallel(e,8) */Row_Number() OVER (Order by COMPANY_EVENT_DETAIL_SEQ) rno, e.COMPANY_EVENT_DETAIL_SEQ
07:16:11   4  	      From pspadm.PSP_COMPANY_EVENT_DETAIL e
07:16:11   5  	  ) a
07:16:11   6  Where rno in (185272527, 198506279, 213775993, 231590659, 252644355, 277908791, 308787545, 347385989, 397012558, 463181318, 555817582, 694771977, 926362636, 1389543955, 2779087909);
Select /*+ parallel(a,8) */a.COMPANY_EVENT_DETAIL_SEQ From
*
ERROR at line 1:
ORA-12801: error signaled in parallel query server P006
ORA-01652: unable to extend temp segment by 128 in tablespace TEMP


Elapsed: 00:22:11.89
07:38:23 SQL> 
07:38:23 SQL> Select /*+ parallel(a,8) */a.DISBURSE_ADVICE_TAX_LIAB_SEQ From
07:38:23   2  	  (
07:38:23   3  	      Select /*+ parallel(e,8) */Row_Number() OVER (Order by DISBURSE_ADVICE_TAX_LIAB_SEQ) rno, e.DISBURSE_ADVICE_TAX_LIAB_SEQ
07:38:23   4  	      From pspadm.PSP_DISBURSE_ADVICE_TAX_LIAB e
07:38:23   5  	  ) a
07:38:23   6  Where rno in (47907746, 51329728, 55278169, 59884683, 65328745, 71861620, 79846244, 89827025, 102659457, 119769366, 143723239, 179654049, 239538732, 359308098, 718616196);

DISBURSE_ADVICE_TAX_LIAB_SEQ
---------------------------------------------------------------------------------------------------------------------------------------------------------------------------------------------------------------------------------------------------------------
1111b8f0-8b89-4498-89a6-7f1ab7e7ecce
12498727-2ab2-4b00-885c-8b58561c06c4
13b17b03-fd9d-403d-8584-4a113f0df320
15556996-cf00-4e2e-9faf-e1ad8e0e02ec
1746013c-e9d4-42e2-8f0d-4ec3d64e9886
1999ed42-5c4a-45e4-963e-678525cb0323
1c7223bf-4610-4804-b632-966d1f18627d
fffffffe-cd34-4c21-b899-21b7ed331c9d
5556524e-5614-48bd-ba64-442893def72c
8000afc6-a109-46af-9abd-c22f76a94a04
200058d7-e117-4a07-80b7-33010a3a18a6

DISBURSE_ADVICE_TAX_LIAB_SEQ
---------------------------------------------------------------------------------------------------------------------------------------------------------------------------------------------------------------------------------------------------------------
24929817-dee8-4cf0-a818-7b6587c48341
2aab3b3c-ea85-4aee-a654-91481b656668
3333e8eb-4a0b-43c3-80b3-03a8816512ee
40006cdf-a30e-447b-bb5d-64b777462efb

15 rows selected.

Elapsed: 00:06:16.42
07:44:39 SQL> 
07:44:39 SQL> Select /*+ parallel(a,8) */a.PAYCHECK_USAGE_SEQ From
07:44:39   2  	  (
07:44:39   3  	      Select /*+ parallel(e,8) */Row_Number() OVER (Order by PAYCHECK_USAGE_SEQ) rno, e.PAYCHECK_USAGE_SEQ
07:44:39   4  	      From pspadm.PSP_PAYCHECK_USAGE e
07:44:39   5  	  ) a
07:44:39   6  Where rno in (37931716, 40641124, 43767364, 47414645, 51725067, 56897573, 63219526, 71121967, 81282248, 94829289, 113795147, 142243934, 189658578, 284487867, 568975734);

PAYCHECK_USAGE_SEQ
---------------------------------------------------------------------------------------------------------------------------------------------------------------------------------------------------------------------------------------------------------------
ffffffff-a551-4070-85f0-d4ca4b9e4c15
1110c311-7586-4b25-a54d-021d2f8d7c90
1248a5da-a6d9-4c59-b91e-c6eb050e7705
13b0deb8-9576-412d-b091-499c9b0c2c51
1554fd96-edfd-45e8-934c-70490872fe2c
17455806-583b-45b2-afcc-b8479960c05d
19998ffe-fe28-4bbf-b423-c521c40304a7
1c71c480-9589-4520-abeb-ea02ca566172
1fff648c-ff49-4234-96f3-57729401ac82
2491b76c-726b-456e-aaea-be86ad2eeef9
2aaa5044-b0a1-4a7f-948f-ab25160288db

PAYCHECK_USAGE_SEQ
---------------------------------------------------------------------------------------------------------------------------------------------------------------------------------------------------------------------------------------------------------------
3332a4c8-0dfc-48bf-b940-e19c882eced1
3fff033f-bee1-4fb8-a285-f081b5aa9fac
55561c24-8f82-4db4-b2cf-15105cde3101
80002733-67a1-4246-bfbf-a2e6c72c6dd2

15 rows selected.

Elapsed: 00:05:15.05
07:49:54 SQL> 
07:49:54 SQL> Select /*+ parallel(a,8) */a.COMPANY_EVENT_SEQ From
07:49:54   2  	  (
07:49:54   3  	      Select /*+ parallel(e,8) */Row_Number() OVER (Order by COMPANY_EVENT_SEQ) rno, e.COMPANY_EVENT_SEQ
07:49:54   4  	      From pspadm.PSP_COMPANY_EVENT e
07:49:54   5  	  ) a
07:49:54   6  Where rno in (87721673, 93987507, 101217315, 109652091, 119620463, 131582509, 146202788, 164478137, 187975013, 219304182, 263165019, 328956273, 438608364, 657912547, 1315825093);

COMPANY_EVENT_SEQ
---------------------------------------------------------------------------------------------------------------------------------------------------------------------------------------------------------------------------------------------------------------
1ff12e00-2dfb-1f42-e053-680aa80aee29
2486d291-1312-4b30-86f6-b4bafc2a7acb
2aa6002c-b9c2-47f8-a7ed-0b18d7d6c98c
33373535-10bc-4b24-8d5a-9b68cb0fde78
8076755c-a33a-4abf-b88c-b7d6379c37f0
401545e3-c424-492f-ba60-44059d962e86
558838aa-4314-4d14-a4f9-e1b590d2d277
110a805e-af12-4fab-b419-9762caa1b8bc
12445e2a-53c9-493f-ac2d-6e63d8b444d9
13aed8b2-20ac-6fcd-e053-a512910a2611
15515da3-2332-4027-aa98-c11bb8aaba09

COMPANY_EVENT_SEQ
---------------------------------------------------------------------------------------------------------------------------------------------------------------------------------------------------------------------------------------------------------------
17435a88-4787-424f-abfe-479e24ef029a
199aee0f-1409-49f8-8571-6dc8ee9c019f
1c718d39-b8f0-455a-b250-8ce06309b280
ffffffff-de78-446f-8633-0a3d9d155ddb

15 rows selected.

Elapsed: 00:11:43.63
08:01:38 SQL> 
08:01:38 SQL> Select /*+ parallel(a,8) */a.PSTUB_PAY_ITEM_SEQ From
08:01:38   2  	  (
08:01:38   3  	      Select /*+ parallel(e,8) */Row_Number() OVER (Order by PSTUB_PAY_ITEM_SEQ) rno, e.PSTUB_PAY_ITEM_SEQ
08:01:38   4  	      From pspadm.PSP_PSTUB_PAY_ITEM e
08:01:38   5  	  ) a
08:01:38   6  Where rno in (187872361, 201291815, 216775801, 234840451, 256189583, 281808541, 313120601, 352260677, 402583630, 469680902, 563617083, 704521353, 939361804, 1409042707, 2818085413);
Select /*+ parallel(a,8) */a.PSTUB_PAY_ITEM_SEQ From
*
ERROR at line 1:
ORA-12801: error signaled in parallel query server P001
ORA-01652: unable to extend temp segment by 128 in tablespace TEMP


Elapsed: 00:21:55.24
08:23:33 SQL> 
08:23:33 SQL> spool off
