Timing is on.
SET
Time: 1.149 ms
       current_timestamp       
-------------------------------
 2023-07-20 10:21:31.910575-07
(1 row)

Time: 1.152 ms
psql:pspadm_Index_Range_Attach.sql:5: ERROR:  relation "psp_entitlement_message_u1" already exists
Time: 1.892 ms
psql:pspadm_Index_Range_Attach.sql:6: ERROR:  relation "psp_entitlement_msg_lcno_eofcd" already exists
Time: 1.591 ms
psql:pspadm_Index_Range_Attach.sql:7: ERROR:  relation "psp_entitlement_msg_msgts_er" already exists
Time: 1.508 ms
psql:pspadm_Index_Range_Attach.sql:8: ERROR:  relation "psp_entitlement_msg_orno_lcno" already exists
Time: 2.031 ms
ALTER INDEX
Time: 2.977 ms
ALTER INDEX
Time: 2.830 ms
ALTER INDEX
Time: 2.518 ms
ALTER INDEX
Time: 2.664 ms
ALTER INDEX
Time: 2.473 ms
ALTER INDEX
Time: 2.606 ms
ALTER INDEX
Time: 2.769 ms
ALTER INDEX
Time: 2.562 ms
ALTER INDEX
Time: 2.463 ms
ALTER INDEX
Time: 2.483 ms
ALTER INDEX
Time: 2.472 ms
ALTER INDEX
Time: 2.471 ms
ALTER INDEX
Time: 2.604 ms
ALTER INDEX
Time: 2.693 ms
ALTER INDEX
Time: 2.555 ms
ALTER INDEX
Time: 2.434 ms
ALTER INDEX
Time: 2.475 ms
ALTER INDEX
Time: 3.153 ms
ALTER INDEX
Time: 2.547 ms
ALTER INDEX
Time: 2.578 ms
ALTER INDEX
Time: 2.606 ms
ALTER INDEX
Time: 2.504 ms
ALTER INDEX
Time: 2.535 ms
ALTER INDEX
Time: 2.538 ms
ALTER INDEX
Time: 2.719 ms
ALTER INDEX
Time: 2.954 ms
ALTER INDEX
Time: 2.643 ms
ALTER INDEX
Time: 2.400 ms
ALTER INDEX
Time: 2.654 ms
ALTER INDEX
Time: 2.527 ms
ALTER INDEX
Time: 2.354 ms
ALTER INDEX
Time: 2.422 ms
ALTER INDEX
Time: 2.535 ms
ALTER INDEX
Time: 2.465 ms
ALTER INDEX
Time: 2.427 ms
ALTER INDEX
Time: 2.457 ms
ALTER INDEX
Time: 2.549 ms
ALTER INDEX
Time: 2.575 ms
ALTER INDEX
Time: 2.516 ms
ALTER INDEX
Time: 2.629 ms
ALTER INDEX
Time: 2.456 ms
ALTER INDEX
Time: 2.455 ms
ALTER INDEX
Time: 2.397 ms
ALTER INDEX
Time: 2.462 ms
ALTER INDEX
Time: 2.475 ms
ALTER INDEX
Time: 2.863 ms
ALTER INDEX
Time: 2.345 ms
ALTER INDEX
Time: 2.389 ms
ALTER INDEX
Time: 2.335 ms
ALTER INDEX
Time: 2.642 ms
ALTER INDEX
Time: 2.336 ms
ALTER INDEX
Time: 2.303 ms
psql:pspadm_Index_Range_Attach.sql:62: ERROR:  relation "psp_paycheckusage_fk1" already exists
Time: 1.561 ms
psql:pspadm_Index_Range_Attach.sql:63: ERROR:  relation "psp_paycheckusage_fk2" already exists
Time: 1.220 ms
psql:pspadm_Index_Range_Attach.sql:64: ERROR:  relation "psp_paycheck_usage_fk1" already exists
Time: 1.245 ms
psql:pspadm_Index_Range_Attach.sql:65: ERROR:  relation "psp_paycheck_usage_nu1" already exists
Time: 1.239 ms
psql:pspadm_Index_Range_Attach.sql:66: ERROR:  relation "psp_paycheck_usage_u1" already exists
Time: 1.262 ms
ALTER INDEX
Time: 2.442 ms
ALTER INDEX
Time: 2.488 ms
ALTER INDEX
Time: 2.437 ms
ALTER INDEX
Time: 2.484 ms
ALTER INDEX
Time: 2.273 ms
ALTER INDEX
Time: 2.388 ms
ALTER INDEX
Time: 2.457 ms
ALTER INDEX
Time: 2.458 ms
ALTER INDEX
Time: 2.465 ms
ALTER INDEX
Time: 2.795 ms
ALTER INDEX
Time: 2.490 ms
ALTER INDEX
Time: 2.464 ms
ALTER INDEX
Time: 2.399 ms
ALTER INDEX
Time: 2.930 ms
ALTER INDEX
Time: 2.483 ms
ALTER INDEX
Time: 2.408 ms
ALTER INDEX
Time: 2.392 ms
ALTER INDEX
Time: 2.545 ms
ALTER INDEX
Time: 2.508 ms
ALTER INDEX
Time: 2.754 ms
ALTER INDEX
Time: 2.363 ms
ALTER INDEX
Time: 2.428 ms
ALTER INDEX
Time: 2.512 ms
ALTER INDEX
Time: 2.553 ms
ALTER INDEX
Time: 2.423 ms
ALTER INDEX
Time: 2.920 ms
ALTER INDEX
Time: 2.319 ms
ALTER INDEX
Time: 2.410 ms
ALTER INDEX
Time: 2.417 ms
ALTER INDEX
Time: 2.809 ms
ALTER INDEX
Time: 2.414 ms
ALTER INDEX
Time: 2.409 ms
ALTER INDEX
Time: 2.468 ms
ALTER INDEX
Time: 2.391 ms
ALTER INDEX
Time: 2.425 ms
ALTER INDEX
Time: 2.698 ms
ALTER INDEX
Time: 2.857 ms
ALTER INDEX
Time: 2.380 ms
ALTER INDEX
Time: 2.423 ms
ALTER INDEX
Time: 2.477 ms
ALTER INDEX
Time: 2.412 ms
ALTER INDEX
Time: 2.697 ms
ALTER INDEX
Time: 2.458 ms
ALTER INDEX
Time: 2.457 ms
ALTER INDEX
Time: 2.465 ms
ALTER INDEX
Time: 2.361 ms
ALTER INDEX
Time: 2.353 ms
ALTER INDEX
Time: 2.406 ms
ALTER INDEX
Time: 2.354 ms
ALTER INDEX
Time: 2.619 ms
ALTER INDEX
Time: 2.333 ms
ALTER INDEX
Time: 2.424 ms
ALTER INDEX
Time: 2.424 ms
ALTER INDEX
Time: 2.507 ms
ALTER INDEX
Time: 2.663 ms
ALTER INDEX
Time: 2.455 ms
ALTER INDEX
Time: 2.344 ms
ALTER INDEX
Time: 2.913 ms
ALTER INDEX
Time: 2.549 ms
ALTER INDEX
Time: 2.343 ms
ALTER INDEX
Time: 2.567 ms
ALTER INDEX
Time: 2.730 ms
ALTER INDEX
Time: 2.389 ms
ALTER INDEX
Time: 2.415 ms
psql:pspadm_Index_Range_Attach.sql:134: ERROR:  relation "idx_entityupdate_crdate" already exists
Time: 1.688 ms
ALTER INDEX
Time: 2.426 ms
ALTER INDEX
Time: 2.556 ms
ALTER INDEX
Time: 2.494 ms
ALTER INDEX
Time: 2.472 ms
ALTER INDEX
Time: 2.364 ms
ALTER INDEX
Time: 2.452 ms
ALTER INDEX
Time: 2.473 ms
ALTER INDEX
Time: 2.609 ms
ALTER INDEX
Time: 2.389 ms
ALTER INDEX
Time: 2.871 ms
ALTER INDEX
Time: 2.396 ms
ALTER INDEX
Time: 2.492 ms
ALTER INDEX
Time: 2.778 ms
ALTER INDEX
Time: 2.476 ms
       current_timestamp       
-------------------------------
 2023-07-20 10:21:32.261112-07
(1 row)

Time: 1.092 ms
