Timing is on.
SET
Time: 1.146 ms
       current_timestamp       
-------------------------------
 2023-07-19 11:31:02.459498-07
(1 row)

Time: 1.131 ms
                  status                  
------------------------------------------
 creating index on psp_qbdt_paycheck_info
(1 row)

Time: 1.034 ms
CREATE INDEX
Time: 379393.489 ms (06:19.393)
CREATE INDEX
Time: 376063.735 ms (06:16.064)
CREATE INDEX
Time: 331507.888 ms (05:31.508)
CREATE INDEX
Time: 378712.263 ms (06:18.712)
CREATE INDEX
Time: 285246.666 ms (04:45.247)
CREATE INDEX
Time: 349588.021 ms (05:49.588)
CREATE INDEX
Time: 288181.403 ms (04:48.181)
CREATE INDEX
Time: 247330.753 ms (04:07.331)
CREATE INDEX
Time: 345014.775 ms (05:45.015)
CREATE INDEX
Time: 288904.589 ms (04:48.905)
CREATE INDEX
Time: 412963.803 ms (06:52.964)
CREATE INDEX
Time: 432836.450 ms (07:12.836)
CREATE INDEX
Time: 310157.895 ms (05:10.158)
CREATE INDEX
Time: 219659.539 ms (03:39.660)
CREATE INDEX
Time: 292773.228 ms (04:52.773)
CREATE INDEX
Time: 280152.577 ms (04:40.153)
CREATE INDEX
Time: 228921.154 ms (03:48.921)
CREATE INDEX
Time: 264892.357 ms (04:24.892)
CREATE INDEX
Time: 298397.342 ms (04:58.397)
CREATE INDEX
Time: 300853.348 ms (05:00.853)
CREATE INDEX
Time: 260882.346 ms (04:20.882)
CREATE INDEX
Time: 217551.418 ms (03:37.551)
CREATE INDEX
Time: 184018.816 ms (03:04.019)
CREATE INDEX
Time: 161837.511 ms (02:41.838)
CREATE INDEX
Time: 284856.794 ms (04:44.857)
CREATE INDEX
Time: 294506.641 ms (04:54.507)
CREATE INDEX
Time: 230524.398 ms (03:50.524)
CREATE INDEX
Time: 199634.367 ms (03:19.634)
CREATE INDEX
Time: 162331.446 ms (02:42.331)
CREATE INDEX
Time: 164881.437 ms (02:44.881)
CREATE INDEX
Time: 232573.039 ms (03:52.573)
CREATE INDEX
Time: 206139.263 ms (03:26.139)
CREATE INDEX
Time: 371543.618 ms (06:11.544)
CREATE INDEX
Time: 272430.580 ms (04:32.431)
CREATE INDEX
Time: 289959.851 ms (04:49.960)
CREATE INDEX
Time: 368384.228 ms (06:08.384)
CREATE INDEX
Time: 438223.884 ms (07:18.224)
CREATE INDEX
Time: 343134.168 ms (05:43.134)
CREATE INDEX
Time: 403512.481 ms (06:43.512)
CREATE INDEX
Time: 348681.316 ms (05:48.681)
CREATE INDEX
Time: 267477.005 ms (04:27.477)
CREATE INDEX
Time: 328025.415 ms (05:28.025)
CREATE INDEX
Time: 490366.288 ms (08:10.366)
CREATE INDEX
Time: 364287.461 ms (06:04.287)
CREATE INDEX
Time: 267808.162 ms (04:27.808)
CREATE INDEX
Time: 350641.895 ms (05:50.642)
CREATE INDEX
Time: 412657.911 ms (06:52.658)
CREATE INDEX
Time: 348530.170 ms (05:48.530)
CREATE INDEX
Time: 154526.756 ms (02:34.527)
CREATE INDEX
Time: 126401.645 ms (02:06.402)
CREATE INDEX
Time: 91993.989 ms (01:31.994)
CREATE INDEX
Time: 89717.197 ms (01:29.717)
CREATE INDEX
Time: 128141.919 ms (02:08.142)
CREATE INDEX
Time: 127154.841 ms (02:07.155)
CREATE INDEX
Time: 127102.072 ms (02:07.102)
CREATE INDEX
Time: 94343.432 ms (01:34.343)
CREATE INDEX
Time: 126321.241 ms (02:06.321)
CREATE INDEX
Time: 131957.338 ms (02:11.957)
CREATE INDEX
Time: 92458.606 ms (01:32.459)
CREATE INDEX
Time: 152796.596 ms (02:32.797)
CREATE INDEX
Time: 169300.080 ms (02:49.300)
CREATE INDEX
Time: 156021.961 ms (02:36.022)
CREATE INDEX
Time: 173627.430 ms (02:53.627)
CREATE INDEX
Time: 138701.264 ms (02:18.701)
           status            
-----------------------------
 psp_qbdt_paycheck completed
(1 row)

Time: 1.170 ms
       current_timestamp       
-------------------------------
 2023-07-19 16:08:39.985612-07
(1 row)

Time: 1.154 ms
                 status                  
-----------------------------------------
 creating index on psp_qbdt_payline_info
(1 row)

Time: 1.083 ms
CREATE INDEX
Time: 152787.392 ms (02:32.787)
CREATE INDEX
Time: 153996.446 ms (02:33.996)
CREATE INDEX
Time: 125436.384 ms (02:05.436)
CREATE INDEX
Time: 143887.955 ms (02:23.888)
CREATE INDEX
Time: 147271.356 ms (02:27.271)
CREATE INDEX
Time: 176728.868 ms (02:56.729)
CREATE INDEX
Time: 174401.813 ms (02:54.402)
CREATE INDEX
Time: 155925.613 ms (02:35.926)
CREATE INDEX
Time: 134916.257 ms (02:14.916)
CREATE INDEX
Time: 152547.772 ms (02:32.548)
CREATE INDEX
Time: 147414.663 ms (02:27.415)
CREATE INDEX
Time: 111788.244 ms (01:51.788)
CREATE INDEX
Time: 123675.801 ms (02:03.676)
CREATE INDEX
Time: 158970.703 ms (02:38.971)
CREATE INDEX
Time: 134579.471 ms (02:14.579)
CREATE INDEX
Time: 156926.428 ms (02:36.926)
CREATE INDEX
Time: 377405.992 ms (06:17.406)
CREATE INDEX
Time: 335711.520 ms (05:35.712)
CREATE INDEX
Time: 458513.988 ms (07:38.514)
CREATE INDEX
Time: 342337.256 ms (05:42.337)
CREATE INDEX
Time: 1236316.051 ms (20:36.316)
CREATE INDEX
Time: 393021.465 ms (06:33.021)
CREATE INDEX
Time: 400204.615 ms (06:40.205)
CREATE INDEX
Time: 378437.228 ms (06:18.437)
CREATE INDEX
Time: 369706.972 ms (06:09.707)
CREATE INDEX
Time: 492961.092 ms (08:12.961)
CREATE INDEX
Time: 441496.198 ms (07:21.496)
CREATE INDEX
Time: 1119191.253 ms (18:39.191)
CREATE INDEX
Time: 472997.325 ms (07:52.997)
CREATE INDEX
Time: 371839.737 ms (06:11.840)
CREATE INDEX
Time: 503389.021 ms (08:23.389)
CREATE INDEX
Time: 568354.874 ms (09:28.355)
CREATE INDEX
Time: 432484.508 ms (07:12.485)
CREATE INDEX
Time: 535970.648 ms (08:55.971)
CREATE INDEX
Time: 375109.220 ms (06:15.109)
CREATE INDEX
Time: 541870.568 ms (09:01.871)
CREATE INDEX
Time: 411164.070 ms (06:51.164)
CREATE INDEX
Time: 369116.890 ms (06:09.117)
CREATE INDEX
Time: 362393.930 ms (06:02.394)
CREATE INDEX
Time: 361016.416 ms (06:01.016)
CREATE INDEX
Time: 287900.023 ms (04:47.900)
CREATE INDEX
Time: 256969.376 ms (04:16.969)
CREATE INDEX
Time: 444937.701 ms (07:24.938)
CREATE INDEX
Time: 430348.517 ms (07:10.349)
CREATE INDEX
Time: 420034.651 ms (07:00.035)
CREATE INDEX
Time: 286809.482 ms (04:46.809)
CREATE INDEX
Time: 406549.632 ms (06:46.550)
CREATE INDEX
Time: 391757.609 ms (06:31.758)
CREATE INDEX
Time: 328178.704 ms (05:28.179)
CREATE INDEX
Time: 226721.825 ms (03:46.722)
CREATE INDEX
Time: 131859.355 ms (02:11.859)
CREATE INDEX
Time: 196144.727 ms (03:16.145)
CREATE INDEX
Time: 255957.707 ms (04:15.958)
CREATE INDEX
Time: 207863.603 ms (03:27.864)
CREATE INDEX
Time: 167831.633 ms (02:47.832)
CREATE INDEX
Time: 158498.809 ms (02:38.499)
CREATE INDEX
Time: 171872.723 ms (02:51.873)
CREATE INDEX
Time: 281126.559 ms (04:41.127)
CREATE INDEX
Time: 269302.288 ms (04:29.302)
CREATE INDEX
Time: 292651.154 ms (04:52.651)
CREATE INDEX
Time: 278969.830 ms (04:38.970)
CREATE INDEX
Time: 184054.603 ms (03:04.055)
CREATE INDEX
Time: 296425.699 ms (04:56.426)
CREATE INDEX
Time: 307297.430 ms (05:07.297)
             status              
---------------------------------
 psp_qbdt_payline_info completed
(1 row)

Time: 1.196 ms
       current_timestamp       
-------------------------------
 2023-07-19 21:53:22.324534-07
(1 row)

Time: 1.053 ms
