Timing is on.
SET
Time: 1.279 ms
       current_timestamp       
-------------------------------
 2023-07-19 10:52:45.424835-07
(1 row)

Time: 1.143 ms
                  status                   
-------------------------------------------
 creating index on psp_entry_detail_record
(1 row)

Time: 1.104 ms
CREATE INDEX
Time: 237354.508 ms (03:57.355)
CREATE INDEX
Time: 197810.962 ms (03:17.811)
CREATE INDEX
Time: 242300.966 ms (04:02.301)
CREATE INDEX
Time: 246338.996 ms (04:06.339)
CREATE INDEX
Time: 226855.887 ms (03:46.856)
CREATE INDEX
Time: 166043.806 ms (02:46.044)
CREATE INDEX
Time: 246361.740 ms (04:06.362)
CREATE INDEX
Time: 208988.772 ms (03:28.989)
CREATE INDEX
Time: 270940.581 ms (04:30.941)
CREATE INDEX
Time: 214647.094 ms (03:34.647)
CREATE INDEX
Time: 239465.038 ms (03:59.465)
CREATE INDEX
Time: 186482.778 ms (03:06.483)
CREATE INDEX
Time: 276469.702 ms (04:36.470)
CREATE INDEX
Time: 203193.913 ms (03:23.194)
CREATE INDEX
Time: 248143.189 ms (04:08.143)
CREATE INDEX
Time: 226053.334 ms (03:46.053)
CREATE INDEX
Time: 345520.022 ms (05:45.520)
CREATE INDEX
Time: 487894.331 ms (08:07.894)
CREATE INDEX
Time: 388987.524 ms (06:28.988)
CREATE INDEX
Time: 452103.840 ms (07:32.104)
CREATE INDEX
Time: 505078.494 ms (08:25.078)
CREATE INDEX
Time: 612817.509 ms (10:12.818)
CREATE INDEX
Time: 355434.752 ms (05:55.435)
CREATE INDEX
Time: 418003.509 ms (06:58.004)
CREATE INDEX
Time: 375926.635 ms (06:15.927)
CREATE INDEX
Time: 415649.112 ms (06:55.649)
CREATE INDEX
Time: 527697.078 ms (08:47.697)
CREATE INDEX
Time: 424426.509 ms (07:04.427)
CREATE INDEX
Time: 287390.263 ms (04:47.390)
CREATE INDEX
Time: 262935.712 ms (04:22.936)
CREATE INDEX
Time: 1229523.076 ms (20:29.523)
CREATE INDEX
Time: 330240.313 ms (05:30.240)
CREATE INDEX
Time: 558346.326 ms (09:18.346)
CREATE INDEX
Time: 351262.944 ms (05:51.263)
CREATE INDEX
Time: 464829.861 ms (07:44.830)
CREATE INDEX
Time: 1844456.141 ms (30:44.456)
CREATE INDEX
Time: 414607.679 ms (06:54.608)
CREATE INDEX
Time: 582791.706 ms (09:42.792)
CREATE INDEX
Time: 424458.834 ms (07:04.459)
CREATE INDEX
Time: 449115.469 ms (07:29.115)
CREATE INDEX
Time: 1661042.299 ms (27:41.042)
CREATE INDEX
Time: 414140.193 ms (06:54.140)
CREATE INDEX
Time: 519906.798 ms (08:39.907)
CREATE INDEX
Time: 545310.019 ms (09:05.310)
CREATE INDEX
Time: 360326.617 ms (06:00.327)
CREATE INDEX
Time: 598778.968 ms (09:58.779)
CREATE INDEX
Time: 511150.473 ms (08:31.150)
CREATE INDEX
Time: 444259.791 ms (07:24.260)
CREATE INDEX
Time: 257251.188 ms (04:17.251)
CREATE INDEX
Time: 178889.364 ms (02:58.889)
CREATE INDEX
Time: 186045.512 ms (03:06.046)
CREATE INDEX
Time: 163231.827 ms (02:43.232)
CREATE INDEX
Time: 250633.723 ms (04:10.634)
CREATE INDEX
Time: 236086.784 ms (03:56.087)
CREATE INDEX
Time: 213569.486 ms (03:33.569)
CREATE INDEX
Time: 166080.539 ms (02:46.081)
CREATE INDEX
Time: 283212.242 ms (04:43.212)
CREATE INDEX
Time: 235255.492 ms (03:55.255)
CREATE INDEX
Time: 234034.107 ms (03:54.034)
CREATE INDEX
Time: 232247.962 ms (03:52.248)
CREATE INDEX
Time: 231492.499 ms (03:51.492)
CREATE INDEX
Time: 242046.142 ms (04:02.046)
CREATE INDEX
Time: 169699.235 ms (02:49.699)
CREATE INDEX
Time: 255405.996 ms (04:15.406)
CREATE INDEX
Time: 184325.143 ms (03:04.325)
CREATE INDEX
Time: 202773.038 ms (03:22.773)
CREATE INDEX
Time: 181501.187 ms (03:01.501)
CREATE INDEX
Time: 208969.390 ms (03:28.969)
CREATE INDEX
Time: 201266.420 ms (03:21.266)
CREATE INDEX
Time: 223992.626 ms (03:43.993)
CREATE INDEX
Time: 182342.915 ms (03:02.343)
CREATE INDEX
Time: 238783.545 ms (03:58.784)
CREATE INDEX
Time: 207613.354 ms (03:27.613)
CREATE INDEX
Time: 269946.139 ms (04:29.946)
CREATE INDEX
Time: 269349.634 ms (04:29.350)
CREATE INDEX
Time: 228668.642 ms (03:48.669)
CREATE INDEX
Time: 220973.841 ms (03:40.974)
CREATE INDEX
Time: 231599.842 ms (03:51.600)
CREATE INDEX
Time: 230075.367 ms (03:50.075)
CREATE INDEX
Time: 183672.036 ms (03:03.672)
CREATE INDEX
Time: 152335.115 ms (02:32.335)
CREATE INDEX
Time: 139580.526 ms (02:19.581)
CREATE INDEX
Time: 170635.311 ms (02:50.635)
CREATE INDEX
Time: 208664.484 ms (03:28.664)
CREATE INDEX
Time: 205667.534 ms (03:25.668)
CREATE INDEX
Time: 187367.182 ms (03:07.367)
CREATE INDEX
Time: 180102.288 ms (03:00.102)
CREATE INDEX
Time: 137123.230 ms (02:17.123)
CREATE INDEX
Time: 178285.688 ms (02:58.286)
CREATE INDEX
Time: 192502.275 ms (03:12.502)
CREATE INDEX
Time: 239043.307 ms (03:59.043)
CREATE INDEX
Time: 242757.547 ms (04:02.758)
CREATE INDEX
Time: 186931.939 ms (03:06.932)
CREATE INDEX
Time: 202290.003 ms (03:22.290)
CREATE INDEX
Time: 179365.278 ms (02:59.365)
CREATE INDEX
Time: 232314.006 ms (03:52.314)
              status               
-----------------------------------
 psp_entry_detail_record completed
(1 row)

Time: 1.141 ms
       current_timestamp       
-------------------------------
 2023-07-19 19:33:23.305392-07
(1 row)

Time: 1.080 ms
