Timing is on.
SET
Time: 3.650 ms
      current_timestamp       
------------------------------
 2023-07-19 05:01:26.78289-07
(1 row)

Time: 4.747 ms
                   status                    
---------------------------------------------
 creating index on psp_financial_trans_state
(1 row)

Time: 3.067 ms
CREATE INDEX
Time: 307241.722 ms (05:07.242)
CREATE INDEX
Time: 262579.079 ms (04:22.579)
CREATE INDEX
Time: 317828.015 ms (05:17.828)
CREATE INDEX
Time: 182384.971 ms (03:02.385)
CREATE INDEX
Time: 259509.718 ms (04:19.510)
CREATE INDEX
Time: 354032.010 ms (05:54.032)
CREATE INDEX
Time: 240617.167 ms (04:00.617)
CREATE INDEX
Time: 267116.835 ms (04:27.117)
CREATE INDEX
Time: 304985.273 ms (05:04.985)
CREATE INDEX
Time: 271604.232 ms (04:31.604)
CREATE INDEX
Time: 179026.197 ms (02:59.026)
CREATE INDEX
Time: 233752.148 ms (03:53.752)
CREATE INDEX
Time: 291603.148 ms (04:51.603)
CREATE INDEX
Time: 273661.359 ms (04:33.661)
CREATE INDEX
Time: 273983.945 ms (04:33.984)
CREATE INDEX
Time: 281016.048 ms (04:41.016)
CREATE INDEX
Time: 212018.855 ms (03:32.019)
CREATE INDEX
Time: 292892.970 ms (04:52.893)
CREATE INDEX
Time: 312704.877 ms (05:12.705)
CREATE INDEX
Time: 333075.850 ms (05:33.076)
CREATE INDEX
Time: 304851.716 ms (05:04.852)
CREATE INDEX
Time: 226944.407 ms (03:46.944)
CREATE INDEX
Time: 320926.265 ms (05:20.926)
CREATE INDEX
Time: 271473.455 ms (04:31.473)
CREATE INDEX
Time: 194889.951 ms (03:14.890)
CREATE INDEX
Time: 213015.853 ms (03:33.016)
CREATE INDEX
Time: 332949.144 ms (05:32.949)
CREATE INDEX
Time: 318006.860 ms (05:18.007)
CREATE INDEX
Time: 228271.130 ms (03:48.271)
CREATE INDEX
Time: 341900.384 ms (05:41.900)
CREATE INDEX
Time: 342365.023 ms (05:42.365)
CREATE INDEX
Time: 338184.492 ms (05:38.184)
CREATE INDEX
Time: 1359373.167 ms (22:39.373)
CREATE INDEX
Time: 3639285.941 ms (01:00:39.286)
CREATE INDEX
Time: 3135278.653 ms (52:15.279)
CREATE INDEX
Time: 3231550.641 ms (53:51.551)
CREATE INDEX
Time: 1006475.520 ms (16:46.476)
CREATE INDEX
Time: 1118477.054 ms (18:38.477)
CREATE INDEX
Time: 4027475.239 ms (01:07:07.475)
CREATE INDEX
Time: 4273334.391 ms (01:11:13.334)
CREATE INDEX
Time: 2275291.031 ms (37:55.291)
CREATE INDEX
Time: 1355417.106 ms (22:35.417)
CREATE INDEX
Time: 1322682.454 ms (22:02.682)
CREATE INDEX
Time: 2745972.824 ms (45:45.973)
CREATE INDEX
Time: 1298155.843 ms (21:38.156)
CREATE INDEX
Time: 904881.360 ms (15:04.881)
CREATE INDEX
Time: 2434543.584 ms (40:34.544)
CREATE INDEX
Time: 2446312.174 ms (40:46.312)
CREATE INDEX
Time: 223652.351 ms (03:43.652)
CREATE INDEX
Time: 194869.548 ms (03:14.870)
CREATE INDEX
Time: 198595.925 ms (03:18.596)
CREATE INDEX
Time: 181464.881 ms (03:01.465)
CREATE INDEX
Time: 198384.789 ms (03:18.385)
CREATE INDEX
Time: 187205.897 ms (03:07.206)
CREATE INDEX
Time: 229175.852 ms (03:49.176)
CREATE INDEX
Time: 240800.675 ms (04:00.801)
CREATE INDEX
Time: 293146.910 ms (04:53.147)
CREATE INDEX
Time: 204918.218 ms (03:24.918)
CREATE INDEX
Time: 346156.619 ms (05:46.157)
CREATE INDEX
Time: 281323.723 ms (04:41.324)
CREATE INDEX
Time: 249832.727 ms (04:09.833)
CREATE INDEX
Time: 263690.451 ms (04:23.690)
CREATE INDEX
Time: 284544.805 ms (04:44.545)
CREATE INDEX
Time: 169343.184 ms (02:49.343)
CREATE INDEX
Time: 174192.817 ms (02:54.193)
CREATE INDEX
Time: 154860.140 ms (02:34.860)
CREATE INDEX
Time: 201599.579 ms (03:21.600)
CREATE INDEX
Time: 241680.649 ms (04:01.681)
CREATE INDEX
Time: 227852.381 ms (03:47.852)
CREATE INDEX
Time: 236973.067 ms (03:56.973)
CREATE INDEX
Time: 147914.671 ms (02:27.915)
CREATE INDEX
Time: 185989.172 ms (03:05.989)
CREATE INDEX
Time: 225434.143 ms (03:45.434)
CREATE INDEX
Time: 298089.964 ms (04:58.090)
CREATE INDEX
Time: 270386.634 ms (04:30.387)
CREATE INDEX
Time: 257582.807 ms (04:17.583)
CREATE INDEX
Time: 177852.787 ms (02:57.853)
CREATE INDEX
Time: 268740.229 ms (04:28.740)
CREATE INDEX
Time: 207503.972 ms (03:27.504)
CREATE INDEX
Time: 219950.568 ms (03:39.951)
CREATE INDEX
Time: 1322591.275 ms (22:02.591)
CREATE INDEX
Time: 425627.011 ms (07:05.627)
CREATE INDEX
Time: 659259.110 ms (10:59.259)
CREATE INDEX
Time: 826639.819 ms (13:46.640)
CREATE INDEX
Time: 857886.997 ms (14:17.887)
CREATE INDEX
Time: 826107.238 ms (13:46.107)
CREATE INDEX
Time: 597638.362 ms (09:57.638)
CREATE INDEX
Time: 492366.419 ms (08:12.366)
CREATE INDEX
Time: 743602.553 ms (12:23.603)
CREATE INDEX
Time: 705517.690 ms (11:45.518)
CREATE INDEX
Time: 693996.470 ms (11:33.996)
CREATE INDEX
Time: 600505.462 ms (10:00.505)
CREATE INDEX
Time: 485024.423 ms (08:05.024)
CREATE INDEX
Time: 541031.728 ms (09:01.032)
CREATE INDEX
Time: 655271.263 ms (10:55.271)
CREATE INDEX
Time: 3062453.459 ms (51:02.453)
CREATE INDEX
Time: 1854332.107 ms (30:54.332)
CREATE INDEX
Time: 351745.153 ms (05:51.745)
CREATE INDEX
Time: 422267.886 ms (07:02.268)
CREATE INDEX
Time: 514280.560 ms (08:34.281)
CREATE INDEX
Time: 535733.833 ms (08:55.734)
CREATE INDEX
Time: 460817.903 ms (07:40.818)
CREATE INDEX
Time: 1741372.463 ms (29:01.372)
CREATE INDEX
Time: 442285.081 ms (07:22.285)
CREATE INDEX
Time: 267038.784 ms (04:27.039)
CREATE INDEX
Time: 284167.978 ms (04:44.168)
CREATE INDEX
Time: 342386.593 ms (05:42.387)
CREATE INDEX
Time: 422097.824 ms (07:02.098)
CREATE INDEX
Time: 447912.885 ms (07:27.913)
CREATE INDEX
Time: 2214293.638 ms (36:54.294)
CREATE INDEX
Time: 343100.241 ms (05:43.100)
CREATE INDEX
Time: 351027.907 ms (05:51.028)
               status                
-------------------------------------
 psp_financial_trans_state completed
(1 row)

Time: 1.065 ms
       current_timestamp       
-------------------------------
 2023-07-20 02:28:00.810205-07
(1 row)

Time: 1.028 ms
