Timing is on.
SET
Time: 1.108 ms
       current_timestamp       
-------------------------------
 2023-07-19 04:39:02.756358-07
(1 row)

Time: 1.054 ms
               status                
-------------------------------------
 creating index on psp_company_event
(1 row)

Time: 1.057 ms
CREATE INDEX
Time: 472783.563 ms (07:52.784)
CREATE INDEX
Time: 448288.129 ms (07:28.288)
CREATE INDEX
Time: 416325.459 ms (06:56.325)
CREATE INDEX
Time: 591532.942 ms (09:51.533)
CREATE INDEX
Time: 445964.586 ms (07:25.965)
CREATE INDEX
Time: 515533.316 ms (08:35.533)
CREATE INDEX
Time: 489137.085 ms (08:09.137)
CREATE INDEX
Time: 1069075.431 ms (17:49.075)
CREATE INDEX
Time: 652248.324 ms (10:52.248)
CREATE INDEX
Time: 724396.861 ms (12:04.397)
CREATE INDEX
Time: 805338.492 ms (13:25.338)
CREATE INDEX
Time: 685336.484 ms (11:25.336)
CREATE INDEX
Time: 826468.590 ms (13:46.469)
CREATE INDEX
Time: 924193.385 ms (15:24.193)
CREATE INDEX
Time: 880515.753 ms (14:40.516)
CREATE INDEX
Time: 738690.390 ms (12:18.690)
CREATE INDEX
Time: 271236.062 ms (04:31.236)
CREATE INDEX
Time: 258742.040 ms (04:18.742)
CREATE INDEX
Time: 192092.808 ms (03:12.093)
CREATE INDEX
Time: 230544.848 ms (03:50.545)
CREATE INDEX
Time: 248586.734 ms (04:08.587)
CREATE INDEX
Time: 234986.532 ms (03:54.987)
CREATE INDEX
Time: 259983.285 ms (04:19.983)
CREATE INDEX
Time: 250783.253 ms (04:10.783)
CREATE INDEX
Time: 568613.347 ms (09:28.613)
CREATE INDEX
Time: 657030.782 ms (10:57.031)
CREATE INDEX
Time: 1780371.827 ms (29:40.372)
CREATE INDEX
Time: 553605.599 ms (09:13.606)
CREATE INDEX
Time: 467197.832 ms (07:47.198)
CREATE INDEX
Time: 586956.111 ms (09:46.956)
CREATE INDEX
Time: 667620.062 ms (11:07.620)
CREATE INDEX
Time: 542529.849 ms (09:02.530)
           status            
-----------------------------
 psp_company_event completed
(1 row)

Time: 1.166 ms
       current_timestamp       
-------------------------------
 2023-07-19 09:46:39.476873-07
(1 row)

Time: 0.993 ms
                   status                   
--------------------------------------------
 creating index on psp_company_event_detail
(1 row)

Time: 1.024 ms
CREATE INDEX
Time: 5697273.319 ms (01:34:57.273)
CREATE INDEX
Time: 7644934.104 ms (02:07:24.934)
CREATE INDEX
Time: 3129936.209 ms (52:09.936)
CREATE INDEX
Time: 3561990.700 ms (59:21.991)
CREATE INDEX
Time: 3452769.767 ms (57:32.770)
CREATE INDEX
Time: 3540647.699 ms (59:00.648)
CREATE INDEX
Time: 3475036.972 ms (57:55.037)
CREATE INDEX
Time: 3056945.889 ms (50:56.946)
CREATE INDEX
Time: 917385.863 ms (15:17.386)
CREATE INDEX
Time: 942290.309 ms (15:42.290)
CREATE INDEX
Time: 724311.723 ms (12:04.312)
CREATE INDEX
Time: 1106196.974 ms (18:26.197)
CREATE INDEX
Time: 699604.662 ms (11:39.605)
CREATE INDEX
Time: 816600.499 ms (13:36.600)
CREATE INDEX
Time: 709875.382 ms (11:49.875)
CREATE INDEX
Time: 1001919.667 ms (16:41.920)
CREATE INDEX
Time: 1219051.803 ms (20:19.052)
CREATE INDEX
Time: 962305.086 ms (16:02.305)
CREATE INDEX
Time: 1045588.336 ms (17:25.588)
CREATE INDEX
Time: 759888.547 ms (12:39.889)
CREATE INDEX
Time: 818277.214 ms (13:38.277)
CREATE INDEX
Time: 811227.634 ms (13:31.228)
CREATE INDEX
Time: 3964711.174 ms (01:06:04.711)
CREATE INDEX
Time: 4066127.860 ms (01:07:46.128)
               status               
------------------------------------
 psp_company_event_detail completed
(1 row)

Time: 2.103 ms
       current_timestamp       
-------------------------------
 2023-07-20 00:48:44.374465-07
(1 row)

Time: 1.205 ms
                     status                      
-------------------------------------------------
 creating index on psp_company_event_email_param
(1 row)

Time: 1.068 ms
CREATE INDEX
Time: 3290757.353 ms (54:50.757)
CREATE INDEX
Time: 2695133.118 ms (44:55.133)
CREATE INDEX
Time: 1346927.052 ms (22:26.927)
CREATE INDEX
Time: 2231249.139 ms (37:11.249)
CREATE INDEX
Time: 1226397.587 ms (20:26.398)
CREATE INDEX
Time: 1766384.645 ms (29:26.385)
CREATE INDEX
Time: 867145.518 ms (14:27.146)
CREATE INDEX
Time: 1076636.713 ms (17:56.637)
CREATE INDEX
Time: 611121.735 ms (10:11.122)
CREATE INDEX
Time: 1002264.193 ms (16:42.264)
CREATE INDEX
Time: 765589.759 ms (12:45.590)
CREATE INDEX
Time: 890074.501 ms (14:50.075)
CREATE INDEX
Time: 693494.246 ms (11:33.494)
CREATE INDEX
Time: 631996.953 ms (10:31.997)
CREATE INDEX
Time: 655506.971 ms (10:55.507)
CREATE INDEX
Time: 689287.579 ms (11:29.288)
                 status                  
-----------------------------------------
 psp_company_event_email_param completed
(1 row)

Time: 1.220 ms
       current_timestamp       
-------------------------------
 2023-07-20 06:29:24.346989-07
(1 row)

Time: 1.129 ms
                status                
--------------------------------------
 creating index on psp_property_audit
(1 row)

Time: 1.197 ms
CREATE INDEX
Time: 345207.227 ms (05:45.207)
CREATE INDEX
Time: 211024.250 ms (03:31.024)
CREATE INDEX
Time: 256799.110 ms (04:16.799)
CREATE INDEX
Time: 242006.363 ms (04:02.006)
CREATE INDEX
Time: 237831.226 ms (03:57.831)
CREATE INDEX
Time: 264679.195 ms (04:24.679)
CREATE INDEX
Time: 267269.906 ms (04:27.270)
CREATE INDEX
Time: 221758.614 ms (03:41.759)
            status            
------------------------------
 psp_property_audit completed
(1 row)

Time: 1.189 ms
       current_timestamp       
-------------------------------
 2023-07-20 07:03:30.928081-07
(1 row)

Time: 1.094 ms
                     status                     
------------------------------------------------
 creating index on psp_disburse_advice_tax_liab
(1 row)

Time: 1.028 ms
CREATE INDEX
Time: 242499.856 ms (04:02.500)
CREATE INDEX
Time: 307761.982 ms (05:07.762)
CREATE INDEX
Time: 282380.560 ms (04:42.381)
CREATE INDEX
Time: 314357.850 ms (05:14.358)
CREATE INDEX
Time: 298290.198 ms (04:58.290)
CREATE INDEX
Time: 299179.882 ms (04:59.180)
CREATE INDEX
Time: 273813.536 ms (04:33.814)
CREATE INDEX
Time: 276935.515 ms (04:36.936)
CREATE INDEX
Time: 253185.465 ms (04:13.185)
CREATE INDEX
Time: 178587.509 ms (02:58.588)
CREATE INDEX
Time: 195891.189 ms (03:15.891)
CREATE INDEX
Time: 247983.639 ms (04:07.984)
                 status                 
----------------------------------------
 psp_disburse_advice_tax_liab completed
(1 row)

Time: 1.248 ms
       current_timestamp       
-------------------------------
 2023-07-20 07:56:21.802087-07
(1 row)

Time: 1.098 ms
