Timing is on.
SET
Time: 1.237 ms
       current_timestamp       
-------------------------------
 2023-07-19 04:39:55.454619-07
(1 row)

Time: 1.161 ms
                  status                   
-------------------------------------------
 creating index on psp_entitlement_message
(1 row)

Time: 1.081 ms
CREATE INDEX
Time: 2977.194 ms (00:02.977)
CREATE INDEX
Time: 6590.014 ms (00:06.590)
CREATE INDEX
Time: 8598.172 ms (00:08.598)
CREATE INDEX
Time: 10074.864 ms (00:10.075)
CREATE INDEX
Time: 10158.649 ms (00:10.159)
CREATE INDEX
Time: 10283.690 ms (00:10.284)
CREATE INDEX
Time: 9035.052 ms (00:09.035)
CREATE INDEX
Time: 8959.413 ms (00:08.959)
CREATE INDEX
Time: 10662.078 ms (00:10.662)
CREATE INDEX
Time: 10162.389 ms (00:10.162)
CREATE INDEX
Time: 11312.336 ms (00:11.312)
CREATE INDEX
Time: 4227.629 ms (00:04.228)
CREATE INDEX
Time: 17.018 ms
CREATE INDEX
Time: 4034.838 ms (00:04.035)
CREATE INDEX
Time: 10014.591 ms (00:10.015)
CREATE INDEX
Time: 10719.074 ms (00:10.719)
CREATE INDEX
Time: 11013.288 ms (00:11.013)
CREATE INDEX
Time: 9928.858 ms (00:09.929)
CREATE INDEX
Time: 13233.219 ms (00:13.233)
CREATE INDEX
Time: 9971.021 ms (00:09.971)
CREATE INDEX
Time: 13570.062 ms (00:13.570)
CREATE INDEX
Time: 14278.539 ms (00:14.279)
CREATE INDEX
Time: 12958.801 ms (00:12.959)
CREATE INDEX
Time: 12843.946 ms (00:12.844)
CREATE INDEX
Time: 5559.652 ms (00:05.560)
CREATE INDEX
Time: 8.356 ms
CREATE INDEX
Time: 3501.787 ms (00:03.502)
CREATE INDEX
Time: 8746.243 ms (00:08.746)
CREATE INDEX
Time: 10826.208 ms (00:10.826)
CREATE INDEX
Time: 10429.512 ms (00:10.430)
CREATE INDEX
Time: 10294.540 ms (00:10.295)
CREATE INDEX
Time: 12233.163 ms (00:12.233)
CREATE INDEX
Time: 11773.953 ms (00:11.774)
CREATE INDEX
Time: 10159.490 ms (00:10.159)
CREATE INDEX
Time: 11949.003 ms (00:11.949)
CREATE INDEX
Time: 12136.851 ms (00:12.137)
CREATE INDEX
Time: 11747.531 ms (00:11.748)
CREATE INDEX
Time: 4136.281 ms (00:04.136)
CREATE INDEX
Time: 15.360 ms
CREATE INDEX
Time: 3766.428 ms (00:03.766)
CREATE INDEX
Time: 8283.769 ms (00:08.284)
CREATE INDEX
Time: 9566.457 ms (00:09.566)
CREATE INDEX
Time: 9200.157 ms (00:09.200)
CREATE INDEX
Time: 11336.045 ms (00:11.336)
CREATE INDEX
Time: 11738.564 ms (00:11.739)
CREATE INDEX
Time: 11388.221 ms (00:11.388)
CREATE INDEX
Time: 9355.964 ms (00:09.356)
CREATE INDEX
Time: 7654.257 ms (00:07.654)
CREATE INDEX
Time: 11432.094 ms (00:11.432)
CREATE INDEX
Time: 12195.870 ms (00:12.196)
CREATE INDEX
Time: 5177.415 ms (00:05.177)
CREATE INDEX
Time: 104.668 ms
              status               
-----------------------------------
 psp_entitlement_message completed
(1 row)

Time: 1.159 ms
       current_timestamp       
-------------------------------
 2023-07-19 04:47:35.804632-07
(1 row)

Time: 1.107 ms
                status                
--------------------------------------
 creating index on psp_paycheck_usage
(1 row)

Time: 1.134 ms
CREATE INDEX
Time: 57.933 ms
CREATE INDEX
Time: 2192.130 ms (00:02.192)
CREATE INDEX
Time: 26236.810 ms (00:26.237)
CREATE INDEX
Time: 46599.219 ms (00:46.599)
CREATE INDEX
Time: 97385.081 ms (01:37.385)
CREATE INDEX
Time: 113052.296 ms (01:53.052)
CREATE INDEX
Time: 118742.731 ms (01:58.743)
CREATE INDEX
Time: 72370.727 ms (01:12.371)
CREATE INDEX
Time: 62643.475 ms (01:02.643)
CREATE INDEX
Time: 70469.114 ms (01:10.469)
CREATE INDEX
Time: 77387.458 ms (01:17.387)
CREATE INDEX
Time: 39933.249 ms (00:39.933)
CREATE INDEX
Time: 41.152 ms
CREATE INDEX
Time: 46.921 ms
CREATE INDEX
Time: 2989.868 ms (00:02.990)
CREATE INDEX
Time: 38173.291 ms (00:38.173)
CREATE INDEX
Time: 74577.553 ms (01:14.578)
CREATE INDEX
Time: 124148.944 ms (02:04.149)
CREATE INDEX
Time: 172787.320 ms (02:52.787)
CREATE INDEX
Time: 210380.343 ms (03:30.380)
CREATE INDEX
Time: 231122.198 ms (03:51.122)
CREATE INDEX
Time: 257928.639 ms (04:17.929)
CREATE INDEX
Time: 329007.232 ms (05:29.007)
CREATE INDEX
Time: 382141.987 ms (06:22.142)
CREATE INDEX
Time: 137014.681 ms (02:17.015)
CREATE INDEX
Time: 23.144 ms
CREATE INDEX
Time: 48.019 ms
CREATE INDEX
Time: 3983.700 ms (00:03.984)
CREATE INDEX
Time: 51563.568 ms (00:51.564)
CREATE INDEX
Time: 101297.499 ms (01:41.297)
CREATE INDEX
Time: 179001.087 ms (02:59.001)
CREATE INDEX
Time: 229312.476 ms (03:49.312)
CREATE INDEX
Time: 393670.473 ms (06:33.670)
CREATE INDEX
Time: 263828.263 ms (04:23.828)
CREATE INDEX
Time: 460093.616 ms (07:40.094)
CREATE INDEX
Time: 469883.543 ms (07:49.884)
CREATE INDEX
Time: 516910.791 ms (08:36.911)
CREATE INDEX
Time: 198634.438 ms (03:18.634)
CREATE INDEX
Time: 40.409 ms
CREATE INDEX
Time: 49.478 ms
CREATE INDEX
Time: 3044.222 ms (00:03.044)
CREATE INDEX
Time: 30961.137 ms (00:30.961)
CREATE INDEX
Time: 73291.860 ms (01:13.292)
CREATE INDEX
Time: 110884.009 ms (01:50.884)
CREATE INDEX
Time: 149575.251 ms (02:29.575)
CREATE INDEX
Time: 295632.028 ms (04:55.632)
CREATE INDEX
Time: 318561.884 ms (05:18.562)
CREATE INDEX
Time: 207361.026 ms (03:27.361)
CREATE INDEX
Time: 218645.833 ms (03:38.646)
CREATE INDEX
Time: 293162.233 ms (04:53.162)
CREATE INDEX
Time: 100744.251 ms (01:40.744)
CREATE INDEX
Time: 7.452 ms
CREATE INDEX
Time: 29.685 ms
CREATE INDEX
Time: 3482.471 ms (00:03.482)
CREATE INDEX
Time: 37673.463 ms (00:37.673)
CREATE INDEX
Time: 87146.841 ms (01:27.147)
CREATE INDEX
Time: 112221.405 ms (01:52.221)
CREATE INDEX
Time: 183760.250 ms (03:03.760)
CREATE INDEX
Time: 329549.793 ms (05:29.550)
CREATE INDEX
Time: 405271.542 ms (06:45.272)
CREATE INDEX
Time: 495656.078 ms (08:15.656)
CREATE INDEX
Time: 428078.548 ms (07:08.079)
CREATE INDEX
Time: 418529.617 ms (06:58.530)
CREATE INDEX
Time: 169823.633 ms (02:49.824)
CREATE INDEX
Time: 10.342 ms
            status            
------------------------------
 psp_paycheck_usage completed
(1 row)

Time: 1.267 ms
       current_timestamp       
-------------------------------
 2023-07-19 07:34:44.688629-07
(1 row)

Time: 1.149 ms
               status                
-------------------------------------
 creating index on psp_entity_update
(1 row)

Time: 1.171 ms
CREATE INDEX
Time: 36607.152 ms (00:36.607)
CREATE INDEX
Time: 41523.317 ms (00:41.523)
CREATE INDEX
Time: 39671.034 ms (00:39.671)
CREATE INDEX
Time: 33375.253 ms (00:33.375)
CREATE INDEX
Time: 44696.877 ms (00:44.697)
CREATE INDEX
Time: 40236.177 ms (00:40.236)
CREATE INDEX
Time: 49546.216 ms (00:49.546)
CREATE INDEX
Time: 46947.795 ms (00:46.948)
CREATE INDEX
Time: 26843.894 ms (00:26.844)
CREATE INDEX
Time: 28.138 ms
CREATE INDEX
Time: 18.254 ms
CREATE INDEX
Time: 16.758 ms
CREATE INDEX
Time: 16.933 ms
CREATE INDEX
Time: 17.253 ms
           status            
-----------------------------
 psp_entity_update completed
(1 row)

Time: 1.129 ms
       current_timestamp       
-------------------------------
 2023-07-19 07:40:44.238369-07
(1 row)

Time: 1.051 ms
