Timing is on.
SET
Time: 1.119 ms
SET
Time: 0.986 ms
SET
Time: 0.982 ms
   count    
------------
 1328622241
(1 row)

Time: 126944.596 ms (02:06.945)
   count    
------------
 1651128630
(1 row)

Time: 236350.132 ms (03:56.350)
   count    
------------
 1881406345
(1 row)

Time: 198916.842 ms (03:18.917)
   count    
------------
 1263918429
(1 row)

Time: 117918.667 ms (01:57.919)
   count    
------------
 5046115722
(1 row)

Time: 422353.038 ms (07:02.353)
   count    
------------
 6116868413
(1 row)

Time: 505107.410 ms (08:25.107)
