region=us-east-2
db_name=prod-db-admin-ue2
Find the cloudformation stacks. Please wait
stack_id=arn:aws:cloudformation:us-east-2:893547637742:stack/psp-prod-db-admin-ue2/5c4f6db0-9a82-11ef-83ee-0298ec19a149
old_ami=ami-0e5d0b87712b8c658
new_ami=ami-097c4c26054e04f4c
{
    "StackId": "arn:aws:cloudformation:us-east-2:893547637742:stack/psp-prod-db-admin-ue2/5c4f6db0-9a82-11ef-83ee-0298ec19a149"
}
Terminate existing instance (instance_id=i-0788608559c99fa4e)
{
    "TerminatingInstances": [
        {
            "InstanceId": "i-0788608559c99fa4e", 
            "CurrentState": {
                "Code": 32, 
                "Name": "shutting-down"
            }, 
            "PreviousState": {
                "Code": 16, 
                "Name": "running"
            }
        }
    ]
}
