22:27:55 SQL> 
22:27:55 SQL> select /*+ FULL(ENTMT_MESSAGE_Y2024) parallel(ENTMT_MESSAGE_Y2024 ,4) */count(*) from pspadm.PSP_ENTITLEMENT_MESSAGE partition (ENTMT_MESSAGE_Y2024)ENTMT_MESSAGE_Y2024;

  COUNT(*)                                                                      
----------                                                                      
         0                                                                      

1 row selected.

Elapsed: 00:00:00.00
22:27:55 SQL> select /*+ FULL(ENTMT_MESSAGE_Y2025) parallel(ENTMT_MESSAGE_Y2025 ,4) */count(*) from pspadm.PSP_ENTITLEMENT_MESSAGE partition (ENTMT_MESSAGE_Y2025)ENTMT_MESSAGE_Y2025;

  COUNT(*)                                                                      
----------                                                                      
         0                                                                      

1 row selected.

Elapsed: 00:00:00.00
22:27:55 SQL> select /*+ FULL(ENTMT_MESSAGE_Y2023) parallel(ENTMT_MESSAGE_Y2023 ,4) */count(*) from pspadm.PSP_ENTITLEMENT_MESSAGE partition (ENTMT_MESSAGE_Y2023)ENTMT_MESSAGE_Y2023;

  COUNT(*)                                                                      
----------                                                                      
  78627102                                                                      

1 row selected.

Elapsed: 00:20:29.68
22:48:25 SQL> select /*+ FULL(ENTITY_UPDATE_M012023) parallel(ENTITY_UPDATE_M012023 ,4) */count(*) from pspadm.PSP_ENTITY_UPDATE partition (ENTITY_UPDATE_M012023)ENTITY_UPDATE_M012023;

  COUNT(*)                                                                      
----------                                                                      
  49883861                                                                      

1 row selected.

Elapsed: 00:00:49.31
22:49:14 SQL> select /*+ FULL(SYS_P632) parallel(SYS_P632 ,4) */count(*) from pspadm.PSP_ENTITY_UPDATE partition (SYS_P632)SYS_P632;

  COUNT(*)                                                                      
----------                                                                      
  44260127                                                                      

1 row selected.

Elapsed: 00:00:45.72
22:50:00 SQL> select /*+ FULL(SYS_P635) parallel(SYS_P635 ,4) */count(*) from pspadm.PSP_ENTITY_UPDATE partition (SYS_P635)SYS_P635;

  COUNT(*)                                                                      
----------                                                                      
  47828054                                                                      

1 row selected.

Elapsed: 00:00:57.58
22:50:58 SQL> select /*+ FULL(ENTITY_UPDATE_M112022) parallel(ENTITY_UPDATE_M112022 ,4) */count(*) from pspadm.PSP_ENTITY_UPDATE partition (ENTITY_UPDATE_M112022)ENTITY_UPDATE_M112022;

  COUNT(*)                                                                      
----------                                                                      
  51008955                                                                      

1 row selected.

Elapsed: 00:00:59.28
22:51:57 SQL> select /*+ FULL(ENTITY_UPDATE_M122022) parallel(ENTITY_UPDATE_M122022 ,4) */count(*) from pspadm.PSP_ENTITY_UPDATE partition (ENTITY_UPDATE_M122022)ENTITY_UPDATE_M122022;

  COUNT(*)                                                                      
----------                                                                      
  51528798                                                                      

1 row selected.

Elapsed: 00:01:01.46
22:52:59 SQL> select /*+ FULL(ENTITY_UPDATE_M102022) parallel(ENTITY_UPDATE_M102022 ,4) */count(*) from pspadm.PSP_ENTITY_UPDATE partition (ENTITY_UPDATE_M102022)ENTITY_UPDATE_M102022;

  COUNT(*)                                                                      
----------                                                                      
         0                                                                      

1 row selected.

Elapsed: 00:00:00.00
22:52:59 SQL> select /*+ FULL(SYS_P629) parallel(SYS_P629 ,4) */count(*) from pspadm.PSP_ENTITY_UPDATE partition (SYS_P629)SYS_P629;

  COUNT(*)                                                                      
----------                                                                      
  53171745                                                                      

1 row selected.

Elapsed: 00:01:03.78
22:54:02 SQL> select /*+ FULL(SYS_P1105) parallel(SYS_P1105 ,4) */count(*) from pspadm.PSP_ENTITY_UPDATE partition (SYS_P1105)SYS_P1105;

  COUNT(*)                                                                      
----------                                                                      
  51178875                                                                      

1 row selected.

Elapsed: 00:00:56.97
22:54:59 SQL> select /*+ FULL(SYS_P813) parallel(SYS_P813 ,4) */count(*) from pspadm.PSP_ENTITY_UPDATE partition (SYS_P813)SYS_P813;

  COUNT(*)                                                                      
----------                                                                      
  55210313                                                                      

1 row selected.

Elapsed: 00:00:49.71
22:55:49 SQL> select /*+ FULL(SYS_P1369) parallel(SYS_P1369 ,4) */count(*) from pspadm.PSP_ENTITY_UPDATE partition (SYS_P1369)SYS_P1369;

  COUNT(*)                                                                      
----------                                                                      
   2185601                                                                      

1 row selected.

Elapsed: 00:00:03.87
22:55:53 SQL> select /*+ FULL(PC_USAGE_Y2024) parallel(PC_USAGE_Y2024 ,4) */count(*) from pspadm.PSP_PAYCHECK_USAGE partition (PC_USAGE_Y2024)PC_USAGE_Y2024;

  COUNT(*)                                                                      
----------                                                                      
         0                                                                      

1 row selected.

Elapsed: 00:00:00.00
22:55:53 SQL> select /*+ FULL(PC_USAGE_Y2025) parallel(PC_USAGE_Y2025 ,4) */count(*) from pspadm.PSP_PAYCHECK_USAGE partition (PC_USAGE_Y2025)PC_USAGE_Y2025;

  COUNT(*)                                                                      
----------                                                                      
         0                                                                      

1 row selected.

Elapsed: 00:00:00.00
22:55:53 SQL> select /*+ FULL(PC_USAGE_Y2023) parallel(PC_USAGE_Y2023 ,4) */count(*) from pspadm.PSP_PAYCHECK_USAGE partition (PC_USAGE_Y2023)PC_USAGE_Y2023;

  COUNT(*)                                                                      
----------                                                                      
 783845914                                                                      

1 row selected.

Elapsed: 00:18:04.80
23:13:58 SQL> 
23:13:58 SQL> 
23:13:58 SQL> spool off;
