
Scanning QBO_DATA schema now. This make take a few minutes.....


OBJECT TYPE                  COUNT                                                                                      
----------------------- ----------                                                                                      
INDEX PARTITION              39296                                                                                      
SEQUENCE                        26                                                                                      
TABLE PARTITION               3200                                                                                      
PROCEDURE                        5                                                                                      
TRIGGER                          7                                                                                      
INDEX                          523                                                                                      
TABLE                          175                                                                                      
FUNCTION                         1                                                                                      

NAME                                               TYPE         # lines of code                                         
-------------------------------------------------- ------------ ---------------                                         
F_QBO_GETNEXTID                                    FUNCTION                   1                                         
DATAMART_EXP_LOAD                                  PROCEDURE                  1                                         
DATAMART_LOAD                                      PROCEDURE                  4                                         
DATAMART_LOAD_FIX                                  PROCEDURE                314                                         
DATAMART_LOAD_V60                                  PROCEDURE                321                                         
HOME_CURRENCY_UPDATE                               PROCEDURE                  1                                         
MOD_CONTACTS                                       TRIGGER                    2                                         
MOD_CUSTOMERINTERNALS                              TRIGGER                    2                                         
MOD_CUSTOMERS                                      TRIGGER                    1                                         
MOD_EMPLOYEES                                      TRIGGER                    1                                         
MOD_NAMETYPEPAIRS                                  TRIGGER                    1                                         
MOD_VENDORINTERNALS                                TRIGGER                    2                                         
MOD_VENDORS                                        TRIGGER                    1                                         

Total # Lines of code                                                                                                   
---------------------                                                                                                   
                  652                                                                                                   
SQL> 
SQL> 
SQL> 
