

-*-*-*-*-*-*-*-*-*-*-*-*-*-*-*-*-*-*-*-*-*-*- SQL_ID/SQLTEXT with > 5 active sessions -*-*-*-*-*-*-*-*-*-*-*-*-*-*-*-*-*-*-*-*-*-*-*-*-*-*-*-*-*-*-*-*


no rows selected


no rows selected

-*-*-*-*-*-*-*-*-*-*-*-*-*-*-*-*-*-*-*-*-*-*- Cluster Wise JVMs/Total connections to RPTDB -*-*-*-*-*-*-*-*-*-*-*-*-*-*-*-*-*-*-*-*-*-*-*-*-*-*-*-*-*-


no rows selected

-*-*-*-*-*-*-*-*-*-*-*-*-*-*-*-*-*-*-*-*-*-*- Wait event with > 5 active sessions waiting on it -*-*-*-*-*-*-*-*-*-*-*-*-*-*-*-*-*-*-*-*-*-*-*-*-*-*-*


no rows selected

-*-*-*-*-*-*-*-*-*-*-*-*-*-*-*-*-*-*-*-*-*-*- Sessions responsible for blocking multiple other sessions -*-*-*-*-*-*-*-*-*-*-*-*-*-*-*-*-*-*-*-*-*-*-*


no rows selected

-*-*-*-*-*-*-*-*-*-*-*-*-*-*-*-*-*-*-*-*-*-*- Company id with > 10 active sessions -*-*-*-*-*-*-*-*-*-*-*-*-*-*-*-*-*-*-*-*-*-*-*-*-*-*-*-*-*-*-*-*-*-


COMPANY_ID             COUNT(1)
-------------------- ----------
EWSAdapter                   40
QBDTAdapter                  34


COMPANY_ID           JVM                    COUNT(1)
-------------------- -------------------- ----------
EWSAdapter           psp-adapter-deployme          4
QBDTAdapter          psp-qbdt-deployment-          3
QBDTAdapter          psp-qbdt-deployment-          4
EWSAdapter           psp-adapter-deployme          5
QBDTAdapter          psp-qbdt-deployment-          4
EWSAdapter           psp-adapter-deployme          1
QBDTAdapter          psp-qbdt-deployment-          3
QBDTAdapter          psp-qbdt-deployment-          3
EWSAdapter           psp-adapter-deployme          4
EWSAdapter           psp-adapter-deployme          4
EWSAdapter           psp-adapter-deployme          4
QBDTAdapter          psp-qbdt-deployment-          4
EWSAdapter           psp-adapter-deployme          4
QBDTAdapter          psp-qbdt-deployment-          3
EWSAdapter           psp-adapter-deployme          5
EWSAdapter           psp-adapter-deployme          4
QBDTAdapter          psp-qbdt-deployment-          3
QBDTAdapter          psp-qbdt-deployment-          3
EWSAdapter           psp-adapter-deployme          5
QBDTAdapter          psp-qbdt-deployment-          4

20 rows selected.

-*-*-*-*-*-*-*-*-*-*-*-*-*-*-*-*-*-*-*-*-*-*- App/Web/DB machine having > 5 sessions -*-*-*-*-*-*-*-*-*-*-*-*-*-*-*-*-*-*-*-*-*-*-*-*-*-*-*-*-*-*-*-*-


USERNAME                 COUNT(1)
---------------------- ----------
PSP_AUDIT_READ                900
IBOB_PROD_PSPAPP              570
                               76
INTUADMIN                      16
GGS                            14
SYS                            11

6 rows selected.

-*-*-*-*-*-*-*-*-*-*-*-*-*-*-*-*-*-*-*-*-*-*- All ACTIVE sessions details - wait event, blocking session... -*-*-*-*-*-*-*-*-*-*-*-*-*-*-*-*-*-*-*-*-*


USERNAME               SQL_ID          RUNTIME(Secs) EVENT                          SECONDS_IN_WAIT CLIENT_IDENTIFIER    MODULE          CLIENT_INFO                                                      MACHINE         LOGONTIME    BLOCKING_SESSION SID_SERIAL    S SQL_ID          SQL_EXEC_START
---------------------- --------------- ------------- ------------------------------ --------------- -------------------- --------------- ---------------------------------------------------------------- --------------- ------------ ---------------- ------------- - --------------- -------------------
PREV_SQL_ID   PREV_EXEC_START
------------- -------------------
INTUADMIN              0nw2n7jcg80k0               1 SQL*Net message to client                    0                      SQL*Plus                                                                         ggpspuwp02.sbg- 09-SEP 23:48                   6591,47449   A 0nw2n7jcg80k0   2022-09-09 23:48:41
4ya1ugwsvt8d0 2022-09-09 23:48:41

IBOB_PROD_PSPAPP                                     SQL*Net message from client                 37 QBDTAdapter          TransmissionMan                                                                  psp-qbdt-deploy 09-SEP 23:30                      3, 1982   I
bunvx480ynf57 2022-09-09 23:48:04

IBOB_PROD_PSPAPP                                     SQL*Net message from client                 30 EWSAdapter           TransmissionMan                                                                  psp-adapter-dep 09-SEP 22:42                     10,57956   I
bunvx480ynf57 2022-09-09 23:48:12

IBOB_PROD_PSPAPP                                     SQL*Net message from client                 53 EWSAdapter           TransmissionMan                                                                  psp-adapter-dep 09-SEP 22:35                     19,30088   I
bunvx480ynf57 2022-09-09 23:47:48

IBOB_PROD_PSPAPP                                     SQL*Net message from client                130 QBDTAdapter          TransmissionMan                                                                  psp-qbdt-deploy 09-SEP 23:01                    199,41464   I
bunvx480ynf57 2022-09-09 23:46:32

IBOB_PROD_PSPAPP                                     SQL*Net message from client                 53 EWSAdapter           TransmissionMan                                                                  psp-adapter-dep 09-SEP 23:20                    208,37095   I
bunvx480ynf57 2022-09-09 23:47:48

IBOB_PROD_PSPAPP                                     SQL*Net message from client                 13 EWSAdapter           TransmissionMan                                                                  psp-adapter-dep 09-SEP 22:57                    224,51328   I
bunvx480ynf57 2022-09-09 23:48:29

IBOB_PROD_PSPAPP                                     SQL*Net message from client                 30 EWSAdapter           TransmissionMan                                                                  psp-adapter-dep 09-SEP 23:27                    397,46235   I
bunvx480ynf57 2022-09-09 23:48:11

IBOB_PROD_PSPAPP                                     SQL*Net message from client                 55 QBDTAdapter          TransmissionMan                                                                  psp-qbdt-deploy 09-SEP 22:56                    568,35491   I
bunvx480ynf57 2022-09-09 23:47:47

SYS                                                  LogMiner reader: redo (idle)                 0                      GoldenGate                                                                       ip-172-19-2-167 03-AUG 03:58                    573,61661   A
13jtqv5y97fnz 2022-09-09 23:46:47

IBOB_PROD_PSPAPP                                     SQL*Net message from client                141 EWSAdapter           TransmissionMan                                                                  psp-adapter-dep 09-SEP 23:19                    576,41733   I
bunvx480ynf57 2022-09-09 23:46:21

IBOB_PROD_PSPAPP                                     SQL*Net message from client                 92 ERSBatchJob          TransactionThre                                                                  psp-jss-normal- 09-SEP 23:11                    588, 1748   I
bunvx480ynf57 2022-09-09 23:47:09

IBOB_PROD_PSPAPP                                     SQL*Net message from client                 22 QBDTAdapter          TransmissionMan                                                                  psp-qbdt-deploy 09-SEP 23:00                    600,30212   I
bunvx480ynf57 2022-09-09 23:48:19

SYS                                                  LogMiner merger: idle                        0                      GoldenGate                                                                       ip-172-19-2-167 03-AUG 03:58                    942, 6988   A
1p5cusfqt3w03 2022-08-03 03:58:15

IBOB_PROD_PSPAPP                                     SQL*Net message from client                 63 QBDTAdapter          TransmissionMan                                                                  psp-qbdt-deploy 09-SEP 23:41                    948, 9513   I
bunvx480ynf57 2022-09-09 23:47:38

IBOB_PROD_PSPAPP                                     SQL*Net message from client                142 EWSAdapter           TransmissionMan                                                                  psp-adapter-dep 09-SEP 23:16                    953,20394   I
bunvx480ynf57 2022-09-09 23:46:19

IBOB_PROD_PSPAPP                                     SQL*Net message from client                 13 EWSAdapter           TransmissionMan                                                                  psp-adapter-dep 09-SEP 22:42                   1130,40680   I
bunvx480ynf57 2022-09-09 23:48:29

IBOB_PROD_PSPAPP                                     SQL*Net message from client                 22 QBDTAdapter          TransmissionMan                                                                  psp-qbdt-deploy 09-SEP 23:30                   1138,30470   I
bunvx480ynf57 2022-09-09 23:48:19

SYS                                                  LogMiner builder: idle                       1                      GoldenGate                                                                       ip-172-19-2-167 03-AUG 03:58                   1159,51080   A
0na0jhwrs24wr 2022-09-09 23:48:40

IBOB_PROD_PSPAPP                                     SQL*Net message from client                 24 EWSAdapter           TransmissionMan                                                                  psp-adapter-dep 09-SEP 23:27                   1162,56676   I
bunvx480ynf57 2022-09-09 23:48:17

IBOB_PROD_PSPAPP                                     SQL*Net message from client                141 EWSAdapter           TransmissionMan                                                                  psp-adapter-dep 09-SEP 23:04                   1329,57164   I
bunvx480ynf57 2022-09-09 23:46:21

IBOB_PROD_PSPAPP                                     SQL*Net message from client                174 QBDTAdapter          TransmissionMan                                                                  psp-qbdt-deploy 09-SEP 23:30                   1345,46034   I
bunvx480ynf57 2022-09-09 23:45:48

IBOB_PROD_PSPAPP                                     SQL*Net message from client                 30 EWSAdapter           TransmissionMan                                                                  psp-adapter-dep 09-SEP 22:42                   1348, 3972   I
bunvx480ynf57 2022-09-09 23:48:11

SYS                                                  LogMiner preparer: idle                      1                      GoldenGate                                                                       ip-172-19-2-167 03-AUG 03:58                   1352,27627   A
4kpn7snynp2v7 2022-09-09 22:07:52

IBOB_PROD_PSPAPP                                     SQL*Net message from client                 24 EWSAdapter           TransmissionMan                                                                  psp-adapter-dep 09-SEP 23:42                   1895, 4833   I
bunvx480ynf57 2022-09-09 23:48:17

IBOB_PROD_PSPAPP                                     SQL*Net message from client                171 QBDTAdapter          TransmissionMan                                                                  psp-qbdt-deploy 09-SEP 23:39                   1915,22832   I
bunvx480ynf57 2022-09-09 23:45:50

IBOB_PROD_PSPAPP                                     SQL*Net message from client                174 QBDTAdapter          TransmissionMan                                                                  psp-qbdt-deploy 09-SEP 23:00                   2072,11259   I
bunvx480ynf57 2022-09-09 23:45:48

IBOB_PROD_PSPAPP                                     SQL*Net message from client                 18 QBDTAdapter          TransmissionMan                                                                  psp-qbdt-deploy 09-SEP 22:42                   2083,36855   I
bunvx480ynf57 2022-09-09 23:48:23

IBOB_PROD_PSPAPP                                     SQL*Net message from client                 18 QBDTAdapter          TransmissionMan                                                                  psp-qbdt-deploy 09-SEP 23:27                   2085,21980   I
bunvx480ynf57 2022-09-09 23:48:23

IBOB_PROD_PSPAPP                                     SQL*Net message from client                130 QBDTAdapter          TransmissionMan                                                                  psp-qbdt-deploy 09-SEP 22:46                   2284,14701   I
bunvx480ynf57 2022-09-09 23:46:32

IBOB_PROD_PSPAPP                                     SQL*Net message from client                130 QBDTAdapter          TransmissionMan                                                                  psp-qbdt-deploy 09-SEP 23:16                   2450,45498   I
bunvx480ynf57 2022-09-09 23:46:32

IBOB_PROD_PSPAPP                                     SQL*Net message from client                141 EWSAdapter           TransmissionMan                                                                  psp-adapter-dep 09-SEP 23:34                   2468,53446   I
bunvx480ynf57 2022-09-09 23:46:21

SYS                                                  LogMiner preparer: idle                      1                      GoldenGate                                                                       ip-172-19-2-167 03-AUG 03:58                   2486,26919   A
4kpn7snynp2v7 2022-09-09 22:01:28

IBOB_PROD_PSPAPP                                     SQL*Net message from client                 90 EWSAdapter           TransmissionMan                                                                  psp-adapter-dep 09-SEP 22:35                   2487,19829   I
bunvx480ynf57 2022-09-09 23:47:11

IBOB_PROD_PSPAPP                                     SQL*Net message from client                 90 Trisha Jane Codezar  SAPJavaAdapter:                                                                  psp-sap-deploym 09-SEP 22:56                   2838, 1308   I
bunvx480ynf57 2022-09-09 23:47:11

IBOB_PROD_PSPAPP                                     SQL*Net message from client                 90 EWSAdapter           TransmissionMan                                                                  psp-adapter-dep 09-SEP 23:20                   3042, 1202   I
bunvx480ynf57 2022-09-09 23:47:11

IBOB_PROD_PSPAPP                                     SQL*Net message from client                 24 EWSAdapter           TransmissionMan                                                                  psp-adapter-dep 09-SEP 23:12                   3044,13437   I
bunvx480ynf57 2022-09-09 23:48:17

IBOB_PROD_PSPAPP                                     SQL*Net message from client                 63 QBDTAdapter          TransmissionMan                                                                  psp-qbdt-deploy 09-SEP 22:41                   3202,51645   I
bunvx480ynf57 2022-09-09 23:47:38

IBOB_PROD_PSPAPP                                     SQL*Net message from client                171 QBDTAdapter          TransmissionMan                                                                  psp-qbdt-deploy 09-SEP 23:24                   3227,48691   I
bunvx480ynf57 2022-09-09 23:45:50

IBOB_PROD_PSPAPP                                     SQL*Net message from client                 13 EWSAdapter           TransmissionMan                                                                  psp-adapter-dep 09-SEP 23:27                   3408,53935   I
bunvx480ynf57 2022-09-09 23:48:29

IBOB_PROD_PSPAPP                                     SQL*Net message from client                142 EWSAdapter           TransmissionMan                                                                  psp-adapter-dep 09-SEP 23:31                   3409, 6862   I
bunvx480ynf57 2022-09-09 23:46:19

IBOB_PROD_PSPAPP                                     SQL*Net message from client                 55 QBDTAdapter          TransmissionMan                                                                  psp-qbdt-deploy 09-SEP 23:11                   3610,29200   I
bunvx480ynf57 2022-09-09 23:47:47

IBOB_PROD_PSPAPP                                     SQL*Net message from client                 24 EWSAdapter           TransmissionMan                                                                  psp-adapter-dep 09-SEP 22:57                   3967,40186   I
bunvx480ynf57 2022-09-09 23:48:17

SYS                                                  LogMiner reader: redo (idle)                 0                      GoldenGate                                                                       ip-172-19-2-167 03-AUG 03:58                   4140,19796   A
13jtqv5y97fnz 2022-09-09 23:46:47

IBOB_PROD_PSPAPP                                     SQL*Net message from client                 90 EWSAdapter           TransmissionMan                                                                  psp-adapter-dep 09-SEP 22:50                   4153,35306   I
bunvx480ynf57 2022-09-09 23:47:11

IBOB_PROD_PSPAPP                                     SQL*Net message from client                 35 Trisha Jane Codezar  SAPJavaAdapter:                                                                  psp-sap-deploym 09-SEP 23:00                   4159,23817   I
bunvx480ynf57 2022-09-09 23:48:06

IBOB_PROD_PSPAPP                                     SQL*Net message from client                 13 EWSAdapter           TransmissionMan                                                                  psp-adapter-dep 09-SEP 23:42                   4335, 5059   I
bunvx480ynf57 2022-09-09 23:48:29

IBOB_PROD_PSPAPP                                     SQL*Net message from client                 67 Trisha Jane Codezar  SAPJavaAdapter:                                                                  psp-sap-deploym 09-SEP 22:56                   4348,20944   I
bunvx480ynf57 2022-09-09 23:47:34

IBOB_PROD_PSPAPP                                     SQL*Net message from client                 30 EWSAdapter           TransmissionMan                                                                  psp-adapter-dep 09-SEP 23:27                   4516,51179   I
bunvx480ynf57 2022-09-09 23:48:12

IBOB_PROD_PSPAPP                                     SQL*Net message from client                171 QBDTAdapter          TransmissionMan                                                                  psp-qbdt-deploy 09-SEP 22:54                   4553,10935   I
bunvx480ynf57 2022-09-09 23:45:50

IBOB_PROD_PSPAPP                                     SQL*Net message from client                 22 QBDTAdapter          TransmissionMan                                                                  psp-qbdt-deploy 09-SEP 23:15                   4715, 3585   I
bunvx480ynf57 2022-09-09 23:48:19

IBOB_PROD_PSPAPP                                     SQL*Net message from client                 25 QBDTAdapter          TransmissionMan                                                                  psp-qbdt-deploy 09-SEP 23:27                   4919,48029   I
bunvx480ynf57 2022-09-09 23:48:16

IBOB_PROD_PSPAPP                                     SQL*Net message from client                 56 EWSAdapter           TransmissionMan                                                                  psp-adapter-dep 09-SEP 23:02                   4923,25193   I
bunvx480ynf57 2022-09-09 23:47:46

IBOB_PROD_PSPAPP                                     SQL*Net message from client                 63 QBDTAdapter          TransmissionMan                                                                  psp-qbdt-deploy 09-SEP 23:11                   5106,61812   I
bunvx480ynf57 2022-09-09 23:47:38

IBOB_PROD_PSPAPP                                     SQL*Net message from client                  6 QBDTAdapter          TransmissionMan                                                                  psp-qbdt-deploy 09-SEP 23:03                   5300,24907   I
bunvx480ynf57 2022-09-09 23:48:35

SYS                                                  LogMiner merger: idle                        0                      GoldenGate                                                                       ip-172-19-2-167 03-AUG 03:58                   5301,29926   A
1p5cusfqt3w03 2022-08-03 03:58:15

IBOB_PROD_PSPAPP                                     SQL*Net message from client                  6 QBDTAdapter          TransmissionMan                                                                  psp-qbdt-deploy 09-SEP 23:33                   5459, 9465   I
bunvx480ynf57 2022-09-09 23:48:35

IBOB_PROD_PSPAPP                                     SQL*Net message from client                 53 EWSAdapter           TransmissionMan                                                                  psp-adapter-dep 09-SEP 22:50                   5484,40019   I
bunvx480ynf57 2022-09-09 23:47:48

IBOB_PROD_PSPAPP                                     SQL*Net message from client                  6 QBDTAdapter          TransmissionMan                                                                  psp-qbdt-deploy 09-SEP 22:48                   5648,34397   I
bunvx480ynf57 2022-09-09 23:48:35

IBOB_PROD_PSPAPP                                     SQL*Net message from client                 97 EWSAdapter           TransmissionMan                                                                  psp-adapter-dep 09-SEP 22:35                   5662,26916   I
bunvx480ynf57 2022-09-09 23:47:04

IBOB_PROD_PSPAPP                                     SQL*Net message from client                 37 QBDTAdapter          TransmissionMan                                                                  psp-qbdt-deploy 09-SEP 23:15                   5667,53722   I
bunvx480ynf57 2022-09-09 23:48:04

IBOB_PROD_PSPAPP                                     SQL*Net message from client                 88 Trisha Jane Codezar  SAPJavaAdapter:                                                                  psp-sap-deploym 09-SEP 22:56                   6033, 2734   I
bunvx480ynf57 2022-09-09 23:47:13

IBOB_PROD_PSPAPP                                     SQL*Net message from client                130 QBDTAdapter          TransmissionMan                                                                  psp-qbdt-deploy 09-SEP 23:31                   6043,31592   I
bunvx480ynf57 2022-09-09 23:46:32

IBOB_PROD_PSPAPP                                     SQL*Net message from client                 25 QBDTAdapter          TransmissionMan                                                                  psp-qbdt-deploy 09-SEP 23:12                   6044,21541   I
bunvx480ynf57 2022-09-09 23:48:16

SYS                                                  LogMiner builder: idle                       1                      GoldenGate                                                                       ip-172-19-2-167 03-AUG 03:58                   6244,21128   A
0na0jhwrs24wr 2022-09-09 23:48:40

IBOB_PROD_PSPAPP                                     SQL*Net message from client                 97 EWSAdapter           TransmissionMan                                                                  psp-adapter-dep 09-SEP 23:20                   6246,22611   I
bunvx480ynf57 2022-09-09 23:47:04

IBOB_PROD_PSPAPP                                     SQL*Net message from client                142 EWSAdapter           TransmissionMan                                                                  psp-adapter-dep 09-SEP 23:01                   6393,56777   I
bunvx480ynf57 2022-09-09 23:46:19

SYS                                                  LogMiner preparer: idle                      1                      GoldenGate                                                                       ip-172-19-2-167 03-AUG 03:58                   6394,11666   A
4kpn7snynp2v7 2022-09-09 22:07:53

IBOB_PROD_PSPAPP                                     SQL*Net message from client                 97 EWSAdapter           TransmissionMan                                                                  psp-adapter-dep 09-SEP 22:50                   6395, 1490   I
bunvx480ynf57 2022-09-09 23:47:04

IBOB_PROD_PSPAPP                                     SQL*Net message from client                 55 QBDTAdapter          TransmissionMan                                                                  psp-qbdt-deploy 09-SEP 22:41                   6593,48906   I
bunvx480ynf57 2022-09-09 23:47:47

IBOB_PROD_PSPAPP                                     SQL*Net message from client                 25 QBDTAdapter          TransmissionMan                                                                  psp-qbdt-deploy 09-SEP 22:57                   6602,31051   I
bunvx480ynf57 2022-09-09 23:48:16

IBOB_PROD_PSPAPP                                     SQL*Net message from client                 30 EWSAdapter           TransmissionMan                                                                  psp-adapter-dep 09-SEP 22:57                   6616,12214   I
bunvx480ynf57 2022-09-09 23:48:12

IBOB_PROD_PSPAPP                                     SQL*Net message from client                 63 QBDTAdapter          TransmissionMan                                                                  psp-qbdt-deploy 09-SEP 22:56                   6993,14245   I
bunvx480ynf57 2022-09-09 23:47:38

IBOB_PROD_PSPAPP                                     SQL*Net message from client                 46 Trisha Jane Codezar  SAPJavaAdapter:                                                                  psp-sap-deploym 09-SEP 22:59                   6994,15930   I
bunvx480ynf57 2022-09-09 23:47:55

IBOB_PROD_PSPAPP                                     SQL*Net message from client                 72 Trisha Jane Codezar  SAPJavaAdapter:                                                                  psp-sap-deploym 09-SEP 22:41                   7150,60023   I
bunvx480ynf57 2022-09-09 23:47:29

IBOB_PROD_PSPAPP                                     SQL*Net message from client                142 EWSAdapter           TransmissionMan                                                                  psp-adapter-dep 09-SEP 22:46                   7161, 2761   I
bunvx480ynf57 2022-09-09 23:46:19

SYS                                                  LogMiner preparer: idle                      0                      GoldenGate                                                                       ip-172-19-2-167 03-AUG 03:58                   7165,29384   A
4kpn7snynp2v7 2022-09-09 22:01:23

IBOB_PROD_PSPAPP                                     SQL*Net message from client                 53 EWSAdapter           TransmissionMan                                                                  psp-adapter-dep 09-SEP 23:35                   7184,25393   I
bunvx480ynf57 2022-09-09 23:47:48

IBOB_PROD_PSPAPP                                     SQL*Net message from client                 37 QBDTAdapter          TransmissionMan                                                                  psp-qbdt-deploy 09-SEP 22:45                   7354, 8010   I
bunvx480ynf57 2022-09-09 23:48:04

IBOB_PROD_PSPAPP                                     SQL*Net message from client                 53 EWSAdapter           TransmissionMan                                                                  psp-adapter-dep 09-SEP 23:05                   7360,30973   I
bunvx480ynf57 2022-09-09 23:47:48

IBOB_PROD_PSPAPP                                     SQL*Net message from client                141 EWSAdapter           TransmissionMan                                                                  psp-adapter-dep 09-SEP 22:34                   7558,33981   I
bunvx480ynf57 2022-09-09 23:46:21

IBOB_PROD_PSPAPP                                     SQL*Net message from client                 30 EWSAdapter           TransmissionMan                                                                  psp-adapter-dep 09-SEP 22:57                   7722, 2205   I
bunvx480ynf57 2022-09-09 23:48:11

IBOB_PROD_PSPAPP                                     SQL*Net message from client                 25 QBDTAdapter          TransmissionMan                                                                  psp-qbdt-deploy 09-SEP 22:42                   7727,23931   I
bunvx480ynf57 2022-09-09 23:48:16

IBOB_PROD_PSPAPP                                     SQL*Net message from client                 30 EWSAdapter           TransmissionMan                                                                  psp-adapter-dep 09-SEP 23:12                   7736,48949   I
bunvx480ynf57 2022-09-09 23:48:12

IBOB_PROD_PSPAPP                                     SQL*Net message from client                 24 EWSAdapter           TransmissionMan                                                                  psp-adapter-dep 09-SEP 22:42                   7900,37250   I
bunvx480ynf57 2022-09-09 23:48:17

IBOB_PROD_PSPAPP                                     SQL*Net message from client                 97 EWSAdapter           TransmissionMan                                                                  psp-adapter-dep 09-SEP 23:05                   7933,43542   I
bunvx480ynf57 2022-09-09 23:47:04

IBOB_PROD_PSPAPP                                     SQL*Net message from client                 50 Trisha Jane Codezar  SAPJavaAdapter:                                                                  psp-sap-deploym 09-SEP 22:59                   7935,47784   I
bunvx480ynf57 2022-09-09 23:47:52

GGS                                                  LogMiner client: transaction                 0                      GoldenGate                                                                       ggpspuwp02.sbg- 03-AUG 03:58                   8099,24227   A
0yj2970wjbsfv 2022-09-09 23:48:40

IBOB_PROD_PSPAPP                                     SQL*Net message from client                148 ERSBatchJob          TransactionThre                                                                  psp-jss-normal- 09-SEP 23:34                   8101,53396   I
bunvx480ynf57 2022-09-09 23:46:13

IBOB_PROD_PSPAPP                                     SQL*Net message from client                 13 EWSAdapter           TransmissionMan                                                                  psp-adapter-dep 09-SEP 23:12                   8278, 2672   I
bunvx480ynf57 2022-09-09 23:48:29

IBOB_PROD_PSPAPP                                     SQL*Net message from client                174 QBDTAdapter          TransmissionMan                                                                  psp-qbdt-deploy 09-SEP 23:15                   8284,56439   I
bunvx480ynf57 2022-09-09 23:45:48

IBOB_PROD_PSPAPP                                     SQL*Net message from client                 18 QBDTAdapter          TransmissionMan                                                                  psp-qbdt-deploy 09-SEP 23:12                   8476,32440   I
bunvx480ynf57 2022-09-09 23:48:23

GGS                                                  LogMiner client: transaction                 0                      GoldenGate                                                                       ggpspuwp02.sbg- 03-AUG 03:58                   8498,17895   A
0yj2970wjbsfv 2022-09-09 23:48:33

IBOB_PROD_PSPAPP                                     SQL*Net message from client                 90 EWSAdapter           TransmissionMan                                                                  psp-adapter-dep 09-SEP 23:35                   8651,10665   I
bunvx480ynf57 2022-09-09 23:47:11

IBOB_PROD_PSPAPP                                     SQL*Net message from client                 30 EWSAdapter           TransmissionMan                                                                  psp-adapter-dep 09-SEP 23:12                   8847,58975   I
bunvx480ynf57 2022-09-09 23:48:11

IBOB_PROD_PSPAPP                                     SQL*Net message from client                108 Trisha Jane Codezar  SAPJavaAdapter:                                                                  psp-sap-deploym 09-SEP 22:31                   8852,52938   I
bunvx480ynf57 2022-09-09 23:46:53

IBOB_PROD_PSPAPP                                     SQL*Net message from client                171 QBDTAdapter          TransmissionMan                                                                  psp-qbdt-deploy 09-SEP 23:09                   8853,33080   I
bunvx480ynf57 2022-09-09 23:45:50


97 rows selected.

-*-*-*-*-*-*-*-*-*-*-*-*-*-*-*-*-*-*-*-*-*-*- Top N redo generating sessions -*-*-*-*-*-*-*-*-*-*-*-*-*-*-*-*-*-*-*-*-*-*-*-*-*-*-*-*-*-*-*-*-*-*-*-*-


USERNAME               MACHINE         OSUSER      S    REDO_MB SID_SERIAL
---------------------- --------------- ----------- - ---------- -------------
                       ip-172-19-2-167 rdsdb       A      11.99  3761, 8843
                       ip-172-19-2-167 rdsdb       A      11.98  4513,64289
                       ip-172-19-2-167 rdsdb       A      11.94  4137, 3297
                       ip-172-19-2-167 rdsdb       A      11.94  3949,36759
                       ip-172-19-2-167 rdsdb       A      11.91  3573,17339
                       ip-172-19-2-167 rdsdb       A       11.9  4325, 1083
SYS                    ip-172-19-2-167 rdsdb       A       2.33  1159,51080
SYS                    ip-172-19-2-167 rdsdb       A       2.33  6244,21128
                       ip-172-19-2-167 rdsdb       A       1.04  5265,24971
                       ip-172-19-2-167 rdsdb       A        .99  4701,57570

10 rows selected.

-*-*-*-*-*-*-*-*-*-*-*-*-*-*-*-*-*-*-*-*-*-*- Redo Generation History -*-*-*-*-*-*-*-*-*-*-*-*-*-*-*-*-*-*-*-*-*-*-*-*-*-*-*-*-*-*-*-*-*-*-*-*-*-*-*-*


DAY       00     01     02     03     04     05     06     07     08     09     10     11     12     13     14     15     16     17     18     19     20     21     22     23
--------- ------ ------ ------ ------ ------ ------ ------ ------ ------ ------ ------ ------ ------ ------ ------ ------ ------ ------ ------ ------ ------ ------ ------ ------
11-AUG-22     .0     .0     .0     .1     .1     .2     .4     .5     .6     .6     .7     .7     .6     .6     .5     .4     .3     .2     .1     .1     .1     .2     .1     .1
12-AUG-22     .0     .0     .1     .1     .1     .2     .3     .4     .5     .5     .5     .4     .4     .4     .3     .2     .2     .1     .1     .0     .0     .2     .1     .1
13-AUG-22     .0     .0     .0     .0     .0     .2     .1     .1     .1     .1     .1     .1     .1     .1     .2     .1     .1     .1     .1     .0     .0     .0     .3     .1
14-AUG-22     .0     .0     .0     .0     .0     .1     .1     .1     .1     .1     .1     .1     .1     .1     .2     .1     .1     .1     .1     .1     .1     .1     .3     .1
15-AUG-22     .0     .1     .0     .1     .1     .2     .5     .7     .8     .8     .8     .8     .8     .7     .5     .4     .3     .2     .1     .1     .1     .1     .3     .1
16-AUG-22     .0     .0     .0     .1     .1     .2     .5     .6     .8     .8     .8     .8     .8     .8     .7     .5     .3     .3     .1     .1     .1     .2     .1     .1
17-AUG-22     .0     .0     .1     .1     .1     .3     .5     .8     .9     .9     .9    1.0     .9     .9     .8     .6     .4     .2     .1     .1     .1     .1     .1     .1
18-AUG-22     .0     .0     .1     .1     .1     .2     .4     .5     .6     .6     .5     .5     .5     .5     .4     .3     .2     .2     .1     .1     .1     .1     .2     .1
19-AUG-22     .0     .0     .0     .1     .1     .2     .4     .5     .5     .5     .4     .4     .4     .4     .3     .2     .2     .2     .1     .1     .0     .1     .2     .1
20-AUG-22     .0     .0     .0     .0     .0     .2     .1     .1     .1     .1     .1     .1     .1     .1     .2     .1     .1     .1     .1     .1     .0     .0     .2     .1
21-AUG-22     .0     .0     .0     .0     .0     .1     .1     .1     .1     .1     .2     .1     .1     .1     .1     .1     .1     .2     .2     .1     .1     .1     .2     .1
22-AUG-22     .0     .0     .0     .1     .1     .2     .5     .7     .8     .8     .8     .8     .7     .7     .5     .4     .3     .3     .1     .1     .1     .2     .1     .1
23-AUG-22     .0     .0     .1     .1     .1     .2     .5     .6     .8     .7     .7     .9     .8     .7     .7     .4     .3     .3     .1     .1     .1     .1     .1     .1
24-AUG-22     .0     .0     .1     .1     .1     .3     .6     .8    1.0    1.0    1.1    1.0    1.0     .9     .8     .6     .4     .2     .1     .1     .1     .2     .1     .1
25-AUG-22     .0     .0     .0     .1     .1     .2     .4     .5     .6     .6     .6     .5     .6     .5     .4     .3     .3     .2     .1     .1     .1     .1     .2     .1
26-AUG-22     .0     .0     .0     .1     .1     .2     .4     .5     .6     .6     .5     .5     .5     .4     .4     .2     .2     .2     .1     .1     .0     .2     .1     .1
27-AUG-22     .0     .0     .0     .0     .0     .2     .1     .1     .1     .1     .2     .1     .1     .1     .2     .1     .1     .1     .1     .0     .0     .1     .2     .1
28-AUG-22     .0     .0     .0     .0     .0     .1     .1     .1     .1     .1     .2     .1     .1     .1     .1     .1     .1     .2     .2     .1     .1     .1     .2     .1
29-AUG-22     .0     .0     .0     .1     .1     .3     .6     .8    1.0     .9     .9    1.0     .9     .8     .7     .5     .3     .3     .1     .1     .1     .1     .2     .1
30-AUG-22     .0     .0     .1     .1     .1     .2     .5     .7     .9     .9     .9     .9     .8     .8     .7     .5     .3     .2     .1     .1     .1     .2     .2     .1
31-AUG-22     .0     .0     .1     .1     .1     .3     .6     .9    1.0    1.1    1.1    1.1    1.0    1.0     .9     .6     .5     .2     .1     .1     .1     .1     .2     .1
01-SEP-22     .0     .0     .0     .1     .1     .2     .4     .6     .7     .7     .7     .7     .7     .6     .6     .4     .3     .2     .1     .1     .1     .1     .3     .1
02-SEP-22     .0     .0     .0     .1     .1     .2     .3     .5     .5     .5     .5     .5     .5     .4     .4     .3     .2     .1     .1     .1     .1     .1     .3     .1
03-SEP-22     .0     .0     .0     .0     .0     .2     .1     .1     .1     .1     .1     .1     .1     .1     .1     .1     .1     .1     .2     .0     .0     .0     .3     .1
04-SEP-22     .0     .0     .0     .0     .0     .2     .1     .1     .1     .1     .2     .1     .1     .1     .1     .1     .1     .1     .1     .0     .0     .0     .3     .1
05-SEP-22     .0     .0     .0     .0     .1     .1     .1     .1     .2     .2     .2     .2     .2     .1     .1     .1     .1     .1     .1     .1     .1     .1     .2     .1
06-SEP-22     .0     .0     .0     .1     .1     .2     .6     .8     .9    1.0    1.0     .9     .9     .8     .7     .5     .4     .3     .1     .1     .1     .2     .1     .1
07-SEP-22     .0     .0     .1     .1     .1     .3     .6     .9    1.0    1.0    1.0    1.1    1.1    1.0     .9     .6     .4     .3     .1     .1     .1     .1     .2     .1
08-SEP-22     .0     .0     .0     .1     .1     .2     .3     .5     .5     .6     .5     .5     .5     .5     .4     .3     .2     .2     .1     .1     .1     .2     .1     .1
09-SEP-22     .0     .0     .0     .1     .1     .2     .3     .4     .5     .5     .5     .5     .4     .4     .3     .2     .1     .1     .1     .1     .0     .2     .1     .0

30 rows selected.

-*-*-*-*-*-*-*-*-*-*-*-*-*-*-*-*-*-*-*-*-*-*- Undo Utilization Status -*-*-*-*-*-*-*-*-*-*-*-*-*-*-*-*-*-*-*-*-*-*-*-*-*-*-*-*-*-*-*-*-*-*-*-*-*-*-*-*


S Undo Blocks   Size(GB)
- ----------- ----------
E        2774 5.08508301
U         297 .930603027

-*-*-*-*-*-*-*-*-*-*-*-*-*-*-*-*-*-*-*-*-*-*- Sessions sorting data on disk -*-*-*-*-*-*-*-*-*-*-*-*-*-*-*-*-*-*-*-*-*-*-*-*-*-*-*-*-*-*-*-*-*-*-*-*-*


no rows selected

-*-*-*-*-*-*-*-*-*-*-*-*-*-*-*-*-*-*-*-*-*-*- Database/System Metrics -*-*-*-*-*-*-*-*-*-*-*-*-*-*-*-*-*-*-*-*-*-*-*-*-*-*-*-*-*-*-*-*-*-*-*-*-*-*-*-*


Metric                                        Current Value Average Value  Max Value Metric Unit
--------------------------------------------- ------------- ------------- ---------- ------------------------------
Average Active Sessions                                 .06           .18        .46 Active Sessions
Average Synchronous Single-Block Read Latency             0           .01        .04 Milliseconds
Consistent Read Gets Per Sec                          35.55        572.06   23891.99 Blocks Per Second
Current Logons Count                                    996       1232.39       1389 Logons
Current OS Load                                         .09           .18         .5 Number Of Processes
Database CPU Time Ratio                                73.9         74.36      91.67 % Cpu/DB_Time
Database Time Per Sec                                  6.18         18.06      45.51 CentiSeconds Per Second
Database Wait Time Ratio                               26.1         25.64       50.9 % Wait/DB_Time
Host CPU Utilization (%)                                .28           .49       1.08 % Busy/(Idle+Busy)
I/O Megabytes per Second                               5.31          6.82       9.08 Megabtyes per Second
Logical Reads Per Sec                                  65.7        621.43    23923.7 Reads Per Second
Logons Per Sec                                          .47          1.05       2.95 Logons Per Second
Network Traffic Volume Per Sec                    240160.27     784195.49 3012124.38 Bytes Per Second
PGA Cache Hit %                                        65.6          65.6       65.6 % Bytes/TotalBytes
Physical Read Total Bytes Per Sec                5546803.13    7094299.48 9380235.75 Bytes Per Second
Physical Read Total IO Requests Per Sec               36.73         49.58     120.12 Requests Per Second
Physical Write Total Bytes Per Sec                 25271.63      56598.54  173037.75 Bytes Per Second
Physical Write Total IO Requests Per Sec               4.51          6.06      14.44 Requests Per Second
Redo Allocation Hit Ratio                               100           100        100 % (#Redo - RedoSpaceReq)/#Redo
Redo Generated Per Sec                              4418.72      10022.89   71912.24 Bytes Per Second
SQL Service Response Time                               .07           .15        .32 CentiSeconds Per Call
Session Count                                          1639       1636.87       1641 Sessions
Session Limit %                                       18.16         18.14      18.18 % Sessions/Limit
Shared Pool Free %                                    17.89         17.67      17.89 % Free/Total
Total PGA Allocated                              1032182784    1064276623 1089813504 bytes

25 rows selected.

-*-*-*-*-*-*-*-*-*-*-*-*-*-*-*-*-*-*-*-*-*-*- OS level stats -*-*-*-*-*-*-*-*-*-*-*-*-*-*-*-*-*-*-*-*-*-*-*-*-*-*-*-*-*-*-*-*-*-*-*-*-*-*-*-*-*-*-*-*-


STAT_NAME                                                                   VALUE
---------------------------------------------------------------- ----------------
IDLE_TIME                                                          292954448911.0
BUSY_TIME                                                            1526521851.0
USER_TIME                                                             174688581.0
SYS_TIME                                                              290153587.0
IOWAIT_TIME                                                            84837942.0
NICE_TIME                                                            1048394443.0
RSRC_MGR_CPU_WAIT_TIME                                                      181.0
LOAD                                                                           .0
FREE_MEMORY_BYTES                                                   28817653760.0
SWAP_FREE_BYTES                                                     17178804224.0

10 rows selected.

