
SQL*Loader: Release 12.1.0.2.0 - Production on Thu Jun 1 01:45:59 2023

Copyright (c) 1982, 2014, Oracle and/or its affiliates.  All rights reserved.

Control File:   load_temp_employee_consumer_realmId.ctl
Data File:      /u01/scripts/mayank/temp_employee_consumer_realmId.csv
  Bad File:     load_temp_employee_consumer_realmId.bad
  Discard File:  none specified
 
 (Allow all discards)

Number to load: ALL
Number to skip: 0
Errors allowed: 50
Bind array:     64 rows, maximum of 256000 bytes
Continuation:    none specified
Path used:      Conventional

Table MCHOUBEY.TEMP_EMPLOYEE_CONSUMER_REALMID, loaded from every logical record.
Insert option in effect for this table: INSERT

   Column Name                  Position   Len  Term Encl Datatype
------------------------------ ---------- ----- ---- ---- ---------------------
EMPLOYEE_SEQ                        FIRST     *   ,       CHARACTER            
CONSUMER_REALM_ID                    NEXT     *   ,       CHARACTER            
IS_IN_EMS                            NEXT     *   ,       CHARACTER            


Table MCHOUBEY.TEMP_EMPLOYEE_CONSUMER_REALMID:
  600355 Rows successfully loaded.
  0 Rows not loaded due to data errors.
  0 Rows not loaded because all WHEN clauses were failed.
  0 Rows not loaded because all fields were null.


Space allocated for bind array:                  49536 bytes(64 rows)
Read   buffer bytes: 1048576

Total logical records skipped:          0
Total logical records read:        600355
Total logical records rejected:         0
Total logical records discarded:        0

Run began on Thu Jun 01 01:45:59 2023
Run ended on Thu Jun 01 01:46:36 2023

Elapsed time was:     00:00:37.02
CPU time was:         00:00:02.50
