
SQL*Loader: Release 12.1.0.2.0 - Production on Tue May 16 22:19:48 2023

Copyright (c) 1982, 2014, Oracle and/or its affiliates.  All rights reserved.

Control File:   load_temp_for_analysis.ctl
Data File:      /u01/scripts/mayank/Chase-Customer-Accounts-Wallet-IDs-Sheet1.csv
  Bad File:     load_temp_for_analysis.bad
  Discard File:  none specified
 
 (Allow all discards)

Number to load: ALL
Number to skip: 0
Errors allowed: 50
Bind array:     64 rows, maximum of 256000 bytes
Continuation:    none specified
Path used:      Conventional

Table MCHOUBEY.TEMP_FOR_ANALYSIS, loaded from every logical record.
Insert option in effect for this table: INSERT

   Column Name                  Position   Len  Term Encl Datatype
------------------------------ ---------- ----- ---- ---- ---------------------
REALM_ID                            FIRST     *   ,       CHARACTER            
WALLET_ENTRY_ID                      NEXT     *   ,       CHARACTER            
ORIGINAL_ASSET_ID                    NEXT     *   ,       CHARACTER            
ACCOUNT_ID                           NEXT     *   ,       CHARACTER            
PROVIDER_GROUP                       NEXT     *   ,       CHARACTER            
CHANNEL_TYPE_NAME                    NEXT     *   ,       CHARACTER            


Table MCHOUBEY.TEMP_FOR_ANALYSIS:
  25692 Rows successfully loaded.
  0 Rows not loaded due to data errors.
  0 Rows not loaded because all WHEN clauses were failed.
  0 Rows not loaded because all fields were null.


Space allocated for bind array:                  99072 bytes(64 rows)
Read   buffer bytes: 1048576

Total logical records skipped:          0
Total logical records read:         25692
Total logical records rejected:         0
Total logical records discarded:        0

Run began on Tue May 16 22:19:48 2023
Run ended on Tue May 16 22:19:55 2023

Elapsed time was:     00:00:07.15
CPU time was:         00:00:00.34
