Timing is on.
SET
Time: 1.061 ms
       current_timestamp       
-------------------------------
 2023-06-28 20:07:59.663033-07
(1 row)

Time: 1.037 ms
psql:psp_financial_transaction.sql:6: ERROR:  insert or update on table "psp_financial_transaction_p6" violates foreign key constraint "psp_financial_transaction_fk16"
DETAIL:  Key (company_law_fk)=(cc87cba6-b523-4734-8654-34648afa6e45) is not present in table "psp_company_law".
Time: 772741.538 ms (12:52.742)
psql:psp_financial_transaction.sql:7: ERROR:  insert or update on table "psp_financial_transaction_p0" violates foreign key constraint "psp_financial_transaction_fk13"
DETAIL:  Key (bill_payment_split_fk)=(000bfe57-b6e9-4c70-992e-79d1c8812d3c) is not present in table "psp_bill_payment_split".
Time: 123220.066 ms (02:03.220)
ALTER TABLE
Time: 2032375.108 ms (33:52.375)
psql:psp_financial_transaction.sql:9: ERROR:  insert or update on table "psp_financial_transaction_p0" violates foreign key constraint "psp_financialtransaction_fk3"
DETAIL:  Key (company_fk, original_transaction_fk)=(58d36055-5912-4f82-94c8-5bc47dcc8823, 91c0e3c7-5dce-42a7-b3c1-f48d688ed7b6) is not present in table "psp_financial_transaction".
Time: 196780.712 ms (03:16.781)
ALTER TABLE
Time: 1530142.212 ms (25:30.142)
ALTER TABLE
Time: 1679102.433 ms (27:59.102)
./psp_prod_mon.sh: line 1: 99583 Killed                  psql -h psp-prod-mon.cluster-cjls0bohfgpq.us-west-2.rds.amazonaws.com -p 5432 -U postgres -d psppp01 -f $1
