21:24:13 SQL> @copy_last_month_data_to_entity_update_part_table.sql
21:24:16 SQL> set time on timing on feedback on echo on
21:24:16 SQL> insert into PSPADM.PSP_ENTITY_UPDATE_PART select /*+ PARALLEL(8) */ * from PSPADM.PSP_ENTITY_UPDATE where created_date>= to_date('01-11-2022 12:00:00','DD-MM-YYYY HH24:MI:SS') and created_date< to_date('02-11-2022 00:00:00','DD-MM-YYYY HH24:MI:SS') ;

2671103 rows created.

Elapsed: 00:04:39.63
21:28:56 SQL> commit;

Commit complete.

Elapsed: 00:00:00.14
21:28:56 SQL> insert into PSPADM.PSP_ENTITY_UPDATE_PART select /*+ PARALLEL(8) */ * from PSPADM.PSP_ENTITY_UPDATE where created_date>= to_date('02-11-2022 00:00:00','DD-MM-YYYY HH24:MI:SS') and created_date< to_date('02-11-2022 12:00:00','DD-MM-YYYY HH24:MI:SS') ;

261765 rows created.

Elapsed: 00:00:07.29
21:29:03 SQL> commit;

Commit complete.

Elapsed: 00:00:00.04
21:29:03 SQL> insert into PSPADM.PSP_ENTITY_UPDATE_PART select /*+ PARALLEL(8) */ * from PSPADM.PSP_ENTITY_UPDATE where created_date>= to_date('02-11-2022 12:00:00','DD-MM-YYYY HH24:MI:SS') and created_date< to_date('03-11-2022 00:00:00','DD-MM-YYYY HH24:MI:SS') ;

3711068 rows created.

Elapsed: 00:01:39.51
21:30:43 SQL> commit;

Commit complete.

Elapsed: 00:00:00.21
21:30:43 SQL> insert into PSPADM.PSP_ENTITY_UPDATE_PART select /*+ PARALLEL(8) */ * from PSPADM.PSP_ENTITY_UPDATE where created_date>= to_date('03-11-2022 00:00:00','DD-MM-YYYY HH24:MI:SS') and created_date< to_date('03-11-2022 12:00:00','DD-MM-YYYY HH24:MI:SS') ;

119619 rows created.

Elapsed: 00:00:04.31
21:30:47 SQL> commit;

Commit complete.

Elapsed: 00:00:00.06
21:30:47 SQL> insert into PSPADM.PSP_ENTITY_UPDATE_PART select /*+ PARALLEL(8) */ * from PSPADM.PSP_ENTITY_UPDATE where created_date>= to_date('03-11-2022 12:00:00','DD-MM-YYYY HH24:MI:SS') and created_date< to_date('04-11-2022 00:00:00','DD-MM-YYYY HH24:MI:SS') ;

1207013 rows created.

Elapsed: 00:00:34.56
21:31:22 SQL> commit;

Commit complete.

Elapsed: 00:00:00.13
21:31:22 SQL> insert into PSPADM.PSP_ENTITY_UPDATE_PART select /*+ PARALLEL(8) */ * from PSPADM.PSP_ENTITY_UPDATE where created_date>= to_date('04-11-2022 00:00:00','DD-MM-YYYY HH24:MI:SS') and created_date< to_date('04-11-2022 12:00:00','DD-MM-YYYY HH24:MI:SS') ;

114463 rows created.

Elapsed: 00:00:04.27
21:31:26 SQL> commit;

Commit complete.

Elapsed: 00:00:00.07
21:31:27 SQL> insert into PSPADM.PSP_ENTITY_UPDATE_PART select /*+ PARALLEL(8) */ * from PSPADM.PSP_ENTITY_UPDATE where created_date>= to_date('04-11-2022 12:00:00','DD-MM-YYYY HH24:MI:SS') and created_date< to_date('05-11-2022 00:00:00','DD-MM-YYYY HH24:MI:SS') ;

776081 rows created.

Elapsed: 00:00:21.85
21:31:48 SQL> commit;

Commit complete.

Elapsed: 00:00:00.11
21:31:48 SQL> insert into PSPADM.PSP_ENTITY_UPDATE_PART select /*+ PARALLEL(8) */ * from PSPADM.PSP_ENTITY_UPDATE where created_date>= to_date('05-11-2022 00:00:00','DD-MM-YYYY HH24:MI:SS') and created_date< to_date('05-11-2022 12:00:00','DD-MM-YYYY HH24:MI:SS') ;

27792 rows created.

Elapsed: 00:00:01.94
21:31:50 SQL> commit;

Commit complete.

Elapsed: 00:00:00.03
21:31:50 SQL> insert into PSPADM.PSP_ENTITY_UPDATE_PART select /*+ PARALLEL(8) */ * from PSPADM.PSP_ENTITY_UPDATE where created_date>= to_date('05-11-2022 12:00:00','DD-MM-YYYY HH24:MI:SS') and created_date< to_date('06-11-2022 00:00:00','DD-MM-YYYY HH24:MI:SS') ;

99510 rows created.

Elapsed: 00:00:03.44
21:31:54 SQL> commit;

Commit complete.

Elapsed: 00:00:00.06
21:31:54 SQL> insert into PSPADM.PSP_ENTITY_UPDATE_PART select /*+ PARALLEL(8) */ * from PSPADM.PSP_ENTITY_UPDATE where created_date>= to_date('06-11-2022 00:00:00','DD-MM-YYYY HH24:MI:SS') and created_date< to_date('06-11-2022 12:00:00','DD-MM-YYYY HH24:MI:SS') ;

21765 rows created.

Elapsed: 00:00:01.20
21:31:55 SQL> commit;

Commit complete.

Elapsed: 00:00:00.02
21:31:55 SQL> insert into PSPADM.PSP_ENTITY_UPDATE_PART select /*+ PARALLEL(8) */ * from PSPADM.PSP_ENTITY_UPDATE where created_date>= to_date('06-11-2022 12:00:00','DD-MM-YYYY HH24:MI:SS') and created_date< to_date('07-11-2022 00:00:00','DD-MM-YYYY HH24:MI:SS') ;

135623 rows created.

Elapsed: 00:00:04.09
21:31:59 SQL> commit;

Commit complete.

Elapsed: 00:00:00.08
21:31:59 SQL> insert into PSPADM.PSP_ENTITY_UPDATE_PART select /*+ PARALLEL(8) */ * from PSPADM.PSP_ENTITY_UPDATE where created_date>= to_date('07-11-2022 00:00:00','DD-MM-YYYY HH24:MI:SS') and created_date< to_date('07-11-2022 12:00:00','DD-MM-YYYY HH24:MI:SS') ;

50058 rows created.

Elapsed: 00:00:01.92
21:32:01 SQL> commit;

Commit complete.

Elapsed: 00:00:00.04
21:32:01 SQL> insert into PSPADM.PSP_ENTITY_UPDATE_PART select /*+ PARALLEL(8) */ * from PSPADM.PSP_ENTITY_UPDATE where created_date>= to_date('07-11-2022 12:00:00','DD-MM-YYYY HH24:MI:SS') and created_date< to_date('08-11-2022 00:00:00','DD-MM-YYYY HH24:MI:SS') ;

0 rows created.

Elapsed: 00:00:00.62
21:32:02 SQL> commit;

Commit complete.

Elapsed: 00:00:00.00
21:32:02 SQL> insert into PSPADM.PSP_ENTITY_UPDATE_PART select /*+ PARALLEL(8) */ * from PSPADM.PSP_ENTITY_UPDATE where created_date>= to_date('08-11-2022 00:00:00','DD-MM-YYYY HH24:MI:SS') and created_date< to_date('08-11-2022 12:00:00','DD-MM-YYYY HH24:MI:SS') ;

0 rows created.

Elapsed: 00:00:00.62
21:32:03 SQL> commit;

Commit complete.

Elapsed: 00:00:00.01
21:32:03 SQL> insert into PSPADM.PSP_ENTITY_UPDATE_PART select /*+ PARALLEL(8) */ * from PSPADM.PSP_ENTITY_UPDATE where created_date>= to_date('08-11-2022 12:00:00','DD-MM-YYYY HH24:MI:SS') and created_date< to_date('09-11-2022 00:00:00','DD-MM-YYYY HH24:MI:SS') ;

0 rows created.

Elapsed: 00:00:00.62
21:32:03 SQL> commit;

Commit complete.

Elapsed: 00:00:00.00
21:32:03 SQL> insert into PSPADM.PSP_ENTITY_UPDATE_PART select /*+ PARALLEL(8) */ * from PSPADM.PSP_ENTITY_UPDATE where created_date>= to_date('09-11-2022 00:00:00','DD-MM-YYYY HH24:MI:SS') and created_date< to_date('09-11-2022 12:00:00','DD-MM-YYYY HH24:MI:SS') ;

1687 rows created.

Elapsed: 00:00:00.67
21:32:04 SQL> commit;

Commit complete.

Elapsed: 00:00:00.01
21:32:04 SQL> insert into PSPADM.PSP_ENTITY_UPDATE_PART select /*+ PARALLEL(8) */ * from PSPADM.PSP_ENTITY_UPDATE where created_date>= to_date('09-11-2022 12:00:00','DD-MM-YYYY HH24:MI:SS') and created_date< to_date('10-11-2022 00:00:00','DD-MM-YYYY HH24:MI:SS') ;

293584 rows created.

Elapsed: 00:00:10.05
21:32:14 SQL> commit;

Commit complete.

Elapsed: 00:00:00.09
21:32:14 SQL> insert into PSPADM.PSP_ENTITY_UPDATE_PART select /*+ PARALLEL(8) */ * from PSPADM.PSP_ENTITY_UPDATE where created_date>= to_date('10-11-2022 00:00:00','DD-MM-YYYY HH24:MI:SS') and created_date< to_date('10-11-2022 12:00:00','DD-MM-YYYY HH24:MI:SS') ;

14971 rows created.

Elapsed: 00:00:01.02
21:32:15 SQL> commit;

Commit complete.

Elapsed: 00:00:00.02
21:32:15 SQL> insert into PSPADM.PSP_ENTITY_UPDATE_PART select /*+ PARALLEL(8) */ * from PSPADM.PSP_ENTITY_UPDATE where created_date>= to_date('10-11-2022 12:00:00','DD-MM-YYYY HH24:MI:SS') and created_date< to_date('11-11-2022 00:00:00','DD-MM-YYYY HH24:MI:SS') ;

271884 rows created.

Elapsed: 00:00:09.63
21:32:25 SQL> commit;

Commit complete.

Elapsed: 00:00:00.09
21:32:25 SQL> insert into PSPADM.PSP_ENTITY_UPDATE_PART select /*+ PARALLEL(8) */ * from PSPADM.PSP_ENTITY_UPDATE where created_date>= to_date('11-11-2022 00:00:00','DD-MM-YYYY HH24:MI:SS') and created_date< to_date('11-11-2022 12:00:00','DD-MM-YYYY HH24:MI:SS') ;

24614 rows created.

Elapsed: 00:00:01.30
21:32:26 SQL> commit;

Commit complete.

Elapsed: 00:00:00.02
21:32:26 SQL> insert into PSPADM.PSP_ENTITY_UPDATE_PART select /*+ PARALLEL(8) */ * from PSPADM.PSP_ENTITY_UPDATE where created_date>= to_date('11-11-2022 12:00:00','DD-MM-YYYY HH24:MI:SS') and created_date< to_date('12-11-2022 00:00:00','DD-MM-YYYY HH24:MI:SS') ;

111949 rows created.

Elapsed: 00:00:03.59
21:32:30 SQL> commit;

Commit complete.

Elapsed: 00:00:00.07
21:32:30 SQL> insert into PSPADM.PSP_ENTITY_UPDATE_PART select /*+ PARALLEL(8) */ * from PSPADM.PSP_ENTITY_UPDATE where created_date>= to_date('12-11-2022 00:00:00','DD-MM-YYYY HH24:MI:SS') and created_date< to_date('12-11-2022 12:00:00','DD-MM-YYYY HH24:MI:SS') ;

5615 rows created.

Elapsed: 00:00:00.77
21:32:30 SQL> commit;

Commit complete.

Elapsed: 00:00:00.00
21:32:30 SQL> insert into PSPADM.PSP_ENTITY_UPDATE_PART select /*+ PARALLEL(8) */ * from PSPADM.PSP_ENTITY_UPDATE where created_date>= to_date('12-11-2022 12:00:00','DD-MM-YYYY HH24:MI:SS') and created_date< to_date('13-11-2022 00:00:00','DD-MM-YYYY HH24:MI:SS') ;

18730 rows created.

Elapsed: 00:00:01.15
21:32:32 SQL> commit;

Commit complete.

Elapsed: 00:00:00.02
21:32:32 SQL> insert into PSPADM.PSP_ENTITY_UPDATE_PART select /*+ PARALLEL(8) */ * from PSPADM.PSP_ENTITY_UPDATE where created_date>= to_date('13-11-2022 00:00:00','DD-MM-YYYY HH24:MI:SS') and created_date< to_date('13-11-2022 12:00:00','DD-MM-YYYY HH24:MI:SS') ;

3992 rows created.

Elapsed: 00:00:00.73
21:32:32 SQL> commit;

Commit complete.

Elapsed: 00:00:00.00
21:32:32 SQL> insert into PSPADM.PSP_ENTITY_UPDATE_PART select /*+ PARALLEL(8) */ * from PSPADM.PSP_ENTITY_UPDATE where created_date>= to_date('13-11-2022 12:00:00','DD-MM-YYYY HH24:MI:SS') and created_date< to_date('14-11-2022 00:00:00','DD-MM-YYYY HH24:MI:SS') ;

24376 rows created.

Elapsed: 00:00:01.26
21:32:34 SQL> commit;

Commit complete.

Elapsed: 00:00:00.02
21:32:34 SQL> insert into PSPADM.PSP_ENTITY_UPDATE_PART select /*+ PARALLEL(8) */ * from PSPADM.PSP_ENTITY_UPDATE where created_date>= to_date('14-11-2022 00:00:00','DD-MM-YYYY HH24:MI:SS') and created_date< to_date('14-11-2022 12:00:00','DD-MM-YYYY HH24:MI:SS') ;

10054 rows created.

Elapsed: 00:00:00.89
21:32:35 SQL> commit;

Commit complete.

Elapsed: 00:00:00.02
21:32:35 SQL> insert into PSPADM.PSP_ENTITY_UPDATE_PART select /*+ PARALLEL(8) */ * from PSPADM.PSP_ENTITY_UPDATE where created_date>= to_date('14-11-2022 12:00:00','DD-MM-YYYY HH24:MI:SS') and created_date< to_date('15-11-2022 00:00:00','DD-MM-YYYY HH24:MI:SS') ;

181693 rows created.

Elapsed: 00:00:07.30
21:32:42 SQL> commit;

Commit complete.

Elapsed: 00:00:00.09
21:32:42 SQL> insert into PSPADM.PSP_ENTITY_UPDATE_PART select /*+ PARALLEL(8) */ * from PSPADM.PSP_ENTITY_UPDATE where created_date>= to_date('15-11-2022 00:00:00','DD-MM-YYYY HH24:MI:SS') and created_date< to_date('15-11-2022 12:00:00','DD-MM-YYYY HH24:MI:SS') ;

16568 rows created.

Elapsed: 00:00:01.07
21:32:43 SQL> commit;

Commit complete.

Elapsed: 00:00:00.02
21:32:43 SQL> insert into PSPADM.PSP_ENTITY_UPDATE_PART select /*+ PARALLEL(8) */ * from PSPADM.PSP_ENTITY_UPDATE where created_date>= to_date('15-11-2022 12:00:00','DD-MM-YYYY HH24:MI:SS') and created_date< to_date('16-11-2022 00:00:00','DD-MM-YYYY HH24:MI:SS') ;

125699 rows created.

Elapsed: 00:00:03.92
21:32:47 SQL> commit;

Commit complete.

Elapsed: 00:00:00.08
21:32:47 SQL> insert into PSPADM.PSP_ENTITY_UPDATE_PART select /*+ PARALLEL(8) */ * from PSPADM.PSP_ENTITY_UPDATE where created_date>= to_date('16-11-2022 00:00:00','DD-MM-YYYY HH24:MI:SS') and created_date< to_date('16-11-2022 12:00:00','DD-MM-YYYY HH24:MI:SS') ;

13859 rows created.

Elapsed: 00:00:01.00
21:32:48 SQL> commit;

Commit complete.

Elapsed: 00:00:00.02
21:32:48 SQL> insert into PSPADM.PSP_ENTITY_UPDATE_PART select /*+ PARALLEL(8) */ * from PSPADM.PSP_ENTITY_UPDATE where created_date>= to_date('16-11-2022 12:00:00','DD-MM-YYYY HH24:MI:SS') and created_date< to_date('17-11-2022 00:00:00','DD-MM-YYYY HH24:MI:SS') ;

38224 rows created.

Elapsed: 00:00:01.68
21:32:50 SQL> commit;

Commit complete.

Elapsed: 00:00:00.03
21:32:50 SQL> insert into PSPADM.PSP_ENTITY_UPDATE_PART select /*+ PARALLEL(8) */ * from PSPADM.PSP_ENTITY_UPDATE where created_date>= to_date('17-11-2022 00:00:00','DD-MM-YYYY HH24:MI:SS') and created_date< to_date('17-11-2022 12:00:00','DD-MM-YYYY HH24:MI:SS') ;

9141 rows created.

Elapsed: 00:00:00.86
21:32:51 SQL> commit;

Commit complete.

Elapsed: 00:00:00.01
21:32:51 SQL> insert into PSPADM.PSP_ENTITY_UPDATE_PART select /*+ PARALLEL(8) */ * from PSPADM.PSP_ENTITY_UPDATE where created_date>= to_date('17-11-2022 12:00:00','DD-MM-YYYY HH24:MI:SS') and created_date< to_date('18-11-2022 00:00:00','DD-MM-YYYY HH24:MI:SS') ;

21460 rows created.

Elapsed: 00:00:01.19
21:32:52 SQL> commit;

Commit complete.

Elapsed: 00:00:00.02
21:32:52 SQL> insert into PSPADM.PSP_ENTITY_UPDATE_PART select /*+ PARALLEL(8) */ * from PSPADM.PSP_ENTITY_UPDATE where created_date>= to_date('18-11-2022 00:00:00','DD-MM-YYYY HH24:MI:SS') and created_date< to_date('18-11-2022 12:00:00','DD-MM-YYYY HH24:MI:SS') ;

4684 rows created.

Elapsed: 00:00:00.74
21:32:53 SQL> commit;

Commit complete.

Elapsed: 00:00:00.01
21:32:53 SQL> insert into PSPADM.PSP_ENTITY_UPDATE_PART select /*+ PARALLEL(8) */ * from PSPADM.PSP_ENTITY_UPDATE where created_date>= to_date('18-11-2022 12:00:00','DD-MM-YYYY HH24:MI:SS') and created_date< to_date('19-11-2022 00:00:00','DD-MM-YYYY HH24:MI:SS') ;

117842 rows created.

Elapsed: 00:00:03.64
21:32:56 SQL> commit;

Commit complete.

Elapsed: 00:00:00.07
21:32:56 SQL> insert into PSPADM.PSP_ENTITY_UPDATE_PART select /*+ PARALLEL(8) */ * from PSPADM.PSP_ENTITY_UPDATE where created_date>= to_date('19-11-2022 00:00:00','DD-MM-YYYY HH24:MI:SS') and created_date< to_date('19-11-2022 12:00:00','DD-MM-YYYY HH24:MI:SS') ;

7855 rows created.

Elapsed: 00:00:00.86
21:32:57 SQL> commit;

Commit complete.

Elapsed: 00:00:00.01
21:32:57 SQL> insert into PSPADM.PSP_ENTITY_UPDATE_PART select /*+ PARALLEL(8) */ * from PSPADM.PSP_ENTITY_UPDATE where created_date>= to_date('19-11-2022 12:00:00','DD-MM-YYYY HH24:MI:SS') and created_date< to_date('20-11-2022 00:00:00','DD-MM-YYYY HH24:MI:SS') ;

16552 rows created.

Elapsed: 00:00:01.10
21:32:58 SQL> commit;

Commit complete.

Elapsed: 00:00:00.04
21:32:58 SQL> insert into PSPADM.PSP_ENTITY_UPDATE_PART select /*+ PARALLEL(8) */ * from PSPADM.PSP_ENTITY_UPDATE where created_date>= to_date('20-11-2022 00:00:00','DD-MM-YYYY HH24:MI:SS') and created_date< to_date('20-11-2022 12:00:00','DD-MM-YYYY HH24:MI:SS') ;

4198 rows created.

Elapsed: 00:00:00.93
21:32:59 SQL> commit;

Commit complete.

Elapsed: 00:00:00.00
21:32:59 SQL> insert into PSPADM.PSP_ENTITY_UPDATE_PART select /*+ PARALLEL(8) */ * from PSPADM.PSP_ENTITY_UPDATE where created_date>= to_date('20-11-2022 12:00:00','DD-MM-YYYY HH24:MI:SS') and created_date< to_date('21-11-2022 00:00:00','DD-MM-YYYY HH24:MI:SS') ;

24569 rows created.

Elapsed: 00:00:01.25
21:33:01 SQL> commit;

Commit complete.

Elapsed: 00:00:00.02
21:33:01 SQL> insert into PSPADM.PSP_ENTITY_UPDATE_PART select /*+ PARALLEL(8) */ * from PSPADM.PSP_ENTITY_UPDATE where created_date>= to_date('21-11-2022 00:00:00','DD-MM-YYYY HH24:MI:SS') and created_date< to_date('21-11-2022 12:00:00','DD-MM-YYYY HH24:MI:SS') ;

8982 rows created.

Elapsed: 00:00:00.87
21:33:01 SQL> commit;

Commit complete.

Elapsed: 00:00:00.04
21:33:01 SQL> insert into PSPADM.PSP_ENTITY_UPDATE_PART select /*+ PARALLEL(8) */ * from PSPADM.PSP_ENTITY_UPDATE where created_date>= to_date('21-11-2022 12:00:00','DD-MM-YYYY HH24:MI:SS') and created_date< to_date('22-11-2022 00:00:00','DD-MM-YYYY HH24:MI:SS') ;

122906 rows created.

Elapsed: 00:00:03.74
21:33:05 SQL> commit;

Commit complete.

Elapsed: 00:00:00.07
21:33:05 SQL> insert into PSPADM.PSP_ENTITY_UPDATE_PART select /*+ PARALLEL(8) */ * from PSPADM.PSP_ENTITY_UPDATE where created_date>= to_date('22-11-2022 00:00:00','DD-MM-YYYY HH24:MI:SS') and created_date< to_date('22-11-2022 12:00:00','DD-MM-YYYY HH24:MI:SS') ;

14681 rows created.

Elapsed: 00:00:01.00
21:33:06 SQL> commit;

Commit complete.

Elapsed: 00:00:00.02
21:33:06 SQL> insert into PSPADM.PSP_ENTITY_UPDATE_PART select /*+ PARALLEL(8) */ * from PSPADM.PSP_ENTITY_UPDATE where created_date>= to_date('22-11-2022 12:00:00','DD-MM-YYYY HH24:MI:SS') and created_date< to_date('23-11-2022 00:00:00','DD-MM-YYYY HH24:MI:SS') ;

147334 rows created.

Elapsed: 00:00:04.38
21:33:11 SQL> commit;

Commit complete.

Elapsed: 00:00:00.08
21:33:11 SQL> insert into PSPADM.PSP_ENTITY_UPDATE_PART select /*+ PARALLEL(8) */ * from PSPADM.PSP_ENTITY_UPDATE where created_date>= to_date('23-11-2022 00:00:00','DD-MM-YYYY HH24:MI:SS') and created_date< to_date('23-11-2022 12:00:00','DD-MM-YYYY HH24:MI:SS') ;

14199 rows created.

Elapsed: 00:00:00.99
21:33:12 SQL> commit;

Commit complete.

Elapsed: 00:00:00.02
21:33:12 SQL> insert into PSPADM.PSP_ENTITY_UPDATE_PART select /*+ PARALLEL(8) */ * from PSPADM.PSP_ENTITY_UPDATE where created_date>= to_date('23-11-2022 12:00:00','DD-MM-YYYY HH24:MI:SS') and created_date< to_date('24-11-2022 00:00:00','DD-MM-YYYY HH24:MI:SS') ;

131245 rows created.

Elapsed: 00:00:04.86
21:33:17 SQL> commit;

Commit complete.

Elapsed: 00:00:00.08
21:33:17 SQL> insert into PSPADM.PSP_ENTITY_UPDATE_PART select /*+ PARALLEL(8) */ * from PSPADM.PSP_ENTITY_UPDATE where created_date>= to_date('24-11-2022 00:00:00','DD-MM-YYYY HH24:MI:SS') and created_date< to_date('24-11-2022 12:00:00','DD-MM-YYYY HH24:MI:SS') ;

7034 rows created.

Elapsed: 00:00:00.81
21:33:18 SQL> commit;

Commit complete.

Elapsed: 00:00:00.01
21:33:18 SQL> insert into PSPADM.PSP_ENTITY_UPDATE_PART select /*+ PARALLEL(8) */ * from PSPADM.PSP_ENTITY_UPDATE where created_date>= to_date('24-11-2022 12:00:00','DD-MM-YYYY HH24:MI:SS') and created_date< to_date('25-11-2022 00:00:00','DD-MM-YYYY HH24:MI:SS') ;

8310 rows created.

Elapsed: 00:00:00.84
21:33:18 SQL> commit;

Commit complete.

Elapsed: 00:00:00.01
21:33:18 SQL> insert into PSPADM.PSP_ENTITY_UPDATE_PART select /*+ PARALLEL(8) */ * from PSPADM.PSP_ENTITY_UPDATE where created_date>= to_date('25-11-2022 00:00:00','DD-MM-YYYY HH24:MI:SS') and created_date< to_date('25-11-2022 12:00:00','DD-MM-YYYY HH24:MI:SS') ;

4108 rows created.

Elapsed: 00:00:00.73
21:33:19 SQL> commit;

Commit complete.

Elapsed: 00:00:00.01
21:33:19 SQL> insert into PSPADM.PSP_ENTITY_UPDATE_PART select /*+ PARALLEL(8) */ * from PSPADM.PSP_ENTITY_UPDATE where created_date>= to_date('25-11-2022 12:00:00','DD-MM-YYYY HH24:MI:SS') and created_date< to_date('26-11-2022 00:00:00','DD-MM-YYYY HH24:MI:SS') ;

45876 rows created.

Elapsed: 00:00:01.80
21:33:21 SQL> commit;

Commit complete.

Elapsed: 00:00:00.03
21:33:21 SQL> insert into PSPADM.PSP_ENTITY_UPDATE_PART select /*+ PARALLEL(8) */ * from PSPADM.PSP_ENTITY_UPDATE where created_date>= to_date('26-11-2022 00:00:00','DD-MM-YYYY HH24:MI:SS') and created_date< to_date('26-11-2022 12:00:00','DD-MM-YYYY HH24:MI:SS') ;

4982 rows created.

Elapsed: 00:00:00.76
21:33:22 SQL> commit;

Commit complete.

Elapsed: 00:00:00.01
21:33:22 SQL> insert into PSPADM.PSP_ENTITY_UPDATE_PART select /*+ PARALLEL(8) */ * from PSPADM.PSP_ENTITY_UPDATE where created_date>= to_date('26-11-2022 12:00:00','DD-MM-YYYY HH24:MI:SS') and created_date< to_date('27-11-2022 00:00:00','DD-MM-YYYY HH24:MI:SS') ;

15987 rows created.

Elapsed: 00:00:01.03
21:33:23 SQL> commit;

Commit complete.

Elapsed: 00:00:00.01
21:33:23 SQL> insert into PSPADM.PSP_ENTITY_UPDATE_PART select /*+ PARALLEL(8) */ * from PSPADM.PSP_ENTITY_UPDATE where created_date>= to_date('27-11-2022 00:00:00','DD-MM-YYYY HH24:MI:SS') and created_date< to_date('27-11-2022 12:00:00','DD-MM-YYYY HH24:MI:SS') ;

4297 rows created.

Elapsed: 00:00:00.73
21:33:23 SQL> commit;

Commit complete.

Elapsed: 00:00:00.01
21:33:23 SQL> insert into PSPADM.PSP_ENTITY_UPDATE_PART select /*+ PARALLEL(8) */ * from PSPADM.PSP_ENTITY_UPDATE where created_date>= to_date('27-11-2022 12:00:00','DD-MM-YYYY HH24:MI:SS') and created_date< to_date('28-11-2022 00:00:00','DD-MM-YYYY HH24:MI:SS') ;

34210 rows created.

Elapsed: 00:00:01.50
21:33:25 SQL> commit;

Commit complete.

Elapsed: 00:00:00.03
21:33:25 SQL> insert into PSPADM.PSP_ENTITY_UPDATE_PART select /*+ PARALLEL(8) */ * from PSPADM.PSP_ENTITY_UPDATE where created_date>= to_date('28-11-2022 00:00:00','DD-MM-YYYY HH24:MI:SS') and created_date< to_date('28-11-2022 12:00:00','DD-MM-YYYY HH24:MI:SS') ;

12902 rows created.

Elapsed: 00:00:00.95
21:33:26 SQL> commit;

Commit complete.

Elapsed: 00:00:00.02
21:33:26 SQL> insert into PSPADM.PSP_ENTITY_UPDATE_PART select /*+ PARALLEL(8) */ * from PSPADM.PSP_ENTITY_UPDATE where created_date>= to_date('28-11-2022 12:00:00','DD-MM-YYYY HH24:MI:SS') and created_date< to_date('29-11-2022 00:00:00','DD-MM-YYYY HH24:MI:SS') ;

262138 rows created.

Elapsed: 00:00:08.59
21:33:35 SQL> commit;

Commit complete.

Elapsed: 00:00:00.12
21:33:35 SQL> insert into PSPADM.PSP_ENTITY_UPDATE_PART select /*+ PARALLEL(8) */ * from PSPADM.PSP_ENTITY_UPDATE where created_date>= to_date('29-11-2022 00:00:00','DD-MM-YYYY HH24:MI:SS') and created_date< to_date('29-11-2022 12:00:00','DD-MM-YYYY HH24:MI:SS') ;

23115 rows created.

Elapsed: 00:00:01.24
21:33:36 SQL> commit;

Commit complete.

Elapsed: 00:00:00.02
21:33:36 SQL> insert into PSPADM.PSP_ENTITY_UPDATE_PART select /*+ PARALLEL(8) */ * from PSPADM.PSP_ENTITY_UPDATE where created_date>= to_date('29-11-2022 12:00:00','DD-MM-YYYY HH24:MI:SS') and created_date< to_date('30-11-2022 00:00:00','DD-MM-YYYY HH24:MI:SS') ;

128647 rows created.

Elapsed: 00:00:04.02
21:33:40 SQL> commit;

Commit complete.

Elapsed: 00:00:00.09
21:33:40 SQL> insert into PSPADM.PSP_ENTITY_UPDATE_PART select /*+ PARALLEL(8) */ * from PSPADM.PSP_ENTITY_UPDATE where created_date>= to_date('30-11-2022 00:00:00','DD-MM-YYYY HH24:MI:SS') and created_date< to_date('30-11-2022 12:00:00','DD-MM-YYYY HH24:MI:SS') ;

16784 rows created.

Elapsed: 00:00:01.08
21:33:41 SQL> commit;

Commit complete.

Elapsed: 00:00:00.02
21:33:41 SQL> insert into PSPADM.PSP_ENTITY_UPDATE_PART select /*+ PARALLEL(8) */ * from PSPADM.PSP_ENTITY_UPDATE where created_date>= to_date('30-11-2022 12:00:00','DD-MM-YYYY HH24:MI:SS') and created_date< to_date('01-12-2022 00:00:00','DD-MM-YYYY HH24:MI:SS') ;

75867 rows created.

Elapsed: 00:00:02.66
21:33:44 SQL> commit;

Commit complete.

Elapsed: 00:00:00.05
21:33:44 SQL> insert into PSPADM.PSP_ENTITY_UPDATE_PART select /*+ PARALLEL(8) */ * from PSPADM.PSP_ENTITY_UPDATE where created_date>= to_date('01-12-2022 00:00:00','DD-MM-YYYY HH24:MI:SS') and created_date< to_date('01-12-2022 12:00:00','DD-MM-YYYY HH24:MI:SS') ;

14882 rows created.

Elapsed: 00:00:01.03
21:33:45 SQL> commit;

Commit complete.

Elapsed: 00:00:00.01
21:33:45 SQL> insert into PSPADM.PSP_ENTITY_UPDATE_PART select /*+ PARALLEL(8) */ * from PSPADM.PSP_ENTITY_UPDATE where created_date>= to_date('01-12-2022 12:00:00','DD-MM-YYYY HH24:MI:SS') and created_date< to_date('02-12-2022 00:00:00','DD-MM-YYYY HH24:MI:SS') ;

106177 rows created.

Elapsed: 00:00:03.13
21:33:48 SQL> commit;

Commit complete.

Elapsed: 00:00:00.07
21:33:48 SQL> insert into PSPADM.PSP_ENTITY_UPDATE_PART select /*+ PARALLEL(8) */ * from PSPADM.PSP_ENTITY_UPDATE where created_date>= to_date('02-12-2022 00:00:00','DD-MM-YYYY HH24:MI:SS') and created_date< to_date('02-12-2022 12:00:00','DD-MM-YYYY HH24:MI:SS') ;

13298 rows created.

Elapsed: 00:00:02.30
21:33:50 SQL> commit;

Commit complete.

Elapsed: 00:00:00.02
21:33:50 SQL> 
21:33:50 SQL> 
21:38:04 SQL> 
21:38:05 SQL> spool off
