Timing is on.
set search_path=pspadm;
SET
Time: 0.476 ms
SELECT CURRENT_TIMESTAMP;
       current_timestamp       
-------------------------------
 2023-10-12 00:39:36.603309-07
(1 row)

Time: 0.650 ms
analyze (verbose)  pspadm.psp_paycheck_p0;
psql:pspadm_psp_paycheck.sql:5: INFO:  analyzing "pspadm.psp_paycheck_p0"
psql:pspadm_psp_paycheck.sql:5: INFO:  "psp_paycheck_p0": scanned 30000 of 4891906 pages, containing 733334 live rows and 2361 dead rows; 30000 rows in sample, 119580033 estimated total rows
ANALYZE
Time: 32326.312 ms (00:32.326)
analyze (verbose)  pspadm.psp_paycheck_p1;
psql:pspadm_psp_paycheck.sql:6: INFO:  analyzing "pspadm.psp_paycheck_p1"
psql:pspadm_psp_paycheck.sql:6: INFO:  "psp_paycheck_p1": scanned 30000 of 4941570 pages, containing 732764 live rows and 2295 dead rows; 30000 rows in sample, 120700153 estimated total rows
ANALYZE
Time: 32102.231 ms (00:32.102)
analyze (verbose)  pspadm.psp_paycheck_p2;
psql:pspadm_psp_paycheck.sql:7: INFO:  analyzing "pspadm.psp_paycheck_p2"
psql:pspadm_psp_paycheck.sql:7: INFO:  "psp_paycheck_p2": scanned 30000 of 4935938 pages, containing 733977 live rows and 2270 dead rows; 30000 rows in sample, 120762166 estimated total rows
ANALYZE
Time: 31899.430 ms (00:31.899)
analyze (verbose)  pspadm.psp_paycheck_p3;
psql:pspadm_psp_paycheck.sql:8: INFO:  analyzing "pspadm.psp_paycheck_p3"
psql:pspadm_psp_paycheck.sql:8: INFO:  "psp_paycheck_p3": scanned 30000 of 4915715 pages, containing 733397 live rows and 1910 dead rows; 30000 rows in sample, 120172354 estimated total rows
ANALYZE
Time: 31876.111 ms (00:31.876)
analyze (verbose)  pspadm.psp_paycheck_p4;
psql:pspadm_psp_paycheck.sql:9: INFO:  analyzing "pspadm.psp_paycheck_p4"
psql:pspadm_psp_paycheck.sql:9: INFO:  "psp_paycheck_p4": scanned 30000 of 4980482 pages, containing 733842 live rows and 2183 dead rows; 30000 rows in sample, 121829562 estimated total rows
ANALYZE
Time: 31868.036 ms (00:31.868)
analyze (verbose)  pspadm.psp_paycheck_p5;
psql:pspadm_psp_paycheck.sql:10: INFO:  analyzing "pspadm.psp_paycheck_p5"
psql:pspadm_psp_paycheck.sql:10: INFO:  "psp_paycheck_p5": scanned 30000 of 4973827 pages, containing 733008 live rows and 2163 dead rows; 30000 rows in sample, 121528499 estimated total rows
ANALYZE
Time: 32126.382 ms (00:32.126)
analyze (verbose)  pspadm.psp_paycheck_p6;
psql:pspadm_psp_paycheck.sql:11: INFO:  analyzing "pspadm.psp_paycheck_p6"
psql:pspadm_psp_paycheck.sql:11: INFO:  "psp_paycheck_p6": scanned 30000 of 4867842 pages, containing 733522 live rows and 2155 dead rows; 30000 rows in sample, 119022307 estimated total rows
ANALYZE
Time: 31756.804 ms (00:31.757)
analyze (verbose)  pspadm.psp_paycheck_p7;
psql:pspadm_psp_paycheck.sql:12: INFO:  analyzing "pspadm.psp_paycheck_p7"
psql:pspadm_psp_paycheck.sql:12: INFO:  "psp_paycheck_p7": scanned 30000 of 4955650 pages, containing 732566 live rows and 2268 dead rows; 30000 rows in sample, 121011357 estimated total rows
ANALYZE
Time: 31949.331 ms (00:31.949)
analyze (verbose)  pspadm.psp_paycheck_p8;
psql:pspadm_psp_paycheck.sql:13: INFO:  analyzing "pspadm.psp_paycheck_p8"
psql:pspadm_psp_paycheck.sql:13: INFO:  "psp_paycheck_p8": scanned 30000 of 4939779 pages, containing 733986 live rows and 2020 dead rows; 30000 rows in sample, 120857621 estimated total rows
ANALYZE
Time: 32050.739 ms (00:32.051)
analyze (verbose)  pspadm.psp_paycheck_p9;
psql:pspadm_psp_paycheck.sql:14: INFO:  analyzing "pspadm.psp_paycheck_p9"
psql:pspadm_psp_paycheck.sql:14: INFO:  "psp_paycheck_p9": scanned 30000 of 4954370 pages, containing 731445 live rows and 3928 dead rows; 30000 rows in sample, 120794972 estimated total rows
ANALYZE
Time: 32006.729 ms (00:32.007)
analyze (verbose)  pspadm.psp_paycheck_p10;
psql:pspadm_psp_paycheck.sql:15: INFO:  analyzing "pspadm.psp_paycheck_p10"
psql:pspadm_psp_paycheck.sql:15: INFO:  "psp_paycheck_p10": scanned 30000 of 4880389 pages, containing 734403 live rows and 2068 dead rows; 30000 rows in sample, 119472411 estimated total rows
ANALYZE
Time: 32060.074 ms (00:32.060)
analyze (verbose)  pspadm.psp_paycheck_p11;
psql:pspadm_psp_paycheck.sql:16: INFO:  analyzing "pspadm.psp_paycheck_p11"
psql:pspadm_psp_paycheck.sql:16: INFO:  "psp_paycheck_p11": scanned 30000 of 4946691 pages, containing 733061 live rows and 2268 dead rows; 30000 rows in sample, 120874208 estimated total rows
ANALYZE
Time: 32088.057 ms (00:32.088)
analyze (verbose)  pspadm.psp_paycheck_p12;
psql:pspadm_psp_paycheck.sql:17: INFO:  analyzing "pspadm.psp_paycheck_p12"
psql:pspadm_psp_paycheck.sql:17: INFO:  "psp_paycheck_p12": scanned 30000 of 4929284 pages, containing 732899 live rows and 2192 dead rows; 30000 rows in sample, 120422244 estimated total rows
ANALYZE
Time: 32322.438 ms (00:32.322)
analyze (verbose)  pspadm.psp_paycheck_p13;
psql:pspadm_psp_paycheck.sql:18: INFO:  analyzing "pspadm.psp_paycheck_p13"
psql:pspadm_psp_paycheck.sql:18: INFO:  "psp_paycheck_p13": scanned 30000 of 4951298 pages, containing 732634 live rows and 2530 dead rows; 30000 rows in sample, 120916309 estimated total rows
ANALYZE
Time: 32133.116 ms (00:32.133)
analyze (verbose)  pspadm.psp_paycheck_p14;
psql:pspadm_psp_paycheck.sql:19: INFO:  analyzing "pspadm.psp_paycheck_p14"
psql:pspadm_psp_paycheck.sql:19: INFO:  "psp_paycheck_p14": scanned 30000 of 4837890 pages, containing 733606 live rows and 2221 dead rows; 30000 rows in sample, 118303504 estimated total rows
ANALYZE
Time: 32103.893 ms (00:32.104)
analyze (verbose)  pspadm.psp_paycheck_p15;
psql:pspadm_psp_paycheck.sql:20: INFO:  analyzing "pspadm.psp_paycheck_p15"
psql:pspadm_psp_paycheck.sql:20: INFO:  "psp_paycheck_p15": scanned 30000 of 4950787 pages, containing 733448 live rows and 2206 dead rows; 30000 rows in sample, 121038161 estimated total rows
ANALYZE
Time: 31871.282 ms (00:31.871)
analyze (verbose)  pspadm.psp_paycheck;
psql:pspadm_psp_paycheck.sql:21: INFO:  analyzing "pspadm.psp_paycheck" inheritance tree
psql:pspadm_psp_paycheck.sql:21: INFO:  "psp_paycheck_p0": scanned 1861 of 4891906 pages, containing 45409 live rows and 97 dead rows; 1861 rows in sample, 119364084 estimated total rows
psql:pspadm_psp_paycheck.sql:21: INFO:  "psp_paycheck_p1": scanned 1880 of 4941570 pages, containing 45977 live rows and 193 dead rows; 1880 rows in sample, 120850300 estimated total rows
psql:pspadm_psp_paycheck.sql:21: INFO:  "psp_paycheck_p2": scanned 1878 of 4935938 pages, containing 46064 live rows and 101 dead rows; 1878 rows in sample, 121069781 estimated total rows
psql:pspadm_psp_paycheck.sql:21: INFO:  "psp_paycheck_p3": scanned 1870 of 4915715 pages, containing 45690 live rows and 138 dead rows; 1870 rows in sample, 120106427 estimated total rows
psql:pspadm_psp_paycheck.sql:21: INFO:  "psp_paycheck_p4": scanned 1895 of 4980482 pages, containing 46301 live rows and 144 dead rows; 1895 rows in sample, 121689339 estimated total rows
psql:pspadm_psp_paycheck.sql:21: INFO:  "psp_paycheck_p5": scanned 1892 of 4973827 pages, containing 46409 live rows and 117 dead rows; 1892 rows in sample, 122003349 estimated total rows
psql:pspadm_psp_paycheck.sql:21: INFO:  "psp_paycheck_p6": scanned 1852 of 4867842 pages, containing 45126 live rows and 191 dead rows; 1852 rows in sample, 118610280 estimated total rows
psql:pspadm_psp_paycheck.sql:21: INFO:  "psp_paycheck_p7": scanned 1885 of 4955650 pages, containing 45912 live rows and 172 dead rows; 1885 rows in sample, 120702283 estimated total rows
psql:pspadm_psp_paycheck.sql:21: INFO:  "psp_paycheck_p8": scanned 1879 of 4939779 pages, containing 45978 live rows and 149 dead rows; 1879 rows in sample, 120873421 estimated total rows
psql:pspadm_psp_paycheck.sql:21: INFO:  "psp_paycheck_p9": scanned 1885 of 4954370 pages, containing 45974 live rows and 212 dead rows; 1885 rows in sample, 120834062 estimated total rows
psql:pspadm_psp_paycheck.sql:21: INFO:  "psp_paycheck_p10": scanned 1857 of 4880389 pages, containing 45423 live rows and 181 dead rows; 1857 rows in sample, 119376365 estimated total rows
psql:pspadm_psp_paycheck.sql:21: INFO:  "psp_paycheck_p11": scanned 1882 of 4946691 pages, containing 46070 live rows and 109 dead rows; 1882 rows in sample, 121091421 estimated total rows
psql:pspadm_psp_paycheck.sql:21: INFO:  "psp_paycheck_p12": scanned 1875 of 4929284 pages, containing 45864 live rows and 99 dead rows; 1875 rows in sample, 120574230 estimated total rows
psql:pspadm_psp_paycheck.sql:21: INFO:  "psp_paycheck_p13": scanned 1884 of 4951298 pages, containing 45972 live rows and 150 dead rows; 1884 rows in sample, 120817979 estimated total rows
psql:pspadm_psp_paycheck.sql:21: INFO:  "psp_paycheck_p14": scanned 1841 of 4837890 pages, containing 44901 live rows and 147 dead rows; 1841 rows in sample, 117993536 estimated total rows
psql:pspadm_psp_paycheck.sql:21: INFO:  "psp_paycheck_p15": scanned 1884 of 4950787 pages, containing 46042 live rows and 153 dead rows; 1884 rows in sample, 120989456 estimated total rows
psql:pspadm_psp_paycheck.sql:21: INFO:  analyzing "pspadm.psp_paycheck_p0"
psql:pspadm_psp_paycheck.sql:21: INFO:  "psp_paycheck_p0": scanned 30000 of 4891906 pages, containing 732806 live rows and 2257 dead rows; 30000 rows in sample, 119493936 estimated total rows
psql:pspadm_psp_paycheck.sql:21: INFO:  analyzing "pspadm.psp_paycheck_p1"
psql:pspadm_psp_paycheck.sql:21: INFO:  "psp_paycheck_p1": scanned 30000 of 4941570 pages, containing 733357 live rows and 2309 dead rows; 30000 rows in sample, 120797832 estimated total rows
psql:pspadm_psp_paycheck.sql:21: INFO:  analyzing "pspadm.psp_paycheck_p2"
psql:pspadm_psp_paycheck.sql:21: INFO:  "psp_paycheck_p2": scanned 30000 of 4935938 pages, containing 734154 live rows and 2361 dead rows; 30000 rows in sample, 120791288 estimated total rows
psql:pspadm_psp_paycheck.sql:21: INFO:  analyzing "pspadm.psp_paycheck_p3"
psql:pspadm_psp_paycheck.sql:21: INFO:  "psp_paycheck_p3": scanned 30000 of 4915715 pages, containing 732762 live rows and 2033 dead rows; 30000 rows in sample, 120068305 estimated total rows
psql:pspadm_psp_paycheck.sql:21: INFO:  analyzing "pspadm.psp_paycheck_p4"
psql:pspadm_psp_paycheck.sql:21: INFO:  "psp_paycheck_p4": scanned 30000 of 4980482 pages, containing 732926 live rows and 2468 dead rows; 30000 rows in sample, 121677492 estimated total rows
psql:pspadm_psp_paycheck.sql:21: INFO:  analyzing "pspadm.psp_paycheck_p5"
psql:pspadm_psp_paycheck.sql:21: INFO:  "psp_paycheck_p5": scanned 30000 of 4973827 pages, containing 734145 live rows and 2026 dead rows; 30000 rows in sample, 121717007 estimated total rows
psql:pspadm_psp_paycheck.sql:21: INFO:  analyzing "pspadm.psp_paycheck_p6"
psql:pspadm_psp_paycheck.sql:21: INFO:  "psp_paycheck_p6": scanned 30000 of 4867842 pages, containing 733257 live rows and 2002 dead rows; 30000 rows in sample, 118979307 estimated total rows
psql:pspadm_psp_paycheck.sql:21: INFO:  analyzing "pspadm.psp_paycheck_p7"
psql:pspadm_psp_paycheck.sql:21: INFO:  "psp_paycheck_p7": scanned 30000 of 4955650 pages, containing 732205 live rows and 2579 dead rows; 30000 rows in sample, 120951724 estimated total rows
psql:pspadm_psp_paycheck.sql:21: INFO:  analyzing "pspadm.psp_paycheck_p8"
psql:pspadm_psp_paycheck.sql:21: INFO:  "psp_paycheck_p8": scanned 30000 of 4939779 pages, containing 733077 live rows and 2255 dead rows; 30000 rows in sample, 120707946 estimated total rows
psql:pspadm_psp_paycheck.sql:21: INFO:  analyzing "pspadm.psp_paycheck_p9"
psql:pspadm_psp_paycheck.sql:21: INFO:  "psp_paycheck_p9": scanned 30000 of 4954370 pages, containing 732324 live rows and 3198 dead rows; 30000 rows in sample, 120940135 estimated total rows
psql:pspadm_psp_paycheck.sql:21: INFO:  analyzing "pspadm.psp_paycheck_p10"
psql:pspadm_psp_paycheck.sql:21: INFO:  "psp_paycheck_p10": scanned 30000 of 4880389 pages, containing 733655 live rows and 2332 dead rows; 30000 rows in sample, 119350726 estimated total rows
psql:pspadm_psp_paycheck.sql:21: INFO:  analyzing "pspadm.psp_paycheck_p11"
psql:pspadm_psp_paycheck.sql:21: INFO:  "psp_paycheck_p11": scanned 30000 of 4946691 pages, containing 732891 live rows and 2284 dead rows; 30000 rows in sample, 120846177 estimated total rows
psql:pspadm_psp_paycheck.sql:21: INFO:  analyzing "pspadm.psp_paycheck_p12"
psql:pspadm_psp_paycheck.sql:21: INFO:  "psp_paycheck_p12": scanned 30000 of 4929284 pages, containing 732274 live rows and 2364 dead rows; 30000 rows in sample, 120319550 estimated total rows
psql:pspadm_psp_paycheck.sql:21: INFO:  analyzing "pspadm.psp_paycheck_p13"
psql:pspadm_psp_paycheck.sql:21: INFO:  "psp_paycheck_p13": scanned 30000 of 4951298 pages, containing 732104 live rows and 2449 dead rows; 30000 rows in sample, 120828836 estimated total rows
psql:pspadm_psp_paycheck.sql:21: INFO:  analyzing "pspadm.psp_paycheck_p14"
psql:pspadm_psp_paycheck.sql:21: INFO:  "psp_paycheck_p14": scanned 30000 of 4837890 pages, containing 733731 live rows and 1784 dead rows; 30000 rows in sample, 118323662 estimated total rows
psql:pspadm_psp_paycheck.sql:21: INFO:  analyzing "pspadm.psp_paycheck_p15"
psql:pspadm_psp_paycheck.sql:21: INFO:  "psp_paycheck_p15": scanned 30000 of 4950787 pages, containing 733304 live rows and 2341 dead rows; 30000 rows in sample, 121014397 estimated total rows
ANALYZE
Time: 543775.316 ms (09:03.775)
SELECT CURRENT_TIMESTAMP;
       current_timestamp       
-------------------------------
 2023-10-12 00:57:12.921685-07
(1 row)

Time: 0.431 ms
