Timing is on.
set search_path=pspadm;
SET
Time: 0.551 ms
SELECT CURRENT_TIMESTAMP;
       current_timestamp       
-------------------------------
 2023-10-06 07:04:28.871957-07
(1 row)

Time: 0.528 ms
drop index psp_bill_u1 ;
DROP INDEX
Time: 94.606 ms
create unique index concurrently psp_bill_u1 on psp_bill (company_usage_fk, bill_date);
CREATE INDEX
Time: 50569.934 ms (00:50.570)
drop index psp_company_u1;
DROP INDEX
Time: 85.617 ms
create unique index concurrently psp_company_u1 on psp_company (source_company_id, source_system_cd);
CREATE INDEX
Time: 18709.810 ms (00:18.710)
drop index psp_company_usage_u1;
DROP INDEX
Time: 11.950 ms
create unique index concurrently psp_company_usage_u1 on psp_company_usage (source_company_id, source_system_cd, license_id, entitlement_id);
CREATE INDEX
Time: 2466.864 ms (00:02.467)
drop index psp_employee_usage_u1;
DROP INDEX
Time: 1038.915 ms (00:01.039)
create unique index concurrently psp_employee_usage_u1 on psp_employee_usage (usage_period_fk, source_employee_id);
CREATE INDEX
Time: 773863.871 ms (12:53.864)
drop index psp_entitlement_u1;
DROP INDEX
Time: 60.861 ms
create unique index concurrently psp_entitlement_u1 on psp_entitlement (license_number, entitlement_offering_code);
CREATE INDEX
Time: 4887.619 ms (00:04.888)
drop index psp_payroll_run_u1;
DROP INDEX
Time: 298.481 ms
create unique index concurrently psp_payroll_run_u1 on psp_payroll_run (company_fk, source_pay_run_id);
CREATE INDEX
Time: 1176250.553 ms (19:36.251)
drop index psp_system_parameter_spcode_u1;
DROP INDEX
Time: 5.139 ms
create unique index concurrently psp_system_parameter_spcode_u1 on psp_system_parameter (system_parameter_cd);
CREATE INDEX
Time: 17.608 ms
drop index psp_usage_period_u1;
DROP INDEX
Time: 93.109 ms
create unique index concurrently psp_usage_period_u1 on psp_usage_period (company_usage_fk, start_date, end_date);
CREATE INDEX
Time: 57458.607 ms (00:57.459)
SELECT CURRENT_TIMESTAMP;
       current_timestamp       
-------------------------------
 2023-10-06 07:39:14.787194-07
(1 row)

Time: 0.608 ms
