Timing is on.
psql:All_Tables_index.sql:2: ERROR:  syntax error at or near "("
LINE 1: SET begin_time = NOW();
                            ^
Time: 1.070 ms
SET
Time: 0.785 ms
CREATE INDEX
Time: 18.068 ms
CREATE INDEX
Time: 8.833 ms
CREATE INDEX
Time: 7.464 ms
CREATE INDEX
Time: 10.138 ms
CREATE INDEX
Time: 7.858 ms
CREATE INDEX
Time: 86.474 ms
CREATE INDEX
Time: 52.255 ms
CREATE INDEX
Time: 10.294 ms
CREATE INDEX
Time: 13.180 ms
CREATE INDEX
Time: 10.382 ms
CREATE INDEX
Time: 8.007 ms
CREATE INDEX
Time: 5.868 ms
CREATE INDEX
Time: 8.048 ms
CREATE INDEX
Time: 48.876 ms
CREATE INDEX
Time: 11.833 ms
CREATE INDEX
Time: 17.847 ms
CREATE INDEX
Time: 282.849 ms
CREATE INDEX
Time: 571.614 ms
CREATE INDEX
Time: 94.693 ms
CREATE INDEX
Time: 206.691 ms
CREATE INDEX
Time: 179.176 ms
CREATE INDEX
Time: 196529.862 ms (03:16.530)
CREATE INDEX
Time: 42882.545 ms (00:42.883)
CREATE INDEX
Time: 92667.164 ms (01:32.667)
CREATE INDEX
Time: 34702.588 ms (00:34.703)
CREATE INDEX
Time: 4422.722 ms (00:04.423)
CREATE INDEX
Time: 23.718 ms
CREATE INDEX
Time: 8.979 ms
CREATE INDEX
Time: 8.636 ms
CREATE INDEX
Time: 61.631 ms
CREATE INDEX
Time: 208201.743 ms (03:28.202)
CREATE INDEX
Time: 13129.879 ms (00:13.130)
CREATE INDEX
Time: 129.284 ms
CREATE INDEX
Time: 784.241 ms
CREATE INDEX
Time: 13.452 ms
CREATE INDEX
Time: 13.409 ms
CREATE INDEX
Time: 30217.096 ms (00:30.217)
CREATE INDEX
Time: 39616.064 ms (00:39.616)
CREATE INDEX
Time: 309555.450 ms (05:09.555)
CREATE INDEX
Time: 104719.906 ms (01:44.720)
CREATE INDEX
Time: 57370.679 ms (00:57.371)
CREATE INDEX
Time: 65611.346 ms (01:05.611)
CREATE INDEX
Time: 90810.891 ms (01:30.811)
CREATE INDEX
Time: 52052.681 ms (00:52.053)
CREATE INDEX
Time: 69.607 ms
CREATE INDEX
Time: 49.747 ms
CREATE INDEX
Time: 141.965 ms
CREATE INDEX
Time: 163.629 ms
CREATE INDEX
Time: 17.904 ms
CREATE INDEX
Time: 30275.318 ms (00:30.275)
CREATE INDEX
Time: 1840.070 ms (00:01.840)
CREATE INDEX
Time: 11508.571 ms (00:11.509)
CREATE INDEX
Time: 11560.038 ms (00:11.560)
CREATE INDEX
Time: 2584.250 ms (00:02.584)
CREATE INDEX
Time: 1693.361 ms (00:01.693)
CREATE INDEX
Time: 2372.635 ms (00:02.373)
CREATE INDEX
Time: 12393.428 ms (00:12.393)
CREATE INDEX
Time: 12503.846 ms (00:12.504)
CREATE INDEX
Time: 2201.108 ms (00:02.201)
CREATE INDEX
Time: 11855.876 ms (00:11.856)
CREATE INDEX
Time: 3516.504 ms (00:03.517)
CREATE INDEX
Time: 1985.713 ms (00:01.986)
CREATE INDEX
Time: 553.336 ms
CREATE INDEX
Time: 4993.668 ms (00:04.994)
CREATE INDEX
Time: 1641.876 ms (00:01.642)
CREATE INDEX
Time: 1409.087 ms (00:01.409)
CREATE INDEX
Time: 611.408 ms
CREATE INDEX
Time: 403.193 ms
CREATE INDEX
Time: 1343.613 ms (00:01.344)
CREATE INDEX
Time: 2906.456 ms (00:02.906)
CREATE INDEX
Time: 4122.096 ms (00:04.122)
CREATE INDEX
Time: 3678.066 ms (00:03.678)
CREATE INDEX
Time: 4342.494 ms (00:04.342)
CREATE INDEX
Time: 107483.101 ms (01:47.483)
CREATE INDEX
Time: 146637.044 ms (02:26.637)
CREATE INDEX
Time: 156.198 ms
CREATE INDEX
Time: 11416.619 ms (00:11.417)
CREATE INDEX
Time: 4880.597 ms (00:04.881)
CREATE INDEX
Time: 2406.693 ms (00:02.407)
CREATE INDEX
Time: 18607.372 ms (00:18.607)
CREATE INDEX
Time: 996.597 ms
CREATE INDEX
Time: 685.941 ms
CREATE INDEX
Time: 153.764 ms
CREATE INDEX
Time: 265.481 ms
CREATE INDEX
Time: 5360.728 ms (00:05.361)
CREATE INDEX
Time: 15525.130 ms (00:15.525)
CREATE INDEX
Time: 31.734 ms
CREATE INDEX
Time: 17892.040 ms (00:17.892)
CREATE INDEX
Time: 9469.170 ms (00:09.469)
CREATE INDEX
Time: 5593.454 ms (00:05.593)
CREATE INDEX
Time: 2504.304 ms (00:02.504)
CREATE INDEX
Time: 663.345 ms
CREATE INDEX
Time: 999.627 ms
CREATE INDEX
Time: 15475.863 ms (00:15.476)
CREATE INDEX
Time: 3658.833 ms (00:03.659)
CREATE INDEX
Time: 2272.058 ms (00:02.272)
CREATE INDEX
Time: 3605.351 ms (00:03.605)
CREATE INDEX
Time: 261544.803 ms (04:21.545)
CREATE INDEX
Time: 243147.918 ms (04:03.148)
CREATE INDEX
Time: 447047.913 ms (07:27.048)
CREATE INDEX
Time: 685.845 ms
CREATE INDEX
Time: 2361.503 ms (00:02.362)
CREATE INDEX
Time: 18370.204 ms (00:18.370)
CREATE INDEX
Time: 4032.647 ms (00:04.033)
CREATE INDEX
Time: 4047.049 ms (00:04.047)
CREATE INDEX
Time: 7899.552 ms (00:07.900)
CREATE INDEX
Time: 74.156 ms
CREATE INDEX
Time: 19905.586 ms (00:19.906)
CREATE INDEX
Time: 429.882 ms
CREATE INDEX
Time: 13.730 ms
CREATE INDEX
Time: 7.898 ms
CREATE INDEX
Time: 74.542 ms
CREATE INDEX
Time: 38571.588 ms (00:38.572)
CREATE INDEX
Time: 38.017 ms
CREATE INDEX
Time: 14.333 ms
CREATE INDEX
Time: 22.048 ms
CREATE INDEX
Time: 17967.964 ms (00:17.968)
CREATE INDEX
Time: 20771.561 ms (00:20.772)
CREATE INDEX
Time: 5427.255 ms (00:05.427)
CREATE INDEX
Time: 2038.812 ms (00:02.039)
CREATE INDEX
Time: 306.122 ms
CREATE INDEX
Time: 315.457 ms
CREATE INDEX
Time: 141.855 ms
CREATE INDEX
Time: 135.834 ms
CREATE INDEX
Time: 160.419 ms
CREATE INDEX
Time: 13260.453 ms (00:13.260)
CREATE INDEX
Time: 4268.877 ms (00:04.269)
CREATE INDEX
Time: 10111.434 ms (00:10.111)
CREATE INDEX
Time: 38790.285 ms (00:38.790)
CREATE INDEX
Time: 43195.567 ms (00:43.196)
CREATE INDEX
Time: 15852.370 ms (00:15.852)
CREATE INDEX
Time: 11298.566 ms (00:11.299)
CREATE INDEX
Time: 9774.538 ms (00:09.775)
CREATE INDEX
Time: 71333.531 ms (01:11.334)
CREATE INDEX
Time: 229371.811 ms (03:49.372)
CREATE INDEX
Time: 117621.250 ms (01:57.621)
CREATE INDEX
Time: 23452.141 ms (00:23.452)
CREATE INDEX
Time: 91901.766 ms (01:31.902)
CREATE INDEX
Time: 83577.123 ms (01:23.577)
CREATE INDEX
Time: 74515.452 ms (01:14.515)
CREATE INDEX
Time: 14920.260 ms (00:14.920)
CREATE INDEX
Time: 97422.211 ms (01:37.422)
CREATE INDEX
Time: 54328.214 ms (00:54.328)
CREATE INDEX
Time: 175354.168 ms (02:55.354)
CREATE INDEX
Time: 242123.164 ms (04:02.123)
CREATE INDEX
Time: 197267.743 ms (03:17.268)
CREATE INDEX
Time: 263783.840 ms (04:23.784)
CREATE INDEX
Time: 126744.877 ms (02:06.745)
CREATE INDEX
Time: 140198.540 ms (02:20.199)
CREATE INDEX
Time: 123409.352 ms (02:03.409)
CREATE INDEX
Time: 296666.866 ms (04:56.667)
CREATE INDEX
Time: 311152.984 ms (05:11.153)
CREATE INDEX
Time: 490312.839 ms (08:10.313)
CREATE INDEX
Time: 36091.843 ms (00:36.092)
CREATE INDEX
Time: 105731.673 ms (01:45.732)
CREATE INDEX
Time: 48043.881 ms (00:48.044)
CREATE INDEX
Time: 79036.414 ms (01:19.036)
CREATE INDEX
Time: 1539.368 ms (00:01.539)
CREATE INDEX
Time: 277030.107 ms (04:37.030)
CREATE INDEX
Time: 617996.086 ms (10:17.996)
CREATE INDEX
Time: 227119.716 ms (03:47.120)
CREATE INDEX
Time: 73.412 ms
CREATE INDEX
Time: 32561.858 ms (00:32.562)
CREATE INDEX
Time: 15588.899 ms (00:15.589)
CREATE INDEX
Time: 2013.711 ms (00:02.014)
CREATE INDEX
Time: 3677.450 ms (00:03.677)
CREATE INDEX
Time: 591.984 ms
CREATE INDEX
Time: 3788.664 ms (00:03.789)
CREATE INDEX
Time: 4033.715 ms (00:04.034)
CREATE INDEX
Time: 24.879 ms
CREATE INDEX
Time: 8.265 ms
CREATE INDEX
Time: 30187.011 ms (00:30.187)
CREATE INDEX
Time: 11726.117 ms (00:11.726)
CREATE INDEX
Time: 10600.408 ms (00:10.600)
CREATE INDEX
Time: 5607.732 ms (00:05.608)
CREATE INDEX
Time: 16588.412 ms (00:16.588)
CREATE INDEX
Time: 52.105 ms
CREATE INDEX
Time: 835.794 ms
CREATE INDEX
Time: 12.274 ms
CREATE INDEX
Time: 8.508 ms
CREATE INDEX
Time: 40.844 ms
CREATE INDEX
Time: 11.426 ms
CREATE INDEX
Time: 8.183 ms
CREATE INDEX
Time: 23.175 ms
CREATE INDEX
Time: 8.296 ms
CREATE INDEX
Time: 8.015 ms
CREATE INDEX
Time: 1290.163 ms (00:01.290)
CREATE INDEX
Time: 42.580 ms
CREATE INDEX
Time: 13.259 ms
CREATE INDEX
Time: 9.163 ms
CREATE INDEX
Time: 193.969 ms
CREATE INDEX
Time: 885.429 ms
CREATE INDEX
Time: 3491.243 ms (00:03.491)
CREATE INDEX
Time: 150.586 ms
CREATE INDEX
Time: 232.828 ms
CREATE INDEX
Time: 2391.339 ms (00:02.391)
CREATE INDEX
Time: 1543.565 ms (00:01.544)
CREATE INDEX
Time: 1175.017 ms (00:01.175)
CREATE INDEX
Time: 759.654 ms
CREATE INDEX
Time: 892.030 ms
CREATE INDEX
Time: 14.896 ms
CREATE INDEX
Time: 91.652 ms
CREATE INDEX
Time: 57.169 ms
CREATE INDEX
Time: 132.502 ms
CREATE INDEX
Time: 13.160 ms
CREATE INDEX
Time: 37.053 ms
CREATE INDEX
Time: 11.734 ms
CREATE INDEX
Time: 8.547 ms
CREATE INDEX
Time: 116455.270 ms (01:56.455)
CREATE INDEX
Time: 131654.436 ms (02:11.654)
CREATE INDEX
Time: 53872.761 ms (00:53.873)
CREATE INDEX
Time: 13.194 ms
CREATE INDEX
Time: 11.836 ms
CREATE INDEX
Time: 6.099 ms
CREATE INDEX
Time: 6.727 ms
CREATE INDEX
Time: 8.344 ms
CREATE INDEX
Time: 22.184 ms
CREATE INDEX
Time: 8.608 ms
CREATE INDEX
Time: 10.566 ms
CREATE INDEX
Time: 14.892 ms
CREATE INDEX
Time: 6.222 ms
CREATE INDEX
Time: 11685.184 ms (00:11.685)
CREATE INDEX
Time: 14036.255 ms (00:14.036)
CREATE INDEX
Time: 85934.731 ms (01:25.935)
CREATE INDEX
Time: 27219.461 ms (00:27.219)
CREATE INDEX
Time: 14756.315 ms (00:14.756)
CREATE INDEX
Time: 78007.185 ms (01:18.007)
CREATE INDEX
Time: 58641.235 ms (00:58.641)
CREATE INDEX
Time: 44681.301 ms (00:44.681)
CREATE INDEX
Time: 155354.396 ms (02:35.354)
CREATE INDEX
Time: 254896.016 ms (04:14.896)
CREATE INDEX
Time: 154684.895 ms (02:34.685)
CREATE INDEX
Time: 607035.305 ms (10:07.035)
CREATE INDEX
Time: 249961.150 ms (04:09.961)
CREATE INDEX
Time: 243618.851 ms (04:03.619)
CREATE INDEX
Time: 228169.742 ms (03:48.170)
CREATE INDEX
Time: 11.541 ms
CREATE INDEX
Time: 172.119 ms
CREATE INDEX
Time: 15.822 ms
CREATE INDEX
Time: 5.571 ms
CREATE INDEX
Time: 28.606 ms
CREATE INDEX
Time: 23.469 ms
CREATE INDEX
Time: 10.990 ms
CREATE INDEX
Time: 22.876 ms
CREATE INDEX
Time: 9.680 ms
CREATE INDEX
Time: 49.383 ms
CREATE INDEX
Time: 695.621 ms
CREATE INDEX
Time: 3097.155 ms (00:03.097)
CREATE INDEX
Time: 2706.811 ms (00:02.707)
CREATE INDEX
Time: 2613.547 ms (00:02.614)
CREATE INDEX
Time: 4415.120 ms (00:04.415)
CREATE INDEX
Time: 4453.209 ms (00:04.453)
CREATE INDEX
Time: 435.613 ms
CREATE INDEX
Time: 1090.256 ms (00:01.090)
CREATE INDEX
Time: 11.248 ms
CREATE INDEX
Time: 12.383 ms
CREATE INDEX
Time: 8.037 ms
CREATE INDEX
Time: 43118.555 ms (00:43.119)
CREATE INDEX
Time: 33419.270 ms (00:33.419)
CREATE INDEX
Time: 235127.786 ms (03:55.128)
CREATE INDEX
Time: 455282.941 ms (07:35.283)
CREATE INDEX
Time: 149046.725 ms (02:29.047)
CREATE INDEX
Time: 446853.147 ms (07:26.853)
CREATE INDEX
Time: 272554.049 ms (04:32.554)
CREATE INDEX
Time: 688281.448 ms (11:28.281)
CREATE INDEX
Time: 248624.358 ms (04:08.624)
CREATE INDEX
Time: 9.582 ms
CREATE INDEX
Time: 20.632 ms
CREATE INDEX
Time: 8.962 ms
CREATE INDEX
Time: 6.525 ms
CREATE INDEX
Time: 12.933 ms
CREATE INDEX
Time: 10.501 ms
CREATE INDEX
Time: 12.428 ms
CREATE INDEX
Time: 13.741 ms
CREATE INDEX
Time: 8.310 ms
CREATE INDEX
Time: 12.575 ms
CREATE INDEX
Time: 12.224 ms
CREATE INDEX
Time: 18.002 ms
CREATE INDEX
Time: 8.553 ms
CREATE INDEX
Time: 9.517 ms
CREATE INDEX
Time: 443.728 ms
CREATE INDEX
Time: 778449.713 ms (12:58.450)
CREATE INDEX
Time: 948.195 ms
CREATE INDEX
Time: 522.590 ms
CREATE INDEX
Time: 1658.789 ms (00:01.659)
CREATE INDEX
Time: 775805.190 ms (12:55.805)
CREATE INDEX
Time: 85.753 ms
CREATE INDEX
Time: 135362.314 ms (02:15.362)
CREATE INDEX
Time: 102753.000 ms (01:42.753)
CREATE INDEX
Time: 50610.294 ms (00:50.610)
CREATE INDEX
Time: 25161.257 ms (00:25.161)
CREATE INDEX
Time: 39086.163 ms (00:39.086)
CREATE INDEX
Time: 23776.726 ms (00:23.777)
CREATE INDEX
Time: 1061.829 ms (00:01.062)
CREATE INDEX
Time: 1476.445 ms (00:01.476)
CREATE INDEX
Time: 1400.005 ms (00:01.400)
CREATE INDEX
Time: 688.626 ms
CREATE INDEX
Time: 2409.649 ms (00:02.410)
CREATE INDEX
Time: 937.871 ms
CREATE INDEX
Time: 12.870 ms
CREATE INDEX
Time: 8.332 ms
CREATE INDEX
Time: 1571.644 ms (00:01.572)
CREATE INDEX
Time: 990.310 ms
CREATE INDEX
Time: 406.589 ms
CREATE INDEX
Time: 9234.037 ms (00:09.234)
CREATE INDEX
Time: 11841.210 ms (00:11.841)
CREATE INDEX
Time: 291.021 ms
CREATE INDEX
Time: 94.346 ms
CREATE INDEX
Time: 194.404 ms
CREATE INDEX
Time: 72.889 ms
CREATE INDEX
Time: 69.909 ms
CREATE INDEX
Time: 14.471 ms
CREATE INDEX
Time: 18.674 ms
CREATE INDEX
Time: 9.029 ms
CREATE INDEX
Time: 10.636 ms
CREATE INDEX
Time: 10.655 ms
CREATE INDEX
Time: 11.462 ms
CREATE INDEX
Time: 11.659 ms
CREATE INDEX
Time: 20.104 ms
CREATE INDEX
Time: 8.414 ms
CREATE INDEX
Time: 670.343 ms
CREATE INDEX
Time: 13.054 ms
CREATE INDEX
Time: 15.967 ms
CREATE INDEX
Time: 8.000 ms
CREATE INDEX
Time: 10.940 ms
CREATE INDEX
Time: 83.109 ms
CREATE INDEX
Time: 98.694 ms
CREATE INDEX
Time: 22.291 ms
CREATE INDEX
Time: 27.115 ms
CREATE INDEX
Time: 8.828 ms
CREATE INDEX
Time: 7.697 ms
CREATE INDEX
Time: 10.439 ms
CREATE INDEX
Time: 7.702 ms
CREATE INDEX
Time: 11.083 ms
CREATE INDEX
Time: 9.667 ms
CREATE INDEX
Time: 18.401 ms
CREATE INDEX
Time: 47.438 ms
CREATE INDEX
Time: 22.551 ms
CREATE INDEX
Time: 749.865 ms
CREATE INDEX
Time: 10.732 ms
CREATE INDEX
Time: 469642.573 ms (07:49.643)
CREATE INDEX
Time: 240497.541 ms (04:00.498)
CREATE INDEX
Time: 101.876 ms
CREATE INDEX
Time: 103.077 ms
CREATE INDEX
Time: 102.884 ms
CREATE INDEX
Time: 191.142 ms
CREATE INDEX
Time: 316.881 ms
CREATE INDEX
Time: 202.240 ms
CREATE INDEX
Time: 315.115 ms
CREATE INDEX
Time: 12.654 ms
CREATE INDEX
Time: 8.010 ms
CREATE INDEX
Time: 6895.553 ms (00:06.896)
CREATE INDEX
Time: 4165.019 ms (00:04.165)
CREATE INDEX
Time: 1350.592 ms (00:01.351)
CREATE INDEX
Time: 3567.827 ms (00:03.568)
CREATE INDEX
Time: 477013.370 ms (07:57.013)
CREATE INDEX
Time: 476380.110 ms (07:56.380)
CREATE INDEX
Time: 13.344 ms
CREATE INDEX
Time: 14.171 ms
CREATE INDEX
Time: 31176.123 ms (00:31.176)
CREATE INDEX
Time: 44724.031 ms (00:44.724)
CREATE INDEX
Time: 17.858 ms
CREATE INDEX
Time: 6.613 ms
CREATE INDEX
Time: 872.491 ms
CREATE INDEX
Time: 55.943 ms
CREATE INDEX
Time: 46.117 ms
CREATE INDEX
Time: 13.318 ms
CREATE INDEX
Time: 21.518 ms
CREATE INDEX
Time: 43.172 ms
CREATE INDEX
Time: 37360.254 ms (00:37.360)
CREATE INDEX
Time: 51.577 ms
CREATE INDEX
Time: 79099.218 ms (01:19.099)
CREATE INDEX
Time: 12.689 ms
CREATE INDEX
Time: 20.108 ms
psql:All_Tables_index.sql:382: ERROR:  syntax error at or near "("
LINE 1: SET end_time =  NOW();
                           ^
Time: 1.022 ms
