psql:analyze_script_5.sql:2: ERROR:  syntax error at or near "/"
LINE 1: /timing
        ^
psql:analyze_script_5.sql:3: INFO:  analyzing "pspadm.psp_entity_update_m072024"
psql:analyze_script_5.sql:3: INFO:  "psp_entity_update_m072024": scanned 30000 of 2543125 pages, containing 664434 live rows and 0 dead rows; 30000 rows in sample, 56324624 estimated total rows
ANALYZE
psql:analyze_script_5.sql:4: INFO:  analyzing "pspadm.psp_entity_update_m072025"
psql:analyze_script_5.sql:4: INFO:  "psp_entity_update_m072025": scanned 0 of 0 pages, containing 0 live rows and 0 dead rows; 0 rows in sample, 0 estimated total rows
ANALYZE
psql:analyze_script_5.sql:5: INFO:  analyzing "pspadm.psp_entity_update_m072026"
psql:analyze_script_5.sql:5: INFO:  "psp_entity_update_m072026": scanned 0 of 0 pages, containing 0 live rows and 0 dead rows; 0 rows in sample, 0 estimated total rows
ANALYZE
psql:analyze_script_5.sql:6: INFO:  analyzing "pspadm.psp_entity_update_m082023"
psql:analyze_script_5.sql:6: INFO:  "psp_entity_update_m082023": scanned 30000 of 2717045 pages, containing 664328 live rows and 0 dead rows; 30000 rows in sample, 60166969 estimated total rows
ANALYZE
psql:analyze_script_5.sql:7: INFO:  analyzing "pspadm.psp_entity_update_m082024"
psql:analyze_script_5.sql:7: INFO:  "psp_entity_update_m082024": scanned 30000 of 2270722 pages, containing 678007 live rows and 0 dead rows; 30000 rows in sample, 51318847 estimated total rows
ANALYZE
psql:analyze_script_5.sql:8: INFO:  analyzing "pspadm.psp_entity_update_m082025"
psql:analyze_script_5.sql:8: INFO:  "psp_entity_update_m082025": scanned 0 of 0 pages, containing 0 live rows and 0 dead rows; 0 rows in sample, 0 estimated total rows
ANALYZE
psql:analyze_script_5.sql:9: INFO:  analyzing "pspadm.psp_entity_update_m082026"
psql:analyze_script_5.sql:9: INFO:  "psp_entity_update_m082026": scanned 0 of 0 pages, containing 0 live rows and 0 dead rows; 0 rows in sample, 0 estimated total rows
ANALYZE
psql:analyze_script_5.sql:10: INFO:  analyzing "pspadm.psp_entity_update_m092023"
psql:analyze_script_5.sql:10: INFO:  "psp_entity_update_m092023": scanned 30000 of 2328654 pages, containing 656469 live rows and 0 dead rows; 30000 rows in sample, 50956305 estimated total rows
ANALYZE
psql:analyze_script_5.sql:11: INFO:  analyzing "pspadm.psp_entity_update_m092024"
psql:analyze_script_5.sql:11: INFO:  "psp_entity_update_m092024": scanned 30000 of 1640962 pages, containing 692175 live rows and 39466 dead rows; 30000 rows in sample, 37861096 estimated total rows
ANALYZE
psql:analyze_script_5.sql:12: INFO:  analyzing "pspadm.psp_entity_update_m092025"
psql:analyze_script_5.sql:12: INFO:  "psp_entity_update_m092025": scanned 0 of 0 pages, containing 0 live rows and 0 dead rows; 0 rows in sample, 0 estimated total rows
ANALYZE
psql:analyze_script_5.sql:13: INFO:  analyzing "pspadm.psp_entity_update_m092026"
psql:analyze_script_5.sql:13: INFO:  "psp_entity_update_m092026": scanned 0 of 0 pages, containing 0 live rows and 0 dead rows; 0 rows in sample, 0 estimated total rows
ANALYZE
psql:analyze_script_5.sql:14: INFO:  analyzing "pspadm.psp_entity_update_m102023"
psql:analyze_script_5.sql:14: INFO:  "psp_entity_update_m102023": scanned 30000 of 2370307 pages, containing 709982 live rows and 0 dead rows; 30000 rows in sample, 56095843 estimated total rows
ANALYZE
psql:analyze_script_5.sql:15: INFO:  analyzing "pspadm.psp_entity_update_m102024"
psql:analyze_script_5.sql:15: INFO:  "psp_entity_update_m102024": scanned 0 of 0 pages, containing 0 live rows and 0 dead rows; 0 rows in sample, 0 estimated total rows
ANALYZE
psql:analyze_script_5.sql:16: INFO:  analyzing "pspadm.psp_entity_update_m102025"
psql:analyze_script_5.sql:16: INFO:  "psp_entity_update_m102025": scanned 0 of 0 pages, containing 0 live rows and 0 dead rows; 0 rows in sample, 0 estimated total rows
ANALYZE
psql:analyze_script_5.sql:17: INFO:  analyzing "pspadm.psp_entity_update_m102026"
psql:analyze_script_5.sql:17: INFO:  "psp_entity_update_m102026": scanned 0 of 0 pages, containing 0 live rows and 0 dead rows; 0 rows in sample, 0 estimated total rows
ANALYZE
psql:analyze_script_5.sql:18: INFO:  analyzing "pspadm.psp_entity_update_m112022"
psql:analyze_script_5.sql:18: INFO:  "psp_entity_update_m112022": scanned 30000 of 1897167 pages, containing 806397 live rows and 0 dead rows; 30000 rows in sample, 50995659 estimated total rows
ANALYZE
psql:analyze_script_5.sql:19: INFO:  analyzing "pspadm.psp_entity_update_m112023"
psql:analyze_script_5.sql:19: INFO:  "psp_entity_update_m112023": scanned 30000 of 2402716 pages, containing 684998 live rows and 0 dead rows; 30000 rows in sample, 54861855 estimated total rows
ANALYZE
psql:analyze_script_5.sql:20: INFO:  analyzing "pspadm.psp_entity_update_m112024"
psql:analyze_script_5.sql:20: INFO:  "psp_entity_update_m112024": scanned 0 of 0 pages, containing 0 live rows and 0 dead rows; 0 rows in sample, 0 estimated total rows
ANALYZE
psql:analyze_script_5.sql:21: INFO:  analyzing "pspadm.psp_entity_update_m112025"
psql:analyze_script_5.sql:21: INFO:  "psp_entity_update_m112025": scanned 0 of 0 pages, containing 0 live rows and 0 dead rows; 0 rows in sample, 0 estimated total rows
ANALYZE
psql:analyze_script_5.sql:22: INFO:  analyzing "pspadm.psp_entity_update_m112026"
psql:analyze_script_5.sql:22: INFO:  "psp_entity_update_m112026": scanned 0 of 0 pages, containing 0 live rows and 0 dead rows; 0 rows in sample, 0 estimated total rows
ANALYZE
psql:analyze_script_5.sql:23: INFO:  analyzing "pspadm.psp_entity_update_m122022"
psql:analyze_script_5.sql:23: INFO:  "psp_entity_update_m122022": scanned 30000 of 1915141 pages, containing 807445 live rows and 0 dead rows; 30000 rows in sample, 51545701 estimated total rows
ANALYZE
psql:analyze_script_5.sql:24: INFO:  analyzing "pspadm.psp_entity_update_m122023"
psql:analyze_script_5.sql:24: INFO:  "psp_entity_update_m122023": scanned 30000 of 2308738 pages, containing 693556 live rows and 0 dead rows; 30000 rows in sample, 53374636 estimated total rows
ANALYZE
psql:analyze_script_5.sql:25: INFO:  analyzing "pspadm.psp_entity_update_m122024"
psql:analyze_script_5.sql:25: INFO:  "psp_entity_update_m122024": scanned 0 of 0 pages, containing 0 live rows and 0 dead rows; 0 rows in sample, 0 estimated total rows
ANALYZE
psql:analyze_script_5.sql:26: INFO:  analyzing "pspadm.psp_entity_update_m122025"
psql:analyze_script_5.sql:26: INFO:  "psp_entity_update_m122025": scanned 0 of 0 pages, containing 0 live rows and 0 dead rows; 0 rows in sample, 0 estimated total rows
ANALYZE
psql:analyze_script_5.sql:27: INFO:  analyzing "pspadm.psp_entity_update_m122026"
psql:analyze_script_5.sql:27: INFO:  "psp_entity_update_m122026": scanned 0 of 0 pages, containing 0 live rows and 0 dead rows; 0 rows in sample, 0 estimated total rows
ANALYZE
psql:analyze_script_5.sql:28: INFO:  analyzing "pspadm.psp_entry_detail_record" inheritance tree
psql:analyze_script_5.sql:28: INFO:  "psp_entry_detail_record_p0": scanned 1867 of 11028632 pages, containing 32256 live rows and 58 dead rows; 1867 rows in sample, 190540736 estimated total rows
psql:analyze_script_5.sql:28: INFO:  "psp_entry_detail_record_p1": scanned 1863 of 11003275 pages, containing 32167 live rows and 46 dead rows; 1863 rows in sample, 189985157 estimated total rows
psql:analyze_script_5.sql:28: INFO:  "psp_entry_detail_record_p2": scanned 1870 of 11046667 pages, containing 32171 live rows and 78 dead rows; 1870 rows in sample, 190044024 estimated total rows
psql:analyze_script_5.sql:28: INFO:  "psp_entry_detail_record_p3": scanned 1869 of 11040175 pages, containing 32215 live rows and 75 dead rows; 1869 rows in sample, 190293867 estimated total rows
psql:analyze_script_5.sql:28: INFO:  "psp_entry_detail_record_p4": scanned 1847 of 10907171 pages, containing 31918 live rows and 64 dead rows; 1847 rows in sample, 188486781 estimated total rows
psql:analyze_script_5.sql:28: INFO:  "psp_entry_detail_record_p5": scanned 1880 of 11103261 pages, containing 32486 live rows and 75 dead rows; 1880 rows in sample, 191861988 estimated total rows
psql:analyze_script_5.sql:28: INFO:  "psp_entry_detail_record_p6": scanned 1841 of 10871947 pages, containing 31691 live rows and 67 dead rows; 1841 rows in sample, 187149849 estimated total rows
psql:analyze_script_5.sql:28: INFO:  "psp_entry_detail_record_p7": scanned 1929 of 11392757 pages, containing 32993 live rows and 4 dead rows; 1929 rows in sample, 194858078 estimated total rows
psql:analyze_script_5.sql:28: INFO:  "psp_entry_detail_record_p8": scanned 1894 of 11184486 pages, containing 32269 live rows and 6 dead rows; 1894 rows in sample, 190555533 estimated total rows
psql:analyze_script_5.sql:28: INFO:  "psp_entry_detail_record_p9": scanned 1891 of 11169654 pages, containing 32493 live rows and 26 dead rows; 1891 rows in sample, 191927852 estimated total rows
psql:analyze_script_5.sql:28: INFO:  "psp_entry_detail_record_p10": scanned 1861 of 10992904 pages, containing 31751 live rows and 8 dead rows; 1861 rows in sample, 187552765 estimated total rows
psql:analyze_script_5.sql:28: INFO:  "psp_entry_detail_record_p11": scanned 1889 of 11157460 pages, containing 32095 live rows and 22 dead rows; 1889 rows in sample, 189570502 estimated total rows
psql:analyze_script_5.sql:28: INFO:  "psp_entry_detail_record_p12": scanned 1881 of 11109118 pages, containing 32396 live rows and 39 dead rows; 1881 rows in sample, 191329605 estimated total rows
psql:analyze_script_5.sql:28: INFO:  "psp_entry_detail_record_p13": scanned 1897 of 11203827 pages, containing 32514 live rows and 76 dead rows; 1897 rows in sample, 192030169 estimated total rows
psql:analyze_script_5.sql:28: INFO:  "psp_entry_detail_record_p14": scanned 1825 of 10780246 pages, containing 31487 live rows and 56 dead rows; 1825 rows in sample, 185993209 estimated total rows
psql:analyze_script_5.sql:28: INFO:  "psp_entry_detail_record_p15": scanned 1896 of 11196381 pages, containing 32280 live rows and 11 dead rows; 1896 rows in sample, 190621930 estimated total rows
psql:analyze_script_5.sql:28: INFO:  analyzing "pspadm.psp_entry_detail_record_p0"
psql:analyze_script_5.sql:28: INFO:  "psp_entry_detail_record_p0": scanned 30000 of 11028632 pages, containing 519587 live rows and 909 dead rows; 30000 rows in sample, 191011127 estimated total rows
psql:analyze_script_5.sql:28: INFO:  analyzing "pspadm.psp_entry_detail_record_p1"
psql:analyze_script_5.sql:28: INFO:  "psp_entry_detail_record_p1": scanned 30000 of 11003275 pages, containing 519772 live rows and 1040 dead rows; 30000 rows in sample, 190639808 estimated total rows
psql:analyze_script_5.sql:28: INFO:  analyzing "pspadm.psp_entry_detail_record_p2"
psql:analyze_script_5.sql:28: INFO:  "psp_entry_detail_record_p2": scanned 30000 of 11046667 pages, containing 517140 live rows and 970 dead rows; 30000 rows in sample, 190422446 estimated total rows
psql:analyze_script_5.sql:28: INFO:  analyzing "pspadm.psp_entry_detail_record_p3"
psql:analyze_script_5.sql:28: INFO:  "psp_entry_detail_record_p3": scanned 30000 of 11040175 pages, containing 517414 live rows and 847 dead rows; 30000 rows in sample, 190411370 estimated total rows
psql:analyze_script_5.sql:28: INFO:  analyzing "pspadm.psp_entry_detail_record_p4"
psql:analyze_script_5.sql:28: INFO:  "psp_entry_detail_record_p4": scanned 30000 of 10907171 pages, containing 519102 live rows and 939 dead rows; 30000 rows in sample, 188731143 estimated total rows
psql:analyze_script_5.sql:28: INFO:  analyzing "pspadm.psp_entry_detail_record_p5"
psql:analyze_script_5.sql:28: INFO:  "psp_entry_detail_record_p5": scanned 30000 of 11103261 pages, containing 517175 live rows and 1012 dead rows; 30000 rows in sample, 191410967 estimated total rows
psql:analyze_script_5.sql:28: INFO:  analyzing "pspadm.psp_entry_detail_record_p6"
psql:analyze_script_5.sql:28: INFO:  "psp_entry_detail_record_p6": scanned 30000 of 10871947 pages, containing 517320 live rows and 908 dead rows; 30000 rows in sample, 187475854 estimated total rows
psql:analyze_script_5.sql:28: INFO:  analyzing "pspadm.psp_entry_detail_record_p7"
psql:analyze_script_5.sql:28: INFO:  "psp_entry_detail_record_p7": scanned 30000 of 11392757 pages, containing 512603 live rows and 148 dead rows; 30000 rows in sample, 194665381 estimated total rows
psql:analyze_script_5.sql:28: INFO:  analyzing "pspadm.psp_entry_detail_record_p8"
psql:analyze_script_5.sql:28: INFO:  "psp_entry_detail_record_p8": scanned 30000 of 11184486 pages, containing 511627 live rows and 167 dead rows; 30000 rows in sample, 190742834 estimated total rows
psql:analyze_script_5.sql:28: INFO:  analyzing "pspadm.psp_entry_detail_record_p9"
psql:analyze_script_5.sql:28: INFO:  "psp_entry_detail_record_p9": scanned 30000 of 11169654 pages, containing 517214 live rows and 768 dead rows; 30000 rows in sample, 192570047 estimated total rows
psql:analyze_script_5.sql:28: INFO:  analyzing "pspadm.psp_entry_detail_record_p10"
psql:analyze_script_5.sql:28: INFO:  "psp_entry_detail_record_p10": scanned 30000 of 10992904 pages, containing 512132 live rows and 113 dead rows; 30000 rows in sample, 187660597 estimated total rows
psql:analyze_script_5.sql:28: INFO:  analyzing "pspadm.psp_entry_detail_record_p11"
psql:analyze_script_5.sql:28: INFO:  "psp_entry_detail_record_p11": scanned 30000 of 11157460 pages, containing 512342 live rows and 141 dead rows; 30000 rows in sample, 190547846 estimated total rows
psql:analyze_script_5.sql:28: INFO:  analyzing "pspadm.psp_entry_detail_record_p12"
psql:analyze_script_5.sql:28: INFO:  "psp_entry_detail_record_p12": scanned 30000 of 11109118 pages, containing 517415 live rows and 914 dead rows; 30000 rows in sample, 191600810 estimated total rows
psql:analyze_script_5.sql:28: INFO:  analyzing "pspadm.psp_entry_detail_record_p13"
psql:analyze_script_5.sql:28: INFO:  "psp_entry_detail_record_p13": scanned 30000 of 11203827 pages, containing 517940 live rows and 983 dead rows; 30000 rows in sample, 193430339 estimated total rows
psql:analyze_script_5.sql:28: INFO:  analyzing "pspadm.psp_entry_detail_record_p14"
psql:analyze_script_5.sql:28: INFO:  "psp_entry_detail_record_p14": scanned 30000 of 10780246 pages, containing 517800 live rows and 974 dead rows; 30000 rows in sample, 186067046 estimated total rows
psql:analyze_script_5.sql:28: INFO:  analyzing "pspadm.psp_entry_detail_record_p15"
psql:analyze_script_5.sql:28: INFO:  "psp_entry_detail_record_p15": scanned 30000 of 11196381 pages, containing 511070 live rows and 166 dead rows; 30000 rows in sample, 190737815 estimated total rows
ANALYZE
psql:analyze_script_5.sql:29: INFO:  analyzing "pspadm.psp_entry_detail_record_p0"
psql:analyze_script_5.sql:29: INFO:  "psp_entry_detail_record_p0": scanned 30000 of 11028632 pages, containing 519361 live rows and 929 dead rows; 30000 rows in sample, 190928045 estimated total rows
ANALYZE
psql:analyze_script_5.sql:30: INFO:  analyzing "pspadm.psp_entry_detail_record_p1"
psql:analyze_script_5.sql:30: INFO:  "psp_entry_detail_record_p1": scanned 30000 of 11003275 pages, containing 519357 live rows and 1011 dead rows; 30000 rows in sample, 190487596 estimated total rows
ANALYZE
psql:analyze_script_5.sql:31: INFO:  analyzing "pspadm.psp_entry_detail_record_p10"
psql:analyze_script_5.sql:31: INFO:  "psp_entry_detail_record_p10": scanned 30000 of 10992904 pages, containing 511415 live rows and 152 dead rows; 30000 rows in sample, 187397867 estimated total rows
ANALYZE
psql:analyze_script_5.sql:32: INFO:  analyzing "pspadm.psp_entry_detail_record_p11"
psql:analyze_script_5.sql:32: INFO:  "psp_entry_detail_record_p11": scanned 30000 of 11157460 pages, containing 511817 live rows and 198 dead rows; 30000 rows in sample, 190352590 estimated total rows
ANALYZE
psql:analyze_script_5.sql:33: INFO:  analyzing "pspadm.psp_entry_detail_record_p12"
psql:analyze_script_5.sql:33: INFO:  "psp_entry_detail_record_p12": scanned 30000 of 11109118 pages, containing 517039 live rows and 915 dead rows; 30000 rows in sample, 191461575 estimated total rows
ANALYZE
psql:analyze_script_5.sql:34: INFO:  analyzing "pspadm.psp_entry_detail_record_p13"
psql:analyze_script_5.sql:34: INFO:  "psp_entry_detail_record_p13": scanned 30000 of 11203827 pages, containing 517156 live rows and 953 dead rows; 30000 rows in sample, 193137545 estimated total rows
ANALYZE
psql:analyze_script_5.sql:35: INFO:  analyzing "pspadm.psp_entry_detail_record_p14"
psql:analyze_script_5.sql:35: INFO:  "psp_entry_detail_record_p14": scanned 30000 of 10780246 pages, containing 516631 live rows and 957 dead rows; 30000 rows in sample, 185646976 estimated total rows
ANALYZE
psql:analyze_script_5.sql:36: INFO:  analyzing "pspadm.psp_entry_detail_record_p15"
psql:analyze_script_5.sql:36: INFO:  "psp_entry_detail_record_p15": scanned 30000 of 11196381 pages, containing 512025 live rows and 139 dead rows; 30000 rows in sample, 191094233 estimated total rows
ANALYZE
psql:analyze_script_5.sql:37: INFO:  analyzing "pspadm.psp_entry_detail_record_p2"
psql:analyze_script_5.sql:37: INFO:  "psp_entry_detail_record_p2": scanned 30000 of 11046667 pages, containing 517001 live rows and 898 dead rows; 30000 rows in sample, 190371263 estimated total rows
ANALYZE
psql:analyze_script_5.sql:38: INFO:  analyzing "pspadm.psp_entry_detail_record_p3"
psql:analyze_script_5.sql:38: INFO:  "psp_entry_detail_record_p3": scanned 30000 of 11040175 pages, containing 517146 live rows and 869 dead rows; 30000 rows in sample, 190312745 estimated total rows
ANALYZE
psql:analyze_script_5.sql:39: INFO:  analyzing "pspadm.psp_entry_detail_record_p4"
psql:analyze_script_5.sql:39: INFO:  "psp_entry_detail_record_p4": scanned 30000 of 10907171 pages, containing 519903 live rows and 990 dead rows; 30000 rows in sample, 189022364 estimated total rows
ANALYZE
psql:analyze_script_5.sql:40: INFO:  analyzing "pspadm.psp_entry_detail_record_p5"
psql:analyze_script_5.sql:40: INFO:  "psp_entry_detail_record_p5": scanned 30000 of 11103261 pages, containing 516724 live rows and 973 dead rows; 30000 rows in sample, 191244048 estimated total rows
ANALYZE
psql:analyze_script_5.sql:41: INFO:  analyzing "pspadm.psp_entry_detail_record_p6"
psql:analyze_script_5.sql:41: INFO:  "psp_entry_detail_record_p6": scanned 30000 of 10871947 pages, containing 517598 live rows and 996 dead rows; 30000 rows in sample, 187576601 estimated total rows
ANALYZE
psql:analyze_script_5.sql:42: INFO:  analyzing "pspadm.psp_entry_detail_record_p7"
psql:analyze_script_5.sql:42: INFO:  "psp_entry_detail_record_p7": scanned 30000 of 11392757 pages, containing 512697 live rows and 179 dead rows; 30000 rows in sample, 194701078 estimated total rows
ANALYZE
psql:analyze_script_5.sql:43: INFO:  analyzing "pspadm.psp_entry_detail_record_p8"
psql:analyze_script_5.sql:43: INFO:  "psp_entry_detail_record_p8": scanned 30000 of 11184486 pages, containing 511660 live rows and 138 dead rows; 30000 rows in sample, 190755137 estimated total rows
ANALYZE
psql:analyze_script_5.sql:44: INFO:  analyzing "pspadm.psp_entry_detail_record_p9"
psql:analyze_script_5.sql:44: INFO:  "psp_entry_detail_record_p9": scanned 30000 of 11169654 pages, containing 516859 live rows and 728 dead rows; 30000 rows in sample, 192437873 estimated total rows
ANALYZE
psql:analyze_script_5.sql:45: INFO:  analyzing "pspadm.psp_entry_detail_record_staging"
psql:analyze_script_5.sql:45: INFO:  "psp_entry_detail_record_staging": scanned 0 of 0 pages, containing 0 live rows and 0 dead rows; 0 rows in sample, 0 estimated total rows
ANALYZE
psql:analyze_script_5.sql:46: INFO:  analyzing "pspadm.psp_event_as400_sync"
psql:analyze_script_5.sql:46: INFO:  "psp_event_as400_sync": scanned 9710 of 9710 pages, containing 367900 live rows and 29 dead rows; 30000 rows in sample, 367900 estimated total rows
ANALYZE
psql:analyze_script_5.sql:47: INFO:  analyzing "pspadm.psp_event_detail_type"
psql:analyze_script_5.sql:47: INFO:  "psp_event_detail_type": scanned 48 of 48 pages, containing 184 live rows and 0 dead rows; 184 rows in sample, 184 estimated total rows
ANALYZE
psql:analyze_script_5.sql:48: INFO:  analyzing "pspadm.psp_event_log"
psql:analyze_script_5.sql:48: INFO:  "psp_event_log": scanned 4874 of 4874 pages, containing 170227 live rows and 29 dead rows; 30000 rows in sample, 170227 estimated total rows
ANALYZE
psql:analyze_script_5.sql:49: INFO:  analyzing "pspadm.psp_event_type"
psql:analyze_script_5.sql:49: INFO:  "psp_event_type": scanned 116 of 116 pages, containing 235 live rows and 0 dead rows; 235 rows in sample, 235 estimated total rows
ANALYZE
psql:analyze_script_5.sql:50: INFO:  analyzing "pspadm.psp_evttp_srcsys_assoc"
psql:analyze_script_5.sql:50: INFO:  "psp_evttp_srcsys_assoc": scanned 1 of 1 pages, containing 40 live rows and 0 dead rows; 40 rows in sample, 40 estimated total rows
ANALYZE
psql:analyze_script_5.sql:51: INFO:  analyzing "pspadm.psp_failed_payroll_run"
psql:analyze_script_5.sql:51: INFO:  "psp_failed_payroll_run": scanned 182 of 182 pages, containing 4708 live rows and 0 dead rows; 4708 rows in sample, 4708 estimated total rows
ANALYZE
psql:analyze_script_5.sql:52: INFO:  analyzing "pspadm.psp_fee"
psql:analyze_script_5.sql:52: INFO:  "psp_fee": scanned 1 of 1 pages, containing 3 live rows and 0 dead rows; 3 rows in sample, 3 estimated total rows
ANALYZE
psql:analyze_script_5.sql:53: INFO:  analyzing "pspadm.psp_financial_trans_state" inheritance tree
psql:analyze_script_5.sql:53: INFO:  "psp_financial_trans_state_p0": scanned 1880 of 11070795 pages, containing 58282 live rows and 17 dead rows; 1880 rows in sample, 343206422 estimated total rows
psql:analyze_script_5.sql:53: INFO:  "psp_financial_trans_state_p1": scanned 1873 of 11030294 pages, containing 58013 live rows and 51 dead rows; 1873 rows in sample, 341644659 estimated total rows
psql:analyze_script_5.sql:53: INFO:  "psp_financial_trans_state_p2": scanned 1876 of 11045637 pages, containing 58199 live rows and 36 dead rows; 1876 rows in sample, 342667925 estimated total rows
psql:analyze_script_5.sql:53: INFO:  "psp_financial_trans_state_p3": scanned 1876 of 11046664 pages, containing 58125 live rows and 50 dead rows; 1876 rows in sample, 342264043 estimated total rows
psql:analyze_script_5.sql:53: INFO:  "psp_financial_trans_state_p4": scanned 1864 of 10971683 pages, containing 57850 live rows and 3 dead rows; 1864 rows in sample, 340510655 estimated total rows
psql:analyze_script_5.sql:53: INFO:  "psp_financial_trans_state_p5": scanned 1887 of 11108104 pages, containing 58553 live rows and 42 dead rows; 1887 rows in sample, 344680876 estimated total rows
psql:analyze_script_5.sql:53: INFO:  "psp_financial_trans_state_p6": scanned 1841 of 10840598 pages, containing 56990 live rows and 47 dead rows; 1841 rows in sample, 335581575 estimated total rows
psql:analyze_script_5.sql:53: INFO:  "psp_financial_trans_state_p7": scanned 1906 of 11223815 pages, containing 59104 live rows and 27 dead rows; 1906 rows in sample, 348044261 estimated total rows
psql:analyze_script_5.sql:53: INFO:  "psp_financial_trans_state_p8": scanned 1881 of 11072521 pages, containing 58311 live rows and 54 dead rows; 1881 rows in sample, 343248151 estimated total rows
psql:analyze_script_5.sql:53: INFO:  "psp_financial_trans_state_p9": scanned 1896 of 11163910 pages, containing 58864 live rows and 37 dead rows; 1896 rows in sample, 346599366 estimated total rows
psql:analyze_script_5.sql:53: INFO:  "psp_financial_trans_state_p10": scanned 1850 of 10893318 pages, containing 57379 live rows and 52 dead rows; 1850 rows in sample, 337863618 estimated total rows
psql:analyze_script_5.sql:53: INFO:  "psp_financial_trans_state_p11": scanned 1871 of 11013674 pages, containing 58017 live rows and 33 dead rows; 1871 rows in sample, 341518078 estimated total rows
psql:analyze_script_5.sql:53: INFO:  "psp_financial_trans_state_p12": scanned 1881 of 11074582 pages, containing 58362 live rows and 70 dead rows; 1881 rows in sample, 343612310 estimated total rows
psql:analyze_script_5.sql:53: INFO:  "psp_financial_trans_state_p13": scanned 1904 of 11208460 pages, containing 58907 live rows and 39 dead rows; 1904 rows in sample, 346773505 estimated total rows
psql:analyze_script_5.sql:53: INFO:  "psp_financial_trans_state_p14": scanned 1836 of 10809862 pages, containing 56973 live rows and 18 dead rows; 1836 rows in sample, 335441322 estimated total rows
psql:analyze_script_5.sql:53: INFO:  "psp_financial_trans_state_p15": scanned 1878 of 11055626 pages, containing 58281 live rows and 15 dead rows; 1878 rows in sample, 343095282 estimated total rows
psql:analyze_script_5.sql:53: INFO:  analyzing "pspadm.psp_financial_trans_state_p0"
psql:analyze_script_5.sql:53: INFO:  "psp_financial_trans_state_p0": scanned 30000 of 11070795 pages, containing 930663 live rows and 336 dead rows; 30000 rows in sample, 343439310 estimated total rows
psql:analyze_script_5.sql:53: INFO:  analyzing "pspadm.psp_financial_trans_state_p1"
psql:analyze_script_5.sql:53: INFO:  "psp_financial_trans_state_p1": scanned 30000 of 11030294 pages, containing 929892 live rows and 577 dead rows; 30000 rows in sample, 341899405 estimated total rows
psql:analyze_script_5.sql:53: INFO:  analyzing "pspadm.psp_financial_trans_state_p2"
psql:analyze_script_5.sql:53: INFO:  "psp_financial_trans_state_p2": scanned 30000 of 11045637 pages, containing 929869 live rows and 538 dead rows; 30000 rows in sample, 342366514 estimated total rows
psql:analyze_script_5.sql:53: INFO:  analyzing "pspadm.psp_financial_trans_state_p3"
psql:analyze_script_5.sql:53: INFO:  "psp_financial_trans_state_p3": scanned 30000 of 11046664 pages, containing 929920 live rows and 790 dead rows; 30000 rows in sample, 342417126 estimated total rows
psql:analyze_script_5.sql:53: INFO:  analyzing "pspadm.psp_financial_trans_state_p4"
psql:analyze_script_5.sql:53: INFO:  "psp_financial_trans_state_p4": scanned 30000 of 10971683 pages, containing 929933 live rows and 39 dead rows; 30000 rows in sample, 340097670 estimated total rows
psql:analyze_script_5.sql:53: INFO:  analyzing "pspadm.psp_financial_trans_state_p5"
psql:analyze_script_5.sql:53: INFO:  "psp_financial_trans_state_p5": scanned 30000 of 11108104 pages, containing 929654 live rows and 717 dead rows; 30000 rows in sample, 344223111 estimated total rows
psql:analyze_script_5.sql:53: INFO:  analyzing "pspadm.psp_financial_trans_state_p6"
psql:analyze_script_5.sql:53: INFO:  "psp_financial_trans_state_p6": scanned 30000 of 10840598 pages, containing 929591 live rows and 624 dead rows; 30000 rows in sample, 335910745 estimated total rows
psql:analyze_script_5.sql:53: INFO:  analyzing "pspadm.psp_financial_trans_state_p7"
psql:analyze_script_5.sql:53: INFO:  "psp_financial_trans_state_p7": scanned 30000 of 11223815 pages, containing 930209 live rows and 483 dead rows; 30000 rows in sample, 348016458 estimated total rows
psql:analyze_script_5.sql:53: INFO:  analyzing "pspadm.psp_financial_trans_state_p8"
psql:analyze_script_5.sql:53: INFO:  "psp_financial_trans_state_p8": scanned 30000 of 11072521 pages, containing 929600 live rows and 635 dead rows; 30000 rows in sample, 343100517 estimated total rows
psql:analyze_script_5.sql:53: INFO:  analyzing "pspadm.psp_financial_trans_state_p9"
psql:analyze_script_5.sql:53: INFO:  "psp_financial_trans_state_p9": scanned 30000 of 11163910 pages, containing 929901 live rows and 528 dead rows; 30000 rows in sample, 346044369 estimated total rows
psql:analyze_script_5.sql:53: INFO:  analyzing "pspadm.psp_financial_trans_state_p10"
psql:analyze_script_5.sql:53: INFO:  "psp_financial_trans_state_p10": scanned 30000 of 10893318 pages, containing 930085 live rows and 556 dead rows; 30000 rows in sample, 337723722 estimated total rows
psql:analyze_script_5.sql:53: INFO:  analyzing "pspadm.psp_financial_trans_state_p11"
psql:analyze_script_5.sql:53: INFO:  "psp_financial_trans_state_p11": scanned 30000 of 11013674 pages, containing 929833 live rows and 572 dead rows; 30000 rows in sample, 341362585 estimated total rows
psql:analyze_script_5.sql:53: INFO:  analyzing "pspadm.psp_financial_trans_state_p12"
psql:analyze_script_5.sql:53: INFO:  "psp_financial_trans_state_p12": scanned 30000 of 11074582 pages, containing 929772 live rows and 648 dead rows; 30000 rows in sample, 343227875 estimated total rows
psql:analyze_script_5.sql:53: INFO:  analyzing "pspadm.psp_financial_trans_state_p13"
psql:analyze_script_5.sql:53: INFO:  "psp_financial_trans_state_p13": scanned 30000 of 11208460 pages, containing 930031 live rows and 610 dead rows; 30000 rows in sample, 347473842 estimated total rows
psql:analyze_script_5.sql:53: INFO:  analyzing "pspadm.psp_financial_trans_state_p14"
psql:analyze_script_5.sql:53: INFO:  "psp_financial_trans_state_p14": scanned 30000 of 10809862 pages, containing 929905 live rows and 533 dead rows; 30000 rows in sample, 335071491 estimated total rows
psql:analyze_script_5.sql:53: INFO:  analyzing "pspadm.psp_financial_trans_state_p15"
psql:analyze_script_5.sql:53: INFO:  "psp_financial_trans_state_p15": scanned 30000 of 11055626 pages, containing 929945 live rows and 655 dead rows; 30000 rows in sample, 342704137 estimated total rows
ANALYZE
psql:analyze_script_5.sql:54: INFO:  analyzing "pspadm.psp_financial_trans_state_p0"
psql:analyze_script_5.sql:54: INFO:  "psp_financial_trans_state_p0": scanned 30000 of 11070795 pages, containing 930199 live rows and 296 dead rows; 30000 rows in sample, 343268081 estimated total rows
ANALYZE
psql:analyze_script_5.sql:55: INFO:  analyzing "pspadm.psp_financial_trans_state_p1"
psql:analyze_script_5.sql:55: INFO:  "psp_financial_trans_state_p1": scanned 30000 of 11030294 pages, containing 930138 live rows and 539 dead rows; 30000 rows in sample, 341989853 estimated total rows
ANALYZE
psql:analyze_script_5.sql:56: INFO:  analyzing "pspadm.psp_financial_trans_state_p10"
psql:analyze_script_5.sql:56: INFO:  "psp_financial_trans_state_p10": scanned 30000 of 10893318 pages, containing 930024 live rows and 517 dead rows; 30000 rows in sample, 337701573 estimated total rows
ANALYZE
psql:analyze_script_5.sql:57: INFO:  analyzing "pspadm.psp_financial_trans_state_p11"
psql:analyze_script_5.sql:57: INFO:  "psp_financial_trans_state_p11": scanned 30000 of 11013674 pages, containing 930012 live rows and 633 dead rows; 30000 rows in sample, 341428299 estimated total rows
ANALYZE
psql:analyze_script_5.sql:58: INFO:  analyzing "pspadm.psp_financial_trans_state_p12"
psql:analyze_script_5.sql:58: INFO:  "psp_financial_trans_state_p12": scanned 30000 of 11074582 pages, containing 929786 live rows and 528 dead rows; 30000 rows in sample, 343233043 estimated total rows
ANALYZE
psql:analyze_script_5.sql:59: INFO:  analyzing "pspadm.psp_financial_trans_state_p13"
psql:analyze_script_5.sql:59: INFO:  "psp_financial_trans_state_p13": scanned 30000 of 11208460 pages, containing 929827 live rows and 613 dead rows; 30000 rows in sample, 347397625 estimated total rows
ANALYZE
psql:analyze_script_5.sql:60: INFO:  analyzing "pspadm.psp_financial_trans_state_p14"
psql:analyze_script_5.sql:60: INFO:  "psp_financial_trans_state_p14": scanned 30000 of 10809862 pages, containing 929842 live rows and 570 dead rows; 30000 rows in sample, 335048790 estimated total rows
ANALYZE
psql:analyze_script_5.sql:61: INFO:  analyzing "pspadm.psp_financial_trans_state_p15"
psql:analyze_script_5.sql:61: INFO:  "psp_financial_trans_state_p15": scanned 30000 of 11055626 pages, containing 930335 live rows and 479 dead rows; 30000 rows in sample, 342847860 estimated total rows
ANALYZE
psql:analyze_script_5.sql:62: INFO:  analyzing "pspadm.psp_financial_trans_state_p2"
psql:analyze_script_5.sql:62: INFO:  "psp_financial_trans_state_p2": scanned 30000 of 11045637 pages, containing 929764 live rows and 738 dead rows; 30000 rows in sample, 342327855 estimated total rows
ANALYZE
psql:analyze_script_5.sql:63: INFO:  analyzing "pspadm.psp_financial_trans_state_p3"
psql:analyze_script_5.sql:63: INFO:  "psp_financial_trans_state_p3": scanned 30000 of 11046664 pages, containing 929923 live rows and 690 dead rows; 30000 rows in sample, 342418231 estimated total rows
ANALYZE
psql:analyze_script_5.sql:64: INFO:  analyzing "pspadm.psp_financial_trans_state_p4"
psql:analyze_script_5.sql:64: INFO:  "psp_financial_trans_state_p4": scanned 30000 of 10971683 pages, containing 930171 live rows and 47 dead rows; 30000 rows in sample, 340184712 estimated total rows
ANALYZE
psql:analyze_script_5.sql:65: INFO:  analyzing "pspadm.psp_financial_trans_state_p5"
psql:analyze_script_5.sql:65: INFO:  "psp_financial_trans_state_p5": scanned 30000 of 11108104 pages, containing 929835 live rows and 554 dead rows; 30000 rows in sample, 344290129 estimated total rows
ANALYZE
psql:analyze_script_5.sql:66: INFO:  analyzing "pspadm.psp_financial_trans_state_p6"
psql:analyze_script_5.sql:66: INFO:  "psp_financial_trans_state_p6": scanned 30000 of 10840598 pages, containing 929936 live rows and 513 dead rows; 30000 rows in sample, 336035411 estimated total rows
ANALYZE
psql:analyze_script_5.sql:67: INFO:  analyzing "pspadm.psp_financial_trans_state_p7"
psql:analyze_script_5.sql:67: INFO:  "psp_financial_trans_state_p7": scanned 30000 of 11223815 pages, containing 930246 live rows and 576 dead rows; 30000 rows in sample, 348030300 estimated total rows
ANALYZE
psql:analyze_script_5.sql:68: INFO:  analyzing "pspadm.psp_financial_trans_state_p8"
psql:analyze_script_5.sql:68: INFO:  "psp_financial_trans_state_p8": scanned 30000 of 11072521 pages, containing 930095 live rows and 465 dead rows; 30000 rows in sample, 343283214 estimated total rows
ANALYZE
psql:analyze_script_5.sql:69: INFO:  analyzing "pspadm.psp_financial_trans_state_p9"
psql:analyze_script_5.sql:69: INFO:  "psp_financial_trans_state_p9": scanned 30000 of 11163910 pages, containing 929767 live rows and 559 dead rows; 30000 rows in sample, 345994504 estimated total rows
ANALYZE
psql:analyze_script_5.sql:70: INFO:  analyzing "pspadm.psp_financial_transaction" inheritance tree
psql:analyze_script_5.sql:70: INFO:  "psp_financial_transaction_p0": scanned 1881 of 6599687 pages, containing 32810 live rows and 0 dead rows; 1881 rows in sample, 115117347 estimated total rows
psql:analyze_script_5.sql:70: INFO:  "psp_financial_transaction_p1": scanned 1871 of 6565127 pages, containing 32493 live rows and 0 dead rows; 1871 rows in sample, 114014255 estimated total rows
psql:analyze_script_5.sql:70: INFO:  "psp_financial_transaction_p2": scanned 1874 of 6573830 pages, containing 32865 live rows and 0 dead rows; 1874 rows in sample, 115287579 estimated total rows
psql:analyze_script_5.sql:70: INFO:  "psp_financial_transaction_p3": scanned 1880 of 6596363 pages, containing 32750 live rows and 0 dead rows; 1880 rows in sample, 114910047 estimated total rows
psql:analyze_script_5.sql:70: INFO:  "psp_financial_transaction_p4": scanned 1865 of 6541334 pages, containing 32479 live rows and 0 dead rows; 1865 rows in sample, 113917419 estimated total rows
psql:analyze_script_5.sql:70: INFO:  "psp_financial_transaction_p5": scanned 1885 of 6612739 pages, containing 32775 live rows and 0 dead rows; 1885 rows in sample, 114977465 estimated total rows
psql:analyze_script_5.sql:70: INFO:  "psp_financial_transaction_p6": scanned 1840 of 6454277 pages, containing 31914 live rows and 0 dead rows; 1840 rows in sample, 111946628 estimated total rows
psql:analyze_script_5.sql:70: INFO:  "psp_financial_transaction_p7": scanned 1905 of 6681607 pages, containing 33131 live rows and 0 dead rows; 1905 rows in sample, 116203843 estimated total rows
psql:analyze_script_5.sql:70: INFO:  "psp_financial_transaction_p8": scanned 1879 of 6590724 pages, containing 32610 live rows and 0 dead rows; 1879 rows in sample, 114381857 estimated total rows
psql:analyze_script_5.sql:70: INFO:  "psp_financial_transaction_p9": scanned 1892 of 6637850 pages, containing 33049 live rows and 0 dead rows; 1892 rows in sample, 115948364 estimated total rows
psql:analyze_script_5.sql:70: INFO:  "psp_financial_transaction_p10": scanned 1850 of 6490885 pages, containing 32094 live rows and 0 dead rows; 1850 rows in sample, 112604575 estimated total rows
psql:analyze_script_5.sql:70: INFO:  "psp_financial_transaction_p11": scanned 1871 of 6563094 pages, containing 32553 live rows and 0 dead rows; 1871 rows in sample, 114189417 estimated total rows
psql:analyze_script_5.sql:70: INFO:  "psp_financial_transaction_p12": scanned 1881 of 6599174 pages, containing 32774 live rows and 0 dead rows; 1881 rows in sample, 114982099 estimated total rows
psql:analyze_script_5.sql:70: INFO:  "psp_financial_transaction_p13": scanned 1903 of 6675973 pages, containing 33252 live rows and 0 dead rows; 1903 rows in sample, 116652367 estimated total rows
psql:analyze_script_5.sql:70: INFO:  "psp_financial_transaction_p14": scanned 1838 of 6448788 pages, containing 31929 live rows and 0 dead rows; 1838 rows in sample, 112025763 estimated total rows
psql:analyze_script_5.sql:70: INFO:  "psp_financial_transaction_p15": scanned 1884 of 6607781 pages, containing 32567 live rows and 0 dead rows; 1884 rows in sample, 114222720 estimated total rows
psql:analyze_script_5.sql:70: INFO:  analyzing "pspadm.psp_financial_transaction_p0"
psql:analyze_script_5.sql:70: INFO:  "psp_financial_transaction_p0": scanned 30000 of 6599687 pages, containing 522171 live rows and 0 dead rows; 30000 rows in sample, 114872172 estimated total rows
psql:analyze_script_5.sql:70: INFO:  analyzing "pspadm.psp_financial_transaction_p1"
psql:analyze_script_5.sql:70: INFO:  "psp_financial_transaction_p1": scanned 30000 of 6565127 pages, containing 522956 live rows and 0 dead rows; 30000 rows in sample, 114442419 estimated total rows
psql:analyze_script_5.sql:70: INFO:  analyzing "pspadm.psp_financial_transaction_p2"
psql:analyze_script_5.sql:70: INFO:  "psp_financial_transaction_p2": scanned 30000 of 6573830 pages, containing 522432 live rows and 0 dead rows; 30000 rows in sample, 114479305 estimated total rows
psql:analyze_script_5.sql:70: INFO:  analyzing "pspadm.psp_financial_transaction_p3"
psql:analyze_script_5.sql:70: INFO:  "psp_financial_transaction_p3": scanned 30000 of 6596363 pages, containing 520904 live rows and 0 dead rows; 30000 rows in sample, 114535729 estimated total rows
psql:analyze_script_5.sql:70: INFO:  analyzing "pspadm.psp_financial_transaction_p4"
psql:analyze_script_5.sql:70: INFO:  "psp_financial_transaction_p4": scanned 30000 of 6541334 pages, containing 521354 live rows and 0 dead rows; 30000 rows in sample, 113678355 estimated total rows
psql:analyze_script_5.sql:70: INFO:  analyzing "pspadm.psp_financial_transaction_p5"
psql:analyze_script_5.sql:70: INFO:  "psp_financial_transaction_p5": scanned 30000 of 6612739 pages, containing 522497 live rows and 0 dead rows; 30000 rows in sample, 115171210 estimated total rows
psql:analyze_script_5.sql:70: INFO:  analyzing "pspadm.psp_financial_transaction_p6"
psql:analyze_script_5.sql:70: INFO:  "psp_financial_transaction_p6": scanned 30000 of 6454277 pages, containing 523369 live rows and 0 dead rows; 30000 rows in sample, 112598950 estimated total rows
psql:analyze_script_5.sql:70: INFO:  analyzing "pspadm.psp_financial_transaction_p7"
psql:analyze_script_5.sql:70: INFO:  "psp_financial_transaction_p7": scanned 30000 of 6681607 pages, containing 523440 live rows and 0 dead rows; 30000 rows in sample, 116580679 estimated total rows
psql:analyze_script_5.sql:70: INFO:  analyzing "pspadm.psp_financial_transaction_p8"
psql:analyze_script_5.sql:70: INFO:  "psp_financial_transaction_p8": scanned 30000 of 6590724 pages, containing 522405 live rows and 0 dead rows; 30000 rows in sample, 114767572 estimated total rows
psql:analyze_script_5.sql:70: INFO:  analyzing "pspadm.psp_financial_transaction_p9"
psql:analyze_script_5.sql:70: INFO:  "psp_financial_transaction_p9": scanned 30000 of 6637850 pages, containing 522766 live rows and 0 dead rows; 30000 rows in sample, 115668076 estimated total rows
psql:analyze_script_5.sql:70: INFO:  analyzing "pspadm.psp_financial_transaction_p10"
psql:analyze_script_5.sql:70: INFO:  "psp_financial_transaction_p10": scanned 30000 of 6490885 pages, containing 521333 live rows and 0 dead rows; 30000 rows in sample, 112797085 estimated total rows
psql:analyze_script_5.sql:70: INFO:  analyzing "pspadm.psp_financial_transaction_p11"
psql:analyze_script_5.sql:70: INFO:  "psp_financial_transaction_p11": scanned 30000 of 6563094 pages, containing 520956 live rows and 0 dead rows; 30000 rows in sample, 113969440 estimated total rows
psql:analyze_script_5.sql:70: INFO:  analyzing "pspadm.psp_financial_transaction_p12"
psql:analyze_script_5.sql:70: INFO:  "psp_financial_transaction_p12": scanned 30000 of 6599174 pages, containing 522345 live rows and 0 dead rows; 30000 rows in sample, 114901518 estimated total rows
psql:analyze_script_5.sql:70: INFO:  analyzing "pspadm.psp_financial_transaction_p13"
psql:analyze_script_5.sql:70: INFO:  "psp_financial_transaction_p13": scanned 30000 of 6675973 pages, containing 523002 live rows and 0 dead rows; 30000 rows in sample, 116384908 estimated total rows
psql:analyze_script_5.sql:70: INFO:  analyzing "pspadm.psp_financial_transaction_p14"
psql:analyze_script_5.sql:70: INFO:  "psp_financial_transaction_p14": scanned 30000 of 6448788 pages, containing 520998 live rows and 0 dead rows; 30000 rows in sample, 111993522 estimated total rows
psql:analyze_script_5.sql:70: INFO:  analyzing "pspadm.psp_financial_transaction_p15"
psql:analyze_script_5.sql:70: INFO:  "psp_financial_transaction_p15": scanned 30000 of 6607781 pages, containing 520141 live rows and 0 dead rows; 30000 rows in sample, 114565927 estimated total rows
ANALYZE
psql:analyze_script_5.sql:71: INFO:  analyzing "pspadm.psp_financial_transaction_p0"
psql:analyze_script_5.sql:71: INFO:  "psp_financial_transaction_p0": scanned 30000 of 6599687 pages, containing 521926 live rows and 0 dead rows; 30000 rows in sample, 114818275 estimated total rows
ANALYZE
psql:analyze_script_5.sql:72: INFO:  analyzing "pspadm.psp_financial_transaction_p1"
psql:analyze_script_5.sql:72: INFO:  "psp_financial_transaction_p1": scanned 30000 of 6565127 pages, containing 523021 live rows and 0 dead rows; 30000 rows in sample, 114456643 estimated total rows
ANALYZE
psql:analyze_script_5.sql:73: INFO:  analyzing "pspadm.psp_financial_transaction_p10"
psql:analyze_script_5.sql:73: INFO:  "psp_financial_transaction_p10": scanned 30000 of 6490885 pages, containing 521755 live rows and 0 dead rows; 30000 rows in sample, 112888390 estimated total rows
ANALYZE
psql:analyze_script_5.sql:74: INFO:  analyzing "pspadm.psp_financial_transaction_p11"
psql:analyze_script_5.sql:74: INFO:  "psp_financial_transaction_p11": scanned 30000 of 6563094 pages, containing 521348 live rows and 0 dead rows; 30000 rows in sample, 114055198 estimated total rows
ANALYZE
psql:analyze_script_5.sql:75: INFO:  analyzing "pspadm.psp_financial_transaction_p12"
psql:analyze_script_5.sql:75: INFO:  "psp_financial_transaction_p12": scanned 30000 of 6599174 pages, containing 522178 live rows and 0 dead rows; 30000 rows in sample, 114864783 estimated total rows
ANALYZE
psql:analyze_script_5.sql:76: INFO:  analyzing "pspadm.psp_financial_transaction_p13"
psql:analyze_script_5.sql:76: INFO:  "psp_financial_transaction_p13": scanned 30000 of 6675973 pages, containing 522079 live rows and 0 dead rows; 30000 rows in sample, 116179510 estimated total rows
ANALYZE
psql:analyze_script_5.sql:77: INFO:  analyzing "pspadm.psp_financial_transaction_p14"
psql:analyze_script_5.sql:77: INFO:  "psp_financial_transaction_p14": scanned 30000 of 6448788 pages, containing 520863 live rows and 0 dead rows; 30000 rows in sample, 111964502 estimated total rows
ANALYZE
psql:analyze_script_5.sql:78: INFO:  analyzing "pspadm.psp_financial_transaction_p15"
psql:analyze_script_5.sql:78: INFO:  "psp_financial_transaction_p15": scanned 30000 of 6607781 pages, containing 519688 live rows and 0 dead rows; 30000 rows in sample, 114466150 estimated total rows
ANALYZE
psql:analyze_script_5.sql:79: INFO:  analyzing "pspadm.psp_financial_transaction_p2"
psql:analyze_script_5.sql:79: INFO:  "psp_financial_transaction_p2": scanned 30000 of 6573830 pages, containing 523289 live rows and 0 dead rows; 30000 rows in sample, 114667098 estimated total rows
ANALYZE
psql:analyze_script_5.sql:80: INFO:  analyzing "pspadm.psp_financial_transaction_p3"
psql:analyze_script_5.sql:80: INFO:  "psp_financial_transaction_p3": scanned 30000 of 6596363 pages, containing 519778 live rows and 0 dead rows; 30000 rows in sample, 114288146 estimated total rows
ANALYZE
psql:analyze_script_5.sql:81: INFO:  analyzing "pspadm.psp_financial_transaction_p4"
psql:analyze_script_5.sql:81: INFO:  "psp_financial_transaction_p4": scanned 30000 of 6541334 pages, containing 521210 live rows and 0 dead rows; 30000 rows in sample, 113646956 estimated total rows
ANALYZE
psql:analyze_script_5.sql:82: INFO:  analyzing "pspadm.psp_financial_transaction_p5"
psql:analyze_script_5.sql:82: INFO:  "psp_financial_transaction_p5": scanned 30000 of 6612739 pages, containing 523353 live rows and 0 dead rows; 30000 rows in sample, 115359893 estimated total rows
ANALYZE
psql:analyze_script_5.sql:83: INFO:  analyzing "pspadm.psp_financial_transaction_p6"
psql:analyze_script_5.sql:83: INFO:  "psp_financial_transaction_p6": scanned 30000 of 6454277 pages, containing 522092 live rows and 0 dead rows; 30000 rows in sample, 112324213 estimated total rows
ANALYZE
psql:analyze_script_5.sql:84: INFO:  analyzing "pspadm.psp_financial_transaction_p7"
psql:analyze_script_5.sql:84: INFO:  "psp_financial_transaction_p7": scanned 30000 of 6681607 pages, containing 522862 live rows and 0 dead rows; 30000 rows in sample, 116451947 estimated total rows
ANALYZE
psql:analyze_script_5.sql:85: INFO:  analyzing "pspadm.psp_financial_transaction_p8"
psql:analyze_script_5.sql:85: INFO:  "psp_financial_transaction_p8": scanned 30000 of 6590724 pages, containing 522431 live rows and 0 dead rows; 30000 rows in sample, 114773284 estimated total rows
ANALYZE
psql:analyze_script_5.sql:86: INFO:  analyzing "pspadm.psp_financial_transaction_p9"
psql:analyze_script_5.sql:86: INFO:  "psp_financial_transaction_p9": scanned 30000 of 6637850 pages, containing 523281 live rows and 0 dead rows; 30000 rows in sample, 115782026 estimated total rows
ANALYZE
psql:analyze_script_5.sql:87: INFO:  analyzing "pspadm.psp_financial_txn_action"
psql:analyze_script_5.sql:87: INFO:  "psp_financial_txn_action": scanned 36 of 36 pages, containing 228 live rows and 0 dead rows; 228 rows in sample, 228 estimated total rows
ANALYZE
psql:analyze_script_5.sql:88: INFO:  analyzing "pspadm.psp_fintxn_onholdreason_assoc"
psql:analyze_script_5.sql:88: INFO:  "psp_fintxn_onholdreason_assoc": scanned 30000 of 45182 pages, containing 965034 live rows and 12862 dead rows; 30000 rows in sample, 1453406 estimated total rows
ANALYZE
psql:analyze_script_5.sql:89: INFO:  analyzing "pspadm.psp_forecast"
psql:analyze_script_5.sql:89: INFO:  "psp_forecast": scanned 18 of 18 pages, containing 845 live rows and 0 dead rows; 845 rows in sample, 845 estimated total rows
ANALYZE
psql:analyze_script_5.sql:90: INFO:  analyzing "pspadm.psp_forecast_detail"
psql:analyze_script_5.sql:90: INFO:  "psp_forecast_detail": scanned 170 of 170 pages, containing 6569 live rows and 0 dead rows; 6569 rows in sample, 6569 estimated total rows
ANALYZE
psql:analyze_script_5.sql:91: INFO:  analyzing "pspadm.psp_form_template"
psql:analyze_script_5.sql:91: INFO:  "psp_form_template": scanned 12 of 12 pages, containing 163 live rows and 0 dead rows; 163 rows in sample, 163 estimated total rows
ANALYZE
psql:analyze_script_5.sql:92: INFO:  analyzing "pspadm.psp_fraud_address"
psql:analyze_script_5.sql:92: INFO:  "psp_fraud_address": scanned 3936 of 3936 pages, containing 126536 live rows and 0 dead rows; 30000 rows in sample, 126536 estimated total rows
ANALYZE
psql:analyze_script_5.sql:93: INFO:  analyzing "pspadm.psp_fraud_bank_account"
psql:analyze_script_5.sql:93: INFO:  "psp_fraud_bank_account": scanned 30000 of 59706 pages, containing 585226 live rows and 23580 dead rows; 30000 rows in sample, 1164717 estimated total rows
ANALYZE
