psql:analyze_script_7.sql:2: ERROR:  syntax error at or near "/"
LINE 1: /timing
        ^
psql:analyze_script_7.sql:3: INFO:  analyzing "pspadm.psp_paycheck_usage_2013"
psql:analyze_script_7.sql:3: INFO:  "psp_paycheck_usage_2013": scanned 30000 of 46836 pages, containing 785347 live rows and 0 dead rows; 30000 rows in sample, 1226084 estimated total rows
ANALYZE
psql:analyze_script_7.sql:4: INFO:  analyzing "pspadm.psp_paycheck_usage_2014"
psql:analyze_script_7.sql:4: INFO:  "psp_paycheck_usage_2014": scanned 30000 of 614187 pages, containing 784476 live rows and 0 dead rows; 30000 rows in sample, 16060499 estimated total rows
ANALYZE
psql:analyze_script_7.sql:5: INFO:  analyzing "pspadm.psp_paycheck_usage_2015"
psql:analyze_script_7.sql:5: INFO:  "psp_paycheck_usage_2015": scanned 30000 of 1370538 pages, containing 782953 live rows and 0 dead rows; 30000 rows in sample, 35768895 estimated total rows
ANALYZE
psql:analyze_script_7.sql:6: INFO:  analyzing "pspadm.psp_paycheck_usage_2016"
psql:analyze_script_7.sql:6: INFO:  "psp_paycheck_usage_2016": scanned 30000 of 2113679 pages, containing 782038 live rows and 0 dead rows; 30000 rows in sample, 55099243 estimated total rows
ANALYZE
psql:analyze_script_7.sql:7: INFO:  analyzing "pspadm.psp_paycheck_usage_2017"
psql:analyze_script_7.sql:7: INFO:  "psp_paycheck_usage_2017": scanned 30000 of 2880568 pages, containing 781552 live rows and 0 dead rows; 30000 rows in sample, 75043789 estimated total rows
ANALYZE
psql:analyze_script_7.sql:8: INFO:  analyzing "pspadm.psp_paycheck_usage_2018"
psql:analyze_script_7.sql:8: INFO:  "psp_paycheck_usage_2018": scanned 30000 of 3455780 pages, containing 820057 live rows and 0 dead rows; 30000 rows in sample, 94464553 estimated total rows
ANALYZE
psql:analyze_script_7.sql:9: INFO:  analyzing "pspadm.psp_paycheck_usage_2019"
psql:analyze_script_7.sql:9: INFO:  "psp_paycheck_usage_2019": scanned 30000 of 3599722 pages, containing 899609 live rows and 0 dead rows; 30000 rows in sample, 107944744 estimated total rows
ANALYZE
psql:analyze_script_7.sql:10: INFO:  analyzing "pspadm.psp_paycheck_usage_2020"
psql:analyze_script_7.sql:10: INFO:  "psp_paycheck_usage_2020": scanned 30000 of 3646262 pages, containing 899449 live rows and 0 dead rows; 30000 rows in sample, 109320890 estimated total rows
ANALYZE
psql:analyze_script_7.sql:11: INFO:  analyzing "pspadm.psp_paycheck_usage_2021"
psql:analyze_script_7.sql:11: INFO:  "psp_paycheck_usage_2021": scanned 30000 of 3822155 pages, containing 899454 live rows and 0 dead rows; 30000 rows in sample, 114595087 estimated total rows
ANALYZE
psql:analyze_script_7.sql:12: INFO:  analyzing "pspadm.psp_paycheck_usage_2022"
psql:analyze_script_7.sql:12: INFO:  "psp_paycheck_usage_2022": scanned 30000 of 3881706 pages, containing 899498 live rows and 0 dead rows; 30000 rows in sample, 116386226 estimated total rows
ANALYZE
psql:analyze_script_7.sql:13: INFO:  analyzing "pspadm.psp_paycheck_usage_2023"
psql:analyze_script_7.sql:13: INFO:  "psp_paycheck_usage_2023": scanned 30000 of 3951368 pages, containing 898149 live rows and 872 dead rows; 30000 rows in sample, 118297241 estimated total rows
ANALYZE
psql:analyze_script_7.sql:14: INFO:  analyzing "pspadm.psp_paycheck_usage_2024"
psql:analyze_script_7.sql:14: INFO:  "psp_paycheck_usage_2024": scanned 30000 of 3088386 pages, containing 897569 live rows and 1595 dead rows; 30000 rows in sample, 92401318 estimated total rows
ANALYZE
psql:analyze_script_7.sql:15: INFO:  analyzing "pspadm.psp_paycheck_usage_2025"
psql:analyze_script_7.sql:15: INFO:  "psp_paycheck_usage_2025": scanned 0 of 0 pages, containing 0 live rows and 0 dead rows; 0 rows in sample, 0 estimated total rows
ANALYZE
psql:analyze_script_7.sql:16: INFO:  analyzing "pspadm.psp_paycheck_usage_2026"
psql:analyze_script_7.sql:16: INFO:  "psp_paycheck_usage_2026": scanned 0 of 0 pages, containing 0 live rows and 0 dead rows; 0 rows in sample, 0 estimated total rows
ANALYZE
psql:analyze_script_7.sql:17: INFO:  analyzing "pspadm.psp_paycheck_usage_hist"
psql:analyze_script_7.sql:17: INFO:  "psp_paycheck_usage_hist": scanned 30000 of 101328 pages, containing 921846 live rows and 165 dead rows; 30000 rows in sample, 3113627 estimated total rows
ANALYZE
psql:analyze_script_7.sql:18: INFO:  analyzing "pspadm.psp_payee"
psql:analyze_script_7.sql:18: INFO:  "psp_payee": scanned 30000 of 137474 pages, containing 486447 live rows and 6329 dead rows; 30000 rows in sample, 2229127 estimated total rows
ANALYZE
psql:analyze_script_7.sql:19: INFO:  analyzing "pspadm.psp_payee_bank_account"
psql:analyze_script_7.sql:19: INFO:  "psp_payee_bank_account": scanned 30000 of 121426 pages, containing 593120 live rows and 1329 dead rows; 30000 rows in sample, 2400673 estimated total rows
ANALYZE
psql:analyze_script_7.sql:20: INFO:  analyzing "pspadm.psp_payment_batch_assoc"
psql:analyze_script_7.sql:20: INFO:  "psp_payment_batch_assoc": scanned 17571 of 17571 pages, containing 544684 live rows and 3 dead rows; 30000 rows in sample, 544684 estimated total rows
ANALYZE
psql:analyze_script_7.sql:21: INFO:  analyzing "pspadm.psp_payment_method_requirement"
psql:analyze_script_7.sql:21: INFO:  "psp_payment_method_requirement": scanned 25 of 25 pages, containing 140 live rows and 0 dead rows; 140 rows in sample, 140 estimated total rows
ANALYZE
psql:analyze_script_7.sql:22: INFO:  analyzing "pspadm.psp_payment_requirement"
psql:analyze_script_7.sql:22: INFO:  "psp_payment_requirement": scanned 1 of 1 pages, containing 5 live rows and 0 dead rows; 5 rows in sample, 5 estimated total rows
ANALYZE
psql:analyze_script_7.sql:23: INFO:  analyzing "pspadm.psp_payment_template"
psql:analyze_script_7.sql:23: INFO:  "psp_payment_template": scanned 118 of 118 pages, containing 150 live rows and 0 dead rows; 150 rows in sample, 150 estimated total rows
ANALYZE
psql:analyze_script_7.sql:24: INFO:  analyzing "pspadm.psp_payment_template_agency_id"
psql:analyze_script_7.sql:24: INFO:  "psp_payment_template_agency_id": scanned 1 of 1 pages, containing 5 live rows and 0 dead rows; 5 rows in sample, 5 estimated total rows
ANALYZE
psql:analyze_script_7.sql:25: INFO:  analyzing "pspadm.psp_payroll_fraud_batch"
psql:analyze_script_7.sql:25: INFO:  "psp_payroll_fraud_batch": scanned 0 of 0 pages, containing 0 live rows and 0 dead rows; 0 rows in sample, 0 estimated total rows
ANALYZE
psql:analyze_script_7.sql:26: INFO:  analyzing "pspadm.psp_payroll_frequency"
psql:analyze_script_7.sql:26: INFO:  "psp_payroll_frequency": scanned 1 of 1 pages, containing 8 live rows and 0 dead rows; 8 rows in sample, 8 estimated total rows
ANALYZE
psql:analyze_script_7.sql:27: INFO:  analyzing "pspadm.psp_payroll_item"
psql:analyze_script_7.sql:27: INFO:  "psp_payroll_item": scanned 12 of 12 pages, containing 18 live rows and 0 dead rows; 18 rows in sample, 18 estimated total rows
ANALYZE
psql:analyze_script_7.sql:28: INFO:  analyzing "pspadm.psp_payroll_item_taxable_to"
psql:analyze_script_7.sql:28: INFO:  "psp_payroll_item_taxable_to": scanned 30000 of 1107463 pages, containing 1133845 live rows and 1544 dead rows; 30000 rows in sample, 41856380 estimated total rows
ANALYZE
psql:analyze_script_7.sql:29: INFO:  analyzing "pspadm.psp_payroll_run"
psql:analyze_script_7.sql:29: INFO:  "psp_payroll_run": scanned 30000 of 13048583 pages, containing 668998 live rows and 1807 dead rows; 30000 rows in sample, 290982531 estimated total rows
ANALYZE
psql:analyze_script_7.sql:30: INFO:  analyzing "pspadm.psp_payroll_run_action"
psql:analyze_script_7.sql:30: INFO:  "psp_payroll_run_action": scanned 10 of 10 pages, containing 56 live rows and 0 dead rows; 56 rows in sample, 56 estimated total rows
ANALYZE
psql:analyze_script_7.sql:31: INFO:  analyzing "pspadm.psp_payroll_subtype"
psql:analyze_script_7.sql:31: INFO:  "psp_payroll_subtype": scanned 1 of 1 pages, containing 25 live rows and 0 dead rows; 25 rows in sample, 25 estimated total rows
ANALYZE
psql:analyze_script_7.sql:32: INFO:  analyzing "pspadm.psp_paystub" inheritance tree
psql:analyze_script_7.sql:32: INFO:  "psp_paystub_p0": scanned 7522 of 8027741 pages, containing 158459 live rows and 217 dead rows; 7522 rows in sample, 169112977 estimated total rows
psql:analyze_script_7.sql:32: INFO:  "psp_paystub_p1": scanned 7583 of 8092422 pages, containing 159339 live rows and 104 dead rows; 7583 rows in sample, 170043311 estimated total rows
psql:analyze_script_7.sql:32: INFO:  "psp_paystub_p2": scanned 7413 of 7911174 pages, containing 155812 live rows and 27 dead rows; 7413 rows in sample, 166282995 estimated total rows
psql:analyze_script_7.sql:32: INFO:  "psp_paystub_p3": scanned 7482 of 7985929 pages, containing 157626 live rows and 156 dead rows; 7482 rows in sample, 168242454 estimated total rows
psql:analyze_script_7.sql:32: INFO:  analyzing "pspadm.psp_paystub_p0"
psql:analyze_script_7.sql:32: INFO:  "psp_paystub_p0": scanned 30000 of 8027741 pages, containing 632093 live rows and 851 dead rows; 30000 rows in sample, 169142630 estimated total rows
psql:analyze_script_7.sql:32: INFO:  analyzing "pspadm.psp_paystub_p1"
psql:analyze_script_7.sql:32: INFO:  "psp_paystub_p1": scanned 30000 of 8092422 pages, containing 630375 live rows and 405 dead rows; 30000 rows in sample, 170042017 estimated total rows
psql:analyze_script_7.sql:32: INFO:  analyzing "pspadm.psp_paystub_p2"
psql:analyze_script_7.sql:32: INFO:  "psp_paystub_p2": scanned 30000 of 7911174 pages, containing 630707 live rows and 231 dead rows; 30000 rows in sample, 166321094 estimated total rows
psql:analyze_script_7.sql:32: INFO:  analyzing "pspadm.psp_paystub_p3"
psql:analyze_script_7.sql:32: INFO:  "psp_paystub_p3": scanned 30000 of 7985929 pages, containing 632174 live rows and 662 dead rows; 30000 rows in sample, 168283223 estimated total rows
ANALYZE
psql:analyze_script_7.sql:33: INFO:  analyzing "pspadm.psp_paystub_p0"
psql:analyze_script_7.sql:33: INFO:  "psp_paystub_p0": scanned 30000 of 8027741 pages, containing 632023 live rows and 888 dead rows; 30000 rows in sample, 169123898 estimated total rows
ANALYZE
psql:analyze_script_7.sql:34: INFO:  analyzing "pspadm.psp_paystub_p1"
psql:analyze_script_7.sql:34: INFO:  "psp_paystub_p1": scanned 30000 of 8092422 pages, containing 630402 live rows and 422 dead rows; 30000 rows in sample, 170049300 estimated total rows
ANALYZE
psql:analyze_script_7.sql:35: INFO:  analyzing "pspadm.psp_paystub_p2"
psql:analyze_script_7.sql:35: INFO:  "psp_paystub_p2": scanned 30000 of 7911174 pages, containing 630605 live rows and 237 dead rows; 30000 rows in sample, 166294196 estimated total rows
ANALYZE
psql:analyze_script_7.sql:36: INFO:  analyzing "pspadm.psp_paystub_p3"
psql:analyze_script_7.sql:36: INFO:  "psp_paystub_p3": scanned 30000 of 7985929 pages, containing 632152 live rows and 759 dead rows; 30000 rows in sample, 168277366 estimated total rows
ANALYZE
psql:analyze_script_7.sql:37: INFO:  analyzing "pspadm.psp_pmt_template_bankaccount"
psql:analyze_script_7.sql:37: INFO:  "psp_pmt_template_bankaccount": scanned 25 of 25 pages, containing 113 live rows and 0 dead rows; 113 rows in sample, 113 estimated total rows
ANALYZE
psql:analyze_script_7.sql:38: INFO:  analyzing "pspadm.psp_pmt_template_frequency"
psql:analyze_script_7.sql:38: INFO:  "psp_pmt_template_frequency": scanned 31 of 31 pages, containing 298 live rows and 2 dead rows; 298 rows in sample, 298 estimated total rows
ANALYZE
psql:analyze_script_7.sql:39: INFO:  analyzing "pspadm.psp_pmt_template_paymentmethod"
psql:analyze_script_7.sql:39: INFO:  "psp_pmt_template_paymentmethod": scanned 12 of 12 pages, containing 152 live rows and 0 dead rows; 152 rows in sample, 152 estimated total rows
ANALYZE
psql:analyze_script_7.sql:40: INFO:  analyzing "pspadm.psp_pmttemplate_chkinfo_assoc"
psql:analyze_script_7.sql:40: INFO:  "psp_pmttemplate_chkinfo_assoc": scanned 10 of 10 pages, containing 103 live rows and 0 dead rows; 103 rows in sample, 103 estimated total rows
ANALYZE
psql:analyze_script_7.sql:41: INFO:  analyzing "pspadm.psp_pmttemplate_printedchkinfo"
psql:analyze_script_7.sql:41: INFO:  "psp_pmttemplate_printedchkinfo": scanned 11 of 11 pages, containing 95 live rows and 0 dead rows; 95 rows in sample, 95 estimated total rows
ANALYZE
psql:analyze_script_7.sql:42: INFO:  analyzing "pspadm.psp_posting_rule"
psql:analyze_script_7.sql:42: INFO:  "psp_posting_rule": scanned 56 of 56 pages, containing 654 live rows and 0 dead rows; 654 rows in sample, 654 estimated total rows
ANALYZE
psql:analyze_script_7.sql:43: INFO:  analyzing "pspadm.psp_posting_rule_mar7"
psql:analyze_script_7.sql:43: INFO:  "psp_posting_rule_mar7": scanned 0 of 0 pages, containing 0 live rows and 0 dead rows; 0 rows in sample, 0 estimated total rows
ANALYZE
psql:analyze_script_7.sql:44: INFO:  analyzing "pspadm.psp_prior_payment_submission"
psql:analyze_script_7.sql:44: INFO:  "psp_prior_payment_submission": scanned 7579 of 7579 pages, containing 368844 live rows and 0 dead rows; 30000 rows in sample, 368844 estimated total rows
ANALYZE
psql:analyze_script_7.sql:45: INFO:  analyzing "pspadm.psp_property_audit" inheritance tree
psql:analyze_script_7.sql:45: INFO:  "psp_property_audit_p0": scanned 3758 of 7229725 pages, containing 101545 live rows and 0 dead rows; 3758 rows in sample, 195354557 estimated total rows
psql:analyze_script_7.sql:45: INFO:  "psp_property_audit_p1": scanned 3768 of 7249415 pages, containing 101343 live rows and 0 dead rows; 3768 rows in sample, 194978096 estimated total rows
psql:analyze_script_7.sql:45: INFO:  "psp_property_audit_p2": scanned 3731 of 7178774 pages, containing 102385 live rows and 0 dead rows; 3731 rows in sample, 196997796 estimated total rows
psql:analyze_script_7.sql:45: INFO:  "psp_property_audit_p3": scanned 3740 of 7196182 pages, containing 101206 live rows and 0 dead rows; 3740 rows in sample, 194731764 estimated total rows
psql:analyze_script_7.sql:45: INFO:  "psp_property_audit_p4": scanned 3786 of 7285270 pages, containing 102813 live rows and 0 dead rows; 3786 rows in sample, 197839531 estimated total rows
psql:analyze_script_7.sql:45: INFO:  "psp_property_audit_p5": scanned 3793 of 7298570 pages, containing 103006 live rows and 0 dead rows; 3793 rows in sample, 198206301 estimated total rows
psql:analyze_script_7.sql:45: INFO:  "psp_property_audit_p6": scanned 3685 of 7089162 pages, containing 99632 live rows and 4 dead rows; 3685 rows in sample, 191670933 estimated total rows
psql:analyze_script_7.sql:45: INFO:  "psp_property_audit_p7": scanned 3739 of 7194118 pages, containing 100765 live rows and 0 dead rows; 3739 rows in sample, 193879460 estimated total rows
psql:analyze_script_7.sql:45: INFO:  analyzing "pspadm.psp_property_audit_p0"
psql:analyze_script_7.sql:45: INFO:  "psp_property_audit_p0": scanned 30000 of 7229725 pages, containing 812485 live rows and 3 dead rows; 30000 rows in sample, 195801437 estimated total rows
psql:analyze_script_7.sql:45: INFO:  analyzing "pspadm.psp_property_audit_p1"
psql:analyze_script_7.sql:45: INFO:  "psp_property_audit_p1": scanned 30000 of 7249415 pages, containing 814225 live rows and 0 dead rows; 30000 rows in sample, 196755164 estimated total rows
psql:analyze_script_7.sql:45: INFO:  analyzing "pspadm.psp_property_audit_p2"
psql:analyze_script_7.sql:45: INFO:  "psp_property_audit_p2": scanned 30000 of 7178774 pages, containing 815286 live rows and 24 dead rows; 30000 rows in sample, 195091798 estimated total rows
psql:analyze_script_7.sql:45: INFO:  analyzing "pspadm.psp_property_audit_p3"
psql:analyze_script_7.sql:45: INFO:  "psp_property_audit_p3": scanned 30000 of 7196182 pages, containing 810292 live rows and 7 dead rows; 30000 rows in sample, 194366957 estimated total rows
psql:analyze_script_7.sql:45: INFO:  analyzing "pspadm.psp_property_audit_p4"
psql:analyze_script_7.sql:45: INFO:  "psp_property_audit_p4": scanned 30000 of 7285270 pages, containing 808448 live rows and 1 dead rows; 30000 rows in sample, 196325399 estimated total rows
psql:analyze_script_7.sql:45: INFO:  analyzing "pspadm.psp_property_audit_p5"
psql:analyze_script_7.sql:45: INFO:  "psp_property_audit_p5": scanned 30000 of 7298570 pages, containing 812465 live rows and 0 dead rows; 30000 rows in sample, 197661089 estimated total rows
psql:analyze_script_7.sql:45: INFO:  analyzing "pspadm.psp_property_audit_p6"
psql:analyze_script_7.sql:45: INFO:  "psp_property_audit_p6": scanned 30000 of 7089162 pages, containing 811333 live rows and 24 dead rows; 30000 rows in sample, 191722369 estimated total rows
psql:analyze_script_7.sql:45: INFO:  analyzing "pspadm.psp_property_audit_p7"
psql:analyze_script_7.sql:45: INFO:  "psp_property_audit_p7": scanned 30000 of 7194118 pages, containing 811838 live rows and 8 dead rows; 30000 rows in sample, 194681946 estimated total rows
ANALYZE
psql:analyze_script_7.sql:46: INFO:  analyzing "pspadm.psp_property_audit_p0"
psql:analyze_script_7.sql:46: INFO:  "psp_property_audit_p0": scanned 30000 of 7229725 pages, containing 812887 live rows and 0 dead rows; 30000 rows in sample, 195898316 estimated total rows
ANALYZE
psql:analyze_script_7.sql:47: INFO:  analyzing "pspadm.psp_property_audit_p1"
psql:analyze_script_7.sql:47: INFO:  "psp_property_audit_p1": scanned 30000 of 7249415 pages, containing 812536 live rows and 2 dead rows; 30000 rows in sample, 196347022 estimated total rows
ANALYZE
psql:analyze_script_7.sql:48: INFO:  analyzing "pspadm.psp_property_audit_p2"
psql:analyze_script_7.sql:48: INFO:  "psp_property_audit_p2": scanned 30000 of 7178774 pages, containing 816694 live rows and 2 dead rows; 30000 rows in sample, 195428722 estimated total rows
ANALYZE
psql:analyze_script_7.sql:49: INFO:  analyzing "pspadm.psp_property_audit_p3"
psql:analyze_script_7.sql:49: INFO:  "psp_property_audit_p3": scanned 30000 of 7196182 pages, containing 809757 live rows and 1 dead rows; 30000 rows in sample, 194238625 estimated total rows
ANALYZE
psql:analyze_script_7.sql:50: INFO:  analyzing "pspadm.psp_property_audit_p4"
psql:analyze_script_7.sql:50: INFO:  "psp_property_audit_p4": scanned 30000 of 7285270 pages, containing 809821 live rows and 5 dead rows; 30000 rows in sample, 196658821 estimated total rows
ANALYZE
psql:analyze_script_7.sql:51: INFO:  analyzing "pspadm.psp_property_audit_p5"
psql:analyze_script_7.sql:51: INFO:  "psp_property_audit_p5": scanned 30000 of 7298570 pages, containing 811548 live rows and 0 dead rows; 30000 rows in sample, 197437996 estimated total rows
ANALYZE
psql:analyze_script_7.sql:52: INFO:  analyzing "pspadm.psp_property_audit_p6"
psql:analyze_script_7.sql:52: INFO:  "psp_property_audit_p6": scanned 30000 of 7089162 pages, containing 811484 live rows and 21 dead rows; 30000 rows in sample, 191758051 estimated total rows
ANALYZE
psql:analyze_script_7.sql:53: INFO:  analyzing "pspadm.psp_property_audit_p7"
psql:analyze_script_7.sql:53: INFO:  "psp_property_audit_p7": scanned 30000 of 7194118 pages, containing 812328 live rows and 12 dead rows; 30000 rows in sample, 194799450 estimated total rows
ANALYZE
psql:analyze_script_7.sql:54: INFO:  analyzing "pspadm.psp_pstub_address"
psql:analyze_script_7.sql:54: INFO:  "psp_pstub_address": scanned 30000 of 12589323 pages, containing 1313148 live rows and 0 dead rows; 30000 rows in sample, 551054811 estimated total rows
ANALYZE
psql:analyze_script_7.sql:55: INFO:  analyzing "pspadm.psp_pstub_dditem"
psql:analyze_script_7.sql:55: INFO:  "psp_pstub_dditem": scanned 30000 of 16780041 pages, containing 869346 live rows and 277 dead rows; 30000 rows in sample, 486255384 estimated total rows
ANALYZE
psql:analyze_script_7.sql:56: INFO:  analyzing "pspadm.psp_pstub_employee_info" inheritance tree
psql:analyze_script_7.sql:56: INFO:  "psp_pstub_employee_info_p0": scanned 7533 of 6206213 pages, containing 167116 live rows and 0 dead rows; 7533 rows in sample, 137681865 estimated total rows
psql:analyze_script_7.sql:56: INFO:  "psp_pstub_employee_info_p1": scanned 7593 of 6255658 pages, containing 168612 live rows and 0 dead rows; 7593 rows in sample, 138914659 estimated total rows
psql:analyze_script_7.sql:56: INFO:  "psp_pstub_employee_info_p2": scanned 7386 of 6085895 pages, containing 164346 live rows and 0 dead rows; 7386 rows in sample, 135417344 estimated total rows
psql:analyze_script_7.sql:56: INFO:  "psp_pstub_employee_info_p3": scanned 7488 of 6169878 pages, containing 166689 live rows and 0 dead rows; 7488 rows in sample, 137346527 estimated total rows
psql:analyze_script_7.sql:56: INFO:  analyzing "pspadm.psp_pstub_employee_info_p0"
psql:analyze_script_7.sql:56: INFO:  "psp_pstub_employee_info_p0": scanned 30000 of 6206213 pages, containing 666051 live rows and 0 dead rows; 30000 rows in sample, 137788479 estimated total rows
psql:analyze_script_7.sql:56: INFO:  analyzing "pspadm.psp_pstub_employee_info_p1"
psql:analyze_script_7.sql:56: INFO:  "psp_pstub_employee_info_p1": scanned 30000 of 6255658 pages, containing 666977 live rows and 0 dead rows; 30000 rows in sample, 139079334 estimated total rows
psql:analyze_script_7.sql:56: INFO:  analyzing "pspadm.psp_pstub_employee_info_p2"
psql:analyze_script_7.sql:56: INFO:  "psp_pstub_employee_info_p2": scanned 30000 of 6085895 pages, containing 668676 live rows and 0 dead rows; 30000 rows in sample, 135649731 estimated total rows
psql:analyze_script_7.sql:56: INFO:  analyzing "pspadm.psp_pstub_employee_info_p3"
psql:analyze_script_7.sql:56: INFO:  "psp_pstub_employee_info_p3": scanned 30000 of 6169878 pages, containing 667516 live rows and 0 dead rows; 30000 rows in sample, 137283076 estimated total rows
ANALYZE
psql:analyze_script_7.sql:57: INFO:  analyzing "pspadm.psp_pstub_employee_info_p0"
psql:analyze_script_7.sql:57: INFO:  "psp_pstub_employee_info_p0": scanned 30000 of 6206213 pages, containing 666339 live rows and 0 dead rows; 30000 rows in sample, 137848059 estimated total rows
ANALYZE
psql:analyze_script_7.sql:58: INFO:  analyzing "pspadm.psp_pstub_employee_info_p1"
psql:analyze_script_7.sql:58: INFO:  "psp_pstub_employee_info_p1": scanned 30000 of 6255658 pages, containing 666684 live rows and 0 dead rows; 30000 rows in sample, 139018237 estimated total rows
ANALYZE
psql:analyze_script_7.sql:59: INFO:  analyzing "pspadm.psp_pstub_employee_info_p2"
psql:analyze_script_7.sql:59: INFO:  "psp_pstub_employee_info_p2": scanned 30000 of 6085895 pages, containing 668639 live rows and 0 dead rows; 30000 rows in sample, 135642225 estimated total rows
ANALYZE
psql:analyze_script_7.sql:60: INFO:  analyzing "pspadm.psp_pstub_employee_info_p3"
psql:analyze_script_7.sql:60: INFO:  "psp_pstub_employee_info_p3": scanned 30000 of 6169878 pages, containing 666603 live rows and 0 dead rows; 30000 rows in sample, 137095306 estimated total rows
ANALYZE
psql:analyze_script_7.sql:61: INFO:  analyzing "pspadm.psp_pstub_employee_preference"
psql:analyze_script_7.sql:61: INFO:  "psp_pstub_employee_preference": scanned 7716 of 7716 pages, containing 331767 live rows and 17 dead rows; 30000 rows in sample, 331767 estimated total rows
ANALYZE
psql:analyze_script_7.sql:62: INFO:  analyzing "pspadm.psp_pstub_employer_info"
psql:analyze_script_7.sql:62: INFO:  "psp_pstub_employer_info": scanned 30000 of 42997 pages, containing 796655 live rows and 7564 dead rows; 30000 rows in sample, 1141793 estimated total rows
ANALYZE
psql:analyze_script_7.sql:63: INFO:  analyzing "pspadm.psp_pstub_msg"
psql:analyze_script_7.sql:63: INFO:  "psp_pstub_msg": scanned 30000 of 12861188 pages, containing 1102434 live rows and 0 dead rows; 30000 rows in sample, 472620364 estimated total rows
ANALYZE
psql:analyze_script_7.sql:64: INFO:  analyzing "pspadm.psp_pstub_paid_timeoff_item" inheritance tree
psql:analyze_script_7.sql:64: INFO:  "psp_pstub_paid_timeoff_item_p0": scanned 7596 of 7190797 pages, containing 269524 live rows and 0 dead rows; 7596 rows in sample, 255146442 estimated total rows
psql:analyze_script_7.sql:64: INFO:  "psp_pstub_paid_timeoff_item_p1": scanned 7555 of 7151111 pages, containing 269705 live rows and 49 dead rows; 7555 rows in sample, 255286617 estimated total rows
psql:analyze_script_7.sql:64: INFO:  "psp_pstub_paid_timeoff_item_p2": scanned 7382 of 6987529 pages, containing 264408 live rows and 336 dead rows; 7382 rows in sample, 250278863 estimated total rows
psql:analyze_script_7.sql:64: INFO:  "psp_pstub_paid_timeoff_item_p3": scanned 7467 of 7068423 pages, containing 267311 live rows and 378 dead rows; 7467 rows in sample, 253042349 estimated total rows
psql:analyze_script_7.sql:64: INFO:  analyzing "pspadm.psp_pstub_paid_timeoff_item_p0"
psql:analyze_script_7.sql:64: INFO:  "psp_pstub_paid_timeoff_item_p0": scanned 30000 of 7190797 pages, containing 1063322 live rows and 0 dead rows; 30000 rows in sample, 254871088 estimated total rows
psql:analyze_script_7.sql:64: INFO:  analyzing "pspadm.psp_pstub_paid_timeoff_item_p1"
psql:analyze_script_7.sql:64: INFO:  "psp_pstub_paid_timeoff_item_p1": scanned 30000 of 7151111 pages, containing 1071463 live rows and 253 dead rows; 30000 rows in sample, 255405028 estimated total rows
psql:analyze_script_7.sql:64: INFO:  analyzing "pspadm.psp_pstub_paid_timeoff_item_p2"
psql:analyze_script_7.sql:64: INFO:  "psp_pstub_paid_timeoff_item_p2": scanned 30000 of 6987529 pages, containing 1074285 live rows and 1483 dead rows; 30000 rows in sample, 250219920 estimated total rows
psql:analyze_script_7.sql:64: INFO:  analyzing "pspadm.psp_pstub_paid_timeoff_item_p3"
psql:analyze_script_7.sql:64: INFO:  "psp_pstub_paid_timeoff_item_p3": scanned 30000 of 7068423 pages, containing 1074276 live rows and 1361 dead rows; 30000 rows in sample, 253114573 estimated total rows
ANALYZE
psql:analyze_script_7.sql:65: INFO:  analyzing "pspadm.psp_pstub_paid_timeoff_item_p0"
psql:analyze_script_7.sql:65: INFO:  "psp_pstub_paid_timeoff_item_p0": scanned 30000 of 7190797 pages, containing 1064156 live rows and 0 dead rows; 30000 rows in sample, 255070992 estimated total rows
ANALYZE
psql:analyze_script_7.sql:66: INFO:  analyzing "pspadm.psp_pstub_paid_timeoff_item_p1"
psql:analyze_script_7.sql:66: INFO:  "psp_pstub_paid_timeoff_item_p1": scanned 30000 of 7151111 pages, containing 1071344 live rows and 218 dead rows; 30000 rows in sample, 255376662 estimated total rows
ANALYZE
psql:analyze_script_7.sql:67: INFO:  analyzing "pspadm.psp_pstub_paid_timeoff_item_p2"
psql:analyze_script_7.sql:67: INFO:  "psp_pstub_paid_timeoff_item_p2": scanned 30000 of 6987529 pages, containing 1074070 live rows and 1434 dead rows; 30000 rows in sample, 250169842 estimated total rows
ANALYZE
psql:analyze_script_7.sql:68: INFO:  analyzing "pspadm.psp_pstub_paid_timeoff_item_p3"
psql:analyze_script_7.sql:68: INFO:  "psp_pstub_paid_timeoff_item_p3": scanned 30000 of 7068423 pages, containing 1074395 live rows and 1331 dead rows; 30000 rows in sample, 253142611 estimated total rows
ANALYZE
psql:analyze_script_7.sql:69: INFO:  analyzing "pspadm.psp_pstub_pay_item" inheritance tree
psql:analyze_script_7.sql:69: INFO:  "psp_pstub_pay_item_p0": scanned 1851 of 13513616 pages, containing 54352 live rows and 474 dead rows; 1851 rows in sample, 396808242 estimated total rows
psql:analyze_script_7.sql:69: INFO:  "psp_pstub_pay_item_p1": scanned 1887 of 13772553 pages, containing 55048 live rows and 45 dead rows; 1887 rows in sample, 401776098 estimated total rows
psql:analyze_script_7.sql:69: INFO:  "psp_pstub_pay_item_p2": scanned 1877 of 13701125 pages, containing 54839 live rows and 26 dead rows; 1877 rows in sample, 400296214 estimated total rows
psql:analyze_script_7.sql:69: INFO:  "psp_pstub_pay_item_p3": scanned 1847 of 13486597 pages, containing 54109 live rows and 10 dead rows; 1847 rows in sample, 395098147 estimated total rows
psql:analyze_script_7.sql:69: INFO:  "psp_pstub_pay_item_p4": scanned 1863 of 13599569 pages, containing 54939 live rows and 289 dead rows; 1863 rows in sample, 401044939 estimated total rows
psql:analyze_script_7.sql:69: INFO:  "psp_pstub_pay_item_p5": scanned 1910 of 13940995 pages, containing 55937 live rows and 59 dead rows; 1910 rows in sample, 408281381 estimated total rows
psql:analyze_script_7.sql:69: INFO:  "psp_pstub_pay_item_p6": scanned 1849 of 13501956 pages, containing 53949 live rows and 0 dead rows; 1849 rows in sample, 393951879 estimated total rows
psql:analyze_script_7.sql:69: INFO:  "psp_pstub_pay_item_p7": scanned 1877 of 13701127 pages, containing 54723 live rows and 14 dead rows; 1877 rows in sample, 399449533 estimated total rows
psql:analyze_script_7.sql:69: INFO:  "psp_pstub_pay_item_p8": scanned 1879 of 13719562 pages, containing 55172 live rows and 478 dead rows; 1879 rows in sample, 402839635 estimated total rows
psql:analyze_script_7.sql:69: INFO:  "psp_pstub_pay_item_p9": scanned 1899 of 13861128 pages, containing 55634 live rows and 0 dead rows; 1899 rows in sample, 406082146 estimated total rows
psql:analyze_script_7.sql:69: INFO:  "psp_pstub_pay_item_p10": scanned 1850 of 13505046 pages, containing 54139 live rows and 0 dead rows; 1850 rows in sample, 395216046 estimated total rows
psql:analyze_script_7.sql:69: INFO:  "psp_pstub_pay_item_p11": scanned 1916 of 13986060 pages, containing 56031 live rows and 0 dead rows; 1916 rows in sample, 409004660 estimated total rows
psql:analyze_script_7.sql:69: INFO:  "psp_pstub_pay_item_p12": scanned 1893 of 13820932 pages, containing 55548 live rows and 30 dead rows; 1893 rows in sample, 405560027 estimated total rows
psql:analyze_script_7.sql:69: INFO:  "psp_pstub_pay_item_p13": scanned 1886 of 13766662 pages, containing 54993 live rows and 100 dead rows; 1886 rows in sample, 401415718 estimated total rows
psql:analyze_script_7.sql:69: INFO:  "psp_pstub_pay_item_p14": scanned 1835 of 13394948 pages, containing 53745 live rows and 0 dead rows; 1835 rows in sample, 392322333 estimated total rows
psql:analyze_script_7.sql:69: INFO:  "psp_pstub_pay_item_p15": scanned 1881 of 13744135 pages, containing 54853 live rows and 0 dead rows; 1881 rows in sample, 400801189 estimated total rows
psql:analyze_script_7.sql:69: INFO:  analyzing "pspadm.psp_pstub_pay_item_p0"
psql:analyze_script_7.sql:69: INFO:  "psp_pstub_pay_item_p0": scanned 30000 of 13513616 pages, containing 882756 live rows and 6096 dead rows; 30000 rows in sample, 397640854 estimated total rows
psql:analyze_script_7.sql:69: INFO:  analyzing "pspadm.psp_pstub_pay_item_p1"
psql:analyze_script_7.sql:69: INFO:  "psp_pstub_pay_item_p1": scanned 30000 of 13772553 pages, containing 877305 live rows and 376 dead rows; 30000 rows in sample, 402757654 estimated total rows
psql:analyze_script_7.sql:69: INFO:  analyzing "pspadm.psp_pstub_pay_item_p2"
psql:analyze_script_7.sql:69: INFO:  "psp_pstub_pay_item_p2": scanned 30000 of 13701125 pages, containing 876296 live rows and 412 dead rows; 30000 rows in sample, 400208034 estimated total rows
psql:analyze_script_7.sql:69: INFO:  analyzing "pspadm.psp_pstub_pay_item_p3"
psql:analyze_script_7.sql:69: INFO:  "psp_pstub_pay_item_p3": scanned 30000 of 13486597 pages, containing 876322 live rows and 454 dead rows; 30000 rows in sample, 393953389 estimated total rows
psql:analyze_script_7.sql:69: INFO:  analyzing "pspadm.psp_pstub_pay_item_p4"
psql:analyze_script_7.sql:69: INFO:  "psp_pstub_pay_item_p4": scanned 30000 of 13599569 pages, containing 882342 live rows and 6668 dead rows; 30000 rows in sample, 399982364 estimated total rows
psql:analyze_script_7.sql:69: INFO:  analyzing "pspadm.psp_pstub_pay_item_p5"
psql:analyze_script_7.sql:69: INFO:  "psp_pstub_pay_item_p5": scanned 30000 of 13940995 pages, containing 880219 live rows and 770 dead rows; 30000 rows in sample, 409037623 estimated total rows
psql:analyze_script_7.sql:69: INFO:  analyzing "pspadm.psp_pstub_pay_item_p6"
psql:analyze_script_7.sql:69: INFO:  "psp_pstub_pay_item_p6": scanned 30000 of 13501956 pages, containing 876742 live rows and 431 dead rows; 30000 rows in sample, 394591064 estimated total rows
psql:analyze_script_7.sql:69: INFO:  analyzing "pspadm.psp_pstub_pay_item_p7"
psql:analyze_script_7.sql:69: INFO:  "psp_pstub_pay_item_p7": scanned 30000 of 13701127 pages, containing 878345 live rows and 472 dead rows; 30000 rows in sample, 401143880 estimated total rows
psql:analyze_script_7.sql:69: INFO:  analyzing "pspadm.psp_pstub_pay_item_p8"
psql:analyze_script_7.sql:69: INFO:  "psp_pstub_pay_item_p8": scanned 30000 of 13719562 pages, containing 882777 live rows and 6291 dead rows; 30000 rows in sample, 403710459 estimated total rows
psql:analyze_script_7.sql:69: INFO:  analyzing "pspadm.psp_pstub_pay_item_p9"
psql:analyze_script_7.sql:69: INFO:  "psp_pstub_pay_item_p9": scanned 30000 of 13861128 pages, containing 878757 live rows and 0 dead rows; 30000 rows in sample, 406018775 estimated total rows
psql:analyze_script_7.sql:69: INFO:  analyzing "pspadm.psp_pstub_pay_item_p10"
psql:analyze_script_7.sql:69: INFO:  "psp_pstub_pay_item_p10": scanned 30000 of 13505046 pages, containing 880343 live rows and 0 dead rows; 30000 rows in sample, 396302424 estimated total rows
psql:analyze_script_7.sql:69: INFO:  analyzing "pspadm.psp_pstub_pay_item_p11"
psql:analyze_script_7.sql:69: INFO:  "psp_pstub_pay_item_p11": scanned 30000 of 13986060 pages, containing 877674 live rows and 346 dead rows; 30000 rows in sample, 409173374 estimated total rows
psql:analyze_script_7.sql:69: INFO:  analyzing "pspadm.psp_pstub_pay_item_p12"
psql:analyze_script_7.sql:69: INFO:  "psp_pstub_pay_item_p12": scanned 30000 of 13820932 pages, containing 877204 live rows and 329 dead rows; 30000 rows in sample, 404125894 estimated total rows
psql:analyze_script_7.sql:69: INFO:  analyzing "pspadm.psp_pstub_pay_item_p13"
psql:analyze_script_7.sql:69: INFO:  "psp_pstub_pay_item_p13": scanned 30000 of 13766662 pages, containing 876546 live rows and 1877 dead rows; 30000 rows in sample, 402237084 estimated total rows
psql:analyze_script_7.sql:69: INFO:  analyzing "pspadm.psp_pstub_pay_item_p14"
psql:analyze_script_7.sql:69: INFO:  "psp_pstub_pay_item_p14": scanned 30000 of 13394948 pages, containing 878011 live rows and 444 dead rows; 30000 rows in sample, 392030390 estimated total rows
psql:analyze_script_7.sql:69: INFO:  analyzing "pspadm.psp_pstub_pay_item_p15"
psql:analyze_script_7.sql:69: INFO:  "psp_pstub_pay_item_p15": scanned 30000 of 13744135 pages, containing 877396 live rows and 286 dead rows; 30000 rows in sample, 401968302 estimated total rows
ANALYZE
psql:analyze_script_7.sql:70: INFO:  analyzing "pspadm.psp_pstub_pay_item_p0"
psql:analyze_script_7.sql:70: INFO:  "psp_pstub_pay_item_p0": scanned 30000 of 13513616 pages, containing 882565 live rows and 6293 dead rows; 30000 rows in sample, 397554817 estimated total rows
ANALYZE
psql:analyze_script_7.sql:71: INFO:  analyzing "pspadm.psp_pstub_pay_item_p1"
psql:analyze_script_7.sql:71: INFO:  "psp_pstub_pay_item_p1": scanned 30000 of 13772553 pages, containing 876346 live rows and 467 dead rows; 30000 rows in sample, 402317391 estimated total rows
ANALYZE
psql:analyze_script_7.sql:72: INFO:  analyzing "pspadm.psp_pstub_pay_item_p10"
psql:analyze_script_7.sql:72: INFO:  "psp_pstub_pay_item_p10": scanned 30000 of 13505046 pages, containing 880407 live rows and 0 dead rows; 30000 rows in sample, 396331234 estimated total rows
ANALYZE
psql:analyze_script_7.sql:73: INFO:  analyzing "pspadm.psp_pstub_pay_item_p11"
psql:analyze_script_7.sql:73: INFO:  "psp_pstub_pay_item_p11": scanned 30000 of 13986060 pages, containing 877796 live rows and 322 dead rows; 30000 rows in sample, 409230251 estimated total rows
ANALYZE
psql:analyze_script_7.sql:74: INFO:  analyzing "pspadm.psp_pstub_pay_item_p12"
psql:analyze_script_7.sql:74: INFO:  "psp_pstub_pay_item_p12": scanned 30000 of 13820932 pages, containing 877621 live rows and 480 dead rows; 30000 rows in sample, 404318005 estimated total rows
ANALYZE
psql:analyze_script_7.sql:75: INFO:  analyzing "pspadm.psp_pstub_pay_item_p13"
psql:analyze_script_7.sql:75: INFO:  "psp_pstub_pay_item_p13": scanned 30000 of 13766662 pages, containing 876024 live rows and 1715 dead rows; 30000 rows in sample, 401997544 estimated total rows
ANALYZE
psql:analyze_script_7.sql:76: INFO:  analyzing "pspadm.psp_pstub_pay_item_p14"
psql:analyze_script_7.sql:76: INFO:  "psp_pstub_pay_item_p14": scanned 30000 of 13394948 pages, containing 878159 live rows and 247 dead rows; 30000 rows in sample, 392096471 estimated total rows
ANALYZE
psql:analyze_script_7.sql:77: INFO:  analyzing "pspadm.psp_pstub_pay_item_p15"
psql:analyze_script_7.sql:77: INFO:  "psp_pstub_pay_item_p15": scanned 30000 of 13744135 pages, containing 877636 live rows and 361 dead rows; 30000 rows in sample, 402078255 estimated total rows
ANALYZE
psql:analyze_script_7.sql:78: INFO:  analyzing "pspadm.psp_pstub_pay_item_p2"
psql:analyze_script_7.sql:78: INFO:  "psp_pstub_pay_item_p2": scanned 30000 of 13701125 pages, containing 877925 live rows and 563 dead rows; 30000 rows in sample, 400952006 estimated total rows
ANALYZE
psql:analyze_script_7.sql:79: INFO:  analyzing "pspadm.psp_pstub_pay_item_p3"
psql:analyze_script_7.sql:79: INFO:  "psp_pstub_pay_item_p3": scanned 30000 of 13486597 pages, containing 876677 live rows and 477 dead rows; 30000 rows in sample, 394112980 estimated total rows
ANALYZE
psql:analyze_script_7.sql:80: INFO:  analyzing "pspadm.psp_pstub_pay_item_p4"
psql:analyze_script_7.sql:80: INFO:  "psp_pstub_pay_item_p4": scanned 30000 of 13599569 pages, containing 882710 live rows and 6307 dead rows; 30000 rows in sample, 400149185 estimated total rows
ANALYZE
psql:analyze_script_7.sql:81: INFO:  analyzing "pspadm.psp_pstub_pay_item_p5"
psql:analyze_script_7.sql:81: INFO:  "psp_pstub_pay_item_p5": scanned 30000 of 13940995 pages, containing 879496 live rows and 1056 dead rows; 30000 rows in sample, 408701645 estimated total rows
ANALYZE
psql:analyze_script_7.sql:82: INFO:  analyzing "pspadm.psp_pstub_pay_item_p6"
psql:analyze_script_7.sql:82: INFO:  "psp_pstub_pay_item_p6": scanned 30000 of 13501956 pages, containing 877140 live rows and 337 dead rows; 30000 rows in sample, 394770190 estimated total rows
ANALYZE
psql:analyze_script_7.sql:83: INFO:  analyzing "pspadm.psp_pstub_pay_item_p7"
psql:analyze_script_7.sql:83: INFO:  "psp_pstub_pay_item_p7": scanned 30000 of 13701127 pages, containing 877586 live rows and 379 dead rows; 30000 rows in sample, 400797241 estimated total rows
ANALYZE
psql:analyze_script_7.sql:84: INFO:  analyzing "pspadm.psp_pstub_pay_item_p8"
psql:analyze_script_7.sql:84: INFO:  "psp_pstub_pay_item_p8": scanned 30000 of 13719562 pages, containing 882635 live rows and 6393 dead rows; 30000 rows in sample, 403645520 estimated total rows
ANALYZE
psql:analyze_script_7.sql:85: INFO:  analyzing "pspadm.psp_pstub_pay_item_p9"
psql:analyze_script_7.sql:85: INFO:  "psp_pstub_pay_item_p9": scanned 30000 of 13861128 pages, containing 879191 live rows and 0 dead rows; 30000 rows in sample, 406219300 estimated total rows
ANALYZE
psql:analyze_script_7.sql:86: INFO:  analyzing "pspadm.psp_pstub_state_tax_info"
psql:analyze_script_7.sql:86: INFO:  "psp_pstub_state_tax_info": scanned 841 of 841 pages, containing 26168 live rows and 15 dead rows; 26168 rows in sample, 26168 estimated total rows
ANALYZE
psql:analyze_script_7.sql:87: INFO:  analyzing "pspadm.psp_qbdt_employee_info"
psql:analyze_script_7.sql:87: INFO:  "psp_qbdt_employee_info": scanned 30000 of 2286082 pages, containing 850414 live rows and 0 dead rows; 30000 rows in sample, 64803871 estimated total rows
ANALYZE
psql:analyze_script_7.sql:88: INFO:  analyzing "pspadm.psp_qbdt_paycheck_info" inheritance tree
psql:analyze_script_7.sql:88: INFO:  "psp_qbdt_paycheck_info_p0": scanned 1858 of 3926057 pages, containing 53722 live rows and 157 dead rows; 1858 rows in sample, 113517564 estimated total rows
psql:analyze_script_7.sql:88: INFO:  "psp_qbdt_paycheck_info_p1": scanned 1880 of 3972533 pages, containing 54425 live rows and 144 dead rows; 1880 rows in sample, 115002717 estimated total rows
psql:analyze_script_7.sql:88: INFO:  "psp_qbdt_paycheck_info_p2": scanned 1882 of 3975434 pages, containing 54628 live rows and 112 dead rows; 1882 rows in sample, 115393203 estimated total rows
psql:analyze_script_7.sql:88: INFO:  "psp_qbdt_paycheck_info_p3": scanned 1867 of 3944456 pages, containing 53959 live rows and 188 dead rows; 1867 rows in sample, 114000483 estimated total rows
psql:analyze_script_7.sql:88: INFO:  "psp_qbdt_paycheck_info_p4": scanned 1899 of 4012310 pages, containing 55011 live rows and 148 dead rows; 1899 rows in sample, 116230219 estimated total rows
psql:analyze_script_7.sql:88: INFO:  "psp_qbdt_paycheck_info_p5": scanned 1890 of 3993353 pages, containing 54764 live rows and 114 dead rows; 1890 rows in sample, 115710044 estimated total rows
psql:analyze_script_7.sql:88: INFO:  "psp_qbdt_paycheck_info_p6": scanned 1844 of 3896598 pages, containing 53489 live rows and 94 dead rows; 1844 rows in sample, 113028813 estimated total rows
psql:analyze_script_7.sql:88: INFO:  "psp_qbdt_paycheck_info_p7": scanned 1888 of 3987716 pages, containing 54444 live rows and 182 dead rows; 1888 rows in sample, 114993226 estimated total rows
psql:analyze_script_7.sql:88: INFO:  "psp_qbdt_paycheck_info_p8": scanned 1877 of 3966214 pages, containing 54295 live rows and 140 dead rows; 1877 rows in sample, 114728604 estimated total rows
psql:analyze_script_7.sql:88: INFO:  "psp_qbdt_paycheck_info_p9": scanned 1888 of 3989526 pages, containing 54745 live rows and 100 dead rows; 1888 rows in sample, 115681462 estimated total rows
psql:analyze_script_7.sql:88: INFO:  "psp_qbdt_paycheck_info_p10": scanned 1862 of 3932695 pages, containing 53925 live rows and 99 dead rows; 1862 rows in sample, 113893973 estimated total rows
psql:analyze_script_7.sql:88: INFO:  "psp_qbdt_paycheck_info_p11": scanned 1880 of 3971843 pages, containing 54374 live rows and 130 dead rows; 1880 rows in sample, 114874995 estimated total rows
psql:analyze_script_7.sql:88: INFO:  "psp_qbdt_paycheck_info_p12": scanned 1874 of 3959812 pages, containing 54272 live rows and 169 dead rows; 1874 rows in sample, 114678184 estimated total rows
psql:analyze_script_7.sql:88: INFO:  "psp_qbdt_paycheck_info_p13": scanned 1887 of 3986458 pages, containing 54645 live rows and 112 dead rows; 1887 rows in sample, 115442500 estimated total rows
psql:analyze_script_7.sql:88: INFO:  "psp_qbdt_paycheck_info_p14": scanned 1841 of 3888903 pages, containing 53209 live rows and 157 dead rows; 1841 rows in sample, 112397957 estimated total rows
psql:analyze_script_7.sql:88: INFO:  "psp_qbdt_paycheck_info_p15": scanned 1882 of 3974936 pages, containing 54484 live rows and 124 dead rows; 1882 rows in sample, 115074608 estimated total rows
psql:analyze_script_7.sql:88: INFO:  analyzing "pspadm.psp_qbdt_paycheck_info_p0"
psql:analyze_script_7.sql:88: INFO:  "psp_qbdt_paycheck_info_p0": scanned 30000 of 3926057 pages, containing 866799 live rows and 2846 dead rows; 30000 rows in sample, 113436743 estimated total rows
psql:analyze_script_7.sql:88: INFO:  analyzing "pspadm.psp_qbdt_paycheck_info_p1"
psql:analyze_script_7.sql:88: INFO:  "psp_qbdt_paycheck_info_p1": scanned 30000 of 3972533 pages, containing 867783 live rows and 2231 dead rows; 30000 rows in sample, 114909887 estimated total rows
psql:analyze_script_7.sql:88: INFO:  analyzing "pspadm.psp_qbdt_paycheck_info_p2"
psql:analyze_script_7.sql:88: INFO:  "psp_qbdt_paycheck_info_p2": scanned 30000 of 3975434 pages, containing 868984 live rows and 1962 dead rows; 30000 rows in sample, 115152951 estimated total rows
psql:analyze_script_7.sql:88: INFO:  analyzing "pspadm.psp_qbdt_paycheck_info_p3"
psql:analyze_script_7.sql:88: INFO:  "psp_qbdt_paycheck_info_p3": scanned 30000 of 3944456 pages, containing 868703 live rows and 2056 dead rows; 30000 rows in sample, 114218692 estimated total rows
psql:analyze_script_7.sql:88: INFO:  analyzing "pspadm.psp_qbdt_paycheck_info_p4"
psql:analyze_script_7.sql:88: INFO:  "psp_qbdt_paycheck_info_p4": scanned 30000 of 4012310 pages, containing 869357 live rows and 2295 dead rows; 30000 rows in sample, 116270993 estimated total rows
psql:analyze_script_7.sql:88: INFO:  analyzing "pspadm.psp_qbdt_paycheck_info_p5"
psql:analyze_script_7.sql:88: INFO:  "psp_qbdt_paycheck_info_p5": scanned 30000 of 3993353 pages, containing 868964 live rows and 1777 dead rows; 30000 rows in sample, 115669333 estimated total rows
psql:analyze_script_7.sql:88: INFO:  analyzing "pspadm.psp_qbdt_paycheck_info_p6"
psql:analyze_script_7.sql:88: INFO:  "psp_qbdt_paycheck_info_p6": scanned 30000 of 3896598 pages, containing 868657 live rows and 2182 dead rows; 30000 rows in sample, 112826904 estimated total rows
psql:analyze_script_7.sql:88: INFO:  analyzing "pspadm.psp_qbdt_paycheck_info_p7"
psql:analyze_script_7.sql:88: INFO:  "psp_qbdt_paycheck_info_p7": scanned 30000 of 3987716 pages, containing 867831 live rows and 1607 dead rows; 30000 rows in sample, 115355452 estimated total rows
psql:analyze_script_7.sql:88: INFO:  analyzing "pspadm.psp_qbdt_paycheck_info_p8"
psql:analyze_script_7.sql:88: INFO:  "psp_qbdt_paycheck_info_p8": scanned 30000 of 3966214 pages, containing 868830 live rows and 1808 dead rows; 30000 rows in sample, 114865524 estimated total rows
psql:analyze_script_7.sql:88: INFO:  analyzing "pspadm.psp_qbdt_paycheck_info_p9"
psql:analyze_script_7.sql:88: INFO:  "psp_qbdt_paycheck_info_p9": scanned 30000 of 3989526 pages, containing 868041 live rows and 1769 dead rows; 30000 rows in sample, 115435738 estimated total rows
psql:analyze_script_7.sql:88: INFO:  analyzing "pspadm.psp_qbdt_paycheck_info_p10"
psql:analyze_script_7.sql:88: INFO:  "psp_qbdt_paycheck_info_p10": scanned 30000 of 3932695 pages, containing 868993 live rows and 1946 dead rows; 30000 rows in sample, 113916148 estimated total rows
psql:analyze_script_7.sql:88: INFO:  analyzing "pspadm.psp_qbdt_paycheck_info_p11"
psql:analyze_script_7.sql:88: INFO:  "psp_qbdt_paycheck_info_p11": scanned 30000 of 3971843 pages, containing 867733 live rows and 1934 dead rows; 30000 rows in sample, 114883308 estimated total rows
psql:analyze_script_7.sql:88: INFO:  analyzing "pspadm.psp_qbdt_paycheck_info_p12"
psql:analyze_script_7.sql:88: INFO:  "psp_qbdt_paycheck_info_p12": scanned 30000 of 3959812 pages, containing 867771 live rows and 2197 dead rows; 30000 rows in sample, 114540334 estimated total rows
psql:analyze_script_7.sql:88: INFO:  analyzing "pspadm.psp_qbdt_paycheck_info_p13"
psql:analyze_script_7.sql:88: INFO:  "psp_qbdt_paycheck_info_p13": scanned 30000 of 3986458 pages, containing 868017 live rows and 2091 dead rows; 30000 rows in sample, 115343777 estimated total rows
psql:analyze_script_7.sql:88: INFO:  analyzing "pspadm.psp_qbdt_paycheck_info_p14"
psql:analyze_script_7.sql:88: INFO:  "psp_qbdt_paycheck_info_p14": scanned 30000 of 3888903 pages, containing 867724 live rows and 2089 dead rows; 30000 rows in sample, 112483149 estimated total rows
psql:analyze_script_7.sql:88: INFO:  analyzing "pspadm.psp_qbdt_paycheck_info_p15"
psql:analyze_script_7.sql:88: INFO:  "psp_qbdt_paycheck_info_p15": scanned 30000 of 3974936 pages, containing 867479 live rows and 2225 dead rows; 30000 rows in sample, 114939117 estimated total rows
ANALYZE
psql:analyze_script_7.sql:89: INFO:  analyzing "pspadm.psp_qbdt_paycheck_info_p0"
psql:analyze_script_7.sql:89: INFO:  "psp_qbdt_paycheck_info_p0": scanned 30000 of 3926057 pages, containing 867502 live rows and 2613 dead rows; 30000 rows in sample, 113528743 estimated total rows
ANALYZE
psql:analyze_script_7.sql:90: INFO:  analyzing "pspadm.psp_qbdt_paycheck_info_p1"
psql:analyze_script_7.sql:90: INFO:  "psp_qbdt_paycheck_info_p1": scanned 30000 of 3972533 pages, containing 868316 live rows and 2206 dead rows; 30000 rows in sample, 114980465 estimated total rows
ANALYZE
psql:analyze_script_7.sql:91: INFO:  analyzing "pspadm.psp_qbdt_paycheck_info_p10"
psql:analyze_script_7.sql:91: INFO:  "psp_qbdt_paycheck_info_p10": scanned 30000 of 3932695 pages, containing 868748 live rows and 1862 dead rows; 30000 rows in sample, 113884031 estimated total rows
ANALYZE
psql:analyze_script_7.sql:92: INFO:  analyzing "pspadm.psp_qbdt_paycheck_info_p11"
psql:analyze_script_7.sql:92: INFO:  "psp_qbdt_paycheck_info_p11": scanned 30000 of 3971843 pages, containing 867561 live rows and 2132 dead rows; 30000 rows in sample, 114860536 estimated total rows
ANALYZE
psql:analyze_script_7.sql:93: INFO:  analyzing "pspadm.psp_qbdt_paycheck_info_p12"
psql:analyze_script_7.sql:93: INFO:  "psp_qbdt_paycheck_info_p12": scanned 30000 of 3959812 pages, containing 868452 live rows and 2139 dead rows; 30000 rows in sample, 114630222 estimated total rows
ANALYZE
psql:analyze_script_7.sql:94: INFO:  analyzing "pspadm.psp_qbdt_paycheck_info_p13"
psql:analyze_script_7.sql:94: INFO:  "psp_qbdt_paycheck_info_p13": scanned 30000 of 3986458 pages, containing 867877 live rows and 1841 dead rows; 30000 rows in sample, 115325174 estimated total rows
ANALYZE
psql:analyze_script_7.sql:95: INFO:  analyzing "pspadm.psp_qbdt_paycheck_info_p14"
psql:analyze_script_7.sql:95: INFO:  "psp_qbdt_paycheck_info_p14": scanned 30000 of 3888903 pages, containing 867808 live rows and 2266 dead rows; 30000 rows in sample, 112494038 estimated total rows
ANALYZE
psql:analyze_script_7.sql:96: INFO:  analyzing "pspadm.psp_qbdt_paycheck_info_p15"
psql:analyze_script_7.sql:96: INFO:  "psp_qbdt_paycheck_info_p15": scanned 30000 of 3974936 pages, containing 868582 live rows and 2051 dead rows; 30000 rows in sample, 115085262 estimated total rows
ANALYZE
psql:analyze_script_7.sql:97: INFO:  analyzing "pspadm.psp_qbdt_paycheck_info_p2"
psql:analyze_script_7.sql:97: INFO:  "psp_qbdt_paycheck_info_p2": scanned 30000 of 3975434 pages, containing 868581 live rows and 2076 dead rows; 30000 rows in sample, 115099548 estimated total rows
ANALYZE
psql:analyze_script_7.sql:98: INFO:  analyzing "pspadm.psp_qbdt_paycheck_info_p3"
psql:analyze_script_7.sql:98: INFO:  "psp_qbdt_paycheck_info_p3": scanned 30000 of 3944456 pages, containing 868093 live rows and 2529 dead rows; 30000 rows in sample, 114138488 estimated total rows
ANALYZE
psql:analyze_script_7.sql:99: INFO:  analyzing "pspadm.psp_qbdt_paycheck_info_p4"
psql:analyze_script_7.sql:99: INFO:  "psp_qbdt_paycheck_info_p4": scanned 30000 of 4012310 pages, containing 869495 live rows and 1877 dead rows; 30000 rows in sample, 116289449 estimated total rows
ANALYZE
psql:analyze_script_7.sql:100: INFO:  analyzing "pspadm.psp_qbdt_paycheck_info_p5"
psql:analyze_script_7.sql:100: INFO:  "psp_qbdt_paycheck_info_p5": scanned 30000 of 3993353 pages, containing 869116 live rows and 1928 dead rows; 30000 rows in sample, 115689566 estimated total rows
ANALYZE
psql:analyze_script_7.sql:101: INFO:  analyzing "pspadm.psp_qbdt_paycheck_info_p6"
psql:analyze_script_7.sql:101: INFO:  "psp_qbdt_paycheck_info_p6": scanned 30000 of 3896598 pages, containing 869448 live rows and 1636 dead rows; 30000 rows in sample, 112929645 estimated total rows
ANALYZE
psql:analyze_script_7.sql:102: INFO:  analyzing "pspadm.psp_qbdt_paycheck_info_p7"
psql:analyze_script_7.sql:102: INFO:  "psp_qbdt_paycheck_info_p7": scanned 30000 of 3987716 pages, containing 866971 live rows and 1961 dead rows; 30000 rows in sample, 115241138 estimated total rows
ANALYZE
psql:analyze_script_7.sql:103: INFO:  analyzing "pspadm.psp_qbdt_paycheck_info_p8"
psql:analyze_script_7.sql:103: INFO:  "psp_qbdt_paycheck_info_p8": scanned 30000 of 3966214 pages, containing 868540 live rows and 2011 dead rows; 30000 rows in sample, 114827184 estimated total rows
ANALYZE
psql:analyze_script_7.sql:104: INFO:  analyzing "pspadm.psp_qbdt_paycheck_info_p9"
psql:analyze_script_7.sql:104: INFO:  "psp_qbdt_paycheck_info_p9": scanned 30000 of 3989526 pages, containing 868413 live rows and 1734 dead rows; 30000 rows in sample, 115485208 estimated total rows
ANALYZE
