psql:analyze_script_6.sql:2: ERROR:  syntax error at or near "/"
LINE 1: /timing
        ^
psql:analyze_script_6.sql:3: INFO:  analyzing "pspadm.psp_fraud_contact"
psql:analyze_script_6.sql:3: INFO:  "psp_fraud_contact": scanned 4358 of 4358 pages, containing 139444 live rows and 0 dead rows; 30000 rows in sample, 139444 estimated total rows
ANALYZE
psql:analyze_script_6.sql:4: INFO:  analyzing "pspadm.psp_fraud_event"
psql:analyze_script_6.sql:4: INFO:  "psp_fraud_event": scanned 30000 of 74462 pages, containing 335384 live rows and 107 dead rows; 30000 rows in sample, 832445 estimated total rows
ANALYZE
psql:analyze_script_6.sql:5: INFO:  analyzing "pspadm.psp_fraud_rule"
psql:analyze_script_6.sql:5: INFO:  "psp_fraud_rule": scanned 1 of 1 pages, containing 4 live rows and 0 dead rows; 4 rows in sample, 4 estimated total rows
ANALYZE
psql:analyze_script_6.sql:6: INFO:  analyzing "pspadm.psp_fraud_value"
psql:analyze_script_6.sql:6: INFO:  "psp_fraud_value": scanned 5 of 5 pages, containing 180 live rows and 0 dead rows; 180 rows in sample, 180 estimated total rows
ANALYZE
psql:analyze_script_6.sql:7: INFO:  analyzing "pspadm.psp_fset_file"
psql:analyze_script_6.sql:7: INFO:  "psp_fset_file": scanned 25 of 25 pages, containing 766 live rows and 0 dead rows; 766 rows in sample, 766 estimated total rows
ANALYZE
psql:analyze_script_6.sql:8: INFO:  analyzing "pspadm.psp_fset_filing_detail"
psql:analyze_script_6.sql:8: INFO:  "psp_fset_filing_detail": scanned 4445 of 4445 pages, containing 56501 live rows and 0 dead rows; 30000 rows in sample, 56501 estimated total rows
ANALYZE
psql:analyze_script_6.sql:9: INFO:  analyzing "pspadm.psp_funding_model"
psql:analyze_script_6.sql:9: INFO:  "psp_funding_model": scanned 1 of 1 pages, containing 3 live rows and 0 dead rows; 3 rows in sample, 3 estimated total rows
ANALYZE
psql:analyze_script_6.sql:10: INFO:  analyzing "pspadm.psp_gems_ledger_posting_rule"
psql:analyze_script_6.sql:10: INFO:  "psp_gems_ledger_posting_rule": scanned 23 of 23 pages, containing 34 live rows and 0 dead rows; 34 rows in sample, 34 estimated total rows
ANALYZE
psql:analyze_script_6.sql:11: INFO:  analyzing "pspadm.psp_gems_monthly_balance"
psql:analyze_script_6.sql:11: INFO:  "psp_gems_monthly_balance": scanned 185 of 185 pages, containing 5410 live rows and 0 dead rows; 5410 rows in sample, 5410 estimated total rows
ANALYZE
psql:analyze_script_6.sql:12: INFO:  analyzing "pspadm.psp_gems_upload_batch"
psql:analyze_script_6.sql:12: INFO:  "psp_gems_upload_batch": scanned 131 of 131 pages, containing 4176 live rows and 0 dead rows; 4176 rows in sample, 4176 estimated total rows
ANALYZE
psql:analyze_script_6.sql:13: INFO:  analyzing "pspadm.psp_hours_worked_exception"
psql:analyze_script_6.sql:13: INFO:  "psp_hours_worked_exception": scanned 1 of 1 pages, containing 36 live rows and 0 dead rows; 36 rows in sample, 36 estimated total rows
ANALYZE
psql:analyze_script_6.sql:14: INFO:  analyzing "pspadm.psp_individual"
psql:analyze_script_6.sql:14: INFO:  "psp_individual": scanned 30000 of 2259972 pages, containing 1111662 live rows and 0 dead rows; 30000 rows in sample, 83744166 estimated total rows
ANALYZE
psql:analyze_script_6.sql:15: INFO:  analyzing "pspadm.psp_industry_type"
psql:analyze_script_6.sql:15: INFO:  "psp_industry_type": scanned 109 of 109 pages, containing 289 live rows and 0 dead rows; 289 rows in sample, 289 estimated total rows
ANALYZE
psql:analyze_script_6.sql:16: INFO:  analyzing "pspadm.psp_intuit_ba_bt_ft"
psql:analyze_script_6.sql:16: INFO:  "psp_intuit_ba_bt_ft": scanned 1 of 1 pages, containing 10 live rows and 0 dead rows; 10 rows in sample, 10 estimated total rows
ANALYZE
psql:analyze_script_6.sql:17: INFO:  analyzing "pspadm.psp_intuit_bank_acc_txn_type"
psql:analyze_script_6.sql:17: INFO:  "psp_intuit_bank_acc_txn_type": scanned 8 of 8 pages, containing 71 live rows and 0 dead rows; 71 rows in sample, 71 estimated total rows
ANALYZE
psql:analyze_script_6.sql:18: INFO:  analyzing "pspadm.psp_intuit_bank_account"
psql:analyze_script_6.sql:18: INFO:  "psp_intuit_bank_account": scanned 3 of 3 pages, containing 6 live rows and 0 dead rows; 6 rows in sample, 6 estimated total rows
ANALYZE
psql:analyze_script_6.sql:19: INFO:  analyzing "pspadm.psp_intuit_shipper_info"
psql:analyze_script_6.sql:19: INFO:  "psp_intuit_shipper_info": scanned 1 of 1 pages, containing 1 live rows and 0 dead rows; 1 rows in sample, 1 estimated total rows
ANALYZE
psql:analyze_script_6.sql:20: INFO:  analyzing "pspadm.psp_iopsync_company"
psql:analyze_script_6.sql:20: INFO:  "psp_iopsync_company": scanned 0 of 0 pages, containing 0 live rows and 0 dead rows; 0 rows in sample, 0 estimated total rows
ANALYZE
psql:analyze_script_6.sql:21: INFO:  analyzing "pspadm.psp_law"
psql:analyze_script_6.sql:21: INFO:  "psp_law": scanned 76 of 76 pages, containing 253 live rows and 6 dead rows; 253 rows in sample, 253 estimated total rows
ANALYZE
psql:analyze_script_6.sql:22: INFO:  analyzing "pspadm.psp_law_rate_range"
psql:analyze_script_6.sql:22: INFO:  "psp_law_rate_range": scanned 24 of 24 pages, containing 108 live rows and 0 dead rows; 108 rows in sample, 108 estimated total rows
ANALYZE
psql:analyze_script_6.sql:23: INFO:  analyzing "pspadm.psp_law_rate_value"
psql:analyze_script_6.sql:23: INFO:  "psp_law_rate_value": scanned 1 of 1 pages, containing 20 live rows and 0 dead rows; 20 rows in sample, 20 estimated total rows
ANALYZE
psql:analyze_script_6.sql:24: INFO:  analyzing "pspadm.psp_ledger_account"
psql:analyze_script_6.sql:24: INFO:  "psp_ledger_account": scanned 22 of 22 pages, containing 24 live rows and 0 dead rows; 24 rows in sample, 24 estimated total rows
ANALYZE
psql:analyze_script_6.sql:25: INFO:  analyzing "pspadm.psp_ledger_account_action"
psql:analyze_script_6.sql:25: INFO:  "psp_ledger_account_action": scanned 1 of 1 pages, containing 11 live rows and 0 dead rows; 11 rows in sample, 11 estimated total rows
ANALYZE
psql:analyze_script_6.sql:26: INFO:  analyzing "pspadm.psp_ledger_balance" inheritance tree
psql:analyze_script_6.sql:26: INFO:  "psp_ledger_balance_p0": scanned 3757 of 3800203 pages, containing 136217 live rows and 222 dead rows; 3757 rows in sample, 137783405 estimated total rows
psql:analyze_script_6.sql:26: INFO:  "psp_ledger_balance_p1": scanned 3768 of 3811035 pages, containing 136670 live rows and 217 dead rows; 3768 rows in sample, 138230932 estimated total rows
psql:analyze_script_6.sql:26: INFO:  "psp_ledger_balance_p2": scanned 3759 of 3802371 pages, containing 136191 live rows and 272 dead rows; 3759 rows in sample, 137762359 estimated total rows
psql:analyze_script_6.sql:26: INFO:  "psp_ledger_balance_p3": scanned 3742 of 3784419 pages, containing 135691 live rows and 227 dead rows; 3742 rows in sample, 137229182 estimated total rows
psql:analyze_script_6.sql:26: INFO:  "psp_ledger_balance_p4": scanned 3740 of 3782722 pages, containing 135632 live rows and 223 dead rows; 3740 rows in sample, 137181324 estimated total rows
psql:analyze_script_6.sql:26: INFO:  "psp_ledger_balance_p5": scanned 3790 of 3833816 pages, containing 137526 live rows and 148 dead rows; 3790 rows in sample, 139115931 estimated total rows
psql:analyze_script_6.sql:26: INFO:  "psp_ledger_balance_p6": scanned 3697 of 3739138 pages, containing 134078 live rows and 183 dead rows; 3697 rows in sample, 135606206 estimated total rows
psql:analyze_script_6.sql:26: INFO:  "psp_ledger_balance_p7": scanned 3747 of 3789826 pages, containing 135924 live rows and 110 dead rows; 3747 rows in sample, 137477531 estimated total rows
psql:analyze_script_6.sql:26: INFO:  analyzing "pspadm.psp_ledger_balance_p0"
psql:analyze_script_6.sql:26: INFO:  "psp_ledger_balance_p0": scanned 30000 of 3800203 pages, containing 1087940 live rows and 1542 dead rows; 30000 rows in sample, 137813095 estimated total rows
psql:analyze_script_6.sql:26: INFO:  analyzing "pspadm.psp_ledger_balance_p1"
psql:analyze_script_6.sql:26: INFO:  "psp_ledger_balance_p1": scanned 30000 of 3811035 pages, containing 1087916 live rows and 1603 dead rows; 30000 rows in sample, 138202865 estimated total rows
psql:analyze_script_6.sql:26: INFO:  analyzing "pspadm.psp_ledger_balance_p2"
psql:analyze_script_6.sql:26: INFO:  "psp_ledger_balance_p2": scanned 30000 of 3802371 pages, containing 1087375 live rows and 1866 dead rows; 30000 rows in sample, 137820106 estimated total rows
psql:analyze_script_6.sql:26: INFO:  analyzing "pspadm.psp_ledger_balance_p3"
psql:analyze_script_6.sql:26: INFO:  "psp_ledger_balance_p3": scanned 30000 of 3784419 pages, containing 1087430 live rows and 2052 dead rows; 30000 rows in sample, 137176358 estimated total rows
psql:analyze_script_6.sql:26: INFO:  analyzing "pspadm.psp_ledger_balance_p4"
psql:analyze_script_6.sql:26: INFO:  "psp_ledger_balance_p4": scanned 30000 of 3782722 pages, containing 1088213 live rows and 1459 dead rows; 30000 rows in sample, 137213575 estimated total rows
psql:analyze_script_6.sql:26: INFO:  analyzing "pspadm.psp_ledger_balance_p5"
psql:analyze_script_6.sql:26: INFO:  "psp_ledger_balance_p5": scanned 30000 of 3833816 pages, containing 1088368 live rows and 1534 dead rows; 30000 rows in sample, 139086755 estimated total rows
psql:analyze_script_6.sql:26: INFO:  analyzing "pspadm.psp_ledger_balance_p6"
psql:analyze_script_6.sql:26: INFO:  "psp_ledger_balance_p6": scanned 30000 of 3739138 pages, containing 1087900 live rows and 1737 dead rows; 30000 rows in sample, 135593608 estimated total rows
psql:analyze_script_6.sql:26: INFO:  analyzing "pspadm.psp_ledger_balance_p7"
psql:analyze_script_6.sql:26: INFO:  "psp_ledger_balance_p7": scanned 30000 of 3789826 pages, containing 1087258 live rows and 2165 dead rows; 30000 rows in sample, 137350621 estimated total rows
ANALYZE
psql:analyze_script_6.sql:27: INFO:  analyzing "pspadm.psp_ledger_balance_p0"
psql:analyze_script_6.sql:27: INFO:  "psp_ledger_balance_p0": scanned 30000 of 3800203 pages, containing 1088163 live rows and 1629 dead rows; 30000 rows in sample, 137841343 estimated total rows
ANALYZE
psql:analyze_script_6.sql:28: INFO:  analyzing "pspadm.psp_ledger_balance_p1"
psql:analyze_script_6.sql:28: INFO:  "psp_ledger_balance_p1": scanned 30000 of 3811035 pages, containing 1088465 live rows and 1494 dead rows; 30000 rows in sample, 138272607 estimated total rows
ANALYZE
psql:analyze_script_6.sql:29: INFO:  analyzing "pspadm.psp_ledger_balance_p2"
psql:analyze_script_6.sql:29: INFO:  "psp_ledger_balance_p2": scanned 30000 of 3802371 pages, containing 1088182 live rows and 1289 dead rows; 30000 rows in sample, 137922389 estimated total rows
ANALYZE
psql:analyze_script_6.sql:30: INFO:  analyzing "pspadm.psp_ledger_balance_p3"
psql:analyze_script_6.sql:30: INFO:  "psp_ledger_balance_p3": scanned 30000 of 3784419 pages, containing 1087898 live rows and 1494 dead rows; 30000 rows in sample, 137235395 estimated total rows
ANALYZE
psql:analyze_script_6.sql:31: INFO:  analyzing "pspadm.psp_ledger_balance_p4"
psql:analyze_script_6.sql:31: INFO:  "psp_ledger_balance_p4": scanned 30000 of 3782722 pages, containing 1088026 live rows and 1594 dead rows; 30000 rows in sample, 137189996 estimated total rows
ANALYZE
psql:analyze_script_6.sql:32: INFO:  analyzing "pspadm.psp_ledger_balance_p5"
psql:analyze_script_6.sql:32: INFO:  "psp_ledger_balance_p5": scanned 30000 of 3833816 pages, containing 1088441 live rows and 1275 dead rows; 30000 rows in sample, 139096084 estimated total rows
ANALYZE
psql:analyze_script_6.sql:33: INFO:  analyzing "pspadm.psp_ledger_balance_p6"
psql:analyze_script_6.sql:33: INFO:  "psp_ledger_balance_p6": scanned 30000 of 3739138 pages, containing 1087713 live rows and 1757 dead rows; 30000 rows in sample, 135570300 estimated total rows
ANALYZE
psql:analyze_script_6.sql:34: INFO:  analyzing "pspadm.psp_ledger_balance_p7"
psql:analyze_script_6.sql:34: INFO:  "psp_ledger_balance_p7": scanned 30000 of 3789826 pages, containing 1087809 live rows and 1612 dead rows; 30000 rows in sample, 137420228 estimated total rows
ANALYZE
psql:analyze_script_6.sql:35: INFO:  analyzing "pspadm.psp_ledger_operation"
psql:analyze_script_6.sql:35: INFO:  "psp_ledger_operation": scanned 30000 of 1592712 pages, containing 732128 live rows and 3896 dead rows; 30000 rows in sample, 38868968 estimated total rows
ANALYZE
psql:analyze_script_6.sql:36: INFO:  analyzing "pspadm.psp_ledger_operation_job"
psql:analyze_script_6.sql:36: INFO:  "psp_ledger_operation_job": scanned 553 of 553 pages, containing 7006 live rows and 18 dead rows; 7006 rows in sample, 7006 estimated total rows
ANALYZE
psql:analyze_script_6.sql:37: INFO:  analyzing "pspadm.psp_liab_check_billing_assoc"
psql:analyze_script_6.sql:37: INFO:  "psp_liab_check_billing_assoc": scanned 30000 of 3153667 pages, containing 1228103 live rows and 24 dead rows; 30000 rows in sample, 129100930 estimated total rows
ANALYZE
psql:analyze_script_6.sql:38: INFO:  analyzing "pspadm.psp_liability_adjustment"
psql:analyze_script_6.sql:38: INFO:  "psp_liability_adjustment": scanned 30000 of 2488839 pages, containing 806129 live rows and 107 dead rows; 30000 rows in sample, 66877510 estimated total rows
ANALYZE
psql:analyze_script_6.sql:39: INFO:  analyzing "pspadm.psp_liability_check"
psql:analyze_script_6.sql:39: INFO:  "psp_liability_check": scanned 30000 of 4677892 pages, containing 970371 live rows and 755 dead rows; 30000 rows in sample, 151309691 estimated total rows
ANALYZE
psql:analyze_script_6.sql:40: INFO:  analyzing "pspadm.psp_liability_check_line"
psql:analyze_script_6.sql:40: INFO:  "psp_liability_check_line": scanned 30000 of 11256836 pages, containing 1265674 live rows and 574 dead rows; 30000 rows in sample, 474916155 estimated total rows
ANALYZE
psql:analyze_script_6.sql:41: INFO:  analyzing "pspadm.psp_limit_rule"
psql:analyze_script_6.sql:41: INFO:  "psp_limit_rule": scanned 1 of 1 pages, containing 6 live rows and 0 dead rows; 6 rows in sample, 6 estimated total rows
ANALYZE
psql:analyze_script_6.sql:42: INFO:  analyzing "pspadm.psp_limit_value"
psql:analyze_script_6.sql:42: INFO:  "psp_limit_value": scanned 4 of 4 pages, containing 135 live rows and 0 dead rows; 135 rows in sample, 135 estimated total rows
ANALYZE
psql:analyze_script_6.sql:43: INFO:  analyzing "pspadm.psp_manual_requirement"
psql:analyze_script_6.sql:43: INFO:  "psp_manual_requirement": scanned 1 of 1 pages, containing 35 live rows and 0 dead rows; 35 rows in sample, 35 estimated total rows
ANALYZE
psql:analyze_script_6.sql:44: INFO:  analyzing "pspadm.psp_message_log"
psql:analyze_script_6.sql:44: INFO:  "psp_message_log": scanned 30000 of 37801 pages, containing 339228 live rows and 13 dead rows; 30000 rows in sample, 427439 estimated total rows
ANALYZE
psql:analyze_script_6.sql:45: INFO:  analyzing "pspadm.psp_money_movement_transaction" inheritance tree
psql:analyze_script_6.sql:45: INFO:  "psp_money_movement_transaction_p0": scanned 3759 of 7245352 pages, containing 96597 live rows and 284 dead rows; 3759 rows in sample, 186187621 estimated total rows
psql:analyze_script_6.sql:45: INFO:  "psp_money_movement_transaction_p1": scanned 3769 of 7263235 pages, containing 96909 live rows and 344 dead rows; 3769 rows in sample, 186753208 estimated total rows
psql:analyze_script_6.sql:45: INFO:  "psp_money_movement_transaction_p2": scanned 3718 of 7165315 pages, containing 95740 live rows and 280 dead rows; 3718 rows in sample, 184509752 estimated total rows
psql:analyze_script_6.sql:45: INFO:  "psp_money_movement_transaction_p3": scanned 3746 of 7220482 pages, containing 96249 live rows and 320 dead rows; 3746 rows in sample, 185521669 estimated total rows
psql:analyze_script_6.sql:45: INFO:  "psp_money_movement_transaction_p4": scanned 3744 of 7215106 pages, containing 95921 live rows and 319 dead rows; 3744 rows in sample, 184850476 estimated total rows
psql:analyze_script_6.sql:45: INFO:  "psp_money_movement_transaction_p5": scanned 3772 of 7269549 pages, containing 96961 live rows and 313 dead rows; 3772 rows in sample, 186867110 estimated total rows
psql:analyze_script_6.sql:45: INFO:  "psp_money_movement_transaction_p6": scanned 3672 of 7077890 pages, containing 94148 live rows and 486 dead rows; 3672 rows in sample, 181473090 estimated total rows
psql:analyze_script_6.sql:45: INFO:  "psp_money_movement_transaction_p7": scanned 3820 of 7363202 pages, containing 97252 live rows and 130 dead rows; 3820 rows in sample, 187457100 estimated total rows
psql:analyze_script_6.sql:45: INFO:  analyzing "pspadm.psp_money_movement_transaction_p0"
psql:analyze_script_6.sql:45: INFO:  "psp_money_movement_transaction_p0": scanned 30000 of 7245352 pages, containing 770627 live rows and 2542 dead rows; 30000 rows in sample, 186115463 estimated total rows
psql:analyze_script_6.sql:45: INFO:  analyzing "pspadm.psp_money_movement_transaction_p1"
psql:analyze_script_6.sql:45: INFO:  "psp_money_movement_transaction_p1": scanned 30000 of 7263235 pages, containing 770766 live rows and 2618 dead rows; 30000 rows in sample, 186608486 estimated total rows
psql:analyze_script_6.sql:45: INFO:  analyzing "pspadm.psp_money_movement_transaction_p2"
psql:analyze_script_6.sql:45: INFO:  "psp_money_movement_transaction_p2": scanned 30000 of 7165315 pages, containing 772069 live rows and 2751 dead rows; 30000 rows in sample, 184403920 estimated total rows
psql:analyze_script_6.sql:45: INFO:  analyzing "pspadm.psp_money_movement_transaction_p3"
psql:analyze_script_6.sql:45: INFO:  "psp_money_movement_transaction_p3": scanned 30000 of 7220482 pages, containing 770653 live rows and 2922 dead rows; 30000 rows in sample, 185482870 estimated total rows
psql:analyze_script_6.sql:45: INFO:  analyzing "pspadm.psp_money_movement_transaction_p4"
psql:analyze_script_6.sql:45: INFO:  "psp_money_movement_transaction_p4": scanned 30000 of 7215106 pages, containing 771134 live rows and 2862 dead rows; 30000 rows in sample, 185460452 estimated total rows
psql:analyze_script_6.sql:45: INFO:  analyzing "pspadm.psp_money_movement_transaction_p5"
psql:analyze_script_6.sql:45: INFO:  "psp_money_movement_transaction_p5": scanned 30000 of 7269549 pages, containing 773796 live rows and 2878 dead rows; 30000 rows in sample, 187504931 estimated total rows
psql:analyze_script_6.sql:45: INFO:  analyzing "pspadm.psp_money_movement_transaction_p6"
psql:analyze_script_6.sql:45: INFO:  "psp_money_movement_transaction_p6": scanned 30000 of 7077890 pages, containing 771602 live rows and 2731 dead rows; 30000 rows in sample, 182043803 estimated total rows
psql:analyze_script_6.sql:45: INFO:  analyzing "pspadm.psp_money_movement_transaction_p7"
psql:analyze_script_6.sql:45: INFO:  "psp_money_movement_transaction_p7": scanned 30000 of 7363202 pages, containing 765639 live rows and 1556 dead rows; 30000 rows in sample, 187918487 estimated total rows
ANALYZE
psql:analyze_script_6.sql:46: INFO:  analyzing "pspadm.psp_money_movement_transaction_p0"
psql:analyze_script_6.sql:46: INFO:  "psp_money_movement_transaction_p0": scanned 30000 of 7245352 pages, containing 771121 live rows and 2550 dead rows; 30000 rows in sample, 186234769 estimated total rows
ANALYZE
psql:analyze_script_6.sql:47: INFO:  analyzing "pspadm.psp_money_movement_transaction_p1"
psql:analyze_script_6.sql:47: INFO:  "psp_money_movement_transaction_p1": scanned 30000 of 7263235 pages, containing 769819 live rows and 2915 dead rows; 30000 rows in sample, 186379210 estimated total rows
ANALYZE
psql:analyze_script_6.sql:48: INFO:  analyzing "pspadm.psp_money_movement_transaction_p2"
psql:analyze_script_6.sql:48: INFO:  "psp_money_movement_transaction_p2": scanned 30000 of 7165315 pages, containing 770844 live rows and 2640 dead rows; 30000 rows in sample, 184111336 estimated total rows
ANALYZE
psql:analyze_script_6.sql:49: INFO:  analyzing "pspadm.psp_money_movement_transaction_p3"
psql:analyze_script_6.sql:49: INFO:  "psp_money_movement_transaction_p3": scanned 30000 of 7220482 pages, containing 769835 live rows and 2620 dead rows; 30000 rows in sample, 185285992 estimated total rows
ANALYZE
psql:analyze_script_6.sql:50: INFO:  analyzing "pspadm.psp_money_movement_transaction_p4"
psql:analyze_script_6.sql:50: INFO:  "psp_money_movement_transaction_p4": scanned 30000 of 7215106 pages, containing 769384 live rows and 2899 dead rows; 30000 rows in sample, 185039570 estimated total rows
ANALYZE
psql:analyze_script_6.sql:51: INFO:  analyzing "pspadm.psp_money_movement_transaction_p5"
psql:analyze_script_6.sql:51: INFO:  "psp_money_movement_transaction_p5": scanned 30000 of 7269549 pages, containing 774435 live rows and 2688 dead rows; 30000 rows in sample, 187659773 estimated total rows
ANALYZE
psql:analyze_script_6.sql:52: INFO:  analyzing "pspadm.psp_money_movement_transaction_p6"
psql:analyze_script_6.sql:52: INFO:  "psp_money_movement_transaction_p6": scanned 30000 of 7077890 pages, containing 769820 live rows and 3037 dead rows; 30000 rows in sample, 181623376 estimated total rows
ANALYZE
psql:analyze_script_6.sql:53: INFO:  analyzing "pspadm.psp_money_movement_transaction_p7"
psql:analyze_script_6.sql:53: INFO:  "psp_money_movement_transaction_p7": scanned 30000 of 7363202 pages, containing 766345 live rows and 1449 dead rows; 30000 rows in sample, 188091768 estimated total rows
ANALYZE
psql:analyze_script_6.sql:54: INFO:  analyzing "pspadm.psp_nachafile"
psql:analyze_script_6.sql:54: INFO:  "psp_nachafile": scanned 992 of 992 pages, containing 33624 live rows and 0 dead rows; 30000 rows in sample, 33624 estimated total rows
ANALYZE
psql:analyze_script_6.sql:55: INFO:  analyzing "pspadm.psp_offer"
psql:analyze_script_6.sql:55: INFO:  "psp_offer": scanned 44 of 44 pages, containing 48 live rows and 0 dead rows; 48 rows in sample, 48 estimated total rows
ANALYZE
psql:analyze_script_6.sql:56: INFO:  analyzing "pspadm.psp_offer_price"
psql:analyze_script_6.sql:56: INFO:  "psp_offer_price": scanned 43 of 43 pages, containing 33 live rows and 0 dead rows; 33 rows in sample, 33 estimated total rows
ANALYZE
psql:analyze_script_6.sql:57: INFO:  analyzing "pspadm.psp_offer_svcchg_assoc"
psql:analyze_script_6.sql:57: INFO:  "psp_offer_svcchg_assoc": scanned 29 of 29 pages, containing 2170 live rows and 0 dead rows; 2170 rows in sample, 2170 estimated total rows
ANALYZE
psql:analyze_script_6.sql:58: INFO:  analyzing "pspadm.psp_offering"
psql:analyze_script_6.sql:58: INFO:  "psp_offering": scanned 24 of 24 pages, containing 92 live rows and 0 dead rows; 92 rows in sample, 92 estimated total rows
ANALYZE
psql:analyze_script_6.sql:59: INFO:  analyzing "pspadm.psp_offering_svcchg"
psql:analyze_script_6.sql:59: INFO:  "psp_offering_svcchg": scanned 353 of 353 pages, containing 1438 live rows and 0 dead rows; 1438 rows in sample, 1438 estimated total rows
ANALYZE
psql:analyze_script_6.sql:60: INFO:  analyzing "pspadm.psp_offering_svcchg_grp"
psql:analyze_script_6.sql:60: INFO:  "psp_offering_svcchg_grp": scanned 415 of 415 pages, containing 1430 live rows and 0 dead rows; 1430 rows in sample, 1430 estimated total rows
ANALYZE
psql:analyze_script_6.sql:61: INFO:  analyzing "pspadm.psp_offload_batch"
psql:analyze_script_6.sql:61: INFO:  "psp_offload_batch": scanned 447 of 447 pages, containing 19208 live rows and 19 dead rows; 19208 rows in sample, 19208 estimated total rows
ANALYZE
psql:analyze_script_6.sql:62: INFO:  analyzing "pspadm.psp_offload_group"
psql:analyze_script_6.sql:62: INFO:  "psp_offload_group": scanned 1 of 1 pages, containing 4 live rows and 0 dead rows; 4 rows in sample, 4 estimated total rows
ANALYZE
psql:analyze_script_6.sql:63: INFO:  analyzing "pspadm.psp_on_hold_reason"
psql:analyze_script_6.sql:63: INFO:  "psp_on_hold_reason": scanned 16302 of 16302 pages, containing 637641 live rows and 0 dead rows; 30000 rows in sample, 637641 estimated total rows
ANALYZE
psql:analyze_script_6.sql:64: INFO:  analyzing "pspadm.psp_ownership_type"
psql:analyze_script_6.sql:64: INFO:  "psp_ownership_type": scanned 3 of 3 pages, containing 12 live rows and 0 dead rows; 12 rows in sample, 12 estimated total rows
ANALYZE
psql:analyze_script_6.sql:65: INFO:  analyzing "pspadm.psp_pay_item"
psql:analyze_script_6.sql:65: INFO:  "psp_pay_item": scanned 0 of 0 pages, containing 0 live rows and 0 dead rows; 0 rows in sample, 0 estimated total rows
ANALYZE
psql:analyze_script_6.sql:66: INFO:  analyzing "pspadm.psp_paycheck" inheritance tree
psql:analyze_script_6.sql:66: INFO:  "psp_paycheck_p0": scanned 1860 of 5547010 pages, containing 40336 live rows and 158 dead rows; 1860 rows in sample, 120292578 estimated total rows
psql:analyze_script_6.sql:66: INFO:  "psp_paycheck_p1": scanned 1878 of 5599490 pages, containing 40834 live rows and 99 dead rows; 1878 rows in sample, 121751637 estimated total rows
psql:analyze_script_6.sql:66: INFO:  "psp_paycheck_p2": scanned 1877 of 5596674 pages, containing 40913 live rows and 61 dead rows; 1877 rows in sample, 121990796 estimated total rows
psql:analyze_script_6.sql:66: INFO:  "psp_paycheck_p3": scanned 1869 of 5574659 pages, containing 40615 live rows and 101 dead rows; 1869 rows in sample, 121142202 estimated total rows
psql:analyze_script_6.sql:66: INFO:  "psp_paycheck_p4": scanned 1897 of 5658882 pages, containing 41278 live rows and 126 dead rows; 1897 rows in sample, 123135125 estimated total rows
psql:analyze_script_6.sql:66: INFO:  "psp_paycheck_p5": scanned 1887 of 5626371 pages, containing 40736 live rows and 95 dead rows; 1887 rows in sample, 121460439 estimated total rows
psql:analyze_script_6.sql:66: INFO:  "psp_paycheck_p6": scanned 1851 of 5519618 pages, containing 40117 live rows and 104 dead rows; 1851 rows in sample, 119627507 estimated total rows
psql:analyze_script_6.sql:66: INFO:  "psp_paycheck_p7": scanned 1883 of 5615874 pages, containing 40916 live rows and 148 dead rows; 1883 rows in sample, 122028200 estimated total rows
psql:analyze_script_6.sql:66: INFO:  "psp_paycheck_p8": scanned 1877 of 5598723 pages, containing 40354 live rows and 110 dead rows; 1877 rows in sample, 120368070 estimated total rows
psql:analyze_script_6.sql:66: INFO:  "psp_paycheck_p9": scanned 1887 of 5626882 pages, containing 40942 live rows and 95 dead rows; 1887 rows in sample, 122085746 estimated total rows
psql:analyze_script_6.sql:66: INFO:  "psp_paycheck_p10": scanned 1858 of 5540101 pages, containing 40431 live rows and 55 dead rows; 1858 rows in sample, 120555341 estimated total rows
psql:analyze_script_6.sql:66: INFO:  "psp_paycheck_p11": scanned 1882 of 5613315 pages, containing 40826 live rows and 113 dead rows; 1882 rows in sample, 121768968 estimated total rows
psql:analyze_script_6.sql:66: INFO:  "psp_paycheck_p12": scanned 1876 of 5594628 pages, containing 40061 live rows and 92 dead rows; 1876 rows in sample, 119470358 estimated total rows
psql:analyze_script_6.sql:66: INFO:  "psp_paycheck_p13": scanned 1883 of 5617154 pages, containing 41407 live rows and 71 dead rows; 1883 rows in sample, 123520709 estimated total rows
psql:analyze_script_6.sql:66: INFO:  "psp_paycheck_p14": scanned 1853 of 5527042 pages, containing 39620 live rows and 45 dead rows; 1853 rows in sample, 118176689 estimated total rows
psql:analyze_script_6.sql:66: INFO:  "psp_paycheck_p15": scanned 1882 of 5613059 pages, containing 40303 live rows and 120 dead rows; 1882 rows in sample, 120203569 estimated total rows
psql:analyze_script_6.sql:66: INFO:  analyzing "pspadm.psp_paycheck_p0"
psql:analyze_script_6.sql:66: INFO:  "psp_paycheck_p0": scanned 30000 of 5547010 pages, containing 648661 live rows and 1957 dead rows; 30000 rows in sample, 119937635 estimated total rows
psql:analyze_script_6.sql:66: INFO:  analyzing "pspadm.psp_paycheck_p1"
psql:analyze_script_6.sql:66: INFO:  "psp_paycheck_p1": scanned 30000 of 5599490 pages, containing 650106 live rows and 1770 dead rows; 30000 rows in sample, 121342068 estimated total rows
psql:analyze_script_6.sql:66: INFO:  analyzing "pspadm.psp_paycheck_p2"
psql:analyze_script_6.sql:66: INFO:  "psp_paycheck_p2": scanned 30000 of 5596674 pages, containing 649790 live rows and 1819 dead rows; 30000 rows in sample, 121222093 estimated total rows
psql:analyze_script_6.sql:66: INFO:  analyzing "pspadm.psp_paycheck_p3"
psql:analyze_script_6.sql:66: INFO:  "psp_paycheck_p3": scanned 30000 of 5574659 pages, containing 648207 live rows and 1914 dead rows; 30000 rows in sample, 120451100 estimated total rows
psql:analyze_script_6.sql:66: INFO:  analyzing "pspadm.psp_paycheck_p4"
psql:analyze_script_6.sql:66: INFO:  "psp_paycheck_p4": scanned 30000 of 5658882 pages, containing 650933 live rows and 1713 dead rows; 30000 rows in sample, 122785101 estimated total rows
psql:analyze_script_6.sql:66: INFO:  analyzing "pspadm.psp_paycheck_p5"
psql:analyze_script_6.sql:66: INFO:  "psp_paycheck_p5": scanned 30000 of 5626371 pages, containing 651673 live rows and 1677 dead rows; 30000 rows in sample, 122218469 estimated total rows
psql:analyze_script_6.sql:66: INFO:  analyzing "pspadm.psp_paycheck_p6"
psql:analyze_script_6.sql:66: INFO:  "psp_paycheck_p6": scanned 30000 of 5519618 pages, containing 645700 live rows and 1928 dead rows; 30000 rows in sample, 118800578 estimated total rows
psql:analyze_script_6.sql:66: INFO:  analyzing "pspadm.psp_paycheck_p7"
psql:analyze_script_6.sql:66: INFO:  "psp_paycheck_p7": scanned 30000 of 5615874 pages, containing 649554 live rows and 1792 dead rows; 30000 rows in sample, 121593781 estimated total rows
psql:analyze_script_6.sql:66: INFO:  analyzing "pspadm.psp_paycheck_p8"
psql:analyze_script_6.sql:66: INFO:  "psp_paycheck_p8": scanned 30000 of 5598723 pages, containing 649133 live rows and 1817 dead rows; 30000 rows in sample, 121143862 estimated total rows
psql:analyze_script_6.sql:66: INFO:  analyzing "pspadm.psp_paycheck_p9"
psql:analyze_script_6.sql:66: INFO:  "psp_paycheck_p9": scanned 30000 of 5626882 pages, containing 649450 live rows and 1708 dead rows; 30000 rows in sample, 121812617 estimated total rows
psql:analyze_script_6.sql:66: INFO:  analyzing "pspadm.psp_paycheck_p10"
psql:analyze_script_6.sql:66: INFO:  "psp_paycheck_p10": scanned 30000 of 5540101 pages, containing 652482 live rows and 1863 dead rows; 30000 rows in sample, 120493873 estimated total rows
psql:analyze_script_6.sql:66: INFO:  analyzing "pspadm.psp_paycheck_p11"
psql:analyze_script_6.sql:66: INFO:  "psp_paycheck_p11": scanned 30000 of 5613315 pages, containing 647866 live rows and 1721 dead rows; 30000 rows in sample, 121222531 estimated total rows
psql:analyze_script_6.sql:66: INFO:  analyzing "pspadm.psp_paycheck_p12"
psql:analyze_script_6.sql:66: INFO:  "psp_paycheck_p12": scanned 30000 of 5594628 pages, containing 648688 live rows and 1680 dead rows; 30000 rows in sample, 120972268 estimated total rows
psql:analyze_script_6.sql:66: INFO:  analyzing "pspadm.psp_paycheck_p13"
psql:analyze_script_6.sql:66: INFO:  "psp_paycheck_p13": scanned 30000 of 5617154 pages, containing 648600 live rows and 1945 dead rows; 30000 rows in sample, 121442869 estimated total rows
psql:analyze_script_6.sql:66: INFO:  analyzing "pspadm.psp_paycheck_p14"
psql:analyze_script_6.sql:66: INFO:  "psp_paycheck_p14": scanned 30000 of 5527042 pages, containing 641481 live rows and 661 dead rows; 30000 rows in sample, 118183081 estimated total rows
psql:analyze_script_6.sql:66: INFO:  analyzing "pspadm.psp_paycheck_p15"
psql:analyze_script_6.sql:66: INFO:  "psp_paycheck_p15": scanned 30000 of 5613059 pages, containing 649232 live rows and 2012 dead rows; 30000 rows in sample, 121472584 estimated total rows
ANALYZE
psql:analyze_script_6.sql:67: INFO:  analyzing "pspadm.psp_paycheck_p0"
psql:analyze_script_6.sql:67: INFO:  "psp_paycheck_p0": scanned 30000 of 5547010 pages, containing 648540 live rows and 1735 dead rows; 30000 rows in sample, 119915262 estimated total rows
ANALYZE
psql:analyze_script_6.sql:68: INFO:  analyzing "pspadm.psp_paycheck_p1"
psql:analyze_script_6.sql:68: INFO:  "psp_paycheck_p1": scanned 30000 of 5599490 pages, containing 650531 live rows and 1891 dead rows; 30000 rows in sample, 121421394 estimated total rows
ANALYZE
psql:analyze_script_6.sql:69: INFO:  analyzing "pspadm.psp_paycheck_p10"
psql:analyze_script_6.sql:69: INFO:  "psp_paycheck_p10": scanned 30000 of 5540101 pages, containing 651712 live rows and 1583 dead rows; 30000 rows in sample, 120351677 estimated total rows
ANALYZE
psql:analyze_script_6.sql:70: INFO:  analyzing "pspadm.psp_paycheck_p11"
psql:analyze_script_6.sql:70: INFO:  "psp_paycheck_p11": scanned 30000 of 5613315 pages, containing 648651 live rows and 1656 dead rows; 30000 rows in sample, 121369413 estimated total rows
ANALYZE
psql:analyze_script_6.sql:71: INFO:  analyzing "pspadm.psp_paycheck_p12"
psql:analyze_script_6.sql:71: INFO:  "psp_paycheck_p12": scanned 30000 of 5594628 pages, containing 647849 live rows and 1755 dead rows; 30000 rows in sample, 120815805 estimated total rows
ANALYZE
psql:analyze_script_6.sql:72: INFO:  analyzing "pspadm.psp_paycheck_p13"
psql:analyze_script_6.sql:72: INFO:  "psp_paycheck_p13": scanned 30000 of 5617154 pages, containing 650708 live rows and 1707 dead rows; 30000 rows in sample, 121837568 estimated total rows
ANALYZE
psql:analyze_script_6.sql:73: INFO:  analyzing "pspadm.psp_paycheck_p14"
psql:analyze_script_6.sql:73: INFO:  "psp_paycheck_p14": scanned 30000 of 5527042 pages, containing 644655 live rows and 705 dead rows; 30000 rows in sample, 118767842 estimated total rows
ANALYZE
psql:analyze_script_6.sql:74: INFO:  analyzing "pspadm.psp_paycheck_p15"
psql:analyze_script_6.sql:74: INFO:  "psp_paycheck_p15": scanned 30000 of 5613059 pages, containing 649906 live rows and 1744 dead rows; 30000 rows in sample, 121598691 estimated total rows
ANALYZE
psql:analyze_script_6.sql:75: INFO:  analyzing "pspadm.psp_paycheck_p2"
psql:analyze_script_6.sql:75: INFO:  "psp_paycheck_p2": scanned 30000 of 5596674 pages, containing 651581 live rows and 1703 dead rows; 30000 rows in sample, 121556215 estimated total rows
ANALYZE
psql:analyze_script_6.sql:76: INFO:  analyzing "pspadm.psp_paycheck_p3"
psql:analyze_script_6.sql:76: INFO:  "psp_paycheck_p3": scanned 30000 of 5574659 pages, containing 647366 live rows and 1834 dead rows; 30000 rows in sample, 120294823 estimated total rows
ANALYZE
psql:analyze_script_6.sql:77: INFO:  analyzing "pspadm.psp_paycheck_p4"
psql:analyze_script_6.sql:77: INFO:  "psp_paycheck_p4": scanned 30000 of 5658882 pages, containing 651167 live rows and 2035 dead rows; 30000 rows in sample, 122829241 estimated total rows
ANALYZE
psql:analyze_script_6.sql:78: INFO:  analyzing "pspadm.psp_paycheck_p5"
psql:analyze_script_6.sql:78: INFO:  "psp_paycheck_p5": scanned 30000 of 5626371 pages, containing 649544 live rows and 1971 dead rows; 30000 rows in sample, 121819184 estimated total rows
ANALYZE
psql:analyze_script_6.sql:79: INFO:  analyzing "pspadm.psp_paycheck_p6"
psql:analyze_script_6.sql:79: INFO:  "psp_paycheck_p6": scanned 30000 of 5519618 pages, containing 648974 live rows and 1822 dead rows; 30000 rows in sample, 119402952 estimated total rows
ANALYZE
psql:analyze_script_6.sql:80: INFO:  analyzing "pspadm.psp_paycheck_p7"
psql:analyze_script_6.sql:80: INFO:  "psp_paycheck_p7": scanned 30000 of 5615874 pages, containing 649287 live rows and 1976 dead rows; 30000 rows in sample, 121543799 estimated total rows
ANALYZE
psql:analyze_script_6.sql:81: INFO:  analyzing "pspadm.psp_paycheck_p8"
psql:analyze_script_6.sql:81: INFO:  "psp_paycheck_p8": scanned 30000 of 5598723 pages, containing 649407 live rows and 1809 dead rows; 30000 rows in sample, 121194997 estimated total rows
ANALYZE
psql:analyze_script_6.sql:82: INFO:  analyzing "pspadm.psp_paycheck_p9"
psql:analyze_script_6.sql:82: INFO:  "psp_paycheck_p9": scanned 30000 of 5626882 pages, containing 650426 live rows and 2002 dead rows; 30000 rows in sample, 121995678 estimated total rows
ANALYZE
psql:analyze_script_6.sql:83: INFO:  analyzing "pspadm.psp_paycheck_split" inheritance tree
psql:analyze_script_6.sql:83: INFO:  "psp_paycheck_split_p0": scanned 1878 of 3092739 pages, containing 45694 live rows and 0 dead rows; 1878 rows in sample, 75250062 estimated total rows
psql:analyze_script_6.sql:83: INFO:  "psp_paycheck_split_p1": scanned 1878 of 3091970 pages, containing 45527 live rows and 0 dead rows; 1878 rows in sample, 74956399 estimated total rows
psql:analyze_script_6.sql:83: INFO:  "psp_paycheck_split_p2": scanned 1871 of 3081219 pages, containing 45941 live rows and 0 dead rows; 1871 rows in sample, 75657019 estimated total rows
psql:analyze_script_6.sql:83: INFO:  "psp_paycheck_split_p3": scanned 1877 of 3090947 pages, containing 45595 live rows and 0 dead rows; 1877 rows in sample, 75083499 estimated total rows
psql:analyze_script_6.sql:83: INFO:  "psp_paycheck_split_p4": scanned 1856 of 3056131 pages, containing 45371 live rows and 0 dead rows; 1856 rows in sample, 74708901 estimated total rows
psql:analyze_script_6.sql:83: INFO:  "psp_paycheck_split_p5": scanned 1886 of 3104515 pages, containing 46016 live rows and 0 dead rows; 1886 rows in sample, 75746215 estimated total rows
psql:analyze_script_6.sql:83: INFO:  "psp_paycheck_split_p6": scanned 1858 of 3058690 pages, containing 45239 live rows and 0 dead rows; 1858 rows in sample, 74473669 estimated total rows
psql:analyze_script_6.sql:83: INFO:  "psp_paycheck_split_p7": scanned 1905 of 3136516 pages, containing 46855 live rows and 0 dead rows; 1905 rows in sample, 77145122 estimated total rows
psql:analyze_script_6.sql:83: INFO:  "psp_paycheck_split_p8": scanned 1877 of 3089666 pages, containing 45601 live rows and 0 dead rows; 1877 rows in sample, 75062259 estimated total rows
psql:analyze_script_6.sql:83: INFO:  "psp_paycheck_split_p9": scanned 1891 of 3112707 pages, containing 46243 live rows and 0 dead rows; 1891 rows in sample, 76118937 estimated total rows
psql:analyze_script_6.sql:83: INFO:  "psp_paycheck_split_p10": scanned 1849 of 3044356 pages, containing 45642 live rows and 0 dead rows; 1849 rows in sample, 75148998 estimated total rows
psql:analyze_script_6.sql:83: INFO:  "psp_paycheck_split_p11": scanned 1880 of 3095044 pages, containing 46131 live rows and 0 dead rows; 1880 rows in sample, 75945465 estimated total rows
psql:analyze_script_6.sql:83: INFO:  "psp_paycheck_split_p12": scanned 1881 of 3096835 pages, containing 45958 live rows and 0 dead rows; 1881 rows in sample, 75664191 estimated total rows
psql:analyze_script_6.sql:83: INFO:  "psp_paycheck_split_p13": scanned 1895 of 3120643 pages, containing 46327 live rows and 0 dead rows; 1895 rows in sample, 76290252 estimated total rows
psql:analyze_script_6.sql:83: INFO:  "psp_paycheck_split_p14": scanned 1829 of 3011331 pages, containing 44587 live rows and 0 dead rows; 1829 rows in sample, 73409631 estimated total rows
psql:analyze_script_6.sql:83: INFO:  "psp_paycheck_split_p15": scanned 1889 of 3110403 pages, containing 46155 live rows and 0 dead rows; 1889 rows in sample, 75998227 estimated total rows
psql:analyze_script_6.sql:83: INFO:  analyzing "pspadm.psp_paycheck_split_p0"
psql:analyze_script_6.sql:83: INFO:  "psp_paycheck_split_p0": scanned 30000 of 3092739 pages, containing 731295 live rows and 0 dead rows; 30000 rows in sample, 75390152 estimated total rows
psql:analyze_script_6.sql:83: INFO:  analyzing "pspadm.psp_paycheck_split_p1"
psql:analyze_script_6.sql:83: INFO:  "psp_paycheck_split_p1": scanned 30000 of 3091970 pages, containing 732125 live rows and 0 dead rows; 30000 rows in sample, 75456951 estimated total rows
psql:analyze_script_6.sql:83: INFO:  analyzing "pspadm.psp_paycheck_split_p2"
psql:analyze_script_6.sql:83: INFO:  "psp_paycheck_split_p2": scanned 30000 of 3081219 pages, containing 732878 live rows and 0 dead rows; 30000 rows in sample, 75271921 estimated total rows
psql:analyze_script_6.sql:83: INFO:  analyzing "pspadm.psp_paycheck_split_p3"
psql:analyze_script_6.sql:83: INFO:  "psp_paycheck_split_p3": scanned 30000 of 3090947 pages, containing 729586 live rows and 0 dead rows; 30000 rows in sample, 75170389 estimated total rows
psql:analyze_script_6.sql:83: INFO:  analyzing "pspadm.psp_paycheck_split_p4"
psql:analyze_script_6.sql:83: INFO:  "psp_paycheck_split_p4": scanned 30000 of 3056131 pages, containing 731380 live rows and 0 dead rows; 30000 rows in sample, 74506436 estimated total rows
psql:analyze_script_6.sql:83: INFO:  analyzing "pspadm.psp_paycheck_split_p5"
psql:analyze_script_6.sql:83: INFO:  "psp_paycheck_split_p5": scanned 30000 of 3104515 pages, containing 733393 live rows and 0 dead rows; 30000 rows in sample, 75894319 estimated total rows
psql:analyze_script_6.sql:83: INFO:  analyzing "pspadm.psp_paycheck_split_p6"
psql:analyze_script_6.sql:83: INFO:  "psp_paycheck_split_p6": scanned 30000 of 3058690 pages, containing 727126 live rows and 0 dead rows; 30000 rows in sample, 74135101 estimated total rows
psql:analyze_script_6.sql:83: INFO:  analyzing "pspadm.psp_paycheck_split_p7"
psql:analyze_script_6.sql:83: INFO:  "psp_paycheck_split_p7": scanned 30000 of 3136516 pages, containing 736714 live rows and 0 dead rows; 30000 rows in sample, 77023842 estimated total rows
psql:analyze_script_6.sql:83: INFO:  analyzing "pspadm.psp_paycheck_split_p8"
psql:analyze_script_6.sql:83: INFO:  "psp_paycheck_split_p8": scanned 30000 of 3089666 pages, containing 730397 live rows and 0 dead rows; 30000 rows in sample, 75222759 estimated total rows
psql:analyze_script_6.sql:83: INFO:  analyzing "pspadm.psp_paycheck_split_p9"
psql:analyze_script_6.sql:83: INFO:  "psp_paycheck_split_p9": scanned 30000 of 3112707 pages, containing 735983 live rows and 0 dead rows; 30000 rows in sample, 76363315 estimated total rows
psql:analyze_script_6.sql:83: INFO:  analyzing "pspadm.psp_paycheck_split_p10"
psql:analyze_script_6.sql:83: INFO:  "psp_paycheck_split_p10": scanned 30000 of 3044356 pages, containing 733630 live rows and 0 dead rows; 30000 rows in sample, 74447696 estimated total rows
psql:analyze_script_6.sql:83: INFO:  analyzing "pspadm.psp_paycheck_split_p11"
psql:analyze_script_6.sql:83: INFO:  "psp_paycheck_split_p11": scanned 30000 of 3095044 pages, containing 727710 live rows and 0 dead rows; 30000 rows in sample, 75076482 estimated total rows
psql:analyze_script_6.sql:83: INFO:  analyzing "pspadm.psp_paycheck_split_p12"
psql:analyze_script_6.sql:83: INFO:  "psp_paycheck_split_p12": scanned 30000 of 3096835 pages, containing 731777 live rows and 0 dead rows; 30000 rows in sample, 75539754 estimated total rows
psql:analyze_script_6.sql:83: INFO:  analyzing "pspadm.psp_paycheck_split_p13"
psql:analyze_script_6.sql:83: INFO:  "psp_paycheck_split_p13": scanned 30000 of 3120643 pages, containing 733628 live rows and 0 dead rows; 30000 rows in sample, 76313036 estimated total rows
psql:analyze_script_6.sql:83: INFO:  analyzing "pspadm.psp_paycheck_split_p14"
psql:analyze_script_6.sql:83: INFO:  "psp_paycheck_split_p14": scanned 30000 of 3011331 pages, containing 729322 live rows and 0 dead rows; 30000 rows in sample, 73207665 estimated total rows
psql:analyze_script_6.sql:83: INFO:  analyzing "pspadm.psp_paycheck_split_p15"
psql:analyze_script_6.sql:83: INFO:  "psp_paycheck_split_p15": scanned 30000 of 3110403 pages, containing 730794 live rows and 0 dead rows; 30000 rows in sample, 75768795 estimated total rows
ANALYZE
psql:analyze_script_6.sql:84: INFO:  analyzing "pspadm.psp_paycheck_split_p0"
psql:analyze_script_6.sql:84: INFO:  "psp_paycheck_split_p0": scanned 30000 of 3092739 pages, containing 732425 live rows and 0 dead rows; 30000 rows in sample, 75506645 estimated total rows
ANALYZE
psql:analyze_script_6.sql:85: INFO:  analyzing "pspadm.psp_paycheck_split_p1"
psql:analyze_script_6.sql:85: INFO:  "psp_paycheck_split_p1": scanned 30000 of 3091970 pages, containing 732813 live rows and 0 dead rows; 30000 rows in sample, 75527860 estimated total rows
ANALYZE
psql:analyze_script_6.sql:86: INFO:  analyzing "pspadm.psp_paycheck_split_p10"
psql:analyze_script_6.sql:86: INFO:  "psp_paycheck_split_p10": scanned 30000 of 3044356 pages, containing 731028 live rows and 0 dead rows; 30000 rows in sample, 74183649 estimated total rows
ANALYZE
psql:analyze_script_6.sql:87: INFO:  analyzing "pspadm.psp_paycheck_split_p11"
psql:analyze_script_6.sql:87: INFO:  "psp_paycheck_split_p11": scanned 30000 of 3095044 pages, containing 730499 live rows and 0 dead rows; 30000 rows in sample, 75364218 estimated total rows
ANALYZE
psql:analyze_script_6.sql:88: INFO:  analyzing "pspadm.psp_paycheck_split_p12"
psql:analyze_script_6.sql:88: INFO:  "psp_paycheck_split_p12": scanned 30000 of 3096835 pages, containing 731706 live rows and 0 dead rows; 30000 rows in sample, 75532425 estimated total rows
ANALYZE
psql:analyze_script_6.sql:89: INFO:  analyzing "pspadm.psp_paycheck_split_p13"
psql:analyze_script_6.sql:89: INFO:  "psp_paycheck_split_p13": scanned 30000 of 3120643 pages, containing 733979 live rows and 0 dead rows; 30000 rows in sample, 76349548 estimated total rows
ANALYZE
psql:analyze_script_6.sql:90: INFO:  analyzing "pspadm.psp_paycheck_split_p14"
psql:analyze_script_6.sql:90: INFO:  "psp_paycheck_split_p14": scanned 30000 of 3011331 pages, containing 727795 live rows and 0 dead rows; 30000 rows in sample, 73054388 estimated total rows
ANALYZE
psql:analyze_script_6.sql:91: INFO:  analyzing "pspadm.psp_paycheck_split_p15"
psql:analyze_script_6.sql:91: INFO:  "psp_paycheck_split_p15": scanned 30000 of 3110403 pages, containing 729072 live rows and 0 dead rows; 30000 rows in sample, 75590258 estimated total rows
ANALYZE
psql:analyze_script_6.sql:92: INFO:  analyzing "pspadm.psp_paycheck_split_p2"
psql:analyze_script_6.sql:92: INFO:  "psp_paycheck_split_p2": scanned 30000 of 3081219 pages, containing 732049 live rows and 0 dead rows; 30000 rows in sample, 75186776 estimated total rows
ANALYZE
psql:analyze_script_6.sql:93: INFO:  analyzing "pspadm.psp_paycheck_split_p3"
psql:analyze_script_6.sql:93: INFO:  "psp_paycheck_split_p3": scanned 30000 of 3090947 pages, containing 730270 live rows and 0 dead rows; 30000 rows in sample, 75240862 estimated total rows
ANALYZE
psql:analyze_script_6.sql:94: INFO:  analyzing "pspadm.psp_paycheck_split_p4"
psql:analyze_script_6.sql:94: INFO:  "psp_paycheck_split_p4": scanned 30000 of 3056131 pages, containing 732751 live rows and 0 dead rows; 30000 rows in sample, 74646102 estimated total rows
ANALYZE
psql:analyze_script_6.sql:95: INFO:  analyzing "pspadm.psp_paycheck_split_p5"
psql:analyze_script_6.sql:95: INFO:  "psp_paycheck_split_p5": scanned 30000 of 3104515 pages, containing 730289 live rows and 0 dead rows; 30000 rows in sample, 75573105 estimated total rows
ANALYZE
psql:analyze_script_6.sql:96: INFO:  analyzing "pspadm.psp_paycheck_split_p6"
psql:analyze_script_6.sql:96: INFO:  "psp_paycheck_split_p6": scanned 30000 of 3058690 pages, containing 728566 live rows and 0 dead rows; 30000 rows in sample, 74281918 estimated total rows
ANALYZE
psql:analyze_script_6.sql:97: INFO:  analyzing "pspadm.psp_paycheck_split_p7"
psql:analyze_script_6.sql:97: INFO:  "psp_paycheck_split_p7": scanned 30000 of 3136516 pages, containing 737013 live rows and 0 dead rows; 30000 rows in sample, 77055102 estimated total rows
ANALYZE
psql:analyze_script_6.sql:98: INFO:  analyzing "pspadm.psp_paycheck_split_p8"
psql:analyze_script_6.sql:98: INFO:  "psp_paycheck_split_p8": scanned 30000 of 3089666 pages, containing 732100 live rows and 0 dead rows; 30000 rows in sample, 75398149 estimated total rows
ANALYZE
psql:analyze_script_6.sql:99: INFO:  analyzing "pspadm.psp_paycheck_split_p9"
psql:analyze_script_6.sql:99: INFO:  "psp_paycheck_split_p9": scanned 30000 of 3112707 pages, containing 733996 live rows and 0 dead rows; 30000 rows in sample, 76157150 estimated total rows
ANALYZE
psql:analyze_script_6.sql:100: INFO:  analyzing "pspadm.psp_paycheck_usage" inheritance tree
psql:analyze_script_6.sql:100: INFO:  "psp_paycheck_usage_2013": scanned 43 of 46836 pages, containing 1128 live rows and 0 dead rows; 43 rows in sample, 1228628 estimated total rows
psql:analyze_script_6.sql:100: INFO:  "psp_paycheck_usage_2014": scanned 567 of 614187 pages, containing 14827 live rows and 0 dead rows; 567 rows in sample, 16060936 estimated total rows
psql:analyze_script_6.sql:100: INFO:  "psp_paycheck_usage_2015": scanned 1266 of 1370538 pages, containing 33032 live rows and 0 dead rows; 1266 rows in sample, 35759567 estimated total rows
psql:analyze_script_6.sql:100: INFO:  "psp_paycheck_usage_2016": scanned 1953 of 2113679 pages, containing 50896 live rows and 0 dead rows; 1953 rows in sample, 55083362 estimated total rows
psql:analyze_script_6.sql:100: INFO:  "psp_paycheck_usage_2017": scanned 2661 of 2880568 pages, containing 69304 live rows and 0 dead rows; 2661 rows in sample, 75022505 estimated total rows
psql:analyze_script_6.sql:100: INFO:  "psp_paycheck_usage_2018": scanned 3193 of 3455780 pages, containing 87503 live rows and 0 dead rows; 3193 rows in sample, 94704390 estimated total rows
psql:analyze_script_6.sql:100: INFO:  "psp_paycheck_usage_2019": scanned 3326 of 3599722 pages, containing 99760 live rows and 0 dead rows; 3326 rows in sample, 107970014 estimated total rows
psql:analyze_script_6.sql:100: INFO:  "psp_paycheck_usage_2020": scanned 3369 of 3646262 pages, containing 101028 live rows and 0 dead rows; 3369 rows in sample, 109342403 estimated total rows
psql:analyze_script_6.sql:100: INFO:  "psp_paycheck_usage_2021": scanned 3531 of 3822155 pages, containing 105874 live rows and 0 dead rows; 3531 rows in sample, 114604032 estimated total rows
psql:analyze_script_6.sql:100: INFO:  "psp_paycheck_usage_2022": scanned 3586 of 3881706 pages, containing 107516 live rows and 0 dead rows; 3586 rows in sample, 116381902 estimated total rows
psql:analyze_script_6.sql:100: INFO:  "psp_paycheck_usage_2023": scanned 3651 of 3951368 pages, containing 109274 live rows and 180 dead rows; 3651 rows in sample, 118263979 estimated total rows
psql:analyze_script_6.sql:100: INFO:  "psp_paycheck_usage_2024": scanned 2853 of 3088386 pages, containing 85292 live rows and 216 dead rows; 2853 rows in sample, 92328994 estimated total rows
psql:analyze_script_6.sql:100: INFO:  analyzing "pspadm.psp_paycheck_usage_2012"
psql:analyze_script_6.sql:100: INFO:  "psp_paycheck_usage_2012": scanned 54 of 54 pages, containing 1416 live rows and 0 dead rows; 1416 rows in sample, 1416 estimated total rows
psql:analyze_script_6.sql:100: INFO:  analyzing "pspadm.psp_paycheck_usage_2013"
psql:analyze_script_6.sql:100: INFO:  "psp_paycheck_usage_2013": scanned 30000 of 46836 pages, containing 785255 live rows and 0 dead rows; 30000 rows in sample, 1225940 estimated total rows
psql:analyze_script_6.sql:100: INFO:  analyzing "pspadm.psp_paycheck_usage_2014"
psql:analyze_script_6.sql:100: INFO:  "psp_paycheck_usage_2014": scanned 30000 of 614187 pages, containing 784553 live rows and 0 dead rows; 30000 rows in sample, 16062075 estimated total rows
psql:analyze_script_6.sql:100: INFO:  analyzing "pspadm.psp_paycheck_usage_2015"
psql:analyze_script_6.sql:100: INFO:  "psp_paycheck_usage_2015": scanned 30000 of 1370538 pages, containing 782862 live rows and 0 dead rows; 30000 rows in sample, 35764737 estimated total rows
psql:analyze_script_6.sql:100: INFO:  analyzing "pspadm.psp_paycheck_usage_2016"
psql:analyze_script_6.sql:100: INFO:  "psp_paycheck_usage_2016": scanned 30000 of 2113679 pages, containing 782034 live rows and 0 dead rows; 30000 rows in sample, 55098961 estimated total rows
psql:analyze_script_6.sql:100: INFO:  analyzing "pspadm.psp_paycheck_usage_2017"
psql:analyze_script_6.sql:100: INFO:  "psp_paycheck_usage_2017": scanned 30000 of 2880568 pages, containing 781533 live rows and 0 dead rows; 30000 rows in sample, 75041965 estimated total rows
psql:analyze_script_6.sql:100: INFO:  analyzing "pspadm.psp_paycheck_usage_2018"
psql:analyze_script_6.sql:100: INFO:  "psp_paycheck_usage_2018": scanned 30000 of 3455780 pages, containing 820347 live rows and 0 dead rows; 30000 rows in sample, 94497959 estimated total rows
psql:analyze_script_6.sql:100: INFO:  analyzing "pspadm.psp_paycheck_usage_2019"
psql:analyze_script_6.sql:100: INFO:  "psp_paycheck_usage_2019": scanned 30000 of 3599722 pages, containing 899573 live rows and 0 dead rows; 30000 rows in sample, 107940424 estimated total rows
psql:analyze_script_6.sql:100: INFO:  analyzing "pspadm.psp_paycheck_usage_2020"
psql:analyze_script_6.sql:100: INFO:  "psp_paycheck_usage_2020": scanned 30000 of 3646262 pages, containing 899452 live rows and 0 dead rows; 30000 rows in sample, 109321255 estimated total rows
psql:analyze_script_6.sql:100: INFO:  analyzing "pspadm.psp_paycheck_usage_2021"
psql:analyze_script_6.sql:100: INFO:  "psp_paycheck_usage_2021": scanned 30000 of 3822155 pages, containing 899529 live rows and 0 dead rows; 30000 rows in sample, 114604642 estimated total rows
psql:analyze_script_6.sql:100: INFO:  analyzing "pspadm.psp_paycheck_usage_2022"
psql:analyze_script_6.sql:100: INFO:  "psp_paycheck_usage_2022": scanned 30000 of 3881706 pages, containing 899486 live rows and 0 dead rows; 30000 rows in sample, 116384673 estimated total rows
psql:analyze_script_6.sql:100: INFO:  analyzing "pspadm.psp_paycheck_usage_2023"
psql:analyze_script_6.sql:100: INFO:  "psp_paycheck_usage_2023": scanned 30000 of 3951368 pages, containing 898198 live rows and 1041 dead rows; 30000 rows in sample, 118303694 estimated total rows
psql:analyze_script_6.sql:100: INFO:  analyzing "pspadm.psp_paycheck_usage_2024"
psql:analyze_script_6.sql:100: INFO:  "psp_paycheck_usage_2024": scanned 30000 of 3088386 pages, containing 897549 live rows and 1620 dead rows; 30000 rows in sample, 92399259 estimated total rows
psql:analyze_script_6.sql:100: INFO:  analyzing "pspadm.psp_paycheck_usage_2025"
psql:analyze_script_6.sql:100: INFO:  "psp_paycheck_usage_2025": scanned 0 of 0 pages, containing 0 live rows and 0 dead rows; 0 rows in sample, 0 estimated total rows
psql:analyze_script_6.sql:100: INFO:  analyzing "pspadm.psp_paycheck_usage_2026"
psql:analyze_script_6.sql:100: INFO:  "psp_paycheck_usage_2026": scanned 0 of 0 pages, containing 0 live rows and 0 dead rows; 0 rows in sample, 0 estimated total rows
ANALYZE
