psql:analyze_script_7.sql:2: ERROR:  syntax error at or near "/"
LINE 1: /timing
        ^
psql:analyze_script_7.sql:3: INFO:  analyzing "pspadm.psp_paycheck_usage_2013"
psql:analyze_script_7.sql:3: INFO:  "psp_paycheck_usage_2013": scanned 0 of 0 pages, containing 0 live rows and 0 dead rows; 0 rows in sample, 0 estimated total rows
ANALYZE
psql:analyze_script_7.sql:4: INFO:  analyzing "pspadm.psp_paycheck_usage_2014"
psql:analyze_script_7.sql:4: INFO:  "psp_paycheck_usage_2014": scanned 0 of 0 pages, containing 0 live rows and 0 dead rows; 0 rows in sample, 0 estimated total rows
ANALYZE
psql:analyze_script_7.sql:5: INFO:  analyzing "pspadm.psp_paycheck_usage_2015"
psql:analyze_script_7.sql:5: INFO:  "psp_paycheck_usage_2015": scanned 0 of 0 pages, containing 0 live rows and 0 dead rows; 0 rows in sample, 0 estimated total rows
ANALYZE
psql:analyze_script_7.sql:6: INFO:  analyzing "pspadm.psp_paycheck_usage_2016"
psql:analyze_script_7.sql:6: INFO:  "psp_paycheck_usage_2016": scanned 0 of 0 pages, containing 0 live rows and 0 dead rows; 0 rows in sample, 0 estimated total rows
ANALYZE
psql:analyze_script_7.sql:7: INFO:  analyzing "pspadm.psp_paycheck_usage_2017"
psql:analyze_script_7.sql:7: INFO:  "psp_paycheck_usage_2017": scanned 0 of 0 pages, containing 0 live rows and 0 dead rows; 0 rows in sample, 0 estimated total rows
ANALYZE
psql:analyze_script_7.sql:8: INFO:  analyzing "pspadm.psp_paycheck_usage_2018"
psql:analyze_script_7.sql:8: INFO:  "psp_paycheck_usage_2018": scanned 0 of 0 pages, containing 0 live rows and 0 dead rows; 0 rows in sample, 0 estimated total rows
ANALYZE
psql:analyze_script_7.sql:9: INFO:  analyzing "pspadm.psp_paycheck_usage_2019"
psql:analyze_script_7.sql:9: INFO:  "psp_paycheck_usage_2019": scanned 0 of 0 pages, containing 0 live rows and 0 dead rows; 0 rows in sample, 0 estimated total rows
ANALYZE
psql:analyze_script_7.sql:10: INFO:  analyzing "pspadm.psp_paycheck_usage_2020"
psql:analyze_script_7.sql:10: INFO:  "psp_paycheck_usage_2020": scanned 0 of 0 pages, containing 0 live rows and 0 dead rows; 0 rows in sample, 0 estimated total rows
ANALYZE
psql:analyze_script_7.sql:11: INFO:  analyzing "pspadm.psp_paycheck_usage_2021"
psql:analyze_script_7.sql:11: INFO:  "psp_paycheck_usage_2021": scanned 0 of 0 pages, containing 0 live rows and 0 dead rows; 0 rows in sample, 0 estimated total rows
ANALYZE
psql:analyze_script_7.sql:12: INFO:  analyzing "pspadm.psp_paycheck_usage_2022"
psql:analyze_script_7.sql:12: INFO:  "psp_paycheck_usage_2022": scanned 0 of 0 pages, containing 0 live rows and 0 dead rows; 0 rows in sample, 0 estimated total rows
ANALYZE
psql:analyze_script_7.sql:13: INFO:  analyzing "pspadm.psp_paycheck_usage_2023"
psql:analyze_script_7.sql:13: INFO:  "psp_paycheck_usage_2023": scanned 0 of 0 pages, containing 0 live rows and 0 dead rows; 0 rows in sample, 0 estimated total rows
ANALYZE
psql:analyze_script_7.sql:14: INFO:  analyzing "pspadm.psp_paycheck_usage_2024"
psql:analyze_script_7.sql:14: INFO:  "psp_paycheck_usage_2024": scanned 0 of 0 pages, containing 0 live rows and 0 dead rows; 0 rows in sample, 0 estimated total rows
ANALYZE
psql:analyze_script_7.sql:15: INFO:  analyzing "pspadm.psp_paycheck_usage_2025"
psql:analyze_script_7.sql:15: INFO:  "psp_paycheck_usage_2025": scanned 1 of 1 pages, containing 3 live rows and 0 dead rows; 3 rows in sample, 3 estimated total rows
ANALYZE
psql:analyze_script_7.sql:16: INFO:  analyzing "pspadm.psp_paycheck_usage_2026"
psql:analyze_script_7.sql:16: INFO:  "psp_paycheck_usage_2026": scanned 0 of 0 pages, containing 0 live rows and 0 dead rows; 0 rows in sample, 0 estimated total rows
ANALYZE
psql:analyze_script_7.sql:17: INFO:  analyzing "pspadm.psp_paycheck_usage_hist"
psql:analyze_script_7.sql:17: INFO:  "psp_paycheck_usage_hist": scanned 0 of 0 pages, containing 0 live rows and 0 dead rows; 0 rows in sample, 0 estimated total rows
ANALYZE
psql:analyze_script_7.sql:18: INFO:  analyzing "pspadm.psp_payee"
psql:analyze_script_7.sql:18: INFO:  "psp_payee": scanned 61 of 61 pages, containing 1728 live rows and 141 dead rows; 1728 rows in sample, 1728 estimated total rows
ANALYZE
psql:analyze_script_7.sql:19: INFO:  analyzing "pspadm.psp_payee_bank_account"
psql:analyze_script_7.sql:19: INFO:  "psp_payee_bank_account": scanned 55 of 55 pages, containing 1376 live rows and 5 dead rows; 1376 rows in sample, 1376 estimated total rows
ANALYZE
psql:analyze_script_7.sql:20: INFO:  analyzing "pspadm.psp_payment_batch_assoc"
psql:analyze_script_7.sql:20: INFO:  "psp_payment_batch_assoc": scanned 6 of 6 pages, containing 162 live rows and 0 dead rows; 162 rows in sample, 162 estimated total rows
ANALYZE
psql:analyze_script_7.sql:21: INFO:  analyzing "pspadm.psp_payment_method_requirement"
psql:analyze_script_7.sql:21: INFO:  "psp_payment_method_requirement": scanned 8 of 8 pages, containing 140 live rows and 0 dead rows; 140 rows in sample, 140 estimated total rows
ANALYZE
psql:analyze_script_7.sql:22: INFO:  analyzing "pspadm.psp_payment_requirement"
psql:analyze_script_7.sql:22: INFO:  "psp_payment_requirement": scanned 1 of 1 pages, containing 5 live rows and 0 dead rows; 5 rows in sample, 5 estimated total rows
ANALYZE
psql:analyze_script_7.sql:23: INFO:  analyzing "pspadm.psp_payment_template"
psql:analyze_script_7.sql:23: INFO:  "psp_payment_template": scanned 12 of 12 pages, containing 151 live rows and 0 dead rows; 151 rows in sample, 151 estimated total rows
ANALYZE
psql:analyze_script_7.sql:24: INFO:  analyzing "pspadm.psp_payment_template_agency_id"
psql:analyze_script_7.sql:24: INFO:  "psp_payment_template_agency_id": scanned 1 of 1 pages, containing 5 live rows and 15 dead rows; 5 rows in sample, 5 estimated total rows
ANALYZE
psql:analyze_script_7.sql:25: INFO:  analyzing "pspadm.psp_payroll_fraud_batch"
psql:analyze_script_7.sql:25: INFO:  "psp_payroll_fraud_batch": scanned 0 of 0 pages, containing 0 live rows and 0 dead rows; 0 rows in sample, 0 estimated total rows
ANALYZE
psql:analyze_script_7.sql:26: INFO:  analyzing "pspadm.psp_payroll_frequency"
psql:analyze_script_7.sql:26: INFO:  "psp_payroll_frequency": scanned 1 of 1 pages, containing 8 live rows and 24 dead rows; 8 rows in sample, 8 estimated total rows
ANALYZE
psql:analyze_script_7.sql:27: INFO:  analyzing "pspadm.psp_payroll_item"
psql:analyze_script_7.sql:27: INFO:  "psp_payroll_item": scanned 1 of 1 pages, containing 18 live rows and 0 dead rows; 18 rows in sample, 18 estimated total rows
ANALYZE
psql:analyze_script_7.sql:28: INFO:  analyzing "pspadm.psp_payroll_item_taxable_to"
psql:analyze_script_7.sql:28: INFO:  "psp_payroll_item_taxable_to": scanned 7417 of 7417 pages, containing 300862 live rows and 1922 dead rows; 30000 rows in sample, 300862 estimated total rows
ANALYZE
psql:analyze_script_7.sql:29: INFO:  analyzing "pspadm.psp_payroll_run"
psql:analyze_script_7.sql:29: INFO:  "psp_payroll_run": scanned 222 of 222 pages, containing 5466 live rows and 299 dead rows; 5466 rows in sample, 5466 estimated total rows
ANALYZE
psql:analyze_script_7.sql:30: INFO:  analyzing "pspadm.psp_payroll_run_action"
psql:analyze_script_7.sql:30: INFO:  "psp_payroll_run_action": scanned 4 of 4 pages, containing 56 live rows and 0 dead rows; 56 rows in sample, 56 estimated total rows
ANALYZE
psql:analyze_script_7.sql:31: INFO:  analyzing "pspadm.psp_payroll_subtype"
psql:analyze_script_7.sql:31: INFO:  "psp_payroll_subtype": scanned 0 of 0 pages, containing 0 live rows and 0 dead rows; 0 rows in sample, 0 estimated total rows
ANALYZE
psql:analyze_script_7.sql:32: INFO:  analyzing "pspadm.psp_paystub" inheritance tree
psql:analyze_script_7.sql:32: INFO:  "psp_paystub_p0": scanned 1 of 1 pages, containing 16 live rows and 8 dead rows; 16 rows in sample, 16 estimated total rows
psql:analyze_script_7.sql:32: INFO:  "psp_paystub_p1": scanned 1 of 1 pages, containing 16 live rows and 0 dead rows; 16 rows in sample, 16 estimated total rows
psql:analyze_script_7.sql:32: INFO:  "psp_paystub_p2": scanned 1 of 1 pages, containing 19 live rows and 0 dead rows; 19 rows in sample, 19 estimated total rows
psql:analyze_script_7.sql:32: INFO:  "psp_paystub_p3": scanned 1 of 1 pages, containing 17 live rows and 0 dead rows; 17 rows in sample, 17 estimated total rows
psql:analyze_script_7.sql:32: INFO:  analyzing "pspadm.psp_paystub_p0"
psql:analyze_script_7.sql:32: INFO:  "psp_paystub_p0": scanned 1 of 1 pages, containing 16 live rows and 8 dead rows; 16 rows in sample, 16 estimated total rows
psql:analyze_script_7.sql:32: INFO:  analyzing "pspadm.psp_paystub_p1"
psql:analyze_script_7.sql:32: INFO:  "psp_paystub_p1": scanned 1 of 1 pages, containing 16 live rows and 0 dead rows; 16 rows in sample, 16 estimated total rows
psql:analyze_script_7.sql:32: INFO:  analyzing "pspadm.psp_paystub_p2"
psql:analyze_script_7.sql:32: INFO:  "psp_paystub_p2": scanned 1 of 1 pages, containing 19 live rows and 0 dead rows; 19 rows in sample, 19 estimated total rows
psql:analyze_script_7.sql:32: INFO:  analyzing "pspadm.psp_paystub_p3"
psql:analyze_script_7.sql:32: INFO:  "psp_paystub_p3": scanned 1 of 1 pages, containing 17 live rows and 0 dead rows; 17 rows in sample, 17 estimated total rows
ANALYZE
psql:analyze_script_7.sql:33: INFO:  analyzing "pspadm.psp_paystub_p0"
psql:analyze_script_7.sql:33: INFO:  "psp_paystub_p0": scanned 1 of 1 pages, containing 16 live rows and 8 dead rows; 16 rows in sample, 16 estimated total rows
ANALYZE
psql:analyze_script_7.sql:34: INFO:  analyzing "pspadm.psp_paystub_p1"
psql:analyze_script_7.sql:34: INFO:  "psp_paystub_p1": scanned 1 of 1 pages, containing 16 live rows and 0 dead rows; 16 rows in sample, 16 estimated total rows
ANALYZE
psql:analyze_script_7.sql:35: INFO:  analyzing "pspadm.psp_paystub_p2"
psql:analyze_script_7.sql:35: INFO:  "psp_paystub_p2": scanned 1 of 1 pages, containing 19 live rows and 0 dead rows; 19 rows in sample, 19 estimated total rows
ANALYZE
psql:analyze_script_7.sql:36: INFO:  analyzing "pspadm.psp_paystub_p3"
psql:analyze_script_7.sql:36: INFO:  "psp_paystub_p3": scanned 1 of 1 pages, containing 17 live rows and 0 dead rows; 17 rows in sample, 17 estimated total rows
ANALYZE
psql:analyze_script_7.sql:37: INFO:  analyzing "pspadm.psp_pmt_template_bankaccount"
psql:analyze_script_7.sql:37: INFO:  "psp_pmt_template_bankaccount": scanned 10 of 10 pages, containing 112 live rows and 0 dead rows; 112 rows in sample, 112 estimated total rows
ANALYZE
psql:analyze_script_7.sql:38: INFO:  analyzing "pspadm.psp_pmt_template_frequency"
psql:analyze_script_7.sql:38: INFO:  "psp_pmt_template_frequency": scanned 17 of 17 pages, containing 299 live rows and 0 dead rows; 299 rows in sample, 299 estimated total rows
ANALYZE
psql:analyze_script_7.sql:39: INFO:  analyzing "pspadm.psp_pmt_template_paymentmethod"
psql:analyze_script_7.sql:39: INFO:  "psp_pmt_template_paymentmethod": scanned 10 of 10 pages, containing 153 live rows and 0 dead rows; 153 rows in sample, 153 estimated total rows
ANALYZE
psql:analyze_script_7.sql:40: INFO:  analyzing "pspadm.psp_pmttemplate_chkinfo_assoc"
psql:analyze_script_7.sql:40: INFO:  "psp_pmttemplate_chkinfo_assoc": scanned 11 of 11 pages, containing 103 live rows and 0 dead rows; 103 rows in sample, 103 estimated total rows
ANALYZE
psql:analyze_script_7.sql:41: INFO:  analyzing "pspadm.psp_pmttemplate_printedchkinfo"
psql:analyze_script_7.sql:41: INFO:  "psp_pmttemplate_printedchkinfo": scanned 10 of 10 pages, containing 95 live rows and 0 dead rows; 95 rows in sample, 95 estimated total rows
ANALYZE
psql:analyze_script_7.sql:42: INFO:  analyzing "pspadm.psp_posting_rule"
psql:analyze_script_7.sql:42: INFO:  "psp_posting_rule": scanned 64 of 64 pages, containing 654 live rows and 0 dead rows; 654 rows in sample, 654 estimated total rows
ANALYZE
psql:analyze_script_7.sql:43: INFO:  analyzing "pspadm.psp_posting_rule_mar7"
psql:analyze_script_7.sql:43: INFO:  "psp_posting_rule_mar7": scanned 0 of 0 pages, containing 0 live rows and 0 dead rows; 0 rows in sample, 0 estimated total rows
ANALYZE
psql:analyze_script_7.sql:44: INFO:  analyzing "pspadm.psp_prior_payment_submission"
psql:analyze_script_7.sql:44: INFO:  "psp_prior_payment_submission": scanned 0 of 0 pages, containing 0 live rows and 0 dead rows; 0 rows in sample, 0 estimated total rows
ANALYZE
psql:analyze_script_7.sql:45: INFO:  analyzing "pspadm.psp_property_audit" inheritance tree
psql:analyze_script_7.sql:45: INFO:  "psp_property_audit_p0": scanned 1239 of 1239 pages, containing 30423 live rows and 3 dead rows; 3714 rows in sample, 30423 estimated total rows
psql:analyze_script_7.sql:45: INFO:  "psp_property_audit_p1": scanned 1211 of 1211 pages, containing 31510 live rows and 6 dead rows; 3630 rows in sample, 31510 estimated total rows
psql:analyze_script_7.sql:45: INFO:  "psp_property_audit_p2": scanned 1463 of 1463 pages, containing 36935 live rows and 95 dead rows; 4386 rows in sample, 36935 estimated total rows
psql:analyze_script_7.sql:45: INFO:  "psp_property_audit_p3": scanned 1256 of 1256 pages, containing 33259 live rows and 6 dead rows; 3765 rows in sample, 33259 estimated total rows
psql:analyze_script_7.sql:45: INFO:  "psp_property_audit_p4": scanned 1308 of 1308 pages, containing 33269 live rows and 18 dead rows; 3921 rows in sample, 33269 estimated total rows
psql:analyze_script_7.sql:45: INFO:  "psp_property_audit_p5": scanned 1025 of 1025 pages, containing 25688 live rows and 11 dead rows; 3073 rows in sample, 25688 estimated total rows
psql:analyze_script_7.sql:45: INFO:  "psp_property_audit_p6": scanned 1247 of 1247 pages, containing 31896 live rows and 9 dead rows; 3738 rows in sample, 31896 estimated total rows
psql:analyze_script_7.sql:45: INFO:  "psp_property_audit_p7": scanned 1258 of 1258 pages, containing 31815 live rows and 18 dead rows; 3771 rows in sample, 31815 estimated total rows
psql:analyze_script_7.sql:45: INFO:  analyzing "pspadm.psp_property_audit_p0"
psql:analyze_script_7.sql:45: INFO:  "psp_property_audit_p0": scanned 1239 of 1239 pages, containing 30423 live rows and 3 dead rows; 30000 rows in sample, 30423 estimated total rows
psql:analyze_script_7.sql:45: INFO:  analyzing "pspadm.psp_property_audit_p1"
psql:analyze_script_7.sql:45: INFO:  "psp_property_audit_p1": scanned 1211 of 1211 pages, containing 31510 live rows and 6 dead rows; 30000 rows in sample, 31510 estimated total rows
psql:analyze_script_7.sql:45: INFO:  analyzing "pspadm.psp_property_audit_p2"
psql:analyze_script_7.sql:45: INFO:  "psp_property_audit_p2": scanned 1463 of 1463 pages, containing 36935 live rows and 95 dead rows; 30000 rows in sample, 36935 estimated total rows
psql:analyze_script_7.sql:45: INFO:  analyzing "pspadm.psp_property_audit_p3"
psql:analyze_script_7.sql:45: INFO:  "psp_property_audit_p3": scanned 1256 of 1256 pages, containing 33259 live rows and 6 dead rows; 30000 rows in sample, 33259 estimated total rows
psql:analyze_script_7.sql:45: INFO:  analyzing "pspadm.psp_property_audit_p4"
psql:analyze_script_7.sql:45: INFO:  "psp_property_audit_p4": scanned 1308 of 1308 pages, containing 33269 live rows and 18 dead rows; 30000 rows in sample, 33269 estimated total rows
psql:analyze_script_7.sql:45: INFO:  analyzing "pspadm.psp_property_audit_p5"
psql:analyze_script_7.sql:45: INFO:  "psp_property_audit_p5": scanned 1025 of 1025 pages, containing 25688 live rows and 11 dead rows; 25688 rows in sample, 25688 estimated total rows
psql:analyze_script_7.sql:45: INFO:  analyzing "pspadm.psp_property_audit_p6"
psql:analyze_script_7.sql:45: INFO:  "psp_property_audit_p6": scanned 1247 of 1247 pages, containing 31896 live rows and 9 dead rows; 30000 rows in sample, 31896 estimated total rows
psql:analyze_script_7.sql:45: INFO:  analyzing "pspadm.psp_property_audit_p7"
psql:analyze_script_7.sql:45: INFO:  "psp_property_audit_p7": scanned 1258 of 1258 pages, containing 31815 live rows and 18 dead rows; 30000 rows in sample, 31815 estimated total rows
ANALYZE
psql:analyze_script_7.sql:46: INFO:  analyzing "pspadm.psp_property_audit_p0"
psql:analyze_script_7.sql:46: INFO:  "psp_property_audit_p0": scanned 1239 of 1239 pages, containing 30423 live rows and 3 dead rows; 30000 rows in sample, 30423 estimated total rows
ANALYZE
psql:analyze_script_7.sql:47: INFO:  analyzing "pspadm.psp_property_audit_p1"
psql:analyze_script_7.sql:47: INFO:  "psp_property_audit_p1": scanned 1211 of 1211 pages, containing 31510 live rows and 6 dead rows; 30000 rows in sample, 31510 estimated total rows
ANALYZE
psql:analyze_script_7.sql:48: INFO:  analyzing "pspadm.psp_property_audit_p2"
psql:analyze_script_7.sql:48: INFO:  "psp_property_audit_p2": scanned 1463 of 1463 pages, containing 36935 live rows and 95 dead rows; 30000 rows in sample, 36935 estimated total rows
ANALYZE
psql:analyze_script_7.sql:49: INFO:  analyzing "pspadm.psp_property_audit_p3"
psql:analyze_script_7.sql:49: INFO:  "psp_property_audit_p3": scanned 1256 of 1256 pages, containing 33259 live rows and 6 dead rows; 30000 rows in sample, 33259 estimated total rows
ANALYZE
psql:analyze_script_7.sql:50: INFO:  analyzing "pspadm.psp_property_audit_p4"
psql:analyze_script_7.sql:50: INFO:  "psp_property_audit_p4": scanned 1308 of 1308 pages, containing 33269 live rows and 18 dead rows; 30000 rows in sample, 33269 estimated total rows
ANALYZE
psql:analyze_script_7.sql:51: INFO:  analyzing "pspadm.psp_property_audit_p5"
psql:analyze_script_7.sql:51: INFO:  "psp_property_audit_p5": scanned 1025 of 1025 pages, containing 25688 live rows and 11 dead rows; 25688 rows in sample, 25688 estimated total rows
ANALYZE
psql:analyze_script_7.sql:52: INFO:  analyzing "pspadm.psp_property_audit_p6"
psql:analyze_script_7.sql:52: INFO:  "psp_property_audit_p6": scanned 1247 of 1247 pages, containing 31896 live rows and 9 dead rows; 30000 rows in sample, 31896 estimated total rows
ANALYZE
psql:analyze_script_7.sql:53: INFO:  analyzing "pspadm.psp_property_audit_p7"
psql:analyze_script_7.sql:53: INFO:  "psp_property_audit_p7": scanned 1258 of 1258 pages, containing 31815 live rows and 18 dead rows; 30000 rows in sample, 31815 estimated total rows
ANALYZE
psql:analyze_script_7.sql:54: INFO:  analyzing "pspadm.psp_pstub_address"
psql:analyze_script_7.sql:54: INFO:  "psp_pstub_address": scanned 2 of 2 pages, containing 78 live rows and 9 dead rows; 78 rows in sample, 78 estimated total rows
ANALYZE
psql:analyze_script_7.sql:55: INFO:  analyzing "pspadm.psp_pstub_dditem"
psql:analyze_script_7.sql:55: INFO:  "psp_pstub_dditem": scanned 1 of 1 pages, containing 18 live rows and 7 dead rows; 18 rows in sample, 18 estimated total rows
ANALYZE
psql:analyze_script_7.sql:56: INFO:  analyzing "pspadm.psp_pstub_employee_info" inheritance tree
psql:analyze_script_7.sql:56: INFO:  "psp_pstub_employee_info_p0": scanned 1 of 1 pages, containing 13 live rows and 15 dead rows; 13 rows in sample, 13 estimated total rows
psql:analyze_script_7.sql:56: INFO:  "psp_pstub_employee_info_p1": scanned 1 of 1 pages, containing 16 live rows and 0 dead rows; 16 rows in sample, 16 estimated total rows
psql:analyze_script_7.sql:56: INFO:  "psp_pstub_employee_info_p2": scanned 1 of 1 pages, containing 19 live rows and 0 dead rows; 19 rows in sample, 19 estimated total rows
psql:analyze_script_7.sql:56: INFO:  "psp_pstub_employee_info_p3": scanned 1 of 1 pages, containing 17 live rows and 0 dead rows; 17 rows in sample, 17 estimated total rows
psql:analyze_script_7.sql:56: INFO:  analyzing "pspadm.psp_pstub_employee_info_p0"
psql:analyze_script_7.sql:56: INFO:  "psp_pstub_employee_info_p0": scanned 1 of 1 pages, containing 13 live rows and 15 dead rows; 13 rows in sample, 13 estimated total rows
psql:analyze_script_7.sql:56: INFO:  analyzing "pspadm.psp_pstub_employee_info_p1"
psql:analyze_script_7.sql:56: INFO:  "psp_pstub_employee_info_p1": scanned 1 of 1 pages, containing 16 live rows and 0 dead rows; 16 rows in sample, 16 estimated total rows
psql:analyze_script_7.sql:56: INFO:  analyzing "pspadm.psp_pstub_employee_info_p2"
psql:analyze_script_7.sql:56: INFO:  "psp_pstub_employee_info_p2": scanned 1 of 1 pages, containing 19 live rows and 0 dead rows; 19 rows in sample, 19 estimated total rows
psql:analyze_script_7.sql:56: INFO:  analyzing "pspadm.psp_pstub_employee_info_p3"
psql:analyze_script_7.sql:56: INFO:  "psp_pstub_employee_info_p3": scanned 1 of 1 pages, containing 17 live rows and 0 dead rows; 17 rows in sample, 17 estimated total rows
ANALYZE
psql:analyze_script_7.sql:57: INFO:  analyzing "pspadm.psp_pstub_employee_info_p0"
psql:analyze_script_7.sql:57: INFO:  "psp_pstub_employee_info_p0": scanned 1 of 1 pages, containing 13 live rows and 15 dead rows; 13 rows in sample, 13 estimated total rows
ANALYZE
psql:analyze_script_7.sql:58: INFO:  analyzing "pspadm.psp_pstub_employee_info_p1"
psql:analyze_script_7.sql:58: INFO:  "psp_pstub_employee_info_p1": scanned 1 of 1 pages, containing 16 live rows and 0 dead rows; 16 rows in sample, 16 estimated total rows
ANALYZE
psql:analyze_script_7.sql:59: INFO:  analyzing "pspadm.psp_pstub_employee_info_p2"
psql:analyze_script_7.sql:59: INFO:  "psp_pstub_employee_info_p2": scanned 1 of 1 pages, containing 19 live rows and 0 dead rows; 19 rows in sample, 19 estimated total rows
ANALYZE
psql:analyze_script_7.sql:60: INFO:  analyzing "pspadm.psp_pstub_employee_info_p3"
psql:analyze_script_7.sql:60: INFO:  "psp_pstub_employee_info_p3": scanned 1 of 1 pages, containing 17 live rows and 0 dead rows; 17 rows in sample, 17 estimated total rows
ANALYZE
psql:analyze_script_7.sql:61: INFO:  analyzing "pspadm.psp_pstub_employee_preference"
psql:analyze_script_7.sql:61: INFO:  "psp_pstub_employee_preference": scanned 0 of 0 pages, containing 0 live rows and 0 dead rows; 0 rows in sample, 0 estimated total rows
ANALYZE
psql:analyze_script_7.sql:62: INFO:  analyzing "pspadm.psp_pstub_employer_info"
psql:analyze_script_7.sql:62: INFO:  "psp_pstub_employer_info": scanned 1 of 1 pages, containing 13 live rows and 22 dead rows; 13 rows in sample, 13 estimated total rows
ANALYZE
psql:analyze_script_7.sql:63: INFO:  analyzing "pspadm.psp_pstub_msg"
psql:analyze_script_7.sql:63: INFO:  "psp_pstub_msg": scanned 3 of 3 pages, containing 66 live rows and 7 dead rows; 66 rows in sample, 66 estimated total rows
ANALYZE
psql:analyze_script_7.sql:64: INFO:  analyzing "pspadm.psp_pstub_paid_timeoff_item" inheritance tree
psql:analyze_script_7.sql:64: INFO:  "psp_pstub_paid_timeoff_item_p0": scanned 2 of 2 pages, containing 32 live rows and 16 dead rows; 32 rows in sample, 32 estimated total rows
psql:analyze_script_7.sql:64: INFO:  "psp_pstub_paid_timeoff_item_p1": scanned 1 of 1 pages, containing 32 live rows and 0 dead rows; 32 rows in sample, 32 estimated total rows
psql:analyze_script_7.sql:64: INFO:  "psp_pstub_paid_timeoff_item_p2": scanned 2 of 2 pages, containing 38 live rows and 0 dead rows; 38 rows in sample, 38 estimated total rows
psql:analyze_script_7.sql:64: INFO:  "psp_pstub_paid_timeoff_item_p3": scanned 1 of 1 pages, containing 34 live rows and 0 dead rows; 34 rows in sample, 34 estimated total rows
psql:analyze_script_7.sql:64: INFO:  analyzing "pspadm.psp_pstub_paid_timeoff_item_p0"
psql:analyze_script_7.sql:64: INFO:  "psp_pstub_paid_timeoff_item_p0": scanned 2 of 2 pages, containing 32 live rows and 16 dead rows; 32 rows in sample, 32 estimated total rows
psql:analyze_script_7.sql:64: INFO:  analyzing "pspadm.psp_pstub_paid_timeoff_item_p1"
psql:analyze_script_7.sql:64: INFO:  "psp_pstub_paid_timeoff_item_p1": scanned 1 of 1 pages, containing 32 live rows and 0 dead rows; 32 rows in sample, 32 estimated total rows
psql:analyze_script_7.sql:64: INFO:  analyzing "pspadm.psp_pstub_paid_timeoff_item_p2"
psql:analyze_script_7.sql:64: INFO:  "psp_pstub_paid_timeoff_item_p2": scanned 2 of 2 pages, containing 38 live rows and 0 dead rows; 38 rows in sample, 38 estimated total rows
psql:analyze_script_7.sql:64: INFO:  analyzing "pspadm.psp_pstub_paid_timeoff_item_p3"
psql:analyze_script_7.sql:64: INFO:  "psp_pstub_paid_timeoff_item_p3": scanned 1 of 1 pages, containing 34 live rows and 0 dead rows; 34 rows in sample, 34 estimated total rows
ANALYZE
psql:analyze_script_7.sql:65: INFO:  analyzing "pspadm.psp_pstub_paid_timeoff_item_p0"
psql:analyze_script_7.sql:65: INFO:  "psp_pstub_paid_timeoff_item_p0": scanned 2 of 2 pages, containing 32 live rows and 16 dead rows; 32 rows in sample, 32 estimated total rows
ANALYZE
psql:analyze_script_7.sql:66: INFO:  analyzing "pspadm.psp_pstub_paid_timeoff_item_p1"
psql:analyze_script_7.sql:66: INFO:  "psp_pstub_paid_timeoff_item_p1": scanned 1 of 1 pages, containing 32 live rows and 0 dead rows; 32 rows in sample, 32 estimated total rows
ANALYZE
psql:analyze_script_7.sql:67: INFO:  analyzing "pspadm.psp_pstub_paid_timeoff_item_p2"
psql:analyze_script_7.sql:67: INFO:  "psp_pstub_paid_timeoff_item_p2": scanned 2 of 2 pages, containing 38 live rows and 0 dead rows; 38 rows in sample, 38 estimated total rows
ANALYZE
psql:analyze_script_7.sql:68: INFO:  analyzing "pspadm.psp_pstub_paid_timeoff_item_p3"
psql:analyze_script_7.sql:68: INFO:  "psp_pstub_paid_timeoff_item_p3": scanned 1 of 1 pages, containing 34 live rows and 0 dead rows; 34 rows in sample, 34 estimated total rows
ANALYZE
psql:analyze_script_7.sql:69: INFO:  analyzing "pspadm.psp_pstub_pay_item" inheritance tree
psql:analyze_script_7.sql:69: INFO:  "psp_pstub_pay_item_p0": scanned 4 of 4 pages, containing 65 live rows and 0 dead rows; 65 rows in sample, 65 estimated total rows
psql:analyze_script_7.sql:69: INFO:  "psp_pstub_pay_item_p1": scanned 1 of 1 pages, containing 20 live rows and 0 dead rows; 20 rows in sample, 20 estimated total rows
psql:analyze_script_7.sql:69: INFO:  "psp_pstub_pay_item_p2": scanned 1 of 1 pages, containing 15 live rows and 0 dead rows; 15 rows in sample, 15 estimated total rows
psql:analyze_script_7.sql:69: INFO:  "psp_pstub_pay_item_p3": scanned 1 of 1 pages, containing 25 live rows and 0 dead rows; 25 rows in sample, 25 estimated total rows
psql:analyze_script_7.sql:69: INFO:  "psp_pstub_pay_item_p4": scanned 1 of 1 pages, containing 15 live rows and 0 dead rows; 15 rows in sample, 15 estimated total rows
psql:analyze_script_7.sql:69: INFO:  "psp_pstub_pay_item_p5": scanned 2 of 2 pages, containing 32 live rows and 0 dead rows; 32 rows in sample, 32 estimated total rows
psql:analyze_script_7.sql:69: INFO:  "psp_pstub_pay_item_p6": scanned 1 of 1 pages, containing 24 live rows and 0 dead rows; 24 rows in sample, 24 estimated total rows
psql:analyze_script_7.sql:69: INFO:  "psp_pstub_pay_item_p7": scanned 2 of 2 pages, containing 33 live rows and 0 dead rows; 33 rows in sample, 33 estimated total rows
psql:analyze_script_7.sql:69: INFO:  "psp_pstub_pay_item_p8": scanned 1 of 1 pages, containing 15 live rows and 0 dead rows; 15 rows in sample, 15 estimated total rows
psql:analyze_script_7.sql:69: INFO:  "psp_pstub_pay_item_p9": scanned 1 of 1 pages, containing 25 live rows and 0 dead rows; 25 rows in sample, 25 estimated total rows
psql:analyze_script_7.sql:69: INFO:  "psp_pstub_pay_item_p10": scanned 1 of 1 pages, containing 28 live rows and 0 dead rows; 28 rows in sample, 28 estimated total rows
psql:analyze_script_7.sql:69: INFO:  "psp_pstub_pay_item_p11": scanned 1 of 1 pages, containing 25 live rows and 0 dead rows; 25 rows in sample, 25 estimated total rows
psql:analyze_script_7.sql:69: INFO:  "psp_pstub_pay_item_p12": scanned 1 of 1 pages, containing 5 live rows and 0 dead rows; 5 rows in sample, 5 estimated total rows
psql:analyze_script_7.sql:69: INFO:  "psp_pstub_pay_item_p13": scanned 1 of 1 pages, containing 5 live rows and 0 dead rows; 5 rows in sample, 5 estimated total rows
psql:analyze_script_7.sql:69: INFO:  "psp_pstub_pay_item_p14": scanned 2 of 2 pages, containing 42 live rows and 0 dead rows; 42 rows in sample, 42 estimated total rows
psql:analyze_script_7.sql:69: INFO:  "psp_pstub_pay_item_p15": scanned 1 of 1 pages, containing 10 live rows and 0 dead rows; 10 rows in sample, 10 estimated total rows
psql:analyze_script_7.sql:69: INFO:  analyzing "pspadm.psp_pstub_pay_item_p0"
psql:analyze_script_7.sql:69: INFO:  "psp_pstub_pay_item_p0": scanned 4 of 4 pages, containing 65 live rows and 0 dead rows; 65 rows in sample, 65 estimated total rows
psql:analyze_script_7.sql:69: INFO:  analyzing "pspadm.psp_pstub_pay_item_p1"
psql:analyze_script_7.sql:69: INFO:  "psp_pstub_pay_item_p1": scanned 1 of 1 pages, containing 20 live rows and 0 dead rows; 20 rows in sample, 20 estimated total rows
psql:analyze_script_7.sql:69: INFO:  analyzing "pspadm.psp_pstub_pay_item_p2"
psql:analyze_script_7.sql:69: INFO:  "psp_pstub_pay_item_p2": scanned 1 of 1 pages, containing 15 live rows and 0 dead rows; 15 rows in sample, 15 estimated total rows
psql:analyze_script_7.sql:69: INFO:  analyzing "pspadm.psp_pstub_pay_item_p3"
psql:analyze_script_7.sql:69: INFO:  "psp_pstub_pay_item_p3": scanned 1 of 1 pages, containing 25 live rows and 0 dead rows; 25 rows in sample, 25 estimated total rows
psql:analyze_script_7.sql:69: INFO:  analyzing "pspadm.psp_pstub_pay_item_p4"
psql:analyze_script_7.sql:69: INFO:  "psp_pstub_pay_item_p4": scanned 1 of 1 pages, containing 15 live rows and 0 dead rows; 15 rows in sample, 15 estimated total rows
psql:analyze_script_7.sql:69: INFO:  analyzing "pspadm.psp_pstub_pay_item_p5"
psql:analyze_script_7.sql:69: INFO:  "psp_pstub_pay_item_p5": scanned 2 of 2 pages, containing 32 live rows and 0 dead rows; 32 rows in sample, 32 estimated total rows
psql:analyze_script_7.sql:69: INFO:  analyzing "pspadm.psp_pstub_pay_item_p6"
psql:analyze_script_7.sql:69: INFO:  "psp_pstub_pay_item_p6": scanned 1 of 1 pages, containing 24 live rows and 0 dead rows; 24 rows in sample, 24 estimated total rows
psql:analyze_script_7.sql:69: INFO:  analyzing "pspadm.psp_pstub_pay_item_p7"
psql:analyze_script_7.sql:69: INFO:  "psp_pstub_pay_item_p7": scanned 2 of 2 pages, containing 33 live rows and 0 dead rows; 33 rows in sample, 33 estimated total rows
psql:analyze_script_7.sql:69: INFO:  analyzing "pspadm.psp_pstub_pay_item_p8"
psql:analyze_script_7.sql:69: INFO:  "psp_pstub_pay_item_p8": scanned 1 of 1 pages, containing 15 live rows and 0 dead rows; 15 rows in sample, 15 estimated total rows
psql:analyze_script_7.sql:69: INFO:  analyzing "pspadm.psp_pstub_pay_item_p9"
psql:analyze_script_7.sql:69: INFO:  "psp_pstub_pay_item_p9": scanned 1 of 1 pages, containing 25 live rows and 0 dead rows; 25 rows in sample, 25 estimated total rows
psql:analyze_script_7.sql:69: INFO:  analyzing "pspadm.psp_pstub_pay_item_p10"
psql:analyze_script_7.sql:69: INFO:  "psp_pstub_pay_item_p10": scanned 1 of 1 pages, containing 28 live rows and 0 dead rows; 28 rows in sample, 28 estimated total rows
psql:analyze_script_7.sql:69: INFO:  analyzing "pspadm.psp_pstub_pay_item_p11"
psql:analyze_script_7.sql:69: INFO:  "psp_pstub_pay_item_p11": scanned 1 of 1 pages, containing 25 live rows and 0 dead rows; 25 rows in sample, 25 estimated total rows
psql:analyze_script_7.sql:69: INFO:  analyzing "pspadm.psp_pstub_pay_item_p12"
psql:analyze_script_7.sql:69: INFO:  "psp_pstub_pay_item_p12": scanned 1 of 1 pages, containing 5 live rows and 0 dead rows; 5 rows in sample, 5 estimated total rows
psql:analyze_script_7.sql:69: INFO:  analyzing "pspadm.psp_pstub_pay_item_p13"
psql:analyze_script_7.sql:69: INFO:  "psp_pstub_pay_item_p13": scanned 1 of 1 pages, containing 5 live rows and 0 dead rows; 5 rows in sample, 5 estimated total rows
psql:analyze_script_7.sql:69: INFO:  analyzing "pspadm.psp_pstub_pay_item_p14"
psql:analyze_script_7.sql:69: INFO:  "psp_pstub_pay_item_p14": scanned 2 of 2 pages, containing 42 live rows and 0 dead rows; 42 rows in sample, 42 estimated total rows
psql:analyze_script_7.sql:69: INFO:  analyzing "pspadm.psp_pstub_pay_item_p15"
psql:analyze_script_7.sql:69: INFO:  "psp_pstub_pay_item_p15": scanned 1 of 1 pages, containing 10 live rows and 0 dead rows; 10 rows in sample, 10 estimated total rows
ANALYZE
psql:analyze_script_7.sql:70: INFO:  analyzing "pspadm.psp_pstub_pay_item_p0"
psql:analyze_script_7.sql:70: INFO:  "psp_pstub_pay_item_p0": scanned 4 of 4 pages, containing 65 live rows and 0 dead rows; 65 rows in sample, 65 estimated total rows
ANALYZE
psql:analyze_script_7.sql:71: INFO:  analyzing "pspadm.psp_pstub_pay_item_p1"
psql:analyze_script_7.sql:71: INFO:  "psp_pstub_pay_item_p1": scanned 1 of 1 pages, containing 20 live rows and 0 dead rows; 20 rows in sample, 20 estimated total rows
ANALYZE
psql:analyze_script_7.sql:72: INFO:  analyzing "pspadm.psp_pstub_pay_item_p10"
psql:analyze_script_7.sql:72: INFO:  "psp_pstub_pay_item_p10": scanned 1 of 1 pages, containing 28 live rows and 0 dead rows; 28 rows in sample, 28 estimated total rows
ANALYZE
psql:analyze_script_7.sql:73: INFO:  analyzing "pspadm.psp_pstub_pay_item_p11"
psql:analyze_script_7.sql:73: INFO:  "psp_pstub_pay_item_p11": scanned 1 of 1 pages, containing 25 live rows and 0 dead rows; 25 rows in sample, 25 estimated total rows
ANALYZE
psql:analyze_script_7.sql:74: INFO:  analyzing "pspadm.psp_pstub_pay_item_p12"
psql:analyze_script_7.sql:74: INFO:  "psp_pstub_pay_item_p12": scanned 1 of 1 pages, containing 5 live rows and 0 dead rows; 5 rows in sample, 5 estimated total rows
ANALYZE
psql:analyze_script_7.sql:75: INFO:  analyzing "pspadm.psp_pstub_pay_item_p13"
psql:analyze_script_7.sql:75: INFO:  "psp_pstub_pay_item_p13": scanned 1 of 1 pages, containing 5 live rows and 0 dead rows; 5 rows in sample, 5 estimated total rows
ANALYZE
psql:analyze_script_7.sql:76: INFO:  analyzing "pspadm.psp_pstub_pay_item_p14"
psql:analyze_script_7.sql:76: INFO:  "psp_pstub_pay_item_p14": scanned 2 of 2 pages, containing 42 live rows and 0 dead rows; 42 rows in sample, 42 estimated total rows
ANALYZE
psql:analyze_script_7.sql:77: INFO:  analyzing "pspadm.psp_pstub_pay_item_p15"
psql:analyze_script_7.sql:77: INFO:  "psp_pstub_pay_item_p15": scanned 1 of 1 pages, containing 10 live rows and 0 dead rows; 10 rows in sample, 10 estimated total rows
ANALYZE
psql:analyze_script_7.sql:78: INFO:  analyzing "pspadm.psp_pstub_pay_item_p2"
psql:analyze_script_7.sql:78: INFO:  "psp_pstub_pay_item_p2": scanned 1 of 1 pages, containing 15 live rows and 0 dead rows; 15 rows in sample, 15 estimated total rows
ANALYZE
psql:analyze_script_7.sql:79: INFO:  analyzing "pspadm.psp_pstub_pay_item_p3"
psql:analyze_script_7.sql:79: INFO:  "psp_pstub_pay_item_p3": scanned 1 of 1 pages, containing 25 live rows and 0 dead rows; 25 rows in sample, 25 estimated total rows
ANALYZE
psql:analyze_script_7.sql:80: INFO:  analyzing "pspadm.psp_pstub_pay_item_p4"
psql:analyze_script_7.sql:80: INFO:  "psp_pstub_pay_item_p4": scanned 1 of 1 pages, containing 15 live rows and 0 dead rows; 15 rows in sample, 15 estimated total rows
ANALYZE
psql:analyze_script_7.sql:81: INFO:  analyzing "pspadm.psp_pstub_pay_item_p5"
psql:analyze_script_7.sql:81: INFO:  "psp_pstub_pay_item_p5": scanned 2 of 2 pages, containing 32 live rows and 0 dead rows; 32 rows in sample, 32 estimated total rows
ANALYZE
psql:analyze_script_7.sql:82: INFO:  analyzing "pspadm.psp_pstub_pay_item_p6"
psql:analyze_script_7.sql:82: INFO:  "psp_pstub_pay_item_p6": scanned 1 of 1 pages, containing 24 live rows and 0 dead rows; 24 rows in sample, 24 estimated total rows
ANALYZE
psql:analyze_script_7.sql:83: INFO:  analyzing "pspadm.psp_pstub_pay_item_p7"
psql:analyze_script_7.sql:83: INFO:  "psp_pstub_pay_item_p7": scanned 2 of 2 pages, containing 33 live rows and 0 dead rows; 33 rows in sample, 33 estimated total rows
ANALYZE
psql:analyze_script_7.sql:84: INFO:  analyzing "pspadm.psp_pstub_pay_item_p8"
psql:analyze_script_7.sql:84: INFO:  "psp_pstub_pay_item_p8": scanned 1 of 1 pages, containing 15 live rows and 0 dead rows; 15 rows in sample, 15 estimated total rows
ANALYZE
psql:analyze_script_7.sql:85: INFO:  analyzing "pspadm.psp_pstub_pay_item_p9"
psql:analyze_script_7.sql:85: INFO:  "psp_pstub_pay_item_p9": scanned 1 of 1 pages, containing 25 live rows and 0 dead rows; 25 rows in sample, 25 estimated total rows
ANALYZE
psql:analyze_script_7.sql:86: INFO:  analyzing "pspadm.psp_pstub_state_tax_info"
psql:analyze_script_7.sql:86: INFO:  "psp_pstub_state_tax_info": scanned 1 of 1 pages, containing 4 live rows and 1 dead rows; 4 rows in sample, 4 estimated total rows
ANALYZE
psql:analyze_script_7.sql:87: INFO:  analyzing "pspadm.psp_qbdt_employee_info"
psql:analyze_script_7.sql:87: INFO:  "psp_qbdt_employee_info": scanned 310 of 310 pages, containing 9653 live rows and 96 dead rows; 9653 rows in sample, 9653 estimated total rows
ANALYZE
psql:analyze_script_7.sql:88: INFO:  analyzing "pspadm.psp_qbdt_paycheck_info" inheritance tree
psql:analyze_script_7.sql:88: INFO:  "psp_qbdt_paycheck_info_p0": scanned 12 of 12 pages, containing 317 live rows and 14 dead rows; 317 rows in sample, 317 estimated total rows
psql:analyze_script_7.sql:88: INFO:  "psp_qbdt_paycheck_info_p1": scanned 10 of 10 pages, containing 218 live rows and 70 dead rows; 218 rows in sample, 218 estimated total rows
psql:analyze_script_7.sql:88: INFO:  "psp_qbdt_paycheck_info_p2": scanned 25 of 25 pages, containing 652 live rows and 8 dead rows; 652 rows in sample, 652 estimated total rows
psql:analyze_script_7.sql:88: INFO:  "psp_qbdt_paycheck_info_p3": scanned 11 of 11 pages, containing 311 live rows and 30 dead rows; 311 rows in sample, 311 estimated total rows
psql:analyze_script_7.sql:88: INFO:  "psp_qbdt_paycheck_info_p4": scanned 9 of 9 pages, containing 257 live rows and 40 dead rows; 257 rows in sample, 257 estimated total rows
psql:analyze_script_7.sql:88: INFO:  "psp_qbdt_paycheck_info_p5": scanned 7 of 7 pages, containing 181 live rows and 51 dead rows; 181 rows in sample, 181 estimated total rows
psql:analyze_script_7.sql:88: INFO:  "psp_qbdt_paycheck_info_p6": scanned 12 of 12 pages, containing 307 live rows and 8 dead rows; 307 rows in sample, 307 estimated total rows
psql:analyze_script_7.sql:88: INFO:  "psp_qbdt_paycheck_info_p7": scanned 21 of 21 pages, containing 510 live rows and 72 dead rows; 510 rows in sample, 510 estimated total rows
psql:analyze_script_7.sql:88: INFO:  "psp_qbdt_paycheck_info_p8": scanned 10 of 10 pages, containing 228 live rows and 41 dead rows; 228 rows in sample, 228 estimated total rows
psql:analyze_script_7.sql:88: INFO:  "psp_qbdt_paycheck_info_p9": scanned 20 of 20 pages, containing 504 live rows and 27 dead rows; 504 rows in sample, 504 estimated total rows
psql:analyze_script_7.sql:88: INFO:  "psp_qbdt_paycheck_info_p10": scanned 7 of 7 pages, containing 172 live rows and 20 dead rows; 172 rows in sample, 172 estimated total rows
psql:analyze_script_7.sql:88: INFO:  "psp_qbdt_paycheck_info_p11": scanned 14 of 14 pages, containing 361 live rows and 79 dead rows; 361 rows in sample, 361 estimated total rows
psql:analyze_script_7.sql:88: INFO:  "psp_qbdt_paycheck_info_p12": scanned 16 of 16 pages, containing 445 live rows and 8 dead rows; 445 rows in sample, 445 estimated total rows
psql:analyze_script_7.sql:88: INFO:  "psp_qbdt_paycheck_info_p13": scanned 9 of 9 pages, containing 219 live rows and 23 dead rows; 219 rows in sample, 219 estimated total rows
psql:analyze_script_7.sql:88: INFO:  "psp_qbdt_paycheck_info_p14": scanned 11 of 11 pages, containing 262 live rows and 57 dead rows; 262 rows in sample, 262 estimated total rows
psql:analyze_script_7.sql:88: INFO:  "psp_qbdt_paycheck_info_p15": scanned 12 of 12 pages, containing 302 live rows and 5 dead rows; 302 rows in sample, 302 estimated total rows
psql:analyze_script_7.sql:88: INFO:  analyzing "pspadm.psp_qbdt_paycheck_info_p0"
psql:analyze_script_7.sql:88: INFO:  "psp_qbdt_paycheck_info_p0": scanned 12 of 12 pages, containing 317 live rows and 14 dead rows; 317 rows in sample, 317 estimated total rows
psql:analyze_script_7.sql:88: INFO:  analyzing "pspadm.psp_qbdt_paycheck_info_p1"
psql:analyze_script_7.sql:88: INFO:  "psp_qbdt_paycheck_info_p1": scanned 10 of 10 pages, containing 218 live rows and 70 dead rows; 218 rows in sample, 218 estimated total rows
psql:analyze_script_7.sql:88: INFO:  analyzing "pspadm.psp_qbdt_paycheck_info_p2"
psql:analyze_script_7.sql:88: INFO:  "psp_qbdt_paycheck_info_p2": scanned 25 of 25 pages, containing 652 live rows and 8 dead rows; 652 rows in sample, 652 estimated total rows
psql:analyze_script_7.sql:88: INFO:  analyzing "pspadm.psp_qbdt_paycheck_info_p3"
psql:analyze_script_7.sql:88: INFO:  "psp_qbdt_paycheck_info_p3": scanned 11 of 11 pages, containing 311 live rows and 30 dead rows; 311 rows in sample, 311 estimated total rows
psql:analyze_script_7.sql:88: INFO:  analyzing "pspadm.psp_qbdt_paycheck_info_p4"
psql:analyze_script_7.sql:88: INFO:  "psp_qbdt_paycheck_info_p4": scanned 9 of 9 pages, containing 257 live rows and 40 dead rows; 257 rows in sample, 257 estimated total rows
psql:analyze_script_7.sql:88: INFO:  analyzing "pspadm.psp_qbdt_paycheck_info_p5"
psql:analyze_script_7.sql:88: INFO:  "psp_qbdt_paycheck_info_p5": scanned 7 of 7 pages, containing 181 live rows and 51 dead rows; 181 rows in sample, 181 estimated total rows
psql:analyze_script_7.sql:88: INFO:  analyzing "pspadm.psp_qbdt_paycheck_info_p6"
psql:analyze_script_7.sql:88: INFO:  "psp_qbdt_paycheck_info_p6": scanned 12 of 12 pages, containing 307 live rows and 8 dead rows; 307 rows in sample, 307 estimated total rows
psql:analyze_script_7.sql:88: INFO:  analyzing "pspadm.psp_qbdt_paycheck_info_p7"
psql:analyze_script_7.sql:88: INFO:  "psp_qbdt_paycheck_info_p7": scanned 21 of 21 pages, containing 510 live rows and 72 dead rows; 510 rows in sample, 510 estimated total rows
psql:analyze_script_7.sql:88: INFO:  analyzing "pspadm.psp_qbdt_paycheck_info_p8"
psql:analyze_script_7.sql:88: INFO:  "psp_qbdt_paycheck_info_p8": scanned 10 of 10 pages, containing 228 live rows and 41 dead rows; 228 rows in sample, 228 estimated total rows
psql:analyze_script_7.sql:88: INFO:  analyzing "pspadm.psp_qbdt_paycheck_info_p9"
psql:analyze_script_7.sql:88: INFO:  "psp_qbdt_paycheck_info_p9": scanned 20 of 20 pages, containing 504 live rows and 27 dead rows; 504 rows in sample, 504 estimated total rows
psql:analyze_script_7.sql:88: INFO:  analyzing "pspadm.psp_qbdt_paycheck_info_p10"
psql:analyze_script_7.sql:88: INFO:  "psp_qbdt_paycheck_info_p10": scanned 7 of 7 pages, containing 172 live rows and 20 dead rows; 172 rows in sample, 172 estimated total rows
psql:analyze_script_7.sql:88: INFO:  analyzing "pspadm.psp_qbdt_paycheck_info_p11"
psql:analyze_script_7.sql:88: INFO:  "psp_qbdt_paycheck_info_p11": scanned 14 of 14 pages, containing 361 live rows and 79 dead rows; 361 rows in sample, 361 estimated total rows
psql:analyze_script_7.sql:88: INFO:  analyzing "pspadm.psp_qbdt_paycheck_info_p12"
psql:analyze_script_7.sql:88: INFO:  "psp_qbdt_paycheck_info_p12": scanned 16 of 16 pages, containing 445 live rows and 8 dead rows; 445 rows in sample, 445 estimated total rows
psql:analyze_script_7.sql:88: INFO:  analyzing "pspadm.psp_qbdt_paycheck_info_p13"
psql:analyze_script_7.sql:88: INFO:  "psp_qbdt_paycheck_info_p13": scanned 9 of 9 pages, containing 219 live rows and 23 dead rows; 219 rows in sample, 219 estimated total rows
psql:analyze_script_7.sql:88: INFO:  analyzing "pspadm.psp_qbdt_paycheck_info_p14"
psql:analyze_script_7.sql:88: INFO:  "psp_qbdt_paycheck_info_p14": scanned 11 of 11 pages, containing 262 live rows and 57 dead rows; 262 rows in sample, 262 estimated total rows
psql:analyze_script_7.sql:88: INFO:  analyzing "pspadm.psp_qbdt_paycheck_info_p15"
psql:analyze_script_7.sql:88: INFO:  "psp_qbdt_paycheck_info_p15": scanned 12 of 12 pages, containing 302 live rows and 5 dead rows; 302 rows in sample, 302 estimated total rows
ANALYZE
psql:analyze_script_7.sql:89: INFO:  analyzing "pspadm.psp_qbdt_paycheck_info_p0"
psql:analyze_script_7.sql:89: INFO:  "psp_qbdt_paycheck_info_p0": scanned 12 of 12 pages, containing 317 live rows and 14 dead rows; 317 rows in sample, 317 estimated total rows
ANALYZE
psql:analyze_script_7.sql:90: INFO:  analyzing "pspadm.psp_qbdt_paycheck_info_p1"
psql:analyze_script_7.sql:90: INFO:  "psp_qbdt_paycheck_info_p1": scanned 10 of 10 pages, containing 218 live rows and 70 dead rows; 218 rows in sample, 218 estimated total rows
ANALYZE
psql:analyze_script_7.sql:91: INFO:  analyzing "pspadm.psp_qbdt_paycheck_info_p10"
psql:analyze_script_7.sql:91: INFO:  "psp_qbdt_paycheck_info_p10": scanned 7 of 7 pages, containing 172 live rows and 20 dead rows; 172 rows in sample, 172 estimated total rows
ANALYZE
psql:analyze_script_7.sql:92: INFO:  analyzing "pspadm.psp_qbdt_paycheck_info_p11"
psql:analyze_script_7.sql:92: INFO:  "psp_qbdt_paycheck_info_p11": scanned 14 of 14 pages, containing 361 live rows and 79 dead rows; 361 rows in sample, 361 estimated total rows
ANALYZE
psql:analyze_script_7.sql:93: INFO:  analyzing "pspadm.psp_qbdt_paycheck_info_p12"
psql:analyze_script_7.sql:93: INFO:  "psp_qbdt_paycheck_info_p12": scanned 16 of 16 pages, containing 445 live rows and 8 dead rows; 445 rows in sample, 445 estimated total rows
ANALYZE
psql:analyze_script_7.sql:94: INFO:  analyzing "pspadm.psp_qbdt_paycheck_info_p13"
psql:analyze_script_7.sql:94: INFO:  "psp_qbdt_paycheck_info_p13": scanned 9 of 9 pages, containing 219 live rows and 23 dead rows; 219 rows in sample, 219 estimated total rows
ANALYZE
psql:analyze_script_7.sql:95: INFO:  analyzing "pspadm.psp_qbdt_paycheck_info_p14"
psql:analyze_script_7.sql:95: INFO:  "psp_qbdt_paycheck_info_p14": scanned 11 of 11 pages, containing 262 live rows and 57 dead rows; 262 rows in sample, 262 estimated total rows
ANALYZE
psql:analyze_script_7.sql:96: INFO:  analyzing "pspadm.psp_qbdt_paycheck_info_p15"
psql:analyze_script_7.sql:96: INFO:  "psp_qbdt_paycheck_info_p15": scanned 12 of 12 pages, containing 302 live rows and 5 dead rows; 302 rows in sample, 302 estimated total rows
ANALYZE
psql:analyze_script_7.sql:97: INFO:  analyzing "pspadm.psp_qbdt_paycheck_info_p2"
psql:analyze_script_7.sql:97: INFO:  "psp_qbdt_paycheck_info_p2": scanned 25 of 25 pages, containing 652 live rows and 8 dead rows; 652 rows in sample, 652 estimated total rows
ANALYZE
psql:analyze_script_7.sql:98: INFO:  analyzing "pspadm.psp_qbdt_paycheck_info_p3"
psql:analyze_script_7.sql:98: INFO:  "psp_qbdt_paycheck_info_p3": scanned 11 of 11 pages, containing 311 live rows and 30 dead rows; 311 rows in sample, 311 estimated total rows
ANALYZE
psql:analyze_script_7.sql:99: INFO:  analyzing "pspadm.psp_qbdt_paycheck_info_p4"
psql:analyze_script_7.sql:99: INFO:  "psp_qbdt_paycheck_info_p4": scanned 9 of 9 pages, containing 257 live rows and 40 dead rows; 257 rows in sample, 257 estimated total rows
ANALYZE
psql:analyze_script_7.sql:100: INFO:  analyzing "pspadm.psp_qbdt_paycheck_info_p5"
psql:analyze_script_7.sql:100: INFO:  "psp_qbdt_paycheck_info_p5": scanned 7 of 7 pages, containing 181 live rows and 51 dead rows; 181 rows in sample, 181 estimated total rows
ANALYZE
psql:analyze_script_7.sql:101: INFO:  analyzing "pspadm.psp_qbdt_paycheck_info_p6"
psql:analyze_script_7.sql:101: INFO:  "psp_qbdt_paycheck_info_p6": scanned 12 of 12 pages, containing 307 live rows and 8 dead rows; 307 rows in sample, 307 estimated total rows
ANALYZE
psql:analyze_script_7.sql:102: INFO:  analyzing "pspadm.psp_qbdt_paycheck_info_p7"
psql:analyze_script_7.sql:102: INFO:  "psp_qbdt_paycheck_info_p7": scanned 21 of 21 pages, containing 510 live rows and 72 dead rows; 510 rows in sample, 510 estimated total rows
ANALYZE
psql:analyze_script_7.sql:103: INFO:  analyzing "pspadm.psp_qbdt_paycheck_info_p8"
psql:analyze_script_7.sql:103: INFO:  "psp_qbdt_paycheck_info_p8": scanned 10 of 10 pages, containing 228 live rows and 41 dead rows; 228 rows in sample, 228 estimated total rows
ANALYZE
psql:analyze_script_7.sql:104: INFO:  analyzing "pspadm.psp_qbdt_paycheck_info_p9"
psql:analyze_script_7.sql:104: INFO:  "psp_qbdt_paycheck_info_p9": scanned 20 of 20 pages, containing 504 live rows and 27 dead rows; 504 rows in sample, 504 estimated total rows
ANALYZE
