psql:analyze_script_5.sql:2: ERROR:  syntax error at or near "/"
LINE 1: /timing
        ^
psql:analyze_script_5.sql:3: INFO:  analyzing "pspadm.psp_entity_update_m072024"
psql:analyze_script_5.sql:3: INFO:  "psp_entity_update_m072024": scanned 0 of 0 pages, containing 0 live rows and 0 dead rows; 0 rows in sample, 0 estimated total rows
ANALYZE
psql:analyze_script_5.sql:4: INFO:  analyzing "pspadm.psp_entity_update_m072025"
psql:analyze_script_5.sql:4: INFO:  "psp_entity_update_m072025": scanned 0 of 0 pages, containing 0 live rows and 0 dead rows; 0 rows in sample, 0 estimated total rows
ANALYZE
psql:analyze_script_5.sql:5: INFO:  analyzing "pspadm.psp_entity_update_m072026"
psql:analyze_script_5.sql:5: INFO:  "psp_entity_update_m072026": scanned 0 of 0 pages, containing 0 live rows and 0 dead rows; 0 rows in sample, 0 estimated total rows
ANALYZE
psql:analyze_script_5.sql:6: INFO:  analyzing "pspadm.psp_entity_update_m082023"
psql:analyze_script_5.sql:6: INFO:  "psp_entity_update_m082023": scanned 30000 of 2717045 pages, containing 661489 live rows and 0 dead rows; 30000 rows in sample, 59909846 estimated total rows
ANALYZE
psql:analyze_script_5.sql:7: INFO:  analyzing "pspadm.psp_entity_update_m082024"
psql:analyze_script_5.sql:7: INFO:  "psp_entity_update_m082024": scanned 0 of 0 pages, containing 0 live rows and 0 dead rows; 0 rows in sample, 0 estimated total rows
ANALYZE
psql:analyze_script_5.sql:8: INFO:  analyzing "pspadm.psp_entity_update_m082025"
psql:analyze_script_5.sql:8: INFO:  "psp_entity_update_m082025": scanned 0 of 0 pages, containing 0 live rows and 0 dead rows; 0 rows in sample, 0 estimated total rows
ANALYZE
psql:analyze_script_5.sql:9: INFO:  analyzing "pspadm.psp_entity_update_m082026"
psql:analyze_script_5.sql:9: INFO:  "psp_entity_update_m082026": scanned 0 of 0 pages, containing 0 live rows and 0 dead rows; 0 rows in sample, 0 estimated total rows
ANALYZE
psql:analyze_script_5.sql:10: INFO:  analyzing "pspadm.psp_entity_update_m092023"
psql:analyze_script_5.sql:10: INFO:  "psp_entity_update_m092023": scanned 30000 of 2328654 pages, containing 655297 live rows and 0 dead rows; 30000 rows in sample, 50865333 estimated total rows
ANALYZE
psql:analyze_script_5.sql:11: INFO:  analyzing "pspadm.psp_entity_update_m092024"
psql:analyze_script_5.sql:11: INFO:  "psp_entity_update_m092024": scanned 0 of 0 pages, containing 0 live rows and 0 dead rows; 0 rows in sample, 0 estimated total rows
ANALYZE
psql:analyze_script_5.sql:12: INFO:  analyzing "pspadm.psp_entity_update_m092025"
psql:analyze_script_5.sql:12: INFO:  "psp_entity_update_m092025": scanned 0 of 0 pages, containing 0 live rows and 0 dead rows; 0 rows in sample, 0 estimated total rows
ANALYZE
psql:analyze_script_5.sql:13: INFO:  analyzing "pspadm.psp_entity_update_m092026"
psql:analyze_script_5.sql:13: INFO:  "psp_entity_update_m092026": scanned 0 of 0 pages, containing 0 live rows and 0 dead rows; 0 rows in sample, 0 estimated total rows
ANALYZE
psql:analyze_script_5.sql:14: INFO:  analyzing "pspadm.psp_entity_update_m102023"
psql:analyze_script_5.sql:14: INFO:  "psp_entity_update_m102023": scanned 30000 of 2370562 pages, containing 709676 live rows and 0 dead rows; 30000 rows in sample, 56077699 estimated total rows
ANALYZE
psql:analyze_script_5.sql:15: INFO:  analyzing "pspadm.psp_entity_update_m102024"
psql:analyze_script_5.sql:15: INFO:  "psp_entity_update_m102024": scanned 0 of 0 pages, containing 0 live rows and 0 dead rows; 0 rows in sample, 0 estimated total rows
ANALYZE
psql:analyze_script_5.sql:16: INFO:  analyzing "pspadm.psp_entity_update_m102025"
psql:analyze_script_5.sql:16: INFO:  "psp_entity_update_m102025": scanned 0 of 0 pages, containing 0 live rows and 0 dead rows; 0 rows in sample, 0 estimated total rows
ANALYZE
psql:analyze_script_5.sql:17: INFO:  analyzing "pspadm.psp_entity_update_m102026"
psql:analyze_script_5.sql:17: INFO:  "psp_entity_update_m102026": scanned 0 of 0 pages, containing 0 live rows and 0 dead rows; 0 rows in sample, 0 estimated total rows
ANALYZE
psql:analyze_script_5.sql:18: INFO:  analyzing "pspadm.psp_entity_update_m112022"
psql:analyze_script_5.sql:18: INFO:  "psp_entity_update_m112022": scanned 30000 of 1897167 pages, containing 806166 live rows and 0 dead rows; 30000 rows in sample, 50981051 estimated total rows
ANALYZE
psql:analyze_script_5.sql:19: INFO:  analyzing "pspadm.psp_entity_update_m112023"
psql:analyze_script_5.sql:19: INFO:  "psp_entity_update_m112023": scanned 30000 of 802562 pages, containing 673988 live rows and 53990 dead rows; 30000 rows in sample, 18030572 estimated total rows
ANALYZE
psql:analyze_script_5.sql:20: INFO:  analyzing "pspadm.psp_entity_update_m112024"
psql:analyze_script_5.sql:20: INFO:  "psp_entity_update_m112024": scanned 0 of 0 pages, containing 0 live rows and 0 dead rows; 0 rows in sample, 0 estimated total rows
ANALYZE
psql:analyze_script_5.sql:21: INFO:  analyzing "pspadm.psp_entity_update_m112025"
psql:analyze_script_5.sql:21: INFO:  "psp_entity_update_m112025": scanned 0 of 0 pages, containing 0 live rows and 0 dead rows; 0 rows in sample, 0 estimated total rows
ANALYZE
psql:analyze_script_5.sql:22: INFO:  analyzing "pspadm.psp_entity_update_m112026"
psql:analyze_script_5.sql:22: INFO:  "psp_entity_update_m112026": scanned 0 of 0 pages, containing 0 live rows and 0 dead rows; 0 rows in sample, 0 estimated total rows
ANALYZE
psql:analyze_script_5.sql:23: INFO:  analyzing "pspadm.psp_entity_update_m122022"
psql:analyze_script_5.sql:23: INFO:  "psp_entity_update_m122022": scanned 30000 of 1915141 pages, containing 806656 live rows and 0 dead rows; 30000 rows in sample, 51495333 estimated total rows
ANALYZE
psql:analyze_script_5.sql:24: INFO:  analyzing "pspadm.psp_entity_update_m122023"
psql:analyze_script_5.sql:24: INFO:  "psp_entity_update_m122023": scanned 0 of 0 pages, containing 0 live rows and 0 dead rows; 0 rows in sample, 0 estimated total rows
ANALYZE
psql:analyze_script_5.sql:25: INFO:  analyzing "pspadm.psp_entity_update_m122024"
psql:analyze_script_5.sql:25: INFO:  "psp_entity_update_m122024": scanned 0 of 0 pages, containing 0 live rows and 0 dead rows; 0 rows in sample, 0 estimated total rows
ANALYZE
psql:analyze_script_5.sql:26: INFO:  analyzing "pspadm.psp_entity_update_m122025"
psql:analyze_script_5.sql:26: INFO:  "psp_entity_update_m122025": scanned 0 of 0 pages, containing 0 live rows and 0 dead rows; 0 rows in sample, 0 estimated total rows
ANALYZE
psql:analyze_script_5.sql:27: INFO:  analyzing "pspadm.psp_entity_update_m122026"
psql:analyze_script_5.sql:27: INFO:  "psp_entity_update_m122026": scanned 0 of 0 pages, containing 0 live rows and 0 dead rows; 0 rows in sample, 0 estimated total rows
ANALYZE
psql:analyze_script_5.sql:28: INFO:  analyzing "pspadm.psp_entry_detail_record" inheritance tree
psql:analyze_script_5.sql:28: INFO:  "psp_entry_detail_record_p0": scanned 1873 of 9997591 pages, containing 32956 live rows and 255 dead rows; 1873 rows in sample, 175910629 estimated total rows
psql:analyze_script_5.sql:28: INFO:  "psp_entry_detail_record_p1": scanned 1869 of 9975979 pages, containing 33040 live rows and 152 dead rows; 1869 rows in sample, 176354385 estimated total rows
psql:analyze_script_5.sql:28: INFO:  "psp_entry_detail_record_p2": scanned 1879 of 10031366 pages, containing 32958 live rows and 0 dead rows; 1879 rows in sample, 175951975 estimated total rows
psql:analyze_script_5.sql:28: INFO:  "psp_entry_detail_record_p3": scanned 1877 of 10020363 pages, containing 32903 live rows and 0 dead rows; 1877 rows in sample, 175652639 estimated total rows
psql:analyze_script_5.sql:28: INFO:  "psp_entry_detail_record_p4": scanned 1851 of 9880133 pages, containing 32568 live rows and 296 dead rows; 1851 rows in sample, 173839099 estimated total rows
psql:analyze_script_5.sql:28: INFO:  "psp_entry_detail_record_p5": scanned 1890 of 10091037 pages, containing 33247 live rows and 0 dead rows; 1890 rows in sample, 177511485 estimated total rows
psql:analyze_script_5.sql:28: INFO:  "psp_entry_detail_record_p6": scanned 1847 of 9859338 pages, containing 32425 live rows and 0 dead rows; 1847 rows in sample, 173085563 estimated total rows
psql:analyze_script_5.sql:28: INFO:  "psp_entry_detail_record_p7": scanned 1920 of 10252294 pages, containing 33646 live rows and 370 dead rows; 1920 rows in sample, 179660773 estimated total rows
psql:analyze_script_5.sql:28: INFO:  "psp_entry_detail_record_p8": scanned 1882 of 10049816 pages, containing 33062 live rows and 332 dead rows; 1882 rows in sample, 176549956 estimated total rows
psql:analyze_script_5.sql:28: INFO:  "psp_entry_detail_record_p9": scanned 1886 of 10067518 pages, containing 33354 live rows and 110 dead rows; 1886 rows in sample, 178044536 estimated total rows
psql:analyze_script_5.sql:28: INFO:  "psp_entry_detail_record_p10": scanned 1849 of 9873160 pages, containing 32379 live rows and 527 dead rows; 1849 rows in sample, 172895104 estimated total rows
psql:analyze_script_5.sql:28: INFO:  "psp_entry_detail_record_p11": scanned 1875 of 10010378 pages, containing 32863 live rows and 481 dead rows; 1875 rows in sample, 175451228 estimated total rows
psql:analyze_script_5.sql:28: INFO:  "psp_entry_detail_record_p12": scanned 1887 of 10073426 pages, containing 33202 live rows and 0 dead rows; 1887 rows in sample, 177243185 estimated total rows
psql:analyze_script_5.sql:28: INFO:  "psp_entry_detail_record_p13": scanned 1900 of 10145555 pages, containing 33272 live rows and 0 dead rows; 1900 rows in sample, 177664687 estimated total rows
psql:analyze_script_5.sql:28: INFO:  "psp_entry_detail_record_p14": scanned 1832 of 9780740 pages, containing 32219 live rows and 0 dead rows; 1832 rows in sample, 172011824 estimated total rows
psql:analyze_script_5.sql:28: INFO:  "psp_entry_detail_record_p15": scanned 1883 of 10057992 pages, containing 33026 live rows and 400 dead rows; 1883 rows in sample, 176407458 estimated total rows
psql:analyze_script_5.sql:28: INFO:  analyzing "pspadm.psp_entry_detail_record_p0"
psql:analyze_script_5.sql:28: INFO:  "psp_entry_detail_record_p0": scanned 30000 of 9997591 pages, containing 529083 live rows and 3536 dead rows; 30000 rows in sample, 176318515 estimated total rows
psql:analyze_script_5.sql:28: INFO:  analyzing "pspadm.psp_entry_detail_record_p1"
psql:analyze_script_5.sql:28: INFO:  "psp_entry_detail_record_p1": scanned 30000 of 9975979 pages, containing 529227 live rows and 3162 dead rows; 30000 rows in sample, 175985248 estimated total rows
psql:analyze_script_5.sql:28: INFO:  analyzing "pspadm.psp_entry_detail_record_p2"
psql:analyze_script_5.sql:28: INFO:  "psp_entry_detail_record_p2": scanned 30000 of 10031366 pages, containing 526280 live rows and 0 dead rows; 30000 rows in sample, 175976910 estimated total rows
psql:analyze_script_5.sql:28: INFO:  analyzing "pspadm.psp_entry_detail_record_p3"
psql:analyze_script_5.sql:28: INFO:  "psp_entry_detail_record_p3": scanned 30000 of 10020363 pages, containing 526675 live rows and 0 dead rows; 30000 rows in sample, 175915823 estimated total rows
psql:analyze_script_5.sql:28: INFO:  analyzing "pspadm.psp_entry_detail_record_p4"
psql:analyze_script_5.sql:28: INFO:  "psp_entry_detail_record_p4": scanned 30000 of 9880133 pages, containing 529087 live rows and 3502 dead rows; 30000 rows in sample, 174248331 estimated total rows
psql:analyze_script_5.sql:28: INFO:  analyzing "pspadm.psp_entry_detail_record_p5"
psql:analyze_script_5.sql:28: INFO:  "psp_entry_detail_record_p5": scanned 30000 of 10091037 pages, containing 526377 live rows and 0 dead rows; 30000 rows in sample, 177056326 estimated total rows
psql:analyze_script_5.sql:28: INFO:  analyzing "pspadm.psp_entry_detail_record_p6"
psql:analyze_script_5.sql:28: INFO:  "psp_entry_detail_record_p6": scanned 30000 of 9859338 pages, containing 526774 live rows and 0 dead rows; 30000 rows in sample, 173121431 estimated total rows
psql:analyze_script_5.sql:28: INFO:  analyzing "pspadm.psp_entry_detail_record_p7"
psql:analyze_script_5.sql:28: INFO:  "psp_entry_detail_record_p7": scanned 30000 of 10252294 pages, containing 526497 live rows and 6124 dead rows; 30000 rows in sample, 179926734 estimated total rows
psql:analyze_script_5.sql:28: INFO:  analyzing "pspadm.psp_entry_detail_record_p8"
psql:analyze_script_5.sql:28: INFO:  "psp_entry_detail_record_p8": scanned 30000 of 10049816 pages, containing 525949 live rows and 6960 dead rows; 30000 rows in sample, 176189689 estimated total rows
psql:analyze_script_5.sql:28: INFO:  analyzing "pspadm.psp_entry_detail_record_p9"
psql:analyze_script_5.sql:28: INFO:  "psp_entry_detail_record_p9": scanned 30000 of 10067518 pages, containing 529835 live rows and 2157 dead rows; 30000 rows in sample, 177804113 estimated total rows
psql:analyze_script_5.sql:28: INFO:  analyzing "pspadm.psp_entry_detail_record_p10"
psql:analyze_script_5.sql:28: INFO:  "psp_entry_detail_record_p10": scanned 30000 of 9873160 pages, containing 526242 live rows and 7440 dead rows; 30000 rows in sample, 173189049 estimated total rows
psql:analyze_script_5.sql:28: INFO:  analyzing "pspadm.psp_entry_detail_record_p11"
psql:analyze_script_5.sql:28: INFO:  "psp_entry_detail_record_p11": scanned 30000 of 10010378 pages, containing 526731 live rows and 6750 dead rows; 30000 rows in sample, 175759214 estimated total rows
psql:analyze_script_5.sql:28: INFO:  analyzing "pspadm.psp_entry_detail_record_p12"
psql:analyze_script_5.sql:28: INFO:  "psp_entry_detail_record_p12": scanned 30000 of 10073426 pages, containing 526177 live rows and 0 dead rows; 30000 rows in sample, 176680169 estimated total rows
psql:analyze_script_5.sql:28: INFO:  analyzing "pspadm.psp_entry_detail_record_p13"
psql:analyze_script_5.sql:28: INFO:  "psp_entry_detail_record_p13": scanned 30000 of 10145555 pages, containing 525833 live rows and 0 dead rows; 30000 rows in sample, 177828921 estimated total rows
psql:analyze_script_5.sql:28: INFO:  analyzing "pspadm.psp_entry_detail_record_p14"
psql:analyze_script_5.sql:28: INFO:  "psp_entry_detail_record_p14": scanned 30000 of 9780740 pages, containing 526254 live rows and 0 dead rows; 30000 rows in sample, 171571785 estimated total rows
psql:analyze_script_5.sql:28: INFO:  analyzing "pspadm.psp_entry_detail_record_p15"
psql:analyze_script_5.sql:28: INFO:  "psp_entry_detail_record_p15": scanned 30000 of 10057992 pages, containing 526435 live rows and 6187 dead rows; 30000 rows in sample, 176495967 estimated total rows
ANALYZE
psql:analyze_script_5.sql:29: INFO:  analyzing "pspadm.psp_entry_detail_record_p0"
psql:analyze_script_5.sql:29: INFO:  "psp_entry_detail_record_p0": scanned 30000 of 9997591 pages, containing 529053 live rows and 3346 dead rows; 30000 rows in sample, 176308517 estimated total rows
ANALYZE
psql:analyze_script_5.sql:30: INFO:  analyzing "pspadm.psp_entry_detail_record_p1"
psql:analyze_script_5.sql:30: INFO:  "psp_entry_detail_record_p1": scanned 30000 of 9975979 pages, containing 529168 live rows and 3288 dead rows; 30000 rows in sample, 175965629 estimated total rows
ANALYZE
psql:analyze_script_5.sql:31: INFO:  analyzing "pspadm.psp_entry_detail_record_p10"
psql:analyze_script_5.sql:31: INFO:  "psp_entry_detail_record_p10": scanned 30000 of 9873160 pages, containing 526702 live rows and 6789 dead rows; 30000 rows in sample, 173340437 estimated total rows
ANALYZE
psql:analyze_script_5.sql:32: INFO:  analyzing "pspadm.psp_entry_detail_record_p11"
psql:analyze_script_5.sql:32: INFO:  "psp_entry_detail_record_p11": scanned 30000 of 10010378 pages, containing 526505 live rows and 6668 dead rows; 30000 rows in sample, 175683802 estimated total rows
ANALYZE
psql:analyze_script_5.sql:33: INFO:  analyzing "pspadm.psp_entry_detail_record_p12"
psql:analyze_script_5.sql:33: INFO:  "psp_entry_detail_record_p12": scanned 30000 of 10073426 pages, containing 526133 live rows and 0 dead rows; 30000 rows in sample, 176665395 estimated total rows
ANALYZE
psql:analyze_script_5.sql:34: INFO:  analyzing "pspadm.psp_entry_detail_record_p13"
psql:analyze_script_5.sql:34: INFO:  "psp_entry_detail_record_p13": scanned 30000 of 10145555 pages, containing 526348 live rows and 0 dead rows; 30000 rows in sample, 178003086 estimated total rows
ANALYZE
psql:analyze_script_5.sql:35: INFO:  analyzing "pspadm.psp_entry_detail_record_p14"
psql:analyze_script_5.sql:35: INFO:  "psp_entry_detail_record_p14": scanned 30000 of 9780740 pages, containing 526353 live rows and 0 dead rows; 30000 rows in sample, 171604061 estimated total rows
ANALYZE
psql:analyze_script_5.sql:36: INFO:  analyzing "pspadm.psp_entry_detail_record_p15"
psql:analyze_script_5.sql:36: INFO:  "psp_entry_detail_record_p15": scanned 30000 of 10057992 pages, containing 526064 live rows and 6847 dead rows; 30000 rows in sample, 176371583 estimated total rows
ANALYZE
psql:analyze_script_5.sql:37: INFO:  analyzing "pspadm.psp_entry_detail_record_p2"
psql:analyze_script_5.sql:37: INFO:  "psp_entry_detail_record_p2": scanned 30000 of 10031366 pages, containing 526078 live rows and 0 dead rows; 30000 rows in sample, 175909365 estimated total rows
ANALYZE
psql:analyze_script_5.sql:38: INFO:  analyzing "pspadm.psp_entry_detail_record_p3"
psql:analyze_script_5.sql:38: INFO:  "psp_entry_detail_record_p3": scanned 30000 of 10020363 pages, containing 526298 live rows and 0 dead rows; 30000 rows in sample, 175789900 estimated total rows
ANALYZE
psql:analyze_script_5.sql:39: INFO:  analyzing "pspadm.psp_entry_detail_record_p4"
psql:analyze_script_5.sql:39: INFO:  "psp_entry_detail_record_p4": scanned 30000 of 9880133 pages, containing 529149 live rows and 3290 dead rows; 30000 rows in sample, 174268750 estimated total rows
ANALYZE
psql:analyze_script_5.sql:40: INFO:  analyzing "pspadm.psp_entry_detail_record_p5"
psql:analyze_script_5.sql:40: INFO:  "psp_entry_detail_record_p5": scanned 30000 of 10091037 pages, containing 526202 live rows and 0 dead rows; 30000 rows in sample, 176997462 estimated total rows
ANALYZE
psql:analyze_script_5.sql:41: INFO:  analyzing "pspadm.psp_entry_detail_record_p6"
psql:analyze_script_5.sql:41: INFO:  "psp_entry_detail_record_p6": scanned 30000 of 9859338 pages, containing 526051 live rows and 0 dead rows; 30000 rows in sample, 172883820 estimated total rows
ANALYZE
psql:analyze_script_5.sql:42: INFO:  analyzing "pspadm.psp_entry_detail_record_p7"
psql:analyze_script_5.sql:42: INFO:  "psp_entry_detail_record_p7": scanned 30000 of 10252294 pages, containing 526541 live rows and 6240 dead rows; 30000 rows in sample, 179941771 estimated total rows
ANALYZE
psql:analyze_script_5.sql:43: INFO:  analyzing "pspadm.psp_entry_detail_record_p8"
psql:analyze_script_5.sql:43: INFO:  "psp_entry_detail_record_p8": scanned 30000 of 10049816 pages, containing 526449 live rows and 6481 dead rows; 30000 rows in sample, 176357186 estimated total rows
ANALYZE
psql:analyze_script_5.sql:44: INFO:  analyzing "pspadm.psp_entry_detail_record_p9"
psql:analyze_script_5.sql:44: INFO:  "psp_entry_detail_record_p9": scanned 30000 of 10067518 pages, containing 529611 live rows and 2128 dead rows; 30000 rows in sample, 177728943 estimated total rows
ANALYZE
psql:analyze_script_5.sql:45: INFO:  analyzing "pspadm.psp_entry_detail_record_staging"
psql:analyze_script_5.sql:45: INFO:  "psp_entry_detail_record_staging": scanned 0 of 0 pages, containing 0 live rows and 0 dead rows; 0 rows in sample, 0 estimated total rows
ANALYZE
psql:analyze_script_5.sql:46: INFO:  analyzing "pspadm.psp_event_as400_sync"
psql:analyze_script_5.sql:46: INFO:  "psp_event_as400_sync": scanned 9183 of 9183 pages, containing 348302 live rows and 48 dead rows; 30000 rows in sample, 348302 estimated total rows
ANALYZE
psql:analyze_script_5.sql:47: INFO:  analyzing "pspadm.psp_event_detail_type"
psql:analyze_script_5.sql:47: INFO:  "psp_event_detail_type": scanned 48 of 48 pages, containing 184 live rows and 0 dead rows; 184 rows in sample, 184 estimated total rows
ANALYZE
psql:analyze_script_5.sql:48: INFO:  analyzing "pspadm.psp_event_log"
psql:analyze_script_5.sql:48: INFO:  "psp_event_log": scanned 4634 of 4634 pages, containing 161537 live rows and 29 dead rows; 30000 rows in sample, 161537 estimated total rows
ANALYZE
psql:analyze_script_5.sql:49: INFO:  analyzing "pspadm.psp_event_type"
psql:analyze_script_5.sql:49: INFO:  "psp_event_type": scanned 116 of 116 pages, containing 235 live rows and 0 dead rows; 235 rows in sample, 235 estimated total rows
ANALYZE
psql:analyze_script_5.sql:50: INFO:  analyzing "pspadm.psp_evttp_srcsys_assoc"
psql:analyze_script_5.sql:50: INFO:  "psp_evttp_srcsys_assoc": scanned 1 of 1 pages, containing 40 live rows and 0 dead rows; 40 rows in sample, 40 estimated total rows
ANALYZE
psql:analyze_script_5.sql:51: INFO:  analyzing "pspadm.psp_failed_payroll_run"
psql:analyze_script_5.sql:51: INFO:  "psp_failed_payroll_run": scanned 150 of 150 pages, containing 4875 live rows and 1 dead rows; 4875 rows in sample, 4875 estimated total rows
ANALYZE
psql:analyze_script_5.sql:52: INFO:  analyzing "pspadm.psp_fee"
psql:analyze_script_5.sql:52: INFO:  "psp_fee": scanned 1 of 1 pages, containing 3 live rows and 0 dead rows; 3 rows in sample, 3 estimated total rows
ANALYZE
psql:analyze_script_5.sql:53: INFO:  analyzing "pspadm.psp_financial_trans_state" inheritance tree
psql:analyze_script_5.sql:53: INFO:  "psp_financial_trans_state_p0": scanned 1868 of 10276171 pages, containing 57909 live rows and 11 dead rows; 1868 rows in sample, 318566802 estimated total rows
psql:analyze_script_5.sql:53: INFO:  "psp_financial_trans_state_p1": scanned 1875 of 10316054 pages, containing 57787 live rows and 404 dead rows; 1875 rows in sample, 317938033 estimated total rows
psql:analyze_script_5.sql:53: INFO:  "psp_financial_trans_state_p2": scanned 1879 of 10336773 pages, containing 57823 live rows and 362 dead rows; 1879 rows in sample, 318096448 estimated total rows
psql:analyze_script_5.sql:53: INFO:  "psp_financial_trans_state_p3": scanned 1878 of 10330120 pages, containing 57777 live rows and 416 dead rows; 1878 rows in sample, 317807957 estimated total rows
psql:analyze_script_5.sql:53: INFO:  "psp_financial_trans_state_p4": scanned 1851 of 10180387 pages, containing 57391 live rows and 15 dead rows; 1851 rows in sample, 315646996 estimated total rows
psql:analyze_script_5.sql:53: INFO:  "psp_financial_trans_state_p5": scanned 1891 of 10401288 pages, containing 57898 live rows and 657 dead rows; 1891 rows in sample, 318463127 estimated total rows
psql:analyze_script_5.sql:53: INFO:  "psp_financial_trans_state_p6": scanned 1841 of 10130198 pages, containing 56613 live rows and 421 dead rows; 1841 rows in sample, 311515969 estimated total rows
psql:analyze_script_5.sql:53: INFO:  "psp_financial_trans_state_p7": scanned 1909 of 10503687 pages, containing 58636 live rows and 520 dead rows; 1909 rows in sample, 322626606 estimated total rows
psql:analyze_script_5.sql:53: INFO:  "psp_financial_trans_state_p8": scanned 1883 of 10357257 pages, containing 57752 live rows and 612 dead rows; 1883 rows in sample, 317659217 estimated total rows
psql:analyze_script_5.sql:53: INFO:  "psp_financial_trans_state_p9": scanned 1898 of 10440454 pages, containing 58096 live rows and 733 dead rows; 1898 rows in sample, 319572506 estimated total rows
psql:analyze_script_5.sql:53: INFO:  "psp_financial_trans_state_p10": scanned 1852 of 10190342 pages, containing 56869 live rows and 570 dead rows; 1852 rows in sample, 312912829 estimated total rows
psql:analyze_script_5.sql:53: INFO:  "psp_financial_trans_state_p11": scanned 1871 of 10295338 pages, containing 57381 live rows and 529 dead rows; 1871 rows in sample, 315743875 estimated total rows
psql:analyze_script_5.sql:53: INFO:  "psp_financial_trans_state_p12": scanned 1882 of 10354454 pages, containing 57983 live rows and 310 dead rows; 1882 rows in sample, 319012915 estimated total rows
psql:analyze_script_5.sql:53: INFO:  "psp_financial_trans_state_p13": scanned 1903 of 10471692 pages, containing 58648 live rows and 351 dead rows; 1903 rows in sample, 322724011 estimated total rows
psql:analyze_script_5.sql:53: INFO:  "psp_financial_trans_state_p14": scanned 1838 of 10110726 pages, containing 56492 live rows and 519 dead rows; 1838 rows in sample, 310759050 estimated total rows
psql:analyze_script_5.sql:53: INFO:  "psp_financial_trans_state_p15": scanned 1880 of 10343946 pages, containing 57875 live rows and 433 dead rows; 1880 rows in sample, 318433976 estimated total rows
psql:analyze_script_5.sql:53: INFO:  analyzing "pspadm.psp_financial_trans_state_p0"
psql:analyze_script_5.sql:53: INFO:  "psp_financial_trans_state_p0": scanned 30000 of 10276171 pages, containing 930378 live rows and 207 dead rows; 30000 rows in sample, 318690781 estimated total rows
psql:analyze_script_5.sql:53: INFO:  analyzing "pspadm.psp_financial_trans_state_p1"
psql:analyze_script_5.sql:53: INFO:  "psp_financial_trans_state_p1": scanned 30000 of 10316054 pages, containing 923261 live rows and 7078 dead rows; 30000 rows in sample, 317480344 estimated total rows
psql:analyze_script_5.sql:53: INFO:  analyzing "pspadm.psp_financial_trans_state_p2"
psql:analyze_script_5.sql:53: INFO:  "psp_financial_trans_state_p2": scanned 30000 of 10336773 pages, containing 922843 live rows and 7245 dead rows; 30000 rows in sample, 317973954 estimated total rows
psql:analyze_script_5.sql:53: INFO:  analyzing "pspadm.psp_financial_trans_state_p3"
psql:analyze_script_5.sql:53: INFO:  "psp_financial_trans_state_p3": scanned 30000 of 10330120 pages, containing 922185 live rows and 7854 dead rows; 30000 rows in sample, 317542724 estimated total rows
psql:analyze_script_5.sql:53: INFO:  analyzing "pspadm.psp_financial_trans_state_p4"
psql:analyze_script_5.sql:53: INFO:  "psp_financial_trans_state_p4": scanned 30000 of 10180387 pages, containing 930636 live rows and 164 dead rows; 30000 rows in sample, 315807821 estimated total rows
psql:analyze_script_5.sql:53: INFO:  analyzing "pspadm.psp_financial_trans_state_p5"
psql:analyze_script_5.sql:53: INFO:  "psp_financial_trans_state_p5": scanned 30000 of 10401288 pages, containing 924060 live rows and 6586 dead rows; 30000 rows in sample, 320380473 estimated total rows
psql:analyze_script_5.sql:53: INFO:  analyzing "pspadm.psp_financial_trans_state_p6"
psql:analyze_script_5.sql:53: INFO:  "psp_financial_trans_state_p6": scanned 30000 of 10130198 pages, containing 923165 live rows and 6782 dead rows; 30000 rows in sample, 311728141 estimated total rows
psql:analyze_script_5.sql:53: INFO:  analyzing "pspadm.psp_financial_trans_state_p7"
psql:analyze_script_5.sql:53: INFO:  "psp_financial_trans_state_p7": scanned 30000 of 10503687 pages, containing 922999 live rows and 6956 dead rows; 30000 rows in sample, 323163087 estimated total rows
psql:analyze_script_5.sql:53: INFO:  analyzing "pspadm.psp_financial_trans_state_p8"
psql:analyze_script_5.sql:53: INFO:  "psp_financial_trans_state_p8": scanned 30000 of 10357257 pages, containing 922523 live rows and 7756 dead rows; 30000 rows in sample, 318493593 estimated total rows
psql:analyze_script_5.sql:53: INFO:  analyzing "pspadm.psp_financial_trans_state_p9"
psql:analyze_script_5.sql:53: INFO:  "psp_financial_trans_state_p9": scanned 30000 of 10440454 pages, containing 922701 live rows and 7710 dead rows; 30000 rows in sample, 321113912 estimated total rows
psql:analyze_script_5.sql:53: INFO:  analyzing "pspadm.psp_financial_trans_state_p10"
psql:analyze_script_5.sql:53: INFO:  "psp_financial_trans_state_p10": scanned 30000 of 10190342 pages, containing 922650 live rows and 7571 dead rows; 30000 rows in sample, 313403968 estimated total rows
psql:analyze_script_5.sql:53: INFO:  analyzing "pspadm.psp_financial_trans_state_p11"
psql:analyze_script_5.sql:53: INFO:  "psp_financial_trans_state_p11": scanned 30000 of 10295338 pages, containing 923736 live rows and 6430 dead rows; 30000 rows in sample, 317005811 estimated total rows
psql:analyze_script_5.sql:53: INFO:  analyzing "pspadm.psp_financial_trans_state_p12"
psql:analyze_script_5.sql:53: INFO:  "psp_financial_trans_state_p12": scanned 30000 of 10354454 pages, containing 923979 live rows and 6348 dead rows; 30000 rows in sample, 318909935 estimated total rows
psql:analyze_script_5.sql:53: INFO:  analyzing "pspadm.psp_financial_trans_state_p13"
psql:analyze_script_5.sql:53: INFO:  "psp_financial_trans_state_p13": scanned 30000 of 10471692 pages, containing 923772 live rows and 6479 dead rows; 30000 rows in sample, 322448529 estimated total rows
psql:analyze_script_5.sql:53: INFO:  analyzing "pspadm.psp_financial_trans_state_p14"
psql:analyze_script_5.sql:53: INFO:  "psp_financial_trans_state_p14": scanned 30000 of 10110726 pages, containing 923085 live rows and 7111 dead rows; 30000 rows in sample, 311101984 estimated total rows
psql:analyze_script_5.sql:53: INFO:  analyzing "pspadm.psp_financial_trans_state_p15"
psql:analyze_script_5.sql:53: INFO:  "psp_financial_trans_state_p15": scanned 30000 of 10343946 pages, containing 923433 live rows and 7080 dead rows; 30000 rows in sample, 318398036 estimated total rows
ANALYZE
psql:analyze_script_5.sql:54: INFO:  analyzing "pspadm.psp_financial_trans_state_p0"
psql:analyze_script_5.sql:54: INFO:  "psp_financial_trans_state_p0": scanned 30000 of 10276171 pages, containing 930401 live rows and 145 dead rows; 30000 rows in sample, 318698659 estimated total rows
ANALYZE
psql:analyze_script_5.sql:55: INFO:  analyzing "pspadm.psp_financial_trans_state_p1"
psql:analyze_script_5.sql:55: INFO:  "psp_financial_trans_state_p1": scanned 30000 of 10316054 pages, containing 923624 live rows and 6413 dead rows; 30000 rows in sample, 317605169 estimated total rows
ANALYZE
psql:analyze_script_5.sql:56: INFO:  analyzing "pspadm.psp_financial_trans_state_p10"
psql:analyze_script_5.sql:56: INFO:  "psp_financial_trans_state_p10": scanned 30000 of 10190342 pages, containing 923196 live rows and 6891 dead rows; 30000 rows in sample, 313589432 estimated total rows
ANALYZE
psql:analyze_script_5.sql:57: INFO:  analyzing "pspadm.psp_financial_trans_state_p11"
psql:analyze_script_5.sql:57: INFO:  "psp_financial_trans_state_p11": scanned 30000 of 10295338 pages, containing 923036 live rows and 7130 dead rows; 30000 rows in sample, 316765587 estimated total rows
ANALYZE
psql:analyze_script_5.sql:58: INFO:  analyzing "pspadm.psp_financial_trans_state_p12"
psql:analyze_script_5.sql:58: INFO:  "psp_financial_trans_state_p12": scanned 30000 of 10354454 pages, containing 923290 live rows and 7157 dead rows; 30000 rows in sample, 318672128 estimated total rows
ANALYZE
psql:analyze_script_5.sql:59: INFO:  analyzing "pspadm.psp_financial_trans_state_p13"
psql:analyze_script_5.sql:59: INFO:  "psp_financial_trans_state_p13": scanned 30000 of 10471692 pages, containing 921745 live rows and 8131 dead rows; 30000 rows in sample, 321740991 estimated total rows
ANALYZE
psql:analyze_script_5.sql:60: INFO:  analyzing "pspadm.psp_financial_trans_state_p14"
psql:analyze_script_5.sql:60: INFO:  "psp_financial_trans_state_p14": scanned 30000 of 10110726 pages, containing 921982 live rows and 7876 dead rows; 30000 rows in sample, 310730246 estimated total rows
ANALYZE
psql:analyze_script_5.sql:61: INFO:  analyzing "pspadm.psp_financial_trans_state_p15"
psql:analyze_script_5.sql:61: INFO:  "psp_financial_trans_state_p15": scanned 30000 of 10343946 pages, containing 923044 live rows and 6995 dead rows; 30000 rows in sample, 318263910 estimated total rows
ANALYZE
psql:analyze_script_5.sql:62: INFO:  analyzing "pspadm.psp_financial_trans_state_p2"
psql:analyze_script_5.sql:62: INFO:  "psp_financial_trans_state_p2": scanned 30000 of 10336773 pages, containing 922664 live rows and 7306 dead rows; 30000 rows in sample, 317912277 estimated total rows
ANALYZE
psql:analyze_script_5.sql:63: INFO:  analyzing "pspadm.psp_financial_trans_state_p3"
psql:analyze_script_5.sql:63: INFO:  "psp_financial_trans_state_p3": scanned 30000 of 10330120 pages, containing 923698 live rows and 6625 dead rows; 30000 rows in sample, 318063706 estimated total rows
ANALYZE
psql:analyze_script_5.sql:64: INFO:  analyzing "pspadm.psp_financial_trans_state_p4"
psql:analyze_script_5.sql:64: INFO:  "psp_financial_trans_state_p4": scanned 30000 of 10180387 pages, containing 930471 live rows and 205 dead rows; 30000 rows in sample, 315751829 estimated total rows
ANALYZE
psql:analyze_script_5.sql:65: INFO:  analyzing "pspadm.psp_financial_trans_state_p5"
psql:analyze_script_5.sql:65: INFO:  "psp_financial_trans_state_p5": scanned 30000 of 10401288 pages, containing 922603 live rows and 7635 dead rows; 30000 rows in sample, 319875317 estimated total rows
ANALYZE
psql:analyze_script_5.sql:66: INFO:  analyzing "pspadm.psp_financial_trans_state_p6"
psql:analyze_script_5.sql:66: INFO:  "psp_financial_trans_state_p6": scanned 30000 of 10130198 pages, containing 923027 live rows and 7309 dead rows; 30000 rows in sample, 311681542 estimated total rows
ANALYZE
psql:analyze_script_5.sql:67: INFO:  analyzing "pspadm.psp_financial_trans_state_p7"
psql:analyze_script_5.sql:67: INFO:  "psp_financial_trans_state_p7": scanned 30000 of 10503687 pages, containing 923950 live rows and 6309 dead rows; 30000 rows in sample, 323496053 estimated total rows
ANALYZE
psql:analyze_script_5.sql:68: INFO:  analyzing "pspadm.psp_financial_trans_state_p8"
psql:analyze_script_5.sql:68: INFO:  "psp_financial_trans_state_p8": scanned 30000 of 10357257 pages, containing 922749 live rows and 7075 dead rows; 30000 rows in sample, 318571618 estimated total rows
ANALYZE
psql:analyze_script_5.sql:69: INFO:  analyzing "pspadm.psp_financial_trans_state_p9"
psql:analyze_script_5.sql:69: INFO:  "psp_financial_trans_state_p9": scanned 30000 of 10440454 pages, containing 923261 live rows and 7175 dead rows; 30000 rows in sample, 321308800 estimated total rows
ANALYZE
psql:analyze_script_5.sql:70: INFO:  analyzing "pspadm.psp_financial_transaction" inheritance tree
psql:analyze_script_5.sql:70: INFO:  "psp_financial_transaction_p0": scanned 1882 of 5911303 pages, containing 33956 live rows and 552 dead rows; 1882 rows in sample, 106654731 estimated total rows
psql:analyze_script_5.sql:70: INFO:  "psp_financial_transaction_p1": scanned 1871 of 5879559 pages, containing 33820 live rows and 0 dead rows; 1871 rows in sample, 106278293 estimated total rows
psql:analyze_script_5.sql:70: INFO:  "psp_financial_transaction_p2": scanned 1874 of 5889030 pages, containing 33865 live rows and 0 dead rows; 1874 rows in sample, 106420491 estimated total rows
psql:analyze_script_5.sql:70: INFO:  "psp_financial_transaction_p3": scanned 1881 of 5908491 pages, containing 33702 live rows and 0 dead rows; 1881 rows in sample, 105862820 estimated total rows
psql:analyze_script_5.sql:70: INFO:  "psp_financial_transaction_p4": scanned 1865 of 5859862 pages, containing 33627 live rows and 434 dead rows; 1865 rows in sample, 105656611 estimated total rows
psql:analyze_script_5.sql:70: INFO:  "psp_financial_transaction_p5": scanned 1891 of 5939715 pages, containing 34096 live rows and 443 dead rows; 1891 rows in sample, 107097051 estimated total rows
psql:analyze_script_5.sql:70: INFO:  "psp_financial_transaction_p6": scanned 1839 of 5776133 pages, containing 33141 live rows and 0 dead rows; 1839 rows in sample, 104092889 estimated total rows
psql:analyze_script_5.sql:70: INFO:  "psp_financial_transaction_p7": scanned 1906 of 5987847 pages, containing 34460 live rows and 396 dead rows; 1906 rows in sample, 108258766 estimated total rows
psql:analyze_script_5.sql:70: INFO:  "psp_financial_transaction_p8": scanned 1878 of 5901572 pages, containing 33890 live rows and 444 dead rows; 1878 rows in sample, 106498549 estimated total rows
psql:analyze_script_5.sql:70: INFO:  "psp_financial_transaction_p9": scanned 1890 of 5938970 pages, containing 34276 live rows and 163 dead rows; 1890 rows in sample, 107705892 estimated total rows
psql:analyze_script_5.sql:70: INFO:  "psp_financial_transaction_p10": scanned 1852 of 5818117 pages, containing 33409 live rows and 453 dead rows; 1852 rows in sample, 104955438 estimated total rows
psql:analyze_script_5.sql:70: INFO:  "psp_financial_transaction_p11": scanned 1866 of 5861398 pages, containing 33788 live rows and 0 dead rows; 1866 rows in sample, 106133395 estimated total rows
psql:analyze_script_5.sql:70: INFO:  "psp_financial_transaction_p12": scanned 1883 of 5914886 pages, containing 34043 live rows and 404 dead rows; 1883 rows in sample, 106935987 estimated total rows
psql:analyze_script_5.sql:70: INFO:  "psp_financial_transaction_p13": scanned 1899 of 5966341 pages, containing 34314 live rows and 0 dead rows; 1899 rows in sample, 107808860 estimated total rows
psql:analyze_script_5.sql:70: INFO:  "psp_financial_transaction_p14": scanned 1840 of 5780884 pages, containing 33102 live rows and 0 dead rows; 1840 rows in sample, 103999360 estimated total rows
psql:analyze_script_5.sql:70: INFO:  "psp_financial_transaction_p15": scanned 1883 of 5916325 pages, containing 33835 live rows and 0 dead rows; 1883 rows in sample, 106308474 estimated total rows
psql:analyze_script_5.sql:70: INFO:  analyzing "pspadm.psp_financial_transaction_p0"
psql:analyze_script_5.sql:70: INFO:  "psp_financial_transaction_p0": scanned 30000 of 5911303 pages, containing 540916 live rows and 7680 dead rows; 30000 rows in sample, 106583946 estimated total rows
psql:analyze_script_5.sql:70: INFO:  analyzing "pspadm.psp_financial_transaction_p1"
psql:analyze_script_5.sql:70: INFO:  "psp_financial_transaction_p1": scanned 30000 of 5879559 pages, containing 541385 live rows and 0 dead rows; 30000 rows in sample, 106103502 estimated total rows
psql:analyze_script_5.sql:70: INFO:  analyzing "pspadm.psp_financial_transaction_p2"
psql:analyze_script_5.sql:70: INFO:  "psp_financial_transaction_p2": scanned 30000 of 5889030 pages, containing 541881 live rows and 0 dead rows; 30000 rows in sample, 106371782 estimated total rows
psql:analyze_script_5.sql:70: INFO:  analyzing "pspadm.psp_financial_transaction_p3"
psql:analyze_script_5.sql:70: INFO:  "psp_financial_transaction_p3": scanned 30000 of 5908491 pages, containing 539623 live rows and 0 dead rows; 30000 rows in sample, 106278588 estimated total rows
psql:analyze_script_5.sql:70: INFO:  analyzing "pspadm.psp_financial_transaction_p4"
psql:analyze_script_5.sql:70: INFO:  "psp_financial_transaction_p4": scanned 30000 of 5859862 pages, containing 540490 live rows and 8791 dead rows; 30000 rows in sample, 105573227 estimated total rows
psql:analyze_script_5.sql:70: INFO:  analyzing "pspadm.psp_financial_transaction_p5"
psql:analyze_script_5.sql:70: INFO:  "psp_financial_transaction_p5": scanned 30000 of 5939715 pages, containing 540753 live rows and 7850 dead rows; 30000 rows in sample, 107063957 estimated total rows
psql:analyze_script_5.sql:70: INFO:  analyzing "pspadm.psp_financial_transaction_p6"
psql:analyze_script_5.sql:70: INFO:  "psp_financial_transaction_p6": scanned 30000 of 5776133 pages, containing 541894 live rows and 0 dead rows; 30000 rows in sample, 104335061 estimated total rows
psql:analyze_script_5.sql:70: INFO:  analyzing "pspadm.psp_financial_transaction_p7"
psql:analyze_script_5.sql:70: INFO:  "psp_financial_transaction_p7": scanned 30000 of 5987847 pages, containing 541716 live rows and 5401 dead rows; 30000 rows in sample, 108123751 estimated total rows
psql:analyze_script_5.sql:70: INFO:  analyzing "pspadm.psp_financial_transaction_p8"
psql:analyze_script_5.sql:70: INFO:  "psp_financial_transaction_p8": scanned 30000 of 5901572 pages, containing 541979 live rows and 5676 dead rows; 30000 rows in sample, 106617603 estimated total rows
psql:analyze_script_5.sql:70: INFO:  analyzing "pspadm.psp_financial_transaction_p9"
psql:analyze_script_5.sql:70: INFO:  "psp_financial_transaction_p9": scanned 30000 of 5938970 pages, containing 542582 live rows and 4511 dead rows; 30000 rows in sample, 107412607 estimated total rows
psql:analyze_script_5.sql:70: INFO:  analyzing "pspadm.psp_financial_transaction_p10"
psql:analyze_script_5.sql:70: INFO:  "psp_financial_transaction_p10": scanned 30000 of 5818117 pages, containing 540453 live rows and 8519 dead rows; 30000 rows in sample, 104813960 estimated total rows
psql:analyze_script_5.sql:70: INFO:  analyzing "pspadm.psp_financial_transaction_p11"
psql:analyze_script_5.sql:70: INFO:  "psp_financial_transaction_p11": scanned 30000 of 5861398 pages, containing 542208 live rows and 0 dead rows; 30000 rows in sample, 105936563 estimated total rows
psql:analyze_script_5.sql:70: INFO:  analyzing "pspadm.psp_financial_transaction_p12"
psql:analyze_script_5.sql:70: INFO:  "psp_financial_transaction_p12": scanned 30000 of 5914886 pages, containing 540393 live rows and 8386 dead rows; 30000 rows in sample, 106545433 estimated total rows
psql:analyze_script_5.sql:70: INFO:  analyzing "pspadm.psp_financial_transaction_p13"
psql:analyze_script_5.sql:70: INFO:  "psp_financial_transaction_p13": scanned 30000 of 5966341 pages, containing 541751 live rows and 0 dead rows; 30000 rows in sample, 107742373 estimated total rows
psql:analyze_script_5.sql:70: INFO:  analyzing "pspadm.psp_financial_transaction_p14"
psql:analyze_script_5.sql:70: INFO:  "psp_financial_transaction_p14": scanned 30000 of 5780884 pages, containing 539391 live rows and 0 dead rows; 30000 rows in sample, 103938560 estimated total rows
psql:analyze_script_5.sql:70: INFO:  analyzing "pspadm.psp_financial_transaction_p15"
psql:analyze_script_5.sql:70: INFO:  "psp_financial_transaction_p15": scanned 30000 of 5916325 pages, containing 539599 live rows and 0 dead rows; 30000 rows in sample, 106414768 estimated total rows
ANALYZE
psql:analyze_script_5.sql:71: INFO:  analyzing "pspadm.psp_financial_transaction_p0"
psql:analyze_script_5.sql:71: INFO:  "psp_financial_transaction_p0": scanned 30000 of 5911303 pages, containing 541269 live rows and 6876 dead rows; 30000 rows in sample, 106653502 estimated total rows
ANALYZE
psql:analyze_script_5.sql:72: INFO:  analyzing "pspadm.psp_financial_transaction_p1"
psql:analyze_script_5.sql:72: INFO:  "psp_financial_transaction_p1": scanned 30000 of 5879559 pages, containing 541742 live rows and 0 dead rows; 30000 rows in sample, 106173468 estimated total rows
ANALYZE
psql:analyze_script_5.sql:73: INFO:  analyzing "pspadm.psp_financial_transaction_p10"
psql:analyze_script_5.sql:73: INFO:  "psp_financial_transaction_p10": scanned 30000 of 5818117 pages, containing 540205 live rows and 8973 dead rows; 30000 rows in sample, 104765863 estimated total rows
ANALYZE
psql:analyze_script_5.sql:74: INFO:  analyzing "pspadm.psp_financial_transaction_p11"
psql:analyze_script_5.sql:74: INFO:  "psp_financial_transaction_p11": scanned 30000 of 5861398 pages, containing 542283 live rows and 0 dead rows; 30000 rows in sample, 105951216 estimated total rows
ANALYZE
psql:analyze_script_5.sql:75: INFO:  analyzing "pspadm.psp_financial_transaction_p12"
psql:analyze_script_5.sql:75: INFO:  "psp_financial_transaction_p12": scanned 30000 of 5914886 pages, containing 540066 live rows and 8475 dead rows; 30000 rows in sample, 106480961 estimated total rows
ANALYZE
psql:analyze_script_5.sql:76: INFO:  analyzing "pspadm.psp_financial_transaction_p13"
psql:analyze_script_5.sql:76: INFO:  "psp_financial_transaction_p13": scanned 30000 of 5966341 pages, containing 541953 live rows and 0 dead rows; 30000 rows in sample, 107782547 estimated total rows
ANALYZE
psql:analyze_script_5.sql:77: INFO:  analyzing "pspadm.psp_financial_transaction_p14"
psql:analyze_script_5.sql:77: INFO:  "psp_financial_transaction_p14": scanned 30000 of 5780884 pages, containing 539692 live rows and 0 dead rows; 30000 rows in sample, 103996562 estimated total rows
ANALYZE
psql:analyze_script_5.sql:78: INFO:  analyzing "pspadm.psp_financial_transaction_p15"
psql:analyze_script_5.sql:78: INFO:  "psp_financial_transaction_p15": scanned 30000 of 5916325 pages, containing 539978 live rows and 0 dead rows; 30000 rows in sample, 106489511 estimated total rows
ANALYZE
psql:analyze_script_5.sql:79: INFO:  analyzing "pspadm.psp_financial_transaction_p2"
psql:analyze_script_5.sql:79: INFO:  "psp_financial_transaction_p2": scanned 30000 of 5889030 pages, containing 541764 live rows and 0 dead rows; 30000 rows in sample, 106348815 estimated total rows
ANALYZE
psql:analyze_script_5.sql:80: INFO:  analyzing "pspadm.psp_financial_transaction_p3"
psql:analyze_script_5.sql:80: INFO:  "psp_financial_transaction_p3": scanned 30000 of 5908491 pages, containing 539846 live rows and 0 dead rows; 30000 rows in sample, 106322508 estimated total rows
ANALYZE
psql:analyze_script_5.sql:81: INFO:  analyzing "pspadm.psp_financial_transaction_p4"
psql:analyze_script_5.sql:81: INFO:  "psp_financial_transaction_p4": scanned 30000 of 5859862 pages, containing 540944 live rows and 7603 dead rows; 30000 rows in sample, 105661906 estimated total rows
ANALYZE
psql:analyze_script_5.sql:82: INFO:  analyzing "pspadm.psp_financial_transaction_p5"
psql:analyze_script_5.sql:82: INFO:  "psp_financial_transaction_p5": scanned 30000 of 5939715 pages, containing 540678 live rows and 8022 dead rows; 30000 rows in sample, 107049108 estimated total rows
ANALYZE
psql:analyze_script_5.sql:83: INFO:  analyzing "pspadm.psp_financial_transaction_p6"
psql:analyze_script_5.sql:83: INFO:  "psp_financial_transaction_p6": scanned 30000 of 5776133 pages, containing 541806 live rows and 0 dead rows; 30000 rows in sample, 104318117 estimated total rows
ANALYZE
psql:analyze_script_5.sql:84: INFO:  analyzing "pspadm.psp_financial_transaction_p7"
psql:analyze_script_5.sql:84: INFO:  "psp_financial_transaction_p7": scanned 30000 of 5987847 pages, containing 542061 live rows and 5220 dead rows; 30000 rows in sample, 108192611 estimated total rows
ANALYZE
psql:analyze_script_5.sql:85: INFO:  analyzing "pspadm.psp_financial_transaction_p8"
psql:analyze_script_5.sql:85: INFO:  "psp_financial_transaction_p8": scanned 30000 of 5901572 pages, containing 541990 live rows and 5637 dead rows; 30000 rows in sample, 106619767 estimated total rows
ANALYZE
psql:analyze_script_5.sql:86: INFO:  analyzing "pspadm.psp_financial_transaction_p9"
psql:analyze_script_5.sql:86: INFO:  "psp_financial_transaction_p9": scanned 30000 of 5938970 pages, containing 542624 live rows and 4480 dead rows; 30000 rows in sample, 107420922 estimated total rows
ANALYZE
psql:analyze_script_5.sql:87: INFO:  analyzing "pspadm.psp_financial_txn_action"
psql:analyze_script_5.sql:87: INFO:  "psp_financial_txn_action": scanned 36 of 36 pages, containing 228 live rows and 0 dead rows; 228 rows in sample, 228 estimated total rows
ANALYZE
psql:analyze_script_5.sql:88: INFO:  analyzing "pspadm.psp_fintxn_onholdreason_assoc"
psql:analyze_script_5.sql:88: INFO:  "psp_fintxn_onholdreason_assoc": scanned 18208 of 18208 pages, containing 1365422 live rows and 27 dead rows; 30000 rows in sample, 1365422 estimated total rows
ANALYZE
psql:analyze_script_5.sql:89: INFO:  analyzing "pspadm.psp_forecast"
psql:analyze_script_5.sql:89: INFO:  "psp_forecast": scanned 18 of 18 pages, containing 845 live rows and 0 dead rows; 845 rows in sample, 845 estimated total rows
ANALYZE
psql:analyze_script_5.sql:90: INFO:  analyzing "pspadm.psp_forecast_detail"
psql:analyze_script_5.sql:90: INFO:  "psp_forecast_detail": scanned 170 of 170 pages, containing 6569 live rows and 0 dead rows; 6569 rows in sample, 6569 estimated total rows
ANALYZE
psql:analyze_script_5.sql:91: INFO:  analyzing "pspadm.psp_form_template"
psql:analyze_script_5.sql:91: INFO:  "psp_form_template": scanned 12 of 12 pages, containing 163 live rows and 0 dead rows; 163 rows in sample, 163 estimated total rows
ANALYZE
psql:analyze_script_5.sql:92: INFO:  analyzing "pspadm.psp_fraud_address"
psql:analyze_script_5.sql:92: INFO:  "psp_fraud_address": scanned 3126 of 3126 pages, containing 113666 live rows and 3537 dead rows; 30000 rows in sample, 113666 estimated total rows
ANALYZE
psql:analyze_script_5.sql:93: INFO:  analyzing "pspadm.psp_fraud_bank_account"
psql:analyze_script_5.sql:93: INFO:  "psp_fraud_bank_account": scanned 30000 of 46492 pages, containing 643289 live rows and 33541 dead rows; 30000 rows in sample, 996926 estimated total rows
ANALYZE
