old-cluster-id: ppsp-stg-pitparmo-old
staging-cluster-id: ppsp-stg-pitparmo
new-cluster-id: ppsp-stg-pitparmo-new
OLD-INSTANCE-ID_Writer: ppsp-stg-pitparmo-old-1
STG_INSTANCE_ID_Writer: ppsp-stg-pitparmo1
nNEW_INSTANCE_ID_Writer: ppsp-stg-pitparmo-new-1
LOGDATE: 20250527071413
Cluster ppsp-stg-pitparmo is now available.
Instance ppsp-stg-pitparmo1 is now available.
Connections on ppsp-stg-pitparmo1 
 datname | usename | client_hostname | application_name | count 
---------+---------+-----------------+------------------+-------
(0 rows)

Cluster ppsp-stg-pitparmo is now available.
Modifying cluster  ppsp-stg-pitparmo to ppsp-stg-pitparmo-old is Started .....!!!
Cluster ppsp-stg-pitparmo-old is now available.
Modifying cluster  ppsp-stg-pitparmo to ppsp-stg-pitparmo-old  is Completed .....!!!
Instance ppsp-stg-pitparmo1 is now available.
Modifying Instance ppsp-stg-pitparmo1 to ppsp-stg-pitparmo-old-1 is  Started .....!!!
Instance status is rebooting. Waiting...
Instance ppsp-stg-pitparmo-old-1 is now available.
Modifying Instance ppsp-stg-pitparmo1 to ppsp-stg-pitparmo-old-1  is Completed.....!!!
Cluster ppsp-stg-pitparmo-new is now available.
Modifying cluster ppsp-stg-pitparmo-new to  ppsp-stg-pitparmo is Started ....!!!
Cluster ppsp-stg-pitparmo is now available.
Modifying cluster ppsp-stg-pitparmo-new to  ppsp-stg-pitparmo is Completed ....!!!
Instance ppsp-stg-pitparmo-new-1 is now available.
Modifying cluster ppsp-stg-pitparmo-new-1 to  ppsp-stg-pitparmo1 is Started ....!!!
Instance status is rebooting. Waiting...
Instance status is rebooting. Waiting...
Instance ppsp-stg-pitparmo1 is now available.
Modifying cluster ppsp-stg-pitparmo-new-1 to  ppsp-stg-pitparmo1 is Completed ....!!!
Cluster ppsp-stg-pitparmo is now available.
Instance ppsp-stg-pitparmo1 is now available.
Connections on ppsp-stg-pitparmo-old-1 
 datname | usename | client_hostname | application_name | count 
---------+---------+-----------------+------------------+-------
(0 rows)

Connections on ppsp-stg-pitparmo1 
 datname | usename | client_hostname | application_name | count 
---------+---------+-----------------+------------------+-------
(0 rows)

 Audit Database Refresh and switching is completed
