00:33:31 SQL> select /*+ FULL(FINANCIAL_TXN_MG12023) parallel(FINANCIAL_TXN_MG12023 ,4) */count(*) from pspadm.PSP_FINANCIAL_TRANSACTION partition (FINANCIAL_TXN_MG12023)FINANCIAL_TXN_MG12023 ;

  COUNT(*)                                                                      
----------                                                                      
  24976335                                                                      

1 row selected.

Elapsed: 00:00:32.77
00:34:04 SQL> select /*+ FULL(FINANCIAL_TXN_MG22023) parallel(FINANCIAL_TXN_MG22023 ,4) */count(*) from pspadm.PSP_FINANCIAL_TRANSACTION partition (FINANCIAL_TXN_MG22023)FINANCIAL_TXN_MG22023 ;

  COUNT(*)                                                                      
----------                                                                      
  27446147                                                                      

1 row selected.

Elapsed: 00:00:37.70
00:34:42 SQL> select /*+ FULL(FINANCIAL_TXN_MG32023) parallel(FINANCIAL_TXN_MG32023 ,4) */count(*) from pspadm.PSP_FINANCIAL_TRANSACTION partition (FINANCIAL_TXN_MG32023)FINANCIAL_TXN_MG32023 ;

  COUNT(*)                                                                      
----------                                                                      
  28035256                                                                      

1 row selected.

Elapsed: 00:00:36.56
00:35:18 SQL> select /*+ FULL(FINANCIAL_TXN_MG42023) parallel(FINANCIAL_TXN_MG42023 ,4) */count(*) from pspadm.PSP_FINANCIAL_TRANSACTION partition (FINANCIAL_TXN_MG32023)FINANCIAL_TXN_MG42023 ;

  COUNT(*)                                                                      
----------                                                                      
  28035256                                                                      

1 row selected.

Elapsed: 00:00:24.64
00:35:43 SQL> select /*+ FULL(FINANCIAL_TXN_MG52023) parallel(FINANCIAL_TXN_MG52023 ,4) */count(*) from pspadm.PSP_FINANCIAL_TRANSACTION partition (FINANCIAL_TXN_MG32023)FINANCIAL_TXN_MG52023 ;

  COUNT(*)                                                                      
----------                                                                      
  28035256                                                                      

1 row selected.

Elapsed: 00:00:23.35
00:36:06 SQL> select /*+ FULL(FINANCIAL_TXN_MG62023) parallel(FINANCIAL_TXN_MG62023 ,4) */count(*) from pspadm.PSP_FINANCIAL_TRANSACTION partition (FINANCIAL_TXN_MG32023)FINANCIAL_TXN_MG62023 ;

  COUNT(*)                                                                      
----------                                                                      
  28035256                                                                      

1 row selected.

Elapsed: 00:00:23.88
00:36:30 SQL> select /*+ FULL(FINANCIAL_TXN_MG12022) parallel(FINANCIAL_TXN_MG12022 ,4) */count(*) from pspadm.PSP_FINANCIAL_TRANSACTION partition (FINANCIAL_TXN_MG12022)FINANCIAL_TXN_MG12022 ;

  COUNT(*)                                                                      
----------                                                                      
  24957746                                                                      

1 row selected.

Elapsed: 00:00:37.51
00:37:08 SQL> select /*+ FULL(FINANCIAL_TXN_MG22022) parallel(FINANCIAL_TXN_MG22022 ,4) */count(*) from pspadm.PSP_FINANCIAL_TRANSACTION partition (FINANCIAL_TXN_MG22022)FINANCIAL_TXN_MG22022 ;

  COUNT(*)                                                                      
----------                                                                      
  27955312                                                                      

1 row selected.

Elapsed: 00:00:44.20
00:37:52 SQL> select /*+ FULL(FINANCIAL_TXN_MG32022) parallel(FINANCIAL_TXN_MG32022 ,4) */count(*) from pspadm.PSP_FINANCIAL_TRANSACTION partition (FINANCIAL_TXN_MG32022)FINANCIAL_TXN_MG32022 ;

  COUNT(*)                                                                      
----------                                                                      
  27220187                                                                      

1 row selected.

Elapsed: 00:00:43.03
00:38:35 SQL> select /*+ FULL(FINANCIAL_TXN_MG42022) parallel(FINANCIAL_TXN_MG42022 ,4) */count(*) from pspadm.PSP_FINANCIAL_TRANSACTION partition (FINANCIAL_TXN_MG42022)FINANCIAL_TXN_MG42022 ;

  COUNT(*)                                                                      
----------                                                                      
  28433962                                                                      

1 row selected.

Elapsed: 00:00:44.83
00:39:20 SQL> select /*+ FULL(FINANCIAL_TXN_MG52022) parallel(FINANCIAL_TXN_MG52022 ,4) */count(*) from pspadm.PSP_FINANCIAL_TRANSACTION partition (FINANCIAL_TXN_MG52022)FINANCIAL_TXN_MG52022 ;

  COUNT(*)                                                                      
----------                                                                      
  28150912                                                                      

1 row selected.

Elapsed: 00:00:43.14
00:40:03 SQL> select /*+ FULL(FINANCIAL_TXN_MG62022) parallel(FINANCIAL_TXN_MG62022 ,4) */count(*) from pspadm.PSP_FINANCIAL_TRANSACTION partition (FINANCIAL_TXN_MG62022)FINANCIAL_TXN_MG62022 ;

  COUNT(*)                                                                      
----------                                                                      
  28060152                                                                      

1 row selected.

Elapsed: 00:00:32.65
00:40:36 SQL> select /*+ FULL(FINANCIAL_TXN_MG12020) parallel(FINANCIAL_TXN_MG12020 ,4) */count(*) from pspadm.PSP_FINANCIAL_TRANSACTION partition (FINANCIAL_TXN_MG12020)FINANCIAL_TXN_MG12020 ;

  COUNT(*)                                                                      
----------                                                                      
  25510062                                                                      

1 row selected.

Elapsed: 00:00:33.86
00:41:09 SQL> select /*+ FULL(FINANCIAL_TXN_MG22020) parallel(FINANCIAL_TXN_MG22020 ,4) */count(*) from pspadm.PSP_FINANCIAL_TRANSACTION partition (FINANCIAL_TXN_MG22020)FINANCIAL_TXN_MG22020 ;

  COUNT(*)                                                                      
----------                                                                      
  23993663                                                                      

1 row selected.

Elapsed: 00:00:42.16
00:41:52 SQL> select /*+ FULL(FINANCIAL_TXN_MG32020) parallel(FINANCIAL_TXN_MG32020 ,4) */count(*) from pspadm.PSP_FINANCIAL_TRANSACTION partition (FINANCIAL_TXN_MG32020)FINANCIAL_TXN_MG32020 ;

  COUNT(*)                                                                      
----------                                                                      
  23595037                                                                      

1 row selected.

Elapsed: 00:01:02.44
00:42:54 SQL> select /*+ FULL(FINANCIAL_TXN_MG42020) parallel(FINANCIAL_TXN_MG42020 ,4) */count(*) from pspadm.PSP_FINANCIAL_TRANSACTION partition (FINANCIAL_TXN_MG42020)FINANCIAL_TXN_MG42020 ;

  COUNT(*)                                                                      
----------                                                                      
  26112992                                                                      

1 row selected.

Elapsed: 00:01:11.99
00:44:06 SQL> select /*+ FULL(FINANCIAL_TXN_MG52020) parallel(FINANCIAL_TXN_MG52020 ,4) */count(*) from pspadm.PSP_FINANCIAL_TRANSACTION partition (FINANCIAL_TXN_MG52020)FINANCIAL_TXN_MG52020 ;

  COUNT(*)                                                                      
----------                                                                      
  26031225                                                                      

1 row selected.

Elapsed: 00:01:10.02
00:45:16 SQL> select /*+ FULL(FINANCIAL_TXN_MG62020) parallel(FINANCIAL_TXN_MG62020 ,4) */count(*) from pspadm.PSP_FINANCIAL_TRANSACTION partition (FINANCIAL_TXN_MG62020)FINANCIAL_TXN_MG62020 ;

  COUNT(*)                                                                      
----------                                                                      
  26224363                                                                      

1 row selected.

Elapsed: 00:01:13.30
00:46:29 SQL> select /*+ FULL(FINANCIAL_TXN_MG12021) parallel(FINANCIAL_TXN_MG12021 ,4) */count(*) from pspadm.PSP_FINANCIAL_TRANSACTION partition (FINANCIAL_TXN_MG12021)FINANCIAL_TXN_MG12021 ;

  COUNT(*)                                                                      
----------                                                                      
  23696857                                                                      

1 row selected.

Elapsed: 00:01:04.13
00:47:34 SQL> select /*+ FULL(FINANCIAL_TXN_MG22021) parallel(FINANCIAL_TXN_MG22021 ,4) */count(*) from pspadm.PSP_FINANCIAL_TRANSACTION partition (FINANCIAL_TXN_MG22021)FINANCIAL_TXN_MG22021 ;

  COUNT(*)                                                                      
----------                                                                      
  27490886                                                                      

1 row selected.

Elapsed: 00:01:22.80
00:48:56 SQL> select /*+ FULL(FINANCIAL_TXN_MG32021) parallel(FINANCIAL_TXN_MG32021 ,4) */count(*) from pspadm.PSP_FINANCIAL_TRANSACTION partition (FINANCIAL_TXN_MG32021)FINANCIAL_TXN_MG32021 ;

  COUNT(*)                                                                      
----------                                                                      
  25182066                                                                      

1 row selected.

Elapsed: 00:01:18.32
00:50:15 SQL> select /*+ FULL(FINANCIAL_TXN_MG42021) parallel(FINANCIAL_TXN_MG42021 ,4) */count(*) from pspadm.PSP_FINANCIAL_TRANSACTION partition (FINANCIAL_TXN_MG42021)FINANCIAL_TXN_MG42021 ;

  COUNT(*)                                                                      
----------                                                                      
  27918391                                                                      

1 row selected.

Elapsed: 00:01:27.12
00:51:42 SQL> select /*+ FULL(FINANCIAL_TXN_MG52021) parallel(FINANCIAL_TXN_MG52021 ,4) */count(*) from pspadm.PSP_FINANCIAL_TRANSACTION partition (FINANCIAL_TXN_MG52021)FINANCIAL_TXN_MG52021 ;

  COUNT(*)                                                                      
----------                                                                      
  27600244                                                                      

1 row selected.

Elapsed: 00:01:17.05
00:52:59 SQL> select /*+ FULL(FINANCIAL_TXN_MG62021) parallel(FINANCIAL_TXN_MG62021 ,4) */count(*) from pspadm.PSP_FINANCIAL_TRANSACTION partition (FINANCIAL_TXN_MG62021)FINANCIAL_TXN_MG62021 ;

  COUNT(*)                                                                      
----------                                                                      
  28359747                                                                      

1 row selected.

Elapsed: 00:01:27.18
00:54:26 SQL> select /*+ FULL(FINANCIAL_TXN_9999) parallel(FINANCIAL_TXN_9999 ,4) */count(*) from pspadm.PSP_FINANCIAL_TRANSACTION partition (FINANCIAL_TXN_9999)FINANCIAL_TXN_9999 ;

  COUNT(*)                                                                      
----------                                                                      
       191                                                                      

1 row selected.

Elapsed: 00:00:00.10
00:54:26 SQL> spool off
