00:00:29 SQL> select /*+ FULL(PSP_INTUIT_BA_BT_FT) parallel(PSP_INTUIT_BA_BT_FT ,4) */count(*) from pspadm.PSP_INTUIT_BA_BT_FT PSP_INTUIT_BA_BT_FT ;

  COUNT(*)                                                                      
----------                                                                      
        10                                                                      

1 row selected.

Elapsed: 00:00:00.05
00:00:29 SQL> select /*+ FULL(PSP_INTUIT_SHIPPER_INFO) parallel(PSP_INTUIT_SHIPPER_INFO ,4) */count(*) from pspadm.PSP_INTUIT_SHIPPER_INFO PSP_INTUIT_SHIPPER_INFO ;

  COUNT(*)                                                                      
----------                                                                      
         1                                                                      

1 row selected.

Elapsed: 00:00:00.01
00:00:29 SQL> select /*+ FULL(PSP_IOPSYNC_COMPANY) parallel(PSP_IOPSYNC_COMPANY ,4) */count(*) from pspadm.PSP_IOPSYNC_COMPANY PSP_IOPSYNC_COMPANY ;

  COUNT(*)                                                                      
----------                                                                      
         0                                                                      

1 row selected.

Elapsed: 00:00:00.00
00:00:29 SQL> select /*+ FULL(PSP_LAW) parallel(PSP_LAW ,4) */count(*) from pspadm.PSP_LAW PSP_LAW ;

  COUNT(*)                                                                      
----------                                                                      
       243                                                                      

1 row selected.

Elapsed: 00:00:00.01
00:00:29 SQL> select /*+ FULL(PSP_LAW_RATE_RANGE) parallel(PSP_LAW_RATE_RANGE ,4) */count(*) from pspadm.PSP_LAW_RATE_RANGE PSP_LAW_RATE_RANGE ;

  COUNT(*)                                                                      
----------                                                                      
       107                                                                      

1 row selected.

Elapsed: 00:00:00.02
00:00:29 SQL> select /*+ FULL(PSP_LAW_RATE_VALUE) parallel(PSP_LAW_RATE_VALUE ,4) */count(*) from pspadm.PSP_LAW_RATE_VALUE PSP_LAW_RATE_VALUE ;

  COUNT(*)                                                                      
----------                                                                      
        20                                                                      

1 row selected.

Elapsed: 00:00:00.00
00:00:29 SQL> select /*+ FULL(PSP_LB_TMP) parallel(PSP_LB_TMP ,4) */count(*) from pspadm.PSP_LB_TMP PSP_LB_TMP ;

  COUNT(*)                                                                      
----------                                                                      
     20730                                                                      

1 row selected.

Elapsed: 00:00:00.27
00:00:29 SQL> select /*+ FULL(PSP_LB_TMP_COMP_FK) parallel(PSP_LB_TMP_COMP_FK ,4) */count(*) from pspadm.PSP_LB_TMP_COMP_FK PSP_LB_TMP_COMP_FK ;

  COUNT(*)                                                                      
----------                                                                      
     15727                                                                      

1 row selected.

Elapsed: 00:00:00.11
00:00:29 SQL> select /*+ FULL(PSP_LB_TMP_COMP_FK_5000) parallel(PSP_LB_TMP_COMP_FK_5000 ,4) */count(*) from pspadm.PSP_LB_TMP_COMP_FK_5000 PSP_LB_TMP_COMP_FK_5000 ;

  COUNT(*)                                                                      
----------                                                                      
      4999                                                                      

1 row selected.

Elapsed: 00:00:00.06
00:00:29 SQL> select /*+ FULL(PSP_LEDGER_ACCOUNT) parallel(PSP_LEDGER_ACCOUNT ,4) */count(*) from pspadm.PSP_LEDGER_ACCOUNT PSP_LEDGER_ACCOUNT ;

  COUNT(*)                                                                      
----------                                                                      
        24                                                                      

1 row selected.

Elapsed: 00:00:00.01
00:00:29 SQL> select /*+ FULL(PSP_LEDGER_ACCOUNT_ACTION) parallel(PSP_LEDGER_ACCOUNT_ACTION ,4) */count(*) from pspadm.PSP_LEDGER_ACCOUNT_ACTION PSP_LEDGER_ACCOUNT_ACTION ;

  COUNT(*)                                                                      
----------                                                                      
        11                                                                      

1 row selected.

Elapsed: 00:00:00.02
00:00:29 SQL> select /*+ FULL(PSP_LEDGER_BALANCE_BKP) parallel(PSP_LEDGER_BALANCE_BKP ,4) */count(*) from pspadm.PSP_LEDGER_BALANCE_BKP PSP_LEDGER_BALANCE_BKP ;

  COUNT(*)                                                                      
----------                                                                      
  21949021                                                                      

1 row selected.

Elapsed: 00:00:50.50
00:01:20 SQL> select /*+ FULL(PSP_LEDGER_OPERATION) parallel(PSP_LEDGER_OPERATION ,4) */count(*) from pspadm.PSP_LEDGER_OPERATION PSP_LEDGER_OPERATION ;

  COUNT(*)                                                                      
----------                                                                      
  27412985                                                                      

1 row selected.

Elapsed: 00:01:05.93
00:02:26 SQL> select /*+ FULL(PSP_LEDGER_OPERATION_JOB) parallel(PSP_LEDGER_OPERATION_JOB ,4) */count(*) from pspadm.PSP_LEDGER_OPERATION_JOB PSP_LEDGER_OPERATION_JOB ;

  COUNT(*)                                                                      
----------                                                                      
      5355                                                                      

1 row selected.

Elapsed: 00:00:00.23
00:02:26 SQL> select /*+ FULL(PSP_LIABILITY_ADJUSTMENT) parallel(PSP_LIABILITY_ADJUSTMENT ,4) */count(*) from pspadm.PSP_LIABILITY_ADJUSTMENT PSP_LIABILITY_ADJUSTMENT ;

  COUNT(*)                                                                      
----------                                                                      
  62777324                                                                      

1 row selected.

Elapsed: 00:03:29.76
00:05:56 SQL> select /*+ FULL(PSP_LIABILITY_CHECK) parallel(PSP_LIABILITY_CHECK ,4) */count(*) from pspadm.PSP_LIABILITY_CHECK PSP_LIABILITY_CHECK ;

  COUNT(*)                                                                      
----------                                                                      
 135522188                                                                      

1 row selected.

Elapsed: 00:05:17.47
00:11:13 SQL> select /*+ FULL(PSP_LIABILITY_CHECK_LINE) parallel(PSP_LIABILITY_CHECK_LINE ,4) */count(*) from pspadm.PSP_LIABILITY_CHECK_LINE PSP_LIABILITY_CHECK_LINE ;

  COUNT(*)                                                                      
----------                                                                      
 434766981                                                                      

1 row selected.

Elapsed: 00:09:27.72
00:20:41 SQL> select /*+ FULL(PSP_LIAB_CHECK_BILLING_ASSOC) parallel(PSP_LIAB_CHECK_BILLING_ASSOC ,4) */count(*) from pspadm.PSP_LIAB_CHECK_BILLING_ASSOC PSP_LIAB_CHECK_BILLING_ASSOC ;

  COUNT(*)                                                                      
----------                                                                      
 118019768                                                                      

1 row selected.

Elapsed: 00:03:21.33
00:24:02 SQL> select /*+ FULL(PSP_LIMIT_RULE) parallel(PSP_LIMIT_RULE ,4) */count(*) from pspadm.PSP_LIMIT_RULE PSP_LIMIT_RULE ;

  COUNT(*)                                                                      
----------                                                                      
         6                                                                      

1 row selected.

Elapsed: 00:00:00.03
00:24:02 SQL> select /*+ FULL(PSP_LIMIT_VALUE) parallel(PSP_LIMIT_VALUE ,4) */count(*) from pspadm.PSP_LIMIT_VALUE PSP_LIMIT_VALUE ;

  COUNT(*)                                                                      
----------                                                                      
       135                                                                      

1 row selected.

Elapsed: 00:00:00.00
00:24:02 SQL> select /*+ FULL(PSP_MANUAL_REQUIREMENT) parallel(PSP_MANUAL_REQUIREMENT ,4) */count(*) from pspadm.PSP_MANUAL_REQUIREMENT PSP_MANUAL_REQUIREMENT ;

  COUNT(*)                                                                      
----------                                                                      
        34                                                                      

1 row selected.

Elapsed: 00:00:00.03
00:24:02 SQL> select /*+ FULL(PSP_MESSAGE_LOG) parallel(PSP_MESSAGE_LOG ,4) */count(*) from pspadm.PSP_MESSAGE_LOG PSP_MESSAGE_LOG ;

  COUNT(*)                                                                      
----------                                                                      
    292281                                                                      

1 row selected.

Elapsed: 00:00:04.15
00:24:07 SQL> select /*+ FULL(PSP_NACHAFILE) parallel(PSP_NACHAFILE ,4) */count(*) from pspadm.PSP_NACHAFILE PSP_NACHAFILE ;

  COUNT(*)                                                                      
----------                                                                      
     33624                                                                      

1 row selected.

Elapsed: 00:00:00.37
00:24:07 SQL> select /*+ FULL(PSP_OFFER) parallel(PSP_OFFER ,4) */count(*) from pspadm.PSP_OFFER PSP_OFFER ;

  COUNT(*)                                                                      
----------                                                                      
        48                                                                      

1 row selected.

Elapsed: 00:00:00.15
00:24:07 SQL> select /*+ FULL(PSP_OFFERING) parallel(PSP_OFFERING ,4) */count(*) from pspadm.PSP_OFFERING PSP_OFFERING ;

  COUNT(*)                                                                      
----------                                                                      
        92                                                                      

1 row selected.

Elapsed: 00:00:00.03
00:24:07 SQL> select /*+ FULL(PSP_OFFERING_SVCCHG) parallel(PSP_OFFERING_SVCCHG ,4) */count(*) from pspadm.PSP_OFFERING_SVCCHG PSP_OFFERING_SVCCHG ;

  COUNT(*)                                                                      
----------                                                                      
      1438                                                                      

1 row selected.

Elapsed: 00:00:00.01
00:24:07 SQL> select /*+ FULL(PSP_OFFERING_SVCCHG_GRP) parallel(PSP_OFFERING_SVCCHG_GRP ,4) */count(*) from pspadm.PSP_OFFERING_SVCCHG_GRP PSP_OFFERING_SVCCHG_GRP ;

  COUNT(*)                                                                      
----------                                                                      
      1430                                                                      

1 row selected.

Elapsed: 00:00:00.10
00:24:07 SQL> select /*+ FULL(PSP_OFFER_PRICE) parallel(PSP_OFFER_PRICE ,4) */count(*) from pspadm.PSP_OFFER_PRICE PSP_OFFER_PRICE ;

  COUNT(*)                                                                      
----------                                                                      
        33                                                                      

1 row selected.

Elapsed: 00:00:00.00
00:24:07 SQL> select /*+ FULL(PSP_OFFER_SVCCHG_ASSOC) parallel(PSP_OFFER_SVCCHG_ASSOC ,4) */count(*) from pspadm.PSP_OFFER_SVCCHG_ASSOC PSP_OFFER_SVCCHG_ASSOC ;

  COUNT(*)                                                                      
----------                                                                      
      2170                                                                      

1 row selected.

Elapsed: 00:00:00.07
00:24:07 SQL> select /*+ FULL(PSP_OFFLOAD_BATCH) parallel(PSP_OFFLOAD_BATCH ,4) */count(*) from pspadm.PSP_OFFLOAD_BATCH PSP_OFFLOAD_BATCH ;

  COUNT(*)                                                                      
----------                                                                      
     19208                                                                      

1 row selected.

Elapsed: 00:00:00.29
00:24:08 SQL> select /*+ FULL(PSP_OFFLOAD_GROUP) parallel(PSP_OFFLOAD_GROUP ,4) */count(*) from pspadm.PSP_OFFLOAD_GROUP PSP_OFFLOAD_GROUP ;

  COUNT(*)                                                                      
----------                                                                      
         4                                                                      

1 row selected.

Elapsed: 00:00:00.06
00:24:08 SQL> select /*+ FULL(PSP_ON_HOLD_REASON) parallel(PSP_ON_HOLD_REASON ,4) */count(*) from pspadm.PSP_ON_HOLD_REASON PSP_ON_HOLD_REASON ;

  COUNT(*)                                                                      
----------                                                                      
    514039                                                                      

1 row selected.

Elapsed: 00:00:01.02
00:24:09 SQL> select /*+ FULL(PSP_OWNERSHIP_TYPE) parallel(PSP_OWNERSHIP_TYPE ,4) */count(*) from pspadm.PSP_OWNERSHIP_TYPE PSP_OWNERSHIP_TYPE ;

  COUNT(*)                                                                      
----------                                                                      
        12                                                                      

1 row selected.

Elapsed: 00:00:00.02
00:24:09 SQL> select /*+ FULL(PSP_PAYCHECK_USAGE) parallel(PSP_PAYCHECK_USAGE ,4) */count(*) from pspadm.PSP_PAYCHECK_USAGE PSP_PAYCHECK_USAGE ;

  COUNT(*)                                                                      
----------                                                                      
 786276701                                                                      

1 row selected.

Elapsed: 00:14:55.36
00:39:04 SQL> select /*+ FULL(PSP_PAYCHECK_USAGE_HIST) parallel(PSP_PAYCHECK_USAGE_HIST ,4) */count(*) from pspadm.PSP_PAYCHECK_USAGE_HIST PSP_PAYCHECK_USAGE_HIST ;

  COUNT(*)                                                                      
----------                                                                      
   2253860                                                                      

1 row selected.

Elapsed: 00:00:10.20
00:39:14 SQL> select /*+ FULL(PSP_PAYEE) parallel(PSP_PAYEE ,4) */count(*) from pspadm.PSP_PAYEE PSP_PAYEE ;

  COUNT(*)                                                                      
----------                                                                      
   2667416                                                                      

1 row selected.

Elapsed: 00:00:17.27
00:39:31 SQL> select /*+ FULL(PSP_PAYEE_BANK_ACCOUNT) parallel(PSP_PAYEE_BANK_ACCOUNT ,4) */count(*) from pspadm.PSP_PAYEE_BANK_ACCOUNT PSP_PAYEE_BANK_ACCOUNT ;

  COUNT(*)                                                                      
----------                                                                      
   2834064                                                                      

1 row selected.

Elapsed: 00:00:18.70
00:39:50 SQL> select /*+ FULL(PSP_PAYMENT_BATCH_ASSOC) parallel(PSP_PAYMENT_BATCH_ASSOC ,4) */count(*) from pspadm.PSP_PAYMENT_BATCH_ASSOC PSP_PAYMENT_BATCH_ASSOC ;

  COUNT(*)                                                                      
----------                                                                      
    532032                                                                      

1 row selected.

Elapsed: 00:00:02.90
00:39:53 SQL> select /*+ FULL(PSP_PAYMENT_METHOD_REQUIREMENT) parallel(PSP_PAYMENT_METHOD_REQUIREMENT ,4) */count(*) from pspadm.PSP_PAYMENT_METHOD_REQUIREMENT PSP_PAYMENT_METHOD_REQUIREMENT ;

  COUNT(*)                                                                      
----------                                                                      
       136                                                                      

1 row selected.

Elapsed: 00:00:00.09
00:39:53 SQL> select /*+ FULL(PSP_PAYMENT_REQUIREMENT) parallel(PSP_PAYMENT_REQUIREMENT ,4) */count(*) from pspadm.PSP_PAYMENT_REQUIREMENT PSP_PAYMENT_REQUIREMENT ;

  COUNT(*)                                                                      
----------                                                                      
         5                                                                      

1 row selected.

Elapsed: 00:00:00.01
00:39:53 SQL> select /*+ FULL(PSP_PAYMENT_TEMPLATE) parallel(PSP_PAYMENT_TEMPLATE ,4) */count(*) from pspadm.PSP_PAYMENT_TEMPLATE PSP_PAYMENT_TEMPLATE ;

  COUNT(*)                                                                      
----------                                                                      
       149                                                                      

1 row selected.

Elapsed: 00:00:00.08
00:39:53 SQL> select /*+ FULL(PSP_PAYMENT_TEMPLATE_AGENCY_ID) parallel(PSP_PAYMENT_TEMPLATE_AGENCY_ID ,4) */count(*) from pspadm.PSP_PAYMENT_TEMPLATE_AGENCY_ID PSP_PAYMENT_TEMPLATE_AGENCY_ID ;

  COUNT(*)                                                                      
----------                                                                      
         6                                                                      

1 row selected.

Elapsed: 00:00:00.02
00:39:53 SQL> select /*+ FULL(PSP_PAYROLL_FRAUD_BATCH) parallel(PSP_PAYROLL_FRAUD_BATCH ,4) */count(*) from pspadm.PSP_PAYROLL_FRAUD_BATCH PSP_PAYROLL_FRAUD_BATCH ;

  COUNT(*)                                                                      
----------                                                                      
         0                                                                      

1 row selected.

Elapsed: 00:00:00.00
00:39:53 SQL> select /*+ FULL(PSP_PAYROLL_FREQUENCY) parallel(PSP_PAYROLL_FREQUENCY ,4) */count(*) from pspadm.PSP_PAYROLL_FREQUENCY PSP_PAYROLL_FREQUENCY ;

  COUNT(*)                                                                      
----------                                                                      
         8                                                                      

1 row selected.

Elapsed: 00:00:00.00
00:39:53 SQL> select /*+ FULL(PSP_PAYROLL_ITEM) parallel(PSP_PAYROLL_ITEM ,4) */count(*) from pspadm.PSP_PAYROLL_ITEM PSP_PAYROLL_ITEM ;

  COUNT(*)                                                                      
----------                                                                      
        18                                                                      

1 row selected.

Elapsed: 00:00:00.07
00:39:53 SQL> select /*+ FULL(PSP_PAYROLL_ITEM_TAXABLE_TO) parallel(PSP_PAYROLL_ITEM_TAXABLE_TO ,4) */count(*) from pspadm.PSP_PAYROLL_ITEM_TAXABLE_TO PSP_PAYROLL_ITEM_TAXABLE_TO ;

  COUNT(*)                                                                      
----------                                                                      
  35484011                                                                      

1 row selected.

Elapsed: 00:01:44.87
00:41:38 SQL> select /*+ FULL(PSP_PAYROLL_RUN) parallel(PSP_PAYROLL_RUN ,4) */count(*) from pspadm.PSP_PAYROLL_RUN PSP_PAYROLL_RUN ;

  COUNT(*)                                                                      
----------                                                                      
 302271888                                                                      

1 row selected.

Elapsed: 00:12:35.84
00:54:14 SQL> select /*+ FULL(PSP_PAYROLL_RUN_ACTION) parallel(PSP_PAYROLL_RUN_ACTION ,4) */count(*) from pspadm.PSP_PAYROLL_RUN_ACTION PSP_PAYROLL_RUN_ACTION ;

  COUNT(*)                                                                      
----------                                                                      
        56                                                                      

1 row selected.

Elapsed: 00:00:00.01
00:54:14 SQL> select /*+ FULL(PSP_PAYROLL_SUBTYPE) parallel(PSP_PAYROLL_SUBTYPE ,4) */count(*) from pspadm.PSP_PAYROLL_SUBTYPE PSP_PAYROLL_SUBTYPE ;

  COUNT(*)                                                                      
----------                                                                      
        25                                                                      

1 row selected.

Elapsed: 00:00:00.03
00:54:14 SQL> select /*+ FULL(PSP_PAYSTUB) parallel(PSP_PAYSTUB ,4) */count(*) from pspadm.PSP_PAYSTUB PSP_PAYSTUB ;

  COUNT(*)                                                                      
----------                                                                      
 526271970                                                                      

1 row selected.

Elapsed: 00:27:30.93
01:21:45 SQL> select /*+ FULL(PSP_PAY_ITEM) parallel(PSP_PAY_ITEM ,4) */count(*) from pspadm.PSP_PAY_ITEM PSP_PAY_ITEM ;

  COUNT(*)                                                                      
----------                                                                      
         0                                                                      

1 row selected.

Elapsed: 00:00:00.00
01:21:45 SQL> select /*+ FULL(PSP_PERF_SST) parallel(PSP_PERF_SST ,4) */count(*) from pspadm.PSP_PERF_SST PSP_PERF_SST ;

  COUNT(*)                                                                      
----------                                                                      
    496060                                                                      

1 row selected.

Elapsed: 00:00:00.96
01:21:46 SQL> select /*+ FULL(PSP_PMTTEMPLATE_CHKINFO_ASSOC) parallel(PSP_PMTTEMPLATE_CHKINFO_ASSOC ,4) */count(*) from pspadm.PSP_PMTTEMPLATE_CHKINFO_ASSOC PSP_PMTTEMPLATE_CHKINFO_ASSOC ;

  COUNT(*)                                                                      
----------                                                                      
       103                                                                      

1 row selected.

Elapsed: 00:00:00.01
01:21:46 SQL> select /*+ FULL(PSP_PMTTEMPLATE_PRINTEDCHKINFO) parallel(PSP_PMTTEMPLATE_PRINTEDCHKINFO ,4) */count(*) from pspadm.PSP_PMTTEMPLATE_PRINTEDCHKINFO PSP_PMTTEMPLATE_PRINTEDCHKINFO ;

  COUNT(*)                                                                      
----------                                                                      
        95                                                                      

1 row selected.

Elapsed: 00:00:00.09
01:21:46 SQL> select /*+ FULL(PSP_PMT_TEMPLATE_BANKACCOUNT) parallel(PSP_PMT_TEMPLATE_BANKACCOUNT ,4) */count(*) from pspadm.PSP_PMT_TEMPLATE_BANKACCOUNT PSP_PMT_TEMPLATE_BANKACCOUNT ;

  COUNT(*)                                                                      
----------                                                                      
       109                                                                      

1 row selected.

Elapsed: 00:00:00.03
01:21:46 SQL> select /*+ FULL(PSP_PMT_TEMPLATE_FREQUENCY) parallel(PSP_PMT_TEMPLATE_FREQUENCY ,4) */count(*) from pspadm.PSP_PMT_TEMPLATE_FREQUENCY PSP_PMT_TEMPLATE_FREQUENCY ;

  COUNT(*)                                                                      
----------                                                                      
       297                                                                      

1 row selected.

Elapsed: 00:00:00.01
01:21:46 SQL> select /*+ FULL(PSP_PMT_TEMPLATE_PAYMENTMETHOD) parallel(PSP_PMT_TEMPLATE_PAYMENTMETHOD ,4) */count(*) from pspadm.PSP_PMT_TEMPLATE_PAYMENTMETHOD PSP_PMT_TEMPLATE_PAYMENTMETHOD ;

  COUNT(*)                                                                      
----------                                                                      
       154                                                                      

1 row selected.

Elapsed: 00:00:00.02
01:21:46 SQL> select /*+ FULL(PSP_POSTING_RULE) parallel(PSP_POSTING_RULE ,4) */count(*) from pspadm.PSP_POSTING_RULE PSP_POSTING_RULE ;

  COUNT(*)                                                                      
----------                                                                      
       654                                                                      

1 row selected.

Elapsed: 00:00:00.06
01:21:46 SQL> select /*+ FULL(PSP_POSTING_RULE_MAR7) parallel(PSP_POSTING_RULE_MAR7 ,4) */count(*) from pspadm.PSP_POSTING_RULE_MAR7 PSP_POSTING_RULE_MAR7 ;

  COUNT(*)                                                                      
----------                                                                      
       514                                                                      

1 row selected.

Elapsed: 00:00:00.02
01:21:46 SQL> select /*+ FULL(PSP_PRIOR_PAYMENT_SUBMISSION) parallel(PSP_PRIOR_PAYMENT_SUBMISSION ,4) */count(*) from pspadm.PSP_PRIOR_PAYMENT_SUBMISSION PSP_PRIOR_PAYMENT_SUBMISSION ;

  COUNT(*)                                                                      
----------                                                                      
    357547                                                                      

1 row selected.

Elapsed: 00:00:01.12
01:21:47 SQL> select /*+ FULL(PSP_PROPERTY_AUDIT) parallel(PSP_PROPERTY_AUDIT ,4) */count(*) from pspadm.PSP_PROPERTY_AUDIT PSP_PROPERTY_AUDIT ;

  COUNT(*)                                                                      
----------                                                                      
1320372405                                                                      

1 row selected.

Elapsed: 00:53:56.16
02:15:43 SQL> select /*+ FULL(PSP_PROPERTY_AUDIT_BKP) parallel(PSP_PROPERTY_AUDIT_BKP ,4) */count(*) from pspadm.PSP_PROPERTY_AUDIT_BKP PSP_PROPERTY_AUDIT_BKP ;

  COUNT(*)                                                                      
----------                                                                      
     36057                                                                      

1 row selected.

Elapsed: 00:00:00.43
02:15:44 SQL> select /*+ FULL(PSP_PSTUB_ADDRESS) parallel(PSP_PSTUB_ADDRESS ,4) */count(*) from pspadm.PSP_PSTUB_ADDRESS PSP_PSTUB_ADDRESS ;

  COUNT(*)                                                                      
----------                                                                      
 427695988                                                                      

1 row selected.

Elapsed: 00:09:54.33
02:25:38 SQL> select /*+ FULL(PSP_PSTUB_DDITEM) parallel(PSP_PSTUB_DDITEM ,4) */count(*) from pspadm.PSP_PSTUB_DDITEM PSP_PSTUB_DDITEM ;

  COUNT(*)                                                                      
----------                                                                      
 377802729                                                                      

1 row selected.

Elapsed: 00:12:01.28
02:37:40 SQL> select /*+ FULL(PSP_PSTUB_EMPLOYEE_INFO) parallel(PSP_PSTUB_EMPLOYEE_INFO ,4) */count(*) from pspadm.PSP_PSTUB_EMPLOYEE_INFO PSP_PSTUB_EMPLOYEE_INFO ;

  COUNT(*)                                                                      
----------                                                                      
 426720255                                                                      

1 row selected.

Elapsed: 00:09:30.18
02:47:10 SQL> select /*+ FULL(PSP_PSTUB_EMPLOYEE_PREFERENCE) parallel(PSP_PSTUB_EMPLOYEE_PREFERENCE ,4) */count(*) from pspadm.PSP_PSTUB_EMPLOYEE_PREFERENCE PSP_PSTUB_EMPLOYEE_PREFERENCE ;

  COUNT(*)                                                                      
----------                                                                      
    277259                                                                      

1 row selected.

Elapsed: 00:00:00.33
02:47:10 SQL> select /*+ FULL(PSP_PSTUB_EMPLOYER_INFO) parallel(PSP_PSTUB_EMPLOYER_INFO ,4) */count(*) from pspadm.PSP_PSTUB_EMPLOYER_INFO PSP_PSTUB_EMPLOYER_INFO ;

  COUNT(*)                                                                      
----------                                                                      
    975697                                                                      

1 row selected.

Elapsed: 00:00:02.20
02:47:12 SQL> select /*+ FULL(PSP_PSTUB_MSG) parallel(PSP_PSTUB_MSG ,4) */count(*) from pspadm.PSP_PSTUB_MSG PSP_PSTUB_MSG ;

  COUNT(*)                                                                      
----------                                                                      
 367079223                                                                      

1 row selected.

Elapsed: 00:08:58.26
02:56:11 SQL> select /*+ FULL(PSP_PSTUB_PAID_TIMEOFF_ITEM) parallel(PSP_PSTUB_PAID_TIMEOFF_ITEM ,4) */count(*) from pspadm.PSP_PSTUB_PAID_TIMEOFF_ITEM PSP_PSTUB_PAID_TIMEOFF_ITEM ;

  COUNT(*)                                                                      
----------                                                                      
 783996656                                                                      

1 row selected.

Elapsed: 00:15:59.85
03:12:10 SQL> select /*+ FULL(PSP_PSTUB_PAY_ITEM) parallel(PSP_PSTUB_PAY_ITEM ,4) */count(*) from pspadm.PSP_PSTUB_PAY_ITEM PSP_PSTUB_PAY_ITEM ;

  COUNT(*)                                                                      
----------                                                                      
5004113184                                                                      

1 row selected.

Elapsed: 01:23:42.29
04:35:53 SQL> select /*+ FULL(PSP_PSTUB_STATE_TAX_INFO) parallel(PSP_PSTUB_STATE_TAX_INFO ,4) */count(*) from pspadm.PSP_PSTUB_STATE_TAX_INFO PSP_PSTUB_STATE_TAX_INFO ;

  COUNT(*)                                                                      
----------                                                                      
     21930                                                                      

1 row selected.

Elapsed: 00:00:00.27
04:35:53 SQL> select /*+ FULL(PSP_QBDT_EMPLOYEE_INFO) parallel(PSP_QBDT_EMPLOYEE_INFO ,4) */count(*) from pspadm.PSP_QBDT_EMPLOYEE_INFO PSP_QBDT_EMPLOYEE_INFO ;

  COUNT(*)                                                                      
----------                                                                      
  58458112                                                                      

1 row selected.

Elapsed: 00:01:45.37
04:37:38 SQL> select /*+ FULL(PSP_QBDT_PAYCHECK_INFO) parallel(PSP_QBDT_PAYCHECK_INFO ,4) */count(*) from pspadm.PSP_QBDT_PAYCHECK_INFO PSP_QBDT_PAYCHECK_INFO ;

  COUNT(*)                                                                      
----------                                                                      
1594300664                                                                      

1 row selected.

Elapsed: 00:23:28.89
05:01:07 SQL> select /*+ FULL(PSP_QBDT_PAYLINE_INFO) parallel(PSP_QBDT_PAYLINE_INFO ,4) */count(*) from pspadm.PSP_QBDT_PAYLINE_INFO PSP_QBDT_PAYLINE_INFO ;

  COUNT(*)                                                                      
----------                                                                      
2673026472                                                                      

1 row selected.

Elapsed: 00:35:52.58
05:37:00 SQL> select /*+ FULL(PSP_QBDT_PAYROLL_ITEM_INFO) parallel(PSP_QBDT_PAYROLL_ITEM_INFO ,4) */count(*) from pspadm.PSP_QBDT_PAYROLL_ITEM_INFO PSP_QBDT_PAYROLL_ITEM_INFO ;

  COUNT(*)                                                                      
----------                                                                      
  33660340                                                                      

1 row selected.

Elapsed: 00:01:15.70
05:38:15 SQL> spool off
