02:56:18 SQL> 
02:56:18 SQL> 
02:56:18 SQL> select /*+ FULL(SYS_P371) parallel(SYS_P371 ,4) */count(*) from pspadm.PSP_FINANCIAL_TRANSACTION partition (SYS_P371)SYS_P371;

  COUNT(*)                                                                      
----------                                                                      
 103237200                                                                      

1 row selected.

Elapsed: 00:04:39.47
03:00:58 SQL> select /*+ FULL(SYS_P385) parallel(SYS_P385 ,4) */count(*) from pspadm.PSP_FINANCIAL_TRANSACTION partition (SYS_P385)SYS_P385;

  COUNT(*)                                                                      
----------                                                                      
 103688940                                                                      

1 row selected.

Elapsed: 00:06:08.13
03:07:06 SQL> select /*+ FULL(SYS_P383) parallel(SYS_P383 ,4) */count(*) from pspadm.PSP_FINANCIAL_TRANSACTION partition (SYS_P383)SYS_P383;

  COUNT(*)                                                                      
----------                                                                      
 102527313                                                                      

1 row selected.

Elapsed: 00:05:07.24
03:12:13 SQL> select /*+ FULL(SYS_P379) parallel(SYS_P379 ,4) */count(*) from pspadm.PSP_FINANCIAL_TRANSACTION partition (SYS_P379)SYS_P379;

  COUNT(*)                                                                      
----------                                                                      
 105170268                                                                      

1 row selected.

Elapsed: 00:04:35.98
03:16:49 SQL> select /*+ FULL(SYS_P370) parallel(SYS_P370 ,4) */count(*) from pspadm.PSP_FINANCIAL_TRANSACTION partition (SYS_P370)SYS_P370;

  COUNT(*)                                                                      
----------                                                                      
 102166538                                                                      

1 row selected.

Elapsed: 00:06:22.41
03:23:11 SQL> select /*+ FULL(SYS_P372) parallel(SYS_P372 ,4) */count(*) from pspadm.PSP_FINANCIAL_TRANSACTION partition (SYS_P372)SYS_P372;

  COUNT(*)                                                                      
----------                                                                      
 104278043                                                                      

1 row selected.

Elapsed: 00:06:32.32
03:29:44 SQL> select /*+ FULL(SYS_P376) parallel(SYS_P376 ,4) */count(*) from pspadm.PSP_FINANCIAL_TRANSACTION partition (SYS_P376)SYS_P376;

  COUNT(*)                                                                      
----------                                                                      
 101985076                                                                      

1 row selected.

Elapsed: 00:06:02.70
03:35:46 SQL> select /*+ FULL(SYS_P374) parallel(SYS_P374 ,4) */count(*) from pspadm.PSP_FINANCIAL_TRANSACTION partition (SYS_P374)SYS_P374;

  COUNT(*)                                                                      
----------                                                                      
 102953143                                                                      

1 row selected.

Elapsed: 00:05:31.63
03:41:18 SQL> select /*+ FULL(SYS_P378) parallel(SYS_P378 ,4) */count(*) from pspadm.PSP_FINANCIAL_TRANSACTION partition (SYS_P378)SYS_P378;

  COUNT(*)                                                                      
----------                                                                      
 103021521                                                                      

1 row selected.

Elapsed: 00:05:31.74
03:46:50 SQL> select /*+ FULL(SYS_P382) parallel(SYS_P382 ,4) */count(*) from pspadm.PSP_FINANCIAL_TRANSACTION partition (SYS_P382)SYS_P382;

  COUNT(*)                                                                      
----------                                                                      
 102491014                                                                      

1 row selected.

Elapsed: 00:04:51.99
03:51:42 SQL> select /*+ FULL(SYS_P375) parallel(SYS_P375 ,4) */count(*) from pspadm.PSP_FINANCIAL_TRANSACTION partition (SYS_P375)SYS_P375;

  COUNT(*)                                                                      
----------                                                                      
 102048490                                                                      

1 row selected.

Elapsed: 00:05:19.52
03:57:01 SQL> select /*+ FULL(SYS_P377) parallel(SYS_P377 ,4) */count(*) from pspadm.PSP_FINANCIAL_TRANSACTION partition (SYS_P377)SYS_P377;

  COUNT(*)                                                                      
----------                                                                      
 102801499                                                                      

1 row selected.

Elapsed: 00:05:18.58
04:02:20 SQL> select /*+ FULL(SYS_P381) parallel(SYS_P381 ,4) */count(*) from pspadm.PSP_FINANCIAL_TRANSACTION partition (SYS_P381)SYS_P381;

  COUNT(*)                                                                      
----------                                                                      
 101536761                                                                      

1 row selected.

Elapsed: 00:05:24.73
04:07:45 SQL> select /*+ FULL(SYS_P384) parallel(SYS_P384 ,4) */count(*) from pspadm.PSP_FINANCIAL_TRANSACTION partition (SYS_P384)SYS_P384;

  COUNT(*)                                                                      
----------                                                                      
 103139882                                                                      

1 row selected.

Elapsed: 00:05:16.49
04:13:01 SQL> select /*+ FULL(SYS_P380) parallel(SYS_P380 ,4) */count(*) from pspadm.PSP_FINANCIAL_TRANSACTION partition (SYS_P380)SYS_P380;

  COUNT(*)                                                                      
----------                                                                      
 101924613                                                                      

1 row selected.

Elapsed: 00:05:15.88
04:18:17 SQL> select /*+ FULL(SYS_P373) parallel(SYS_P373 ,4) */count(*) from pspadm.PSP_FINANCIAL_TRANSACTION partition (SYS_P373)SYS_P373;

  COUNT(*)                                                                      
----------                                                                      
 102866414                                                                      

1 row selected.

Elapsed: 00:05:27.04
04:23:44 SQL> select /*+ FULL(SYS_P446) parallel(SYS_P446 ,4) */count(*) from pspadm.PSP_FINANCIAL_TRANS_STATE partition (SYS_P446)SYS_P446;

  COUNT(*)                                                                      
----------                                                                      
 306263417                                                                      

1 row selected.

Elapsed: 00:08:24.13
04:32:08 SQL> select /*+ FULL(SYS_P434) parallel(SYS_P434 ,4) */count(*) from pspadm.PSP_FINANCIAL_TRANS_STATE partition (SYS_P434)SYS_P434;

  COUNT(*)                                                                      
----------                                                                      
 305226114                                                                      

1 row selected.

Elapsed: 00:08:20.17
04:40:28 SQL> select /*+ FULL(SYS_P438) parallel(SYS_P438 ,4) */count(*) from pspadm.PSP_FINANCIAL_TRANS_STATE partition (SYS_P438)SYS_P438;

  COUNT(*)                                                                      
----------                                                                      
 307624007                                                                      

1 row selected.

Elapsed: 00:06:23.89
04:46:52 SQL> select /*+ FULL(SYS_P447) parallel(SYS_P447 ,4) */count(*) from pspadm.PSP_FINANCIAL_TRANS_STATE partition (SYS_P447)SYS_P447;

  COUNT(*)                                                                      
----------                                                                      
 306359310                                                                      

1 row selected.

Elapsed: 00:06:35.91
04:53:28 SQL> select /*+ FULL(SYS_P441) parallel(SYS_P441 ,4) */count(*) from pspadm.PSP_FINANCIAL_TRANS_STATE partition (SYS_P441)SYS_P441;

  COUNT(*)                                                                      
----------                                                                      
 307168001                                                                      

1 row selected.

Elapsed: 00:06:34.23
05:00:02 SQL> select /*+ FULL(SYS_P443) parallel(SYS_P443 ,4) */count(*) from pspadm.PSP_FINANCIAL_TRANS_STATE partition (SYS_P443)SYS_P443;

  COUNT(*)                                                                      
----------                                                                      
 314242603                                                                      

1 row selected.

Elapsed: 00:07:20.39
05:07:23 SQL> select /*+ FULL(SYS_P436) parallel(SYS_P436 ,4) */count(*) from pspadm.PSP_FINANCIAL_TRANS_STATE partition (SYS_P436)SYS_P436;

  COUNT(*)                                                                      
----------                                                                      
 311579018                                                                      

1 row selected.

Elapsed: 00:08:47.67
05:16:10 SQL> select /*+ FULL(SYS_P444) parallel(SYS_P444 ,4) */count(*) from pspadm.PSP_FINANCIAL_TRANS_STATE partition (SYS_P444)SYS_P444;

  COUNT(*)                                                                      
----------                                                                      
 304541473                                                                      

1 row selected.

Elapsed: 00:08:24.62
05:24:35 SQL> select /*+ FULL(SYS_P449) parallel(SYS_P449 ,4) */count(*) from pspadm.PSP_FINANCIAL_TRANS_STATE partition (SYS_P449)SYS_P449;

  COUNT(*)                                                                      
----------                                                                      
 309812150                                                                      

1 row selected.

Elapsed: 00:09:23.80
05:33:59 SQL> select /*+ FULL(SYS_P439) parallel(SYS_P439 ,4) */count(*) from pspadm.PSP_FINANCIAL_TRANS_STATE partition (SYS_P439)SYS_P439;

  COUNT(*)                                                                      
----------                                                                      
 304931227                                                                      

1 row selected.

Elapsed: 00:07:54.64
05:41:53 SQL> select /*+ FULL(SYS_P440) parallel(SYS_P440 ,4) */count(*) from pspadm.PSP_FINANCIAL_TRANS_STATE partition (SYS_P440)SYS_P440;

  COUNT(*)                                                                      
----------                                                                      
 304736637                                                                      

1 row selected.

Elapsed: 00:06:33.02
05:48:26 SQL> select /*+ FULL(SYS_P448) parallel(SYS_P448 ,4) */count(*) from pspadm.PSP_FINANCIAL_TRANS_STATE partition (SYS_P448)SYS_P448;

  COUNT(*)                                                                      
----------                                                                      
 308147966                                                                      

1 row selected.

Elapsed: 00:07:48.87
05:56:15 SQL> select /*+ FULL(SYS_P437) parallel(SYS_P437 ,4) */count(*) from pspadm.PSP_FINANCIAL_TRANS_STATE partition (SYS_P437)SYS_P437;

  COUNT(*)                                                                      
----------                                                                      
 307386298                                                                      

1 row selected.

Elapsed: 00:07:55.28
06:04:11 SQL> select /*+ FULL(SYS_P442) parallel(SYS_P442 ,4) */count(*) from pspadm.PSP_FINANCIAL_TRANS_STATE partition (SYS_P442)SYS_P442;

  COUNT(*)                                                                      
----------                                                                      
 307828354                                                                      

1 row selected.

Elapsed: 00:02:56.88
06:07:07 SQL> select /*+ FULL(SYS_P435) parallel(SYS_P435 ,4) */count(*) from pspadm.PSP_FINANCIAL_TRANS_STATE partition (SYS_P435)SYS_P435;

  COUNT(*)                                                                      
----------                                                                      
 308494527                                                                      

1 row selected.

Elapsed: 00:02:15.69
06:09:23 SQL> select /*+ FULL(SYS_P445) parallel(SYS_P445 ,4) */count(*) from pspadm.PSP_FINANCIAL_TRANS_STATE partition (SYS_P445)SYS_P445;

  COUNT(*)                                                                      
----------                                                                      
 303390654                                                                      

1 row selected.

Elapsed: 00:05:11.96
06:14:35 SQL> select /*+ FULL(SYS_P452) parallel(SYS_P452 ,4) */count(*) from pspadm.PSP_LEDGER_BALANCE partition (SYS_P452)SYS_P452;

  COUNT(*)                                                                      
----------                                                                      
 124753352                                                                      

1 row selected.

Elapsed: 00:00:53.17
06:15:28 SQL> select /*+ FULL(SYS_P450) parallel(SYS_P450 ,4) */count(*) from pspadm.PSP_LEDGER_BALANCE partition (SYS_P450)SYS_P450;

  COUNT(*)                                                                      
----------                                                                      
 124000444                                                                      

1 row selected.

Elapsed: 00:00:58.70
06:16:27 SQL> select /*+ FULL(SYS_P453) parallel(SYS_P453 ,4) */count(*) from pspadm.PSP_LEDGER_BALANCE partition (SYS_P453)SYS_P453;

  COUNT(*)                                                                      
----------                                                                      
 124579124                                                                      

1 row selected.

Elapsed: 00:01:37.24
06:18:04 SQL> select /*+ FULL(SYS_P456) parallel(SYS_P456 ,4) */count(*) from pspadm.PSP_LEDGER_BALANCE partition (SYS_P456)SYS_P456;

  COUNT(*)                                                                      
----------                                                                      
 124215555                                                                      

1 row selected.

Elapsed: 00:01:38.49
06:19:43 SQL> select /*+ FULL(SYS_P457) parallel(SYS_P457 ,4) */count(*) from pspadm.PSP_LEDGER_BALANCE partition (SYS_P457)SYS_P457;

  COUNT(*)                                                                      
----------                                                                      
 125664624                                                                      

1 row selected.

Elapsed: 00:01:47.65
06:21:30 SQL> select /*+ FULL(SYS_P454) parallel(SYS_P454 ,4) */count(*) from pspadm.PSP_LEDGER_BALANCE partition (SYS_P454)SYS_P454;

  COUNT(*)                                                                      
----------                                                                      
 124393089                                                                      

1 row selected.

Elapsed: 00:01:33.53
06:23:04 SQL> select /*+ FULL(SYS_P451) parallel(SYS_P451 ,4) */count(*) from pspadm.PSP_LEDGER_BALANCE partition (SYS_P451)SYS_P451;

  COUNT(*)                                                                      
----------                                                                      
 124736994                                                                      

1 row selected.

Elapsed: 00:01:45.93
06:24:50 SQL> select /*+ FULL(SYS_P455) parallel(SYS_P455 ,4) */count(*) from pspadm.PSP_LEDGER_BALANCE partition (SYS_P455)SYS_P455;

  COUNT(*)                                                                      
----------                                                                      
 124637899                                                                      

1 row selected.

Elapsed: 00:00:54.75
06:25:45 SQL> select /*+ FULL(SYS_P459) parallel(SYS_P459 ,4) */count(*) from pspadm.PSP_MONEY_MOVEMENT_TRANSACTION partition (SYS_P459)SYS_P459;

  COUNT(*)                                                                      
----------                                                                      
 168131942                                                                      

1 row selected.

Elapsed: 00:01:24.06
06:27:09 SQL> select /*+ FULL(SYS_P462) parallel(SYS_P462 ,4) */count(*) from pspadm.PSP_MONEY_MOVEMENT_TRANSACTION partition (SYS_P462)SYS_P462;

  COUNT(*)                                                                      
----------                                                                      
 165470256                                                                      

1 row selected.

Elapsed: 00:01:26.10
06:28:35 SQL> select /*+ FULL(SYS_P465) parallel(SYS_P465 ,4) */count(*) from pspadm.PSP_MONEY_MOVEMENT_TRANSACTION partition (SYS_P465)SYS_P465;

  COUNT(*)                                                                      
----------                                                                      
 165600586                                                                      

1 row selected.

Elapsed: 00:01:41.43
06:30:16 SQL> select /*+ FULL(SYS_P458) parallel(SYS_P458 ,4) */count(*) from pspadm.PSP_MONEY_MOVEMENT_TRANSACTION partition (SYS_P458)SYS_P458;

  COUNT(*)                                                                      
----------                                                                      
 164652393                                                                      

1 row selected.

Elapsed: 00:01:28.56
06:31:45 SQL> select /*+ FULL(SYS_P463) parallel(SYS_P463 ,4) */count(*) from pspadm.PSP_MONEY_MOVEMENT_TRANSACTION partition (SYS_P463)SYS_P463;

  COUNT(*)                                                                      
----------                                                                      
 164581583                                                                      

1 row selected.

Elapsed: 00:01:24.12
06:33:09 SQL> select /*+ FULL(SYS_P460) parallel(SYS_P460 ,4) */count(*) from pspadm.PSP_MONEY_MOVEMENT_TRANSACTION partition (SYS_P460)SYS_P460;

  COUNT(*)                                                                      
----------                                                                      
 165914160                                                                      

1 row selected.

Elapsed: 00:01:26.98
06:34:36 SQL> select /*+ FULL(SYS_P464) parallel(SYS_P464 ,4) */count(*) from pspadm.PSP_MONEY_MOVEMENT_TRANSACTION partition (SYS_P464)SYS_P464;

  COUNT(*)                                                                      
----------                                                                      
 165298323                                                                      

1 row selected.

Elapsed: 00:03:04.27
06:37:40 SQL> select /*+ FULL(SYS_P461) parallel(SYS_P461 ,4) */count(*) from pspadm.PSP_MONEY_MOVEMENT_TRANSACTION partition (SYS_P461)SYS_P461;

  COUNT(*)                                                                      
----------                                                                      
 164403458                                                                      

1 row selected.

Elapsed: 00:02:14.81
06:39:55 SQL> select /*+ FULL(SYS_P474) parallel(SYS_P474 ,4) */count(*) from pspadm.PSP_PAYCHECK partition (SYS_P474)SYS_P474;

  COUNT(*)                                                                      
----------                                                                      
 117302423                                                                      

1 row selected.

Elapsed: 00:01:27.89
06:41:23 SQL> select /*+ FULL(SYS_P468) parallel(SYS_P468 ,4) */count(*) from pspadm.PSP_PAYCHECK partition (SYS_P468)SYS_P468;

  COUNT(*)                                                                      
----------                                                                      
 119005615                                                                      

1 row selected.

Elapsed: 00:01:28.63
06:42:51 SQL> select /*+ FULL(SYS_P472) parallel(SYS_P472 ,4) */count(*) from pspadm.PSP_PAYCHECK partition (SYS_P472)SYS_P472;

  COUNT(*)                                                                      
----------                                                                      
 115895304                                                                      

1 row selected.

Elapsed: 00:01:07.75
06:43:59 SQL> select /*+ FULL(SYS_P477) parallel(SYS_P477 ,4) */count(*) from pspadm.PSP_PAYCHECK partition (SYS_P477)SYS_P477;

  COUNT(*)                                                                      
----------                                                                      
 115648494                                                                      

1 row selected.

Elapsed: 00:01:09.80
06:45:09 SQL> select /*+ FULL(SYS_P466) parallel(SYS_P466 ,4) */count(*) from pspadm.PSP_PAYCHECK partition (SYS_P466)SYS_P466;

  COUNT(*)                                                                      
----------                                                                      
 116625057                                                                      

1 row selected.

Elapsed: 00:01:28.51
06:46:37 SQL> select /*+ FULL(SYS_P476) parallel(SYS_P476 ,4) */count(*) from pspadm.PSP_PAYCHECK partition (SYS_P476)SYS_P476;

  COUNT(*)                                                                      
----------                                                                      
 116349468                                                                      

1 row selected.

Elapsed: 00:03:00.56
06:49:38 SQL> select /*+ FULL(SYS_P480) parallel(SYS_P480 ,4) */count(*) from pspadm.PSP_PAYCHECK partition (SYS_P480)SYS_P480;

  COUNT(*)                                                                      
----------                                                                      
 117054367                                                                      

1 row selected.

Elapsed: 00:02:22.56
06:52:01 SQL> select /*+ FULL(SYS_P470) parallel(SYS_P470 ,4) */count(*) from pspadm.PSP_PAYCHECK partition (SYS_P470)SYS_P470;

  COUNT(*)                                                                      
----------                                                                      
 116662074                                                                      

1 row selected.

Elapsed: 00:02:08.71
06:54:09 SQL> select /*+ FULL(SYS_P475) parallel(SYS_P475 ,4) */count(*) from pspadm.PSP_PAYCHECK partition (SYS_P475)SYS_P475;

  COUNT(*)                                                                      
----------                                                                      
 117888324                                                                      

1 row selected.

Elapsed: 00:03:00.02
06:57:09 SQL> select /*+ FULL(SYS_P473) parallel(SYS_P473 ,4) */count(*) from pspadm.PSP_PAYCHECK partition (SYS_P473)SYS_P473;

  COUNT(*)                                                                      
----------                                                                      
 116856172                                                                      

1 row selected.

Elapsed: 00:01:14.22
06:58:24 SQL> select /*+ FULL(SYS_P469) parallel(SYS_P469 ,4) */count(*) from pspadm.PSP_PAYCHECK partition (SYS_P469)SYS_P469;

  COUNT(*)                                                                      
----------                                                                      
 117437874                                                                      

1 row selected.

Elapsed: 00:01:18.43
06:59:42 SQL> select /*+ FULL(SYS_P479) parallel(SYS_P479 ,4) */count(*) from pspadm.PSP_PAYCHECK partition (SYS_P479)SYS_P479;

  COUNT(*)                                                                      
----------                                                                      
 117532111                                                                      

1 row selected.

Elapsed: 00:01:43.04
07:01:25 SQL> select /*+ FULL(SYS_P478) parallel(SYS_P478 ,4) */count(*) from pspadm.PSP_PAYCHECK partition (SYS_P478)SYS_P478;

  COUNT(*)                                                                      
----------                                                                      
 117221108                                                                      

1 row selected.

Elapsed: 00:01:22.95
07:02:48 SQL> select /*+ FULL(SYS_P471) parallel(SYS_P471 ,4) */count(*) from pspadm.PSP_PAYCHECK partition (SYS_P471)SYS_P471;

  COUNT(*)                                                                      
----------                                                                      
 118128558                                                                      

1 row selected.

Elapsed: 00:02:07.96
07:04:56 SQL> select /*+ FULL(SYS_P481) parallel(SYS_P481 ,4) */count(*) from pspadm.PSP_PAYCHECK partition (SYS_P481)SYS_P481;

  COUNT(*)                                                                      
----------                                                                      
 117522306                                                                      

1 row selected.

Elapsed: 00:01:46.44
07:06:42 SQL> select /*+ FULL(SYS_P467) parallel(SYS_P467 ,4) */count(*) from pspadm.PSP_PAYCHECK partition (SYS_P467)SYS_P467;

  COUNT(*)                                                                      
----------                                                                      
 117423775                                                                      

1 row selected.

Elapsed: 00:01:32.06
07:08:14 SQL> select /*+ FULL(SYS_P492) parallel(SYS_P492 ,4) */count(*) from pspadm.PSP_PAYCHECK_SPLIT partition (SYS_P492)SYS_P492;

  COUNT(*)                                                                      
----------                                                                      
  78226343                                                                      

1 row selected.

Elapsed: 00:00:52.90
07:09:07 SQL> select /*+ FULL(SYS_P483) parallel(SYS_P483 ,4) */count(*) from pspadm.PSP_PAYCHECK_SPLIT partition (SYS_P483)SYS_P483;

  COUNT(*)                                                                      
----------                                                                      
  79692147                                                                      

1 row selected.

Elapsed: 00:01:34.38
07:10:42 SQL> select /*+ FULL(SYS_P495) parallel(SYS_P495 ,4) */count(*) from pspadm.PSP_PAYCHECK_SPLIT partition (SYS_P495)SYS_P495;

  COUNT(*)                                                                      
----------                                                                      
  78652047                                                                      

1 row selected.

Elapsed: 00:02:31.97
07:13:14 SQL> select /*+ FULL(SYS_P489) parallel(SYS_P489 ,4) */count(*) from pspadm.PSP_PAYCHECK_SPLIT partition (SYS_P489)SYS_P489;

  COUNT(*)                                                                      
----------                                                                      
  78038738                                                                      

1 row selected.

Elapsed: 00:02:38.78
07:15:52 SQL> select /*+ FULL(SYS_P497) parallel(SYS_P497 ,4) */count(*) from pspadm.PSP_PAYCHECK_SPLIT partition (SYS_P497)SYS_P497;

  COUNT(*)                                                                      
----------                                                                      
  78976261                                                                      

1 row selected.

Elapsed: 00:02:25.90
07:18:18 SQL> select /*+ FULL(SYS_P493) parallel(SYS_P493 ,4) */count(*) from pspadm.PSP_PAYCHECK_SPLIT partition (SYS_P493)SYS_P493;

  COUNT(*)                                                                      
----------                                                                      
  78134541                                                                      

1 row selected.

Elapsed: 00:02:26.75
07:20:45 SQL> select /*+ FULL(SYS_P490) parallel(SYS_P490 ,4) */count(*) from pspadm.PSP_PAYCHECK_SPLIT partition (SYS_P490)SYS_P490;

  COUNT(*)                                                                      
----------                                                                      
  78294679                                                                      

1 row selected.

Elapsed: 00:01:21.36
07:22:06 SQL> select /*+ FULL(SYS_P496) parallel(SYS_P496 ,4) */count(*) from pspadm.PSP_PAYCHECK_SPLIT partition (SYS_P496)SYS_P496;

  COUNT(*)                                                                      
----------                                                                      
  78830182                                                                      

1 row selected.

Elapsed: 00:01:12.16
07:23:19 SQL> select /*+ FULL(SYS_P488) parallel(SYS_P488 ,4) */count(*) from pspadm.PSP_PAYCHECK_SPLIT partition (SYS_P488)SYS_P488;

  COUNT(*)                                                                      
----------                                                                      
  78241408                                                                      

1 row selected.

Elapsed: 00:01:15.62
07:24:34 SQL> select /*+ FULL(SYS_P484) parallel(SYS_P484 ,4) */count(*) from pspadm.PSP_PAYCHECK_SPLIT partition (SYS_P484)SYS_P484;

  COUNT(*)                                                                      
----------                                                                      
  79809903                                                                      

1 row selected.

Elapsed: 00:00:53.81
07:25:28 SQL> select /*+ FULL(SYS_P482) parallel(SYS_P482 ,4) */count(*) from pspadm.PSP_PAYCHECK_SPLIT partition (SYS_P482)SYS_P482;

  COUNT(*)                                                                      
----------                                                                      
  77914556                                                                      

1 row selected.

Elapsed: 00:00:52.29
07:26:20 SQL> select /*+ FULL(SYS_P485) parallel(SYS_P485 ,4) */count(*) from pspadm.PSP_PAYCHECK_SPLIT partition (SYS_P485)SYS_P485;

  COUNT(*)                                                                      
----------                                                                      
  78955258                                                                      

1 row selected.

Elapsed: 00:01:26.00
07:27:46 SQL> select /*+ FULL(SYS_P487) parallel(SYS_P487 ,4) */count(*) from pspadm.PSP_PAYCHECK_SPLIT partition (SYS_P487)SYS_P487;

  COUNT(*)                                                                      
----------                                                                      
  78571119                                                                      

1 row selected.

Elapsed: 00:01:53.19
07:29:40 SQL> select /*+ FULL(SYS_P494) parallel(SYS_P494 ,4) */count(*) from pspadm.PSP_PAYCHECK_SPLIT partition (SYS_P494)SYS_P494;

  COUNT(*)                                                                      
----------                                                                      
  78462855                                                                      

1 row selected.

Elapsed: 00:01:27.73
07:31:07 SQL> select /*+ FULL(SYS_P491) parallel(SYS_P491 ,4) */count(*) from pspadm.PSP_PAYCHECK_SPLIT partition (SYS_P491)SYS_P491;

  COUNT(*)                                                                      
----------                                                                      
  80709504                                                                      

1 row selected.

Elapsed: 00:01:56.60
07:33:04 SQL> select /*+ FULL(SYS_P486) parallel(SYS_P486 ,4) */count(*) from pspadm.PSP_PAYCHECK_SPLIT partition (SYS_P486)SYS_P486;

  COUNT(*)                                                                      
----------                                                                      
  78699401                                                                      

1 row selected.

Elapsed: 00:01:14.99
07:34:19 SQL> 
07:34:19 SQL> 
07:34:19 SQL> spool off;
