23:40:37 SQL> insert into PSPADM.PSP_ENTITY_UPDATE_PART select /*+ PARALLEL(8) */ * from PSPADM.PSP_ENTITY_UPDATE where created_date>= to_date('01-11-2022 00:00:00','DD-MM-YYYY HH24:MI:SS') and created_date< to_date('01-11-2022 12:00:00','DD-MM-YYYY HH24:MI:SS') ;

144488 rows created.

Elapsed: 00:00:04.96
23:40:42 SQL> commit;

Commit complete.

Elapsed: 00:00:00.01
23:40:42 SQL> insert into PSPADM.PSP_ENTITY_UPDATE_PART select /*+ PARALLEL(8) */ * from PSPADM.PSP_ENTITY_UPDATE where created_date>= to_date('01-11-2022 12:00:00','DD-MM-YYYY HH24:MI:SS') and created_date< to_date('02-11-2022 00:00:00','DD-MM-YYYY HH24:MI:SS') ;

2671103 rows created.

Elapsed: 00:01:16.88
23:41:59 SQL> commit;

Commit complete.

Elapsed: 00:00:00.14
23:41:59 SQL> insert into PSPADM.PSP_ENTITY_UPDATE_PART select /*+ PARALLEL(8) */ * from PSPADM.PSP_ENTITY_UPDATE where created_date>= to_date('02-11-2022 00:00:00','DD-MM-YYYY HH24:MI:SS') and created_date< to_date('02-11-2022 12:00:00','DD-MM-YYYY HH24:MI:SS') ;

261765 rows created.

Elapsed: 00:00:08.20
23:42:07 SQL> commit;

Commit complete.

Elapsed: 00:00:00.05
23:42:07 SQL> insert into PSPADM.PSP_ENTITY_UPDATE_PART select /*+ PARALLEL(8) */ * from PSPADM.PSP_ENTITY_UPDATE where created_date>= to_date('02-11-2022 12:00:00','DD-MM-YYYY HH24:MI:SS') and created_date< to_date('03-11-2022 00:00:00','DD-MM-YYYY HH24:MI:SS') ;

3711068 rows created.

Elapsed: 00:02:00.41
23:44:07 SQL> commit;

Commit complete.

Elapsed: 00:00:00.25
23:44:08 SQL> insert into PSPADM.PSP_ENTITY_UPDATE_PART select /*+ PARALLEL(8) */ * from PSPADM.PSP_ENTITY_UPDATE where created_date>= to_date('03-11-2022 00:00:00','DD-MM-YYYY HH24:MI:SS') and created_date< to_date('03-11-2022 12:00:00','DD-MM-YYYY HH24:MI:SS') ;

119619 rows created.

Elapsed: 00:00:04.64
23:44:12 SQL> commit;

Commit complete.

Elapsed: 00:00:00.06
23:44:12 SQL> insert into PSPADM.PSP_ENTITY_UPDATE_PART select /*+ PARALLEL(8) */ * from PSPADM.PSP_ENTITY_UPDATE where created_date>= to_date('03-11-2022 12:00:00','DD-MM-YYYY HH24:MI:SS') and created_date< to_date('04-11-2022 00:00:00','DD-MM-YYYY HH24:MI:SS') ;

1207013 rows created.

Elapsed: 00:00:38.08
23:44:50 SQL> commit;

Commit complete.

Elapsed: 00:00:00.15
23:44:51 SQL> insert into PSPADM.PSP_ENTITY_UPDATE_PART select /*+ PARALLEL(8) */ * from PSPADM.PSP_ENTITY_UPDATE where created_date>= to_date('04-11-2022 00:00:00','DD-MM-YYYY HH24:MI:SS') and created_date< to_date('04-11-2022 12:00:00','DD-MM-YYYY HH24:MI:SS') ;

114463 rows created.

Elapsed: 00:00:04.49
23:44:55 SQL> commit;

Commit complete.

Elapsed: 00:00:00.07
23:44:55 SQL> insert into PSPADM.PSP_ENTITY_UPDATE_PART select /*+ PARALLEL(8) */ * from PSPADM.PSP_ENTITY_UPDATE where created_date>= to_date('04-11-2022 12:00:00','DD-MM-YYYY HH24:MI:SS') and created_date< to_date('05-11-2022 00:00:00','DD-MM-YYYY HH24:MI:SS') ;

776081 rows created.

Elapsed: 00:00:24.97
23:45:20 SQL> commit;

Commit complete.

Elapsed: 00:00:00.12
23:45:20 SQL> insert into PSPADM.PSP_ENTITY_UPDATE_PART select /*+ PARALLEL(8) */ * from PSPADM.PSP_ENTITY_UPDATE where created_date>= to_date('05-11-2022 00:00:00','DD-MM-YYYY HH24:MI:SS') and created_date< to_date('05-11-2022 12:00:00','DD-MM-YYYY HH24:MI:SS') ;

27792 rows created.

Elapsed: 00:00:01.48
23:45:22 SQL> commit;

Commit complete.

Elapsed: 00:00:00.03
23:45:22 SQL> insert into PSPADM.PSP_ENTITY_UPDATE_PART select /*+ PARALLEL(8) */ * from PSPADM.PSP_ENTITY_UPDATE where created_date>= to_date('05-11-2022 12:00:00','DD-MM-YYYY HH24:MI:SS') and created_date< to_date('06-11-2022 00:00:00','DD-MM-YYYY HH24:MI:SS') ;

99510 rows created.

Elapsed: 00:00:03.66
23:45:25 SQL> commit;

Commit complete.

Elapsed: 00:00:00.07
23:45:26 SQL> insert into PSPADM.PSP_ENTITY_UPDATE_PART select /*+ PARALLEL(8) */ * from PSPADM.PSP_ENTITY_UPDATE where created_date>= to_date('06-11-2022 00:00:00','DD-MM-YYYY HH24:MI:SS') and created_date< to_date('06-11-2022 12:00:00','DD-MM-YYYY HH24:MI:SS') ;

21765 rows created.

Elapsed: 00:00:01.35
23:45:27 SQL> commit;

Commit complete.

Elapsed: 00:00:00.02
23:45:27 SQL> insert into PSPADM.PSP_ENTITY_UPDATE_PART select /*+ PARALLEL(8) */ * from PSPADM.PSP_ENTITY_UPDATE where created_date>= to_date('06-11-2022 12:00:00','DD-MM-YYYY HH24:MI:SS') and created_date< to_date('07-11-2022 00:00:00','DD-MM-YYYY HH24:MI:SS') ;

135623 rows created.

Elapsed: 00:10:01.79
23:55:29 SQL> commit;

Commit complete.

Elapsed: 00:00:00.07
23:55:29 SQL> insert into PSPADM.PSP_ENTITY_UPDATE_PART select /*+ PARALLEL(8) */ * from PSPADM.PSP_ENTITY_UPDATE where created_date>= to_date('07-11-2022 00:00:00','DD-MM-YYYY HH24:MI:SS') and created_date< to_date('07-11-2022 12:00:00','DD-MM-YYYY HH24:MI:SS') ;

74049 rows created.

Elapsed: 00:00:02.88
23:55:32 SQL> commit;

Commit complete.

Elapsed: 00:00:00.05
23:55:32 SQL> insert into PSPADM.PSP_ENTITY_UPDATE_PART select /*+ PARALLEL(8) */ * from PSPADM.PSP_ENTITY_UPDATE where created_date>= to_date('07-11-2022 12:00:00','DD-MM-YYYY HH24:MI:SS') and created_date< to_date('08-11-2022 00:00:00','DD-MM-YYYY HH24:MI:SS') ;

2153602 rows created.

Elapsed: 00:01:03.63
23:56:35 SQL> commit;

Commit complete.

Elapsed: 00:00:00.21
23:56:36 SQL> insert into PSPADM.PSP_ENTITY_UPDATE_PART select /*+ PARALLEL(8) */ * from PSPADM.PSP_ENTITY_UPDATE where created_date>= to_date('08-11-2022 00:00:00','DD-MM-YYYY HH24:MI:SS') and created_date< to_date('08-11-2022 12:00:00','DD-MM-YYYY HH24:MI:SS') ;

225487 rows created.

Elapsed: 00:00:07.41
23:56:43 SQL> commit;

Commit complete.

Elapsed: 00:00:00.11
23:56:43 SQL> insert into PSPADM.PSP_ENTITY_UPDATE_PART select /*+ PARALLEL(8) */ * from PSPADM.PSP_ENTITY_UPDATE where created_date>= to_date('08-11-2022 12:00:00','DD-MM-YYYY HH24:MI:SS') and created_date< to_date('09-11-2022 00:00:00','DD-MM-YYYY HH24:MI:SS') ;

3588667 rows created.

Elapsed: 00:01:48.52
23:58:32 SQL> commit;

Commit complete.

Elapsed: 00:00:00.31
23:58:32 SQL> insert into PSPADM.PSP_ENTITY_UPDATE_PART select /*+ PARALLEL(8) */ * from PSPADM.PSP_ENTITY_UPDATE where created_date>= to_date('09-11-2022 00:00:00','DD-MM-YYYY HH24:MI:SS') and created_date< to_date('09-11-2022 12:00:00','DD-MM-YYYY HH24:MI:SS') ;

265763 rows created.

Elapsed: 00:00:09.85
23:58:42 SQL> commit;

Commit complete.

Elapsed: 00:00:00.14
23:58:42 SQL> insert into PSPADM.PSP_ENTITY_UPDATE_PART select /*+ PARALLEL(8) */ * from PSPADM.PSP_ENTITY_UPDATE where created_date>= to_date('09-11-2022 12:00:00','DD-MM-YYYY HH24:MI:SS') and created_date< to_date('10-11-2022 00:00:00','DD-MM-YYYY HH24:MI:SS') ;

1888975 rows created.

Elapsed: 00:00:57.46
23:59:39 SQL> commit;

Commit complete.

Elapsed: 00:00:00.25
23:59:40 SQL> insert into PSPADM.PSP_ENTITY_UPDATE_PART select /*+ PARALLEL(8) */ * from PSPADM.PSP_ENTITY_UPDATE where created_date>= to_date('10-11-2022 00:00:00','DD-MM-YYYY HH24:MI:SS') and created_date< to_date('10-11-2022 12:00:00','DD-MM-YYYY HH24:MI:SS') ;

169463 rows created.

Elapsed: 00:00:05.64
23:59:45 SQL> commit;

Commit complete.

Elapsed: 00:00:00.11
23:59:45 SQL> insert into PSPADM.PSP_ENTITY_UPDATE_PART select /*+ PARALLEL(8) */ * from PSPADM.PSP_ENTITY_UPDATE where created_date>= to_date('10-11-2022 12:00:00','DD-MM-YYYY HH24:MI:SS') and created_date< to_date('11-11-2022 00:00:00','DD-MM-YYYY HH24:MI:SS') ;

1463507 rows created.

Elapsed: 00:00:49.67
00:00:35 SQL> commit;

Commit complete.

Elapsed: 00:00:00.25
00:00:35 SQL> insert into PSPADM.PSP_ENTITY_UPDATE_PART select /*+ PARALLEL(8) */ * from PSPADM.PSP_ENTITY_UPDATE where created_date>= to_date('11-11-2022 00:00:00','DD-MM-YYYY HH24:MI:SS') and created_date< to_date('11-11-2022 12:00:00','DD-MM-YYYY HH24:MI:SS') ;

130771 rows created.

Elapsed: 00:04:58.72
00:05:34 SQL> commit;

Commit complete.

Elapsed: 00:00:00.12
00:05:34 SQL> insert into PSPADM.PSP_ENTITY_UPDATE_PART select /*+ PARALLEL(8) */ * from PSPADM.PSP_ENTITY_UPDATE where created_date>= to_date('11-11-2022 12:00:00','DD-MM-YYYY HH24:MI:SS') and created_date< to_date('12-11-2022 00:00:00','DD-MM-YYYY HH24:MI:SS') ;

729437 rows created.

Elapsed: 00:00:22.48
00:05:57 SQL> commit;

Commit complete.

Elapsed: 00:00:00.22
00:05:57 SQL> insert into PSPADM.PSP_ENTITY_UPDATE_PART select /*+ PARALLEL(8) */ * from PSPADM.PSP_ENTITY_UPDATE where created_date>= to_date('12-11-2022 00:00:00','DD-MM-YYYY HH24:MI:SS') and created_date< to_date('12-11-2022 12:00:00','DD-MM-YYYY HH24:MI:SS') ;

42068 rows created.

Elapsed: 00:00:01.90
00:05:59 SQL> commit;

Commit complete.

Elapsed: 00:00:00.05
00:05:59 SQL> insert into PSPADM.PSP_ENTITY_UPDATE_PART select /*+ PARALLEL(8) */ * from PSPADM.PSP_ENTITY_UPDATE where created_date>= to_date('12-11-2022 12:00:00','DD-MM-YYYY HH24:MI:SS') and created_date< to_date('13-11-2022 00:00:00','DD-MM-YYYY HH24:MI:SS') ;

102196 rows created.

Elapsed: 00:00:03.74
00:06:02 SQL> commit;

Commit complete.

Elapsed: 00:00:00.09
00:06:03 SQL> insert into PSPADM.PSP_ENTITY_UPDATE_PART select /*+ PARALLEL(8) */ * from PSPADM.PSP_ENTITY_UPDATE where created_date>= to_date('13-11-2022 00:00:00','DD-MM-YYYY HH24:MI:SS') and created_date< to_date('13-11-2022 12:00:00','DD-MM-YYYY HH24:MI:SS') ;

23735 rows created.

Elapsed: 00:00:01.35
00:06:04 SQL> commit;

Commit complete.

Elapsed: 00:00:00.03
00:06:04 SQL> insert into PSPADM.PSP_ENTITY_UPDATE_PART select /*+ PARALLEL(8) */ * from PSPADM.PSP_ENTITY_UPDATE where created_date>= to_date('13-11-2022 12:00:00','DD-MM-YYYY HH24:MI:SS') and created_date< to_date('14-11-2022 00:00:00','DD-MM-YYYY HH24:MI:SS') ;

140484 rows created.

Elapsed: 00:00:04.83
00:06:09 SQL> commit;

Commit complete.

Elapsed: 00:00:00.10
00:06:09 SQL> insert into PSPADM.PSP_ENTITY_UPDATE_PART select /*+ PARALLEL(8) */ * from PSPADM.PSP_ENTITY_UPDATE where created_date>= to_date('14-11-2022 00:00:00','DD-MM-YYYY HH24:MI:SS') and created_date< to_date('14-11-2022 12:00:00','DD-MM-YYYY HH24:MI:SS') ;

69986 rows created.

Elapsed: 00:00:02.92
00:06:12 SQL> commit;

Commit complete.

Elapsed: 00:00:00.07
00:06:12 SQL> insert into PSPADM.PSP_ENTITY_UPDATE_PART select /*+ PARALLEL(8) */ * from PSPADM.PSP_ENTITY_UPDATE where created_date>= to_date('14-11-2022 12:00:00','DD-MM-YYYY HH24:MI:SS') and created_date< to_date('15-11-2022 00:00:00','DD-MM-YYYY HH24:MI:SS') ;

2066198 rows created.

Elapsed: 00:05:02.48
00:11:14 SQL> commit;

Commit complete.

Elapsed: 00:00:00.33
00:11:15 SQL> insert into PSPADM.PSP_ENTITY_UPDATE_PART select /*+ PARALLEL(8) */ * from PSPADM.PSP_ENTITY_UPDATE where created_date>= to_date('15-11-2022 00:00:00','DD-MM-YYYY HH24:MI:SS') and created_date< to_date('15-11-2022 12:00:00','DD-MM-YYYY HH24:MI:SS') ;

183280 rows created.

Elapsed: 00:00:06.25
00:11:21 SQL> commit;

Commit complete.

Elapsed: 00:00:00.13
00:11:21 SQL> insert into PSPADM.PSP_ENTITY_UPDATE_PART select /*+ PARALLEL(8) */ * from PSPADM.PSP_ENTITY_UPDATE where created_date>= to_date('15-11-2022 12:00:00','DD-MM-YYYY HH24:MI:SS') and created_date< to_date('16-11-2022 00:00:00','DD-MM-YYYY HH24:MI:SS') ;

2388994 rows created.

Elapsed: 00:01:14.05
00:12:35 SQL> commit;

Commit complete.

Elapsed: 00:00:00.36
00:12:35 SQL> insert into PSPADM.PSP_ENTITY_UPDATE_PART select /*+ PARALLEL(8) */ * from PSPADM.PSP_ENTITY_UPDATE where created_date>= to_date('16-11-2022 00:00:00','DD-MM-YYYY HH24:MI:SS') and created_date< to_date('16-11-2022 12:00:00','DD-MM-YYYY HH24:MI:SS') ;

280334 rows created.

Elapsed: 00:00:09.22
00:12:45 SQL> commit;

Commit complete.

Elapsed: 00:00:00.19
00:12:45 SQL> insert into PSPADM.PSP_ENTITY_UPDATE_PART select /*+ PARALLEL(8) */ * from PSPADM.PSP_ENTITY_UPDATE where created_date>= to_date('16-11-2022 12:00:00','DD-MM-YYYY HH24:MI:SS') and created_date< to_date('17-11-2022 00:00:00','DD-MM-YYYY HH24:MI:SS') ;

3692038 rows created.

Elapsed: 00:01:55.12
00:14:40 SQL> commit;

Commit complete.

Elapsed: 00:00:00.50
00:14:40 SQL> insert into PSPADM.PSP_ENTITY_UPDATE_PART select /*+ PARALLEL(8) */ * from PSPADM.PSP_ENTITY_UPDATE where created_date>= to_date('17-11-2022 00:00:00','DD-MM-YYYY HH24:MI:SS') and created_date< to_date('17-11-2022 12:00:00','DD-MM-YYYY HH24:MI:SS') ;

267524 rows created.

Elapsed: 00:00:10.05
00:14:51 SQL> commit;

Commit complete.

Elapsed: 00:00:00.18
00:14:51 SQL> insert into PSPADM.PSP_ENTITY_UPDATE_PART select /*+ PARALLEL(8) */ * from PSPADM.PSP_ENTITY_UPDATE where created_date>= to_date('17-11-2022 12:00:00','DD-MM-YYYY HH24:MI:SS') and created_date< to_date('18-11-2022 00:00:00','DD-MM-YYYY HH24:MI:SS') ;

1263022 rows created.

Elapsed: 00:00:40.01
00:15:31 SQL> commit;

Commit complete.

Elapsed: 00:00:00.35
00:15:31 SQL> insert into PSPADM.PSP_ENTITY_UPDATE_PART select /*+ PARALLEL(8) */ * from PSPADM.PSP_ENTITY_UPDATE where created_date>= to_date('18-11-2022 00:00:00','DD-MM-YYYY HH24:MI:SS') and created_date< to_date('18-11-2022 12:00:00','DD-MM-YYYY HH24:MI:SS') ;

178815 rows created.

Elapsed: 00:00:06.91
00:15:38 SQL> commit;

Commit complete.

Elapsed: 00:00:00.14
00:15:38 SQL> insert into PSPADM.PSP_ENTITY_UPDATE_PART select /*+ PARALLEL(8) */ * from PSPADM.PSP_ENTITY_UPDATE where created_date>= to_date('18-11-2022 12:00:00','DD-MM-YYYY HH24:MI:SS') and created_date< to_date('19-11-2022 00:00:00','DD-MM-YYYY HH24:MI:SS') ;

905192 rows created.

Elapsed: 00:00:31.11
00:16:09 SQL> commit;

Commit complete.

Elapsed: 00:00:00.33
00:16:10 SQL> insert into PSPADM.PSP_ENTITY_UPDATE_PART select /*+ PARALLEL(8) */ * from PSPADM.PSP_ENTITY_UPDATE where created_date>= to_date('19-11-2022 00:00:00','DD-MM-YYYY HH24:MI:SS') and created_date< to_date('19-11-2022 12:00:00','DD-MM-YYYY HH24:MI:SS') ;

59856 rows created.

Elapsed: 00:00:02.63
00:16:12 SQL> commit;

Commit complete.

Elapsed: 00:00:00.06
00:16:12 SQL> insert into PSPADM.PSP_ENTITY_UPDATE_PART select /*+ PARALLEL(8) */ * from PSPADM.PSP_ENTITY_UPDATE where created_date>= to_date('19-11-2022 12:00:00','DD-MM-YYYY HH24:MI:SS') and created_date< to_date('20-11-2022 00:00:00','DD-MM-YYYY HH24:MI:SS') ;

118707 rows created.

Elapsed: 00:00:06.06
00:16:18 SQL> commit;

Commit complete.

Elapsed: 00:00:00.10
00:16:18 SQL> insert into PSPADM.PSP_ENTITY_UPDATE_PART select /*+ PARALLEL(8) */ * from PSPADM.PSP_ENTITY_UPDATE where created_date>= to_date('20-11-2022 00:00:00','DD-MM-YYYY HH24:MI:SS') and created_date< to_date('20-11-2022 12:00:00','DD-MM-YYYY HH24:MI:SS') ;

27420 rows created.

Elapsed: 00:00:01.50
00:16:20 SQL> commit;

Commit complete.

Elapsed: 00:00:00.03
00:16:20 SQL> insert into PSPADM.PSP_ENTITY_UPDATE_PART select /*+ PARALLEL(8) */ * from PSPADM.PSP_ENTITY_UPDATE where created_date>= to_date('20-11-2022 12:00:00','DD-MM-YYYY HH24:MI:SS') and created_date< to_date('21-11-2022 00:00:00','DD-MM-YYYY HH24:MI:SS') ;

171874 rows created.

Elapsed: 00:00:05.81
00:16:26 SQL> commit;

Commit complete.

Elapsed: 00:00:00.12
00:16:26 SQL> insert into PSPADM.PSP_ENTITY_UPDATE_PART select /*+ PARALLEL(8) */ * from PSPADM.PSP_ENTITY_UPDATE where created_date>= to_date('21-11-2022 00:00:00','DD-MM-YYYY HH24:MI:SS') and created_date< to_date('21-11-2022 12:00:00','DD-MM-YYYY HH24:MI:SS') ;

87725 rows created.

Elapsed: 00:00:03.34
00:16:29 SQL> commit;

Commit complete.

Elapsed: 00:00:00.08
00:16:29 SQL> insert into PSPADM.PSP_ENTITY_UPDATE_PART select /*+ PARALLEL(8) */ * from PSPADM.PSP_ENTITY_UPDATE where created_date>= to_date('21-11-2022 12:00:00','DD-MM-YYYY HH24:MI:SS') and created_date< to_date('22-11-2022 00:00:00','DD-MM-YYYY HH24:MI:SS') ;

3370125 rows created.

Elapsed: 00:01:47.16
00:18:16 SQL> commit;

Commit complete.

Elapsed: 00:00:00.52
00:18:17 SQL> insert into PSPADM.PSP_ENTITY_UPDATE_PART select /*+ PARALLEL(8) */ * from PSPADM.PSP_ENTITY_UPDATE where created_date>= to_date('22-11-2022 00:00:00','DD-MM-YYYY HH24:MI:SS') and created_date< to_date('22-11-2022 12:00:00','DD-MM-YYYY HH24:MI:SS') ;

338843 rows created.

Elapsed: 00:00:11.92
00:18:29 SQL> commit;

Commit complete.

Elapsed: 00:00:00.23
00:18:29 SQL> insert into PSPADM.PSP_ENTITY_UPDATE_PART select /*+ PARALLEL(8) */ * from PSPADM.PSP_ENTITY_UPDATE where created_date>= to_date('22-11-2022 12:00:00','DD-MM-YYYY HH24:MI:SS') and created_date< to_date('23-11-2022 00:00:00','DD-MM-YYYY HH24:MI:SS') ;

3528357 rows created.

Elapsed: 00:02:02.96
00:20:32 SQL> commit;

Commit complete.

Elapsed: 00:00:00.58
00:20:33 SQL> insert into PSPADM.PSP_ENTITY_UPDATE_PART select /*+ PARALLEL(8) */ * from PSPADM.PSP_ENTITY_UPDATE where created_date>= to_date('23-11-2022 00:00:00','DD-MM-YYYY HH24:MI:SS') and created_date< to_date('23-11-2022 12:00:00','DD-MM-YYYY HH24:MI:SS') ;

267347 rows created.

Elapsed: 00:00:13.92
00:20:47 SQL> commit;

Commit complete.

Elapsed: 00:00:00.22
00:20:47 SQL> insert into PSPADM.PSP_ENTITY_UPDATE_PART select /*+ PARALLEL(8) */ * from PSPADM.PSP_ENTITY_UPDATE where created_date>= to_date('23-11-2022 12:00:00','DD-MM-YYYY HH24:MI:SS') and created_date< to_date('24-11-2022 00:00:00','DD-MM-YYYY HH24:MI:SS') ;

1492098 rows created.

Elapsed: 00:00:49.51
00:21:36 SQL> commit;

Commit complete.

Elapsed: 00:00:00.48
00:21:37 SQL> insert into PSPADM.PSP_ENTITY_UPDATE_PART select /*+ PARALLEL(8) */ * from PSPADM.PSP_ENTITY_UPDATE where created_date>= to_date('24-11-2022 00:00:00','DD-MM-YYYY HH24:MI:SS') and created_date< to_date('24-11-2022 12:00:00','DD-MM-YYYY HH24:MI:SS') ;

90820 rows created.

Elapsed: 00:00:03.46
00:21:40 SQL> commit;

Commit complete.

Elapsed: 00:00:00.09
00:21:40 SQL> insert into PSPADM.PSP_ENTITY_UPDATE_PART select /*+ PARALLEL(8) */ * from PSPADM.PSP_ENTITY_UPDATE where created_date>= to_date('24-11-2022 12:00:00','DD-MM-YYYY HH24:MI:SS') and created_date< to_date('25-11-2022 00:00:00','DD-MM-YYYY HH24:MI:SS') ;

67803 rows created.

Elapsed: 00:00:02.84
00:21:43 SQL> commit;

Commit complete.

Elapsed: 00:00:00.06
00:21:43 SQL> insert into PSPADM.PSP_ENTITY_UPDATE_PART select /*+ PARALLEL(8) */ * from PSPADM.PSP_ENTITY_UPDATE where created_date>= to_date('25-11-2022 00:00:00','DD-MM-YYYY HH24:MI:SS') and created_date< to_date('25-11-2022 12:00:00','DD-MM-YYYY HH24:MI:SS') ;

26440 rows created.

Elapsed: 00:00:01.45
00:21:45 SQL> commit;

Commit complete.

Elapsed: 00:00:00.02
00:21:45 SQL> insert into PSPADM.PSP_ENTITY_UPDATE_PART select /*+ PARALLEL(8) */ * from PSPADM.PSP_ENTITY_UPDATE where created_date>= to_date('25-11-2022 12:00:00','DD-MM-YYYY HH24:MI:SS') and created_date< to_date('26-11-2022 00:00:00','DD-MM-YYYY HH24:MI:SS') ;

356777 rows created.

Elapsed: 00:00:13.08
00:21:58 SQL> commit;

Commit complete.

Elapsed: 00:00:00.25
00:21:58 SQL> insert into PSPADM.PSP_ENTITY_UPDATE_PART select /*+ PARALLEL(8) */ * from PSPADM.PSP_ENTITY_UPDATE where created_date>= to_date('26-11-2022 00:00:00','DD-MM-YYYY HH24:MI:SS') and created_date< to_date('26-11-2022 12:00:00','DD-MM-YYYY HH24:MI:SS') ;

31076 rows created.

Elapsed: 00:00:01.66
00:22:00 SQL> commit;

Commit complete.

Elapsed: 00:00:00.07
00:22:00 SQL> insert into PSPADM.PSP_ENTITY_UPDATE_PART select /*+ PARALLEL(8) */ * from PSPADM.PSP_ENTITY_UPDATE where created_date>= to_date('26-11-2022 12:00:00','DD-MM-YYYY HH24:MI:SS') and created_date< to_date('27-11-2022 00:00:00','DD-MM-YYYY HH24:MI:SS') ;

103071 rows created.

Elapsed: 00:00:04.05
00:22:04 SQL> commit;

Commit complete.

Elapsed: 00:00:00.08
00:22:04 SQL> insert into PSPADM.PSP_ENTITY_UPDATE_PART select /*+ PARALLEL(8) */ * from PSPADM.PSP_ENTITY_UPDATE where created_date>= to_date('27-11-2022 00:00:00','DD-MM-YYYY HH24:MI:SS') and created_date< to_date('27-11-2022 12:00:00','DD-MM-YYYY HH24:MI:SS') ;

22971 rows created.

Elapsed: 00:00:01.39
00:22:05 SQL> commit;

Commit complete.

Elapsed: 00:00:00.02
00:22:05 SQL> insert into PSPADM.PSP_ENTITY_UPDATE_PART select /*+ PARALLEL(8) */ * from PSPADM.PSP_ENTITY_UPDATE where created_date>= to_date('27-11-2022 12:00:00','DD-MM-YYYY HH24:MI:SS') and created_date< to_date('28-11-2022 00:00:00','DD-MM-YYYY HH24:MI:SS') ;

173616 rows created.

Elapsed: 00:00:05.94
00:22:11 SQL> commit;

Commit complete.

Elapsed: 00:00:00.14
00:22:11 SQL> insert into PSPADM.PSP_ENTITY_UPDATE_PART select /*+ PARALLEL(8) */ * from PSPADM.PSP_ENTITY_UPDATE where created_date>= to_date('28-11-2022 00:00:00','DD-MM-YYYY HH24:MI:SS') and created_date< to_date('28-11-2022 12:00:00','DD-MM-YYYY HH24:MI:SS') ;

82042 rows created.

Elapsed: 00:00:03.23
00:22:15 SQL> commit;

Commit complete.

Elapsed: 00:00:00.08
00:22:15 SQL> insert into PSPADM.PSP_ENTITY_UPDATE_PART select /*+ PARALLEL(8) */ * from PSPADM.PSP_ENTITY_UPDATE where created_date>= to_date('28-11-2022 12:00:00','DD-MM-YYYY HH24:MI:SS') and created_date< to_date('29-11-2022 00:00:00','DD-MM-YYYY HH24:MI:SS') ;

2634421 rows created.

Elapsed: 00:01:30.72
00:23:45 SQL> commit;

Commit complete.

Elapsed: 00:00:00.55
00:23:46 SQL> insert into PSPADM.PSP_ENTITY_UPDATE_PART select /*+ PARALLEL(8) */ * from PSPADM.PSP_ENTITY_UPDATE where created_date>= to_date('29-11-2022 00:00:00','DD-MM-YYYY HH24:MI:SS') and created_date< to_date('29-11-2022 12:00:00','DD-MM-YYYY HH24:MI:SS') ;

219309 rows created.

Elapsed: 00:00:09.71
00:23:56 SQL> commit;

Commit complete.

Elapsed: 00:00:00.18
00:23:56 SQL> insert into PSPADM.PSP_ENTITY_UPDATE_PART select /*+ PARALLEL(8) */ * from PSPADM.PSP_ENTITY_UPDATE where created_date>= to_date('29-11-2022 12:00:00','DD-MM-YYYY HH24:MI:SS') and created_date< to_date('30-11-2022 00:00:00','DD-MM-YYYY HH24:MI:SS') ;

2507864 rows created.

Elapsed: 00:01:21.81
00:25:18 SQL> commit;

Commit complete.

Elapsed: 00:00:00.65
00:25:18 SQL> insert into PSPADM.PSP_ENTITY_UPDATE_PART select /*+ PARALLEL(8) */ * from PSPADM.PSP_ENTITY_UPDATE where created_date>= to_date('30-11-2022 00:00:00','DD-MM-YYYY HH24:MI:SS') and created_date< to_date('30-11-2022 12:00:00','DD-MM-YYYY HH24:MI:SS') ;

283522 rows created.

Elapsed: 00:00:09.97
00:25:28 SQL> commit;

Commit complete.

Elapsed: 00:00:00.22
00:25:29 SQL> insert into PSPADM.PSP_ENTITY_UPDATE_PART select /*+ PARALLEL(8) */ * from PSPADM.PSP_ENTITY_UPDATE where created_date>= to_date('30-11-2022 12:00:00','DD-MM-YYYY HH24:MI:SS') and created_date< to_date('01-12-2022 00:00:00','DD-MM-YYYY HH24:MI:SS') ;

3362994 rows created.

Elapsed: 00:01:54.52
00:27:23 SQL> commit;

Commit complete.

Elapsed: 00:00:00.67
00:27:24 SQL> insert into PSPADM.PSP_ENTITY_UPDATE_PART select /*+ PARALLEL(8) */ * from PSPADM.PSP_ENTITY_UPDATE where created_date>= to_date('01-12-2022 00:00:00','DD-MM-YYYY HH24:MI:SS') and created_date< to_date('01-12-2022 12:00:00','DD-MM-YYYY HH24:MI:SS') ;

257920 rows created.

Elapsed: 00:00:09.97
00:27:34 SQL> commit;

Commit complete.

Elapsed: 00:00:00.20
00:27:34 SQL> insert into PSPADM.PSP_ENTITY_UPDATE_PART select /*+ PARALLEL(8) */ * from PSPADM.PSP_ENTITY_UPDATE where created_date>= to_date('01-12-2022 12:00:00','DD-MM-YYYY HH24:MI:SS') and created_date< to_date('02-12-2022 00:00:00','DD-MM-YYYY HH24:MI:SS') ;

1592528 rows created.

Elapsed: 00:00:52.41
00:28:26 SQL> commit;

Commit complete.

Elapsed: 00:00:00.60
00:28:27 SQL> 
00:28:27 SQL> spool off
