
SQL*Plus: Release 12.1.0.2.0 Production on Fri Mar 1 02:17:16 2024

Copyright (c) 1982, 2014, Oracle.  All rights reserved.

SQL> Connected.
SQL> SQL> SQL> 02:17:16 SQL> 02:17:16 SQL> 02:17:16 SQL> 
INSTANCE_NAME
----------------
HOST_NAME
----------------------------------------------------------------
PSPHPP02
ip-172-19-0-196


1 row selected.

Elapsed: 00:00:00.00
02:17:16 SQL> 02:17:16 SQL> 02:17:16 SQL> set serveroutput on;
02:17:16 SQL> DECLARE
02:17:16   2  	  table_list SYS.ODCIVARCHAR2LIST := SYS.ODCIVARCHAR2LIST('psp_law', 'psp_tax', 'psp_bill', 'psp_offer', 'psp_payee', 'psp_agency', 'psp_address', 'psp_company', 'psp_contact', 'psp_service', 'psp_employee', 'psp_offering', 'psp_paycheck', 'psp_auth_role', 'psp_auth_user', 'psp_fset_file', 'psp_fraud_rule', 'psp_individual', 'psp_limit_rule', 'psp_company_law', 'psp_entitlement', 'psp_payroll_run', 'psp_bank_account', 'psp_bill_payment', 'psp_compensation', 'psp_posting_rule', 'psp_usage_period', 'psp_voided_check', 'psp_company_event', 'psp_company_offer', 'psp_company_usage', 'psp_offload_batch', 'psp_offload_group', 'psp_auth_operation', 'psp_billing_detail', 'psp_company_agency', 'psp_deleted_record', 'psp_employee_usage', 'psp_ledger_account', 'psp_ledger_balance', 'psp_on_hold_reason', 'psp_paycheck_split', 'psp_paycheck_usage', 'psp_property_audit', 'psp_service_status', 'psp_company_service', 'psp_offering_svcchg', 'psp_payroll_subtype', 'psp_quickbooks_info', 'psp_company_law_rate', 'psp_company_offering', 'psp_employee_accrual', 'psp_entitlement_code', 'psp_entitlement_unit', 'psp_payment_template', 'psp_transaction_type', 'psp_gems_upload_batch', 'psp_payroll_frequency', 'psp_svcstat_svc_assoc', 'psp_transaction_state', 'psp_vmp_employee_info', 'psp_bill_payment_split', 'psp_fset_filing_detail', 'psp_payee_bank_account', 'psp_qbdt_paycheck_info', 'psp_service_sub_status', 'psp_transaction_return', 'psp_batch_job_audit_log', 'psp_entry_detail_record', 'psp_offering_svcchg_grp', 'psp_company_bank_account', 'psp_company_event_detail', 'psp_company_payroll_item', 'psp_eftps_payment_detail', 'psp_gems_monthly_balance', 'psp_liability_adjustment', 'psp_transaction_response', 'psp_employee_bank_account', 'psp_financial_trans_state', 'psp_financial_transaction', 'psp_comp_adjust_submission', 'psp_ddcompany_service_info', 'psp_effective_deposit_freq', 'psp_pmt_template_frequency', 'psp_authrole_operation_assoc', 'psp_gems_ledger_posting_rule', 'psp_qbdt_unprocessed_request', 'psp_tax_company_service_info', 'psp_auth_user_auth_role_assoc', 'psp_companyagency_pmttemplate', 'psp_entitlement_code_offering', 'psp_comp_pmt_template_agencyid', 'psp_comp_pmttemplate_pmtmethod', 'psp_money_movement_transaction', 'psp_pmt_template_paymentmethod', 'psp_pmttemplate_printedchkinfo', 'psp_tax_payment_on_hold_reason', 'psp_company_additional_info ', 'psp_ownership_type ', 'psp_deduction', 'psp_employee_payroll_item', 'psp_bpcompany_service_info');
02:17:16   3  	  v_tab_name VARCHAR2(30);
02:17:16   4  	  v_count NUMBER;
02:17:16   5  BEGIN
02:17:16   6  	  DBMS_OUTPUT.ENABLE(NULL);
02:17:16   7  	  FOR i IN 1..table_list.COUNT
02:17:16   8  	      LOOP
02:17:16   9  		  v_tab_name := table_list(i);
02:17:16  10  		  EXECUTE IMMEDIATE 'SELECT /*+ PARALLEL(16) */ COUNT(*) FROM PSPADM.' || v_tab_name INTO v_count;
02:17:16  11  		  DBMS_OUTPUT.PUT_LINE(v_tab_name || ',' || v_count);
02:17:16  12  	      END LOOP;
02:17:16  13  END;
02:17:16  14  /
psp_law,245
psp_tax,6922764249
psp_bill,30688525
psp_offer,48
psp_payee,2804134
psp_agency,97
psp_address,119340051
psp_company,7430733
psp_contact,14441246
psp_service,12
psp_employee,72982139
psp_offering,92
psp_paycheck,2002796312
psp_auth_role,59
psp_auth_user,10769
psp_fset_file,731
psp_fraud_rule,4
psp_individual,87611624
psp_limit_rule,6
psp_company_law,12330782
psp_entitlement,2712984
psp_payroll_run,320208813
psp_bank_account,52672452
psp_bill_payment,53393475
psp_compensation,1791137698
psp_posting_rule,654
psp_usage_period,31715235
psp_voided_check,13228
psp_company_event,1912564799
psp_company_offer,131164
psp_company_usage,1182601
psp_offload_batch,19208
psp_offload_group,4
psp_auth_operation,164
psp_billing_detail,162877240
psp_company_agency,2747168
psp_deleted_record,26853107
psp_employee_usage,305911019
psp_ledger_account,24
psp_ledger_balance,1054600583
psp_on_hold_reason,573732
psp_paycheck_split,1331072031
psp_paycheck_usage,864206847
psp_property_audit,1503572482
psp_service_status,5
psp_company_service,10820698
psp_offering_svcchg,1438
psp_payroll_subtype,25
psp_quickbooks_info,7430732
psp_company_law_rate,16417368
psp_company_offering,10629747
psp_employee_accrual,70530566
psp_entitlement_code,100
psp_entitlement_unit,7968070
psp_payment_template,149
psp_transaction_type,150
psp_gems_upload_batch,4026
psp_payroll_frequency,8
psp_svcstat_svc_assoc,66
psp_transaction_state,6
psp_vmp_employee_info,902812
psp_bill_payment_split,53393449
psp_fset_filing_detail,54310
psp_payee_bank_account,2976623
psp_qbdt_paycheck_info,1722553914
psp_service_sub_status,29
psp_transaction_return,2218229
psp_batch_job_audit_log,132222
psp_entry_detail_record,2898163044
psp_offering_svcchg_grp,1430
psp_company_bank_account,2530296
psp_company_event_detail,4051298070
psp_company_payroll_item,25621112
psp_eftps_payment_detail,19937241
psp_gems_monthly_balance,5172
psp_liability_adjustment,65108702
psp_transaction_response,7459605
psp_employee_bank_account,47165053
psp_financial_trans_state,5224060567
psp_financial_transaction,1747782991
psp_comp_adjust_submission,20826578
psp_ddcompany_service_info,1427905
psp_effective_deposit_freq,4072217
psp_pmt_template_frequency,297
psp_authrole_operation_assoc,1600
psp_gems_ledger_posting_rule,34
psp_qbdt_unprocessed_request,872015
psp_tax_company_service_info,145398
DECLARE
*
ERROR at line 1:
ORA-00942: table or view does not exist
ORA-06512: at line 10


Elapsed: 00:27:26.41
02:44:42 SQL> 
02:44:42 SQL> Disconnected from Oracle Database 19c Enterprise Edition Release 19.0.0.0.0 - Production
