SET
Timing is on.
psql:run_prc_populate_company_fk_foa_staging.sql:3: NOTICE:  UpdatedRecords=1
psql:run_prc_populate_company_fk_foa_staging.sql:3: NOTICE:  Processed 1 records successfully in 0 for start_date 2021-06-22 19:00:00 and end_date 2021-06-29 19:00:00
psql:run_prc_populate_company_fk_foa_staging.sql:3: NOTICE:  UpdatedRecords=0
psql:run_prc_populate_company_fk_foa_staging.sql:3: NOTICE:  Processed 0 records successfully in 0 for start_date 2021-06-22 19:00:00 and end_date 2021-06-29 19:00:00
psql:run_prc_populate_company_fk_foa_staging.sql:3: NOTICE:  UpdatedRecords=0
psql:run_prc_populate_company_fk_foa_staging.sql:3: NOTICE:  Processed 0 records successfully in 0 for start_date 2021-06-29 19:00:00 and end_date 2021-07-06 19:00:00
psql:run_prc_populate_company_fk_foa_staging.sql:3: NOTICE:  UpdatedRecords=0
psql:run_prc_populate_company_fk_foa_staging.sql:3: NOTICE:  Processed 0 records successfully in 0 for start_date 2021-07-06 19:00:00 and end_date 2021-07-13 19:00:00
psql:run_prc_populate_company_fk_foa_staging.sql:3: NOTICE:  UpdatedRecords=0
psql:run_prc_populate_company_fk_foa_staging.sql:3: NOTICE:  Processed 0 records successfully in 0 for start_date 2021-07-13 19:00:00 and end_date 2021-07-20 19:00:00
psql:run_prc_populate_company_fk_foa_staging.sql:3: NOTICE:  UpdatedRecords=0
psql:run_prc_populate_company_fk_foa_staging.sql:3: NOTICE:  Processed 0 records successfully in 0 for start_date 2021-07-20 19:00:00 and end_date 2021-07-27 19:00:00
psql:run_prc_populate_company_fk_foa_staging.sql:3: NOTICE:  UpdatedRecords=0
psql:run_prc_populate_company_fk_foa_staging.sql:3: NOTICE:  Processed 0 records successfully in 0 for start_date 2021-07-27 19:00:00 and end_date 2021-08-03 19:00:00
psql:run_prc_populate_company_fk_foa_staging.sql:3: NOTICE:  UpdatedRecords=0
psql:run_prc_populate_company_fk_foa_staging.sql:3: NOTICE:  Processed 0 records successfully in 0 for start_date 2021-08-03 19:00:00 and end_date 2021-08-10 19:00:00
psql:run_prc_populate_company_fk_foa_staging.sql:3: NOTICE:  UpdatedRecords=0
psql:run_prc_populate_company_fk_foa_staging.sql:3: NOTICE:  Processed 0 records successfully in 0 for start_date 2021-08-10 19:00:00 and end_date 2021-08-17 19:00:00
psql:run_prc_populate_company_fk_foa_staging.sql:3: NOTICE:  UpdatedRecords=0
psql:run_prc_populate_company_fk_foa_staging.sql:3: NOTICE:  Processed 0 records successfully in 0 for start_date 2021-08-17 19:00:00 and end_date 2021-08-24 19:00:00
psql:run_prc_populate_company_fk_foa_staging.sql:3: NOTICE:  UpdatedRecords=0
psql:run_prc_populate_company_fk_foa_staging.sql:3: NOTICE:  Processed 0 records successfully in 0 for start_date 2021-08-24 19:00:00 and end_date 2021-08-31 19:00:00
psql:run_prc_populate_company_fk_foa_staging.sql:3: NOTICE:  UpdatedRecords=0
psql:run_prc_populate_company_fk_foa_staging.sql:3: NOTICE:  Processed 0 records successfully in 0 for start_date 2021-08-31 19:00:00 and end_date 2021-09-07 19:00:00
psql:run_prc_populate_company_fk_foa_staging.sql:3: NOTICE:  UpdatedRecords=0
psql:run_prc_populate_company_fk_foa_staging.sql:3: NOTICE:  Processed 0 records successfully in 0 for start_date 2021-09-07 19:00:00 and end_date 2021-09-14 19:00:00
psql:run_prc_populate_company_fk_foa_staging.sql:3: NOTICE:  UpdatedRecords=0
psql:run_prc_populate_company_fk_foa_staging.sql:3: NOTICE:  Processed 0 records successfully in 0 for start_date 2021-09-14 19:00:00 and end_date 2021-09-21 19:00:00
psql:run_prc_populate_company_fk_foa_staging.sql:3: NOTICE:  UpdatedRecords=0
psql:run_prc_populate_company_fk_foa_staging.sql:3: NOTICE:  Processed 0 records successfully in 0 for start_date 2021-09-21 19:00:00 and end_date 2021-09-28 19:00:00
psql:run_prc_populate_company_fk_foa_staging.sql:3: NOTICE:  UpdatedRecords=0
psql:run_prc_populate_company_fk_foa_staging.sql:3: NOTICE:  Processed 0 records successfully in 0 for start_date 2021-09-28 19:00:00 and end_date 2021-10-05 19:00:00
psql:run_prc_populate_company_fk_foa_staging.sql:3: NOTICE:  UpdatedRecords=0
psql:run_prc_populate_company_fk_foa_staging.sql:3: NOTICE:  Processed 0 records successfully in 0 for start_date 2021-10-05 19:00:00 and end_date 2021-10-12 19:00:00
psql:run_prc_populate_company_fk_foa_staging.sql:3: NOTICE:  UpdatedRecords=0
psql:run_prc_populate_company_fk_foa_staging.sql:3: NOTICE:  Processed 0 records successfully in 0 for start_date 2021-10-12 19:00:00 and end_date 2021-10-19 19:00:00
psql:run_prc_populate_company_fk_foa_staging.sql:3: NOTICE:  UpdatedRecords=0
psql:run_prc_populate_company_fk_foa_staging.sql:3: NOTICE:  Processed 0 records successfully in 0 for start_date 2021-10-19 19:00:00 and end_date 2021-10-26 19:00:00
psql:run_prc_populate_company_fk_foa_staging.sql:3: NOTICE:  UpdatedRecords=0
psql:run_prc_populate_company_fk_foa_staging.sql:3: NOTICE:  Processed 0 records successfully in 0 for start_date 2021-10-26 19:00:00 and end_date 2021-11-02 19:00:00
psql:run_prc_populate_company_fk_foa_staging.sql:3: NOTICE:  UpdatedRecords=0
psql:run_prc_populate_company_fk_foa_staging.sql:3: NOTICE:  Processed 0 records successfully in 0 for start_date 2021-11-02 19:00:00 and end_date 2021-11-09 19:00:00
psql:run_prc_populate_company_fk_foa_staging.sql:3: NOTICE:  UpdatedRecords=0
psql:run_prc_populate_company_fk_foa_staging.sql:3: NOTICE:  Processed 0 records successfully in 0 for start_date 2021-11-09 19:00:00 and end_date 2021-11-16 19:00:00
psql:run_prc_populate_company_fk_foa_staging.sql:3: NOTICE:  UpdatedRecords=0
psql:run_prc_populate_company_fk_foa_staging.sql:3: NOTICE:  Processed 0 records successfully in 0 for start_date 2021-11-16 19:00:00 and end_date 2021-11-23 19:00:00
psql:run_prc_populate_company_fk_foa_staging.sql:3: NOTICE:  UpdatedRecords=0
psql:run_prc_populate_company_fk_foa_staging.sql:3: NOTICE:  Processed 0 records successfully in 0 for start_date 2021-11-23 19:00:00 and end_date 2021-11-30 19:00:00
psql:run_prc_populate_company_fk_foa_staging.sql:3: NOTICE:  UpdatedRecords=0
psql:run_prc_populate_company_fk_foa_staging.sql:3: NOTICE:  Processed 0 records successfully in 0 for start_date 2021-11-30 19:00:00 and end_date 2021-12-07 19:00:00
psql:run_prc_populate_company_fk_foa_staging.sql:3: NOTICE:  UpdatedRecords=0
psql:run_prc_populate_company_fk_foa_staging.sql:3: NOTICE:  Processed 0 records successfully in 0 for start_date 2021-12-07 19:00:00 and end_date 2021-12-14 19:00:00
psql:run_prc_populate_company_fk_foa_staging.sql:3: NOTICE:  UpdatedRecords=0
psql:run_prc_populate_company_fk_foa_staging.sql:3: NOTICE:  Processed 0 records successfully in 0 for start_date 2021-12-14 19:00:00 and end_date 2021-12-21 19:00:00
psql:run_prc_populate_company_fk_foa_staging.sql:3: NOTICE:  UpdatedRecords=0
psql:run_prc_populate_company_fk_foa_staging.sql:3: NOTICE:  Processed 0 records successfully in 0 for start_date 2021-12-21 19:00:00 and end_date 2021-12-28 19:00:00
psql:run_prc_populate_company_fk_foa_staging.sql:3: NOTICE:  UpdatedRecords=0
psql:run_prc_populate_company_fk_foa_staging.sql:3: NOTICE:  Processed 0 records successfully in 0 for start_date 2021-12-28 19:00:00 and end_date 2022-01-04 19:00:00
psql:run_prc_populate_company_fk_foa_staging.sql:3: NOTICE:  UpdatedRecords=0
psql:run_prc_populate_company_fk_foa_staging.sql:3: NOTICE:  Processed 0 records successfully in 0 for start_date 2022-01-04 19:00:00 and end_date 2022-01-11 19:00:00
psql:run_prc_populate_company_fk_foa_staging.sql:3: NOTICE:  UpdatedRecords=0
psql:run_prc_populate_company_fk_foa_staging.sql:3: NOTICE:  Processed 0 records successfully in 0 for start_date 2022-01-11 19:00:00 and end_date 2022-01-18 19:00:00
psql:run_prc_populate_company_fk_foa_staging.sql:3: NOTICE:  UpdatedRecords=0
psql:run_prc_populate_company_fk_foa_staging.sql:3: NOTICE:  Processed 0 records successfully in 0 for start_date 2022-01-18 19:00:00 and end_date 2022-01-25 19:00:00
psql:run_prc_populate_company_fk_foa_staging.sql:3: NOTICE:  UpdatedRecords=0
psql:run_prc_populate_company_fk_foa_staging.sql:3: NOTICE:  Processed 0 records successfully in 0 for start_date 2022-01-25 19:00:00 and end_date 2022-02-01 19:00:00
psql:run_prc_populate_company_fk_foa_staging.sql:3: NOTICE:  UpdatedRecords=0
psql:run_prc_populate_company_fk_foa_staging.sql:3: NOTICE:  Processed 0 records successfully in 0 for start_date 2022-02-01 19:00:00 and end_date 2022-02-08 19:00:00
psql:run_prc_populate_company_fk_foa_staging.sql:3: NOTICE:  UpdatedRecords=4
psql:run_prc_populate_company_fk_foa_staging.sql:3: NOTICE:  Processed 4 records successfully in 0 for start_date 2022-02-08 19:00:00 and end_date 2022-02-15 19:00:00
psql:run_prc_populate_company_fk_foa_staging.sql:3: NOTICE:  UpdatedRecords=0
psql:run_prc_populate_company_fk_foa_staging.sql:3: NOTICE:  Processed 0 records successfully in 0 for start_date 2022-02-08 19:00:00 and end_date 2022-02-15 19:00:00
psql:run_prc_populate_company_fk_foa_staging.sql:3: NOTICE:  UpdatedRecords=0
psql:run_prc_populate_company_fk_foa_staging.sql:3: NOTICE:  Processed 0 records successfully in 0 for start_date 2022-02-15 19:00:00 and end_date 2022-02-22 19:00:00
psql:run_prc_populate_company_fk_foa_staging.sql:3: NOTICE:  UpdatedRecords=0
psql:run_prc_populate_company_fk_foa_staging.sql:3: NOTICE:  Processed 0 records successfully in 0 for start_date 2022-02-22 19:00:00 and end_date 2022-03-01 19:00:00
psql:run_prc_populate_company_fk_foa_staging.sql:3: NOTICE:  UpdatedRecords=0
psql:run_prc_populate_company_fk_foa_staging.sql:3: NOTICE:  Processed 0 records successfully in 0 for start_date 2022-03-01 19:00:00 and end_date 2022-03-08 19:00:00
psql:run_prc_populate_company_fk_foa_staging.sql:3: NOTICE:  UpdatedRecords=0
psql:run_prc_populate_company_fk_foa_staging.sql:3: NOTICE:  Processed 0 records successfully in 0 for start_date 2022-03-08 19:00:00 and end_date 2022-03-15 19:00:00
psql:run_prc_populate_company_fk_foa_staging.sql:3: NOTICE:  UpdatedRecords=0
psql:run_prc_populate_company_fk_foa_staging.sql:3: NOTICE:  Processed 0 records successfully in 0 for start_date 2022-03-15 19:00:00 and end_date 2022-03-22 19:00:00
psql:run_prc_populate_company_fk_foa_staging.sql:3: NOTICE:  UpdatedRecords=0
psql:run_prc_populate_company_fk_foa_staging.sql:3: NOTICE:  Processed 0 records successfully in 0 for start_date 2022-03-22 19:00:00 and end_date 2022-03-29 19:00:00
psql:run_prc_populate_company_fk_foa_staging.sql:3: NOTICE:  UpdatedRecords=0
psql:run_prc_populate_company_fk_foa_staging.sql:3: NOTICE:  Processed 0 records successfully in 0 for start_date 2022-03-29 19:00:00 and end_date 2022-04-05 19:00:00
psql:run_prc_populate_company_fk_foa_staging.sql:3: NOTICE:  UpdatedRecords=0
psql:run_prc_populate_company_fk_foa_staging.sql:3: NOTICE:  Processed 0 records successfully in 0 for start_date 2022-04-05 19:00:00 and end_date 2022-04-12 19:00:00
psql:run_prc_populate_company_fk_foa_staging.sql:3: NOTICE:  UpdatedRecords=0
psql:run_prc_populate_company_fk_foa_staging.sql:3: NOTICE:  Processed 0 records successfully in 0 for start_date 2022-04-12 19:00:00 and end_date 2022-04-19 19:00:00
psql:run_prc_populate_company_fk_foa_staging.sql:3: NOTICE:  UpdatedRecords=0
psql:run_prc_populate_company_fk_foa_staging.sql:3: NOTICE:  Processed 0 records successfully in 0 for start_date 2022-04-19 19:00:00 and end_date 2022-04-26 19:00:00
psql:run_prc_populate_company_fk_foa_staging.sql:3: NOTICE:  UpdatedRecords=0
psql:run_prc_populate_company_fk_foa_staging.sql:3: NOTICE:  Processed 0 records successfully in 0 for start_date 2022-04-26 19:00:00 and end_date 2022-05-03 19:00:00
psql:run_prc_populate_company_fk_foa_staging.sql:3: NOTICE:  UpdatedRecords=0
psql:run_prc_populate_company_fk_foa_staging.sql:3: NOTICE:  Processed 0 records successfully in 0 for start_date 2022-05-03 19:00:00 and end_date 2022-05-10 19:00:00
psql:run_prc_populate_company_fk_foa_staging.sql:3: NOTICE:  UpdatedRecords=0
psql:run_prc_populate_company_fk_foa_staging.sql:3: NOTICE:  Processed 0 records successfully in 0 for start_date 2022-05-10 19:00:00 and end_date 2022-05-17 19:00:00
psql:run_prc_populate_company_fk_foa_staging.sql:3: NOTICE:  UpdatedRecords=0
psql:run_prc_populate_company_fk_foa_staging.sql:3: NOTICE:  Processed 0 records successfully in 0 for start_date 2022-05-17 19:00:00 and end_date 2022-05-24 19:00:00
psql:run_prc_populate_company_fk_foa_staging.sql:3: NOTICE:  UpdatedRecords=0
psql:run_prc_populate_company_fk_foa_staging.sql:3: NOTICE:  Processed 0 records successfully in 0 for start_date 2022-05-24 19:00:00 and end_date 2022-05-31 19:00:00
psql:run_prc_populate_company_fk_foa_staging.sql:3: NOTICE:  UpdatedRecords=0
psql:run_prc_populate_company_fk_foa_staging.sql:3: NOTICE:  Processed 0 records successfully in 0 for start_date 2022-05-31 19:00:00 and end_date 2022-06-07 19:00:00
psql:run_prc_populate_company_fk_foa_staging.sql:3: NOTICE:  UpdatedRecords=0
psql:run_prc_populate_company_fk_foa_staging.sql:3: NOTICE:  Processed 0 records successfully in 0 for start_date 2022-06-07 19:00:00 and end_date 2022-06-14 19:00:00
psql:run_prc_populate_company_fk_foa_staging.sql:3: NOTICE:  UpdatedRecords=0
psql:run_prc_populate_company_fk_foa_staging.sql:3: NOTICE:  Processed 0 records successfully in 0 for start_date 2022-06-14 19:00:00 and end_date 2022-06-21 19:00:00
psql:run_prc_populate_company_fk_foa_staging.sql:3: NOTICE:  UpdatedRecords=0
psql:run_prc_populate_company_fk_foa_staging.sql:3: NOTICE:  Processed 0 records successfully in 0 for start_date 2022-06-21 19:00:00 and end_date 2022-06-28 19:00:00
psql:run_prc_populate_company_fk_foa_staging.sql:3: NOTICE:  UpdatedRecords=0
psql:run_prc_populate_company_fk_foa_staging.sql:3: NOTICE:  Processed 0 records successfully in 0 for start_date 2022-06-28 19:00:00 and end_date 2022-07-05 19:00:00
psql:run_prc_populate_company_fk_foa_staging.sql:3: NOTICE:  UpdatedRecords=0
psql:run_prc_populate_company_fk_foa_staging.sql:3: NOTICE:  Processed 0 records successfully in 0 for start_date 2022-07-05 19:00:00 and end_date 2022-07-12 19:00:00
psql:run_prc_populate_company_fk_foa_staging.sql:3: NOTICE:  UpdatedRecords=0
psql:run_prc_populate_company_fk_foa_staging.sql:3: NOTICE:  Processed 0 records successfully in 0 for start_date 2022-07-12 19:00:00 and end_date 2022-07-19 19:00:00
psql:run_prc_populate_company_fk_foa_staging.sql:3: NOTICE:  UpdatedRecords=0
psql:run_prc_populate_company_fk_foa_staging.sql:3: NOTICE:  Processed 0 records successfully in 0 for start_date 2022-07-19 19:00:00 and end_date 2022-07-26 19:00:00
psql:run_prc_populate_company_fk_foa_staging.sql:3: NOTICE:  UpdatedRecords=0
psql:run_prc_populate_company_fk_foa_staging.sql:3: NOTICE:  Processed 0 records successfully in 0 for start_date 2022-07-26 19:00:00 and end_date 2022-08-02 19:00:00
psql:run_prc_populate_company_fk_foa_staging.sql:3: NOTICE:  UpdatedRecords=0
psql:run_prc_populate_company_fk_foa_staging.sql:3: NOTICE:  Processed 0 records successfully in 0 for start_date 2022-08-02 19:00:00 and end_date 2022-08-09 19:00:00
psql:run_prc_populate_company_fk_foa_staging.sql:3: NOTICE:  UpdatedRecords=0
psql:run_prc_populate_company_fk_foa_staging.sql:3: NOTICE:  Processed 0 records successfully in 0 for start_date 2022-08-09 19:00:00 and end_date 2022-08-16 19:00:00
psql:run_prc_populate_company_fk_foa_staging.sql:3: NOTICE:  UpdatedRecords=0
psql:run_prc_populate_company_fk_foa_staging.sql:3: NOTICE:  Processed 0 records successfully in 0 for start_date 2022-08-16 19:00:00 and end_date 2022-08-23 19:00:00
psql:run_prc_populate_company_fk_foa_staging.sql:3: NOTICE:  UpdatedRecords=0
psql:run_prc_populate_company_fk_foa_staging.sql:3: NOTICE:  Processed 0 records successfully in 0 for start_date 2022-08-23 19:00:00 and end_date 2022-08-30 19:00:00
psql:run_prc_populate_company_fk_foa_staging.sql:3: NOTICE:  UpdatedRecords=0
psql:run_prc_populate_company_fk_foa_staging.sql:3: NOTICE:  Processed 0 records successfully in 0 for start_date 2022-08-30 19:00:00 and end_date 2022-09-06 19:00:00
psql:run_prc_populate_company_fk_foa_staging.sql:3: NOTICE:  UpdatedRecords=0
psql:run_prc_populate_company_fk_foa_staging.sql:3: NOTICE:  Processed 0 records successfully in 0 for start_date 2022-09-06 19:00:00 and end_date 2022-09-13 19:00:00
psql:run_prc_populate_company_fk_foa_staging.sql:3: NOTICE:  UpdatedRecords=0
psql:run_prc_populate_company_fk_foa_staging.sql:3: NOTICE:  Processed 0 records successfully in 0 for start_date 2022-09-13 19:00:00 and end_date 2022-09-20 19:00:00
psql:run_prc_populate_company_fk_foa_staging.sql:3: NOTICE:  UpdatedRecords=0
psql:run_prc_populate_company_fk_foa_staging.sql:3: NOTICE:  Processed 0 records successfully in 0 for start_date 2022-09-20 19:00:00 and end_date 2022-09-27 19:00:00
psql:run_prc_populate_company_fk_foa_staging.sql:3: NOTICE:  UpdatedRecords=0
psql:run_prc_populate_company_fk_foa_staging.sql:3: NOTICE:  Processed 0 records successfully in 0 for start_date 2022-09-27 19:00:00 and end_date 2022-10-04 19:00:00
psql:run_prc_populate_company_fk_foa_staging.sql:3: NOTICE:  UpdatedRecords=121
psql:run_prc_populate_company_fk_foa_staging.sql:3: NOTICE:  Processed 121 records successfully in 0 for start_date 2022-10-04 19:00:00 and end_date 2022-10-11 19:00:00
psql:run_prc_populate_company_fk_foa_staging.sql:3: NOTICE:  UpdatedRecords=0
psql:run_prc_populate_company_fk_foa_staging.sql:3: NOTICE:  Processed 0 records successfully in 0 for start_date 2022-10-04 19:00:00 and end_date 2022-10-11 19:00:00
psql:run_prc_populate_company_fk_foa_staging.sql:3: NOTICE:  UpdatedRecords=0
psql:run_prc_populate_company_fk_foa_staging.sql:3: NOTICE:  Processed 0 records successfully in 0 for start_date 2022-10-11 19:00:00 and end_date 2022-10-18 19:00:00
psql:run_prc_populate_company_fk_foa_staging.sql:3: NOTICE:  UpdatedRecords=0
psql:run_prc_populate_company_fk_foa_staging.sql:3: NOTICE:  Processed 0 records successfully in 0 for start_date 2022-10-18 19:00:00 and end_date 2022-10-25 19:00:00
psql:run_prc_populate_company_fk_foa_staging.sql:3: NOTICE:  UpdatedRecords=0
psql:run_prc_populate_company_fk_foa_staging.sql:3: NOTICE:  Processed 0 records successfully in 0 for start_date 2022-10-25 19:00:00 and end_date 2022-11-01 19:00:00
psql:run_prc_populate_company_fk_foa_staging.sql:3: NOTICE:  UpdatedRecords=0
psql:run_prc_populate_company_fk_foa_staging.sql:3: NOTICE:  Processed 0 records successfully in 0 for start_date 2022-11-01 19:00:00 and end_date 2022-11-08 19:00:00
psql:run_prc_populate_company_fk_foa_staging.sql:3: NOTICE:  UpdatedRecords=0
psql:run_prc_populate_company_fk_foa_staging.sql:3: NOTICE:  Processed 0 records successfully in 0 for start_date 2022-11-08 19:00:00 and end_date 2022-11-15 19:00:00
psql:run_prc_populate_company_fk_foa_staging.sql:3: NOTICE:  UpdatedRecords=0
psql:run_prc_populate_company_fk_foa_staging.sql:3: NOTICE:  Processed 0 records successfully in 0 for start_date 2022-11-15 19:00:00 and end_date 2022-11-22 19:00:00
psql:run_prc_populate_company_fk_foa_staging.sql:3: NOTICE:  UpdatedRecords=0
psql:run_prc_populate_company_fk_foa_staging.sql:3: NOTICE:  Processed 0 records successfully in 0 for start_date 2022-11-22 19:00:00 and end_date 2022-11-29 19:00:00
psql:run_prc_populate_company_fk_foa_staging.sql:3: NOTICE:  UpdatedRecords=0
psql:run_prc_populate_company_fk_foa_staging.sql:3: NOTICE:  Processed 0 records successfully in 0 for start_date 2022-11-29 19:00:00 and end_date 2022-12-06 19:00:00
psql:run_prc_populate_company_fk_foa_staging.sql:3: NOTICE:  UpdatedRecords=0
psql:run_prc_populate_company_fk_foa_staging.sql:3: NOTICE:  Processed 0 records successfully in 0 for start_date 2022-12-06 19:00:00 and end_date 2022-12-13 19:00:00
psql:run_prc_populate_company_fk_foa_staging.sql:3: NOTICE:  UpdatedRecords=0
psql:run_prc_populate_company_fk_foa_staging.sql:3: NOTICE:  Processed 0 records successfully in 0 for start_date 2022-12-13 19:00:00 and end_date 2022-12-20 19:00:00
psql:run_prc_populate_company_fk_foa_staging.sql:3: NOTICE:  UpdatedRecords=0
psql:run_prc_populate_company_fk_foa_staging.sql:3: NOTICE:  Processed 0 records successfully in 0 for start_date 2022-12-20 19:00:00 and end_date 2022-12-27 19:00:00
psql:run_prc_populate_company_fk_foa_staging.sql:3: NOTICE:  UpdatedRecords=0
psql:run_prc_populate_company_fk_foa_staging.sql:3: NOTICE:  Processed 0 records successfully in 0 for start_date 2022-12-27 19:00:00 and end_date 2023-01-03 19:00:00
psql:run_prc_populate_company_fk_foa_staging.sql:3: NOTICE:  UpdatedRecords=0
psql:run_prc_populate_company_fk_foa_staging.sql:3: NOTICE:  Processed 0 records successfully in 0 for start_date 2023-01-03 19:00:00 and end_date 2023-01-10 19:00:00
psql:run_prc_populate_company_fk_foa_staging.sql:3: NOTICE:  UpdatedRecords=0
psql:run_prc_populate_company_fk_foa_staging.sql:3: NOTICE:  Processed 0 records successfully in 0 for start_date 2023-01-10 19:00:00 and end_date 2023-01-17 19:00:00
psql:run_prc_populate_company_fk_foa_staging.sql:3: NOTICE:  UpdatedRecords=0
psql:run_prc_populate_company_fk_foa_staging.sql:3: NOTICE:  Processed 0 records successfully in 0 for start_date 2023-01-17 19:00:00 and end_date 2023-01-24 19:00:00
psql:run_prc_populate_company_fk_foa_staging.sql:3: NOTICE:  UpdatedRecords=0
psql:run_prc_populate_company_fk_foa_staging.sql:3: NOTICE:  Processed 0 records successfully in 0 for start_date 2023-01-24 19:00:00 and end_date 2023-01-31 19:00:00
psql:run_prc_populate_company_fk_foa_staging.sql:3: NOTICE:  UpdatedRecords=0
psql:run_prc_populate_company_fk_foa_staging.sql:3: NOTICE:  Processed 0 records successfully in 0 for start_date 2023-01-31 19:00:00 and end_date 2023-02-07 19:00:00
psql:run_prc_populate_company_fk_foa_staging.sql:3: NOTICE:  UpdatedRecords=0
psql:run_prc_populate_company_fk_foa_staging.sql:3: NOTICE:  Processed 0 records successfully in 0 for start_date 2023-02-07 19:00:00 and end_date 2023-02-14 19:00:00
psql:run_prc_populate_company_fk_foa_staging.sql:3: NOTICE:  UpdatedRecords=0
psql:run_prc_populate_company_fk_foa_staging.sql:3: NOTICE:  Processed 0 records successfully in 0 for start_date 2023-02-14 19:00:00 and end_date 2023-02-21 19:00:00
psql:run_prc_populate_company_fk_foa_staging.sql:3: NOTICE:  UpdatedRecords=0
psql:run_prc_populate_company_fk_foa_staging.sql:3: NOTICE:  Processed 0 records successfully in 0 for start_date 2023-02-21 19:00:00 and end_date 2023-02-28 19:00:00
psql:run_prc_populate_company_fk_foa_staging.sql:3: NOTICE:  UpdatedRecords=0
psql:run_prc_populate_company_fk_foa_staging.sql:3: NOTICE:  Processed 0 records successfully in 0 for start_date 2023-02-28 19:00:00 and end_date 2023-03-07 19:00:00
psql:run_prc_populate_company_fk_foa_staging.sql:3: NOTICE:  UpdatedRecords=0
psql:run_prc_populate_company_fk_foa_staging.sql:3: NOTICE:  Processed 0 records successfully in 0 for start_date 2023-03-07 19:00:00 and end_date 2023-03-14 19:00:00
psql:run_prc_populate_company_fk_foa_staging.sql:3: NOTICE:  UpdatedRecords=0
psql:run_prc_populate_company_fk_foa_staging.sql:3: NOTICE:  Processed 0 records successfully in 0 for start_date 2023-03-14 19:00:00 and end_date 2023-03-21 19:00:00
psql:run_prc_populate_company_fk_foa_staging.sql:3: NOTICE:  UpdatedRecords=0
psql:run_prc_populate_company_fk_foa_staging.sql:3: NOTICE:  Processed 0 records successfully in 0 for start_date 2023-03-21 19:00:00 and end_date 2023-03-28 19:00:00
psql:run_prc_populate_company_fk_foa_staging.sql:3: NOTICE:  UpdatedRecords=0
psql:run_prc_populate_company_fk_foa_staging.sql:3: NOTICE:  Processed 0 records successfully in 0 for start_date 2023-03-28 19:00:00 and end_date 2023-04-04 19:00:00
psql:run_prc_populate_company_fk_foa_staging.sql:3: NOTICE:  UpdatedRecords=0
psql:run_prc_populate_company_fk_foa_staging.sql:3: NOTICE:  Processed 0 records successfully in 0 for start_date 2023-04-04 19:00:00 and end_date 2023-04-11 19:00:00
psql:run_prc_populate_company_fk_foa_staging.sql:3: NOTICE:  UpdatedRecords=0
psql:run_prc_populate_company_fk_foa_staging.sql:3: NOTICE:  Processed 0 records successfully in 0 for start_date 2023-04-11 19:00:00 and end_date 2023-04-18 19:00:00
psql:run_prc_populate_company_fk_foa_staging.sql:3: NOTICE:  UpdatedRecords=0
psql:run_prc_populate_company_fk_foa_staging.sql:3: NOTICE:  Processed 0 records successfully in 0 for start_date 2023-04-18 19:00:00 and end_date 2023-04-25 19:00:00
psql:run_prc_populate_company_fk_foa_staging.sql:3: NOTICE:  UpdatedRecords=0
psql:run_prc_populate_company_fk_foa_staging.sql:3: NOTICE:  Processed 0 records successfully in 0 for start_date 2023-04-25 19:00:00 and end_date 2023-05-02 19:00:00
psql:run_prc_populate_company_fk_foa_staging.sql:3: NOTICE:  UpdatedRecords=36
psql:run_prc_populate_company_fk_foa_staging.sql:3: NOTICE:  Processed 36 records successfully in 0 for start_date 2023-05-02 19:00:00 and end_date 2023-05-09 19:00:00
psql:run_prc_populate_company_fk_foa_staging.sql:3: NOTICE:  UpdatedRecords=0
psql:run_prc_populate_company_fk_foa_staging.sql:3: NOTICE:  Processed 0 records successfully in 0 for start_date 2023-05-02 19:00:00 and end_date 2023-05-09 19:00:00
psql:run_prc_populate_company_fk_foa_staging.sql:3: NOTICE:  UpdatedRecords=0
psql:run_prc_populate_company_fk_foa_staging.sql:3: NOTICE:  Processed 0 records successfully in 0 for start_date 2023-05-09 19:00:00 and end_date 2023-05-16 19:00:00
psql:run_prc_populate_company_fk_foa_staging.sql:3: NOTICE:  UpdatedRecords=0
psql:run_prc_populate_company_fk_foa_staging.sql:3: NOTICE:  Processed 0 records successfully in 0 for start_date 2023-05-16 19:00:00 and end_date 2023-05-23 19:00:00
psql:run_prc_populate_company_fk_foa_staging.sql:3: NOTICE:  UpdatedRecords=0
psql:run_prc_populate_company_fk_foa_staging.sql:3: NOTICE:  Processed 0 records successfully in 0 for start_date 2023-05-23 19:00:00 and end_date 2023-05-30 19:00:00
psql:run_prc_populate_company_fk_foa_staging.sql:3: NOTICE:  UpdatedRecords=28
psql:run_prc_populate_company_fk_foa_staging.sql:3: NOTICE:  Processed 28 records successfully in 0 for start_date 2023-05-30 19:00:00 and end_date 2023-06-06 19:00:00
psql:run_prc_populate_company_fk_foa_staging.sql:3: NOTICE:  UpdatedRecords=0
psql:run_prc_populate_company_fk_foa_staging.sql:3: NOTICE:  Processed 0 records successfully in 0 for start_date 2023-05-30 19:00:00 and end_date 2023-06-06 19:00:00
psql:run_prc_populate_company_fk_foa_staging.sql:3: NOTICE:  UpdatedRecords=44
psql:run_prc_populate_company_fk_foa_staging.sql:3: NOTICE:  Processed 44 records successfully in 0 for start_date 2023-06-06 19:00:00 and end_date 2023-06-13 19:00:00
psql:run_prc_populate_company_fk_foa_staging.sql:3: NOTICE:  UpdatedRecords=0
psql:run_prc_populate_company_fk_foa_staging.sql:3: NOTICE:  Processed 0 records successfully in 0 for start_date 2023-06-06 19:00:00 and end_date 2023-06-13 19:00:00
psql:run_prc_populate_company_fk_foa_staging.sql:3: NOTICE:  UpdatedRecords=286
psql:run_prc_populate_company_fk_foa_staging.sql:3: NOTICE:  Processed 286 records successfully in 0 for start_date 2023-06-13 19:00:00 and end_date 2023-06-20 19:00:00
psql:run_prc_populate_company_fk_foa_staging.sql:3: NOTICE:  UpdatedRecords=0
psql:run_prc_populate_company_fk_foa_staging.sql:3: NOTICE:  Processed 0 records successfully in 0 for start_date 2023-06-13 19:00:00 and end_date 2023-06-20 19:00:00
psql:run_prc_populate_company_fk_foa_staging.sql:3: NOTICE:  UpdatedRecords=0
psql:run_prc_populate_company_fk_foa_staging.sql:3: NOTICE:  Processed 0 records successfully in 0 for start_date 2023-06-20 19:00:00 and end_date 2023-06-27 19:00:00
psql:run_prc_populate_company_fk_foa_staging.sql:3: NOTICE:  UpdatedRecords=0
psql:run_prc_populate_company_fk_foa_staging.sql:3: NOTICE:  Processed 0 records successfully in 0 for start_date 2023-06-27 19:00:00 and end_date 2023-07-04 19:00:00
psql:run_prc_populate_company_fk_foa_staging.sql:3: NOTICE:  UpdatedRecords=95
psql:run_prc_populate_company_fk_foa_staging.sql:3: NOTICE:  Processed 95 records successfully in 0 for start_date 2023-07-04 19:00:00 and end_date 2023-07-11 19:00:00
psql:run_prc_populate_company_fk_foa_staging.sql:3: NOTICE:  UpdatedRecords=0
psql:run_prc_populate_company_fk_foa_staging.sql:3: NOTICE:  Processed 0 records successfully in 0 for start_date 2023-07-04 19:00:00 and end_date 2023-07-11 19:00:00
psql:run_prc_populate_company_fk_foa_staging.sql:3: NOTICE:  UpdatedRecords=0
psql:run_prc_populate_company_fk_foa_staging.sql:3: NOTICE:  Processed 0 records successfully in 0 for start_date 2023-07-11 19:00:00 and end_date 2023-07-18 19:00:00
psql:run_prc_populate_company_fk_foa_staging.sql:3: NOTICE:  UpdatedRecords=0
psql:run_prc_populate_company_fk_foa_staging.sql:3: NOTICE:  Processed 0 records successfully in 0 for start_date 2023-07-18 19:00:00 and end_date 2023-07-25 19:00:00
psql:run_prc_populate_company_fk_foa_staging.sql:3: NOTICE:  UpdatedRecords=0
psql:run_prc_populate_company_fk_foa_staging.sql:3: NOTICE:  Processed 0 records successfully in 0 for start_date 2023-07-25 19:00:00 and end_date 2023-08-01 19:00:00
psql:run_prc_populate_company_fk_foa_staging.sql:3: NOTICE:  UpdatedRecords=0
psql:run_prc_populate_company_fk_foa_staging.sql:3: NOTICE:  Processed 0 records successfully in 0 for start_date 2023-08-01 19:00:00 and end_date 2023-08-08 19:00:00
psql:run_prc_populate_company_fk_foa_staging.sql:3: NOTICE:  UpdatedRecords=0
psql:run_prc_populate_company_fk_foa_staging.sql:3: NOTICE:  Processed 0 records successfully in 0 for start_date 2023-08-08 19:00:00 and end_date 2023-08-15 19:00:00
psql:run_prc_populate_company_fk_foa_staging.sql:3: NOTICE:  UpdatedRecords=0
psql:run_prc_populate_company_fk_foa_staging.sql:3: NOTICE:  Processed 0 records successfully in 0 for start_date 2023-08-15 19:00:00 and end_date 2023-08-22 19:00:00
psql:run_prc_populate_company_fk_foa_staging.sql:3: NOTICE:  UpdatedRecords=0
psql:run_prc_populate_company_fk_foa_staging.sql:3: NOTICE:  Processed 0 records successfully in 0 for start_date 2023-08-22 19:00:00 and end_date 2023-08-29 19:00:00
psql:run_prc_populate_company_fk_foa_staging.sql:3: NOTICE:  UpdatedRecords=0
psql:run_prc_populate_company_fk_foa_staging.sql:3: NOTICE:  Processed 0 records successfully in 0 for start_date 2023-08-29 19:00:00 and end_date 2023-09-05 19:00:00
psql:run_prc_populate_company_fk_foa_staging.sql:3: NOTICE:  UpdatedRecords=0
psql:run_prc_populate_company_fk_foa_staging.sql:3: NOTICE:  Processed 0 records successfully in 0 for start_date 2023-09-05 19:00:00 and end_date 2023-09-12 19:00:00
psql:run_prc_populate_company_fk_foa_staging.sql:3: NOTICE:  UpdatedRecords=0
psql:run_prc_populate_company_fk_foa_staging.sql:3: NOTICE:  Processed 0 records successfully in 0 for start_date 2023-09-12 19:00:00 and end_date 2023-09-19 19:00:00
psql:run_prc_populate_company_fk_foa_staging.sql:3: NOTICE:  UpdatedRecords=4
psql:run_prc_populate_company_fk_foa_staging.sql:3: NOTICE:  Processed 4 records successfully in 0 for start_date 2023-09-19 19:00:00 and end_date 2023-09-26 19:00:00
psql:run_prc_populate_company_fk_foa_staging.sql:3: NOTICE:  UpdatedRecords=0
psql:run_prc_populate_company_fk_foa_staging.sql:3: NOTICE:  Processed 0 records successfully in 0 for start_date 2023-09-19 19:00:00 and end_date 2023-09-26 19:00:00
psql:run_prc_populate_company_fk_foa_staging.sql:3: NOTICE:  UpdatedRecords=0
psql:run_prc_populate_company_fk_foa_staging.sql:3: NOTICE:  Processed 0 records successfully in 0 for start_date 2023-09-26 19:00:00 and end_date 2023-10-03 19:00:00
psql:run_prc_populate_company_fk_foa_staging.sql:3: NOTICE:  UpdatedRecords=47
psql:run_prc_populate_company_fk_foa_staging.sql:3: NOTICE:  Processed 47 records successfully in 0 for start_date 2023-10-03 19:00:00 and end_date 2023-10-10 19:00:00
psql:run_prc_populate_company_fk_foa_staging.sql:3: NOTICE:  UpdatedRecords=0
psql:run_prc_populate_company_fk_foa_staging.sql:3: NOTICE:  Processed 0 records successfully in 0 for start_date 2023-10-03 19:00:00 and end_date 2023-10-10 19:00:00
psql:run_prc_populate_company_fk_foa_staging.sql:3: NOTICE:  UpdatedRecords=0
psql:run_prc_populate_company_fk_foa_staging.sql:3: NOTICE:  Processed 0 records successfully in 0 for start_date 2023-10-10 19:00:00 and end_date 2023-10-17 19:00:00
psql:run_prc_populate_company_fk_foa_staging.sql:3: NOTICE:  UpdatedRecords=0
psql:run_prc_populate_company_fk_foa_staging.sql:3: NOTICE:  Processed 0 records successfully in 0 for start_date 2023-10-17 19:00:00 and end_date 2023-10-24 19:00:00
psql:run_prc_populate_company_fk_foa_staging.sql:3: NOTICE:  UpdatedRecords=0
psql:run_prc_populate_company_fk_foa_staging.sql:3: NOTICE:  Processed 0 records successfully in 0 for start_date 2023-10-24 19:00:00 and end_date 2023-10-31 19:00:00
psql:run_prc_populate_company_fk_foa_staging.sql:3: NOTICE:  UpdatedRecords=44
psql:run_prc_populate_company_fk_foa_staging.sql:3: NOTICE:  Processed 44 records successfully in 0 for start_date 2023-10-31 19:00:00 and end_date 2023-11-07 19:00:00
psql:run_prc_populate_company_fk_foa_staging.sql:3: NOTICE:  UpdatedRecords=0
psql:run_prc_populate_company_fk_foa_staging.sql:3: NOTICE:  Processed 0 records successfully in 0 for start_date 2023-10-31 19:00:00 and end_date 2023-11-07 19:00:00
psql:run_prc_populate_company_fk_foa_staging.sql:3: NOTICE:  UpdatedRecords=0
psql:run_prc_populate_company_fk_foa_staging.sql:3: NOTICE:  Processed 0 records successfully in 0 for start_date 2023-11-07 19:00:00 and end_date 2023-11-14 19:00:00
psql:run_prc_populate_company_fk_foa_staging.sql:3: NOTICE:  UpdatedRecords=0
psql:run_prc_populate_company_fk_foa_staging.sql:3: NOTICE:  Processed 0 records successfully in 0 for start_date 2023-11-14 19:00:00 and end_date 2023-11-21 19:00:00
psql:run_prc_populate_company_fk_foa_staging.sql:3: NOTICE:  UpdatedRecords=0
psql:run_prc_populate_company_fk_foa_staging.sql:3: NOTICE:  Processed 0 records successfully in 0 for start_date 2023-11-21 19:00:00 and end_date 2023-11-28 19:00:00
psql:run_prc_populate_company_fk_foa_staging.sql:3: NOTICE:  UpdatedRecords=0
psql:run_prc_populate_company_fk_foa_staging.sql:3: NOTICE:  Processed 0 records successfully in 0 for start_date 2023-11-28 19:00:00 and end_date 2023-12-05 19:00:00
psql:run_prc_populate_company_fk_foa_staging.sql:3: NOTICE:  UpdatedRecords=204
psql:run_prc_populate_company_fk_foa_staging.sql:3: NOTICE:  Processed 204 records successfully in 0 for start_date 2023-12-05 19:00:00 and end_date 2023-12-12 19:00:00
psql:run_prc_populate_company_fk_foa_staging.sql:3: NOTICE:  UpdatedRecords=0
psql:run_prc_populate_company_fk_foa_staging.sql:3: NOTICE:  Processed 0 records successfully in 0 for start_date 2023-12-05 19:00:00 and end_date 2023-12-12 19:00:00
psql:run_prc_populate_company_fk_foa_staging.sql:3: NOTICE:  UpdatedRecords=0
psql:run_prc_populate_company_fk_foa_staging.sql:3: NOTICE:  Processed 0 records successfully in 0 for start_date 2023-12-12 19:00:00 and end_date 2023-12-19 19:00:00
psql:run_prc_populate_company_fk_foa_staging.sql:3: NOTICE:  UpdatedRecords=0
psql:run_prc_populate_company_fk_foa_staging.sql:3: NOTICE:  Processed 0 records successfully in 0 for start_date 2023-12-19 19:00:00 and end_date 2023-12-26 19:00:00
psql:run_prc_populate_company_fk_foa_staging.sql:3: NOTICE:  UpdatedRecords=0
psql:run_prc_populate_company_fk_foa_staging.sql:3: NOTICE:  Processed 0 records successfully in 0 for start_date 2023-12-26 19:00:00 and end_date 2024-01-02 19:00:00
psql:run_prc_populate_company_fk_foa_staging.sql:3: NOTICE:  UpdatedRecords=0
psql:run_prc_populate_company_fk_foa_staging.sql:3: NOTICE:  Processed 0 records successfully in 0 for start_date 2024-01-02 19:00:00 and end_date 2024-01-09 19:00:00
psql:run_prc_populate_company_fk_foa_staging.sql:3: NOTICE:  UpdatedRecords=29
psql:run_prc_populate_company_fk_foa_staging.sql:3: NOTICE:  Processed 29 records successfully in 0 for start_date 2024-01-09 19:00:00 and end_date 2024-01-16 19:00:00
psql:run_prc_populate_company_fk_foa_staging.sql:3: NOTICE:  UpdatedRecords=0
psql:run_prc_populate_company_fk_foa_staging.sql:3: NOTICE:  Processed 0 records successfully in 0 for start_date 2024-01-09 19:00:00 and end_date 2024-01-16 19:00:00
psql:run_prc_populate_company_fk_foa_staging.sql:3: NOTICE:  UpdatedRecords=0
psql:run_prc_populate_company_fk_foa_staging.sql:3: NOTICE:  Processed 0 records successfully in 0 for start_date 2024-01-16 19:00:00 and end_date 2024-01-23 19:00:00
psql:run_prc_populate_company_fk_foa_staging.sql:3: NOTICE:  UpdatedRecords=0
psql:run_prc_populate_company_fk_foa_staging.sql:3: NOTICE:  Processed 0 records successfully in 0 for start_date 2024-01-23 19:00:00 and end_date 2024-01-30 19:00:00
psql:run_prc_populate_company_fk_foa_staging.sql:3: NOTICE:  UpdatedRecords=0
psql:run_prc_populate_company_fk_foa_staging.sql:3: NOTICE:  Processed 0 records successfully in 0 for start_date 2024-01-30 19:00:00 and end_date 2024-02-06 19:00:00
psql:run_prc_populate_company_fk_foa_staging.sql:3: NOTICE:  UpdatedRecords=0
psql:run_prc_populate_company_fk_foa_staging.sql:3: NOTICE:  Processed 0 records successfully in 0 for start_date 2024-02-06 19:00:00 and end_date 2024-02-13 19:00:00
psql:run_prc_populate_company_fk_foa_staging.sql:3: NOTICE:  UpdatedRecords=0
psql:run_prc_populate_company_fk_foa_staging.sql:3: NOTICE:  Processed 0 records successfully in 0 for start_date 2024-02-13 19:00:00 and end_date 2024-02-20 19:00:00
psql:run_prc_populate_company_fk_foa_staging.sql:3: NOTICE:  UpdatedRecords=0
psql:run_prc_populate_company_fk_foa_staging.sql:3: NOTICE:  Processed 0 records successfully in 0 for start_date 2024-02-20 19:00:00 and end_date 2024-02-27 19:00:00
psql:run_prc_populate_company_fk_foa_staging.sql:3: NOTICE:  UpdatedRecords=0
psql:run_prc_populate_company_fk_foa_staging.sql:3: NOTICE:  Processed 0 records successfully in 0 for start_date 2024-02-27 19:00:00 and end_date 2024-03-05 19:00:00
psql:run_prc_populate_company_fk_foa_staging.sql:3: NOTICE:  UpdatedRecords=105
psql:run_prc_populate_company_fk_foa_staging.sql:3: NOTICE:  Processed 105 records successfully in 0 for start_date 2024-03-05 19:00:00 and end_date 2024-03-12 19:00:00
psql:run_prc_populate_company_fk_foa_staging.sql:3: NOTICE:  UpdatedRecords=0
psql:run_prc_populate_company_fk_foa_staging.sql:3: NOTICE:  Processed 0 records successfully in 0 for start_date 2024-03-05 19:00:00 and end_date 2024-03-12 19:00:00
psql:run_prc_populate_company_fk_foa_staging.sql:3: NOTICE:  UpdatedRecords=0
psql:run_prc_populate_company_fk_foa_staging.sql:3: NOTICE:  Processed 0 records successfully in 0 for start_date 2024-03-12 19:00:00 and end_date 2024-03-19 19:00:00
psql:run_prc_populate_company_fk_foa_staging.sql:3: NOTICE:  UpdatedRecords=0
psql:run_prc_populate_company_fk_foa_staging.sql:3: NOTICE:  Processed 0 records successfully in 0 for start_date 2024-03-19 19:00:00 and end_date 2024-03-26 19:00:00
psql:run_prc_populate_company_fk_foa_staging.sql:3: NOTICE:  UpdatedRecords=0
psql:run_prc_populate_company_fk_foa_staging.sql:3: NOTICE:  Processed 0 records successfully in 0 for start_date 2024-03-26 19:00:00 and end_date 2024-04-02 19:00:00
psql:run_prc_populate_company_fk_foa_staging.sql:3: NOTICE:  UpdatedRecords=54
psql:run_prc_populate_company_fk_foa_staging.sql:3: NOTICE:  Processed 54 records successfully in 0 for start_date 2024-04-02 19:00:00 and end_date 2024-04-09 19:00:00
psql:run_prc_populate_company_fk_foa_staging.sql:3: NOTICE:  UpdatedRecords=0
psql:run_prc_populate_company_fk_foa_staging.sql:3: NOTICE:  Processed 0 records successfully in 0 for start_date 2024-04-02 19:00:00 and end_date 2024-04-09 19:00:00
psql:run_prc_populate_company_fk_foa_staging.sql:3: NOTICE:  UpdatedRecords=0
psql:run_prc_populate_company_fk_foa_staging.sql:3: NOTICE:  Processed 0 records successfully in 0 for start_date 2024-04-09 19:00:00 and end_date 2024-04-16 19:00:00
psql:run_prc_populate_company_fk_foa_staging.sql:3: NOTICE:  UpdatedRecords=0
psql:run_prc_populate_company_fk_foa_staging.sql:3: NOTICE:  Processed 0 records successfully in 0 for start_date 2024-04-16 19:00:00 and end_date 2024-04-23 19:00:00
psql:run_prc_populate_company_fk_foa_staging.sql:3: NOTICE:  UpdatedRecords=10
psql:run_prc_populate_company_fk_foa_staging.sql:3: NOTICE:  Processed 10 records successfully in 0 for start_date 2024-04-23 19:00:00 and end_date 2024-04-30 19:00:00
psql:run_prc_populate_company_fk_foa_staging.sql:3: NOTICE:  UpdatedRecords=0
psql:run_prc_populate_company_fk_foa_staging.sql:3: NOTICE:  Processed 0 records successfully in 0 for start_date 2024-04-23 19:00:00 and end_date 2024-04-30 19:00:00
psql:run_prc_populate_company_fk_foa_staging.sql:3: NOTICE:  UpdatedRecords=245
psql:run_prc_populate_company_fk_foa_staging.sql:3: NOTICE:  Processed 245 records successfully in 0 for start_date 2024-04-30 19:00:00 and end_date 2024-05-07 19:00:00
psql:run_prc_populate_company_fk_foa_staging.sql:3: NOTICE:  UpdatedRecords=0
psql:run_prc_populate_company_fk_foa_staging.sql:3: NOTICE:  Processed 0 records successfully in 0 for start_date 2024-04-30 19:00:00 and end_date 2024-05-07 19:00:00
psql:run_prc_populate_company_fk_foa_staging.sql:3: NOTICE:  UpdatedRecords=0
psql:run_prc_populate_company_fk_foa_staging.sql:3: NOTICE:  Processed 0 records successfully in 0 for start_date 2024-05-07 19:00:00 and end_date 2024-05-14 19:00:00
psql:run_prc_populate_company_fk_foa_staging.sql:3: NOTICE:  UpdatedRecords=0
psql:run_prc_populate_company_fk_foa_staging.sql:3: NOTICE:  Processed 0 records successfully in 0 for start_date 2024-05-14 19:00:00 and end_date 2024-05-21 19:00:00
psql:run_prc_populate_company_fk_foa_staging.sql:3: NOTICE:  UpdatedRecords=1
psql:run_prc_populate_company_fk_foa_staging.sql:3: NOTICE:  Processed 1 records successfully in 0 for start_date 2024-05-21 19:00:00 and end_date 2024-05-28 19:00:00
psql:run_prc_populate_company_fk_foa_staging.sql:3: NOTICE:  UpdatedRecords=0
psql:run_prc_populate_company_fk_foa_staging.sql:3: NOTICE:  Processed 0 records successfully in 0 for start_date 2024-05-21 19:00:00 and end_date 2024-05-28 19:00:00
psql:run_prc_populate_company_fk_foa_staging.sql:3: NOTICE:  UpdatedRecords=1
psql:run_prc_populate_company_fk_foa_staging.sql:3: NOTICE:  Processed 1 records successfully in 0 for start_date 2024-05-28 19:00:00 and end_date 2024-06-04 19:00:00
psql:run_prc_populate_company_fk_foa_staging.sql:3: NOTICE:  UpdatedRecords=0
psql:run_prc_populate_company_fk_foa_staging.sql:3: NOTICE:  Processed 0 records successfully in 0 for start_date 2024-05-28 19:00:00 and end_date 2024-06-04 19:00:00
psql:run_prc_populate_company_fk_foa_staging.sql:3: NOTICE:  UpdatedRecords=1644
psql:run_prc_populate_company_fk_foa_staging.sql:3: NOTICE:  Processed 1644 records successfully in 0 for start_date 2024-06-04 19:00:00 and end_date 2024-06-11 19:00:00
psql:run_prc_populate_company_fk_foa_staging.sql:3: NOTICE:  UpdatedRecords=0
psql:run_prc_populate_company_fk_foa_staging.sql:3: NOTICE:  Processed 0 records successfully in 0 for start_date 2024-06-04 19:00:00 and end_date 2024-06-11 19:00:00
psql:run_prc_populate_company_fk_foa_staging.sql:3: NOTICE:  UpdatedRecords=1095
psql:run_prc_populate_company_fk_foa_staging.sql:3: NOTICE:  Processed 1095 records successfully in 0 for start_date 2024-06-11 19:00:00 and end_date 2024-06-18 19:00:00
psql:run_prc_populate_company_fk_foa_staging.sql:3: NOTICE:  UpdatedRecords=0
psql:run_prc_populate_company_fk_foa_staging.sql:3: NOTICE:  Processed 0 records successfully in 0 for start_date 2024-06-11 19:00:00 and end_date 2024-06-18 19:00:00
psql:run_prc_populate_company_fk_foa_staging.sql:3: NOTICE:  UpdatedRecords=1232
psql:run_prc_populate_company_fk_foa_staging.sql:3: NOTICE:  Processed 1232 records successfully in 0 for start_date 2024-06-18 19:00:00 and end_date 2024-06-25 19:00:00
psql:run_prc_populate_company_fk_foa_staging.sql:3: NOTICE:  UpdatedRecords=0
psql:run_prc_populate_company_fk_foa_staging.sql:3: NOTICE:  Processed 0 records successfully in 0 for start_date 2024-06-18 19:00:00 and end_date 2024-06-25 19:00:00
psql:run_prc_populate_company_fk_foa_staging.sql:3: NOTICE:  UpdatedRecords=275
psql:run_prc_populate_company_fk_foa_staging.sql:3: NOTICE:  Processed 275 records successfully in 0 for start_date 2024-06-25 19:00:00 and end_date 2024-07-02 19:00:00
psql:run_prc_populate_company_fk_foa_staging.sql:3: NOTICE:  UpdatedRecords=0
psql:run_prc_populate_company_fk_foa_staging.sql:3: NOTICE:  Processed 0 records successfully in 0 for start_date 2024-06-25 19:00:00 and end_date 2024-07-02 19:00:00
psql:run_prc_populate_company_fk_foa_staging.sql:3: NOTICE:  Total records 5605
CALL
Time: 28733.306 ms (00:28.733)
