Timing is on.
       current_timestamp       
-------------------------------
 2024-04-16 08:46:11.544587-07
(1 row)

Time: 0.376 ms
SELECT 144
Time: 133.198 ms
SELECT 1108983
Time: 57296.167 ms (00:57.296)
SELECT 1852507
Time: 71653.058 ms (01:11.653)
SELECT 930873
Time: 121494.443 ms (02:01.494)
SELECT 377720
Time: 27586.790 ms (00:27.587)
SELECT 99814
Time: 19797.359 ms (00:19.797)
SELECT 885567
Time: 73659.344 ms (01:13.659)
SELECT 77884
Time: 1142.093 ms (00:01.142)
SELECT 1288394
Time: 36143.834 ms (00:36.144)
SELECT 3318
Time: 1378.680 ms (00:01.379)
SELECT 222
Time: 103.938 ms
SELECT 735970
Time: 63480.353 ms (01:03.480)
SELECT 1
Time: 5294.993 ms (00:05.295)
      current_timestamp       
------------------------------
 2024-04-16 08:54:10.71307-07
(1 row)

Time: 0.302 ms
