region=us-west-2
db_name=ppd-db-admin-uw2
Find the cloudformation stacks. Please wait
stack_id=arn:aws:cloudformation:us-west-2:152430470825:stack/psp-ppd-db-admin-uw2/b9b5adf0-94f3-11ef-9ffb-022ed6cb8139
old_ami=ami-0737e0c001adec65b
new_ami=ami-0d782ee7929fa672d
{
    "StackId": "arn:aws:cloudformation:us-west-2:152430470825:stack/psp-ppd-db-admin-uw2/b9b5adf0-94f3-11ef-9ffb-022ed6cb8139"
}
Terminate existing instance (instance_id=i-096e3028044647eeb)
{
    "TerminatingInstances": [
        {
            "InstanceId": "i-096e3028044647eeb", 
            "CurrentState": {
                "Code": 32, 
                "Name": "shutting-down"
            }, 
            "PreviousState": {
                "Code": 16, 
                "Name": "running"
            }
        }
    ]
}
