region=us-west-2
db_name=ppd-db-admin-uw2
Find the cloudformation stacks. Please wait
stack_id=arn:aws:cloudformation:us-west-2:152430470825:stack/psp-ppd-db-admin-uw2/b9b5adf0-94f3-11ef-9ffb-022ed6cb8139
old_ami=ami-0c386a586df9acf73
new_ami=ami-093784c1562a867ea
{
    "StackId": "arn:aws:cloudformation:us-west-2:152430470825:stack/psp-ppd-db-admin-uw2/b9b5adf0-94f3-11ef-9ffb-022ed6cb8139"
}
Terminate existing instance (instance_id=i-00ae8a5b1678071b3)
{
    "TerminatingInstances": [
        {
            "InstanceId": "i-00ae8a5b1678071b3", 
            "CurrentState": {
                "Code": 32, 
                "Name": "shutting-down"
            }, 
            "PreviousState": {
                "Code": 16, 
                "Name": "running"
            }
        }
    ]
}
