region=us-west-2
db_name=ppd-db-admin-uw2
Find the cloudformation stacks. Please wait
stack_id=arn:aws:cloudformation:us-west-2:152430470825:stack/psp-ppd-db-admin-uw2/b9b5adf0-94f3-11ef-9ffb-022ed6cb8139
old_ami=ami-0392cf7ce24409bc7
new_ami=ami-0c62b7da287e1b5fa
{
    "StackId": "arn:aws:cloudformation:us-west-2:152430470825:stack/psp-ppd-db-admin-uw2/b9b5adf0-94f3-11ef-9ffb-022ed6cb8139"
}
Terminate existing instance (instance_id=i-0ba8a7280dc697ef0)
{
    "TerminatingInstances": [
        {
            "InstanceId": "i-0ba8a7280dc697ef0", 
            "CurrentState": {
                "Code": 32, 
                "Name": "shutting-down"
            }, 
            "PreviousState": {
                "Code": 16, 
                "Name": "running"
            }
        }
    ]
}
