23:08:28 SQL> select /*+ FULL(GG_HEARTBEAT) parallel(GG_HEARTBEAT ,4) */count(*) from pspadm.GG_HEARTBEAT GG_HEARTBEAT ;

  COUNT(*)                                                                      
----------                                                                      
         3                                                                      

1 row selected.

Elapsed: 00:00:00.13
23:08:28 SQL> select /*+ FULL(PSP_ACCOUNTING_REPORT_FILE) parallel(PSP_ACCOUNTING_REPORT_FILE ,4) */count(*) from pspadm.PSP_ACCOUNTING_REPORT_FILE PSP_ACCOUNTING_REPORT_FILE ;

  COUNT(*)                                                                      
----------                                                                      
     11213                                                                      

1 row selected.

Elapsed: 00:00:00.57
23:08:28 SQL> select /*+ FULL(PSP_ACHENROLLMENT) parallel(PSP_ACHENROLLMENT ,4) */count(*) from pspadm.PSP_ACHENROLLMENT PSP_ACHENROLLMENT ;

  COUNT(*)                                                                      
----------                                                                      
     19501                                                                      

1 row selected.

Elapsed: 00:00:01.06
23:08:29 SQL> select /*+ FULL(PSP_ACHENROLLMENT_DETAIL) parallel(PSP_ACHENROLLMENT_DETAIL ,4) */count(*) from pspadm.PSP_ACHENROLLMENT_DETAIL PSP_ACHENROLLMENT_DETAIL ;

  COUNT(*)                                                                      
----------                                                                      
      5477                                                                      

1 row selected.

Elapsed: 00:00:00.69
23:08:30 SQL> select /*+ FULL(PSP_ACHENROLLMENT_FILE) parallel(PSP_ACHENROLLMENT_FILE ,4) */count(*) from pspadm.PSP_ACHENROLLMENT_FILE PSP_ACHENROLLMENT_FILE ;

  COUNT(*)                                                                      
----------                                                                      
        87                                                                      

1 row selected.

Elapsed: 00:00:00.13
23:08:30 SQL> select /*+ FULL(PSP_ACH_TRANSACTION_CODE) parallel(PSP_ACH_TRANSACTION_CODE ,4) */count(*) from pspadm.PSP_ACH_TRANSACTION_CODE PSP_ACH_TRANSACTION_CODE ;

  COUNT(*)                                                                      
----------                                                                      
        16                                                                      

1 row selected.

Elapsed: 00:00:00.20
23:08:30 SQL> select /*+ FULL(PSP_ACTION_EVENT) parallel(PSP_ACTION_EVENT ,4) */count(*) from pspadm.PSP_ACTION_EVENT PSP_ACTION_EVENT ;

  COUNT(*)                                                                      
----------                                                                      
        31                                                                      

1 row selected.

Elapsed: 00:00:00.00
23:08:30 SQL> select /*+ FULL(PSP_ADDITIONAL_FILING_AMOUNT) parallel(PSP_ADDITIONAL_FILING_AMOUNT ,4) */count(*) from pspadm.PSP_ADDITIONAL_FILING_AMOUNT PSP_ADDITIONAL_FILING_AMOUNT ;

  COUNT(*)                                                                      
----------                                                                      
        24                                                                      

1 row selected.

Elapsed: 00:00:00.01
23:08:30 SQL> select /*+ FULL(PSP_ADDRESS) parallel(PSP_ADDRESS ,4) */count(*) from pspadm.PSP_ADDRESS PSP_ADDRESS ;

  COUNT(*)                                                                      
----------                                                                      
 115664049                                                                      

1 row selected.

Elapsed: 00:11:36.23
23:20:07 SQL> select /*+ FULL(PSP_ADE_LAW_MAP) parallel(PSP_ADE_LAW_MAP ,4) */count(*) from pspadm.PSP_ADE_LAW_MAP PSP_ADE_LAW_MAP ;

  COUNT(*)                                                                      
----------                                                                      
        59                                                                      

1 row selected.

Elapsed: 00:00:00.16
23:20:07 SQL> select /*+ FULL(PSP_AGENCY) parallel(PSP_AGENCY ,4) */count(*) from pspadm.PSP_AGENCY PSP_AGENCY ;

  COUNT(*)                                                                      
----------                                                                      
        97                                                                      

1 row selected.

Elapsed: 00:00:00.90
23:20:08 SQL> select /*+ FULL(PSP_AGENCY_CHECK_BATCH) parallel(PSP_AGENCY_CHECK_BATCH ,4) */count(*) from pspadm.PSP_AGENCY_CHECK_BATCH PSP_AGENCY_CHECK_BATCH ;

  COUNT(*)                                                                      
----------                                                                      
     19857                                                                      

1 row selected.

Elapsed: 00:00:02.11
23:20:10 SQL> select /*+ FULL(PSP_AGENCY_ID_REQUIREMENT) parallel(PSP_AGENCY_ID_REQUIREMENT ,4) */count(*) from pspadm.PSP_AGENCY_ID_REQUIREMENT PSP_AGENCY_ID_REQUIREMENT ;

  COUNT(*)                                                                      
----------                                                                      
        97                                                                      

1 row selected.

Elapsed: 00:00:00.95
23:20:11 SQL> select /*+ FULL(PSP_AGENCY_RATE_REQUEST) parallel(PSP_AGENCY_RATE_REQUEST ,4) */count(*) from pspadm.PSP_AGENCY_RATE_REQUEST PSP_AGENCY_RATE_REQUEST ;

  COUNT(*)                                                                      
----------                                                                      
       595                                                                      

1 row selected.

Elapsed: 00:00:00.30
23:20:11 SQL> select /*+ FULL(PSP_ANNUAL_BILLING_BATCH) parallel(PSP_ANNUAL_BILLING_BATCH ,4) */count(*) from pspadm.PSP_ANNUAL_BILLING_BATCH PSP_ANNUAL_BILLING_BATCH ;

  COUNT(*)                                                                      
----------                                                                      
        11                                                                      

1 row selected.

Elapsed: 00:00:00.86
23:20:12 SQL> select /*+ FULL(PSP_ANNUAL_BILLING_ITEM) parallel(PSP_ANNUAL_BILLING_ITEM ,4) */count(*) from pspadm.PSP_ANNUAL_BILLING_ITEM PSP_ANNUAL_BILLING_ITEM ;

  COUNT(*)                                                                      
----------                                                                      
    438770                                                                      

1 row selected.

Elapsed: 00:00:10.26
23:20:22 SQL> select /*+ FULL(PSP_APPLIED_DATABASE_PATCH) parallel(PSP_APPLIED_DATABASE_PATCH ,4) */count(*) from pspadm.PSP_APPLIED_DATABASE_PATCH PSP_APPLIED_DATABASE_PATCH ;

  COUNT(*)                                                                      
----------                                                                      
       639                                                                      

1 row selected.

Elapsed: 00:00:00.89
23:20:23 SQL> select /*+ FULL(PSP_ASSISTED_BUNDLE_BILL) parallel(PSP_ASSISTED_BUNDLE_BILL ,4) */count(*) from pspadm.PSP_ASSISTED_BUNDLE_BILL PSP_ASSISTED_BUNDLE_BILL ;

  COUNT(*)                                                                      
----------                                                                      
     40378                                                                      

1 row selected.

Elapsed: 00:00:05.82
23:20:29 SQL> select /*+ FULL(PSP_ASST_BUNDLE_BILL_DETAIL) parallel(PSP_ASST_BUNDLE_BILL_DETAIL ,4) */count(*) from pspadm.PSP_ASST_BUNDLE_BILL_DETAIL PSP_ASST_BUNDLE_BILL_DETAIL ;

  COUNT(*)                                                                      
----------                                                                      
    174436                                                                      

1 row selected.

Elapsed: 00:00:04.69
23:20:34 SQL> select /*+ FULL(PSP_ASST_BUNDLE_COMP_USAGE) parallel(PSP_ASST_BUNDLE_COMP_USAGE ,4) */count(*) from pspadm.PSP_ASST_BUNDLE_COMP_USAGE PSP_ASST_BUNDLE_COMP_USAGE ;

  COUNT(*)                                                                      
----------                                                                      
      2742                                                                      

1 row selected.

Elapsed: 00:00:02.13
23:20:36 SQL> select /*+ FULL(PSP_ATFDATA_EXTRACT_BATCH) parallel(PSP_ATFDATA_EXTRACT_BATCH ,4) */count(*) from pspadm.PSP_ATFDATA_EXTRACT_BATCH PSP_ATFDATA_EXTRACT_BATCH ;

  COUNT(*)                                                                      
----------                                                                      
      3205                                                                      

1 row selected.

Elapsed: 00:00:00.81
23:20:36 SQL> select /*+ FULL(PSP_ATFDATA_EXTRACT_FILE) parallel(PSP_ATFDATA_EXTRACT_FILE ,4) */count(*) from pspadm.PSP_ATFDATA_EXTRACT_FILE PSP_ATFDATA_EXTRACT_FILE ;

  COUNT(*)                                                                      
----------                                                                      
     26779                                                                      

1 row selected.

Elapsed: 00:00:05.51
23:20:42 SQL> select /*+ FULL(PSP_ATFPAYMENTS_TO_PROCESS) parallel(PSP_ATFPAYMENTS_TO_PROCESS ,4) */count(*) from pspadm.PSP_ATFPAYMENTS_TO_PROCESS PSP_ATFPAYMENTS_TO_PROCESS ;

  COUNT(*)                                                                      
----------                                                                      
 106600453                                                                      

1 row selected.

Elapsed: 00:22:21.75
23:43:04 SQL> select /*+ FULL(PSP_ATFPAYROLLS_TO_PROCESS) parallel(PSP_ATFPAYROLLS_TO_PROCESS ,4) */count(*) from pspadm.PSP_ATFPAYROLLS_TO_PROCESS PSP_ATFPAYROLLS_TO_PROCESS ;

  COUNT(*)                                                                      
----------                                                                      
  21858316                                                                      

1 row selected.

Elapsed: 00:08:57.59
23:52:01 SQL> select /*+ FULL(PSP_AUTHROLE_OPERATION_ASSOC) parallel(PSP_AUTHROLE_OPERATION_ASSOC ,4) */count(*) from pspadm.PSP_AUTHROLE_OPERATION_ASSOC PSP_AUTHROLE_OPERATION_ASSOC ;

  COUNT(*)                                                                      
----------                                                                      
      1600                                                                      

1 row selected.

Elapsed: 00:00:00.42
23:52:02 SQL> select /*+ FULL(PSP_AUTH_DOMAIN) parallel(PSP_AUTH_DOMAIN ,4) */count(*) from pspadm.PSP_AUTH_DOMAIN PSP_AUTH_DOMAIN ;

  COUNT(*)                                                                      
----------                                                                      
         2                                                                      

1 row selected.

Elapsed: 00:00:00.44
23:52:02 SQL> select /*+ FULL(PSP_AUTH_OPERATION) parallel(PSP_AUTH_OPERATION ,4) */count(*) from pspadm.PSP_AUTH_OPERATION PSP_AUTH_OPERATION ;

  COUNT(*)                                                                      
----------                                                                      
       164                                                                      

1 row selected.

Elapsed: 00:00:00.64
23:52:03 SQL> select /*+ FULL(PSP_AUTH_ROLE) parallel(PSP_AUTH_ROLE ,4) */count(*) from pspadm.PSP_AUTH_ROLE PSP_AUTH_ROLE ;

  COUNT(*)                                                                      
----------                                                                      
        59                                                                      

1 row selected.

Elapsed: 00:00:01.05
23:52:04 SQL> select /*+ FULL(PSP_AUTH_USER) parallel(PSP_AUTH_USER ,4) */count(*) from pspadm.PSP_AUTH_USER PSP_AUTH_USER ;

  COUNT(*)                                                                      
----------                                                                      
     12847                                                                      

1 row selected.

Elapsed: 00:00:02.09
23:52:06 SQL> select /*+ FULL(PSP_AUTH_USER_AUTH_ROLE__ASSOC) parallel(PSP_AUTH_USER_AUTH_ROLE__ASSOC ,4) */count(*) from pspadm.PSP_AUTH_USER_AUTH_ROLE__ASSOC PSP_AUTH_USER_AUTH_ROLE__ASSOC ;

  COUNT(*)                                                                      
----------                                                                      
     29168                                                                      

1 row selected.

Elapsed: 00:00:04.69
23:52:11 SQL> select /*+ FULL(PSP_BANK_ACCOUNT) parallel(PSP_BANK_ACCOUNT ,4) */count(*) from pspadm.PSP_BANK_ACCOUNT PSP_BANK_ACCOUNT ;

  COUNT(*)                                                                      
----------                                                                      
  51676524                                                                      

1 row selected.

Elapsed: 00:10:54.99
00:03:06 SQL> select /*+ FULL(PSP_BANK_HOLIDAY) parallel(PSP_BANK_HOLIDAY ,4) */count(*) from pspadm.PSP_BANK_HOLIDAY PSP_BANK_HOLIDAY ;

  COUNT(*)                                                                      
----------                                                                      
       216                                                                      

1 row selected.

Elapsed: 00:00:00.59
00:03:06 SQL> select /*+ FULL(PSP_BATCH_JOB_AUDIT_LOG) parallel(PSP_BATCH_JOB_AUDIT_LOG ,4) */count(*) from pspadm.PSP_BATCH_JOB_AUDIT_LOG PSP_BATCH_JOB_AUDIT_LOG ;

  COUNT(*)                                                                      
----------                                                                      
    151278                                                                      

1 row selected.

Elapsed: 00:00:05.51
00:03:12 SQL> select /*+ FULL(PSP_BATCH_JOB_PARAMETER) parallel(PSP_BATCH_JOB_PARAMETER ,4) */count(*) from pspadm.PSP_BATCH_JOB_PARAMETER PSP_BATCH_JOB_PARAMETER ;

  COUNT(*)                                                                      
----------                                                                      
       162                                                                      

1 row selected.

Elapsed: 00:00:00.59
00:03:12 SQL> select /*+ FULL(PSP_BATCH_JOB_SETUP) parallel(PSP_BATCH_JOB_SETUP ,4) */count(*) from pspadm.PSP_BATCH_JOB_SETUP PSP_BATCH_JOB_SETUP ;

  COUNT(*)                                                                      
----------                                                                      
       160                                                                      

1 row selected.

Elapsed: 00:00:00.17
00:03:13 SQL> select /*+ FULL(PSP_BATCH_JOB_STATUS) parallel(PSP_BATCH_JOB_STATUS ,4) */count(*) from pspadm.PSP_BATCH_JOB_STATUS PSP_BATCH_JOB_STATUS ;

  COUNT(*)                                                                      
----------                                                                      
       149                                                                      

1 row selected.

Elapsed: 00:00:00.82
00:03:13 SQL> select /*+ FULL(PSP_BILL) parallel(PSP_BILL ,4) */count(*) from pspadm.PSP_BILL PSP_BILL ;

  COUNT(*)                                                                      
----------                                                                      
  29381349                                                                      

1 row selected.

Elapsed: 00:05:53.64
00:09:07 SQL> select /*+ FULL(PSP_BILLING_DETAIL) parallel(PSP_BILLING_DETAIL ,4) */count(*) from pspadm.PSP_BILLING_DETAIL PSP_BILLING_DETAIL ;

  COUNT(*)                                                                      
----------                                                                      
 158689150                                                                      

1 row selected.

Elapsed: 01:06:06.40
01:15:13 SQL> select /*+ FULL(PSP_BILL_PAYMENT) parallel(PSP_BILL_PAYMENT ,4) */count(*) from pspadm.PSP_BILL_PAYMENT PSP_BILL_PAYMENT ;

  COUNT(*)                                                                      
----------                                                                      
  51557902                                                                      

1 row selected.

Elapsed: 00:12:08.82
01:27:22 SQL> select /*+ FULL(PSP_BILL_PAYMENT_SPLIT) parallel(PSP_BILL_PAYMENT_SPLIT ,4) */count(*) from pspadm.PSP_BILL_PAYMENT_SPLIT PSP_BILL_PAYMENT_SPLIT ;

  COUNT(*)                                                                      
----------                                                                      
  51557876                                                                      

1 row selected.

Elapsed: 00:13:31.68
01:40:54 SQL> select /*+ FULL(PSP_BPCOMPANY_SERVICE_INFO) parallel(PSP_BPCOMPANY_SERVICE_INFO ,4) */count(*) from pspadm.PSP_BPCOMPANY_SERVICE_INFO PSP_BPCOMPANY_SERVICE_INFO ;

  COUNT(*)                                                                      
----------                                                                      
    236746                                                                      

1 row selected.

Elapsed: 00:00:05.11
01:40:59 SQL> select /*+ FULL(PSP_CDCOMPANY_SERVICE_INFO) parallel(PSP_CDCOMPANY_SERVICE_INFO ,4) */count(*) from pspadm.PSP_CDCOMPANY_SERVICE_INFO PSP_CDCOMPANY_SERVICE_INFO ;

  COUNT(*)                                                                      
----------                                                                      
       141                                                                      

1 row selected.

Elapsed: 00:00:00.44
01:40:59 SQL> select /*+ FULL(PSP_CHECK_PRINT_BATCH) parallel(PSP_CHECK_PRINT_BATCH ,4) */count(*) from pspadm.PSP_CHECK_PRINT_BATCH PSP_CHECK_PRINT_BATCH ;

  COUNT(*)                                                                      
----------                                                                      
     25424                                                                      

1 row selected.

Elapsed: 00:00:07.16
01:41:07 SQL> select /*+ FULL(PSP_CHECK_PRINT_PAYCHECK) parallel(PSP_CHECK_PRINT_PAYCHECK ,4) */count(*) from pspadm.PSP_CHECK_PRINT_PAYCHECK PSP_CHECK_PRINT_PAYCHECK ;

  COUNT(*)                                                                      
----------                                                                      
    154651                                                                      

1 row selected.

Elapsed: 00:00:05.26
01:41:12 SQL> select /*+ FULL(PSP_CHECK_PRINT_SIGNATURE) parallel(PSP_CHECK_PRINT_SIGNATURE ,4) */count(*) from pspadm.PSP_CHECK_PRINT_SIGNATURE PSP_CHECK_PRINT_SIGNATURE ;

  COUNT(*)                                                                      
----------                                                                      
       141                                                                      

1 row selected.

Elapsed: 00:00:00.54
01:41:12 SQL> select /*+ FULL(PSP_COLLECTION_STAGE) parallel(PSP_COLLECTION_STAGE ,4) */count(*) from pspadm.PSP_COLLECTION_STAGE PSP_COLLECTION_STAGE ;

  COUNT(*)                                                                      
----------                                                                      
         3                                                                      

1 row selected.

Elapsed: 00:00:00.72
01:41:13 SQL> select /*+ FULL(PSP_COMPANY) parallel(PSP_COMPANY ,4) */count(*) from pspadm.PSP_COMPANY PSP_COMPANY ;

  COUNT(*)                                                                      
----------                                                                      
   7350238                                                                      

1 row selected.

Elapsed: 00:09:50.01
01:51:03 SQL> select /*+ FULL(PSP_COMPANYAGENCY_FRMTEMPLATE) parallel(PSP_COMPANYAGENCY_FRMTEMPLATE ,4) */count(*) from pspadm.PSP_COMPANYAGENCY_FRMTEMPLATE PSP_COMPANYAGENCY_FRMTEMPLATE ;

  COUNT(*)                                                                      
----------                                                                      
   1541901                                                                      

1 row selected.

Elapsed: 00:00:47.48
01:51:51 SQL> select /*+ FULL(PSP_COMPANYAGENCY_PMTTEMPLATE) parallel(PSP_COMPANYAGENCY_PMTTEMPLATE ,4) */count(*) from pspadm.PSP_COMPANYAGENCY_PMTTEMPLATE PSP_COMPANYAGENCY_PMTTEMPLATE ;

  COUNT(*)                                                                      
----------                                                                      
   3654159                                                                      

1 row selected.

Elapsed: 00:02:31.61
01:54:22 SQL> select /*+ FULL(PSP_COMPANY_ADDITIONAL_INFO) parallel(PSP_COMPANY_ADDITIONAL_INFO ,4) */count(*) from pspadm.PSP_COMPANY_ADDITIONAL_INFO PSP_COMPANY_ADDITIONAL_INFO ;

  COUNT(*)                                                                      
----------                                                                      
    849497                                                                      

1 row selected.

Elapsed: 00:00:23.75
01:54:46 SQL> select /*+ FULL(PSP_COMPANY_AGENCY) parallel(PSP_COMPANY_AGENCY ,4) */count(*) from pspadm.PSP_COMPANY_AGENCY PSP_COMPANY_AGENCY ;

  COUNT(*)                                                                      
----------                                                                      
   2640297                                                                      

1 row selected.

Elapsed: 00:00:48.42
01:55:34 SQL> select /*+ FULL(PSP_COMPANY_BANK_ACCOUNT) parallel(PSP_COMPANY_BANK_ACCOUNT ,4) */count(*) from pspadm.PSP_COMPANY_BANK_ACCOUNT PSP_COMPANY_BANK_ACCOUNT ;

  COUNT(*)                                                                      
----------                                                                      
   2500900                                                                      

1 row selected.

Elapsed: 00:01:09.11
01:56:43 SQL> select /*+ FULL(PSP_COMPANY_CONSENT) parallel(PSP_COMPANY_CONSENT ,4) */count(*) from pspadm.PSP_COMPANY_CONSENT PSP_COMPANY_CONSENT ;

  COUNT(*)                                                                      
----------                                                                      
     41169                                                                      

1 row selected.

Elapsed: 00:00:06.26
01:56:50 SQL> select /*+ FULL(PSP_COMPANY_DAILY_LIABILITY) parallel(PSP_COMPANY_DAILY_LIABILITY ,4) */count(*) from pspadm.PSP_COMPANY_DAILY_LIABILITY PSP_COMPANY_DAILY_LIABILITY ;

  COUNT(*)                                                                      
----------                                                                      
 189448651                                                                      

1 row selected.

Elapsed: 00:37:59.62
02:34:49 SQL> select /*+ FULL(PSP_COMPANY_EVENT) parallel(PSP_COMPANY_EVENT ,4) */count(*) from pspadm.PSP_COMPANY_EVENT PSP_COMPANY_EVENT ;

  COUNT(*)                                                                      
----------                                                                      
1833265453                                                                      

1 row selected.

Elapsed: 02:29:40.76
05:04:30 SQL> select /*+ FULL(PSP_COMPANY_EVENT_BKP) parallel(PSP_COMPANY_EVENT_BKP ,4) */count(*) from pspadm.PSP_COMPANY_EVENT_BKP PSP_COMPANY_EVENT_BKP ;

  COUNT(*)                                                                      
----------                                                                      
     28736                                                                      

1 row selected.

Elapsed: 00:00:00.45
05:04:31 SQL> select /*+ FULL(PSP_COMPANY_EVENT_DETAIL) parallel(PSP_COMPANY_EVENT_DETAIL ,4) */count(*) from pspadm.PSP_COMPANY_EVENT_DETAIL PSP_COMPANY_EVENT_DETAIL ;

  COUNT(*)                                                                      
----------                                                                      
3885091351                                                                      

1 row selected.

Elapsed: 03:52:35.01
08:57:06 SQL> select /*+ FULL(PSP_COMPANY_EVENT_EMAIL) parallel(PSP_COMPANY_EVENT_EMAIL ,4) */count(*) from pspadm.PSP_COMPANY_EVENT_EMAIL PSP_COMPANY_EVENT_EMAIL ;

  COUNT(*)                                                                      
----------                                                                      
 399986092                                                                      

1 row selected.

Elapsed: 00:17:21.84
09:14:27 SQL> select /*+ FULL(PSP_COMPANY_EVENT_EMAIL_PARAM) parallel(PSP_COMPANY_EVENT_EMAIL_PARAM ,4) */count(*) from pspadm.PSP_COMPANY_EVENT_EMAIL_PARAM PSP_COMPANY_EVENT_EMAIL_PARAM ;

  COUNT(*)                                                                      
----------                                                                      
3505448283                                                                      

1 row selected.

Elapsed: 01:05:37.73
10:20:05 SQL> select /*+ FULL(PSP_COMPANY_FILING_AMOUNT) parallel(PSP_COMPANY_FILING_AMOUNT ,4) */count(*) from pspadm.PSP_COMPANY_FILING_AMOUNT PSP_COMPANY_FILING_AMOUNT ;

  COUNT(*)                                                                      
----------                                                                      
     83281                                                                      

1 row selected.

Elapsed: 00:00:00.57
10:20:06 SQL> select /*+ FULL(PSP_COMPANY_LAW) parallel(PSP_COMPANY_LAW ,4) */count(*) from pspadm.PSP_COMPANY_LAW PSP_COMPANY_LAW ;

  COUNT(*)                                                                      
----------                                                                      
  11773505                                                                      

1 row selected.

Elapsed: 00:00:42.44
10:20:48 SQL> select /*+ FULL(PSP_COMPANY_LAW_RATE) parallel(PSP_COMPANY_LAW_RATE ,4) */count(*) from pspadm.PSP_COMPANY_LAW_RATE PSP_COMPANY_LAW_RATE ;

  COUNT(*)                                                                      
----------                                                                      
  15387741                                                                      

1 row selected.

Elapsed: 00:00:35.18
10:21:23 SQL> select /*+ FULL(PSP_COMPANY_NOTE) parallel(PSP_COMPANY_NOTE ,4) */count(*) from pspadm.PSP_COMPANY_NOTE PSP_COMPANY_NOTE ;

  COUNT(*)                                                                      
----------                                                                      
    551857                                                                      

1 row selected.

Elapsed: 00:00:05.26
10:21:29 SQL> select /*+ FULL(PSP_COMPANY_NOTE_BKP) parallel(PSP_COMPANY_NOTE_BKP ,4) */count(*) from pspadm.PSP_COMPANY_NOTE_BKP PSP_COMPANY_NOTE_BKP ;

  COUNT(*)                                                                      
----------                                                                      
       881                                                                      

1 row selected.

Elapsed: 00:00:00.06
10:21:29 SQL> select /*+ FULL(PSP_COMPANY_OFFER) parallel(PSP_COMPANY_OFFER ,4) */count(*) from pspadm.PSP_COMPANY_OFFER PSP_COMPANY_OFFER ;

  COUNT(*)                                                                      
----------                                                                      
    131147                                                                      

1 row selected.

Elapsed: 00:00:01.27
10:21:30 SQL> select /*+ FULL(PSP_COMPANY_OFFERING) parallel(PSP_COMPANY_OFFERING ,4) */count(*) from pspadm.PSP_COMPANY_OFFERING PSP_COMPANY_OFFERING ;

  COUNT(*)                                                                      
----------                                                                      
  10455859                                                                      

1 row selected.

Elapsed: 00:00:25.91
10:21:56 SQL> select /*+ FULL(PSP_COMPANY_PAYCHECK_BATCH) parallel(PSP_COMPANY_PAYCHECK_BATCH ,4) */count(*) from pspadm.PSP_COMPANY_PAYCHECK_BATCH PSP_COMPANY_PAYCHECK_BATCH ;

  COUNT(*)                                                                      
----------                                                                      
      5567                                                                      

1 row selected.

Elapsed: 00:00:00.27
10:21:56 SQL> select /*+ FULL(PSP_COMPANY_PAYROLL_ITEM) parallel(PSP_COMPANY_PAYROLL_ITEM ,4) */count(*) from pspadm.PSP_COMPANY_PAYROLL_ITEM PSP_COMPANY_PAYROLL_ITEM ;

  COUNT(*)                                                                      
----------                                                                      
  24591627                                                                      

1 row selected.

Elapsed: 00:01:11.78
10:23:08 SQL> select /*+ FULL(PSP_COMPANY_PIN) parallel(PSP_COMPANY_PIN ,4) */count(*) from pspadm.PSP_COMPANY_PIN PSP_COMPANY_PIN ;

  COUNT(*)                                                                      
----------                                                                      
   1538546                                                                      

1 row selected.

Elapsed: 00:00:05.23
10:23:13 SQL> select /*+ FULL(PSP_COMPANY_RATE_REQUEST) parallel(PSP_COMPANY_RATE_REQUEST ,4) */count(*) from pspadm.PSP_COMPANY_RATE_REQUEST PSP_COMPANY_RATE_REQUEST ;

  COUNT(*)                                                                      
----------                                                                      
    860047                                                                      

1 row selected.

Elapsed: 00:00:02.70
10:23:16 SQL> select /*+ FULL(PSP_COMPANY_SERVICE) parallel(PSP_COMPANY_SERVICE ,4) */count(*) from pspadm.PSP_COMPANY_SERVICE PSP_COMPANY_SERVICE ;

  COUNT(*)                                                                      
----------                                                                      
  10639724                                                                      

1 row selected.

Elapsed: 00:00:28.15
10:23:44 SQL> select /*+ FULL(PSP_COMPANY_SERVICE_BANK_ACCT) parallel(PSP_COMPANY_SERVICE_BANK_ACCT ,4) */count(*) from pspadm.PSP_COMPANY_SERVICE_BANK_ACCT PSP_COMPANY_SERVICE_BANK_ACCT ;

  COUNT(*)                                                                      
----------                                                                      
 236797826                                                                      

1 row selected.

Elapsed: 00:09:19.58
10:33:04 SQL> select /*+ FULL(PSP_COMPANY_TFSSUBMISSION) parallel(PSP_COMPANY_TFSSUBMISSION ,4) */count(*) from pspadm.PSP_COMPANY_TFSSUBMISSION PSP_COMPANY_TFSSUBMISSION ;

  COUNT(*)                                                                      
----------                                                                      
    571013                                                                      

1 row selected.

Elapsed: 00:00:01.69
10:33:05 SQL> select /*+ FULL(PSP_COMPANY_USAGE) parallel(PSP_COMPANY_USAGE ,4) */count(*) from pspadm.PSP_COMPANY_USAGE PSP_COMPANY_USAGE ;

  COUNT(*)                                                                      
----------                                                                      
   1141611                                                                      

1 row selected.

Elapsed: 00:00:02.44
10:33:08 SQL> select /*+ FULL(PSP_COMPENSATION) parallel(PSP_COMPENSATION ,4) */count(*) from pspadm.PSP_COMPENSATION PSP_COMPENSATION ;

  COUNT(*)                                                                      
----------                                                                      
1670763615                                                                      

1 row selected.

Elapsed: 00:36:40.25
11:09:48 SQL> spool off
