23:11:05 SQL> select /*+ index_ffs(PSP_GEMS_MONTHLY_BALANCE SYS_C0020466) parallel_index(PSP_GEMS_MONTHLY_BALANCE SYS_C0020466)*/ count(*) from pspadm.PSP_GEMS_MONTHLY_BALANCE PSP_GEMS_MONTHLY_BALANCE;

  COUNT(*)                                                                      
----------                                                                      
      5036                                                                      

1 row selected.

Elapsed: 00:00:01.07
23:11:07 SQL> select /*+ index_ffs(PSP_GEMS_UPLOAD_BATCH SYS_C0020467) parallel_index(PSP_GEMS_UPLOAD_BATCH SYS_C0020467)*/ count(*) from pspadm.PSP_GEMS_UPLOAD_BATCH PSP_GEMS_UPLOAD_BATCH;

  COUNT(*)                                                                      
----------                                                                      
      3933                                                                      

1 row selected.

Elapsed: 00:00:00.82
23:11:07 SQL> select /*+ index_ffs(PSP_HOURS_WORKED_EXCEPTION PSP_HOURS_WORKED_EXCEPTION_FK1) parallel_index(PSP_HOURS_WORKED_EXCEPTION PSP_HOURS_WORKED_EXCEPTION_FK1)*/ count(*) from pspadm.PSP_HOURS_WORKED_EXCEPTION PSP_HOURS_WORKED_EXCEPTION;

  COUNT(*)                                                                      
----------                                                                      
        36                                                                      

1 row selected.

Elapsed: 00:00:00.01
23:11:07 SQL> select /*+ index_ffs(PSP_HOURS_WORKED_EXCEPTION SYS_C0020699) parallel_index(PSP_HOURS_WORKED_EXCEPTION SYS_C0020699)*/ count(*) from pspadm.PSP_HOURS_WORKED_EXCEPTION PSP_HOURS_WORKED_EXCEPTION;

  COUNT(*)                                                                      
----------                                                                      
        36                                                                      

1 row selected.

Elapsed: 00:00:00.00
23:11:07 SQL> select /*+ index_ffs(PSP_INDIVIDUAL PSP_INDIVIDUAL_FK1) parallel_index(PSP_INDIVIDUAL PSP_INDIVIDUAL_FK1)*/ count(*) from pspadm.PSP_INDIVIDUAL PSP_INDIVIDUAL;

  COUNT(*)                                                                      
----------                                                                      
  85589764                                                                      

1 row selected.

Elapsed: 01:09:19.84
00:20:27 SQL> select /*+ index_ffs(PSP_INDIVIDUAL PSP_INDIVIDUAL_IDX1) parallel_index(PSP_INDIVIDUAL PSP_INDIVIDUAL_IDX1)*/ count(*) from pspadm.PSP_INDIVIDUAL PSP_INDIVIDUAL;

  COUNT(*)                                                                      
----------                                                                      
  85589764                                                                      

1 row selected.

Elapsed: 01:22:30.83
01:42:58 SQL> select /*+ index_ffs(PSP_INDIVIDUAL PSP_INDIV_EMAIL_IDX1) parallel_index(PSP_INDIVIDUAL PSP_INDIV_EMAIL_IDX1)*/ count(*) from pspadm.PSP_INDIVIDUAL PSP_INDIVIDUAL;

  COUNT(*)                                                                      
----------                                                                      
  85589764                                                                      

1 row selected.

Elapsed: 00:00:04.11
01:43:02 SQL> select /*+ index_ffs(PSP_INDIVIDUAL SYS_C0020489) parallel_index(PSP_INDIVIDUAL SYS_C0020489)*/ count(*) from pspadm.PSP_INDIVIDUAL PSP_INDIVIDUAL;

  COUNT(*)                                                                      
----------                                                                      
  85589764                                                                      

1 row selected.

Elapsed: 00:00:03.89
01:43:06 SQL> select /*+ index_ffs(PSP_INDUSTRY_TYPE SYS_C0020736) parallel_index(PSP_INDUSTRY_TYPE SYS_C0020736)*/ count(*) from pspadm.PSP_INDUSTRY_TYPE PSP_INDUSTRY_TYPE;

  COUNT(*)                                                                      
----------                                                                      
       289                                                                      

1 row selected.

Elapsed: 00:00:00.11
01:43:06 SQL> select /*+ index_ffs(PSP_INTUIT_BANK_ACCOUNT PSP_INTUIT_BANK_ACCOUNT_FK1) parallel_index(PSP_INTUIT_BANK_ACCOUNT PSP_INTUIT_BANK_ACCOUNT_FK1)*/ count(*) from pspadm.PSP_INTUIT_BANK_ACCOUNT PSP_INTUIT_BANK_ACCOUNT;

  COUNT(*)                                                                      
----------                                                                      
         6                                                                      

1 row selected.

Elapsed: 00:00:01.48
01:43:08 SQL> select /*+ index_ffs(PSP_INTUIT_BANK_ACCOUNT SYS_C0020490) parallel_index(PSP_INTUIT_BANK_ACCOUNT SYS_C0020490)*/ count(*) from pspadm.PSP_INTUIT_BANK_ACCOUNT PSP_INTUIT_BANK_ACCOUNT;

  COUNT(*)                                                                      
----------                                                                      
         6                                                                      

1 row selected.

Elapsed: 00:00:00.00
01:43:08 SQL> select /*+ index_ffs(PSP_INTUIT_BANK_ACC_TXN_TYPE PSP_INTUIT_BANK_ACCOUNT_TR_FK1) parallel_index(PSP_INTUIT_BANK_ACC_TXN_TYPE PSP_INTUIT_BANK_ACCOUNT_TR_FK1)*/ count(*) from pspadm.PSP_INTUIT_BANK_ACC_TXN_TYPE PSP_INTUIT_BANK_ACC_TXN_TYPE;

  COUNT(*)                                                                      
----------                                                                      
        71                                                                      

1 row selected.

Elapsed: 00:00:00.00
01:43:08 SQL> select /*+ index_ffs(PSP_INTUIT_BANK_ACC_TXN_TYPE PSP_INTUIT_BANK_ACCOUNT_TR_FK2) parallel_index(PSP_INTUIT_BANK_ACC_TXN_TYPE PSP_INTUIT_BANK_ACCOUNT_TR_FK2)*/ count(*) from pspadm.PSP_INTUIT_BANK_ACC_TXN_TYPE PSP_INTUIT_BANK_ACC_TXN_TYPE;

  COUNT(*)                                                                      
----------                                                                      
        71                                                                      

1 row selected.

Elapsed: 00:00:00.01
01:43:08 SQL> select /*+ index_ffs(PSP_INTUIT_BANK_ACC_TXN_TYPE SYS_C0020491) parallel_index(PSP_INTUIT_BANK_ACC_TXN_TYPE SYS_C0020491)*/ count(*) from pspadm.PSP_INTUIT_BANK_ACC_TXN_TYPE PSP_INTUIT_BANK_ACC_TXN_TYPE;

  COUNT(*)                                                                      
----------                                                                      
        71                                                                      

1 row selected.

Elapsed: 00:00:00.00
01:43:08 SQL> select /*+ index_ffs(PSP_INTUIT_BA_BT_FT PSP_INTUIT_BABATCH_TYPE_FI_FK1) parallel_index(PSP_INTUIT_BA_BT_FT PSP_INTUIT_BABATCH_TYPE_FI_FK1)*/ count(*) from pspadm.PSP_INTUIT_BA_BT_FT PSP_INTUIT_BA_BT_FT;

  COUNT(*)                                                                      
----------                                                                      
        10                                                                      

1 row selected.

Elapsed: 00:00:01.86
01:43:10 SQL> select /*+ index_ffs(PSP_INTUIT_BA_BT_FT SYS_C0020468) parallel_index(PSP_INTUIT_BA_BT_FT SYS_C0020468)*/ count(*) from pspadm.PSP_INTUIT_BA_BT_FT PSP_INTUIT_BA_BT_FT;

  COUNT(*)                                                                      
----------                                                                      
        10                                                                      

1 row selected.

Elapsed: 00:00:00.00
01:43:10 SQL> select /*+ index_ffs(PSP_INTUIT_SHIPPER_INFO PSP_INTUIT_SHIPPER_INFO_FK1) parallel_index(PSP_INTUIT_SHIPPER_INFO PSP_INTUIT_SHIPPER_INFO_FK1)*/ count(*) from pspadm.PSP_INTUIT_SHIPPER_INFO PSP_INTUIT_SHIPPER_INFO;

  COUNT(*)                                                                      
----------                                                                      
         1                                                                      

1 row selected.

Elapsed: 00:00:00.31
01:43:10 SQL> select /*+ index_ffs(PSP_INTUIT_SHIPPER_INFO SYS_C0020576) parallel_index(PSP_INTUIT_SHIPPER_INFO SYS_C0020576)*/ count(*) from pspadm.PSP_INTUIT_SHIPPER_INFO PSP_INTUIT_SHIPPER_INFO;

  COUNT(*)                                                                      
----------                                                                      
         1                                                                      

1 row selected.

Elapsed: 00:00:00.00
01:43:10 SQL> select /*+ index_ffs(PSP_IOPSYNC_COMPANY SYS_C0020738) parallel_index(PSP_IOPSYNC_COMPANY SYS_C0020738)*/ count(*) from pspadm.PSP_IOPSYNC_COMPANY PSP_IOPSYNC_COMPANY;

  COUNT(*)                                                                      
----------                                                                      
         0                                                                      

1 row selected.

Elapsed: 00:00:00.00
01:43:10 SQL> select /*+ index_ffs(PSP_LAW PSP_LAW_FK1) parallel_index(PSP_LAW PSP_LAW_FK1)*/ count(*) from pspadm.PSP_LAW PSP_LAW;

  COUNT(*)                                                                      
----------                                                                      
       244                                                                      

1 row selected.

Elapsed: 00:00:00.00
01:43:10 SQL> select /*+ index_ffs(PSP_LAW SYS_C0020547) parallel_index(PSP_LAW SYS_C0020547)*/ count(*) from pspadm.PSP_LAW PSP_LAW;

  COUNT(*)                                                                      
----------                                                                      
       244                                                                      

1 row selected.

Elapsed: 00:00:00.01
01:43:10 SQL> select /*+ index_ffs(PSP_LAW_RATE_RANGE PSP_LAW_RATE_RANGE_FK1) parallel_index(PSP_LAW_RATE_RANGE PSP_LAW_RATE_RANGE_FK1)*/ count(*) from pspadm.PSP_LAW_RATE_RANGE PSP_LAW_RATE_RANGE;

  COUNT(*)                                                                      
----------                                                                      
       108                                                                      

1 row selected.

Elapsed: 00:00:01.88
01:43:12 SQL> select /*+ index_ffs(PSP_LAW_RATE_RANGE SYS_C0020726) parallel_index(PSP_LAW_RATE_RANGE SYS_C0020726)*/ count(*) from pspadm.PSP_LAW_RATE_RANGE PSP_LAW_RATE_RANGE;

  COUNT(*)                                                                      
----------                                                                      
       108                                                                      

1 row selected.

Elapsed: 00:00:00.01
01:43:12 SQL> select /*+ index_ffs(PSP_LAW_RATE_VALUE PSP_LAW_RATE_VALUE_FK1) parallel_index(PSP_LAW_RATE_VALUE PSP_LAW_RATE_VALUE_FK1)*/ count(*) from pspadm.PSP_LAW_RATE_VALUE PSP_LAW_RATE_VALUE;

  COUNT(*)                                                                      
----------                                                                      
        20                                                                      

1 row selected.

Elapsed: 00:00:00.04
01:43:12 SQL> select /*+ index_ffs(PSP_LAW_RATE_VALUE SYS_C0020727) parallel_index(PSP_LAW_RATE_VALUE SYS_C0020727)*/ count(*) from pspadm.PSP_LAW_RATE_VALUE PSP_LAW_RATE_VALUE;

  COUNT(*)                                                                      
----------                                                                      
        20                                                                      

1 row selected.

Elapsed: 00:00:00.00
01:43:12 SQL> select /*+ index_ffs(PSP_LEDGER_ACCOUNT SYS_C0020515) parallel_index(PSP_LEDGER_ACCOUNT SYS_C0020515)*/ count(*) from pspadm.PSP_LEDGER_ACCOUNT PSP_LEDGER_ACCOUNT;

  COUNT(*)                                                                      
----------                                                                      
        24                                                                      

1 row selected.

Elapsed: 00:00:00.04
01:43:12 SQL> select /*+ index_ffs(PSP_LEDGER_ACCOUNT_ACTION PSP_LEDGER_ACCOUNT_ACTION_FK1) parallel_index(PSP_LEDGER_ACCOUNT_ACTION PSP_LEDGER_ACCOUNT_ACTION_FK1)*/ count(*) from pspadm.PSP_LEDGER_ACCOUNT_ACTION PSP_LEDGER_ACCOUNT_ACTION;

  COUNT(*)                                                                      
----------                                                                      
        11                                                                      

1 row selected.

Elapsed: 00:00:01.68
01:43:13 SQL> select /*+ index_ffs(PSP_LEDGER_ACCOUNT_ACTION PSP_LEDGER_ACCOUNT_ACTION_FK2) parallel_index(PSP_LEDGER_ACCOUNT_ACTION PSP_LEDGER_ACCOUNT_ACTION_FK2)*/ count(*) from pspadm.PSP_LEDGER_ACCOUNT_ACTION PSP_LEDGER_ACCOUNT_ACTION;

  COUNT(*)                                                                      
----------                                                                      
        11                                                                      

1 row selected.

Elapsed: 00:00:00.00
01:43:13 SQL> select /*+ index_ffs(PSP_LEDGER_ACCOUNT_ACTION SYS_C0020469) parallel_index(PSP_LEDGER_ACCOUNT_ACTION SYS_C0020469)*/ count(*) from pspadm.PSP_LEDGER_ACCOUNT_ACTION PSP_LEDGER_ACCOUNT_ACTION;

  COUNT(*)                                                                      
----------                                                                      
        11                                                                      

1 row selected.

Elapsed: 00:00:00.00
01:43:13 SQL> select /*+ index_ffs(PSP_LEDGER_BALANCE PSP_LEDGERBALANCE_FK1) parallel_index(PSP_LEDGER_BALANCE PSP_LEDGERBALANCE_FK1)*/ count(*) from pspadm.PSP_LEDGER_BALANCE PSP_LEDGER_BALANCE;

  COUNT(*)                                                                      
----------                                                                      
1022779879                                                                      

1 row selected.

Elapsed: 01:49:23.55
03:32:37 SQL> select /*+ index_ffs(PSP_LEDGER_BALANCE PSP_LEDGERBALANCE_FK2) parallel_index(PSP_LEDGER_BALANCE PSP_LEDGERBALANCE_FK2)*/ count(*) from pspadm.PSP_LEDGER_BALANCE PSP_LEDGER_BALANCE;

  COUNT(*)                                                                      
----------                                                                      
1022779879                                                                      

1 row selected.

Elapsed: 00:03:11.68
03:35:49 SQL> select /*+ index_ffs(PSP_LEDGER_BALANCE PSP_LEDGER_BALANCE_I1) parallel_index(PSP_LEDGER_BALANCE PSP_LEDGER_BALANCE_I1)*/ count(*) from pspadm.PSP_LEDGER_BALANCE PSP_LEDGER_BALANCE;

  COUNT(*)                                                                      
----------                                                                      
1022779879                                                                      

1 row selected.

Elapsed: 00:00:36.83
03:36:26 SQL> select /*+ index_ffs(PSP_LEDGER_BALANCE PSP_LEDGER_BALANCE_U1) parallel_index(PSP_LEDGER_BALANCE PSP_LEDGER_BALANCE_U1)*/ count(*) from pspadm.PSP_LEDGER_BALANCE PSP_LEDGER_BALANCE;

  COUNT(*)                                                                      
----------                                                                      
1022779879                                                                      

1 row selected.

Elapsed: 00:00:35.27
03:37:01 SQL> select /*+ index_ffs(PSP_LEDGER_BALANCE PSP_LEDGER_BALANCE_U2) parallel_index(PSP_LEDGER_BALANCE PSP_LEDGER_BALANCE_U2)*/ count(*) from pspadm.PSP_LEDGER_BALANCE PSP_LEDGER_BALANCE;

  COUNT(*)                                                                      
----------                                                                      
1022779879                                                                      

1 row selected.

Elapsed: 00:24:44.96
04:01:46 SQL> select /*+ index_ffs(PSP_LEDGER_BALANCE SYS_C008432) parallel_index(PSP_LEDGER_BALANCE SYS_C008432)*/ count(*) from pspadm.PSP_LEDGER_BALANCE PSP_LEDGER_BALANCE;

  COUNT(*)                                                                      
----------                                                                      
1022779879                                                                      

1 row selected.

Elapsed: 00:00:35.76
04:02:22 SQL> select /*+ index_ffs(PSP_LEDGER_OPERATION PSP_LEDGER_OPERATION_FK1) parallel_index(PSP_LEDGER_OPERATION PSP_LEDGER_OPERATION_FK1)*/ count(*) from pspadm.PSP_LEDGER_OPERATION PSP_LEDGER_OPERATION;

  COUNT(*)                                                                      
----------                                                                      
  27417788                                                                      

1 row selected.

Elapsed: 00:06:27.39
04:08:49 SQL> select /*+ index_ffs(PSP_LEDGER_OPERATION PSP_LEDGER_OPERATION_FK2) parallel_index(PSP_LEDGER_OPERATION PSP_LEDGER_OPERATION_FK2)*/ count(*) from pspadm.PSP_LEDGER_OPERATION PSP_LEDGER_OPERATION;

  COUNT(*)                                                                      
----------                                                                      
  27417788                                                                      

1 row selected.

Elapsed: 00:00:01.13
04:08:50 SQL> select /*+ index_ffs(PSP_LEDGER_OPERATION SYS_C0020710) parallel_index(PSP_LEDGER_OPERATION SYS_C0020710)*/ count(*) from pspadm.PSP_LEDGER_OPERATION PSP_LEDGER_OPERATION;

  COUNT(*)                                                                      
----------                                                                      
  27417788                                                                      

1 row selected.

Elapsed: 00:00:01.14
04:08:51 SQL> select /*+ index_ffs(PSP_LEDGER_OPERATION_JOB SYS_C0020709) parallel_index(PSP_LEDGER_OPERATION_JOB SYS_C0020709)*/ count(*) from pspadm.PSP_LEDGER_OPERATION_JOB PSP_LEDGER_OPERATION_JOB;

  COUNT(*)                                                                      
----------                                                                      
      5500                                                                      

1 row selected.

Elapsed: 00:00:00.31
04:08:52 SQL> select /*+ index_ffs(PSP_LIABILITY_ADJUSTMENT PSP_LIABILITY_ADJUSTMENT_FK1) parallel_index(PSP_LIABILITY_ADJUSTMENT PSP_LIABILITY_ADJUSTMENT_FK1)*/ count(*) from pspadm.PSP_LIABILITY_ADJUSTMENT PSP_LIABILITY_ADJUSTMENT;

  COUNT(*)                                                                      
----------                                                                      
  63807063                                                                      

1 row selected.

Elapsed: 00:13:05.81
04:21:57 SQL> select /*+ index_ffs(PSP_LIABILITY_ADJUSTMENT PSP_LIABILITY_ADJUSTMENT_FK2) parallel_index(PSP_LIABILITY_ADJUSTMENT PSP_LIABILITY_ADJUSTMENT_FK2)*/ count(*) from pspadm.PSP_LIABILITY_ADJUSTMENT PSP_LIABILITY_ADJUSTMENT;

  COUNT(*)                                                                      
----------                                                                      
  63807063                                                                      

1 row selected.

Elapsed: 00:00:02.66
04:22:00 SQL> select /*+ index_ffs(PSP_LIABILITY_ADJUSTMENT PSP_LIABILITY_ADJUSTMENT_FK3) parallel_index(PSP_LIABILITY_ADJUSTMENT PSP_LIABILITY_ADJUSTMENT_FK3)*/ count(*) from pspadm.PSP_LIABILITY_ADJUSTMENT PSP_LIABILITY_ADJUSTMENT;

  COUNT(*)                                                                      
----------                                                                      
  63807063                                                                      

1 row selected.

Elapsed: 00:00:02.64
04:22:03 SQL> select /*+ index_ffs(PSP_LIABILITY_ADJUSTMENT PSP_LIABILITY_ADJUSTMENT_FK4) parallel_index(PSP_LIABILITY_ADJUSTMENT PSP_LIABILITY_ADJUSTMENT_FK4)*/ count(*) from pspadm.PSP_LIABILITY_ADJUSTMENT PSP_LIABILITY_ADJUSTMENT;

  COUNT(*)                                                                      
----------                                                                      
  63807063                                                                      

1 row selected.

Elapsed: 00:00:02.66
04:22:05 SQL> select /*+ index_ffs(PSP_LIABILITY_ADJUSTMENT PSP_LIABILITY_ADJUSTMENT_FK6) parallel_index(PSP_LIABILITY_ADJUSTMENT PSP_LIABILITY_ADJUSTMENT_FK6)*/ count(*) from pspadm.PSP_LIABILITY_ADJUSTMENT PSP_LIABILITY_ADJUSTMENT;

  COUNT(*)                                                                      
----------                                                                      
  63807063                                                                      

1 row selected.

Elapsed: 00:00:02.64
04:22:08 SQL> select /*+ index_ffs(PSP_LIABILITY_ADJUSTMENT PSP_LIABILITY_ADJUSTMENT_FK7) parallel_index(PSP_LIABILITY_ADJUSTMENT PSP_LIABILITY_ADJUSTMENT_FK7)*/ count(*) from pspadm.PSP_LIABILITY_ADJUSTMENT PSP_LIABILITY_ADJUSTMENT;

  COUNT(*)                                                                      
----------                                                                      
  63807063                                                                      

1 row selected.

Elapsed: 00:00:02.65
04:22:11 SQL> select /*+ index_ffs(PSP_LIABILITY_ADJUSTMENT SYS_C0020560) parallel_index(PSP_LIABILITY_ADJUSTMENT SYS_C0020560)*/ count(*) from pspadm.PSP_LIABILITY_ADJUSTMENT PSP_LIABILITY_ADJUSTMENT;

  COUNT(*)                                                                      
----------                                                                      
  63807063                                                                      

1 row selected.

Elapsed: 00:00:02.65
04:22:13 SQL> select /*+ index_ffs(PSP_LIABILITY_CHECK PSP_LIABILITY_CHECK_FK1) parallel_index(PSP_LIABILITY_CHECK PSP_LIABILITY_CHECK_FK1)*/ count(*) from pspadm.PSP_LIABILITY_CHECK PSP_LIABILITY_CHECK;

  COUNT(*)                                                                      
----------                                                                      
 139367220                                                                      

1 row selected.

Elapsed: 00:21:26.06
04:43:39 SQL> select /*+ index_ffs(PSP_LIABILITY_CHECK PSP_LIABILITY_CHECK_FK2) parallel_index(PSP_LIABILITY_CHECK PSP_LIABILITY_CHECK_FK2)*/ count(*) from pspadm.PSP_LIABILITY_CHECK PSP_LIABILITY_CHECK;

  COUNT(*)                                                                      
----------                                                                      
 139367220                                                                      

1 row selected.

Elapsed: 00:00:05.93
04:43:45 SQL> select /*+ index_ffs(PSP_LIABILITY_CHECK SYS_C0020607) parallel_index(PSP_LIABILITY_CHECK SYS_C0020607)*/ count(*) from pspadm.PSP_LIABILITY_CHECK PSP_LIABILITY_CHECK;

  COUNT(*)                                                                      
----------                                                                      
 139367220                                                                      

1 row selected.

Elapsed: 00:00:05.91
04:43:51 SQL> select /*+ index_ffs(PSP_LIABILITY_CHECK_LINE PSP_LIABILITY_CHECK_LINE_FK1) parallel_index(PSP_LIABILITY_CHECK_LINE PSP_LIABILITY_CHECK_LINE_FK1)*/ count(*) from pspadm.PSP_LIABILITY_CHECK_LINE PSP_LIABILITY_CHECK_LINE;

  COUNT(*)                                                                      
----------                                                                      
 444658229                                                                      

1 row selected.

Elapsed: 00:51:14.35
05:35:05 SQL> select /*+ index_ffs(PSP_LIABILITY_CHECK_LINE PSP_LIABILITY_CHECK_LINE_FK2) parallel_index(PSP_LIABILITY_CHECK_LINE PSP_LIABILITY_CHECK_LINE_FK2)*/ count(*) from pspadm.PSP_LIABILITY_CHECK_LINE PSP_LIABILITY_CHECK_LINE;

  COUNT(*)                                                                      
----------                                                                      
 444658229                                                                      

1 row selected.

Elapsed: 00:01:46.88
05:36:52 SQL> select /*+ index_ffs(PSP_LIABILITY_CHECK_LINE PSP_LIABILITY_CHECK_LINE_FK4) parallel_index(PSP_LIABILITY_CHECK_LINE PSP_LIABILITY_CHECK_LINE_FK4)*/ count(*) from pspadm.PSP_LIABILITY_CHECK_LINE PSP_LIABILITY_CHECK_LINE;

  COUNT(*)                                                                      
----------                                                                      
 444658229                                                                      

1 row selected.

Elapsed: 00:00:18.85
05:37:11 SQL> select /*+ index_ffs(PSP_LIABILITY_CHECK_LINE SYS_C0020612) parallel_index(PSP_LIABILITY_CHECK_LINE SYS_C0020612)*/ count(*) from pspadm.PSP_LIABILITY_CHECK_LINE PSP_LIABILITY_CHECK_LINE;

  COUNT(*)                                                                      
----------                                                                      
 444658229                                                                      

1 row selected.

Elapsed: 00:00:18.84
05:37:30 SQL> select /*+ index_ffs(PSP_LIAB_CHECK_BILLING_ASSOC PSP_LIABILITY_CHECK_BILLIN_FK1) parallel_index(PSP_LIAB_CHECK_BILLING_ASSOC PSP_LIABILITY_CHECK_BILLIN_FK1)*/ count(*) from pspadm.PSP_LIAB_CHECK_BILLING_ASSOC PSP_LIAB_CHECK_BILLING_ASSOC;

  COUNT(*)                                                                      
----------                                                                      
 120783054                                                                      

1 row selected.

Elapsed: 00:13:26.39
05:50:56 SQL> select /*+ index_ffs(PSP_LIAB_CHECK_BILLING_ASSOC PSP_LIABILITY_CHECK_BILLIN_FK2) parallel_index(PSP_LIAB_CHECK_BILLING_ASSOC PSP_LIABILITY_CHECK_BILLIN_FK2)*/ count(*) from pspadm.PSP_LIAB_CHECK_BILLING_ASSOC PSP_LIAB_CHECK_BILLING_ASSOC;

  COUNT(*)                                                                      
----------                                                                      
 120783054                                                                      

1 row selected.

Elapsed: 00:00:05.27
05:51:02 SQL> select /*+ index_ffs(PSP_LIAB_CHECK_BILLING_ASSOC SYS_C0020683) parallel_index(PSP_LIAB_CHECK_BILLING_ASSOC SYS_C0020683)*/ count(*) from pspadm.PSP_LIAB_CHECK_BILLING_ASSOC PSP_LIAB_CHECK_BILLING_ASSOC;

  COUNT(*)                                                                      
----------                                                                      
 120783054                                                                      

1 row selected.

Elapsed: 00:00:05.26
05:51:07 SQL> select /*+ index_ffs(PSP_LIMIT_RULE SYS_C0020681) parallel_index(PSP_LIMIT_RULE SYS_C0020681)*/ count(*) from pspadm.PSP_LIMIT_RULE PSP_LIMIT_RULE;

  COUNT(*)                                                                      
----------                                                                      
         6                                                                      

1 row selected.

Elapsed: 00:00:00.18
05:51:07 SQL> select /*+ index_ffs(PSP_LIMIT_VALUE PSP_LIMIT_VALUE_FK1) parallel_index(PSP_LIMIT_VALUE PSP_LIMIT_VALUE_FK1)*/ count(*) from pspadm.PSP_LIMIT_VALUE PSP_LIMIT_VALUE;

  COUNT(*)                                                                      
----------                                                                      
       135                                                                      

1 row selected.

Elapsed: 00:00:00.00
05:51:07 SQL> select /*+ index_ffs(PSP_LIMIT_VALUE SYS_C0020682) parallel_index(PSP_LIMIT_VALUE SYS_C0020682)*/ count(*) from pspadm.PSP_LIMIT_VALUE PSP_LIMIT_VALUE;

  COUNT(*)                                                                      
----------                                                                      
       135                                                                      

1 row selected.

Elapsed: 00:00:00.00
05:51:07 SQL> select /*+ index_ffs(PSP_MANUAL_REQUIREMENT SYS_C0020650) parallel_index(PSP_MANUAL_REQUIREMENT SYS_C0020650)*/ count(*) from pspadm.PSP_MANUAL_REQUIREMENT PSP_MANUAL_REQUIREMENT;

  COUNT(*)                                                                      
----------                                                                      
        34                                                                      

1 row selected.

Elapsed: 00:00:00.01
05:51:07 SQL> select /*+ index_ffs(PSP_MESSAGE_LOG SYS_C0060128) parallel_index(PSP_MESSAGE_LOG SYS_C0060128)*/ count(*) from pspadm.PSP_MESSAGE_LOG PSP_MESSAGE_LOG;

  COUNT(*)                                                                      
----------                                                                      
    333975                                                                      

1 row selected.

Elapsed: 00:00:02.16
05:51:09 SQL> select /*+ index_ffs(PSP_MONEY_MOVEMENT_TRANSACTION PSP_MM_TRANSACTION_I1) parallel_index(PSP_MONEY_MOVEMENT_TRANSACTION PSP_MM_TRANSACTION_I1)*/ count(*) from pspadm.PSP_MONEY_MOVEMENT_TRANSACTION PSP_MONEY_MOVEMENT_TRANSACTION;

  COUNT(*)                                                                      
----------                                                                      
1363172577                                                                      

1 row selected.

Elapsed: 00:26:33.38
06:17:43 SQL> select /*+ index_ffs(PSP_MONEY_MOVEMENT_TRANSACTION PSP_MM_TRANSACTION_I10) parallel_index(PSP_MONEY_MOVEMENT_TRANSACTION PSP_MM_TRANSACTION_I10)*/ count(*) from pspadm.PSP_MONEY_MOVEMENT_TRANSACTION PSP_MONEY_MOVEMENT_TRANSACTION;

  COUNT(*)                                                                      
----------                                                                      
1363172577                                                                      

1 row selected.

Elapsed: 01:33:11.36
07:50:54 SQL> select /*+ index_ffs(PSP_MONEY_MOVEMENT_TRANSACTION PSP_MM_TRANSACTION_I2) parallel_index(PSP_MONEY_MOVEMENT_TRANSACTION PSP_MM_TRANSACTION_I2)*/ count(*) from pspadm.PSP_MONEY_MOVEMENT_TRANSACTION PSP_MONEY_MOVEMENT_TRANSACTION;

  COUNT(*)                                                                      
----------                                                                      
1363172577                                                                      

1 row selected.

Elapsed: 00:10:23.80
08:01:18 SQL> select /*+ index_ffs(PSP_MONEY_MOVEMENT_TRANSACTION PSP_MM_TRANSACTION_I3) parallel_index(PSP_MONEY_MOVEMENT_TRANSACTION PSP_MM_TRANSACTION_I3)*/ count(*) from pspadm.PSP_MONEY_MOVEMENT_TRANSACTION PSP_MONEY_MOVEMENT_TRANSACTION;

  COUNT(*)                                                                      
----------                                                                      
1363172577                                                                      

1 row selected.

Elapsed: 00:09:49.30
08:11:07 SQL> select /*+ index_ffs(PSP_MONEY_MOVEMENT_TRANSACTION PSP_MM_TRANSACTION_I4) parallel_index(PSP_MONEY_MOVEMENT_TRANSACTION PSP_MM_TRANSACTION_I4)*/ count(*) from pspadm.PSP_MONEY_MOVEMENT_TRANSACTION PSP_MONEY_MOVEMENT_TRANSACTION;

  COUNT(*)                                                                      
----------                                                                      
1363172577                                                                      

1 row selected.

Elapsed: 00:12:36.90
08:23:44 SQL> select /*+ index_ffs(PSP_MONEY_MOVEMENT_TRANSACTION PSP_MM_TRANSACTION_I5) parallel_index(PSP_MONEY_MOVEMENT_TRANSACTION PSP_MM_TRANSACTION_I5)*/ count(*) from pspadm.PSP_MONEY_MOVEMENT_TRANSACTION PSP_MONEY_MOVEMENT_TRANSACTION;

  COUNT(*)                                                                      
----------                                                                      
1363172577                                                                      

1 row selected.

Elapsed: 00:00:50.91
08:24:35 SQL> select /*+ index_ffs(PSP_MONEY_MOVEMENT_TRANSACTION PSP_MM_TRANSACTION_I9) parallel_index(PSP_MONEY_MOVEMENT_TRANSACTION PSP_MM_TRANSACTION_I9)*/ count(*) from pspadm.PSP_MONEY_MOVEMENT_TRANSACTION PSP_MONEY_MOVEMENT_TRANSACTION;

  COUNT(*)                                                                      
----------                                                                      
1363172577                                                                      

1 row selected.

Elapsed: 00:00:50.24
08:25:25 SQL> select /*+ index_ffs(PSP_MONEY_MOVEMENT_TRANSACTION PSP_MONEYMOVEMENTTRANSACTI_FK1) parallel_index(PSP_MONEY_MOVEMENT_TRANSACTION PSP_MONEYMOVEMENTTRANSACTI_FK1)*/ count(*) from pspadm.PSP_MONEY_MOVEMENT_TRANSACTION PSP_MONEY_MOVEMENT_TRANSACTION;

  COUNT(*)                                                                      
----------                                                                      
1363172577                                                                      

1 row selected.

Elapsed: 00:07:20.38
08:32:46 SQL> select /*+ index_ffs(PSP_MONEY_MOVEMENT_TRANSACTION PSP_MONEY_MOVEMENT_TRANSAC_FK2) parallel_index(PSP_MONEY_MOVEMENT_TRANSACTION PSP_MONEY_MOVEMENT_TRANSAC_FK2)*/ count(*) from pspadm.PSP_MONEY_MOVEMENT_TRANSACTION PSP_MONEY_MOVEMENT_TRANSACTION;

  COUNT(*)                                                                      
----------                                                                      
1363172577                                                                      

1 row selected.

Elapsed: 00:07:52.08
08:40:38 SQL> select /*+ index_ffs(PSP_MONEY_MOVEMENT_TRANSACTION PSP_MONEY_MOVEMENT_TRANSAC_FK3) parallel_index(PSP_MONEY_MOVEMENT_TRANSACTION PSP_MONEY_MOVEMENT_TRANSAC_FK3)*/ count(*) from pspadm.PSP_MONEY_MOVEMENT_TRANSACTION PSP_MONEY_MOVEMENT_TRANSACTION;

  COUNT(*)                                                                      
----------                                                                      
1363172577                                                                      

1 row selected.

Elapsed: 00:00:55.29
08:41:33 SQL> select /*+ index_ffs(PSP_MONEY_MOVEMENT_TRANSACTION PSP_MONEY_MOVEMENT_TRANSAC_FK6) parallel_index(PSP_MONEY_MOVEMENT_TRANSACTION PSP_MONEY_MOVEMENT_TRANSAC_FK6)*/ count(*) from pspadm.PSP_MONEY_MOVEMENT_TRANSACTION PSP_MONEY_MOVEMENT_TRANSACTION;

  COUNT(*)                                                                      
----------                                                                      
1363172577                                                                      

1 row selected.

Elapsed: 00:00:53.65
08:42:27 SQL> select /*+ index_ffs(PSP_MONEY_MOVEMENT_TRANSACTION SYS_C008717) parallel_index(PSP_MONEY_MOVEMENT_TRANSACTION SYS_C008717)*/ count(*) from pspadm.PSP_MONEY_MOVEMENT_TRANSACTION PSP_MONEY_MOVEMENT_TRANSACTION;

  COUNT(*)                                                                      
----------                                                                      
1363172577                                                                      

1 row selected.

Elapsed: 00:00:50.72
08:43:17 SQL> select /*+ index_ffs(PSP_NACHAFILE PSP_NACHAFILE_FK1) parallel_index(PSP_NACHAFILE PSP_NACHAFILE_FK1)*/ count(*) from pspadm.PSP_NACHAFILE PSP_NACHAFILE;

  COUNT(*)                                                                      
----------                                                                      
     33624                                                                      

1 row selected.

Elapsed: 00:00:00.28
08:43:18 SQL> select /*+ index_ffs(PSP_NACHAFILE SYS_C0020470) parallel_index(PSP_NACHAFILE SYS_C0020470)*/ count(*) from pspadm.PSP_NACHAFILE PSP_NACHAFILE;

  COUNT(*)                                                                      
----------                                                                      
     33624                                                                      

1 row selected.

Elapsed: 00:00:00.00
08:43:18 SQL> select /*+ index_ffs(PSP_OFFER SYS_C0020471) parallel_index(PSP_OFFER SYS_C0020471)*/ count(*) from pspadm.PSP_OFFER PSP_OFFER;

  COUNT(*)                                                                      
----------                                                                      
        48                                                                      

1 row selected.

Elapsed: 00:00:00.24
08:43:18 SQL> select /*+ index_ffs(PSP_OFFERING PSP_OFFERING_FK1) parallel_index(PSP_OFFERING PSP_OFFERING_FK1)*/ count(*) from pspadm.PSP_OFFERING PSP_OFFERING;

  COUNT(*)                                                                      
----------                                                                      
        92                                                                      

1 row selected.

Elapsed: 00:00:00.08
08:43:18 SQL> select /*+ index_ffs(PSP_OFFERING PSP_OFFERING_FK2) parallel_index(PSP_OFFERING PSP_OFFERING_FK2)*/ count(*) from pspadm.PSP_OFFERING PSP_OFFERING;

  COUNT(*)                                                                      
----------                                                                      
        92                                                                      

1 row selected.

Elapsed: 00:00:00.01
08:43:18 SQL> select /*+ index_ffs(PSP_OFFERING SYS_C0020472) parallel_index(PSP_OFFERING SYS_C0020472)*/ count(*) from pspadm.PSP_OFFERING PSP_OFFERING;

  COUNT(*)                                                                      
----------                                                                      
        92                                                                      

1 row selected.

Elapsed: 00:00:00.00
08:43:18 SQL> select /*+ index_ffs(PSP_OFFERING_SVCCHG PSP_OFFERING_SVCCHG_FK) parallel_index(PSP_OFFERING_SVCCHG PSP_OFFERING_SVCCHG_FK)*/ count(*) from pspadm.PSP_OFFERING_SVCCHG PSP_OFFERING_SVCCHG;

  COUNT(*)                                                                      
----------                                                                      
      1438                                                                      

1 row selected.

Elapsed: 00:00:00.03
08:43:18 SQL> select /*+ index_ffs(PSP_OFFERING_SVCCHG SYS_C0020473) parallel_index(PSP_OFFERING_SVCCHG SYS_C0020473)*/ count(*) from pspadm.PSP_OFFERING_SVCCHG PSP_OFFERING_SVCCHG;

  COUNT(*)                                                                      
----------                                                                      
      1438                                                                      

1 row selected.

Elapsed: 00:00:00.00
08:43:18 SQL> select /*+ index_ffs(PSP_OFFERING_SVCCHG_GRP PSP_OFFERING_SVCCHG_GRP_FK) parallel_index(PSP_OFFERING_SVCCHG_GRP PSP_OFFERING_SVCCHG_GRP_FK)*/ count(*) from pspadm.PSP_OFFERING_SVCCHG_GRP PSP_OFFERING_SVCCHG_GRP;

  COUNT(*)                                                                      
----------                                                                      
      1430                                                                      

1 row selected.

Elapsed: 00:00:00.01
08:43:18 SQL> select /*+ index_ffs(PSP_OFFERING_SVCCHG_GRP SYS_C0020474) parallel_index(PSP_OFFERING_SVCCHG_GRP SYS_C0020474)*/ count(*) from pspadm.PSP_OFFERING_SVCCHG_GRP PSP_OFFERING_SVCCHG_GRP;

  COUNT(*)                                                                      
----------                                                                      
      1430                                                                      

1 row selected.

Elapsed: 00:00:00.00
08:43:18 SQL> select /*+ index_ffs(PSP_OFFER_PRICE PSP_OFFER_PRICE_FK1) parallel_index(PSP_OFFER_PRICE PSP_OFFER_PRICE_FK1)*/ count(*) from pspadm.PSP_OFFER_PRICE PSP_OFFER_PRICE;

  COUNT(*)                                                                      
----------                                                                      
        33                                                                      

1 row selected.

Elapsed: 00:00:00.00
08:43:18 SQL> select /*+ index_ffs(PSP_OFFER_PRICE SYS_C0020528) parallel_index(PSP_OFFER_PRICE SYS_C0020528)*/ count(*) from pspadm.PSP_OFFER_PRICE PSP_OFFER_PRICE;

  COUNT(*)                                                                      
----------                                                                      
        33                                                                      

1 row selected.

Elapsed: 00:00:00.01
08:43:18 SQL> select /*+ index_ffs(PSP_OFFER_SVCCHG_ASSOC PSP_OFFER_SVCCHG_FK_OFFER) parallel_index(PSP_OFFER_SVCCHG_ASSOC PSP_OFFER_SVCCHG_FK_OFFER)*/ count(*) from pspadm.PSP_OFFER_SVCCHG_ASSOC PSP_OFFER_SVCCHG_ASSOC;

  COUNT(*)                                                                      
----------                                                                      
      2170                                                                      

1 row selected.

Elapsed: 00:00:00.25
08:43:18 SQL> select /*+ index_ffs(PSP_OFFER_SVCCHG_ASSOC PSP_OFFER_SVCCHG_FK_SVCCHG) parallel_index(PSP_OFFER_SVCCHG_ASSOC PSP_OFFER_SVCCHG_FK_SVCCHG)*/ count(*) from pspadm.PSP_OFFER_SVCCHG_ASSOC PSP_OFFER_SVCCHG_ASSOC;

  COUNT(*)                                                                      
----------                                                                      
      2170                                                                      

1 row selected.

Elapsed: 00:00:00.06
08:43:18 SQL> select /*+ index_ffs(PSP_OFFER_SVCCHG_ASSOC SYS_C0020521) parallel_index(PSP_OFFER_SVCCHG_ASSOC SYS_C0020521)*/ count(*) from pspadm.PSP_OFFER_SVCCHG_ASSOC PSP_OFFER_SVCCHG_ASSOC;

  COUNT(*)                                                                      
----------                                                                      
      2170                                                                      

1 row selected.

Elapsed: 00:00:00.00
08:43:18 SQL> select /*+ index_ffs(PSP_OFFLOAD_BATCH PSP_OFFLOAD_BATCH_FK1) parallel_index(PSP_OFFLOAD_BATCH PSP_OFFLOAD_BATCH_FK1)*/ count(*) from pspadm.PSP_OFFLOAD_BATCH PSP_OFFLOAD_BATCH;

  COUNT(*)                                                                      
----------                                                                      
     19208                                                                      

1 row selected.

Elapsed: 00:00:00.64
08:43:19 SQL> select /*+ index_ffs(PSP_OFFLOAD_BATCH SYS_C0020492) parallel_index(PSP_OFFLOAD_BATCH SYS_C0020492)*/ count(*) from pspadm.PSP_OFFLOAD_BATCH PSP_OFFLOAD_BATCH;

  COUNT(*)                                                                      
----------                                                                      
     19208                                                                      

1 row selected.

Elapsed: 00:00:00.00
08:43:19 SQL> select /*+ index_ffs(PSP_OFFLOAD_GROUP SYS_C0020493) parallel_index(PSP_OFFLOAD_GROUP SYS_C0020493)*/ count(*) from pspadm.PSP_OFFLOAD_GROUP PSP_OFFLOAD_GROUP;

  COUNT(*)                                                                      
----------                                                                      
         4                                                                      

1 row selected.

Elapsed: 00:00:00.01
08:43:19 SQL> select /*+ index_ffs(PSP_ON_HOLD_REASON PSP_ON_HOLD_REASON_FK1) parallel_index(PSP_ON_HOLD_REASON PSP_ON_HOLD_REASON_FK1)*/ count(*) from pspadm.PSP_ON_HOLD_REASON PSP_ON_HOLD_REASON;

  COUNT(*)                                                                      
----------                                                                      
    539676                                                                      

1 row selected.

Elapsed: 00:00:02.97
08:43:22 SQL> select /*+ index_ffs(PSP_ON_HOLD_REASON SYS_C0020586) parallel_index(PSP_ON_HOLD_REASON SYS_C0020586)*/ count(*) from pspadm.PSP_ON_HOLD_REASON PSP_ON_HOLD_REASON;

  COUNT(*)                                                                      
----------                                                                      
    539676                                                                      

1 row selected.

Elapsed: 00:00:00.03
08:43:22 SQL> select /*+ index_ffs(PSP_OWNERSHIP_TYPE SYS_C00105738) parallel_index(PSP_OWNERSHIP_TYPE SYS_C00105738)*/ count(*) from pspadm.PSP_OWNERSHIP_TYPE PSP_OWNERSHIP_TYPE;

  COUNT(*)                                                                      
----------                                                                      
        12                                                                      

1 row selected.

Elapsed: 00:00:00.00
08:43:22 SQL> select /*+ index_ffs(PSP_PAYCHECK PSP_PAYCHECK_FK1) parallel_index(PSP_PAYCHECK PSP_PAYCHECK_FK1)*/ count(*) from pspadm.PSP_PAYCHECK PSP_PAYCHECK;

  COUNT(*)                                                                      
----------                                                                      
1931406908                                                                      

1 row selected.

Elapsed: 01:52:57.57
10:36:20 SQL> select /*+ index_ffs(PSP_PAYCHECK PSP_PAYCHECK_FK2) parallel_index(PSP_PAYCHECK PSP_PAYCHECK_FK2)*/ count(*) from pspadm.PSP_PAYCHECK PSP_PAYCHECK;

  COUNT(*)                                                                      
----------                                                                      
1931406908                                                                      

1 row selected.

Elapsed: 00:18:23.53
10:54:43 SQL> select /*+ index_ffs(PSP_PAYCHECK PSP_PAYCHECK_FK3) parallel_index(PSP_PAYCHECK PSP_PAYCHECK_FK3)*/ count(*) from pspadm.PSP_PAYCHECK PSP_PAYCHECK;

  COUNT(*)                                                                      
----------                                                                      
1931406908                                                                      

1 row selected.

Elapsed: 00:14:48.96
11:09:32 SQL> select /*+ index_ffs(PSP_PAYCHECK PSP_PAYCHECK_FK4) parallel_index(PSP_PAYCHECK PSP_PAYCHECK_FK4)*/ count(*) from pspadm.PSP_PAYCHECK PSP_PAYCHECK;

  COUNT(*)                                                                      
----------                                                                      
1931406908                                                                      

1 row selected.

Elapsed: 00:12:24.83
11:21:57 SQL> select /*+ index_ffs(PSP_PAYCHECK PSP_PAYCHECK_I1) parallel_index(PSP_PAYCHECK PSP_PAYCHECK_I1)*/ count(*) from pspadm.PSP_PAYCHECK PSP_PAYCHECK;

  COUNT(*)                                                                      
----------                                                                      
1931406908                                                                      

1 row selected.

Elapsed: 00:01:15.94
11:23:13 SQL> select /*+ index_ffs(PSP_PAYCHECK PSP_PAYCHECK_I2) parallel_index(PSP_PAYCHECK PSP_PAYCHECK_I2)*/ count(*) from pspadm.PSP_PAYCHECK PSP_PAYCHECK;

  COUNT(*)                                                                      
----------                                                                      
1931406908                                                                      

1 row selected.

Elapsed: 00:02:25.06
11:25:38 SQL> select /*+ index_ffs(PSP_PAYCHECK PSP_PAYCHECK_U1) parallel_index(PSP_PAYCHECK PSP_PAYCHECK_U1)*/ count(*) from pspadm.PSP_PAYCHECK PSP_PAYCHECK;

  COUNT(*)                                                                      
----------                                                                      
1931406908                                                                      

1 row selected.

Elapsed: 00:01:23.07
11:27:01 SQL> select /*+ index_ffs(PSP_PAYCHECK SYS_C008737) parallel_index(PSP_PAYCHECK SYS_C008737)*/ count(*) from pspadm.PSP_PAYCHECK PSP_PAYCHECK;

  COUNT(*)                                                                      
----------                                                                      
1931406908                                                                      

1 row selected.

Elapsed: 00:01:18.98
11:28:20 SQL> select /*+ index_ffs(PSP_PAYCHECK_SPLIT PSP_PAYCHECK_SPLIT_FK1) parallel_index(PSP_PAYCHECK_SPLIT PSP_PAYCHECK_SPLIT_FK1)*/ count(*) from pspadm.PSP_PAYCHECK_SPLIT PSP_PAYCHECK_SPLIT;

  COUNT(*)                                                                      
----------                                                                      
1291803294                                                                      

1 row selected.

Elapsed: 00:49:00.69
12:17:21 SQL> select /*+ index_ffs(PSP_PAYCHECK_SPLIT PSP_PAYCHECK_SPLIT_FK2) parallel_index(PSP_PAYCHECK_SPLIT PSP_PAYCHECK_SPLIT_FK2)*/ count(*) from pspadm.PSP_PAYCHECK_SPLIT PSP_PAYCHECK_SPLIT;

  COUNT(*)                                                                      
----------                                                                      
1291803294                                                                      

1 row selected.

Elapsed: 00:08:30.56
12:25:51 SQL> select /*+ index_ffs(PSP_PAYCHECK_SPLIT PSP_PAYCHECK_SPLIT_FK3) parallel_index(PSP_PAYCHECK_SPLIT PSP_PAYCHECK_SPLIT_FK3)*/ count(*) from pspadm.PSP_PAYCHECK_SPLIT PSP_PAYCHECK_SPLIT;

  COUNT(*)                                                                      
----------                                                                      
1291803294                                                                      

1 row selected.

Elapsed: 00:01:17.04
12:27:08 SQL> select /*+ index_ffs(PSP_PAYCHECK_SPLIT PSP_PAYCHECK_SPLIT_U1) parallel_index(PSP_PAYCHECK_SPLIT PSP_PAYCHECK_SPLIT_U1)*/ count(*) from pspadm.PSP_PAYCHECK_SPLIT PSP_PAYCHECK_SPLIT;

  COUNT(*)                                                                      
----------                                                                      
1291803294                                                                      

1 row selected.

Elapsed: 00:07:59.83
12:35:08 SQL> select /*+ index_ffs(PSP_PAYCHECK_SPLIT SYS_C008745) parallel_index(PSP_PAYCHECK_SPLIT SYS_C008745)*/ count(*) from pspadm.PSP_PAYCHECK_SPLIT PSP_PAYCHECK_SPLIT;

  COUNT(*)                                                                      
----------                                                                      
1291803294                                                                      

1 row selected.

Elapsed: 00:00:47.44
12:35:55 SQL> select /*+ index_ffs(PSP_PAYCHECK_USAGE PSP_PAYCHECKUSAGE_FK1) parallel_index(PSP_PAYCHECK_USAGE PSP_PAYCHECKUSAGE_FK1)*/ count(*) from pspadm.PSP_PAYCHECK_USAGE PSP_PAYCHECK_USAGE;

  COUNT(*)                                                                      
----------                                                                      
 820544075                                                                      

1 row selected.

Elapsed: 00:44:32.55
13:20:28 SQL> select /*+ index_ffs(PSP_PAYCHECK_USAGE PSP_PAYCHECKUSAGE_FK2) parallel_index(PSP_PAYCHECK_USAGE PSP_PAYCHECKUSAGE_FK2)*/ count(*) from pspadm.PSP_PAYCHECK_USAGE PSP_PAYCHECK_USAGE;

  COUNT(*)                                                                      
----------                                                                      
 820544075                                                                      

1 row selected.

Elapsed: 00:02:37.52
13:23:06 SQL> select /*+ index_ffs(PSP_PAYCHECK_USAGE PSP_PAYCHECK_USAGE_FK1) parallel_index(PSP_PAYCHECK_USAGE PSP_PAYCHECK_USAGE_FK1)*/ count(*) from pspadm.PSP_PAYCHECK_USAGE PSP_PAYCHECK_USAGE;

  COUNT(*)                                                                      
----------                                                                      
 820544075                                                                      

1 row selected.

Elapsed: 00:00:38.71
13:23:44 SQL> select /*+ index_ffs(PSP_PAYCHECK_USAGE PSP_PAYCHECK_USAGE_NU1) parallel_index(PSP_PAYCHECK_USAGE PSP_PAYCHECK_USAGE_NU1)*/ count(*) from pspadm.PSP_PAYCHECK_USAGE PSP_PAYCHECK_USAGE;

  COUNT(*)                                                                      
----------                                                                      
 820544075                                                                      

1 row selected.

Elapsed: 00:00:43.66
13:24:28 SQL> select /*+ index_ffs(PSP_PAYCHECK_USAGE PSP_PAYCHECK_USAGE_U1) parallel_index(PSP_PAYCHECK_USAGE PSP_PAYCHECK_USAGE_U1)*/ count(*) from pspadm.PSP_PAYCHECK_USAGE PSP_PAYCHECK_USAGE;

  COUNT(*)                                                                      
----------                                                                      
 820544075                                                                      

1 row selected.

Elapsed: 00:00:41.38
13:25:09 SQL> select /*+ index_ffs(PSP_PAYCHECK_USAGE SYS_C0020691) parallel_index(PSP_PAYCHECK_USAGE SYS_C0020691)*/ count(*) from pspadm.PSP_PAYCHECK_USAGE PSP_PAYCHECK_USAGE;

  COUNT(*)                                                                      
----------                                                                      
 820544075                                                                      

1 row selected.

Elapsed: 00:00:41.86
13:25:51 SQL> select /*+ index_ffs(PSP_PAYCHECK_USAGE_HIST PSP_PAYCHECK_USAGE_HIST_FK1) parallel_index(PSP_PAYCHECK_USAGE_HIST PSP_PAYCHECK_USAGE_HIST_FK1)*/ count(*) from pspadm.PSP_PAYCHECK_USAGE_HIST PSP_PAYCHECK_USAGE_HIST;

  COUNT(*)                                                                      
----------                                                                      
   2478013                                                                      

1 row selected.

Elapsed: 00:00:05.80
13:25:57 SQL> select /*+ index_ffs(PSP_PAYCHECK_USAGE_HIST PSP_PAYCHECK_USAGE_HIST_FK2) parallel_index(PSP_PAYCHECK_USAGE_HIST PSP_PAYCHECK_USAGE_HIST_FK2)*/ count(*) from pspadm.PSP_PAYCHECK_USAGE_HIST PSP_PAYCHECK_USAGE_HIST;

  COUNT(*)                                                                      
----------                                                                      
   2478013                                                                      

1 row selected.

Elapsed: 00:00:00.11
13:25:57 SQL> select /*+ index_ffs(PSP_PAYCHECK_USAGE_HIST SYS_C0032991) parallel_index(PSP_PAYCHECK_USAGE_HIST SYS_C0032991)*/ count(*) from pspadm.PSP_PAYCHECK_USAGE_HIST PSP_PAYCHECK_USAGE_HIST;

  COUNT(*)                                                                      
----------                                                                      
   2478013                                                                      

1 row selected.

Elapsed: 00:00:00.11
13:25:57 SQL> select /*+ index_ffs(PSP_PAYEE PSP_PAYEE_FK1) parallel_index(PSP_PAYEE PSP_PAYEE_FK1)*/ count(*) from pspadm.PSP_PAYEE PSP_PAYEE;

  COUNT(*)                                                                      
----------                                                                      
   2730405                                                                      

1 row selected.

Elapsed: 00:00:07.90
13:26:05 SQL> select /*+ index_ffs(PSP_PAYEE PSP_PAYEE_FK2) parallel_index(PSP_PAYEE PSP_PAYEE_FK2)*/ count(*) from pspadm.PSP_PAYEE PSP_PAYEE;

  COUNT(*)                                                                      
----------                                                                      
   2730405                                                                      

1 row selected.

Elapsed: 00:00:00.13
13:26:05 SQL> select /*+ index_ffs(PSP_PAYEE SYS_C0020566) parallel_index(PSP_PAYEE SYS_C0020566)*/ count(*) from pspadm.PSP_PAYEE PSP_PAYEE;

  COUNT(*)                                                                      
----------                                                                      
   2730405                                                                      

1 row selected.

Elapsed: 00:00:00.12
13:26:05 SQL> select /*+ index_ffs(PSP_PAYEE_BANK_ACCOUNT PSP_PAYEE_BANK_ACCOUNT_FK1) parallel_index(PSP_PAYEE_BANK_ACCOUNT PSP_PAYEE_BANK_ACCOUNT_FK1)*/ count(*) from pspadm.PSP_PAYEE_BANK_ACCOUNT PSP_PAYEE_BANK_ACCOUNT;

  COUNT(*)                                                                      
----------                                                                      
   2899424                                                                      

1 row selected.

Elapsed: 00:00:08.26
13:26:14 SQL> select /*+ index_ffs(PSP_PAYEE_BANK_ACCOUNT PSP_PAYEE_BANK_ACCOUNT_FK2) parallel_index(PSP_PAYEE_BANK_ACCOUNT PSP_PAYEE_BANK_ACCOUNT_FK2)*/ count(*) from pspadm.PSP_PAYEE_BANK_ACCOUNT PSP_PAYEE_BANK_ACCOUNT;

  COUNT(*)                                                                      
----------                                                                      
   2899424                                                                      

1 row selected.

Elapsed: 00:00:00.13
13:26:14 SQL> select /*+ index_ffs(PSP_PAYEE_BANK_ACCOUNT SYS_C0020568) parallel_index(PSP_PAYEE_BANK_ACCOUNT SYS_C0020568)*/ count(*) from pspadm.PSP_PAYEE_BANK_ACCOUNT PSP_PAYEE_BANK_ACCOUNT;

  COUNT(*)                                                                      
----------                                                                      
   2899424                                                                      

1 row selected.

Elapsed: 00:00:00.14
13:26:14 SQL> select /*+ index_ffs(PSP_PAYMENT_BATCH_ASSOC PSP_PAYMENT_BATCH_ASSOC_FK1) parallel_index(PSP_PAYMENT_BATCH_ASSOC PSP_PAYMENT_BATCH_ASSOC_FK1)*/ count(*) from pspadm.PSP_PAYMENT_BATCH_ASSOC PSP_PAYMENT_BATCH_ASSOC;

  COUNT(*)                                                                      
----------                                                                      
    537597                                                                      

1 row selected.

Elapsed: 00:00:01.60
13:26:15 SQL> select /*+ index_ffs(PSP_PAYMENT_BATCH_ASSOC PSP_PAYMENT_BATCH_ASSOC_FK2) parallel_index(PSP_PAYMENT_BATCH_ASSOC PSP_PAYMENT_BATCH_ASSOC_FK2)*/ count(*) from pspadm.PSP_PAYMENT_BATCH_ASSOC PSP_PAYMENT_BATCH_ASSOC;

  COUNT(*)                                                                      
----------                                                                      
    537597                                                                      

1 row selected.

Elapsed: 00:00:00.03
13:26:15 SQL> select /*+ index_ffs(PSP_PAYMENT_BATCH_ASSOC SYS_C0020652) parallel_index(PSP_PAYMENT_BATCH_ASSOC SYS_C0020652)*/ count(*) from pspadm.PSP_PAYMENT_BATCH_ASSOC PSP_PAYMENT_BATCH_ASSOC;

  COUNT(*)                                                                      
----------                                                                      
    537597                                                                      

1 row selected.

Elapsed: 00:00:00.02
13:26:15 SQL> select /*+ index_ffs(PSP_PAYMENT_METHOD_REQUIREMENT PSP_PAYMENTMETHODREQUIREME_FK1) parallel_index(PSP_PAYMENT_METHOD_REQUIREMENT PSP_PAYMENTMETHODREQUIREME_FK1)*/ count(*) from pspadm.PSP_PAYMENT_METHOD_REQUIREMENT PSP_PAYMENT_METHOD_REQUIREMENT;

  COUNT(*)                                                                      
----------                                                                      
       139                                                                      

1 row selected.

Elapsed: 00:00:00.00
13:26:15 SQL> select /*+ index_ffs(PSP_PAYMENT_METHOD_REQUIREMENT SYS_C0020647) parallel_index(PSP_PAYMENT_METHOD_REQUIREMENT SYS_C0020647)*/ count(*) from pspadm.PSP_PAYMENT_METHOD_REQUIREMENT PSP_PAYMENT_METHOD_REQUIREMENT;

  COUNT(*)                                                                      
----------                                                                      
       139                                                                      

1 row selected.

Elapsed: 00:00:00.01
13:26:15 SQL> select /*+ index_ffs(PSP_PAYMENT_REQUIREMENT SYS_C0020658) parallel_index(PSP_PAYMENT_REQUIREMENT SYS_C0020658)*/ count(*) from pspadm.PSP_PAYMENT_REQUIREMENT PSP_PAYMENT_REQUIREMENT;

  COUNT(*)                                                                      
----------                                                                      
         5                                                                      

1 row selected.

Elapsed: 00:00:00.00
13:26:15 SQL> select /*+ index_ffs(PSP_PAYMENT_TEMPLATE PSP_PAYMENT_TEMPLATE_FK1) parallel_index(PSP_PAYMENT_TEMPLATE PSP_PAYMENT_TEMPLATE_FK1)*/ count(*) from pspadm.PSP_PAYMENT_TEMPLATE PSP_PAYMENT_TEMPLATE;

  COUNT(*)                                                                      
----------                                                                      
       149                                                                      

1 row selected.

Elapsed: 00:00:00.00
13:26:15 SQL> select /*+ index_ffs(PSP_PAYMENT_TEMPLATE SYS_C0020546) parallel_index(PSP_PAYMENT_TEMPLATE SYS_C0020546)*/ count(*) from pspadm.PSP_PAYMENT_TEMPLATE PSP_PAYMENT_TEMPLATE;

  COUNT(*)                                                                      
----------                                                                      
       149                                                                      

1 row selected.

Elapsed: 00:00:00.00
13:26:15 SQL> select /*+ index_ffs(PSP_PAYMENT_TEMPLATE_AGENCY_ID PSP_PAYMENT_TEMPLATE_AGENC_FK1) parallel_index(PSP_PAYMENT_TEMPLATE_AGENCY_ID PSP_PAYMENT_TEMPLATE_AGENC_FK1)*/ count(*) from pspadm.PSP_PAYMENT_TEMPLATE_AGENCY_ID PSP_PAYMENT_TEMPLATE_AGENCY_ID;

  COUNT(*)                                                                      
----------                                                                      
         5                                                                      

1 row selected.

Elapsed: 00:00:00.01
13:26:15 SQL> select /*+ index_ffs(PSP_PAYMENT_TEMPLATE_AGENCY_ID SYS_C0020646) parallel_index(PSP_PAYMENT_TEMPLATE_AGENCY_ID SYS_C0020646)*/ count(*) from pspadm.PSP_PAYMENT_TEMPLATE_AGENCY_ID PSP_PAYMENT_TEMPLATE_AGENCY_ID;

  COUNT(*)                                                                      
----------                                                                      
         5                                                                      

1 row selected.

Elapsed: 00:00:00.00
13:26:15 SQL> select /*+ index_ffs(PSP_PAYROLL_FRAUD_BATCH SYS_C0020588) parallel_index(PSP_PAYROLL_FRAUD_BATCH SYS_C0020588)*/ count(*) from pspadm.PSP_PAYROLL_FRAUD_BATCH PSP_PAYROLL_FRAUD_BATCH;

  COUNT(*)                                                                      
----------                                                                      
         0                                                                      

1 row selected.

Elapsed: 00:00:00.00
13:26:15 SQL> select /*+ index_ffs(PSP_PAYROLL_FREQUENCY SYS_C0020506) parallel_index(PSP_PAYROLL_FREQUENCY SYS_C0020506)*/ count(*) from pspadm.PSP_PAYROLL_FREQUENCY PSP_PAYROLL_FREQUENCY;

  COUNT(*)                                                                      
----------                                                                      
         8                                                                      

1 row selected.

Elapsed: 00:00:00.00
13:26:15 SQL> select /*+ index_ffs(PSP_PAYROLL_ITEM SYS_C0020572) parallel_index(PSP_PAYROLL_ITEM SYS_C0020572)*/ count(*) from pspadm.PSP_PAYROLL_ITEM PSP_PAYROLL_ITEM;

  COUNT(*)                                                                      
----------                                                                      
        18                                                                      

1 row selected.

Elapsed: 00:00:00.01
13:26:16 SQL> select /*+ index_ffs(PSP_PAYROLL_ITEM_TAXABLE_TO PSP_PAYROLL_ITEM_TAXABLE_T_FK1) parallel_index(PSP_PAYROLL_ITEM_TAXABLE_TO PSP_PAYROLL_ITEM_TAXABLE_T_FK1)*/ count(*) from pspadm.PSP_PAYROLL_ITEM_TAXABLE_TO PSP_PAYROLL_ITEM_TAXABLE_TO;

  COUNT(*)                                                                      
----------                                                                      
  38414566                                                                      

1 row selected.

Elapsed: 00:01:44.37
13:28:00 SQL> select /*+ index_ffs(PSP_PAYROLL_ITEM_TAXABLE_TO PSP_PAYROLL_ITEM_TAXABLE_T_FK2) parallel_index(PSP_PAYROLL_ITEM_TAXABLE_TO PSP_PAYROLL_ITEM_TAXABLE_T_FK2)*/ count(*) from pspadm.PSP_PAYROLL_ITEM_TAXABLE_TO PSP_PAYROLL_ITEM_TAXABLE_TO;

  COUNT(*)                                                                      
----------                                                                      
  38414566                                                                      

1 row selected.

Elapsed: 00:00:01.76
13:28:02 SQL> select /*+ index_ffs(PSP_PAYROLL_ITEM_TAXABLE_TO SYS_C0020611) parallel_index(PSP_PAYROLL_ITEM_TAXABLE_TO SYS_C0020611)*/ count(*) from pspadm.PSP_PAYROLL_ITEM_TAXABLE_TO PSP_PAYROLL_ITEM_TAXABLE_TO;

  COUNT(*)                                                                      
----------                                                                      
  38414566                                                                      

1 row selected.

Elapsed: 00:00:01.75
13:28:03 SQL> select /*+ index_ffs(PSP_PAYROLL_RUN PSP_PAYROLL_RUN_EECALCTOKEN) parallel_index(PSP_PAYROLL_RUN PSP_PAYROLL_RUN_EECALCTOKEN)*/ count(*) from pspadm.PSP_PAYROLL_RUN PSP_PAYROLL_RUN;

  COUNT(*)                                                                      
----------                                                                      
 310155212                                                                      

1 row selected.

Elapsed: 00:14:12.99
13:42:16 SQL> select /*+ index_ffs(PSP_PAYROLL_RUN PSP_PAYROLL_RUN_I1) parallel_index(PSP_PAYROLL_RUN PSP_PAYROLL_RUN_I1)*/ count(*) from pspadm.PSP_PAYROLL_RUN PSP_PAYROLL_RUN;

  COUNT(*)                                                                      
----------                                                                      
 310155212                                                                      

1 row selected.

Elapsed: 00:00:13.77
13:42:30 SQL> select /*+ index_ffs(PSP_PAYROLL_RUN PSP_PAYROLL_RUN_I2) parallel_index(PSP_PAYROLL_RUN PSP_PAYROLL_RUN_I2)*/ count(*) from pspadm.PSP_PAYROLL_RUN PSP_PAYROLL_RUN;

  COUNT(*)                                                                      
----------                                                                      
 310155212                                                                      

1 row selected.

Elapsed: 00:00:13.64
13:42:44 SQL> select /*+ index_ffs(PSP_PAYROLL_RUN PSP_PAYROLL_RUN_I3) parallel_index(PSP_PAYROLL_RUN PSP_PAYROLL_RUN_I3)*/ count(*) from pspadm.PSP_PAYROLL_RUN PSP_PAYROLL_RUN;

  COUNT(*)                                                                      
----------                                                                      
 310155212                                                                      

1 row selected.

Elapsed: 00:00:14.15
13:42:58 SQL> select /*+ index_ffs(PSP_PAYROLL_RUN PSP_PAYROLL_RUN_I4) parallel_index(PSP_PAYROLL_RUN PSP_PAYROLL_RUN_I4)*/ count(*) from pspadm.PSP_PAYROLL_RUN PSP_PAYROLL_RUN;

  COUNT(*)                                                                      
----------                                                                      
 310155212                                                                      

1 row selected.

Elapsed: 00:00:14.00
13:43:12 SQL> select /*+ index_ffs(PSP_PAYROLL_RUN PSP_PAYROLL_RUN_U1) parallel_index(PSP_PAYROLL_RUN PSP_PAYROLL_RUN_U1)*/ count(*) from pspadm.PSP_PAYROLL_RUN PSP_PAYROLL_RUN;

  COUNT(*)                                                                      
----------                                                                      
 310155212                                                                      

1 row selected.

Elapsed: 00:00:13.64
13:43:26 SQL> select /*+ index_ffs(PSP_PAYROLL_RUN PSP_PR_PROCESED_BY_FRD_BTCHJOB) parallel_index(PSP_PAYROLL_RUN PSP_PR_PROCESED_BY_FRD_BTCHJOB)*/ count(*) from pspadm.PSP_PAYROLL_RUN PSP_PAYROLL_RUN;

  COUNT(*)                                                                      
----------                                                                      
 310155212                                                                      

1 row selected.

Elapsed: 00:00:13.67
13:43:39 SQL> select /*+ index_ffs(PSP_PAYROLL_RUN SYS_C0020494) parallel_index(PSP_PAYROLL_RUN SYS_C0020494)*/ count(*) from pspadm.PSP_PAYROLL_RUN PSP_PAYROLL_RUN;

  COUNT(*)                                                                      
----------                                                                      
 310155212                                                                      

1 row selected.

Elapsed: 00:00:13.86
13:43:53 SQL> select /*+ index_ffs(PSP_PAYROLL_RUN_ACTION PSP_PAYROLL_RUN_ACTION_FK1) parallel_index(PSP_PAYROLL_RUN_ACTION PSP_PAYROLL_RUN_ACTION_FK1)*/ count(*) from pspadm.PSP_PAYROLL_RUN_ACTION PSP_PAYROLL_RUN_ACTION;

  COUNT(*)                                                                      
----------                                                                      
        56                                                                      

1 row selected.

Elapsed: 00:00:00.00
13:43:53 SQL> select /*+ index_ffs(PSP_PAYROLL_RUN_ACTION SYS_C0020589) parallel_index(PSP_PAYROLL_RUN_ACTION SYS_C0020589)*/ count(*) from pspadm.PSP_PAYROLL_RUN_ACTION PSP_PAYROLL_RUN_ACTION;

  COUNT(*)                                                                      
----------                                                                      
        56                                                                      

1 row selected.

Elapsed: 00:00:00.00
13:43:53 SQL> select /*+ index_ffs(PSP_PAYROLL_SUBTYPE PSP_PAYROLL_SUBTYPE_FK1) parallel_index(PSP_PAYROLL_SUBTYPE PSP_PAYROLL_SUBTYPE_FK1)*/ count(*) from pspadm.PSP_PAYROLL_SUBTYPE PSP_PAYROLL_SUBTYPE;

  COUNT(*)                                                                      
----------                                                                      
        25                                                                      

1 row selected.

Elapsed: 00:00:00.00
13:43:53 SQL> select /*+ index_ffs(PSP_PAYROLL_SUBTYPE SYS_C0020590) parallel_index(PSP_PAYROLL_SUBTYPE SYS_C0020590)*/ count(*) from pspadm.PSP_PAYROLL_SUBTYPE PSP_PAYROLL_SUBTYPE;

  COUNT(*)                                                                      
----------                                                                      
        25                                                                      

1 row selected.

Elapsed: 00:00:00.01
13:43:53 SQL> select /*+ index_ffs(PSP_PAYSTUB PSP_PAYSTUB_FK1) parallel_index(PSP_PAYSTUB PSP_PAYSTUB_FK1)*/ count(*) from pspadm.PSP_PAYSTUB PSP_PAYSTUB;

  COUNT(*)                                                                      
----------                                                                      
 562860936                                                                      

1 row selected.

Elapsed: 00:44:48.57
14:28:42 SQL> select /*+ index_ffs(PSP_PAYSTUB PSP_PAYSTUB_FK2) parallel_index(PSP_PAYSTUB PSP_PAYSTUB_FK2)*/ count(*) from pspadm.PSP_PAYSTUB PSP_PAYSTUB;

  COUNT(*)                                                                      
----------                                                                      
 562860936                                                                      

1 row selected.

Elapsed: 00:01:09.27
14:29:51 SQL> select /*+ index_ffs(PSP_PAYSTUB PSP_PAYSTUB_FK3) parallel_index(PSP_PAYSTUB PSP_PAYSTUB_FK3)*/ count(*) from pspadm.PSP_PAYSTUB PSP_PAYSTUB;

  COUNT(*)                                                                      
----------                                                                      
 562860936                                                                      

1 row selected.

Elapsed: 00:01:34.59
14:31:26 SQL> select /*+ index_ffs(PSP_PAYSTUB SYS_C0020721) parallel_index(PSP_PAYSTUB SYS_C0020721)*/ count(*) from pspadm.PSP_PAYSTUB PSP_PAYSTUB;

  COUNT(*)                                                                      
----------                                                                      
 562860936                                                                      

1 row selected.

Elapsed: 00:02:44.65
14:34:10 SQL> select /*+ index_ffs(PSP_PAY_ITEM PSP_PAY_ITEM_FK1) parallel_index(PSP_PAY_ITEM PSP_PAY_ITEM_FK1)*/ count(*) from pspadm.PSP_PAY_ITEM PSP_PAY_ITEM;

  COUNT(*)                                                                      
----------                                                                      
         0                                                                      

1 row selected.

Elapsed: 00:00:00.00
14:34:10 SQL> select /*+ index_ffs(PSP_PAY_ITEM PSP_PAY_ITEM_FK2) parallel_index(PSP_PAY_ITEM PSP_PAY_ITEM_FK2)*/ count(*) from pspadm.PSP_PAY_ITEM PSP_PAY_ITEM;

  COUNT(*)                                                                      
----------                                                                      
         0                                                                      

1 row selected.

Elapsed: 00:00:00.01
14:34:10 SQL> select /*+ index_ffs(PSP_PAY_ITEM SYS_C0020620) parallel_index(PSP_PAY_ITEM SYS_C0020620)*/ count(*) from pspadm.PSP_PAY_ITEM PSP_PAY_ITEM;

  COUNT(*)                                                                      
----------                                                                      
         0                                                                      

1 row selected.

Elapsed: 00:00:00.00
14:34:10 SQL> select /*+ index_ffs(PSP_PERF_SST SYS_C0020637) parallel_index(PSP_PERF_SST SYS_C0020637)*/ count(*) from pspadm.PSP_PERF_SST PSP_PERF_SST;

  COUNT(*)                                                                      
----------                                                                      
    496060                                                                      

1 row selected.

Elapsed: 00:00:00.26
14:34:10 SQL> select /*+ index_ffs(PSP_PMTTEMPLATE_CHKINFO_ASSOC PSP_PAYMENT_TEMPLATE_CHECK_FK1) parallel_index(PSP_PMTTEMPLATE_CHKINFO_ASSOC PSP_PAYMENT_TEMPLATE_CHECK_FK1)*/ count(*) from pspadm.PSP_PMTTEMPLATE_CHKINFO_ASSOC PSP_PMTTEMPLATE_CHKINFO_ASSOC;

  COUNT(*)                                                                      
----------                                                                      
       103                                                                      

1 row selected.

Elapsed: 00:00:00.00
14:34:10 SQL> select /*+ index_ffs(PSP_PMTTEMPLATE_CHKINFO_ASSOC PSP_PAYMENT_TEMPLATE_CHECK_FK2) parallel_index(PSP_PMTTEMPLATE_CHKINFO_ASSOC PSP_PAYMENT_TEMPLATE_CHECK_FK2)*/ count(*) from pspadm.PSP_PMTTEMPLATE_CHKINFO_ASSOC PSP_PMTTEMPLATE_CHKINFO_ASSOC;

  COUNT(*)                                                                      
----------                                                                      
       103                                                                      

1 row selected.

Elapsed: 00:00:00.00
14:34:10 SQL> select /*+ index_ffs(PSP_PMTTEMPLATE_CHKINFO_ASSOC SYS_C0020645) parallel_index(PSP_PMTTEMPLATE_CHKINFO_ASSOC SYS_C0020645)*/ count(*) from pspadm.PSP_PMTTEMPLATE_CHKINFO_ASSOC PSP_PMTTEMPLATE_CHKINFO_ASSOC;

  COUNT(*)                                                                      
----------                                                                      
       103                                                                      

1 row selected.

Elapsed: 00:00:00.00
14:34:10 SQL> select /*+ index_ffs(PSP_PMTTEMPLATE_PRINTEDCHKINFO PSP_PAYMENT_TEMPLATE_PRINT_FK1) parallel_index(PSP_PMTTEMPLATE_PRINTEDCHKINFO PSP_PAYMENT_TEMPLATE_PRINT_FK1)*/ count(*) from pspadm.PSP_PMTTEMPLATE_PRINTEDCHKINFO PSP_PMTTEMPLATE_PRINTEDCHKINFO;

  COUNT(*)                                                                      
----------                                                                      
        95                                                                      

1 row selected.

Elapsed: 00:00:00.01
14:34:10 SQL> select /*+ index_ffs(PSP_PMTTEMPLATE_PRINTEDCHKINFO SYS_C0020642) parallel_index(PSP_PMTTEMPLATE_PRINTEDCHKINFO SYS_C0020642)*/ count(*) from pspadm.PSP_PMTTEMPLATE_PRINTEDCHKINFO PSP_PMTTEMPLATE_PRINTEDCHKINFO;

  COUNT(*)                                                                      
----------                                                                      
        95                                                                      

1 row selected.

Elapsed: 00:00:00.00
14:34:10 SQL> select /*+ index_ffs(PSP_PMT_TEMPLATE_BANKACCOUNT PSP_PAYMENT_TEMPLATE_BANK__FK1) parallel_index(PSP_PMT_TEMPLATE_BANKACCOUNT PSP_PAYMENT_TEMPLATE_BANK__FK1)*/ count(*) from pspadm.PSP_PMT_TEMPLATE_BANKACCOUNT PSP_PMT_TEMPLATE_BANKACCOUNT;

  COUNT(*)                                                                      
----------                                                                      
       111                                                                      

1 row selected.

Elapsed: 00:00:00.00
14:34:10 SQL> select /*+ index_ffs(PSP_PMT_TEMPLATE_BANKACCOUNT PSP_PAYMENT_TEMPLATE_BANK__FK2) parallel_index(PSP_PMT_TEMPLATE_BANKACCOUNT PSP_PAYMENT_TEMPLATE_BANK__FK2)*/ count(*) from pspadm.PSP_PMT_TEMPLATE_BANKACCOUNT PSP_PMT_TEMPLATE_BANKACCOUNT;

  COUNT(*)                                                                      
----------                                                                      
       111                                                                      

1 row selected.

Elapsed: 00:00:00.00
14:34:10 SQL> select /*+ index_ffs(PSP_PMT_TEMPLATE_BANKACCOUNT SYS_C0020632) parallel_index(PSP_PMT_TEMPLATE_BANKACCOUNT SYS_C0020632)*/ count(*) from pspadm.PSP_PMT_TEMPLATE_BANKACCOUNT PSP_PMT_TEMPLATE_BANKACCOUNT;

  COUNT(*)                                                                      
----------                                                                      
       111                                                                      

1 row selected.

Elapsed: 00:00:00.01
14:34:10 SQL> select /*+ index_ffs(PSP_PMT_TEMPLATE_FREQUENCY PSP_PAYMENT_TEMPLATE_FREQU_FK1) parallel_index(PSP_PMT_TEMPLATE_FREQUENCY PSP_PAYMENT_TEMPLATE_FREQU_FK1)*/ count(*) from pspadm.PSP_PMT_TEMPLATE_FREQUENCY PSP_PMT_TEMPLATE_FREQUENCY;

  COUNT(*)                                                                      
----------                                                                      
       297                                                                      

1 row selected.

Elapsed: 00:00:00.00
14:34:10 SQL> select /*+ index_ffs(PSP_PMT_TEMPLATE_FREQUENCY SYS_C0020561) parallel_index(PSP_PMT_TEMPLATE_FREQUENCY SYS_C0020561)*/ count(*) from pspadm.PSP_PMT_TEMPLATE_FREQUENCY PSP_PMT_TEMPLATE_FREQUENCY;

  COUNT(*)                                                                      
----------                                                                      
       297                                                                      

1 row selected.

Elapsed: 00:00:00.00
14:34:10 SQL> select /*+ index_ffs(PSP_PMT_TEMPLATE_PAYMENTMETHOD PSP_PAYMENT_TEMPLATE_PAYME_FK1) parallel_index(PSP_PMT_TEMPLATE_PAYMENTMETHOD PSP_PAYMENT_TEMPLATE_PAYME_FK1)*/ count(*) from pspadm.PSP_PMT_TEMPLATE_PAYMENTMETHOD PSP_PMT_TEMPLATE_PAYMENTMETHOD;

  COUNT(*)                                                                      
----------                                                                      
       152                                                                      

1 row selected.

Elapsed: 00:00:00.00
14:34:10 SQL> select /*+ index_ffs(PSP_PMT_TEMPLATE_PAYMENTMETHOD SYS_C0020631) parallel_index(PSP_PMT_TEMPLATE_PAYMENTMETHOD SYS_C0020631)*/ count(*) from pspadm.PSP_PMT_TEMPLATE_PAYMENTMETHOD PSP_PMT_TEMPLATE_PAYMENTMETHOD;

  COUNT(*)                                                                      
----------                                                                      
       152                                                                      

1 row selected.

Elapsed: 00:00:00.01
14:34:10 SQL> select /*+ index_ffs(PSP_POSTING_RULE PSP_POSTING_RULE_FK1) parallel_index(PSP_POSTING_RULE PSP_POSTING_RULE_FK1)*/ count(*) from pspadm.PSP_POSTING_RULE PSP_POSTING_RULE;

  COUNT(*)                                                                      
----------                                                                      
       654                                                                      

1 row selected.

Elapsed: 00:00:00.00
14:34:10 SQL> select /*+ index_ffs(PSP_POSTING_RULE PSP_POSTING_RULE_FK2) parallel_index(PSP_POSTING_RULE PSP_POSTING_RULE_FK2)*/ count(*) from pspadm.PSP_POSTING_RULE PSP_POSTING_RULE;

  COUNT(*)                                                                      
----------                                                                      
       654                                                                      

1 row selected.

Elapsed: 00:00:00.00
14:34:10 SQL> select /*+ index_ffs(PSP_POSTING_RULE PSP_POSTING_RULE_FK3) parallel_index(PSP_POSTING_RULE PSP_POSTING_RULE_FK3)*/ count(*) from pspadm.PSP_POSTING_RULE PSP_POSTING_RULE;

  COUNT(*)                                                                      
----------                                                                      
       654                                                                      

1 row selected.

Elapsed: 00:00:00.01
14:34:11 SQL> select /*+ index_ffs(PSP_POSTING_RULE SYS_C0020507) parallel_index(PSP_POSTING_RULE SYS_C0020507)*/ count(*) from pspadm.PSP_POSTING_RULE PSP_POSTING_RULE;

  COUNT(*)                                                                      
----------                                                                      
       654                                                                      

1 row selected.

Elapsed: 00:00:00.00
14:34:11 SQL> select /*+ index_ffs(PSP_PRIOR_PAYMENT_SUBMISSION PSP_PRIOR_PAYMENT_SUBMISSI_FK1) parallel_index(PSP_PRIOR_PAYMENT_SUBMISSION PSP_PRIOR_PAYMENT_SUBMISSI_FK1)*/ count(*) from pspadm.PSP_PRIOR_PAYMENT_SUBMISSION PSP_PRIOR_PAYMENT_SUBMISSION;

  COUNT(*)                                                                      
----------                                                                      
    360161                                                                      

1 row selected.

Elapsed: 00:00:01.33
14:34:12 SQL> select /*+ index_ffs(PSP_PRIOR_PAYMENT_SUBMISSION SYS_C0020629) parallel_index(PSP_PRIOR_PAYMENT_SUBMISSION SYS_C0020629)*/ count(*) from pspadm.PSP_PRIOR_PAYMENT_SUBMISSION PSP_PRIOR_PAYMENT_SUBMISSION;

  COUNT(*)                                                                      
----------                                                                      
    360161                                                                      

1 row selected.

Elapsed: 00:00:00.02
14:34:12 SQL> select /*+ index_ffs(PSP_PROPERTY_AUDIT PSP_PROPERTYAUDIT_FK1) parallel_index(PSP_PROPERTY_AUDIT PSP_PROPERTYAUDIT_FK1)*/ count(*) from pspadm.PSP_PROPERTY_AUDIT PSP_PROPERTY_AUDIT;

  COUNT(*)                                                                      
----------                                                                      
1403752426                                                                      

1 row selected.

Elapsed: 00:01:13.81
14:35:26 SQL> select /*+ index_ffs(PSP_PROPERTY_AUDIT SYS_C0020587) parallel_index(PSP_PROPERTY_AUDIT SYS_C0020587)*/ count(*) from pspadm.PSP_PROPERTY_AUDIT PSP_PROPERTY_AUDIT;

  COUNT(*)                                                                      
----------                                                                      
1403752426                                                                      

1 row selected.

Elapsed: 00:03:44.54
14:39:10 SQL> select /*+ index_ffs(PSP_PSTUB_ADDRESS SYS_C0020720) parallel_index(PSP_PSTUB_ADDRESS SYS_C0020720)*/ count(*) from pspadm.PSP_PSTUB_ADDRESS PSP_PSTUB_ADDRESS;

  COUNT(*)                                                                      
----------                                                                      
 457484629                                                                      

1 row selected.

Elapsed: 00:16:43.95
14:55:54 SQL> select /*+ index_ffs(PSP_PSTUB_DDITEM PSP_PSTUB_DDITEM_FK1) parallel_index(PSP_PSTUB_DDITEM PSP_PSTUB_DDITEM_FK1)*/ count(*) from pspadm.PSP_PSTUB_DDITEM PSP_PSTUB_DDITEM;

  COUNT(*)                                                                      
----------                                                                      
 404648785                                                                      

1 row selected.

Elapsed: 00:11:30.19
15:07:24 SQL> select /*+ index_ffs(PSP_PSTUB_DDITEM SYS_C0020722) parallel_index(PSP_PSTUB_DDITEM SYS_C0020722)*/ count(*) from pspadm.PSP_PSTUB_DDITEM PSP_PSTUB_DDITEM;

  COUNT(*)                                                                      
----------                                                                      
 404648785                                                                      

1 row selected.

Elapsed: 00:00:58.85
15:08:23 SQL> select /*+ index_ffs(PSP_PSTUB_EMPLOYEE_INFO PSP_PSTUB_EMPLOYEE_INFO_FK1) parallel_index(PSP_PSTUB_EMPLOYEE_INFO PSP_PSTUB_EMPLOYEE_INFO_FK1)*/ count(*) from pspadm.PSP_PSTUB_EMPLOYEE_INFO PSP_PSTUB_EMPLOYEE_INFO;

  COUNT(*)                                                                      
----------                                                                      
 456467816                                                                      

1 row selected.

Elapsed: 00:17:44.78
15:26:08 SQL> select /*+ index_ffs(PSP_PSTUB_EMPLOYEE_INFO PSP_PSTUB_EMPLOYEE_INFO_FK2) parallel_index(PSP_PSTUB_EMPLOYEE_INFO PSP_PSTUB_EMPLOYEE_INFO_FK2)*/ count(*) from pspadm.PSP_PSTUB_EMPLOYEE_INFO PSP_PSTUB_EMPLOYEE_INFO;

  COUNT(*)                                                                      
----------                                                                      
 456467816                                                                      

1 row selected.

Elapsed: 00:00:30.35
15:26:38 SQL> select /*+ index_ffs(PSP_PSTUB_EMPLOYEE_INFO SYS_C0020718) parallel_index(PSP_PSTUB_EMPLOYEE_INFO SYS_C0020718)*/ count(*) from pspadm.PSP_PSTUB_EMPLOYEE_INFO PSP_PSTUB_EMPLOYEE_INFO;

  COUNT(*)                                                                      
----------                                                                      
 456467816                                                                      

1 row selected.

Elapsed: 00:00:29.70
15:27:08 SQL> select /*+ index_ffs(PSP_PSTUB_EMPLOYEE_PREFERENCE EMP_PREF_UNQ_INDX) parallel_index(PSP_PSTUB_EMPLOYEE_PREFERENCE EMP_PREF_UNQ_INDX)*/ count(*) from pspadm.PSP_PSTUB_EMPLOYEE_PREFERENCE PSP_PSTUB_EMPLOYEE_PREFERENCE;

  COUNT(*)                                                                      
----------                                                                      
    290023                                                                      

1 row selected.

Elapsed: 00:00:00.71
15:27:09 SQL> select /*+ index_ffs(PSP_PSTUB_EMPLOYEE_PREFERENCE PSP_PSTUB_EMPLOYEE_PREFERE_FK1) parallel_index(PSP_PSTUB_EMPLOYEE_PREFERENCE PSP_PSTUB_EMPLOYEE_PREFERE_FK1)*/ count(*) from pspadm.PSP_PSTUB_EMPLOYEE_PREFERENCE PSP_PSTUB_EMPLOYEE_PREFERENCE;

  COUNT(*)                                                                      
----------                                                                      
    290023                                                                      

1 row selected.

Elapsed: 00:00:00.02
15:27:09 SQL> select /*+ index_ffs(PSP_PSTUB_EMPLOYEE_PREFERENCE SYS_C0020719) parallel_index(PSP_PSTUB_EMPLOYEE_PREFERENCE SYS_C0020719)*/ count(*) from pspadm.PSP_PSTUB_EMPLOYEE_PREFERENCE PSP_PSTUB_EMPLOYEE_PREFERENCE;

  COUNT(*)                                                                      
----------                                                                      
    290023                                                                      

1 row selected.

Elapsed: 00:00:00.01
15:27:09 SQL> select /*+ index_ffs(PSP_PSTUB_EMPLOYER_INFO PSP_PSTUB_EMPLOYER_INFO_FK1) parallel_index(PSP_PSTUB_EMPLOYER_INFO PSP_PSTUB_EMPLOYER_INFO_FK1)*/ count(*) from pspadm.PSP_PSTUB_EMPLOYER_INFO PSP_PSTUB_EMPLOYER_INFO;

  COUNT(*)                                                                      
----------                                                                      
   1016777                                                                      

1 row selected.

Elapsed: 00:00:01.34
15:27:10 SQL> select /*+ index_ffs(PSP_PSTUB_EMPLOYER_INFO SYS_C0020717) parallel_index(PSP_PSTUB_EMPLOYER_INFO SYS_C0020717)*/ count(*) from pspadm.PSP_PSTUB_EMPLOYER_INFO PSP_PSTUB_EMPLOYER_INFO;

  COUNT(*)                                                                      
----------                                                                      
   1016777                                                                      

1 row selected.

Elapsed: 00:00:00.05
15:27:10 SQL> select /*+ index_ffs(PSP_PSTUB_MSG PSP_PSTUB_MSG_FK1) parallel_index(PSP_PSTUB_MSG PSP_PSTUB_MSG_FK1)*/ count(*) from pspadm.PSP_PSTUB_MSG PSP_PSTUB_MSG;

  COUNT(*)                                                                      
----------                                                                      
 393245553                                                                      

1 row selected.

Elapsed: 00:08:48.28
15:35:58 SQL> select /*+ index_ffs(PSP_PSTUB_MSG SYS_C0020723) parallel_index(PSP_PSTUB_MSG SYS_C0020723)*/ count(*) from pspadm.PSP_PSTUB_MSG PSP_PSTUB_MSG;

  COUNT(*)                                                                      
----------                                                                      
 393245553                                                                      

1 row selected.

Elapsed: 00:00:18.10
15:36:17 SQL> select /*+ index_ffs(PSP_PSTUB_PAID_TIMEOFF_ITEM PSP_PSTUB_PAID_TIMEOFF_ITE_FK1) parallel_index(PSP_PSTUB_PAID_TIMEOFF_ITEM PSP_PSTUB_PAID_TIMEOFF_ITE_FK1)*/ count(*) from pspadm.PSP_PSTUB_PAID_TIMEOFF_ITEM PSP_PSTUB_PAID_TIMEOFF_ITEM;

  COUNT(*)                                                                      
----------                                                                      
 841036920                                                                      

1 row selected.

Elapsed: 00:01:28.61
15:37:45 SQL> select /*+ index_ffs(PSP_PSTUB_PAID_TIMEOFF_ITEM SYS_C0020724) parallel_index(PSP_PSTUB_PAID_TIMEOFF_ITEM SYS_C0020724)*/ count(*) from pspadm.PSP_PSTUB_PAID_TIMEOFF_ITEM PSP_PSTUB_PAID_TIMEOFF_ITEM;

  COUNT(*)                                                                      
----------                                                                      
 841036920                                                                      

1 row selected.

Elapsed: 00:03:58.73
15:41:44 SQL> select /*+ index_ffs(PSP_PSTUB_PAY_ITEM PSP_PSTUB_PAY_ITEM_FK1) parallel_index(PSP_PSTUB_PAY_ITEM PSP_PSTUB_PAY_ITEM_FK1)*/ count(*) from pspadm.PSP_PSTUB_PAY_ITEM PSP_PSTUB_PAY_ITEM;

  COUNT(*)                                                                      
----------                                                                      
5358308331                                                                      

1 row selected.

Elapsed: 00:09:10.49
15:50:54 SQL> select /*+ index_ffs(PSP_PSTUB_PAY_ITEM PSP_PSTUB_PAY_ITEM_FK2) parallel_index(PSP_PSTUB_PAY_ITEM PSP_PSTUB_PAY_ITEM_FK2)*/ count(*) from pspadm.PSP_PSTUB_PAY_ITEM PSP_PSTUB_PAY_ITEM;

  COUNT(*)                                                                      
----------                                                                      
5358308331                                                                      

1 row selected.

Elapsed: 00:04:30.07
15:55:24 SQL> select /*+ index_ffs(PSP_PSTUB_PAY_ITEM SYS_C0020725) parallel_index(PSP_PSTUB_PAY_ITEM SYS_C0020725)*/ count(*) from pspadm.PSP_PSTUB_PAY_ITEM PSP_PSTUB_PAY_ITEM;

  COUNT(*)                                                                      
----------                                                                      
5358308331                                                                      

1 row selected.

Elapsed: 00:14:06.35
16:09:31 SQL> select /*+ index_ffs(PSP_PSTUB_STATE_TAX_INFO PSP_PSTUB_STATE_TAX_INFO_FK1) parallel_index(PSP_PSTUB_STATE_TAX_INFO PSP_PSTUB_STATE_TAX_INFO_FK1)*/ count(*) from pspadm.PSP_PSTUB_STATE_TAX_INFO PSP_PSTUB_STATE_TAX_INFO;

  COUNT(*)                                                                      
----------                                                                      
     23047                                                                      

1 row selected.

Elapsed: 00:00:00.03
16:09:31 SQL> select /*+ index_ffs(PSP_PSTUB_STATE_TAX_INFO SYS_C0020739) parallel_index(PSP_PSTUB_STATE_TAX_INFO SYS_C0020739)*/ count(*) from pspadm.PSP_PSTUB_STATE_TAX_INFO PSP_PSTUB_STATE_TAX_INFO;

  COUNT(*)                                                                      
----------                                                                      
     23047                                                                      

1 row selected.

Elapsed: 00:00:00.00
16:09:31 SQL> select /*+ index_ffs(PSP_QBDT_EMPLOYEE_INFO PSP_QBDT_EMPLOYEE_INFO_COM_LST) parallel_index(PSP_QBDT_EMPLOYEE_INFO PSP_QBDT_EMPLOYEE_INFO_COM_LST)*/ count(*) from pspadm.PSP_QBDT_EMPLOYEE_INFO PSP_QBDT_EMPLOYEE_INFO;

  COUNT(*)                                                                      
----------                                                                      
  60044699                                                                      

1 row selected.

Elapsed: 00:00:22.70
16:09:54 SQL> select /*+ index_ffs(PSP_QBDT_EMPLOYEE_INFO PSP_QBDT_EMPLOYEE_INFO_FK1) parallel_index(PSP_QBDT_EMPLOYEE_INFO PSP_QBDT_EMPLOYEE_INFO_FK1)*/ count(*) from pspadm.PSP_QBDT_EMPLOYEE_INFO PSP_QBDT_EMPLOYEE_INFO;

  COUNT(*)                                                                      
----------                                                                      
  60044699                                                                      

1 row selected.

Elapsed: 00:00:02.76
16:09:56 SQL> spool off
