23:11:05 SQL> select /*+ index_ffs(PSP_QBDT_EMPLOYEE_INFO PSP_QBDT_EMPLOYEE_INFO_FK2) parallel_index(PSP_QBDT_EMPLOYEE_INFO PSP_QBDT_EMPLOYEE_INFO_FK2)*/ count(*) from pspadm.PSP_QBDT_EMPLOYEE_INFO PSP_QBDT_EMPLOYEE_INFO;

  COUNT(*)                                                                      
----------                                                                      
  60044699                                                                      

1 row selected.

Elapsed: 00:14:09.87
23:25:15 SQL> select /*+ index_ffs(PSP_QBDT_EMPLOYEE_INFO SYS_C0020603) parallel_index(PSP_QBDT_EMPLOYEE_INFO SYS_C0020603)*/ count(*) from pspadm.PSP_QBDT_EMPLOYEE_INFO PSP_QBDT_EMPLOYEE_INFO;

  COUNT(*)                                                                      
----------                                                                      
  60044699                                                                      

1 row selected.

Elapsed: 00:00:31.47
23:25:47 SQL> select /*+ index_ffs(PSP_QBDT_PAYCHECK_INFO PSP_QBDT_PAYCHECK_INFO_COM_LST) parallel_index(PSP_QBDT_PAYCHECK_INFO PSP_QBDT_PAYCHECK_INFO_COM_LST)*/ count(*) from pspadm.PSP_QBDT_PAYCHECK_INFO PSP_QBDT_PAYCHECK_INFO;

  COUNT(*)                                                                      
----------                                                                      
1651157716                                                                      

1 row selected.

Elapsed: 00:42:52.54
00:08:39 SQL> select /*+ index_ffs(PSP_QBDT_PAYCHECK_INFO PSP_QBDT_PAYCHECK_INFO_CYVT_B1) parallel_index(PSP_QBDT_PAYCHECK_INFO PSP_QBDT_PAYCHECK_INFO_CYVT_B1)*/ count(*) from pspadm.PSP_QBDT_PAYCHECK_INFO PSP_QBDT_PAYCHECK_INFO;

  COUNT(*)                                                                      
----------                                                                      
1651157716                                                                      

1 row selected.

Elapsed: 00:32:39.81
00:41:19 SQL> select /*+ index_ffs(PSP_QBDT_PAYCHECK_INFO PSP_QBDT_PAYCHECK_INFO_FK1) parallel_index(PSP_QBDT_PAYCHECK_INFO PSP_QBDT_PAYCHECK_INFO_FK1)*/ count(*) from pspadm.PSP_QBDT_PAYCHECK_INFO PSP_QBDT_PAYCHECK_INFO;

  COUNT(*)                                                                      
----------                                                                      
1651157716                                                                      

1 row selected.

Elapsed: 00:54:19.24
01:35:38 SQL> select /*+ index_ffs(PSP_QBDT_PAYCHECK_INFO PSP_QBDT_PAYCHECK_INFO_FK2) parallel_index(PSP_QBDT_PAYCHECK_INFO PSP_QBDT_PAYCHECK_INFO_FK2)*/ count(*) from pspadm.PSP_QBDT_PAYCHECK_INFO PSP_QBDT_PAYCHECK_INFO;

  COUNT(*)                                                                      
----------                                                                      
1651157716                                                                      

1 row selected.

Elapsed: 00:18:51.41
01:54:30 SQL> select /*+ index_ffs(PSP_QBDT_PAYCHECK_INFO SYS_C0020602) parallel_index(PSP_QBDT_PAYCHECK_INFO SYS_C0020602)*/ count(*) from pspadm.PSP_QBDT_PAYCHECK_INFO PSP_QBDT_PAYCHECK_INFO;

  COUNT(*)                                                                      
----------                                                                      
1651157716                                                                      

1 row selected.

Elapsed: 00:29:39.56
02:24:09 SQL> select /*+ index_ffs(PSP_QBDT_PAYLINE_INFO PSP_QBDT_PAYLINE_INFO_FK1) parallel_index(PSP_QBDT_PAYLINE_INFO PSP_QBDT_PAYLINE_INFO_FK1)*/ count(*) from pspadm.PSP_QBDT_PAYLINE_INFO PSP_QBDT_PAYLINE_INFO;

  COUNT(*)                                                                      
----------                                                                      
2829440158                                                                      

1 row selected.

Elapsed: 05:08:39.37
07:32:49 SQL> select /*+ index_ffs(PSP_QBDT_PAYLINE_INFO PSP_QBDT_PAYLINE_INFO_FK2) parallel_index(PSP_QBDT_PAYLINE_INFO PSP_QBDT_PAYLINE_INFO_FK2)*/ count(*) from pspadm.PSP_QBDT_PAYLINE_INFO PSP_QBDT_PAYLINE_INFO;

  COUNT(*)                                                                      
----------                                                                      
2829440158                                                                      

1 row selected.

Elapsed: 00:24:33.82
07:57:23 SQL> select /*+ index_ffs(PSP_QBDT_PAYLINE_INFO PSP_QBDT_PAYLINE_INFO_FK3) parallel_index(PSP_QBDT_PAYLINE_INFO PSP_QBDT_PAYLINE_INFO_FK3)*/ count(*) from pspadm.PSP_QBDT_PAYLINE_INFO PSP_QBDT_PAYLINE_INFO;

  COUNT(*)                                                                      
----------                                                                      
2829440158                                                                      

1 row selected.

Elapsed: 00:23:38.51
08:21:01 SQL> select /*+ index_ffs(PSP_QBDT_PAYLINE_INFO PSP_QBDT_PAYLINE_INFO_FK4) parallel_index(PSP_QBDT_PAYLINE_INFO PSP_QBDT_PAYLINE_INFO_FK4)*/ count(*) from pspadm.PSP_QBDT_PAYLINE_INFO PSP_QBDT_PAYLINE_INFO;

  COUNT(*)                                                                      
----------                                                                      
2829440158                                                                      

1 row selected.

Elapsed: 00:15:23.16
08:36:24 SQL> select /*+ index_ffs(PSP_QBDT_PAYLINE_INFO SYS_C0020601) parallel_index(PSP_QBDT_PAYLINE_INFO SYS_C0020601)*/ count(*) from pspadm.PSP_QBDT_PAYLINE_INFO PSP_QBDT_PAYLINE_INFO;

  COUNT(*)                                                                      
----------                                                                      
2829440158                                                                      

1 row selected.

Elapsed: 00:49:41.10
09:26:05 SQL> select /*+ index_ffs(PSP_QBDT_PAYROLL_ITEM_INFO PSP_QBDT_PAYROLL_ITEM_INFO_FK1) parallel_index(PSP_QBDT_PAYROLL_ITEM_INFO PSP_QBDT_PAYROLL_ITEM_INFO_FK1)*/ count(*) from pspadm.PSP_QBDT_PAYROLL_ITEM_INFO PSP_QBDT_PAYROLL_ITEM_INFO;

  COUNT(*)                                                                      
----------                                                                      
  36347282                                                                      

1 row selected.

Elapsed: 00:02:35.34
09:28:41 SQL> select /*+ index_ffs(PSP_QBDT_PAYROLL_ITEM_INFO PSP_QBDT_PAYROLL_ITEM_INFO_FK2) parallel_index(PSP_QBDT_PAYROLL_ITEM_INFO PSP_QBDT_PAYROLL_ITEM_INFO_FK2)*/ count(*) from pspadm.PSP_QBDT_PAYROLL_ITEM_INFO PSP_QBDT_PAYROLL_ITEM_INFO;

  COUNT(*)                                                                      
----------                                                                      
  36347282                                                                      

1 row selected.

Elapsed: 00:00:01.60
09:28:42 SQL> select /*+ index_ffs(PSP_QBDT_PAYROLL_ITEM_INFO PSP_QBDT_PAYROLL_ITEM_INFO_FK3) parallel_index(PSP_QBDT_PAYROLL_ITEM_INFO PSP_QBDT_PAYROLL_ITEM_INFO_FK3)*/ count(*) from pspadm.PSP_QBDT_PAYROLL_ITEM_INFO PSP_QBDT_PAYROLL_ITEM_INFO;

  COUNT(*)                                                                      
----------                                                                      
  36347282                                                                      

1 row selected.

Elapsed: 00:00:01.60
09:28:44 SQL> select /*+ index_ffs(PSP_QBDT_PAYROLL_ITEM_INFO SYS_C0020600) parallel_index(PSP_QBDT_PAYROLL_ITEM_INFO SYS_C0020600)*/ count(*) from pspadm.PSP_QBDT_PAYROLL_ITEM_INFO PSP_QBDT_PAYROLL_ITEM_INFO;

  COUNT(*)                                                                      
----------                                                                      
  36347282                                                                      

1 row selected.

Elapsed: 00:00:01.59
09:28:45 SQL> select /*+ index_ffs(PSP_QBDT_PAYROLL_TRANSACTION PSP_QBDT_PAYROLL_TRANSACTI_FK1) parallel_index(PSP_QBDT_PAYROLL_TRANSACTION PSP_QBDT_PAYROLL_TRANSACTI_FK1)*/ count(*) from pspadm.PSP_QBDT_PAYROLL_TRANSACTION PSP_QBDT_PAYROLL_TRANSACTION;

  COUNT(*)                                                                      
----------                                                                      
   1428369                                                                      

1 row selected.

Elapsed: 00:00:06.89
09:28:52 SQL> select /*+ index_ffs(PSP_QBDT_PAYROLL_TRANSACTION PSP_QBDT_PAYROLL_TRANSACTI_FK3) parallel_index(PSP_QBDT_PAYROLL_TRANSACTION PSP_QBDT_PAYROLL_TRANSACTI_FK3)*/ count(*) from pspadm.PSP_QBDT_PAYROLL_TRANSACTION PSP_QBDT_PAYROLL_TRANSACTION;

  COUNT(*)                                                                      
----------                                                                      
   1428369                                                                      

1 row selected.

Elapsed: 00:00:00.06
09:28:52 SQL> select /*+ index_ffs(PSP_QBDT_PAYROLL_TRANSACTION PSP_QBDT_PAYROLL_TRANS_FK1) parallel_index(PSP_QBDT_PAYROLL_TRANSACTION PSP_QBDT_PAYROLL_TRANS_FK1)*/ count(*) from pspadm.PSP_QBDT_PAYROLL_TRANSACTION PSP_QBDT_PAYROLL_TRANSACTION;

  COUNT(*)                                                                      
----------                                                                      
   1428369                                                                      

1 row selected.

Elapsed: 00:00:00.07
09:28:52 SQL> select /*+ index_ffs(PSP_QBDT_PAYROLL_TRANSACTION PSP_QBDT_PAYROLL_TRANS_FK2) parallel_index(PSP_QBDT_PAYROLL_TRANSACTION PSP_QBDT_PAYROLL_TRANS_FK2)*/ count(*) from pspadm.PSP_QBDT_PAYROLL_TRANSACTION PSP_QBDT_PAYROLL_TRANSACTION;

  COUNT(*)                                                                      
----------                                                                      
   1428369                                                                      

1 row selected.

Elapsed: 00:00:00.06
09:28:53 SQL> select /*+ index_ffs(PSP_QBDT_PAYROLL_TRANSACTION SYS_C0020668) parallel_index(PSP_QBDT_PAYROLL_TRANSACTION SYS_C0020668)*/ count(*) from pspadm.PSP_QBDT_PAYROLL_TRANSACTION PSP_QBDT_PAYROLL_TRANSACTION;

  COUNT(*)                                                                      
----------                                                                      
   1428369                                                                      

1 row selected.

Elapsed: 00:00:00.07
09:28:53 SQL> select /*+ index_ffs(PSP_QBDT_PAYROLL_TRANS_LINE PSP_QBDT_PAYROLL_TRANSACTI_FK2) parallel_index(PSP_QBDT_PAYROLL_TRANS_LINE PSP_QBDT_PAYROLL_TRANSACTI_FK2)*/ count(*) from pspadm.PSP_QBDT_PAYROLL_TRANS_LINE PSP_QBDT_PAYROLL_TRANS_LINE;

  COUNT(*)                                                                      
----------                                                                      
   1558827                                                                      

1 row selected.

Elapsed: 00:00:07.19
09:29:00 SQL> select /*+ index_ffs(PSP_QBDT_PAYROLL_TRANS_LINE PSP_QBDT_PAYROLL_TRANSLINE_FK1) parallel_index(PSP_QBDT_PAYROLL_TRANS_LINE PSP_QBDT_PAYROLL_TRANSLINE_FK1)*/ count(*) from pspadm.PSP_QBDT_PAYROLL_TRANS_LINE PSP_QBDT_PAYROLL_TRANS_LINE;

  COUNT(*)                                                                      
----------                                                                      
   1558827                                                                      

1 row selected.

Elapsed: 00:00:00.07
09:29:00 SQL> select /*+ index_ffs(PSP_QBDT_PAYROLL_TRANS_LINE SYS_C0020669) parallel_index(PSP_QBDT_PAYROLL_TRANS_LINE SYS_C0020669)*/ count(*) from pspadm.PSP_QBDT_PAYROLL_TRANS_LINE PSP_QBDT_PAYROLL_TRANS_LINE;

  COUNT(*)                                                                      
----------                                                                      
   1558827                                                                      

1 row selected.

Elapsed: 00:00:00.07
09:29:00 SQL> select /*+ index_ffs(PSP_QBDT_REQUEST_INFO PSP_QBDT_REQUEST_INFO_CRDT) parallel_index(PSP_QBDT_REQUEST_INFO PSP_QBDT_REQUEST_INFO_CRDT)*/ count(*) from pspadm.PSP_QBDT_REQUEST_INFO PSP_QBDT_REQUEST_INFO;

  COUNT(*)                                                                      
----------                                                                      
         0                                                                      

1 row selected.

Elapsed: 00:00:00.00
09:29:00 SQL> select /*+ index_ffs(PSP_QBDT_REQUEST_INFO PSP_QBDT_REQUEST_INFO_FK1) parallel_index(PSP_QBDT_REQUEST_INFO PSP_QBDT_REQUEST_INFO_FK1)*/ count(*) from pspadm.PSP_QBDT_REQUEST_INFO PSP_QBDT_REQUEST_INFO;

  COUNT(*)                                                                      
----------                                                                      
         0                                                                      

1 row selected.

Elapsed: 00:00:00.00
09:29:00 SQL> select /*+ index_ffs(PSP_QBDT_REQUEST_INFO SYS_C0020674) parallel_index(PSP_QBDT_REQUEST_INFO SYS_C0020674)*/ count(*) from pspadm.PSP_QBDT_REQUEST_INFO PSP_QBDT_REQUEST_INFO;

  COUNT(*)                                                                      
----------                                                                      
         0                                                                      

1 row selected.

Elapsed: 00:00:00.00
09:29:00 SQL> select /*+ index_ffs(PSP_QBDT_TRANSACTION_INFO PSP_QBDTTRANSACTIONINFO_FK1) parallel_index(PSP_QBDT_TRANSACTION_INFO PSP_QBDTTRANSACTIONINFO_FK1)*/ count(*) from pspadm.PSP_QBDT_TRANSACTION_INFO PSP_QBDT_TRANSACTION_INFO;

  COUNT(*)                                                                      
----------                                                                      
 670623704                                                                      

1 row selected.

Elapsed: 00:30:34.84
09:59:35 SQL> select /*+ index_ffs(PSP_QBDT_TRANSACTION_INFO PSP_QBDT_TRANSACTION_INFO_FK1) parallel_index(PSP_QBDT_TRANSACTION_INFO PSP_QBDT_TRANSACTION_INFO_FK1)*/ count(*) from pspadm.PSP_QBDT_TRANSACTION_INFO PSP_QBDT_TRANSACTION_INFO;

  COUNT(*)                                                                      
----------                                                                      
 670623704                                                                      

1 row selected.

Elapsed: 00:00:33.32
10:00:08 SQL> select /*+ index_ffs(PSP_QBDT_TRANSACTION_INFO PSP_QBDT_TRANSACTION_INFO_FK2) parallel_index(PSP_QBDT_TRANSACTION_INFO PSP_QBDT_TRANSACTION_INFO_FK2)*/ count(*) from pspadm.PSP_QBDT_TRANSACTION_INFO PSP_QBDT_TRANSACTION_INFO;

  COUNT(*)                                                                      
----------                                                                      
 670623704                                                                      

1 row selected.

Elapsed: 00:00:23.60
10:00:32 SQL> select /*+ index_ffs(PSP_QBDT_TRANSACTION_INFO PSP_QBDT_TRANSACTION_INFO_FK3) parallel_index(PSP_QBDT_TRANSACTION_INFO PSP_QBDT_TRANSACTION_INFO_FK3)*/ count(*) from pspadm.PSP_QBDT_TRANSACTION_INFO PSP_QBDT_TRANSACTION_INFO;

  COUNT(*)                                                                      
----------                                                                      
 670623704                                                                      

1 row selected.

Elapsed: 00:02:03.81
10:02:36 SQL> select /*+ index_ffs(PSP_QBDT_TRANSACTION_INFO PSP_QBDT_TRANSACTION_INFO_FK4) parallel_index(PSP_QBDT_TRANSACTION_INFO PSP_QBDT_TRANSACTION_INFO_FK4)*/ count(*) from pspadm.PSP_QBDT_TRANSACTION_INFO PSP_QBDT_TRANSACTION_INFO;

  COUNT(*)                                                                      
----------                                                                      
 670623704                                                                      

1 row selected.

Elapsed: 00:01:30.48
10:04:06 SQL> select /*+ index_ffs(PSP_QBDT_TRANSACTION_INFO PSP_QBDT_TRANSACTION_INFO_FK5) parallel_index(PSP_QBDT_TRANSACTION_INFO PSP_QBDT_TRANSACTION_INFO_FK5)*/ count(*) from pspadm.PSP_QBDT_TRANSACTION_INFO PSP_QBDT_TRANSACTION_INFO;

  COUNT(*)                                                                      
----------                                                                      
 670623704                                                                      

1 row selected.

Elapsed: 00:00:23.64
10:04:30 SQL> select /*+ index_ffs(PSP_QBDT_TRANSACTION_INFO PSP_QBDT_TRANSACTION_INFO_FK6) parallel_index(PSP_QBDT_TRANSACTION_INFO PSP_QBDT_TRANSACTION_INFO_FK6)*/ count(*) from pspadm.PSP_QBDT_TRANSACTION_INFO PSP_QBDT_TRANSACTION_INFO;

  COUNT(*)                                                                      
----------                                                                      
 670623704                                                                      

1 row selected.

Elapsed: 00:00:23.55
10:04:53 SQL> select /*+ index_ffs(PSP_QBDT_TRANSACTION_INFO PSP_QBDT_TRANSACTION_INFO_FK7) parallel_index(PSP_QBDT_TRANSACTION_INFO PSP_QBDT_TRANSACTION_INFO_FK7)*/ count(*) from pspadm.PSP_QBDT_TRANSACTION_INFO PSP_QBDT_TRANSACTION_INFO;

  COUNT(*)                                                                      
----------                                                                      
 670623704                                                                      

1 row selected.

Elapsed: 00:01:41.90
10:06:35 SQL> select /*+ index_ffs(PSP_QBDT_TRANSACTION_INFO PSP_QBDT_TRANSACTION_INFO_FK8) parallel_index(PSP_QBDT_TRANSACTION_INFO PSP_QBDT_TRANSACTION_INFO_FK8)*/ count(*) from pspadm.PSP_QBDT_TRANSACTION_INFO PSP_QBDT_TRANSACTION_INFO;

  COUNT(*)                                                                      
----------                                                                      
 670623704                                                                      

1 row selected.

Elapsed: 00:00:23.72
10:06:59 SQL> select /*+ index_ffs(PSP_QBDT_TRANSACTION_INFO PSP_QBDT_TRANSACTION_INFO_FK9) parallel_index(PSP_QBDT_TRANSACTION_INFO PSP_QBDT_TRANSACTION_INFO_FK9)*/ count(*) from pspadm.PSP_QBDT_TRANSACTION_INFO PSP_QBDT_TRANSACTION_INFO;

  COUNT(*)                                                                      
----------                                                                      
 670623704                                                                      

1 row selected.

Elapsed: 00:00:26.34
10:07:25 SQL> select /*+ index_ffs(PSP_QBDT_TRANSACTION_INFO SYS_C0020599) parallel_index(PSP_QBDT_TRANSACTION_INFO SYS_C0020599)*/ count(*) from pspadm.PSP_QBDT_TRANSACTION_INFO PSP_QBDT_TRANSACTION_INFO;

  COUNT(*)                                                                      
----------                                                                      
 670623704                                                                      

1 row selected.

Elapsed: 00:00:25.63
10:07:51 SQL> select /*+ index_ffs(PSP_QBDT_UNPROCESSED_REQUEST PSP_QBDT_UNPROCESSED_REQUE_FK1) parallel_index(PSP_QBDT_UNPROCESSED_REQUEST PSP_QBDT_UNPROCESSED_REQUE_FK1)*/ count(*) from pspadm.PSP_QBDT_UNPROCESSED_REQUEST PSP_QBDT_UNPROCESSED_REQUEST;

  COUNT(*)                                                                      
----------                                                                      
    871907                                                                      

1 row selected.

Elapsed: 00:00:04.36
10:07:55 SQL> select /*+ index_ffs(PSP_QBDT_UNPROCESSED_REQUEST PSP_QBDT_UNPROCESSED_REQUE_FK2) parallel_index(PSP_QBDT_UNPROCESSED_REQUEST PSP_QBDT_UNPROCESSED_REQUE_FK2)*/ count(*) from pspadm.PSP_QBDT_UNPROCESSED_REQUEST PSP_QBDT_UNPROCESSED_REQUEST;

  COUNT(*)                                                                      
----------                                                                      
    871907                                                                      

1 row selected.

Elapsed: 00:00:00.04
10:07:55 SQL> select /*+ index_ffs(PSP_QBDT_UNPROCESSED_REQUEST PSP_QBDT_UNPROCESSED_REQUE_I1) parallel_index(PSP_QBDT_UNPROCESSED_REQUEST PSP_QBDT_UNPROCESSED_REQUE_I1)*/ count(*) from pspadm.PSP_QBDT_UNPROCESSED_REQUEST PSP_QBDT_UNPROCESSED_REQUEST;

  COUNT(*)                                                                      
----------                                                                      
    871907                                                                      

1 row selected.

Elapsed: 00:00:00.04
10:07:55 SQL> select /*+ index_ffs(PSP_QBDT_UNPROCESSED_REQUEST SYS_C0020606) parallel_index(PSP_QBDT_UNPROCESSED_REQUEST SYS_C0020606)*/ count(*) from pspadm.PSP_QBDT_UNPROCESSED_REQUEST PSP_QBDT_UNPROCESSED_REQUEST;

  COUNT(*)                                                                      
----------                                                                      
    871907                                                                      

1 row selected.

Elapsed: 00:00:00.04
10:07:55 SQL> select /*+ index_ffs(PSP_QUICKBOOKS_INFO PSP_QUICKBOOKS_I2) parallel_index(PSP_QUICKBOOKS_INFO PSP_QUICKBOOKS_I2)*/ count(*) from pspadm.PSP_QUICKBOOKS_INFO PSP_QUICKBOOKS_INFO;

  COUNT(*)                                                                      
----------                                                                      
   7350237                                                                      

1 row selected.

Elapsed: 00:00:30.79
10:08:26 SQL> select /*+ index_ffs(PSP_QUICKBOOKS_INFO PSP_QUICKBOOKS_INFO_FK1) parallel_index(PSP_QUICKBOOKS_INFO PSP_QUICKBOOKS_INFO_FK1)*/ count(*) from pspadm.PSP_QUICKBOOKS_INFO PSP_QUICKBOOKS_INFO;

  COUNT(*)                                                                      
----------                                                                      
   7350237                                                                      

1 row selected.

Elapsed: 00:00:00.30
10:08:26 SQL> select /*+ index_ffs(PSP_QUICKBOOKS_INFO SYS_C0020667) parallel_index(PSP_QUICKBOOKS_INFO SYS_C0020667)*/ count(*) from pspadm.PSP_QUICKBOOKS_INFO PSP_QUICKBOOKS_INFO;

  COUNT(*)                                                                      
----------                                                                      
   7350237                                                                      

1 row selected.

Elapsed: 00:00:00.30
10:08:27 SQL> select /*+ index_ffs(PSP_RACOMPANY_SERVICE_INFO SYS_C0020630) parallel_index(PSP_RACOMPANY_SERVICE_INFO SYS_C0020630)*/ count(*) from pspadm.PSP_RACOMPANY_SERVICE_INFO PSP_RACOMPANY_SERVICE_INFO;

  COUNT(*)                                                                      
----------                                                                      
         0                                                                      

1 row selected.

Elapsed: 00:00:00.00
10:08:27 SQL> select /*+ index_ffs(PSP_RAFENROLLMENT PSP_RAFENROLLMENT_FK1) parallel_index(PSP_RAFENROLLMENT PSP_RAFENROLLMENT_FK1)*/ count(*) from pspadm.PSP_RAFENROLLMENT PSP_RAFENROLLMENT;

  COUNT(*)                                                                      
----------                                                                      
    138578                                                                      

1 row selected.

Elapsed: 00:00:00.93
10:08:28 SQL> select /*+ index_ffs(PSP_RAFENROLLMENT PSP_RAFENROLLMENT_I1) parallel_index(PSP_RAFENROLLMENT PSP_RAFENROLLMENT_I1)*/ count(*) from pspadm.PSP_RAFENROLLMENT PSP_RAFENROLLMENT;

  COUNT(*)                                                                      
----------                                                                      
    138578                                                                      

1 row selected.

Elapsed: 00:00:00.01
10:08:28 SQL> select /*+ index_ffs(PSP_RAFENROLLMENT SYS_C0020550) parallel_index(PSP_RAFENROLLMENT SYS_C0020550)*/ count(*) from pspadm.PSP_RAFENROLLMENT PSP_RAFENROLLMENT;

  COUNT(*)                                                                      
----------                                                                      
    138578                                                                      

1 row selected.

Elapsed: 00:00:00.01
10:08:28 SQL> select /*+ index_ffs(PSP_RAFENROLLMENT_DETAIL PSP_RAFENROLLMENT_DETAIL_FK1) parallel_index(PSP_RAFENROLLMENT_DETAIL PSP_RAFENROLLMENT_DETAIL_FK1)*/ count(*) from pspadm.PSP_RAFENROLLMENT_DETAIL PSP_RAFENROLLMENT_DETAIL;

  COUNT(*)                                                                      
----------                                                                      
     86879                                                                      

1 row selected.

Elapsed: 00:00:00.14
10:08:28 SQL> select /*+ index_ffs(PSP_RAFENROLLMENT_DETAIL PSP_RAFENROLLMENT_DETAIL_FK2) parallel_index(PSP_RAFENROLLMENT_DETAIL PSP_RAFENROLLMENT_DETAIL_FK2)*/ count(*) from pspadm.PSP_RAFENROLLMENT_DETAIL PSP_RAFENROLLMENT_DETAIL;

  COUNT(*)                                                                      
----------                                                                      
     86879                                                                      

1 row selected.

Elapsed: 00:00:00.00
10:08:28 SQL> select /*+ index_ffs(PSP_RAFENROLLMENT_DETAIL PSP_RAFENROLLMENT_DETAIL_FK3) parallel_index(PSP_RAFENROLLMENT_DETAIL PSP_RAFENROLLMENT_DETAIL_FK3)*/ count(*) from pspadm.PSP_RAFENROLLMENT_DETAIL PSP_RAFENROLLMENT_DETAIL;

  COUNT(*)                                                                      
----------                                                                      
     86879                                                                      

1 row selected.

Elapsed: 00:00:00.01
10:08:28 SQL> select /*+ index_ffs(PSP_RAFENROLLMENT_DETAIL SYS_C0020626) parallel_index(PSP_RAFENROLLMENT_DETAIL SYS_C0020626)*/ count(*) from pspadm.PSP_RAFENROLLMENT_DETAIL PSP_RAFENROLLMENT_DETAIL;

  COUNT(*)                                                                      
----------                                                                      
     86879                                                                      

1 row selected.

Elapsed: 00:00:00.00
10:08:28 SQL> select /*+ index_ffs(PSP_RAFENROLLMENT_FILE SYS_C0020624) parallel_index(PSP_RAFENROLLMENT_FILE SYS_C0020624)*/ count(*) from pspadm.PSP_RAFENROLLMENT_FILE PSP_RAFENROLLMENT_FILE;

  COUNT(*)                                                                      
----------                                                                      
       249                                                                      

1 row selected.

Elapsed: 00:00:00.01
10:08:28 SQL> select /*+ index_ffs(PSP_RATE_LEDGER_OPERATION SYS_C0020728) parallel_index(PSP_RATE_LEDGER_OPERATION SYS_C0020728)*/ count(*) from pspadm.PSP_RATE_LEDGER_OPERATION PSP_RATE_LEDGER_OPERATION;

  COUNT(*)                                                                      
----------                                                                      
    189992                                                                      

1 row selected.

Elapsed: 00:00:00.19
10:08:28 SQL> select /*+ index_ffs(PSP_REPORTING_AGENT PSP_REPORTING_AGENT_FK1) parallel_index(PSP_REPORTING_AGENT PSP_REPORTING_AGENT_FK1)*/ count(*) from pspadm.PSP_REPORTING_AGENT PSP_REPORTING_AGENT;

  COUNT(*)                                                                      
----------                                                                      
         1                                                                      

1 row selected.

Elapsed: 00:00:00.17
10:08:28 SQL> select /*+ index_ffs(PSP_REPORTING_AGENT SYS_C0020549) parallel_index(PSP_REPORTING_AGENT SYS_C0020549)*/ count(*) from pspadm.PSP_REPORTING_AGENT PSP_REPORTING_AGENT;

  COUNT(*)                                                                      
----------                                                                      
         1                                                                      

1 row selected.

Elapsed: 00:00:00.01
10:08:28 SQL> select /*+ index_ffs(PSP_REPORT_JOB_SETUP SYS_C0020742) parallel_index(PSP_REPORT_JOB_SETUP SYS_C0020742)*/ count(*) from pspadm.PSP_REPORT_JOB_SETUP PSP_REPORT_JOB_SETUP;

  COUNT(*)                                                                      
----------                                                                      
        57                                                                      

1 row selected.

Elapsed: 00:00:00.00
10:08:28 SQL> select /*+ index_ffs(PSP_RETURN_REASON_DESC SYS_C0020508) parallel_index(PSP_RETURN_REASON_DESC SYS_C0020508)*/ count(*) from pspadm.PSP_RETURN_REASON_DESC PSP_RETURN_REASON_DESC;

  COUNT(*)                                                                      
----------                                                                      
        98                                                                      

1 row selected.

Elapsed: 00:00:00.00
10:08:28 SQL> select /*+ index_ffs(PSP_ROLE_SUB_STATUS PSP_ROLE_SUB_STATUS_FK1) parallel_index(PSP_ROLE_SUB_STATUS PSP_ROLE_SUB_STATUS_FK1)*/ count(*) from pspadm.PSP_ROLE_SUB_STATUS PSP_ROLE_SUB_STATUS;

  COUNT(*)                                                                      
----------                                                                      
       329                                                                      

1 row selected.

Elapsed: 00:00:00.01
10:08:28 SQL> select /*+ index_ffs(PSP_ROLE_SUB_STATUS PSP_ROLE_SUB_STATUS_FK2) parallel_index(PSP_ROLE_SUB_STATUS PSP_ROLE_SUB_STATUS_FK2)*/ count(*) from pspadm.PSP_ROLE_SUB_STATUS PSP_ROLE_SUB_STATUS;

  COUNT(*)                                                                      
----------                                                                      
       329                                                                      

1 row selected.

Elapsed: 00:00:00.00
10:08:28 SQL> select /*+ index_ffs(PSP_ROLE_SUB_STATUS SYS_C0020591) parallel_index(PSP_ROLE_SUB_STATUS SYS_C0020591)*/ count(*) from pspadm.PSP_ROLE_SUB_STATUS PSP_ROLE_SUB_STATUS;

  COUNT(*)                                                                      
----------                                                                      
       329                                                                      

1 row selected.

Elapsed: 00:00:00.00
10:08:28 SQL> select /*+ index_ffs(PSP_RTBAUTOMATIONBACKUP SYS_C0055948) parallel_index(PSP_RTBAUTOMATIONBACKUP SYS_C0055948)*/ count(*) from pspadm.PSP_RTBAUTOMATIONBACKUP PSP_RTBAUTOMATIONBACKUP;

  COUNT(*)                                                                      
----------                                                                      
      2243                                                                      

1 row selected.

Elapsed: 00:00:00.05
10:08:28 SQL> select /*+ index_ffs(PSP_SAP_METHOD_CALL PSP_SAP_METH_CALL_IDX1) parallel_index(PSP_SAP_METHOD_CALL PSP_SAP_METH_CALL_IDX1)*/ count(*) from pspadm.PSP_SAP_METHOD_CALL PSP_SAP_METHOD_CALL;

  COUNT(*)                                                                      
----------                                                                      
         0                                                                      

1 row selected.

Elapsed: 00:00:00.00
10:08:28 SQL> select /*+ index_ffs(PSP_SAP_METHOD_CALL SYS_C0020703) parallel_index(PSP_SAP_METHOD_CALL SYS_C0020703)*/ count(*) from pspadm.PSP_SAP_METHOD_CALL PSP_SAP_METHOD_CALL;

  COUNT(*)                                                                      
----------                                                                      
         0                                                                      

1 row selected.

Elapsed: 00:00:00.01
10:08:28 SQL> select /*+ index_ffs(PSP_SAP_METHOD_CALL_BKP PSP_SAP_METHOD_CALL_IDX1) parallel_index(PSP_SAP_METHOD_CALL_BKP PSP_SAP_METHOD_CALL_IDX1)*/ count(*) from pspadm.PSP_SAP_METHOD_CALL_BKP PSP_SAP_METHOD_CALL_BKP;

  COUNT(*)                                                                      
----------                                                                      
  46111604                                                                      

1 row selected.

Elapsed: 00:02:00.31
10:10:29 SQL> select /*+ index_ffs(PSP_SAVED_REPORTS SYS_C0020744) parallel_index(PSP_SAVED_REPORTS SYS_C0020744)*/ count(*) from pspadm.PSP_SAVED_REPORTS PSP_SAVED_REPORTS;

  COUNT(*)                                                                      
----------                                                                      
         0                                                                      

1 row selected.

Elapsed: 00:00:00.00
10:10:29 SQL> select /*+ index_ffs(PSP_SECOND_OFFLOAD PSP_SECOND_OFFLOAD_FK1) parallel_index(PSP_SECOND_OFFLOAD PSP_SECOND_OFFLOAD_FK1)*/ count(*) from pspadm.PSP_SECOND_OFFLOAD PSP_SECOND_OFFLOAD;

  COUNT(*)                                                                      
----------                                                                      
        16                                                                      

1 row selected.

Elapsed: 00:00:00.01
10:10:29 SQL> select /*+ index_ffs(PSP_SECOND_OFFLOAD SYS_C0020592) parallel_index(PSP_SECOND_OFFLOAD SYS_C0020592)*/ count(*) from pspadm.PSP_SECOND_OFFLOAD PSP_SECOND_OFFLOAD;

  COUNT(*)                                                                      
----------                                                                      
        16                                                                      

1 row selected.

Elapsed: 00:00:00.00
10:10:29 SQL> select /*+ index_ffs(PSP_SERVICE SYS_C0020516) parallel_index(PSP_SERVICE SYS_C0020516)*/ count(*) from pspadm.PSP_SERVICE PSP_SERVICE;

  COUNT(*)                                                                      
----------                                                                      
        12                                                                      

1 row selected.

Elapsed: 00:00:00.01
10:10:29 SQL> select /*+ index_ffs(PSP_SERVICE_STATUS SYS_C0020509) parallel_index(PSP_SERVICE_STATUS SYS_C0020509)*/ count(*) from pspadm.PSP_SERVICE_STATUS PSP_SERVICE_STATUS;

  COUNT(*)                                                                      
----------                                                                      
         5                                                                      

1 row selected.

Elapsed: 00:00:00.00
10:10:29 SQL> select /*+ index_ffs(PSP_SERVICE_SUB_STATUS PSP_SERVICE_SUB_STATUS_FK1) parallel_index(PSP_SERVICE_SUB_STATUS PSP_SERVICE_SUB_STATUS_FK1)*/ count(*) from pspadm.PSP_SERVICE_SUB_STATUS PSP_SERVICE_SUB_STATUS;

  COUNT(*)                                                                      
----------                                                                      
        29                                                                      

1 row selected.

Elapsed: 00:00:00.00
10:10:29 SQL> select /*+ index_ffs(PSP_SERVICE_SUB_STATUS SYS_C0020510) parallel_index(PSP_SERVICE_SUB_STATUS SYS_C0020510)*/ count(*) from pspadm.PSP_SERVICE_SUB_STATUS PSP_SERVICE_SUB_STATUS;

  COUNT(*)                                                                      
----------                                                                      
        29                                                                      

1 row selected.

Elapsed: 00:00:00.01
10:10:29 SQL> select /*+ index_ffs(PSP_SERV_STAT_TXN_SKU_TYPE PSP_SERV_STAT_TXN_SKU_TYPE_FK1) parallel_index(PSP_SERV_STAT_TXN_SKU_TYPE PSP_SERV_STAT_TXN_SKU_TYPE_FK1)*/ count(*) from pspadm.PSP_SERV_STAT_TXN_SKU_TYPE PSP_SERV_STAT_TXN_SKU_TYPE;

  COUNT(*)                                                                      
----------                                                                      
       575                                                                      

1 row selected.

Elapsed: 00:00:00.02
10:10:29 SQL> select /*+ index_ffs(PSP_SERV_STAT_TXN_SKU_TYPE PSP_SERV_STAT_TXN_SKU_TYPE_FK2) parallel_index(PSP_SERV_STAT_TXN_SKU_TYPE PSP_SERV_STAT_TXN_SKU_TYPE_FK2)*/ count(*) from pspadm.PSP_SERV_STAT_TXN_SKU_TYPE PSP_SERV_STAT_TXN_SKU_TYPE;

  COUNT(*)                                                                      
----------                                                                      
       575                                                                      

1 row selected.

Elapsed: 00:00:00.00
10:10:29 SQL> select /*+ index_ffs(PSP_SERV_STAT_TXN_SKU_TYPE SYS_C0020593) parallel_index(PSP_SERV_STAT_TXN_SKU_TYPE SYS_C0020593)*/ count(*) from pspadm.PSP_SERV_STAT_TXN_SKU_TYPE PSP_SERV_STAT_TXN_SKU_TYPE;

  COUNT(*)                                                                      
----------                                                                      
       575                                                                      

1 row selected.

Elapsed: 00:00:00.00
10:10:29 SQL> select /*+ index_ffs(PSP_SMSMIGRATION PSP_SMSMIGRATION_FK1) parallel_index(PSP_SMSMIGRATION PSP_SMSMIGRATION_FK1)*/ count(*) from pspadm.PSP_SMSMIGRATION PSP_SMSMIGRATION;

  COUNT(*)                                                                      
----------                                                                      
    363147                                                                      

1 row selected.

Elapsed: 00:00:01.49
10:10:30 SQL> select /*+ index_ffs(PSP_SMSMIGRATION SYS_C00105734) parallel_index(PSP_SMSMIGRATION SYS_C00105734)*/ count(*) from pspadm.PSP_SMSMIGRATION PSP_SMSMIGRATION;

  COUNT(*)                                                                      
----------                                                                      
    363147                                                                      

1 row selected.

Elapsed: 00:00:00.02
10:10:30 SQL> select /*+ index_ffs(PSP_SMSSYNC_FAILURE SYS_C00100240) parallel_index(PSP_SMSSYNC_FAILURE SYS_C00100240)*/ count(*) from pspadm.PSP_SMSSYNC_FAILURE PSP_SMSSYNC_FAILURE;

  COUNT(*)                                                                      
----------                                                                      
        86                                                                      

1 row selected.

Elapsed: 00:00:00.01
10:10:30 SQL> select /*+ index_ffs(PSP_SOURCESYS_PRINTEDCHK_INFO PSP_SOURCE_SYSTEM_PRINTED__FK1) parallel_index(PSP_SOURCESYS_PRINTEDCHK_INFO PSP_SOURCE_SYSTEM_PRINTED__FK1)*/ count(*) from pspadm.PSP_SOURCESYS_PRINTEDCHK_INFO PSP_SOURCESYS_PRINTEDCHK_INFO;

  COUNT(*)                                                                      
----------                                                                      
         1                                                                      

1 row selected.

Elapsed: 00:00:00.00
10:10:30 SQL> select /*+ index_ffs(PSP_SOURCESYS_PRINTEDCHK_INFO SYS_C0020641) parallel_index(PSP_SOURCESYS_PRINTEDCHK_INFO SYS_C0020641)*/ count(*) from pspadm.PSP_SOURCESYS_PRINTEDCHK_INFO PSP_SOURCESYS_PRINTEDCHK_INFO;

  COUNT(*)                                                                      
----------                                                                      
         1                                                                      

1 row selected.

Elapsed: 00:00:00.00
10:10:30 SQL> select /*+ index_ffs(PSP_SOURCE_PAYROLL_PARAMETER SYS_C0020495) parallel_index(PSP_SOURCE_PAYROLL_PARAMETER SYS_C0020495)*/ count(*) from pspadm.PSP_SOURCE_PAYROLL_PARAMETER PSP_SOURCE_PAYROLL_PARAMETER;

  COUNT(*)                                                                      
----------                                                                      
        53                                                                      

1 row selected.

Elapsed: 00:00:00.01
10:10:30 SQL> select /*+ index_ffs(PSP_SOURCE_SYSTEM SYS_C0020517) parallel_index(PSP_SOURCE_SYSTEM SYS_C0020517)*/ count(*) from pspadm.PSP_SOURCE_SYSTEM PSP_SOURCE_SYSTEM;

  COUNT(*)                                                                      
----------                                                                      
         9                                                                      

1 row selected.

Elapsed: 00:00:00.00
10:10:30 SQL> select /*+ index_ffs(PSP_SOURCE_SYSTEM_LAW_ASSOC PSP_SOURCE_SYSTEM_LAW_ASSO_FK1) parallel_index(PSP_SOURCE_SYSTEM_LAW_ASSOC PSP_SOURCE_SYSTEM_LAW_ASSO_FK1)*/ count(*) from pspadm.PSP_SOURCE_SYSTEM_LAW_ASSOC PSP_SOURCE_SYSTEM_LAW_ASSOC;

  COUNT(*)                                                                      
----------                                                                      
       433                                                                      

1 row selected.

Elapsed: 00:00:00.01
10:10:30 SQL> select /*+ index_ffs(PSP_SOURCE_SYSTEM_LAW_ASSOC PSP_SOURCE_SYSTEM_LAW_ASSO_FK2) parallel_index(PSP_SOURCE_SYSTEM_LAW_ASSOC PSP_SOURCE_SYSTEM_LAW_ASSO_FK2)*/ count(*) from pspadm.PSP_SOURCE_SYSTEM_LAW_ASSOC PSP_SOURCE_SYSTEM_LAW_ASSOC;

  COUNT(*)                                                                      
----------                                                                      
       433                                                                      

1 row selected.

Elapsed: 00:00:00.00
10:10:30 SQL> select /*+ index_ffs(PSP_SOURCE_SYSTEM_LAW_ASSOC SYS_C0020604) parallel_index(PSP_SOURCE_SYSTEM_LAW_ASSOC SYS_C0020604)*/ count(*) from pspadm.PSP_SOURCE_SYSTEM_LAW_ASSOC PSP_SOURCE_SYSTEM_LAW_ASSOC;

  COUNT(*)                                                                      
----------                                                                      
       433                                                                      

1 row selected.

Elapsed: 00:00:00.00
10:10:30 SQL> select /*+ index_ffs(PSP_SOURCE_SYSTEM_TRANSMISSION PSP_SOURCE_SYSTEM_TRANSMIS_I2) parallel_index(PSP_SOURCE_SYSTEM_TRANSMISSION PSP_SOURCE_SYSTEM_TRANSMIS_I2)*/ count(*) from pspadm.PSP_SOURCE_SYSTEM_TRANSMISSION PSP_SOURCE_SYSTEM_TRANSMISSION;
select /*+ index_ffs(PSP_SOURCE_SYSTEM_TRANSMISSION PSP_SOURCE_SYSTEM_TRANSMIS_I2) parallel_index(PSP_SOURCE_SYSTEM_TRANSMISSION PSP_SOURCE_SYSTEM_TRANSMIS_I2)*/ count(*) from pspadm.PSP_SOURCE_SYSTEM_TRANSMISSION PSP_SOURCE_SYSTEM_TRANSMISSION
                                                                                                                                                                                       *
ERROR at line 1:
ORA-00942: table or view does not exist 


Elapsed: 00:00:00.01
10:10:30 SQL> select /*+ index_ffs(PSP_SOURCE_SYSTEM_TRANSMISSION PSP_SOURCE_SYSTEM_TRANSMIS_I4) parallel_index(PSP_SOURCE_SYSTEM_TRANSMISSION PSP_SOURCE_SYSTEM_TRANSMIS_I4)*/ count(*) from pspadm.PSP_SOURCE_SYSTEM_TRANSMISSION PSP_SOURCE_SYSTEM_TRANSMISSION;
select /*+ index_ffs(PSP_SOURCE_SYSTEM_TRANSMISSION PSP_SOURCE_SYSTEM_TRANSMIS_I4) parallel_index(PSP_SOURCE_SYSTEM_TRANSMISSION PSP_SOURCE_SYSTEM_TRANSMIS_I4)*/ count(*) from pspadm.PSP_SOURCE_SYSTEM_TRANSMISSION PSP_SOURCE_SYSTEM_TRANSMISSION
                                                                                                                                                                                       *
ERROR at line 1:
ORA-00942: table or view does not exist 


Elapsed: 00:00:00.00
10:10:30 SQL> select /*+ index_ffs(PSP_SOURCE_SYSTEM_TRANSMISSION PSP_SOURCE_SYSTEM_TRANSMIS_I5) parallel_index(PSP_SOURCE_SYSTEM_TRANSMISSION PSP_SOURCE_SYSTEM_TRANSMIS_I5)*/ count(*) from pspadm.PSP_SOURCE_SYSTEM_TRANSMISSION PSP_SOURCE_SYSTEM_TRANSMISSION;
select /*+ index_ffs(PSP_SOURCE_SYSTEM_TRANSMISSION PSP_SOURCE_SYSTEM_TRANSMIS_I5) parallel_index(PSP_SOURCE_SYSTEM_TRANSMISSION PSP_SOURCE_SYSTEM_TRANSMIS_I5)*/ count(*) from pspadm.PSP_SOURCE_SYSTEM_TRANSMISSION PSP_SOURCE_SYSTEM_TRANSMISSION
                                                                                                                                                                                       *
ERROR at line 1:
ORA-00942: table or view does not exist 


Elapsed: 00:00:00.00
10:10:30 SQL> select /*+ index_ffs(PSP_SOURCE_SYSTEM_TRANSMISSION PSP_SRC_SYS_TRAN_ID) parallel_index(PSP_SOURCE_SYSTEM_TRANSMISSION PSP_SRC_SYS_TRAN_ID)*/ count(*) from pspadm.PSP_SOURCE_SYSTEM_TRANSMISSION PSP_SOURCE_SYSTEM_TRANSMISSION;
select /*+ index_ffs(PSP_SOURCE_SYSTEM_TRANSMISSION PSP_SRC_SYS_TRAN_ID) parallel_index(PSP_SOURCE_SYSTEM_TRANSMISSION PSP_SRC_SYS_TRAN_ID)*/ count(*) from pspadm.PSP_SOURCE_SYSTEM_TRANSMISSION PSP_SOURCE_SYSTEM_TRANSMISSION
                                                                                                                                                                   *
ERROR at line 1:
ORA-00942: table or view does not exist 


Elapsed: 00:00:00.00
10:10:30 SQL> select /*+ index_ffs(PSP_SOURCE_SYSTEM_TRANSMISSION SYS_C008544) parallel_index(PSP_SOURCE_SYSTEM_TRANSMISSION SYS_C008544)*/ count(*) from pspadm.PSP_SOURCE_SYSTEM_TRANSMISSION PSP_SOURCE_SYSTEM_TRANSMISSION;
select /*+ index_ffs(PSP_SOURCE_SYSTEM_TRANSMISSION SYS_C008544) parallel_index(PSP_SOURCE_SYSTEM_TRANSMISSION SYS_C008544)*/ count(*) from pspadm.PSP_SOURCE_SYSTEM_TRANSMISSION PSP_SOURCE_SYSTEM_TRANSMISSION
                                                                                                                                                   *
ERROR at line 1:
ORA-00942: table or view does not exist 


Elapsed: 00:00:00.00
10:10:30 SQL> select /*+ index_ffs(PSP_SQL_EXECUTION_LOG_ENTRY SYS_C0020619) parallel_index(PSP_SQL_EXECUTION_LOG_ENTRY SYS_C0020619)*/ count(*) from pspadm.PSP_SQL_EXECUTION_LOG_ENTRY PSP_SQL_EXECUTION_LOG_ENTRY;

  COUNT(*)                                                                      
----------                                                                      
     64144                                                                      

1 row selected.

Elapsed: 00:00:00.07
10:10:30 SQL> select /*+ index_ffs(PSP_STATE_EDI_TAX_FILE PSP_STATE_EDI_TAX_FILE_FK2) parallel_index(PSP_STATE_EDI_TAX_FILE PSP_STATE_EDI_TAX_FILE_FK2)*/ count(*) from pspadm.PSP_STATE_EDI_TAX_FILE PSP_STATE_EDI_TAX_FILE;

  COUNT(*)                                                                      
----------                                                                      
       121                                                                      

1 row selected.

Elapsed: 00:00:00.00
10:10:30 SQL> select /*+ index_ffs(PSP_STATE_EDI_TAX_FILE SYS_C0020670) parallel_index(PSP_STATE_EDI_TAX_FILE SYS_C0020670)*/ count(*) from pspadm.PSP_STATE_EDI_TAX_FILE PSP_STATE_EDI_TAX_FILE;

  COUNT(*)                                                                      
----------                                                                      
       121                                                                      

1 row selected.

Elapsed: 00:00:00.00
10:10:30 SQL> select /*+ index_ffs(PSP_STATE_REPORT_ASSOC PSP_STRPT_TMPFREQ_FK_PMTTMPFRQ) parallel_index(PSP_STATE_REPORT_ASSOC PSP_STRPT_TMPFREQ_FK_PMTTMPFRQ)*/ count(*) from pspadm.PSP_STATE_REPORT_ASSOC PSP_STATE_REPORT_ASSOC;

  COUNT(*)                                                                      
----------                                                                      
     42818                                                                      

1 row selected.

Elapsed: 00:00:00.10
10:10:30 SQL> select /*+ index_ffs(PSP_STATE_REPORT_ASSOC PSP_STRPT_TMPFREQ_FK_STRPTOUT) parallel_index(PSP_STATE_REPORT_ASSOC PSP_STRPT_TMPFREQ_FK_STRPTOUT)*/ count(*) from pspadm.PSP_STATE_REPORT_ASSOC PSP_STATE_REPORT_ASSOC;

  COUNT(*)                                                                      
----------                                                                      
     42818                                                                      

1 row selected.

Elapsed: 00:00:00.00
10:10:30 SQL> select /*+ index_ffs(PSP_STATE_REPORT_ASSOC SYS_C0020656) parallel_index(PSP_STATE_REPORT_ASSOC SYS_C0020656)*/ count(*) from pspadm.PSP_STATE_REPORT_ASSOC PSP_STATE_REPORT_ASSOC;

  COUNT(*)                                                                      
----------                                                                      
     42818                                                                      

1 row selected.

Elapsed: 00:00:00.01
10:10:30 SQL> select /*+ index_ffs(PSP_STATE_REPORT_OUTPUT SYS_C0020655) parallel_index(PSP_STATE_REPORT_OUTPUT SYS_C0020655)*/ count(*) from pspadm.PSP_STATE_REPORT_OUTPUT PSP_STATE_REPORT_OUTPUT;

  COUNT(*)                                                                      
----------                                                                      
     24580                                                                      

1 row selected.

Elapsed: 00:00:00.25
10:10:31 SQL> select /*+ index_ffs(PSP_SUICREDITS_JOB PSP_SUICREDITS_JOB_FK1) parallel_index(PSP_SUICREDITS_JOB PSP_SUICREDITS_JOB_FK1)*/ count(*) from pspadm.PSP_SUICREDITS_JOB PSP_SUICREDITS_JOB;

  COUNT(*)                                                                      
----------                                                                      
       208                                                                      

1 row selected.

Elapsed: 00:00:00.01
10:10:31 SQL> select /*+ index_ffs(PSP_SUICREDITS_JOB SYS_C0020734) parallel_index(PSP_SUICREDITS_JOB SYS_C0020734)*/ count(*) from pspadm.PSP_SUICREDITS_JOB PSP_SUICREDITS_JOB;

  COUNT(*)                                                                      
----------                                                                      
       208                                                                      

1 row selected.

Elapsed: 00:00:00.00
10:10:31 SQL> select /*+ index_ffs(PSP_SVCCHGPRICE PSP_OFFERINGSERVICECHARGEP_FK1) parallel_index(PSP_SVCCHGPRICE PSP_OFFERINGSERVICECHARGEP_FK1)*/ count(*) from pspadm.PSP_SVCCHGPRICE PSP_SVCCHGPRICE;

  COUNT(*)                                                                      
----------                                                                      
      1438                                                                      

1 row selected.

Elapsed: 00:00:00.02
10:10:31 SQL> select /*+ index_ffs(PSP_SVCCHGPRICE SYS_C0020594) parallel_index(PSP_SVCCHGPRICE SYS_C0020594)*/ count(*) from pspadm.PSP_SVCCHGPRICE PSP_SVCCHGPRICE;

  COUNT(*)                                                                      
----------                                                                      
      1438                                                                      

1 row selected.

Elapsed: 00:00:00.00
10:10:31 SQL> select /*+ index_ffs(PSP_SVCSTAT_SRCSYS_ASSOC PSP_SVCSTAT_SRCSYS_FK_SRCSYS) parallel_index(PSP_SVCSTAT_SRCSYS_ASSOC PSP_SVCSTAT_SRCSYS_FK_SRCSYS)*/ count(*) from pspadm.PSP_SVCSTAT_SRCSYS_ASSOC PSP_SVCSTAT_SRCSYS_ASSOC;

  COUNT(*)                                                                      
----------                                                                      
        50                                                                      

1 row selected.

Elapsed: 00:00:00.06
10:10:31 SQL> select /*+ index_ffs(PSP_SVCSTAT_SRCSYS_ASSOC PSP_SVCSTAT_SRCSYS_FK_SVCSTAT) parallel_index(PSP_SVCSTAT_SRCSYS_ASSOC PSP_SVCSTAT_SRCSYS_FK_SVCSTAT)*/ count(*) from pspadm.PSP_SVCSTAT_SRCSYS_ASSOC PSP_SVCSTAT_SRCSYS_ASSOC;

  COUNT(*)                                                                      
----------                                                                      
        50                                                                      

1 row selected.

Elapsed: 00:00:00.02
10:10:31 SQL> select /*+ index_ffs(PSP_SVCSTAT_SRCSYS_ASSOC SYS_C0020524) parallel_index(PSP_SVCSTAT_SRCSYS_ASSOC SYS_C0020524)*/ count(*) from pspadm.PSP_SVCSTAT_SRCSYS_ASSOC PSP_SVCSTAT_SRCSYS_ASSOC;

  COUNT(*)                                                                      
----------                                                                      
        50                                                                      

1 row selected.

Elapsed: 00:00:00.01
10:10:31 SQL> select /*+ index_ffs(PSP_SVCSTAT_SVC_ASSOC PSP_SVCSTAT_SVC_FK_SVC) parallel_index(PSP_SVCSTAT_SVC_ASSOC PSP_SVCSTAT_SVC_FK_SVC)*/ count(*) from pspadm.PSP_SVCSTAT_SVC_ASSOC PSP_SVCSTAT_SVC_ASSOC;

  COUNT(*)                                                                      
----------                                                                      
        66                                                                      

1 row selected.

Elapsed: 00:00:00.02
10:10:31 SQL> select /*+ index_ffs(PSP_SVCSTAT_SVC_ASSOC PSP_SVCSTAT_SVC_FK_SVCSTAT) parallel_index(PSP_SVCSTAT_SVC_ASSOC PSP_SVCSTAT_SVC_FK_SVCSTAT)*/ count(*) from pspadm.PSP_SVCSTAT_SVC_ASSOC PSP_SVCSTAT_SVC_ASSOC;

  COUNT(*)                                                                      
----------                                                                      
        66                                                                      

1 row selected.

Elapsed: 00:00:00.03
10:10:31 SQL> select /*+ index_ffs(PSP_SVCSTAT_SVC_ASSOC SYS_C0020525) parallel_index(PSP_SVCSTAT_SVC_ASSOC SYS_C0020525)*/ count(*) from pspadm.PSP_SVCSTAT_SVC_ASSOC PSP_SVCSTAT_SVC_ASSOC;

  COUNT(*)                                                                      
----------                                                                      
        66                                                                      

1 row selected.

Elapsed: 00:00:00.01
10:10:31 SQL> select /*+ index_ffs(PSP_SVCSTAT_SYSCAP_ASSOC PSP_SVCSTAT_CAP_FK_CAP) parallel_index(PSP_SVCSTAT_SYSCAP_ASSOC PSP_SVCSTAT_CAP_FK_CAP)*/ count(*) from pspadm.PSP_SVCSTAT_SYSCAP_ASSOC PSP_SVCSTAT_SYSCAP_ASSOC;

  COUNT(*)                                                                      
----------                                                                      
       249                                                                      

1 row selected.

Elapsed: 00:00:00.02
10:10:31 SQL> select /*+ index_ffs(PSP_SVCSTAT_SYSCAP_ASSOC PSP_SVCSTAT_CAP_FK_SVCSTAT) parallel_index(PSP_SVCSTAT_SYSCAP_ASSOC PSP_SVCSTAT_CAP_FK_SVCSTAT)*/ count(*) from pspadm.PSP_SVCSTAT_SYSCAP_ASSOC PSP_SVCSTAT_SYSCAP_ASSOC;

  COUNT(*)                                                                      
----------                                                                      
       249                                                                      

1 row selected.

Elapsed: 00:00:00.22
10:10:31 SQL> select /*+ index_ffs(PSP_SVCSTAT_SYSCAP_ASSOC SYS_C0020523) parallel_index(PSP_SVCSTAT_SYSCAP_ASSOC SYS_C0020523)*/ count(*) from pspadm.PSP_SVCSTAT_SYSCAP_ASSOC PSP_SVCSTAT_SYSCAP_ASSOC;

  COUNT(*)                                                                      
----------                                                                      
       249                                                                      

1 row selected.

Elapsed: 00:00:00.00
10:10:31 SQL> select /*+ index_ffs(PSP_SYSTEM_CAPABILITY SYS_C0020511) parallel_index(PSP_SYSTEM_CAPABILITY SYS_C0020511)*/ count(*) from pspadm.PSP_SYSTEM_CAPABILITY PSP_SYSTEM_CAPABILITY;

  COUNT(*)                                                                      
----------                                                                      
        16                                                                      

1 row selected.

Elapsed: 00:00:00.00
10:10:31 SQL> select /*+ index_ffs(PSP_SYSTEM_PARAMETER PSP_SYSTEM_PARAMETER_SPCODE_U1) parallel_index(PSP_SYSTEM_PARAMETER PSP_SYSTEM_PARAMETER_SPCODE_U1)*/ count(*) from pspadm.PSP_SYSTEM_PARAMETER PSP_SYSTEM_PARAMETER;

  COUNT(*)                                                                      
----------                                                                      
       342                                                                      

1 row selected.

Elapsed: 00:00:00.01
10:10:31 SQL> select /*+ index_ffs(PSP_SYSTEM_PARAMETER SYS_C0020585) parallel_index(PSP_SYSTEM_PARAMETER SYS_C0020585)*/ count(*) from pspadm.PSP_SYSTEM_PARAMETER PSP_SYSTEM_PARAMETER;

  COUNT(*)                                                                      
----------                                                                      
       342                                                                      

1 row selected.

Elapsed: 00:00:00.00
10:10:31 SQL> select /*+ index_ffs(PSP_SYSTEM_PAYMENT_REQUIREMENT SYS_C0020661) parallel_index(PSP_SYSTEM_PAYMENT_REQUIREMENT SYS_C0020661)*/ count(*) from pspadm.PSP_SYSTEM_PAYMENT_REQUIREMENT PSP_SYSTEM_PAYMENT_REQUIREMENT;

  COUNT(*)                                                                      
----------                                                                      
         0                                                                      

1 row selected.

Elapsed: 00:00:00.01
10:10:31 SQL> select /*+ index_ffs(PSP_SYSTEM_REQUIREMENT SYS_C0020649) parallel_index(PSP_SYSTEM_REQUIREMENT SYS_C0020649)*/ count(*) from pspadm.PSP_SYSTEM_REQUIREMENT PSP_SYSTEM_REQUIREMENT;

  COUNT(*)                                                                      
----------                                                                      
         3                                                                      

1 row selected.

Elapsed: 00:00:00.00
10:10:31 SQL> select /*+ index_ffs(PSP_TAX PSP_TAX_FK1) parallel_index(PSP_TAX PSP_TAX_FK1)*/ count(*) from pspadm.PSP_TAX PSP_TAX;

  COUNT(*)                                                                      
----------                                                                      
6443651428                                                                      

1 row selected.

Elapsed: 03:58:42.82
14:09:14 SQL> select /*+ index_ffs(PSP_TAX PSP_TAX_FK2) parallel_index(PSP_TAX PSP_TAX_FK2)*/ count(*) from pspadm.PSP_TAX PSP_TAX;

  COUNT(*)                                                                      
----------                                                                      
6443651428                                                                      

1 row selected.

Elapsed: 00:19:06.25
14:28:20 SQL> select /*+ index_ffs(PSP_TAX PSP_TAX_FK3) parallel_index(PSP_TAX PSP_TAX_FK3)*/ count(*) from pspadm.PSP_TAX PSP_TAX;

  COUNT(*)                                                                      
----------                                                                      
6443651428                                                                      

1 row selected.

Elapsed: 00:20:34.34
14:48:54 SQL> select /*+ index_ffs(PSP_TAX PSP_TAX_FK5) parallel_index(PSP_TAX PSP_TAX_FK5)*/ count(*) from pspadm.PSP_TAX PSP_TAX;

  COUNT(*)                                                                      
----------                                                                      
6443651428                                                                      

1 row selected.

Elapsed: 00:03:49.79
14:52:44 SQL> select /*+ index_ffs(PSP_TAX SYS_C0020496) parallel_index(PSP_TAX SYS_C0020496)*/ count(*) from pspadm.PSP_TAX PSP_TAX;

  COUNT(*)                                                                      
----------                                                                      
6443651428                                                                      

1 row selected.

Elapsed: 00:16:10.39
15:08:55 SQL> select /*+ index_ffs(PSP_TAX_ACCOUNT_AUDIT PSP_TAX_ACC_AUD_I1) parallel_index(PSP_TAX_ACCOUNT_AUDIT PSP_TAX_ACC_AUD_I1)*/ count(*) from pspadm.PSP_TAX_ACCOUNT_AUDIT PSP_TAX_ACCOUNT_AUDIT;

  COUNT(*)                                                                      
----------                                                                      
     31455                                                                      

1 row selected.

Elapsed: 00:00:00.13
15:08:55 SQL> select /*+ index_ffs(PSP_TAX_ACCOUNT_AUDIT PSP_TAX_ACC_AUD_PK) parallel_index(PSP_TAX_ACCOUNT_AUDIT PSP_TAX_ACC_AUD_PK)*/ count(*) from pspadm.PSP_TAX_ACCOUNT_AUDIT PSP_TAX_ACCOUNT_AUDIT;

  COUNT(*)                                                                      
----------                                                                      
     31455                                                                      

1 row selected.

Elapsed: 00:00:00.01
15:08:55 SQL> select /*+ index_ffs(PSP_TAX_COMPANY_SERVICE_INFO SYS_C0020664) parallel_index(PSP_TAX_COMPANY_SERVICE_INFO SYS_C0020664)*/ count(*) from pspadm.PSP_TAX_COMPANY_SERVICE_INFO PSP_TAX_COMPANY_SERVICE_INFO;

  COUNT(*)                                                                      
----------                                                                      
    144903                                                                      

1 row selected.

Elapsed: 00:00:00.04
15:08:55 SQL> select /*+ index_ffs(PSP_TAX_CREDITS9061 PSP_TAX_CREDITS9061_FK1) parallel_index(PSP_TAX_CREDITS9061 PSP_TAX_CREDITS9061_FK1)*/ count(*) from pspadm.PSP_TAX_CREDITS9061 PSP_TAX_CREDITS9061;

  COUNT(*)                                                                      
----------                                                                      
       152                                                                      

1 row selected.

Elapsed: 00:00:00.00
15:08:55 SQL> select /*+ index_ffs(PSP_TAX_CREDITS9061 SYS_C0020423) parallel_index(PSP_TAX_CREDITS9061 SYS_C0020423)*/ count(*) from pspadm.PSP_TAX_CREDITS9061 PSP_TAX_CREDITS9061;

  COUNT(*)                                                                      
----------                                                                      
       152                                                                      

1 row selected.

Elapsed: 00:00:00.00
15:08:55 SQL> select /*+ index_ffs(PSP_TAX_CREDITS_APPLICATION SYS_C0020598) parallel_index(PSP_TAX_CREDITS_APPLICATION SYS_C0020598)*/ count(*) from pspadm.PSP_TAX_CREDITS_APPLICATION PSP_TAX_CREDITS_APPLICATION;

  COUNT(*)                                                                      
----------                                                                      
         0                                                                      

1 row selected.

Elapsed: 00:00:00.01
15:08:55 SQL> select /*+ index_ffs(PSP_TAX_PAYMENT_ON_HOLD_REASON PSP_TAXPAYMENTONHOLDREASON_FK1) parallel_index(PSP_TAX_PAYMENT_ON_HOLD_REASON PSP_TAXPAYMENTONHOLDREASON_FK1)*/ count(*) from pspadm.PSP_TAX_PAYMENT_ON_HOLD_REASON PSP_TAX_PAYMENT_ON_HOLD_REASON;

  COUNT(*)                                                                      
----------                                                                      
    394010                                                                      

1 row selected.

Elapsed: 00:00:00.54
15:08:55 SQL> select /*+ index_ffs(PSP_TAX_PAYMENT_ON_HOLD_REASON SYS_C0020627) parallel_index(PSP_TAX_PAYMENT_ON_HOLD_REASON SYS_C0020627)*/ count(*) from pspadm.PSP_TAX_PAYMENT_ON_HOLD_REASON PSP_TAX_PAYMENT_ON_HOLD_REASON;

  COUNT(*)                                                                      
----------                                                                      
    394010                                                                      

1 row selected.

Elapsed: 00:00:00.02
15:08:55 SQL> select /*+ index_ffs(PSP_TAX_PENALTY_INTEREST PSP_TAX_PENALTY_INTEREST_FK1) parallel_index(PSP_TAX_PENALTY_INTEREST PSP_TAX_PENALTY_INTEREST_FK1)*/ count(*) from pspadm.PSP_TAX_PENALTY_INTEREST PSP_TAX_PENALTY_INTEREST;

  COUNT(*)                                                                      
----------                                                                      
         0                                                                      

1 row selected.

Elapsed: 00:00:00.00
15:08:55 SQL> select /*+ index_ffs(PSP_TAX_PENALTY_INTEREST SYS_C0020559) parallel_index(PSP_TAX_PENALTY_INTEREST SYS_C0020559)*/ count(*) from pspadm.PSP_TAX_PENALTY_INTEREST PSP_TAX_PENALTY_INTEREST;

  COUNT(*)                                                                      
----------                                                                      
         0                                                                      

1 row selected.

Elapsed: 00:00:00.00
15:08:55 SQL> select /*+ index_ffs(PSP_TAX_TABLE_MISC_DATA PSP_TAX_TABLE_MISC_DATA_FK1) parallel_index(PSP_TAX_TABLE_MISC_DATA PSP_TAX_TABLE_MISC_DATA_FK1)*/ count(*) from pspadm.PSP_TAX_TABLE_MISC_DATA PSP_TAX_TABLE_MISC_DATA;

  COUNT(*)                                                                      
----------                                                                      
 355830267                                                                      

1 row selected.

Elapsed: 00:09:37.00
15:18:32 SQL> select /*+ index_ffs(PSP_TAX_TABLE_MISC_DATA PSP_TAX_TABLE_MISC_DATA_FK2) parallel_index(PSP_TAX_TABLE_MISC_DATA PSP_TAX_TABLE_MISC_DATA_FK2)*/ count(*) from pspadm.PSP_TAX_TABLE_MISC_DATA PSP_TAX_TABLE_MISC_DATA;

  COUNT(*)                                                                      
----------                                                                      
 355830267                                                                      

1 row selected.

Elapsed: 00:00:16.48
15:18:49 SQL> select /*+ index_ffs(PSP_TAX_TABLE_MISC_DATA SYS_C0020615) parallel_index(PSP_TAX_TABLE_MISC_DATA SYS_C0020615)*/ count(*) from pspadm.PSP_TAX_TABLE_MISC_DATA PSP_TAX_TABLE_MISC_DATA;

  COUNT(*)                                                                      
----------                                                                      
 355830267                                                                      

1 row selected.

Elapsed: 00:00:16.17
15:19:05 SQL> select /*+ index_ffs(PSP_THIRD_PARTY401K_BATCH SYS_C0020571) parallel_index(PSP_THIRD_PARTY401K_BATCH SYS_C0020571)*/ count(*) from pspadm.PSP_THIRD_PARTY401K_BATCH PSP_THIRD_PARTY401K_BATCH;

  COUNT(*)                                                                      
----------                                                                      
      1302                                                                      

1 row selected.

Elapsed: 00:00:00.01
15:19:05 SQL> select /*+ index_ffs(PSP_THRESHOLD_REQUIREMENT SYS_C0020659) parallel_index(PSP_THRESHOLD_REQUIREMENT SYS_C0020659)*/ count(*) from pspadm.PSP_THRESHOLD_REQUIREMENT PSP_THRESHOLD_REQUIREMENT;

  COUNT(*)                                                                      
----------                                                                      
         0                                                                      

1 row selected.

Elapsed: 00:00:00.00
15:19:05 SQL> select /*+ index_ffs(PSP_TP401KCOMPANY_SERVICE_INFO SYS_C0020567) parallel_index(PSP_TP401KCOMPANY_SERVICE_INFO SYS_C0020567)*/ count(*) from pspadm.PSP_TP401KCOMPANY_SERVICE_INFO PSP_TP401KCOMPANY_SERVICE_INFO;

  COUNT(*)                                                                      
----------                                                                      
       733                                                                      

1 row selected.

Elapsed: 00:00:00.00
15:19:05 SQL> select /*+ index_ffs(PSP_TP401K_BATCH_EMPLOYEE PSP_TP401K_BATCH_EE_FK1) parallel_index(PSP_TP401K_BATCH_EMPLOYEE PSP_TP401K_BATCH_EE_FK1)*/ count(*) from pspadm.PSP_TP401K_BATCH_EMPLOYEE PSP_TP401K_BATCH_EMPLOYEE;

  COUNT(*)                                                                      
----------                                                                      
     67346                                                                      

1 row selected.

Elapsed: 00:00:00.03
15:19:05 SQL> select /*+ index_ffs(PSP_TP401K_BATCH_EMPLOYEE PSP_TP401K_BATCH_EE_FK2 ) parallel_index(PSP_TP401K_BATCH_EMPLOYEE PSP_TP401K_BATCH_EE_FK2 )*/ count(*) from pspadm.PSP_TP401K_BATCH_EMPLOYEE PSP_TP401K_BATCH_EMPLOYEE;

  COUNT(*)                                                                      
----------                                                                      
     67346                                                                      

1 row selected.

Elapsed: 00:00:00.00
15:19:05 SQL> select /*+ index_ffs(PSP_TP401K_BATCH_EMPLOYEE SYS_C0020584) parallel_index(PSP_TP401K_BATCH_EMPLOYEE SYS_C0020584)*/ count(*) from pspadm.PSP_TP401K_BATCH_EMPLOYEE PSP_TP401K_BATCH_EMPLOYEE;

  COUNT(*)                                                                      
----------                                                                      
     67346                                                                      

1 row selected.

Elapsed: 00:00:00.01
15:19:05 SQL> select /*+ index_ffs(PSP_TP401K_BATCH_PAYCHECK PSP_THIRD_PARTY401K_BATCH__FK1) parallel_index(PSP_TP401K_BATCH_PAYCHECK PSP_THIRD_PARTY401K_BATCH__FK1)*/ count(*) from pspadm.PSP_TP401K_BATCH_PAYCHECK PSP_TP401K_BATCH_PAYCHECK;

  COUNT(*)                                                                      
----------                                                                      
     67469                                                                      

1 row selected.

Elapsed: 00:00:00.02
15:19:05 SQL> select /*+ index_ffs(PSP_TP401K_BATCH_PAYCHECK PSP_THIRD_PARTY401K_BATCH__FK2) parallel_index(PSP_TP401K_BATCH_PAYCHECK PSP_THIRD_PARTY401K_BATCH__FK2)*/ count(*) from pspadm.PSP_TP401K_BATCH_PAYCHECK PSP_TP401K_BATCH_PAYCHECK;

  COUNT(*)                                                                      
----------                                                                      
     67469                                                                      

1 row selected.

Elapsed: 00:00:00.01
15:19:05 SQL> select /*+ index_ffs(PSP_TP401K_BATCH_PAYCHECK SYS_C0020580) parallel_index(PSP_TP401K_BATCH_PAYCHECK SYS_C0020580)*/ count(*) from pspadm.PSP_TP401K_BATCH_PAYCHECK PSP_TP401K_BATCH_PAYCHECK;

  COUNT(*)                                                                      
----------                                                                      
     67469                                                                      

1 row selected.

Elapsed: 00:00:00.00
15:19:05 SQL> select /*+ index_ffs(PSP_TP401K_PAYCHECK PSP_TP401K_PCHK_PCHK_FK) parallel_index(PSP_TP401K_PAYCHECK PSP_TP401K_PCHK_PCHK_FK)*/ count(*) from pspadm.PSP_TP401K_PAYCHECK PSP_TP401K_PAYCHECK;

  COUNT(*)                                                                      
----------                                                                      
    107461                                                                      

1 row selected.

Elapsed: 00:00:00.37
15:19:05 SQL> select /*+ index_ffs(PSP_TP401K_PAYCHECK SYS_C0020638) parallel_index(PSP_TP401K_PAYCHECK SYS_C0020638)*/ count(*) from pspadm.PSP_TP401K_PAYCHECK PSP_TP401K_PAYCHECK;

  COUNT(*)                                                                      
----------                                                                      
    107461                                                                      

1 row selected.

Elapsed: 00:00:00.01
15:19:05 SQL> select /*+ index_ffs(PSP_TP401K_PAYCHECK_PENDING PSP_TP401K_PEND_STATE_PCHK_FK) parallel_index(PSP_TP401K_PAYCHECK_PENDING PSP_TP401K_PEND_STATE_PCHK_FK)*/ count(*) from pspadm.PSP_TP401K_PAYCHECK_PENDING PSP_TP401K_PAYCHECK_PENDING;

  COUNT(*)                                                                      
----------                                                                      
     72569                                                                      

1 row selected.

Elapsed: 00:00:00.03
15:19:05 SQL> select /*+ index_ffs(PSP_TP401K_PAYCHECK_PENDING SYS_C0020640) parallel_index(PSP_TP401K_PAYCHECK_PENDING SYS_C0020640)*/ count(*) from pspadm.PSP_TP401K_PAYCHECK_PENDING PSP_TP401K_PAYCHECK_PENDING;

  COUNT(*)                                                                      
----------                                                                      
     72569                                                                      

1 row selected.

Elapsed: 00:00:00.00
15:19:05 SQL> select /*+ index_ffs(PSP_TP401K_PAYCHECK_STATE PSP_TP401K_PCHK_STATE_PCHK_FK) parallel_index(PSP_TP401K_PAYCHECK_STATE PSP_TP401K_PCHK_STATE_PCHK_FK)*/ count(*) from pspadm.PSP_TP401K_PAYCHECK_STATE PSP_TP401K_PAYCHECK_STATE;

  COUNT(*)                                                                      
----------                                                                      
    162234                                                                      

1 row selected.

Elapsed: 00:00:00.40
15:19:06 SQL> select /*+ index_ffs(PSP_TP401K_PAYCHECK_STATE SYS_C0020639) parallel_index(PSP_TP401K_PAYCHECK_STATE SYS_C0020639)*/ count(*) from pspadm.PSP_TP401K_PAYCHECK_STATE PSP_TP401K_PAYCHECK_STATE;

  COUNT(*)                                                                      
----------                                                                      
    162234                                                                      

1 row selected.

Elapsed: 00:00:00.01
15:19:06 SQL> select /*+ index_ffs(PSP_TP401K_SIGNUP_BATCH SYS_C0020575) parallel_index(PSP_TP401K_SIGNUP_BATCH SYS_C0020575)*/ count(*) from pspadm.PSP_TP401K_SIGNUP_BATCH PSP_TP401K_SIGNUP_BATCH;

  COUNT(*)                                                                      
----------                                                                      
       512                                                                      

1 row selected.

Elapsed: 00:00:00.00
15:19:06 SQL> select /*+ index_ffs(PSP_TP401K_SIGNUP_QUEUE SYS_C0020574) parallel_index(PSP_TP401K_SIGNUP_QUEUE SYS_C0020574)*/ count(*) from pspadm.PSP_TP401K_SIGNUP_QUEUE PSP_TP401K_SIGNUP_QUEUE;

  COUNT(*)                                                                      
----------                                                                      
       881                                                                      

1 row selected.

Elapsed: 00:00:00.01
15:19:06 SQL> select /*+ index_ffs(PSP_TRANSACTION_OFFLOAD_BATCH PSP_TRANSACTION_OFFLOAD_BA_FK1) parallel_index(PSP_TRANSACTION_OFFLOAD_BATCH PSP_TRANSACTION_OFFLOAD_BA_FK1)*/ count(*) from pspadm.PSP_TRANSACTION_OFFLOAD_BATCH PSP_TRANSACTION_OFFLOAD_BATCH;

  COUNT(*)                                                                      
----------                                                                      
         0                                                                      

1 row selected.

Elapsed: 00:00:00.00
15:19:06 SQL> select /*+ index_ffs(PSP_TRANSACTION_OFFLOAD_BATCH PSP_TRANSACTION_OFFLOAD_BA_FK2) parallel_index(PSP_TRANSACTION_OFFLOAD_BATCH PSP_TRANSACTION_OFFLOAD_BA_FK2)*/ count(*) from pspadm.PSP_TRANSACTION_OFFLOAD_BATCH PSP_TRANSACTION_OFFLOAD_BATCH;

  COUNT(*)                                                                      
----------                                                                      
         0                                                                      

1 row selected.

Elapsed: 00:00:00.00
15:19:06 SQL> select /*+ index_ffs(PSP_TRANSACTION_OFFLOAD_BATCH SYS_C0020497) parallel_index(PSP_TRANSACTION_OFFLOAD_BATCH SYS_C0020497)*/ count(*) from pspadm.PSP_TRANSACTION_OFFLOAD_BATCH PSP_TRANSACTION_OFFLOAD_BATCH;

  COUNT(*)                                                                      
----------                                                                      
         0                                                                      

1 row selected.

Elapsed: 00:00:00.01
15:19:06 SQL> select /*+ index_ffs(PSP_TRANSACTION_RESPONSE PSP_TRANSACTION_RESPONSE_FK1) parallel_index(PSP_TRANSACTION_RESPONSE PSP_TRANSACTION_RESPONSE_FK1)*/ count(*) from pspadm.PSP_TRANSACTION_RESPONSE PSP_TRANSACTION_RESPONSE;

  COUNT(*)                                                                      
----------                                                                      
   7206416                                                                      

1 row selected.

Elapsed: 00:00:10.53
15:19:16 SQL> select /*+ index_ffs(PSP_TRANSACTION_RESPONSE SYS_C0020498) parallel_index(PSP_TRANSACTION_RESPONSE SYS_C0020498)*/ count(*) from pspadm.PSP_TRANSACTION_RESPONSE PSP_TRANSACTION_RESPONSE;

  COUNT(*)                                                                      
----------                                                                      
   7206416                                                                      

1 row selected.

Elapsed: 00:00:00.32
15:19:17 SQL> select /*+ index_ffs(PSP_TRANSACTION_RETURN PSP_TRANSACTION_RETURN_FK1) parallel_index(PSP_TRANSACTION_RETURN PSP_TRANSACTION_RETURN_FK1)*/ count(*) from pspadm.PSP_TRANSACTION_RETURN PSP_TRANSACTION_RETURN;

  COUNT(*)                                                                      
----------                                                                      
   2159105                                                                      

1 row selected.

Elapsed: 00:00:03.25
15:19:20 SQL> select /*+ index_ffs(PSP_TRANSACTION_RETURN PSP_TRANSACTION_RETURN_FK2) parallel_index(PSP_TRANSACTION_RETURN PSP_TRANSACTION_RETURN_FK2)*/ count(*) from pspadm.PSP_TRANSACTION_RETURN PSP_TRANSACTION_RETURN;

  COUNT(*)                                                                      
----------                                                                      
   2159105                                                                      

1 row selected.

Elapsed: 00:00:00.09
15:19:20 SQL> select /*+ index_ffs(PSP_TRANSACTION_RETURN PSP_TRANSACTION_RETURN_I1) parallel_index(PSP_TRANSACTION_RETURN PSP_TRANSACTION_RETURN_I1)*/ count(*) from pspadm.PSP_TRANSACTION_RETURN PSP_TRANSACTION_RETURN;

  COUNT(*)                                                                      
----------                                                                      
   2159105                                                                      

1 row selected.

Elapsed: 00:00:00.10
15:19:20 SQL> select /*+ index_ffs(PSP_TRANSACTION_RETURN SYS_C0020499) parallel_index(PSP_TRANSACTION_RETURN SYS_C0020499)*/ count(*) from pspadm.PSP_TRANSACTION_RETURN PSP_TRANSACTION_RETURN;

  COUNT(*)                                                                      
----------                                                                      
   2159105                                                                      

1 row selected.

Elapsed: 00:00:00.09
15:19:20 SQL> select /*+ index_ffs(PSP_TRANSACTION_RETURN_BATCH SYS_C0020500) parallel_index(PSP_TRANSACTION_RETURN_BATCH SYS_C0020500)*/ count(*) from pspadm.PSP_TRANSACTION_RETURN_BATCH PSP_TRANSACTION_RETURN_BATCH;

  COUNT(*)                                                                      
----------                                                                      
      4122                                                                      

1 row selected.

Elapsed: 00:00:00.01
15:19:20 SQL> select /*+ index_ffs(PSP_TRANSACTION_STATE SYS_C0020518) parallel_index(PSP_TRANSACTION_STATE SYS_C0020518)*/ count(*) from pspadm.PSP_TRANSACTION_STATE PSP_TRANSACTION_STATE;

  COUNT(*)                                                                      
----------                                                                      
         6                                                                      

1 row selected.

Elapsed: 00:00:00.01
15:19:20 SQL> select /*+ index_ffs(PSP_TRANSACTION_TYPE SYS_C0020519) parallel_index(PSP_TRANSACTION_TYPE SYS_C0020519)*/ count(*) from pspadm.PSP_TRANSACTION_TYPE PSP_TRANSACTION_TYPE;

  COUNT(*)                                                                      
----------                                                                      
       150                                                                      

1 row selected.

Elapsed: 00:00:00.00
15:19:20 SQL> select /*+ index_ffs(PSP_TRANSMISSION_PAYROLL_RUN PSP_TRANSMISSIONPAYROLLRUN_FK1) parallel_index(PSP_TRANSMISSION_PAYROLL_RUN PSP_TRANSMISSIONPAYROLLRUN_FK1)*/ count(*) from pspadm.PSP_TRANSMISSION_PAYROLL_RUN PSP_TRANSMISSION_PAYROLL_RUN;

  COUNT(*)                                                                      
----------                                                                      
 249395824                                                                      

1 row selected.

Elapsed: 00:06:44.10
15:26:04 SQL> select /*+ index_ffs(PSP_TRANSMISSION_PAYROLL_RUN PSP_TRANSMISSIONPAYROLLRUN_FK2) parallel_index(PSP_TRANSMISSION_PAYROLL_RUN PSP_TRANSMISSIONPAYROLLRUN_FK2)*/ count(*) from pspadm.PSP_TRANSMISSION_PAYROLL_RUN PSP_TRANSMISSION_PAYROLL_RUN;

  COUNT(*)                                                                      
----------                                                                      
 249395824                                                                      

1 row selected.

Elapsed: 00:00:11.60
15:26:16 SQL> select /*+ index_ffs(PSP_TRANSMISSION_PAYROLL_RUN SYS_C0020475) parallel_index(PSP_TRANSMISSION_PAYROLL_RUN SYS_C0020475)*/ count(*) from pspadm.PSP_TRANSMISSION_PAYROLL_RUN PSP_TRANSMISSION_PAYROLL_RUN;

  COUNT(*)                                                                      
----------                                                                      
 249395824                                                                      

1 row selected.

Elapsed: 00:00:11.78
15:26:28 SQL> select /*+ index_ffs(PSP_TXNTYPE_SERVICE_ASSOC PSP_TXNTYPE_SVC_FK_SVC) parallel_index(PSP_TXNTYPE_SERVICE_ASSOC PSP_TXNTYPE_SVC_FK_SVC)*/ count(*) from pspadm.PSP_TXNTYPE_SERVICE_ASSOC PSP_TXNTYPE_SERVICE_ASSOC;

  COUNT(*)                                                                      
----------                                                                      
       129                                                                      

1 row selected.

Elapsed: 00:00:00.02
15:26:28 SQL> select /*+ index_ffs(PSP_TXNTYPE_SERVICE_ASSOC PSP_TXNTYPE_SVC_FK_TXNTYPE) parallel_index(PSP_TXNTYPE_SERVICE_ASSOC PSP_TXNTYPE_SVC_FK_TXNTYPE)*/ count(*) from pspadm.PSP_TXNTYPE_SERVICE_ASSOC PSP_TXNTYPE_SERVICE_ASSOC;

  COUNT(*)                                                                      
----------                                                                      
       129                                                                      

1 row selected.

Elapsed: 00:00:00.01
15:26:28 SQL> select /*+ index_ffs(PSP_TXNTYPE_SERVICE_ASSOC SYS_C0020545) parallel_index(PSP_TXNTYPE_SERVICE_ASSOC SYS_C0020545)*/ count(*) from pspadm.PSP_TXNTYPE_SERVICE_ASSOC PSP_TXNTYPE_SERVICE_ASSOC;

  COUNT(*)                                                                      
----------                                                                      
       129                                                                      

1 row selected.

Elapsed: 00:00:00.00
15:26:28 SQL> select /*+ index_ffs(PSP_USAGE_PERIOD PSP_USAGEPERIOD_FK1) parallel_index(PSP_USAGE_PERIOD PSP_USAGEPERIOD_FK1)*/ count(*) from pspadm.PSP_USAGE_PERIOD PSP_USAGE_PERIOD;

  COUNT(*)                                                                      
----------                                                                      
  30356090                                                                      

1 row selected.

Elapsed: 00:00:48.01
15:27:16 SQL> select /*+ index_ffs(PSP_USAGE_PERIOD PSP_USAGE_PERIOD_U1) parallel_index(PSP_USAGE_PERIOD PSP_USAGE_PERIOD_U1)*/ count(*) from pspadm.PSP_USAGE_PERIOD PSP_USAGE_PERIOD;

  COUNT(*)                                                                      
----------                                                                      
  30356090                                                                      

1 row selected.

Elapsed: 00:00:01.38
15:27:17 SQL> select /*+ index_ffs(PSP_USAGE_PERIOD SYS_C0020687) parallel_index(PSP_USAGE_PERIOD SYS_C0020687)*/ count(*) from pspadm.PSP_USAGE_PERIOD PSP_USAGE_PERIOD;

  COUNT(*)                                                                      
----------                                                                      
  30356090                                                                      

1 row selected.

Elapsed: 00:00:01.37
15:27:19 SQL> select /*+ index_ffs(PSP_USER_PREFERENCE SYS_C0020564) parallel_index(PSP_USER_PREFERENCE SYS_C0020564)*/ count(*) from pspadm.PSP_USER_PREFERENCE PSP_USER_PREFERENCE;

  COUNT(*)                                                                      
----------                                                                      
        21                                                                      

1 row selected.

Elapsed: 00:00:00.01
15:27:19 SQL> select /*+ index_ffs(PSP_USER_SETTING PSP_USERSETTING_FK1) parallel_index(PSP_USER_SETTING PSP_USERSETTING_FK1)*/ count(*) from pspadm.PSP_USER_SETTING PSP_USER_SETTING;

  COUNT(*)                                                                      
----------                                                                      
       356                                                                      

1 row selected.

Elapsed: 00:00:00.00
15:27:19 SQL> select /*+ index_ffs(PSP_USER_SETTING PSP_USER_SETTING_FK1) parallel_index(PSP_USER_SETTING PSP_USER_SETTING_FK1)*/ count(*) from pspadm.PSP_USER_SETTING PSP_USER_SETTING;

  COUNT(*)                                                                      
----------                                                                      
       356                                                                      

1 row selected.

Elapsed: 00:00:00.00
15:27:19 SQL> select /*+ index_ffs(PSP_USER_SETTING SYS_C0020565) parallel_index(PSP_USER_SETTING SYS_C0020565)*/ count(*) from pspadm.PSP_USER_SETTING PSP_USER_SETTING;

  COUNT(*)                                                                      
----------                                                                      
       356                                                                      

1 row selected.

Elapsed: 00:00:00.01
15:27:19 SQL> select /*+ index_ffs(PSP_VMP_EMPLOYEE_INFO PSP_VMP_EMPLOYEE_INFO_FK1) parallel_index(PSP_VMP_EMPLOYEE_INFO PSP_VMP_EMPLOYEE_INFO_FK1)*/ count(*) from pspadm.PSP_VMP_EMPLOYEE_INFO PSP_VMP_EMPLOYEE_INFO;

  COUNT(*)                                                                      
----------                                                                      
    902983                                                                      

1 row selected.

Elapsed: 00:00:01.63
15:27:20 SQL> select /*+ index_ffs(PSP_VMP_EMPLOYEE_INFO SYS_C0020743) parallel_index(PSP_VMP_EMPLOYEE_INFO SYS_C0020743)*/ count(*) from pspadm.PSP_VMP_EMPLOYEE_INFO PSP_VMP_EMPLOYEE_INFO;

  COUNT(*)                                                                      
----------                                                                      
    902983                                                                      

1 row selected.

Elapsed: 00:00:00.04
15:27:20 SQL> select /*+ index_ffs(PSP_VOIDED_CHECK PSP_VOIDED_CHECK_FK1) parallel_index(PSP_VOIDED_CHECK PSP_VOIDED_CHECK_FK1)*/ count(*) from pspadm.PSP_VOIDED_CHECK PSP_VOIDED_CHECK;

  COUNT(*)                                                                      
----------                                                                      
     13137                                                                      

1 row selected.

Elapsed: 00:00:00.02
15:27:20 SQL> select /*+ index_ffs(PSP_VOIDED_CHECK PSP_VOIDED_CHECK_FK2) parallel_index(PSP_VOIDED_CHECK PSP_VOIDED_CHECK_FK2)*/ count(*) from pspadm.PSP_VOIDED_CHECK PSP_VOIDED_CHECK;

  COUNT(*)                                                                      
----------                                                                      
     13137                                                                      

1 row selected.

Elapsed: 00:00:00.01
15:27:20 SQL> select /*+ index_ffs(PSP_VOIDED_CHECK PSP_VOIDED_CHECK_FK3) parallel_index(PSP_VOIDED_CHECK PSP_VOIDED_CHECK_FK3)*/ count(*) from pspadm.PSP_VOIDED_CHECK PSP_VOIDED_CHECK;

  COUNT(*)                                                                      
----------                                                                      
     13137                                                                      

1 row selected.

Elapsed: 00:00:00.00
15:27:20 SQL> select /*+ index_ffs(PSP_VOIDED_CHECK SYS_C0020648) parallel_index(PSP_VOIDED_CHECK SYS_C0020648)*/ count(*) from pspadm.PSP_VOIDED_CHECK PSP_VOIDED_CHECK;

  COUNT(*)                                                                      
----------                                                                      
     13137                                                                      

1 row selected.

Elapsed: 00:00:00.00
15:27:20 SQL> select /*+ index_ffs(PSP_WAGE_LIMIT PSP_WAGE_LIMIT_FK1) parallel_index(PSP_WAGE_LIMIT PSP_WAGE_LIMIT_FK1)*/ count(*) from pspadm.PSP_WAGE_LIMIT PSP_WAGE_LIMIT;

  COUNT(*)                                                                      
----------                                                                      
      1952                                                                      

1 row selected.

Elapsed: 00:00:00.01
15:27:20 SQL> select /*+ index_ffs(PSP_WAGE_LIMIT SYS_C0020680) parallel_index(PSP_WAGE_LIMIT SYS_C0020680)*/ count(*) from pspadm.PSP_WAGE_LIMIT PSP_WAGE_LIMIT;

  COUNT(*)                                                                      
----------                                                                      
      1952                                                                      

1 row selected.

Elapsed: 00:00:00.00
15:27:20 SQL> select /*+ index_ffs(PSP_WC_PAYCHECK PSP_WC_PCHK_PCHK_FK) parallel_index(PSP_WC_PAYCHECK PSP_WC_PCHK_PCHK_FK)*/ count(*) from pspadm.PSP_WC_PAYCHECK PSP_WC_PAYCHECK;

  COUNT(*)                                                                      
----------                                                                      
  17961268                                                                      

1 row selected.

Elapsed: 00:00:28.77
15:27:49 SQL> select /*+ index_ffs(PSP_WC_PAYCHECK SYS_C0020704) parallel_index(PSP_WC_PAYCHECK SYS_C0020704)*/ count(*) from pspadm.PSP_WC_PAYCHECK PSP_WC_PAYCHECK;

  COUNT(*)                                                                      
----------                                                                      
  17961268                                                                      

1 row selected.

Elapsed: 00:00:00.77
15:27:50 SQL> select /*+ index_ffs(PSP_WC_PAYCHECK_PENDING PSP_WC_PEND_STATE_PCHK_FK) parallel_index(PSP_WC_PAYCHECK_PENDING PSP_WC_PEND_STATE_PCHK_FK)*/ count(*) from pspadm.PSP_WC_PAYCHECK_PENDING PSP_WC_PAYCHECK_PENDING;

  COUNT(*)                                                                      
----------                                                                      
     18485                                                                      

1 row selected.

Elapsed: 00:00:00.02
15:27:50 SQL> select /*+ index_ffs(PSP_WC_PAYCHECK_PENDING SYS_C0020706) parallel_index(PSP_WC_PAYCHECK_PENDING SYS_C0020706)*/ count(*) from pspadm.PSP_WC_PAYCHECK_PENDING PSP_WC_PAYCHECK_PENDING;

  COUNT(*)                                                                      
----------                                                                      
     18485                                                                      

1 row selected.

Elapsed: 00:00:00.01
15:27:50 SQL> select /*+ index_ffs(PSP_WC_PAYCHECK_STATE PSP_WC_PCHK_STATE_PCHK_FK) parallel_index(PSP_WC_PAYCHECK_STATE PSP_WC_PCHK_STATE_PCHK_FK)*/ count(*) from pspadm.PSP_WC_PAYCHECK_STATE PSP_WC_PAYCHECK_STATE;

  COUNT(*)                                                                      
----------                                                                      
  50425897                                                                      

1 row selected.

Elapsed: 00:01:19.12
15:29:09 SQL> select /*+ index_ffs(PSP_WC_PAYCHECK_STATE SYS_C0020705) parallel_index(PSP_WC_PAYCHECK_STATE SYS_C0020705)*/ count(*) from pspadm.PSP_WC_PAYCHECK_STATE PSP_WC_PAYCHECK_STATE;

  COUNT(*)                                                                      
----------                                                                      
  50425897                                                                      

1 row selected.

Elapsed: 00:00:02.16
15:29:11 SQL> spool off
