Timing is on.
SET
Time: 1.081 ms
VACUUM
Time: 23.110 ms
VACUUM
Time: 10.854 ms
VACUUM
Time: 141408.955 ms (02:21.409)
VACUUM
Time: 21.957 ms
VACUUM
Time: 39804.485 ms (00:39.804)
VACUUM
Time: 136695.556 ms (02:16.696)
VACUUM
Time: 138507.600 ms (02:18.508)
 pg_sleep 
----------
 
(1 row)

Time: 60039.797 ms (01:00.040)
VACUUM
Time: 22.357 ms
VACUUM
Time: 3905.536 ms (00:03.906)
VACUUM
Time: 22.326 ms
VACUUM
Time: 142199.323 ms (02:22.199)
VACUUM
Time: 82362.280 ms (01:22.362)
VACUUM
Time: 132662.082 ms (02:12.662)
 pg_sleep 
----------
 
(1 row)

Time: 60099.871 ms (01:00.100)
VACUUM
Time: 38466.411 ms (00:38.466)
VACUUM
Time: 22.076 ms
VACUUM
Time: 10.884 ms
VACUUM
Time: 10.713 ms
VACUUM
Time: 92437.129 ms (01:32.437)
VACUUM
Time: 22.375 ms
VACUUM
Time: 145689.151 ms (02:25.689)
VACUUM
Time: 21.983 ms
 pg_sleep 
----------
 
(1 row)

Time: 60101.191 ms (01:00.101)
VACUUM
Time: 21.886 ms
VACUUM
Time: 10.779 ms
VACUUM
Time: 10.616 ms
VACUUM
Time: 141169.688 ms (02:21.170)
VACUUM
Time: 22.203 ms
VACUUM
Time: 11.632 ms
VACUUM
Time: 139106.365 ms (02:19.106)
 pg_sleep 
----------
 
(1 row)

Time: 60101.217 ms (01:00.101)
VACUUM
Time: 21.938 ms
VACUUM
Time: 139569.568 ms (02:19.570)
VACUUM
Time: 139939.876 ms (02:19.940)
VACUUM
Time: 21.551 ms
VACUUM
Time: 11.182 ms
VACUUM
Time: 10.684 ms
VACUUM
Time: 10.484 ms
VACUUM
Time: 10.624 ms
 pg_sleep 
----------
 
(1 row)

Time: 60101.177 ms (01:00.101)
VACUUM
Time: 21.901 ms
VACUUM
Time: 10.851 ms
VACUUM
Time: 10.822 ms
VACUUM
Time: 10.747 ms
VACUUM
Time: 10.628 ms
VACUUM
Time: 10.611 ms
VACUUM
Time: 10.585 ms
VACUUM
Time: 10.475 ms
 pg_sleep 
----------
 
(1 row)

Time: 60101.252 ms (01:00.101)
VACUUM
Time: 140528.689 ms (02:20.529)
VACUUM
Time: 21.950 ms
VACUUM
Time: 10.812 ms
VACUUM
Time: 125244.582 ms (02:05.245)
VACUUM
Time: 22.317 ms
VACUUM
Time: 11.278 ms
VACUUM
Time: 10.809 ms
 pg_sleep 
----------
 
(1 row)

Time: 60030.028 ms (01:00.030)
VACUUM
Time: 142158.427 ms (02:22.158)
VACUUM
Time: 22.019 ms
VACUUM
Time: 41499.640 ms (00:41.500)
VACUUM
Time: 138458.790 ms (02:18.459)
VACUUM
Time: 21.733 ms
VACUUM
Time: 11.139 ms
VACUUM
Time: 141055.127 ms (02:21.055)
VACUUM
Time: 139108.625 ms (02:19.109)
VACUUM
Time: 103574.799 ms (01:43.575)
VACUUM
Time: 23.254 ms
 pg_sleep 
----------
 
(1 row)

Time: 60101.229 ms (01:00.101)
VACUUM
Time: 140335.864 ms (02:20.336)
VACUUM
Time: 134280.627 ms (02:14.281)
VACUUM
Time: 21.947 ms
VACUUM
Time: 10.582 ms
VACUUM
Time: 10.581 ms
VACUUM
Time: 141576.094 ms (02:21.576)
VACUUM
Time: 134681.929 ms (02:14.682)
VACUUM
Time: 7874.335 ms (00:07.874)
 pg_sleep 
----------
 
(1 row)

Time: 60101.220 ms (01:00.101)
VACUUM
Time: 141312.043 ms (02:21.312)
VACUUM
Time: 21.922 ms
VACUUM
Time: 141480.803 ms (02:21.481)
VACUUM
Time: 22.368 ms
VACUUM
Time: 11.573 ms
VACUUM
Time: 11.279 ms
VACUUM
Time: 142020.260 ms (02:22.020)
VACUUM
Time: 22.002 ms
VACUUM
Time: 11.171 ms
 pg_sleep 
----------
 
(1 row)

Time: 60010.882 ms (01:00.011)
VACUUM
Time: 21.975 ms
VACUUM
Time: 10.734 ms
VACUUM
Time: 10.595 ms
VACUUM
Time: 141769.588 ms (02:21.770)
VACUUM
Time: 142844.243 ms (02:22.844)
VACUUM
Time: 12.692 ms
VACUUM
Time: 141433.436 ms (02:21.433)
VACUUM
Time: 22.260 ms
 pg_sleep 
----------
 
(1 row)

Time: 60101.237 ms (01:00.101)
VACUUM
Time: 139472.757 ms (02:19.473)
VACUUM
Time: 141391.969 ms (02:21.392)
VACUUM
Time: 140428.427 ms (02:20.428)
VACUUM
Time: 21.665 ms
VACUUM
Time: 10.800 ms
VACUUM
Time: 118919.795 ms (01:58.920)
VACUUM
Time: 21.750 ms
VACUUM
Time: 10.561 ms
 pg_sleep 
----------
 
(1 row)

Time: 60096.732 ms (01:00.097)
VACUUM
Time: 12.319 ms
VACUUM
Time: 11.374 ms
VACUUM
Time: 21.649 ms
VACUUM
Time: 11.449 ms
VACUUM
Time: 149769.164 ms (02:29.769)
VACUUM
Time: 22.142 ms
