Timing is on.
SET
Time: 0.973 ms
VACUUM
Time: 140109.165 ms (02:20.109)
VACUUM
Time: 17686.425 ms (00:17.686)
VACUUM
Time: 10588.943 ms (00:10.589)
VACUUM
Time: 21.811 ms
VACUUM
Time: 12642.139 ms (00:12.642)
VACUUM
Time: 144167.997 ms (02:24.168)
VACUUM
Time: 11.028 ms
VACUUM
Time: 10.375 ms
VACUUM
Time: 53674.827 ms (00:53.675)
VACUUM
Time: 21.356 ms
 pg_sleep 
----------
 
(1 row)

Time: 60101.594 ms (01:00.102)
VACUUM
Time: 139948.604 ms (02:19.949)
VACUUM
Time: 141030.884 ms (02:21.031)
VACUUM
Time: 142035.882 ms (02:22.036)
VACUUM
Time: 142512.308 ms (02:22.512)
VACUUM
Time: 50873.993 ms (00:50.874)
VACUUM
Time: 12369.146 ms (00:12.369)
VACUUM
Time: 145286.486 ms (02:25.286)
VACUUM
Time: 21.426 ms
VACUUM
Time: 44080.756 ms (00:44.081)
VACUUM
Time: 21.248 ms
 pg_sleep 
----------
 
(1 row)

Time: 60069.101 ms (01:00.069)
VACUUM
Time: 142947.164 ms (02:22.947)
VACUUM
Time: 143100.416 ms (02:23.100)
VACUUM
Time: 49044.262 ms (00:49.044)
VACUUM
Time: 21.650 ms
VACUUM
Time: 26602.325 ms (00:26.602)
VACUUM
Time: 22.293 ms
VACUUM
Time: 105020.105 ms (01:45.020)
VACUUM
Time: 141079.940 ms (02:21.080)
VACUUM
Time: 11.494 ms
VACUUM
Time: 10.776 ms
 pg_sleep 
----------
 
(1 row)

Time: 60099.080 ms (01:00.099)
VACUUM
Time: 141399.061 ms (02:21.399)
VACUUM
Time: 140499.026 ms (02:20.499)
VACUUM
Time: 143554.599 ms (02:23.555)
VACUUM
Time: 140846.508 ms (02:20.847)
VACUUM
Time: 20334.559 ms (00:20.335)
VACUUM
Time: 21.426 ms
VACUUM
Time: 142054.331 ms (02:22.054)
VACUUM
Time: 21.318 ms
VACUUM
Time: 5139.768 ms (00:05.140)
VACUUM
Time: 21.341 ms
 pg_sleep 
----------
 
(1 row)

Time: 60101.094 ms (01:00.101)
VACUUM
Time: 140207.463 ms (02:20.207)
VACUUM
Time: 43.129 ms
VACUUM
Time: 141319.283 ms (02:21.319)
VACUUM
Time: 21.255 ms
VACUUM
Time: 10.196 ms
VACUUM
Time: 17107.525 ms (00:17.108)
VACUUM
Time: 10.947 ms
VACUUM
Time: 10.268 ms
VACUUM
Time: 10.248 ms
VACUUM
Time: 9.986 ms
 pg_sleep 
----------
 
(1 row)

Time: 60101.193 ms (01:00.101)
VACUUM
Time: 21.540 ms
VACUUM
Time: 142326.666 ms (02:22.327)
VACUUM
Time: 21.481 ms
VACUUM
Time: 11.606 ms
VACUUM
Time: 74760.890 ms (01:14.761)
VACUUM
Time: 143959.199 ms (02:23.959)
VACUUM
Time: 21.367 ms
VACUUM
Time: 143510.912 ms (02:23.511)
VACUUM
Time: 21.794 ms
VACUUM
Time: 10.546 ms
