Timing is on.
SET
Time: 1.067 ms
psql:run_vacuum_20March2023_7.sql:3: INFO:  aggressively vacuuming "ibobadm.psp_source_system_transmission_m052014_from_cris"
psql:run_vacuum_20March2023_7.sql:3: INFO:  table "psp_source_system_transmission_m052014_from_cris": found 0 removable, 0 nonremovable row versions in 0 out of 0 pages
DETAIL:  0 dead row versions cannot be removed yet, oldest xmin: 538016020
Skipped 0 pages due to buffer pins, 0 frozen pages.
CPU: user: 0.00 s, system: 0.00 s, elapsed: 0.00 s.
psql:run_vacuum_20March2023_7.sql:3: INFO:  aggressively vacuuming "pg_toast.pg_toast_568046713"
psql:run_vacuum_20March2023_7.sql:3: INFO:  table "pg_toast_568046713": found 0 removable, 0 nonremovable row versions in 0 out of 0 pages
DETAIL:  0 dead row versions cannot be removed yet, oldest xmin: 538016020
Skipped 0 pages due to buffer pins, 0 frozen pages.
CPU: user: 0.00 s, system: 0.00 s, elapsed: 0.00 s.
psql:run_vacuum_20March2023_7.sql:3: INFO:  analyzing "ibobadm.psp_source_system_transmission_m052014_from_cris"
psql:run_vacuum_20March2023_7.sql:3: INFO:  "psp_source_system_transmission_m052014_from_cris": scanned 0 of 0 pages, containing 0 live rows and 0 dead rows; 0 rows in sample, 0 estimated total rows
VACUUM
Time: 23.170 ms
psql:run_vacuum_20March2023_7.sql:4: INFO:  aggressively vacuuming "ibobadm.psp_source_system_transmission_m052014_from_as400"
psql:run_vacuum_20March2023_7.sql:4: INFO:  table "psp_source_system_transmission_m052014_from_as400": found 0 removable, 0 nonremovable row versions in 0 out of 0 pages
DETAIL:  0 dead row versions cannot be removed yet, oldest xmin: 538016020
Skipped 0 pages due to buffer pins, 0 frozen pages.
CPU: user: 0.00 s, system: 0.00 s, elapsed: 0.00 s.
psql:run_vacuum_20March2023_7.sql:4: INFO:  aggressively vacuuming "pg_toast.pg_toast_568046706"
psql:run_vacuum_20March2023_7.sql:4: INFO:  table "pg_toast_568046706": found 0 removable, 0 nonremovable row versions in 0 out of 0 pages
DETAIL:  0 dead row versions cannot be removed yet, oldest xmin: 538016020
Skipped 0 pages due to buffer pins, 0 frozen pages.
CPU: user: 0.00 s, system: 0.00 s, elapsed: 0.00 s.
psql:run_vacuum_20March2023_7.sql:4: INFO:  analyzing "ibobadm.psp_source_system_transmission_m052014_from_as400"
psql:run_vacuum_20March2023_7.sql:4: INFO:  "psp_source_system_transmission_m052014_from_as400": scanned 0 of 0 pages, containing 0 live rows and 0 dead rows; 0 rows in sample, 0 estimated total rows
VACUUM
Time: 10.431 ms
psql:run_vacuum_20March2023_7.sql:5: INFO:  aggressively vacuuming "ibobadm.psp_source_system_transmission_m052014_from_dflt"
psql:run_vacuum_20March2023_7.sql:5: INFO:  table "psp_source_system_transmission_m052014_from_dflt": found 0 removable, 0 nonremovable row versions in 0 out of 0 pages
DETAIL:  0 dead row versions cannot be removed yet, oldest xmin: 538016020
Skipped 0 pages due to buffer pins, 0 frozen pages.
CPU: user: 0.00 s, system: 0.00 s, elapsed: 0.00 s.
psql:run_vacuum_20March2023_7.sql:5: INFO:  aggressively vacuuming "pg_toast.pg_toast_568046720"
psql:run_vacuum_20March2023_7.sql:5: INFO:  table "pg_toast_568046720": found 0 removable, 0 nonremovable row versions in 0 out of 0 pages
DETAIL:  0 dead row versions cannot be removed yet, oldest xmin: 538016020
Skipped 0 pages due to buffer pins, 0 frozen pages.
CPU: user: 0.00 s, system: 0.00 s, elapsed: 0.00 s.
psql:run_vacuum_20March2023_7.sql:5: INFO:  analyzing "ibobadm.psp_source_system_transmission_m052014_from_dflt"
psql:run_vacuum_20March2023_7.sql:5: INFO:  "psp_source_system_transmission_m052014_from_dflt": scanned 0 of 0 pages, containing 0 live rows and 0 dead rows; 0 rows in sample, 0 estimated total rows
VACUUM
Time: 10.293 ms
psql:run_vacuum_20March2023_7.sql:6: INFO:  aggressively vacuuming "ibobadm.psp_source_system_transmission_m042014_from_cris"
psql:run_vacuum_20March2023_7.sql:6: INFO:  table "psp_source_system_transmission_m042014_from_cris": found 0 removable, 0 nonremovable row versions in 0 out of 0 pages
DETAIL:  0 dead row versions cannot be removed yet, oldest xmin: 538016020
Skipped 0 pages due to buffer pins, 0 frozen pages.
CPU: user: 0.00 s, system: 0.00 s, elapsed: 0.00 s.
psql:run_vacuum_20March2023_7.sql:6: INFO:  aggressively vacuuming "pg_toast.pg_toast_568045930"
psql:run_vacuum_20March2023_7.sql:6: INFO:  table "pg_toast_568045930": found 0 removable, 0 nonremovable row versions in 0 out of 0 pages
DETAIL:  0 dead row versions cannot be removed yet, oldest xmin: 538016020
Skipped 0 pages due to buffer pins, 0 frozen pages.
CPU: user: 0.00 s, system: 0.00 s, elapsed: 0.00 s.
psql:run_vacuum_20March2023_7.sql:6: INFO:  analyzing "ibobadm.psp_source_system_transmission_m042014_from_cris"
psql:run_vacuum_20March2023_7.sql:6: INFO:  "psp_source_system_transmission_m042014_from_cris": scanned 0 of 0 pages, containing 0 live rows and 0 dead rows; 0 rows in sample, 0 estimated total rows
VACUUM
Time: 11.173 ms
psql:run_vacuum_20March2023_7.sql:7: INFO:  aggressively vacuuming "ibobadm.psp_source_system_transmission_m052014_from_null"
psql:run_vacuum_20March2023_7.sql:7: INFO:  table "psp_source_system_transmission_m052014_from_null": found 0 removable, 0 nonremovable row versions in 0 out of 0 pages
DETAIL:  0 dead row versions cannot be removed yet, oldest xmin: 538016020
Skipped 0 pages due to buffer pins, 0 frozen pages.
CPU: user: 0.00 s, system: 0.00 s, elapsed: 0.00 s.
psql:run_vacuum_20March2023_7.sql:7: INFO:  aggressively vacuuming "pg_toast.pg_toast_568046737"
psql:run_vacuum_20March2023_7.sql:7: INFO:  table "pg_toast_568046737": found 0 removable, 0 nonremovable row versions in 0 out of 0 pages
DETAIL:  0 dead row versions cannot be removed yet, oldest xmin: 538016020
Skipped 0 pages due to buffer pins, 0 frozen pages.
CPU: user: 0.00 s, system: 0.00 s, elapsed: 0.00 s.
psql:run_vacuum_20March2023_7.sql:7: INFO:  analyzing "ibobadm.psp_source_system_transmission_m052014_from_null"
psql:run_vacuum_20March2023_7.sql:7: INFO:  "psp_source_system_transmission_m052014_from_null": scanned 0 of 0 pages, containing 0 live rows and 0 dead rows; 0 rows in sample, 0 estimated total rows
VACUUM
Time: 10.572 ms
psql:run_vacuum_20March2023_7.sql:8: INFO:  aggressively vacuuming "ibobadm.psp_source_system_transmission_m042014_from_dflt"
psql:run_vacuum_20March2023_7.sql:8: INFO:  table "psp_source_system_transmission_m042014_from_dflt": found 0 removable, 0 nonremovable row versions in 0 out of 0 pages
DETAIL:  0 dead row versions cannot be removed yet, oldest xmin: 538016020
Skipped 0 pages due to buffer pins, 0 frozen pages.
CPU: user: 0.00 s, system: 0.00 s, elapsed: 0.00 s.
psql:run_vacuum_20March2023_7.sql:8: INFO:  aggressively vacuuming "pg_toast.pg_toast_568045938"
psql:run_vacuum_20March2023_7.sql:8: INFO:  table "pg_toast_568045938": found 0 removable, 0 nonremovable row versions in 0 out of 0 pages
DETAIL:  0 dead row versions cannot be removed yet, oldest xmin: 538016020
Skipped 0 pages due to buffer pins, 0 frozen pages.
CPU: user: 0.00 s, system: 0.00 s, elapsed: 0.00 s.
psql:run_vacuum_20March2023_7.sql:8: INFO:  analyzing "ibobadm.psp_source_system_transmission_m042014_from_dflt"
psql:run_vacuum_20March2023_7.sql:8: INFO:  "psp_source_system_transmission_m042014_from_dflt": scanned 0 of 0 pages, containing 0 live rows and 0 dead rows; 0 rows in sample, 0 estimated total rows
VACUUM
Time: 10.335 ms
psql:run_vacuum_20March2023_7.sql:9: INFO:  aggressively vacuuming "ibobadm.psp_source_system_transmission_m042014_from_ews"
psql:run_vacuum_20March2023_7.sql:9: INFO:  launched 4 parallel vacuum workers for index cleanup (planned: 4)
psql:run_vacuum_20March2023_7.sql:9: INFO:  table "psp_source_system_transmission_m042014_from_ews": found 0 removable, 4 nonremovable row versions in 1 out of 20775 pages
DETAIL:  0 dead row versions cannot be removed yet, oldest xmin: 538016020
Skipped 0 pages due to buffer pins, 20774 frozen pages.
CPU: user: 0.00 s, system: 0.01 s, elapsed: 0.03 s.
psql:run_vacuum_20March2023_7.sql:9: INFO:  aggressively vacuuming "pg_toast.pg_toast_568045946"
psql:run_vacuum_20March2023_7.sql:9: INFO:  table "pg_toast_568045946": found 0 removable, 5 nonremovable row versions in 1 out of 5310 pages
DETAIL:  0 dead row versions cannot be removed yet, oldest xmin: 538016020
Skipped 0 pages due to buffer pins, 5309 frozen pages.
CPU: user: 0.00 s, system: 0.00 s, elapsed: 0.00 s.
psql:run_vacuum_20March2023_7.sql:9: INFO:  analyzing "ibobadm.psp_source_system_transmission_m042014_from_ews"
psql:run_vacuum_20March2023_7.sql:9: INFO:  "psp_source_system_transmission_m042014_from_ews": scanned 20775 of 20775 pages, containing 112681 live rows and 0 dead rows; 112681 rows in sample, 112681 estimated total rows
VACUUM
Time: 21638.028 ms (00:21.638)
psql:run_vacuum_20March2023_7.sql:10: INFO:  aggressively vacuuming "ibobadm.psp_source_system_transmission_m042014_from_null"
psql:run_vacuum_20March2023_7.sql:10: INFO:  table "psp_source_system_transmission_m042014_from_null": found 0 removable, 0 nonremovable row versions in 0 out of 0 pages
DETAIL:  0 dead row versions cannot be removed yet, oldest xmin: 538016109
Skipped 0 pages due to buffer pins, 0 frozen pages.
CPU: user: 0.00 s, system: 0.00 s, elapsed: 0.00 s.
psql:run_vacuum_20March2023_7.sql:10: INFO:  aggressively vacuuming "pg_toast.pg_toast_568045954"
psql:run_vacuum_20March2023_7.sql:10: INFO:  table "pg_toast_568045954": found 0 removable, 0 nonremovable row versions in 0 out of 0 pages
DETAIL:  0 dead row versions cannot be removed yet, oldest xmin: 538016109
Skipped 0 pages due to buffer pins, 0 frozen pages.
CPU: user: 0.00 s, system: 0.00 s, elapsed: 0.00 s.
psql:run_vacuum_20March2023_7.sql:10: INFO:  analyzing "ibobadm.psp_source_system_transmission_m042014_from_null"
psql:run_vacuum_20March2023_7.sql:10: INFO:  "psp_source_system_transmission_m042014_from_null": scanned 0 of 0 pages, containing 0 live rows and 0 dead rows; 0 rows in sample, 0 estimated total rows
VACUUM
Time: 21.715 ms
psql:run_vacuum_20March2023_7.sql:11: INFO:  aggressively vacuuming "ibobadm.psp_source_system_transmission_m052014_from_psp"
psql:run_vacuum_20March2023_7.sql:11: INFO:  launched 4 parallel vacuum workers for index cleanup (planned: 4)
psql:run_vacuum_20March2023_7.sql:11: INFO:  table "psp_source_system_transmission_m052014_from_psp": found 0 removable, 9 nonremovable row versions in 1 out of 46599 pages
DETAIL:  0 dead row versions cannot be removed yet, oldest xmin: 538016109
Skipped 0 pages due to buffer pins, 46598 frozen pages.
CPU: user: 0.01 s, system: 0.04 s, elapsed: 0.07 s.
psql:run_vacuum_20March2023_7.sql:11: INFO:  aggressively vacuuming "pg_toast.pg_toast_568046744"
psql:run_vacuum_20March2023_7.sql:11: INFO:  table "pg_toast_568046744": found 0 removable, 3 nonremovable row versions in 1 out of 106103 pages
DETAIL:  0 dead row versions cannot be removed yet, oldest xmin: 538016109
Skipped 0 pages due to buffer pins, 106102 frozen pages.
CPU: user: 0.00 s, system: 0.00 s, elapsed: 0.03 s.
psql:run_vacuum_20March2023_7.sql:11: INFO:  analyzing "ibobadm.psp_source_system_transmission_m052014_from_psp"
psql:run_vacuum_20March2023_7.sql:11: INFO:  "psp_source_system_transmission_m052014_from_psp": scanned 46599 of 46599 pages, containing 372024 live rows and 0 dead rows; 153600 rows in sample, 372024 estimated total rows
VACUUM
Time: 57286.244 ms (00:57.286)
psql:run_vacuum_20March2023_7.sql:12: INFO:  aggressively vacuuming "ibobadm.psp_source_system_transmission_m042014_from_psp"
psql:run_vacuum_20March2023_7.sql:12: INFO:  launched 4 parallel vacuum workers for index cleanup (planned: 4)
psql:run_vacuum_20March2023_7.sql:12: INFO:  table "psp_source_system_transmission_m042014_from_psp": found 0 removable, 10 nonremovable row versions in 1 out of 63350 pages
DETAIL:  0 dead row versions cannot be removed yet, oldest xmin: 538016245
Skipped 0 pages due to buffer pins, 63349 frozen pages.
CPU: user: 0.02 s, system: 0.04 s, elapsed: 0.09 s.
psql:run_vacuum_20March2023_7.sql:12: INFO:  aggressively vacuuming "pg_toast.pg_toast_568045964"
psql:run_vacuum_20March2023_7.sql:12: INFO:  table "pg_toast_568045964": found 0 removable, 1 nonremovable row versions in 1 out of 145572 pages
DETAIL:  0 dead row versions cannot be removed yet, oldest xmin: 538016250
Skipped 0 pages due to buffer pins, 145571 frozen pages.
CPU: user: 0.00 s, system: 0.00 s, elapsed: 0.04 s.
psql:run_vacuum_20March2023_7.sql:12: INFO:  analyzing "ibobadm.psp_source_system_transmission_m042014_from_psp"
psql:run_vacuum_20March2023_7.sql:12: INFO:  "psp_source_system_transmission_m042014_from_psp": scanned 63350 of 63350 pages, containing 502210 live rows and 0 dead rows; 153600 rows in sample, 502210 estimated total rows
VACUUM
Time: 69116.439 ms (01:09.116)
 pg_sleep 
----------
 
(1 row)

Time: 60101.712 ms (01:00.102)
psql:run_vacuum_20March2023_7.sql:14: INFO:  aggressively vacuuming "ibobadm.psp_source_system_transmission_m042014_from_qbdt"
psql:run_vacuum_20March2023_7.sql:14: INFO:  launched 4 parallel vacuum workers for index cleanup (planned: 4)
psql:run_vacuum_20March2023_7.sql:14: INFO:  table "psp_source_system_transmission_m042014_from_qbdt": found 0 removable, 3 nonremovable row versions in 1 out of 420457 pages
DETAIL:  0 dead row versions cannot be removed yet, oldest xmin: 538016395
Skipped 0 pages due to buffer pins, 420456 frozen pages.
CPU: user: 0.02 s, system: 0.45 s, elapsed: 0.58 s.
psql:run_vacuum_20March2023_7.sql:14: INFO:  aggressively vacuuming "pg_toast.pg_toast_568045972"
psql:run_vacuum_20March2023_7.sql:14: INFO:  table "pg_toast_568045972": found 0 removable, 1 nonremovable row versions in 1 out of 1834971 pages
DETAIL:  0 dead row versions cannot be removed yet, oldest xmin: 538016395
Skipped 0 pages due to buffer pins, 1834970 frozen pages.
CPU: user: 0.06 s, system: 0.00 s, elapsed: 0.49 s.
psql:run_vacuum_20March2023_7.sql:14: INFO:  analyzing "ibobadm.psp_source_system_transmission_m042014_from_qbdt"
psql:run_vacuum_20March2023_7.sql:14: INFO:  "psp_source_system_transmission_m042014_from_qbdt": scanned 153600 of 420457 pages, containing 862946 live rows and 0 dead rows; 153600 rows in sample, 2362185 estimated total rows
VACUUM
Time: 141122.259 ms (02:21.122)
psql:run_vacuum_20March2023_7.sql:15: INFO:  aggressively vacuuming "ibobadm.psp_source_system_transmission_m042014_from_as400"
psql:run_vacuum_20March2023_7.sql:15: INFO:  table "psp_source_system_transmission_m042014_from_as400": found 0 removable, 0 nonremovable row versions in 0 out of 0 pages
DETAIL:  0 dead row versions cannot be removed yet, oldest xmin: 538016942
Skipped 0 pages due to buffer pins, 0 frozen pages.
CPU: user: 0.00 s, system: 0.00 s, elapsed: 0.00 s.
psql:run_vacuum_20March2023_7.sql:15: INFO:  aggressively vacuuming "pg_toast.pg_toast_568045922"
psql:run_vacuum_20March2023_7.sql:15: INFO:  table "pg_toast_568045922": found 0 removable, 0 nonremovable row versions in 0 out of 0 pages
DETAIL:  0 dead row versions cannot be removed yet, oldest xmin: 538016942
Skipped 0 pages due to buffer pins, 0 frozen pages.
CPU: user: 0.00 s, system: 0.00 s, elapsed: 0.00 s.
psql:run_vacuum_20March2023_7.sql:15: INFO:  analyzing "ibobadm.psp_source_system_transmission_m042014_from_as400"
psql:run_vacuum_20March2023_7.sql:15: INFO:  "psp_source_system_transmission_m042014_from_as400": scanned 0 of 0 pages, containing 0 live rows and 0 dead rows; 0 rows in sample, 0 estimated total rows
VACUUM
Time: 22.181 ms
psql:run_vacuum_20March2023_7.sql:16: INFO:  aggressively vacuuming "ibobadm.psp_source_system_transmission_m022018_from_ews"
psql:run_vacuum_20March2023_7.sql:16: INFO:  launched 4 parallel vacuum workers for index cleanup (planned: 4)
psql:run_vacuum_20March2023_7.sql:16: INFO:  table "psp_source_system_transmission_m022018_from_ews": found 0 removable, 7 nonremovable row versions in 1 out of 1143456 pages
DETAIL:  0 dead row versions cannot be removed yet, oldest xmin: 538016942
Skipped 0 pages due to buffer pins, 1143455 frozen pages.
CPU: user: 0.06 s, system: 0.64 s, elapsed: 0.96 s.
psql:run_vacuum_20March2023_7.sql:16: INFO:  aggressively vacuuming "pg_toast.pg_toast_568044601"
psql:run_vacuum_20March2023_7.sql:16: INFO:  table "pg_toast_568044601": found 0 removable, 4 nonremovable row versions in 1 out of 254692 pages
DETAIL:  0 dead row versions cannot be removed yet, oldest xmin: 538016942
Skipped 0 pages due to buffer pins, 254691 frozen pages.
CPU: user: 0.00 s, system: 0.00 s, elapsed: 0.07 s.
psql:run_vacuum_20March2023_7.sql:16: INFO:  analyzing "ibobadm.psp_source_system_transmission_m022018_from_ews"
psql:run_vacuum_20March2023_7.sql:16: INFO:  "psp_source_system_transmission_m022018_from_ews": scanned 153600 of 1143456 pages, containing 731196 live rows and 0 dead rows; 153600 rows in sample, 5443297 estimated total rows
VACUUM
Time: 138579.100 ms (02:18.579)
psql:run_vacuum_20March2023_7.sql:17: INFO:  aggressively vacuuming "ibobadm.psp_source_system_transmission_m022018_from_as400"
psql:run_vacuum_20March2023_7.sql:17: INFO:  table "psp_source_system_transmission_m022018_from_as400": found 0 removable, 0 nonremovable row versions in 0 out of 0 pages
DETAIL:  0 dead row versions cannot be removed yet, oldest xmin: 538017164
Skipped 0 pages due to buffer pins, 0 frozen pages.
CPU: user: 0.00 s, system: 0.00 s, elapsed: 0.00 s.
psql:run_vacuum_20March2023_7.sql:17: INFO:  aggressively vacuuming "pg_toast.pg_toast_568044578"
psql:run_vacuum_20March2023_7.sql:17: INFO:  table "pg_toast_568044578": found 0 removable, 0 nonremovable row versions in 0 out of 0 pages
DETAIL:  0 dead row versions cannot be removed yet, oldest xmin: 538017164
Skipped 0 pages due to buffer pins, 0 frozen pages.
CPU: user: 0.00 s, system: 0.00 s, elapsed: 0.00 s.
psql:run_vacuum_20March2023_7.sql:17: INFO:  analyzing "ibobadm.psp_source_system_transmission_m022018_from_as400"
psql:run_vacuum_20March2023_7.sql:17: INFO:  "psp_source_system_transmission_m022018_from_as400": scanned 0 of 0 pages, containing 0 live rows and 0 dead rows; 0 rows in sample, 0 estimated total rows
VACUUM
Time: 21.901 ms
psql:run_vacuum_20March2023_7.sql:18: INFO:  aggressively vacuuming "ibobadm.psp_source_system_transmission_m022018_from_dflt"
psql:run_vacuum_20March2023_7.sql:18: INFO:  table "psp_source_system_transmission_m022018_from_dflt": found 0 removable, 0 nonremovable row versions in 0 out of 0 pages
DETAIL:  0 dead row versions cannot be removed yet, oldest xmin: 538017164
Skipped 0 pages due to buffer pins, 0 frozen pages.
CPU: user: 0.00 s, system: 0.00 s, elapsed: 0.00 s.
psql:run_vacuum_20March2023_7.sql:18: INFO:  aggressively vacuuming "pg_toast.pg_toast_568044593"
psql:run_vacuum_20March2023_7.sql:18: INFO:  table "pg_toast_568044593": found 0 removable, 0 nonremovable row versions in 0 out of 0 pages
DETAIL:  0 dead row versions cannot be removed yet, oldest xmin: 538017164
Skipped 0 pages due to buffer pins, 0 frozen pages.
CPU: user: 0.00 s, system: 0.00 s, elapsed: 0.00 s.
psql:run_vacuum_20March2023_7.sql:18: INFO:  analyzing "ibobadm.psp_source_system_transmission_m022018_from_dflt"
psql:run_vacuum_20March2023_7.sql:18: INFO:  "psp_source_system_transmission_m022018_from_dflt": scanned 0 of 0 pages, containing 0 live rows and 0 dead rows; 0 rows in sample, 0 estimated total rows
VACUUM
Time: 11.112 ms
psql:run_vacuum_20March2023_7.sql:19: INFO:  aggressively vacuuming "ibobadm.psp_source_system_transmission_m022018_from_cris"
psql:run_vacuum_20March2023_7.sql:19: INFO:  table "psp_source_system_transmission_m022018_from_cris": found 0 removable, 0 nonremovable row versions in 0 out of 0 pages
DETAIL:  0 dead row versions cannot be removed yet, oldest xmin: 538017164
Skipped 0 pages due to buffer pins, 0 frozen pages.
CPU: user: 0.00 s, system: 0.00 s, elapsed: 0.00 s.
psql:run_vacuum_20March2023_7.sql:19: INFO:  aggressively vacuuming "pg_toast.pg_toast_568044585"
psql:run_vacuum_20March2023_7.sql:19: INFO:  table "pg_toast_568044585": found 0 removable, 0 nonremovable row versions in 0 out of 0 pages
DETAIL:  0 dead row versions cannot be removed yet, oldest xmin: 538017164
Skipped 0 pages due to buffer pins, 0 frozen pages.
CPU: user: 0.00 s, system: 0.00 s, elapsed: 0.00 s.
psql:run_vacuum_20March2023_7.sql:19: INFO:  analyzing "ibobadm.psp_source_system_transmission_m022018_from_cris"
psql:run_vacuum_20March2023_7.sql:19: INFO:  "psp_source_system_transmission_m022018_from_cris": scanned 0 of 0 pages, containing 0 live rows and 0 dead rows; 0 rows in sample, 0 estimated total rows
VACUUM
Time: 10.537 ms
psql:run_vacuum_20March2023_7.sql:20: INFO:  aggressively vacuuming "ibobadm.psp_source_system_transmission_m022018_from_psp"
psql:run_vacuum_20March2023_7.sql:20: INFO:  launched 4 parallel vacuum workers for index cleanup (planned: 4)
psql:run_vacuum_20March2023_7.sql:20: INFO:  table "psp_source_system_transmission_m022018_from_psp": found 0 removable, 9 nonremovable row versions in 1 out of 120715 pages
DETAIL:  0 dead row versions cannot be removed yet, oldest xmin: 538017164
Skipped 0 pages due to buffer pins, 120714 frozen pages.
CPU: user: 0.02 s, system: 0.11 s, elapsed: 0.17 s.
psql:run_vacuum_20March2023_7.sql:20: INFO:  aggressively vacuuming "pg_toast.pg_toast_568044622"
psql:run_vacuum_20March2023_7.sql:20: INFO:  table "pg_toast_568044622": found 0 removable, 2 nonremovable row versions in 1 out of 1045939 pages
DETAIL:  0 dead row versions cannot be removed yet, oldest xmin: 538017164
Skipped 0 pages due to buffer pins, 1045938 frozen pages.
CPU: user: 0.03 s, system: 0.00 s, elapsed: 0.29 s.
psql:run_vacuum_20March2023_7.sql:20: INFO:  analyzing "ibobadm.psp_source_system_transmission_m022018_from_psp"
psql:run_vacuum_20March2023_7.sql:20: INFO:  "psp_source_system_transmission_m022018_from_psp": scanned 120715 of 120715 pages, containing 1289222 live rows and 0 dead rows; 153600 rows in sample, 1289222 estimated total rows
VACUUM
Time: 117907.260 ms (01:57.907)
psql:run_vacuum_20March2023_7.sql:21: INFO:  aggressively vacuuming "ibobadm.psp_source_system_transmission_m022018_from_null"
psql:run_vacuum_20March2023_7.sql:21: INFO:  table "psp_source_system_transmission_m022018_from_null": found 0 removable, 0 nonremovable row versions in 0 out of 0 pages
DETAIL:  0 dead row versions cannot be removed yet, oldest xmin: 538017507
Skipped 0 pages due to buffer pins, 0 frozen pages.
CPU: user: 0.00 s, system: 0.00 s, elapsed: 0.00 s.
psql:run_vacuum_20March2023_7.sql:21: INFO:  aggressively vacuuming "pg_toast.pg_toast_568044608"
psql:run_vacuum_20March2023_7.sql:21: INFO:  table "pg_toast_568044608": found 0 removable, 0 nonremovable row versions in 0 out of 0 pages
DETAIL:  0 dead row versions cannot be removed yet, oldest xmin: 538017507
Skipped 0 pages due to buffer pins, 0 frozen pages.
CPU: user: 0.00 s, system: 0.00 s, elapsed: 0.00 s.
psql:run_vacuum_20March2023_7.sql:21: INFO:  analyzing "ibobadm.psp_source_system_transmission_m022018_from_null"
psql:run_vacuum_20March2023_7.sql:21: INFO:  "psp_source_system_transmission_m022018_from_null": scanned 0 of 0 pages, containing 0 live rows and 0 dead rows; 0 rows in sample, 0 estimated total rows
VACUUM
Time: 21.713 ms
psql:run_vacuum_20March2023_7.sql:22: INFO:  aggressively vacuuming "ibobadm.psp_source_system_transmission_m022018_from_qbdt"
psql:run_vacuum_20March2023_7.sql:22: INFO:  launched 4 parallel vacuum workers for index cleanup (planned: 4)
psql:run_vacuum_20March2023_7.sql:22: INFO:  table "psp_source_system_transmission_m022018_from_qbdt": found 0 removable, 1 nonremovable row versions in 1 out of 695618 pages
DETAIL:  0 dead row versions cannot be removed yet, oldest xmin: 538017507
Skipped 0 pages due to buffer pins, 695617 frozen pages.
CPU: user: 0.09 s, system: 0.60 s, elapsed: 0.86 s.
psql:run_vacuum_20March2023_7.sql:22: INFO:  aggressively vacuuming "pg_toast.pg_toast_568044630"
psql:run_vacuum_20March2023_7.sql:22: INFO:  table "pg_toast_568044630": found 0 removable, 2 nonremovable row versions in 1 out of 1692115 pages
DETAIL:  0 dead row versions cannot be removed yet, oldest xmin: 538017507
Skipped 0 pages due to buffer pins, 1692114 frozen pages.
CPU: user: 0.04 s, system: 0.01 s, elapsed: 0.45 s.
psql:run_vacuum_20March2023_7.sql:22: INFO:  analyzing "ibobadm.psp_source_system_transmission_m022018_from_qbdt"
psql:run_vacuum_20March2023_7.sql:22: INFO:  "psp_source_system_transmission_m022018_from_qbdt": scanned 153600 of 695618 pages, containing 864495 live rows and 0 dead rows; 153600 rows in sample, 3915093 estimated total rows
VACUUM
Time: 144953.669 ms (02:24.954)
psql:run_vacuum_20March2023_7.sql:23: INFO:  aggressively vacuuming "ibobadm.psp_source_system_transmission_m082014_from_qbdt"
psql:run_vacuum_20March2023_7.sql:23: INFO:  launched 4 parallel vacuum workers for index cleanup (planned: 4)
psql:run_vacuum_20March2023_7.sql:23: INFO:  table "psp_source_system_transmission_m082014_from_qbdt": found 0 removable, 4 nonremovable row versions in 1 out of 424519 pages
DETAIL:  0 dead row versions cannot be removed yet, oldest xmin: 538017696
Skipped 0 pages due to buffer pins, 424518 frozen pages.
CPU: user: 0.01 s, system: 0.46 s, elapsed: 0.57 s.
psql:run_vacuum_20March2023_7.sql:23: INFO:  aggressively vacuuming "pg_toast.pg_toast_568049156"
psql:run_vacuum_20March2023_7.sql:23: INFO:  table "pg_toast_568049156": found 0 removable, 2 nonremovable row versions in 1 out of 1417669 pages
DETAIL:  0 dead row versions cannot be removed yet, oldest xmin: 538017696
Skipped 0 pages due to buffer pins, 1417668 frozen pages.
CPU: user: 0.05 s, system: 0.00 s, elapsed: 0.40 s.
psql:run_vacuum_20March2023_7.sql:23: INFO:  analyzing "ibobadm.psp_source_system_transmission_m082014_from_qbdt"
psql:run_vacuum_20March2023_7.sql:23: INFO:  "psp_source_system_transmission_m082014_from_qbdt": scanned 153600 of 424519 pages, containing 876358 live rows and 0 dead rows; 153600 rows in sample, 2422074 estimated total rows
VACUUM
Time: 139566.860 ms (02:19.567)
 pg_sleep 
----------
 
(1 row)

Time: 60091.548 ms (01:00.092)
psql:run_vacuum_20March2023_7.sql:25: INFO:  aggressively vacuuming "ibobadm.psp_source_system_transmission_m072014_from_as400"
psql:run_vacuum_20March2023_7.sql:25: INFO:  table "psp_source_system_transmission_m072014_from_as400": found 0 removable, 0 nonremovable row versions in 0 out of 0 pages
DETAIL:  0 dead row versions cannot be removed yet, oldest xmin: 538018321
Skipped 0 pages due to buffer pins, 0 frozen pages.
CPU: user: 0.00 s, system: 0.00 s, elapsed: 0.00 s.
psql:run_vacuum_20March2023_7.sql:25: INFO:  aggressively vacuuming "pg_toast.pg_toast_568048280"
psql:run_vacuum_20March2023_7.sql:25: INFO:  table "pg_toast_568048280": found 0 removable, 0 nonremovable row versions in 0 out of 0 pages
DETAIL:  0 dead row versions cannot be removed yet, oldest xmin: 538018321
Skipped 0 pages due to buffer pins, 0 frozen pages.
CPU: user: 0.00 s, system: 0.00 s, elapsed: 0.00 s.
psql:run_vacuum_20March2023_7.sql:25: INFO:  analyzing "ibobadm.psp_source_system_transmission_m072014_from_as400"
psql:run_vacuum_20March2023_7.sql:25: INFO:  "psp_source_system_transmission_m072014_from_as400": scanned 0 of 0 pages, containing 0 live rows and 0 dead rows; 0 rows in sample, 0 estimated total rows
VACUUM
Time: 10.742 ms
psql:run_vacuum_20March2023_7.sql:26: INFO:  aggressively vacuuming "ibobadm.psp_source_system_transmission_m062014_from_dflt"
psql:run_vacuum_20March2023_7.sql:26: INFO:  table "psp_source_system_transmission_m062014_from_dflt": found 0 removable, 0 nonremovable row versions in 0 out of 0 pages
DETAIL:  0 dead row versions cannot be removed yet, oldest xmin: 538018321
Skipped 0 pages due to buffer pins, 0 frozen pages.
CPU: user: 0.00 s, system: 0.00 s, elapsed: 0.00 s.
psql:run_vacuum_20March2023_7.sql:26: INFO:  aggressively vacuuming "pg_toast.pg_toast_568047474"
psql:run_vacuum_20March2023_7.sql:26: INFO:  table "pg_toast_568047474": found 0 removable, 0 nonremovable row versions in 0 out of 0 pages
DETAIL:  0 dead row versions cannot be removed yet, oldest xmin: 538018321
Skipped 0 pages due to buffer pins, 0 frozen pages.
CPU: user: 0.00 s, system: 0.00 s, elapsed: 0.00 s.
psql:run_vacuum_20March2023_7.sql:26: INFO:  analyzing "ibobadm.psp_source_system_transmission_m062014_from_dflt"
psql:run_vacuum_20March2023_7.sql:26: INFO:  "psp_source_system_transmission_m062014_from_dflt": scanned 0 of 0 pages, containing 0 live rows and 0 dead rows; 0 rows in sample, 0 estimated total rows
VACUUM
Time: 10.309 ms
psql:run_vacuum_20March2023_7.sql:27: INFO:  aggressively vacuuming "ibobadm.psp_source_system_transmission_m082014_from_psp"
psql:run_vacuum_20March2023_7.sql:27: INFO:  launched 4 parallel vacuum workers for index cleanup (planned: 4)
psql:run_vacuum_20March2023_7.sql:27: INFO:  table "psp_source_system_transmission_m082014_from_psp": found 0 removable, 2 nonremovable row versions in 1 out of 32459 pages
DETAIL:  0 dead row versions cannot be removed yet, oldest xmin: 538018321
Skipped 0 pages due to buffer pins, 32458 frozen pages.
CPU: user: 0.00 s, system: 0.03 s, elapsed: 0.05 s.
psql:run_vacuum_20March2023_7.sql:27: INFO:  aggressively vacuuming "pg_toast.pg_toast_568049149"
psql:run_vacuum_20March2023_7.sql:27: INFO:  table "pg_toast_568049149": found 0 removable, 2 nonremovable row versions in 1 out of 73468 pages
DETAIL:  0 dead row versions cannot be removed yet, oldest xmin: 538018321
Skipped 0 pages due to buffer pins, 73467 frozen pages.
CPU: user: 0.00 s, system: 0.00 s, elapsed: 0.02 s.
psql:run_vacuum_20March2023_7.sql:27: INFO:  analyzing "ibobadm.psp_source_system_transmission_m082014_from_psp"
psql:run_vacuum_20March2023_7.sql:27: INFO:  "psp_source_system_transmission_m082014_from_psp": scanned 32459 of 32459 pages, containing 258821 live rows and 0 dead rows; 153600 rows in sample, 258821 estimated total rows
VACUUM
Time: 44534.560 ms (00:44.535)
psql:run_vacuum_20March2023_7.sql:28: INFO:  aggressively vacuuming "ibobadm.psp_source_system_transmission_m082014_from_null"
psql:run_vacuum_20March2023_7.sql:28: INFO:  table "psp_source_system_transmission_m082014_from_null": found 0 removable, 0 nonremovable row versions in 0 out of 0 pages
DETAIL:  0 dead row versions cannot be removed yet, oldest xmin: 538018424
Skipped 0 pages due to buffer pins, 0 frozen pages.
CPU: user: 0.00 s, system: 0.00 s, elapsed: 0.00 s.
psql:run_vacuum_20March2023_7.sql:28: INFO:  aggressively vacuuming "pg_toast.pg_toast_568049140"
psql:run_vacuum_20March2023_7.sql:28: INFO:  table "pg_toast_568049140": found 0 removable, 0 nonremovable row versions in 0 out of 0 pages
DETAIL:  0 dead row versions cannot be removed yet, oldest xmin: 538018424
Skipped 0 pages due to buffer pins, 0 frozen pages.
CPU: user: 0.00 s, system: 0.00 s, elapsed: 0.00 s.
psql:run_vacuum_20March2023_7.sql:28: INFO:  analyzing "ibobadm.psp_source_system_transmission_m082014_from_null"
psql:run_vacuum_20March2023_7.sql:28: INFO:  "psp_source_system_transmission_m082014_from_null": scanned 0 of 0 pages, containing 0 live rows and 0 dead rows; 0 rows in sample, 0 estimated total rows
VACUUM
Time: 22.237 ms
psql:run_vacuum_20March2023_7.sql:29: INFO:  aggressively vacuuming "ibobadm.psp_source_system_transmission_m082014_from_ews"
psql:run_vacuum_20March2023_7.sql:29: INFO:  launched 4 parallel vacuum workers for index cleanup (planned: 4)
psql:run_vacuum_20March2023_7.sql:29: INFO:  table "psp_source_system_transmission_m082014_from_ews": found 0 removable, 2 nonremovable row versions in 1 out of 10730 pages
DETAIL:  0 dead row versions cannot be removed yet, oldest xmin: 538018424
Skipped 0 pages due to buffer pins, 10729 frozen pages.
CPU: user: 0.00 s, system: 0.00 s, elapsed: 0.02 s.
psql:run_vacuum_20March2023_7.sql:29: INFO:  aggressively vacuuming "pg_toast.pg_toast_568049131"
psql:run_vacuum_20March2023_7.sql:29: INFO:  table "pg_toast_568049131": found 0 removable, 3 nonremovable row versions in 1 out of 2588 pages
DETAIL:  0 dead row versions cannot be removed yet, oldest xmin: 538018424
Skipped 0 pages due to buffer pins, 2587 frozen pages.
CPU: user: 0.00 s, system: 0.00 s, elapsed: 0.00 s.
psql:run_vacuum_20March2023_7.sql:29: INFO:  analyzing "ibobadm.psp_source_system_transmission_m082014_from_ews"
psql:run_vacuum_20March2023_7.sql:29: INFO:  "psp_source_system_transmission_m082014_from_ews": scanned 10730 of 10730 pages, containing 58646 live rows and 0 dead rows; 58646 rows in sample, 58646 estimated total rows
VACUUM
Time: 11124.374 ms (00:11.124)
psql:run_vacuum_20March2023_7.sql:30: INFO:  aggressively vacuuming "ibobadm.psp_source_system_transmission_m082014_from_dflt"
psql:run_vacuum_20March2023_7.sql:30: INFO:  table "psp_source_system_transmission_m082014_from_dflt": found 0 removable, 0 nonremovable row versions in 0 out of 0 pages
DETAIL:  0 dead row versions cannot be removed yet, oldest xmin: 538018424
Skipped 0 pages due to buffer pins, 0 frozen pages.
CPU: user: 0.00 s, system: 0.00 s, elapsed: 0.00 s.
psql:run_vacuum_20March2023_7.sql:30: INFO:  aggressively vacuuming "pg_toast.pg_toast_568049123"
psql:run_vacuum_20March2023_7.sql:30: INFO:  table "pg_toast_568049123": found 0 removable, 0 nonremovable row versions in 0 out of 0 pages
DETAIL:  0 dead row versions cannot be removed yet, oldest xmin: 538018424
Skipped 0 pages due to buffer pins, 0 frozen pages.
CPU: user: 0.00 s, system: 0.00 s, elapsed: 0.00 s.
psql:run_vacuum_20March2023_7.sql:30: INFO:  analyzing "ibobadm.psp_source_system_transmission_m082014_from_dflt"
psql:run_vacuum_20March2023_7.sql:30: INFO:  "psp_source_system_transmission_m082014_from_dflt": scanned 0 of 0 pages, containing 0 live rows and 0 dead rows; 0 rows in sample, 0 estimated total rows
VACUUM
Time: 21.866 ms
psql:run_vacuum_20March2023_7.sql:31: INFO:  aggressively vacuuming "ibobadm.psp_source_system_transmission_m072014_from_qbdt"
psql:run_vacuum_20March2023_7.sql:31: INFO:  launched 4 parallel vacuum workers for index cleanup (planned: 4)
psql:run_vacuum_20March2023_7.sql:31: INFO:  table "psp_source_system_transmission_m072014_from_qbdt": found 0 removable, 4 nonremovable row versions in 1 out of 478426 pages
DETAIL:  0 dead row versions cannot be removed yet, oldest xmin: 538018424
Skipped 0 pages due to buffer pins, 478425 frozen pages.
CPU: user: 0.03 s, system: 0.50 s, elapsed: 0.64 s.
psql:run_vacuum_20March2023_7.sql:31: INFO:  aggressively vacuuming "pg_toast.pg_toast_568048329"
psql:run_vacuum_20March2023_7.sql:31: INFO:  table "pg_toast_568048329": found 0 removable, 5 nonremovable row versions in 1 out of 1644141 pages
DETAIL:  0 dead row versions cannot be removed yet, oldest xmin: 538018424
Skipped 0 pages due to buffer pins, 1644140 frozen pages.
CPU: user: 0.05 s, system: 0.00 s, elapsed: 0.44 s.
psql:run_vacuum_20March2023_7.sql:31: INFO:  analyzing "ibobadm.psp_source_system_transmission_m072014_from_qbdt"
psql:run_vacuum_20March2023_7.sql:31: INFO:  "psp_source_system_transmission_m072014_from_qbdt": scanned 153600 of 478426 pages, containing 873588 live rows and 0 dead rows; 153600 rows in sample, 2721010 estimated total rows
VACUUM
Time: 139919.494 ms (02:19.919)
psql:run_vacuum_20March2023_7.sql:32: INFO:  aggressively vacuuming "ibobadm.psp_source_system_transmission_m082014_from_as400"
psql:run_vacuum_20March2023_7.sql:32: INFO:  table "psp_source_system_transmission_m082014_from_as400": found 0 removable, 0 nonremovable row versions in 0 out of 0 pages
DETAIL:  0 dead row versions cannot be removed yet, oldest xmin: 538018746
Skipped 0 pages due to buffer pins, 0 frozen pages.
CPU: user: 0.00 s, system: 0.00 s, elapsed: 0.00 s.
psql:run_vacuum_20March2023_7.sql:32: INFO:  aggressively vacuuming "pg_toast.pg_toast_568049108"
psql:run_vacuum_20March2023_7.sql:32: INFO:  table "pg_toast_568049108": found 0 removable, 0 nonremovable row versions in 0 out of 0 pages
DETAIL:  0 dead row versions cannot be removed yet, oldest xmin: 538018746
Skipped 0 pages due to buffer pins, 0 frozen pages.
CPU: user: 0.00 s, system: 0.00 s, elapsed: 0.00 s.
psql:run_vacuum_20March2023_7.sql:32: INFO:  analyzing "ibobadm.psp_source_system_transmission_m082014_from_as400"
psql:run_vacuum_20March2023_7.sql:32: INFO:  "psp_source_system_transmission_m082014_from_as400": scanned 0 of 0 pages, containing 0 live rows and 0 dead rows; 0 rows in sample, 0 estimated total rows
VACUUM
Time: 12.013 ms
psql:run_vacuum_20March2023_7.sql:33: INFO:  aggressively vacuuming "ibobadm.psp_source_system_transmission_m082014_from_cris"
psql:run_vacuum_20March2023_7.sql:33: INFO:  table "psp_source_system_transmission_m082014_from_cris": found 0 removable, 0 nonremovable row versions in 0 out of 0 pages
DETAIL:  0 dead row versions cannot be removed yet, oldest xmin: 538018746
Skipped 0 pages due to buffer pins, 0 frozen pages.
CPU: user: 0.00 s, system: 0.00 s, elapsed: 0.00 s.
psql:run_vacuum_20March2023_7.sql:33: INFO:  aggressively vacuuming "pg_toast.pg_toast_568049115"
psql:run_vacuum_20March2023_7.sql:33: INFO:  table "pg_toast_568049115": found 0 removable, 0 nonremovable row versions in 0 out of 0 pages
DETAIL:  0 dead row versions cannot be removed yet, oldest xmin: 538018746
Skipped 0 pages due to buffer pins, 0 frozen pages.
CPU: user: 0.00 s, system: 0.00 s, elapsed: 0.00 s.
psql:run_vacuum_20March2023_7.sql:33: INFO:  analyzing "ibobadm.psp_source_system_transmission_m082014_from_cris"
psql:run_vacuum_20March2023_7.sql:33: INFO:  "psp_source_system_transmission_m082014_from_cris": scanned 0 of 0 pages, containing 0 live rows and 0 dead rows; 0 rows in sample, 0 estimated total rows
VACUUM
Time: 10.803 ms
psql:run_vacuum_20March2023_7.sql:34: INFO:  aggressively vacuuming "ibobadm.psp_source_system_transmission_m072014_from_ews"
psql:run_vacuum_20March2023_7.sql:34: INFO:  launched 4 parallel vacuum workers for index cleanup (planned: 4)
psql:run_vacuum_20March2023_7.sql:34: INFO:  table "psp_source_system_transmission_m072014_from_ews": found 0 removable, 1 nonremovable row versions in 1 out of 14823 pages
DETAIL:  0 dead row versions cannot be removed yet, oldest xmin: 538018746
Skipped 0 pages due to buffer pins, 14822 frozen pages.
CPU: user: 0.00 s, system: 0.01 s, elapsed: 0.03 s.
psql:run_vacuum_20March2023_7.sql:34: INFO:  aggressively vacuuming "pg_toast.pg_toast_568048304"
psql:run_vacuum_20March2023_7.sql:34: INFO:  table "pg_toast_568048304": found 0 removable, 1 nonremovable row versions in 1 out of 4167 pages
DETAIL:  0 dead row versions cannot be removed yet, oldest xmin: 538018746
Skipped 0 pages due to buffer pins, 4166 frozen pages.
CPU: user: 0.00 s, system: 0.00 s, elapsed: 0.00 s.
psql:run_vacuum_20March2023_7.sql:34: INFO:  analyzing "ibobadm.psp_source_system_transmission_m072014_from_ews"
psql:run_vacuum_20March2023_7.sql:34: INFO:  "psp_source_system_transmission_m072014_from_ews": scanned 14823 of 14823 pages, containing 80912 live rows and 0 dead rows; 80912 rows in sample, 80912 estimated total rows
VACUUM
Time: 15692.077 ms (00:15.692)
 pg_sleep 
----------
 
(1 row)

Time: 60100.884 ms (01:00.101)
psql:run_vacuum_20March2023_7.sql:36: INFO:  aggressively vacuuming "ibobadm.psp_source_system_transmission_m072014_from_null"
psql:run_vacuum_20March2023_7.sql:36: INFO:  table "psp_source_system_transmission_m072014_from_null": found 0 removable, 0 nonremovable row versions in 0 out of 0 pages
DETAIL:  0 dead row versions cannot be removed yet, oldest xmin: 538019024
Skipped 0 pages due to buffer pins, 0 frozen pages.
CPU: user: 0.00 s, system: 0.00 s, elapsed: 0.00 s.
psql:run_vacuum_20March2023_7.sql:36: INFO:  aggressively vacuuming "pg_toast.pg_toast_568048314"
psql:run_vacuum_20March2023_7.sql:36: INFO:  table "pg_toast_568048314": found 0 removable, 0 nonremovable row versions in 0 out of 0 pages
DETAIL:  0 dead row versions cannot be removed yet, oldest xmin: 538019024
Skipped 0 pages due to buffer pins, 0 frozen pages.
CPU: user: 0.00 s, system: 0.00 s, elapsed: 0.00 s.
psql:run_vacuum_20March2023_7.sql:36: INFO:  analyzing "ibobadm.psp_source_system_transmission_m072014_from_null"
psql:run_vacuum_20March2023_7.sql:36: INFO:  "psp_source_system_transmission_m072014_from_null": scanned 0 of 0 pages, containing 0 live rows and 0 dead rows; 0 rows in sample, 0 estimated total rows
VACUUM
Time: 21.880 ms
psql:run_vacuum_20March2023_7.sql:37: INFO:  aggressively vacuuming "ibobadm.psp_source_system_transmission_m062014_from_qbdt"
psql:run_vacuum_20March2023_7.sql:37: INFO:  launched 4 parallel vacuum workers for index cleanup (planned: 4)
psql:run_vacuum_20March2023_7.sql:37: INFO:  table "psp_source_system_transmission_m062014_from_qbdt": found 0 removable, 4 nonremovable row versions in 1 out of 438365 pages
DETAIL:  0 dead row versions cannot be removed yet, oldest xmin: 538019024
Skipped 0 pages due to buffer pins, 438364 frozen pages.
CPU: user: 0.01 s, system: 0.47 s, elapsed: 0.59 s.
psql:run_vacuum_20March2023_7.sql:37: INFO:  aggressively vacuuming "pg_toast.pg_toast_568047511"
psql:run_vacuum_20March2023_7.sql:37: INFO:  table "pg_toast_568047511": found 0 removable, 5 nonremovable row versions in 1 out of 1586784 pages
DETAIL:  0 dead row versions cannot be removed yet, oldest xmin: 538019024
Skipped 0 pages due to buffer pins, 1586783 frozen pages.
CPU: user: 0.05 s, system: 0.00 s, elapsed: 0.42 s.
psql:run_vacuum_20March2023_7.sql:37: INFO:  analyzing "ibobadm.psp_source_system_transmission_m062014_from_qbdt"
psql:run_vacuum_20March2023_7.sql:37: INFO:  "psp_source_system_transmission_m062014_from_qbdt": scanned 153600 of 438365 pages, containing 876733 live rows and 0 dead rows; 153600 rows in sample, 2502142 estimated total rows
VACUUM
Time: 142323.757 ms (02:22.324)
psql:run_vacuum_20March2023_7.sql:38: INFO:  aggressively vacuuming "ibobadm.psp_source_system_transmission_m072014_from_cris"
psql:run_vacuum_20March2023_7.sql:38: INFO:  table "psp_source_system_transmission_m072014_from_cris": found 0 removable, 0 nonremovable row versions in 0 out of 0 pages
DETAIL:  0 dead row versions cannot be removed yet, oldest xmin: 538019285
Skipped 0 pages due to buffer pins, 0 frozen pages.
CPU: user: 0.00 s, system: 0.00 s, elapsed: 0.00 s.
psql:run_vacuum_20March2023_7.sql:38: INFO:  aggressively vacuuming "pg_toast.pg_toast_568048287"
psql:run_vacuum_20March2023_7.sql:38: INFO:  table "pg_toast_568048287": found 0 removable, 0 nonremovable row versions in 0 out of 0 pages
DETAIL:  0 dead row versions cannot be removed yet, oldest xmin: 538019285
Skipped 0 pages due to buffer pins, 0 frozen pages.
CPU: user: 0.00 s, system: 0.00 s, elapsed: 0.00 s.
psql:run_vacuum_20March2023_7.sql:38: INFO:  analyzing "ibobadm.psp_source_system_transmission_m072014_from_cris"
psql:run_vacuum_20March2023_7.sql:38: INFO:  "psp_source_system_transmission_m072014_from_cris": scanned 0 of 0 pages, containing 0 live rows and 0 dead rows; 0 rows in sample, 0 estimated total rows
VACUUM
Time: 21.924 ms
psql:run_vacuum_20March2023_7.sql:39: INFO:  aggressively vacuuming "ibobadm.psp_source_system_transmission_m062014_from_ews"
psql:run_vacuum_20March2023_7.sql:39: INFO:  launched 4 parallel vacuum workers for index cleanup (planned: 4)
psql:run_vacuum_20March2023_7.sql:39: INFO:  table "psp_source_system_transmission_m062014_from_ews": found 0 removable, 2 nonremovable row versions in 1 out of 14088 pages
DETAIL:  0 dead row versions cannot be removed yet, oldest xmin: 538019285
Skipped 0 pages due to buffer pins, 14087 frozen pages.
CPU: user: 0.00 s, system: 0.01 s, elapsed: 0.03 s.
psql:run_vacuum_20March2023_7.sql:39: INFO:  aggressively vacuuming "pg_toast.pg_toast_568047482"
psql:run_vacuum_20March2023_7.sql:39: INFO:  table "pg_toast_568047482": found 0 removable, 2 nonremovable row versions in 1 out of 3231 pages
DETAIL:  0 dead row versions cannot be removed yet, oldest xmin: 538019285
Skipped 0 pages due to buffer pins, 3230 frozen pages.
CPU: user: 0.00 s, system: 0.00 s, elapsed: 0.00 s.
psql:run_vacuum_20March2023_7.sql:39: INFO:  analyzing "ibobadm.psp_source_system_transmission_m062014_from_ews"
psql:run_vacuum_20March2023_7.sql:39: INFO:  "psp_source_system_transmission_m062014_from_ews": scanned 14088 of 14088 pages, containing 76116 live rows and 0 dead rows; 76116 rows in sample, 76116 estimated total rows
VACUUM
Time: 14607.722 ms (00:14.608)
psql:run_vacuum_20March2023_7.sql:40: INFO:  aggressively vacuuming "ibobadm.psp_source_system_transmission_m062014_from_null"
psql:run_vacuum_20March2023_7.sql:40: INFO:  table "psp_source_system_transmission_m062014_from_null": found 0 removable, 0 nonremovable row versions in 0 out of 0 pages
DETAIL:  0 dead row versions cannot be removed yet, oldest xmin: 538019285
Skipped 0 pages due to buffer pins, 0 frozen pages.
CPU: user: 0.00 s, system: 0.00 s, elapsed: 0.00 s.
psql:run_vacuum_20March2023_7.sql:40: INFO:  aggressively vacuuming "pg_toast.pg_toast_568047490"
psql:run_vacuum_20March2023_7.sql:40: INFO:  table "pg_toast_568047490": found 0 removable, 0 nonremovable row versions in 0 out of 0 pages
DETAIL:  0 dead row versions cannot be removed yet, oldest xmin: 538019285
Skipped 0 pages due to buffer pins, 0 frozen pages.
CPU: user: 0.00 s, system: 0.00 s, elapsed: 0.00 s.
psql:run_vacuum_20March2023_7.sql:40: INFO:  analyzing "ibobadm.psp_source_system_transmission_m062014_from_null"
psql:run_vacuum_20March2023_7.sql:40: INFO:  "psp_source_system_transmission_m062014_from_null": scanned 0 of 0 pages, containing 0 live rows and 0 dead rows; 0 rows in sample, 0 estimated total rows
VACUUM
Time: 21.747 ms
psql:run_vacuum_20March2023_7.sql:41: INFO:  aggressively vacuuming "ibobadm.psp_source_system_transmission_m062014_from_as400"
psql:run_vacuum_20March2023_7.sql:41: INFO:  table "psp_source_system_transmission_m062014_from_as400": found 0 removable, 0 nonremovable row versions in 0 out of 0 pages
DETAIL:  0 dead row versions cannot be removed yet, oldest xmin: 538019285
Skipped 0 pages due to buffer pins, 0 frozen pages.
CPU: user: 0.00 s, system: 0.00 s, elapsed: 0.00 s.
psql:run_vacuum_20March2023_7.sql:41: INFO:  aggressively vacuuming "pg_toast.pg_toast_568047458"
psql:run_vacuum_20March2023_7.sql:41: INFO:  table "pg_toast_568047458": found 0 removable, 0 nonremovable row versions in 0 out of 0 pages
DETAIL:  0 dead row versions cannot be removed yet, oldest xmin: 538019285
Skipped 0 pages due to buffer pins, 0 frozen pages.
CPU: user: 0.00 s, system: 0.00 s, elapsed: 0.00 s.
psql:run_vacuum_20March2023_7.sql:41: INFO:  analyzing "ibobadm.psp_source_system_transmission_m062014_from_as400"
psql:run_vacuum_20March2023_7.sql:41: INFO:  "psp_source_system_transmission_m062014_from_as400": scanned 0 of 0 pages, containing 0 live rows and 0 dead rows; 0 rows in sample, 0 estimated total rows
VACUUM
Time: 10.557 ms
psql:run_vacuum_20March2023_7.sql:42: INFO:  aggressively vacuuming "ibobadm.psp_source_system_transmission_m062014_from_cris"
psql:run_vacuum_20March2023_7.sql:42: INFO:  table "psp_source_system_transmission_m062014_from_cris": found 0 removable, 0 nonremovable row versions in 0 out of 0 pages
DETAIL:  0 dead row versions cannot be removed yet, oldest xmin: 538019285
Skipped 0 pages due to buffer pins, 0 frozen pages.
CPU: user: 0.00 s, system: 0.00 s, elapsed: 0.00 s.
psql:run_vacuum_20March2023_7.sql:42: INFO:  aggressively vacuuming "pg_toast.pg_toast_568047466"
psql:run_vacuum_20March2023_7.sql:42: INFO:  table "pg_toast_568047466": found 0 removable, 0 nonremovable row versions in 0 out of 0 pages
DETAIL:  0 dead row versions cannot be removed yet, oldest xmin: 538019285
Skipped 0 pages due to buffer pins, 0 frozen pages.
CPU: user: 0.00 s, system: 0.00 s, elapsed: 0.00 s.
psql:run_vacuum_20March2023_7.sql:42: INFO:  analyzing "ibobadm.psp_source_system_transmission_m062014_from_cris"
psql:run_vacuum_20March2023_7.sql:42: INFO:  "psp_source_system_transmission_m062014_from_cris": scanned 0 of 0 pages, containing 0 live rows and 0 dead rows; 0 rows in sample, 0 estimated total rows
VACUUM
Time: 10.171 ms
psql:run_vacuum_20March2023_7.sql:43: INFO:  aggressively vacuuming "ibobadm.psp_source_system_transmission_m072014_from_psp"
psql:run_vacuum_20March2023_7.sql:43: INFO:  launched 4 parallel vacuum workers for index cleanup (planned: 4)
psql:run_vacuum_20March2023_7.sql:43: INFO:  table "psp_source_system_transmission_m072014_from_psp": found 0 removable, 4 nonremovable row versions in 1 out of 53327 pages
DETAIL:  0 dead row versions cannot be removed yet, oldest xmin: 538019285
Skipped 0 pages due to buffer pins, 53326 frozen pages.
CPU: user: 0.00 s, system: 0.05 s, elapsed: 0.08 s.
psql:run_vacuum_20March2023_7.sql:43: INFO:  aggressively vacuuming "pg_toast.pg_toast_568048322"
psql:run_vacuum_20March2023_7.sql:43: INFO:  table "pg_toast_568048322": found 0 removable, 1 nonremovable row versions in 1 out of 118329 pages
DETAIL:  0 dead row versions cannot be removed yet, oldest xmin: 538019285
Skipped 0 pages due to buffer pins, 118328 frozen pages.
CPU: user: 0.00 s, system: 0.00 s, elapsed: 0.03 s.
psql:run_vacuum_20March2023_7.sql:43: INFO:  analyzing "ibobadm.psp_source_system_transmission_m072014_from_psp"
psql:run_vacuum_20March2023_7.sql:43: INFO:  "psp_source_system_transmission_m072014_from_psp": scanned 53327 of 53327 pages, containing 416707 live rows and 0 dead rows; 153600 rows in sample, 416707 estimated total rows
VACUUM
Time: 61766.163 ms (01:01.766)
psql:run_vacuum_20March2023_7.sql:44: INFO:  aggressively vacuuming "ibobadm.psp_source_system_transmission_m062014_from_psp"
psql:run_vacuum_20March2023_7.sql:44: INFO:  launched 4 parallel vacuum workers for index cleanup (planned: 4)
psql:run_vacuum_20March2023_7.sql:44: INFO:  table "psp_source_system_transmission_m062014_from_psp": found 0 removable, 4 nonremovable row versions in 1 out of 36960 pages
DETAIL:  0 dead row versions cannot be removed yet, oldest xmin: 538019443
Skipped 0 pages due to buffer pins, 36959 frozen pages.
CPU: user: 0.01 s, system: 0.02 s, elapsed: 0.06 s.
psql:run_vacuum_20March2023_7.sql:44: INFO:  aggressively vacuuming "pg_toast.pg_toast_568047498"
psql:run_vacuum_20March2023_7.sql:44: INFO:  table "pg_toast_568047498": found 0 removable, 2 nonremovable row versions in 1 out of 91093 pages
DETAIL:  0 dead row versions cannot be removed yet, oldest xmin: 538019443
Skipped 0 pages due to buffer pins, 91092 frozen pages.
CPU: user: 0.00 s, system: 0.00 s, elapsed: 0.02 s.
psql:run_vacuum_20March2023_7.sql:44: INFO:  analyzing "ibobadm.psp_source_system_transmission_m062014_from_psp"
psql:run_vacuum_20March2023_7.sql:44: INFO:  "psp_source_system_transmission_m062014_from_psp": scanned 36960 of 36960 pages, containing 315862 live rows and 0 dead rows; 153600 rows in sample, 315862 estimated total rows
VACUUM
Time: 47900.778 ms (00:47.901)
psql:run_vacuum_20March2023_7.sql:45: INFO:  aggressively vacuuming "ibobadm.psp_source_system_transmission_m072014_from_dflt"
psql:run_vacuum_20March2023_7.sql:45: INFO:  table "psp_source_system_transmission_m072014_from_dflt": found 0 removable, 0 nonremovable row versions in 0 out of 0 pages
DETAIL:  0 dead row versions cannot be removed yet, oldest xmin: 538019527
Skipped 0 pages due to buffer pins, 0 frozen pages.
CPU: user: 0.00 s, system: 0.00 s, elapsed: 0.00 s.
psql:run_vacuum_20March2023_7.sql:45: INFO:  aggressively vacuuming "pg_toast.pg_toast_568048297"
psql:run_vacuum_20March2023_7.sql:45: INFO:  table "pg_toast_568048297": found 0 removable, 0 nonremovable row versions in 0 out of 0 pages
DETAIL:  0 dead row versions cannot be removed yet, oldest xmin: 538019527
Skipped 0 pages due to buffer pins, 0 frozen pages.
CPU: user: 0.00 s, system: 0.00 s, elapsed: 0.00 s.
psql:run_vacuum_20March2023_7.sql:45: INFO:  analyzing "ibobadm.psp_source_system_transmission_m072014_from_dflt"
psql:run_vacuum_20March2023_7.sql:45: INFO:  "psp_source_system_transmission_m072014_from_dflt": scanned 0 of 0 pages, containing 0 live rows and 0 dead rows; 0 rows in sample, 0 estimated total rows
VACUUM
Time: 21.757 ms
 pg_sleep 
----------
 
(1 row)

Time: 60101.253 ms (01:00.101)
psql:run_vacuum_20March2023_7.sql:47: INFO:  aggressively vacuuming "ibobadm.psp_source_system_transmission_m032018_from_qbdt"
psql:run_vacuum_20March2023_7.sql:47: INFO:  launched 4 parallel vacuum workers for index cleanup (planned: 4)
psql:run_vacuum_20March2023_7.sql:47: INFO:  table "psp_source_system_transmission_m032018_from_qbdt": found 0 removable, 6 nonremovable row versions in 1 out of 778246 pages
DETAIL:  0 dead row versions cannot be removed yet, oldest xmin: 538019630
Skipped 0 pages due to buffer pins, 778245 frozen pages.
CPU: user: 0.04 s, system: 0.65 s, elapsed: 0.87 s.
psql:run_vacuum_20March2023_7.sql:47: INFO:  aggressively vacuuming "pg_toast.pg_toast_568045419"
psql:run_vacuum_20March2023_7.sql:47: INFO:  table "pg_toast_568045419": found 0 removable, 3 nonremovable row versions in 1 out of 1781206 pages
DETAIL:  0 dead row versions cannot be removed yet, oldest xmin: 538019630
Skipped 0 pages due to buffer pins, 1781205 frozen pages.
CPU: user: 0.06 s, system: 0.00 s, elapsed: 0.50 s.
psql:run_vacuum_20March2023_7.sql:47: INFO:  analyzing "ibobadm.psp_source_system_transmission_m032018_from_qbdt"
psql:run_vacuum_20March2023_7.sql:47: INFO:  "psp_source_system_transmission_m032018_from_qbdt": scanned 153600 of 778246 pages, containing 834907 live rows and 0 dead rows; 153600 rows in sample, 4230228 estimated total rows
VACUUM
Time: 141952.968 ms (02:21.953)
psql:run_vacuum_20March2023_7.sql:48: INFO:  aggressively vacuuming "ibobadm.psp_source_system_transmission_m032018_from_ews"
psql:run_vacuum_20March2023_7.sql:48: INFO:  launched 4 parallel vacuum workers for index cleanup (planned: 4)
psql:run_vacuum_20March2023_7.sql:48: INFO:  table "psp_source_system_transmission_m032018_from_ews": found 0 removable, 4 nonremovable row versions in 1 out of 1232502 pages
DETAIL:  0 dead row versions cannot be removed yet, oldest xmin: 538019837
Skipped 0 pages due to buffer pins, 1232501 frozen pages.
CPU: user: 0.04 s, system: 0.67 s, elapsed: 0.99 s.
psql:run_vacuum_20March2023_7.sql:48: INFO:  aggressively vacuuming "pg_toast.pg_toast_568045392"
psql:run_vacuum_20March2023_7.sql:48: INFO:  table "pg_toast_568045392": found 0 removable, 3 nonremovable row versions in 1 out of 261056 pages
DETAIL:  0 dead row versions cannot be removed yet, oldest xmin: 538019837
Skipped 0 pages due to buffer pins, 261055 frozen pages.
CPU: user: 0.00 s, system: 0.00 s, elapsed: 0.07 s.
psql:run_vacuum_20March2023_7.sql:48: INFO:  analyzing "ibobadm.psp_source_system_transmission_m032018_from_ews"
psql:run_vacuum_20March2023_7.sql:48: INFO:  "psp_source_system_transmission_m032018_from_ews": scanned 153600 of 1232502 pages, containing 724742 live rows and 0 dead rows; 153600 rows in sample, 5815403 estimated total rows
VACUUM
Time: 138760.418 ms (02:18.760)
psql:run_vacuum_20March2023_7.sql:49: INFO:  aggressively vacuuming "ibobadm.psp_source_system_transmission_m032018_from_dflt"
psql:run_vacuum_20March2023_7.sql:49: INFO:  table "psp_source_system_transmission_m032018_from_dflt": found 0 removable, 0 nonremovable row versions in 0 out of 0 pages
DETAIL:  0 dead row versions cannot be removed yet, oldest xmin: 538020316
Skipped 0 pages due to buffer pins, 0 frozen pages.
CPU: user: 0.00 s, system: 0.00 s, elapsed: 0.00 s.
psql:run_vacuum_20March2023_7.sql:49: INFO:  aggressively vacuuming "pg_toast.pg_toast_568045384"
psql:run_vacuum_20March2023_7.sql:49: INFO:  table "pg_toast_568045384": found 0 removable, 0 nonremovable row versions in 0 out of 0 pages
DETAIL:  0 dead row versions cannot be removed yet, oldest xmin: 538020316
Skipped 0 pages due to buffer pins, 0 frozen pages.
CPU: user: 0.00 s, system: 0.00 s, elapsed: 0.00 s.
psql:run_vacuum_20March2023_7.sql:49: INFO:  analyzing "ibobadm.psp_source_system_transmission_m032018_from_dflt"
psql:run_vacuum_20March2023_7.sql:49: INFO:  "psp_source_system_transmission_m032018_from_dflt": scanned 0 of 0 pages, containing 0 live rows and 0 dead rows; 0 rows in sample, 0 estimated total rows
VACUUM
Time: 22.032 ms
psql:run_vacuum_20March2023_7.sql:50: INFO:  aggressively vacuuming "ibobadm.psp_source_system_transmission_m032018_from_as400"
psql:run_vacuum_20March2023_7.sql:50: INFO:  table "psp_source_system_transmission_m032018_from_as400": found 0 removable, 0 nonremovable row versions in 0 out of 0 pages
DETAIL:  0 dead row versions cannot be removed yet, oldest xmin: 538020316
Skipped 0 pages due to buffer pins, 0 frozen pages.
CPU: user: 0.00 s, system: 0.00 s, elapsed: 0.00 s.
psql:run_vacuum_20March2023_7.sql:50: INFO:  aggressively vacuuming "pg_toast.pg_toast_568045368"
psql:run_vacuum_20March2023_7.sql:50: INFO:  table "pg_toast_568045368": found 0 removable, 0 nonremovable row versions in 0 out of 0 pages
DETAIL:  0 dead row versions cannot be removed yet, oldest xmin: 538020316
Skipped 0 pages due to buffer pins, 0 frozen pages.
CPU: user: 0.00 s, system: 0.00 s, elapsed: 0.00 s.
psql:run_vacuum_20March2023_7.sql:50: INFO:  analyzing "ibobadm.psp_source_system_transmission_m032018_from_as400"
psql:run_vacuum_20March2023_7.sql:50: INFO:  "psp_source_system_transmission_m032018_from_as400": scanned 0 of 0 pages, containing 0 live rows and 0 dead rows; 0 rows in sample, 0 estimated total rows
VACUUM
Time: 11.340 ms
psql:run_vacuum_20March2023_7.sql:51: INFO:  aggressively vacuuming "ibobadm.psp_source_system_transmission_m032018_from_null"
psql:run_vacuum_20March2023_7.sql:51: INFO:  table "psp_source_system_transmission_m032018_from_null": found 0 removable, 0 nonremovable row versions in 0 out of 0 pages
DETAIL:  0 dead row versions cannot be removed yet, oldest xmin: 538020316
Skipped 0 pages due to buffer pins, 0 frozen pages.
CPU: user: 0.00 s, system: 0.00 s, elapsed: 0.00 s.
psql:run_vacuum_20March2023_7.sql:51: INFO:  aggressively vacuuming "pg_toast.pg_toast_568045400"
psql:run_vacuum_20March2023_7.sql:51: INFO:  table "pg_toast_568045400": found 0 removable, 0 nonremovable row versions in 0 out of 0 pages
DETAIL:  0 dead row versions cannot be removed yet, oldest xmin: 538020316
Skipped 0 pages due to buffer pins, 0 frozen pages.
CPU: user: 0.00 s, system: 0.00 s, elapsed: 0.00 s.
psql:run_vacuum_20March2023_7.sql:51: INFO:  analyzing "ibobadm.psp_source_system_transmission_m032018_from_null"
psql:run_vacuum_20March2023_7.sql:51: INFO:  "psp_source_system_transmission_m032018_from_null": scanned 0 of 0 pages, containing 0 live rows and 0 dead rows; 0 rows in sample, 0 estimated total rows
VACUUM
Time: 10.919 ms
psql:run_vacuum_20March2023_7.sql:52: INFO:  aggressively vacuuming "ibobadm.psp_source_system_transmission_m032018_from_psp"
psql:run_vacuum_20March2023_7.sql:52: INFO:  launched 4 parallel vacuum workers for index cleanup (planned: 4)
psql:run_vacuum_20March2023_7.sql:52: INFO:  table "psp_source_system_transmission_m032018_from_psp": found 0 removable, 7 nonremovable row versions in 1 out of 133065 pages
DETAIL:  0 dead row versions cannot be removed yet, oldest xmin: 538020316
Skipped 0 pages due to buffer pins, 133064 frozen pages.
CPU: user: 0.00 s, system: 0.14 s, elapsed: 0.18 s.
psql:run_vacuum_20March2023_7.sql:52: INFO:  aggressively vacuuming "pg_toast.pg_toast_568045409"
psql:run_vacuum_20March2023_7.sql:52: INFO:  table "pg_toast_568045409": found 0 removable, 5 nonremovable row versions in 1 out of 1116452 pages
DETAIL:  0 dead row versions cannot be removed yet, oldest xmin: 538020316
Skipped 0 pages due to buffer pins, 1116451 frozen pages.
CPU: user: 0.03 s, system: 0.00 s, elapsed: 0.30 s.
psql:run_vacuum_20March2023_7.sql:52: INFO:  analyzing "ibobadm.psp_source_system_transmission_m032018_from_psp"
psql:run_vacuum_20March2023_7.sql:52: INFO:  "psp_source_system_transmission_m032018_from_psp": scanned 133065 of 133065 pages, containing 1399025 live rows and 0 dead rows; 153600 rows in sample, 1399025 estimated total rows
VACUUM
Time: 125679.373 ms (02:05.679)
psql:run_vacuum_20March2023_7.sql:53: INFO:  aggressively vacuuming "ibobadm.psp_source_system_transmission_m102014_from_null"
psql:run_vacuum_20March2023_7.sql:53: INFO:  table "psp_source_system_transmission_m102014_from_null": found 0 removable, 0 nonremovable row versions in 0 out of 0 pages
DETAIL:  0 dead row versions cannot be removed yet, oldest xmin: 538020543
Skipped 0 pages due to buffer pins, 0 frozen pages.
CPU: user: 0.00 s, system: 0.00 s, elapsed: 0.00 s.
psql:run_vacuum_20March2023_7.sql:53: INFO:  aggressively vacuuming "pg_toast.pg_toast_568050808"
psql:run_vacuum_20March2023_7.sql:53: INFO:  table "pg_toast_568050808": found 0 removable, 0 nonremovable row versions in 0 out of 0 pages
DETAIL:  0 dead row versions cannot be removed yet, oldest xmin: 538020543
Skipped 0 pages due to buffer pins, 0 frozen pages.
CPU: user: 0.00 s, system: 0.00 s, elapsed: 0.00 s.
psql:run_vacuum_20March2023_7.sql:53: INFO:  analyzing "ibobadm.psp_source_system_transmission_m102014_from_null"
psql:run_vacuum_20March2023_7.sql:53: INFO:  "psp_source_system_transmission_m102014_from_null": scanned 0 of 0 pages, containing 0 live rows and 0 dead rows; 0 rows in sample, 0 estimated total rows
VACUUM
Time: 22.224 ms
psql:run_vacuum_20March2023_7.sql:54: INFO:  aggressively vacuuming "ibobadm.psp_source_system_transmission_m102014_from_psp"
psql:run_vacuum_20March2023_7.sql:54: INFO:  launched 4 parallel vacuum workers for index cleanup (planned: 4)
psql:run_vacuum_20March2023_7.sql:54: INFO:  table "psp_source_system_transmission_m102014_from_psp": found 0 removable, 3 nonremovable row versions in 1 out of 48856 pages
DETAIL:  0 dead row versions cannot be removed yet, oldest xmin: 538020543
Skipped 0 pages due to buffer pins, 48855 frozen pages.
CPU: user: 0.00 s, system: 0.05 s, elapsed: 0.07 s.
psql:run_vacuum_20March2023_7.sql:54: INFO:  aggressively vacuuming "pg_toast.pg_toast_568050817"
psql:run_vacuum_20March2023_7.sql:54: INFO:  table "pg_toast_568050817": found 0 removable, 3 nonremovable row versions in 1 out of 104977 pages
DETAIL:  0 dead row versions cannot be removed yet, oldest xmin: 538020543
Skipped 0 pages due to buffer pins, 104976 frozen pages.
CPU: user: 0.00 s, system: 0.00 s, elapsed: 0.02 s.
psql:run_vacuum_20March2023_7.sql:54: INFO:  analyzing "ibobadm.psp_source_system_transmission_m102014_from_psp"
psql:run_vacuum_20March2023_7.sql:54: INFO:  "psp_source_system_transmission_m102014_from_psp": scanned 48856 of 48856 pages, containing 370204 live rows and 0 dead rows; 153600 rows in sample, 370204 estimated total rows
VACUUM
Time: 56775.649 ms (00:56.776)
psql:run_vacuum_20March2023_7.sql:55: INFO:  aggressively vacuuming "ibobadm.psp_source_system_transmission_m032018_from_cris"
psql:run_vacuum_20March2023_7.sql:55: INFO:  table "psp_source_system_transmission_m032018_from_cris": found 0 removable, 0 nonremovable row versions in 0 out of 0 pages
DETAIL:  0 dead row versions cannot be removed yet, oldest xmin: 538020543
Skipped 0 pages due to buffer pins, 0 frozen pages.
CPU: user: 0.00 s, system: 0.00 s, elapsed: 0.00 s.
psql:run_vacuum_20March2023_7.sql:55: INFO:  aggressively vacuuming "pg_toast.pg_toast_568045376"
psql:run_vacuum_20March2023_7.sql:55: INFO:  table "pg_toast_568045376": found 0 removable, 0 nonremovable row versions in 0 out of 0 pages
DETAIL:  0 dead row versions cannot be removed yet, oldest xmin: 538020543
Skipped 0 pages due to buffer pins, 0 frozen pages.
CPU: user: 0.00 s, system: 0.00 s, elapsed: 0.00 s.
psql:run_vacuum_20March2023_7.sql:55: INFO:  analyzing "ibobadm.psp_source_system_transmission_m032018_from_cris"
psql:run_vacuum_20March2023_7.sql:55: INFO:  "psp_source_system_transmission_m032018_from_cris": scanned 0 of 0 pages, containing 0 live rows and 0 dead rows; 0 rows in sample, 0 estimated total rows
VACUUM
Time: 22.050 ms
psql:run_vacuum_20March2023_7.sql:56: INFO:  aggressively vacuuming "ibobadm.psp_source_system_transmission_m092014_from_null"
psql:run_vacuum_20March2023_7.sql:56: INFO:  table "psp_source_system_transmission_m092014_from_null": found 0 removable, 0 nonremovable row versions in 0 out of 0 pages
DETAIL:  0 dead row versions cannot be removed yet, oldest xmin: 538020543
Skipped 0 pages due to buffer pins, 0 frozen pages.
CPU: user: 0.00 s, system: 0.00 s, elapsed: 0.00 s.
psql:run_vacuum_20March2023_7.sql:56: INFO:  aggressively vacuuming "pg_toast.pg_toast_568049960"
psql:run_vacuum_20March2023_7.sql:56: INFO:  table "pg_toast_568049960": found 0 removable, 0 nonremovable row versions in 0 out of 0 pages
DETAIL:  0 dead row versions cannot be removed yet, oldest xmin: 538020543
Skipped 0 pages due to buffer pins, 0 frozen pages.
CPU: user: 0.00 s, system: 0.00 s, elapsed: 0.00 s.
psql:run_vacuum_20March2023_7.sql:56: INFO:  analyzing "ibobadm.psp_source_system_transmission_m092014_from_null"
psql:run_vacuum_20March2023_7.sql:56: INFO:  "psp_source_system_transmission_m092014_from_null": scanned 0 of 0 pages, containing 0 live rows and 0 dead rows; 0 rows in sample, 0 estimated total rows
VACUUM
Time: 11.111 ms
