Timing is on.
SET
Time: 1.000 ms
VACUUM
Time: 143929.229 ms (02:23.929)
VACUUM
Time: 21.646 ms
VACUUM
Time: 10.752 ms
VACUUM
Time: 10.480 ms
VACUUM
Time: 10.268 ms
VACUUM
Time: 141357.585 ms (02:21.358)
VACUUM
Time: 22.088 ms
VACUUM
Time: 12326.194 ms (00:12.326)
VACUUM
Time: 141294.781 ms (02:21.295)
VACUUM
Time: 21.730 ms
 pg_sleep 
----------
 
(1 row)

Time: 60101.603 ms (01:00.102)
VACUUM
Time: 21.684 ms
VACUUM
Time: 44560.805 ms (00:44.561)
VACUUM
Time: 140729.935 ms (02:20.730)
VACUUM
Time: 21.764 ms
VACUUM
Time: 10.810 ms
VACUUM
Time: 10.511 ms
VACUUM
Time: 10.370 ms
VACUUM
Time: 10.659 ms
VACUUM
Time: 10.172 ms
VACUUM
Time: 10.208 ms
 pg_sleep 
----------
 
(1 row)

Time: 60003.399 ms (01:00.003)
VACUUM
Time: 21.869 ms
VACUUM
Time: 10.492 ms
VACUUM
Time: 10.432 ms
VACUUM
Time: 10.128 ms
VACUUM
Time: 10.143 ms
VACUUM
Time: 10.142 ms
VACUUM
Time: 18.403 ms
VACUUM
Time: 10.342 ms
VACUUM
Time: 10.068 ms
VACUUM
Time: 10.162 ms
 pg_sleep 
----------
 
(1 row)

Time: 60101.145 ms (01:00.101)
VACUUM
Time: 21.797 ms
VACUUM
Time: 11.003 ms
VACUUM
Time: 10.253 ms
VACUUM
Time: 10.236 ms
VACUUM
Time: 10.087 ms
VACUUM
Time: 10.180 ms
VACUUM
Time: 10.240 ms
VACUUM
Time: 10.345 ms
VACUUM
Time: 10.806 ms
VACUUM
Time: 10.016 ms
 pg_sleep 
----------
 
(1 row)

Time: 60101.174 ms (01:00.101)
VACUUM
Time: 21.824 ms
VACUUM
Time: 10.316 ms
VACUUM
Time: 10.168 ms
VACUUM
Time: 10.058 ms
VACUUM
Time: 10.105 ms
VACUUM
Time: 10.179 ms
VACUUM
Time: 10.331 ms
VACUUM
Time: 10.229 ms
VACUUM
Time: 10.225 ms
VACUUM
Time: 10.130 ms
