Timing is on.
SET
Time: 1.066 ms
psql:run_vacuum_20March2023_10.sql:3: INFO:  aggressively vacuuming "ibobadm.psp_source_system_transmission_m062022_from_as400"
psql:run_vacuum_20March2023_10.sql:3: INFO:  table "psp_source_system_transmission_m062022_from_as400": found 0 removable, 0 nonremovable row versions in 0 out of 0 pages
DETAIL:  0 dead row versions cannot be removed yet, oldest xmin: 538035517
Skipped 0 pages due to buffer pins, 0 frozen pages.
CPU: user: 0.00 s, system: 0.00 s, elapsed: 0.00 s.
psql:run_vacuum_20March2023_10.sql:3: INFO:  aggressively vacuuming "pg_toast.pg_toast_568047941"
psql:run_vacuum_20March2023_10.sql:3: INFO:  table "pg_toast_568047941": found 0 removable, 0 nonremovable row versions in 0 out of 0 pages
DETAIL:  0 dead row versions cannot be removed yet, oldest xmin: 538035517
Skipped 0 pages due to buffer pins, 0 frozen pages.
CPU: user: 0.00 s, system: 0.00 s, elapsed: 0.00 s.
psql:run_vacuum_20March2023_10.sql:3: INFO:  analyzing "ibobadm.psp_source_system_transmission_m062022_from_as400"
psql:run_vacuum_20March2023_10.sql:3: INFO:  "psp_source_system_transmission_m062022_from_as400": scanned 0 of 0 pages, containing 0 live rows and 0 dead rows; 0 rows in sample, 0 estimated total rows
VACUUM
Time: 23.167 ms
psql:run_vacuum_20March2023_10.sql:4: INFO:  aggressively vacuuming "ibobadm.psp_source_system_transmission_m072022_from_psp"
psql:run_vacuum_20March2023_10.sql:4: INFO:  launched 4 parallel vacuum workers for index cleanup (planned: 4)
psql:run_vacuum_20March2023_10.sql:4: INFO:  table "psp_source_system_transmission_m072022_from_psp": found 0 removable, 3 nonremovable row versions in 1 out of 36214 pages
DETAIL:  0 dead row versions cannot be removed yet, oldest xmin: 538035517
Skipped 0 pages due to buffer pins, 36213 frozen pages.
CPU: user: 0.00 s, system: 0.04 s, elapsed: 0.05 s.
psql:run_vacuum_20March2023_10.sql:4: INFO:  aggressively vacuuming "pg_toast.pg_toast_568048788"
psql:run_vacuum_20March2023_10.sql:4: INFO:  table "pg_toast_568048788": found 0 removable, 1 nonremovable row versions in 1 out of 70284 pages
DETAIL:  0 dead row versions cannot be removed yet, oldest xmin: 538035517
Skipped 0 pages due to buffer pins, 70283 frozen pages.
CPU: user: 0.00 s, system: 0.00 s, elapsed: 0.02 s.
psql:run_vacuum_20March2023_10.sql:4: INFO:  analyzing "ibobadm.psp_source_system_transmission_m072022_from_psp"
psql:run_vacuum_20March2023_10.sql:4: INFO:  "psp_source_system_transmission_m072022_from_psp": scanned 36214 of 36214 pages, containing 197085 live rows and 0 dead rows; 153600 rows in sample, 197085 estimated total rows
VACUUM
Time: 46285.690 ms (00:46.286)
psql:run_vacuum_20March2023_10.sql:5: INFO:  aggressively vacuuming "ibobadm.psp_source_system_transmission_m072022_from_dflt"
psql:run_vacuum_20March2023_10.sql:5: INFO:  table "psp_source_system_transmission_m072022_from_dflt": found 0 removable, 0 nonremovable row versions in 0 out of 0 pages
DETAIL:  0 dead row versions cannot be removed yet, oldest xmin: 538035610
Skipped 0 pages due to buffer pins, 0 frozen pages.
CPU: user: 0.00 s, system: 0.00 s, elapsed: 0.00 s.
psql:run_vacuum_20March2023_10.sql:5: INFO:  aggressively vacuuming "pg_toast.pg_toast_568048764"
psql:run_vacuum_20March2023_10.sql:5: INFO:  table "pg_toast_568048764": found 0 removable, 0 nonremovable row versions in 0 out of 0 pages
DETAIL:  0 dead row versions cannot be removed yet, oldest xmin: 538035610
Skipped 0 pages due to buffer pins, 0 frozen pages.
CPU: user: 0.00 s, system: 0.00 s, elapsed: 0.00 s.
psql:run_vacuum_20March2023_10.sql:5: INFO:  analyzing "ibobadm.psp_source_system_transmission_m072022_from_dflt"
psql:run_vacuum_20March2023_10.sql:5: INFO:  "psp_source_system_transmission_m072022_from_dflt": scanned 0 of 0 pages, containing 0 live rows and 0 dead rows; 0 rows in sample, 0 estimated total rows
VACUUM
Time: 11.530 ms
psql:run_vacuum_20March2023_10.sql:6: INFO:  aggressively vacuuming "ibobadm.psp_source_system_transmission_m082022_from_dflt"
psql:run_vacuum_20March2023_10.sql:6: INFO:  table "psp_source_system_transmission_m082022_from_dflt": found 0 removable, 0 nonremovable row versions in 0 out of 0 pages
DETAIL:  0 dead row versions cannot be removed yet, oldest xmin: 538035610
Skipped 0 pages due to buffer pins, 0 frozen pages.
CPU: user: 0.00 s, system: 0.00 s, elapsed: 0.00 s.
psql:run_vacuum_20March2023_10.sql:6: INFO:  aggressively vacuuming "pg_toast.pg_toast_568049593"
psql:run_vacuum_20March2023_10.sql:6: INFO:  table "pg_toast_568049593": found 0 removable, 0 nonremovable row versions in 0 out of 0 pages
DETAIL:  0 dead row versions cannot be removed yet, oldest xmin: 538035610
Skipped 0 pages due to buffer pins, 0 frozen pages.
CPU: user: 0.00 s, system: 0.00 s, elapsed: 0.00 s.
psql:run_vacuum_20March2023_10.sql:6: INFO:  analyzing "ibobadm.psp_source_system_transmission_m082022_from_dflt"
psql:run_vacuum_20March2023_10.sql:6: INFO:  "psp_source_system_transmission_m082022_from_dflt": scanned 0 of 0 pages, containing 0 live rows and 0 dead rows; 0 rows in sample, 0 estimated total rows
VACUUM
Time: 10.848 ms
psql:run_vacuum_20March2023_10.sql:7: INFO:  aggressively vacuuming "ibobadm.psp_source_system_transmission_m082022_from_ews"
psql:run_vacuum_20March2023_10.sql:7: INFO:  launched 4 parallel vacuum workers for index cleanup (planned: 4)
psql:run_vacuum_20March2023_10.sql:7: INFO:  table "psp_source_system_transmission_m082022_from_ews": found 0 removable, 3 nonremovable row versions in 1 out of 554338 pages
DETAIL:  0 dead row versions cannot be removed yet, oldest xmin: 538035610
Skipped 0 pages due to buffer pins, 554337 frozen pages.
CPU: user: 0.04 s, system: 0.54 s, elapsed: 0.71 s.
psql:run_vacuum_20March2023_10.sql:7: INFO:  aggressively vacuuming "pg_toast.pg_toast_568049601"
psql:run_vacuum_20March2023_10.sql:7: INFO:  table "pg_toast_568049601": index scan bypassed: 8 pages from table (0.00% of total) have 10 dead item identifiers
psql:run_vacuum_20March2023_10.sql:7: INFO:  table "pg_toast_568049601": found 0 removable, 26 nonremovable row versions in 9 out of 553615 pages
DETAIL:  0 dead row versions cannot be removed yet, oldest xmin: 538035610
Skipped 0 pages due to buffer pins, 553606 frozen pages.
CPU: user: 0.01 s, system: 0.00 s, elapsed: 0.15 s.
psql:run_vacuum_20March2023_10.sql:7: INFO:  analyzing "ibobadm.psp_source_system_transmission_m082022_from_ews"
psql:run_vacuum_20March2023_10.sql:7: INFO:  "psp_source_system_transmission_m082022_from_ews": scanned 153600 of 554338 pages, containing 1060722 live rows and 0 dead rows; 153600 rows in sample, 3828115 estimated total rows
VACUUM
Time: 137775.854 ms (02:17.776)
psql:run_vacuum_20March2023_10.sql:8: INFO:  aggressively vacuuming "ibobadm.psp_source_system_transmission_m082022_from_null"
psql:run_vacuum_20March2023_10.sql:8: INFO:  table "psp_source_system_transmission_m082022_from_null": found 0 removable, 0 nonremovable row versions in 0 out of 0 pages
DETAIL:  0 dead row versions cannot be removed yet, oldest xmin: 538035829
Skipped 0 pages due to buffer pins, 0 frozen pages.
CPU: user: 0.00 s, system: 0.00 s, elapsed: 0.00 s.
psql:run_vacuum_20March2023_10.sql:8: INFO:  aggressively vacuuming "pg_toast.pg_toast_568049609"
psql:run_vacuum_20March2023_10.sql:8: INFO:  table "pg_toast_568049609": found 0 removable, 0 nonremovable row versions in 0 out of 0 pages
DETAIL:  0 dead row versions cannot be removed yet, oldest xmin: 538035829
Skipped 0 pages due to buffer pins, 0 frozen pages.
CPU: user: 0.00 s, system: 0.00 s, elapsed: 0.00 s.
psql:run_vacuum_20March2023_10.sql:8: INFO:  analyzing "ibobadm.psp_source_system_transmission_m082022_from_null"
psql:run_vacuum_20March2023_10.sql:8: INFO:  "psp_source_system_transmission_m082022_from_null": scanned 0 of 0 pages, containing 0 live rows and 0 dead rows; 0 rows in sample, 0 estimated total rows
VACUUM
Time: 21.903 ms
psql:run_vacuum_20March2023_10.sql:9: INFO:  aggressively vacuuming "ibobadm.psp_source_system_transmission_m082022_from_psp"
psql:run_vacuum_20March2023_10.sql:9: INFO:  launched 4 parallel vacuum workers for index cleanup (planned: 4)
psql:run_vacuum_20March2023_10.sql:9: INFO:  table "psp_source_system_transmission_m082022_from_psp": found 0 removable, 3 nonremovable row versions in 1 out of 30300 pages
DETAIL:  0 dead row versions cannot be removed yet, oldest xmin: 538035829
Skipped 0 pages due to buffer pins, 30299 frozen pages.
CPU: user: 0.00 s, system: 0.03 s, elapsed: 0.05 s.
psql:run_vacuum_20March2023_10.sql:9: INFO:  aggressively vacuuming "pg_toast.pg_toast_568049616"
psql:run_vacuum_20March2023_10.sql:9: INFO:  table "pg_toast_568049616": found 0 removable, 4 nonremovable row versions in 1 out of 59926 pages
DETAIL:  0 dead row versions cannot be removed yet, oldest xmin: 538035829
Skipped 0 pages due to buffer pins, 59925 frozen pages.
CPU: user: 0.00 s, system: 0.00 s, elapsed: 0.02 s.
psql:run_vacuum_20March2023_10.sql:9: INFO:  analyzing "ibobadm.psp_source_system_transmission_m082022_from_psp"
psql:run_vacuum_20March2023_10.sql:9: INFO:  "psp_source_system_transmission_m082022_from_psp": scanned 30300 of 30300 pages, containing 163582 live rows and 0 dead rows; 153600 rows in sample, 163582 estimated total rows
VACUUM
Time: 40507.593 ms (00:40.508)
psql:run_vacuum_20March2023_10.sql:10: INFO:  aggressively vacuuming "ibobadm.psp_source_system_transmission_m062022_from_cris"
psql:run_vacuum_20March2023_10.sql:10: INFO:  table "psp_source_system_transmission_m062022_from_cris": found 0 removable, 0 nonremovable row versions in 0 out of 0 pages
DETAIL:  0 dead row versions cannot be removed yet, oldest xmin: 538035829
Skipped 0 pages due to buffer pins, 0 frozen pages.
CPU: user: 0.00 s, system: 0.00 s, elapsed: 0.00 s.
psql:run_vacuum_20March2023_10.sql:10: INFO:  aggressively vacuuming "pg_toast.pg_toast_568047948"
psql:run_vacuum_20March2023_10.sql:10: INFO:  table "pg_toast_568047948": found 0 removable, 0 nonremovable row versions in 0 out of 0 pages
DETAIL:  0 dead row versions cannot be removed yet, oldest xmin: 538035829
Skipped 0 pages due to buffer pins, 0 frozen pages.
CPU: user: 0.00 s, system: 0.00 s, elapsed: 0.00 s.
psql:run_vacuum_20March2023_10.sql:10: INFO:  analyzing "ibobadm.psp_source_system_transmission_m062022_from_cris"
psql:run_vacuum_20March2023_10.sql:10: INFO:  "psp_source_system_transmission_m062022_from_cris": scanned 0 of 0 pages, containing 0 live rows and 0 dead rows; 0 rows in sample, 0 estimated total rows
VACUUM
Time: 22.159 ms
psql:run_vacuum_20March2023_10.sql:11: INFO:  aggressively vacuuming "ibobadm.psp_source_system_transmission_m062022_from_null"
psql:run_vacuum_20March2023_10.sql:11: INFO:  table "psp_source_system_transmission_m062022_from_null": found 0 removable, 0 nonremovable row versions in 0 out of 0 pages
DETAIL:  0 dead row versions cannot be removed yet, oldest xmin: 538035829
Skipped 0 pages due to buffer pins, 0 frozen pages.
CPU: user: 0.00 s, system: 0.00 s, elapsed: 0.00 s.
psql:run_vacuum_20March2023_10.sql:11: INFO:  aggressively vacuuming "pg_toast.pg_toast_568047971"
psql:run_vacuum_20March2023_10.sql:11: INFO:  table "pg_toast_568047971": found 0 removable, 0 nonremovable row versions in 0 out of 0 pages
DETAIL:  0 dead row versions cannot be removed yet, oldest xmin: 538035829
Skipped 0 pages due to buffer pins, 0 frozen pages.
CPU: user: 0.00 s, system: 0.00 s, elapsed: 0.00 s.
psql:run_vacuum_20March2023_10.sql:11: INFO:  analyzing "ibobadm.psp_source_system_transmission_m062022_from_null"
psql:run_vacuum_20March2023_10.sql:11: INFO:  "psp_source_system_transmission_m062022_from_null": scanned 0 of 0 pages, containing 0 live rows and 0 dead rows; 0 rows in sample, 0 estimated total rows
VACUUM
Time: 11.379 ms
psql:run_vacuum_20March2023_10.sql:12: INFO:  aggressively vacuuming "ibobadm.psp_source_system_transmission_m062022_from_qbdt"
psql:run_vacuum_20March2023_10.sql:12: INFO:  launched 4 parallel vacuum workers for index cleanup (planned: 4)
psql:run_vacuum_20March2023_10.sql:12: INFO:  table "psp_source_system_transmission_m062022_from_qbdt": found 0 removable, 6 nonremovable row versions in 1 out of 1085257 pages
DETAIL:  0 dead row versions cannot be removed yet, oldest xmin: 538035829
Skipped 0 pages due to buffer pins, 1085256 frozen pages.
CPU: user: 0.04 s, system: 0.63 s, elapsed: 0.91 s.
psql:run_vacuum_20March2023_10.sql:12: INFO:  aggressively vacuuming "pg_toast.pg_toast_568047987"
psql:run_vacuum_20March2023_10.sql:12: INFO:  table "pg_toast_568047987": found 0 removable, 3 nonremovable row versions in 1 out of 4858493 pages
DETAIL:  0 dead row versions cannot be removed yet, oldest xmin: 538035829
Skipped 0 pages due to buffer pins, 4858492 frozen pages.
CPU: user: 0.17 s, system: 0.00 s, elapsed: 1.30 s.
psql:run_vacuum_20March2023_10.sql:12: INFO:  analyzing "ibobadm.psp_source_system_transmission_m062022_from_qbdt"
psql:run_vacuum_20March2023_10.sql:12: INFO:  "psp_source_system_transmission_m062022_from_qbdt": scanned 153600 of 1085257 pages, containing 778308 live rows and 0 dead rows; 153600 rows in sample, 5499116 estimated total rows
VACUUM
Time: 141442.500 ms (02:21.443)
 pg_sleep 
----------
 
(1 row)

Time: 60053.597 ms (01:00.054)
psql:run_vacuum_20March2023_10.sql:14: INFO:  aggressively vacuuming "ibobadm.psp_source_system_transmission_m072022_from_cris"
psql:run_vacuum_20March2023_10.sql:14: INFO:  table "psp_source_system_transmission_m072022_from_cris": found 0 removable, 0 nonremovable row versions in 0 out of 0 pages
DETAIL:  0 dead row versions cannot be removed yet, oldest xmin: 538036266
Skipped 0 pages due to buffer pins, 0 frozen pages.
CPU: user: 0.00 s, system: 0.00 s, elapsed: 0.00 s.
psql:run_vacuum_20March2023_10.sql:14: INFO:  aggressively vacuuming "pg_toast.pg_toast_568048756"
psql:run_vacuum_20March2023_10.sql:14: INFO:  table "pg_toast_568048756": found 0 removable, 0 nonremovable row versions in 0 out of 0 pages
DETAIL:  0 dead row versions cannot be removed yet, oldest xmin: 538036266
Skipped 0 pages due to buffer pins, 0 frozen pages.
CPU: user: 0.00 s, system: 0.00 s, elapsed: 0.00 s.
psql:run_vacuum_20March2023_10.sql:14: INFO:  analyzing "ibobadm.psp_source_system_transmission_m072022_from_cris"
psql:run_vacuum_20March2023_10.sql:14: INFO:  "psp_source_system_transmission_m072022_from_cris": scanned 0 of 0 pages, containing 0 live rows and 0 dead rows; 0 rows in sample, 0 estimated total rows
VACUUM
Time: 21.904 ms
psql:run_vacuum_20March2023_10.sql:15: INFO:  aggressively vacuuming "ibobadm.psp_source_system_transmission_m062022_from_ews"
psql:run_vacuum_20March2023_10.sql:15: INFO:  launched 4 parallel vacuum workers for index cleanup (planned: 4)
psql:run_vacuum_20March2023_10.sql:15: INFO:  table "psp_source_system_transmission_m062022_from_ews": found 0 removable, 3 nonremovable row versions in 1 out of 577765 pages
DETAIL:  0 dead row versions cannot be removed yet, oldest xmin: 538036266
Skipped 0 pages due to buffer pins, 577764 frozen pages.
CPU: user: 0.04 s, system: 0.55 s, elapsed: 0.73 s.
psql:run_vacuum_20March2023_10.sql:15: INFO:  aggressively vacuuming "pg_toast.pg_toast_568047963"
psql:run_vacuum_20March2023_10.sql:15: INFO:  table "pg_toast_568047963": found 0 removable, 4 nonremovable row versions in 1 out of 539378 pages
DETAIL:  0 dead row versions cannot be removed yet, oldest xmin: 538036266
Skipped 0 pages due to buffer pins, 539377 frozen pages.
CPU: user: 0.01 s, system: 0.00 s, elapsed: 0.14 s.
psql:run_vacuum_20March2023_10.sql:15: INFO:  analyzing "ibobadm.psp_source_system_transmission_m062022_from_ews"
psql:run_vacuum_20March2023_10.sql:15: INFO:  "psp_source_system_transmission_m062022_from_ews": scanned 153600 of 577765 pages, containing 1047713 live rows and 0 dead rows; 153600 rows in sample, 3940963 estimated total rows
VACUUM
Time: 139140.843 ms (02:19.141)
psql:run_vacuum_20March2023_10.sql:16: INFO:  aggressively vacuuming "ibobadm.psp_source_system_transmission_m072022_from_ews"
psql:run_vacuum_20March2023_10.sql:16: INFO:  launched 4 parallel vacuum workers for index cleanup (planned: 4)
psql:run_vacuum_20March2023_10.sql:16: INFO:  table "psp_source_system_transmission_m072022_from_ews": found 0 removable, 6 nonremovable row versions in 1 out of 626419 pages
DETAIL:  0 dead row versions cannot be removed yet, oldest xmin: 538036549
Skipped 0 pages due to buffer pins, 626418 frozen pages.
CPU: user: 0.06 s, system: 0.58 s, elapsed: 0.79 s.
psql:run_vacuum_20March2023_10.sql:16: INFO:  aggressively vacuuming "pg_toast.pg_toast_568048772"
psql:run_vacuum_20March2023_10.sql:16: INFO:  table "pg_toast_568048772": found 0 removable, 2 nonremovable row versions in 1 out of 490841 pages
DETAIL:  0 dead row versions cannot be removed yet, oldest xmin: 538036549
Skipped 0 pages due to buffer pins, 490840 frozen pages.
CPU: user: 0.01 s, system: 0.00 s, elapsed: 0.13 s.
psql:run_vacuum_20March2023_10.sql:16: INFO:  analyzing "ibobadm.psp_source_system_transmission_m072022_from_ews"
psql:run_vacuum_20March2023_10.sql:16: INFO:  "psp_source_system_transmission_m072022_from_ews": scanned 153600 of 626419 pages, containing 986766 live rows and 0 dead rows; 153600 rows in sample, 4024277 estimated total rows
VACUUM
Time: 138571.445 ms (02:18.571)
psql:run_vacuum_20March2023_10.sql:17: INFO:  aggressively vacuuming "ibobadm.psp_source_system_transmission_m072022_from_qbdt"
psql:run_vacuum_20March2023_10.sql:17: INFO:  launched 4 parallel vacuum workers for index cleanup (planned: 4)
psql:run_vacuum_20March2023_10.sql:17: INFO:  table "psp_source_system_transmission_m072022_from_qbdt": found 0 removable, 3 nonremovable row versions in 1 out of 1001742 pages
DETAIL:  0 dead row versions cannot be removed yet, oldest xmin: 538036808
Skipped 0 pages due to buffer pins, 1001741 frozen pages.
CPU: user: 0.06 s, system: 0.59 s, elapsed: 0.87 s.
psql:run_vacuum_20March2023_10.sql:17: INFO:  aggressively vacuuming "pg_toast.pg_toast_568048797"
psql:run_vacuum_20March2023_10.sql:17: INFO:  table "pg_toast_568048797": found 0 removable, 3 nonremovable row versions in 1 out of 4391025 pages
DETAIL:  0 dead row versions cannot be removed yet, oldest xmin: 538036808
Skipped 0 pages due to buffer pins, 4391024 frozen pages.
CPU: user: 0.13 s, system: 0.01 s, elapsed: 1.17 s.
psql:run_vacuum_20March2023_10.sql:17: INFO:  analyzing "ibobadm.psp_source_system_transmission_m072022_from_qbdt"
psql:run_vacuum_20March2023_10.sql:17: INFO:  "psp_source_system_transmission_m072022_from_qbdt": scanned 153600 of 1001742 pages, containing 782644 live rows and 0 dead rows; 153600 rows in sample, 5104215 estimated total rows
VACUUM
Time: 142073.260 ms (02:22.073)
psql:run_vacuum_20March2023_10.sql:18: INFO:  aggressively vacuuming "ibobadm.psp_source_system_transmission_m062022_from_psp"
psql:run_vacuum_20March2023_10.sql:18: INFO:  launched 4 parallel vacuum workers for index cleanup (planned: 4)
psql:run_vacuum_20March2023_10.sql:18: INFO:  table "psp_source_system_transmission_m062022_from_psp": found 0 removable, 7 nonremovable row versions in 1 out of 35431 pages
DETAIL:  0 dead row versions cannot be removed yet, oldest xmin: 538037080
Skipped 0 pages due to buffer pins, 35430 frozen pages.
CPU: user: 0.00 s, system: 0.03 s, elapsed: 0.06 s.
psql:run_vacuum_20March2023_10.sql:18: INFO:  aggressively vacuuming "pg_toast.pg_toast_568047979"
psql:run_vacuum_20March2023_10.sql:18: INFO:  table "pg_toast_568047979": found 0 removable, 1 nonremovable row versions in 1 out of 68033 pages
DETAIL:  0 dead row versions cannot be removed yet, oldest xmin: 538037080
Skipped 0 pages due to buffer pins, 68032 frozen pages.
CPU: user: 0.00 s, system: 0.00 s, elapsed: 0.02 s.
psql:run_vacuum_20March2023_10.sql:18: INFO:  analyzing "ibobadm.psp_source_system_transmission_m062022_from_psp"
psql:run_vacuum_20March2023_10.sql:18: INFO:  "psp_source_system_transmission_m062022_from_psp": scanned 35431 of 35431 pages, containing 190978 live rows and 0 dead rows; 153600 rows in sample, 190978 estimated total rows
VACUUM
Time: 45353.543 ms (00:45.354)
psql:run_vacuum_20March2023_10.sql:19: INFO:  aggressively vacuuming "ibobadm.psp_source_system_transmission_m112022_from_qbdt"
psql:run_vacuum_20March2023_10.sql:19: INFO:  launched 4 parallel vacuum workers for index cleanup (planned: 4)
psql:run_vacuum_20March2023_10.sql:19: INFO:  table "psp_source_system_transmission_m112022_from_qbdt": found 0 removable, 1 nonremovable row versions in 1 out of 1042445 pages
DETAIL:  0 dead row versions cannot be removed yet, oldest xmin: 538037156
Skipped 0 pages due to buffer pins, 1042444 frozen pages.
CPU: user: 0.06 s, system: 0.60 s, elapsed: 0.91 s.
psql:run_vacuum_20March2023_10.sql:19: INFO:  aggressively vacuuming "pg_toast.pg_toast_568052139"
psql:run_vacuum_20March2023_10.sql:19: INFO:  table "pg_toast_568052139": found 0 removable, 1 nonremovable row versions in 1 out of 4765208 pages
DETAIL:  0 dead row versions cannot be removed yet, oldest xmin: 538037156
Skipped 0 pages due to buffer pins, 4765207 frozen pages.
CPU: user: 0.15 s, system: 0.01 s, elapsed: 1.30 s.
psql:run_vacuum_20March2023_10.sql:19: INFO:  analyzing "ibobadm.psp_source_system_transmission_m112022_from_qbdt"
psql:run_vacuum_20March2023_10.sql:19: INFO:  "psp_source_system_transmission_m112022_from_qbdt": scanned 153600 of 1042445 pages, containing 772864 live rows and 0 dead rows; 153600 rows in sample, 5245236 estimated total rows
VACUUM
Time: 142346.598 ms (02:22.347)
psql:run_vacuum_20March2023_10.sql:20: INFO:  aggressively vacuuming "ibobadm.psp_source_system_transmission_m072022_from_as400"
psql:run_vacuum_20March2023_10.sql:20: INFO:  table "psp_source_system_transmission_m072022_from_as400": found 0 removable, 0 nonremovable row versions in 0 out of 0 pages
DETAIL:  0 dead row versions cannot be removed yet, oldest xmin: 538037365
Skipped 0 pages due to buffer pins, 0 frozen pages.
CPU: user: 0.00 s, system: 0.00 s, elapsed: 0.00 s.
psql:run_vacuum_20March2023_10.sql:20: INFO:  aggressively vacuuming "pg_toast.pg_toast_568048748"
psql:run_vacuum_20March2023_10.sql:20: INFO:  table "pg_toast_568048748": found 0 removable, 0 nonremovable row versions in 0 out of 0 pages
DETAIL:  0 dead row versions cannot be removed yet, oldest xmin: 538037365
Skipped 0 pages due to buffer pins, 0 frozen pages.
CPU: user: 0.00 s, system: 0.00 s, elapsed: 0.00 s.
psql:run_vacuum_20March2023_10.sql:20: INFO:  analyzing "ibobadm.psp_source_system_transmission_m072022_from_as400"
psql:run_vacuum_20March2023_10.sql:20: INFO:  "psp_source_system_transmission_m072022_from_as400": scanned 0 of 0 pages, containing 0 live rows and 0 dead rows; 0 rows in sample, 0 estimated total rows
VACUUM
Time: 21.717 ms
psql:run_vacuum_20March2023_10.sql:21: INFO:  aggressively vacuuming "ibobadm.psp_source_system_transmission_m072022_from_null"
psql:run_vacuum_20March2023_10.sql:21: INFO:  table "psp_source_system_transmission_m072022_from_null": found 0 removable, 0 nonremovable row versions in 0 out of 0 pages
DETAIL:  0 dead row versions cannot be removed yet, oldest xmin: 538037365
Skipped 0 pages due to buffer pins, 0 frozen pages.
CPU: user: 0.00 s, system: 0.00 s, elapsed: 0.00 s.
psql:run_vacuum_20March2023_10.sql:21: INFO:  aggressively vacuuming "pg_toast.pg_toast_568048780"
psql:run_vacuum_20March2023_10.sql:21: INFO:  table "pg_toast_568048780": found 0 removable, 0 nonremovable row versions in 0 out of 0 pages
DETAIL:  0 dead row versions cannot be removed yet, oldest xmin: 538037365
Skipped 0 pages due to buffer pins, 0 frozen pages.
CPU: user: 0.00 s, system: 0.00 s, elapsed: 0.00 s.
psql:run_vacuum_20March2023_10.sql:21: INFO:  analyzing "ibobadm.psp_source_system_transmission_m072022_from_null"
psql:run_vacuum_20March2023_10.sql:21: INFO:  "psp_source_system_transmission_m072022_from_null": scanned 0 of 0 pages, containing 0 live rows and 0 dead rows; 0 rows in sample, 0 estimated total rows
VACUUM
Time: 10.674 ms
psql:run_vacuum_20March2023_10.sql:22: INFO:  aggressively vacuuming "mchoubey.psp_sst_backup"
psql:run_vacuum_20March2023_10.sql:22: INFO:  table "psp_sst_backup": found 0 removable, 4 nonremovable row versions in 1 out of 2 pages
DETAIL:  0 dead row versions cannot be removed yet, oldest xmin: 538037365
Skipped 0 pages due to buffer pins, 1 frozen page.
CPU: user: 0.00 s, system: 0.00 s, elapsed: 0.00 s.
psql:run_vacuum_20March2023_10.sql:22: INFO:  aggressively vacuuming "pg_toast.pg_toast_1497808603"
psql:run_vacuum_20March2023_10.sql:22: INFO:  table "pg_toast_1497808603": found 0 removable, 3 nonremovable row versions in 1 out of 2698 pages
DETAIL:  0 dead row versions cannot be removed yet, oldest xmin: 538037365
Skipped 0 pages due to buffer pins, 2697 frozen pages.
CPU: user: 0.00 s, system: 0.00 s, elapsed: 0.00 s.
psql:run_vacuum_20March2023_10.sql:22: INFO:  analyzing "mchoubey.psp_sst_backup"
psql:run_vacuum_20March2023_10.sql:22: INFO:  "psp_sst_backup": scanned 2 of 2 pages, containing 9 live rows and 0 dead rows; 9 rows in sample, 9 estimated total rows
VACUUM
Time: 23.404 ms
psql:run_vacuum_20March2023_10.sql:23: INFO:  aggressively vacuuming "ibobadm.psp_source_system_transmission_m082022_from_cris"
psql:run_vacuum_20March2023_10.sql:23: INFO:  table "psp_source_system_transmission_m082022_from_cris": found 0 removable, 0 nonremovable row versions in 0 out of 0 pages
DETAIL:  0 dead row versions cannot be removed yet, oldest xmin: 538037365
Skipped 0 pages due to buffer pins, 0 frozen pages.
CPU: user: 0.00 s, system: 0.00 s, elapsed: 0.00 s.
psql:run_vacuum_20March2023_10.sql:23: INFO:  aggressively vacuuming "pg_toast.pg_toast_568049583"
psql:run_vacuum_20March2023_10.sql:23: INFO:  table "pg_toast_568049583": found 0 removable, 0 nonremovable row versions in 0 out of 0 pages
DETAIL:  0 dead row versions cannot be removed yet, oldest xmin: 538037365
Skipped 0 pages due to buffer pins, 0 frozen pages.
CPU: user: 0.00 s, system: 0.00 s, elapsed: 0.00 s.
psql:run_vacuum_20March2023_10.sql:23: INFO:  analyzing "ibobadm.psp_source_system_transmission_m082022_from_cris"
psql:run_vacuum_20March2023_10.sql:23: INFO:  "psp_source_system_transmission_m082022_from_cris": scanned 0 of 0 pages, containing 0 live rows and 0 dead rows; 0 rows in sample, 0 estimated total rows
VACUUM
Time: 10.644 ms
 pg_sleep 
----------
 
(1 row)

Time: 60101.238 ms (01:00.101)
psql:run_vacuum_20March2023_10.sql:25: INFO:  aggressively vacuuming "ibobadm.psp_source_system_transmission_m112022_from_ews"
psql:run_vacuum_20March2023_10.sql:25: INFO:  launched 4 parallel vacuum workers for index cleanup (planned: 4)
psql:run_vacuum_20March2023_10.sql:25: INFO:  table "psp_source_system_transmission_m112022_from_ews": found 0 removable, 2 nonremovable row versions in 1 out of 549030 pages
DETAIL:  0 dead row versions cannot be removed yet, oldest xmin: 538037502
Skipped 0 pages due to buffer pins, 549029 frozen pages.
CPU: user: 0.05 s, system: 0.50 s, elapsed: 0.69 s.
psql:run_vacuum_20March2023_10.sql:25: INFO:  aggressively vacuuming "pg_toast.pg_toast_568052111"
psql:run_vacuum_20March2023_10.sql:25: INFO:  table "pg_toast_568052111": found 0 removable, 3 nonremovable row versions in 1 out of 524072 pages
DETAIL:  0 dead row versions cannot be removed yet, oldest xmin: 538037502
Skipped 0 pages due to buffer pins, 524071 frozen pages.
CPU: user: 0.01 s, system: 0.00 s, elapsed: 0.14 s.
psql:run_vacuum_20March2023_10.sql:25: INFO:  analyzing "ibobadm.psp_source_system_transmission_m112022_from_ews"
psql:run_vacuum_20March2023_10.sql:25: INFO:  "psp_source_system_transmission_m112022_from_ews": scanned 153600 of 549030 pages, containing 1015971 live rows and 0 dead rows; 153600 rows in sample, 3631501 estimated total rows
VACUUM
Time: 139511.528 ms (02:19.512)
psql:run_vacuum_20March2023_10.sql:26: INFO:  aggressively vacuuming "ibobadm.psp_source_system_transmission_m112022_from_psp"
psql:run_vacuum_20March2023_10.sql:26: INFO:  launched 4 parallel vacuum workers for index cleanup (planned: 4)
psql:run_vacuum_20March2023_10.sql:26: INFO:  table "psp_source_system_transmission_m112022_from_psp": found 0 removable, 1 nonremovable row versions in 1 out of 27058 pages
DETAIL:  0 dead row versions cannot be removed yet, oldest xmin: 538037852
Skipped 0 pages due to buffer pins, 27057 frozen pages.
CPU: user: 0.01 s, system: 0.01 s, elapsed: 0.04 s.
psql:run_vacuum_20March2023_10.sql:26: INFO:  aggressively vacuuming "pg_toast.pg_toast_568052130"
psql:run_vacuum_20March2023_10.sql:26: INFO:  table "pg_toast_568052130": found 0 removable, 4 nonremovable row versions in 1 out of 53748 pages
DETAIL:  0 dead row versions cannot be removed yet, oldest xmin: 538037852
Skipped 0 pages due to buffer pins, 53747 frozen pages.
CPU: user: 0.00 s, system: 0.00 s, elapsed: 0.01 s.
psql:run_vacuum_20March2023_10.sql:26: INFO:  analyzing "ibobadm.psp_source_system_transmission_m112022_from_psp"
psql:run_vacuum_20March2023_10.sql:26: INFO:  "psp_source_system_transmission_m112022_from_psp": scanned 27058 of 27058 pages, containing 157017 live rows and 0 dead rows; 153600 rows in sample, 157017 estimated total rows
VACUUM
Time: 38442.347 ms (00:38.442)
psql:run_vacuum_20March2023_10.sql:27: INFO:  aggressively vacuuming "ibobadm.psp_source_system_transmission_m042018_from_ews"
psql:run_vacuum_20March2023_10.sql:27: INFO:  launched 4 parallel vacuum workers for index cleanup (planned: 4)
psql:run_vacuum_20March2023_10.sql:27: INFO:  table "psp_source_system_transmission_m042018_from_ews": found 0 removable, 2 nonremovable row versions in 1 out of 1300813 pages
DETAIL:  0 dead row versions cannot be removed yet, oldest xmin: 538037922
Skipped 0 pages due to buffer pins, 1300812 frozen pages.
CPU: user: 0.03 s, system: 0.64 s, elapsed: 0.95 s.
psql:run_vacuum_20March2023_10.sql:27: INFO:  aggressively vacuuming "pg_toast.pg_toast_568046190"
psql:run_vacuum_20March2023_10.sql:27: INFO:  table "pg_toast_568046190": found 0 removable, 5 nonremovable row versions in 1 out of 263856 pages
DETAIL:  0 dead row versions cannot be removed yet, oldest xmin: 538037926
Skipped 0 pages due to buffer pins, 263855 frozen pages.
CPU: user: 0.00 s, system: 0.00 s, elapsed: 0.07 s.
psql:run_vacuum_20March2023_10.sql:27: INFO:  analyzing "ibobadm.psp_source_system_transmission_m042018_from_ews"
psql:run_vacuum_20March2023_10.sql:27: INFO:  "psp_source_system_transmission_m042018_from_ews": scanned 153600 of 1300813 pages, containing 718241 live rows and 0 dead rows; 153600 rows in sample, 6082664 estimated total rows
VACUUM
Time: 139467.415 ms (02:19.467)
psql:run_vacuum_20March2023_10.sql:28: INFO:  aggressively vacuuming "ibobadm.psp_source_system_transmission_m092014_from_cris"
psql:run_vacuum_20March2023_10.sql:28: INFO:  table "psp_source_system_transmission_m092014_from_cris": found 0 removable, 0 nonremovable row versions in 0 out of 0 pages
DETAIL:  0 dead row versions cannot be removed yet, oldest xmin: 538038098
Skipped 0 pages due to buffer pins, 0 frozen pages.
CPU: user: 0.00 s, system: 0.00 s, elapsed: 0.00 s.
psql:run_vacuum_20March2023_10.sql:28: INFO:  aggressively vacuuming "pg_toast.pg_toast_568049939"
psql:run_vacuum_20March2023_10.sql:28: INFO:  table "pg_toast_568049939": found 0 removable, 0 nonremovable row versions in 0 out of 0 pages
DETAIL:  0 dead row versions cannot be removed yet, oldest xmin: 538038098
Skipped 0 pages due to buffer pins, 0 frozen pages.
CPU: user: 0.00 s, system: 0.00 s, elapsed: 0.00 s.
psql:run_vacuum_20March2023_10.sql:28: INFO:  analyzing "ibobadm.psp_source_system_transmission_m092014_from_cris"
psql:run_vacuum_20March2023_10.sql:28: INFO:  "psp_source_system_transmission_m092014_from_cris": scanned 0 of 0 pages, containing 0 live rows and 0 dead rows; 0 rows in sample, 0 estimated total rows
VACUUM
Time: 22.158 ms
psql:run_vacuum_20March2023_10.sql:29: INFO:  aggressively vacuuming "ibobadm.psp_source_system_transmission_m062018_from_ews"
psql:run_vacuum_20March2023_10.sql:29: INFO:  launched 4 parallel vacuum workers for index cleanup (planned: 4)
psql:run_vacuum_20March2023_10.sql:29: INFO:  table "psp_source_system_transmission_m062018_from_ews": found 0 removable, 6 nonremovable row versions in 1 out of 750433 pages
DETAIL:  0 dead row versions cannot be removed yet, oldest xmin: 538038098
Skipped 0 pages due to buffer pins, 750432 frozen pages.
CPU: user: 0.04 s, system: 0.63 s, elapsed: 0.83 s.
psql:run_vacuum_20March2023_10.sql:29: INFO:  aggressively vacuuming "pg_toast.pg_toast_568047722"
psql:run_vacuum_20March2023_10.sql:29: INFO:  table "pg_toast_568047722": found 0 removable, 4 nonremovable row versions in 1 out of 260625 pages
DETAIL:  0 dead row versions cannot be removed yet, oldest xmin: 538038098
Skipped 0 pages due to buffer pins, 260624 frozen pages.
CPU: user: 0.00 s, system: 0.00 s, elapsed: 0.07 s.
psql:run_vacuum_20March2023_10.sql:29: INFO:  analyzing "ibobadm.psp_source_system_transmission_m062018_from_ews"
psql:run_vacuum_20March2023_10.sql:29: INFO:  "psp_source_system_transmission_m062018_from_ews": scanned 153600 of 750433 pages, containing 794355 live rows and 0 dead rows; 153600 rows in sample, 3880926 estimated total rows
VACUUM
Time: 138434.420 ms (02:18.434)
psql:run_vacuum_20March2023_10.sql:30: INFO:  aggressively vacuuming "ibobadm.psp_source_system_transmission_m052018_from_cris"
psql:run_vacuum_20March2023_10.sql:30: INFO:  table "psp_source_system_transmission_m052018_from_cris": found 0 removable, 0 nonremovable row versions in 0 out of 0 pages
DETAIL:  0 dead row versions cannot be removed yet, oldest xmin: 538038411
Skipped 0 pages due to buffer pins, 0 frozen pages.
CPU: user: 0.00 s, system: 0.00 s, elapsed: 0.00 s.
psql:run_vacuum_20March2023_10.sql:30: INFO:  aggressively vacuuming "pg_toast.pg_toast_568046947"
psql:run_vacuum_20March2023_10.sql:30: INFO:  table "pg_toast_568046947": found 0 removable, 0 nonremovable row versions in 0 out of 0 pages
DETAIL:  0 dead row versions cannot be removed yet, oldest xmin: 538038411
Skipped 0 pages due to buffer pins, 0 frozen pages.
CPU: user: 0.00 s, system: 0.00 s, elapsed: 0.00 s.
psql:run_vacuum_20March2023_10.sql:30: INFO:  analyzing "ibobadm.psp_source_system_transmission_m052018_from_cris"
psql:run_vacuum_20March2023_10.sql:30: INFO:  "psp_source_system_transmission_m052018_from_cris": scanned 0 of 0 pages, containing 0 live rows and 0 dead rows; 0 rows in sample, 0 estimated total rows
VACUUM
Time: 21.990 ms
psql:run_vacuum_20March2023_10.sql:31: INFO:  aggressively vacuuming "ibobadm.psp_source_system_transmission_m072018_from_cris"
psql:run_vacuum_20March2023_10.sql:31: INFO:  table "psp_source_system_transmission_m072018_from_cris": found 0 removable, 0 nonremovable row versions in 0 out of 0 pages
DETAIL:  0 dead row versions cannot be removed yet, oldest xmin: 538038411
Skipped 0 pages due to buffer pins, 0 frozen pages.
CPU: user: 0.00 s, system: 0.00 s, elapsed: 0.00 s.
psql:run_vacuum_20March2023_10.sql:31: INFO:  aggressively vacuuming "pg_toast.pg_toast_568048525"
psql:run_vacuum_20March2023_10.sql:31: INFO:  table "pg_toast_568048525": found 0 removable, 0 nonremovable row versions in 0 out of 0 pages
DETAIL:  0 dead row versions cannot be removed yet, oldest xmin: 538038411
Skipped 0 pages due to buffer pins, 0 frozen pages.
CPU: user: 0.00 s, system: 0.00 s, elapsed: 0.00 s.
psql:run_vacuum_20March2023_10.sql:31: INFO:  analyzing "ibobadm.psp_source_system_transmission_m072018_from_cris"
psql:run_vacuum_20March2023_10.sql:31: INFO:  "psp_source_system_transmission_m072018_from_cris": scanned 0 of 0 pages, containing 0 live rows and 0 dead rows; 0 rows in sample, 0 estimated total rows
VACUUM
Time: 12.013 ms
psql:run_vacuum_20March2023_10.sql:32: INFO:  aggressively vacuuming "ibobadm.psp_source_system_transmission_m082018_from_dflt"
psql:run_vacuum_20March2023_10.sql:32: INFO:  table "psp_source_system_transmission_m082018_from_dflt": found 0 removable, 0 nonremovable row versions in 0 out of 0 pages
DETAIL:  0 dead row versions cannot be removed yet, oldest xmin: 538038411
Skipped 0 pages due to buffer pins, 0 frozen pages.
CPU: user: 0.00 s, system: 0.00 s, elapsed: 0.00 s.
psql:run_vacuum_20March2023_10.sql:32: INFO:  aggressively vacuuming "pg_toast.pg_toast_568049356"
psql:run_vacuum_20March2023_10.sql:32: INFO:  table "pg_toast_568049356": found 0 removable, 0 nonremovable row versions in 0 out of 0 pages
DETAIL:  0 dead row versions cannot be removed yet, oldest xmin: 538038411
Skipped 0 pages due to buffer pins, 0 frozen pages.
CPU: user: 0.00 s, system: 0.00 s, elapsed: 0.00 s.
psql:run_vacuum_20March2023_10.sql:32: INFO:  analyzing "ibobadm.psp_source_system_transmission_m082018_from_dflt"
psql:run_vacuum_20March2023_10.sql:32: INFO:  "psp_source_system_transmission_m082018_from_dflt": scanned 0 of 0 pages, containing 0 live rows and 0 dead rows; 0 rows in sample, 0 estimated total rows
VACUUM
Time: 10.573 ms
psql:run_vacuum_20March2023_10.sql:33: ERROR:  relation "perfstat.pg_stat_activity_sample_p2022_12_19" does not exist
Time: 24.395 ms
psql:run_vacuum_20March2023_10.sql:34: ERROR:  relation "perfstat.pg_stat_statements_hist_p2022_12_19" does not exist
Time: 7.652 ms
 pg_sleep 
----------
 
(1 row)

Time: 60101.319 ms (01:00.101)
psql:run_vacuum_20March2023_10.sql:36: ERROR:  relation "perfstat.pg_stat_all_indexes_hist_p2022_12_19" does not exist
Time: 35.520 ms
psql:run_vacuum_20March2023_10.sql:37: ERROR:  relation "perfstat.pg_stat_all_tables_hist_p2022_12_19" does not exist
Time: 8.093 ms
psql:run_vacuum_20March2023_10.sql:38: ERROR:  relation "perfstat.pg_stat_activity_hist_p2022_12_19" does not exist
Time: 7.512 ms
psql:run_vacuum_20March2023_10.sql:39: ERROR:  relation "perfstat.pg_stat_database_hist_p2022_12_19" does not exist
Time: 7.390 ms
psql:run_vacuum_20March2023_10.sql:40: ERROR:  relation "perfstat.dba_plans_hist_p2022_12_19" does not exist
Time: 7.419 ms
psql:run_vacuum_20March2023_10.sql:41: ERROR:  relation "perfstat.snap_p2022_12_19" does not exist
Time: 7.327 ms
psql:run_vacuum_20March2023_10.sql:42: ERROR:  relation "perfstat.pg_stat_activity_sample_p2022_12_20" does not exist
Time: 7.343 ms
psql:run_vacuum_20March2023_10.sql:43: ERROR:  relation "perfstat.dba_plans_hist_p2022_12_20" does not exist
Time: 7.283 ms
psql:run_vacuum_20March2023_10.sql:44: ERROR:  relation "perfstat.pg_stat_all_tables_hist_p2022_12_20" does not exist
Time: 7.300 ms
psql:run_vacuum_20March2023_10.sql:45: ERROR:  relation "perfstat.pg_stat_all_indexes_hist_p2022_12_20" does not exist
Time: 7.300 ms
 pg_sleep 
----------
 
(1 row)

Time: 60101.261 ms (01:00.101)
psql:run_vacuum_20March2023_10.sql:47: ERROR:  relation "perfstat.pg_stat_statements_hist_p2022_12_20" does not exist
Time: 35.398 ms
psql:run_vacuum_20March2023_10.sql:48: ERROR:  relation "perfstat.pg_stat_database_hist_p2022_12_20" does not exist
Time: 8.044 ms
psql:run_vacuum_20March2023_10.sql:49: ERROR:  relation "perfstat.snap_p2022_12_20" does not exist
Time: 7.666 ms
psql:run_vacuum_20March2023_10.sql:50: ERROR:  relation "perfstat.pg_stat_activity_hist_p2022_12_20" does not exist
Time: 7.673 ms
psql:run_vacuum_20March2023_10.sql:51: INFO:  aggressively vacuuming "perfstat.pg_stat_activity_sample_p2022_12_21"
psql:run_vacuum_20March2023_10.sql:51: INFO:  launched 1 parallel vacuum worker for index cleanup (planned: 1)
psql:run_vacuum_20March2023_10.sql:51: INFO:  table "pg_stat_activity_sample_p2022_12_21": found 0 removable, 1378806 nonremovable row versions in 53612 out of 53612 pages
DETAIL:  0 dead row versions cannot be removed yet, oldest xmin: 538038615
Skipped 0 pages due to buffer pins, 0 frozen pages.
CPU: user: 0.72 s, system: 0.06 s, elapsed: 1.54 s.
psql:run_vacuum_20March2023_10.sql:51: INFO:  aggressively vacuuming "pg_toast.pg_toast_1519450241"
psql:run_vacuum_20March2023_10.sql:51: INFO:  table "pg_toast_1519450241": found 0 removable, 0 nonremovable row versions in 0 out of 0 pages
DETAIL:  0 dead row versions cannot be removed yet, oldest xmin: 538038615
Skipped 0 pages due to buffer pins, 0 frozen pages.
CPU: user: 0.00 s, system: 0.00 s, elapsed: 0.00 s.
psql:run_vacuum_20March2023_10.sql:51: INFO:  analyzing "perfstat.pg_stat_activity_sample_p2022_12_21"
psql:run_vacuum_20March2023_10.sql:51: INFO:  "pg_stat_activity_sample_p2022_12_21": scanned 53612 of 53612 pages, containing 1378806 live rows and 0 dead rows; 153600 rows in sample, 1378806 estimated total rows
VACUUM
Time: 31713.514 ms (00:31.714)
psql:run_vacuum_20March2023_10.sql:52: INFO:  aggressively vacuuming "perfstat.snap_p2022_12_21"
psql:run_vacuum_20March2023_10.sql:52: INFO:  table "snap_p2022_12_21": found 0 removable, 96 nonremovable row versions in 1 out of 1 pages
DETAIL:  0 dead row versions cannot be removed yet, oldest xmin: 538038615
Skipped 0 pages due to buffer pins, 0 frozen pages.
CPU: user: 0.00 s, system: 0.00 s, elapsed: 0.00 s.
psql:run_vacuum_20March2023_10.sql:52: INFO:  analyzing "perfstat.snap_p2022_12_21"
psql:run_vacuum_20March2023_10.sql:52: INFO:  "snap_p2022_12_21": scanned 1 of 1 pages, containing 96 live rows and 0 dead rows; 96 rows in sample, 96 estimated total rows
VACUUM
Time: 24.188 ms
psql:run_vacuum_20March2023_10.sql:53: INFO:  aggressively vacuuming "perfstat.pg_stat_activity_hist_p2022_12_21"
psql:run_vacuum_20March2023_10.sql:53: INFO:  launched 2 parallel vacuum workers for index cleanup (planned: 2)
psql:run_vacuum_20March2023_10.sql:53: INFO:  table "pg_stat_activity_hist_p2022_12_21": found 0 removable, 91912 nonremovable row versions in 3706 out of 3706 pages
DETAIL:  0 dead row versions cannot be removed yet, oldest xmin: 538038615
Skipped 0 pages due to buffer pins, 0 frozen pages.
CPU: user: 0.05 s, system: 0.00 s, elapsed: 0.12 s.
psql:run_vacuum_20March2023_10.sql:53: INFO:  aggressively vacuuming "pg_toast.pg_toast_1519450294"
psql:run_vacuum_20March2023_10.sql:53: INFO:  table "pg_toast_1519450294": found 0 removable, 0 nonremovable row versions in 0 out of 0 pages
DETAIL:  0 dead row versions cannot be removed yet, oldest xmin: 538038615
Skipped 0 pages due to buffer pins, 0 frozen pages.
CPU: user: 0.00 s, system: 0.00 s, elapsed: 0.00 s.
psql:run_vacuum_20March2023_10.sql:53: INFO:  analyzing "perfstat.pg_stat_activity_hist_p2022_12_21"
psql:run_vacuum_20March2023_10.sql:53: INFO:  "pg_stat_activity_hist_p2022_12_21": scanned 3706 of 3706 pages, containing 91912 live rows and 0 dead rows; 91912 rows in sample, 91912 estimated total rows
VACUUM
Time: 778.145 ms
psql:run_vacuum_20March2023_10.sql:54: INFO:  aggressively vacuuming "perfstat.pg_stat_database_hist_p2022_12_21"
psql:run_vacuum_20March2023_10.sql:54: INFO:  table "pg_stat_database_hist_p2022_12_21": found 0 removable, 96 nonremovable row versions in 4 out of 4 pages
DETAIL:  0 dead row versions cannot be removed yet, oldest xmin: 538038615
Skipped 0 pages due to buffer pins, 0 frozen pages.
CPU: user: 0.00 s, system: 0.00 s, elapsed: 0.00 s.
psql:run_vacuum_20March2023_10.sql:54: INFO:  analyzing "perfstat.pg_stat_database_hist_p2022_12_21"
psql:run_vacuum_20March2023_10.sql:54: INFO:  "pg_stat_database_hist_p2022_12_21": scanned 4 of 4 pages, containing 96 live rows and 0 dead rows; 96 rows in sample, 96 estimated total rows
VACUUM
Time: 33.430 ms
psql:run_vacuum_20March2023_10.sql:55: INFO:  aggressively vacuuming "perfstat.pg_stat_statements_hist_p2022_12_21"
psql:run_vacuum_20March2023_10.sql:55: INFO:  launched 3 parallel vacuum workers for index cleanup (planned: 3)
psql:run_vacuum_20March2023_10.sql:55: INFO:  table "pg_stat_statements_hist_p2022_12_21": found 0 removable, 436584 nonremovable row versions in 33782 out of 33782 pages
DETAIL:  0 dead row versions cannot be removed yet, oldest xmin: 538038615
Skipped 0 pages due to buffer pins, 0 frozen pages.
CPU: user: 0.40 s, system: 0.04 s, elapsed: 0.92 s.
psql:run_vacuum_20March2023_10.sql:55: INFO:  aggressively vacuuming "pg_toast.pg_toast_1519450282"
psql:run_vacuum_20March2023_10.sql:55: INFO:  table "pg_toast_1519450282": found 0 removable, 0 nonremovable row versions in 0 out of 0 pages
DETAIL:  0 dead row versions cannot be removed yet, oldest xmin: 538038615
Skipped 0 pages due to buffer pins, 0 frozen pages.
CPU: user: 0.00 s, system: 0.00 s, elapsed: 0.00 s.
psql:run_vacuum_20March2023_10.sql:55: INFO:  analyzing "perfstat.pg_stat_statements_hist_p2022_12_21"
psql:run_vacuum_20March2023_10.sql:55: INFO:  "pg_stat_statements_hist_p2022_12_21": scanned 33782 of 33782 pages, containing 436584 live rows and 0 dead rows; 153600 rows in sample, 436584 estimated total rows
VACUUM
Time: 29881.284 ms (00:29.881)
psql:run_vacuum_20March2023_10.sql:56: INFO:  aggressively vacuuming "perfstat.pg_stat_all_indexes_hist_p2022_12_21"
psql:run_vacuum_20March2023_10.sql:56: INFO:  launched 1 parallel vacuum worker for index cleanup (planned: 1)
psql:run_vacuum_20March2023_10.sql:56: INFO:  table "pg_stat_all_indexes_hist_p2022_12_21": found 0 removable, 988608 nonremovable row versions in 35308 out of 35308 pages
DETAIL:  0 dead row versions cannot be removed yet, oldest xmin: 538038615
Skipped 0 pages due to buffer pins, 0 frozen pages.
CPU: user: 0.52 s, system: 0.04 s, elapsed: 1.10 s.
psql:run_vacuum_20March2023_10.sql:56: INFO:  analyzing "perfstat.pg_stat_all_indexes_hist_p2022_12_21"
psql:run_vacuum_20March2023_10.sql:56: INFO:  "pg_stat_all_indexes_hist_p2022_12_21": scanned 35308 of 35308 pages, containing 988608 live rows and 0 dead rows; 153600 rows in sample, 988608 estimated total rows
VACUUM
Time: 22292.651 ms (00:22.293)
 pg_sleep 
----------
 
(1 row)

Time: 60101.185 ms (01:00.101)
psql:run_vacuum_20March2023_10.sql:58: INFO:  aggressively vacuuming "perfstat.dba_plans_hist_p2022_12_21"
psql:run_vacuum_20March2023_10.sql:58: INFO:  launched 3 parallel vacuum workers for index cleanup (planned: 3)
psql:run_vacuum_20March2023_10.sql:58: INFO:  table "dba_plans_hist_p2022_12_21": found 0 removable, 178752 nonremovable row versions in 33763 out of 33763 pages
DETAIL:  0 dead row versions cannot be removed yet, oldest xmin: 538038902
Skipped 0 pages due to buffer pins, 0 frozen pages.
CPU: user: 0.37 s, system: 0.03 s, elapsed: 0.87 s.
psql:run_vacuum_20March2023_10.sql:58: INFO:  aggressively vacuuming "pg_toast.pg_toast_1519450322"
psql:run_vacuum_20March2023_10.sql:58: INFO:  table "pg_toast_1519450322": found 0 removable, 412224 nonremovable row versions in 89047 out of 89047 pages
DETAIL:  0 dead row versions cannot be removed yet, oldest xmin: 538038905
Skipped 0 pages due to buffer pins, 0 frozen pages.
CPU: user: 0.89 s, system: 0.04 s, elapsed: 2.29 s.
psql:run_vacuum_20March2023_10.sql:58: INFO:  analyzing "perfstat.dba_plans_hist_p2022_12_21"
psql:run_vacuum_20March2023_10.sql:58: INFO:  "dba_plans_hist_p2022_12_21": scanned 33763 of 33763 pages, containing 178752 live rows and 0 dead rows; 153600 rows in sample, 178752 estimated total rows
VACUUM
Time: 19638.484 ms (00:19.638)
psql:run_vacuum_20March2023_10.sql:59: INFO:  aggressively vacuuming "perfstat.pg_stat_all_tables_hist_p2022_12_21"
psql:run_vacuum_20March2023_10.sql:59: INFO:  launched 1 parallel vacuum worker for index cleanup (planned: 1)
psql:run_vacuum_20March2023_10.sql:59: INFO:  table "pg_stat_all_tables_hist_p2022_12_21": found 0 removable, 394128 nonremovable row versions in 16618 out of 16618 pages
DETAIL:  0 dead row versions cannot be removed yet, oldest xmin: 538038939
Skipped 0 pages due to buffer pins, 0 frozen pages.
CPU: user: 0.21 s, system: 0.02 s, elapsed: 0.52 s.
psql:run_vacuum_20March2023_10.sql:59: INFO:  analyzing "perfstat.pg_stat_all_tables_hist_p2022_12_21"
psql:run_vacuum_20March2023_10.sql:59: INFO:  "pg_stat_all_tables_hist_p2022_12_21": scanned 16618 of 16618 pages, containing 394128 live rows and 0 dead rows; 153600 rows in sample, 394128 estimated total rows
VACUUM
Time: 20902.108 ms (00:20.902)
psql:run_vacuum_20March2023_10.sql:60: INFO:  vacuuming "pg_catalog.pg_statistic"
psql:run_vacuum_20March2023_10.sql:60: INFO:  scanned index "pg_statistic_relid_att_inh_index" to remove 1132 row versions
DETAIL:  CPU: user: 0.00 s, system: 0.00 s, elapsed: 0.00 s
psql:run_vacuum_20March2023_10.sql:60: INFO:  table "pg_statistic": removed 1132 dead item identifiers in 469 pages
DETAIL:  CPU: user: 0.00 s, system: 0.00 s, elapsed: 0.00 s
psql:run_vacuum_20March2023_10.sql:60: INFO:  index "pg_statistic_relid_att_inh_index" now contains 30687 row versions in 618 pages
DETAIL:  641 index row versions were removed.
3 index pages were newly deleted.
10 index pages are currently deleted, of which 7 are currently reusable.
CPU: user: 0.00 s, system: 0.00 s, elapsed: 0.00 s.
psql:run_vacuum_20March2023_10.sql:60: INFO:  table "pg_statistic": found 1008 removable, 12086 nonremovable row versions in 891 out of 5275 pages
DETAIL:  55 dead row versions cannot be removed yet, oldest xmin: 538038857
Skipped 0 pages due to buffer pins, 2696 frozen pages.
CPU: user: 0.01 s, system: 0.00 s, elapsed: 0.01 s.
psql:run_vacuum_20March2023_10.sql:60: INFO:  vacuuming "pg_toast.pg_toast_2619"
psql:run_vacuum_20March2023_10.sql:60: INFO:  scanned index "pg_toast_2619_index" to remove 1758 row versions
DETAIL:  CPU: user: 0.00 s, system: 0.00 s, elapsed: 0.00 s
psql:run_vacuum_20March2023_10.sql:60: INFO:  table "pg_toast_2619": removed 1758 dead item identifiers in 471 pages
DETAIL:  CPU: user: 0.00 s, system: 0.00 s, elapsed: 0.00 s
psql:run_vacuum_20March2023_10.sql:60: INFO:  index "pg_toast_2619_index" now contains 77208 row versions in 1195 pages
DETAIL:  1758 index row versions were removed.
5 index pages were newly deleted.
828 index pages are currently deleted, of which 823 are currently reusable.
CPU: user: 0.00 s, system: 0.00 s, elapsed: 0.00 s.
psql:run_vacuum_20March2023_10.sql:60: INFO:  table "pg_toast_2619": found 1712 removable, 2376 nonremovable row versions in 966 out of 19977 pages
DETAIL:  173 dead row versions cannot be removed yet, oldest xmin: 538038857
Skipped 0 pages due to buffer pins, 4593 frozen pages.
CPU: user: 0.00 s, system: 0.00 s, elapsed: 0.01 s.
VACUUM
Time: 57.975 ms
psql:run_vacuum_20March2023_10.sql:61: INFO:  vacuuming "perfstat.pg_stat_activity_sample_p2022_12_22"
psql:run_vacuum_20March2023_10.sql:61: INFO:  launched 1 parallel vacuum worker for index cleanup (planned: 1)
psql:run_vacuum_20March2023_10.sql:61: INFO:  table "pg_stat_activity_sample_p2022_12_22": found 0 removable, 13557 nonremovable row versions in 525 out of 50881 pages
DETAIL:  0 dead row versions cannot be removed yet, oldest xmin: 538038985
Skipped 0 pages due to buffer pins, 0 frozen pages.
CPU: user: 0.00 s, system: 0.05 s, elapsed: 0.09 s.
psql:run_vacuum_20March2023_10.sql:61: INFO:  vacuuming "pg_toast.pg_toast_1519825687"
psql:run_vacuum_20March2023_10.sql:61: INFO:  table "pg_toast_1519825687": found 0 removable, 0 nonremovable row versions in 0 out of 0 pages
DETAIL:  0 dead row versions cannot be removed yet, oldest xmin: 538038985
Skipped 0 pages due to buffer pins, 0 frozen pages.
CPU: user: 0.00 s, system: 0.00 s, elapsed: 0.00 s.
psql:run_vacuum_20March2023_10.sql:61: INFO:  analyzing "perfstat.pg_stat_activity_sample_p2022_12_22"
psql:run_vacuum_20March2023_10.sql:61: INFO:  "pg_stat_activity_sample_p2022_12_22": scanned 50881 of 50881 pages, containing 1312406 live rows and 0 dead rows; 153600 rows in sample, 1312406 estimated total rows
VACUUM
Time: 45038.702 ms (00:45.039)
psql:run_vacuum_20March2023_10.sql:62: INFO:  vacuuming "perfstat.pg_stat_all_indexes_hist_p2022_12_22"
psql:run_vacuum_20March2023_10.sql:62: INFO:  launched 1 parallel vacuum worker for index cleanup (planned: 1)
psql:run_vacuum_20March2023_10.sql:62: INFO:  table "pg_stat_all_indexes_hist_p2022_12_22": found 0 removable, 20599 nonremovable row versions in 736 out of 35308 pages
DETAIL:  0 dead row versions cannot be removed yet, oldest xmin: 538039037
Skipped 0 pages due to buffer pins, 0 frozen pages.
CPU: user: 0.00 s, system: 0.03 s, elapsed: 0.07 s.
psql:run_vacuum_20March2023_10.sql:62: INFO:  analyzing "perfstat.pg_stat_all_indexes_hist_p2022_12_22"
psql:run_vacuum_20March2023_10.sql:62: INFO:  "pg_stat_all_indexes_hist_p2022_12_22": scanned 35308 of 35308 pages, containing 988615 live rows and 0 dead rows; 153600 rows in sample, 988615 estimated total rows
VACUUM
Time: 32653.795 ms (00:32.654)
psql:run_vacuum_20March2023_10.sql:63: INFO:  vacuuming "perfstat.pg_stat_all_tables_hist_p2022_12_22"
psql:run_vacuum_20March2023_10.sql:63: INFO:  launched 1 parallel vacuum worker for index cleanup (planned: 1)
psql:run_vacuum_20March2023_10.sql:63: INFO:  table "pg_stat_all_tables_hist_p2022_12_22": found 0 removable, 20544 nonremovable row versions in 866 out of 16596 pages
DETAIL:  0 dead row versions cannot be removed yet, oldest xmin: 538039081
Skipped 0 pages due to buffer pins, 0 frozen pages.
CPU: user: 0.01 s, system: 0.01 s, elapsed: 0.05 s.
psql:run_vacuum_20March2023_10.sql:63: INFO:  analyzing "perfstat.pg_stat_all_tables_hist_p2022_12_22"
psql:run_vacuum_20March2023_10.sql:63: INFO:  "pg_stat_all_tables_hist_p2022_12_22": scanned 16596 of 16596 pages, containing 394142 live rows and 0 dead rows; 153600 rows in sample, 394142 estimated total rows
VACUUM
Time: 16573.685 ms (00:16.574)
psql:run_vacuum_20March2023_10.sql:64: INFO:  vacuuming "perfstat.dba_plans_hist_p2022_12_22"
psql:run_vacuum_20March2023_10.sql:64: INFO:  launched 3 parallel vacuum workers for index cleanup (planned: 3)
psql:run_vacuum_20March2023_10.sql:64: INFO:  table "dba_plans_hist_p2022_12_22": found 0 removable, 9538 nonremovable row versions in 1811 out of 33763 pages
DETAIL:  0 dead row versions cannot be removed yet, oldest xmin: 538039081
Skipped 0 pages due to buffer pins, 0 frozen pages.
CPU: user: 0.02 s, system: 0.02 s, elapsed: 0.10 s.
psql:run_vacuum_20March2023_10.sql:64: INFO:  vacuuming "pg_toast.pg_toast_1519825770"
psql:run_vacuum_20March2023_10.sql:64: INFO:  table "pg_toast_1519825770": found 0 removable, 64740 nonremovable row versions in 13993 out of 89047 pages
DETAIL:  0 dead row versions cannot be removed yet, oldest xmin: 538039081
Skipped 0 pages due to buffer pins, 0 frozen pages.
CPU: user: 0.14 s, system: 0.01 s, elapsed: 0.45 s.
psql:run_vacuum_20March2023_10.sql:64: INFO:  analyzing "perfstat.dba_plans_hist_p2022_12_22"
psql:run_vacuum_20March2023_10.sql:64: INFO:  "dba_plans_hist_p2022_12_22": scanned 33763 of 33763 pages, containing 178752 live rows and 0 dead rows; 153600 rows in sample, 178752 estimated total rows
VACUUM
Time: 40197.552 ms (00:40.198)
psql:run_vacuum_20March2023_10.sql:65: INFO:  vacuuming "perfstat.pg_stat_database_hist_p2022_12_22"
psql:run_vacuum_20March2023_10.sql:65: INFO:  table "pg_stat_database_hist_p2022_12_22": found 0 removable, 96 nonremovable row versions in 4 out of 4 pages
DETAIL:  0 dead row versions cannot be removed yet, oldest xmin: 538039108
Skipped 0 pages due to buffer pins, 0 frozen pages.
CPU: user: 0.00 s, system: 0.00 s, elapsed: 0.00 s.
psql:run_vacuum_20March2023_10.sql:65: INFO:  analyzing "perfstat.pg_stat_database_hist_p2022_12_22"
psql:run_vacuum_20March2023_10.sql:65: INFO:  "pg_stat_database_hist_p2022_12_22": scanned 4 of 4 pages, containing 96 live rows and 0 dead rows; 96 rows in sample, 96 estimated total rows
VACUUM
Time: 35.718 ms
psql:run_vacuum_20March2023_10.sql:66: INFO:  vacuuming "perfstat.snap_p2022_12_22"
psql:run_vacuum_20March2023_10.sql:66: INFO:  table "snap_p2022_12_22": found 0 removable, 96 nonremovable row versions in 1 out of 1 pages
DETAIL:  0 dead row versions cannot be removed yet, oldest xmin: 538039108
Skipped 0 pages due to buffer pins, 0 frozen pages.
CPU: user: 0.00 s, system: 0.00 s, elapsed: 0.00 s.
psql:run_vacuum_20March2023_10.sql:66: INFO:  analyzing "perfstat.snap_p2022_12_22"
psql:run_vacuum_20March2023_10.sql:66: INFO:  "snap_p2022_12_22": scanned 1 of 1 pages, containing 96 live rows and 0 dead rows; 96 rows in sample, 96 estimated total rows
VACUUM
Time: 14.235 ms
psql:run_vacuum_20March2023_10.sql:67: INFO:  vacuuming "perfstat.pg_stat_statements_hist_p2022_12_22"
psql:run_vacuum_20March2023_10.sql:67: INFO:  launched 3 parallel vacuum workers for index cleanup (planned: 3)
psql:run_vacuum_20March2023_10.sql:67: INFO:  table "pg_stat_statements_hist_p2022_12_22": found 0 removable, 52364 nonremovable row versions in 4071 out of 33307 pages
DETAIL:  0 dead row versions cannot be removed yet, oldest xmin: 538039108
Skipped 0 pages due to buffer pins, 0 frozen pages.
CPU: user: 0.04 s, system: 0.04 s, elapsed: 0.16 s.
psql:run_vacuum_20March2023_10.sql:67: INFO:  vacuuming "pg_toast.pg_toast_1519825733"
psql:run_vacuum_20March2023_10.sql:67: INFO:  table "pg_toast_1519825733": found 0 removable, 0 nonremovable row versions in 0 out of 0 pages
DETAIL:  0 dead row versions cannot be removed yet, oldest xmin: 538039108
Skipped 0 pages due to buffer pins, 0 frozen pages.
CPU: user: 0.00 s, system: 0.00 s, elapsed: 0.00 s.
psql:run_vacuum_20March2023_10.sql:67: INFO:  analyzing "perfstat.pg_stat_statements_hist_p2022_12_22"
psql:run_vacuum_20March2023_10.sql:67: INFO:  "pg_stat_statements_hist_p2022_12_22": scanned 33307 of 33307 pages, containing 429682 live rows and 0 dead rows; 153600 rows in sample, 429682 estimated total rows
VACUUM
Time: 42134.492 ms (00:42.134)
psql:run_vacuum_20March2023_10.sql:68: INFO:  vacuuming "perfstat.pg_stat_activity_hist_p2022_12_22"
psql:run_vacuum_20March2023_10.sql:68: INFO:  launched 2 parallel vacuum workers for index cleanup (planned: 2)
psql:run_vacuum_20March2023_10.sql:68: INFO:  table "pg_stat_activity_hist_p2022_12_22": found 0 removable, 6720 nonremovable row versions in 270 out of 3521 pages
DETAIL:  0 dead row versions cannot be removed yet, oldest xmin: 538039108
Skipped 0 pages due to buffer pins, 0 frozen pages.
CPU: user: 0.00 s, system: 0.00 s, elapsed: 0.02 s.
psql:run_vacuum_20March2023_10.sql:68: INFO:  vacuuming "pg_toast.pg_toast_1519825743"
psql:run_vacuum_20March2023_10.sql:68: INFO:  table "pg_toast_1519825743": found 0 removable, 0 nonremovable row versions in 0 out of 0 pages
DETAIL:  0 dead row versions cannot be removed yet, oldest xmin: 538039108
Skipped 0 pages due to buffer pins, 0 frozen pages.
CPU: user: 0.00 s, system: 0.00 s, elapsed: 0.00 s.
psql:run_vacuum_20March2023_10.sql:68: INFO:  analyzing "perfstat.pg_stat_activity_hist_p2022_12_22"
psql:run_vacuum_20March2023_10.sql:68: INFO:  "pg_stat_activity_hist_p2022_12_22": scanned 3521 of 3521 pages, containing 87494 live rows and 0 dead rows; 87494 rows in sample, 87494 estimated total rows
VACUUM
Time: 3306.241 ms (00:03.306)
