Timing is on.
set search_path to pspadm;
SET
Time: 47.754 ms
analyze (verbose) pspadm.arch_purge_main_stats_list;
psql:pspadm_analyze_nonpart_1.sql:4: INFO:  analyzing "pspadm.arch_purge_main_stats_list"
psql:pspadm_analyze_nonpart_1.sql:4: INFO:  "arch_purge_main_stats_list": scanned 0 of 0 pages, containing 0 live rows and 0 dead rows; 0 rows in sample, 0 estimated total rows
ANALYZE
Time: 20.045 ms
analyze (verbose) pspadm.psp_assisted_bundle_bill;
psql:pspadm_analyze_nonpart_1.sql:5: INFO:  analyzing "pspadm.psp_assisted_bundle_bill"
psql:pspadm_analyze_nonpart_1.sql:5: INFO:  "psp_assisted_bundle_bill": scanned 1165 of 1165 pages, containing 40378 live rows and 135 dead rows; 30000 rows in sample, 40378 estimated total rows
ANALYZE
Time: 1408.795 ms (00:01.409)
analyze (verbose) pspadm.psp_payroll_run_action;
psql:pspadm_analyze_nonpart_1.sql:6: INFO:  analyzing "pspadm.psp_payroll_run_action"
psql:pspadm_analyze_nonpart_1.sql:6: INFO:  "psp_payroll_run_action": scanned 10 of 10 pages, containing 56 live rows and 0 dead rows; 56 rows in sample, 56 estimated total rows
ANALYZE
Time: 35.414 ms
analyze (verbose) pspadm.psp_txntype_service_assoc;
psql:pspadm_analyze_nonpart_1.sql:7: INFO:  analyzing "pspadm.psp_txntype_service_assoc"
psql:pspadm_analyze_nonpart_1.sql:7: INFO:  "psp_txntype_service_assoc": scanned 2 of 2 pages, containing 129 live rows and 0 dead rows; 129 rows in sample, 129 estimated total rows
ANALYZE
Time: 6.934 ms
analyze (verbose) pspadm.psp_fintxn_onholdreason_assoc;
psql:pspadm_analyze_nonpart_1.sql:8: INFO:  analyzing "pspadm.psp_fintxn_onholdreason_assoc"
psql:pspadm_analyze_nonpart_1.sql:8: INFO:  "psp_fintxn_onholdreason_assoc": scanned 18180 of 18180 pages, containing 1361004 live rows and 0 dead rows; 30000 rows in sample, 1361004 estimated total rows
ANALYZE
Time: 17699.173 ms (00:17.699)
analyze (verbose) pspadm.psp_agency_rate_request;
psql:pspadm_analyze_nonpart_1.sql:9: INFO:  analyzing "pspadm.psp_agency_rate_request"
psql:pspadm_analyze_nonpart_1.sql:9: INFO:  "psp_agency_rate_request": scanned 13 of 13 pages, containing 595 live rows and 0 dead rows; 595 rows in sample, 595 estimated total rows
ANALYZE
Time: 26.609 ms
analyze (verbose) pspadm.psp_check_print_batch;
psql:pspadm_analyze_nonpart_1.sql:10: INFO:  analyzing "pspadm.psp_check_print_batch"
psql:pspadm_analyze_nonpart_1.sql:10: INFO:  "psp_check_print_batch": scanned 658 of 658 pages, containing 25424 live rows and 8 dead rows; 25424 rows in sample, 25424 estimated total rows
ANALYZE
Time: 797.643 ms
analyze (verbose) pspadm.psp_pmttemplate_printedchkinfo;
psql:pspadm_analyze_nonpart_1.sql:11: INFO:  analyzing "pspadm.psp_pmttemplate_printedchkinfo"
psql:pspadm_analyze_nonpart_1.sql:11: INFO:  "psp_pmttemplate_printedchkinfo": scanned 11 of 11 pages, containing 95 live rows and 0 dead rows; 95 rows in sample, 95 estimated total rows
ANALYZE
Time: 26.048 ms
analyze (verbose) pspadm.psp_payment_method_requirement;
psql:pspadm_analyze_nonpart_1.sql:12: INFO:  analyzing "pspadm.psp_payment_method_requirement"
psql:pspadm_analyze_nonpart_1.sql:12: INFO:  "psp_payment_method_requirement": scanned 25 of 25 pages, containing 139 live rows and 0 dead rows; 139 rows in sample, 139 estimated total rows
ANALYZE
Time: 39.415 ms
analyze (verbose) pspadm.psp_sourcesys_printedchk_info;
psql:pspadm_analyze_nonpart_1.sql:13: INFO:  analyzing "pspadm.psp_sourcesys_printedchk_info"
psql:pspadm_analyze_nonpart_1.sql:13: INFO:  "psp_sourcesys_printedchk_info": scanned 1 of 1 pages, containing 1 live rows and 0 dead rows; 1 rows in sample, 1 estimated total rows
ANALYZE
Time: 9.770 ms
analyze (verbose) pspadm.psp_forecast;
psql:pspadm_analyze_nonpart_1.sql:14: INFO:  analyzing "pspadm.psp_forecast"
psql:pspadm_analyze_nonpart_1.sql:14: INFO:  "psp_forecast": scanned 18 of 18 pages, containing 845 live rows and 0 dead rows; 845 rows in sample, 845 estimated total rows
ANALYZE
Time: 31.496 ms
analyze (verbose) pspadm.psp_offer;
psql:pspadm_analyze_nonpart_1.sql:15: INFO:  analyzing "pspadm.psp_offer"
psql:pspadm_analyze_nonpart_1.sql:15: INFO:  "psp_offer": scanned 44 of 44 pages, containing 48 live rows and 0 dead rows; 48 rows in sample, 48 estimated total rows
ANALYZE
Time: 64.531 ms
analyze (verbose) pspadm.psp_offer_price;
psql:pspadm_analyze_nonpart_1.sql:16: INFO:  analyzing "pspadm.psp_offer_price"
psql:pspadm_analyze_nonpart_1.sql:16: INFO:  "psp_offer_price": scanned 43 of 43 pages, containing 33 live rows and 0 dead rows; 33 rows in sample, 33 estimated total rows
ANALYZE
Time: 79.230 ms
analyze (verbose) pspadm.psp_offering;
psql:pspadm_analyze_nonpart_1.sql:17: INFO:  analyzing "pspadm.psp_offering"
psql:pspadm_analyze_nonpart_1.sql:17: INFO:  "psp_offering": scanned 24 of 24 pages, containing 92 live rows and 0 dead rows; 92 rows in sample, 92 estimated total rows
ANALYZE
Time: 65.175 ms
analyze (verbose) pspadm.psp_offering_svcchg_grp;
psql:pspadm_analyze_nonpart_1.sql:18: INFO:  analyzing "pspadm.psp_offering_svcchg_grp"
psql:pspadm_analyze_nonpart_1.sql:18: INFO:  "psp_offering_svcchg_grp": scanned 415 of 415 pages, containing 1430 live rows and 0 dead rows; 1430 rows in sample, 1430 estimated total rows
ANALYZE
Time: 459.470 ms
analyze (verbose) pspadm.psp_offload_group;
psql:pspadm_analyze_nonpart_1.sql:19: INFO:  analyzing "pspadm.psp_offload_group"
psql:pspadm_analyze_nonpart_1.sql:19: INFO:  "psp_offload_group": scanned 1 of 1 pages, containing 4 live rows and 0 dead rows; 4 rows in sample, 4 estimated total rows
ANALYZE
Time: 5.856 ms
analyze (verbose) pspadm.psp_ownership_type;
psql:pspadm_analyze_nonpart_1.sql:20: INFO:  analyzing "pspadm.psp_ownership_type"
psql:pspadm_analyze_nonpart_1.sql:20: INFO:  "psp_ownership_type": scanned 3 of 3 pages, containing 12 live rows and 0 dead rows; 12 rows in sample, 12 estimated total rows
ANALYZE
Time: 10.883 ms
analyze (verbose) pspadm.psp_payee;
psql:pspadm_analyze_nonpart_1.sql:21: INFO:  analyzing "pspadm.psp_payee"
psql:pspadm_analyze_nonpart_1.sql:21: INFO:  "psp_payee": scanned 30000 of 126343 pages, containing 648467 live rows and 3727 dead rows; 30000 rows in sample, 2730976 estimated total rows
ANALYZE
Time: 28725.788 ms (00:28.726)
analyze (verbose) pspadm.psp_payment_template;
psql:pspadm_analyze_nonpart_1.sql:22: INFO:  analyzing "pspadm.psp_payment_template"
psql:pspadm_analyze_nonpart_1.sql:22: INFO:  "psp_payment_template": scanned 118 of 118 pages, containing 149 live rows and 0 dead rows; 149 rows in sample, 149 estimated total rows
ANALYZE
Time: 129.962 ms
analyze (verbose) pspadm.psp_payment_template_agency_id;
psql:pspadm_analyze_nonpart_1.sql:23: INFO:  analyzing "pspadm.psp_payment_template_agency_id"
psql:pspadm_analyze_nonpart_1.sql:23: INFO:  "psp_payment_template_agency_id": scanned 1 of 1 pages, containing 5 live rows and 0 dead rows; 5 rows in sample, 5 estimated total rows
ANALYZE
Time: 4.513 ms
analyze (verbose) pspadm.psp_payroll_fraud_batch;
psql:pspadm_analyze_nonpart_1.sql:24: INFO:  analyzing "pspadm.psp_payroll_fraud_batch"
psql:pspadm_analyze_nonpart_1.sql:24: INFO:  "psp_payroll_fraud_batch": scanned 0 of 0 pages, containing 0 live rows and 0 dead rows; 0 rows in sample, 0 estimated total rows
ANALYZE
Time: 1.780 ms
analyze (verbose) pspadm.psp_payroll_frequency;
psql:pspadm_analyze_nonpart_1.sql:25: INFO:  analyzing "pspadm.psp_payroll_frequency"
psql:pspadm_analyze_nonpart_1.sql:25: INFO:  "psp_payroll_frequency": scanned 1 of 1 pages, containing 8 live rows and 0 dead rows; 8 rows in sample, 8 estimated total rows
ANALYZE
Time: 5.955 ms
analyze (verbose) pspadm.psp_payroll_subtype;
psql:pspadm_analyze_nonpart_1.sql:26: INFO:  analyzing "pspadm.psp_payroll_subtype"
psql:pspadm_analyze_nonpart_1.sql:26: INFO:  "psp_payroll_subtype": scanned 1 of 1 pages, containing 25 live rows and 0 dead rows; 25 rows in sample, 25 estimated total rows
ANALYZE
Time: 7.210 ms
analyze (verbose) pspadm.psp_pmt_template_bankaccount;
psql:pspadm_analyze_nonpart_1.sql:27: INFO:  analyzing "pspadm.psp_pmt_template_bankaccount"
psql:pspadm_analyze_nonpart_1.sql:27: INFO:  "psp_pmt_template_bankaccount": scanned 25 of 25 pages, containing 111 live rows and 0 dead rows; 111 rows in sample, 111 estimated total rows
ANALYZE
Time: 38.493 ms
analyze (verbose) pspadm.psp_pmt_template_paymentmethod;
psql:pspadm_analyze_nonpart_1.sql:28: INFO:  analyzing "pspadm.psp_pmt_template_paymentmethod"
psql:pspadm_analyze_nonpart_1.sql:28: INFO:  "psp_pmt_template_paymentmethod": scanned 12 of 12 pages, containing 152 live rows and 0 dead rows; 152 rows in sample, 152 estimated total rows
ANALYZE
Time: 26.884 ms
analyze (verbose) pspadm.psp_sql_execution_log_entry;
psql:pspadm_analyze_nonpart_1.sql:29: INFO:  analyzing "pspadm.psp_sql_execution_log_entry"
psql:pspadm_analyze_nonpart_1.sql:29: INFO:  "psp_sql_execution_log_entry": scanned 6833 of 6833 pages, containing 64144 live rows and 51 dead rows; 30000 rows in sample, 64144 estimated total rows
ANALYZE
Time: 7591.758 ms (00:07.592)
analyze (verbose) pspadm.psp_state_edi_tax_file;
psql:pspadm_analyze_nonpart_1.sql:30: INFO:  analyzing "pspadm.psp_state_edi_tax_file"
psql:pspadm_analyze_nonpart_1.sql:30: INFO:  "psp_state_edi_tax_file": scanned 2 of 2 pages, containing 121 live rows and 0 dead rows; 121 rows in sample, 121 estimated total rows
ANALYZE
Time: 9.468 ms
analyze (verbose) pspadm.psp_state_report_output;
psql:pspadm_analyze_nonpart_1.sql:31: INFO:  analyzing "pspadm.psp_state_report_output"
psql:pspadm_analyze_nonpart_1.sql:31: INFO:  "psp_state_report_output": scanned 2155 of 2155 pages, containing 24580 live rows and 48 dead rows; 24580 rows in sample, 24580 estimated total rows
ANALYZE
Time: 2497.626 ms (00:02.498)
analyze (verbose) pspadm.psp_suicredits_job;
psql:pspadm_analyze_nonpart_1.sql:32: INFO:  analyzing "pspadm.psp_suicredits_job"
psql:pspadm_analyze_nonpart_1.sql:32: INFO:  "psp_suicredits_job": scanned 12 of 12 pages, containing 208 live rows and 0 dead rows; 208 rows in sample, 208 estimated total rows
ANALYZE
Time: 26.615 ms
analyze (verbose) pspadm.psp_svcchgprice;
psql:pspadm_analyze_nonpart_1.sql:33: INFO:  analyzing "pspadm.psp_svcchgprice"
psql:pspadm_analyze_nonpart_1.sql:33: INFO:  "psp_svcchgprice": scanned 379 of 379 pages, containing 1438 live rows and 0 dead rows; 1438 rows in sample, 1438 estimated total rows
ANALYZE
Time: 379.697 ms
analyze (verbose) pspadm.psp_svcstat_srcsys_assoc;
psql:pspadm_analyze_nonpart_1.sql:34: INFO:  analyzing "pspadm.psp_svcstat_srcsys_assoc"
psql:pspadm_analyze_nonpart_1.sql:34: INFO:  "psp_svcstat_srcsys_assoc": scanned 1 of 1 pages, containing 50 live rows and 0 dead rows; 50 rows in sample, 50 estimated total rows
ANALYZE
Time: 4.655 ms
analyze (verbose) pspadm.psp_svcstat_svc_assoc;
psql:pspadm_analyze_nonpart_1.sql:35: INFO:  analyzing "pspadm.psp_svcstat_svc_assoc"
psql:pspadm_analyze_nonpart_1.sql:35: INFO:  "psp_svcstat_svc_assoc": scanned 1 of 1 pages, containing 66 live rows and 0 dead rows; 66 rows in sample, 66 estimated total rows
ANALYZE
Time: 7.121 ms
analyze (verbose) pspadm.psp_svcstat_syscap_assoc;
psql:pspadm_analyze_nonpart_1.sql:36: INFO:  analyzing "pspadm.psp_svcstat_syscap_assoc"
psql:pspadm_analyze_nonpart_1.sql:36: INFO:  "psp_svcstat_syscap_assoc": scanned 3 of 3 pages, containing 249 live rows and 0 dead rows; 249 rows in sample, 249 estimated total rows
ANALYZE
Time: 8.078 ms
analyze (verbose) pspadm.psp_system_parameter;
psql:pspadm_analyze_nonpart_1.sql:37: INFO:  analyzing "pspadm.psp_system_parameter"
psql:pspadm_analyze_nonpart_1.sql:37: INFO:  "psp_system_parameter": scanned 266 of 266 pages, containing 342 live rows and 37 dead rows; 342 rows in sample, 342 estimated total rows
ANALYZE
Time: 283.946 ms
analyze (verbose) pspadm.psp_collection_stage;
psql:pspadm_analyze_nonpart_1.sql:38: INFO:  analyzing "pspadm.psp_collection_stage"
psql:pspadm_analyze_nonpart_1.sql:38: INFO:  "psp_collection_stage": scanned 1 of 1 pages, containing 3 live rows and 0 dead rows; 3 rows in sample, 3 estimated total rows
ANALYZE
Time: 5.838 ms
analyze (verbose) pspadm.psp_system_payment_requirement;
psql:pspadm_analyze_nonpart_1.sql:39: INFO:  analyzing "pspadm.psp_system_payment_requirement"
psql:pspadm_analyze_nonpart_1.sql:39: INFO:  "psp_system_payment_requirement": scanned 0 of 0 pages, containing 0 live rows and 0 dead rows; 0 rows in sample, 0 estimated total rows
ANALYZE
Time: 3.070 ms
analyze (verbose) pspadm.psp_reporting_agent;
psql:pspadm_analyze_nonpart_1.sql:40: INFO:  analyzing "pspadm.psp_reporting_agent"
psql:pspadm_analyze_nonpart_1.sql:40: INFO:  "psp_reporting_agent": scanned 1 of 1 pages, containing 1 live rows and 0 dead rows; 1 rows in sample, 1 estimated total rows
ANALYZE
Time: 9.735 ms
analyze (verbose) pspadm.psp_system_requirement;
psql:pspadm_analyze_nonpart_1.sql:41: INFO:  analyzing "pspadm.psp_system_requirement"
psql:pspadm_analyze_nonpart_1.sql:41: INFO:  "psp_system_requirement": scanned 1 of 1 pages, containing 3 live rows and 0 dead rows; 3 rows in sample, 3 estimated total rows
ANALYZE
Time: 5.322 ms
analyze (verbose) pspadm.psp_tax_account_audit;
psql:pspadm_analyze_nonpart_1.sql:42: INFO:  analyzing "pspadm.psp_tax_account_audit"
psql:pspadm_analyze_nonpart_1.sql:42: INFO:  "psp_tax_account_audit": scanned 1065 of 1065 pages, containing 31455 live rows and 97 dead rows; 30000 rows in sample, 31455 estimated total rows
ANALYZE
Time: 1705.041 ms (00:01.705)
analyze (verbose) pspadm.psp_tax_credits_application;
psql:pspadm_analyze_nonpart_1.sql:43: INFO:  analyzing "pspadm.psp_tax_credits_application"
psql:pspadm_analyze_nonpart_1.sql:43: INFO:  "psp_tax_credits_application": scanned 0 of 0 pages, containing 0 live rows and 0 dead rows; 0 rows in sample, 0 estimated total rows
ANALYZE
Time: 3.367 ms
analyze (verbose) pspadm.psp_third_party401k_batch;
psql:pspadm_analyze_nonpart_1.sql:44: INFO:  analyzing "pspadm.psp_third_party401k_batch"
psql:pspadm_analyze_nonpart_1.sql:44: INFO:  "psp_third_party401k_batch": scanned 37 of 37 pages, containing 1302 live rows and 0 dead rows; 1302 rows in sample, 1302 estimated total rows
ANALYZE
Time: 65.948 ms
analyze (verbose) pspadm.psp_annual_billing_item;
psql:pspadm_analyze_nonpart_1.sql:45: INFO:  analyzing "pspadm.psp_annual_billing_item"
psql:pspadm_analyze_nonpart_1.sql:45: INFO:  "psp_annual_billing_item": scanned 13253 of 13253 pages, containing 438770 live rows and 0 dead rows; 30000 rows in sample, 438770 estimated total rows
ANALYZE
Time: 14151.381 ms (00:14.151)
analyze (verbose) pspadm.psp_threshold_requirement;
psql:pspadm_analyze_nonpart_1.sql:46: INFO:  analyzing "pspadm.psp_threshold_requirement"
psql:pspadm_analyze_nonpart_1.sql:46: INFO:  "psp_threshold_requirement": scanned 0 of 0 pages, containing 0 live rows and 0 dead rows; 0 rows in sample, 0 estimated total rows
ANALYZE
Time: 1.989 ms
analyze (verbose) pspadm.psp_tp401k_signup_batch;
psql:pspadm_analyze_nonpart_1.sql:47: INFO:  analyzing "pspadm.psp_tp401k_signup_batch"
psql:pspadm_analyze_nonpart_1.sql:47: INFO:  "psp_tp401k_signup_batch": scanned 17 of 17 pages, containing 512 live rows and 0 dead rows; 512 rows in sample, 512 estimated total rows
ANALYZE
Time: 37.412 ms
analyze (verbose) pspadm.psp_voided_check;
psql:pspadm_analyze_nonpart_1.sql:48: INFO:  analyzing "pspadm.psp_voided_check"
psql:pspadm_analyze_nonpart_1.sql:48: INFO:  "psp_voided_check": scanned 469 of 469 pages, containing 13137 live rows and 15 dead rows; 13137 rows in sample, 13137 estimated total rows
ANALYZE
Time: 609.504 ms
analyze (verbose) pspadm.psp_tp401k_signup_queue;
psql:pspadm_analyze_nonpart_1.sql:49: INFO:  analyzing "pspadm.psp_tp401k_signup_queue"
psql:pspadm_analyze_nonpart_1.sql:49: INFO:  "psp_tp401k_signup_queue": scanned 34 of 34 pages, containing 881 live rows and 0 dead rows; 881 rows in sample, 881 estimated total rows
ANALYZE
Time: 62.705 ms
analyze (verbose) pspadm.psp_transaction_return_batch;
psql:pspadm_analyze_nonpart_1.sql:50: INFO:  analyzing "pspadm.psp_transaction_return_batch"
psql:pspadm_analyze_nonpart_1.sql:50: INFO:  "psp_transaction_return_batch": scanned 119 of 119 pages, containing 4122 live rows and 2 dead rows; 4122 rows in sample, 4122 estimated total rows
ANALYZE
Time: 186.299 ms
analyze (verbose) pspadm.psp_company_tfssubmission;
psql:pspadm_analyze_nonpart_1.sql:51: INFO:  analyzing "pspadm.psp_company_tfssubmission"
psql:pspadm_analyze_nonpart_1.sql:51: INFO:  "psp_company_tfssubmission": scanned 15840 of 15840 pages, containing 571013 live rows and 0 dead rows; 30000 rows in sample, 571013 estimated total rows
ANALYZE
Time: 16024.038 ms (00:16.024)
analyze (verbose) pspadm.psp_deposit_frequency_req;
psql:pspadm_analyze_nonpart_1.sql:52: INFO:  analyzing "pspadm.psp_deposit_frequency_req"
psql:pspadm_analyze_nonpart_1.sql:52: INFO:  "psp_deposit_frequency_req": scanned 1 of 1 pages, containing 5 live rows and 0 dead rows; 5 rows in sample, 5 estimated total rows
ANALYZE
Time: 10.443 ms
analyze (verbose) pspadm.psp_payment_requirement;
psql:pspadm_analyze_nonpart_1.sql:53: INFO:  analyzing "pspadm.psp_payment_requirement"
psql:pspadm_analyze_nonpart_1.sql:53: INFO:  "psp_payment_requirement": scanned 1 of 1 pages, containing 5 live rows and 0 dead rows; 5 rows in sample, 5 estimated total rows
ANALYZE
Time: 4.857 ms
analyze (verbose) pspadm.psp_tax_table_misc_data;
psql:pspadm_analyze_nonpart_1.sql:54: INFO:  analyzing "pspadm.psp_tax_table_misc_data"
psql:pspadm_analyze_nonpart_1.sql:54: INFO:  "psp_tax_table_misc_data": scanned 30000 of 9924225 pages, containing 1074279 live rows and 14655 dead rows; 30000 rows in sample, 355379550 estimated total rows
ANALYZE
Time: 31004.087 ms (00:31.004)
analyze (verbose) pspadm.psp_transaction_response;
psql:pspadm_analyze_nonpart_1.sql:55: INFO:  analyzing "pspadm.psp_transaction_response"
psql:pspadm_analyze_nonpart_1.sql:55: INFO:  "psp_transaction_response": scanned 30000 of 165379 pages, containing 1306805 live rows and 58 dead rows; 30000 rows in sample, 7203937 estimated total rows
ANALYZE
Time: 30260.894 ms (00:30.261)
analyze (verbose) pspadm.psp_vmp_employee_info;
psql:pspadm_analyze_nonpart_1.sql:56: INFO:  analyzing "pspadm.psp_vmp_employee_info"
psql:pspadm_analyze_nonpart_1.sql:56: INFO:  "psp_vmp_employee_info": scanned 25914 of 25914 pages, containing 902983 live rows and 110 dead rows; 30000 rows in sample, 902983 estimated total rows
ANALYZE
Time: 25646.331 ms (00:25.646)
analyze (verbose) pspadm.psp_payee_bank_account;
psql:pspadm_analyze_nonpart_1.sql:57: INFO:  analyzing "pspadm.psp_payee_bank_account"
psql:pspadm_analyze_nonpart_1.sql:57: INFO:  "psp_payee_bank_account": scanned 30000 of 106783 pages, containing 814955 live rows and 3560 dead rows; 30000 rows in sample, 2900778 estimated total rows
ANALYZE
Time: 29789.478 ms (00:29.789)
analyze (verbose) pspadm.psp_deposit_frequency_file;
psql:pspadm_analyze_nonpart_1.sql:58: INFO:  analyzing "pspadm.psp_deposit_frequency_file"
psql:pspadm_analyze_nonpart_1.sql:58: INFO:  "psp_deposit_frequency_file": scanned 1 of 1 pages, containing 15 live rows and 0 dead rows; 15 rows in sample, 15 estimated total rows
ANALYZE
Time: 8.311 ms
analyze (verbose) pspadm.psp_rafenrollment_detail;
psql:pspadm_analyze_nonpart_1.sql:59: INFO:  analyzing "pspadm.psp_rafenrollment_detail"
psql:pspadm_analyze_nonpart_1.sql:59: INFO:  "psp_rafenrollment_detail": scanned 4781 of 4781 pages, containing 86879 live rows and 0 dead rows; 30000 rows in sample, 86879 estimated total rows
ANALYZE
Time: 5548.009 ms (00:05.548)
analyze (verbose) pspadm.psp_transaction_offload_batch;
psql:pspadm_analyze_nonpart_1.sql:60: INFO:  analyzing "pspadm.psp_transaction_offload_batch"
psql:pspadm_analyze_nonpart_1.sql:60: INFO:  "psp_transaction_offload_batch": scanned 0 of 0 pages, containing 0 live rows and 0 dead rows; 0 rows in sample, 0 estimated total rows
ANALYZE
Time: 2.018 ms
