Timing is on.
set search_path to pspadm;
SET
Time: 52.651 ms
analyze (verbose) pspadm.psp_qbdt_paycheck_info_p0;
psql:pspadm_analyze_4.sql:3: INFO:  analyzing "pspadm.psp_qbdt_paycheck_info_p0"
psql:pspadm_analyze_4.sql:3: INFO:  "psp_qbdt_paycheck_info_p0": scanned 30000 of 3537689 pages, containing 866806 live rows and 2745 dead rows; 30000 rows in sample, 102216335 estimated total rows
ANALYZE
Time: 29818.948 ms (00:29.819)
analyze (verbose) pspadm.psp_qbdt_paycheck_info_p1;
psql:pspadm_analyze_4.sql:4: INFO:  analyzing "pspadm.psp_qbdt_paycheck_info_p1"
psql:pspadm_analyze_4.sql:4: INFO:  "psp_qbdt_paycheck_info_p1": scanned 30000 of 3584013 pages, containing 866903 live rows and 2916 dead rows; 30000 rows in sample, 103566387 estimated total rows
ANALYZE
Time: 30992.466 ms (00:30.992)
analyze (verbose) pspadm.psp_qbdt_paycheck_info_p2;
psql:pspadm_analyze_4.sql:5: INFO:  analyzing "pspadm.psp_qbdt_paycheck_info_p2"
psql:pspadm_analyze_4.sql:5: INFO:  "psp_qbdt_paycheck_info_p2": scanned 30000 of 3588106 pages, containing 866796 live rows and 2878 dead rows; 30000 rows in sample, 103671864 estimated total rows
ANALYZE
Time: 31081.324 ms (00:31.081)
analyze (verbose) pspadm.psp_qbdt_paycheck_info_p3;
psql:pspadm_analyze_4.sql:6: INFO:  analyzing "pspadm.psp_qbdt_paycheck_info_p3"
psql:pspadm_analyze_4.sql:6: INFO:  "psp_qbdt_paycheck_info_p3": scanned 30000 of 3556360 pages, containing 866744 live rows and 3098 dead rows; 30000 rows in sample, 102748456 estimated total rows
ANALYZE
Time: 31065.195 ms (00:31.065)
analyze (verbose) pspadm.psp_qbdt_paycheck_info_p4;
psql:pspadm_analyze_4.sql:7: INFO:  analyzing "pspadm.psp_qbdt_paycheck_info_p4"
psql:pspadm_analyze_4.sql:7: INFO:  "psp_qbdt_paycheck_info_p4": scanned 30000 of 3613974 pages, containing 867314 live rows and 3259 dead rows; 30000 rows in sample, 104481675 estimated total rows
ANALYZE
Time: 30769.892 ms (00:30.770)
analyze (verbose) pspadm.psp_qbdt_paycheck_info_p5;
psql:pspadm_analyze_4.sql:8: INFO:  analyzing "pspadm.psp_qbdt_paycheck_info_p5"
psql:pspadm_analyze_4.sql:8: INFO:  "psp_qbdt_paycheck_info_p5": scanned 30000 of 3608329 pages, containing 866952 live rows and 2887 dead rows; 30000 rows in sample, 104274935 estimated total rows
ANALYZE
Time: 30858.143 ms (00:30.858)
analyze (verbose) pspadm.psp_qbdt_paycheck_info_p6;
psql:pspadm_analyze_4.sql:9: INFO:  analyzing "pspadm.psp_qbdt_paycheck_info_p6"
psql:pspadm_analyze_4.sql:9: INFO:  "psp_qbdt_paycheck_info_p6": scanned 30000 of 3514902 pages, containing 866861 live rows and 3156 dead rows; 30000 rows in sample, 101564382 estimated total rows
ANALYZE
Time: 30814.635 ms (00:30.815)
analyze (verbose) pspadm.psp_qbdt_paycheck_info_p7;
psql:pspadm_analyze_4.sql:10: INFO:  analyzing "pspadm.psp_qbdt_paycheck_info_p7"
psql:pspadm_analyze_4.sql:10: INFO:  "psp_qbdt_paycheck_info_p7": scanned 30000 of 3599876 pages, containing 865804 live rows and 2762 dead rows; 30000 rows in sample, 103892901 estimated total rows
ANALYZE
Time: 30739.468 ms (00:30.739)
analyze (verbose) pspadm.psp_qbdt_paycheck_info_p8;
psql:pspadm_analyze_4.sql:11: INFO:  analyzing "pspadm.psp_qbdt_paycheck_info_p8"
psql:pspadm_analyze_4.sql:11: INFO:  "psp_qbdt_paycheck_info_p8": scanned 30000 of 3579398 pages, containing 866812 live rows and 2732 dead rows; 30000 rows in sample, 103422171 estimated total rows
ANALYZE
Time: 30778.373 ms (00:30.778)
analyze (verbose) pspadm.psp_qbdt_paycheck_info_p9;
psql:pspadm_analyze_4.sql:12: INFO:  analyzing "pspadm.psp_qbdt_paycheck_info_p9"
psql:pspadm_analyze_4.sql:12: INFO:  "psp_qbdt_paycheck_info_p9": scanned 30000 of 3596310 pages, containing 866209 live rows and 3183 dead rows; 30000 rows in sample, 103838536 estimated total rows
ANALYZE
Time: 30543.074 ms (00:30.543)
analyze (verbose) pspadm.psp_qbdt_paycheck_info_p10;
psql:pspadm_analyze_4.sql:13: INFO:  analyzing "pspadm.psp_qbdt_paycheck_info_p10"
psql:pspadm_analyze_4.sql:13: INFO:  "psp_qbdt_paycheck_info_p10": scanned 30000 of 3544343 pages, containing 866954 live rows and 2736 dead rows; 30000 rows in sample, 102426078 estimated total rows
ANALYZE
Time: 30511.062 ms (00:30.511)
analyze (verbose) pspadm.psp_qbdt_paycheck_info_p11;
psql:pspadm_analyze_4.sql:14: INFO:  analyzing "pspadm.psp_qbdt_paycheck_info_p11"
psql:pspadm_analyze_4.sql:14: INFO:  "psp_qbdt_paycheck_info_p11": scanned 30000 of 3582979 pages, containing 866366 live rows and 2962 dead rows; 30000 rows in sample, 103472373 estimated total rows
ANALYZE
Time: 30395.417 ms (00:30.395)
analyze (verbose) pspadm.psp_qbdt_paycheck_info_p12;
psql:pspadm_analyze_4.sql:15: INFO:  analyzing "pspadm.psp_qbdt_paycheck_info_p12"
psql:pspadm_analyze_4.sql:15: INFO:  "psp_qbdt_paycheck_info_p12": scanned 30000 of 3567364 pages, containing 866987 live rows and 102 dead rows; 30000 rows in sample, 103095274 estimated total rows
ANALYZE
Time: 30692.164 ms (00:30.692)
analyze (verbose) pspadm.psp_qbdt_paycheck_info_p13;
psql:pspadm_analyze_4.sql:16: INFO:  analyzing "pspadm.psp_qbdt_paycheck_info_p13"
psql:pspadm_analyze_4.sql:16: INFO:  "psp_qbdt_paycheck_info_p13": scanned 30000 of 3594778 pages, containing 866874 live rows and 2717 dead rows; 30000 rows in sample, 103873986 estimated total rows
ANALYZE
Time: 30498.867 ms (00:30.499)
analyze (verbose) pspadm.psp_qbdt_paycheck_info_p14;
psql:pspadm_analyze_4.sql:17: INFO:  analyzing "pspadm.psp_qbdt_paycheck_info_p14"
psql:pspadm_analyze_4.sql:17: INFO:  "psp_qbdt_paycheck_info_p14": scanned 30000 of 3506695 pages, containing 866209 live rows and 2867 dead rows; 30000 rows in sample, 101251026 estimated total rows
ANALYZE
Time: 30596.528 ms (00:30.597)
analyze (verbose) pspadm.psp_qbdt_paycheck_info_p15;
psql:pspadm_analyze_4.sql:18: INFO:  analyzing "pspadm.psp_qbdt_paycheck_info_p15"
psql:pspadm_analyze_4.sql:18: INFO:  "psp_qbdt_paycheck_info_p15": scanned 30000 of 3585048 pages, containing 866378 live rows and 3101 dead rows; 30000 rows in sample, 103533557 estimated total rows
ANALYZE
Time: 30322.395 ms (00:30.322)
analyze (verbose) pspadm.psp_qbdt_paycheck_info;
psql:pspadm_analyze_4.sql:19: INFO:  analyzing "pspadm.psp_qbdt_paycheck_info" inheritance tree
psql:pspadm_analyze_4.sql:19: INFO:  "psp_qbdt_paycheck_info_p0": scanned 1857 of 3537689 pages, containing 53532 live rows and 214 dead rows; 1857 rows in sample, 101981458 estimated total rows
psql:pspadm_analyze_4.sql:19: INFO:  "psp_qbdt_paycheck_info_p1": scanned 1881 of 3584013 pages, containing 54401 live rows and 170 dead rows; 1881 rows in sample, 103654381 estimated total rows
psql:pspadm_analyze_4.sql:19: INFO:  "psp_qbdt_paycheck_info_p2": scanned 1883 of 3588106 pages, containing 54391 live rows and 257 dead rows; 1883 rows in sample, 103643480 estimated total rows
psql:pspadm_analyze_4.sql:19: INFO:  "psp_qbdt_paycheck_info_p3": scanned 1867 of 3556360 pages, containing 53909 live rows and 245 dead rows; 1867 rows in sample, 102688704 estimated total rows
psql:pspadm_analyze_4.sql:19: INFO:  "psp_qbdt_paycheck_info_p4": scanned 1897 of 3613974 pages, containing 54786 live rows and 209 dead rows; 1897 rows in sample, 104372788 estimated total rows
psql:pspadm_analyze_4.sql:19: INFO:  "psp_qbdt_paycheck_info_p5": scanned 1894 of 3608329 pages, containing 54713 live rows and 137 dead rows; 1894 rows in sample, 104235747 estimated total rows
psql:pspadm_analyze_4.sql:19: INFO:  "psp_qbdt_paycheck_info_p6": scanned 1845 of 3514902 pages, containing 53341 live rows and 211 dead rows; 1845 rows in sample, 101619722 estimated total rows
psql:pspadm_analyze_4.sql:19: INFO:  "psp_qbdt_paycheck_info_p7": scanned 1889 of 3599876 pages, containing 54560 live rows and 222 dead rows; 1889 rows in sample, 103975243 estimated total rows
psql:pspadm_analyze_4.sql:19: INFO:  "psp_qbdt_paycheck_info_p8": scanned 1879 of 3579398 pages, containing 54355 live rows and 118 dead rows; 1879 rows in sample, 103543469 estimated total rows
psql:pspadm_analyze_4.sql:19: INFO:  "psp_qbdt_paycheck_info_p9": scanned 1887 of 3596310 pages, containing 54577 live rows and 87 dead rows; 1887 rows in sample, 104014738 estimated total rows
psql:pspadm_analyze_4.sql:19: INFO:  "psp_qbdt_paycheck_info_p10": scanned 1860 of 3544343 pages, containing 53709 live rows and 148 dead rows; 1860 rows in sample, 102345762 estimated total rows
psql:pspadm_analyze_4.sql:19: INFO:  "psp_qbdt_paycheck_info_p11": scanned 1880 of 3582979 pages, containing 54341 live rows and 103 dead rows; 1880 rows in sample, 103565246 estimated total rows
psql:pspadm_analyze_4.sql:19: INFO:  "psp_qbdt_paycheck_info_p12": scanned 1872 of 3567364 pages, containing 54136 live rows and 1 dead rows; 1872 rows in sample, 103163898 estimated total rows
psql:pspadm_analyze_4.sql:19: INFO:  "psp_qbdt_paycheck_info_p13": scanned 1887 of 3594778 pages, containing 54480 live rows and 213 dead rows; 1887 rows in sample, 103785641 estimated total rows
psql:pspadm_analyze_4.sql:19: INFO:  "psp_qbdt_paycheck_info_p14": scanned 1840 of 3506695 pages, containing 52923 live rows and 323 dead rows; 1840 rows in sample, 100861315 estimated total rows
psql:pspadm_analyze_4.sql:19: INFO:  "psp_qbdt_paycheck_info_p15": scanned 1882 of 3585048 pages, containing 54395 live rows and 218 dead rows; 1882 rows in sample, 103617793 estimated total rows
psql:pspadm_analyze_4.sql:19: INFO:  analyzing "pspadm.psp_qbdt_paycheck_info_p0"
psql:pspadm_analyze_4.sql:19: INFO:  "psp_qbdt_paycheck_info_p0": scanned 30000 of 3537689 pages, containing 866353 live rows and 2901 dead rows; 30000 rows in sample, 102162916 estimated total rows
psql:pspadm_analyze_4.sql:19: INFO:  analyzing "pspadm.psp_qbdt_paycheck_info_p1"
psql:pspadm_analyze_4.sql:19: INFO:  "psp_qbdt_paycheck_info_p1": scanned 30000 of 3584013 pages, containing 866099 live rows and 3158 dead rows; 30000 rows in sample, 103470336 estimated total rows
psql:pspadm_analyze_4.sql:19: INFO:  analyzing "pspadm.psp_qbdt_paycheck_info_p2"
psql:pspadm_analyze_4.sql:19: INFO:  "psp_qbdt_paycheck_info_p2": scanned 30000 of 3588106 pages, containing 866597 live rows and 2945 dead rows; 30000 rows in sample, 103648063 estimated total rows
psql:pspadm_analyze_4.sql:19: INFO:  analyzing "pspadm.psp_qbdt_paycheck_info_p3"
psql:pspadm_analyze_4.sql:19: INFO:  "psp_qbdt_paycheck_info_p3": scanned 30000 of 3556360 pages, containing 867004 live rows and 3031 dead rows; 30000 rows in sample, 102779278 estimated total rows
psql:pspadm_analyze_4.sql:19: INFO:  analyzing "pspadm.psp_qbdt_paycheck_info_p4"
psql:pspadm_analyze_4.sql:19: INFO:  "psp_qbdt_paycheck_info_p4": scanned 30000 of 3613974 pages, containing 867383 live rows and 3484 dead rows; 30000 rows in sample, 104489987 estimated total rows
psql:pspadm_analyze_4.sql:19: INFO:  analyzing "pspadm.psp_qbdt_paycheck_info_p5"
psql:pspadm_analyze_4.sql:19: INFO:  "psp_qbdt_paycheck_info_p5": scanned 30000 of 3608329 pages, containing 867093 live rows and 3008 dead rows; 30000 rows in sample, 104291894 estimated total rows
psql:pspadm_analyze_4.sql:19: INFO:  analyzing "pspadm.psp_qbdt_paycheck_info_p6"
psql:pspadm_analyze_4.sql:19: INFO:  "psp_qbdt_paycheck_info_p6": scanned 30000 of 3514902 pages, containing 867011 live rows and 3039 dead rows; 30000 rows in sample, 101581957 estimated total rows
psql:pspadm_analyze_4.sql:19: INFO:  analyzing "pspadm.psp_qbdt_paycheck_info_p7"
psql:pspadm_analyze_4.sql:19: INFO:  "psp_qbdt_paycheck_info_p7": scanned 30000 of 3599876 pages, containing 865403 live rows and 3062 dead rows; 30000 rows in sample, 103844783 estimated total rows
psql:pspadm_analyze_4.sql:19: INFO:  analyzing "pspadm.psp_qbdt_paycheck_info_p8"
psql:pspadm_analyze_4.sql:19: INFO:  "psp_qbdt_paycheck_info_p8": scanned 30000 of 3579398 pages, containing 867107 live rows and 2776 dead rows; 30000 rows in sample, 103457369 estimated total rows
psql:pspadm_analyze_4.sql:19: INFO:  analyzing "pspadm.psp_qbdt_paycheck_info_p9"
psql:pspadm_analyze_4.sql:19: INFO:  "psp_qbdt_paycheck_info_p9": scanned 30000 of 3596310 pages, containing 865842 live rows and 3431 dead rows; 30000 rows in sample, 103794541 estimated total rows
psql:pspadm_analyze_4.sql:19: INFO:  analyzing "pspadm.psp_qbdt_paycheck_info_p10"
psql:pspadm_analyze_4.sql:19: INFO:  "psp_qbdt_paycheck_info_p10": scanned 30000 of 3544343 pages, containing 867397 live rows and 2481 dead rows; 30000 rows in sample, 102478416 estimated total rows
psql:pspadm_analyze_4.sql:19: INFO:  analyzing "pspadm.psp_qbdt_paycheck_info_p11"
psql:pspadm_analyze_4.sql:19: INFO:  "psp_qbdt_paycheck_info_p11": scanned 30000 of 3582979 pages, containing 865973 live rows and 2875 dead rows; 30000 rows in sample, 103425436 estimated total rows
psql:pspadm_analyze_4.sql:19: INFO:  analyzing "pspadm.psp_qbdt_paycheck_info_p12"
psql:pspadm_analyze_4.sql:19: INFO:  "psp_qbdt_paycheck_info_p12": scanned 30000 of 3567364 pages, containing 867063 live rows and 64 dead rows; 30000 rows in sample, 103104311 estimated total rows
psql:pspadm_analyze_4.sql:19: INFO:  analyzing "pspadm.psp_qbdt_paycheck_info_p13"
psql:pspadm_analyze_4.sql:19: INFO:  "psp_qbdt_paycheck_info_p13": scanned 30000 of 3594778 pages, containing 866328 live rows and 3204 dead rows; 30000 rows in sample, 103808561 estimated total rows
psql:pspadm_analyze_4.sql:19: INFO:  analyzing "pspadm.psp_qbdt_paycheck_info_p14"
psql:pspadm_analyze_4.sql:19: INFO:  "psp_qbdt_paycheck_info_p14": scanned 30000 of 3506695 pages, containing 865691 live rows and 3111 dead rows; 30000 rows in sample, 101190477 estimated total rows
psql:pspadm_analyze_4.sql:19: INFO:  analyzing "pspadm.psp_qbdt_paycheck_info_p15"
psql:pspadm_analyze_4.sql:19: INFO:  "psp_qbdt_paycheck_info_p15": scanned 30000 of 3585048 pages, containing 866086 live rows and 3009 dead rows; 30000 rows in sample, 103498663 estimated total rows
ANALYZE
Time: 497015.142 ms (08:17.015)
analyze (verbose) pspadm.psp_paystub_p0;
psql:pspadm_analyze_4.sql:20: INFO:  analyzing "pspadm.psp_paystub_p0"
psql:pspadm_analyze_4.sql:20: INFO:  "psp_paystub_p0": scanned 30000 of 6713609 pages, containing 630516 live rows and 2801 dead rows; 30000 rows in sample, 141101263 estimated total rows
ANALYZE
Time: 29133.058 ms (00:29.133)
analyze (verbose) pspadm.psp_paystub_p1;
psql:pspadm_analyze_4.sql:21: INFO:  analyzing "pspadm.psp_paystub_p1"
psql:pspadm_analyze_4.sql:21: INFO:  "psp_paystub_p1": scanned 30000 of 6770950 pages, containing 630396 live rows and 2758 dead rows; 30000 rows in sample, 142279327 estimated total rows
ANALYZE
Time: 29377.219 ms (00:29.377)
analyze (verbose) pspadm.psp_paystub_p2;
psql:pspadm_analyze_4.sql:22: INFO:  analyzing "pspadm.psp_paystub_p2"
psql:pspadm_analyze_4.sql:22: INFO:  "psp_paystub_p2": scanned 30000 of 6613254 pages, containing 630174 live rows and 2918 dead rows; 30000 rows in sample, 138916691 estimated total rows
ANALYZE
Time: 29520.332 ms (00:29.520)
analyze (verbose) pspadm.psp_paystub_p3;
psql:pspadm_analyze_4.sql:23: INFO:  analyzing "pspadm.psp_paystub_p3"
psql:pspadm_analyze_4.sql:23: INFO:  "psp_paystub_p3": scanned 30000 of 6693385 pages, containing 630645 live rows and 2680 dead rows; 30000 rows in sample, 140704993 estimated total rows
ANALYZE
Time: 28920.921 ms (00:28.921)
analyze (verbose) pspadm.psp_paystub;
psql:pspadm_analyze_4.sql:24: INFO:  analyzing "pspadm.psp_paystub" inheritance tree
psql:pspadm_analyze_4.sql:24: INFO:  "psp_paystub_p0": scanned 7518 of 6713609 pages, containing 157918 live rows and 773 dead rows; 7518 rows in sample, 141021509 estimated total rows
psql:pspadm_analyze_4.sql:24: INFO:  "psp_paystub_p1": scanned 7582 of 6770950 pages, containing 159284 live rows and 697 dead rows; 7582 rows in sample, 142245318 estimated total rows
psql:pspadm_analyze_4.sql:24: INFO:  "psp_paystub_p2": scanned 7405 of 6613254 pages, containing 155360 live rows and 888 dead rows; 7405 rows in sample, 138748837 estimated total rows
psql:pspadm_analyze_4.sql:24: INFO:  "psp_paystub_p3": scanned 7495 of 6693385 pages, containing 157545 live rows and 644 dead rows; 7495 rows in sample, 140695042 estimated total rows
psql:pspadm_analyze_4.sql:24: INFO:  analyzing "pspadm.psp_paystub_p0"
psql:pspadm_analyze_4.sql:24: INFO:  "psp_paystub_p0": scanned 30000 of 6713609 pages, containing 630689 live rows and 2575 dead rows; 30000 rows in sample, 141139978 estimated total rows
psql:pspadm_analyze_4.sql:24: INFO:  analyzing "pspadm.psp_paystub_p1"
psql:pspadm_analyze_4.sql:24: INFO:  "psp_paystub_p1": scanned 30000 of 6770950 pages, containing 630147 live rows and 3163 dead rows; 30000 rows in sample, 142223128 estimated total rows
psql:pspadm_analyze_4.sql:24: INFO:  analyzing "pspadm.psp_paystub_p2"
psql:pspadm_analyze_4.sql:24: INFO:  "psp_paystub_p2": scanned 30000 of 6613254 pages, containing 630166 live rows and 2874 dead rows; 30000 rows in sample, 138914927 estimated total rows
psql:pspadm_analyze_4.sql:24: INFO:  analyzing "pspadm.psp_paystub_p3"
psql:pspadm_analyze_4.sql:24: INFO:  "psp_paystub_p3": scanned 30000 of 6693385 pages, containing 630497 live rows and 2566 dead rows; 30000 rows in sample, 140671972 estimated total rows
ANALYZE
Time: 144786.381 ms (02:24.786)
analyze (verbose) pspadm.psp_entitlement_message_2012;
psql:pspadm_analyze_4.sql:25: INFO:  analyzing "pspadm.psp_entitlement_message_2012"
psql:pspadm_analyze_4.sql:25: INFO:  "psp_entitlement_message_2012": scanned 30000 of 180020 pages, containing 349065 live rows and 0 dead rows; 30000 rows in sample, 2094623 estimated total rows
ANALYZE
Time: 29105.367 ms (00:29.105)
analyze (verbose) pspadm.psp_entitlement_message_2013;
psql:pspadm_analyze_4.sql:26: INFO:  analyzing "pspadm.psp_entitlement_message_2013"
psql:pspadm_analyze_4.sql:26: INFO:  "psp_entitlement_message_2013": scanned 30000 of 450521 pages, containing 354098 live rows and 0 dead rows; 30000 rows in sample, 5317620 estimated total rows
ANALYZE
Time: 28639.509 ms (00:28.640)
analyze (verbose) pspadm.psp_entitlement_message_2014;
psql:pspadm_analyze_4.sql:27: INFO:  analyzing "pspadm.psp_entitlement_message_2014"
psql:pspadm_analyze_4.sql:27: INFO:  "psp_entitlement_message_2014": scanned 30000 of 599777 pages, containing 325003 live rows and 1 dead rows; 30000 rows in sample, 6497644 estimated total rows
ANALYZE
Time: 28329.057 ms (00:28.329)
analyze (verbose) pspadm.psp_entitlement_message_2015;
psql:pspadm_analyze_4.sql:28: INFO:  analyzing "pspadm.psp_entitlement_message_2015"
psql:pspadm_analyze_4.sql:28: INFO:  "psp_entitlement_message_2015": scanned 30000 of 617035 pages, containing 348486 live rows and 6 dead rows; 30000 rows in sample, 7167602 estimated total rows
ANALYZE
Time: 28723.243 ms (00:28.723)
analyze (verbose) pspadm.psp_entitlement_message_2016;
psql:pspadm_analyze_4.sql:29: INFO:  analyzing "pspadm.psp_entitlement_message_2016"
psql:pspadm_analyze_4.sql:29: INFO:  "psp_entitlement_message_2016": scanned 30000 of 604231 pages, containing 355963 live rows and 18 dead rows; 30000 rows in sample, 7169463 estimated total rows
ANALYZE
Time: 28388.170 ms (00:28.388)
analyze (verbose) pspadm.psp_entitlement_message_2017;
psql:pspadm_analyze_4.sql:30: INFO:  analyzing "pspadm.psp_entitlement_message_2017"
psql:pspadm_analyze_4.sql:30: INFO:  "psp_entitlement_message_2017": scanned 30000 of 622795 pages, containing 364912 live rows and 17 dead rows; 30000 rows in sample, 7575512 estimated total rows
ANALYZE
Time: 28299.968 ms (00:28.300)
analyze (verbose) pspadm.psp_entitlement_message_2018;
psql:pspadm_analyze_4.sql:31: INFO:  analyzing "pspadm.psp_entitlement_message_2018"
psql:pspadm_analyze_4.sql:31: INFO:  "psp_entitlement_message_2018": scanned 30000 of 573471 pages, containing 379988 live rows and 42 dead rows; 30000 rows in sample, 7263737 estimated total rows
ANALYZE
Time: 28625.388 ms (00:28.625)
analyze (verbose) pspadm.psp_entitlement_message_2019;
psql:pspadm_analyze_4.sql:32: INFO:  analyzing "pspadm.psp_entitlement_message_2019"
psql:pspadm_analyze_4.sql:32: INFO:  "psp_entitlement_message_2019": scanned 30000 of 560130 pages, containing 386235 live rows and 51 dead rows; 30000 rows in sample, 7211394 estimated total rows
ANALYZE
Time: 28517.626 ms (00:28.518)
analyze (verbose) pspadm.psp_entitlement_message_2020;
psql:pspadm_analyze_4.sql:33: INFO:  analyzing "pspadm.psp_entitlement_message_2020"
psql:pspadm_analyze_4.sql:33: INFO:  "psp_entitlement_message_2020": scanned 30000 of 568229 pages, containing 391183 live rows and 79 dead rows; 30000 rows in sample, 7409384 estimated total rows
ANALYZE
Time: 28407.928 ms (00:28.408)
analyze (verbose) pspadm.psp_entitlement_message_2021;
psql:pspadm_analyze_4.sql:34: INFO:  analyzing "pspadm.psp_entitlement_message_2021"
psql:pspadm_analyze_4.sql:34: INFO:  "psp_entitlement_message_2021": scanned 30000 of 578648 pages, containing 425123 live rows and 2825 dead rows; 30000 rows in sample, 8199886 estimated total rows
ANALYZE
Time: 28105.014 ms (00:28.105)
analyze (verbose) pspadm.psp_entitlement_message_2022;
psql:pspadm_analyze_4.sql:35: INFO:  analyzing "pspadm.psp_entitlement_message_2022"
psql:pspadm_analyze_4.sql:35: INFO:  "psp_entitlement_message_2022": scanned 30000 of 871782 pages, containing 332358 live rows and 1418 dead rows; 30000 rows in sample, 9658124 estimated total rows
ANALYZE
Time: 28545.772 ms (00:28.546)
analyze (verbose) pspadm.psp_entitlement_message_2023;
psql:pspadm_analyze_4.sql:36: INFO:  analyzing "pspadm.psp_entitlement_message_2023"
psql:pspadm_analyze_4.sql:36: INFO:  "psp_entitlement_message_2023": scanned 30000 of 428230 pages, containing 274255 live rows and 17950 dead rows; 30000 rows in sample, 3914807 estimated total rows
ANALYZE
Time: 28327.809 ms (00:28.328)
analyze (verbose) pspadm.psp_entitlement_message_2024;
psql:pspadm_analyze_4.sql:37: INFO:  analyzing "pspadm.psp_entitlement_message_2024"
psql:pspadm_analyze_4.sql:37: INFO:  "psp_entitlement_message_2024": scanned 0 of 0 pages, containing 0 live rows and 0 dead rows; 0 rows in sample, 0 estimated total rows
ANALYZE
Time: 1.261 ms
analyze (verbose) pspadm.psp_entitlement_message_2025;
psql:pspadm_analyze_4.sql:38: INFO:  analyzing "pspadm.psp_entitlement_message_2025"
psql:pspadm_analyze_4.sql:38: INFO:  "psp_entitlement_message_2025": scanned 0 of 0 pages, containing 0 live rows and 0 dead rows; 0 rows in sample, 0 estimated total rows
ANALYZE
Time: 5.022 ms
analyze (verbose) pspadm.psp_entitlement_message_2026;
psql:pspadm_analyze_4.sql:39: INFO:  analyzing "pspadm.psp_entitlement_message_2026"
psql:pspadm_analyze_4.sql:39: INFO:  "psp_entitlement_message_2026": scanned 0 of 0 pages, containing 0 live rows and 0 dead rows; 0 rows in sample, 0 estimated total rows
ANALYZE
Time: 1.038 ms
analyze (verbose) pspadm.psp_entitlement_message;
psql:pspadm_analyze_4.sql:40: INFO:  analyzing "pspadm.psp_entitlement_message" inheritance tree
psql:pspadm_analyze_4.sql:40: INFO:  "psp_entitlement_message_2012": scanned 812 of 180020 pages, containing 9484 live rows and 0 dead rows; 812 rows in sample, 2102598 estimated total rows
psql:pspadm_analyze_4.sql:40: INFO:  "psp_entitlement_message_2013": scanned 2031 of 450521 pages, containing 23886 live rows and 0 dead rows; 2031 rows in sample, 5298446 estimated total rows
psql:pspadm_analyze_4.sql:40: INFO:  "psp_entitlement_message_2014": scanned 2704 of 599777 pages, containing 29051 live rows and 0 dead rows; 2704 rows in sample, 6443832 estimated total rows
psql:pspadm_analyze_4.sql:40: INFO:  "psp_entitlement_message_2015": scanned 2782 of 617035 pages, containing 31872 live rows and 0 dead rows; 2782 rows in sample, 7069065 estimated total rows
psql:pspadm_analyze_4.sql:40: INFO:  "psp_entitlement_message_2016": scanned 2724 of 604231 pages, containing 32579 live rows and 0 dead rows; 2724 rows in sample, 7226594 estimated total rows
psql:pspadm_analyze_4.sql:40: INFO:  "psp_entitlement_message_2017": scanned 2808 of 622795 pages, containing 34376 live rows and 2 dead rows; 2808 rows in sample, 7624359 estimated total rows
psql:pspadm_analyze_4.sql:40: INFO:  "psp_entitlement_message_2018": scanned 2585 of 573471 pages, containing 32818 live rows and 2 dead rows; 2585 rows in sample, 7280530 estimated total rows
psql:pspadm_analyze_4.sql:40: INFO:  "psp_entitlement_message_2019": scanned 2525 of 560130 pages, containing 32697 live rows and 5 dead rows; 2525 rows in sample, 7253295 estimated total rows
psql:pspadm_analyze_4.sql:40: INFO:  "psp_entitlement_message_2020": scanned 2562 of 568229 pages, containing 33371 live rows and 5 dead rows; 2562 rows in sample, 7401393 estimated total rows
psql:pspadm_analyze_4.sql:40: INFO:  "psp_entitlement_message_2021": scanned 2609 of 578648 pages, containing 37028 live rows and 194 dead rows; 2609 rows in sample, 8212410 estimated total rows
psql:pspadm_analyze_4.sql:40: INFO:  "psp_entitlement_message_2022": scanned 3930 of 871782 pages, containing 43467 live rows and 249 dead rows; 3930 rows in sample, 9642175 estimated total rows
psql:pspadm_analyze_4.sql:40: INFO:  "psp_entitlement_message_2023": scanned 1928 of 428230 pages, containing 17942 live rows and 757 dead rows; 1928 rows in sample, 3985115 estimated total rows
psql:pspadm_analyze_4.sql:40: INFO:  analyzing "pspadm.psp_entitlement_message_2012"
psql:pspadm_analyze_4.sql:40: INFO:  "psp_entitlement_message_2012": scanned 30000 of 180020 pages, containing 349285 live rows and 0 dead rows; 30000 rows in sample, 2095943 estimated total rows
psql:pspadm_analyze_4.sql:40: INFO:  analyzing "pspadm.psp_entitlement_message_2013"
psql:pspadm_analyze_4.sql:40: INFO:  "psp_entitlement_message_2013": scanned 30000 of 450521 pages, containing 353759 live rows and 0 dead rows; 30000 rows in sample, 5312529 estimated total rows
psql:pspadm_analyze_4.sql:40: INFO:  analyzing "pspadm.psp_entitlement_message_2014"
psql:pspadm_analyze_4.sql:40: INFO:  "psp_entitlement_message_2014": scanned 30000 of 599777 pages, containing 325614 live rows and 4 dead rows; 30000 rows in sample, 6509860 estimated total rows
psql:pspadm_analyze_4.sql:40: INFO:  analyzing "pspadm.psp_entitlement_message_2015"
psql:pspadm_analyze_4.sql:40: INFO:  "psp_entitlement_message_2015": scanned 30000 of 617035 pages, containing 347684 live rows and 8 dead rows; 30000 rows in sample, 7151107 estimated total rows
psql:pspadm_analyze_4.sql:40: INFO:  analyzing "pspadm.psp_entitlement_message_2016"
psql:pspadm_analyze_4.sql:40: INFO:  "psp_entitlement_message_2016": scanned 30000 of 604231 pages, containing 356800 live rows and 12 dead rows; 30000 rows in sample, 7186321 estimated total rows
psql:pspadm_analyze_4.sql:40: INFO:  analyzing "pspadm.psp_entitlement_message_2017"
psql:pspadm_analyze_4.sql:40: INFO:  "psp_entitlement_message_2017": scanned 30000 of 622795 pages, containing 364603 live rows and 7 dead rows; 30000 rows in sample, 7569098 estimated total rows
psql:pspadm_analyze_4.sql:40: INFO:  analyzing "pspadm.psp_entitlement_message_2018"
psql:pspadm_analyze_4.sql:40: INFO:  "psp_entitlement_message_2018": scanned 30000 of 573471 pages, containing 380425 live rows and 18 dead rows; 30000 rows in sample, 7272090 estimated total rows
psql:pspadm_analyze_4.sql:40: INFO:  analyzing "pspadm.psp_entitlement_message_2019"
psql:pspadm_analyze_4.sql:40: INFO:  "psp_entitlement_message_2019": scanned 30000 of 560130 pages, containing 386420 live rows and 28 dead rows; 30000 rows in sample, 7214848 estimated total rows
psql:pspadm_analyze_4.sql:40: INFO:  analyzing "pspadm.psp_entitlement_message_2020"
psql:pspadm_analyze_4.sql:40: INFO:  "psp_entitlement_message_2020": scanned 30000 of 568229 pages, containing 389821 live rows and 66 dead rows; 30000 rows in sample, 7383587 estimated total rows
psql:pspadm_analyze_4.sql:40: INFO:  analyzing "pspadm.psp_entitlement_message_2021"
psql:pspadm_analyze_4.sql:40: INFO:  "psp_entitlement_message_2021": scanned 30000 of 578648 pages, containing 424238 live rows and 2359 dead rows; 30000 rows in sample, 8182816 estimated total rows
psql:pspadm_analyze_4.sql:40: INFO:  analyzing "pspadm.psp_entitlement_message_2022"
psql:pspadm_analyze_4.sql:40: INFO:  "psp_entitlement_message_2022": scanned 30000 of 871782 pages, containing 331316 live rows and 1550 dead rows; 30000 rows in sample, 9627844 estimated total rows
psql:pspadm_analyze_4.sql:40: INFO:  analyzing "pspadm.psp_entitlement_message_2023"
psql:pspadm_analyze_4.sql:40: INFO:  "psp_entitlement_message_2023": scanned 30000 of 428230 pages, containing 274797 live rows and 19018 dead rows; 30000 rows in sample, 3922544 estimated total rows
psql:pspadm_analyze_4.sql:40: INFO:  analyzing "pspadm.psp_entitlement_message_2024"
psql:pspadm_analyze_4.sql:40: INFO:  "psp_entitlement_message_2024": scanned 0 of 0 pages, containing 0 live rows and 0 dead rows; 0 rows in sample, 0 estimated total rows
psql:pspadm_analyze_4.sql:40: INFO:  analyzing "pspadm.psp_entitlement_message_2025"
psql:pspadm_analyze_4.sql:40: INFO:  "psp_entitlement_message_2025": scanned 0 of 0 pages, containing 0 live rows and 0 dead rows; 0 rows in sample, 0 estimated total rows
psql:pspadm_analyze_4.sql:40: INFO:  analyzing "pspadm.psp_entitlement_message_2026"
psql:pspadm_analyze_4.sql:40: INFO:  "psp_entitlement_message_2026": scanned 0 of 0 pages, containing 0 live rows and 0 dead rows; 0 rows in sample, 0 estimated total rows
ANALYZE
Time: 364219.013 ms (06:04.219)
analyze (verbose) pspadm.psp_pstub_paid_timeoff_item_p0;
psql:pspadm_analyze_4.sql:41: INFO:  analyzing "pspadm.psp_pstub_paid_timeoff_item_p0"
psql:pspadm_analyze_4.sql:41: INFO:  "psp_pstub_paid_timeoff_item_p0": scanned 30000 of 5898253 pages, containing 1074780 live rows and 1750 dead rows; 30000 rows in sample, 211310812 estimated total rows
ANALYZE
Time: 31950.395 ms (00:31.950)
analyze (verbose) pspadm.psp_pstub_paid_timeoff_item_p1;
psql:pspadm_analyze_4.sql:42: INFO:  analyzing "pspadm.psp_pstub_paid_timeoff_item_p1"
psql:pspadm_analyze_4.sql:42: INFO:  "psp_pstub_paid_timeoff_item_p1": scanned 30000 of 5921287 pages, containing 1075002 live rows and 1569 dead rows; 30000 rows in sample, 212179846 estimated total rows
ANALYZE
Time: 32844.487 ms (00:32.844)
analyze (verbose) pspadm.psp_pstub_paid_timeoff_item_p2;
psql:pspadm_analyze_4.sql:43: INFO:  analyzing "pspadm.psp_pstub_paid_timeoff_item_p2"
psql:pspadm_analyze_4.sql:43: INFO:  "psp_pstub_paid_timeoff_item_p2": scanned 30000 of 5799433 pages, containing 1073278 live rows and 918 dead rows; 30000 rows in sample, 207480128 estimated total rows
ANALYZE
Time: 33695.654 ms (00:33.696)
analyze (verbose) pspadm.psp_pstub_paid_timeoff_item_p3;
psql:pspadm_analyze_4.sql:44: INFO:  analyzing "pspadm.psp_pstub_paid_timeoff_item_p3"
psql:pspadm_analyze_4.sql:44: INFO:  "psp_pstub_paid_timeoff_item_p3": scanned 30000 of 5869831 pages, containing 1073397 live rows and 829 dead rows; 30000 rows in sample, 210021966 estimated total rows
ANALYZE
Time: 33468.958 ms (00:33.469)
analyze (verbose) pspadm.psp_pstub_paid_timeoff_item;
psql:pspadm_analyze_4.sql:45: INFO:  analyzing "pspadm.psp_pstub_paid_timeoff_item" inheritance tree
psql:pspadm_analyze_4.sql:45: INFO:  "psp_pstub_paid_timeoff_item_p0": scanned 7533 of 5898253 pages, containing 269927 live rows and 359 dead rows; 7533 rows in sample, 211349759 estimated total rows
psql:pspadm_analyze_4.sql:45: INFO:  "psp_pstub_paid_timeoff_item_p1": scanned 7563 of 5921287 pages, containing 271007 live rows and 341 dead rows; 7563 rows in sample, 212179059 estimated total rows
psql:pspadm_analyze_4.sql:45: INFO:  "psp_pstub_paid_timeoff_item_p2": scanned 7407 of 5799433 pages, containing 264712 live rows and 281 dead rows; 7407 rows in sample, 207260633 estimated total rows
psql:pspadm_analyze_4.sql:45: INFO:  "psp_pstub_paid_timeoff_item_p3": scanned 7497 of 5869831 pages, containing 268096 live rows and 319 dead rows; 7497 rows in sample, 209907725 estimated total rows
psql:pspadm_analyze_4.sql:45: INFO:  analyzing "pspadm.psp_pstub_paid_timeoff_item_p0"
psql:pspadm_analyze_4.sql:45: INFO:  "psp_pstub_paid_timeoff_item_p0": scanned 30000 of 5898253 pages, containing 1074802 live rows and 1701 dead rows; 30000 rows in sample, 211315137 estimated total rows
psql:pspadm_analyze_4.sql:45: INFO:  analyzing "pspadm.psp_pstub_paid_timeoff_item_p1"
psql:pspadm_analyze_4.sql:45: INFO:  "psp_pstub_paid_timeoff_item_p1": scanned 30000 of 5921287 pages, containing 1074656 live rows and 1726 dead rows; 30000 rows in sample, 212111553 estimated total rows
psql:pspadm_analyze_4.sql:45: INFO:  analyzing "pspadm.psp_pstub_paid_timeoff_item_p2"
psql:pspadm_analyze_4.sql:45: INFO:  "psp_pstub_paid_timeoff_item_p2": scanned 30000 of 5799433 pages, containing 1073341 live rows and 894 dead rows; 30000 rows in sample, 207492307 estimated total rows
psql:pspadm_analyze_4.sql:45: INFO:  analyzing "pspadm.psp_pstub_paid_timeoff_item_p3"
psql:pspadm_analyze_4.sql:45: INFO:  "psp_pstub_paid_timeoff_item_p3": scanned 30000 of 5869831 pages, containing 1073783 live rows and 777 dead rows; 30000 rows in sample, 210097491 estimated total rows
ANALYZE
Time: 163904.298 ms (02:43.904)
analyze (verbose) pspadm.psp_company_event_detail_p0;
psql:pspadm_analyze_4.sql:46: INFO:  analyzing "pspadm.psp_company_event_detail_p0"
psql:pspadm_analyze_4.sql:46: INFO:  "psp_company_event_detail_p0": scanned 30000 of 15315224 pages, containing 953145 live rows and 47 dead rows; 30000 rows in sample, 486587639 estimated total rows
ANALYZE
Time: 32563.453 ms (00:32.563)
analyze (verbose) pspadm.psp_company_event_detail_p1;
psql:pspadm_analyze_4.sql:47: INFO:  analyzing "pspadm.psp_company_event_detail_p1"
psql:pspadm_analyze_4.sql:47: INFO:  "psp_company_event_detail_p1": scanned 30000 of 15349262 pages, containing 953885 live rows and 31 dead rows; 30000 rows in sample, 488047693 estimated total rows
ANALYZE
Time: 32206.566 ms (00:32.207)
analyze (verbose) pspadm.psp_company_event_detail_p2;
psql:pspadm_analyze_4.sql:48: INFO:  analyzing "pspadm.psp_company_event_detail_p2"
psql:pspadm_analyze_4.sql:48: INFO:  "psp_company_event_detail_p2": scanned 30000 of 15183638 pages, containing 953637 live rows and 43 dead rows; 30000 rows in sample, 482655966 estimated total rows
ANALYZE
Time: 32151.094 ms (00:32.151)
analyze (verbose) pspadm.psp_company_event_detail_p3;
psql:pspadm_analyze_4.sql:49: INFO:  analyzing "pspadm.psp_company_event_detail_p3"
psql:pspadm_analyze_4.sql:49: INFO:  "psp_company_event_detail_p3": scanned 30000 of 15267864 pages, containing 953723 live rows and 16 dead rows; 30000 rows in sample, 485377102 estimated total rows
ANALYZE
Time: 32063.164 ms (00:32.063)
analyze (verbose) pspadm.psp_company_event_detail_p4;
psql:pspadm_analyze_4.sql:50: INFO:  analyzing "pspadm.psp_company_event_detail_p4"
psql:pspadm_analyze_4.sql:50: INFO:  "psp_company_event_detail_p4": scanned 30000 of 15340293 pages, containing 953615 live rows and 50 dead rows; 30000 rows in sample, 487624450 estimated total rows
ANALYZE
Time: 31994.670 ms (00:31.995)
analyze (verbose) pspadm.psp_company_event_detail_p5;
psql:pspadm_analyze_4.sql:51: INFO:  analyzing "pspadm.psp_company_event_detail_p5"
psql:pspadm_analyze_4.sql:51: INFO:  "psp_company_event_detail_p5": scanned 30000 of 15391749 pages, containing 953347 live rows and 46 dead rows; 30000 rows in sample, 489122591 estimated total rows
ANALYZE
Time: 31324.313 ms (00:31.324)
analyze (verbose) pspadm.psp_company_event_detail_p6;
psql:pspadm_analyze_4.sql:52: INFO:  analyzing "pspadm.psp_company_event_detail_p6"
psql:pspadm_analyze_4.sql:52: INFO:  "psp_company_event_detail_p6": scanned 30000 of 15111478 pages, containing 953972 live rows and 10 dead rows; 30000 rows in sample, 480530896 estimated total rows
ANALYZE
Time: 30956.389 ms (00:30.956)
analyze (verbose) pspadm.psp_company_event_detail_p7;
psql:pspadm_analyze_4.sql:53: INFO:  analyzing "pspadm.psp_company_event_detail_p7"
psql:pspadm_analyze_4.sql:53: INFO:  "psp_company_event_detail_p7": scanned 30000 of 15268374 pages, containing 953923 live rows and 40 dead rows; 30000 rows in sample, 485495104 estimated total rows
ANALYZE
Time: 31065.746 ms (00:31.066)
analyze (verbose) pspadm.psp_company_event_detail;
psql:pspadm_analyze_4.sql:54: INFO:  analyzing "pspadm.psp_company_event_detail" inheritance tree
psql:pspadm_analyze_4.sql:54: INFO:  "psp_company_event_detail_p0": scanned 3759 of 15315224 pages, containing 119475 live rows and 0 dead rows; 3759 rows in sample, 486774777 estimated total rows
psql:pspadm_analyze_4.sql:54: INFO:  "psp_company_event_detail_p1": scanned 3767 of 15349262 pages, containing 119874 live rows and 1 dead rows; 3767 rows in sample, 488446359 estimated total rows
psql:pspadm_analyze_4.sql:54: INFO:  "psp_company_event_detail_p2": scanned 3727 of 15183638 pages, containing 118779 live rows and 0 dead rows; 3727 rows in sample, 483900547 estimated total rows
psql:pspadm_analyze_4.sql:54: INFO:  "psp_company_event_detail_p3": scanned 3747 of 15267864 pages, containing 119095 live rows and 0 dead rows; 3747 rows in sample, 485275224 estimated total rows
psql:pspadm_analyze_4.sql:54: INFO:  "psp_company_event_detail_p4": scanned 3765 of 15340293 pages, containing 119742 live rows and 0 dead rows; 3765 rows in sample, 487882434 estimated total rows
psql:pspadm_analyze_4.sql:54: INFO:  "psp_company_event_detail_p5": scanned 3778 of 15391749 pages, containing 120177 live rows and 0 dead rows; 3778 rows in sample, 489606728 estimated total rows
psql:pspadm_analyze_4.sql:54: INFO:  "psp_company_event_detail_p6": scanned 3709 of 15111478 pages, containing 117912 live rows and 1 dead rows; 3709 rows in sample, 480405660 estimated total rows
psql:pspadm_analyze_4.sql:54: INFO:  "psp_company_event_detail_p7": scanned 3748 of 15268374 pages, containing 119024 live rows and 0 dead rows; 3748 rows in sample, 484872718 estimated total rows
psql:pspadm_analyze_4.sql:54: INFO:  analyzing "pspadm.psp_company_event_detail_p0"
psql:pspadm_analyze_4.sql:54: INFO:  "psp_company_event_detail_p0": scanned 30000 of 15315224 pages, containing 954183 live rows and 50 dead rows; 30000 rows in sample, 487117546 estimated total rows
psql:pspadm_analyze_4.sql:54: INFO:  analyzing "pspadm.psp_company_event_detail_p1"
psql:pspadm_analyze_4.sql:54: INFO:  "psp_company_event_detail_p1": scanned 30000 of 15349262 pages, containing 954000 live rows and 8 dead rows; 30000 rows in sample, 488106532 estimated total rows
psql:pspadm_analyze_4.sql:54: INFO:  analyzing "pspadm.psp_company_event_detail_p2"
psql:pspadm_analyze_4.sql:54: INFO:  "psp_company_event_detail_p2": scanned 30000 of 15183638 pages, containing 953393 live rows and 74 dead rows; 30000 rows in sample, 482532473 estimated total rows
psql:pspadm_analyze_4.sql:54: INFO:  analyzing "pspadm.psp_company_event_detail_p3"
psql:pspadm_analyze_4.sql:54: INFO:  "psp_company_event_detail_p3": scanned 30000 of 15267864 pages, containing 953707 live rows and 61 dead rows; 30000 rows in sample, 485368959 estimated total rows
psql:pspadm_analyze_4.sql:54: INFO:  analyzing "pspadm.psp_company_event_detail_p4"
psql:pspadm_analyze_4.sql:54: INFO:  "psp_company_event_detail_p4": scanned 30000 of 15340293 pages, containing 953167 live rows and 13 dead rows; 30000 rows in sample, 487395369 estimated total rows
psql:pspadm_analyze_4.sql:54: INFO:  analyzing "pspadm.psp_company_event_detail_p5"
psql:pspadm_analyze_4.sql:54: INFO:  "psp_company_event_detail_p5": scanned 30000 of 15391749 pages, containing 953525 live rows and 82 dead rows; 30000 rows in sample, 489213916 estimated total rows
psql:pspadm_analyze_4.sql:54: INFO:  analyzing "pspadm.psp_company_event_detail_p6"
psql:pspadm_analyze_4.sql:54: INFO:  "psp_company_event_detail_p6": scanned 30000 of 15111478 pages, containing 953235 live rows and 20 dead rows; 30000 rows in sample, 480159658 estimated total rows
psql:pspadm_analyze_4.sql:54: INFO:  analyzing "pspadm.psp_company_event_detail_p7"
psql:pspadm_analyze_4.sql:54: INFO:  "psp_company_event_detail_p7": scanned 30000 of 15268374 pages, containing 953880 live rows and 6 dead rows; 30000 rows in sample, 485473220 estimated total rows
ANALYZE
Time: 263802.655 ms (04:23.803)
