Timing is on.
set search_path to pspadm;
SET
Time: 0.468 ms
analyze (verbose) pspadm.psp_property_audit_p0;
psql:pspadm_analyze_1.sql:4: INFO:  analyzing "pspadm.psp_property_audit_p0"
psql:pspadm_analyze_1.sql:4: INFO:  "psp_property_audit_p0": scanned 30000 of 6095735 pages, containing 866769 live rows and 33 dead rows; 30000 rows in sample, 176119804 estimated total rows
ANALYZE
Time: 30484.668 ms (00:30.485)
analyze (verbose) pspadm.psp_property_audit_p1;
psql:pspadm_analyze_1.sql:5: INFO:  analyzing "pspadm.psp_property_audit_p1"
psql:pspadm_analyze_1.sql:5: INFO:  "psp_property_audit_p1": scanned 30000 of 6103558 pages, containing 868335 live rows and 49 dead rows; 30000 rows in sample, 176664435 estimated total rows
ANALYZE
Time: 30460.588 ms (00:30.461)
analyze (verbose) pspadm.psp_property_audit_p2;
psql:pspadm_analyze_1.sql:6: INFO:  analyzing "pspadm.psp_property_audit_p2"
psql:pspadm_analyze_1.sql:6: INFO:  "psp_property_audit_p2": scanned 30000 of 6043956 pages, containing 869266 live rows and 161 dead rows; 30000 rows in sample, 175126849 estimated total rows
ANALYZE
Time: 30125.482 ms (00:30.125)
analyze (verbose) pspadm.psp_property_audit_p3;
psql:pspadm_analyze_1.sql:7: INFO:  analyzing "pspadm.psp_property_audit_p3"
psql:pspadm_analyze_1.sql:7: INFO:  "psp_property_audit_p3": scanned 30000 of 6040679 pages, containing 868247 live rows and 56 dead rows; 30000 rows in sample, 174826714 estimated total rows
ANALYZE
Time: 30507.656 ms (00:30.508)
analyze (verbose) pspadm.psp_property_audit_p4;
psql:pspadm_analyze_1.sql:8: INFO:  analyzing "pspadm.psp_property_audit_p4"
psql:pspadm_analyze_1.sql:8: INFO:  "psp_property_audit_p4": scanned 30000 of 6104249 pages, containing 866675 live rows and 93 dead rows; 30000 rows in sample, 176346667 estimated total rows
ANALYZE
Time: 30380.447 ms (00:30.380)
analyze (verbose) pspadm.psp_property_audit_p5;
psql:pspadm_analyze_1.sql:9: INFO:  analyzing "pspadm.psp_property_audit_p5"
psql:pspadm_analyze_1.sql:9: INFO:  "psp_property_audit_p5": scanned 30000 of 6143059 pages, containing 867972 live rows and 1 dead rows; 30000 rows in sample, 177733440 estimated total rows
ANALYZE
Time: 30531.477 ms (00:30.531)
analyze (verbose) pspadm.psp_property_audit_p6;
psql:pspadm_analyze_1.sql:10: INFO:  analyzing "pspadm.psp_property_audit_p6"
psql:pspadm_analyze_1.sql:10: INFO:  "psp_property_audit_p6": scanned 30000 of 5967829 pages, containing 867107 live rows and 124 dead rows; 30000 rows in sample, 172491543 estimated total rows
ANALYZE
Time: 30460.289 ms (00:30.460)
analyze (verbose) pspadm.psp_property_audit_p7;
psql:pspadm_analyze_1.sql:11: INFO:  analyzing "pspadm.psp_property_audit_p7"
psql:pspadm_analyze_1.sql:11: INFO:  "psp_property_audit_p7": scanned 30000 of 6063311 pages, containing 867540 live rows and 77 dead rows; 30000 rows in sample, 175338827 estimated total rows
ANALYZE
Time: 30507.408 ms (00:30.507)
analyze (verbose) pspadm.psp_property_audit;
psql:pspadm_analyze_1.sql:12: INFO:  analyzing "pspadm.psp_property_audit" inheritance tree
psql:pspadm_analyze_1.sql:12: INFO:  "psp_property_audit_p0": scanned 3766 of 6095735 pages, containing 108930 live rows and 28 dead rows; 3766 rows in sample, 176316626 estimated total rows
psql:pspadm_analyze_1.sql:12: INFO:  "psp_property_audit_p1": scanned 3771 of 6103558 pages, containing 109349 live rows and 0 dead rows; 3771 rows in sample, 176986996 estimated total rows
psql:pspadm_analyze_1.sql:12: INFO:  "psp_property_audit_p2": scanned 3734 of 6043956 pages, containing 108470 live rows and 4 dead rows; 3734 rows in sample, 175572552 estimated total rows
psql:pspadm_analyze_1.sql:12: INFO:  "psp_property_audit_p3": scanned 3732 of 6040679 pages, containing 107654 live rows and 0 dead rows; 3732 rows in sample, 174250605 estimated total rows
psql:pspadm_analyze_1.sql:12: INFO:  "psp_property_audit_p4": scanned 3771 of 6104249 pages, containing 108634 live rows and 0 dead rows; 3771 rows in sample, 175849638 estimated total rows
psql:pspadm_analyze_1.sql:12: INFO:  "psp_property_audit_p5": scanned 3795 of 6143059 pages, containing 110011 live rows and 7 dead rows; 3795 rows in sample, 178077487 estimated total rows
psql:pspadm_analyze_1.sql:12: INFO:  "psp_property_audit_p6": scanned 3687 of 5967829 pages, containing 106674 live rows and 33 dead rows; 3687 rows in sample, 172664006 estimated total rows
psql:pspadm_analyze_1.sql:12: INFO:  "psp_property_audit_p7": scanned 3744 of 6063311 pages, containing 108187 live rows and 41 dead rows; 3744 rows in sample, 175206044 estimated total rows
psql:pspadm_analyze_1.sql:12: INFO:  analyzing "pspadm.psp_property_audit_p0"
psql:pspadm_analyze_1.sql:12: INFO:  "psp_property_audit_p0": scanned 30000 of 6095735 pages, containing 866225 live rows and 59 dead rows; 30000 rows in sample, 176009268 estimated total rows
psql:pspadm_analyze_1.sql:12: INFO:  analyzing "pspadm.psp_property_audit_p1"
psql:pspadm_analyze_1.sql:12: INFO:  "psp_property_audit_p1": scanned 30000 of 6103558 pages, containing 867725 live rows and 36 dead rows; 30000 rows in sample, 176540329 estimated total rows
psql:pspadm_analyze_1.sql:12: INFO:  analyzing "pspadm.psp_property_audit_p2"
psql:pspadm_analyze_1.sql:12: INFO:  "psp_property_audit_p2": scanned 30000 of 6043956 pages, containing 868866 live rows and 61 dead rows; 30000 rows in sample, 175046262 estimated total rows
psql:pspadm_analyze_1.sql:12: INFO:  analyzing "pspadm.psp_property_audit_p3"
psql:pspadm_analyze_1.sql:12: INFO:  "psp_property_audit_p3": scanned 30000 of 6040679 pages, containing 867517 live rows and 11 dead rows; 30000 rows in sample, 174679724 estimated total rows
psql:pspadm_analyze_1.sql:12: INFO:  analyzing "pspadm.psp_property_audit_p4"
psql:pspadm_analyze_1.sql:12: INFO:  "psp_property_audit_p4": scanned 30000 of 6104249 pages, containing 866764 live rows and 148 dead rows; 30000 rows in sample, 176364776 estimated total rows
psql:pspadm_analyze_1.sql:12: INFO:  analyzing "pspadm.psp_property_audit_p5"
psql:pspadm_analyze_1.sql:12: INFO:  "psp_property_audit_p5": scanned 30000 of 6143059 pages, containing 866792 live rows and 49 dead rows; 30000 rows in sample, 177491813 estimated total rows
psql:pspadm_analyze_1.sql:12: INFO:  analyzing "pspadm.psp_property_audit_p6"
psql:pspadm_analyze_1.sql:12: INFO:  "psp_property_audit_p6": scanned 30000 of 5967829 pages, containing 869005 live rows and 70 dead rows; 30000 rows in sample, 172869108 estimated total rows
psql:pspadm_analyze_1.sql:12: INFO:  analyzing "pspadm.psp_property_audit_p7"
psql:pspadm_analyze_1.sql:12: INFO:  "psp_property_audit_p7": scanned 30000 of 6063311 pages, containing 866268 live rows and 73 dead rows; 30000 rows in sample, 175081743 estimated total rows
ANALYZE
Time: 276731.615 ms (04:36.732)
analyze (verbose) pspadm.psp_financial_transaction_p0;
psql:pspadm_analyze_1.sql:13: INFO:  analyzing "pspadm.psp_financial_transaction_p0"
psql:pspadm_analyze_1.sql:13: INFO:  "psp_financial_transaction_p0": scanned 30000 of 5862919 pages, containing 543069 live rows and 4419 dead rows; 30000 rows in sample, 106132319 estimated total rows
ANALYZE
Time: 30825.455 ms (00:30.825)
analyze (verbose) pspadm.psp_financial_transaction_p1;
psql:pspadm_analyze_1.sql:14: INFO:  analyzing "pspadm.psp_financial_transaction_p1"
psql:pspadm_analyze_1.sql:14: INFO:  "psp_financial_transaction_p1": scanned 30000 of 5847303 pages, containing 541445 live rows and 2264 dead rows; 30000 rows in sample, 105533099 estimated total rows
ANALYZE
Time: 30615.906 ms (00:30.616)
analyze (verbose) pspadm.psp_financial_transaction_p2;
psql:pspadm_analyze_1.sql:15: INFO:  analyzing "pspadm.psp_financial_transaction_p2"
psql:pspadm_analyze_1.sql:15: INFO:  "psp_financial_transaction_p2": scanned 30000 of 5856774 pages, containing 541806 live rows and 2230 dead rows; 30000 rows in sample, 105774510 estimated total rows
ANALYZE
Time: 30274.201 ms (00:30.274)
analyze (verbose) pspadm.psp_financial_transaction_p3;
psql:pspadm_analyze_1.sql:16: INFO:  analyzing "pspadm.psp_financial_transaction_p3"
psql:pspadm_analyze_1.sql:16: INFO:  "psp_financial_transaction_p3": scanned 30000 of 5845003 pages, containing 543171 live rows and 855 dead rows; 30000 rows in sample, 105827871 estimated total rows
ANALYZE
Time: 30142.615 ms (00:30.143)
analyze (verbose) pspadm.psp_financial_transaction_p4;
psql:pspadm_analyze_1.sql:17: INFO:  analyzing "pspadm.psp_financial_transaction_p4"
psql:pspadm_analyze_1.sql:17: INFO:  "psp_financial_transaction_p4": scanned 30000 of 5809174 pages, containing 542236 live rows and 5397 dead rows; 30000 rows in sample, 104998109 estimated total rows
ANALYZE
Time: 30621.657 ms (00:30.622)
analyze (verbose) pspadm.psp_financial_transaction_p5;
psql:pspadm_analyze_1.sql:18: INFO:  analyzing "pspadm.psp_financial_transaction_p5"
psql:pspadm_analyze_1.sql:18: INFO:  "psp_financial_transaction_p5": scanned 30000 of 5889539 pages, containing 542226 live rows and 5431 dead rows; 30000 rows in sample, 106448706 estimated total rows
ANALYZE
Time: 30702.002 ms (00:30.702)
analyze (verbose) pspadm.psp_financial_transaction_p6;
psql:pspadm_analyze_1.sql:19: INFO:  analyzing "pspadm.psp_financial_transaction_p6"
psql:pspadm_analyze_1.sql:19: INFO:  "psp_financial_transaction_p6": scanned 30000 of 5743877 pages, containing 541375 live rows and 2342 dead rows; 30000 rows in sample, 103653047 estimated total rows
ANALYZE
Time: 30717.681 ms (00:30.718)
analyze (verbose) pspadm.psp_financial_transaction_p7;
psql:pspadm_analyze_1.sql:20: INFO:  analyzing "pspadm.psp_financial_transaction_p7"
psql:pspadm_analyze_1.sql:20: INFO:  "psp_financial_transaction_p7": scanned 30000 of 5955847 pages, containing 541580 live rows and 2450 dead rows; 30000 rows in sample, 107518921 estimated total rows
ANALYZE
Time: 30352.028 ms (00:30.352)
analyze (verbose) pspadm.psp_financial_transaction_p8;
psql:pspadm_analyze_1.sql:21: INFO:  analyzing "pspadm.psp_financial_transaction_p8"
psql:pspadm_analyze_1.sql:21: INFO:  "psp_financial_transaction_p8": scanned 30000 of 5870340 pages, containing 541547 live rows and 2696 dead rows; 30000 rows in sample, 105968834 estimated total rows
ANALYZE
Time: 30745.450 ms (00:30.745)
analyze (verbose) pspadm.psp_financial_transaction_p9;
psql:pspadm_analyze_1.sql:22: INFO:  analyzing "pspadm.psp_financial_transaction_p9"
psql:pspadm_analyze_1.sql:22: INFO:  "psp_financial_transaction_p9": scanned 30000 of 5903642 pages, containing 542912 live rows and 3252 dead rows; 30000 rows in sample, 106838603 estimated total rows
ANALYZE
Time: 30769.901 ms (00:30.770)
analyze (verbose) pspadm.psp_financial_transaction_p10;
psql:pspadm_analyze_1.sql:23: INFO:  analyzing "pspadm.psp_financial_transaction_p10"
psql:pspadm_analyze_1.sql:23: INFO:  "psp_financial_transaction_p10": scanned 30000 of 5767941 pages, containing 542050 live rows and 5511 dead rows; 30000 rows in sample, 104217081 estimated total rows
ANALYZE
Time: 30340.493 ms (00:30.340)
analyze (verbose) pspadm.psp_financial_transaction_p11;
psql:pspadm_analyze_1.sql:24: INFO:  analyzing "pspadm.psp_financial_transaction_p11"
psql:pspadm_analyze_1.sql:24: INFO:  "psp_financial_transaction_p11": scanned 30000 of 5823766 pages, containing 542938 live rows and 3158 dead rows; 30000 rows in sample, 105398129 estimated total rows
ANALYZE
Time: 30737.306 ms (00:30.737)
analyze (verbose) pspadm.psp_financial_transaction_p12;
psql:pspadm_analyze_1.sql:25: INFO:  analyzing "pspadm.psp_financial_transaction_p12"
psql:pspadm_analyze_1.sql:25: INFO:  "psp_financial_transaction_p12": scanned 30000 of 5863722 pages, containing 542478 live rows and 0 dead rows; 30000 rows in sample, 106031339 estimated total rows
ANALYZE
Time: 30086.841 ms (00:30.087)
analyze (verbose) pspadm.psp_financial_transaction_p13;
psql:pspadm_analyze_1.sql:26: INFO:  analyzing "pspadm.psp_financial_transaction_p13"
psql:pspadm_analyze_1.sql:26: INFO:  "psp_financial_transaction_p13": scanned 30000 of 5933061 pages, containing 542118 live rows and 2278 dead rows; 30000 rows in sample, 107213972 estimated total rows
ANALYZE
Time: 30697.325 ms (00:30.697)
analyze (verbose) pspadm.psp_financial_transaction_p14;
psql:pspadm_analyze_1.sql:27: INFO:  analyzing "pspadm.psp_financial_transaction_p14"
psql:pspadm_analyze_1.sql:27: INFO:  "psp_financial_transaction_p14": scanned 30000 of 5722260 pages, containing 543075 live rows and 711 dead rows; 30000 rows in sample, 103587212 estimated total rows
ANALYZE
Time: 30879.328 ms (00:30.879)
analyze (verbose) pspadm.psp_financial_transaction_p15;
psql:pspadm_analyze_1.sql:28: INFO:  analyzing "pspadm.psp_financial_transaction_p15"
psql:pspadm_analyze_1.sql:28: INFO:  "psp_financial_transaction_p15": scanned 30000 of 5855397 pages, containing 542144 live rows and 887 dead rows; 30000 rows in sample, 105815612 estimated total rows
ANALYZE
Time: 31020.862 ms (00:31.021)
analyze (verbose) pspadm.psp_financial_transaction;
psql:pspadm_analyze_1.sql:29: INFO:  analyzing "pspadm.psp_financial_transaction" inheritance tree
psql:pspadm_analyze_1.sql:29: INFO:  "psp_financial_transaction_p0": scanned 1880 of 5862919 pages, containing 34075 live rows and 225 dead rows; 1880 rows in sample, 106265407 estimated total rows
psql:pspadm_analyze_1.sql:29: INFO:  "psp_financial_transaction_p1": scanned 1875 of 5847303 pages, containing 33905 live rows and 142 dead rows; 1875 rows in sample, 105734831 estimated total rows
psql:pspadm_analyze_1.sql:29: INFO:  "psp_financial_transaction_p2": scanned 1878 of 5856774 pages, containing 33975 live rows and 165 dead rows; 1878 rows in sample, 105955217 estimated total rows
psql:pspadm_analyze_1.sql:29: INFO:  "psp_financial_transaction_p3": scanned 1874 of 5845003 pages, containing 33906 live rows and 67 dead rows; 1874 rows in sample, 105752760 estimated total rows
psql:pspadm_analyze_1.sql:29: INFO:  "psp_financial_transaction_p4": scanned 1863 of 5809174 pages, containing 33697 live rows and 376 dead rows; 1863 rows in sample, 105073396 estimated total rows
psql:pspadm_analyze_1.sql:29: INFO:  "psp_financial_transaction_p5": scanned 1889 of 5889539 pages, containing 34212 live rows and 311 dead rows; 1889 rows in sample, 106666442 estimated total rows
psql:pspadm_analyze_1.sql:29: INFO:  "psp_financial_transaction_p6": scanned 1842 of 5743877 pages, containing 33263 live rows and 54 dead rows; 1842 rows in sample, 103723442 estimated total rows
psql:pspadm_analyze_1.sql:29: INFO:  "psp_financial_transaction_p7": scanned 1910 of 5955847 pages, containing 34455 live rows and 143 dead rows; 1910 rows in sample, 107439114 estimated total rows
psql:pspadm_analyze_1.sql:29: INFO:  "psp_financial_transaction_p8": scanned 1883 of 5870340 pages, containing 33930 live rows and 167 dead rows; 1883 rows in sample, 105778352 estimated total rows
psql:pspadm_analyze_1.sql:29: INFO:  "psp_financial_transaction_p9": scanned 1893 of 5903642 pages, containing 34277 live rows and 137 dead rows; 1893 rows in sample, 106898646 estimated total rows
psql:pspadm_analyze_1.sql:29: INFO:  "psp_financial_transaction_p10": scanned 1850 of 5767941 pages, containing 33475 live rows and 205 dead rows; 1850 rows in sample, 104368554 estimated total rows
psql:pspadm_analyze_1.sql:29: INFO:  "psp_financial_transaction_p11": scanned 1868 of 5823766 pages, containing 33762 live rows and 239 dead rows; 1868 rows in sample, 105258023 estimated total rows
psql:pspadm_analyze_1.sql:29: INFO:  "psp_financial_transaction_p12": scanned 1880 of 5863722 pages, containing 33961 live rows and 0 dead rows; 1880 rows in sample, 105924395 estimated total rows
psql:pspadm_analyze_1.sql:29: INFO:  "psp_financial_transaction_p13": scanned 1903 of 5933061 pages, containing 34402 live rows and 149 dead rows; 1903 rows in sample, 107256524 estimated total rows
psql:pspadm_analyze_1.sql:29: INFO:  "psp_financial_transaction_p14": scanned 1835 of 5722260 pages, containing 33157 live rows and 58 dead rows; 1835 rows in sample, 103396717 estimated total rows
psql:pspadm_analyze_1.sql:29: INFO:  "psp_financial_transaction_p15": scanned 1877 of 5855397 pages, containing 33919 live rows and 104 dead rows; 1877 rows in sample, 105812046 estimated total rows
psql:pspadm_analyze_1.sql:29: INFO:  analyzing "pspadm.psp_financial_transaction_p0"
psql:pspadm_analyze_1.sql:29: INFO:  "psp_financial_transaction_p0": scanned 30000 of 5862919 pages, containing 542962 live rows and 4402 dead rows; 30000 rows in sample, 106111408 estimated total rows
psql:pspadm_analyze_1.sql:29: INFO:  analyzing "pspadm.psp_financial_transaction_p1"
psql:pspadm_analyze_1.sql:29: INFO:  "psp_financial_transaction_p1": scanned 30000 of 5847303 pages, containing 541851 live rows and 2197 dead rows; 30000 rows in sample, 105612233 estimated total rows
psql:pspadm_analyze_1.sql:29: INFO:  analyzing "pspadm.psp_financial_transaction_p2"
psql:pspadm_analyze_1.sql:29: INFO:  "psp_financial_transaction_p2": scanned 30000 of 5856774 pages, containing 541885 live rows and 2225 dead rows; 30000 rows in sample, 105789933 estimated total rows
psql:pspadm_analyze_1.sql:29: INFO:  analyzing "pspadm.psp_financial_transaction_p3"
psql:pspadm_analyze_1.sql:29: INFO:  "psp_financial_transaction_p3": scanned 30000 of 5845003 pages, containing 542854 live rows and 887 dead rows; 30000 rows in sample, 105766109 estimated total rows
psql:pspadm_analyze_1.sql:29: INFO:  analyzing "pspadm.psp_financial_transaction_p4"
psql:pspadm_analyze_1.sql:29: INFO:  "psp_financial_transaction_p4": scanned 30000 of 5809174 pages, containing 542254 live rows and 5339 dead rows; 30000 rows in sample, 105001595 estimated total rows
psql:pspadm_analyze_1.sql:29: INFO:  analyzing "pspadm.psp_financial_transaction_p5"
psql:pspadm_analyze_1.sql:29: INFO:  "psp_financial_transaction_p5": scanned 30000 of 5889539 pages, containing 542210 live rows and 5519 dead rows; 30000 rows in sample, 106445565 estimated total rows
psql:pspadm_analyze_1.sql:29: INFO:  analyzing "pspadm.psp_financial_transaction_p6"
psql:pspadm_analyze_1.sql:29: INFO:  "psp_financial_transaction_p6": scanned 30000 of 5743877 pages, containing 541902 live rows and 2053 dead rows; 30000 rows in sample, 103753948 estimated total rows
psql:pspadm_analyze_1.sql:29: INFO:  analyzing "pspadm.psp_financial_transaction_p7"
psql:pspadm_analyze_1.sql:29: INFO:  "psp_financial_transaction_p7": scanned 30000 of 5955847 pages, containing 541944 live rows and 2363 dead rows; 30000 rows in sample, 107591185 estimated total rows
psql:pspadm_analyze_1.sql:29: INFO:  analyzing "pspadm.psp_financial_transaction_p8"
psql:pspadm_analyze_1.sql:29: INFO:  "psp_financial_transaction_p8": scanned 30000 of 5870340 pages, containing 541411 live rows and 2919 dead rows; 30000 rows in sample, 105942222 estimated total rows
psql:pspadm_analyze_1.sql:29: INFO:  analyzing "pspadm.psp_financial_transaction_p9"
psql:pspadm_analyze_1.sql:29: INFO:  "psp_financial_transaction_p9": scanned 30000 of 5903642 pages, containing 542849 live rows and 3031 dead rows; 30000 rows in sample, 106826205 estimated total rows
psql:pspadm_analyze_1.sql:29: INFO:  analyzing "pspadm.psp_financial_transaction_p10"
psql:pspadm_analyze_1.sql:29: INFO:  "psp_financial_transaction_p10": scanned 30000 of 5767941 pages, containing 542281 live rows and 5491 dead rows; 30000 rows in sample, 104261494 estimated total rows
psql:pspadm_analyze_1.sql:29: INFO:  analyzing "pspadm.psp_financial_transaction_p11"
psql:pspadm_analyze_1.sql:29: INFO:  "psp_financial_transaction_p11": scanned 30000 of 5823766 pages, containing 542822 live rows and 3150 dead rows; 30000 rows in sample, 105375610 estimated total rows
psql:pspadm_analyze_1.sql:29: INFO:  analyzing "pspadm.psp_financial_transaction_p12"
psql:pspadm_analyze_1.sql:29: INFO:  "psp_financial_transaction_p12": scanned 30000 of 5863722 pages, containing 542116 live rows and 0 dead rows; 30000 rows in sample, 105960584 estimated total rows
psql:pspadm_analyze_1.sql:29: INFO:  analyzing "pspadm.psp_financial_transaction_p13"
psql:pspadm_analyze_1.sql:29: INFO:  "psp_financial_transaction_p13": scanned 30000 of 5933061 pages, containing 542203 live rows and 1975 dead rows; 30000 rows in sample, 107230782 estimated total rows
psql:pspadm_analyze_1.sql:29: INFO:  analyzing "pspadm.psp_financial_transaction_p14"
psql:pspadm_analyze_1.sql:29: INFO:  "psp_financial_transaction_p14": scanned 30000 of 5722260 pages, containing 542280 live rows and 896 dead rows; 30000 rows in sample, 103435572 estimated total rows
psql:pspadm_analyze_1.sql:29: INFO:  analyzing "pspadm.psp_financial_transaction_p15"
psql:pspadm_analyze_1.sql:29: INFO:  "psp_financial_transaction_p15": scanned 30000 of 5855397 pages, containing 542426 live rows and 986 dead rows; 30000 rows in sample, 105870652 estimated total rows
ANALYZE
Time: 515951.852 ms (08:35.952)
analyze (verbose) pspadm.psp_paycheck_split_p0;
psql:pspadm_analyze_1.sql:30: INFO:  analyzing "pspadm.psp_paycheck_split_p0"
psql:pspadm_analyze_1.sql:30: INFO:  "psp_paycheck_split_p0": scanned 30000 of 2896023 pages, containing 837541 live rows and 2 dead rows; 30000 rows in sample, 80851267 estimated total rows
ANALYZE
Time: 22894.978 ms (00:22.895)
analyze (verbose) pspadm.psp_paycheck_split_p1;
psql:pspadm_analyze_1.sql:31: INFO:  analyzing "pspadm.psp_paycheck_split_p1"
psql:pspadm_analyze_1.sql:31: INFO:  "psp_paycheck_split_p1": scanned 30000 of 2895625 pages, containing 837575 live rows and 0 dead rows; 30000 rows in sample, 80843437 estimated total rows
ANALYZE
Time: 22610.600 ms (00:22.611)
analyze (verbose) pspadm.psp_paycheck_split_p2;
psql:pspadm_analyze_1.sql:32: INFO:  analyzing "pspadm.psp_paycheck_split_p2"
psql:pspadm_analyze_1.sql:32: INFO:  "psp_paycheck_split_p2": scanned 30000 of 2886820 pages, containing 837515 live rows and 0 dead rows; 30000 rows in sample, 80591835 estimated total rows
ANALYZE
Time: 21206.530 ms (00:21.207)
analyze (verbose) pspadm.psp_paycheck_split_p3;
psql:pspadm_analyze_1.sql:33: INFO:  analyzing "pspadm.psp_paycheck_split_p3"
psql:pspadm_analyze_1.sql:33: INFO:  "psp_paycheck_split_p3": scanned 30000 of 2894501 pages, containing 837640 live rows and 12 dead rows; 30000 rows in sample, 80818327 estimated total rows
ANALYZE
Time: 23104.151 ms (00:23.104)
analyze (verbose) pspadm.psp_paycheck_split_p4;
psql:pspadm_analyze_1.sql:34: INFO:  analyzing "pspadm.psp_paycheck_split_p4"
psql:pspadm_analyze_1.sql:34: INFO:  "psp_paycheck_split_p4": scanned 30000 of 2863616 pages, containing 837476 live rows and 51 dead rows; 30000 rows in sample, 79940322 estimated total rows
ANALYZE
Time: 23360.557 ms (00:23.361)
analyze (verbose) pspadm.psp_paycheck_split_p5;
psql:pspadm_analyze_1.sql:35: INFO:  analyzing "pspadm.psp_paycheck_split_p5"
psql:pspadm_analyze_1.sql:35: INFO:  "psp_paycheck_split_p5": scanned 30000 of 2915825 pages, containing 837654 live rows and 42 dead rows; 30000 rows in sample, 81415082 estimated total rows
ANALYZE
Time: 23136.741 ms (00:23.137)
analyze (verbose) pspadm.psp_paycheck_split_p6;
psql:pspadm_analyze_1.sql:36: INFO:  analyzing "pspadm.psp_paycheck_split_p6"
psql:pspadm_analyze_1.sql:36: INFO:  "psp_paycheck_split_p6": scanned 30000 of 2864551 pages, containing 837481 live rows and 9 dead rows; 30000 rows in sample, 79966901 estimated total rows
ANALYZE
Time: 23369.212 ms (00:23.369)
analyze (verbose) pspadm.psp_paycheck_split_p7;
psql:pspadm_analyze_1.sql:37: INFO:  analyzing "pspadm.psp_paycheck_split_p7"
psql:pspadm_analyze_1.sql:37: INFO:  "psp_paycheck_split_p7": scanned 30000 of 2943668 pages, containing 837580 live rows and 13 dead rows; 30000 rows in sample, 82185248 estimated total rows
ANALYZE
Time: 22502.886 ms (00:22.503)
analyze (verbose) pspadm.psp_paycheck_split_p8;
psql:pspadm_analyze_1.sql:38: INFO:  analyzing "pspadm.psp_paycheck_split_p8"
psql:pspadm_analyze_1.sql:38: INFO:  "psp_paycheck_split_p8": scanned 30000 of 2897104 pages, containing 837482 live rows and 10 dead rows; 30000 rows in sample, 80875748 estimated total rows
ANALYZE
Time: 24309.899 ms (00:24.310)
analyze (verbose) pspadm.psp_paycheck_split_p9;
psql:pspadm_analyze_1.sql:39: INFO:  analyzing "pspadm.psp_paycheck_split_p9"
psql:pspadm_analyze_1.sql:39: INFO:  "psp_paycheck_split_p9": scanned 30000 of 2912325 pages, containing 837623 live rows and 1 dead rows; 30000 rows in sample, 81314347 estimated total rows
ANALYZE
Time: 23725.868 ms (00:23.726)
analyze (verbose) pspadm.psp_paycheck_split_p10;
psql:pspadm_analyze_1.sql:40: INFO:  analyzing "pspadm.psp_paycheck_split_p10"
psql:pspadm_analyze_1.sql:40: INFO:  "psp_paycheck_split_p10": scanned 30000 of 2849320 pages, containing 837568 live rows and 16 dead rows; 30000 rows in sample, 79549975 estimated total rows
ANALYZE
Time: 23525.902 ms (00:23.526)
analyze (verbose) pspadm.psp_paycheck_split_p11;
psql:pspadm_analyze_1.sql:41: INFO:  analyzing "pspadm.psp_paycheck_split_p11"
psql:pspadm_analyze_1.sql:41: INFO:  "psp_paycheck_split_p11": scanned 30000 of 2897215 pages, containing 837743 live rows and 15 dead rows; 30000 rows in sample, 80904053 estimated total rows
ANALYZE
Time: 24854.948 ms (00:24.855)
analyze (verbose) pspadm.psp_paycheck_split_p12;
psql:pspadm_analyze_1.sql:42: INFO:  analyzing "pspadm.psp_paycheck_split_p12"
psql:pspadm_analyze_1.sql:42: INFO:  "psp_paycheck_split_p12": scanned 30000 of 2897760 pages, containing 837577 live rows and 2 dead rows; 30000 rows in sample, 80903238 estimated total rows
ANALYZE
Time: 22682.706 ms (00:22.683)
analyze (verbose) pspadm.psp_paycheck_split_p13;
psql:pspadm_analyze_1.sql:43: INFO:  analyzing "pspadm.psp_paycheck_split_p13"
psql:pspadm_analyze_1.sql:43: INFO:  "psp_paycheck_split_p13": scanned 30000 of 2917780 pages, containing 837604 live rows and 11 dead rows; 30000 rows in sample, 81464807 estimated total rows
ANALYZE
Time: 23230.916 ms (00:23.231)
analyze (verbose) pspadm.psp_paycheck_split_p14;
psql:pspadm_analyze_1.sql:44: INFO:  analyzing "pspadm.psp_paycheck_split_p14"
psql:pspadm_analyze_1.sql:44: INFO:  "psp_paycheck_split_p14": scanned 30000 of 2824449 pages, containing 837515 live rows and 1 dead rows; 30000 rows in sample, 78850613 estimated total rows
ANALYZE
Time: 23650.571 ms (00:23.651)
analyze (verbose) pspadm.psp_paycheck_split_p15;
psql:pspadm_analyze_1.sql:45: INFO:  analyzing "pspadm.psp_paycheck_split_p15"
psql:pspadm_analyze_1.sql:45: INFO:  "psp_paycheck_split_p15": scanned 30000 of 2912891 pages, containing 837533 live rows and 4 dead rows; 30000 rows in sample, 81321411 estimated total rows
ANALYZE
Time: 23262.788 ms (00:23.263)
analyze (verbose) pspadm.psp_paycheck_split;
psql:pspadm_analyze_1.sql:46: INFO:  analyzing "pspadm.psp_paycheck_split" inheritance tree
psql:pspadm_analyze_1.sql:46: INFO:  "psp_paycheck_split_p0": scanned 1878 of 2896023 pages, containing 52424 live rows and 0 dead rows; 1878 rows in sample, 80841911 estimated total rows
psql:pspadm_analyze_1.sql:46: INFO:  "psp_paycheck_split_p1": scanned 1877 of 2895625 pages, containing 52409 live rows and 0 dead rows; 1877 rows in sample, 80850725 estimated total rows
psql:pspadm_analyze_1.sql:46: INFO:  "psp_paycheck_split_p2": scanned 1872 of 2886820 pages, containing 52285 live rows and 0 dead rows; 1872 rows in sample, 80628944 estimated total rows
psql:pspadm_analyze_1.sql:46: INFO:  "psp_paycheck_split_p3": scanned 1877 of 2894501 pages, containing 52417 live rows and 0 dead rows; 1877 rows in sample, 80831678 estimated total rows
psql:pspadm_analyze_1.sql:46: INFO:  "psp_paycheck_split_p4": scanned 1857 of 2863616 pages, containing 51845 live rows and 0 dead rows; 1857 rows in sample, 79948396 estimated total rows
psql:pspadm_analyze_1.sql:46: INFO:  "psp_paycheck_split_p5": scanned 1891 of 2915825 pages, containing 52782 live rows and 0 dead rows; 1891 rows in sample, 81387137 estimated total rows
psql:pspadm_analyze_1.sql:46: INFO:  "psp_paycheck_split_p6": scanned 1857 of 2864551 pages, containing 51849 live rows and 0 dead rows; 1857 rows in sample, 79980670 estimated total rows
psql:pspadm_analyze_1.sql:46: INFO:  "psp_paycheck_split_p7": scanned 1909 of 2943668 pages, containing 53307 live rows and 0 dead rows; 1909 rows in sample, 82199115 estimated total rows
psql:pspadm_analyze_1.sql:46: INFO:  "psp_paycheck_split_p8": scanned 1878 of 2897104 pages, containing 52430 live rows and 0 dead rows; 1878 rows in sample, 80881343 estimated total rows
psql:pspadm_analyze_1.sql:46: INFO:  "psp_paycheck_split_p9": scanned 1888 of 2912325 pages, containing 52707 live rows and 0 dead rows; 1888 rows in sample, 81302920 estimated total rows
psql:pspadm_analyze_1.sql:46: INFO:  "psp_paycheck_split_p10": scanned 1847 of 2849320 pages, containing 51585 live rows and 0 dead rows; 1847 rows in sample, 79578870 estimated total rows
psql:pspadm_analyze_1.sql:46: INFO:  "psp_paycheck_split_p11": scanned 1878 of 2897215 pages, containing 52416 live rows and 0 dead rows; 1878 rows in sample, 80862844 estimated total rows
psql:pspadm_analyze_1.sql:46: INFO:  "psp_paycheck_split_p12": scanned 1879 of 2897760 pages, containing 52448 live rows and 0 dead rows; 1879 rows in sample, 80884362 estimated total rows
psql:pspadm_analyze_1.sql:46: INFO:  "psp_paycheck_split_p13": scanned 1892 of 2917780 pages, containing 52838 live rows and 0 dead rows; 1892 rows in sample, 81485021 estimated total rows
psql:pspadm_analyze_1.sql:46: INFO:  "psp_paycheck_split_p14": scanned 1831 of 2824449 pages, containing 51133 live rows and 0 dead rows; 1831 rows in sample, 78876325 estimated total rows
psql:pspadm_analyze_1.sql:46: INFO:  "psp_paycheck_split_p15": scanned 1889 of 2912891 pages, containing 52759 live rows and 0 dead rows; 1889 rows in sample, 81355858 estimated total rows
psql:pspadm_analyze_1.sql:46: INFO:  analyzing "pspadm.psp_paycheck_split_p0"
psql:pspadm_analyze_1.sql:46: INFO:  "psp_paycheck_split_p0": scanned 30000 of 2896023 pages, containing 837547 live rows and 52 dead rows; 30000 rows in sample, 80851846 estimated total rows
psql:pspadm_analyze_1.sql:46: INFO:  analyzing "pspadm.psp_paycheck_split_p1"
psql:pspadm_analyze_1.sql:46: INFO:  "psp_paycheck_split_p1": scanned 30000 of 2895625 pages, containing 837597 live rows and 28 dead rows; 30000 rows in sample, 80845560 estimated total rows
psql:pspadm_analyze_1.sql:46: INFO:  analyzing "pspadm.psp_paycheck_split_p2"
psql:pspadm_analyze_1.sql:46: INFO:  "psp_paycheck_split_p2": scanned 30000 of 2886820 pages, containing 837521 live rows and 20 dead rows; 30000 rows in sample, 80592412 estimated total rows
psql:pspadm_analyze_1.sql:46: INFO:  analyzing "pspadm.psp_paycheck_split_p3"
psql:pspadm_analyze_1.sql:46: INFO:  "psp_paycheck_split_p3": scanned 30000 of 2894501 pages, containing 837647 live rows and 11 dead rows; 30000 rows in sample, 80819003 estimated total rows
psql:pspadm_analyze_1.sql:46: INFO:  analyzing "pspadm.psp_paycheck_split_p4"
psql:pspadm_analyze_1.sql:46: INFO:  "psp_paycheck_split_p4": scanned 30000 of 2863616 pages, containing 837496 live rows and 1 dead rows; 30000 rows in sample, 79942232 estimated total rows
psql:pspadm_analyze_1.sql:46: INFO:  analyzing "pspadm.psp_paycheck_split_p5"
psql:pspadm_analyze_1.sql:46: INFO:  "psp_paycheck_split_p5": scanned 30000 of 2915825 pages, containing 837601 live rows and 0 dead rows; 30000 rows in sample, 81409931 estimated total rows
psql:pspadm_analyze_1.sql:46: INFO:  analyzing "pspadm.psp_paycheck_split_p6"
psql:pspadm_analyze_1.sql:46: INFO:  "psp_paycheck_split_p6": scanned 30000 of 2864551 pages, containing 837588 live rows and 0 dead rows; 30000 rows in sample, 79977118 estimated total rows
psql:pspadm_analyze_1.sql:46: INFO:  analyzing "pspadm.psp_paycheck_split_p7"
psql:pspadm_analyze_1.sql:46: INFO:  "psp_paycheck_split_p7": scanned 30000 of 2943668 pages, containing 837612 live rows and 1 dead rows; 30000 rows in sample, 82188388 estimated total rows
psql:pspadm_analyze_1.sql:46: INFO:  analyzing "pspadm.psp_paycheck_split_p8"
psql:pspadm_analyze_1.sql:46: INFO:  "psp_paycheck_split_p8": scanned 30000 of 2897104 pages, containing 837440 live rows and 7 dead rows; 30000 rows in sample, 80871692 estimated total rows
psql:pspadm_analyze_1.sql:46: INFO:  analyzing "pspadm.psp_paycheck_split_p9"
psql:pspadm_analyze_1.sql:46: INFO:  "psp_paycheck_split_p9": scanned 30000 of 2912325 pages, containing 837640 live rows and 1 dead rows; 30000 rows in sample, 81315997 estimated total rows
psql:pspadm_analyze_1.sql:46: INFO:  analyzing "pspadm.psp_paycheck_split_p10"
psql:pspadm_analyze_1.sql:46: INFO:  "psp_paycheck_split_p10": scanned 30000 of 2849320 pages, containing 837478 live rows and 56 dead rows; 30000 rows in sample, 79541427 estimated total rows
psql:pspadm_analyze_1.sql:46: INFO:  analyzing "pspadm.psp_paycheck_split_p11"
psql:pspadm_analyze_1.sql:46: INFO:  "psp_paycheck_split_p11": scanned 30000 of 2897215 pages, containing 837607 live rows and 0 dead rows; 30000 rows in sample, 80890919 estimated total rows
psql:pspadm_analyze_1.sql:46: INFO:  analyzing "pspadm.psp_paycheck_split_p12"
psql:pspadm_analyze_1.sql:46: INFO:  "psp_paycheck_split_p12": scanned 30000 of 2897760 pages, containing 837615 live rows and 21 dead rows; 30000 rows in sample, 80906908 estimated total rows
psql:pspadm_analyze_1.sql:46: INFO:  analyzing "pspadm.psp_paycheck_split_p13"
psql:pspadm_analyze_1.sql:46: INFO:  "psp_paycheck_split_p13": scanned 30000 of 2917780 pages, containing 837603 live rows and 0 dead rows; 30000 rows in sample, 81464709 estimated total rows
psql:pspadm_analyze_1.sql:46: INFO:  analyzing "pspadm.psp_paycheck_split_p14"
psql:pspadm_analyze_1.sql:46: INFO:  "psp_paycheck_split_p14": scanned 30000 of 2824449 pages, containing 837519 live rows and 1 dead rows; 30000 rows in sample, 78850990 estimated total rows
psql:pspadm_analyze_1.sql:46: INFO:  analyzing "pspadm.psp_paycheck_split_p15"
psql:pspadm_analyze_1.sql:46: INFO:  "psp_paycheck_split_p15": scanned 30000 of 2912891 pages, containing 837524 live rows and 9 dead rows; 30000 rows in sample, 81320537 estimated total rows
ANALYZE
Time: 395969.009 ms (06:35.969)
analyze (verbose) pspadm.psp_deduction_p0;
psql:pspadm_analyze_1.sql:47: INFO:  analyzing "pspadm.psp_deduction_p0"
psql:pspadm_analyze_1.sql:47: INFO:  "psp_deduction_p0": scanned 30000 of 6287628 pages, containing 958711 live rows and 5748 dead rows; 30000 rows in sample, 200933938 estimated total rows
ANALYZE
Time: 29715.404 ms (00:29.715)
analyze (verbose) pspadm.psp_deduction_p1;
psql:pspadm_analyze_1.sql:48: INFO:  analyzing "pspadm.psp_deduction_p1"
psql:pspadm_analyze_1.sql:48: INFO:  "psp_deduction_p1": scanned 30000 of 6445323 pages, containing 959547 live rows and 3453 dead rows; 30000 rows in sample, 206153012 estimated total rows
ANALYZE
Time: 29109.957 ms (00:29.110)
analyze (verbose) pspadm.psp_deduction_p2;
psql:pspadm_analyze_1.sql:49: INFO:  analyzing "pspadm.psp_deduction_p2"
psql:pspadm_analyze_1.sql:49: INFO:  "psp_deduction_p2": scanned 30000 of 6266627 pages, containing 959640 live rows and 3650 dead rows; 30000 rows in sample, 200456864 estimated total rows
ANALYZE
Time: 29658.571 ms (00:29.659)
analyze (verbose) pspadm.psp_deduction_p3;
psql:pspadm_analyze_1.sql:50: INFO:  analyzing "pspadm.psp_deduction_p3"
psql:pspadm_analyze_1.sql:50: INFO:  "psp_deduction_p3": scanned 30000 of 6408453 pages, containing 959844 live rows and 3035 dead rows; 30000 rows in sample, 205037172 estimated total rows
ANALYZE
Time: 29266.166 ms (00:29.266)
analyze (verbose) pspadm.psp_deduction;
psql:pspadm_analyze_1.sql:51: INFO:  analyzing "pspadm.psp_deduction" inheritance tree
psql:pspadm_analyze_1.sql:51: INFO:  "psp_deduction_p0": scanned 7424 of 6287628 pages, containing 237216 live rows and 1474 dead rows; 7424 rows in sample, 200905976 estimated total rows
psql:pspadm_analyze_1.sql:51: INFO:  "psp_deduction_p1": scanned 7610 of 6445323 pages, containing 243622 live rows and 858 dead rows; 7610 rows in sample, 206336725 estimated total rows
psql:pspadm_analyze_1.sql:51: INFO:  "psp_deduction_p2": scanned 7399 of 6266627 pages, containing 236703 live rows and 1029 dead rows; 7399 rows in sample, 200477012 estimated total rows
psql:pspadm_analyze_1.sql:51: INFO:  "psp_deduction_p3": scanned 7567 of 6408453 pages, containing 242031 live rows and 647 dead rows; 7567 rows in sample, 204974797 estimated total rows
psql:pspadm_analyze_1.sql:51: INFO:  analyzing "pspadm.psp_deduction_p0"
psql:pspadm_analyze_1.sql:51: INFO:  "psp_deduction_p0": scanned 30000 of 6287628 pages, containing 958632 live rows and 6012 dead rows; 30000 rows in sample, 200917380 estimated total rows
psql:pspadm_analyze_1.sql:51: INFO:  analyzing "pspadm.psp_deduction_p1"
psql:pspadm_analyze_1.sql:51: INFO:  "psp_deduction_p1": scanned 30000 of 6445323 pages, containing 960212 live rows and 3269 dead rows; 30000 rows in sample, 206295883 estimated total rows
psql:pspadm_analyze_1.sql:51: INFO:  analyzing "pspadm.psp_deduction_p2"
psql:pspadm_analyze_1.sql:51: INFO:  "psp_deduction_p2": scanned 30000 of 6266627 pages, containing 959631 live rows and 3595 dead rows; 30000 rows in sample, 200454984 estimated total rows
psql:pspadm_analyze_1.sql:51: INFO:  analyzing "pspadm.psp_deduction_p3"
psql:pspadm_analyze_1.sql:51: INFO:  "psp_deduction_p3": scanned 30000 of 6408453 pages, containing 959523 live rows and 3293 dead rows; 30000 rows in sample, 204968602 estimated total rows
ANALYZE
Time: 146407.686 ms (02:26.408)
