Timing is on.
SET
Time: 0.735 ms
       current_timestamp       
-------------------------------
 2023-07-20 19:52:52.809017-07
(1 row)

Time: 0.516 ms
CREATE INDEX
Time: 33.026 ms
CREATE INDEX
Time: 4.116 ms
CREATE INDEX
Time: 4.528 ms
ALTER INDEX
Time: 31.321 ms
ALTER INDEX
Time: 9.809 ms
ALTER INDEX
Time: 6.347 ms
ALTER INDEX
Time: 7.171 ms
ALTER INDEX
Time: 6.629 ms
ALTER INDEX
Time: 5.908 ms
ALTER INDEX
Time: 4.568 ms
ALTER INDEX
Time: 3.213 ms
ALTER INDEX
Time: 5.471 ms
ALTER INDEX
Time: 3.557 ms
ALTER INDEX
Time: 3.254 ms
ALTER INDEX
Time: 4.841 ms
ALTER INDEX
Time: 3.802 ms
ALTER INDEX
Time: 3.926 ms
ALTER INDEX
Time: 5.082 ms
ALTER INDEX
Time: 3.370 ms
ALTER INDEX
Time: 3.694 ms
ALTER INDEX
Time: 3.380 ms
ALTER INDEX
Time: 4.416 ms
ALTER INDEX
Time: 5.971 ms
ALTER INDEX
Time: 3.320 ms
ALTER INDEX
Time: 4.595 ms
ALTER INDEX
Time: 3.505 ms
ALTER INDEX
Time: 4.238 ms
CREATE INDEX
Time: 38.337 ms
CREATE INDEX
Time: 12.107 ms
CREATE INDEX
Time: 4.848 ms
CREATE INDEX
Time: 109.744 ms
CREATE INDEX
Time: 4.293 ms
ALTER INDEX
Time: 24.893 ms
ALTER INDEX
Time: 16.535 ms
ALTER INDEX
Time: 16.025 ms
ALTER INDEX
Time: 16.360 ms
ALTER INDEX
Time: 12.707 ms
ALTER INDEX
Time: 17.127 ms
ALTER INDEX
Time: 4.919 ms
ALTER INDEX
Time: 5.074 ms
ALTER INDEX
Time: 3.287 ms
ALTER INDEX
Time: 3.159 ms
ALTER INDEX
Time: 3.545 ms
ALTER INDEX
Time: 5.533 ms
ALTER INDEX
Time: 3.366 ms
ALTER INDEX
Time: 3.272 ms
ALTER INDEX
Time: 3.789 ms
ALTER INDEX
Time: 3.740 ms
ALTER INDEX
Time: 3.272 ms
ALTER INDEX
Time: 3.908 ms
ALTER INDEX
Time: 3.286 ms
ALTER INDEX
Time: 3.343 ms
ALTER INDEX
Time: 3.305 ms
ALTER INDEX
Time: 4.370 ms
ALTER INDEX
Time: 3.351 ms
ALTER INDEX
Time: 7.110 ms
ALTER INDEX
Time: 3.217 ms
ALTER INDEX
Time: 3.454 ms
ALTER INDEX
Time: 3.525 ms
ALTER INDEX
Time: 3.140 ms
ALTER INDEX
Time: 3.055 ms
ALTER INDEX
Time: 3.868 ms
ALTER INDEX
Time: 3.581 ms
ALTER INDEX
Time: 3.518 ms
ALTER INDEX
Time: 3.343 ms
ALTER INDEX
Time: 3.561 ms
ALTER INDEX
Time: 5.852 ms
ALTER INDEX
Time: 3.165 ms
ALTER INDEX
Time: 3.316 ms
ALTER INDEX
Time: 3.179 ms
ALTER INDEX
Time: 3.559 ms
ALTER INDEX
Time: 3.450 ms
CREATE INDEX
Time: 27.335 ms
CREATE INDEX
Time: 4.323 ms
CREATE INDEX
Time: 4.181 ms
CREATE INDEX
Time: 3.918 ms
CREATE INDEX
Time: 6.187 ms
CREATE INDEX
Time: 3.916 ms
CREATE INDEX
Time: 4.145 ms
CREATE INDEX
Time: 5.413 ms
CREATE INDEX
Time: 4.054 ms
CREATE INDEX
Time: 3.609 ms
CREATE INDEX
Time: 3.706 ms
ALTER INDEX
Time: 12.739 ms
ALTER INDEX
Time: 8.067 ms
ALTER INDEX
Time: 7.428 ms
ALTER INDEX
Time: 10.092 ms
ALTER INDEX
Time: 12.045 ms
ALTER INDEX
Time: 6.646 ms
ALTER INDEX
Time: 9.897 ms
ALTER INDEX
Time: 11.608 ms
ALTER INDEX
Time: 5.716 ms
ALTER INDEX
Time: 6.391 ms
ALTER INDEX
Time: 8.697 ms
ALTER INDEX
Time: 4.967 ms
ALTER INDEX
Time: 7.302 ms
ALTER INDEX
Time: 8.436 ms
ALTER INDEX
Time: 8.838 ms
ALTER INDEX
Time: 3.067 ms
ALTER INDEX
Time: 4.741 ms
ALTER INDEX
Time: 5.135 ms
ALTER INDEX
Time: 3.999 ms
ALTER INDEX
Time: 3.322 ms
ALTER INDEX
Time: 3.797 ms
ALTER INDEX
Time: 2.993 ms
ALTER INDEX
Time: 4.085 ms
ALTER INDEX
Time: 3.406 ms
ALTER INDEX
Time: 3.592 ms
ALTER INDEX
Time: 3.059 ms
ALTER INDEX
Time: 3.049 ms
ALTER INDEX
Time: 3.587 ms
ALTER INDEX
Time: 3.041 ms
ALTER INDEX
Time: 3.102 ms
ALTER INDEX
Time: 3.507 ms
ALTER INDEX
Time: 3.552 ms
ALTER INDEX
Time: 3.283 ms
ALTER INDEX
Time: 3.847 ms
ALTER INDEX
Time: 3.030 ms
ALTER INDEX
Time: 3.070 ms
ALTER INDEX
Time: 3.132 ms
ALTER INDEX
Time: 2.996 ms
ALTER INDEX
Time: 3.207 ms
ALTER INDEX
Time: 3.123 ms
ALTER INDEX
Time: 4.727 ms
ALTER INDEX
Time: 3.132 ms
ALTER INDEX
Time: 3.333 ms
ALTER INDEX
Time: 3.460 ms
ALTER INDEX
Time: 3.414 ms
ALTER INDEX
Time: 3.292 ms
ALTER INDEX
Time: 3.383 ms
ALTER INDEX
Time: 3.322 ms
ALTER INDEX
Time: 3.348 ms
ALTER INDEX
Time: 3.378 ms
ALTER INDEX
Time: 3.316 ms
ALTER INDEX
Time: 3.095 ms
ALTER INDEX
Time: 3.322 ms
ALTER INDEX
Time: 3.149 ms
ALTER INDEX
Time: 3.114 ms
ALTER INDEX
Time: 4.010 ms
ALTER INDEX
Time: 3.850 ms
ALTER INDEX
Time: 3.272 ms
ALTER INDEX
Time: 3.642 ms
ALTER INDEX
Time: 3.674 ms
ALTER INDEX
Time: 3.849 ms
ALTER INDEX
Time: 4.033 ms
ALTER INDEX
Time: 3.164 ms
ALTER INDEX
Time: 3.347 ms
ALTER INDEX
Time: 4.981 ms
ALTER INDEX
Time: 3.215 ms
ALTER INDEX
Time: 4.783 ms
ALTER INDEX
Time: 3.689 ms
ALTER INDEX
Time: 4.520 ms
ALTER INDEX
Time: 3.247 ms
ALTER INDEX
Time: 3.027 ms
ALTER INDEX
Time: 3.344 ms
ALTER INDEX
Time: 3.912 ms
ALTER INDEX
Time: 3.109 ms
ALTER INDEX
Time: 4.074 ms
ALTER INDEX
Time: 3.879 ms
ALTER INDEX
Time: 3.356 ms
ALTER INDEX
Time: 3.231 ms
ALTER INDEX
Time: 3.995 ms
ALTER INDEX
Time: 3.645 ms
ALTER INDEX
Time: 3.339 ms
ALTER INDEX
Time: 3.241 ms
ALTER INDEX
Time: 3.198 ms
ALTER INDEX
Time: 2.981 ms
ALTER INDEX
Time: 4.169 ms
ALTER INDEX
Time: 2.961 ms
ALTER INDEX
Time: 3.101 ms
ALTER INDEX
Time: 3.327 ms
CREATE INDEX
Time: 28.299 ms
CREATE INDEX
Time: 4.233 ms
CREATE INDEX
Time: 3.680 ms
CREATE INDEX
Time: 3.888 ms
ALTER INDEX
Time: 13.840 ms
ALTER INDEX
Time: 5.910 ms
ALTER INDEX
Time: 5.002 ms
ALTER INDEX
Time: 4.648 ms
ALTER INDEX
Time: 6.831 ms
ALTER INDEX
Time: 7.961 ms
ALTER INDEX
Time: 5.603 ms
ALTER INDEX
Time: 3.406 ms
ALTER INDEX
Time: 5.729 ms
ALTER INDEX
Time: 6.118 ms
ALTER INDEX
Time: 5.331 ms
ALTER INDEX
Time: 4.925 ms
ALTER INDEX
Time: 3.499 ms
ALTER INDEX
Time: 6.508 ms
ALTER INDEX
Time: 3.286 ms
ALTER INDEX
Time: 3.441 ms
ALTER INDEX
Time: 4.026 ms
ALTER INDEX
Time: 3.212 ms
ALTER INDEX
Time: 3.055 ms
ALTER INDEX
Time: 3.035 ms
ALTER INDEX
Time: 3.895 ms
ALTER INDEX
Time: 3.342 ms
ALTER INDEX
Time: 3.591 ms
ALTER INDEX
Time: 3.356 ms
ALTER INDEX
Time: 3.236 ms
ALTER INDEX
Time: 2.898 ms
ALTER INDEX
Time: 2.869 ms
ALTER INDEX
Time: 3.383 ms
ALTER INDEX
Time: 3.405 ms
ALTER INDEX
Time: 2.967 ms
ALTER INDEX
Time: 3.651 ms
ALTER INDEX
Time: 3.227 ms
CREATE INDEX
Time: 9.490 ms
CREATE INDEX
Time: 3.536 ms
CREATE INDEX
Time: 3.851 ms
ALTER INDEX
Time: 4.744 ms
ALTER INDEX
Time: 4.172 ms
ALTER INDEX
Time: 4.075 ms
ALTER INDEX
Time: 4.041 ms
ALTER INDEX
Time: 3.978 ms
ALTER INDEX
Time: 3.978 ms
ALTER INDEX
Time: 3.341 ms
ALTER INDEX
Time: 5.390 ms
ALTER INDEX
Time: 3.210 ms
ALTER INDEX
Time: 2.993 ms
ALTER INDEX
Time: 2.920 ms
ALTER INDEX
Time: 5.905 ms
ALTER INDEX
Time: 3.352 ms
ALTER INDEX
Time: 3.232 ms
ALTER INDEX
Time: 3.129 ms
ALTER INDEX
Time: 3.400 ms
ALTER INDEX
Time: 3.270 ms
ALTER INDEX
Time: 3.122 ms
ALTER INDEX
Time: 3.054 ms
ALTER INDEX
Time: 3.432 ms
ALTER INDEX
Time: 3.272 ms
ALTER INDEX
Time: 3.643 ms
ALTER INDEX
Time: 3.430 ms
ALTER INDEX
Time: 3.111 ms
CREATE INDEX
Time: 5.405 ms
CREATE INDEX
Time: 3.932 ms
ALTER INDEX
Time: 6.237 ms
ALTER INDEX
Time: 3.673 ms
ALTER INDEX
Time: 3.214 ms
ALTER INDEX
Time: 3.525 ms
ALTER INDEX
Time: 4.179 ms
ALTER INDEX
Time: 3.107 ms
ALTER INDEX
Time: 4.074 ms
ALTER INDEX
Time: 3.340 ms
ALTER INDEX
Time: 3.066 ms
ALTER INDEX
Time: 3.512 ms
ALTER INDEX
Time: 3.395 ms
ALTER INDEX
Time: 2.981 ms
ALTER INDEX
Time: 3.063 ms
ALTER INDEX
Time: 3.247 ms
ALTER INDEX
Time: 3.744 ms
ALTER INDEX
Time: 3.757 ms
CREATE INDEX
Time: 5.521 ms
ALTER INDEX
Time: 8.832 ms
ALTER INDEX
Time: 3.759 ms
ALTER INDEX
Time: 3.120 ms
ALTER INDEX
Time: 3.541 ms
ALTER INDEX
Time: 4.700 ms
ALTER INDEX
Time: 3.914 ms
ALTER INDEX
Time: 3.204 ms
ALTER INDEX
Time: 3.703 ms
CREATE INDEX
Time: 11.680 ms
CREATE INDEX
Time: 3.775 ms
CREATE INDEX
Time: 4.062 ms
ALTER INDEX
Time: 8.514 ms
ALTER INDEX
Time: 9.363 ms
ALTER INDEX
Time: 3.141 ms
ALTER INDEX
Time: 3.299 ms
ALTER INDEX
Time: 3.076 ms
ALTER INDEX
Time: 3.638 ms
ALTER INDEX
Time: 3.748 ms
ALTER INDEX
Time: 3.502 ms
ALTER INDEX
Time: 3.685 ms
ALTER INDEX
Time: 3.362 ms
ALTER INDEX
Time: 3.120 ms
ALTER INDEX
Time: 3.178 ms
CREATE INDEX
Time: 16.181 ms
CREATE INDEX
Time: 3.938 ms
CREATE INDEX
Time: 3.804 ms
CREATE INDEX
Time: 4.062 ms
CREATE INDEX
Time: 3.745 ms
CREATE INDEX
Time: 4.426 ms
CREATE INDEX
Time: 3.410 ms
CREATE INDEX
Time: 3.263 ms
CREATE INDEX
Time: 3.496 ms
CREATE INDEX
Time: 3.554 ms
ALTER INDEX
Time: 22.990 ms
ALTER INDEX
Time: 3.273 ms
ALTER INDEX
Time: 8.056 ms
ALTER INDEX
Time: 7.349 ms
ALTER INDEX
Time: 3.331 ms
ALTER INDEX
Time: 4.591 ms
ALTER INDEX
Time: 5.037 ms
ALTER INDEX
Time: 3.099 ms
ALTER INDEX
Time: 3.329 ms
ALTER INDEX
Time: 5.359 ms
ALTER INDEX
Time: 4.976 ms
ALTER INDEX
Time: 3.722 ms
ALTER INDEX
Time: 4.683 ms
ALTER INDEX
Time: 5.847 ms
ALTER INDEX
Time: 3.285 ms
ALTER INDEX
Time: 3.317 ms
ALTER INDEX
Time: 3.260 ms
ALTER INDEX
Time: 3.305 ms
ALTER INDEX
Time: 3.188 ms
ALTER INDEX
Time: 3.294 ms
ALTER INDEX
Time: 3.185 ms
ALTER INDEX
Time: 3.973 ms
ALTER INDEX
Time: 3.845 ms
ALTER INDEX
Time: 3.114 ms
ALTER INDEX
Time: 3.130 ms
ALTER INDEX
Time: 5.906 ms
ALTER INDEX
Time: 3.116 ms
ALTER INDEX
Time: 3.329 ms
ALTER INDEX
Time: 3.548 ms
ALTER INDEX
Time: 4.016 ms
ALTER INDEX
Time: 3.895 ms
ALTER INDEX
Time: 3.525 ms
ALTER INDEX
Time: 3.307 ms
ALTER INDEX
Time: 3.522 ms
ALTER INDEX
Time: 3.186 ms
ALTER INDEX
Time: 3.438 ms
ALTER INDEX
Time: 3.451 ms
ALTER INDEX
Time: 3.242 ms
ALTER INDEX
Time: 3.338 ms
ALTER INDEX
Time: 3.401 ms
CREATE INDEX
Time: 15.941 ms
CREATE INDEX
Time: 4.300 ms
CREATE INDEX
Time: 4.155 ms
ALTER INDEX
Time: 13.203 ms
ALTER INDEX
Time: 5.516 ms
ALTER INDEX
Time: 7.657 ms
ALTER INDEX
Time: 7.063 ms
ALTER INDEX
Time: 4.100 ms
ALTER INDEX
Time: 3.868 ms
ALTER INDEX
Time: 3.314 ms
ALTER INDEX
Time: 3.437 ms
ALTER INDEX
Time: 3.870 ms
ALTER INDEX
Time: 3.358 ms
ALTER INDEX
Time: 3.648 ms
ALTER INDEX
Time: 3.991 ms
CREATE INDEX
Time: 13.783 ms
CREATE INDEX
Time: 4.042 ms
CREATE INDEX
Time: 3.662 ms
ALTER INDEX
Time: 7.218 ms
ALTER INDEX
Time: 3.254 ms
ALTER INDEX
Time: 4.545 ms
ALTER INDEX
Time: 6.590 ms
ALTER INDEX
Time: 3.320 ms
ALTER INDEX
Time: 3.253 ms
ALTER INDEX
Time: 3.393 ms
ALTER INDEX
Time: 3.260 ms
ALTER INDEX
Time: 3.275 ms
ALTER INDEX
Time: 3.645 ms
ALTER INDEX
Time: 3.939 ms
ALTER INDEX
Time: 3.384 ms
CREATE INDEX
Time: 9.543 ms
ALTER INDEX
Time: 6.818 ms
ALTER INDEX
Time: 4.690 ms
ALTER INDEX
Time: 7.183 ms
ALTER INDEX
Time: 3.531 ms
CREATE INDEX
Time: 6.277 ms
CREATE INDEX
Time: 4.457 ms
ALTER INDEX
Time: 4.989 ms
ALTER INDEX
Time: 3.419 ms
ALTER INDEX
Time: 3.514 ms
ALTER INDEX
Time: 4.039 ms
ALTER INDEX
Time: 3.331 ms
ALTER INDEX
Time: 3.493 ms
ALTER INDEX
Time: 3.170 ms
ALTER INDEX
Time: 4.370 ms
CREATE INDEX
Time: 26.677 ms
CREATE INDEX
Time: 4.018 ms
CREATE INDEX
Time: 3.904 ms
CREATE INDEX
Time: 4.175 ms
CREATE INDEX
Time: 4.036 ms
CREATE INDEX
Time: 4.406 ms
ALTER INDEX
Time: 21.105 ms
ALTER INDEX
Time: 5.760 ms
ALTER INDEX
Time: 11.785 ms
ALTER INDEX
Time: 6.388 ms
ALTER INDEX
Time: 6.549 ms
ALTER INDEX
Time: 3.550 ms
ALTER INDEX
Time: 4.353 ms
ALTER INDEX
Time: 7.566 ms
ALTER INDEX
Time: 4.739 ms
ALTER INDEX
Time: 5.275 ms
ALTER INDEX
Time: 5.818 ms
ALTER INDEX
Time: 6.633 ms
ALTER INDEX
Time: 6.910 ms
ALTER INDEX
Time: 5.465 ms
ALTER INDEX
Time: 4.765 ms
ALTER INDEX
Time: 4.209 ms
ALTER INDEX
Time: 4.791 ms
ALTER INDEX
Time: 3.862 ms
ALTER INDEX
Time: 6.071 ms
ALTER INDEX
Time: 3.417 ms
ALTER INDEX
Time: 4.118 ms
ALTER INDEX
Time: 3.945 ms
ALTER INDEX
Time: 4.916 ms
ALTER INDEX
Time: 5.330 ms
ALTER INDEX
Time: 3.536 ms
ALTER INDEX
Time: 3.874 ms
ALTER INDEX
Time: 3.361 ms
ALTER INDEX
Time: 3.361 ms
ALTER INDEX
Time: 3.514 ms
ALTER INDEX
Time: 3.426 ms
ALTER INDEX
Time: 3.474 ms
ALTER INDEX
Time: 3.535 ms
ALTER INDEX
Time: 3.989 ms
ALTER INDEX
Time: 3.501 ms
ALTER INDEX
Time: 3.158 ms
ALTER INDEX
Time: 3.507 ms
ALTER INDEX
Time: 3.440 ms
ALTER INDEX
Time: 3.378 ms
ALTER INDEX
Time: 3.285 ms
ALTER INDEX
Time: 3.385 ms
ALTER INDEX
Time: 3.810 ms
ALTER INDEX
Time: 3.758 ms
ALTER INDEX
Time: 3.595 ms
ALTER INDEX
Time: 3.827 ms
ALTER INDEX
Time: 3.472 ms
ALTER INDEX
Time: 3.583 ms
ALTER INDEX
Time: 3.210 ms
ALTER INDEX
Time: 4.167 ms
ALTER INDEX
Time: 3.214 ms
ALTER INDEX
Time: 3.227 ms
ALTER INDEX
Time: 3.212 ms
ALTER INDEX
Time: 3.283 ms
ALTER INDEX
Time: 3.273 ms
ALTER INDEX
Time: 4.675 ms
ALTER INDEX
Time: 3.237 ms
ALTER INDEX
Time: 3.688 ms
ALTER INDEX
Time: 3.672 ms
ALTER INDEX
Time: 3.140 ms
ALTER INDEX
Time: 3.152 ms
ALTER INDEX
Time: 3.202 ms
ALTER INDEX
Time: 3.031 ms
ALTER INDEX
Time: 3.214 ms
ALTER INDEX
Time: 3.179 ms
ALTER INDEX
Time: 3.103 ms
ALTER INDEX
Time: 3.317 ms
ALTER INDEX
Time: 3.568 ms
ALTER INDEX
Time: 3.541 ms
ALTER INDEX
Time: 3.584 ms
ALTER INDEX
Time: 3.874 ms
ALTER INDEX
Time: 3.585 ms
ALTER INDEX
Time: 3.891 ms
ALTER INDEX
Time: 3.380 ms
ALTER INDEX
Time: 3.181 ms
ALTER INDEX
Time: 3.213 ms
ALTER INDEX
Time: 3.107 ms
ALTER INDEX
Time: 3.394 ms
ALTER INDEX
Time: 3.546 ms
ALTER INDEX
Time: 3.227 ms
ALTER INDEX
Time: 3.002 ms
ALTER INDEX
Time: 3.746 ms
ALTER INDEX
Time: 3.756 ms
ALTER INDEX
Time: 3.325 ms
ALTER INDEX
Time: 3.000 ms
ALTER INDEX
Time: 2.833 ms
ALTER INDEX
Time: 2.958 ms
ALTER INDEX
Time: 3.180 ms
ALTER INDEX
Time: 3.208 ms
ALTER INDEX
Time: 3.542 ms
ALTER INDEX
Time: 3.823 ms
ALTER INDEX
Time: 3.167 ms
ALTER INDEX
Time: 3.272 ms
ALTER INDEX
Time: 3.036 ms
ALTER INDEX
Time: 2.980 ms
ALTER INDEX
Time: 3.287 ms
ALTER INDEX
Time: 4.618 ms
ALTER INDEX
Time: 3.379 ms
CREATE INDEX
Time: 28.111 ms
CREATE INDEX
Time: 6.375 ms
CREATE INDEX
Time: 4.059 ms
CREATE INDEX
Time: 4.350 ms
CREATE INDEX
Time: 4.148 ms
CREATE INDEX
Time: 3.905 ms
CREATE INDEX
Time: 4.695 ms
ALTER INDEX
Time: 23.375 ms
ALTER INDEX
Time: 3.457 ms
ALTER INDEX
Time: 14.861 ms
ALTER INDEX
Time: 6.931 ms
ALTER INDEX
Time: 3.365 ms
ALTER INDEX
Time: 5.150 ms
ALTER INDEX
Time: 4.529 ms
ALTER INDEX
Time: 5.402 ms
ALTER INDEX
Time: 5.467 ms
ALTER INDEX
Time: 3.454 ms
ALTER INDEX
Time: 3.248 ms
ALTER INDEX
Time: 3.489 ms
ALTER INDEX
Time: 3.558 ms
ALTER INDEX
Time: 6.605 ms
ALTER INDEX
Time: 5.124 ms
ALTER INDEX
Time: 3.705 ms
ALTER INDEX
Time: 3.334 ms
ALTER INDEX
Time: 3.214 ms
ALTER INDEX
Time: 3.184 ms
ALTER INDEX
Time: 4.909 ms
ALTER INDEX
Time: 3.410 ms
ALTER INDEX
Time: 3.610 ms
ALTER INDEX
Time: 4.180 ms
ALTER INDEX
Time: 3.069 ms
ALTER INDEX
Time: 3.431 ms
ALTER INDEX
Time: 3.347 ms
ALTER INDEX
Time: 3.207 ms
ALTER INDEX
Time: 4.960 ms
ALTER INDEX
Time: 3.916 ms
ALTER INDEX
Time: 3.219 ms
ALTER INDEX
Time: 3.379 ms
ALTER INDEX
Time: 3.258 ms
ALTER INDEX
Time: 3.682 ms
ALTER INDEX
Time: 3.210 ms
ALTER INDEX
Time: 3.450 ms
ALTER INDEX
Time: 3.130 ms
ALTER INDEX
Time: 3.237 ms
ALTER INDEX
Time: 3.245 ms
ALTER INDEX
Time: 3.276 ms
ALTER INDEX
Time: 3.736 ms
ALTER INDEX
Time: 3.094 ms
ALTER INDEX
Time: 3.364 ms
ALTER INDEX
Time: 3.541 ms
ALTER INDEX
Time: 3.255 ms
ALTER INDEX
Time: 3.170 ms
ALTER INDEX
Time: 3.579 ms
ALTER INDEX
Time: 3.310 ms
ALTER INDEX
Time: 3.699 ms
ALTER INDEX
Time: 3.736 ms
ALTER INDEX
Time: 3.373 ms
ALTER INDEX
Time: 3.341 ms
ALTER INDEX
Time: 3.241 ms
ALTER INDEX
Time: 3.330 ms
ALTER INDEX
Time: 3.506 ms
ALTER INDEX
Time: 3.777 ms
ALTER INDEX
Time: 3.202 ms
ALTER INDEX
Time: 3.282 ms
ALTER INDEX
Time: 3.502 ms
ALTER INDEX
Time: 3.334 ms
ALTER INDEX
Time: 3.108 ms
ALTER INDEX
Time: 3.844 ms
ALTER INDEX
Time: 3.477 ms
ALTER INDEX
Time: 3.417 ms
ALTER INDEX
Time: 6.920 ms
ALTER INDEX
Time: 3.498 ms
ALTER INDEX
Time: 4.150 ms
ALTER INDEX
Time: 4.950 ms
ALTER INDEX
Time: 3.203 ms
ALTER INDEX
Time: 3.093 ms
ALTER INDEX
Time: 3.216 ms
ALTER INDEX
Time: 3.188 ms
ALTER INDEX
Time: 3.580 ms
ALTER INDEX
Time: 4.228 ms
ALTER INDEX
Time: 3.406 ms
ALTER INDEX
Time: 3.291 ms
ALTER INDEX
Time: 3.281 ms
ALTER INDEX
Time: 3.794 ms
ALTER INDEX
Time: 3.393 ms
ALTER INDEX
Time: 3.646 ms
ALTER INDEX
Time: 3.505 ms
ALTER INDEX
Time: 3.371 ms
ALTER INDEX
Time: 4.206 ms
ALTER INDEX
Time: 3.491 ms
ALTER INDEX
Time: 3.832 ms
ALTER INDEX
Time: 3.976 ms
ALTER INDEX
Time: 3.175 ms
ALTER INDEX
Time: 3.749 ms
ALTER INDEX
Time: 3.205 ms
ALTER INDEX
Time: 3.934 ms
ALTER INDEX
Time: 3.812 ms
ALTER INDEX
Time: 3.825 ms
ALTER INDEX
Time: 3.589 ms
ALTER INDEX
Time: 3.697 ms
ALTER INDEX
Time: 5.697 ms
ALTER INDEX
Time: 3.437 ms
ALTER INDEX
Time: 3.569 ms
ALTER INDEX
Time: 3.441 ms
ALTER INDEX
Time: 3.528 ms
ALTER INDEX
Time: 3.414 ms
ALTER INDEX
Time: 3.412 ms
ALTER INDEX
Time: 3.337 ms
ALTER INDEX
Time: 3.376 ms
ALTER INDEX
Time: 3.619 ms
ALTER INDEX
Time: 3.715 ms
ALTER INDEX
Time: 4.368 ms
ALTER INDEX
Time: 3.310 ms
ALTER INDEX
Time: 3.629 ms
ALTER INDEX
Time: 3.472 ms
ALTER INDEX
Time: 3.678 ms
ALTER INDEX
Time: 3.780 ms
ALTER INDEX
Time: 3.515 ms
ALTER INDEX
Time: 3.268 ms
CREATE INDEX
Time: 23.328 ms
CREATE INDEX
Time: 4.452 ms
ALTER INDEX
Time: 9.799 ms
ALTER INDEX
Time: 6.771 ms
ALTER INDEX
Time: 11.006 ms
ALTER INDEX
Time: 3.933 ms
ALTER INDEX
Time: 5.671 ms
ALTER INDEX
Time: 5.398 ms
ALTER INDEX
Time: 5.146 ms
ALTER INDEX
Time: 3.189 ms
ALTER INDEX
Time: 3.270 ms
ALTER INDEX
Time: 4.695 ms
ALTER INDEX
Time: 6.801 ms
ALTER INDEX
Time: 3.906 ms
ALTER INDEX
Time: 5.571 ms
ALTER INDEX
Time: 5.335 ms
ALTER INDEX
Time: 3.797 ms
ALTER INDEX
Time: 3.801 ms
ALTER INDEX
Time: 3.522 ms
ALTER INDEX
Time: 3.588 ms
ALTER INDEX
Time: 4.261 ms
ALTER INDEX
Time: 3.464 ms
ALTER INDEX
Time: 3.828 ms
ALTER INDEX
Time: 3.875 ms
ALTER INDEX
Time: 3.373 ms
ALTER INDEX
Time: 3.200 ms
ALTER INDEX
Time: 4.348 ms
ALTER INDEX
Time: 3.336 ms
ALTER INDEX
Time: 3.762 ms
ALTER INDEX
Time: 3.632 ms
ALTER INDEX
Time: 3.198 ms
ALTER INDEX
Time: 3.534 ms
ALTER INDEX
Time: 3.589 ms
ALTER INDEX
Time: 3.447 ms
CREATE INDEX
Time: 20.422 ms
CREATE INDEX
Time: 4.276 ms
CREATE INDEX
Time: 4.036 ms
CREATE INDEX
Time: 3.605 ms
ALTER INDEX
Time: 14.544 ms
ALTER INDEX
Time: 7.946 ms
ALTER INDEX
Time: 7.921 ms
ALTER INDEX
Time: 7.813 ms
ALTER INDEX
Time: 3.794 ms
ALTER INDEX
Time: 6.640 ms
ALTER INDEX
Time: 3.081 ms
ALTER INDEX
Time: 3.504 ms
ALTER INDEX
Time: 5.483 ms
ALTER INDEX
Time: 7.358 ms
ALTER INDEX
Time: 6.231 ms
ALTER INDEX
Time: 4.929 ms
ALTER INDEX
Time: 6.519 ms
ALTER INDEX
Time: 6.574 ms
ALTER INDEX
Time: 4.116 ms
ALTER INDEX
Time: 3.503 ms
ALTER INDEX
Time: 3.636 ms
ALTER INDEX
Time: 5.371 ms
ALTER INDEX
Time: 3.892 ms
ALTER INDEX
Time: 4.346 ms
ALTER INDEX
Time: 4.198 ms
ALTER INDEX
Time: 3.660 ms
ALTER INDEX
Time: 3.962 ms
ALTER INDEX
Time: 3.527 ms
ALTER INDEX
Time: 3.420 ms
ALTER INDEX
Time: 3.267 ms
ALTER INDEX
Time: 3.400 ms
ALTER INDEX
Time: 3.475 ms
ALTER INDEX
Time: 3.452 ms
ALTER INDEX
Time: 3.659 ms
ALTER INDEX
Time: 2.965 ms
ALTER INDEX
Time: 4.209 ms
ALTER INDEX
Time: 3.447 ms
ALTER INDEX
Time: 3.563 ms
ALTER INDEX
Time: 3.231 ms
ALTER INDEX
Time: 3.433 ms
ALTER INDEX
Time: 3.267 ms
ALTER INDEX
Time: 4.063 ms
ALTER INDEX
Time: 3.096 ms
ALTER INDEX
Time: 3.059 ms
ALTER INDEX
Time: 3.319 ms
ALTER INDEX
Time: 4.608 ms
ALTER INDEX
Time: 3.620 ms
ALTER INDEX
Time: 3.326 ms
ALTER INDEX
Time: 3.504 ms
ALTER INDEX
Time: 3.088 ms
ALTER INDEX
Time: 2.996 ms
ALTER INDEX
Time: 3.617 ms
ALTER INDEX
Time: 3.399 ms
ALTER INDEX
Time: 3.652 ms
ALTER INDEX
Time: 3.295 ms
ALTER INDEX
Time: 3.551 ms
ALTER INDEX
Time: 3.538 ms
ALTER INDEX
Time: 3.567 ms
ALTER INDEX
Time: 3.505 ms
ALTER INDEX
Time: 3.492 ms
ALTER INDEX
Time: 3.171 ms
ALTER INDEX
Time: 4.627 ms
ALTER INDEX
Time: 3.231 ms
ALTER INDEX
Time: 3.638 ms
ALTER INDEX
Time: 3.541 ms
ALTER INDEX
Time: 3.416 ms
ALTER INDEX
Time: 3.268 ms
ALTER INDEX
Time: 3.506 ms
CREATE INDEX
Time: 16.105 ms
CREATE INDEX
Time: 5.107 ms
CREATE INDEX
Time: 3.640 ms
CREATE INDEX
Time: 3.423 ms
ALTER INDEX
Time: 12.188 ms
ALTER INDEX
Time: 3.792 ms
ALTER INDEX
Time: 10.647 ms
ALTER INDEX
Time: 6.247 ms
ALTER INDEX
Time: 4.829 ms
ALTER INDEX
Time: 3.339 ms
ALTER INDEX
Time: 5.175 ms
ALTER INDEX
Time: 3.150 ms
ALTER INDEX
Time: 5.735 ms
ALTER INDEX
Time: 3.983 ms
ALTER INDEX
Time: 6.903 ms
ALTER INDEX
Time: 7.392 ms
ALTER INDEX
Time: 5.785 ms
ALTER INDEX
Time: 15.475 ms
ALTER INDEX
Time: 10.839 ms
ALTER INDEX
Time: 11.638 ms
ALTER INDEX
Time: 4.026 ms
ALTER INDEX
Time: 3.544 ms
ALTER INDEX
Time: 3.288 ms
ALTER INDEX
Time: 3.162 ms
ALTER INDEX
Time: 3.093 ms
ALTER INDEX
Time: 3.638 ms
ALTER INDEX
Time: 3.301 ms
ALTER INDEX
Time: 3.463 ms
ALTER INDEX
Time: 4.196 ms
ALTER INDEX
Time: 3.306 ms
ALTER INDEX
Time: 3.748 ms
ALTER INDEX
Time: 3.260 ms
ALTER INDEX
Time: 3.575 ms
ALTER INDEX
Time: 3.155 ms
ALTER INDEX
Time: 3.236 ms
ALTER INDEX
Time: 3.405 ms
ALTER INDEX
Time: 3.672 ms
ALTER INDEX
Time: 4.244 ms
ALTER INDEX
Time: 3.766 ms
ALTER INDEX
Time: 3.534 ms
ALTER INDEX
Time: 3.474 ms
ALTER INDEX
Time: 3.926 ms
ALTER INDEX
Time: 5.821 ms
ALTER INDEX
Time: 6.021 ms
ALTER INDEX
Time: 4.011 ms
ALTER INDEX
Time: 3.771 ms
ALTER INDEX
Time: 3.580 ms
ALTER INDEX
Time: 3.508 ms
ALTER INDEX
Time: 3.175 ms
ALTER INDEX
Time: 3.318 ms
ALTER INDEX
Time: 4.227 ms
ALTER INDEX
Time: 4.139 ms
ALTER INDEX
Time: 3.618 ms
ALTER INDEX
Time: 3.929 ms
ALTER INDEX
Time: 3.407 ms
ALTER INDEX
Time: 3.731 ms
ALTER INDEX
Time: 3.730 ms
ALTER INDEX
Time: 3.827 ms
ALTER INDEX
Time: 3.794 ms
ALTER INDEX
Time: 3.411 ms
ALTER INDEX
Time: 3.320 ms
ALTER INDEX
Time: 3.169 ms
ALTER INDEX
Time: 3.090 ms
ALTER INDEX
Time: 4.597 ms
ALTER INDEX
Time: 3.351 ms
ALTER INDEX
Time: 3.417 ms
ALTER INDEX
Time: 3.300 ms
ALTER INDEX
Time: 3.798 ms
CREATE INDEX
Time: 18.460 ms
CREATE INDEX
Time: 3.797 ms
CREATE INDEX
Time: 3.863 ms
CREATE INDEX
Time: 3.915 ms
ALTER INDEX
Time: 13.833 ms
ALTER INDEX
Time: 5.389 ms
ALTER INDEX
Time: 5.682 ms
ALTER INDEX
Time: 3.686 ms
ALTER INDEX
Time: 3.484 ms
ALTER INDEX
Time: 4.361 ms
ALTER INDEX
Time: 3.379 ms
ALTER INDEX
Time: 3.334 ms
ALTER INDEX
Time: 3.824 ms
ALTER INDEX
Time: 3.319 ms
ALTER INDEX
Time: 5.074 ms
ALTER INDEX
Time: 6.713 ms
ALTER INDEX
Time: 4.246 ms
ALTER INDEX
Time: 4.500 ms
ALTER INDEX
Time: 3.964 ms
ALTER INDEX
Time: 3.689 ms
ALTER INDEX
Time: 3.350 ms
ALTER INDEX
Time: 3.368 ms
ALTER INDEX
Time: 5.263 ms
ALTER INDEX
Time: 3.243 ms
ALTER INDEX
Time: 3.124 ms
ALTER INDEX
Time: 3.268 ms
ALTER INDEX
Time: 3.301 ms
ALTER INDEX
Time: 3.297 ms
ALTER INDEX
Time: 3.185 ms
ALTER INDEX
Time: 3.463 ms
ALTER INDEX
Time: 3.791 ms
ALTER INDEX
Time: 3.296 ms
ALTER INDEX
Time: 3.654 ms
ALTER INDEX
Time: 3.949 ms
ALTER INDEX
Time: 3.513 ms
ALTER INDEX
Time: 3.638 ms
ALTER INDEX
Time: 4.099 ms
ALTER INDEX
Time: 3.526 ms
ALTER INDEX
Time: 3.544 ms
ALTER INDEX
Time: 3.437 ms
ALTER INDEX
Time: 3.224 ms
ALTER INDEX
Time: 3.384 ms
ALTER INDEX
Time: 3.311 ms
ALTER INDEX
Time: 3.273 ms
ALTER INDEX
Time: 3.329 ms
ALTER INDEX
Time: 3.249 ms
ALTER INDEX
Time: 3.934 ms
ALTER INDEX
Time: 3.851 ms
ALTER INDEX
Time: 4.103 ms
ALTER INDEX
Time: 3.983 ms
ALTER INDEX
Time: 5.238 ms
ALTER INDEX
Time: 3.396 ms
ALTER INDEX
Time: 3.267 ms
ALTER INDEX
Time: 3.011 ms
ALTER INDEX
Time: 3.334 ms
ALTER INDEX
Time: 3.570 ms
ALTER INDEX
Time: 3.172 ms
ALTER INDEX
Time: 3.671 ms
ALTER INDEX
Time: 3.837 ms
ALTER INDEX
Time: 3.378 ms
ALTER INDEX
Time: 3.043 ms
ALTER INDEX
Time: 3.117 ms
ALTER INDEX
Time: 3.071 ms
ALTER INDEX
Time: 3.327 ms
ALTER INDEX
Time: 3.229 ms
ALTER INDEX
Time: 3.541 ms
ALTER INDEX
Time: 3.296 ms
ALTER INDEX
Time: 3.338 ms
CREATE INDEX
Time: 23.266 ms
CREATE INDEX
Time: 5.630 ms
CREATE INDEX
Time: 3.966 ms
CREATE INDEX
Time: 4.514 ms
CREATE INDEX
Time: 4.104 ms
CREATE INDEX
Time: 4.732 ms
CREATE INDEX
Time: 4.107 ms
CREATE INDEX
Time: 4.908 ms
CREATE INDEX
Time: 10.638 ms
CREATE INDEX
Time: 6.402 ms
CREATE INDEX
Time: 5.050 ms
CREATE INDEX
Time: 4.604 ms
CREATE INDEX
Time: 4.811 ms
CREATE INDEX
Time: 4.317 ms
CREATE INDEX
Time: 4.246 ms
CREATE INDEX
Time: 4.569 ms
ALTER INDEX
Time: 28.386 ms
ALTER INDEX
Time: 3.363 ms
ALTER INDEX
Time: 12.002 ms
ALTER INDEX
Time: 3.467 ms
ALTER INDEX
Time: 6.259 ms
ALTER INDEX
Time: 4.325 ms
ALTER INDEX
Time: 5.434 ms
ALTER INDEX
Time: 5.251 ms
ALTER INDEX
Time: 4.470 ms
ALTER INDEX
Time: 5.852 ms
ALTER INDEX
Time: 4.948 ms
ALTER INDEX
Time: 5.688 ms
ALTER INDEX
Time: 5.260 ms
ALTER INDEX
Time: 4.935 ms
ALTER INDEX
Time: 4.624 ms
ALTER INDEX
Time: 3.619 ms
ALTER INDEX
Time: 3.805 ms
ALTER INDEX
Time: 3.461 ms
ALTER INDEX
Time: 3.315 ms
ALTER INDEX
Time: 3.368 ms
ALTER INDEX
Time: 3.325 ms
ALTER INDEX
Time: 3.439 ms
ALTER INDEX
Time: 3.313 ms
ALTER INDEX
Time: 3.178 ms
ALTER INDEX
Time: 3.512 ms
ALTER INDEX
Time: 3.415 ms
ALTER INDEX
Time: 3.366 ms
ALTER INDEX
Time: 3.288 ms
ALTER INDEX
Time: 3.230 ms
ALTER INDEX
Time: 3.133 ms
ALTER INDEX
Time: 3.105 ms
ALTER INDEX
Time: 2.949 ms
ALTER INDEX
Time: 3.427 ms
ALTER INDEX
Time: 3.483 ms
ALTER INDEX
Time: 3.325 ms
ALTER INDEX
Time: 3.002 ms
ALTER INDEX
Time: 3.175 ms
ALTER INDEX
Time: 3.297 ms
ALTER INDEX
Time: 3.081 ms
ALTER INDEX
Time: 3.260 ms
ALTER INDEX
Time: 3.262 ms
ALTER INDEX
Time: 3.846 ms
ALTER INDEX
Time: 3.476 ms
ALTER INDEX
Time: 3.303 ms
ALTER INDEX
Time: 3.313 ms
ALTER INDEX
Time: 3.355 ms
ALTER INDEX
Time: 3.813 ms
ALTER INDEX
Time: 5.250 ms
ALTER INDEX
Time: 3.460 ms
ALTER INDEX
Time: 3.021 ms
ALTER INDEX
Time: 3.349 ms
ALTER INDEX
Time: 3.665 ms
ALTER INDEX
Time: 3.192 ms
ALTER INDEX
Time: 4.233 ms
ALTER INDEX
Time: 3.733 ms
ALTER INDEX
Time: 3.601 ms
ALTER INDEX
Time: 3.337 ms
ALTER INDEX
Time: 3.242 ms
ALTER INDEX
Time: 3.404 ms
ALTER INDEX
Time: 3.744 ms
ALTER INDEX
Time: 4.384 ms
ALTER INDEX
Time: 3.541 ms
ALTER INDEX
Time: 3.350 ms
ALTER INDEX
Time: 3.342 ms
ALTER INDEX
Time: 3.439 ms
ALTER INDEX
Time: 4.294 ms
ALTER INDEX
Time: 3.402 ms
ALTER INDEX
Time: 3.474 ms
ALTER INDEX
Time: 3.961 ms
ALTER INDEX
Time: 3.510 ms
ALTER INDEX
Time: 3.332 ms
ALTER INDEX
Time: 3.559 ms
ALTER INDEX
Time: 3.716 ms
ALTER INDEX
Time: 3.851 ms
ALTER INDEX
Time: 3.374 ms
ALTER INDEX
Time: 3.256 ms
ALTER INDEX
Time: 3.317 ms
ALTER INDEX
Time: 3.948 ms
ALTER INDEX
Time: 3.429 ms
ALTER INDEX
Time: 3.275 ms
ALTER INDEX
Time: 3.158 ms
ALTER INDEX
Time: 3.732 ms
ALTER INDEX
Time: 3.700 ms
ALTER INDEX
Time: 4.218 ms
ALTER INDEX
Time: 3.331 ms
ALTER INDEX
Time: 3.336 ms
ALTER INDEX
Time: 3.839 ms
ALTER INDEX
Time: 3.218 ms
ALTER INDEX
Time: 3.306 ms
ALTER INDEX
Time: 3.448 ms
ALTER INDEX
Time: 3.678 ms
ALTER INDEX
Time: 3.564 ms
ALTER INDEX
Time: 3.676 ms
ALTER INDEX
Time: 3.167 ms
ALTER INDEX
Time: 3.833 ms
ALTER INDEX
Time: 3.809 ms
ALTER INDEX
Time: 3.981 ms
ALTER INDEX
Time: 3.689 ms
ALTER INDEX
Time: 3.207 ms
ALTER INDEX
Time: 3.350 ms
ALTER INDEX
Time: 7.253 ms
ALTER INDEX
Time: 3.442 ms
ALTER INDEX
Time: 5.756 ms
ALTER INDEX
Time: 3.448 ms
ALTER INDEX
Time: 3.211 ms
ALTER INDEX
Time: 3.205 ms
ALTER INDEX
Time: 3.478 ms
ALTER INDEX
Time: 3.062 ms
ALTER INDEX
Time: 3.506 ms
ALTER INDEX
Time: 3.783 ms
ALTER INDEX
Time: 4.048 ms
ALTER INDEX
Time: 3.625 ms
ALTER INDEX
Time: 3.308 ms
ALTER INDEX
Time: 3.606 ms
ALTER INDEX
Time: 3.590 ms
ALTER INDEX
Time: 3.141 ms
ALTER INDEX
Time: 3.065 ms
ALTER INDEX
Time: 3.309 ms
ALTER INDEX
Time: 3.337 ms
ALTER INDEX
Time: 3.410 ms
ALTER INDEX
Time: 3.070 ms
ALTER INDEX
Time: 3.199 ms
ALTER INDEX
Time: 3.510 ms
ALTER INDEX
Time: 3.785 ms
ALTER INDEX
Time: 3.364 ms
ALTER INDEX
Time: 3.686 ms
ALTER INDEX
Time: 3.905 ms
ALTER INDEX
Time: 4.204 ms
ALTER INDEX
Time: 3.508 ms
ALTER INDEX
Time: 4.068 ms
ALTER INDEX
Time: 3.859 ms
ALTER INDEX
Time: 3.804 ms
ALTER INDEX
Time: 3.208 ms
ALTER INDEX
Time: 3.349 ms
ALTER INDEX
Time: 3.801 ms
ALTER INDEX
Time: 4.270 ms
ALTER INDEX
Time: 3.805 ms
ALTER INDEX
Time: 3.232 ms
ALTER INDEX
Time: 3.248 ms
ALTER INDEX
Time: 3.275 ms
ALTER INDEX
Time: 3.256 ms
ALTER INDEX
Time: 4.164 ms
ALTER INDEX
Time: 5.672 ms
ALTER INDEX
Time: 3.536 ms
ALTER INDEX
Time: 3.836 ms
ALTER INDEX
Time: 3.467 ms
ALTER INDEX
Time: 4.138 ms
ALTER INDEX
Time: 3.377 ms
ALTER INDEX
Time: 3.786 ms
ALTER INDEX
Time: 3.885 ms
ALTER INDEX
Time: 3.459 ms
ALTER INDEX
Time: 4.836 ms
ALTER INDEX
Time: 3.494 ms
ALTER INDEX
Time: 3.300 ms
ALTER INDEX
Time: 3.277 ms
ALTER INDEX
Time: 3.376 ms
ALTER INDEX
Time: 3.405 ms
ALTER INDEX
Time: 3.244 ms
ALTER INDEX
Time: 3.242 ms
ALTER INDEX
Time: 3.508 ms
ALTER INDEX
Time: 3.467 ms
ALTER INDEX
Time: 3.372 ms
ALTER INDEX
Time: 4.442 ms
ALTER INDEX
Time: 3.510 ms
ALTER INDEX
Time: 4.039 ms
ALTER INDEX
Time: 3.391 ms
ALTER INDEX
Time: 3.526 ms
ALTER INDEX
Time: 3.374 ms
ALTER INDEX
Time: 3.543 ms
ALTER INDEX
Time: 3.956 ms
ALTER INDEX
Time: 3.388 ms
ALTER INDEX
Time: 3.371 ms
ALTER INDEX
Time: 3.328 ms
ALTER INDEX
Time: 3.389 ms
ALTER INDEX
Time: 3.212 ms
ALTER INDEX
Time: 3.335 ms
ALTER INDEX
Time: 3.464 ms
ALTER INDEX
Time: 3.502 ms
ALTER INDEX
Time: 3.539 ms
ALTER INDEX
Time: 3.251 ms
ALTER INDEX
Time: 3.513 ms
ALTER INDEX
Time: 3.885 ms
ALTER INDEX
Time: 4.363 ms
ALTER INDEX
Time: 3.416 ms
ALTER INDEX
Time: 3.210 ms
ALTER INDEX
Time: 3.197 ms
ALTER INDEX
Time: 4.482 ms
ALTER INDEX
Time: 3.366 ms
ALTER INDEX
Time: 3.305 ms
ALTER INDEX
Time: 4.229 ms
ALTER INDEX
Time: 4.085 ms
ALTER INDEX
Time: 3.328 ms
ALTER INDEX
Time: 3.540 ms
ALTER INDEX
Time: 3.294 ms
ALTER INDEX
Time: 3.281 ms
ALTER INDEX
Time: 3.275 ms
ALTER INDEX
Time: 3.347 ms
ALTER INDEX
Time: 4.246 ms
ALTER INDEX
Time: 3.573 ms
ALTER INDEX
Time: 4.026 ms
ALTER INDEX
Time: 4.068 ms
ALTER INDEX
Time: 3.469 ms
ALTER INDEX
Time: 3.335 ms
ALTER INDEX
Time: 3.557 ms
ALTER INDEX
Time: 3.658 ms
ALTER INDEX
Time: 3.907 ms
ALTER INDEX
Time: 3.315 ms
ALTER INDEX
Time: 3.382 ms
ALTER INDEX
Time: 3.189 ms
ALTER INDEX
Time: 4.024 ms
ALTER INDEX
Time: 3.272 ms
ALTER INDEX
Time: 3.501 ms
ALTER INDEX
Time: 3.289 ms
ALTER INDEX
Time: 3.616 ms
ALTER INDEX
Time: 3.342 ms
ALTER INDEX
Time: 3.764 ms
ALTER INDEX
Time: 3.193 ms
ALTER INDEX
Time: 3.339 ms
ALTER INDEX
Time: 4.228 ms
ALTER INDEX
Time: 3.706 ms
ALTER INDEX
Time: 4.159 ms
ALTER INDEX
Time: 3.561 ms
ALTER INDEX
Time: 3.497 ms
ALTER INDEX
Time: 3.937 ms
ALTER INDEX
Time: 4.171 ms
ALTER INDEX
Time: 3.563 ms
ALTER INDEX
Time: 3.150 ms
ALTER INDEX
Time: 3.021 ms
ALTER INDEX
Time: 3.129 ms
ALTER INDEX
Time: 3.362 ms
ALTER INDEX
Time: 3.485 ms
ALTER INDEX
Time: 3.305 ms
ALTER INDEX
Time: 3.083 ms
ALTER INDEX
Time: 3.729 ms
ALTER INDEX
Time: 3.208 ms
ALTER INDEX
Time: 3.931 ms
ALTER INDEX
Time: 4.131 ms
ALTER INDEX
Time: 3.564 ms
ALTER INDEX
Time: 3.544 ms
ALTER INDEX
Time: 3.282 ms
ALTER INDEX
Time: 3.641 ms
ALTER INDEX
Time: 3.659 ms
ALTER INDEX
Time: 3.843 ms
ALTER INDEX
Time: 3.315 ms
ALTER INDEX
Time: 3.527 ms
ALTER INDEX
Time: 3.260 ms
ALTER INDEX
Time: 4.004 ms
ALTER INDEX
Time: 3.099 ms
ALTER INDEX
Time: 3.746 ms
ALTER INDEX
Time: 3.328 ms
ALTER INDEX
Time: 3.639 ms
ALTER INDEX
Time: 3.463 ms
ALTER INDEX
Time: 3.307 ms
ALTER INDEX
Time: 3.490 ms
ALTER INDEX
Time: 3.332 ms
ALTER INDEX
Time: 3.236 ms
CREATE INDEX
Time: 27.148 ms
CREATE INDEX
Time: 4.138 ms
CREATE INDEX
Time: 3.761 ms
CREATE INDEX
Time: 3.600 ms
CREATE INDEX
Time: 3.990 ms
CREATE INDEX
Time: 3.972 ms
CREATE INDEX
Time: 5.990 ms
ALTER INDEX
Time: 14.458 ms
ALTER INDEX
Time: 5.304 ms
ALTER INDEX
Time: 12.398 ms
ALTER INDEX
Time: 5.494 ms
ALTER INDEX
Time: 4.879 ms
ALTER INDEX
Time: 5.597 ms
ALTER INDEX
Time: 4.461 ms
ALTER INDEX
Time: 3.282 ms
ALTER INDEX
Time: 4.906 ms
ALTER INDEX
Time: 3.421 ms
ALTER INDEX
Time: 3.501 ms
ALTER INDEX
Time: 5.391 ms
ALTER INDEX
Time: 3.786 ms
ALTER INDEX
Time: 3.557 ms
ALTER INDEX
Time: 3.538 ms
ALTER INDEX
Time: 4.306 ms
ALTER INDEX
Time: 3.535 ms
ALTER INDEX
Time: 3.710 ms
ALTER INDEX
Time: 3.201 ms
ALTER INDEX
Time: 3.357 ms
ALTER INDEX
Time: 3.704 ms
ALTER INDEX
Time: 3.362 ms
ALTER INDEX
Time: 3.548 ms
ALTER INDEX
Time: 3.941 ms
ALTER INDEX
Time: 3.714 ms
ALTER INDEX
Time: 3.810 ms
ALTER INDEX
Time: 3.445 ms
ALTER INDEX
Time: 3.307 ms
ALTER INDEX
Time: 3.235 ms
ALTER INDEX
Time: 4.056 ms
ALTER INDEX
Time: 3.404 ms
ALTER INDEX
Time: 3.790 ms
ALTER INDEX
Time: 3.681 ms
ALTER INDEX
Time: 3.881 ms
ALTER INDEX
Time: 3.514 ms
ALTER INDEX
Time: 4.184 ms
ALTER INDEX
Time: 3.553 ms
ALTER INDEX
Time: 3.140 ms
ALTER INDEX
Time: 3.414 ms
ALTER INDEX
Time: 4.022 ms
ALTER INDEX
Time: 4.467 ms
ALTER INDEX
Time: 3.612 ms
ALTER INDEX
Time: 3.181 ms
ALTER INDEX
Time: 3.424 ms
ALTER INDEX
Time: 3.247 ms
ALTER INDEX
Time: 3.743 ms
ALTER INDEX
Time: 3.112 ms
ALTER INDEX
Time: 3.945 ms
ALTER INDEX
Time: 3.641 ms
ALTER INDEX
Time: 3.408 ms
ALTER INDEX
Time: 3.292 ms
ALTER INDEX
Time: 3.634 ms
ALTER INDEX
Time: 3.857 ms
ALTER INDEX
Time: 3.031 ms
ALTER INDEX
Time: 3.231 ms
ALTER INDEX
Time: 3.706 ms
ALTER INDEX
Time: 3.300 ms
ALTER INDEX
Time: 4.836 ms
ALTER INDEX
Time: 3.645 ms
ALTER INDEX
Time: 3.196 ms
ALTER INDEX
Time: 3.413 ms
ALTER INDEX
Time: 3.619 ms
ALTER INDEX
Time: 3.751 ms
ALTER INDEX
Time: 3.585 ms
ALTER INDEX
Time: 3.924 ms
ALTER INDEX
Time: 3.642 ms
ALTER INDEX
Time: 3.410 ms
ALTER INDEX
Time: 4.350 ms
ALTER INDEX
Time: 4.664 ms
ALTER INDEX
Time: 3.677 ms
ALTER INDEX
Time: 3.859 ms
ALTER INDEX
Time: 3.537 ms
ALTER INDEX
Time: 3.528 ms
ALTER INDEX
Time: 3.480 ms
ALTER INDEX
Time: 3.685 ms
ALTER INDEX
Time: 3.272 ms
ALTER INDEX
Time: 4.179 ms
ALTER INDEX
Time: 3.360 ms
ALTER INDEX
Time: 3.074 ms
ALTER INDEX
Time: 3.608 ms
ALTER INDEX
Time: 3.396 ms
ALTER INDEX
Time: 3.799 ms
ALTER INDEX
Time: 3.490 ms
ALTER INDEX
Time: 3.748 ms
ALTER INDEX
Time: 3.362 ms
ALTER INDEX
Time: 3.858 ms
ALTER INDEX
Time: 4.006 ms
ALTER INDEX
Time: 3.505 ms
ALTER INDEX
Time: 3.750 ms
ALTER INDEX
Time: 3.774 ms
ALTER INDEX
Time: 3.634 ms
ALTER INDEX
Time: 3.484 ms
ALTER INDEX
Time: 3.544 ms
ALTER INDEX
Time: 3.389 ms
ALTER INDEX
Time: 3.247 ms
ALTER INDEX
Time: 3.955 ms
ALTER INDEX
Time: 4.732 ms
ALTER INDEX
Time: 3.502 ms
ALTER INDEX
Time: 3.290 ms
ALTER INDEX
Time: 3.814 ms
ALTER INDEX
Time: 3.624 ms
ALTER INDEX
Time: 3.323 ms
ALTER INDEX
Time: 3.206 ms
ALTER INDEX
Time: 3.768 ms
ALTER INDEX
Time: 3.451 ms
ALTER INDEX
Time: 3.159 ms
ALTER INDEX
Time: 3.363 ms
ALTER INDEX
Time: 3.294 ms
ALTER INDEX
Time: 3.722 ms
ALTER INDEX
Time: 3.406 ms
ALTER INDEX
Time: 3.285 ms
ALTER INDEX
Time: 3.647 ms
CREATE INDEX
Time: 13.727 ms
CREATE INDEX
Time: 4.060 ms
CREATE INDEX
Time: 3.902 ms
CREATE INDEX
Time: 4.386 ms
ALTER INDEX
Time: 11.633 ms
ALTER INDEX
Time: 5.308 ms
ALTER INDEX
Time: 6.712 ms
ALTER INDEX
Time: 3.578 ms
ALTER INDEX
Time: 3.203 ms
ALTER INDEX
Time: 3.078 ms
ALTER INDEX
Time: 5.514 ms
ALTER INDEX
Time: 3.892 ms
ALTER INDEX
Time: 3.851 ms
ALTER INDEX
Time: 3.368 ms
ALTER INDEX
Time: 5.394 ms
ALTER INDEX
Time: 3.358 ms
ALTER INDEX
Time: 5.748 ms
ALTER INDEX
Time: 3.636 ms
ALTER INDEX
Time: 3.499 ms
ALTER INDEX
Time: 3.507 ms
ALTER INDEX
Time: 3.899 ms
ALTER INDEX
Time: 4.221 ms
ALTER INDEX
Time: 3.154 ms
ALTER INDEX
Time: 3.551 ms
ALTER INDEX
Time: 3.445 ms
ALTER INDEX
Time: 3.665 ms
ALTER INDEX
Time: 3.237 ms
ALTER INDEX
Time: 3.305 ms
ALTER INDEX
Time: 3.360 ms
ALTER INDEX
Time: 3.419 ms
ALTER INDEX
Time: 3.402 ms
ALTER INDEX
Time: 3.371 ms
ALTER INDEX
Time: 3.379 ms
ALTER INDEX
Time: 3.396 ms
ALTER INDEX
Time: 3.435 ms
ALTER INDEX
Time: 3.335 ms
ALTER INDEX
Time: 3.982 ms
ALTER INDEX
Time: 3.901 ms
ALTER INDEX
Time: 3.435 ms
ALTER INDEX
Time: 3.200 ms
ALTER INDEX
Time: 3.961 ms
ALTER INDEX
Time: 3.718 ms
ALTER INDEX
Time: 3.234 ms
ALTER INDEX
Time: 3.691 ms
ALTER INDEX
Time: 5.502 ms
ALTER INDEX
Time: 3.567 ms
ALTER INDEX
Time: 3.944 ms
ALTER INDEX
Time: 3.542 ms
ALTER INDEX
Time: 3.412 ms
ALTER INDEX
Time: 3.432 ms
ALTER INDEX
Time: 3.327 ms
ALTER INDEX
Time: 3.435 ms
ALTER INDEX
Time: 3.758 ms
ALTER INDEX
Time: 3.820 ms
ALTER INDEX
Time: 3.404 ms
ALTER INDEX
Time: 3.854 ms
ALTER INDEX
Time: 3.357 ms
ALTER INDEX
Time: 3.537 ms
ALTER INDEX
Time: 3.248 ms
ALTER INDEX
Time: 3.254 ms
ALTER INDEX
Time: 3.330 ms
ALTER INDEX
Time: 3.388 ms
ALTER INDEX
Time: 3.518 ms
ALTER INDEX
Time: 3.832 ms
ALTER INDEX
Time: 3.465 ms
ALTER INDEX
Time: 3.206 ms
ALTER INDEX
Time: 3.128 ms
ALTER INDEX
Time: 3.838 ms
       current_timestamp       
-------------------------------
 2023-07-20 19:52:58.698339-07
(1 row)

Time: 0.347 ms
