Timing is on.
SET
Time: 0.419 ms
       current_timestamp       
-------------------------------
 2023-07-19 12:44:14.464422-07
(1 row)

Time: 0.407 ms
               status                
-------------------------------------
 creating index on psp_company_event
(1 row)

Time: 0.328 ms
CREATE INDEX
Time: 646134.505 ms (10:46.135)
CREATE INDEX
Time: 513384.381 ms (08:33.384)
CREATE INDEX
Time: 738752.286 ms (12:18.752)
CREATE INDEX
Time: 531560.705 ms (08:51.561)
CREATE INDEX
Time: 695846.205 ms (11:35.846)
CREATE INDEX
Time: 574171.669 ms (09:34.172)
CREATE INDEX
Time: 703899.526 ms (11:43.900)
CREATE INDEX
Time: 799710.573 ms (13:19.711)
CREATE INDEX
Time: 1026727.723 ms (17:06.728)
CREATE INDEX
Time: 1013731.263 ms (16:53.731)
CREATE INDEX
Time: 1010680.351 ms (16:50.680)
CREATE INDEX
Time: 891535.027 ms (14:51.535)
CREATE INDEX
Time: 955405.669 ms (15:55.406)
CREATE INDEX
Time: 962712.701 ms (16:02.713)
CREATE INDEX
Time: 925616.448 ms (15:25.616)
CREATE INDEX
Time: 1099569.447 ms (18:19.569)
CREATE INDEX
Time: 201992.631 ms (03:21.993)
CREATE INDEX
Time: 296413.426 ms (04:56.413)
CREATE INDEX
Time: 300810.060 ms (05:00.810)
CREATE INDEX
Time: 276755.528 ms (04:36.756)
CREATE INDEX
Time: 371425.953 ms (06:11.426)
CREATE INDEX
Time: 294129.290 ms (04:54.129)
CREATE INDEX
Time: 208957.831 ms (03:28.958)
CREATE INDEX
Time: 181121.482 ms (03:01.121)
CREATE INDEX
Time: 960841.259 ms (16:00.841)
CREATE INDEX
Time: 800061.506 ms (13:20.062)
CREATE INDEX
Time: 805158.612 ms (13:25.159)
CREATE INDEX
Time: 978705.958 ms (16:18.706)
CREATE INDEX
Time: 635389.304 ms (10:35.389)
CREATE INDEX
Time: 758539.371 ms (12:38.539)
CREATE INDEX
Time: 784891.066 ms (13:04.891)
CREATE INDEX
Time: 694234.402 ms (11:34.234)
           status            
-----------------------------
 psp_company_event completed
(1 row)

Time: 0.439 ms
       current_timestamp       
-------------------------------
 2023-07-19 18:44:53.335039-07
(1 row)

Time: 0.265 ms
                   status                   
--------------------------------------------
 creating index on psp_company_event_detail
(1 row)

Time: 0.245 ms
CREATE INDEX
Time: 5209464.717 ms (01:26:49.465)
CREATE INDEX
Time: 4768619.514 ms (01:19:28.620)
CREATE INDEX
Time: 5287027.716 ms (01:28:07.028)
CREATE INDEX
Time: 4180794.673 ms (01:09:40.795)
CREATE INDEX
Time: 2313875.511 ms (38:33.876)
CREATE INDEX
Time: 2324051.759 ms (38:44.052)
CREATE INDEX
Time: 4059048.068 ms (01:07:39.048)
CREATE INDEX
Time: 5523280.337 ms (01:32:03.280)
CREATE INDEX
Time: 1318319.029 ms (21:58.319)
CREATE INDEX
Time: 1612956.994 ms (26:52.957)
CREATE INDEX
Time: 1354897.024 ms (22:34.897)
CREATE INDEX
Time: 1315121.085 ms (21:55.121)
CREATE INDEX
Time: 1391053.829 ms (23:11.054)
CREATE INDEX
Time: 1342651.763 ms (22:22.652)
CREATE INDEX
Time: 1335494.210 ms (22:15.494)
CREATE INDEX
Time: 1409277.966 ms (23:29.278)
CREATE INDEX
Time: 1521252.742 ms (25:21.253)
CREATE INDEX
Time: 1279822.713 ms (21:19.823)
CREATE INDEX
Time: 1458094.290 ms (24:18.094)
CREATE INDEX
Time: 1393314.208 ms (23:13.314)
CREATE INDEX
Time: 1537935.685 ms (25:37.936)
CREATE INDEX
Time: 1395111.478 ms (23:15.111)
CREATE INDEX
Time: 970526.184 ms (16:10.526)
CREATE INDEX
Time: 918239.064 ms (15:18.239)
               status               
------------------------------------
 psp_company_event_detail completed
(1 row)

Time: 0.414 ms
       current_timestamp       
-------------------------------
 2023-07-20 10:05:13.576652-07
(1 row)

Time: 0.234 ms
                     status                      
-------------------------------------------------
 creating index on psp_company_event_email_param
(1 row)

Time: 0.232 ms
CREATE INDEX
Time: 748631.529 ms (12:28.632)
CREATE INDEX
Time: 617118.129 ms (10:17.118)
CREATE INDEX
Time: 626700.032 ms (10:26.700)
CREATE INDEX
Time: 616914.032 ms (10:16.914)
CREATE INDEX
Time: 582743.172 ms (09:42.743)
CREATE INDEX
Time: 585190.744 ms (09:45.191)
CREATE INDEX
Time: 587839.765 ms (09:47.840)
CREATE INDEX
Time: 560262.030 ms (09:20.262)
CREATE INDEX
Time: 357282.670 ms (05:57.283)
CREATE INDEX
Time: 367232.531 ms (06:07.233)
CREATE INDEX
Time: 359775.496 ms (05:59.775)
CREATE INDEX
Time: 360712.107 ms (06:00.712)
CREATE INDEX
Time: 370883.878 ms (06:10.884)
CREATE INDEX
Time: 364477.081 ms (06:04.477)
CREATE INDEX
Time: 358329.329 ms (05:58.329)
CREATE INDEX
Time: 359200.027 ms (05:59.200)
                 status                  
-----------------------------------------
 psp_company_event_email_param completed
(1 row)

Time: 0.558 ms
      current_timestamp      
-----------------------------
 2023-07-20 12:15:36.8646-07
(1 row)

Time: 1.283 ms
                status                
--------------------------------------
 creating index on psp_property_audit
(1 row)

Time: 0.287 ms
CREATE INDEX
Time: 144126.504 ms (02:24.127)
CREATE INDEX
Time: 144257.824 ms (02:24.258)
CREATE INDEX
Time: 144768.142 ms (02:24.768)
CREATE INDEX
Time: 143089.923 ms (02:23.090)
CREATE INDEX
Time: 143230.139 ms (02:23.230)
CREATE INDEX
Time: 145831.113 ms (02:25.831)
CREATE INDEX
Time: 141043.207 ms (02:21.043)
CREATE INDEX
Time: 140591.463 ms (02:20.591)
            status            
------------------------------
 psp_property_audit completed
(1 row)

Time: 0.485 ms
       current_timestamp       
-------------------------------
 2023-07-20 12:34:43.804569-07
(1 row)

Time: 0.315 ms
                     status                     
------------------------------------------------
 creating index on psp_disburse_advice_tax_liab
(1 row)

Time: 0.300 ms
CREATE INDEX
Time: 200810.844 ms (03:20.811)
CREATE INDEX
Time: 205089.823 ms (03:25.090)
CREATE INDEX
Time: 199996.008 ms (03:19.996)
CREATE INDEX
Time: 202001.031 ms (03:22.001)
CREATE INDEX
Time: 175603.186 ms (02:55.603)
CREATE INDEX
Time: 180084.945 ms (03:00.085)
CREATE INDEX
Time: 176674.944 ms (02:56.675)
CREATE INDEX
Time: 176749.182 ms (02:56.749)
CREATE INDEX
Time: 108725.995 ms (01:48.726)
CREATE INDEX
Time: 110540.847 ms (01:50.541)
CREATE INDEX
Time: 109550.467 ms (01:49.550)
CREATE INDEX
Time: 111259.808 ms (01:51.260)
                 status                 
----------------------------------------
 psp_disburse_advice_tax_liab completed
(1 row)

Time: 0.516 ms
       current_timestamp       
-------------------------------
 2023-07-20 13:07:20.893632-07
(1 row)

Time: 0.313 ms
