Timing is on.
SET
Time: 3.860 ms
       current_timestamp       
-------------------------------
 2023-07-19 12:44:45.962762-07
(1 row)

Time: 3.866 ms
                  status                   
-------------------------------------------
 creating index on psp_entry_detail_record
(1 row)

Time: 3.881 ms
CREATE INDEX
Time: 458511.481 ms (07:38.511)
CREATE INDEX
Time: 268904.314 ms (04:28.904)
CREATE INDEX
Time: 380738.013 ms (06:20.738)
CREATE INDEX
Time: 444854.431 ms (07:24.854)
CREATE INDEX
Time: 217891.267 ms (03:37.891)
CREATE INDEX
Time: 496348.967 ms (08:16.349)
CREATE INDEX
Time: 322968.265 ms (05:22.968)
CREATE INDEX
Time: 354248.044 ms (05:54.248)
CREATE INDEX
Time: 258030.221 ms (04:18.030)
CREATE INDEX
Time: 237654.289 ms (03:57.654)
CREATE INDEX
Time: 402187.148 ms (06:42.187)
CREATE INDEX
Time: 353577.511 ms (05:53.578)
CREATE INDEX
Time: 172398.565 ms (02:52.399)
CREATE INDEX
Time: 424406.294 ms (07:04.406)
CREATE INDEX
Time: 321735.335 ms (05:21.735)
CREATE INDEX
Time: 324147.791 ms (05:24.148)
CREATE INDEX
Time: 721575.970 ms (12:01.576)
CREATE INDEX
Time: 702426.292 ms (11:42.426)
CREATE INDEX
Time: 458835.028 ms (07:38.835)
CREATE INDEX
Time: 700944.512 ms (11:40.945)
CREATE INDEX
Time: 412471.660 ms (06:52.472)
CREATE INDEX
Time: 799470.579 ms (13:19.471)
CREATE INDEX
Time: 657822.119 ms (10:57.822)
CREATE INDEX
Time: 554767.988 ms (09:14.768)
CREATE INDEX
Time: 685591.498 ms (11:25.591)
CREATE INDEX
Time: 843878.037 ms (14:03.878)
CREATE INDEX
Time: 745489.399 ms (12:25.489)
CREATE INDEX
Time: 496471.127 ms (08:16.471)
CREATE INDEX
Time: 710578.527 ms (11:50.579)
CREATE INDEX
Time: 761119.945 ms (12:41.120)
CREATE INDEX
Time: 420346.949 ms (07:00.347)
CREATE INDEX
Time: 796799.726 ms (13:16.800)
CREATE INDEX
Time: 940100.745 ms (15:40.101)
CREATE INDEX
Time: 923539.193 ms (15:23.539)
CREATE INDEX
Time: 1089154.800 ms (18:09.155)
CREATE INDEX
Time: 757939.855 ms (12:37.940)
CREATE INDEX
Time: 815732.067 ms (13:35.732)
CREATE INDEX
Time: 656412.339 ms (10:56.412)
CREATE INDEX
Time: 846996.940 ms (14:06.997)
CREATE INDEX
Time: 685882.432 ms (11:25.882)
CREATE INDEX
Time: 936982.635 ms (15:36.983)
CREATE INDEX
Time: 768227.980 ms (12:48.228)
CREATE INDEX
Time: 737282.080 ms (12:17.282)
CREATE INDEX
Time: 638144.592 ms (10:38.145)
CREATE INDEX
Time: 736986.027 ms (12:16.986)
CREATE INDEX
Time: 826503.236 ms (13:46.503)
CREATE INDEX
Time: 940134.335 ms (15:40.134)
CREATE INDEX
Time: 920237.304 ms (15:20.237)
CREATE INDEX
Time: 466612.819 ms (07:46.613)
CREATE INDEX
Time: 374160.617 ms (06:14.161)
CREATE INDEX
Time: 507303.068 ms (08:27.303)
CREATE INDEX
Time: 458932.960 ms (07:38.933)
CREATE INDEX
Time: 289075.438 ms (04:49.075)
CREATE INDEX
Time: 366722.771 ms (06:06.723)
CREATE INDEX
Time: 282722.701 ms (04:42.723)
CREATE INDEX
Time: 473023.467 ms (07:53.023)
CREATE INDEX
Time: 494733.714 ms (08:14.734)
CREATE INDEX
Time: 517149.946 ms (08:37.150)
CREATE INDEX
Time: 349736.489 ms (05:49.736)
CREATE INDEX
Time: 319286.961 ms (05:19.287)
CREATE INDEX
Time: 385742.511 ms (06:25.743)
CREATE INDEX
Time: 298229.380 ms (04:58.229)
CREATE INDEX
Time: 400903.660 ms (06:40.904)
CREATE INDEX
Time: 372719.207 ms (06:12.719)
CREATE INDEX
Time: 288602.358 ms (04:48.602)
CREATE INDEX
Time: 308827.161 ms (05:08.827)
CREATE INDEX
Time: 247825.157 ms (04:07.825)
CREATE INDEX
Time: 302775.651 ms (05:02.776)
CREATE INDEX
Time: 302967.878 ms (05:02.968)
CREATE INDEX
Time: 289109.091 ms (04:49.109)
CREATE INDEX
Time: 323325.771 ms (05:23.326)
CREATE INDEX
Time: 313396.726 ms (05:13.397)
CREATE INDEX
Time: 282258.208 ms (04:42.258)
CREATE INDEX
Time: 297802.950 ms (04:57.803)
CREATE INDEX
Time: 295450.538 ms (04:55.451)
CREATE INDEX
Time: 290244.123 ms (04:50.244)
CREATE INDEX
Time: 260643.922 ms (04:20.644)
CREATE INDEX
Time: 255931.642 ms (04:15.932)
CREATE INDEX
Time: 278569.756 ms (04:38.570)
CREATE INDEX
Time: 291926.321 ms (04:51.926)
CREATE INDEX
Time: 169229.424 ms (02:49.229)
CREATE INDEX
Time: 174004.652 ms (02:54.005)
CREATE INDEX
Time: 162374.406 ms (02:42.374)
CREATE INDEX
Time: 154538.397 ms (02:34.538)
CREATE INDEX
Time: 190905.616 ms (03:10.906)
CREATE INDEX
Time: 169558.386 ms (02:49.558)
CREATE INDEX
Time: 193753.250 ms (03:13.753)
CREATE INDEX
Time: 146914.303 ms (02:26.914)
CREATE INDEX
Time: 242731.453 ms (04:02.731)
CREATE INDEX
Time: 184743.584 ms (03:04.744)
CREATE INDEX
Time: 229118.072 ms (03:49.118)
CREATE INDEX
Time: 225087.132 ms (03:45.087)
CREATE INDEX
Time: 206243.548 ms (03:26.244)
CREATE INDEX
Time: 271052.703 ms (04:31.053)
CREATE INDEX
Time: 222362.531 ms (03:42.363)
CREATE INDEX
Time: 187745.575 ms (03:07.746)
              status               
-----------------------------------
 psp_entry_detail_record completed
(1 row)

Time: 1.531 ms
       current_timestamp       
-------------------------------
 2023-07-20 00:45:30.504488-07
(1 row)

Time: 1.086 ms
