Timing is on.
SET
Time: 4.281 ms
       current_timestamp       
-------------------------------
 2023-07-19 22:06:02.169973-07
(1 row)

Time: 6.267 ms
                  status                  
------------------------------------------
 creating index on psp_qbdt_paycheck_info
(1 row)

Time: 1.880 ms
CREATE INDEX
Time: 247505.847 ms (04:07.506)
CREATE INDEX
Time: 247070.847 ms (04:07.071)
CREATE INDEX
Time: 350592.556 ms (05:50.593)
CREATE INDEX
Time: 287752.033 ms (04:47.752)
CREATE INDEX
Time: 289998.131 ms (04:49.998)
CREATE INDEX
Time: 311705.193 ms (05:11.705)
CREATE INDEX
Time: 298595.565 ms (04:58.596)
CREATE INDEX
Time: 266851.370 ms (04:26.851)
CREATE INDEX
Time: 280948.742 ms (04:40.949)
CREATE INDEX
Time: 330063.654 ms (05:30.064)
CREATE INDEX
Time: 319039.475 ms (05:19.039)
CREATE INDEX
Time: 274572.348 ms (04:34.572)
CREATE INDEX
Time: 331386.735 ms (05:31.387)
CREATE INDEX
Time: 313543.783 ms (05:13.544)
CREATE INDEX
Time: 299666.809 ms (04:59.667)
CREATE INDEX
Time: 306530.951 ms (05:06.531)
CREATE INDEX
Time: 273558.345 ms (04:33.558)
CREATE INDEX
Time: 242932.188 ms (04:02.932)
CREATE INDEX
Time: 246260.286 ms (04:06.260)
CREATE INDEX
Time: 210130.437 ms (03:30.130)
CREATE INDEX
Time: 252968.089 ms (04:12.968)
CREATE INDEX
Time: 191295.097 ms (03:11.295)
CREATE INDEX
Time: 210434.761 ms (03:30.435)
CREATE INDEX
Time: 225699.857 ms (03:45.700)
CREATE INDEX
Time: 227206.694 ms (03:47.207)
CREATE INDEX
Time: 258422.633 ms (04:18.423)
CREATE INDEX
Time: 195621.781 ms (03:15.622)
CREATE INDEX
Time: 257798.901 ms (04:17.799)
CREATE INDEX
Time: 261399.041 ms (04:21.399)
CREATE INDEX
Time: 327694.258 ms (05:27.694)
CREATE INDEX
Time: 237465.767 ms (03:57.466)
CREATE INDEX
Time: 525959.212 ms (08:45.959)
CREATE INDEX
Time: 613985.743 ms (10:13.986)
CREATE INDEX
Time: 472052.889 ms (07:52.053)
CREATE INDEX
Time: 363321.160 ms (06:03.321)
CREATE INDEX
Time: 394613.554 ms (06:34.614)
CREATE INDEX
Time: 408582.852 ms (06:48.583)
CREATE INDEX
Time: 360948.353 ms (06:00.948)
CREATE INDEX
Time: 530495.821 ms (08:50.496)
CREATE INDEX
Time: 367004.143 ms (06:07.004)
CREATE INDEX
Time: 512793.305 ms (08:32.793)
CREATE INDEX
Time: 526113.826 ms (08:46.114)
CREATE INDEX
Time: 518895.247 ms (08:38.895)
CREATE INDEX
Time: 429822.211 ms (07:09.822)
CREATE INDEX
Time: 405733.626 ms (06:45.734)
CREATE INDEX
Time: 385248.302 ms (06:25.248)
CREATE INDEX
Time: 499494.792 ms (08:19.495)
CREATE INDEX
Time: 474846.691 ms (07:54.847)
CREATE INDEX
Time: 250190.280 ms (04:10.190)
CREATE INDEX
Time: 224877.348 ms (03:44.877)
CREATE INDEX
Time: 151073.003 ms (02:31.073)
CREATE INDEX
Time: 213814.277 ms (03:33.814)
CREATE INDEX
Time: 228162.499 ms (03:48.162)
CREATE INDEX
Time: 216439.727 ms (03:36.440)
CREATE INDEX
Time: 196639.078 ms (03:16.639)
CREATE INDEX
Time: 150562.121 ms (02:30.562)
CREATE INDEX
Time: 113888.049 ms (01:53.888)
CREATE INDEX
Time: 166721.712 ms (02:46.722)
CREATE INDEX
Time: 108297.838 ms (01:48.298)
CREATE INDEX
Time: 157621.394 ms (02:37.621)
CREATE INDEX
Time: 136332.766 ms (02:16.333)
CREATE INDEX
Time: 221619.891 ms (03:41.620)
CREATE INDEX
Time: 157495.509 ms (02:37.496)
CREATE INDEX
Time: 219682.430 ms (03:39.682)
           status            
-----------------------------
 psp_qbdt_paycheck completed
(1 row)

Time: 1.537 ms
       current_timestamp       
-------------------------------
 2023-07-20 03:24:00.223635-07
(1 row)

Time: 0.551 ms
                 status                  
-----------------------------------------
 creating index on psp_qbdt_payline_info
(1 row)

Time: 0.238 ms
CREATE INDEX
Time: 152705.170 ms (02:32.705)
CREATE INDEX
Time: 129322.602 ms (02:09.323)
CREATE INDEX
Time: 178836.591 ms (02:58.837)
CREATE INDEX
Time: 170459.221 ms (02:50.459)
CREATE INDEX
Time: 175805.881 ms (02:55.806)
CREATE INDEX
Time: 160636.341 ms (02:40.636)
CREATE INDEX
Time: 162882.712 ms (02:42.883)
CREATE INDEX
Time: 153366.610 ms (02:33.367)
CREATE INDEX
Time: 157842.158 ms (02:37.842)
CREATE INDEX
Time: 140323.366 ms (02:20.323)
CREATE INDEX
Time: 138483.862 ms (02:18.484)
CREATE INDEX
Time: 163004.379 ms (02:43.004)
CREATE INDEX
Time: 134519.015 ms (02:14.519)
CREATE INDEX
Time: 176124.350 ms (02:56.124)
CREATE INDEX
Time: 157867.372 ms (02:37.867)
CREATE INDEX
Time: 196109.454 ms (03:16.109)
CREATE INDEX
Time: 553507.197 ms (09:13.507)
CREATE INDEX
Time: 579567.399 ms (09:39.567)
CREATE INDEX
Time: 415085.608 ms (06:55.086)
CREATE INDEX
Time: 700157.093 ms (11:40.157)
CREATE INDEX
Time: 545647.779 ms (09:05.648)
CREATE INDEX
Time: 392094.070 ms (06:32.094)
CREATE INDEX
Time: 509087.305 ms (08:29.087)
CREATE INDEX
Time: 562975.425 ms (09:22.975)
CREATE INDEX
Time: 474673.741 ms (07:54.674)
CREATE INDEX
Time: 549310.807 ms (09:09.311)
CREATE INDEX
Time: 425262.359 ms (07:05.262)
CREATE INDEX
Time: 563106.867 ms (09:23.107)
CREATE INDEX
Time: 483377.781 ms (08:03.378)
CREATE INDEX
Time: 377140.699 ms (06:17.141)
CREATE INDEX
Time: 582192.890 ms (09:42.193)
CREATE INDEX
Time: 457833.551 ms (07:37.834)
CREATE INDEX
Time: 254508.983 ms (04:14.509)
CREATE INDEX
Time: 444306.926 ms (07:24.307)
CREATE INDEX
Time: 353939.255 ms (05:53.939)
CREATE INDEX
Time: 411918.998 ms (06:51.919)
CREATE INDEX
Time: 249549.824 ms (04:09.550)
CREATE INDEX
Time: 401327.770 ms (06:41.328)
CREATE INDEX
Time: 373867.413 ms (06:13.867)
CREATE INDEX
Time: 369282.555 ms (06:09.283)
CREATE INDEX
Time: 523059.636 ms (08:43.060)
CREATE INDEX
Time: 441536.450 ms (07:21.536)
CREATE INDEX
Time: 396700.005 ms (06:36.700)
CREATE INDEX
Time: 404129.285 ms (06:44.129)
CREATE INDEX
Time: 472172.280 ms (07:52.172)
CREATE INDEX
Time: 431067.907 ms (07:11.068)
CREATE INDEX
Time: 240985.128 ms (04:00.985)
CREATE INDEX
Time: 427248.453 ms (07:07.248)
CREATE INDEX
Time: 195451.885 ms (03:15.452)
CREATE INDEX
Time: 209882.634 ms (03:29.883)
CREATE INDEX
Time: 254495.245 ms (04:14.495)
CREATE INDEX
Time: 260093.542 ms (04:20.094)
CREATE INDEX
Time: 214935.985 ms (03:34.936)
CREATE INDEX
Time: 140695.109 ms (02:20.695)
CREATE INDEX
Time: 253172.815 ms (04:13.173)
CREATE INDEX
Time: 271586.938 ms (04:31.587)
CREATE INDEX
Time: 223530.439 ms (03:43.530)
CREATE INDEX
Time: 132750.984 ms (02:12.751)
CREATE INDEX
Time: 239427.889 ms (03:59.428)
CREATE INDEX
Time: 299349.112 ms (04:59.349)
CREATE INDEX
Time: 222815.635 ms (03:42.816)
CREATE INDEX
Time: 194221.293 ms (03:14.221)
CREATE INDEX
Time: 278465.433 ms (04:38.465)
CREATE INDEX
Time: 276933.673 ms (04:36.934)
             status              
---------------------------------
 psp_qbdt_payline_info completed
(1 row)

Time: 0.561 ms
       current_timestamp       
-------------------------------
 2023-07-20 09:07:02.959492-07
(1 row)

Time: 0.351 ms
