14:46:31 SQL> select /*+ index_ffs(PSP_ACCOUNTING_REPORT_FILE SYS_C0020657) parallel_index(PSP_ACCOUNTING_REPORT_FILE SYS_C0020657)*/ count(*) from pspadm.PSP_ACCOUNTING_REPORT_FILE PSP_ACCOUNTING_REPORT_FILE;

  COUNT(*)                                                                      
----------                                                                      
     10539                                                                      

1 row selected.

Elapsed: 00:00:00.14
14:46:31 SQL> select /*+ index_ffs(PSP_ACHENROLLMENT PSP_ACHENROLLMENT_FK2) parallel_index(PSP_ACHENROLLMENT PSP_ACHENROLLMENT_FK2)*/ count(*) from pspadm.PSP_ACHENROLLMENT PSP_ACHENROLLMENT;

  COUNT(*)                                                                      
----------                                                                      
     18687                                                                      

1 row selected.

Elapsed: 00:00:00.22
14:46:32 SQL> select /*+ index_ffs(PSP_ACHENROLLMENT SYS_C0020553) parallel_index(PSP_ACHENROLLMENT SYS_C0020553)*/ count(*) from pspadm.PSP_ACHENROLLMENT PSP_ACHENROLLMENT;

  COUNT(*)                                                                      
----------                                                                      
     18687                                                                      

1 row selected.

Elapsed: 00:00:00.02
14:46:32 SQL> select /*+ index_ffs(PSP_ACHENROLLMENT_DETAIL PSP_ACHENROLLMENT_DETAIL_FK1) parallel_index(PSP_ACHENROLLMENT_DETAIL PSP_ACHENROLLMENT_DETAIL_FK1)*/ count(*) from pspadm.PSP_ACHENROLLMENT_DETAIL PSP_ACHENROLLMENT_DETAIL;

  COUNT(*)                                                                      
----------                                                                      
      5477                                                                      

1 row selected.

Elapsed: 00:00:00.14
14:46:32 SQL> select /*+ index_ffs(PSP_ACHENROLLMENT_DETAIL PSP_ACHENROLLMENT_DETAIL_FK2) parallel_index(PSP_ACHENROLLMENT_DETAIL PSP_ACHENROLLMENT_DETAIL_FK2)*/ count(*) from pspadm.PSP_ACHENROLLMENT_DETAIL PSP_ACHENROLLMENT_DETAIL;

  COUNT(*)                                                                      
----------                                                                      
      5477                                                                      

1 row selected.

Elapsed: 00:00:00.17
14:46:32 SQL> select /*+ index_ffs(PSP_ACHENROLLMENT_DETAIL PSP_ACHENROLLMENT_DETAIL_FK3) parallel_index(PSP_ACHENROLLMENT_DETAIL PSP_ACHENROLLMENT_DETAIL_FK3)*/ count(*) from pspadm.PSP_ACHENROLLMENT_DETAIL PSP_ACHENROLLMENT_DETAIL;

  COUNT(*)                                                                      
----------                                                                      
      5477                                                                      

1 row selected.

Elapsed: 00:00:00.14
14:46:32 SQL> select /*+ index_ffs(PSP_ACHENROLLMENT_DETAIL SYS_C0020716) parallel_index(PSP_ACHENROLLMENT_DETAIL SYS_C0020716)*/ count(*) from pspadm.PSP_ACHENROLLMENT_DETAIL PSP_ACHENROLLMENT_DETAIL;

  COUNT(*)                                                                      
----------                                                                      
      5477                                                                      

1 row selected.

Elapsed: 00:00:00.11
14:46:32 SQL> select /*+ index_ffs(PSP_ACHENROLLMENT_FILE SYS_C0020715) parallel_index(PSP_ACHENROLLMENT_FILE SYS_C0020715)*/ count(*) from pspadm.PSP_ACHENROLLMENT_FILE PSP_ACHENROLLMENT_FILE;

  COUNT(*)                                                                      
----------                                                                      
        87                                                                      

1 row selected.

Elapsed: 00:00:00.01
14:46:32 SQL> select /*+ index_ffs(PSP_ACH_TRANSACTION_CODE SYS_C0020541) parallel_index(PSP_ACH_TRANSACTION_CODE SYS_C0020541)*/ count(*) from pspadm.PSP_ACH_TRANSACTION_CODE PSP_ACH_TRANSACTION_CODE;

  COUNT(*)                                                                      
----------                                                                      
        16                                                                      

1 row selected.

Elapsed: 00:00:00.11
14:46:32 SQL> select /*+ index_ffs(PSP_ACTION_EVENT SYS_C0020501) parallel_index(PSP_ACTION_EVENT SYS_C0020501)*/ count(*) from pspadm.PSP_ACTION_EVENT PSP_ACTION_EVENT;

  COUNT(*)                                                                      
----------                                                                      
        31                                                                      

1 row selected.

Elapsed: 00:00:00.11
14:46:32 SQL> select /*+ index_ffs(PSP_ADDITIONAL_FILING_AMOUNT PSP_ADDITIONAL_FILING_AMOU_FK1) parallel_index(PSP_ADDITIONAL_FILING_AMOUNT PSP_ADDITIONAL_FILING_AMOU_FK1)*/ count(*) from pspadm.PSP_ADDITIONAL_FILING_AMOUNT PSP_ADDITIONAL_FILING_AMOUNT;

  COUNT(*)                                                                      
----------                                                                      
        24                                                                      

1 row selected.

Elapsed: 00:00:00.09
14:46:32 SQL> select /*+ index_ffs(PSP_ADDITIONAL_FILING_AMOUNT SYS_C0020697) parallel_index(PSP_ADDITIONAL_FILING_AMOUNT SYS_C0020697)*/ count(*) from pspadm.PSP_ADDITIONAL_FILING_AMOUNT PSP_ADDITIONAL_FILING_AMOUNT;

  COUNT(*)                                                                      
----------                                                                      
        24                                                                      

1 row selected.

Elapsed: 00:00:00.01
14:46:32 SQL> select /*+ index_ffs(PSP_ADDRESS SYS_C0020476) parallel_index(PSP_ADDRESS SYS_C0020476)*/ count(*) from pspadm.PSP_ADDRESS PSP_ADDRESS;

  COUNT(*)                                                                      
----------                                                                      
 106342479                                                                      

1 row selected.

Elapsed: 00:00:03.99
14:46:36 SQL> select /*+ index_ffs(PSP_ADE_LAW_MAP PSP_ADE_LAW_MAP_FK1) parallel_index(PSP_ADE_LAW_MAP PSP_ADE_LAW_MAP_FK1)*/ count(*) from pspadm.PSP_ADE_LAW_MAP PSP_ADE_LAW_MAP;

  COUNT(*)                                                                      
----------                                                                      
        59                                                                      

1 row selected.

Elapsed: 00:00:00.01
14:46:36 SQL> select /*+ index_ffs(PSP_ADE_LAW_MAP PSP_ADE_LAW_MAP_FK2) parallel_index(PSP_ADE_LAW_MAP PSP_ADE_LAW_MAP_FK2)*/ count(*) from pspadm.PSP_ADE_LAW_MAP PSP_ADE_LAW_MAP;

  COUNT(*)                                                                      
----------                                                                      
        59                                                                      

1 row selected.

Elapsed: 00:00:00.09
14:46:37 SQL> select /*+ index_ffs(PSP_ADE_LAW_MAP SYS_C0020730) parallel_index(PSP_ADE_LAW_MAP SYS_C0020730)*/ count(*) from pspadm.PSP_ADE_LAW_MAP PSP_ADE_LAW_MAP;

  COUNT(*)                                                                      
----------                                                                      
        59                                                                      

1 row selected.

Elapsed: 00:00:00.11
14:46:37 SQL> select /*+ index_ffs(PSP_AGENCY PSP_AGENCY_AGENCYIDENC_I1) parallel_index(PSP_AGENCY PSP_AGENCY_AGENCYIDENC_I1)*/ count(*) from pspadm.PSP_AGENCY PSP_AGENCY;

  COUNT(*)                                                                      
----------                                                                      
        97                                                                      

1 row selected.

Elapsed: 00:00:00.00
14:46:37 SQL> select /*+ index_ffs(PSP_AGENCY SYS_C0020548) parallel_index(PSP_AGENCY SYS_C0020548)*/ count(*) from pspadm.PSP_AGENCY PSP_AGENCY;

  COUNT(*)                                                                      
----------                                                                      
        97                                                                      

1 row selected.

Elapsed: 00:00:00.02
14:46:37 SQL> select /*+ index_ffs(PSP_AGENCY_CHECK_BATCH PSP_AGENCY_CHECK_BATCH_FK2) parallel_index(PSP_AGENCY_CHECK_BATCH PSP_AGENCY_CHECK_BATCH_FK2)*/ count(*) from pspadm.PSP_AGENCY_CHECK_BATCH PSP_AGENCY_CHECK_BATCH;

  COUNT(*)                                                                      
----------                                                                      
     19459                                                                      

1 row selected.

Elapsed: 00:00:00.25
14:46:37 SQL> select /*+ index_ffs(PSP_AGENCY_CHECK_BATCH SYS_C0020644) parallel_index(PSP_AGENCY_CHECK_BATCH SYS_C0020644)*/ count(*) from pspadm.PSP_AGENCY_CHECK_BATCH PSP_AGENCY_CHECK_BATCH;

  COUNT(*)                                                                      
----------                                                                      
     19459                                                                      

1 row selected.

Elapsed: 00:00:00.16
14:46:37 SQL> select /*+ index_ffs(PSP_AGENCY_ID_REQUIREMENT PSP_AGENCY_ID_REQUIREMENT_FK2) parallel_index(PSP_AGENCY_ID_REQUIREMENT PSP_AGENCY_ID_REQUIREMENT_FK2)*/ count(*) from pspadm.PSP_AGENCY_ID_REQUIREMENT PSP_AGENCY_ID_REQUIREMENT;

  COUNT(*)                                                                      
----------                                                                      
        92                                                                      

1 row selected.

Elapsed: 00:00:00.02
14:46:37 SQL> select /*+ index_ffs(PSP_AGENCY_ID_REQUIREMENT SYS_C0020651) parallel_index(PSP_AGENCY_ID_REQUIREMENT SYS_C0020651)*/ count(*) from pspadm.PSP_AGENCY_ID_REQUIREMENT PSP_AGENCY_ID_REQUIREMENT;

  COUNT(*)                                                                      
----------                                                                      
        92                                                                      

1 row selected.

Elapsed: 00:00:00.18
14:46:37 SQL> select /*+ index_ffs(PSP_AGENCY_RATE_REQUEST PSP_AGENCY_RATE_REQUEST_FK1) parallel_index(PSP_AGENCY_RATE_REQUEST PSP_AGENCY_RATE_REQUEST_FK1)*/ count(*) from pspadm.PSP_AGENCY_RATE_REQUEST PSP_AGENCY_RATE_REQUEST;

  COUNT(*)                                                                      
----------                                                                      
       595                                                                      

1 row selected.

Elapsed: 00:00:00.01
14:46:37 SQL> select /*+ index_ffs(PSP_AGENCY_RATE_REQUEST SYS_C0020713) parallel_index(PSP_AGENCY_RATE_REQUEST SYS_C0020713)*/ count(*) from pspadm.PSP_AGENCY_RATE_REQUEST PSP_AGENCY_RATE_REQUEST;

  COUNT(*)                                                                      
----------                                                                      
       595                                                                      

1 row selected.

Elapsed: 00:00:00.02
14:46:37 SQL> select /*+ index_ffs(PSP_ANNUAL_BILLING_BATCH SYS_C0020711) parallel_index(PSP_ANNUAL_BILLING_BATCH SYS_C0020711)*/ count(*) from pspadm.PSP_ANNUAL_BILLING_BATCH PSP_ANNUAL_BILLING_BATCH;

  COUNT(*)                                                                      
----------                                                                      
        10                                                                      

1 row selected.

Elapsed: 00:00:00.01
14:46:37 SQL> select /*+ index_ffs(PSP_ANNUAL_BILLING_ITEM PSP_ANNUALBILLINGITEM_FK1) parallel_index(PSP_ANNUAL_BILLING_ITEM PSP_ANNUALBILLINGITEM_FK1)*/ count(*) from pspadm.PSP_ANNUAL_BILLING_ITEM PSP_ANNUAL_BILLING_ITEM;

  COUNT(*)                                                                      
----------                                                                      
    405463                                                                      

1 row selected.

Elapsed: 00:00:00.42
14:46:38 SQL> select /*+ index_ffs(PSP_ANNUAL_BILLING_ITEM PSP_ANNUALBILLINGITEM_FK2) parallel_index(PSP_ANNUAL_BILLING_ITEM PSP_ANNUALBILLINGITEM_FK2)*/ count(*) from pspadm.PSP_ANNUAL_BILLING_ITEM PSP_ANNUAL_BILLING_ITEM;

  COUNT(*)                                                                      
----------                                                                      
    405463                                                                      

1 row selected.

Elapsed: 00:00:00.33
14:46:38 SQL> select /*+ index_ffs(PSP_ANNUAL_BILLING_ITEM SYS_C0020712) parallel_index(PSP_ANNUAL_BILLING_ITEM SYS_C0020712)*/ count(*) from pspadm.PSP_ANNUAL_BILLING_ITEM PSP_ANNUAL_BILLING_ITEM;

  COUNT(*)                                                                      
----------                                                                      
    405463                                                                      

1 row selected.

Elapsed: 00:00:00.48
14:46:39 SQL> select /*+ index_ffs(PSP_APPLIED_DATABASE_PATCH SYS_C0020536) parallel_index(PSP_APPLIED_DATABASE_PATCH SYS_C0020536)*/ count(*) from pspadm.PSP_APPLIED_DATABASE_PATCH PSP_APPLIED_DATABASE_PATCH;

  COUNT(*)                                                                      
----------                                                                      
       627                                                                      

1 row selected.

Elapsed: 00:00:00.01
14:46:39 SQL> select /*+ index_ffs(PSP_ASSISTED_BUNDLE_BILL PSP_ASSISTEDBUNDLEBILL_FK1) parallel_index(PSP_ASSISTED_BUNDLE_BILL PSP_ASSISTEDBUNDLEBILL_FK1)*/ count(*) from pspadm.PSP_ASSISTED_BUNDLE_BILL PSP_ASSISTED_BUNDLE_BILL;

  COUNT(*)                                                                      
----------                                                                      
     23190                                                                      

1 row selected.

Elapsed: 00:00:00.11
14:46:39 SQL> select /*+ index_ffs(PSP_ASSISTED_BUNDLE_BILL SYS_C0058718) parallel_index(PSP_ASSISTED_BUNDLE_BILL SYS_C0058718)*/ count(*) from pspadm.PSP_ASSISTED_BUNDLE_BILL PSP_ASSISTED_BUNDLE_BILL;

  COUNT(*)                                                                      
----------                                                                      
     23190                                                                      

1 row selected.

Elapsed: 00:00:00.12
14:46:39 SQL> select /*+ index_ffs(PSP_ASST_BUNDLE_BILL_DETAIL PSP_ASSTBUNDLEBILLDETAIL_FK1) parallel_index(PSP_ASST_BUNDLE_BILL_DETAIL PSP_ASSTBUNDLEBILLDETAIL_FK1)*/ count(*) from pspadm.PSP_ASST_BUNDLE_BILL_DETAIL PSP_ASST_BUNDLE_BILL_DETAIL;

  COUNT(*)                                                                      
----------                                                                      
    100977                                                                      

1 row selected.

Elapsed: 00:00:00.18
14:46:39 SQL> select /*+ index_ffs(PSP_ASST_BUNDLE_BILL_DETAIL SYS_C0058725) parallel_index(PSP_ASST_BUNDLE_BILL_DETAIL SYS_C0058725)*/ count(*) from pspadm.PSP_ASST_BUNDLE_BILL_DETAIL PSP_ASST_BUNDLE_BILL_DETAIL;

  COUNT(*)                                                                      
----------                                                                      
    100977                                                                      

1 row selected.

Elapsed: 00:00:00.38
14:46:39 SQL> select /*+ index_ffs(PSP_ASST_BUNDLE_COMP_USAGE SYS_C0058710) parallel_index(PSP_ASST_BUNDLE_COMP_USAGE SYS_C0058710)*/ count(*) from pspadm.PSP_ASST_BUNDLE_COMP_USAGE PSP_ASST_BUNDLE_COMP_USAGE;

  COUNT(*)                                                                      
----------                                                                      
      1844                                                                      

1 row selected.

Elapsed: 00:00:00.03
14:46:39 SQL> select /*+ index_ffs(PSP_ATFDATA_EXTRACT_BATCH SYS_C0020554) parallel_index(PSP_ATFDATA_EXTRACT_BATCH SYS_C0020554)*/ count(*) from pspadm.PSP_ATFDATA_EXTRACT_BATCH PSP_ATFDATA_EXTRACT_BATCH;

  COUNT(*)                                                                      
----------                                                                      
      2974                                                                      

1 row selected.

Elapsed: 00:00:00.04
14:46:39 SQL> select /*+ index_ffs(PSP_ATFDATA_EXTRACT_FILE PSP_ATFDATA_EXTRACT_FILE_FK1) parallel_index(PSP_ATFDATA_EXTRACT_FILE PSP_ATFDATA_EXTRACT_FILE_FK1)*/ count(*) from pspadm.PSP_ATFDATA_EXTRACT_FILE PSP_ATFDATA_EXTRACT_FILE;

  COUNT(*)                                                                      
----------                                                                      
     24478                                                                      

1 row selected.

Elapsed: 00:00:00.23
14:46:40 SQL> select /*+ index_ffs(PSP_ATFDATA_EXTRACT_FILE SYS_C0020556) parallel_index(PSP_ATFDATA_EXTRACT_FILE SYS_C0020556)*/ count(*) from pspadm.PSP_ATFDATA_EXTRACT_FILE PSP_ATFDATA_EXTRACT_FILE;

  COUNT(*)                                                                      
----------                                                                      
     24478                                                                      

1 row selected.

Elapsed: 00:00:00.01
14:46:40 SQL> select /*+ index_ffs(PSP_ATFPAYMENTS_TO_PROCESS PSP_ATFPAYMENTS_TO_PROCESS_FK1) parallel_index(PSP_ATFPAYMENTS_TO_PROCESS PSP_ATFPAYMENTS_TO_PROCESS_FK1)*/ count(*) from pspadm.PSP_ATFPAYMENTS_TO_PROCESS PSP_ATFPAYMENTS_TO_PROCESS;

  COUNT(*)                                                                      
----------                                                                      
 100571860                                                                      

1 row selected.

Elapsed: 00:00:09.31
14:46:49 SQL> select /*+ index_ffs(PSP_ATFPAYMENTS_TO_PROCESS PSP_ATFPAYMENTS_TO_PROCESS_FK2) parallel_index(PSP_ATFPAYMENTS_TO_PROCESS PSP_ATFPAYMENTS_TO_PROCESS_FK2)*/ count(*) from pspadm.PSP_ATFPAYMENTS_TO_PROCESS PSP_ATFPAYMENTS_TO_PROCESS;

  COUNT(*)                                                                      
----------                                                                      
 100571860                                                                      

1 row selected.

Elapsed: 00:00:04.15
14:46:53 SQL> select /*+ index_ffs(PSP_ATFPAYMENTS_TO_PROCESS PSP_ATFPAYMENTS_TO_PROCESS_FK3) parallel_index(PSP_ATFPAYMENTS_TO_PROCESS PSP_ATFPAYMENTS_TO_PROCESS_FK3)*/ count(*) from pspadm.PSP_ATFPAYMENTS_TO_PROCESS PSP_ATFPAYMENTS_TO_PROCESS;

  COUNT(*)                                                                      
----------                                                                      
 100571860                                                                      

1 row selected.

Elapsed: 00:00:09.56
14:47:03 SQL> select /*+ index_ffs(PSP_ATFPAYMENTS_TO_PROCESS SYS_C0020673) parallel_index(PSP_ATFPAYMENTS_TO_PROCESS SYS_C0020673)*/ count(*) from pspadm.PSP_ATFPAYMENTS_TO_PROCESS PSP_ATFPAYMENTS_TO_PROCESS;

  COUNT(*)                                                                      
----------                                                                      
 100571860                                                                      

1 row selected.

Elapsed: 00:00:11.83
14:47:15 SQL> select /*+ index_ffs(PSP_ATFPAYROLLS_TO_PROCESS PSP_ATFPAYROLLS_TO_PROCESS_FK1) parallel_index(PSP_ATFPAYROLLS_TO_PROCESS PSP_ATFPAYROLLS_TO_PROCESS_FK1)*/ count(*) from pspadm.PSP_ATFPAYROLLS_TO_PROCESS PSP_ATFPAYROLLS_TO_PROCESS;

  COUNT(*)                                                                      
----------                                                                      
  20683699                                                                      

1 row selected.

Elapsed: 00:00:01.77
14:47:16 SQL> select /*+ index_ffs(PSP_ATFPAYROLLS_TO_PROCESS PSP_ATFPAYROLLS_TO_PROCESS_I1) parallel_index(PSP_ATFPAYROLLS_TO_PROCESS PSP_ATFPAYROLLS_TO_PROCESS_I1)*/ count(*) from pspadm.PSP_ATFPAYROLLS_TO_PROCESS PSP_ATFPAYROLLS_TO_PROCESS;

  COUNT(*)                                                                      
----------                                                                      
  20683699                                                                      

1 row selected.

Elapsed: 00:00:00.82
14:47:17 SQL> select /*+ index_ffs(PSP_ATFPAYROLLS_TO_PROCESS SYS_C0020635) parallel_index(PSP_ATFPAYROLLS_TO_PROCESS SYS_C0020635)*/ count(*) from pspadm.PSP_ATFPAYROLLS_TO_PROCESS PSP_ATFPAYROLLS_TO_PROCESS;

  COUNT(*)                                                                      
----------                                                                      
  20683699                                                                      

1 row selected.

Elapsed: 00:00:04.14
14:47:21 SQL> select /*+ index_ffs(PSP_AUTHROLE_OPERATION_ASSOC PSP_AUTHROLE_OPT_FK_OPT) parallel_index(PSP_AUTHROLE_OPERATION_ASSOC PSP_AUTHROLE_OPT_FK_OPT)*/ count(*) from pspadm.PSP_AUTHROLE_OPERATION_ASSOC PSP_AUTHROLE_OPERATION_ASSOC;

  COUNT(*)                                                                      
----------                                                                      
      1599                                                                      

1 row selected.

Elapsed: 00:00:00.28
14:47:22 SQL> select /*+ index_ffs(PSP_AUTHROLE_OPERATION_ASSOC PSP_ROLE_OPERATION_FK_ROLE) parallel_index(PSP_AUTHROLE_OPERATION_ASSOC PSP_ROLE_OPERATION_FK_ROLE)*/ count(*) from pspadm.PSP_AUTHROLE_OPERATION_ASSOC PSP_AUTHROLE_OPERATION_ASSOC;

  COUNT(*)                                                                      
----------                                                                      
      1599                                                                      

1 row selected.

Elapsed: 00:00:00.32
14:47:22 SQL> select /*+ index_ffs(PSP_AUTHROLE_OPERATION_ASSOC SYS_C0020520) parallel_index(PSP_AUTHROLE_OPERATION_ASSOC SYS_C0020520)*/ count(*) from pspadm.PSP_AUTHROLE_OPERATION_ASSOC PSP_AUTHROLE_OPERATION_ASSOC;

  COUNT(*)                                                                      
----------                                                                      
      1599                                                                      

1 row selected.

Elapsed: 00:00:00.33
14:47:22 SQL> select /*+ index_ffs(PSP_AUTH_DOMAIN SYS_C0020502) parallel_index(PSP_AUTH_DOMAIN SYS_C0020502)*/ count(*) from pspadm.PSP_AUTH_DOMAIN PSP_AUTH_DOMAIN;

  COUNT(*)                                                                      
----------                                                                      
         2                                                                      

1 row selected.

Elapsed: 00:00:00.31
14:47:23 SQL> select /*+ index_ffs(PSP_AUTH_OPERATION SYS_C0020503) parallel_index(PSP_AUTH_OPERATION SYS_C0020503)*/ count(*) from pspadm.PSP_AUTH_OPERATION PSP_AUTH_OPERATION;

  COUNT(*)                                                                      
----------                                                                      
       163                                                                      

1 row selected.

Elapsed: 00:00:00.25
14:47:23 SQL> select /*+ index_ffs(PSP_AUTH_ROLE PSP_AUTH_ROLE_FK1) parallel_index(PSP_AUTH_ROLE PSP_AUTH_ROLE_FK1)*/ count(*) from pspadm.PSP_AUTH_ROLE PSP_AUTH_ROLE;

  COUNT(*)                                                                      
----------                                                                      
        58                                                                      

1 row selected.

Elapsed: 00:00:00.21
14:47:23 SQL> select /*+ index_ffs(PSP_AUTH_ROLE SYS_C0020457) parallel_index(PSP_AUTH_ROLE SYS_C0020457)*/ count(*) from pspadm.PSP_AUTH_ROLE PSP_AUTH_ROLE;

  COUNT(*)                                                                      
----------                                                                      
        58                                                                      

1 row selected.

Elapsed: 00:00:00.01
14:47:23 SQL> select /*+ index_ffs(PSP_AUTH_USER PSP_AUTH_USER_CORPID) parallel_index(PSP_AUTH_USER PSP_AUTH_USER_CORPID)*/ count(*) from pspadm.PSP_AUTH_USER PSP_AUTH_USER;

  COUNT(*)                                                                      
----------                                                                      
     14387                                                                      

1 row selected.

Elapsed: 00:00:03.92
14:47:27 SQL> select /*+ index_ffs(PSP_AUTH_USER SYS_C0020477) parallel_index(PSP_AUTH_USER SYS_C0020477)*/ count(*) from pspadm.PSP_AUTH_USER PSP_AUTH_USER;

  COUNT(*)                                                                      
----------                                                                      
     14387                                                                      

1 row selected.

Elapsed: 00:00:00.03
14:47:27 SQL> select /*+ index_ffs(PSP_AUTH_USER_AUTH_ROLE__ASSOC PSP_USERROLE_FK_ROLE) parallel_index(PSP_AUTH_USER_AUTH_ROLE__ASSOC PSP_USERROLE_FK_ROLE)*/ count(*) from pspadm.PSP_AUTH_USER_AUTH_ROLE__ASSOC PSP_AUTH_USER_AUTH_ROLE__ASSOC;

  COUNT(*)                                                                      
----------                                                                      
     31840                                                                      

1 row selected.

Elapsed: 00:00:01.29
14:47:28 SQL> select /*+ index_ffs(PSP_AUTH_USER_AUTH_ROLE__ASSOC PSP_USERROLE_FK_USER) parallel_index(PSP_AUTH_USER_AUTH_ROLE__ASSOC PSP_USERROLE_FK_USER)*/ count(*) from pspadm.PSP_AUTH_USER_AUTH_ROLE__ASSOC PSP_AUTH_USER_AUTH_ROLE__ASSOC;

  COUNT(*)                                                                      
----------                                                                      
     31840                                                                      

1 row selected.

Elapsed: 00:00:00.90
14:47:29 SQL> select /*+ index_ffs(PSP_AUTH_USER_AUTH_ROLE__ASSOC SYS_C0020679) parallel_index(PSP_AUTH_USER_AUTH_ROLE__ASSOC SYS_C0020679)*/ count(*) from pspadm.PSP_AUTH_USER_AUTH_ROLE__ASSOC PSP_AUTH_USER_AUTH_ROLE__ASSOC;

  COUNT(*)                                                                      
----------                                                                      
     31840                                                                      

1 row selected.

Elapsed: 00:00:01.32
14:47:30 SQL> select /*+ index_ffs(PSP_BANK_ACCOUNT PSP_BANK_ACCOUNT_ENC_I1) parallel_index(PSP_BANK_ACCOUNT PSP_BANK_ACCOUNT_ENC_I1)*/ count(*) from pspadm.PSP_BANK_ACCOUNT PSP_BANK_ACCOUNT;

  COUNT(*)                                                                      
----------                                                                      
  48850759                                                                      

1 row selected.

Elapsed: 00:02:36.64
14:50:07 SQL> select /*+ index_ffs(PSP_BANK_ACCOUNT PSP_BANK_ACCOUNT_MOODDATE) parallel_index(PSP_BANK_ACCOUNT PSP_BANK_ACCOUNT_MOODDATE)*/ count(*) from pspadm.PSP_BANK_ACCOUNT PSP_BANK_ACCOUNT;

  COUNT(*)                                                                      
----------                                                                      
  48850763                                                                      

1 row selected.

Elapsed: 00:00:00.36
14:50:07 SQL> select /*+ index_ffs(PSP_BANK_ACCOUNT SYS_C0020430) parallel_index(PSP_BANK_ACCOUNT SYS_C0020430)*/ count(*) from pspadm.PSP_BANK_ACCOUNT PSP_BANK_ACCOUNT;

  COUNT(*)                                                                      
----------                                                                      
  48850763                                                                      

1 row selected.

Elapsed: 00:00:09.58
14:50:17 SQL> select /*+ index_ffs(PSP_BANK_HOLIDAY SYS_C0020512) parallel_index(PSP_BANK_HOLIDAY SYS_C0020512)*/ count(*) from pspadm.PSP_BANK_HOLIDAY PSP_BANK_HOLIDAY;

  COUNT(*)                                                                      
----------                                                                      
       216                                                                      

1 row selected.

Elapsed: 00:00:00.03
14:50:17 SQL> select /*+ index_ffs(PSP_BATCH_JOB_AUDIT_LOG PSP_BATCH_JOB_AUDIT_LOG_I1) parallel_index(PSP_BATCH_JOB_AUDIT_LOG PSP_BATCH_JOB_AUDIT_LOG_I1)*/ count(*) from pspadm.PSP_BATCH_JOB_AUDIT_LOG PSP_BATCH_JOB_AUDIT_LOG;

  COUNT(*)                                                                      
----------                                                                      
    145475                                                                      

1 row selected.

Elapsed: 00:00:00.35
14:50:17 SQL> select /*+ index_ffs(PSP_BATCH_JOB_AUDIT_LOG PSP_BATCH_JOB_AUDIT_LOG_IDX1) parallel_index(PSP_BATCH_JOB_AUDIT_LOG PSP_BATCH_JOB_AUDIT_LOG_IDX1)*/ count(*) from pspadm.PSP_BATCH_JOB_AUDIT_LOG PSP_BATCH_JOB_AUDIT_LOG;

  COUNT(*)                                                                      
----------                                                                      
    145475                                                                      

1 row selected.

Elapsed: 00:00:00.02
14:50:17 SQL> select /*+ index_ffs(PSP_BATCH_JOB_AUDIT_LOG SYS_C0020458) parallel_index(PSP_BATCH_JOB_AUDIT_LOG SYS_C0020458)*/ count(*) from pspadm.PSP_BATCH_JOB_AUDIT_LOG PSP_BATCH_JOB_AUDIT_LOG;

  COUNT(*)                                                                      
----------                                                                      
    145475                                                                      

1 row selected.

Elapsed: 00:00:00.41
14:50:18 SQL> select /*+ index_ffs(PSP_BATCH_JOB_PARAMETER PSP_BATCH_JOB_PARAMETER_FK1) parallel_index(PSP_BATCH_JOB_PARAMETER PSP_BATCH_JOB_PARAMETER_FK1)*/ count(*) from pspadm.PSP_BATCH_JOB_PARAMETER PSP_BATCH_JOB_PARAMETER;

  COUNT(*)                                                                      
----------                                                                      
       162                                                                      

1 row selected.

Elapsed: 00:00:00.17
14:50:18 SQL> select /*+ index_ffs(PSP_BATCH_JOB_PARAMETER SYS_C0020633) parallel_index(PSP_BATCH_JOB_PARAMETER SYS_C0020633)*/ count(*) from pspadm.PSP_BATCH_JOB_PARAMETER PSP_BATCH_JOB_PARAMETER;

  COUNT(*)                                                                      
----------                                                                      
       162                                                                      

1 row selected.

Elapsed: 00:00:00.53
14:50:19 SQL> select /*+ index_ffs(PSP_BATCH_JOB_SETUP SYS_C0020529) parallel_index(PSP_BATCH_JOB_SETUP SYS_C0020529)*/ count(*) from pspadm.PSP_BATCH_JOB_SETUP PSP_BATCH_JOB_SETUP;

  COUNT(*)                                                                      
----------                                                                      
       159                                                                      

1 row selected.

Elapsed: 00:00:00.63
14:50:19 SQL> select /*+ index_ffs(PSP_BATCH_JOB_STATUS C_PSP_BATCH_JOB_STATUS1) parallel_index(PSP_BATCH_JOB_STATUS C_PSP_BATCH_JOB_STATUS1)*/ count(*) from pspadm.PSP_BATCH_JOB_STATUS PSP_BATCH_JOB_STATUS;

  COUNT(*)                                                                      
----------                                                                      
       148                                                                      

1 row selected.

Elapsed: 00:00:00.50
14:50:20 SQL> select /*+ index_ffs(PSP_BATCH_JOB_STATUS SYS_C0020735) parallel_index(PSP_BATCH_JOB_STATUS SYS_C0020735)*/ count(*) from pspadm.PSP_BATCH_JOB_STATUS PSP_BATCH_JOB_STATUS;

  COUNT(*)                                                                      
----------                                                                      
       148                                                                      

1 row selected.

Elapsed: 00:00:00.02
14:50:20 SQL> select /*+ index_ffs(PSP_BILL PSP_BILL_FK1) parallel_index(PSP_BILL PSP_BILL_FK1)*/ count(*) from pspadm.PSP_BILL PSP_BILL;

  COUNT(*)                                                                      
----------                                                                      
  26374501                                                                      

1 row selected.

Elapsed: 00:00:15.32
14:50:35 SQL> select /*+ index_ffs(PSP_BILL PSP_BILL_U1) parallel_index(PSP_BILL PSP_BILL_U1)*/ count(*) from pspadm.PSP_BILL PSP_BILL;

  COUNT(*)                                                                      
----------                                                                      
  26374501                                                                      

1 row selected.

Elapsed: 00:02:39.98
14:53:15 SQL> select /*+ index_ffs(PSP_BILL SYS_C0020688) parallel_index(PSP_BILL SYS_C0020688)*/ count(*) from pspadm.PSP_BILL PSP_BILL;

  COUNT(*)                                                                      
----------                                                                      
  26374501                                                                      

1 row selected.

Elapsed: 00:00:00.23
14:53:15 SQL> select /*+ index_ffs(PSP_BILLING_DETAIL PSP_BILLING_DETAIL_FK1) parallel_index(PSP_BILLING_DETAIL PSP_BILLING_DETAIL_FK1)*/ count(*) from pspadm.PSP_BILLING_DETAIL PSP_BILLING_DETAIL;

  COUNT(*)                                                                      
----------                                                                      
 148523435                                                                      

1 row selected.

Elapsed: 00:00:36.08
14:53:51 SQL> select /*+ index_ffs(PSP_BILLING_DETAIL PSP_BILLING_DETAIL_FK2) parallel_index(PSP_BILLING_DETAIL PSP_BILLING_DETAIL_FK2)*/ count(*) from pspadm.PSP_BILLING_DETAIL PSP_BILLING_DETAIL;

  COUNT(*)                                                                      
----------                                                                      
 148523437                                                                      

1 row selected.

Elapsed: 00:00:48.99
14:54:40 SQL> select /*+ index_ffs(PSP_BILLING_DETAIL SYS_C0020459) parallel_index(PSP_BILLING_DETAIL SYS_C0020459)*/ count(*) from pspadm.PSP_BILLING_DETAIL PSP_BILLING_DETAIL;

  COUNT(*)                                                                      
----------                                                                      
 148523439                                                                      

1 row selected.

Elapsed: 00:00:53.14
14:55:33 SQL> select /*+ index_ffs(PSP_BILL_PAYMENT PSP_BILL_PAYMENT_FK1) parallel_index(PSP_BILL_PAYMENT PSP_BILL_PAYMENT_FK1)*/ count(*) from pspadm.PSP_BILL_PAYMENT PSP_BILL_PAYMENT;

  COUNT(*)                                                                      
----------                                                                      
  47210431                                                                      

1 row selected.

Elapsed: 00:00:23.97
14:55:57 SQL> select /*+ index_ffs(PSP_BILL_PAYMENT PSP_BILL_PAYMENT_FK2) parallel_index(PSP_BILL_PAYMENT PSP_BILL_PAYMENT_FK2)*/ count(*) from pspadm.PSP_BILL_PAYMENT PSP_BILL_PAYMENT;

  COUNT(*)                                                                      
----------                                                                      
  47210431                                                                      

1 row selected.

Elapsed: 00:00:19.98
14:56:17 SQL> select /*+ index_ffs(PSP_BILL_PAYMENT SYS_C0020569) parallel_index(PSP_BILL_PAYMENT SYS_C0020569)*/ count(*) from pspadm.PSP_BILL_PAYMENT PSP_BILL_PAYMENT;

  COUNT(*)                                                                      
----------                                                                      
  47210431                                                                      

1 row selected.

Elapsed: 00:00:10.69
14:56:28 SQL> select /*+ index_ffs(PSP_BILL_PAYMENT_SPLIT PSP_BILL_PAYMENT_SPLIT_FK1) parallel_index(PSP_BILL_PAYMENT_SPLIT PSP_BILL_PAYMENT_SPLIT_FK1)*/ count(*) from pspadm.PSP_BILL_PAYMENT_SPLIT PSP_BILL_PAYMENT_SPLIT;

  COUNT(*)                                                                      
----------                                                                      
  47210405                                                                      

1 row selected.

Elapsed: 00:00:04.82
14:56:33 SQL> select /*+ index_ffs(PSP_BILL_PAYMENT_SPLIT PSP_BILL_PAYMENT_SPLIT_FK2) parallel_index(PSP_BILL_PAYMENT_SPLIT PSP_BILL_PAYMENT_SPLIT_FK2)*/ count(*) from pspadm.PSP_BILL_PAYMENT_SPLIT PSP_BILL_PAYMENT_SPLIT;

  COUNT(*)                                                                      
----------                                                                      
  47210405                                                                      

1 row selected.

Elapsed: 00:00:06.54
14:56:39 SQL> select /*+ index_ffs(PSP_BILL_PAYMENT_SPLIT SYS_C0020570) parallel_index(PSP_BILL_PAYMENT_SPLIT SYS_C0020570)*/ count(*) from pspadm.PSP_BILL_PAYMENT_SPLIT PSP_BILL_PAYMENT_SPLIT;

  COUNT(*)                                                                      
----------                                                                      
  47210405                                                                      

1 row selected.

Elapsed: 00:00:03.58
14:56:43 SQL> select /*+ index_ffs(PSP_BPCOMPANY_SERVICE_INFO SYS_C0020583) parallel_index(PSP_BPCOMPANY_SERVICE_INFO SYS_C0020583)*/ count(*) from pspadm.PSP_BPCOMPANY_SERVICE_INFO PSP_BPCOMPANY_SERVICE_INFO;

  COUNT(*)                                                                      
----------                                                                      
    221344                                                                      

1 row selected.

Elapsed: 00:00:00.24
14:56:43 SQL> select /*+ index_ffs(PSP_CDCOMPANY_SERVICE_INFO SYS_C0020582) parallel_index(PSP_CDCOMPANY_SERVICE_INFO SYS_C0020582)*/ count(*) from pspadm.PSP_CDCOMPANY_SERVICE_INFO PSP_CDCOMPANY_SERVICE_INFO;

  COUNT(*)                                                                      
----------                                                                      
       141                                                                      

1 row selected.

Elapsed: 00:00:00.01
14:56:43 SQL> select /*+ index_ffs(PSP_CHECK_PRINT_BATCH PSP_CHECK_PRINT_BATCH_FK1) parallel_index(PSP_CHECK_PRINT_BATCH PSP_CHECK_PRINT_BATCH_FK1)*/ count(*) from pspadm.PSP_CHECK_PRINT_BATCH PSP_CHECK_PRINT_BATCH;

  COUNT(*)                                                                      
----------                                                                      
     25026                                                                      

1 row selected.

Elapsed: 00:00:00.14
14:56:43 SQL> select /*+ index_ffs(PSP_CHECK_PRINT_BATCH PSP_CHECK_PRINT_BATCH_FK2) parallel_index(PSP_CHECK_PRINT_BATCH PSP_CHECK_PRINT_BATCH_FK2)*/ count(*) from pspadm.PSP_CHECK_PRINT_BATCH PSP_CHECK_PRINT_BATCH;

  COUNT(*)                                                                      
----------                                                                      
     25026                                                                      

1 row selected.

Elapsed: 00:00:00.07
14:56:43 SQL> select /*+ index_ffs(PSP_CHECK_PRINT_BATCH SYS_C0020578) parallel_index(PSP_CHECK_PRINT_BATCH SYS_C0020578)*/ count(*) from pspadm.PSP_CHECK_PRINT_BATCH PSP_CHECK_PRINT_BATCH;

  COUNT(*)                                                                      
----------                                                                      
     25026                                                                      

1 row selected.

Elapsed: 00:00:00.61
14:56:44 SQL> select /*+ index_ffs(PSP_CHECK_PRINT_PAYCHECK PSP_CHECKPRINTPAYCHECK_FK2) parallel_index(PSP_CHECK_PRINT_PAYCHECK PSP_CHECKPRINTPAYCHECK_FK2)*/ count(*) from pspadm.PSP_CHECK_PRINT_PAYCHECK PSP_CHECK_PRINT_PAYCHECK;

  COUNT(*)                                                                      
----------                                                                      
    154651                                                                      

1 row selected.

Elapsed: 00:00:01.15
14:56:45 SQL> select /*+ index_ffs(PSP_CHECK_PRINT_PAYCHECK PSP_CHECK_PRINT_PAYCHECK_FK1) parallel_index(PSP_CHECK_PRINT_PAYCHECK PSP_CHECK_PRINT_PAYCHECK_FK1)*/ count(*) from pspadm.PSP_CHECK_PRINT_PAYCHECK PSP_CHECK_PRINT_PAYCHECK;

  COUNT(*)                                                                      
----------                                                                      
    154651                                                                      

1 row selected.

Elapsed: 00:00:00.41
14:56:46 SQL> select /*+ index_ffs(PSP_CHECK_PRINT_PAYCHECK SYS_C0020581) parallel_index(PSP_CHECK_PRINT_PAYCHECK SYS_C0020581)*/ count(*) from pspadm.PSP_CHECK_PRINT_PAYCHECK PSP_CHECK_PRINT_PAYCHECK;

  COUNT(*)                                                                      
----------                                                                      
    154651                                                                      

1 row selected.

Elapsed: 00:00:00.18
14:56:46 SQL> select /*+ index_ffs(PSP_CHECK_PRINT_SIGNATURE PSP_CHECK_PRINT_SIGNATURE_FK1) parallel_index(PSP_CHECK_PRINT_SIGNATURE PSP_CHECK_PRINT_SIGNATURE_FK1)*/ count(*) from pspadm.PSP_CHECK_PRINT_SIGNATURE PSP_CHECK_PRINT_SIGNATURE;

  COUNT(*)                                                                      
----------                                                                      
       141                                                                      

1 row selected.

Elapsed: 00:00:00.02
14:56:46 SQL> select /*+ index_ffs(PSP_CHECK_PRINT_SIGNATURE SYS_C0020577) parallel_index(PSP_CHECK_PRINT_SIGNATURE SYS_C0020577)*/ count(*) from pspadm.PSP_CHECK_PRINT_SIGNATURE PSP_CHECK_PRINT_SIGNATURE;

  COUNT(*)                                                                      
----------                                                                      
       141                                                                      

1 row selected.

Elapsed: 00:00:00.01
14:56:46 SQL> select /*+ index_ffs(PSP_COLLECTION_STAGE SYS_C0020504) parallel_index(PSP_COLLECTION_STAGE SYS_C0020504)*/ count(*) from pspadm.PSP_COLLECTION_STAGE PSP_COLLECTION_STAGE;

  COUNT(*)                                                                      
----------                                                                      
         3                                                                      

1 row selected.

Elapsed: 00:00:00.10
14:56:46 SQL> select /*+ index_ffs(PSP_COMPANY PSP_COMPANY_FEDTAXIDENC_I1) parallel_index(PSP_COMPANY PSP_COMPANY_FEDTAXIDENC_I1)*/ count(*) from pspadm.PSP_COMPANY PSP_COMPANY;

  COUNT(*)                                                                      
----------                                                                      
   7174185                                                                      

1 row selected.

Elapsed: 00:00:00.21
14:56:46 SQL> select /*+ index_ffs(PSP_COMPANY PSP_COMPANY_FK2) parallel_index(PSP_COMPANY PSP_COMPANY_FK2)*/ count(*) from pspadm.PSP_COMPANY PSP_COMPANY;

  COUNT(*)                                                                      
----------                                                                      
   7174185                                                                      

1 row selected.

Elapsed: 00:00:00.22
14:56:46 SQL> select /*+ index_ffs(PSP_COMPANY PSP_COMPANY_FK3) parallel_index(PSP_COMPANY PSP_COMPANY_FK3)*/ count(*) from pspadm.PSP_COMPANY PSP_COMPANY;

  COUNT(*)                                                                      
----------                                                                      
   7174185                                                                      

1 row selected.

Elapsed: 00:00:01.70
14:56:48 SQL> select /*+ index_ffs(PSP_COMPANY PSP_COMPANY_FK4) parallel_index(PSP_COMPANY PSP_COMPANY_FK4)*/ count(*) from pspadm.PSP_COMPANY PSP_COMPANY;

  COUNT(*)                                                                      
----------                                                                      
   7174185                                                                      

1 row selected.

Elapsed: 00:00:01.24
14:56:49 SQL> select /*+ index_ffs(PSP_COMPANY PSP_COMPANY_FK5) parallel_index(PSP_COMPANY PSP_COMPANY_FK5)*/ count(*) from pspadm.PSP_COMPANY PSP_COMPANY;

  COUNT(*)                                                                      
----------                                                                      
   7174185                                                                      

1 row selected.

Elapsed: 00:00:00.18
14:56:50 SQL> select /*+ index_ffs(PSP_COMPANY PSP_COMPANY_FK7) parallel_index(PSP_COMPANY PSP_COMPANY_FK7)*/ count(*) from pspadm.PSP_COMPANY PSP_COMPANY;

  COUNT(*)                                                                      
----------                                                                      
   7174185                                                                      

1 row selected.

Elapsed: 00:00:00.06
14:56:50 SQL> select /*+ index_ffs(PSP_COMPANY PSP_COMPANY_FK8) parallel_index(PSP_COMPANY PSP_COMPANY_FK8)*/ count(*) from pspadm.PSP_COMPANY PSP_COMPANY;

  COUNT(*)                                                                      
----------                                                                      
   7174185                                                                      

1 row selected.

Elapsed: 00:00:00.76
14:56:50 SQL> select /*+ index_ffs(PSP_COMPANY PSP_COMPANY_I1) parallel_index(PSP_COMPANY PSP_COMPANY_I1)*/ count(*) from pspadm.PSP_COMPANY PSP_COMPANY;

  COUNT(*)                                                                      
----------                                                                      
   7174185                                                                      

1 row selected.

Elapsed: 00:00:00.21
14:56:51 SQL> select /*+ index_ffs(PSP_COMPANY PSP_COMPANY_I5) parallel_index(PSP_COMPANY PSP_COMPANY_I5)*/ count(*) from pspadm.PSP_COMPANY PSP_COMPANY;

  COUNT(*)                                                                      
----------                                                                      
   7174185                                                                      

1 row selected.

Elapsed: 00:00:00.20
14:56:51 SQL> select /*+ index_ffs(PSP_COMPANY PSP_COMPANY_I6) parallel_index(PSP_COMPANY PSP_COMPANY_I6)*/ count(*) from pspadm.PSP_COMPANY PSP_COMPANY;

  COUNT(*)                                                                      
----------                                                                      
   7174185                                                                      

1 row selected.

Elapsed: 00:00:00.51
14:56:51 SQL> select /*+ index_ffs(PSP_COMPANY PSP_COMPANY_U1) parallel_index(PSP_COMPANY PSP_COMPANY_U1)*/ count(*) from pspadm.PSP_COMPANY PSP_COMPANY;

  COUNT(*)                                                                      
----------                                                                      
   7174185                                                                      

1 row selected.

Elapsed: 00:00:00.19
14:56:51 SQL> select /*+ index_ffs(PSP_COMPANY PSP_COMP_IAM_REALMID_IDX) parallel_index(PSP_COMPANY PSP_COMP_IAM_REALMID_IDX)*/ count(*) from pspadm.PSP_COMPANY PSP_COMPANY;

  COUNT(*)                                                                      
----------                                                                      
   7174185                                                                      

1 row selected.

Elapsed: 00:00:00.20
14:56:52 SQL> select /*+ index_ffs(PSP_COMPANY SYS_C0020424) parallel_index(PSP_COMPANY SYS_C0020424)*/ count(*) from pspadm.PSP_COMPANY PSP_COMPANY;

  COUNT(*)                                                                      
----------                                                                      
   7174185                                                                      

1 row selected.

Elapsed: 00:00:01.80
14:56:53 SQL> select /*+ index_ffs(PSP_COMPANYAGENCY_FRMTEMPLATE PSP_COMPANY_AGENCY_FORM_TE_FK1) parallel_index(PSP_COMPANYAGENCY_FRMTEMPLATE PSP_COMPANY_AGENCY_FORM_TE_FK1)*/ count(*) from pspadm.PSP_COMPANYAGENCY_FRMTEMPLATE PSP_COMPANYAGENCY_FRMTEMPLATE;

  COUNT(*)                                                                      
----------                                                                      
   1300611                                                                      

1 row selected.

Elapsed: 00:00:00.45
14:56:54 SQL> select /*+ index_ffs(PSP_COMPANYAGENCY_FRMTEMPLATE PSP_COMPANY_AGENCY_FORM_TE_FK2) parallel_index(PSP_COMPANYAGENCY_FRMTEMPLATE PSP_COMPANY_AGENCY_FORM_TE_FK2)*/ count(*) from pspadm.PSP_COMPANYAGENCY_FRMTEMPLATE PSP_COMPANYAGENCY_FRMTEMPLATE;

  COUNT(*)                                                                      
----------                                                                      
   1300611                                                                      

1 row selected.

Elapsed: 00:00:00.48
14:56:54 SQL> select /*+ index_ffs(PSP_COMPANYAGENCY_FRMTEMPLATE SYS_C0020625) parallel_index(PSP_COMPANYAGENCY_FRMTEMPLATE SYS_C0020625)*/ count(*) from pspadm.PSP_COMPANYAGENCY_FRMTEMPLATE PSP_COMPANYAGENCY_FRMTEMPLATE;

  COUNT(*)                                                                      
----------                                                                      
   1300611                                                                      

1 row selected.

Elapsed: 00:00:00.46
14:56:55 SQL> select /*+ index_ffs(PSP_COMPANYAGENCY_PMTTEMPLATE PSP_COMPANY_AGENCY_PAYMENT_FK1) parallel_index(PSP_COMPANYAGENCY_PMTTEMPLATE PSP_COMPANY_AGENCY_PAYMENT_FK1)*/ count(*) from pspadm.PSP_COMPANYAGENCY_PMTTEMPLATE PSP_COMPANYAGENCY_PMTTEMPLATE;

  COUNT(*)                                                                      
----------                                                                      
   3055233                                                                      

1 row selected.

Elapsed: 00:00:00.40
14:56:55 SQL> select /*+ index_ffs(PSP_COMPANYAGENCY_PMTTEMPLATE PSP_COMPANY_AGENCY_PAYMENT_FK2) parallel_index(PSP_COMPANYAGENCY_PMTTEMPLATE PSP_COMPANY_AGENCY_PAYMENT_FK2)*/ count(*) from pspadm.PSP_COMPANYAGENCY_PMTTEMPLATE PSP_COMPANYAGENCY_PMTTEMPLATE;

  COUNT(*)                                                                      
----------                                                                      
   3055233                                                                      

1 row selected.

Elapsed: 00:00:00.44
14:56:56 SQL> select /*+ index_ffs(PSP_COMPANYAGENCY_PMTTEMPLATE SYS_C0020563) parallel_index(PSP_COMPANYAGENCY_PMTTEMPLATE SYS_C0020563)*/ count(*) from pspadm.PSP_COMPANYAGENCY_PMTTEMPLATE PSP_COMPANYAGENCY_PMTTEMPLATE;

  COUNT(*)                                                                      
----------                                                                      
   3055233                                                                      

1 row selected.

Elapsed: 00:00:00.35
14:56:56 SQL> select /*+ index_ffs(PSP_COMPANY_ADDITIONAL_INFO PSP_COMPANY_ADDITIONAL_INF_FK1) parallel_index(PSP_COMPANY_ADDITIONAL_INFO PSP_COMPANY_ADDITIONAL_INF_FK1)*/ count(*) from pspadm.PSP_COMPANY_ADDITIONAL_INFO PSP_COMPANY_ADDITIONAL_INFO;

  COUNT(*)                                                                      
----------                                                                      
    788407                                                                      

1 row selected.

Elapsed: 00:00:00.24
14:56:56 SQL> select /*+ index_ffs(PSP_COMPANY_ADDITIONAL_INFO PSP_COMPANY_ADDITIONAL_INF_FK2) parallel_index(PSP_COMPANY_ADDITIONAL_INFO PSP_COMPANY_ADDITIONAL_INF_FK2)*/ count(*) from pspadm.PSP_COMPANY_ADDITIONAL_INFO PSP_COMPANY_ADDITIONAL_INFO;

  COUNT(*)                                                                      
----------                                                                      
    788407                                                                      

1 row selected.

Elapsed: 00:00:00.41
14:56:57 SQL> select /*+ index_ffs(PSP_COMPANY_ADDITIONAL_INFO PSP_COMPANY_ADDITIONAL_INF_FK3) parallel_index(PSP_COMPANY_ADDITIONAL_INFO PSP_COMPANY_ADDITIONAL_INF_FK3)*/ count(*) from pspadm.PSP_COMPANY_ADDITIONAL_INFO PSP_COMPANY_ADDITIONAL_INFO;

  COUNT(*)                                                                      
----------                                                                      
    788407                                                                      

1 row selected.

Elapsed: 00:00:00.43
14:56:57 SQL> select /*+ index_ffs(PSP_COMPANY_ADDITIONAL_INFO SYS_C0020737) parallel_index(PSP_COMPANY_ADDITIONAL_INFO SYS_C0020737)*/ count(*) from pspadm.PSP_COMPANY_ADDITIONAL_INFO PSP_COMPANY_ADDITIONAL_INFO;

  COUNT(*)                                                                      
----------                                                                      
    788407                                                                      

1 row selected.

Elapsed: 00:00:00.32
14:56:57 SQL> select /*+ index_ffs(PSP_COMPANY_AGENCY PSP_COMPANY_AGENCY_FK1) parallel_index(PSP_COMPANY_AGENCY PSP_COMPANY_AGENCY_FK1)*/ count(*) from pspadm.PSP_COMPANY_AGENCY PSP_COMPANY_AGENCY;

  COUNT(*)                                                                      
----------                                                                      
   2213503                                                                      

1 row selected.

Elapsed: 00:00:00.45
14:56:58 SQL> select /*+ index_ffs(PSP_COMPANY_AGENCY PSP_COMPANY_AGENCY_FK2) parallel_index(PSP_COMPANY_AGENCY PSP_COMPANY_AGENCY_FK2)*/ count(*) from pspadm.PSP_COMPANY_AGENCY PSP_COMPANY_AGENCY;

  COUNT(*)                                                                      
----------                                                                      
   2213503                                                                      

1 row selected.

Elapsed: 00:00:00.44
14:56:58 SQL> select /*+ index_ffs(PSP_COMPANY_AGENCY SYS_C0020551) parallel_index(PSP_COMPANY_AGENCY SYS_C0020551)*/ count(*) from pspadm.PSP_COMPANY_AGENCY PSP_COMPANY_AGENCY;

  COUNT(*)                                                                      
----------                                                                      
   2213503                                                                      

1 row selected.

Elapsed: 00:00:00.43
14:56:59 SQL> select /*+ index_ffs(PSP_COMPANY_BANK_ACCOUNT PSP_COMPANY_BANK_ACCOUNT_FK1) parallel_index(PSP_COMPANY_BANK_ACCOUNT PSP_COMPANY_BANK_ACCOUNT_FK1)*/ count(*) from pspadm.PSP_COMPANY_BANK_ACCOUNT PSP_COMPANY_BANK_ACCOUNT;

  COUNT(*)                                                                      
----------                                                                      
   2421333                                                                      

1 row selected.

Elapsed: 00:00:00.49
14:56:59 SQL> select /*+ index_ffs(PSP_COMPANY_BANK_ACCOUNT PSP_COMPANY_BANK_ACCOUNT_FK2) parallel_index(PSP_COMPANY_BANK_ACCOUNT PSP_COMPANY_BANK_ACCOUNT_FK2)*/ count(*) from pspadm.PSP_COMPANY_BANK_ACCOUNT PSP_COMPANY_BANK_ACCOUNT;

  COUNT(*)                                                                      
----------                                                                      
   2421333                                                                      

1 row selected.

Elapsed: 00:00:00.53
14:57:00 SQL> select /*+ index_ffs(PSP_COMPANY_BANK_ACCOUNT PSP_COMPANY_BANK_ACCOUNT_U1) parallel_index(PSP_COMPANY_BANK_ACCOUNT PSP_COMPANY_BANK_ACCOUNT_U1)*/ count(*) from pspadm.PSP_COMPANY_BANK_ACCOUNT PSP_COMPANY_BANK_ACCOUNT;

  COUNT(*)                                                                      
----------                                                                      
   2421333                                                                      

1 row selected.

Elapsed: 00:00:00.92
14:57:01 SQL> select /*+ index_ffs(PSP_COMPANY_BANK_ACCOUNT SYS_C0020478) parallel_index(PSP_COMPANY_BANK_ACCOUNT SYS_C0020478)*/ count(*) from pspadm.PSP_COMPANY_BANK_ACCOUNT PSP_COMPANY_BANK_ACCOUNT;

  COUNT(*)                                                                      
----------                                                                      
   2421333                                                                      

1 row selected.

Elapsed: 00:00:00.62
14:57:01 SQL> select /*+ index_ffs(PSP_COMPANY_CONSENT SYS_C0020740) parallel_index(PSP_COMPANY_CONSENT SYS_C0020740)*/ count(*) from pspadm.PSP_COMPANY_CONSENT PSP_COMPANY_CONSENT;

  COUNT(*)                                                                      
----------                                                                      
     40415                                                                      

1 row selected.

Elapsed: 00:00:00.28
14:57:02 SQL> select /*+ index_ffs(PSP_COMPANY_DAILY_LIABILITY PSP_COMPANY_DAILY_LIABILIT_FK1) parallel_index(PSP_COMPANY_DAILY_LIABILITY PSP_COMPANY_DAILY_LIABILIT_FK1)*/ count(*) from pspadm.PSP_COMPANY_DAILY_LIABILITY PSP_COMPANY_DAILY_LIABILITY;

  COUNT(*)                                                                      
----------                                                                      
 178742226                                                                      

1 row selected.

Elapsed: 00:00:08.82
14:57:10 SQL> select /*+ index_ffs(PSP_COMPANY_DAILY_LIABILITY PSP_COMPANY_DAILY_LIABILIT_FK2) parallel_index(PSP_COMPANY_DAILY_LIABILITY PSP_COMPANY_DAILY_LIABILIT_FK2)*/ count(*) from pspadm.PSP_COMPANY_DAILY_LIABILITY PSP_COMPANY_DAILY_LIABILITY;

  COUNT(*)                                                                      
----------                                                                      
 178742226                                                                      

1 row selected.

Elapsed: 00:00:27.92
14:57:38 SQL> select /*+ index_ffs(PSP_COMPANY_DAILY_LIABILITY SYS_C0020634) parallel_index(PSP_COMPANY_DAILY_LIABILITY SYS_C0020634)*/ count(*) from pspadm.PSP_COMPANY_DAILY_LIABILITY PSP_COMPANY_DAILY_LIABILITY;

  COUNT(*)                                                                      
----------                                                                      
 178742226                                                                      

1 row selected.

Elapsed: 00:00:23.98
14:58:02 SQL> select /*+ index_ffs(PSP_COMPANY_EVENT PSP_COMPANY_EVENT_FK1) parallel_index(PSP_COMPANY_EVENT PSP_COMPANY_EVENT_FK1)*/ count(*) from pspadm.PSP_COMPANY_EVENT PSP_COMPANY_EVENT;

  COUNT(*)                                                                      
----------                                                                      
1638499058                                                                      

1 row selected.

Elapsed: 00:02:04.35
15:00:07 SQL> select /*+ index_ffs(PSP_COMPANY_EVENT PSP_COMPANY_EVENT_I1) parallel_index(PSP_COMPANY_EVENT PSP_COMPANY_EVENT_I1)*/ count(*) from pspadm.PSP_COMPANY_EVENT PSP_COMPANY_EVENT;

  COUNT(*)                                                                      
----------                                                                      
1638499140                                                                      

1 row selected.

Elapsed: 00:02:54.94
15:03:02 SQL> select /*+ index_ffs(PSP_COMPANY_EVENT PSP_COMPANY_EVENT_I2) parallel_index(PSP_COMPANY_EVENT PSP_COMPANY_EVENT_I2)*/ count(*) from pspadm.PSP_COMPANY_EVENT PSP_COMPANY_EVENT;

  COUNT(*)                                                                      
----------                                                                      
1638499377                                                                      

1 row selected.

Elapsed: 00:30:12.33
15:33:14 SQL> select /*+ index_ffs(PSP_COMPANY_EVENT PSP_COMPANY_EVENT_I3) parallel_index(PSP_COMPANY_EVENT PSP_COMPANY_EVENT_I3)*/ count(*) from pspadm.PSP_COMPANY_EVENT PSP_COMPANY_EVENT;

  COUNT(*)                                                                      
----------                                                                      
1638501601                                                                      

1 row selected.

Elapsed: 00:02:23.41
15:35:37 SQL> select /*+ index_ffs(PSP_COMPANY_EVENT SYS_C0020732) parallel_index(PSP_COMPANY_EVENT SYS_C0020732)*/ count(*) from pspadm.PSP_COMPANY_EVENT PSP_COMPANY_EVENT;

  COUNT(*)                                                                      
----------                                                                      
1638501725                                                                      

1 row selected.

Elapsed: 00:01:06.55
15:36:44 SQL> select /*+ index_ffs(PSP_COMPANY_EVENT_DETAIL PSP_COMPANY_EVENT_DETAIL_FK1) parallel_index(PSP_COMPANY_EVENT_DETAIL PSP_COMPANY_EVENT_DETAIL_FK1)*/ count(*) from pspadm.PSP_COMPANY_EVENT_DETAIL PSP_COMPANY_EVENT_DETAIL;

  COUNT(*)                                                                      
----------                                                                      
3471067189                                                                      

1 row selected.

Elapsed: 00:04:19.66
15:41:04 SQL> select /*+ index_ffs(PSP_COMPANY_EVENT_DETAIL PSP_COMPANY_EVENT_DETAIL_FK2) parallel_index(PSP_COMPANY_EVENT_DETAIL PSP_COMPANY_EVENT_DETAIL_FK2)*/ count(*) from pspadm.PSP_COMPANY_EVENT_DETAIL PSP_COMPANY_EVENT_DETAIL;

  COUNT(*)                                                                      
----------                                                                      
3471067715                                                                      

1 row selected.

Elapsed: 00:10:07.86
15:51:11 SQL> select /*+ index_ffs(PSP_COMPANY_EVENT_DETAIL PSP_COMPANY_EVENT_DETAIL_I2) parallel_index(PSP_COMPANY_EVENT_DETAIL PSP_COMPANY_EVENT_DETAIL_I2)*/ count(*) from pspadm.PSP_COMPANY_EVENT_DETAIL PSP_COMPANY_EVENT_DETAIL;

  COUNT(*)                                                                      
----------                                                                      
3471068649                                                                      

1 row selected.

Elapsed: 00:18:07.60
16:09:19 SQL> select /*+ index_ffs(PSP_COMPANY_EVENT_DETAIL SYS_C0020460) parallel_index(PSP_COMPANY_EVENT_DETAIL SYS_C0020460)*/ count(*) from pspadm.PSP_COMPANY_EVENT_DETAIL PSP_COMPANY_EVENT_DETAIL;

  COUNT(*)                                                                      
----------                                                                      
3471072222                                                                      

1 row selected.

Elapsed: 00:06:32.71
16:15:52 SQL> select /*+ index_ffs(PSP_COMPANY_EVENT_EMAIL PSP_COMPANY_EVENT_EMAIL_FK1) parallel_index(PSP_COMPANY_EVENT_EMAIL PSP_COMPANY_EVENT_EMAIL_FK1)*/ count(*) from pspadm.PSP_COMPANY_EVENT_EMAIL PSP_COMPANY_EVENT_EMAIL;

  COUNT(*)                                                                      
----------                                                                      
 353867176                                                                      

1 row selected.

Elapsed: 00:01:11.55
16:17:03 SQL> select /*+ index_ffs(PSP_COMPANY_EVENT_EMAIL STATUS_CD_IDX) parallel_index(PSP_COMPANY_EVENT_EMAIL STATUS_CD_IDX)*/ count(*) from pspadm.PSP_COMPANY_EVENT_EMAIL PSP_COMPANY_EVENT_EMAIL;

  COUNT(*)                                                                      
----------                                                                      
 353867188                                                                      

1 row selected.

Elapsed: 00:21:59.06
16:39:02 SQL> select /*+ index_ffs(PSP_COMPANY_EVENT_EMAIL SYS_C0020539) parallel_index(PSP_COMPANY_EVENT_EMAIL SYS_C0020539)*/ count(*) from pspadm.PSP_COMPANY_EVENT_EMAIL PSP_COMPANY_EVENT_EMAIL;

  COUNT(*)                                                                      
----------                                                                      
 353867333                                                                      

1 row selected.

Elapsed: 00:00:12.80
16:39:15 SQL> select /*+ index_ffs(PSP_COMPANY_EVENT_EMAIL_PARAM PSP_COMPANY_EVENT_EMAIL_PA_FK1) parallel_index(PSP_COMPANY_EVENT_EMAIL_PARAM PSP_COMPANY_EVENT_EMAIL_PA_FK1)*/ count(*) from pspadm.PSP_COMPANY_EVENT_EMAIL_PARAM PSP_COMPANY_EVENT_EMAIL_PARAM;

  COUNT(*)                                                                      
----------                                                                      
3083383786                                                                      

1 row selected.

Elapsed: 00:09:45.50
16:49:01 SQL> select /*+ index_ffs(PSP_COMPANY_EVENT_EMAIL_PARAM PSP_COMPANY_EVENT_EMAIL_PA_FK2) parallel_index(PSP_COMPANY_EVENT_EMAIL_PARAM PSP_COMPANY_EVENT_EMAIL_PA_FK2)*/ count(*) from pspadm.PSP_COMPANY_EVENT_EMAIL_PARAM PSP_COMPANY_EVENT_EMAIL_PARAM;

  COUNT(*)                                                                      
----------                                                                      
3083384251                                                                      

1 row selected.

Elapsed: 00:03:36.21
16:52:37 SQL> select /*+ index_ffs(PSP_COMPANY_EVENT_EMAIL_PARAM SYS_C0020540) parallel_index(PSP_COMPANY_EVENT_EMAIL_PARAM SYS_C0020540)*/ count(*) from pspadm.PSP_COMPANY_EVENT_EMAIL_PARAM PSP_COMPANY_EVENT_EMAIL_PARAM;

  COUNT(*)                                                                      
----------                                                                      
3083384542                                                                      

1 row selected.

Elapsed: 00:06:23.32
16:59:00 SQL> select /*+ index_ffs(PSP_COMPANY_FILING_AMOUNT PSP_COMPANYFILINGAMOUNT_FK1) parallel_index(PSP_COMPANY_FILING_AMOUNT PSP_COMPANYFILINGAMOUNT_FK1)*/ count(*) from pspadm.PSP_COMPANY_FILING_AMOUNT PSP_COMPANY_FILING_AMOUNT;

  COUNT(*)                                                                      
----------                                                                      
     78856                                                                      

1 row selected.

Elapsed: 00:00:00.14
16:59:00 SQL> select /*+ index_ffs(PSP_COMPANY_FILING_AMOUNT SYS_C0020698) parallel_index(PSP_COMPANY_FILING_AMOUNT SYS_C0020698)*/ count(*) from pspadm.PSP_COMPANY_FILING_AMOUNT PSP_COMPANY_FILING_AMOUNT;

  COUNT(*)                                                                      
----------                                                                      
     78856                                                                      

1 row selected.

Elapsed: 00:00:00.15
16:59:00 SQL> select /*+ index_ffs(PSP_COMPANY_LAW PSP_COMPANY_LAW_FK1) parallel_index(PSP_COMPANY_LAW PSP_COMPANY_LAW_FK1)*/ count(*) from pspadm.PSP_COMPANY_LAW PSP_COMPANY_LAW;

  COUNT(*)                                                                      
----------                                                                      
   9639197                                                                      

1 row selected.

Elapsed: 00:00:00.91
16:59:01 SQL> select /*+ index_ffs(PSP_COMPANY_LAW PSP_COMPANY_LAW_FK2) parallel_index(PSP_COMPANY_LAW PSP_COMPANY_LAW_FK2)*/ count(*) from pspadm.PSP_COMPANY_LAW PSP_COMPANY_LAW;

  COUNT(*)                                                                      
----------                                                                      
   9639197                                                                      

1 row selected.

Elapsed: 00:00:00.50
16:59:02 SQL> select /*+ index_ffs(PSP_COMPANY_LAW PSP_COMPANY_LAW_FK4) parallel_index(PSP_COMPANY_LAW PSP_COMPANY_LAW_FK4)*/ count(*) from pspadm.PSP_COMPANY_LAW PSP_COMPANY_LAW;

  COUNT(*)                                                                      
----------                                                                      
   9639197                                                                      

1 row selected.

Elapsed: 00:00:00.43
16:59:02 SQL> select /*+ index_ffs(PSP_COMPANY_LAW SYS_C0020562) parallel_index(PSP_COMPANY_LAW SYS_C0020562)*/ count(*) from pspadm.PSP_COMPANY_LAW PSP_COMPANY_LAW;

  COUNT(*)                                                                      
----------                                                                      
   9639197                                                                      

1 row selected.

Elapsed: 00:00:00.73
16:59:03 SQL> select /*+ index_ffs(PSP_COMPANY_LAW_RATE PSP_COMPANY_LAW_RATE_FK1) parallel_index(PSP_COMPANY_LAW_RATE PSP_COMPANY_LAW_RATE_FK1)*/ count(*) from pspadm.PSP_COMPANY_LAW_RATE PSP_COMPANY_LAW_RATE;

  COUNT(*)                                                                      
----------                                                                      
  12832508                                                                      

1 row selected.

Elapsed: 00:00:01.23
16:59:04 SQL> select /*+ index_ffs(PSP_COMPANY_LAW_RATE SYS_C0020614) parallel_index(PSP_COMPANY_LAW_RATE SYS_C0020614)*/ count(*) from pspadm.PSP_COMPANY_LAW_RATE PSP_COMPANY_LAW_RATE;

  COUNT(*)                                                                      
----------                                                                      
  12832508                                                                      

1 row selected.

Elapsed: 00:00:01.23
16:59:05 SQL> select /*+ index_ffs(PSP_COMPANY_NOTE PSP_COMPANYNOTE_FK1) parallel_index(PSP_COMPANY_NOTE PSP_COMPANYNOTE_FK1)*/ count(*) from pspadm.PSP_COMPANY_NOTE PSP_COMPANY_NOTE;

  COUNT(*)                                                                      
----------                                                                      
    513396                                                                      

1 row selected.

Elapsed: 00:00:00.22
16:59:06 SQL> select /*+ index_ffs(PSP_COMPANY_NOTE PSP_COMPANY_NOTE_FK1) parallel_index(PSP_COMPANY_NOTE PSP_COMPANY_NOTE_FK1)*/ count(*) from pspadm.PSP_COMPANY_NOTE PSP_COMPANY_NOTE;

  COUNT(*)                                                                      
----------                                                                      
    513396                                                                      

1 row selected.

Elapsed: 00:00:00.26
16:59:06 SQL> select /*+ index_ffs(PSP_COMPANY_NOTE SYS_C0020479) parallel_index(PSP_COMPANY_NOTE SYS_C0020479)*/ count(*) from pspadm.PSP_COMPANY_NOTE PSP_COMPANY_NOTE;

  COUNT(*)                                                                      
----------                                                                      
    513396                                                                      

1 row selected.

Elapsed: 00:00:00.21
16:59:06 SQL> select /*+ index_ffs(PSP_COMPANY_OFFER PSP_COMPANY_OFFER_FK1) parallel_index(PSP_COMPANY_OFFER PSP_COMPANY_OFFER_FK1)*/ count(*) from pspadm.PSP_COMPANY_OFFER PSP_COMPANY_OFFER;

  COUNT(*)                                                                      
----------                                                                      
    131147                                                                      

1 row selected.

Elapsed: 00:00:00.22
16:59:06 SQL> select /*+ index_ffs(PSP_COMPANY_OFFER PSP_COMPANY_OFFER_FK2) parallel_index(PSP_COMPANY_OFFER PSP_COMPANY_OFFER_FK2)*/ count(*) from pspadm.PSP_COMPANY_OFFER PSP_COMPANY_OFFER;

  COUNT(*)                                                                      
----------                                                                      
    131147                                                                      

1 row selected.

Elapsed: 00:00:00.20
16:59:07 SQL> select /*+ index_ffs(PSP_COMPANY_OFFER SYS_C0020461) parallel_index(PSP_COMPANY_OFFER SYS_C0020461)*/ count(*) from pspadm.PSP_COMPANY_OFFER PSP_COMPANY_OFFER;

  COUNT(*)                                                                      
----------                                                                      
    131147                                                                      

1 row selected.

Elapsed: 00:00:00.18
16:59:07 SQL> select /*+ index_ffs(PSP_COMPANY_OFFERING PSP_COMPANY_OFFERING_FK1) parallel_index(PSP_COMPANY_OFFERING PSP_COMPANY_OFFERING_FK1)*/ count(*) from pspadm.PSP_COMPANY_OFFERING PSP_COMPANY_OFFERING;

  COUNT(*)                                                                      
----------                                                                      
   9983859                                                                      

1 row selected.

Elapsed: 00:00:01.08
16:59:08 SQL> select /*+ index_ffs(PSP_COMPANY_OFFERING PSP_COMPANY_OFFERING_FK2) parallel_index(PSP_COMPANY_OFFERING PSP_COMPANY_OFFERING_FK2)*/ count(*) from pspadm.PSP_COMPANY_OFFERING PSP_COMPANY_OFFERING;

  COUNT(*)                                                                      
----------                                                                      
   9983859                                                                      

1 row selected.

Elapsed: 00:00:00.94
16:59:09 SQL> select /*+ index_ffs(PSP_COMPANY_OFFERING SYS_C0020595) parallel_index(PSP_COMPANY_OFFERING SYS_C0020595)*/ count(*) from pspadm.PSP_COMPANY_OFFERING PSP_COMPANY_OFFERING;

  COUNT(*)                                                                      
----------                                                                      
   9983859                                                                      

1 row selected.

Elapsed: 00:00:00.84
16:59:10 SQL> select /*+ index_ffs(PSP_COMPANY_PAYCHECK_BATCH PSP_COMPANY_PAYCHECK_BATCH_FK2) parallel_index(PSP_COMPANY_PAYCHECK_BATCH PSP_COMPANY_PAYCHECK_BATCH_FK2)*/ count(*) from pspadm.PSP_COMPANY_PAYCHECK_BATCH PSP_COMPANY_PAYCHECK_BATCH;

  COUNT(*)                                                                      
----------                                                                      
      5567                                                                      

1 row selected.

Elapsed: 00:00:00.02
16:59:10 SQL> select /*+ index_ffs(PSP_COMPANY_PAYCHECK_BATCH SYS_C0020643) parallel_index(PSP_COMPANY_PAYCHECK_BATCH SYS_C0020643)*/ count(*) from pspadm.PSP_COMPANY_PAYCHECK_BATCH PSP_COMPANY_PAYCHECK_BATCH;

  COUNT(*)                                                                      
----------                                                                      
      5567                                                                      

1 row selected.

Elapsed: 00:00:00.01
16:59:10 SQL> select /*+ index_ffs(PSP_COMPANY_PAYROLL_ITEM PSP_COMPANY_PAYROLL_ITEM_FK1) parallel_index(PSP_COMPANY_PAYROLL_ITEM PSP_COMPANY_PAYROLL_ITEM_FK1)*/ count(*) from pspadm.PSP_COMPANY_PAYROLL_ITEM PSP_COMPANY_PAYROLL_ITEM;

  COUNT(*)                                                                      
----------                                                                      
  20384064                                                                      

1 row selected.

Elapsed: 00:00:02.37
16:59:12 SQL> select /*+ index_ffs(PSP_COMPANY_PAYROLL_ITEM PSP_COMPANY_PAYROLL_ITEM_FK2) parallel_index(PSP_COMPANY_PAYROLL_ITEM PSP_COMPANY_PAYROLL_ITEM_FK2)*/ count(*) from pspadm.PSP_COMPANY_PAYROLL_ITEM PSP_COMPANY_PAYROLL_ITEM;

  COUNT(*)                                                                      
----------                                                                      
  20384064                                                                      

1 row selected.

Elapsed: 00:00:01.41
16:59:13 SQL> select /*+ index_ffs(PSP_COMPANY_PAYROLL_ITEM PSP_COMPANY_PAYROLL_ITEM_FK4) parallel_index(PSP_COMPANY_PAYROLL_ITEM PSP_COMPANY_PAYROLL_ITEM_FK4)*/ count(*) from pspadm.PSP_COMPANY_PAYROLL_ITEM PSP_COMPANY_PAYROLL_ITEM;

  COUNT(*)                                                                      
----------                                                                      
  20384064                                                                      

1 row selected.

Elapsed: 00:00:00.70
16:59:14 SQL> select /*+ index_ffs(PSP_COMPANY_PAYROLL_ITEM SYS_C0020573) parallel_index(PSP_COMPANY_PAYROLL_ITEM SYS_C0020573)*/ count(*) from pspadm.PSP_COMPANY_PAYROLL_ITEM PSP_COMPANY_PAYROLL_ITEM;

  COUNT(*)                                                                      
----------                                                                      
  20384064                                                                      

1 row selected.

Elapsed: 00:00:01.66
16:59:16 SQL> select /*+ index_ffs(PSP_COMPANY_PIN PSP_COMPANY_PIN_FK1) parallel_index(PSP_COMPANY_PIN PSP_COMPANY_PIN_FK1)*/ count(*) from pspadm.PSP_COMPANY_PIN PSP_COMPANY_PIN;

  COUNT(*)                                                                      
----------                                                                      
   1470360                                                                      

1 row selected.

Elapsed: 00:00:00.28
16:59:16 SQL> select /*+ index_ffs(PSP_COMPANY_PIN SYS_C0020527) parallel_index(PSP_COMPANY_PIN SYS_C0020527)*/ count(*) from pspadm.PSP_COMPANY_PIN PSP_COMPANY_PIN;

  COUNT(*)                                                                      
----------                                                                      
   1470360                                                                      

1 row selected.

Elapsed: 00:00:00.39
16:59:16 SQL> select /*+ index_ffs(PSP_COMPANY_RATE_REQUEST PSP_COMPANY_RATE_REQUEST_FK1) parallel_index(PSP_COMPANY_RATE_REQUEST PSP_COMPANY_RATE_REQUEST_FK1)*/ count(*) from pspadm.PSP_COMPANY_RATE_REQUEST PSP_COMPANY_RATE_REQUEST;

  COUNT(*)                                                                      
----------                                                                      
    860047                                                                      

1 row selected.

Elapsed: 00:00:00.30
16:59:17 SQL> select /*+ index_ffs(PSP_COMPANY_RATE_REQUEST PSP_COMPANY_RATE_REQUEST_FK2) parallel_index(PSP_COMPANY_RATE_REQUEST PSP_COMPANY_RATE_REQUEST_FK2)*/ count(*) from pspadm.PSP_COMPANY_RATE_REQUEST PSP_COMPANY_RATE_REQUEST;

  COUNT(*)                                                                      
----------                                                                      
    860047                                                                      

1 row selected.

Elapsed: 00:00:00.31
16:59:17 SQL> select /*+ index_ffs(PSP_COMPANY_RATE_REQUEST SYS_C0020714) parallel_index(PSP_COMPANY_RATE_REQUEST SYS_C0020714)*/ count(*) from pspadm.PSP_COMPANY_RATE_REQUEST PSP_COMPANY_RATE_REQUEST;

  COUNT(*)                                                                      
----------                                                                      
    860047                                                                      

1 row selected.

Elapsed: 00:00:00.45
16:59:18 SQL> select /*+ index_ffs(PSP_COMPANY_SERVICE PSP_COMPANY_SERVICE_FK1) parallel_index(PSP_COMPANY_SERVICE PSP_COMPANY_SERVICE_FK1)*/ count(*) from pspadm.PSP_COMPANY_SERVICE PSP_COMPANY_SERVICE;

  COUNT(*)                                                                      
----------                                                                      
  10105087                                                                      

1 row selected.

Elapsed: 00:00:00.55
16:59:18 SQL> select /*+ index_ffs(PSP_COMPANY_SERVICE PSP_COMPANY_SERVICE_FK2) parallel_index(PSP_COMPANY_SERVICE PSP_COMPANY_SERVICE_FK2)*/ count(*) from pspadm.PSP_COMPANY_SERVICE PSP_COMPANY_SERVICE;

  COUNT(*)                                                                      
----------                                                                      
  10105087                                                                      

1 row selected.

Elapsed: 00:00:00.30
16:59:18 SQL> select /*+ index_ffs(PSP_COMPANY_SERVICE PSP_COMPANY_SERVICE_FK3) parallel_index(PSP_COMPANY_SERVICE PSP_COMPANY_SERVICE_FK3)*/ count(*) from pspadm.PSP_COMPANY_SERVICE PSP_COMPANY_SERVICE;

  COUNT(*)                                                                      
----------                                                                      
  10105087                                                                      

1 row selected.

Elapsed: 00:00:00.45
16:59:19 SQL> select /*+ index_ffs(PSP_COMPANY_SERVICE PSP_COMPANY_SERVICE_IDX1) parallel_index(PSP_COMPANY_SERVICE PSP_COMPANY_SERVICE_IDX1)*/ count(*) from pspadm.PSP_COMPANY_SERVICE PSP_COMPANY_SERVICE;

  COUNT(*)                                                                      
----------                                                                      
  10105087                                                                      

1 row selected.

Elapsed: 00:00:00.28
16:59:19 SQL> select /*+ index_ffs(PSP_COMPANY_SERVICE SYS_C0020480) parallel_index(PSP_COMPANY_SERVICE SYS_C0020480)*/ count(*) from pspadm.PSP_COMPANY_SERVICE PSP_COMPANY_SERVICE;

  COUNT(*)                                                                      
----------                                                                      
  10105087                                                                      

1 row selected.

Elapsed: 00:00:00.85
16:59:20 SQL> select /*+ index_ffs(PSP_COMPANY_SERVICE_BANK_ACCT PSP_COMPANY_SERVICE_BANK_A_FK1) parallel_index(PSP_COMPANY_SERVICE_BANK_ACCT PSP_COMPANY_SERVICE_BANK_A_FK1)*/ count(*) from pspadm.PSP_COMPANY_SERVICE_BANK_ACCT PSP_COMPANY_SERVICE_BANK_ACCT;

  COUNT(*)                                                                      
----------                                                                      
 220007830                                                                      

1 row selected.

Elapsed: 00:00:14.38
16:59:34 SQL> select /*+ index_ffs(PSP_COMPANY_SERVICE_BANK_ACCT PSP_COMPANY_SERVICE_BANK_A_FK2) parallel_index(PSP_COMPANY_SERVICE_BANK_ACCT PSP_COMPANY_SERVICE_BANK_A_FK2)*/ count(*) from pspadm.PSP_COMPANY_SERVICE_BANK_ACCT PSP_COMPANY_SERVICE_BANK_ACCT;

  COUNT(*)                                                                      
----------                                                                      
 220007831                                                                      

1 row selected.

Elapsed: 00:00:14.87
16:59:49 SQL> select /*+ index_ffs(PSP_COMPANY_SERVICE_BANK_ACCT PSP_COMPANY_SERVICE_BANK_A_FK3) parallel_index(PSP_COMPANY_SERVICE_BANK_ACCT PSP_COMPANY_SERVICE_BANK_A_FK3)*/ count(*) from pspadm.PSP_COMPANY_SERVICE_BANK_ACCT PSP_COMPANY_SERVICE_BANK_ACCT;

  COUNT(*)                                                                      
----------                                                                      
 220007834                                                                      

1 row selected.

Elapsed: 00:00:19.02
17:00:08 SQL> select /*+ index_ffs(PSP_COMPANY_SERVICE_BANK_ACCT SYS_C0020462) parallel_index(PSP_COMPANY_SERVICE_BANK_ACCT SYS_C0020462)*/ count(*) from pspadm.PSP_COMPANY_SERVICE_BANK_ACCT PSP_COMPANY_SERVICE_BANK_ACCT;

  COUNT(*)                                                                      
----------                                                                      
 220007836                                                                      

1 row selected.

Elapsed: 00:00:26.27
17:00:34 SQL> select /*+ index_ffs(PSP_COMPANY_TFSSUBMISSION PSP_COMPANY_TFSSUBMISSION_FK1) parallel_index(PSP_COMPANY_TFSSUBMISSION PSP_COMPANY_TFSSUBMISSION_FK1)*/ count(*) from pspadm.PSP_COMPANY_TFSSUBMISSION PSP_COMPANY_TFSSUBMISSION;

  COUNT(*)                                                                      
----------                                                                      
    535635                                                                      

1 row selected.

Elapsed: 00:00:00.50
17:00:35 SQL> select /*+ index_ffs(PSP_COMPANY_TFSSUBMISSION SYS_C0020700) parallel_index(PSP_COMPANY_TFSSUBMISSION SYS_C0020700)*/ count(*) from pspadm.PSP_COMPANY_TFSSUBMISSION PSP_COMPANY_TFSSUBMISSION;

  COUNT(*)                                                                      
----------                                                                      
    535635                                                                      

1 row selected.

Elapsed: 00:00:00.33
17:00:35 SQL> select /*+ index_ffs(PSP_COMPANY_USAGE PSP_COMPANY_USAGE_U1) parallel_index(PSP_COMPANY_USAGE PSP_COMPANY_USAGE_U1)*/ count(*) from pspadm.PSP_COMPANY_USAGE PSP_COMPANY_USAGE;

  COUNT(*)                                                                      
----------                                                                      
   1071072                                                                      

1 row selected.

Elapsed: 00:00:03.09
17:00:38 SQL> select /*+ index_ffs(PSP_COMPANY_USAGE SYS_C0020686) parallel_index(PSP_COMPANY_USAGE SYS_C0020686)*/ count(*) from pspadm.PSP_COMPANY_USAGE PSP_COMPANY_USAGE;

  COUNT(*)                                                                      
----------                                                                      
   1071072                                                                      

1 row selected.

Elapsed: 00:00:00.04
17:00:38 SQL> select /*+ index_ffs(PSP_COMPENSATION PSP_COMPENSATION_FK1) parallel_index(PSP_COMPENSATION PSP_COMPENSATION_FK1)*/ count(*) from pspadm.PSP_COMPENSATION PSP_COMPENSATION;

  COUNT(*)                                                                      
----------                                                                      
1416652133                                                                      

1 row selected.

Elapsed: 00:03:49.80
17:04:28 SQL> select /*+ index_ffs(PSP_COMPENSATION PSP_COMPENSATION_FK2) parallel_index(PSP_COMPENSATION PSP_COMPENSATION_FK2)*/ count(*) from pspadm.PSP_COMPENSATION PSP_COMPENSATION;

  COUNT(*)                                                                      
----------                                                                      
1416652326                                                                      

1 row selected.

Elapsed: 00:03:41.38
17:08:10 SQL> select /*+ index_ffs(PSP_COMPENSATION PSP_COMPENSATION_FK4) parallel_index(PSP_COMPENSATION PSP_COMPENSATION_FK4)*/ count(*) from pspadm.PSP_COMPENSATION PSP_COMPENSATION;

  COUNT(*)                                                                      
----------                                                                      
1416652471                                                                      

1 row selected.

Elapsed: 00:03:20.30
17:11:30 SQL> select /*+ index_ffs(PSP_COMPENSATION SYS_C0020481) parallel_index(PSP_COMPENSATION SYS_C0020481)*/ count(*) from pspadm.PSP_COMPENSATION PSP_COMPENSATION;

  COUNT(*)                                                                      
----------                                                                      
1416652553                                                                      

1 row selected.

Elapsed: 00:02:15.58
17:13:46 SQL> select /*+ index_ffs(PSP_COMP_ADJUST_SUBMISSION PSP_COMPANY_ADJUSTMENT_SUB_FK1) parallel_index(PSP_COMP_ADJUST_SUBMISSION PSP_COMPANY_ADJUSTMENT_SUB_FK1)*/ count(*) from pspadm.PSP_COMP_ADJUST_SUBMISSION PSP_COMP_ADJUST_SUBMISSION;

  COUNT(*)                                                                      
----------                                                                      
  19243782                                                                      

1 row selected.

Elapsed: 00:00:02.04
17:13:48 SQL> select /*+ index_ffs(PSP_COMP_ADJUST_SUBMISSION PSP_COMPANY_ADJUSTMENT_SUB_FK3) parallel_index(PSP_COMP_ADJUST_SUBMISSION PSP_COMPANY_ADJUSTMENT_SUB_FK3)*/ count(*) from pspadm.PSP_COMP_ADJUST_SUBMISSION PSP_COMP_ADJUST_SUBMISSION;

  COUNT(*)                                                                      
----------                                                                      
  19243782                                                                      

1 row selected.

Elapsed: 00:00:00.72
17:13:48 SQL> select /*+ index_ffs(PSP_COMP_ADJUST_SUBMISSION PSP_COMPANY_ADJUSTMENT_SUB_FK4) parallel_index(PSP_COMP_ADJUST_SUBMISSION PSP_COMPANY_ADJUSTMENT_SUB_FK4)*/ count(*) from pspadm.PSP_COMP_ADJUST_SUBMISSION PSP_COMP_ADJUST_SUBMISSION;

  COUNT(*)                                                                      
----------                                                                      
  19243782                                                                      

1 row selected.

Elapsed: 00:00:00.67
17:13:49 SQL> select /*+ index_ffs(PSP_COMP_ADJUST_SUBMISSION SYS_C0020558) parallel_index(PSP_COMP_ADJUST_SUBMISSION SYS_C0020558)*/ count(*) from pspadm.PSP_COMP_ADJUST_SUBMISSION PSP_COMP_ADJUST_SUBMISSION;

  COUNT(*)                                                                      
----------                                                                      
  19243782                                                                      

1 row selected.

Elapsed: 00:00:01.30
17:13:50 SQL> select /*+ index_ffs(PSP_COMP_PMTTEMPLATE_PMTMETHOD PSP_COMPANYPAYMENTTEMPLATE_FK1) parallel_index(PSP_COMP_PMTTEMPLATE_PMTMETHOD PSP_COMPANYPAYMENTTEMPLATE_FK1)*/ count(*) from pspadm.PSP_COMP_PMTTEMPLATE_PMTMETHOD PSP_COMP_PMTTEMPLATE_PMTMETHOD;

  COUNT(*)                                                                      
----------                                                                      
   5143428                                                                      

1 row selected.

Elapsed: 00:00:00.49
17:13:51 SQL> select /*+ index_ffs(PSP_COMP_PMTTEMPLATE_PMTMETHOD SYS_C0020653) parallel_index(PSP_COMP_PMTTEMPLATE_PMTMETHOD SYS_C0020653)*/ count(*) from pspadm.PSP_COMP_PMTTEMPLATE_PMTMETHOD PSP_COMP_PMTTEMPLATE_PMTMETHOD;

  COUNT(*)                                                                      
----------                                                                      
   5143428                                                                      

1 row selected.

Elapsed: 00:00:00.45
17:13:51 SQL> select /*+ index_ffs(PSP_COMP_PMT_TEMPLATE_AGENCYID PSP_COMPANYPAYMENTTEMPLATE_FK2) parallel_index(PSP_COMP_PMT_TEMPLATE_AGENCYID PSP_COMPANYPAYMENTTEMPLATE_FK2)*/ count(*) from pspadm.PSP_COMP_PMT_TEMPLATE_AGENCYID PSP_COMP_PMT_TEMPLATE_AGENCYID;

  COUNT(*)                                                                      
----------                                                                      
     16068                                                                      

1 row selected.

Elapsed: 00:00:00.11
17:13:51 SQL> select /*+ index_ffs(PSP_COMP_PMT_TEMPLATE_AGENCYID SYS_C0020654) parallel_index(PSP_COMP_PMT_TEMPLATE_AGENCYID SYS_C0020654)*/ count(*) from pspadm.PSP_COMP_PMT_TEMPLATE_AGENCYID PSP_COMP_PMT_TEMPLATE_AGENCYID;

  COUNT(*)                                                                      
----------                                                                      
     16068                                                                      

1 row selected.

Elapsed: 00:00:00.13
17:13:51 SQL> select /*+ index_ffs(PSP_CONTACT PSP_CONTACT_FK2) parallel_index(PSP_CONTACT PSP_CONTACT_FK2)*/ count(*) from pspadm.PSP_CONTACT PSP_CONTACT;

  COUNT(*)                                                                      
----------                                                                      
  13926007                                                                      

1 row selected.

Elapsed: 00:00:00.87
17:13:52 SQL> select /*+ index_ffs(PSP_CONTACT SYS_C0020482) parallel_index(PSP_CONTACT SYS_C0020482)*/ count(*) from pspadm.PSP_CONTACT PSP_CONTACT;

  COUNT(*)                                                                      
----------                                                                      
  13926007                                                                      

1 row selected.

Elapsed: 00:00:01.23
17:13:54 SQL> select /*+ index_ffs(PSP_DDCOMPANY_SERVICE_INFO PSP_DDCOMPANY_SERVICE_INFO_FK2) parallel_index(PSP_DDCOMPANY_SERVICE_INFO PSP_DDCOMPANY_SERVICE_INFO_FK2)*/ count(*) from pspadm.PSP_DDCOMPANY_SERVICE_INFO PSP_DDCOMPANY_SERVICE_INFO;

  COUNT(*)                                                                      
----------                                                                      
   1348605                                                                      

1 row selected.

Elapsed: 00:00:00.15
17:13:54 SQL> select /*+ index_ffs(PSP_DDCOMPANY_SERVICE_INFO SYS_C0020483) parallel_index(PSP_DDCOMPANY_SERVICE_INFO SYS_C0020483)*/ count(*) from pspadm.PSP_DDCOMPANY_SERVICE_INFO PSP_DDCOMPANY_SERVICE_INFO;

  COUNT(*)                                                                      
----------                                                                      
   1348605                                                                      

1 row selected.

Elapsed: 00:00:00.29
17:13:54 SQL> select /*+ index_ffs(PSP_DEDUCTION PSP_DEDUCTION_FK1) parallel_index(PSP_DEDUCTION PSP_DEDUCTION_FK1)*/ count(*) from pspadm.PSP_DEDUCTION PSP_DEDUCTION;

  COUNT(*)                                                                      
----------                                                                      
 696205835                                                                      

1 row selected.

Elapsed: 00:01:59.40
17:15:53 SQL> select /*+ index_ffs(PSP_DEDUCTION PSP_DEDUCTION_FK2) parallel_index(PSP_DEDUCTION PSP_DEDUCTION_FK2)*/ count(*) from pspadm.PSP_DEDUCTION PSP_DEDUCTION;

  COUNT(*)                                                                      
----------                                                                      
 696205837                                                                      

1 row selected.

Elapsed: 00:01:52.31
17:17:46 SQL> select /*+ index_ffs(PSP_DEDUCTION PSP_DEDUCTION_FK4) parallel_index(PSP_DEDUCTION PSP_DEDUCTION_FK4)*/ count(*) from pspadm.PSP_DEDUCTION PSP_DEDUCTION;

  COUNT(*)                                                                      
----------                                                                      
 696205857                                                                      

1 row selected.

Elapsed: 00:01:54.54
17:19:40 SQL> spool off
