00:43:28 SQL> select /*+ FULL(GG_HEARTBEAT) parallel(GG_HEARTBEAT ,4) */count(*) from pspadm.GG_HEARTBEAT GG_HEARTBEAT ;

  COUNT(*)                                                                      
----------                                                                      
         3                                                                      

1 row selected.

Elapsed: 00:00:00.27
00:43:28 SQL> select /*+ FULL(PSP_ACCOUNTING_REPORT_FILE) parallel(PSP_ACCOUNTING_REPORT_FILE ,4) */count(*) from pspadm.PSP_ACCOUNTING_REPORT_FILE PSP_ACCOUNTING_REPORT_FILE ;

  COUNT(*)                                                                      
----------                                                                      
     10539                                                                      

1 row selected.

Elapsed: 00:00:00.43
00:43:29 SQL> select /*+ FULL(PSP_ACHENROLLMENT) parallel(PSP_ACHENROLLMENT ,4) */count(*) from pspadm.PSP_ACHENROLLMENT PSP_ACHENROLLMENT ;

  COUNT(*)                                                                      
----------                                                                      
     18687                                                                      

1 row selected.

Elapsed: 00:00:00.48
00:43:29 SQL> select /*+ FULL(PSP_ACHENROLLMENT_DETAIL) parallel(PSP_ACHENROLLMENT_DETAIL ,4) */count(*) from pspadm.PSP_ACHENROLLMENT_DETAIL PSP_ACHENROLLMENT_DETAIL ;

  COUNT(*)                                                                      
----------                                                                      
      5477                                                                      

1 row selected.

Elapsed: 00:00:00.59
00:43:30 SQL> select /*+ FULL(PSP_ACHENROLLMENT_FILE) parallel(PSP_ACHENROLLMENT_FILE ,4) */count(*) from pspadm.PSP_ACHENROLLMENT_FILE PSP_ACHENROLLMENT_FILE ;

  COUNT(*)                                                                      
----------                                                                      
        87                                                                      

1 row selected.

Elapsed: 00:00:00.19
00:43:30 SQL> select /*+ FULL(PSP_ACH_TRANSACTION_CODE) parallel(PSP_ACH_TRANSACTION_CODE ,4) */count(*) from pspadm.PSP_ACH_TRANSACTION_CODE PSP_ACH_TRANSACTION_CODE ;

  COUNT(*)                                                                      
----------                                                                      
        16                                                                      

1 row selected.

Elapsed: 00:00:00.08
00:43:30 SQL> select /*+ FULL(PSP_ACTION_EVENT) parallel(PSP_ACTION_EVENT ,4) */count(*) from pspadm.PSP_ACTION_EVENT PSP_ACTION_EVENT ;

  COUNT(*)                                                                      
----------                                                                      
        31                                                                      

1 row selected.

Elapsed: 00:00:00.13
00:43:30 SQL> select /*+ FULL(PSP_ADDITIONAL_FILING_AMOUNT) parallel(PSP_ADDITIONAL_FILING_AMOUNT ,4) */count(*) from pspadm.PSP_ADDITIONAL_FILING_AMOUNT PSP_ADDITIONAL_FILING_AMOUNT ;

  COUNT(*)                                                                      
----------                                                                      
        24                                                                      

1 row selected.

Elapsed: 00:00:00.03
00:43:30 SQL> select /*+ FULL(PSP_ADDRESS) parallel(PSP_ADDRESS ,4) */count(*) from pspadm.PSP_ADDRESS PSP_ADDRESS ;

  COUNT(*)                                                                      
----------                                                                      
 106339898                                                                      

1 row selected.

Elapsed: 00:01:47.13
00:45:17 SQL> select /*+ FULL(PSP_ADE_LAW_MAP) parallel(PSP_ADE_LAW_MAP ,4) */count(*) from pspadm.PSP_ADE_LAW_MAP PSP_ADE_LAW_MAP ;

  COUNT(*)                                                                      
----------                                                                      
        59                                                                      

1 row selected.

Elapsed: 00:00:00.08
00:45:17 SQL> select /*+ FULL(PSP_AGENCY) parallel(PSP_AGENCY ,4) */count(*) from pspadm.PSP_AGENCY PSP_AGENCY ;

  COUNT(*)                                                                      
----------                                                                      
        97                                                                      

1 row selected.

Elapsed: 00:00:00.14
00:45:17 SQL> select /*+ FULL(PSP_AGENCY_CHECK_BATCH) parallel(PSP_AGENCY_CHECK_BATCH ,4) */count(*) from pspadm.PSP_AGENCY_CHECK_BATCH PSP_AGENCY_CHECK_BATCH ;

  COUNT(*)                                                                      
----------                                                                      
     19459                                                                      

1 row selected.

Elapsed: 00:00:00.28
00:45:18 SQL> select /*+ FULL(PSP_AGENCY_ID_REQUIREMENT) parallel(PSP_AGENCY_ID_REQUIREMENT ,4) */count(*) from pspadm.PSP_AGENCY_ID_REQUIREMENT PSP_AGENCY_ID_REQUIREMENT ;

  COUNT(*)                                                                      
----------                                                                      
        92                                                                      

1 row selected.

Elapsed: 00:00:00.01
00:45:18 SQL> select /*+ FULL(PSP_AGENCY_RATE_REQUEST) parallel(PSP_AGENCY_RATE_REQUEST ,4) */count(*) from pspadm.PSP_AGENCY_RATE_REQUEST PSP_AGENCY_RATE_REQUEST ;

  COUNT(*)                                                                      
----------                                                                      
       595                                                                      

1 row selected.

Elapsed: 00:00:00.23
00:45:18 SQL> select /*+ FULL(PSP_ANNUAL_BILLING_BATCH) parallel(PSP_ANNUAL_BILLING_BATCH ,4) */count(*) from pspadm.PSP_ANNUAL_BILLING_BATCH PSP_ANNUAL_BILLING_BATCH ;

  COUNT(*)                                                                      
----------                                                                      
        10                                                                      

1 row selected.

Elapsed: 00:00:00.00
00:45:18 SQL> select /*+ FULL(PSP_ANNUAL_BILLING_ITEM) parallel(PSP_ANNUAL_BILLING_ITEM ,4) */count(*) from pspadm.PSP_ANNUAL_BILLING_ITEM PSP_ANNUAL_BILLING_ITEM ;

  COUNT(*)                                                                      
----------                                                                      
    405463                                                                      

1 row selected.

Elapsed: 00:00:03.48
00:45:21 SQL> select /*+ FULL(PSP_APPLIED_DATABASE_PATCH) parallel(PSP_APPLIED_DATABASE_PATCH ,4) */count(*) from pspadm.PSP_APPLIED_DATABASE_PATCH PSP_APPLIED_DATABASE_PATCH ;

  COUNT(*)                                                                      
----------                                                                      
       627                                                                      

1 row selected.

Elapsed: 00:00:00.15
00:45:22 SQL> select /*+ FULL(PSP_ASSISTED_BUNDLE_BILL) parallel(PSP_ASSISTED_BUNDLE_BILL ,4) */count(*) from pspadm.PSP_ASSISTED_BUNDLE_BILL PSP_ASSISTED_BUNDLE_BILL ;

  COUNT(*)                                                                      
----------                                                                      
     23190                                                                      

1 row selected.

Elapsed: 00:00:00.97
00:45:23 SQL> select /*+ FULL(PSP_ASST_BUNDLE_BILL_DETAIL) parallel(PSP_ASST_BUNDLE_BILL_DETAIL ,4) */count(*) from pspadm.PSP_ASST_BUNDLE_BILL_DETAIL PSP_ASST_BUNDLE_BILL_DETAIL ;

  COUNT(*)                                                                      
----------                                                                      
    100973                                                                      

1 row selected.

Elapsed: 00:00:01.67
00:45:24 SQL> select /*+ FULL(PSP_ASST_BUNDLE_COMP_USAGE) parallel(PSP_ASST_BUNDLE_COMP_USAGE ,4) */count(*) from pspadm.PSP_ASST_BUNDLE_COMP_USAGE PSP_ASST_BUNDLE_COMP_USAGE ;

  COUNT(*)                                                                      
----------                                                                      
      1844                                                                      

1 row selected.

Elapsed: 00:00:00.23
00:45:24 SQL> select /*+ FULL(PSP_ATFDATA_EXTRACT_BATCH) parallel(PSP_ATFDATA_EXTRACT_BATCH ,4) */count(*) from pspadm.PSP_ATFDATA_EXTRACT_BATCH PSP_ATFDATA_EXTRACT_BATCH ;

  COUNT(*)                                                                      
----------                                                                      
      2974                                                                      

1 row selected.

Elapsed: 00:00:00.33
00:45:25 SQL> select /*+ FULL(PSP_ATFDATA_EXTRACT_FILE) parallel(PSP_ATFDATA_EXTRACT_FILE ,4) */count(*) from pspadm.PSP_ATFDATA_EXTRACT_FILE PSP_ATFDATA_EXTRACT_FILE ;

  COUNT(*)                                                                      
----------                                                                      
     24478                                                                      

1 row selected.

Elapsed: 00:00:00.65
00:45:25 SQL> select /*+ FULL(PSP_ATFPAYMENTS_TO_PROCESS) parallel(PSP_ATFPAYMENTS_TO_PROCESS ,4) */count(*) from pspadm.PSP_ATFPAYMENTS_TO_PROCESS PSP_ATFPAYMENTS_TO_PROCESS ;

  COUNT(*)                                                                      
----------                                                                      
 100571860                                                                      

1 row selected.

Elapsed: 00:03:16.19
00:48:42 SQL> select /*+ FULL(PSP_ATFPAYROLLS_TO_PROCESS) parallel(PSP_ATFPAYROLLS_TO_PROCESS ,4) */count(*) from pspadm.PSP_ATFPAYROLLS_TO_PROCESS PSP_ATFPAYROLLS_TO_PROCESS ;

  COUNT(*)                                                                      
----------                                                                      
  20683591                                                                      

1 row selected.

Elapsed: 00:01:19.59
00:50:01 SQL> select /*+ FULL(PSP_AUTHROLE_OPERATION_ASSOC) parallel(PSP_AUTHROLE_OPERATION_ASSOC ,4) */count(*) from pspadm.PSP_AUTHROLE_OPERATION_ASSOC PSP_AUTHROLE_OPERATION_ASSOC ;

  COUNT(*)                                                                      
----------                                                                      
      1599                                                                      

1 row selected.

Elapsed: 00:00:00.01
00:50:01 SQL> select /*+ FULL(PSP_AUTH_DOMAIN) parallel(PSP_AUTH_DOMAIN ,4) */count(*) from pspadm.PSP_AUTH_DOMAIN PSP_AUTH_DOMAIN ;

  COUNT(*)                                                                      
----------                                                                      
         2                                                                      

1 row selected.

Elapsed: 00:00:00.00
00:50:01 SQL> select /*+ FULL(PSP_AUTH_OPERATION) parallel(PSP_AUTH_OPERATION ,4) */count(*) from pspadm.PSP_AUTH_OPERATION PSP_AUTH_OPERATION ;

  COUNT(*)                                                                      
----------                                                                      
       163                                                                      

1 row selected.

Elapsed: 00:00:00.01
00:50:01 SQL> select /*+ FULL(PSP_AUTH_ROLE) parallel(PSP_AUTH_ROLE ,4) */count(*) from pspadm.PSP_AUTH_ROLE PSP_AUTH_ROLE ;

  COUNT(*)                                                                      
----------                                                                      
        58                                                                      

1 row selected.

Elapsed: 00:00:00.00
00:50:01 SQL> select /*+ FULL(PSP_AUTH_USER) parallel(PSP_AUTH_USER ,4) */count(*) from pspadm.PSP_AUTH_USER PSP_AUTH_USER ;

  COUNT(*)                                                                      
----------                                                                      
     14385                                                                      

1 row selected.

Elapsed: 00:00:00.15
00:50:01 SQL> select /*+ FULL(PSP_AUTH_USER_AUTH_ROLE__ASSOC) parallel(PSP_AUTH_USER_AUTH_ROLE__ASSOC ,4) */count(*) from pspadm.PSP_AUTH_USER_AUTH_ROLE__ASSOC PSP_AUTH_USER_AUTH_ROLE__ASSOC ;

  COUNT(*)                                                                      
----------                                                                      
     31760                                                                      

1 row selected.

Elapsed: 00:00:00.51
00:50:02 SQL> select /*+ FULL(PSP_BANK_ACCOUNT) parallel(PSP_BANK_ACCOUNT ,4) */count(*) from pspadm.PSP_BANK_ACCOUNT PSP_BANK_ACCOUNT ;

  COUNT(*)                                                                      
----------                                                                      
  48850248                                                                      

1 row selected.

Elapsed: 00:00:27.56
00:50:29 SQL> select /*+ FULL(PSP_BANK_HOLIDAY) parallel(PSP_BANK_HOLIDAY ,4) */count(*) from pspadm.PSP_BANK_HOLIDAY PSP_BANK_HOLIDAY ;

  COUNT(*)                                                                      
----------                                                                      
       216                                                                      

1 row selected.

Elapsed: 00:00:00.09
00:50:30 SQL> select /*+ FULL(PSP_BATCH_JOB_AUDIT_LOG) parallel(PSP_BATCH_JOB_AUDIT_LOG ,4) */count(*) from pspadm.PSP_BATCH_JOB_AUDIT_LOG PSP_BATCH_JOB_AUDIT_LOG ;

  COUNT(*)                                                                      
----------                                                                      
    131483                                                                      

1 row selected.

Elapsed: 00:00:04.81
00:50:34 SQL> select /*+ FULL(PSP_BATCH_JOB_PARAMETER) parallel(PSP_BATCH_JOB_PARAMETER ,4) */count(*) from pspadm.PSP_BATCH_JOB_PARAMETER PSP_BATCH_JOB_PARAMETER ;

  COUNT(*)                                                                      
----------                                                                      
       162                                                                      

1 row selected.

Elapsed: 00:00:00.00
00:50:34 SQL> select /*+ FULL(PSP_BATCH_JOB_SETUP) parallel(PSP_BATCH_JOB_SETUP ,4) */count(*) from pspadm.PSP_BATCH_JOB_SETUP PSP_BATCH_JOB_SETUP ;

  COUNT(*)                                                                      
----------                                                                      
       159                                                                      

1 row selected.

Elapsed: 00:00:00.01
00:50:34 SQL> select /*+ FULL(PSP_BATCH_JOB_STATUS) parallel(PSP_BATCH_JOB_STATUS ,4) */count(*) from pspadm.PSP_BATCH_JOB_STATUS PSP_BATCH_JOB_STATUS ;

  COUNT(*)                                                                      
----------                                                                      
       148                                                                      

1 row selected.

Elapsed: 00:00:00.01
00:50:34 SQL> select /*+ FULL(PSP_BILL) parallel(PSP_BILL ,4) */count(*) from pspadm.PSP_BILL PSP_BILL ;

  COUNT(*)                                                                      
----------                                                                      
  26373989                                                                      

1 row selected.

Elapsed: 00:01:59.72
00:52:34 SQL> select /*+ FULL(PSP_BILLING_DETAIL) parallel(PSP_BILLING_DETAIL ,4) */count(*) from pspadm.PSP_BILLING_DETAIL PSP_BILLING_DETAIL ;

  COUNT(*)                                                                      
----------                                                                      
 148520873                                                                      

1 row selected.

Elapsed: 00:05:08.88
00:57:43 SQL> select /*+ FULL(PSP_BILL_PAYMENT) parallel(PSP_BILL_PAYMENT ,4) */count(*) from pspadm.PSP_BILL_PAYMENT PSP_BILL_PAYMENT ;

  COUNT(*)                                                                      
----------                                                                      
  47209550                                                                      

1 row selected.

Elapsed: 00:01:40.48
00:59:23 SQL> select /*+ FULL(PSP_BILL_PAYMENT_SPLIT) parallel(PSP_BILL_PAYMENT_SPLIT ,4) */count(*) from pspadm.PSP_BILL_PAYMENT_SPLIT PSP_BILL_PAYMENT_SPLIT ;

  COUNT(*)                                                                      
----------                                                                      
  47209524                                                                      

1 row selected.

Elapsed: 00:01:21.52
01:00:45 SQL> select /*+ FULL(PSP_BPCOMPANY_SERVICE_INFO) parallel(PSP_BPCOMPANY_SERVICE_INFO ,4) */count(*) from pspadm.PSP_BPCOMPANY_SERVICE_INFO PSP_BPCOMPANY_SERVICE_INFO ;

  COUNT(*)                                                                      
----------                                                                      
    221339                                                                      

1 row selected.

Elapsed: 00:00:00.71
01:00:46 SQL> select /*+ FULL(PSP_CDCOMPANY_SERVICE_INFO) parallel(PSP_CDCOMPANY_SERVICE_INFO ,4) */count(*) from pspadm.PSP_CDCOMPANY_SERVICE_INFO PSP_CDCOMPANY_SERVICE_INFO ;

  COUNT(*)                                                                      
----------                                                                      
       141                                                                      

1 row selected.

Elapsed: 00:00:00.01
01:00:46 SQL> select /*+ FULL(PSP_CHECK_PRINT_BATCH) parallel(PSP_CHECK_PRINT_BATCH ,4) */count(*) from pspadm.PSP_CHECK_PRINT_BATCH PSP_CHECK_PRINT_BATCH ;

  COUNT(*)                                                                      
----------                                                                      
     25026                                                                      

1 row selected.

Elapsed: 00:00:00.46
01:00:46 SQL> select /*+ FULL(PSP_CHECK_PRINT_PAYCHECK) parallel(PSP_CHECK_PRINT_PAYCHECK ,4) */count(*) from pspadm.PSP_CHECK_PRINT_PAYCHECK PSP_CHECK_PRINT_PAYCHECK ;

  COUNT(*)                                                                      
----------                                                                      
    154651                                                                      

1 row selected.

Elapsed: 00:00:01.07
01:00:47 SQL> select /*+ FULL(PSP_CHECK_PRINT_SIGNATURE) parallel(PSP_CHECK_PRINT_SIGNATURE ,4) */count(*) from pspadm.PSP_CHECK_PRINT_SIGNATURE PSP_CHECK_PRINT_SIGNATURE ;

  COUNT(*)                                                                      
----------                                                                      
       141                                                                      

1 row selected.

Elapsed: 00:00:00.01
01:00:47 SQL> select /*+ FULL(PSP_COLLECTION_STAGE) parallel(PSP_COLLECTION_STAGE ,4) */count(*) from pspadm.PSP_COLLECTION_STAGE PSP_COLLECTION_STAGE ;

  COUNT(*)                                                                      
----------                                                                      
         3                                                                      

1 row selected.

Elapsed: 00:00:00.09
01:00:47 SQL> select /*+ FULL(PSP_COMPANY) parallel(PSP_COMPANY ,4) */count(*) from pspadm.PSP_COMPANY PSP_COMPANY ;

  COUNT(*)                                                                      
----------                                                                      
   7174114                                                                      

1 row selected.

Elapsed: 00:00:19.98
01:01:07 SQL> select /*+ FULL(PSP_COMPANYAGENCY_FRMTEMPLATE) parallel(PSP_COMPANYAGENCY_FRMTEMPLATE ,4) */count(*) from pspadm.PSP_COMPANYAGENCY_FRMTEMPLATE PSP_COMPANYAGENCY_FRMTEMPLATE ;

  COUNT(*)                                                                      
----------                                                                      
   1300601                                                                      

1 row selected.

Elapsed: 00:00:06.34
01:01:14 SQL> select /*+ FULL(PSP_COMPANYAGENCY_PMTTEMPLATE) parallel(PSP_COMPANYAGENCY_PMTTEMPLATE ,4) */count(*) from pspadm.PSP_COMPANYAGENCY_PMTTEMPLATE PSP_COMPANYAGENCY_PMTTEMPLATE ;

  COUNT(*)                                                                      
----------                                                                      
   3055102                                                                      

1 row selected.

Elapsed: 00:00:20.09
01:01:34 SQL> select /*+ FULL(PSP_COMPANY_ADDITIONAL_INFO) parallel(PSP_COMPANY_ADDITIONAL_INFO ,4) */count(*) from pspadm.PSP_COMPANY_ADDITIONAL_INFO PSP_COMPANY_ADDITIONAL_INFO ;

  COUNT(*)                                                                      
----------                                                                      
    788389                                                                      

1 row selected.

Elapsed: 00:00:03.59
01:01:37 SQL> select /*+ FULL(PSP_COMPANY_AGENCY) parallel(PSP_COMPANY_AGENCY ,4) */count(*) from pspadm.PSP_COMPANY_AGENCY PSP_COMPANY_AGENCY ;

  COUNT(*)                                                                      
----------                                                                      
   2213409                                                                      

1 row selected.

Elapsed: 00:00:08.58
01:01:46 SQL> select /*+ FULL(PSP_COMPANY_BANK_ACCOUNT) parallel(PSP_COMPANY_BANK_ACCOUNT ,4) */count(*) from pspadm.PSP_COMPANY_BANK_ACCOUNT PSP_COMPANY_BANK_ACCOUNT ;

  COUNT(*)                                                                      
----------                                                                      
   2421282                                                                      

1 row selected.

Elapsed: 00:00:15.13
01:02:01 SQL> select /*+ FULL(PSP_COMPANY_CONSENT) parallel(PSP_COMPANY_CONSENT ,4) */count(*) from pspadm.PSP_COMPANY_CONSENT PSP_COMPANY_CONSENT ;

  COUNT(*)                                                                      
----------                                                                      
     40415                                                                      

1 row selected.

Elapsed: 00:00:00.48
01:02:02 SQL> select /*+ FULL(PSP_COMPANY_DAILY_LIABILITY) parallel(PSP_COMPANY_DAILY_LIABILITY ,4) */count(*) from pspadm.PSP_COMPANY_DAILY_LIABILITY PSP_COMPANY_DAILY_LIABILITY ;

  COUNT(*)                                                                      
----------                                                                      
 178742226                                                                      

1 row selected.

Elapsed: 00:04:56.04
01:06:58 SQL> select /*+ FULL(PSP_COMPANY_EVENT) parallel(PSP_COMPANY_EVENT ,4) */count(*) from pspadm.PSP_COMPANY_EVENT PSP_COMPANY_EVENT ;

  COUNT(*)                                                                      
----------                                                                      
1638341255                                                                      

1 row selected.

Elapsed: 00:46:33.80
01:53:31 SQL> select /*+ FULL(PSP_COMPANY_EVENT_BKP) parallel(PSP_COMPANY_EVENT_BKP ,4) */count(*) from pspadm.PSP_COMPANY_EVENT_BKP PSP_COMPANY_EVENT_BKP ;

  COUNT(*)                                                                      
----------                                                                      
     28736                                                                      

1 row selected.

Elapsed: 00:00:00.36
01:53:32 SQL> select /*+ FULL(PSP_COMPANY_EVENT_DETAIL) parallel(PSP_COMPANY_EVENT_DETAIL ,4) */count(*) from pspadm.PSP_COMPANY_EVENT_DETAIL PSP_COMPANY_EVENT_DETAIL ;

  COUNT(*)                                                                      
----------                                                                      
3470721618                                                                      

1 row selected.

Elapsed: 01:38:52.64
03:32:24 SQL> select /*+ FULL(PSP_COMPANY_EVENT_EMAIL) parallel(PSP_COMPANY_EVENT_EMAIL ,4) */count(*) from pspadm.PSP_COMPANY_EVENT_EMAIL PSP_COMPANY_EVENT_EMAIL ;

  COUNT(*)                                                                      
----------                                                                      
 353856670                                                                      

1 row selected.

Elapsed: 00:08:00.32
03:40:25 SQL> select /*+ FULL(PSP_COMPANY_EVENT_EMAIL_PARAM) parallel(PSP_COMPANY_EVENT_EMAIL_PARAM ,4) */count(*) from pspadm.PSP_COMPANY_EVENT_EMAIL_PARAM PSP_COMPANY_EVENT_EMAIL_PARAM ;

  COUNT(*)                                                                      
----------                                                                      
3083277534                                                                      

1 row selected.

Elapsed: 00:55:46.29
04:36:11 SQL> select /*+ FULL(PSP_COMPANY_FILING_AMOUNT) parallel(PSP_COMPANY_FILING_AMOUNT ,4) */count(*) from pspadm.PSP_COMPANY_FILING_AMOUNT PSP_COMPANY_FILING_AMOUNT ;

  COUNT(*)                                                                      
----------                                                                      
     78856                                                                      

1 row selected.

Elapsed: 00:00:00.61
04:36:12 SQL> select /*+ FULL(PSP_COMPANY_LAW) parallel(PSP_COMPANY_LAW ,4) */count(*) from pspadm.PSP_COMPANY_LAW PSP_COMPANY_LAW ;

  COUNT(*)                                                                      
----------                                                                      
   9638801                                                                      

1 row selected.

Elapsed: 00:00:31.72
04:36:43 SQL> select /*+ FULL(PSP_COMPANY_LAW_RATE) parallel(PSP_COMPANY_LAW_RATE ,4) */count(*) from pspadm.PSP_COMPANY_LAW_RATE PSP_COMPANY_LAW_RATE ;

  COUNT(*)                                                                      
----------                                                                      
  12832268                                                                      

1 row selected.

Elapsed: 00:00:42.62
04:37:26 SQL> select /*+ FULL(PSP_COMPANY_NOTE) parallel(PSP_COMPANY_NOTE ,4) */count(*) from pspadm.PSP_COMPANY_NOTE PSP_COMPANY_NOTE ;

  COUNT(*)                                                                      
----------                                                                      
    513396                                                                      

1 row selected.

Elapsed: 00:00:05.20
04:37:31 SQL> select /*+ FULL(PSP_COMPANY_NOTE_BKP) parallel(PSP_COMPANY_NOTE_BKP ,4) */count(*) from pspadm.PSP_COMPANY_NOTE_BKP PSP_COMPANY_NOTE_BKP ;

  COUNT(*)                                                                      
----------                                                                      
       881                                                                      

1 row selected.

Elapsed: 00:00:00.02
04:37:31 SQL> select /*+ FULL(PSP_COMPANY_OFFER) parallel(PSP_COMPANY_OFFER ,4) */count(*) from pspadm.PSP_COMPANY_OFFER PSP_COMPANY_OFFER ;

  COUNT(*)                                                                      
----------                                                                      
    131147                                                                      

1 row selected.

Elapsed: 00:00:00.97
04:37:32 SQL> select /*+ FULL(PSP_COMPANY_OFFERING) parallel(PSP_COMPANY_OFFERING ,4) */count(*) from pspadm.PSP_COMPANY_OFFERING PSP_COMPANY_OFFERING ;

  COUNT(*)                                                                      
----------                                                                      
   9983714                                                                      

1 row selected.

Elapsed: 00:00:40.41
04:38:13 SQL> select /*+ FULL(PSP_COMPANY_PAYCHECK_BATCH) parallel(PSP_COMPANY_PAYCHECK_BATCH ,4) */count(*) from pspadm.PSP_COMPANY_PAYCHECK_BATCH PSP_COMPANY_PAYCHECK_BATCH ;

  COUNT(*)                                                                      
----------                                                                      
      5567                                                                      

1 row selected.

Elapsed: 00:00:00.10
04:38:13 SQL> select /*+ FULL(PSP_COMPANY_PAYROLL_ITEM) parallel(PSP_COMPANY_PAYROLL_ITEM ,4) */count(*) from pspadm.PSP_COMPANY_PAYROLL_ITEM PSP_COMPANY_PAYROLL_ITEM ;

  COUNT(*)                                                                      
----------                                                                      
  20383784                                                                      

1 row selected.

Elapsed: 00:01:15.68
04:39:28 SQL> select /*+ FULL(PSP_COMPANY_PIN) parallel(PSP_COMPANY_PIN ,4) */count(*) from pspadm.PSP_COMPANY_PIN PSP_COMPANY_PIN ;

  COUNT(*)                                                                      
----------                                                                      
   1470338                                                                      

1 row selected.

Elapsed: 00:00:06.18
04:39:34 SQL> select /*+ FULL(PSP_COMPANY_RATE_REQUEST) parallel(PSP_COMPANY_RATE_REQUEST ,4) */count(*) from pspadm.PSP_COMPANY_RATE_REQUEST PSP_COMPANY_RATE_REQUEST ;

  COUNT(*)                                                                      
----------                                                                      
    860047                                                                      

1 row selected.

Elapsed: 00:00:03.77
04:39:38 SQL> select /*+ FULL(PSP_COMPANY_SERVICE) parallel(PSP_COMPANY_SERVICE ,4) */count(*) from pspadm.PSP_COMPANY_SERVICE PSP_COMPANY_SERVICE ;

  COUNT(*)                                                                      
----------                                                                      
  10104942                                                                      

1 row selected.

Elapsed: 00:00:34.17
04:40:12 SQL> select /*+ FULL(PSP_COMPANY_SERVICE_BANK_ACCT) parallel(PSP_COMPANY_SERVICE_BANK_ACCT ,4) */count(*) from pspadm.PSP_COMPANY_SERVICE_BANK_ACCT PSP_COMPANY_SERVICE_BANK_ACCT ;

  COUNT(*)                                                                      
----------                                                                      
 220001793                                                                      

1 row selected.

Elapsed: 00:04:09.33
04:44:22 SQL> select /*+ FULL(PSP_COMPANY_TFSSUBMISSION) parallel(PSP_COMPANY_TFSSUBMISSION ,4) */count(*) from pspadm.PSP_COMPANY_TFSSUBMISSION PSP_COMPANY_TFSSUBMISSION ;

  COUNT(*)                                                                      
----------                                                                      
    535635                                                                      

1 row selected.

Elapsed: 00:00:02.49
04:44:24 SQL> select /*+ FULL(PSP_COMPANY_USAGE) parallel(PSP_COMPANY_USAGE ,4) */count(*) from pspadm.PSP_COMPANY_USAGE PSP_COMPANY_USAGE ;

  COUNT(*)                                                                      
----------                                                                      
   1071051                                                                      

1 row selected.

Elapsed: 00:00:03.23
04:44:27 SQL> select /*+ FULL(PSP_COMPENSATION) parallel(PSP_COMPENSATION ,4) */count(*) from pspadm.PSP_COMPENSATION PSP_COMPENSATION ;

  COUNT(*)                                                                      
----------                                                                      
1416596891                                                                      

1 row selected.

Elapsed: 00:27:02.14
05:11:30 SQL> spool off
