18:33:27 SQL> select /*+ index_ffs(PSP_GEMS_MONTHLY_BALANCE SYS_C0020466) parallel_index(PSP_GEMS_MONTHLY_BALANCE SYS_C0020466)*/ count(*) from pspadm.PSP_GEMS_MONTHLY_BALANCE PSP_GEMS_MONTHLY_BALANCE;

  COUNT(*)                                                                      
----------                                                                      
      4696                                                                      

1 row selected.

Elapsed: 00:00:00.03
18:33:27 SQL> select /*+ index_ffs(PSP_GEMS_UPLOAD_BATCH SYS_C0020467) parallel_index(PSP_GEMS_UPLOAD_BATCH SYS_C0020467)*/ count(*) from pspadm.PSP_GEMS_UPLOAD_BATCH PSP_GEMS_UPLOAD_BATCH;

  COUNT(*)                                                                      
----------                                                                      
      3712                                                                      

1 row selected.

Elapsed: 00:00:00.01
18:33:27 SQL> select /*+ index_ffs(PSP_HOURS_WORKED_EXCEPTION PSP_HOURS_WORKED_EXCEPTION_FK1) parallel_index(PSP_HOURS_WORKED_EXCEPTION PSP_HOURS_WORKED_EXCEPTION_FK1)*/ count(*) from pspadm.PSP_HOURS_WORKED_EXCEPTION PSP_HOURS_WORKED_EXCEPTION;

  COUNT(*)                                                                      
----------                                                                      
        36                                                                      

1 row selected.

Elapsed: 00:00:00.01
18:33:27 SQL> select /*+ index_ffs(PSP_HOURS_WORKED_EXCEPTION SYS_C0020699) parallel_index(PSP_HOURS_WORKED_EXCEPTION SYS_C0020699)*/ count(*) from pspadm.PSP_HOURS_WORKED_EXCEPTION PSP_HOURS_WORKED_EXCEPTION;

  COUNT(*)                                                                      
----------                                                                      
        36                                                                      

1 row selected.

Elapsed: 00:00:00.01
18:33:27 SQL> select /*+ index_ffs(PSP_INDIVIDUAL PSP_INDIVIDUAL_FK1) parallel_index(PSP_INDIVIDUAL PSP_INDIVIDUAL_FK1)*/ count(*) from pspadm.PSP_INDIVIDUAL PSP_INDIVIDUAL;

  COUNT(*)                                                                      
----------                                                                      
  80308980                                                                      

1 row selected.

Elapsed: 00:00:02.01
18:33:29 SQL> select /*+ index_ffs(PSP_INDIVIDUAL PSP_INDIVIDUAL_IDX1) parallel_index(PSP_INDIVIDUAL PSP_INDIVIDUAL_IDX1)*/ count(*) from pspadm.PSP_INDIVIDUAL PSP_INDIVIDUAL;

  COUNT(*)                                                                      
----------                                                                      
  80308980                                                                      

1 row selected.

Elapsed: 00:00:03.30
18:33:33 SQL> select /*+ index_ffs(PSP_INDIVIDUAL PSP_INDIV_EMAIL_IDX1) parallel_index(PSP_INDIVIDUAL PSP_INDIV_EMAIL_IDX1)*/ count(*) from pspadm.PSP_INDIVIDUAL PSP_INDIVIDUAL;

  COUNT(*)                                                                      
----------                                                                      
  80308980                                                                      

1 row selected.

Elapsed: 00:00:03.28
18:33:36 SQL> select /*+ index_ffs(PSP_INDIVIDUAL SYS_C0020489) parallel_index(PSP_INDIVIDUAL SYS_C0020489)*/ count(*) from pspadm.PSP_INDIVIDUAL PSP_INDIVIDUAL;

  COUNT(*)                                                                      
----------                                                                      
  80308980                                                                      

1 row selected.

Elapsed: 00:00:04.73
18:33:41 SQL> select /*+ index_ffs(PSP_INDUSTRY_TYPE SYS_C0020736) parallel_index(PSP_INDUSTRY_TYPE SYS_C0020736)*/ count(*) from pspadm.PSP_INDUSTRY_TYPE PSP_INDUSTRY_TYPE;

  COUNT(*)                                                                      
----------                                                                      
       289                                                                      

1 row selected.

Elapsed: 00:00:00.12
18:33:41 SQL> select /*+ index_ffs(PSP_INTUIT_BANK_ACCOUNT PSP_INTUIT_BANK_ACCOUNT_FK1) parallel_index(PSP_INTUIT_BANK_ACCOUNT PSP_INTUIT_BANK_ACCOUNT_FK1)*/ count(*) from pspadm.PSP_INTUIT_BANK_ACCOUNT PSP_INTUIT_BANK_ACCOUNT;

  COUNT(*)                                                                      
----------                                                                      
         6                                                                      

1 row selected.

Elapsed: 00:00:00.03
18:33:41 SQL> select /*+ index_ffs(PSP_INTUIT_BANK_ACCOUNT SYS_C0020490) parallel_index(PSP_INTUIT_BANK_ACCOUNT SYS_C0020490)*/ count(*) from pspadm.PSP_INTUIT_BANK_ACCOUNT PSP_INTUIT_BANK_ACCOUNT;

  COUNT(*)                                                                      
----------                                                                      
         6                                                                      

1 row selected.

Elapsed: 00:00:00.02
18:33:41 SQL> select /*+ index_ffs(PSP_INTUIT_BANK_ACC_TXN_TYPE PSP_INTUIT_BANK_ACCOUNT_TR_FK1) parallel_index(PSP_INTUIT_BANK_ACC_TXN_TYPE PSP_INTUIT_BANK_ACCOUNT_TR_FK1)*/ count(*) from pspadm.PSP_INTUIT_BANK_ACC_TXN_TYPE PSP_INTUIT_BANK_ACC_TXN_TYPE;

  COUNT(*)                                                                      
----------                                                                      
        71                                                                      

1 row selected.

Elapsed: 00:00:00.03
18:33:41 SQL> select /*+ index_ffs(PSP_INTUIT_BANK_ACC_TXN_TYPE PSP_INTUIT_BANK_ACCOUNT_TR_FK2) parallel_index(PSP_INTUIT_BANK_ACC_TXN_TYPE PSP_INTUIT_BANK_ACCOUNT_TR_FK2)*/ count(*) from pspadm.PSP_INTUIT_BANK_ACC_TXN_TYPE PSP_INTUIT_BANK_ACC_TXN_TYPE;

  COUNT(*)                                                                      
----------                                                                      
        71                                                                      

1 row selected.

Elapsed: 00:00:00.02
18:33:41 SQL> select /*+ index_ffs(PSP_INTUIT_BANK_ACC_TXN_TYPE SYS_C0020491) parallel_index(PSP_INTUIT_BANK_ACC_TXN_TYPE SYS_C0020491)*/ count(*) from pspadm.PSP_INTUIT_BANK_ACC_TXN_TYPE PSP_INTUIT_BANK_ACC_TXN_TYPE;

  COUNT(*)                                                                      
----------                                                                      
        71                                                                      

1 row selected.

Elapsed: 00:00:00.02
18:33:41 SQL> select /*+ index_ffs(PSP_INTUIT_BA_BT_FT PSP_INTUIT_BABATCH_TYPE_FI_FK1) parallel_index(PSP_INTUIT_BA_BT_FT PSP_INTUIT_BABATCH_TYPE_FI_FK1)*/ count(*) from pspadm.PSP_INTUIT_BA_BT_FT PSP_INTUIT_BA_BT_FT;

  COUNT(*)                                                                      
----------                                                                      
        10                                                                      

1 row selected.

Elapsed: 00:00:00.02
18:33:41 SQL> select /*+ index_ffs(PSP_INTUIT_BA_BT_FT SYS_C0020468) parallel_index(PSP_INTUIT_BA_BT_FT SYS_C0020468)*/ count(*) from pspadm.PSP_INTUIT_BA_BT_FT PSP_INTUIT_BA_BT_FT;

  COUNT(*)                                                                      
----------                                                                      
        10                                                                      

1 row selected.

Elapsed: 00:00:00.07
18:33:41 SQL> select /*+ index_ffs(PSP_INTUIT_SHIPPER_INFO PSP_INTUIT_SHIPPER_INFO_FK1) parallel_index(PSP_INTUIT_SHIPPER_INFO PSP_INTUIT_SHIPPER_INFO_FK1)*/ count(*) from pspadm.PSP_INTUIT_SHIPPER_INFO PSP_INTUIT_SHIPPER_INFO;

  COUNT(*)                                                                      
----------                                                                      
         1                                                                      

1 row selected.

Elapsed: 00:00:00.07
18:33:41 SQL> select /*+ index_ffs(PSP_INTUIT_SHIPPER_INFO SYS_C0020576) parallel_index(PSP_INTUIT_SHIPPER_INFO SYS_C0020576)*/ count(*) from pspadm.PSP_INTUIT_SHIPPER_INFO PSP_INTUIT_SHIPPER_INFO;

  COUNT(*)                                                                      
----------                                                                      
         1                                                                      

1 row selected.

Elapsed: 00:00:00.10
18:33:41 SQL> select /*+ index_ffs(PSP_IOPSYNC_COMPANY SYS_C0020738) parallel_index(PSP_IOPSYNC_COMPANY SYS_C0020738)*/ count(*) from pspadm.PSP_IOPSYNC_COMPANY PSP_IOPSYNC_COMPANY;

  COUNT(*)                                                                      
----------                                                                      
         0                                                                      

1 row selected.

Elapsed: 00:00:00.08
18:33:41 SQL> select /*+ index_ffs(PSP_LAW PSP_LAW_FK1) parallel_index(PSP_LAW PSP_LAW_FK1)*/ count(*) from pspadm.PSP_LAW PSP_LAW;

  COUNT(*)                                                                      
----------                                                                      
       243                                                                      

1 row selected.

Elapsed: 00:00:00.12
18:33:41 SQL> select /*+ index_ffs(PSP_LAW SYS_C0020547) parallel_index(PSP_LAW SYS_C0020547)*/ count(*) from pspadm.PSP_LAW PSP_LAW;

  COUNT(*)                                                                      
----------                                                                      
       243                                                                      

1 row selected.

Elapsed: 00:00:00.10
18:33:42 SQL> select /*+ index_ffs(PSP_LAW_RATE_RANGE PSP_LAW_RATE_RANGE_FK1) parallel_index(PSP_LAW_RATE_RANGE PSP_LAW_RATE_RANGE_FK1)*/ count(*) from pspadm.PSP_LAW_RATE_RANGE PSP_LAW_RATE_RANGE;

  COUNT(*)                                                                      
----------                                                                      
       107                                                                      

1 row selected.

Elapsed: 00:00:00.17
18:33:42 SQL> select /*+ index_ffs(PSP_LAW_RATE_RANGE SYS_C0020726) parallel_index(PSP_LAW_RATE_RANGE SYS_C0020726)*/ count(*) from pspadm.PSP_LAW_RATE_RANGE PSP_LAW_RATE_RANGE;

  COUNT(*)                                                                      
----------                                                                      
       107                                                                      

1 row selected.

Elapsed: 00:00:00.09
18:33:42 SQL> select /*+ index_ffs(PSP_LAW_RATE_VALUE PSP_LAW_RATE_VALUE_FK1) parallel_index(PSP_LAW_RATE_VALUE PSP_LAW_RATE_VALUE_FK1)*/ count(*) from pspadm.PSP_LAW_RATE_VALUE PSP_LAW_RATE_VALUE;

  COUNT(*)                                                                      
----------                                                                      
        20                                                                      

1 row selected.

Elapsed: 00:00:00.07
18:33:42 SQL> select /*+ index_ffs(PSP_LAW_RATE_VALUE SYS_C0020727) parallel_index(PSP_LAW_RATE_VALUE SYS_C0020727)*/ count(*) from pspadm.PSP_LAW_RATE_VALUE PSP_LAW_RATE_VALUE;

  COUNT(*)                                                                      
----------                                                                      
        20                                                                      

1 row selected.

Elapsed: 00:00:00.04
18:33:42 SQL> select /*+ index_ffs(PSP_LEDGER_ACCOUNT SYS_C0020515) parallel_index(PSP_LEDGER_ACCOUNT SYS_C0020515)*/ count(*) from pspadm.PSP_LEDGER_ACCOUNT PSP_LEDGER_ACCOUNT;

  COUNT(*)                                                                      
----------                                                                      
        24                                                                      

1 row selected.

Elapsed: 00:00:00.02
18:33:42 SQL> select /*+ index_ffs(PSP_LEDGER_ACCOUNT_ACTION PSP_LEDGER_ACCOUNT_ACTION_FK1) parallel_index(PSP_LEDGER_ACCOUNT_ACTION PSP_LEDGER_ACCOUNT_ACTION_FK1)*/ count(*) from pspadm.PSP_LEDGER_ACCOUNT_ACTION PSP_LEDGER_ACCOUNT_ACTION;

  COUNT(*)                                                                      
----------                                                                      
        11                                                                      

1 row selected.

Elapsed: 00:00:00.01
18:33:42 SQL> select /*+ index_ffs(PSP_LEDGER_ACCOUNT_ACTION PSP_LEDGER_ACCOUNT_ACTION_FK2) parallel_index(PSP_LEDGER_ACCOUNT_ACTION PSP_LEDGER_ACCOUNT_ACTION_FK2)*/ count(*) from pspadm.PSP_LEDGER_ACCOUNT_ACTION PSP_LEDGER_ACCOUNT_ACTION;

  COUNT(*)                                                                      
----------                                                                      
        11                                                                      

1 row selected.

Elapsed: 00:00:00.01
18:33:42 SQL> select /*+ index_ffs(PSP_LEDGER_ACCOUNT_ACTION SYS_C0020469) parallel_index(PSP_LEDGER_ACCOUNT_ACTION SYS_C0020469)*/ count(*) from pspadm.PSP_LEDGER_ACCOUNT_ACTION PSP_LEDGER_ACCOUNT_ACTION;

  COUNT(*)                                                                      
----------                                                                      
        11                                                                      

1 row selected.

Elapsed: 00:00:00.01
18:33:42 SQL> select /*+ index_ffs(PSP_LEDGER_BALANCE PSP_LEDGERBALANCE_FK1) parallel_index(PSP_LEDGER_BALANCE PSP_LEDGERBALANCE_FK1)*/ count(*) from pspadm.PSP_LEDGER_BALANCE PSP_LEDGER_BALANCE;

  COUNT(*)                                                                      
----------                                                                      
 945340342                                                                      

1 row selected.

Elapsed: 00:00:59.45
18:34:41 SQL> select /*+ index_ffs(PSP_LEDGER_BALANCE PSP_LEDGERBALANCE_FK2) parallel_index(PSP_LEDGER_BALANCE PSP_LEDGERBALANCE_FK2)*/ count(*) from pspadm.PSP_LEDGER_BALANCE PSP_LEDGER_BALANCE;

  COUNT(*)                                                                      
----------                                                                      
 945340342                                                                      

1 row selected.

Elapsed: 00:01:20.55
18:36:02 SQL> select /*+ index_ffs(PSP_LEDGER_BALANCE PSP_LEDGER_BALANCE_I1) parallel_index(PSP_LEDGER_BALANCE PSP_LEDGER_BALANCE_I1)*/ count(*) from pspadm.PSP_LEDGER_BALANCE PSP_LEDGER_BALANCE;

  COUNT(*)                                                                      
----------                                                                      
 945340342                                                                      

1 row selected.

Elapsed: 00:02:04.41
18:38:06 SQL> select /*+ index_ffs(PSP_LEDGER_BALANCE PSP_LEDGER_BALANCE_U1) parallel_index(PSP_LEDGER_BALANCE PSP_LEDGER_BALANCE_U1)*/ count(*) from pspadm.PSP_LEDGER_BALANCE PSP_LEDGER_BALANCE;

  COUNT(*)                                                                      
----------                                                                      
 945340342                                                                      

1 row selected.

Elapsed: 00:00:31.44
18:38:38 SQL> select /*+ index_ffs(PSP_LEDGER_BALANCE PSP_LEDGER_BALANCE_U2) parallel_index(PSP_LEDGER_BALANCE PSP_LEDGER_BALANCE_U2)*/ count(*) from pspadm.PSP_LEDGER_BALANCE PSP_LEDGER_BALANCE;

  COUNT(*)                                                                      
----------                                                                      
 945340342                                                                      

1 row selected.

Elapsed: 00:01:30.12
18:40:08 SQL> select /*+ index_ffs(PSP_LEDGER_BALANCE SYS_C008432) parallel_index(PSP_LEDGER_BALANCE SYS_C008432)*/ count(*) from pspadm.PSP_LEDGER_BALANCE PSP_LEDGER_BALANCE;

  COUNT(*)                                                                      
----------                                                                      
 945340342                                                                      

1 row selected.

Elapsed: 00:02:45.23
18:42:53 SQL> select /*+ index_ffs(PSP_LEDGER_OPERATION PSP_LEDGER_OPERATION_FK1) parallel_index(PSP_LEDGER_OPERATION PSP_LEDGER_OPERATION_FK1)*/ count(*) from pspadm.PSP_LEDGER_OPERATION PSP_LEDGER_OPERATION;

  COUNT(*)                                                                      
----------                                                                      
  25997583                                                                      

1 row selected.

Elapsed: 00:00:00.99
18:42:54 SQL> select /*+ index_ffs(PSP_LEDGER_OPERATION PSP_LEDGER_OPERATION_FK2) parallel_index(PSP_LEDGER_OPERATION PSP_LEDGER_OPERATION_FK2)*/ count(*) from pspadm.PSP_LEDGER_OPERATION PSP_LEDGER_OPERATION;

  COUNT(*)                                                                      
----------                                                                      
  25997583                                                                      

1 row selected.

Elapsed: 00:00:03.01
18:42:57 SQL> select /*+ index_ffs(PSP_LEDGER_OPERATION SYS_C0020710) parallel_index(PSP_LEDGER_OPERATION SYS_C0020710)*/ count(*) from pspadm.PSP_LEDGER_OPERATION PSP_LEDGER_OPERATION;

  COUNT(*)                                                                      
----------                                                                      
  25997583                                                                      

1 row selected.

Elapsed: 00:00:02.26
18:42:59 SQL> select /*+ index_ffs(PSP_LEDGER_OPERATION_JOB SYS_C0020709) parallel_index(PSP_LEDGER_OPERATION_JOB SYS_C0020709)*/ count(*) from pspadm.PSP_LEDGER_OPERATION_JOB PSP_LEDGER_OPERATION_JOB;

  COUNT(*)                                                                      
----------                                                                      
      4759                                                                      

1 row selected.

Elapsed: 00:00:00.03
18:42:59 SQL> select /*+ index_ffs(PSP_LIABILITY_ADJUSTMENT PSP_LIABILITY_ADJUSTMENT_FK1) parallel_index(PSP_LIABILITY_ADJUSTMENT PSP_LIABILITY_ADJUSTMENT_FK1)*/ count(*) from pspadm.PSP_LIABILITY_ADJUSTMENT PSP_LIABILITY_ADJUSTMENT;

  COUNT(*)                                                                      
----------                                                                      
  60380317                                                                      

1 row selected.

Elapsed: 00:00:04.38
18:43:04 SQL> select /*+ index_ffs(PSP_LIABILITY_ADJUSTMENT PSP_LIABILITY_ADJUSTMENT_FK2) parallel_index(PSP_LIABILITY_ADJUSTMENT PSP_LIABILITY_ADJUSTMENT_FK2)*/ count(*) from pspadm.PSP_LIABILITY_ADJUSTMENT PSP_LIABILITY_ADJUSTMENT;

  COUNT(*)                                                                      
----------                                                                      
  60380317                                                                      

1 row selected.

Elapsed: 00:00:02.20
18:43:06 SQL> select /*+ index_ffs(PSP_LIABILITY_ADJUSTMENT PSP_LIABILITY_ADJUSTMENT_FK3) parallel_index(PSP_LIABILITY_ADJUSTMENT PSP_LIABILITY_ADJUSTMENT_FK3)*/ count(*) from pspadm.PSP_LIABILITY_ADJUSTMENT PSP_LIABILITY_ADJUSTMENT;

  COUNT(*)                                                                      
----------                                                                      
  60380317                                                                      

1 row selected.

Elapsed: 00:00:02.05
18:43:08 SQL> select /*+ index_ffs(PSP_LIABILITY_ADJUSTMENT PSP_LIABILITY_ADJUSTMENT_FK4) parallel_index(PSP_LIABILITY_ADJUSTMENT PSP_LIABILITY_ADJUSTMENT_FK4)*/ count(*) from pspadm.PSP_LIABILITY_ADJUSTMENT PSP_LIABILITY_ADJUSTMENT;

  COUNT(*)                                                                      
----------                                                                      
  60380317                                                                      

1 row selected.

Elapsed: 00:00:04.85
18:43:13 SQL> select /*+ index_ffs(PSP_LIABILITY_ADJUSTMENT PSP_LIABILITY_ADJUSTMENT_FK6) parallel_index(PSP_LIABILITY_ADJUSTMENT PSP_LIABILITY_ADJUSTMENT_FK6)*/ count(*) from pspadm.PSP_LIABILITY_ADJUSTMENT PSP_LIABILITY_ADJUSTMENT;

  COUNT(*)                                                                      
----------                                                                      
  60380317                                                                      

1 row selected.

Elapsed: 00:00:02.87
18:43:16 SQL> select /*+ index_ffs(PSP_LIABILITY_ADJUSTMENT PSP_LIABILITY_ADJUSTMENT_FK7) parallel_index(PSP_LIABILITY_ADJUSTMENT PSP_LIABILITY_ADJUSTMENT_FK7)*/ count(*) from pspadm.PSP_LIABILITY_ADJUSTMENT PSP_LIABILITY_ADJUSTMENT;

  COUNT(*)                                                                      
----------                                                                      
  60380317                                                                      

1 row selected.

Elapsed: 00:00:04.73
18:43:21 SQL> select /*+ index_ffs(PSP_LIABILITY_ADJUSTMENT SYS_C0020560) parallel_index(PSP_LIABILITY_ADJUSTMENT SYS_C0020560)*/ count(*) from pspadm.PSP_LIABILITY_ADJUSTMENT PSP_LIABILITY_ADJUSTMENT;

  COUNT(*)                                                                      
----------                                                                      
  60380317                                                                      

1 row selected.

Elapsed: 00:00:03.73
18:43:24 SQL> select /*+ index_ffs(PSP_LIABILITY_CHECK PSP_LIABILITY_CHECK_FK1) parallel_index(PSP_LIABILITY_CHECK PSP_LIABILITY_CHECK_FK1)*/ count(*) from pspadm.PSP_LIABILITY_CHECK PSP_LIABILITY_CHECK;

  COUNT(*)                                                                      
----------                                                                      
 127687759                                                                      

1 row selected.

Elapsed: 00:00:10.41
18:43:35 SQL> select /*+ index_ffs(PSP_LIABILITY_CHECK PSP_LIABILITY_CHECK_FK2) parallel_index(PSP_LIABILITY_CHECK PSP_LIABILITY_CHECK_FK2)*/ count(*) from pspadm.PSP_LIABILITY_CHECK PSP_LIABILITY_CHECK;

  COUNT(*)                                                                      
----------                                                                      
 127687759                                                                      

1 row selected.

Elapsed: 00:00:07.03
18:43:42 SQL> select /*+ index_ffs(PSP_LIABILITY_CHECK SYS_C0020607) parallel_index(PSP_LIABILITY_CHECK SYS_C0020607)*/ count(*) from pspadm.PSP_LIABILITY_CHECK PSP_LIABILITY_CHECK;

  COUNT(*)                                                                      
----------                                                                      
 127687759                                                                      

1 row selected.

Elapsed: 00:00:06.90
18:43:49 SQL> select /*+ index_ffs(PSP_LIABILITY_CHECK_LINE PSP_LIABILITY_CHECK_LINE_FK1) parallel_index(PSP_LIABILITY_CHECK_LINE PSP_LIABILITY_CHECK_LINE_FK1)*/ count(*) from pspadm.PSP_LIABILITY_CHECK_LINE PSP_LIABILITY_CHECK_LINE;

  COUNT(*)                                                                      
----------                                                                      
 413926913                                                                      

1 row selected.

Elapsed: 00:00:11.28
18:44:00 SQL> select /*+ index_ffs(PSP_LIABILITY_CHECK_LINE PSP_LIABILITY_CHECK_LINE_FK2) parallel_index(PSP_LIABILITY_CHECK_LINE PSP_LIABILITY_CHECK_LINE_FK2)*/ count(*) from pspadm.PSP_LIABILITY_CHECK_LINE PSP_LIABILITY_CHECK_LINE;

  COUNT(*)                                                                      
----------                                                                      
 413926913                                                                      

1 row selected.

Elapsed: 00:00:39.18
18:44:39 SQL> select /*+ index_ffs(PSP_LIABILITY_CHECK_LINE PSP_LIABILITY_CHECK_LINE_FK4) parallel_index(PSP_LIABILITY_CHECK_LINE PSP_LIABILITY_CHECK_LINE_FK4)*/ count(*) from pspadm.PSP_LIABILITY_CHECK_LINE PSP_LIABILITY_CHECK_LINE;

  COUNT(*)                                                                      
----------                                                                      
 413926913                                                                      

1 row selected.

Elapsed: 00:00:19.43
18:44:58 SQL> select /*+ index_ffs(PSP_LIABILITY_CHECK_LINE SYS_C0020612) parallel_index(PSP_LIABILITY_CHECK_LINE SYS_C0020612)*/ count(*) from pspadm.PSP_LIABILITY_CHECK_LINE PSP_LIABILITY_CHECK_LINE;

  COUNT(*)                                                                      
----------                                                                      
 413926913                                                                      

1 row selected.

Elapsed: 00:00:39.85
18:45:38 SQL> select /*+ index_ffs(PSP_LIAB_CHECK_BILLING_ASSOC PSP_LIABILITY_CHECK_BILLIN_FK1) parallel_index(PSP_LIAB_CHECK_BILLING_ASSOC PSP_LIABILITY_CHECK_BILLIN_FK1)*/ count(*) from pspadm.PSP_LIAB_CHECK_BILLING_ASSOC PSP_LIAB_CHECK_BILLING_ASSOC;

  COUNT(*)                                                                      
----------                                                                      
 112257663                                                                      

1 row selected.

Elapsed: 00:00:06.67
18:45:45 SQL> select /*+ index_ffs(PSP_LIAB_CHECK_BILLING_ASSOC PSP_LIABILITY_CHECK_BILLIN_FK2) parallel_index(PSP_LIAB_CHECK_BILLING_ASSOC PSP_LIABILITY_CHECK_BILLIN_FK2)*/ count(*) from pspadm.PSP_LIAB_CHECK_BILLING_ASSOC PSP_LIAB_CHECK_BILLING_ASSOC;

  COUNT(*)                                                                      
----------                                                                      
 112257663                                                                      

1 row selected.

Elapsed: 00:00:07.03
18:45:52 SQL> select /*+ index_ffs(PSP_LIAB_CHECK_BILLING_ASSOC SYS_C0020683) parallel_index(PSP_LIAB_CHECK_BILLING_ASSOC SYS_C0020683)*/ count(*) from pspadm.PSP_LIAB_CHECK_BILLING_ASSOC PSP_LIAB_CHECK_BILLING_ASSOC;

  COUNT(*)                                                                      
----------                                                                      
 112257664                                                                      

1 row selected.

Elapsed: 00:00:06.71
18:45:59 SQL> select /*+ index_ffs(PSP_LIMIT_RULE SYS_C0020681) parallel_index(PSP_LIMIT_RULE SYS_C0020681)*/ count(*) from pspadm.PSP_LIMIT_RULE PSP_LIMIT_RULE;

  COUNT(*)                                                                      
----------                                                                      
         6                                                                      

1 row selected.

Elapsed: 00:00:00.03
18:45:59 SQL> select /*+ index_ffs(PSP_LIMIT_VALUE PSP_LIMIT_VALUE_FK1) parallel_index(PSP_LIMIT_VALUE PSP_LIMIT_VALUE_FK1)*/ count(*) from pspadm.PSP_LIMIT_VALUE PSP_LIMIT_VALUE;

  COUNT(*)                                                                      
----------                                                                      
       135                                                                      

1 row selected.

Elapsed: 00:00:00.02
18:45:59 SQL> select /*+ index_ffs(PSP_LIMIT_VALUE SYS_C0020682) parallel_index(PSP_LIMIT_VALUE SYS_C0020682)*/ count(*) from pspadm.PSP_LIMIT_VALUE PSP_LIMIT_VALUE;

  COUNT(*)                                                                      
----------                                                                      
       135                                                                      

1 row selected.

Elapsed: 00:00:00.02
18:45:59 SQL> select /*+ index_ffs(PSP_MANUAL_REQUIREMENT SYS_C0020650) parallel_index(PSP_MANUAL_REQUIREMENT SYS_C0020650)*/ count(*) from pspadm.PSP_MANUAL_REQUIREMENT PSP_MANUAL_REQUIREMENT;

  COUNT(*)                                                                      
----------                                                                      
        34                                                                      

1 row selected.

Elapsed: 00:00:00.02
18:45:59 SQL> select /*+ index_ffs(PSP_MESSAGE_LOG SYS_C0060128) parallel_index(PSP_MESSAGE_LOG SYS_C0060128)*/ count(*) from pspadm.PSP_MESSAGE_LOG PSP_MESSAGE_LOG;

  COUNT(*)                                                                      
----------                                                                      
    244009                                                                      

1 row selected.

Elapsed: 00:00:00.03
18:45:59 SQL> select /*+ index_ffs(PSP_MONEY_MOVEMENT_TRANSACTION PSP_MM_TRANSACTION_I1) parallel_index(PSP_MONEY_MOVEMENT_TRANSACTION PSP_MM_TRANSACTION_I1)*/ count(*) from pspadm.PSP_MONEY_MOVEMENT_TRANSACTION PSP_MONEY_MOVEMENT_TRANSACTION;

  COUNT(*)                                                                      
----------                                                                      
1246526837                                                                      

1 row selected.

Elapsed: 00:13:31.06
18:59:30 SQL> select /*+ index_ffs(PSP_MONEY_MOVEMENT_TRANSACTION PSP_MM_TRANSACTION_I10) parallel_index(PSP_MONEY_MOVEMENT_TRANSACTION PSP_MM_TRANSACTION_I10)*/ count(*) from pspadm.PSP_MONEY_MOVEMENT_TRANSACTION PSP_MONEY_MOVEMENT_TRANSACTION;

  COUNT(*)                                                                      
----------                                                                      
1246527009                                                                      

1 row selected.

Elapsed: 00:00:35.89
19:00:06 SQL> select /*+ index_ffs(PSP_MONEY_MOVEMENT_TRANSACTION PSP_MM_TRANSACTION_I2) parallel_index(PSP_MONEY_MOVEMENT_TRANSACTION PSP_MM_TRANSACTION_I2)*/ count(*) from pspadm.PSP_MONEY_MOVEMENT_TRANSACTION PSP_MONEY_MOVEMENT_TRANSACTION;

  COUNT(*)                                                                      
----------                                                                      
1246527013                                                                      

1 row selected.

Elapsed: 00:00:38.65
19:00:44 SQL> select /*+ index_ffs(PSP_MONEY_MOVEMENT_TRANSACTION PSP_MM_TRANSACTION_I3) parallel_index(PSP_MONEY_MOVEMENT_TRANSACTION PSP_MM_TRANSACTION_I3)*/ count(*) from pspadm.PSP_MONEY_MOVEMENT_TRANSACTION PSP_MONEY_MOVEMENT_TRANSACTION;

  COUNT(*)                                                                      
----------                                                                      
1246527021                                                                      

1 row selected.

Elapsed: 00:00:35.83
19:01:20 SQL> select /*+ index_ffs(PSP_MONEY_MOVEMENT_TRANSACTION PSP_MM_TRANSACTION_I4) parallel_index(PSP_MONEY_MOVEMENT_TRANSACTION PSP_MM_TRANSACTION_I4)*/ count(*) from pspadm.PSP_MONEY_MOVEMENT_TRANSACTION PSP_MONEY_MOVEMENT_TRANSACTION;

  COUNT(*)                                                                      
----------                                                                      
1246527021                                                                      

1 row selected.

Elapsed: 00:00:34.99
19:01:55 SQL> select /*+ index_ffs(PSP_MONEY_MOVEMENT_TRANSACTION PSP_MM_TRANSACTION_I5) parallel_index(PSP_MONEY_MOVEMENT_TRANSACTION PSP_MM_TRANSACTION_I5)*/ count(*) from pspadm.PSP_MONEY_MOVEMENT_TRANSACTION PSP_MONEY_MOVEMENT_TRANSACTION;

  COUNT(*)                                                                      
----------                                                                      
1246527023                                                                      

1 row selected.

Elapsed: 00:00:34.50
19:02:30 SQL> select /*+ index_ffs(PSP_MONEY_MOVEMENT_TRANSACTION PSP_MM_TRANSACTION_I9) parallel_index(PSP_MONEY_MOVEMENT_TRANSACTION PSP_MM_TRANSACTION_I9)*/ count(*) from pspadm.PSP_MONEY_MOVEMENT_TRANSACTION PSP_MONEY_MOVEMENT_TRANSACTION;

  COUNT(*)                                                                      
----------                                                                      
1246527023                                                                      

1 row selected.

Elapsed: 00:00:34.46
19:03:04 SQL> select /*+ index_ffs(PSP_MONEY_MOVEMENT_TRANSACTION PSP_MONEYMOVEMENTTRANSACTI_FK1) parallel_index(PSP_MONEY_MOVEMENT_TRANSACTION PSP_MONEYMOVEMENTTRANSACTI_FK1)*/ count(*) from pspadm.PSP_MONEY_MOVEMENT_TRANSACTION PSP_MONEY_MOVEMENT_TRANSACTION;

  COUNT(*)                                                                      
----------                                                                      
1246527034                                                                      

1 row selected.

Elapsed: 00:00:27.18
19:03:31 SQL> select /*+ index_ffs(PSP_MONEY_MOVEMENT_TRANSACTION PSP_MONEY_MOVEMENT_TRANSAC_FK2) parallel_index(PSP_MONEY_MOVEMENT_TRANSACTION PSP_MONEY_MOVEMENT_TRANSAC_FK2)*/ count(*) from pspadm.PSP_MONEY_MOVEMENT_TRANSACTION PSP_MONEY_MOVEMENT_TRANSACTION;

  COUNT(*)                                                                      
----------                                                                      
1246527055                                                                      

1 row selected.

Elapsed: 00:03:05.16
19:06:37 SQL> select /*+ index_ffs(PSP_MONEY_MOVEMENT_TRANSACTION PSP_MONEY_MOVEMENT_TRANSAC_FK3) parallel_index(PSP_MONEY_MOVEMENT_TRANSACTION PSP_MONEY_MOVEMENT_TRANSAC_FK3)*/ count(*) from pspadm.PSP_MONEY_MOVEMENT_TRANSACTION PSP_MONEY_MOVEMENT_TRANSACTION;

  COUNT(*)                                                                      
----------                                                                      
1246527068                                                                      

1 row selected.

Elapsed: 00:02:58.77
19:09:35 SQL> select /*+ index_ffs(PSP_MONEY_MOVEMENT_TRANSACTION PSP_MONEY_MOVEMENT_TRANSAC_FK6) parallel_index(PSP_MONEY_MOVEMENT_TRANSACTION PSP_MONEY_MOVEMENT_TRANSAC_FK6)*/ count(*) from pspadm.PSP_MONEY_MOVEMENT_TRANSACTION PSP_MONEY_MOVEMENT_TRANSACTION;

  COUNT(*)                                                                      
----------                                                                      
1246527113                                                                      

1 row selected.

Elapsed: 00:00:49.98
19:10:25 SQL> select /*+ index_ffs(PSP_MONEY_MOVEMENT_TRANSACTION SYS_C008717) parallel_index(PSP_MONEY_MOVEMENT_TRANSACTION SYS_C008717)*/ count(*) from pspadm.PSP_MONEY_MOVEMENT_TRANSACTION PSP_MONEY_MOVEMENT_TRANSACTION;

  COUNT(*)                                                                      
----------                                                                      
1246527121                                                                      

1 row selected.

Elapsed: 00:02:05.98
19:12:31 SQL> select /*+ index_ffs(PSP_NACHAFILE PSP_NACHAFILE_FK1) parallel_index(PSP_NACHAFILE PSP_NACHAFILE_FK1)*/ count(*) from pspadm.PSP_NACHAFILE PSP_NACHAFILE;

  COUNT(*)                                                                      
----------                                                                      
     33624                                                                      

1 row selected.

Elapsed: 00:00:00.43
19:12:32 SQL> select /*+ index_ffs(PSP_NACHAFILE SYS_C0020470) parallel_index(PSP_NACHAFILE SYS_C0020470)*/ count(*) from pspadm.PSP_NACHAFILE PSP_NACHAFILE;

  COUNT(*)                                                                      
----------                                                                      
     33624                                                                      

1 row selected.

Elapsed: 00:00:00.13
19:12:32 SQL> select /*+ index_ffs(PSP_OFFER SYS_C0020471) parallel_index(PSP_OFFER SYS_C0020471)*/ count(*) from pspadm.PSP_OFFER PSP_OFFER;

  COUNT(*)                                                                      
----------                                                                      
        48                                                                      

1 row selected.

Elapsed: 00:00:00.04
19:12:32 SQL> select /*+ index_ffs(PSP_OFFERING PSP_OFFERING_FK1) parallel_index(PSP_OFFERING PSP_OFFERING_FK1)*/ count(*) from pspadm.PSP_OFFERING PSP_OFFERING;

  COUNT(*)                                                                      
----------                                                                      
        92                                                                      

1 row selected.

Elapsed: 00:00:00.11
19:12:32 SQL> select /*+ index_ffs(PSP_OFFERING PSP_OFFERING_FK2) parallel_index(PSP_OFFERING PSP_OFFERING_FK2)*/ count(*) from pspadm.PSP_OFFERING PSP_OFFERING;

  COUNT(*)                                                                      
----------                                                                      
        92                                                                      

1 row selected.

Elapsed: 00:00:00.16
19:12:32 SQL> select /*+ index_ffs(PSP_OFFERING SYS_C0020472) parallel_index(PSP_OFFERING SYS_C0020472)*/ count(*) from pspadm.PSP_OFFERING PSP_OFFERING;

  COUNT(*)                                                                      
----------                                                                      
        92                                                                      

1 row selected.

Elapsed: 00:00:00.02
19:12:32 SQL> select /*+ index_ffs(PSP_OFFERING_SVCCHG PSP_OFFERING_SVCCHG_FK) parallel_index(PSP_OFFERING_SVCCHG PSP_OFFERING_SVCCHG_FK)*/ count(*) from pspadm.PSP_OFFERING_SVCCHG PSP_OFFERING_SVCCHG;

  COUNT(*)                                                                      
----------                                                                      
      1438                                                                      

1 row selected.

Elapsed: 00:00:00.03
19:12:32 SQL> select /*+ index_ffs(PSP_OFFERING_SVCCHG SYS_C0020473) parallel_index(PSP_OFFERING_SVCCHG SYS_C0020473)*/ count(*) from pspadm.PSP_OFFERING_SVCCHG PSP_OFFERING_SVCCHG;

  COUNT(*)                                                                      
----------                                                                      
      1438                                                                      

1 row selected.

Elapsed: 00:00:00.03
19:12:32 SQL> select /*+ index_ffs(PSP_OFFERING_SVCCHG_GRP PSP_OFFERING_SVCCHG_GRP_FK) parallel_index(PSP_OFFERING_SVCCHG_GRP PSP_OFFERING_SVCCHG_GRP_FK)*/ count(*) from pspadm.PSP_OFFERING_SVCCHG_GRP PSP_OFFERING_SVCCHG_GRP;

  COUNT(*)                                                                      
----------                                                                      
      1430                                                                      

1 row selected.

Elapsed: 00:00:00.04
19:12:32 SQL> select /*+ index_ffs(PSP_OFFERING_SVCCHG_GRP SYS_C0020474) parallel_index(PSP_OFFERING_SVCCHG_GRP SYS_C0020474)*/ count(*) from pspadm.PSP_OFFERING_SVCCHG_GRP PSP_OFFERING_SVCCHG_GRP;

  COUNT(*)                                                                      
----------                                                                      
      1430                                                                      

1 row selected.

Elapsed: 00:00:00.05
19:12:32 SQL> select /*+ index_ffs(PSP_OFFER_PRICE PSP_OFFER_PRICE_FK1) parallel_index(PSP_OFFER_PRICE PSP_OFFER_PRICE_FK1)*/ count(*) from pspadm.PSP_OFFER_PRICE PSP_OFFER_PRICE;

  COUNT(*)                                                                      
----------                                                                      
        33                                                                      

1 row selected.

Elapsed: 00:00:00.19
19:12:33 SQL> select /*+ index_ffs(PSP_OFFER_PRICE SYS_C0020528) parallel_index(PSP_OFFER_PRICE SYS_C0020528)*/ count(*) from pspadm.PSP_OFFER_PRICE PSP_OFFER_PRICE;

  COUNT(*)                                                                      
----------                                                                      
        33                                                                      

1 row selected.

Elapsed: 00:00:00.16
19:12:33 SQL> select /*+ index_ffs(PSP_OFFER_SVCCHG_ASSOC PSP_OFFER_SVCCHG_FK_OFFER) parallel_index(PSP_OFFER_SVCCHG_ASSOC PSP_OFFER_SVCCHG_FK_OFFER)*/ count(*) from pspadm.PSP_OFFER_SVCCHG_ASSOC PSP_OFFER_SVCCHG_ASSOC;

  COUNT(*)                                                                      
----------                                                                      
      2170                                                                      

1 row selected.

Elapsed: 00:00:00.03
19:12:33 SQL> select /*+ index_ffs(PSP_OFFER_SVCCHG_ASSOC PSP_OFFER_SVCCHG_FK_SVCCHG) parallel_index(PSP_OFFER_SVCCHG_ASSOC PSP_OFFER_SVCCHG_FK_SVCCHG)*/ count(*) from pspadm.PSP_OFFER_SVCCHG_ASSOC PSP_OFFER_SVCCHG_ASSOC;

  COUNT(*)                                                                      
----------                                                                      
      2170                                                                      

1 row selected.

Elapsed: 00:00:00.03
19:12:33 SQL> select /*+ index_ffs(PSP_OFFER_SVCCHG_ASSOC SYS_C0020521) parallel_index(PSP_OFFER_SVCCHG_ASSOC SYS_C0020521)*/ count(*) from pspadm.PSP_OFFER_SVCCHG_ASSOC PSP_OFFER_SVCCHG_ASSOC;

  COUNT(*)                                                                      
----------                                                                      
      2170                                                                      

1 row selected.

Elapsed: 00:00:00.03
19:12:33 SQL> select /*+ index_ffs(PSP_OFFLOAD_BATCH PSP_OFFLOAD_BATCH_FK1) parallel_index(PSP_OFFLOAD_BATCH PSP_OFFLOAD_BATCH_FK1)*/ count(*) from pspadm.PSP_OFFLOAD_BATCH PSP_OFFLOAD_BATCH;

  COUNT(*)                                                                      
----------                                                                      
     19208                                                                      

1 row selected.

Elapsed: 00:00:00.06
19:12:33 SQL> select /*+ index_ffs(PSP_OFFLOAD_BATCH SYS_C0020492) parallel_index(PSP_OFFLOAD_BATCH SYS_C0020492)*/ count(*) from pspadm.PSP_OFFLOAD_BATCH PSP_OFFLOAD_BATCH;

  COUNT(*)                                                                      
----------                                                                      
     19208                                                                      

1 row selected.

Elapsed: 00:00:00.12
19:12:33 SQL> select /*+ index_ffs(PSP_OFFLOAD_GROUP SYS_C0020493) parallel_index(PSP_OFFLOAD_GROUP SYS_C0020493)*/ count(*) from pspadm.PSP_OFFLOAD_GROUP PSP_OFFLOAD_GROUP;

  COUNT(*)                                                                      
----------                                                                      
         4                                                                      

1 row selected.

Elapsed: 00:00:00.03
19:12:33 SQL> select /*+ index_ffs(PSP_ON_HOLD_REASON PSP_ON_HOLD_REASON_FK1) parallel_index(PSP_ON_HOLD_REASON PSP_ON_HOLD_REASON_FK1)*/ count(*) from pspadm.PSP_ON_HOLD_REASON PSP_ON_HOLD_REASON;

  COUNT(*)                                                                      
----------                                                                      
    432324                                                                      

1 row selected.

Elapsed: 00:00:00.23
19:12:33 SQL> select /*+ index_ffs(PSP_ON_HOLD_REASON SYS_C0020586) parallel_index(PSP_ON_HOLD_REASON SYS_C0020586)*/ count(*) from pspadm.PSP_ON_HOLD_REASON PSP_ON_HOLD_REASON;

  COUNT(*)                                                                      
----------                                                                      
    432324                                                                      

1 row selected.

Elapsed: 00:00:01.81
19:12:35 SQL> select /*+ index_ffs(PSP_OWNERSHIP_TYPE SYS_C00105738) parallel_index(PSP_OWNERSHIP_TYPE SYS_C00105738)*/ count(*) from pspadm.PSP_OWNERSHIP_TYPE PSP_OWNERSHIP_TYPE;

  COUNT(*)                                                                      
----------                                                                      
        12                                                                      

1 row selected.

Elapsed: 00:00:00.20
19:12:35 SQL> select /*+ index_ffs(PSP_PAYCHECK PSP_PAYCHECK_FK1) parallel_index(PSP_PAYCHECK PSP_PAYCHECK_FK1)*/ count(*) from pspadm.PSP_PAYCHECK PSP_PAYCHECK;

  COUNT(*)                                                                      
----------                                                                      
1764631453                                                                      

1 row selected.

Elapsed: 00:02:42.72
19:15:18 SQL> select /*+ index_ffs(PSP_PAYCHECK PSP_PAYCHECK_FK2) parallel_index(PSP_PAYCHECK PSP_PAYCHECK_FK2)*/ count(*) from pspadm.PSP_PAYCHECK PSP_PAYCHECK;

  COUNT(*)                                                                      
----------                                                                      
1764631499                                                                      

1 row selected.

Elapsed: 00:05:52.89
19:21:11 SQL> select /*+ index_ffs(PSP_PAYCHECK PSP_PAYCHECK_FK3) parallel_index(PSP_PAYCHECK PSP_PAYCHECK_FK3)*/ count(*) from pspadm.PSP_PAYCHECK PSP_PAYCHECK;

  COUNT(*)                                                                      
----------                                                                      
1764631613                                                                      

1 row selected.

Elapsed: 00:01:11.46
19:22:22 SQL> select /*+ index_ffs(PSP_PAYCHECK PSP_PAYCHECK_FK4) parallel_index(PSP_PAYCHECK PSP_PAYCHECK_FK4)*/ count(*) from pspadm.PSP_PAYCHECK PSP_PAYCHECK;

  COUNT(*)                                                                      
----------                                                                      
1764631630                                                                      

1 row selected.

Elapsed: 00:02:55.37
19:25:18 SQL> select /*+ index_ffs(PSP_PAYCHECK PSP_PAYCHECK_I1) parallel_index(PSP_PAYCHECK PSP_PAYCHECK_I1)*/ count(*) from pspadm.PSP_PAYCHECK PSP_PAYCHECK;

  COUNT(*)                                                                      
----------                                                                      
1764631677                                                                      

1 row selected.

Elapsed: 00:02:44.68
19:28:02 SQL> select /*+ index_ffs(PSP_PAYCHECK PSP_PAYCHECK_I2) parallel_index(PSP_PAYCHECK PSP_PAYCHECK_I2)*/ count(*) from pspadm.PSP_PAYCHECK PSP_PAYCHECK;

  COUNT(*)                                                                      
----------                                                                      
1764631796                                                                      

1 row selected.

Elapsed: 00:04:59.28
19:33:02 SQL> select /*+ index_ffs(PSP_PAYCHECK PSP_PAYCHECK_U1) parallel_index(PSP_PAYCHECK PSP_PAYCHECK_U1)*/ count(*) from pspadm.PSP_PAYCHECK PSP_PAYCHECK;

  COUNT(*)                                                                      
----------                                                                      
1764631963                                                                      

1 row selected.

Elapsed: 00:05:29.69
19:38:31 SQL> select /*+ index_ffs(PSP_PAYCHECK SYS_C008737) parallel_index(PSP_PAYCHECK SYS_C008737)*/ count(*) from pspadm.PSP_PAYCHECK PSP_PAYCHECK;

  COUNT(*)                                                                      
----------                                                                      
1764632054                                                                      

1 row selected.

Elapsed: 00:04:05.78
19:42:37 SQL> select /*+ index_ffs(PSP_PAYCHECK_SPLIT PSP_PAYCHECK_SPLIT_FK1) parallel_index(PSP_PAYCHECK_SPLIT PSP_PAYCHECK_SPLIT_FK1)*/ count(*) from pspadm.PSP_PAYCHECK_SPLIT PSP_PAYCHECK_SPLIT;

  COUNT(*)                                                                      
----------                                                                      
1197870165                                                                      

1 row selected.

Elapsed: 00:02:34.11
19:45:11 SQL> select /*+ index_ffs(PSP_PAYCHECK_SPLIT PSP_PAYCHECK_SPLIT_FK2) parallel_index(PSP_PAYCHECK_SPLIT PSP_PAYCHECK_SPLIT_FK2)*/ count(*) from pspadm.PSP_PAYCHECK_SPLIT PSP_PAYCHECK_SPLIT;

  COUNT(*)                                                                      
----------                                                                      
1197870178                                                                      

1 row selected.

Elapsed: 00:02:46.42
19:47:58 SQL> select /*+ index_ffs(PSP_PAYCHECK_SPLIT PSP_PAYCHECK_SPLIT_FK3) parallel_index(PSP_PAYCHECK_SPLIT PSP_PAYCHECK_SPLIT_FK3)*/ count(*) from pspadm.PSP_PAYCHECK_SPLIT PSP_PAYCHECK_SPLIT;

  COUNT(*)                                                                      
----------                                                                      
1197870185                                                                      

1 row selected.

Elapsed: 00:01:31.62
19:49:29 SQL> select /*+ index_ffs(PSP_PAYCHECK_SPLIT PSP_PAYCHECK_SPLIT_U1) parallel_index(PSP_PAYCHECK_SPLIT PSP_PAYCHECK_SPLIT_U1)*/ count(*) from pspadm.PSP_PAYCHECK_SPLIT PSP_PAYCHECK_SPLIT;

  COUNT(*)                                                                      
----------                                                                      
1197870195                                                                      

1 row selected.

Elapsed: 00:03:22.68
19:52:52 SQL> select /*+ index_ffs(PSP_PAYCHECK_SPLIT SYS_C008745) parallel_index(PSP_PAYCHECK_SPLIT SYS_C008745)*/ count(*) from pspadm.PSP_PAYCHECK_SPLIT PSP_PAYCHECK_SPLIT;

  COUNT(*)                                                                      
----------                                                                      
1197870213                                                                      

1 row selected.

Elapsed: 00:01:50.39
19:54:42 SQL> select /*+ index_ffs(PSP_PAYCHECK_USAGE PSP_PAYCHECKUSAGE_FK1) parallel_index(PSP_PAYCHECK_USAGE PSP_PAYCHECKUSAGE_FK1)*/ count(*) from pspadm.PSP_PAYCHECK_USAGE PSP_PAYCHECK_USAGE;

  COUNT(*)                                                                      
----------                                                                      
 721312571                                                                      

1 row selected.

Elapsed: 00:03:15.21
19:57:58 SQL> select /*+ index_ffs(PSP_PAYCHECK_USAGE PSP_PAYCHECKUSAGE_FK2) parallel_index(PSP_PAYCHECK_USAGE PSP_PAYCHECKUSAGE_FK2)*/ count(*) from pspadm.PSP_PAYCHECK_USAGE PSP_PAYCHECK_USAGE;

  COUNT(*)                                                                      
----------                                                                      
 721312595                                                                      

1 row selected.

Elapsed: 00:03:11.65
20:01:09 SQL> select /*+ index_ffs(PSP_PAYCHECK_USAGE PSP_PAYCHECK_USAGE_FK1) parallel_index(PSP_PAYCHECK_USAGE PSP_PAYCHECK_USAGE_FK1)*/ count(*) from pspadm.PSP_PAYCHECK_USAGE PSP_PAYCHECK_USAGE;

  COUNT(*)                                                                      
----------                                                                      
 721312647                                                                      

1 row selected.

Elapsed: 00:01:15.11
20:02:24 SQL> select /*+ index_ffs(PSP_PAYCHECK_USAGE PSP_PAYCHECK_USAGE_NU1) parallel_index(PSP_PAYCHECK_USAGE PSP_PAYCHECK_USAGE_NU1)*/ count(*) from pspadm.PSP_PAYCHECK_USAGE PSP_PAYCHECK_USAGE;

  COUNT(*)                                                                      
----------                                                                      
 721312647                                                                      

1 row selected.

Elapsed: 00:00:45.55
20:03:10 SQL> select /*+ index_ffs(PSP_PAYCHECK_USAGE PSP_PAYCHECK_USAGE_U1) parallel_index(PSP_PAYCHECK_USAGE PSP_PAYCHECK_USAGE_U1)*/ count(*) from pspadm.PSP_PAYCHECK_USAGE PSP_PAYCHECK_USAGE;

  COUNT(*)                                                                      
----------                                                                      
 721312647                                                                      

1 row selected.

Elapsed: 00:00:27.36
20:03:37 SQL> select /*+ index_ffs(PSP_PAYCHECK_USAGE SYS_C0020691) parallel_index(PSP_PAYCHECK_USAGE SYS_C0020691)*/ count(*) from pspadm.PSP_PAYCHECK_USAGE PSP_PAYCHECK_USAGE;

  COUNT(*)                                                                      
----------                                                                      
 721312647                                                                      

1 row selected.

Elapsed: 00:02:59.52
20:06:37 SQL> select /*+ index_ffs(PSP_PAYCHECK_USAGE_HIST PSP_PAYCHECK_USAGE_HIST_FK1) parallel_index(PSP_PAYCHECK_USAGE_HIST PSP_PAYCHECK_USAGE_HIST_FK1)*/ count(*) from pspadm.PSP_PAYCHECK_USAGE_HIST PSP_PAYCHECK_USAGE_HIST;

  COUNT(*)                                                                      
----------                                                                      
   1819154                                                                      

1 row selected.

Elapsed: 00:00:03.82
20:06:41 SQL> select /*+ index_ffs(PSP_PAYCHECK_USAGE_HIST PSP_PAYCHECK_USAGE_HIST_FK2) parallel_index(PSP_PAYCHECK_USAGE_HIST PSP_PAYCHECK_USAGE_HIST_FK2)*/ count(*) from pspadm.PSP_PAYCHECK_USAGE_HIST PSP_PAYCHECK_USAGE_HIST;

  COUNT(*)                                                                      
----------                                                                      
   1819154                                                                      

1 row selected.

Elapsed: 00:00:04.00
20:06:45 SQL> select /*+ index_ffs(PSP_PAYCHECK_USAGE_HIST SYS_C0032991) parallel_index(PSP_PAYCHECK_USAGE_HIST SYS_C0032991)*/ count(*) from pspadm.PSP_PAYCHECK_USAGE_HIST PSP_PAYCHECK_USAGE_HIST;

  COUNT(*)                                                                      
----------                                                                      
   1819154                                                                      

1 row selected.

Elapsed: 00:00:05.12
20:06:50 SQL> select /*+ index_ffs(PSP_PAYEE PSP_PAYEE_FK1) parallel_index(PSP_PAYEE PSP_PAYEE_FK1)*/ count(*) from pspadm.PSP_PAYEE PSP_PAYEE;

  COUNT(*)                                                                      
----------                                                                      
   2539781                                                                      

1 row selected.

Elapsed: 00:00:03.17
20:06:53 SQL> select /*+ index_ffs(PSP_PAYEE PSP_PAYEE_FK2) parallel_index(PSP_PAYEE PSP_PAYEE_FK2)*/ count(*) from pspadm.PSP_PAYEE PSP_PAYEE;

  COUNT(*)                                                                      
----------                                                                      
   2539781                                                                      

1 row selected.

Elapsed: 00:00:03.17
20:06:56 SQL> select /*+ index_ffs(PSP_PAYEE SYS_C0020566) parallel_index(PSP_PAYEE SYS_C0020566)*/ count(*) from pspadm.PSP_PAYEE PSP_PAYEE;

  COUNT(*)                                                                      
----------                                                                      
   2539781                                                                      

1 row selected.

Elapsed: 00:00:03.59
20:07:00 SQL> select /*+ index_ffs(PSP_PAYEE_BANK_ACCOUNT PSP_PAYEE_BANK_ACCOUNT_FK1) parallel_index(PSP_PAYEE_BANK_ACCOUNT PSP_PAYEE_BANK_ACCOUNT_FK1)*/ count(*) from pspadm.PSP_PAYEE_BANK_ACCOUNT PSP_PAYEE_BANK_ACCOUNT;

  COUNT(*)                                                                      
----------                                                                      
   2702262                                                                      

1 row selected.

Elapsed: 00:00:03.24
20:07:03 SQL> select /*+ index_ffs(PSP_PAYEE_BANK_ACCOUNT PSP_PAYEE_BANK_ACCOUNT_FK2) parallel_index(PSP_PAYEE_BANK_ACCOUNT PSP_PAYEE_BANK_ACCOUNT_FK2)*/ count(*) from pspadm.PSP_PAYEE_BANK_ACCOUNT PSP_PAYEE_BANK_ACCOUNT;

  COUNT(*)                                                                      
----------                                                                      
   2702262                                                                      

1 row selected.

Elapsed: 00:00:02.81
20:07:06 SQL> select /*+ index_ffs(PSP_PAYEE_BANK_ACCOUNT SYS_C0020568) parallel_index(PSP_PAYEE_BANK_ACCOUNT SYS_C0020568)*/ count(*) from pspadm.PSP_PAYEE_BANK_ACCOUNT PSP_PAYEE_BANK_ACCOUNT;

  COUNT(*)                                                                      
----------                                                                      
   2702262                                                                      

1 row selected.

Elapsed: 00:00:03.51
20:07:09 SQL> select /*+ index_ffs(PSP_PAYMENT_BATCH_ASSOC PSP_PAYMENT_BATCH_ASSOC_FK1) parallel_index(PSP_PAYMENT_BATCH_ASSOC PSP_PAYMENT_BATCH_ASSOC_FK1)*/ count(*) from pspadm.PSP_PAYMENT_BATCH_ASSOC PSP_PAYMENT_BATCH_ASSOC;

  COUNT(*)                                                                      
----------                                                                      
    523734                                                                      

1 row selected.

Elapsed: 00:00:03.36
20:07:13 SQL> select /*+ index_ffs(PSP_PAYMENT_BATCH_ASSOC PSP_PAYMENT_BATCH_ASSOC_FK2) parallel_index(PSP_PAYMENT_BATCH_ASSOC PSP_PAYMENT_BATCH_ASSOC_FK2)*/ count(*) from pspadm.PSP_PAYMENT_BATCH_ASSOC PSP_PAYMENT_BATCH_ASSOC;

  COUNT(*)                                                                      
----------                                                                      
    523734                                                                      

1 row selected.

Elapsed: 00:00:02.53
20:07:15 SQL> select /*+ index_ffs(PSP_PAYMENT_BATCH_ASSOC SYS_C0020652) parallel_index(PSP_PAYMENT_BATCH_ASSOC SYS_C0020652)*/ count(*) from pspadm.PSP_PAYMENT_BATCH_ASSOC PSP_PAYMENT_BATCH_ASSOC;

  COUNT(*)                                                                      
----------                                                                      
    523734                                                                      

1 row selected.

Elapsed: 00:00:02.47
20:07:18 SQL> select /*+ index_ffs(PSP_PAYMENT_METHOD_REQUIREMENT PSP_PAYMENTMETHODREQUIREME_FK1) parallel_index(PSP_PAYMENT_METHOD_REQUIREMENT PSP_PAYMENTMETHODREQUIREME_FK1)*/ count(*) from pspadm.PSP_PAYMENT_METHOD_REQUIREMENT PSP_PAYMENT_METHOD_REQUIREMENT;

  COUNT(*)                                                                      
----------                                                                      
       134                                                                      

1 row selected.

Elapsed: 00:00:00.41
20:07:18 SQL> select /*+ index_ffs(PSP_PAYMENT_METHOD_REQUIREMENT SYS_C0020647) parallel_index(PSP_PAYMENT_METHOD_REQUIREMENT SYS_C0020647)*/ count(*) from pspadm.PSP_PAYMENT_METHOD_REQUIREMENT PSP_PAYMENT_METHOD_REQUIREMENT;

  COUNT(*)                                                                      
----------                                                                      
       134                                                                      

1 row selected.

Elapsed: 00:00:00.35
20:07:18 SQL> select /*+ index_ffs(PSP_PAYMENT_REQUIREMENT SYS_C0020658) parallel_index(PSP_PAYMENT_REQUIREMENT SYS_C0020658)*/ count(*) from pspadm.PSP_PAYMENT_REQUIREMENT PSP_PAYMENT_REQUIREMENT;

  COUNT(*)                                                                      
----------                                                                      
         5                                                                      

1 row selected.

Elapsed: 00:00:00.41
20:07:19 SQL> select /*+ index_ffs(PSP_PAYMENT_TEMPLATE PSP_PAYMENT_TEMPLATE_FK1) parallel_index(PSP_PAYMENT_TEMPLATE PSP_PAYMENT_TEMPLATE_FK1)*/ count(*) from pspadm.PSP_PAYMENT_TEMPLATE PSP_PAYMENT_TEMPLATE;

  COUNT(*)                                                                      
----------                                                                      
       149                                                                      

1 row selected.

Elapsed: 00:00:00.42
20:07:19 SQL> select /*+ index_ffs(PSP_PAYMENT_TEMPLATE SYS_C0020546) parallel_index(PSP_PAYMENT_TEMPLATE SYS_C0020546)*/ count(*) from pspadm.PSP_PAYMENT_TEMPLATE PSP_PAYMENT_TEMPLATE;

  COUNT(*)                                                                      
----------                                                                      
       149                                                                      

1 row selected.

Elapsed: 00:00:00.41
20:07:20 SQL> select /*+ index_ffs(PSP_PAYMENT_TEMPLATE_AGENCY_ID PSP_PAYMENT_TEMPLATE_AGENC_FK1) parallel_index(PSP_PAYMENT_TEMPLATE_AGENCY_ID PSP_PAYMENT_TEMPLATE_AGENC_FK1)*/ count(*) from pspadm.PSP_PAYMENT_TEMPLATE_AGENCY_ID PSP_PAYMENT_TEMPLATE_AGENCY_ID;

  COUNT(*)                                                                      
----------                                                                      
         6                                                                      

1 row selected.

Elapsed: 00:00:00.42
20:07:20 SQL> select /*+ index_ffs(PSP_PAYMENT_TEMPLATE_AGENCY_ID SYS_C0020646) parallel_index(PSP_PAYMENT_TEMPLATE_AGENCY_ID SYS_C0020646)*/ count(*) from pspadm.PSP_PAYMENT_TEMPLATE_AGENCY_ID PSP_PAYMENT_TEMPLATE_AGENCY_ID;

  COUNT(*)                                                                      
----------                                                                      
         6                                                                      

1 row selected.

Elapsed: 00:00:00.40
20:07:20 SQL> select /*+ index_ffs(PSP_PAYROLL_FRAUD_BATCH SYS_C0020588) parallel_index(PSP_PAYROLL_FRAUD_BATCH SYS_C0020588)*/ count(*) from pspadm.PSP_PAYROLL_FRAUD_BATCH PSP_PAYROLL_FRAUD_BATCH;

  COUNT(*)                                                                      
----------                                                                      
         0                                                                      

1 row selected.

Elapsed: 00:00:00.37
20:07:21 SQL> select /*+ index_ffs(PSP_PAYROLL_FREQUENCY SYS_C0020506) parallel_index(PSP_PAYROLL_FREQUENCY SYS_C0020506)*/ count(*) from pspadm.PSP_PAYROLL_FREQUENCY PSP_PAYROLL_FREQUENCY;

  COUNT(*)                                                                      
----------                                                                      
         8                                                                      

1 row selected.

Elapsed: 00:00:00.04
20:07:21 SQL> select /*+ index_ffs(PSP_PAYROLL_ITEM SYS_C0020572) parallel_index(PSP_PAYROLL_ITEM SYS_C0020572)*/ count(*) from pspadm.PSP_PAYROLL_ITEM PSP_PAYROLL_ITEM;

  COUNT(*)                                                                      
----------                                                                      
        18                                                                      

1 row selected.

Elapsed: 00:00:00.34
20:07:21 SQL> select /*+ index_ffs(PSP_PAYROLL_ITEM_TAXABLE_TO PSP_PAYROLL_ITEM_TAXABLE_T_FK1) parallel_index(PSP_PAYROLL_ITEM_TAXABLE_TO PSP_PAYROLL_ITEM_TAXABLE_T_FK1)*/ count(*) from pspadm.PSP_PAYROLL_ITEM_TAXABLE_TO PSP_PAYROLL_ITEM_TAXABLE_TO;

  COUNT(*)                                                                      
----------                                                                      
  31851466                                                                      

1 row selected.

Elapsed: 00:00:06.07
20:07:27 SQL> select /*+ index_ffs(PSP_PAYROLL_ITEM_TAXABLE_TO PSP_PAYROLL_ITEM_TAXABLE_T_FK2) parallel_index(PSP_PAYROLL_ITEM_TAXABLE_TO PSP_PAYROLL_ITEM_TAXABLE_T_FK2)*/ count(*) from pspadm.PSP_PAYROLL_ITEM_TAXABLE_TO PSP_PAYROLL_ITEM_TAXABLE_TO;

  COUNT(*)                                                                      
----------                                                                      
  31851466                                                                      

1 row selected.

Elapsed: 00:00:04.45
20:07:32 SQL> select /*+ index_ffs(PSP_PAYROLL_ITEM_TAXABLE_TO SYS_C0020611) parallel_index(PSP_PAYROLL_ITEM_TAXABLE_TO SYS_C0020611)*/ count(*) from pspadm.PSP_PAYROLL_ITEM_TAXABLE_TO PSP_PAYROLL_ITEM_TAXABLE_TO;

  COUNT(*)                                                                      
----------                                                                      
  31851466                                                                      

1 row selected.

Elapsed: 00:00:10.29
20:07:42 SQL> select /*+ index_ffs(PSP_PAYROLL_RUN PSP_PAYROLL_RUN_EECALCTOKEN) parallel_index(PSP_PAYROLL_RUN PSP_PAYROLL_RUN_EECALCTOKEN)*/ count(*) from pspadm.PSP_PAYROLL_RUN PSP_PAYROLL_RUN;

  COUNT(*)                                                                      
----------                                                                      
 286356461                                                                      

1 row selected.

Elapsed: 00:01:49.72
20:09:32 SQL> select /*+ index_ffs(PSP_PAYROLL_RUN PSP_PAYROLL_RUN_I1) parallel_index(PSP_PAYROLL_RUN PSP_PAYROLL_RUN_I1)*/ count(*) from pspadm.PSP_PAYROLL_RUN PSP_PAYROLL_RUN;

  COUNT(*)                                                                      
----------                                                                      
 286356466                                                                      

1 row selected.

Elapsed: 00:00:47.64
20:10:19 SQL> select /*+ index_ffs(PSP_PAYROLL_RUN PSP_PAYROLL_RUN_I2) parallel_index(PSP_PAYROLL_RUN PSP_PAYROLL_RUN_I2)*/ count(*) from pspadm.PSP_PAYROLL_RUN PSP_PAYROLL_RUN;

  COUNT(*)                                                                      
----------                                                                      
 286356467                                                                      

1 row selected.

Elapsed: 00:00:07.27
20:10:27 SQL> select /*+ index_ffs(PSP_PAYROLL_RUN PSP_PAYROLL_RUN_I3) parallel_index(PSP_PAYROLL_RUN PSP_PAYROLL_RUN_I3)*/ count(*) from pspadm.PSP_PAYROLL_RUN PSP_PAYROLL_RUN;

  COUNT(*)                                                                      
----------                                                                      
 286356468                                                                      

1 row selected.

Elapsed: 00:00:30.63
20:10:57 SQL> select /*+ index_ffs(PSP_PAYROLL_RUN PSP_PAYROLL_RUN_I4) parallel_index(PSP_PAYROLL_RUN PSP_PAYROLL_RUN_I4)*/ count(*) from pspadm.PSP_PAYROLL_RUN PSP_PAYROLL_RUN;

  COUNT(*)                                                                      
----------                                                                      
 286356468                                                                      

1 row selected.

Elapsed: 00:00:07.25
20:11:04 SQL> select /*+ index_ffs(PSP_PAYROLL_RUN PSP_PAYROLL_RUN_U1) parallel_index(PSP_PAYROLL_RUN PSP_PAYROLL_RUN_U1)*/ count(*) from pspadm.PSP_PAYROLL_RUN PSP_PAYROLL_RUN;

  COUNT(*)                                                                      
----------                                                                      
 286356468                                                                      

1 row selected.

Elapsed: 00:00:43.04
20:11:47 SQL> select /*+ index_ffs(PSP_PAYROLL_RUN PSP_PR_PROCESED_BY_FRD_BTCHJOB) parallel_index(PSP_PAYROLL_RUN PSP_PR_PROCESED_BY_FRD_BTCHJOB)*/ count(*) from pspadm.PSP_PAYROLL_RUN PSP_PAYROLL_RUN;

  COUNT(*)                                                                      
----------                                                                      
 286356469                                                                      

1 row selected.

Elapsed: 00:00:00.36
20:11:48 SQL> select /*+ index_ffs(PSP_PAYROLL_RUN SYS_C0020494) parallel_index(PSP_PAYROLL_RUN SYS_C0020494)*/ count(*) from pspadm.PSP_PAYROLL_RUN PSP_PAYROLL_RUN;

  COUNT(*)                                                                      
----------                                                                      
 286356469                                                                      

1 row selected.

Elapsed: 00:00:27.45
20:12:15 SQL> select /*+ index_ffs(PSP_PAYROLL_RUN_ACTION PSP_PAYROLL_RUN_ACTION_FK1) parallel_index(PSP_PAYROLL_RUN_ACTION PSP_PAYROLL_RUN_ACTION_FK1)*/ count(*) from pspadm.PSP_PAYROLL_RUN_ACTION PSP_PAYROLL_RUN_ACTION;

  COUNT(*)                                                                      
----------                                                                      
        56                                                                      

1 row selected.

Elapsed: 00:00:00.17
20:12:15 SQL> select /*+ index_ffs(PSP_PAYROLL_RUN_ACTION SYS_C0020589) parallel_index(PSP_PAYROLL_RUN_ACTION SYS_C0020589)*/ count(*) from pspadm.PSP_PAYROLL_RUN_ACTION PSP_PAYROLL_RUN_ACTION;

  COUNT(*)                                                                      
----------                                                                      
        56                                                                      

1 row selected.

Elapsed: 00:00:00.03
20:12:15 SQL> select /*+ index_ffs(PSP_PAYROLL_SUBTYPE PSP_PAYROLL_SUBTYPE_FK1) parallel_index(PSP_PAYROLL_SUBTYPE PSP_PAYROLL_SUBTYPE_FK1)*/ count(*) from pspadm.PSP_PAYROLL_SUBTYPE PSP_PAYROLL_SUBTYPE;

  COUNT(*)                                                                      
----------                                                                      
        25                                                                      

1 row selected.

Elapsed: 00:00:00.16
20:12:16 SQL> select /*+ index_ffs(PSP_PAYROLL_SUBTYPE SYS_C0020590) parallel_index(PSP_PAYROLL_SUBTYPE SYS_C0020590)*/ count(*) from pspadm.PSP_PAYROLL_SUBTYPE PSP_PAYROLL_SUBTYPE;

  COUNT(*)                                                                      
----------                                                                      
        25                                                                      

1 row selected.

Elapsed: 00:00:00.03
20:12:16 SQL> select /*+ index_ffs(PSP_PAYSTUB PSP_PAYSTUB_FK1) parallel_index(PSP_PAYSTUB PSP_PAYSTUB_FK1)*/ count(*) from pspadm.PSP_PAYSTUB PSP_PAYSTUB;

  COUNT(*)                                                                      
----------                                                                      
 456158546                                                                      

1 row selected.

Elapsed: 00:01:00.02
20:13:16 SQL> select /*+ index_ffs(PSP_PAYSTUB PSP_PAYSTUB_FK2) parallel_index(PSP_PAYSTUB PSP_PAYSTUB_FK2)*/ count(*) from pspadm.PSP_PAYSTUB PSP_PAYSTUB;

  COUNT(*)                                                                      
----------                                                                      
 456158551                                                                      

1 row selected.

Elapsed: 00:01:05.61
20:14:21 SQL> select /*+ index_ffs(PSP_PAYSTUB PSP_PAYSTUB_FK3) parallel_index(PSP_PAYSTUB PSP_PAYSTUB_FK3)*/ count(*) from pspadm.PSP_PAYSTUB PSP_PAYSTUB;

  COUNT(*)                                                                      
----------                                                                      
 456158556                                                                      

1 row selected.

Elapsed: 00:01:10.76
20:15:32 SQL> select /*+ index_ffs(PSP_PAYSTUB SYS_C0020721) parallel_index(PSP_PAYSTUB SYS_C0020721)*/ count(*) from pspadm.PSP_PAYSTUB PSP_PAYSTUB;

  COUNT(*)                                                                      
----------                                                                      
 456158556                                                                      

1 row selected.

Elapsed: 00:01:09.47
20:16:42 SQL> select /*+ index_ffs(PSP_PAY_ITEM PSP_PAY_ITEM_FK1) parallel_index(PSP_PAY_ITEM PSP_PAY_ITEM_FK1)*/ count(*) from pspadm.PSP_PAY_ITEM PSP_PAY_ITEM;

  COUNT(*)                                                                      
----------                                                                      
         0                                                                      

1 row selected.

Elapsed: 00:00:00.09
20:16:42 SQL> select /*+ index_ffs(PSP_PAY_ITEM PSP_PAY_ITEM_FK2) parallel_index(PSP_PAY_ITEM PSP_PAY_ITEM_FK2)*/ count(*) from pspadm.PSP_PAY_ITEM PSP_PAY_ITEM;

  COUNT(*)                                                                      
----------                                                                      
         0                                                                      

1 row selected.

Elapsed: 00:00:00.08
20:16:42 SQL> select /*+ index_ffs(PSP_PAY_ITEM SYS_C0020620) parallel_index(PSP_PAY_ITEM SYS_C0020620)*/ count(*) from pspadm.PSP_PAY_ITEM PSP_PAY_ITEM;

  COUNT(*)                                                                      
----------                                                                      
         0                                                                      

1 row selected.

Elapsed: 00:00:00.09
20:16:42 SQL> select /*+ index_ffs(PSP_PERF_SST SYS_C0020637) parallel_index(PSP_PERF_SST SYS_C0020637)*/ count(*) from pspadm.PSP_PERF_SST PSP_PERF_SST;

  COUNT(*)                                                                      
----------                                                                      
    496060                                                                      

1 row selected.

Elapsed: 00:00:00.24
20:16:42 SQL> select /*+ index_ffs(PSP_PMTTEMPLATE_CHKINFO_ASSOC PSP_PAYMENT_TEMPLATE_CHECK_FK1) parallel_index(PSP_PMTTEMPLATE_CHKINFO_ASSOC PSP_PAYMENT_TEMPLATE_CHECK_FK1)*/ count(*) from pspadm.PSP_PMTTEMPLATE_CHKINFO_ASSOC PSP_PMTTEMPLATE_CHKINFO_ASSOC;

  COUNT(*)                                                                      
----------                                                                      
       103                                                                      

1 row selected.

Elapsed: 00:00:00.02
20:16:42 SQL> select /*+ index_ffs(PSP_PMTTEMPLATE_CHKINFO_ASSOC PSP_PAYMENT_TEMPLATE_CHECK_FK2) parallel_index(PSP_PMTTEMPLATE_CHKINFO_ASSOC PSP_PAYMENT_TEMPLATE_CHECK_FK2)*/ count(*) from pspadm.PSP_PMTTEMPLATE_CHKINFO_ASSOC PSP_PMTTEMPLATE_CHKINFO_ASSOC;

  COUNT(*)                                                                      
----------                                                                      
       103                                                                      

1 row selected.

Elapsed: 00:00:00.02
20:16:42 SQL> select /*+ index_ffs(PSP_PMTTEMPLATE_CHKINFO_ASSOC SYS_C0020645) parallel_index(PSP_PMTTEMPLATE_CHKINFO_ASSOC SYS_C0020645)*/ count(*) from pspadm.PSP_PMTTEMPLATE_CHKINFO_ASSOC PSP_PMTTEMPLATE_CHKINFO_ASSOC;

  COUNT(*)                                                                      
----------                                                                      
       103                                                                      

1 row selected.

Elapsed: 00:00:00.02
20:16:42 SQL> select /*+ index_ffs(PSP_PMTTEMPLATE_PRINTEDCHKINFO PSP_PAYMENT_TEMPLATE_PRINT_FK1) parallel_index(PSP_PMTTEMPLATE_PRINTEDCHKINFO PSP_PAYMENT_TEMPLATE_PRINT_FK1)*/ count(*) from pspadm.PSP_PMTTEMPLATE_PRINTEDCHKINFO PSP_PMTTEMPLATE_PRINTEDCHKINFO;

  COUNT(*)                                                                      
----------                                                                      
        95                                                                      

1 row selected.

Elapsed: 00:00:00.02
20:16:42 SQL> select /*+ index_ffs(PSP_PMTTEMPLATE_PRINTEDCHKINFO SYS_C0020642) parallel_index(PSP_PMTTEMPLATE_PRINTEDCHKINFO SYS_C0020642)*/ count(*) from pspadm.PSP_PMTTEMPLATE_PRINTEDCHKINFO PSP_PMTTEMPLATE_PRINTEDCHKINFO;

  COUNT(*)                                                                      
----------                                                                      
        95                                                                      

1 row selected.

Elapsed: 00:00:00.01
20:16:42 SQL> select /*+ index_ffs(PSP_PMT_TEMPLATE_BANKACCOUNT PSP_PAYMENT_TEMPLATE_BANK__FK1) parallel_index(PSP_PMT_TEMPLATE_BANKACCOUNT PSP_PAYMENT_TEMPLATE_BANK__FK1)*/ count(*) from pspadm.PSP_PMT_TEMPLATE_BANKACCOUNT PSP_PMT_TEMPLATE_BANKACCOUNT;

  COUNT(*)                                                                      
----------                                                                      
       102                                                                      

1 row selected.

Elapsed: 00:00:00.02
20:16:42 SQL> select /*+ index_ffs(PSP_PMT_TEMPLATE_BANKACCOUNT PSP_PAYMENT_TEMPLATE_BANK__FK2) parallel_index(PSP_PMT_TEMPLATE_BANKACCOUNT PSP_PAYMENT_TEMPLATE_BANK__FK2)*/ count(*) from pspadm.PSP_PMT_TEMPLATE_BANKACCOUNT PSP_PMT_TEMPLATE_BANKACCOUNT;

  COUNT(*)                                                                      
----------                                                                      
       102                                                                      

1 row selected.

Elapsed: 00:00:00.02
20:16:42 SQL> select /*+ index_ffs(PSP_PMT_TEMPLATE_BANKACCOUNT SYS_C0020632) parallel_index(PSP_PMT_TEMPLATE_BANKACCOUNT SYS_C0020632)*/ count(*) from pspadm.PSP_PMT_TEMPLATE_BANKACCOUNT PSP_PMT_TEMPLATE_BANKACCOUNT;

  COUNT(*)                                                                      
----------                                                                      
       102                                                                      

1 row selected.

Elapsed: 00:00:00.02
20:16:42 SQL> select /*+ index_ffs(PSP_PMT_TEMPLATE_FREQUENCY PSP_PAYMENT_TEMPLATE_FREQU_FK1) parallel_index(PSP_PMT_TEMPLATE_FREQUENCY PSP_PAYMENT_TEMPLATE_FREQU_FK1)*/ count(*) from pspadm.PSP_PMT_TEMPLATE_FREQUENCY PSP_PMT_TEMPLATE_FREQUENCY;

  COUNT(*)                                                                      
----------                                                                      
       297                                                                      

1 row selected.

Elapsed: 00:00:00.14
20:16:42 SQL> select /*+ index_ffs(PSP_PMT_TEMPLATE_FREQUENCY SYS_C0020561) parallel_index(PSP_PMT_TEMPLATE_FREQUENCY SYS_C0020561)*/ count(*) from pspadm.PSP_PMT_TEMPLATE_FREQUENCY PSP_PMT_TEMPLATE_FREQUENCY;

  COUNT(*)                                                                      
----------                                                                      
       297                                                                      

1 row selected.

Elapsed: 00:00:00.03
20:16:42 SQL> select /*+ index_ffs(PSP_PMT_TEMPLATE_PAYMENTMETHOD PSP_PAYMENT_TEMPLATE_PAYME_FK1) parallel_index(PSP_PMT_TEMPLATE_PAYMENTMETHOD PSP_PAYMENT_TEMPLATE_PAYME_FK1)*/ count(*) from pspadm.PSP_PMT_TEMPLATE_PAYMENTMETHOD PSP_PMT_TEMPLATE_PAYMENTMETHOD;

  COUNT(*)                                                                      
----------                                                                      
       162                                                                      

1 row selected.

Elapsed: 00:00:00.01
20:16:42 SQL> select /*+ index_ffs(PSP_PMT_TEMPLATE_PAYMENTMETHOD SYS_C0020631) parallel_index(PSP_PMT_TEMPLATE_PAYMENTMETHOD SYS_C0020631)*/ count(*) from pspadm.PSP_PMT_TEMPLATE_PAYMENTMETHOD PSP_PMT_TEMPLATE_PAYMENTMETHOD;

  COUNT(*)                                                                      
----------                                                                      
       162                                                                      

1 row selected.

Elapsed: 00:00:00.03
20:16:42 SQL> select /*+ index_ffs(PSP_POSTING_RULE PSP_POSTING_RULE_FK1) parallel_index(PSP_POSTING_RULE PSP_POSTING_RULE_FK1)*/ count(*) from pspadm.PSP_POSTING_RULE PSP_POSTING_RULE;

  COUNT(*)                                                                      
----------                                                                      
       654                                                                      

1 row selected.

Elapsed: 00:00:00.10
20:16:42 SQL> select /*+ index_ffs(PSP_POSTING_RULE PSP_POSTING_RULE_FK2) parallel_index(PSP_POSTING_RULE PSP_POSTING_RULE_FK2)*/ count(*) from pspadm.PSP_POSTING_RULE PSP_POSTING_RULE;

  COUNT(*)                                                                      
----------                                                                      
       654                                                                      

1 row selected.

Elapsed: 00:00:00.12
20:16:43 SQL> select /*+ index_ffs(PSP_POSTING_RULE PSP_POSTING_RULE_FK3) parallel_index(PSP_POSTING_RULE PSP_POSTING_RULE_FK3)*/ count(*) from pspadm.PSP_POSTING_RULE PSP_POSTING_RULE;

  COUNT(*)                                                                      
----------                                                                      
       654                                                                      

1 row selected.

Elapsed: 00:00:00.12
20:16:43 SQL> select /*+ index_ffs(PSP_POSTING_RULE SYS_C0020507) parallel_index(PSP_POSTING_RULE SYS_C0020507)*/ count(*) from pspadm.PSP_POSTING_RULE PSP_POSTING_RULE;

  COUNT(*)                                                                      
----------                                                                      
       654                                                                      

1 row selected.

Elapsed: 00:00:00.12
20:16:43 SQL> select /*+ index_ffs(PSP_PRIOR_PAYMENT_SUBMISSION PSP_PRIOR_PAYMENT_SUBMISSI_FK1) parallel_index(PSP_PRIOR_PAYMENT_SUBMISSION PSP_PRIOR_PAYMENT_SUBMISSI_FK1)*/ count(*) from pspadm.PSP_PRIOR_PAYMENT_SUBMISSION PSP_PRIOR_PAYMENT_SUBMISSION;

  COUNT(*)                                                                      
----------                                                                      
    351704                                                                      

1 row selected.

Elapsed: 00:00:00.17
20:16:43 SQL> select /*+ index_ffs(PSP_PRIOR_PAYMENT_SUBMISSION SYS_C0020629) parallel_index(PSP_PRIOR_PAYMENT_SUBMISSION SYS_C0020629)*/ count(*) from pspadm.PSP_PRIOR_PAYMENT_SUBMISSION PSP_PRIOR_PAYMENT_SUBMISSION;

  COUNT(*)                                                                      
----------                                                                      
    351704                                                                      

1 row selected.

Elapsed: 00:00:00.19
20:16:43 SQL> select /*+ index_ffs(PSP_PROPERTY_AUDIT PSP_PROPERTYAUDIT_FK1) parallel_index(PSP_PROPERTY_AUDIT PSP_PROPERTYAUDIT_FK1)*/ count(*) from pspadm.PSP_PROPERTY_AUDIT PSP_PROPERTY_AUDIT;

  COUNT(*)                                                                      
----------                                                                      
1196949056                                                                      

1 row selected.

Elapsed: 00:01:46.00
20:18:29 SQL> select /*+ index_ffs(PSP_PROPERTY_AUDIT SYS_C0020587) parallel_index(PSP_PROPERTY_AUDIT SYS_C0020587)*/ count(*) from pspadm.PSP_PROPERTY_AUDIT PSP_PROPERTY_AUDIT;

  COUNT(*)                                                                      
----------                                                                      
1196949070                                                                      

1 row selected.

Elapsed: 00:01:49.32
20:20:19 SQL> select /*+ index_ffs(PSP_PSTUB_ADDRESS SYS_C0020720) parallel_index(PSP_PSTUB_ADDRESS SYS_C0020720)*/ count(*) from pspadm.PSP_PSTUB_ADDRESS PSP_PSTUB_ADDRESS;

  COUNT(*)                                                                      
----------                                                                      
 371918936                                                                      

1 row selected.

Elapsed: 00:00:47.90
20:21:06 SQL> select /*+ index_ffs(PSP_PSTUB_DDITEM PSP_PSTUB_DDITEM_FK1) parallel_index(PSP_PSTUB_DDITEM PSP_PSTUB_DDITEM_FK1)*/ count(*) from pspadm.PSP_PSTUB_DDITEM PSP_PSTUB_DDITEM;

  COUNT(*)                                                                      
----------                                                                      
 325945362                                                                      

1 row selected.

Elapsed: 00:00:46.40
20:21:53 SQL> select /*+ index_ffs(PSP_PSTUB_DDITEM SYS_C0020722) parallel_index(PSP_PSTUB_DDITEM SYS_C0020722)*/ count(*) from pspadm.PSP_PSTUB_DDITEM PSP_PSTUB_DDITEM;

  COUNT(*)                                                                      
----------                                                                      
 325945368                                                                      

1 row selected.

Elapsed: 00:00:36.96
20:22:30 SQL> select /*+ index_ffs(PSP_PSTUB_EMPLOYEE_INFO PSP_PSTUB_EMPLOYEE_INFO_FK1) parallel_index(PSP_PSTUB_EMPLOYEE_INFO PSP_PSTUB_EMPLOYEE_INFO_FK1)*/ count(*) from pspadm.PSP_PSTUB_EMPLOYEE_INFO PSP_PSTUB_EMPLOYEE_INFO;

  COUNT(*)                                                                      
----------                                                                      
 371059450                                                                      

1 row selected.

Elapsed: 00:00:36.99
20:23:07 SQL> select /*+ index_ffs(PSP_PSTUB_EMPLOYEE_INFO PSP_PSTUB_EMPLOYEE_INFO_FK2) parallel_index(PSP_PSTUB_EMPLOYEE_INFO PSP_PSTUB_EMPLOYEE_INFO_FK2)*/ count(*) from pspadm.PSP_PSTUB_EMPLOYEE_INFO PSP_PSTUB_EMPLOYEE_INFO;

  COUNT(*)                                                                      
----------                                                                      
 371059452                                                                      

1 row selected.

Elapsed: 00:00:44.57
20:23:51 SQL> select /*+ index_ffs(PSP_PSTUB_EMPLOYEE_INFO SYS_C0020718) parallel_index(PSP_PSTUB_EMPLOYEE_INFO SYS_C0020718)*/ count(*) from pspadm.PSP_PSTUB_EMPLOYEE_INFO PSP_PSTUB_EMPLOYEE_INFO;

  COUNT(*)                                                                      
----------                                                                      
 371059452                                                                      

1 row selected.

Elapsed: 00:00:43.66
20:24:35 SQL> select /*+ index_ffs(PSP_PSTUB_EMPLOYEE_PREFERENCE EMP_PREF_UNQ_INDX) parallel_index(PSP_PSTUB_EMPLOYEE_PREFERENCE EMP_PREF_UNQ_INDX)*/ count(*) from pspadm.PSP_PSTUB_EMPLOYEE_PREFERENCE PSP_PSTUB_EMPLOYEE_PREFERENCE;

  COUNT(*)                                                                      
----------                                                                      
    253022                                                                      

1 row selected.

Elapsed: 00:00:00.07
20:24:35 SQL> select /*+ index_ffs(PSP_PSTUB_EMPLOYEE_PREFERENCE PSP_PSTUB_EMPLOYEE_PREFERE_FK1) parallel_index(PSP_PSTUB_EMPLOYEE_PREFERENCE PSP_PSTUB_EMPLOYEE_PREFERE_FK1)*/ count(*) from pspadm.PSP_PSTUB_EMPLOYEE_PREFERENCE PSP_PSTUB_EMPLOYEE_PREFERENCE;

  COUNT(*)                                                                      
----------                                                                      
    253022                                                                      

1 row selected.

Elapsed: 00:00:00.18
20:24:35 SQL> select /*+ index_ffs(PSP_PSTUB_EMPLOYEE_PREFERENCE SYS_C0020719) parallel_index(PSP_PSTUB_EMPLOYEE_PREFERENCE SYS_C0020719)*/ count(*) from pspadm.PSP_PSTUB_EMPLOYEE_PREFERENCE PSP_PSTUB_EMPLOYEE_PREFERENCE;

  COUNT(*)                                                                      
----------                                                                      
    253022                                                                      

1 row selected.

Elapsed: 00:00:00.04
20:24:35 SQL> select /*+ index_ffs(PSP_PSTUB_EMPLOYER_INFO PSP_PSTUB_EMPLOYER_INFO_FK1) parallel_index(PSP_PSTUB_EMPLOYER_INFO PSP_PSTUB_EMPLOYER_INFO_FK1)*/ count(*) from pspadm.PSP_PSTUB_EMPLOYER_INFO PSP_PSTUB_EMPLOYER_INFO;

  COUNT(*)                                                                      
----------                                                                      
    859493                                                                      

1 row selected.

Elapsed: 00:00:00.19
20:24:35 SQL> select /*+ index_ffs(PSP_PSTUB_EMPLOYER_INFO SYS_C0020717) parallel_index(PSP_PSTUB_EMPLOYER_INFO SYS_C0020717)*/ count(*) from pspadm.PSP_PSTUB_EMPLOYER_INFO PSP_PSTUB_EMPLOYER_INFO;

  COUNT(*)                                                                      
----------                                                                      
    859493                                                                      

1 row selected.

Elapsed: 00:00:00.19
20:24:36 SQL> select /*+ index_ffs(PSP_PSTUB_MSG PSP_PSTUB_MSG_FK1) parallel_index(PSP_PSTUB_MSG PSP_PSTUB_MSG_FK1)*/ count(*) from pspadm.PSP_PSTUB_MSG PSP_PSTUB_MSG;

  COUNT(*)                                                                      
----------                                                                      
 316487056                                                                      

1 row selected.

Elapsed: 00:00:43.41
20:25:19 SQL> select /*+ index_ffs(PSP_PSTUB_MSG SYS_C0020723) parallel_index(PSP_PSTUB_MSG SYS_C0020723)*/ count(*) from pspadm.PSP_PSTUB_MSG PSP_PSTUB_MSG;

  COUNT(*)                                                                      
----------                                                                      
 316487064                                                                      

1 row selected.

Elapsed: 00:00:36.00
20:25:55 SQL> select /*+ index_ffs(PSP_PSTUB_PAID_TIMEOFF_ITEM PSP_PSTUB_PAID_TIMEOFF_ITE_FK1) parallel_index(PSP_PSTUB_PAID_TIMEOFF_ITEM PSP_PSTUB_PAID_TIMEOFF_ITE_FK1)*/ count(*) from pspadm.PSP_PSTUB_PAID_TIMEOFF_ITEM PSP_PSTUB_PAID_TIMEOFF_ITEM;

  COUNT(*)                                                                      
----------                                                                      
 674252865                                                                      

1 row selected.

Elapsed: 00:01:30.41
20:27:25 SQL> select /*+ index_ffs(PSP_PSTUB_PAID_TIMEOFF_ITEM SYS_C0020724) parallel_index(PSP_PSTUB_PAID_TIMEOFF_ITEM SYS_C0020724)*/ count(*) from pspadm.PSP_PSTUB_PAID_TIMEOFF_ITEM PSP_PSTUB_PAID_TIMEOFF_ITEM;

  COUNT(*)                                                                      
----------                                                                      
 674252887                                                                      

1 row selected.

Elapsed: 00:01:10.15
20:28:36 SQL> select /*+ index_ffs(PSP_PSTUB_PAY_ITEM PSP_PSTUB_PAY_ITEM_FK1) parallel_index(PSP_PSTUB_PAY_ITEM PSP_PSTUB_PAY_ITEM_FK1)*/ count(*) from pspadm.PSP_PSTUB_PAY_ITEM PSP_PSTUB_PAY_ITEM;

  COUNT(*)                                                                      
----------                                                                      
4365646977                                                                      

1 row selected.

Elapsed: 00:11:25.41
20:40:01 SQL> select /*+ index_ffs(PSP_PSTUB_PAY_ITEM PSP_PSTUB_PAY_ITEM_FK2) parallel_index(PSP_PSTUB_PAY_ITEM PSP_PSTUB_PAY_ITEM_FK2)*/ count(*) from pspadm.PSP_PSTUB_PAY_ITEM PSP_PSTUB_PAY_ITEM;

  COUNT(*)                                                                      
----------                                                                      
4365648159                                                                      

1 row selected.

Elapsed: 00:02:02.10
20:42:03 SQL> select /*+ index_ffs(PSP_PSTUB_PAY_ITEM SYS_C0020725) parallel_index(PSP_PSTUB_PAY_ITEM SYS_C0020725)*/ count(*) from pspadm.PSP_PSTUB_PAY_ITEM PSP_PSTUB_PAY_ITEM;

  COUNT(*)                                                                      
----------                                                                      
4365648392                                                                      

1 row selected.

Elapsed: 00:07:16.76
20:49:20 SQL> select /*+ index_ffs(PSP_PSTUB_STATE_TAX_INFO PSP_PSTUB_STATE_TAX_INFO_FK1) parallel_index(PSP_PSTUB_STATE_TAX_INFO PSP_PSTUB_STATE_TAX_INFO_FK1)*/ count(*) from pspadm.PSP_PSTUB_STATE_TAX_INFO PSP_PSTUB_STATE_TAX_INFO;

  COUNT(*)                                                                      
----------                                                                      
     19034                                                                      

1 row selected.

Elapsed: 00:00:00.04
20:49:20 SQL> select /*+ index_ffs(PSP_PSTUB_STATE_TAX_INFO SYS_C0020739) parallel_index(PSP_PSTUB_STATE_TAX_INFO SYS_C0020739)*/ count(*) from pspadm.PSP_PSTUB_STATE_TAX_INFO PSP_PSTUB_STATE_TAX_INFO;

  COUNT(*)                                                                      
----------                                                                      
     19034                                                                      

1 row selected.

Elapsed: 00:00:00.02
20:49:20 SQL> select /*+ index_ffs(PSP_QBDT_EMPLOYEE_INFO PSP_QBDT_EMPLOYEE_INFO_COM_LST) parallel_index(PSP_QBDT_EMPLOYEE_INFO PSP_QBDT_EMPLOYEE_INFO_COM_LST)*/ count(*) from pspadm.PSP_QBDT_EMPLOYEE_INFO PSP_QBDT_EMPLOYEE_INFO;

  COUNT(*)                                                                      
----------                                                                      
  55117510                                                                      

1 row selected.

Elapsed: 00:00:09.33
20:49:29 SQL> select /*+ index_ffs(PSP_QBDT_EMPLOYEE_INFO PSP_QBDT_EMPLOYEE_INFO_FK1) parallel_index(PSP_QBDT_EMPLOYEE_INFO PSP_QBDT_EMPLOYEE_INFO_FK1)*/ count(*) from pspadm.PSP_QBDT_EMPLOYEE_INFO PSP_QBDT_EMPLOYEE_INFO;

  COUNT(*)                                                                      
----------                                                                      
  55117510                                                                      

1 row selected.

Elapsed: 00:00:02.73
20:49:32 SQL> spool off
