
SQL*Plus: Release 12.1.0.2.0 Production on Thu Mar 16 02:20:21 2023

Copyright (c) 1982, 2014, Oracle.  All rights reserved.

SQL> Connected.
SQL> SQL> SQL> 02:20:22 SQL> 02:20:22 SQL> 02:20:22 SQL> 
INSTANCE_NAME
----------------
HOST_NAME
----------------------------------------------------------------
PSPUWP01
ip-172-19-1-245


1 row selected.

Elapsed: 00:00:00.00
02:20:22 SQL> 02:20:22 SQL> SP2-1506: START, @ or @@ command has no arguments
02:20:22 SQL> Disconnected from Oracle Database 19c Enterprise Edition Release 19.0.0.0.0 - Production

SQL*Plus: Release 12.1.0.2.0 Production on Thu Mar 16 02:33:45 2023

Copyright (c) 1982, 2014, Oracle.  All rights reserved.

SQL> Connected.
SQL> SQL> SQL> 02:33:46 SQL> 02:33:46 SQL> 02:33:46 SQL> 
INSTANCE_NAME
----------------
HOST_NAME
----------------------------------------------------------------
PSPUWP01
ip-172-19-1-245


1 row selected.

Elapsed: 00:00:00.00
02:33:46 SQL> 02:33:46 SQL> 02:33:46 SQL> set echo on timing on feedback on
02:33:46 SQL> spool upd_company_fk/backup_orphan_records
02:33:46 SQL> 
02:33:46 SQL> --PSP_PSTUB_DDITEM
02:33:46 SQL> create table MCHOUBEY.PSP_PSTUB_DDITEM_TEMP_PSP_25432 as
02:33:46   2  select * from PSPADM.PSP_PSTUB_DDITEM where COMPANY_FK is null;

Table created.

Elapsed: 00:00:00.13
02:33:46 SQL> 
02:33:46 SQL> --1886
02:33:46 SQL> select count(*) from MCHOUBEY.PSP_PSTUB_DDITEM_TEMP_PSP_25432;

  COUNT(*)
----------
      1886

1 row selected.

Elapsed: 00:00:00.01
02:33:46 SQL> 
02:33:46 SQL> --PSP_PSTUB_MSG
02:33:46 SQL> create table MCHOUBEY.PSP_PSTUB_MSG_TEMP_PSP_25432 as
02:33:46   2  select * from PSPADM.PSP_PSTUB_MSG where COMPANY_FK is null;

Table created.

Elapsed: 00:00:00.07
02:33:46 SQL> 
02:33:46 SQL> --1901
02:33:46 SQL> select count(*) from MCHOUBEY.PSP_PSTUB_MSG_TEMP_PSP_25432;

  COUNT(*)
----------
      1901

1 row selected.

Elapsed: 00:00:00.00
02:33:46 SQL> 
02:33:46 SQL> --PSP_PSTUB_PAID_TIMEOFF_ITEM
02:33:46 SQL> create table MCHOUBEY.PSP_PSTUB_PAID_TIMEOFF_ITEM_TEMP_PSP_25432 as
02:33:46   2  select * from PSPADM.PSP_PSTUB_PAID_TIMEOFF_ITEM where COMPANY_FK is null;

Table created.

Elapsed: 00:00:00.17
02:33:46 SQL> 
02:33:46 SQL> --5517
02:33:46 SQL> select count(*) from MCHOUBEY.PSP_PSTUB_PAID_TIMEOFF_ITEM_TEMP_PSP_25432;

  COUNT(*)
----------
      5517

1 row selected.

Elapsed: 00:00:00.01
02:33:46 SQL> 
02:33:46 SQL> --PSP_PSTUB_PAY_ITEM
02:33:46 SQL> create table MCHOUBEY.PSP_PSTUB_PAY_ITEM_PSP_25432 as
02:33:46   2  select/*+ parallel(8) */* from PSPADM.PSP_PSTUB_PAY_ITEM where COMPANY_FK is null;

Table created.

Elapsed: 00:00:00.20
02:33:46 SQL> 
02:33:46 SQL> --28724
02:33:46 SQL> select count(*) from MCHOUBEY.PSP_PSTUB_PAY_ITEM_PSP_25432;

  COUNT(*)
----------
     28724

1 row selected.

Elapsed: 00:00:00.02
02:33:46 SQL> 
02:33:46 SQL> --PSP_PAYSTUB
02:33:46 SQL> create table MCHOUBEY.PSP_PAYSTUB_TEMP_PSP_25432 as
02:33:46   2  select * from PSPADM.PSP_PAYSTUB where COMPANY_FK is null;

Table created.

Elapsed: 00:00:00.15
02:33:47 SQL> 
02:33:47 SQL> --3388
02:33:47 SQL> select count(*) from MCHOUBEY.PSP_PAYSTUB_TEMP_PSP_25432;

  COUNT(*)
----------
      3388

1 row selected.

Elapsed: 00:00:00.01
02:33:47 SQL> 
02:33:47 SQL> --PSP_EFTPS_PAYMENT_DETAIL
02:33:47 SQL> create table MCHOUBEY.PSP_EFTPS_PAYMENT_DETAIL_TEMP_PSP_25432 as
02:33:47   2  select * from PSPADM.PSP_EFTPS_PAYMENT_DETAIL where COMPANY_FK is null;

Table created.

Elapsed: 00:00:04.10
02:33:51 SQL> 
02:33:51 SQL> --132903
02:33:51 SQL> select count(*) from MCHOUBEY.PSP_EFTPS_PAYMENT_DETAIL_TEMP_PSP_25432;

  COUNT(*)
----------
    132093

1 row selected.

Elapsed: 00:00:00.10
02:33:51 SQL> 
02:33:51 SQL> --PSP_VOIDED_CHECK
02:33:51 SQL> create table MCHOUBEY.PSP_VOIDED_CHECK_TEMP_PSP_25432 as
02:33:51   2  select * from PSPADM.PSP_VOIDED_CHECK where COMPANY_FK is null;

Table created.

Elapsed: 00:00:00.02
02:33:51 SQL> 
02:33:51 SQL> --51
02:33:51 SQL> select count(*) from MCHOUBEY.PSP_VOIDED_CHECK_TEMP_PSP_25432;

  COUNT(*)
----------
	51

1 row selected.

Elapsed: 00:00:00.00
02:33:51 SQL> 
02:33:51 SQL> --PSP_FSET_FILING_DETAIL
02:33:51 SQL> create table MCHOUBEY.PSP_FSET_FILING_DETAIL_TEMP_PSP_25432 as
02:33:51   2  select * from PSPADM.PSP_FSET_FILING_DETAIL where COMPANY_FK is null;

Table created.

Elapsed: 00:00:00.05
02:33:51 SQL> 
02:33:51 SQL> --393
02:33:51 SQL> select count(*) from MCHOUBEY.PSP_FSET_FILING_DETAIL_TEMP_PSP_25432;

  COUNT(*)
----------
       393

1 row selected.

Elapsed: 00:00:00.01
02:33:51 SQL> 
02:33:51 SQL> --PSP_QBDT_TRANSACTION_INFO
02:33:51 SQL> create table MCHOUBEY.PSP_QBDT_TRANSACTION_INFO_TEMP_PSP_25432 as
02:33:51   2  select * from PSPADM.PSP_QBDT_TRANSACTION_INFO where COMPANY_FK is null;

Table created.

Elapsed: 00:00:00.03
02:33:51 SQL> 
02:33:51 SQL> --56
02:33:51 SQL> select count(*) from MCHOUBEY.PSP_QBDT_TRANSACTION_INFO_TEMP_PSP_25432;

  COUNT(*)
----------
	56

1 row selected.

Elapsed: 00:00:00.00
02:33:51 SQL> 
02:33:51 SQL> --PSP_QBDT_PAYLINE_INFO
02:33:51 SQL> create table MCHOUBEY.PSP_QBDT_PAYLINE_INFO_TEMP_PSP_25432 as
02:33:51   2  select * from PSPADM.PSP_QBDT_PAYLINE_INFO where COMPANY_FK is null;

Table created.

Elapsed: 00:00:00.12
02:33:51 SQL> 
02:33:51 SQL> --2571
02:33:51 SQL> select count(*) from MCHOUBEY.PSP_QBDT_PAYLINE_INFO_TEMP_PSP_25432;

  COUNT(*)
----------
      2571

1 row selected.

Elapsed: 00:00:00.01
02:33:51 SQL> 
02:33:51 SQL> --PSP_FINANCIAL_TRANS_STATE
02:33:51 SQL> create table MCHOUBEY.PSP_FINANCIAL_TRANS_STATE_TEMP_PSP_25432 as
02:33:51   2  select * from PSPADM.PSP_FINANCIAL_TRANS_STATE where COMPANY_FK is null and FINANCIAL_TRANS_STATE_SEQ in
02:33:51   3  										  ('2189a934-6dc4-40b0-ab25-e87ce687f50d', '2f70152e-3965-4e0a-bb77-8d0a87973fd8',
02:33:51   4  										   '94fe50c4-061c-4b2b-93c1-d63291077764', '4dbf97a9-4f3d-4277-aa3b-4871af36a1a8',
02:33:51   5  										   '292f50d6-640d-4bfd-9a7a-fc5bb2719cca', '6baa75f1-829e-49b4-a192-7cc3b1969908',
02:33:51   6  										   '15854ecb-f5c4-449e-95bf-5601ccb61673', 'da16020c-31f7-45fe-aea9-523f1759da34',
02:33:51   7  										   '2429a704-2303-49c1-a23b-9e0a830e7cc4', 'f284c84a-f185-4cd9-a8e0-3f380d19b191',
02:33:51   8  										   '55d9aec1-e51b-4de7-bc37-da9461b2f7da', 'a08ef178-9188-4e77-ab7c-8a7d2bd989bc',
02:33:51   9  										   '5d79ceb6-c84f-421e-b48c-b12482b07568', '88a2244c-11e2-4f02-a353-7facb94cf87f',
02:33:51  10  										   '1226c1ba-eda2-4dc3-89c5-168076890dda', '479e5d20-6b70-4734-9c32-8b698b0c7196',
02:33:51  11  										   '8eb40271-f2f0-46d9-9227-57e3f051e18d', 'b7124155-9325-4f03-851d-2ce3f24cca78');

Table created.

Elapsed: 00:00:00.04
02:33:51 SQL> 
02:33:51 SQL> --18
02:33:51 SQL> select count(*) from MCHOUBEY.PSP_FINANCIAL_TRANS_STATE_TEMP_PSP_25432;

  COUNT(*)
----------
	18

1 row selected.

Elapsed: 00:00:00.00
02:33:51 SQL> 
02:33:51 SQL> --PSP_TAX_PAYMENT_ON_HOLD_REASON
02:33:51 SQL> create table MCHOUBEY.PSP_TAX_PAYMENT_ON_HOLD_REASON_TEMP_PSP_25432 as
02:33:51   2  select * from PSPADM.PSP_TAX_PAYMENT_ON_HOLD_REASON where COMPANY_FK is null;

Table created.

Elapsed: 00:00:00.06
02:33:51 SQL> 
02:33:51 SQL> --859
02:33:51 SQL> select count(*) from MCHOUBEY.PSP_TAX_PAYMENT_ON_HOLD_REASON_TEMP_PSP_25432;

  COUNT(*)
----------
       859

1 row selected.

Elapsed: 00:00:00.01
02:33:51 SQL> 
02:33:51 SQL> --PSP_TRANSACTION_OFFLOAD_BATCH
02:33:51 SQL> create table MCHOUBEY.PSP_TRANSACTION_OFFLOAD_BATCH_TEMP_PSP_25432 as
02:33:51   2  select * from PSPADM.PSP_TRANSACTION_OFFLOAD_BATCH where COMPANY_FK is null;

Table created.

Elapsed: 00:00:01.16
02:33:52 SQL> 
02:33:52 SQL> --501125
02:33:52 SQL> select count(*) from MCHOUBEY.PSP_TRANSACTION_OFFLOAD_BATCH_TEMP_PSP_25432;

  COUNT(*)
----------
    501125

1 row selected.

Elapsed: 00:00:00.19
02:33:52 SQL> 
02:33:52 SQL> spool off
02:33:52 SQL> 
02:33:52 SQL> Disconnected from Oracle Database 19c Enterprise Edition Release 19.0.0.0.0 - Production

Export: Release 12.1.0.2.0 - Production on Fri Mar 31 02:10:05 2023

Copyright (c) 1982, 2014, Oracle and/or its affiliates.  All rights reserved.

Connected to: Oracle Database 19c Enterprise Edition Release 19.0.0.0.0 - Production
FLASHBACK automatically enabled to preserve database integrity.
Starting "INTUADMIN"."SYS_EXPORT_SCHEMA_01":  userid=intuadmin/********@pithash1 directory=DATA_PUMP_DIR dumpfile=exp_pspadm_metadata.dmp SCHEMAS=PSPADM content=METADATA_ONLY logfile=DATA_PUMP_DIR:exp_pspadm_metadata.log 
Processing object type SCHEMA_EXPORT/PACKAGE/PACKAGE_BODY
Processing object type SCHEMA_EXPORT/TABLE/INDEX/STATISTICS/INDEX_STATISTICS
Processing object type SCHEMA_EXPORT/TABLE/INDEX/STATISTICS/FUNCTIONAL_INDEX/INDEX_STATISTICS
Processing object type SCHEMA_EXPORT/TABLE/STATISTICS/TABLE_STATISTICS
Processing object type SCHEMA_EXPORT/STATISTICS/MARKER
Processing object type SCHEMA_EXPORT/USER
Processing object type SCHEMA_EXPORT/SYSTEM_GRANT
Processing object type SCHEMA_EXPORT/ROLE_GRANT
Processing object type SCHEMA_EXPORT/DEFAULT_ROLE
Processing object type SCHEMA_EXPORT/PASSWORD_HISTORY
Processing object type SCHEMA_EXPORT/PRE_SCHEMA/PROCACT_SCHEMA
Processing object type SCHEMA_EXPORT/DB_LINK
Processing object type SCHEMA_EXPORT/SYNONYM/SYNONYM
Processing object type SCHEMA_EXPORT/SEQUENCE/SEQUENCE
Processing object type SCHEMA_EXPORT/SEQUENCE/GRANT/OWNER_GRANT/OBJECT_GRANT
Processing object type SCHEMA_EXPORT/TABLE/PROCACT_INSTANCE
Processing object type SCHEMA_EXPORT/TABLE/TABLE
Processing object type SCHEMA_EXPORT/TABLE/GRANT/OWNER_GRANT/OBJECT_GRANT
Processing object type SCHEMA_EXPORT/TABLE/COMMENT
Processing object type SCHEMA_EXPORT/PACKAGE/PACKAGE_SPEC
Processing object type SCHEMA_EXPORT/PACKAGE/GRANT/OWNER_GRANT/OBJECT_GRANT
Processing object type SCHEMA_EXPORT/FUNCTION/FUNCTION
Processing object type SCHEMA_EXPORT/FUNCTION/GRANT/OWNER_GRANT/OBJECT_GRANT
Processing object type SCHEMA_EXPORT/PROCEDURE/PROCEDURE
Processing object type SCHEMA_EXPORT/PROCEDURE/GRANT/OWNER_GRANT/OBJECT_GRANT
Processing object type SCHEMA_EXPORT/PACKAGE/COMPILE_PACKAGE/PACKAGE_SPEC/ALTER_PACKAGE_SPEC
Processing object type SCHEMA_EXPORT/FUNCTION/ALTER_FUNCTION
Processing object type SCHEMA_EXPORT/PROCEDURE/ALTER_PROCEDURE
Processing object type SCHEMA_EXPORT/VIEW/VIEW
Processing object type SCHEMA_EXPORT/VIEW/GRANT/OWNER_GRANT/OBJECT_GRANT
Processing object type SCHEMA_EXPORT/TABLE/INDEX/INDEX
Processing object type SCHEMA_EXPORT/TABLE/INDEX/FUNCTIONAL_INDEX/INDEX
Processing object type SCHEMA_EXPORT/TABLE/CONSTRAINT/CONSTRAINT
Processing object type SCHEMA_EXPORT/TABLE/CONSTRAINT/REF_CONSTRAINT
Processing object type SCHEMA_EXPORT/TABLE/TRIGGER
Master table "INTUADMIN"."SYS_EXPORT_SCHEMA_01" successfully loaded/unloaded
******************************************************************************
Dump file set for INTUADMIN.SYS_EXPORT_SCHEMA_01 is:
  /rdsdbdata/datapump/exp_pspadm_metadata.dmp
Job "INTUADMIN"."SYS_EXPORT_SCHEMA_01" successfully completed at Fri Mar 31 02:14:15 2023 elapsed 0 00:04:07

