20:52:12 SQL> select /*+ FULL(FINANCIAL_TXN_MG12022) parallel(FINANCIAL_TXN_MG12022 ,4) */count(*) from pspadm.PSP_FINANCIAL_TRANSACTION partition (FINANCIAL_TXN_MG12022)FINANCIAL_TXN_MG12022 ;

  COUNT(*)                                                                      
----------                                                                      
  24957612                                                                      

1 row selected.

Elapsed: 00:00:38.08
20:52:50 SQL> select /*+ FULL(FINANCIAL_TXN_MG22022) parallel(FINANCIAL_TXN_MG22022 ,4) */count(*) from pspadm.PSP_FINANCIAL_TRANSACTION partition (FINANCIAL_TXN_MG22022)FINANCIAL_TXN_MG22022 ;

  COUNT(*)                                                                      
----------                                                                      
  27954245                                                                      

1 row selected.

Elapsed: 00:00:34.86
20:53:25 SQL> select /*+ FULL(FINANCIAL_TXN_MG32022) parallel(FINANCIAL_TXN_MG32022 ,4) */count(*) from pspadm.PSP_FINANCIAL_TRANSACTION partition (FINANCIAL_TXN_MG32022)FINANCIAL_TXN_MG32022 ;

  COUNT(*)                                                                      
----------                                                                      
  27219432                                                                      

1 row selected.

Elapsed: 00:01:30.28
20:54:56 SQL> select /*+ FULL(FINANCIAL_TXN_MG42022) parallel(FINANCIAL_TXN_MG42022 ,4) */count(*) from pspadm.PSP_FINANCIAL_TRANSACTION partition (FINANCIAL_TXN_MG42022)FINANCIAL_TXN_MG42022 ;

  COUNT(*)                                                                      
----------                                                                      
  28434042                                                                      

1 row selected.

Elapsed: 00:02:03.78
20:56:59 SQL> select /*+ FULL(FINANCIAL_TXN_MG52022) parallel(FINANCIAL_TXN_MG52022 ,4) */count(*) from pspadm.PSP_FINANCIAL_TRANSACTION partition (FINANCIAL_TXN_MG52022)FINANCIAL_TXN_MG52022 ;

  COUNT(*)                                                                      
----------                                                                      
  28149721                                                                      

1 row selected.

Elapsed: 00:02:30.97
20:59:30 SQL> select /*+ FULL(FINANCIAL_TXN_MG62022) parallel(FINANCIAL_TXN_MG62022 ,4) */count(*) from pspadm.PSP_FINANCIAL_TRANSACTION partition (FINANCIAL_TXN_MG62022)FINANCIAL_TXN_MG62022 ;

  COUNT(*)                                                                      
----------                                                                      
  22379835                                                                      

1 row selected.

Elapsed: 00:00:29.64
21:00:00 SQL> select /*+ FULL(FINANCIAL_TXN_MG12020) parallel(FINANCIAL_TXN_MG12020 ,4) */count(*) from pspadm.PSP_FINANCIAL_TRANSACTION partition (FINANCIAL_TXN_MG12020)FINANCIAL_TXN_MG12020 ;

  COUNT(*)                                                                      
----------                                                                      
  25510088                                                                      

1 row selected.

Elapsed: 00:00:07.14
21:00:07 SQL> select /*+ FULL(FINANCIAL_TXN_MG22020) parallel(FINANCIAL_TXN_MG22020 ,4) */count(*) from pspadm.PSP_FINANCIAL_TRANSACTION partition (FINANCIAL_TXN_MG22020)FINANCIAL_TXN_MG22020 ;

  COUNT(*)                                                                      
----------                                                                      
  23993789                                                                      

1 row selected.

Elapsed: 00:00:07.49
21:00:15 SQL> select /*+ FULL(FINANCIAL_TXN_MG32020) parallel(FINANCIAL_TXN_MG32020 ,4) */count(*) from pspadm.PSP_FINANCIAL_TRANSACTION partition (FINANCIAL_TXN_MG32020)FINANCIAL_TXN_MG32020 ;

  COUNT(*)                                                                      
----------                                                                      
  23595119                                                                      

1 row selected.

Elapsed: 00:00:06.73
21:00:21 SQL> select /*+ FULL(FINANCIAL_TXN_MG42020) parallel(FINANCIAL_TXN_MG42020 ,4) */count(*) from pspadm.PSP_FINANCIAL_TRANSACTION partition (FINANCIAL_TXN_MG42020)FINANCIAL_TXN_MG42020 ;

  COUNT(*)                                                                      
----------                                                                      
  26113141                                                                      

1 row selected.

Elapsed: 00:00:11.19
21:00:33 SQL> select /*+ FULL(FINANCIAL_TXN_MG52020) parallel(FINANCIAL_TXN_MG52020 ,4) */count(*) from pspadm.PSP_FINANCIAL_TRANSACTION partition (FINANCIAL_TXN_MG52020)FINANCIAL_TXN_MG52020 ;

  COUNT(*)                                                                      
----------                                                                      
  26031397                                                                      

1 row selected.

Elapsed: 00:00:08.38
21:00:41 SQL> select /*+ FULL(FINANCIAL_TXN_MG62020) parallel(FINANCIAL_TXN_MG62020 ,4) */count(*) from pspadm.PSP_FINANCIAL_TRANSACTION partition (FINANCIAL_TXN_MG62020)FINANCIAL_TXN_MG62020 ;

  COUNT(*)                                                                      
----------                                                                      
  26224476                                                                      

1 row selected.

Elapsed: 00:00:14.44
21:00:55 SQL> select /*+ FULL(FINANCIAL_TXN_MG12021) parallel(FINANCIAL_TXN_MG12021 ,4) */count(*) from pspadm.PSP_FINANCIAL_TRANSACTION partition (FINANCIAL_TXN_MG12021)FINANCIAL_TXN_MG12021 ;

  COUNT(*)                                                                      
----------                                                                      
  23697211                                                                      

1 row selected.

Elapsed: 00:00:11.86
21:01:07 SQL> select /*+ FULL(FINANCIAL_TXN_MG22021) parallel(FINANCIAL_TXN_MG22021 ,4) */count(*) from pspadm.PSP_FINANCIAL_TRANSACTION partition (FINANCIAL_TXN_MG22021)FINANCIAL_TXN_MG22021 ;

  COUNT(*)                                                                      
----------                                                                      
  27491051                                                                      

1 row selected.

Elapsed: 00:00:15.92
21:01:23 SQL> select /*+ FULL(FINANCIAL_TXN_MG32021) parallel(FINANCIAL_TXN_MG32021 ,4) */count(*) from pspadm.PSP_FINANCIAL_TRANSACTION partition (FINANCIAL_TXN_MG32021)FINANCIAL_TXN_MG32021 ;

  COUNT(*)                                                                      
----------                                                                      
  25182343                                                                      

1 row selected.

Elapsed: 00:00:15.54
21:01:39 SQL> select /*+ FULL(FINANCIAL_TXN_MG42021) parallel(FINANCIAL_TXN_MG42021 ,4) */count(*) from pspadm.PSP_FINANCIAL_TRANSACTION partition (FINANCIAL_TXN_MG42021)FINANCIAL_TXN_MG42021 ;

  COUNT(*)                                                                      
----------                                                                      
  27918956                                                                      

1 row selected.

Elapsed: 00:00:15.77
21:01:54 SQL> select /*+ FULL(FINANCIAL_TXN_MG52021) parallel(FINANCIAL_TXN_MG52021 ,4) */count(*) from pspadm.PSP_FINANCIAL_TRANSACTION partition (FINANCIAL_TXN_MG52021)FINANCIAL_TXN_MG52021 ;

  COUNT(*)                                                                      
----------                                                                      
  27600588                                                                      

1 row selected.

Elapsed: 00:00:15.33
21:02:10 SQL> select /*+ FULL(FINANCIAL_TXN_MG62021) parallel(FINANCIAL_TXN_MG62021 ,4) */count(*) from pspadm.PSP_FINANCIAL_TRANSACTION partition (FINANCIAL_TXN_MG62021)FINANCIAL_TXN_MG62021 ;

  COUNT(*)                                                                      
----------                                                                      
  28360098                                                                      

1 row selected.

Elapsed: 00:00:28.52
21:02:38 SQL> select /*+ FULL(FINANCIAL_TXN_9999) parallel(FINANCIAL_TXN_9999 ,4) */count(*) from pspadm.PSP_FINANCIAL_TRANSACTION partition (FINANCIAL_TXN_9999)FINANCIAL_TXN_9999 ;

  COUNT(*)                                                                      
----------                                                                      
       191                                                                      

1 row selected.

Elapsed: 00:00:00.01
21:02:38 SQL> spool off
