21:30:45 SQL> select /*+ FULL(PAYCHECK_BA12022) parallel(PAYCHECK_BA12022 ,4) */count(*) from pspadm.PSP_PAYCHECK partition (PAYCHECK_BA12022)PAYCHECK_BA12022 ;

  COUNT(*)                                                                      
----------                                                                      
  97456320                                                                      

1 row selected.

Elapsed: 00:01:12.26
21:31:58 SQL> select /*+ FULL(PAYCHECK_BA22022) parallel(PAYCHECK_BA22022 ,4) */count(*) from pspadm.PSP_PAYCHECK partition (PAYCHECK_BA22022)PAYCHECK_BA22022 ;

  COUNT(*)                                                                      
----------                                                                      
  92241869                                                                      

1 row selected.

Elapsed: 00:01:50.96
21:33:49 SQL> select /*+ FULL(PAYCHECK_BA12020) parallel(PAYCHECK_BA12020 ,4) */count(*) from pspadm.PSP_PAYCHECK partition (PAYCHECK_BA12020)PAYCHECK_BA12020 ;

  COUNT(*)                                                                      
----------                                                                      
  84778485                                                                      

1 row selected.

Elapsed: 00:00:23.89
21:34:13 SQL> select /*+ FULL(PAYCHECK_BA22020) parallel(PAYCHECK_BA22020 ,4) */count(*) from pspadm.PSP_PAYCHECK partition (PAYCHECK_BA22020)PAYCHECK_BA22020 ;

  COUNT(*)                                                                      
----------                                                                      
  90434105                                                                      

1 row selected.

Elapsed: 00:00:20.24
21:34:33 SQL> select /*+ FULL(PAYCHECK_BA12021) parallel(PAYCHECK_BA12021 ,4) */count(*) from pspadm.PSP_PAYCHECK partition (PAYCHECK_BA12021)PAYCHECK_BA12021 ;

  COUNT(*)                                                                      
----------                                                                      
  88756460                                                                      

1 row selected.

Elapsed: 00:00:20.16
21:34:53 SQL> select /*+ FULL(PAYCHECK_BA22021) parallel(PAYCHECK_BA22021 ,4) */count(*) from pspadm.PSP_PAYCHECK partition (PAYCHECK_BA22021)PAYCHECK_BA22021 ;

  COUNT(*)                                                                      
----------                                                                      
  99021111                                                                      

1 row selected.

Elapsed: 00:00:32.47
21:35:25 SQL> select /*+ FULL(PAYCHECK_9999) parallel(PAYCHECK_9999 ,4) */count(*) from pspadm.PSP_PAYCHECK partition (PAYCHECK_9999)PAYCHECK_9999 ;

  COUNT(*)                                                                      
----------                                                                      
         0                                                                      

1 row selected.

Elapsed: 00:00:00.00
21:35:25 SQL> spool off
