06:43:47 SQL> select /*+ index_ffs(PSP_DEDUCTION SYS_C0020484) parallel_index(PSP_DEDUCTION SYS_C0020484)*/ count(*) from pspadm.PSP_DEDUCTION PSP_DEDUCTION;

  COUNT(*)                                                                      
----------                                                                      
 769695946                                                                      

1 row selected.

Elapsed: 00:00:26.51
06:44:14 SQL> select /*+ index_ffs(PSP_DELETED_RECORD SYS_C0020672) parallel_index(PSP_DELETED_RECORD SYS_C0020672)*/ count(*) from pspadm.PSP_DELETED_RECORD PSP_DELETED_RECORD;

  COUNT(*)                                                                      
----------                                                                      
  26826443                                                                      

1 row selected.

Elapsed: 00:00:32.35
06:44:46 SQL> select /*+ index_ffs(PSP_DEPOSIT_FREQUENCY SYS_C0020605) parallel_index(PSP_DEPOSIT_FREQUENCY SYS_C0020605)*/ count(*) from pspadm.PSP_DEPOSIT_FREQUENCY PSP_DEPOSIT_FREQUENCY;

  COUNT(*)                                                                      
----------                                                                      
        19                                                                      

1 row selected.

Elapsed: 00:00:00.15
06:44:46 SQL> select /*+ index_ffs(PSP_DEPOSIT_FREQUENCY_FILE SYS_C0020684) parallel_index(PSP_DEPOSIT_FREQUENCY_FILE SYS_C0020684)*/ count(*) from pspadm.PSP_DEPOSIT_FREQUENCY_FILE PSP_DEPOSIT_FREQUENCY_FILE;

  COUNT(*)                                                                      
----------                                                                      
        15                                                                      

1 row selected.

Elapsed: 00:00:00.00
06:44:46 SQL> select /*+ index_ffs(PSP_DEPOSIT_FREQUENCY_FILE_REC PSP_DEPOSITFREQUENCYFILERE_FK1) parallel_index(PSP_DEPOSIT_FREQUENCY_FILE_REC PSP_DEPOSITFREQUENCYFILERE_FK1)*/ count(*) from pspadm.PSP_DEPOSIT_FREQUENCY_FILE_REC PSP_DEPOSIT_FREQUENCY_FILE_REC;

  COUNT(*)                                                                      
----------                                                                      
         0                                                                      

1 row selected.

Elapsed: 00:00:00.00
06:44:46 SQL> select /*+ index_ffs(PSP_DEPOSIT_FREQUENCY_FILE_REC PSP_DEPOSIT_FREQUENCY_FILE_FK1) parallel_index(PSP_DEPOSIT_FREQUENCY_FILE_REC PSP_DEPOSIT_FREQUENCY_FILE_FK1)*/ count(*) from pspadm.PSP_DEPOSIT_FREQUENCY_FILE_REC PSP_DEPOSIT_FREQUENCY_FILE_REC;

  COUNT(*)                                                                      
----------                                                                      
         0                                                                      

1 row selected.

Elapsed: 00:00:00.01
06:44:46 SQL> select /*+ index_ffs(PSP_DEPOSIT_FREQUENCY_FILE_REC SYS_C0020685) parallel_index(PSP_DEPOSIT_FREQUENCY_FILE_REC SYS_C0020685)*/ count(*) from pspadm.PSP_DEPOSIT_FREQUENCY_FILE_REC PSP_DEPOSIT_FREQUENCY_FILE_REC;

  COUNT(*)                                                                      
----------                                                                      
         0                                                                      

1 row selected.

Elapsed: 00:00:00.00
06:44:46 SQL> select /*+ index_ffs(PSP_DEPOSIT_FREQUENCY_REQ SYS_C0020660) parallel_index(PSP_DEPOSIT_FREQUENCY_REQ SYS_C0020660)*/ count(*) from pspadm.PSP_DEPOSIT_FREQUENCY_REQ PSP_DEPOSIT_FREQUENCY_REQ;

  COUNT(*)                                                                      
----------                                                                      
         5                                                                      

1 row selected.

Elapsed: 00:00:00.00
06:44:46 SQL> select /*+ index_ffs(PSP_DEP_FREQ_LEDGER_OPERATION SYS_C0020731) parallel_index(PSP_DEP_FREQ_LEDGER_OPERATION SYS_C0020731)*/ count(*) from pspadm.PSP_DEP_FREQ_LEDGER_OPERATION PSP_DEP_FREQ_LEDGER_OPERATION;

  COUNT(*)                                                                      
----------                                                                      
      1160                                                                      

1 row selected.

Elapsed: 00:00:00.01
06:44:46 SQL> select /*+ index_ffs(PSP_DICRFILE PSP_DICRFILE_FK1) parallel_index(PSP_DICRFILE PSP_DICRFILE_FK1)*/ count(*) from pspadm.PSP_DICRFILE PSP_DICRFILE;

  COUNT(*)                                                                      
----------                                                                      
     10369                                                                      

1 row selected.

Elapsed: 00:00:00.02
06:44:46 SQL> select /*+ index_ffs(PSP_DICRFILE SYS_C0020463) parallel_index(PSP_DICRFILE SYS_C0020463)*/ count(*) from pspadm.PSP_DICRFILE PSP_DICRFILE;

  COUNT(*)                                                                      
----------                                                                      
     10369                                                                      

1 row selected.

Elapsed: 00:00:00.00
06:44:46 SQL> select /*+ index_ffs(PSP_DISBURSE_ADVICE PSP_DISBURSE_ADVICE_FK1) parallel_index(PSP_DISBURSE_ADVICE PSP_DISBURSE_ADVICE_FK1)*/ count(*) from pspadm.PSP_DISBURSE_ADVICE PSP_DISBURSE_ADVICE;

  COUNT(*)                                                                      
----------                                                                      
  42623822                                                                      

1 row selected.

Elapsed: 00:00:49.50
06:45:36 SQL> select /*+ index_ffs(PSP_DISBURSE_ADVICE SYS_C0020707) parallel_index(PSP_DISBURSE_ADVICE SYS_C0020707)*/ count(*) from pspadm.PSP_DISBURSE_ADVICE PSP_DISBURSE_ADVICE;

  COUNT(*)                                                                      
----------                                                                      
  42623822                                                                      

1 row selected.

Elapsed: 00:00:01.28
06:45:37 SQL> select /*+ index_ffs(PSP_DISBURSE_ADVICE_TAX_LIAB PSP_DISBURSE_ADVICE_TAX_LI_FK1) parallel_index(PSP_DISBURSE_ADVICE_TAX_LIAB PSP_DISBURSE_ADVICE_TAX_LI_FK1)*/ count(*) from pspadm.PSP_DISBURSE_ADVICE_TAX_LIAB PSP_DISBURSE_ADVICE_TAX_LIAB;

  COUNT(*)                                                                      
----------                                                                      
 718845321                                                                      

1 row selected.

Elapsed: 00:16:39.58
07:02:17 SQL> select /*+ index_ffs(PSP_DISBURSE_ADVICE_TAX_LIAB PSP_DISBURSE_ADVICE_TAX_LI_FK2) parallel_index(PSP_DISBURSE_ADVICE_TAX_LIAB PSP_DISBURSE_ADVICE_TAX_LI_FK2)*/ count(*) from pspadm.PSP_DISBURSE_ADVICE_TAX_LIAB PSP_DISBURSE_ADVICE_TAX_LIAB;

  COUNT(*)                                                                      
----------                                                                      
 718845321                                                                      

1 row selected.

Elapsed: 00:00:58.45
07:03:15 SQL> select /*+ index_ffs(PSP_DISBURSE_ADVICE_TAX_LIAB PSP_DISBURSE_ADVICE_TAX_LI_FK3) parallel_index(PSP_DISBURSE_ADVICE_TAX_LIAB PSP_DISBURSE_ADVICE_TAX_LI_FK3)*/ count(*) from pspadm.PSP_DISBURSE_ADVICE_TAX_LIAB PSP_DISBURSE_ADVICE_TAX_LIAB;

  COUNT(*)                                                                      
----------                                                                      
 718845321                                                                      

1 row selected.

Elapsed: 00:00:28.53
07:03:43 SQL> select /*+ index_ffs(PSP_DISBURSE_ADVICE_TAX_LIAB SYS_C0020708) parallel_index(PSP_DISBURSE_ADVICE_TAX_LIAB SYS_C0020708)*/ count(*) from pspadm.PSP_DISBURSE_ADVICE_TAX_LIAB PSP_DISBURSE_ADVICE_TAX_LIAB;

  COUNT(*)                                                                      
----------                                                                      
 718845321                                                                      

1 row selected.

Elapsed: 00:02:54.97
07:06:38 SQL> select /*+ index_ffs(PSP_EDI_PAYMENT_DETAIL PSP_EDI_PAYMENT_DETAIL_FK1) parallel_index(PSP_EDI_PAYMENT_DETAIL PSP_EDI_PAYMENT_DETAIL_FK1)*/ count(*) from pspadm.PSP_EDI_PAYMENT_DETAIL PSP_EDI_PAYMENT_DETAIL;

  COUNT(*)                                                                      
----------                                                                      
      4632                                                                      

1 row selected.

Elapsed: 00:00:00.01
07:06:38 SQL> select /*+ index_ffs(PSP_EDI_PAYMENT_DETAIL PSP_EDI_PAYMENT_DETAIL_FK2) parallel_index(PSP_EDI_PAYMENT_DETAIL PSP_EDI_PAYMENT_DETAIL_FK2)*/ count(*) from pspadm.PSP_EDI_PAYMENT_DETAIL PSP_EDI_PAYMENT_DETAIL;

  COUNT(*)                                                                      
----------                                                                      
      4632                                                                      

1 row selected.

Elapsed: 00:00:00.00
07:06:38 SQL> select /*+ index_ffs(PSP_EDI_PAYMENT_DETAIL PSP_EDI_PAYMENT_DETAIL_FK3) parallel_index(PSP_EDI_PAYMENT_DETAIL PSP_EDI_PAYMENT_DETAIL_FK3)*/ count(*) from pspadm.PSP_EDI_PAYMENT_DETAIL PSP_EDI_PAYMENT_DETAIL;

  COUNT(*)                                                                      
----------                                                                      
      4632                                                                      

1 row selected.

Elapsed: 00:00:00.00
07:06:38 SQL> select /*+ index_ffs(PSP_EDI_PAYMENT_DETAIL SYS_C0020671) parallel_index(PSP_EDI_PAYMENT_DETAIL SYS_C0020671)*/ count(*) from pspadm.PSP_EDI_PAYMENT_DETAIL PSP_EDI_PAYMENT_DETAIL;

  COUNT(*)                                                                      
----------                                                                      
      4632                                                                      

1 row selected.

Elapsed: 00:00:00.01
07:06:38 SQL> select /*+ index_ffs(PSP_EDI_TAX_FILE SYS_C0020666) parallel_index(PSP_EDI_TAX_FILE SYS_C0020666)*/ count(*) from pspadm.PSP_EDI_TAX_FILE PSP_EDI_TAX_FILE;

  COUNT(*)                                                                      
----------                                                                      
    101275                                                                      

1 row selected.

Elapsed: 00:00:00.10
07:06:39 SQL> select /*+ index_ffs(PSP_EE_PAYROLLITEM_QTRTOTALS PSP_EMPLOYEE_PAYROLL_ITEM__FK1) parallel_index(PSP_EE_PAYROLLITEM_QTRTOTALS PSP_EMPLOYEE_PAYROLL_ITEM__FK1)*/ count(*) from pspadm.PSP_EE_PAYROLLITEM_QTRTOTALS PSP_EE_PAYROLLITEM_QTRTOTALS;

  COUNT(*)                                                                      
----------                                                                      
  20865746                                                                      

1 row selected.

Elapsed: 00:00:26.94
07:07:06 SQL> select /*+ index_ffs(PSP_EE_PAYROLLITEM_QTRTOTALS PSP_EMPLOYEE_PAYROLL_ITEM__FK2) parallel_index(PSP_EE_PAYROLLITEM_QTRTOTALS PSP_EMPLOYEE_PAYROLL_ITEM__FK2)*/ count(*) from pspadm.PSP_EE_PAYROLLITEM_QTRTOTALS PSP_EE_PAYROLLITEM_QTRTOTALS;

  COUNT(*)                                                                      
----------                                                                      
  20865746                                                                      

1 row selected.

Elapsed: 00:00:00.68
07:07:06 SQL> select /*+ index_ffs(PSP_EE_PAYROLLITEM_QTRTOTALS SYS_C0020695) parallel_index(PSP_EE_PAYROLLITEM_QTRTOTALS SYS_C0020695)*/ count(*) from pspadm.PSP_EE_PAYROLLITEM_QTRTOTALS PSP_EE_PAYROLLITEM_QTRTOTALS;

  COUNT(*)                                                                      
----------                                                                      
  20865746                                                                      

1 row selected.

Elapsed: 00:00:00.67
07:07:07 SQL> select /*+ index_ffs(PSP_EFFECTIVE_DEPOSIT_FREQ PSP_EFFECTIVE_DEPOSIT_FREQ_FK1) parallel_index(PSP_EFFECTIVE_DEPOSIT_FREQ PSP_EFFECTIVE_DEPOSIT_FREQ_FK1)*/ count(*) from pspadm.PSP_EFFECTIVE_DEPOSIT_FREQ PSP_EFFECTIVE_DEPOSIT_FREQ;

  COUNT(*)                                                                      
----------                                                                      
   3698083                                                                      

1 row selected.

Elapsed: 00:00:08.06
07:07:15 SQL> select /*+ index_ffs(PSP_EFFECTIVE_DEPOSIT_FREQ PSP_EFFECTIVE_DEPOSIT_FREQ_FK2) parallel_index(PSP_EFFECTIVE_DEPOSIT_FREQ PSP_EFFECTIVE_DEPOSIT_FREQ_FK2)*/ count(*) from pspadm.PSP_EFFECTIVE_DEPOSIT_FREQ PSP_EFFECTIVE_DEPOSIT_FREQ;

  COUNT(*)                                                                      
----------                                                                      
   3698083                                                                      

1 row selected.

Elapsed: 00:00:00.16
07:07:15 SQL> select /*+ index_ffs(PSP_EFFECTIVE_DEPOSIT_FREQ SYS_C0020485) parallel_index(PSP_EFFECTIVE_DEPOSIT_FREQ SYS_C0020485)*/ count(*) from pspadm.PSP_EFFECTIVE_DEPOSIT_FREQ PSP_EFFECTIVE_DEPOSIT_FREQ;

  COUNT(*)                                                                      
----------                                                                      
   3698083                                                                      

1 row selected.

Elapsed: 00:00:00.17
07:07:15 SQL> select /*+ index_ffs(PSP_EFTPS_ENROLLMENT PSP_EFTPS_ENROLLMENT_FK1) parallel_index(PSP_EFTPS_ENROLLMENT PSP_EFTPS_ENROLLMENT_FK1)*/ count(*) from pspadm.PSP_EFTPS_ENROLLMENT PSP_EFTPS_ENROLLMENT;

  COUNT(*)                                                                      
----------                                                                      
    142449                                                                      

1 row selected.

Elapsed: 00:00:00.24
07:07:16 SQL> select /*+ index_ffs(PSP_EFTPS_ENROLLMENT SYS_C0020552) parallel_index(PSP_EFTPS_ENROLLMENT SYS_C0020552)*/ count(*) from pspadm.PSP_EFTPS_ENROLLMENT PSP_EFTPS_ENROLLMENT;

  COUNT(*)                                                                      
----------                                                                      
    142449                                                                      

1 row selected.

Elapsed: 00:00:00.01
07:07:16 SQL> select /*+ index_ffs(PSP_EFTPS_ENROLLMENT_DETAIL PSP_EFTPS_ENROLLMENT_DETAI_FK1) parallel_index(PSP_EFTPS_ENROLLMENT_DETAIL PSP_EFTPS_ENROLLMENT_DETAI_FK1)*/ count(*) from pspadm.PSP_EFTPS_ENROLLMENT_DETAIL PSP_EFTPS_ENROLLMENT_DETAIL;

  COUNT(*)                                                                      
----------                                                                      
    141916                                                                      

1 row selected.

Elapsed: 00:00:00.27
07:07:16 SQL> select /*+ index_ffs(PSP_EFTPS_ENROLLMENT_DETAIL PSP_EFTPS_ENROLLMENT_DETAI_FK2) parallel_index(PSP_EFTPS_ENROLLMENT_DETAIL PSP_EFTPS_ENROLLMENT_DETAI_FK2)*/ count(*) from pspadm.PSP_EFTPS_ENROLLMENT_DETAIL PSP_EFTPS_ENROLLMENT_DETAIL;

  COUNT(*)                                                                      
----------                                                                      
    141916                                                                      

1 row selected.

Elapsed: 00:00:00.01
07:07:16 SQL> select /*+ index_ffs(PSP_EFTPS_ENROLLMENT_DETAIL PSP_EFTPS_ENROLLMENT_DETAI_FK3) parallel_index(PSP_EFTPS_ENROLLMENT_DETAIL PSP_EFTPS_ENROLLMENT_DETAI_FK3)*/ count(*) from pspadm.PSP_EFTPS_ENROLLMENT_DETAIL PSP_EFTPS_ENROLLMENT_DETAIL;

  COUNT(*)                                                                      
----------                                                                      
    141916                                                                      

1 row selected.

Elapsed: 00:00:00.00
07:07:16 SQL> select /*+ index_ffs(PSP_EFTPS_ENROLLMENT_DETAIL SYS_C0020622) parallel_index(PSP_EFTPS_ENROLLMENT_DETAIL SYS_C0020622)*/ count(*) from pspadm.PSP_EFTPS_ENROLLMENT_DETAIL PSP_EFTPS_ENROLLMENT_DETAIL;

  COUNT(*)                                                                      
----------                                                                      
    141916                                                                      

1 row selected.

Elapsed: 00:00:00.01
07:07:16 SQL> select /*+ index_ffs(PSP_EFTPS_FILE PSP_EFTPS_FILE_FK1) parallel_index(PSP_EFTPS_FILE PSP_EFTPS_FILE_FK1)*/ count(*) from pspadm.PSP_EFTPS_FILE PSP_EFTPS_FILE;

  COUNT(*)                                                                      
----------                                                                      
    101153                                                                      

1 row selected.

Elapsed: 00:00:00.21
07:07:16 SQL> select /*+ index_ffs(PSP_EFTPS_FILE SYS_C0020621) parallel_index(PSP_EFTPS_FILE SYS_C0020621)*/ count(*) from pspadm.PSP_EFTPS_FILE PSP_EFTPS_FILE;

  COUNT(*)                                                                      
----------                                                                      
    101153                                                                      

1 row selected.

Elapsed: 00:00:00.00
07:07:16 SQL> select /*+ index_ffs(PSP_EFTPS_PAYMENT_DETAIL PSP_EFTPS_PAYMENT_DETAIL_FK1) parallel_index(PSP_EFTPS_PAYMENT_DETAIL PSP_EFTPS_PAYMENT_DETAIL_FK1)*/ count(*) from pspadm.PSP_EFTPS_PAYMENT_DETAIL PSP_EFTPS_PAYMENT_DETAIL;

  COUNT(*)                                                                      
----------                                                                      
  19207932                                                                      

1 row selected.

Elapsed: 00:00:41.91
07:07:58 SQL> select /*+ index_ffs(PSP_EFTPS_PAYMENT_DETAIL PSP_EFTPS_PAYMENT_DETAIL_FK2) parallel_index(PSP_EFTPS_PAYMENT_DETAIL PSP_EFTPS_PAYMENT_DETAIL_FK2)*/ count(*) from pspadm.PSP_EFTPS_PAYMENT_DETAIL PSP_EFTPS_PAYMENT_DETAIL;

  COUNT(*)                                                                      
----------                                                                      
  19207932                                                                      

1 row selected.

Elapsed: 00:00:00.84
07:07:59 SQL> select /*+ index_ffs(PSP_EFTPS_PAYMENT_DETAIL PSP_EFTPS_PAYMENT_DETAIL_FK3) parallel_index(PSP_EFTPS_PAYMENT_DETAIL PSP_EFTPS_PAYMENT_DETAIL_FK3)*/ count(*) from pspadm.PSP_EFTPS_PAYMENT_DETAIL PSP_EFTPS_PAYMENT_DETAIL;

  COUNT(*)                                                                      
----------                                                                      
  19207932                                                                      

1 row selected.

Elapsed: 00:00:00.81
07:08:00 SQL> select /*+ index_ffs(PSP_EFTPS_PAYMENT_DETAIL PSP_EFTPS_PAYMENT_DETAIL_FK4) parallel_index(PSP_EFTPS_PAYMENT_DETAIL PSP_EFTPS_PAYMENT_DETAIL_FK4)*/ count(*) from pspadm.PSP_EFTPS_PAYMENT_DETAIL PSP_EFTPS_PAYMENT_DETAIL;

  COUNT(*)                                                                      
----------                                                                      
  19207932                                                                      

1 row selected.

Elapsed: 00:00:00.81
07:08:00 SQL> select /*+ index_ffs(PSP_EFTPS_PAYMENT_DETAIL PSP_EFTPS_PAYMENT_DETAIL_I1) parallel_index(PSP_EFTPS_PAYMENT_DETAIL PSP_EFTPS_PAYMENT_DETAIL_I1)*/ count(*) from pspadm.PSP_EFTPS_PAYMENT_DETAIL PSP_EFTPS_PAYMENT_DETAIL;

  COUNT(*)                                                                      
----------                                                                      
  19207932                                                                      

1 row selected.

Elapsed: 00:00:00.82
07:08:01 SQL> select /*+ index_ffs(PSP_EFTPS_PAYMENT_DETAIL PSP_EFTPS_PAYMENT_DETAIL_I2) parallel_index(PSP_EFTPS_PAYMENT_DETAIL PSP_EFTPS_PAYMENT_DETAIL_I2)*/ count(*) from pspadm.PSP_EFTPS_PAYMENT_DETAIL PSP_EFTPS_PAYMENT_DETAIL;

  COUNT(*)                                                                      
----------                                                                      
  19207932                                                                      

1 row selected.

Elapsed: 00:00:00.81
07:08:02 SQL> select /*+ index_ffs(PSP_EFTPS_PAYMENT_DETAIL PSP_EFTPS_PAYMENT_DETAIL_I3) parallel_index(PSP_EFTPS_PAYMENT_DETAIL PSP_EFTPS_PAYMENT_DETAIL_I3)*/ count(*) from pspadm.PSP_EFTPS_PAYMENT_DETAIL PSP_EFTPS_PAYMENT_DETAIL;

  COUNT(*)                                                                      
----------                                                                      
  19207932                                                                      

1 row selected.

Elapsed: 00:00:00.81
07:08:03 SQL> select /*+ index_ffs(PSP_EFTPS_PAYMENT_DETAIL PSP_EFTPS_PAYMENT_DETAIL_I4) parallel_index(PSP_EFTPS_PAYMENT_DETAIL PSP_EFTPS_PAYMENT_DETAIL_I4)*/ count(*) from pspadm.PSP_EFTPS_PAYMENT_DETAIL PSP_EFTPS_PAYMENT_DETAIL;

  COUNT(*)                                                                      
----------                                                                      
  19207932                                                                      

1 row selected.

Elapsed: 00:00:00.81
07:08:04 SQL> select /*+ index_ffs(PSP_EFTPS_PAYMENT_DETAIL SYS_C0020623) parallel_index(PSP_EFTPS_PAYMENT_DETAIL SYS_C0020623)*/ count(*) from pspadm.PSP_EFTPS_PAYMENT_DETAIL PSP_EFTPS_PAYMENT_DETAIL;

  COUNT(*)                                                                      
----------                                                                      
  19207932                                                                      

1 row selected.

Elapsed: 00:00:00.82
07:08:04 SQL> select /*+ index_ffs(PSP_EMPLOYEE PSP_EMPLOYEE_FK2) parallel_index(PSP_EMPLOYEE PSP_EMPLOYEE_FK2)*/ count(*) from pspadm.PSP_EMPLOYEE PSP_EMPLOYEE;

  COUNT(*)                                                                      
----------                                                                      
  69535339                                                                      

1 row selected.

Elapsed: 00:02:40.08
07:10:45 SQL> select /*+ index_ffs(PSP_EMPLOYEE PSP_EMPLOYEE_TAXIDENC_I1) parallel_index(PSP_EMPLOYEE PSP_EMPLOYEE_TAXIDENC_I1)*/ count(*) from pspadm.PSP_EMPLOYEE PSP_EMPLOYEE;

  COUNT(*)                                                                      
----------                                                                      
  69535339                                                                      

1 row selected.

Elapsed: 00:00:03.02
07:10:48 SQL> select /*+ index_ffs(PSP_EMPLOYEE PSP_EMP_COMP_FK_SRC_EMP_ID) parallel_index(PSP_EMPLOYEE PSP_EMP_COMP_FK_SRC_EMP_ID)*/ count(*) from pspadm.PSP_EMPLOYEE PSP_EMPLOYEE;

  COUNT(*)                                                                      
----------                                                                      
  69535339                                                                      

1 row selected.

Elapsed: 00:00:02.97
07:10:51 SQL> select /*+ index_ffs(PSP_EMPLOYEE PSP_EMP_CONS_REALMID_IDX) parallel_index(PSP_EMPLOYEE PSP_EMP_CONS_REALMID_IDX)*/ count(*) from pspadm.PSP_EMPLOYEE PSP_EMPLOYEE;

  COUNT(*)                                                                      
----------                                                                      
  69535339                                                                      

1 row selected.

Elapsed: 00:00:02.98
07:10:54 SQL> select /*+ index_ffs(PSP_EMPLOYEE SYS_C0020486) parallel_index(PSP_EMPLOYEE SYS_C0020486)*/ count(*) from pspadm.PSP_EMPLOYEE PSP_EMPLOYEE;

  COUNT(*)                                                                      
----------                                                                      
  69535339                                                                      

1 row selected.

Elapsed: 00:00:02.98
07:10:56 SQL> select /*+ index_ffs(PSP_EMPLOYEE_ACCRUAL PSP_EMPLOYEE_ACCRUAL_FK1) parallel_index(PSP_EMPLOYEE_ACCRUAL PSP_EMPLOYEE_ACCRUAL_FK1)*/ count(*) from pspadm.PSP_EMPLOYEE_ACCRUAL PSP_EMPLOYEE_ACCRUAL;

  COUNT(*)                                                                      
----------                                                                      
  62874932                                                                      

1 row selected.

Elapsed: 00:03:20.88
07:14:17 SQL> select /*+ index_ffs(PSP_EMPLOYEE_ACCRUAL SYS_C0020610) parallel_index(PSP_EMPLOYEE_ACCRUAL SYS_C0020610)*/ count(*) from pspadm.PSP_EMPLOYEE_ACCRUAL PSP_EMPLOYEE_ACCRUAL;

  COUNT(*)                                                                      
----------                                                                      
  62874932                                                                      

1 row selected.

Elapsed: 00:00:02.91
07:14:20 SQL> select /*+ index_ffs(PSP_EMPLOYEE_BANK_ACCOUNT PSP_EMPLOYEE_BANK_ACCOUNT_FK1) parallel_index(PSP_EMPLOYEE_BANK_ACCOUNT PSP_EMPLOYEE_BANK_ACCOUNT_FK1)*/ count(*) from pspadm.PSP_EMPLOYEE_BANK_ACCOUNT PSP_EMPLOYEE_BANK_ACCOUNT;

  COUNT(*)                                                                      
----------                                                                      
  45438843                                                                      

1 row selected.

Elapsed: 00:02:42.01
07:17:02 SQL> select /*+ index_ffs(PSP_EMPLOYEE_BANK_ACCOUNT PSP_EMPLOYEE_BANK_ACCOUNT_FK2) parallel_index(PSP_EMPLOYEE_BANK_ACCOUNT PSP_EMPLOYEE_BANK_ACCOUNT_FK2)*/ count(*) from pspadm.PSP_EMPLOYEE_BANK_ACCOUNT PSP_EMPLOYEE_BANK_ACCOUNT;

  COUNT(*)                                                                      
----------                                                                      
  45438843                                                                      

1 row selected.

Elapsed: 00:00:01.99
07:17:04 SQL> select /*+ index_ffs(PSP_EMPLOYEE_BANK_ACCOUNT PSP_EMPLOYEE_BANK_ACCOUNT_I1) parallel_index(PSP_EMPLOYEE_BANK_ACCOUNT PSP_EMPLOYEE_BANK_ACCOUNT_I1)*/ count(*) from pspadm.PSP_EMPLOYEE_BANK_ACCOUNT PSP_EMPLOYEE_BANK_ACCOUNT;

  COUNT(*)                                                                      
----------                                                                      
  45438843                                                                      

1 row selected.

Elapsed: 00:00:01.91
07:17:06 SQL> select /*+ index_ffs(PSP_EMPLOYEE_BANK_ACCOUNT PSP_EMPLOYEE_BANK_ACCOUNT_U1) parallel_index(PSP_EMPLOYEE_BANK_ACCOUNT PSP_EMPLOYEE_BANK_ACCOUNT_U1)*/ count(*) from pspadm.PSP_EMPLOYEE_BANK_ACCOUNT PSP_EMPLOYEE_BANK_ACCOUNT;

  COUNT(*)                                                                      
----------                                                                      
  45438843                                                                      

1 row selected.

Elapsed: 00:00:01.90
07:17:08 SQL> select /*+ index_ffs(PSP_EMPLOYEE_BANK_ACCOUNT SYS_C0020487) parallel_index(PSP_EMPLOYEE_BANK_ACCOUNT SYS_C0020487)*/ count(*) from pspadm.PSP_EMPLOYEE_BANK_ACCOUNT PSP_EMPLOYEE_BANK_ACCOUNT;

  COUNT(*)                                                                      
----------                                                                      
  45438843                                                                      

1 row selected.

Elapsed: 00:00:01.91
07:17:10 SQL> select /*+ index_ffs(PSP_EMPLOYEE_CUSTOM_FIELD PSP_EMPLOYEE_CUSTOM_FIELD_FK1) parallel_index(PSP_EMPLOYEE_CUSTOM_FIELD PSP_EMPLOYEE_CUSTOM_FIELD_FK1)*/ count(*) from pspadm.PSP_EMPLOYEE_CUSTOM_FIELD PSP_EMPLOYEE_CUSTOM_FIELD;

  COUNT(*)                                                                      
----------                                                                      
  45493568                                                                      

1 row selected.

Elapsed: 00:02:07.21
07:19:17 SQL> select /*+ index_ffs(PSP_EMPLOYEE_CUSTOM_FIELD SYS_C0020609) parallel_index(PSP_EMPLOYEE_CUSTOM_FIELD SYS_C0020609)*/ count(*) from pspadm.PSP_EMPLOYEE_CUSTOM_FIELD PSP_EMPLOYEE_CUSTOM_FIELD;

  COUNT(*)                                                                      
----------                                                                      
  45493568                                                                      

1 row selected.

Elapsed: 00:00:02.21
07:19:19 SQL> select /*+ index_ffs(PSP_EMPLOYEE_LAW_QTR_TOTALS PSP_EMPLOYEE_LAW_QTR_TOTAL_FK1) parallel_index(PSP_EMPLOYEE_LAW_QTR_TOTALS PSP_EMPLOYEE_LAW_QTR_TOTAL_FK1)*/ count(*) from pspadm.PSP_EMPLOYEE_LAW_QTR_TOTALS PSP_EMPLOYEE_LAW_QTR_TOTALS;

  COUNT(*)                                                                      
----------                                                                      
 278617919                                                                      

1 row selected.

Elapsed: 00:10:52.44
07:30:12 SQL> select /*+ index_ffs(PSP_EMPLOYEE_LAW_QTR_TOTALS PSP_EMPLOYEE_LAW_QTR_TOTAL_FK2) parallel_index(PSP_EMPLOYEE_LAW_QTR_TOTALS PSP_EMPLOYEE_LAW_QTR_TOTAL_FK2)*/ count(*) from pspadm.PSP_EMPLOYEE_LAW_QTR_TOTALS PSP_EMPLOYEE_LAW_QTR_TOTALS;

  COUNT(*)                                                                      
----------                                                                      
 278617919                                                                      

1 row selected.

Elapsed: 00:00:43.24
07:30:55 SQL> select /*+ index_ffs(PSP_EMPLOYEE_LAW_QTR_TOTALS PSP_EMPLOYEE_LAW_QTR_TOTAL_FK3) parallel_index(PSP_EMPLOYEE_LAW_QTR_TOTALS PSP_EMPLOYEE_LAW_QTR_TOTAL_FK3)*/ count(*) from pspadm.PSP_EMPLOYEE_LAW_QTR_TOTALS PSP_EMPLOYEE_LAW_QTR_TOTALS;

  COUNT(*)                                                                      
----------                                                                      
 278617919                                                                      

1 row selected.

Elapsed: 00:00:12.75
07:31:08 SQL> select /*+ index_ffs(PSP_EMPLOYEE_LAW_QTR_TOTALS PSP_EMPLOYEE_LAW_QTR_TOTAL_FK6) parallel_index(PSP_EMPLOYEE_LAW_QTR_TOTALS PSP_EMPLOYEE_LAW_QTR_TOTAL_FK6)*/ count(*) from pspadm.PSP_EMPLOYEE_LAW_QTR_TOTALS PSP_EMPLOYEE_LAW_QTR_TOTALS;

  COUNT(*)                                                                      
----------                                                                      
 278617919                                                                      

1 row selected.

Elapsed: 00:00:11.73
07:31:20 SQL> select /*+ index_ffs(PSP_EMPLOYEE_LAW_QTR_TOTALS SYS_C0020694) parallel_index(PSP_EMPLOYEE_LAW_QTR_TOTALS SYS_C0020694)*/ count(*) from pspadm.PSP_EMPLOYEE_LAW_QTR_TOTALS PSP_EMPLOYEE_LAW_QTR_TOTALS;

  COUNT(*)                                                                      
----------                                                                      
 278617919                                                                      

1 row selected.

Elapsed: 00:00:11.75
07:31:31 SQL> select /*+ index_ffs(PSP_EMPLOYEE_PAYROLL_ITEM PSP_EMPLOYEE_PAYROLL_ITEM_FK1) parallel_index(PSP_EMPLOYEE_PAYROLL_ITEM PSP_EMPLOYEE_PAYROLL_ITEM_FK1)*/ count(*) from pspadm.PSP_EMPLOYEE_PAYROLL_ITEM PSP_EMPLOYEE_PAYROLL_ITEM;

  COUNT(*)                                                                      
----------                                                                      
  98795074                                                                      

1 row selected.

Elapsed: 00:02:53.66
07:34:25 SQL> select /*+ index_ffs(PSP_EMPLOYEE_PAYROLL_ITEM PSP_EMPLOYEE_PAYROLL_ITEM_FK2) parallel_index(PSP_EMPLOYEE_PAYROLL_ITEM PSP_EMPLOYEE_PAYROLL_ITEM_FK2)*/ count(*) from pspadm.PSP_EMPLOYEE_PAYROLL_ITEM PSP_EMPLOYEE_PAYROLL_ITEM;

  COUNT(*)                                                                      
----------                                                                      
  98795074                                                                      

1 row selected.

Elapsed: 00:00:04.68
07:34:30 SQL> select /*+ index_ffs(PSP_EMPLOYEE_PAYROLL_ITEM SYS_C0020608) parallel_index(PSP_EMPLOYEE_PAYROLL_ITEM SYS_C0020608)*/ count(*) from pspadm.PSP_EMPLOYEE_PAYROLL_ITEM PSP_EMPLOYEE_PAYROLL_ITEM;

  COUNT(*)                                                                      
----------                                                                      
  98795074                                                                      

1 row selected.

Elapsed: 00:00:04.57
07:34:34 SQL> select /*+ index_ffs(PSP_EMPLOYEE_TAX PSP_EMPLOYEE_TAX_FK1) parallel_index(PSP_EMPLOYEE_TAX PSP_EMPLOYEE_TAX_FK1)*/ count(*) from pspadm.PSP_EMPLOYEE_TAX PSP_EMPLOYEE_TAX;

  COUNT(*)                                                                      
----------                                                                      
 250971259                                                                      

1 row selected.

Elapsed: 00:07:55.65
07:42:30 SQL> select /*+ index_ffs(PSP_EMPLOYEE_TAX PSP_EMPLOYEE_TAX_FK2) parallel_index(PSP_EMPLOYEE_TAX PSP_EMPLOYEE_TAX_FK2)*/ count(*) from pspadm.PSP_EMPLOYEE_TAX PSP_EMPLOYEE_TAX;

  COUNT(*)                                                                      
----------                                                                      
 250971259                                                                      

1 row selected.

Elapsed: 00:01:21.16
07:43:51 SQL> select /*+ index_ffs(PSP_EMPLOYEE_TAX SYS_C0020613) parallel_index(PSP_EMPLOYEE_TAX SYS_C0020613)*/ count(*) from pspadm.PSP_EMPLOYEE_TAX PSP_EMPLOYEE_TAX;

  COUNT(*)                                                                      
----------                                                                      
 250971259                                                                      

1 row selected.

Elapsed: 00:00:12.64
07:44:04 SQL> select /*+ index_ffs(PSP_EMPLOYEE_USAGE PSP_EMPLOYEEUSAGE_FK1) parallel_index(PSP_EMPLOYEE_USAGE PSP_EMPLOYEEUSAGE_FK1)*/ count(*) from pspadm.PSP_EMPLOYEE_USAGE PSP_EMPLOYEE_USAGE;

  COUNT(*)                                                                      
----------                                                                      
 279340608                                                                      

1 row selected.

Elapsed: 00:08:57.21
07:53:01 SQL> select /*+ index_ffs(PSP_EMPLOYEE_USAGE PSP_EMPLOYEE_USAGE_U1) parallel_index(PSP_EMPLOYEE_USAGE PSP_EMPLOYEE_USAGE_U1)*/ count(*) from pspadm.PSP_EMPLOYEE_USAGE PSP_EMPLOYEE_USAGE;

  COUNT(*)                                                                      
----------                                                                      
 279340608                                                                      

1 row selected.

Elapsed: 00:04:09.93
07:57:11 SQL> select /*+ index_ffs(PSP_EMPLOYEE_USAGE SYS_C0020689) parallel_index(PSP_EMPLOYEE_USAGE SYS_C0020689)*/ count(*) from pspadm.PSP_EMPLOYEE_USAGE PSP_EMPLOYEE_USAGE;

  COUNT(*)                                                                      
----------                                                                      
 279340608                                                                      

1 row selected.

Elapsed: 00:00:12.67
07:57:23 SQL> select /*+ index_ffs(PSP_EMPLOYEE_W2_TOTALS PSP_EMPLOYEE_W2_TOTALS_FK1) parallel_index(PSP_EMPLOYEE_W2_TOTALS PSP_EMPLOYEE_W2_TOTALS_FK1)*/ count(*) from pspadm.PSP_EMPLOYEE_W2_TOTALS PSP_EMPLOYEE_W2_TOTALS;

  COUNT(*)                                                                      
----------                                                                      
 104074167                                                                      

1 row selected.

Elapsed: 00:01:34.58
07:58:58 SQL> select /*+ index_ffs(PSP_EMPLOYEE_W2_TOTALS PSP_EMPLOYEE_W2_TOTALS_FK2) parallel_index(PSP_EMPLOYEE_W2_TOTALS PSP_EMPLOYEE_W2_TOTALS_FK2)*/ count(*) from pspadm.PSP_EMPLOYEE_W2_TOTALS PSP_EMPLOYEE_W2_TOTALS;

  COUNT(*)                                                                      
----------                                                                      
 104074167                                                                      

1 row selected.

Elapsed: 00:00:03.19
07:59:01 SQL> select /*+ index_ffs(PSP_EMPLOYEE_W2_TOTALS PSP_EMPLOYEE_W2_TOTALS_FK3) parallel_index(PSP_EMPLOYEE_W2_TOTALS PSP_EMPLOYEE_W2_TOTALS_FK3)*/ count(*) from pspadm.PSP_EMPLOYEE_W2_TOTALS PSP_EMPLOYEE_W2_TOTALS;

  COUNT(*)                                                                      
----------                                                                      
 104074167                                                                      

1 row selected.

Elapsed: 00:00:03.18
07:59:04 SQL> select /*+ index_ffs(PSP_EMPLOYEE_W2_TOTALS PSP_EMPLOYEE_W2_TOTALS_FK4) parallel_index(PSP_EMPLOYEE_W2_TOTALS PSP_EMPLOYEE_W2_TOTALS_FK4)*/ count(*) from pspadm.PSP_EMPLOYEE_W2_TOTALS PSP_EMPLOYEE_W2_TOTALS;

  COUNT(*)                                                                      
----------                                                                      
 104074167                                                                      

1 row selected.

Elapsed: 00:00:03.17
07:59:08 SQL> select /*+ index_ffs(PSP_EMPLOYEE_W2_TOTALS SYS_C0020696) parallel_index(PSP_EMPLOYEE_W2_TOTALS SYS_C0020696)*/ count(*) from pspadm.PSP_EMPLOYEE_W2_TOTALS PSP_EMPLOYEE_W2_TOTALS;

  COUNT(*)                                                                      
----------                                                                      
 104074167                                                                      

1 row selected.

Elapsed: 00:00:03.17
07:59:11 SQL> select /*+ index_ffs(PSP_EMPLOYEE_WAGE_PLAN PSP_EMPLOYEE_WAGE_PLAN_FK1) parallel_index(PSP_EMPLOYEE_WAGE_PLAN PSP_EMPLOYEE_WAGE_PLAN_FK1)*/ count(*) from pspadm.PSP_EMPLOYEE_WAGE_PLAN PSP_EMPLOYEE_WAGE_PLAN;

  COUNT(*)                                                                      
----------                                                                      
   2924723                                                                      

1 row selected.

Elapsed: 00:00:04.65
07:59:15 SQL> select /*+ index_ffs(PSP_EMPLOYEE_WAGE_PLAN SYS_C0020557) parallel_index(PSP_EMPLOYEE_WAGE_PLAN SYS_C0020557)*/ count(*) from pspadm.PSP_EMPLOYEE_WAGE_PLAN PSP_EMPLOYEE_WAGE_PLAN;

  COUNT(*)                                                                      
----------                                                                      
   2924723                                                                      

1 row selected.

Elapsed: 00:00:00.14
07:59:16 SQL> select /*+ index_ffs(PSP_EMPLOYER_CONTRIBUTION PSP_EMPLOYERCONTRIBUTION_FK1) parallel_index(PSP_EMPLOYER_CONTRIBUTION PSP_EMPLOYERCONTRIBUTION_FK1)*/ count(*) from pspadm.PSP_EMPLOYER_CONTRIBUTION PSP_EMPLOYER_CONTRIBUTION;

  COUNT(*)                                                                      
----------                                                                      
 327142345                                                                      

1 row selected.

Elapsed: 00:16:24.32
08:15:40 SQL> select /*+ index_ffs(PSP_EMPLOYER_CONTRIBUTION PSP_EMPLOYERCONTRIBUTION_FK2) parallel_index(PSP_EMPLOYER_CONTRIBUTION PSP_EMPLOYERCONTRIBUTION_FK2)*/ count(*) from pspadm.PSP_EMPLOYER_CONTRIBUTION PSP_EMPLOYER_CONTRIBUTION;

  COUNT(*)                                                                      
----------                                                                      
 327142345                                                                      

1 row selected.

Elapsed: 00:00:48.80
08:16:29 SQL> select /*+ index_ffs(PSP_EMPLOYER_CONTRIBUTION PSP_EMPLOYER_CONTRIBUTION_FK1) parallel_index(PSP_EMPLOYER_CONTRIBUTION PSP_EMPLOYER_CONTRIBUTION_FK1)*/ count(*) from pspadm.PSP_EMPLOYER_CONTRIBUTION PSP_EMPLOYER_CONTRIBUTION;

  COUNT(*)                                                                      
----------                                                                      
 327142345                                                                      

1 row selected.

Elapsed: 00:00:15.80
08:16:44 SQL> select /*+ index_ffs(PSP_EMPLOYER_CONTRIBUTION SYS_C0020579) parallel_index(PSP_EMPLOYER_CONTRIBUTION SYS_C0020579)*/ count(*) from pspadm.PSP_EMPLOYER_CONTRIBUTION PSP_EMPLOYER_CONTRIBUTION;

  COUNT(*)                                                                      
----------                                                                      
 327142345                                                                      

1 row selected.

Elapsed: 00:00:14.54
08:16:59 SQL> select /*+ index_ffs(PSP_EMPLOYER_PREFERENCE PSP_EMPLOYER_PREFERENCE_FK1) parallel_index(PSP_EMPLOYER_PREFERENCE PSP_EMPLOYER_PREFERENCE_FK1)*/ count(*) from pspadm.PSP_EMPLOYER_PREFERENCE PSP_EMPLOYER_PREFERENCE;

  COUNT(*)                                                                      
----------                                                                      
     16040                                                                      

1 row selected.

Elapsed: 00:00:00.01
08:16:59 SQL> select /*+ index_ffs(PSP_EMPLOYER_PREFERENCE SYS_C0020729) parallel_index(PSP_EMPLOYER_PREFERENCE SYS_C0020729)*/ count(*) from pspadm.PSP_EMPLOYER_PREFERENCE PSP_EMPLOYER_PREFERENCE;

  COUNT(*)                                                                      
----------                                                                      
     16040                                                                      

1 row selected.

Elapsed: 00:00:00.01
08:16:59 SQL> select /*+ index_ffs(PSP_EMP_TOTALS_PAYROLL_RUN PSP_EMP_TOTALS_PAYROLL_RUN_FK1) parallel_index(PSP_EMP_TOTALS_PAYROLL_RUN PSP_EMP_TOTALS_PAYROLL_RUN_FK1)*/ count(*) from pspadm.PSP_EMP_TOTALS_PAYROLL_RUN PSP_EMP_TOTALS_PAYROLL_RUN;

  COUNT(*)                                                                      
----------                                                                      
  18327708                                                                      

1 row selected.

Elapsed: 00:00:31.66
08:17:31 SQL> select /*+ index_ffs(PSP_EMP_TOTALS_PAYROLL_RUN PSP_EMP_TOTALS_PAYROLL_RUN_FK2) parallel_index(PSP_EMP_TOTALS_PAYROLL_RUN PSP_EMP_TOTALS_PAYROLL_RUN_FK2)*/ count(*) from pspadm.PSP_EMP_TOTALS_PAYROLL_RUN PSP_EMP_TOTALS_PAYROLL_RUN;

  COUNT(*)                                                                      
----------                                                                      
  18327708                                                                      

1 row selected.

Elapsed: 00:00:00.78
08:17:31 SQL> select /*+ index_ffs(PSP_EMP_TOTALS_PAYROLL_RUN SYS_C0020733) parallel_index(PSP_EMP_TOTALS_PAYROLL_RUN SYS_C0020733)*/ count(*) from pspadm.PSP_EMP_TOTALS_PAYROLL_RUN PSP_EMP_TOTALS_PAYROLL_RUN;

  COUNT(*)                                                                      
----------                                                                      
  18327708                                                                      

1 row selected.

Elapsed: 00:00:00.77
08:17:32 SQL> select /*+ index_ffs(PSP_ENTITLEMENT PSP_ENTITLEMENT_FK1) parallel_index(PSP_ENTITLEMENT PSP_ENTITLEMENT_FK1)*/ count(*) from pspadm.PSP_ENTITLEMENT PSP_ENTITLEMENT;

  COUNT(*)                                                                      
----------                                                                      
   2669089                                                                      

1 row selected.

Elapsed: 00:00:02.89
08:17:35 SQL> select /*+ index_ffs(PSP_ENTITLEMENT PSP_ENTITLEMENT_IDX2) parallel_index(PSP_ENTITLEMENT PSP_ENTITLEMENT_IDX2)*/ count(*) from pspadm.PSP_ENTITLEMENT PSP_ENTITLEMENT;

  COUNT(*)                                                                      
----------                                                                      
   2669089                                                                      

1 row selected.

Elapsed: 00:00:00.10
08:17:35 SQL> select /*+ index_ffs(PSP_ENTITLEMENT PSP_ENTITLEMENT_IDX3) parallel_index(PSP_ENTITLEMENT PSP_ENTITLEMENT_IDX3)*/ count(*) from pspadm.PSP_ENTITLEMENT PSP_ENTITLEMENT;

  COUNT(*)                                                                      
----------                                                                      
   2669089                                                                      

1 row selected.

Elapsed: 00:00:00.10
08:17:35 SQL> select /*+ index_ffs(PSP_ENTITLEMENT PSP_ENTITLEMENT_SUBSNO) parallel_index(PSP_ENTITLEMENT PSP_ENTITLEMENT_SUBSNO)*/ count(*) from pspadm.PSP_ENTITLEMENT PSP_ENTITLEMENT;

  COUNT(*)                                                                      
----------                                                                      
   2669089                                                                      

1 row selected.

Elapsed: 00:00:00.10
08:17:35 SQL> select /*+ index_ffs(PSP_ENTITLEMENT PSP_ENTITLEMENT_U1) parallel_index(PSP_ENTITLEMENT PSP_ENTITLEMENT_U1)*/ count(*) from pspadm.PSP_ENTITLEMENT PSP_ENTITLEMENT;

  COUNT(*)                                                                      
----------                                                                      
   2669089                                                                      

1 row selected.

Elapsed: 00:00:00.10
08:17:36 SQL> select /*+ index_ffs(PSP_ENTITLEMENT SYS_C0020662) parallel_index(PSP_ENTITLEMENT SYS_C0020662)*/ count(*) from pspadm.PSP_ENTITLEMENT PSP_ENTITLEMENT;

  COUNT(*)                                                                      
----------                                                                      
   2669089                                                                      

1 row selected.

Elapsed: 00:00:00.11
08:17:36 SQL> select /*+ index_ffs(PSP_ENTITLEMENT_CODE SYS_C0020663) parallel_index(PSP_ENTITLEMENT_CODE SYS_C0020663)*/ count(*) from pspadm.PSP_ENTITLEMENT_CODE PSP_ENTITLEMENT_CODE;

  COUNT(*)                                                                      
----------                                                                      
       100                                                                      

1 row selected.

Elapsed: 00:00:00.00
08:17:36 SQL> select /*+ index_ffs(PSP_ENTITLEMENT_CODE_OFFERING PSP_ENTITLEMENT_CODE_OFFER_FK1) parallel_index(PSP_ENTITLEMENT_CODE_OFFERING PSP_ENTITLEMENT_CODE_OFFER_FK1)*/ count(*) from pspadm.PSP_ENTITLEMENT_CODE_OFFERING PSP_ENTITLEMENT_CODE_OFFERING;

  COUNT(*)                                                                      
----------                                                                      
       652                                                                      

1 row selected.

Elapsed: 00:00:00.00
08:17:36 SQL> select /*+ index_ffs(PSP_ENTITLEMENT_CODE_OFFERING PSP_ENTITLEMENT_CODE_OFFER_FK2) parallel_index(PSP_ENTITLEMENT_CODE_OFFERING PSP_ENTITLEMENT_CODE_OFFER_FK2)*/ count(*) from pspadm.PSP_ENTITLEMENT_CODE_OFFERING PSP_ENTITLEMENT_CODE_OFFERING;

  COUNT(*)                                                                      
----------                                                                      
       652                                                                      

1 row selected.

Elapsed: 00:00:00.01
08:17:36 SQL> select /*+ index_ffs(PSP_ENTITLEMENT_CODE_OFFERING SYS_C0020676) parallel_index(PSP_ENTITLEMENT_CODE_OFFERING SYS_C0020676)*/ count(*) from pspadm.PSP_ENTITLEMENT_CODE_OFFERING PSP_ENTITLEMENT_CODE_OFFERING;

  COUNT(*)                                                                      
----------                                                                      
       652                                                                      

1 row selected.

Elapsed: 00:00:00.00
08:17:36 SQL> select /*+ index_ffs(PSP_ENTITLEMENT_MESSAGE PSP_ENTITLEMENT_MESSAGE_U1) parallel_index(PSP_ENTITLEMENT_MESSAGE PSP_ENTITLEMENT_MESSAGE_U1)*/ count(*) from pspadm.PSP_ENTITLEMENT_MESSAGE PSP_ENTITLEMENT_MESSAGE;

  COUNT(*)                                                                      
----------                                                                      
  78709702                                                                      

1 row selected.

Elapsed: 00:02:39.78
08:20:15 SQL> select /*+ index_ffs(PSP_ENTITLEMENT_MESSAGE PSP_ENTITLEMENT_MSG_LCNO_EOFCD) parallel_index(PSP_ENTITLEMENT_MESSAGE PSP_ENTITLEMENT_MSG_LCNO_EOFCD)*/ count(*) from pspadm.PSP_ENTITLEMENT_MESSAGE PSP_ENTITLEMENT_MESSAGE;

  COUNT(*)                                                                      
----------                                                                      
  78709702                                                                      

1 row selected.

Elapsed: 00:00:03.49
08:20:19 SQL> select /*+ index_ffs(PSP_ENTITLEMENT_MESSAGE PSP_ENTITLEMENT_MSG_MSGTS_ER) parallel_index(PSP_ENTITLEMENT_MESSAGE PSP_ENTITLEMENT_MSG_MSGTS_ER)*/ count(*) from pspadm.PSP_ENTITLEMENT_MESSAGE PSP_ENTITLEMENT_MESSAGE;

  COUNT(*)                                                                      
----------                                                                      
  78709702                                                                      

1 row selected.

Elapsed: 00:00:03.46
08:20:22 SQL> select /*+ index_ffs(PSP_ENTITLEMENT_MESSAGE PSP_ENTITLEMENT_MSG_ORNO_LCNO) parallel_index(PSP_ENTITLEMENT_MESSAGE PSP_ENTITLEMENT_MSG_ORNO_LCNO)*/ count(*) from pspadm.PSP_ENTITLEMENT_MESSAGE PSP_ENTITLEMENT_MESSAGE;

  COUNT(*)                                                                      
----------                                                                      
  78709702                                                                      

1 row selected.

Elapsed: 00:00:03.45
08:20:26 SQL> select /*+ index_ffs(PSP_ENTITLEMENT_MESSAGE SYS_C0020675) parallel_index(PSP_ENTITLEMENT_MESSAGE SYS_C0020675)*/ count(*) from pspadm.PSP_ENTITLEMENT_MESSAGE PSP_ENTITLEMENT_MESSAGE;

  COUNT(*)                                                                      
----------                                                                      
  78709702                                                                      

1 row selected.

Elapsed: 00:00:03.46
08:20:29 SQL> select /*+ index_ffs(PSP_ENTITLEMENT_UNIT PSP_ENMT_FEDTAXIDENC_I1) parallel_index(PSP_ENTITLEMENT_UNIT PSP_ENMT_FEDTAXIDENC_I1)*/ count(*) from pspadm.PSP_ENTITLEMENT_UNIT PSP_ENTITLEMENT_UNIT;

  COUNT(*)                                                                      
----------                                                                      
   7757137                                                                      

1 row selected.

Elapsed: 00:00:11.28
08:20:41 SQL> select /*+ index_ffs(PSP_ENTITLEMENT_UNIT PSP_ENTITLEMENTUNIT_FK1) parallel_index(PSP_ENTITLEMENT_UNIT PSP_ENTITLEMENTUNIT_FK1)*/ count(*) from pspadm.PSP_ENTITLEMENT_UNIT PSP_ENTITLEMENT_UNIT;

  COUNT(*)                                                                      
----------                                                                      
   7757137                                                                      

1 row selected.

Elapsed: 00:00:00.29
08:20:41 SQL> select /*+ index_ffs(PSP_ENTITLEMENT_UNIT PSP_ENTITLEMENT_UNIT_FK1) parallel_index(PSP_ENTITLEMENT_UNIT PSP_ENTITLEMENT_UNIT_FK1)*/ count(*) from pspadm.PSP_ENTITLEMENT_UNIT PSP_ENTITLEMENT_UNIT;

  COUNT(*)                                                                      
----------                                                                      
   7757137                                                                      

1 row selected.

Elapsed: 00:00:00.30
08:20:41 SQL> select /*+ index_ffs(PSP_ENTITLEMENT_UNIT PSP_ENTITLEMENT_UNIT_I1) parallel_index(PSP_ENTITLEMENT_UNIT PSP_ENTITLEMENT_UNIT_I1)*/ count(*) from pspadm.PSP_ENTITLEMENT_UNIT PSP_ENTITLEMENT_UNIT;

  COUNT(*)                                                                      
----------                                                                      
   7757137                                                                      

1 row selected.

Elapsed: 00:00:00.30
08:20:41 SQL> select /*+ index_ffs(PSP_ENTITLEMENT_UNIT PSP_ENTITLEMENT_UNIT_IDX2) parallel_index(PSP_ENTITLEMENT_UNIT PSP_ENTITLEMENT_UNIT_IDX2)*/ count(*) from pspadm.PSP_ENTITLEMENT_UNIT PSP_ENTITLEMENT_UNIT;

  COUNT(*)                                                                      
----------                                                                      
   7757137                                                                      

1 row selected.

Elapsed: 00:00:00.29
08:20:42 SQL> select /*+ index_ffs(PSP_ENTITLEMENT_UNIT SYS_C0020677) parallel_index(PSP_ENTITLEMENT_UNIT SYS_C0020677)*/ count(*) from pspadm.PSP_ENTITLEMENT_UNIT PSP_ENTITLEMENT_UNIT;

  COUNT(*)                                                                      
----------                                                                      
   7757137                                                                      

1 row selected.

Elapsed: 00:00:00.30
08:20:42 SQL> select /*+ index_ffs(PSP_ENTITY_CHANGE PSP_ENTITYCHANGE_FK1) parallel_index(PSP_ENTITY_CHANGE PSP_ENTITYCHANGE_FK1)*/ count(*) from pspadm.PSP_ENTITY_CHANGE PSP_ENTITY_CHANGE;

  COUNT(*)                                                                      
----------                                                                      
      7129                                                                      

1 row selected.

Elapsed: 00:00:00.01
08:20:42 SQL> select /*+ index_ffs(PSP_ENTITY_CHANGE SYS_C0020628) parallel_index(PSP_ENTITY_CHANGE SYS_C0020628)*/ count(*) from pspadm.PSP_ENTITY_CHANGE PSP_ENTITY_CHANGE;

  COUNT(*)                                                                      
----------                                                                      
      7129                                                                      

1 row selected.

Elapsed: 00:00:00.00
08:20:42 SQL> select /*+ index_ffs(PSP_ENTITY_UPDATE PSP_ENTITY_UPDATE_U1) parallel_index(PSP_ENTITY_UPDATE PSP_ENTITY_UPDATE_U1)*/ count(*) from pspadm.PSP_ENTITY_UPDATE PSP_ENTITY_UPDATE;

  COUNT(*)                                                                      
----------                                                                      
 418627860                                                                      

1 row selected.

Elapsed: 00:11:45.86
08:32:28 SQL> select /*+ index_ffs(PSP_ENTITY_UPDATE SYS_C0070166) parallel_index(PSP_ENTITY_UPDATE SYS_C0070166)*/ count(*) from pspadm.PSP_ENTITY_UPDATE PSP_ENTITY_UPDATE;

  COUNT(*)                                                                      
----------                                                                      
 418627860                                                                      

1 row selected.

Elapsed: 00:00:19.91
08:32:48 SQL> select /*+ index_ffs(PSP_ENTRY_DETAIL_RECORD PSP_ENTRY_DETAIL_RECORD_FK1) parallel_index(PSP_ENTRY_DETAIL_RECORD PSP_ENTRY_DETAIL_RECORD_FK1)*/ count(*) from pspadm.PSP_ENTRY_DETAIL_RECORD PSP_ENTRY_DETAIL_RECORD;

  COUNT(*)                                                                      
----------                                                                      
2718311725                                                                      

1 row selected.

Elapsed: 00:43:56.70
09:16:45 SQL> select /*+ index_ffs(PSP_ENTRY_DETAIL_RECORD PSP_ENTRY_DETAIL_RECORD_FK2) parallel_index(PSP_ENTRY_DETAIL_RECORD PSP_ENTRY_DETAIL_RECORD_FK2)*/ count(*) from pspadm.PSP_ENTRY_DETAIL_RECORD PSP_ENTRY_DETAIL_RECORD;

  COUNT(*)                                                                      
----------                                                                      
2718311725                                                                      

1 row selected.

Elapsed: 00:06:28.63
09:23:13 SQL> select /*+ index_ffs(PSP_ENTRY_DETAIL_RECORD PSP_ENTRY_DETAIL_RECORD_FK3) parallel_index(PSP_ENTRY_DETAIL_RECORD PSP_ENTRY_DETAIL_RECORD_FK3)*/ count(*) from pspadm.PSP_ENTRY_DETAIL_RECORD PSP_ENTRY_DETAIL_RECORD;

  COUNT(*)                                                                      
----------                                                                      
2718311725                                                                      

1 row selected.

Elapsed: 00:03:07.37
09:26:21 SQL> select /*+ index_ffs(PSP_ENTRY_DETAIL_RECORD PSP_ENTRY_DETAIL_RECORD_FK4) parallel_index(PSP_ENTRY_DETAIL_RECORD PSP_ENTRY_DETAIL_RECORD_FK4)*/ count(*) from pspadm.PSP_ENTRY_DETAIL_RECORD PSP_ENTRY_DETAIL_RECORD;

  COUNT(*)                                                                      
----------                                                                      
2718311725                                                                      

1 row selected.

Elapsed: 00:01:42.61
09:28:03 SQL> select /*+ index_ffs(PSP_ENTRY_DETAIL_RECORD PSP_ENTRY_DETAIL_RECORD_I1) parallel_index(PSP_ENTRY_DETAIL_RECORD PSP_ENTRY_DETAIL_RECORD_I1)*/ count(*) from pspadm.PSP_ENTRY_DETAIL_RECORD PSP_ENTRY_DETAIL_RECORD;

  COUNT(*)                                                                      
----------                                                                      
2718311725                                                                      

1 row selected.

Elapsed: 00:06:23.57
09:34:27 SQL> select /*+ index_ffs(PSP_ENTRY_DETAIL_RECORD PSP_ENTRY_DETAIL_RECORD_I2) parallel_index(PSP_ENTRY_DETAIL_RECORD PSP_ENTRY_DETAIL_RECORD_I2)*/ count(*) from pspadm.PSP_ENTRY_DETAIL_RECORD PSP_ENTRY_DETAIL_RECORD;

  COUNT(*)                                                                      
----------                                                                      
2718311725                                                                      

1 row selected.

Elapsed: 00:08:00.52
09:42:27 SQL> select /*+ index_ffs(PSP_ENTRY_DETAIL_RECORD SYS_C008379) parallel_index(PSP_ENTRY_DETAIL_RECORD SYS_C008379)*/ count(*) from pspadm.PSP_ENTRY_DETAIL_RECORD PSP_ENTRY_DETAIL_RECORD;

  COUNT(*)                                                                      
----------                                                                      
2718311725                                                                      

1 row selected.

Elapsed: 00:06:30.37
09:48:58 SQL> select /*+ index_ffs(PSP_EVENT_AS400_SYNC PSP_EVENT_AS400_SYNC_FK1) parallel_index(PSP_EVENT_AS400_SYNC PSP_EVENT_AS400_SYNC_FK1)*/ count(*) from pspadm.PSP_EVENT_AS400_SYNC PSP_EVENT_AS400_SYNC;

  COUNT(*)                                                                      
----------                                                                      
    343104                                                                      

1 row selected.

Elapsed: 00:00:00.20
09:48:58 SQL> select /*+ index_ffs(PSP_EVENT_AS400_SYNC SYS_C0020678) parallel_index(PSP_EVENT_AS400_SYNC SYS_C0020678)*/ count(*) from pspadm.PSP_EVENT_AS400_SYNC PSP_EVENT_AS400_SYNC;

  COUNT(*)                                                                      
----------                                                                      
    343104                                                                      

1 row selected.

Elapsed: 00:00:00.01
09:48:58 SQL> select /*+ index_ffs(PSP_EVENT_DETAIL_TYPE SYS_C0020505) parallel_index(PSP_EVENT_DETAIL_TYPE SYS_C0020505)*/ count(*) from pspadm.PSP_EVENT_DETAIL_TYPE PSP_EVENT_DETAIL_TYPE;

  COUNT(*)                                                                      
----------                                                                      
       184                                                                      

1 row selected.

Elapsed: 00:00:00.01
09:48:58 SQL> select /*+ index_ffs(PSP_EVENT_LOG SYS_C0020543) parallel_index(PSP_EVENT_LOG SYS_C0020543)*/ count(*) from pspadm.PSP_EVENT_LOG PSP_EVENT_LOG;

  COUNT(*)                                                                      
----------                                                                      
    157496                                                                      

1 row selected.

Elapsed: 00:00:00.03
09:48:58 SQL> select /*+ index_ffs(PSP_EVENT_TYPE SYS_C0020513) parallel_index(PSP_EVENT_TYPE SYS_C0020513)*/ count(*) from pspadm.PSP_EVENT_TYPE PSP_EVENT_TYPE;

  COUNT(*)                                                                      
----------                                                                      
       233                                                                      

1 row selected.

Elapsed: 00:00:00.01
09:48:58 SQL> select /*+ index_ffs(PSP_EVTTP_SRCSYS_ASSOC PSP_EVTTP_SRCSYS_FK_EVTTP) parallel_index(PSP_EVTTP_SRCSYS_ASSOC PSP_EVTTP_SRCSYS_FK_EVTTP)*/ count(*) from pspadm.PSP_EVTTP_SRCSYS_ASSOC PSP_EVTTP_SRCSYS_ASSOC;

  COUNT(*)                                                                      
----------                                                                      
        40                                                                      

1 row selected.

Elapsed: 00:00:00.06
09:48:58 SQL> select /*+ index_ffs(PSP_EVTTP_SRCSYS_ASSOC PSP_EVTTP_SRCSYS_FK_SRCSYS) parallel_index(PSP_EVTTP_SRCSYS_ASSOC PSP_EVTTP_SRCSYS_FK_SRCSYS)*/ count(*) from pspadm.PSP_EVTTP_SRCSYS_ASSOC PSP_EVTTP_SRCSYS_ASSOC;

  COUNT(*)                                                                      
----------                                                                      
        40                                                                      

1 row selected.

Elapsed: 00:00:00.03
09:48:58 SQL> select /*+ index_ffs(PSP_EVTTP_SRCSYS_ASSOC SYS_C0020526) parallel_index(PSP_EVTTP_SRCSYS_ASSOC SYS_C0020526)*/ count(*) from pspadm.PSP_EVTTP_SRCSYS_ASSOC PSP_EVTTP_SRCSYS_ASSOC;

  COUNT(*)                                                                      
----------                                                                      
        40                                                                      

1 row selected.

Elapsed: 00:00:00.00
09:48:58 SQL> select /*+ index_ffs(PSP_FAILED_PAYROLL_RUN PSP_FAILED_PAYROLL_RUN_FK1) parallel_index(PSP_FAILED_PAYROLL_RUN PSP_FAILED_PAYROLL_RUN_FK1)*/ count(*) from pspadm.PSP_FAILED_PAYROLL_RUN PSP_FAILED_PAYROLL_RUN;

  COUNT(*)                                                                      
----------                                                                      
      4788                                                                      

1 row selected.

Elapsed: 00:00:00.01
09:48:58 SQL> select /*+ index_ffs(PSP_FAILED_PAYROLL_RUN SYS_C0020690) parallel_index(PSP_FAILED_PAYROLL_RUN SYS_C0020690)*/ count(*) from pspadm.PSP_FAILED_PAYROLL_RUN PSP_FAILED_PAYROLL_RUN;

  COUNT(*)                                                                      
----------                                                                      
      4788                                                                      

1 row selected.

Elapsed: 00:00:00.00
09:48:58 SQL> select /*+ index_ffs(PSP_FEE PSP_FEE_FK1) parallel_index(PSP_FEE PSP_FEE_FK1)*/ count(*) from pspadm.PSP_FEE PSP_FEE;

  COUNT(*)                                                                      
----------                                                                      
         3                                                                      

1 row selected.

Elapsed: 00:00:00.01
09:48:58 SQL> select /*+ index_ffs(PSP_FEE PSP_FEE_FK2) parallel_index(PSP_FEE PSP_FEE_FK2)*/ count(*) from pspadm.PSP_FEE PSP_FEE;

  COUNT(*)                                                                      
----------                                                                      
         3                                                                      

1 row selected.

Elapsed: 00:00:00.00
09:48:58 SQL> select /*+ index_ffs(PSP_FEE SYS_C0020488) parallel_index(PSP_FEE SYS_C0020488)*/ count(*) from pspadm.PSP_FEE PSP_FEE;

  COUNT(*)                                                                      
----------                                                                      
         3                                                                      

1 row selected.

Elapsed: 00:00:00.00
09:48:58 SQL> select /*+ index_ffs(PSP_FINANCIAL_TRANSACTION PSP_FINANCIALTRANSACTION_FK1) parallel_index(PSP_FINANCIAL_TRANSACTION PSP_FINANCIALTRANSACTION_FK1)*/ count(*) from pspadm.PSP_FINANCIAL_TRANSACTION PSP_FINANCIAL_TRANSACTION;

  COUNT(*)                                                                      
----------                                                                      
1645836715                                                                      

1 row selected.

Elapsed: 00:20:23.03
10:09:21 SQL> select /*+ index_ffs(PSP_FINANCIAL_TRANSACTION PSP_FINANCIALTRANSACTION_FK2) parallel_index(PSP_FINANCIAL_TRANSACTION PSP_FINANCIALTRANSACTION_FK2)*/ count(*) from pspadm.PSP_FINANCIAL_TRANSACTION PSP_FINANCIAL_TRANSACTION;

  COUNT(*)                                                                      
----------                                                                      
1645836715                                                                      

1 row selected.

Elapsed: 00:01:06.58
10:10:28 SQL> select /*+ index_ffs(PSP_FINANCIAL_TRANSACTION PSP_FINANCIALTRANSACTION_FK3) parallel_index(PSP_FINANCIAL_TRANSACTION PSP_FINANCIALTRANSACTION_FK3)*/ count(*) from pspadm.PSP_FINANCIAL_TRANSACTION PSP_FINANCIAL_TRANSACTION;

  COUNT(*)                                                                      
----------                                                                      
1645836715                                                                      

1 row selected.

Elapsed: 00:01:11.42
10:11:39 SQL> select /*+ index_ffs(PSP_FINANCIAL_TRANSACTION PSP_FINANCIAL_TRANSACTION_FK10) parallel_index(PSP_FINANCIAL_TRANSACTION PSP_FINANCIAL_TRANSACTION_FK10)*/ count(*) from pspadm.PSP_FINANCIAL_TRANSACTION PSP_FINANCIAL_TRANSACTION;

  COUNT(*)                                                                      
----------                                                                      
1645836715                                                                      

1 row selected.

Elapsed: 00:01:56.40
10:13:35 SQL> select /*+ index_ffs(PSP_FINANCIAL_TRANSACTION PSP_FINANCIAL_TRANSACTION_FK11) parallel_index(PSP_FINANCIAL_TRANSACTION PSP_FINANCIAL_TRANSACTION_FK11)*/ count(*) from pspadm.PSP_FINANCIAL_TRANSACTION PSP_FINANCIAL_TRANSACTION;

  COUNT(*)                                                                      
----------                                                                      
1645836715                                                                      

1 row selected.

Elapsed: 00:04:13.52
10:17:49 SQL> select /*+ index_ffs(PSP_FINANCIAL_TRANSACTION PSP_FINANCIAL_TRANSACTION_FK13) parallel_index(PSP_FINANCIAL_TRANSACTION PSP_FINANCIAL_TRANSACTION_FK13)*/ count(*) from pspadm.PSP_FINANCIAL_TRANSACTION PSP_FINANCIAL_TRANSACTION;

  COUNT(*)                                                                      
----------                                                                      
1645836715                                                                      

1 row selected.

Elapsed: 00:04:30.76
10:22:20 SQL> select /*+ index_ffs(PSP_FINANCIAL_TRANSACTION PSP_FINANCIAL_TRANSACTION_FK14) parallel_index(PSP_FINANCIAL_TRANSACTION PSP_FINANCIAL_TRANSACTION_FK14)*/ count(*) from pspadm.PSP_FINANCIAL_TRANSACTION PSP_FINANCIAL_TRANSACTION;

  COUNT(*)                                                                      
----------                                                                      
1645836715                                                                      

1 row selected.

Elapsed: 00:05:14.55
10:27:34 SQL> select /*+ index_ffs(PSP_FINANCIAL_TRANSACTION PSP_FINANCIAL_TRANSACTION_FK16) parallel_index(PSP_FINANCIAL_TRANSACTION PSP_FINANCIAL_TRANSACTION_FK16)*/ count(*) from pspadm.PSP_FINANCIAL_TRANSACTION PSP_FINANCIAL_TRANSACTION;

  COUNT(*)                                                                      
----------                                                                      
1645836715                                                                      

1 row selected.

Elapsed: 00:07:03.18
10:34:37 SQL> select /*+ index_ffs(PSP_FINANCIAL_TRANSACTION PSP_FINANCIAL_TRANSACTION_FK2) parallel_index(PSP_FINANCIAL_TRANSACTION PSP_FINANCIAL_TRANSACTION_FK2)*/ count(*) from pspadm.PSP_FINANCIAL_TRANSACTION PSP_FINANCIAL_TRANSACTION;

  COUNT(*)                                                                      
----------                                                                      
1645836715                                                                      

1 row selected.

Elapsed: 00:04:14.16
10:38:52 SQL> select /*+ index_ffs(PSP_FINANCIAL_TRANSACTION PSP_FINANCIAL_TRANSACTION_FK3) parallel_index(PSP_FINANCIAL_TRANSACTION PSP_FINANCIAL_TRANSACTION_FK3)*/ count(*) from pspadm.PSP_FINANCIAL_TRANSACTION PSP_FINANCIAL_TRANSACTION;

  COUNT(*)                                                                      
----------                                                                      
1645836715                                                                      

1 row selected.

Elapsed: 00:04:14.30
10:43:06 SQL> select /*+ index_ffs(PSP_FINANCIAL_TRANSACTION PSP_FINANCIAL_TRANSACTION_FK5) parallel_index(PSP_FINANCIAL_TRANSACTION PSP_FINANCIAL_TRANSACTION_FK5)*/ count(*) from pspadm.PSP_FINANCIAL_TRANSACTION PSP_FINANCIAL_TRANSACTION;

  COUNT(*)                                                                      
----------                                                                      
1645836715                                                                      

1 row selected.

Elapsed: 00:04:14.44
10:47:20 SQL> select /*+ index_ffs(PSP_FINANCIAL_TRANSACTION PSP_FINANCIAL_TRANSACTION_FK6) parallel_index(PSP_FINANCIAL_TRANSACTION PSP_FINANCIAL_TRANSACTION_FK6)*/ count(*) from pspadm.PSP_FINANCIAL_TRANSACTION PSP_FINANCIAL_TRANSACTION;

  COUNT(*)                                                                      
----------                                                                      
1645836715                                                                      

1 row selected.

Elapsed: 00:01:37.29
10:48:58 SQL> select /*+ index_ffs(PSP_FINANCIAL_TRANSACTION PSP_FINANCIAL_TRANSACTION_FK9) parallel_index(PSP_FINANCIAL_TRANSACTION PSP_FINANCIAL_TRANSACTION_FK9)*/ count(*) from pspadm.PSP_FINANCIAL_TRANSACTION PSP_FINANCIAL_TRANSACTION;

  COUNT(*)                                                                      
----------                                                                      
1645836715                                                                      

1 row selected.

Elapsed: 00:03:39.89
10:52:38 SQL> select /*+ index_ffs(PSP_FINANCIAL_TRANSACTION PSP_FINANCIAL_TRANSACTION_I3) parallel_index(PSP_FINANCIAL_TRANSACTION PSP_FINANCIAL_TRANSACTION_I3)*/ count(*) from pspadm.PSP_FINANCIAL_TRANSACTION PSP_FINANCIAL_TRANSACTION;

  COUNT(*)                                                                      
----------                                                                      
1645836715                                                                      

1 row selected.

Elapsed: 00:01:20.96
10:53:58 SQL> select /*+ index_ffs(PSP_FINANCIAL_TRANSACTION PSP_FINANCIAL_TRANSACTION_I4) parallel_index(PSP_FINANCIAL_TRANSACTION PSP_FINANCIAL_TRANSACTION_I4)*/ count(*) from pspadm.PSP_FINANCIAL_TRANSACTION PSP_FINANCIAL_TRANSACTION;

  COUNT(*)                                                                      
----------                                                                      
1645836715                                                                      

1 row selected.

Elapsed: 00:01:25.30
10:55:24 SQL> select /*+ index_ffs(PSP_FINANCIAL_TRANSACTION PSP_FINANCIAL_TRANSACTION_I5) parallel_index(PSP_FINANCIAL_TRANSACTION PSP_FINANCIAL_TRANSACTION_I5)*/ count(*) from pspadm.PSP_FINANCIAL_TRANSACTION PSP_FINANCIAL_TRANSACTION;

  COUNT(*)                                                                      
----------                                                                      
1645836715                                                                      

1 row selected.

Elapsed: 00:01:13.66
10:56:37 SQL> select /*+ index_ffs(PSP_FINANCIAL_TRANSACTION SYS_C008675) parallel_index(PSP_FINANCIAL_TRANSACTION SYS_C008675)*/ count(*) from pspadm.PSP_FINANCIAL_TRANSACTION PSP_FINANCIAL_TRANSACTION;

  COUNT(*)                                                                      
----------                                                                      
1645836715                                                                      

1 row selected.

Elapsed: 00:03:41.37
11:00:19 SQL> select /*+ index_ffs(PSP_FINANCIAL_TRANS_STATE FN_STATE_EFF_DATE) parallel_index(PSP_FINANCIAL_TRANS_STATE FN_STATE_EFF_DATE)*/ count(*) from pspadm.PSP_FINANCIAL_TRANS_STATE PSP_FINANCIAL_TRANS_STATE;

  COUNT(*)                                                                      
----------                                                                      
4917731756                                                                      

1 row selected.

Elapsed: 00:42:39.60
11:42:58 SQL> select /*+ index_ffs(PSP_FINANCIAL_TRANS_STATE PSP_FINANCIALTRANSACTIONST_FK1) parallel_index(PSP_FINANCIAL_TRANS_STATE PSP_FINANCIALTRANSACTIONST_FK1)*/ count(*) from pspadm.PSP_FINANCIAL_TRANS_STATE PSP_FINANCIAL_TRANS_STATE;

  COUNT(*)                                                                      
----------                                                                      
4917731756                                                                      

1 row selected.

Elapsed: 00:04:48.71
11:47:47 SQL> select /*+ index_ffs(PSP_FINANCIAL_TRANS_STATE PSP_FINANCIALTRANSACTIONST_FK2) parallel_index(PSP_FINANCIAL_TRANS_STATE PSP_FINANCIALTRANSACTIONST_FK2)*/ count(*) from pspadm.PSP_FINANCIAL_TRANS_STATE PSP_FINANCIAL_TRANS_STATE;

  COUNT(*)                                                                      
----------                                                                      
4917731756                                                                      

1 row selected.

Elapsed: 00:31:42.90
12:19:30 SQL> select /*+ index_ffs(PSP_FINANCIAL_TRANS_STATE PSP_FINANCIAL_TRANSACTION__FK4) parallel_index(PSP_FINANCIAL_TRANS_STATE PSP_FINANCIAL_TRANSACTION__FK4)*/ count(*) from pspadm.PSP_FINANCIAL_TRANS_STATE PSP_FINANCIAL_TRANS_STATE;

  COUNT(*)                                                                      
----------                                                                      
4917731756                                                                      

1 row selected.

Elapsed: 00:11:49.37
12:31:19 SQL> select /*+ index_ffs(PSP_FINANCIAL_TRANS_STATE PSP_FINANCIAL_TRANSACTION__FK5) parallel_index(PSP_FINANCIAL_TRANS_STATE PSP_FINANCIAL_TRANSACTION__FK5)*/ count(*) from pspadm.PSP_FINANCIAL_TRANS_STATE PSP_FINANCIAL_TRANS_STATE;

  COUNT(*)                                                                      
----------                                                                      
4917731756                                                                      

1 row selected.

Elapsed: 00:05:33.97
12:36:53 SQL> select /*+ index_ffs(PSP_FINANCIAL_TRANS_STATE PSP_FINANCIAL_TRANSACTION__FK6) parallel_index(PSP_FINANCIAL_TRANS_STATE PSP_FINANCIAL_TRANSACTION__FK6)*/ count(*) from pspadm.PSP_FINANCIAL_TRANS_STATE PSP_FINANCIAL_TRANS_STATE;

  COUNT(*)                                                                      
----------                                                                      
4917731756                                                                      

1 row selected.

Elapsed: 00:11:42.47
12:48:36 SQL> select /*+ index_ffs(PSP_FINANCIAL_TRANS_STATE PSP_FINANCIAL_TRANSACTION__FK7) parallel_index(PSP_FINANCIAL_TRANS_STATE PSP_FINANCIAL_TRANSACTION__FK7)*/ count(*) from pspadm.PSP_FINANCIAL_TRANS_STATE PSP_FINANCIAL_TRANS_STATE;

  COUNT(*)                                                                      
----------                                                                      
4917731756                                                                      

1 row selected.

Elapsed: 00:11:39.63
13:00:15 SQL> select /*+ index_ffs(PSP_FINANCIAL_TRANS_STATE SYS_C008683) parallel_index(PSP_FINANCIAL_TRANS_STATE SYS_C008683)*/ count(*) from pspadm.PSP_FINANCIAL_TRANS_STATE PSP_FINANCIAL_TRANS_STATE;

  COUNT(*)                                                                      
----------                                                                      
4917731756                                                                      

1 row selected.

Elapsed: 00:11:55.49
13:12:11 SQL> select /*+ index_ffs(PSP_FINANCIAL_TXN_ACTION PSP_FINANCIAL_TRANSACTION__FK1) parallel_index(PSP_FINANCIAL_TXN_ACTION PSP_FINANCIAL_TRANSACTION__FK1)*/ count(*) from pspadm.PSP_FINANCIAL_TXN_ACTION PSP_FINANCIAL_TXN_ACTION;

  COUNT(*)                                                                      
----------                                                                      
       228                                                                      

1 row selected.

Elapsed: 00:00:00.01
13:12:11 SQL> select /*+ index_ffs(PSP_FINANCIAL_TXN_ACTION PSP_FINANCIAL_TRANSACTION__FK2) parallel_index(PSP_FINANCIAL_TXN_ACTION PSP_FINANCIAL_TRANSACTION__FK2)*/ count(*) from pspadm.PSP_FINANCIAL_TXN_ACTION PSP_FINANCIAL_TXN_ACTION;

  COUNT(*)                                                                      
----------                                                                      
       228                                                                      

1 row selected.

Elapsed: 00:00:00.00
13:12:11 SQL> select /*+ index_ffs(PSP_FINANCIAL_TXN_ACTION PSP_FINANCIAL_TRANSACTION__FK3) parallel_index(PSP_FINANCIAL_TXN_ACTION PSP_FINANCIAL_TRANSACTION__FK3)*/ count(*) from pspadm.PSP_FINANCIAL_TXN_ACTION PSP_FINANCIAL_TXN_ACTION;

  COUNT(*)                                                                      
----------                                                                      
       228                                                                      

1 row selected.

Elapsed: 00:00:00.00
13:12:11 SQL> select /*+ index_ffs(PSP_FINANCIAL_TXN_ACTION SYS_C0020464) parallel_index(PSP_FINANCIAL_TXN_ACTION SYS_C0020464)*/ count(*) from pspadm.PSP_FINANCIAL_TXN_ACTION PSP_FINANCIAL_TXN_ACTION;

  COUNT(*)                                                                      
----------                                                                      
       228                                                                      

1 row selected.

Elapsed: 00:00:00.00
13:12:11 SQL> select /*+ index_ffs(PSP_FINTXN_ONHOLDREASON_ASSOC PSP_FIN_TXN_HOLD_FK_FIN_TXN) parallel_index(PSP_FINTXN_ONHOLDREASON_ASSOC PSP_FIN_TXN_HOLD_FK_FIN_TXN)*/ count(*) from pspadm.PSP_FINTXN_ONHOLDREASON_ASSOC PSP_FINTXN_ONHOLDREASON_ASSOC;

  COUNT(*)                                                                      
----------                                                                      
   1331575                                                                      

1 row selected.

Elapsed: 00:00:00.58
13:12:12 SQL> select /*+ index_ffs(PSP_FINTXN_ONHOLDREASON_ASSOC PSP_FIN_TXN_HOLD_FK_HOLD) parallel_index(PSP_FINTXN_ONHOLDREASON_ASSOC PSP_FIN_TXN_HOLD_FK_HOLD)*/ count(*) from pspadm.PSP_FINTXN_ONHOLDREASON_ASSOC PSP_FINTXN_ONHOLDREASON_ASSOC;

  COUNT(*)                                                                      
----------                                                                      
   1331575                                                                      

1 row selected.

Elapsed: 00:00:00.04
13:12:12 SQL> select /*+ index_ffs(PSP_FINTXN_ONHOLDREASON_ASSOC SYS_C0020522) parallel_index(PSP_FINTXN_ONHOLDREASON_ASSOC SYS_C0020522)*/ count(*) from pspadm.PSP_FINTXN_ONHOLDREASON_ASSOC PSP_FINTXN_ONHOLDREASON_ASSOC;

  COUNT(*)                                                                      
----------                                                                      
   1331575                                                                      

1 row selected.

Elapsed: 00:00:00.05
13:12:12 SQL> select /*+ index_ffs(PSP_FORECAST SYS_C0020542) parallel_index(PSP_FORECAST SYS_C0020542)*/ count(*) from pspadm.PSP_FORECAST PSP_FORECAST;

  COUNT(*)                                                                      
----------                                                                      
       845                                                                      

1 row selected.

Elapsed: 00:00:00.01
13:12:12 SQL> select /*+ index_ffs(PSP_FORECAST_DETAIL PSP_FORECASTDETAIL_FK1) parallel_index(PSP_FORECAST_DETAIL PSP_FORECASTDETAIL_FK1)*/ count(*) from pspadm.PSP_FORECAST_DETAIL PSP_FORECAST_DETAIL;

  COUNT(*)                                                                      
----------                                                                      
      6569                                                                      

1 row selected.

Elapsed: 00:00:00.00
13:12:12 SQL> select /*+ index_ffs(PSP_FORECAST_DETAIL SYS_C0020544) parallel_index(PSP_FORECAST_DETAIL SYS_C0020544)*/ count(*) from pspadm.PSP_FORECAST_DETAIL PSP_FORECAST_DETAIL;

  COUNT(*)                                                                      
----------                                                                      
      6569                                                                      

1 row selected.

Elapsed: 00:00:00.01
13:12:12 SQL> select /*+ index_ffs(PSP_FORM_TEMPLATE PSP_FORM_TEMPLATE_FK1) parallel_index(PSP_FORM_TEMPLATE PSP_FORM_TEMPLATE_FK1)*/ count(*) from pspadm.PSP_FORM_TEMPLATE PSP_FORM_TEMPLATE;

  COUNT(*)                                                                      
----------                                                                      
       163                                                                      

1 row selected.

Elapsed: 00:00:00.00
13:12:12 SQL> select /*+ index_ffs(PSP_FORM_TEMPLATE PSP_FORM_TEMPLATE_FK2) parallel_index(PSP_FORM_TEMPLATE PSP_FORM_TEMPLATE_FK2)*/ count(*) from pspadm.PSP_FORM_TEMPLATE PSP_FORM_TEMPLATE;

  COUNT(*)                                                                      
----------                                                                      
       163                                                                      

1 row selected.

Elapsed: 00:00:00.00
13:12:12 SQL> select /*+ index_ffs(PSP_FORM_TEMPLATE SYS_C0020555) parallel_index(PSP_FORM_TEMPLATE SYS_C0020555)*/ count(*) from pspadm.PSP_FORM_TEMPLATE PSP_FORM_TEMPLATE;

  COUNT(*)                                                                      
----------                                                                      
       163                                                                      

1 row selected.

Elapsed: 00:00:00.00
13:12:12 SQL> select /*+ index_ffs(PSP_FRAUD_ADDRESS PSP_FRAUDADDRESS_FK1) parallel_index(PSP_FRAUD_ADDRESS PSP_FRAUDADDRESS_FK1)*/ count(*) from pspadm.PSP_FRAUD_ADDRESS PSP_FRAUD_ADDRESS;

  COUNT(*)                                                                      
----------                                                                      
    112823                                                                      

1 row selected.

Elapsed: 00:00:00.04
13:12:12 SQL> select /*+ index_ffs(PSP_FRAUD_ADDRESS SYS_C0020618) parallel_index(PSP_FRAUD_ADDRESS SYS_C0020618)*/ count(*) from pspadm.PSP_FRAUD_ADDRESS PSP_FRAUD_ADDRESS;

  COUNT(*)                                                                      
----------                                                                      
    112823                                                                      

1 row selected.

Elapsed: 00:00:00.00
13:12:12 SQL> select /*+ index_ffs(PSP_FRAUD_BANK_ACCOUNT PSP_FRAUDBANKACCOUNT_FK1) parallel_index(PSP_FRAUD_BANK_ACCOUNT PSP_FRAUDBANKACCOUNT_FK1)*/ count(*) from pspadm.PSP_FRAUD_BANK_ACCOUNT PSP_FRAUD_BANK_ACCOUNT;

  COUNT(*)                                                                      
----------                                                                      
    965303                                                                      

1 row selected.

Elapsed: 00:00:01.05
13:12:13 SQL> select /*+ index_ffs(PSP_FRAUD_BANK_ACCOUNT PSP_FRAUD_ACCOUNT_ENC_I1) parallel_index(PSP_FRAUD_BANK_ACCOUNT PSP_FRAUD_ACCOUNT_ENC_I1)*/ count(*) from pspadm.PSP_FRAUD_BANK_ACCOUNT PSP_FRAUD_BANK_ACCOUNT;

  COUNT(*)                                                                      
----------                                                                      
    965303                                                                      

1 row selected.

Elapsed: 00:00:00.05
13:12:13 SQL> select /*+ index_ffs(PSP_FRAUD_BANK_ACCOUNT SYS_C0020596) parallel_index(PSP_FRAUD_BANK_ACCOUNT SYS_C0020596)*/ count(*) from pspadm.PSP_FRAUD_BANK_ACCOUNT PSP_FRAUD_BANK_ACCOUNT;

  COUNT(*)                                                                      
----------                                                                      
    965303                                                                      

1 row selected.

Elapsed: 00:00:00.05
13:12:13 SQL> select /*+ index_ffs(PSP_FRAUD_COMPANY PSP_FRAUDCOMPANY_FK1) parallel_index(PSP_FRAUD_COMPANY PSP_FRAUDCOMPANY_FK1)*/ count(*) from pspadm.PSP_FRAUD_COMPANY PSP_FRAUD_COMPANY;

  COUNT(*)                                                                      
----------                                                                      
     61398                                                                      

1 row selected.

Elapsed: 00:00:00.02
13:12:13 SQL> select /*+ index_ffs(PSP_FRAUD_COMPANY SYS_C0020617) parallel_index(PSP_FRAUD_COMPANY SYS_C0020617)*/ count(*) from pspadm.PSP_FRAUD_COMPANY PSP_FRAUD_COMPANY;

  COUNT(*)                                                                      
----------                                                                      
     61398                                                                      

1 row selected.

Elapsed: 00:00:00.00
13:12:13 SQL> select /*+ index_ffs(PSP_FRAUD_CONTACT PSP_FRAUDCONTACT_FK1) parallel_index(PSP_FRAUD_CONTACT PSP_FRAUDCONTACT_FK1)*/ count(*) from pspadm.PSP_FRAUD_CONTACT PSP_FRAUD_CONTACT;

  COUNT(*)                                                                      
----------                                                                      
    124657                                                                      

1 row selected.

Elapsed: 00:00:00.04
13:12:13 SQL> select /*+ index_ffs(PSP_FRAUD_CONTACT SYS_C0020616) parallel_index(PSP_FRAUD_CONTACT SYS_C0020616)*/ count(*) from pspadm.PSP_FRAUD_CONTACT PSP_FRAUD_CONTACT;

  COUNT(*)                                                                      
----------                                                                      
    124657                                                                      

1 row selected.

Elapsed: 00:00:00.01
13:12:13 SQL> select /*+ index_ffs(PSP_FRAUD_EVENT PSP_FRAUD_EVENT_FK1) parallel_index(PSP_FRAUD_EVENT PSP_FRAUD_EVENT_FK1)*/ count(*) from pspadm.PSP_FRAUD_EVENT PSP_FRAUD_EVENT;

  COUNT(*)                                                                      
----------                                                                      
   1001390                                                                      

1 row selected.

Elapsed: 00:00:00.41
13:12:13 SQL> select /*+ index_ffs(PSP_FRAUD_EVENT PSP_FRAUD_EVENT_FK2) parallel_index(PSP_FRAUD_EVENT PSP_FRAUD_EVENT_FK2)*/ count(*) from pspadm.PSP_FRAUD_EVENT PSP_FRAUD_EVENT;

  COUNT(*)                                                                      
----------                                                                      
   1001390                                                                      

1 row selected.

Elapsed: 00:00:00.03
13:12:13 SQL> select /*+ index_ffs(PSP_FRAUD_EVENT PSP_FRAUD_EVENT_FK3) parallel_index(PSP_FRAUD_EVENT PSP_FRAUD_EVENT_FK3)*/ count(*) from pspadm.PSP_FRAUD_EVENT PSP_FRAUD_EVENT;

  COUNT(*)                                                                      
----------                                                                      
   1001390                                                                      

1 row selected.

Elapsed: 00:00:00.04
13:12:13 SQL> select /*+ index_ffs(PSP_FRAUD_EVENT PSP_FRAUD_EVENT_FK4) parallel_index(PSP_FRAUD_EVENT PSP_FRAUD_EVENT_FK4)*/ count(*) from pspadm.PSP_FRAUD_EVENT PSP_FRAUD_EVENT;

  COUNT(*)                                                                      
----------                                                                      
   1001390                                                                      

1 row selected.

Elapsed: 00:00:00.03
13:12:13 SQL> select /*+ index_ffs(PSP_FRAUD_EVENT PSP_FRAUD_EVENT_I1) parallel_index(PSP_FRAUD_EVENT PSP_FRAUD_EVENT_I1)*/ count(*) from pspadm.PSP_FRAUD_EVENT PSP_FRAUD_EVENT;

  COUNT(*)                                                                      
----------                                                                      
   1001390                                                                      

1 row selected.

Elapsed: 00:00:00.03
13:12:13 SQL> select /*+ index_ffs(PSP_FRAUD_EVENT SYS_C0020636) parallel_index(PSP_FRAUD_EVENT SYS_C0020636)*/ count(*) from pspadm.PSP_FRAUD_EVENT PSP_FRAUD_EVENT;

  COUNT(*)                                                                      
----------                                                                      
   1001390                                                                      

1 row selected.

Elapsed: 00:00:00.03
13:12:13 SQL> select /*+ index_ffs(PSP_FRAUD_RULE SYS_C0020692) parallel_index(PSP_FRAUD_RULE SYS_C0020692)*/ count(*) from pspadm.PSP_FRAUD_RULE PSP_FRAUD_RULE;

  COUNT(*)                                                                      
----------                                                                      
         4                                                                      

1 row selected.

Elapsed: 00:00:00.00
13:12:13 SQL> select /*+ index_ffs(PSP_FRAUD_VALUE PSP_FRAUDVALUE_FK1) parallel_index(PSP_FRAUD_VALUE PSP_FRAUDVALUE_FK1)*/ count(*) from pspadm.PSP_FRAUD_VALUE PSP_FRAUD_VALUE;

  COUNT(*)                                                                      
----------                                                                      
       180                                                                      

1 row selected.

Elapsed: 00:00:00.01
13:12:13 SQL> select /*+ index_ffs(PSP_FRAUD_VALUE SYS_C0020693) parallel_index(PSP_FRAUD_VALUE SYS_C0020693)*/ count(*) from pspadm.PSP_FRAUD_VALUE PSP_FRAUD_VALUE;

  COUNT(*)                                                                      
----------                                                                      
       180                                                                      

1 row selected.

Elapsed: 00:00:00.00
13:12:13 SQL> select /*+ index_ffs(PSP_FSET_FILE SYS_C0020701) parallel_index(PSP_FSET_FILE SYS_C0020701)*/ count(*) from pspadm.PSP_FSET_FILE PSP_FSET_FILE;

  COUNT(*)                                                                      
----------                                                                      
       685                                                                      

1 row selected.

Elapsed: 00:00:00.00
13:12:13 SQL> select /*+ index_ffs(PSP_FSET_FILING_DETAIL PSP_FSET_FILING_DETAIL_FK1) parallel_index(PSP_FSET_FILING_DETAIL PSP_FSET_FILING_DETAIL_FK1)*/ count(*) from pspadm.PSP_FSET_FILING_DETAIL PSP_FSET_FILING_DETAIL;

  COUNT(*)                                                                      
----------                                                                      
     51656                                                                      

1 row selected.

Elapsed: 00:00:00.22
13:12:14 SQL> select /*+ index_ffs(PSP_FSET_FILING_DETAIL PSP_FSET_FILING_DETAIL_FK2) parallel_index(PSP_FSET_FILING_DETAIL PSP_FSET_FILING_DETAIL_FK2)*/ count(*) from pspadm.PSP_FSET_FILING_DETAIL PSP_FSET_FILING_DETAIL;

  COUNT(*)                                                                      
----------                                                                      
     51656                                                                      

1 row selected.

Elapsed: 00:00:00.00
13:12:14 SQL> select /*+ index_ffs(PSP_FSET_FILING_DETAIL PSP_FSET_FILING_DETAIL_FK3) parallel_index(PSP_FSET_FILING_DETAIL PSP_FSET_FILING_DETAIL_FK3)*/ count(*) from pspadm.PSP_FSET_FILING_DETAIL PSP_FSET_FILING_DETAIL;

  COUNT(*)                                                                      
----------                                                                      
     51656                                                                      

1 row selected.

Elapsed: 00:00:00.01
13:12:14 SQL> select /*+ index_ffs(PSP_FSET_FILING_DETAIL SYS_C0020702) parallel_index(PSP_FSET_FILING_DETAIL SYS_C0020702)*/ count(*) from pspadm.PSP_FSET_FILING_DETAIL PSP_FSET_FILING_DETAIL;

  COUNT(*)                                                                      
----------                                                                      
     51656                                                                      

1 row selected.

Elapsed: 00:00:00.00
13:12:14 SQL> select /*+ index_ffs(PSP_FUNDING_MODEL SYS_C0020514) parallel_index(PSP_FUNDING_MODEL SYS_C0020514)*/ count(*) from pspadm.PSP_FUNDING_MODEL PSP_FUNDING_MODEL;

  COUNT(*)                                                                      
----------                                                                      
         3                                                                      

1 row selected.

Elapsed: 00:00:00.01
13:12:14 SQL> select /*+ index_ffs(PSP_GEMS_LEDGER_POSTING_RULE PSP_GEMS_LEDGER_POSTING_RU_FK1) parallel_index(PSP_GEMS_LEDGER_POSTING_RULE PSP_GEMS_LEDGER_POSTING_RU_FK1)*/ count(*) from pspadm.PSP_GEMS_LEDGER_POSTING_RULE PSP_GEMS_LEDGER_POSTING_RULE;

  COUNT(*)                                                                      
----------                                                                      
        34                                                                      

1 row selected.

Elapsed: 00:00:00.00
13:12:14 SQL> select /*+ index_ffs(PSP_GEMS_LEDGER_POSTING_RULE SYS_C0020465) parallel_index(PSP_GEMS_LEDGER_POSTING_RULE SYS_C0020465)*/ count(*) from pspadm.PSP_GEMS_LEDGER_POSTING_RULE PSP_GEMS_LEDGER_POSTING_RULE;

  COUNT(*)                                                                      
----------                                                                      
        34                                                                      

1 row selected.

Elapsed: 00:00:00.00
13:12:14 SQL> select /*+ index_ffs(PSP_GEMS_MONTHLY_BALANCE PSP_GEMS_MONTHLY_BALANCE_FK1) parallel_index(PSP_GEMS_MONTHLY_BALANCE PSP_GEMS_MONTHLY_BALANCE_FK1)*/ count(*) from pspadm.PSP_GEMS_MONTHLY_BALANCE PSP_GEMS_MONTHLY_BALANCE;

  COUNT(*)                                                                      
----------                                                                      
      4934                                                                      

1 row selected.

Elapsed: 00:00:00.01
13:12:14 SQL> select /*+ index_ffs(PSP_GEMS_MONTHLY_BALANCE PSP_GEMS_MONTHLY_BALANCE_FK2) parallel_index(PSP_GEMS_MONTHLY_BALANCE PSP_GEMS_MONTHLY_BALANCE_FK2)*/ count(*) from pspadm.PSP_GEMS_MONTHLY_BALANCE PSP_GEMS_MONTHLY_BALANCE;

  COUNT(*)                                                                      
----------                                                                      
      4934                                                                      

1 row selected.

Elapsed: 00:00:00.01
13:12:14 SQL> spool off
