02:55:50 SQL> 
02:55:50 SQL> select /*+ FULL(SYS_P389) parallel(SYS_P389 ,4) */count(*) from pspadm.PSP_COMPANY_EVENT partition (SYS_P389)SYS_P389;

  COUNT(*)                                                                      
----------                                                                      
 220220923                                                                      

1 row selected.

Elapsed: 00:01:11.06
02:57:01 SQL> select /*+ FULL(SYS_P387) parallel(SYS_P387 ,4) */count(*) from pspadm.PSP_COMPANY_EVENT partition (SYS_P387)SYS_P387;

  COUNT(*)                                                                      
----------                                                                      
 221688540                                                                      

1 row selected.

Elapsed: 00:00:54.75
02:57:55 SQL> select /*+ FULL(SYS_P390) parallel(SYS_P390 ,4) */count(*) from pspadm.PSP_COMPANY_EVENT partition (SYS_P390)SYS_P390;

  COUNT(*)                                                                      
----------                                                                      
 221061227                                                                      

1 row selected.

Elapsed: 00:00:55.44
02:58:51 SQL> select /*+ FULL(SYS_P393) parallel(SYS_P393 ,4) */count(*) from pspadm.PSP_COMPANY_EVENT partition (SYS_P393)SYS_P393;

  COUNT(*)                                                                      
----------                                                                      
 221836679                                                                      

1 row selected.

Elapsed: 00:00:58.63
02:59:49 SQL> select /*+ FULL(SYS_P391) parallel(SYS_P391 ,4) */count(*) from pspadm.PSP_COMPANY_EVENT partition (SYS_P391)SYS_P391;

  COUNT(*)                                                                      
----------                                                                      
 222415281                                                                      

1 row selected.

Elapsed: 00:00:53.16
03:00:43 SQL> select /*+ FULL(SYS_P386) parallel(SYS_P386 ,4) */count(*) from pspadm.PSP_COMPANY_EVENT partition (SYS_P386)SYS_P386;

  COUNT(*)                                                                      
----------                                                                      
 220204526                                                                      

1 row selected.

Elapsed: 00:00:54.11
03:01:37 SQL> select /*+ FULL(SYS_P392) parallel(SYS_P392 ,4) */count(*) from pspadm.PSP_COMPANY_EVENT partition (SYS_P392)SYS_P392;

  COUNT(*)                                                                      
----------                                                                      
 219140920                                                                      

1 row selected.

Elapsed: 00:00:52.45
03:02:29 SQL> select /*+ FULL(SYS_P388) parallel(SYS_P388 ,4) */count(*) from pspadm.PSP_COMPANY_EVENT partition (SYS_P388)SYS_P388;

  COUNT(*)                                                                      
----------                                                                      
 221000803                                                                      

1 row selected.

Elapsed: 00:00:52.75
03:03:22 SQL> select /*+ FULL(SYS_P395) parallel(SYS_P395 ,4) */count(*) from pspadm.PSP_COMPANY_EVENT_DETAIL partition (SYS_P395)SYS_P395;

  COUNT(*)                                                                      
----------                                                                      
 469868777                                                                      

1 row selected.

Elapsed: 00:02:36.97
03:05:59 SQL> select /*+ FULL(SYS_P401) parallel(SYS_P401 ,4) */count(*) from pspadm.PSP_COMPANY_EVENT_DETAIL partition (SYS_P401)SYS_P401;

  COUNT(*)                                                                      
----------                                                                      
 470962556                                                                      

1 row selected.

Elapsed: 00:03:19.29
03:09:18 SQL> select /*+ FULL(SYS_P396) parallel(SYS_P396 ,4) */count(*) from pspadm.PSP_COMPANY_EVENT_DETAIL partition (SYS_P396)SYS_P396;

  COUNT(*)                                                                      
----------                                                                      
 467895780                                                                      

1 row selected.

Elapsed: 00:03:23.53
03:12:42 SQL> select /*+ FULL(SYS_P397) parallel(SYS_P397 ,4) */count(*) from pspadm.PSP_COMPANY_EVENT_DETAIL partition (SYS_P397)SYS_P397;

  COUNT(*)                                                                      
----------                                                                      
 466658120                                                                      

1 row selected.

Elapsed: 00:03:42.05
03:16:24 SQL> select /*+ FULL(SYS_P398) parallel(SYS_P398 ,4) */count(*) from pspadm.PSP_COMPANY_EVENT_DETAIL partition (SYS_P398)SYS_P398;

  COUNT(*)                                                                      
----------                                                                      
 467940791                                                                      

1 row selected.

Elapsed: 00:03:18.85
03:19:43 SQL> select /*+ FULL(SYS_P399) parallel(SYS_P399 ,4) */count(*) from pspadm.PSP_COMPANY_EVENT_DETAIL partition (SYS_P399)SYS_P399;

  COUNT(*)                                                                      
----------                                                                      
 470466884                                                                      

1 row selected.

Elapsed: 00:02:35.13
03:22:18 SQL> select /*+ FULL(SYS_P400) parallel(SYS_P400 ,4) */count(*) from pspadm.PSP_COMPANY_EVENT_DETAIL partition (SYS_P400)SYS_P400;

  COUNT(*)                                                                      
----------                                                                      
 465270149                                                                      

1 row selected.

Elapsed: 00:02:58.36
03:25:16 SQL> select /*+ FULL(SYS_P394) parallel(SYS_P394 ,4) */count(*) from pspadm.PSP_COMPANY_EVENT_DETAIL partition (SYS_P394)SYS_P394;

  COUNT(*)                                                                      
----------                                                                      
 466984112                                                                      

1 row selected.

Elapsed: 00:02:30.14
03:27:46 SQL> select /*+ FULL(SYS_P408) parallel(SYS_P408 ,4) */count(*) from pspadm.PSP_COMPANY_EVENT_EMAIL_PARAM partition (SYS_P408)SYS_P408;

  COUNT(*)                                                                      
----------                                                                      
 417176074                                                                      

1 row selected.

Elapsed: 00:02:01.39
03:29:48 SQL> select /*+ FULL(SYS_P407) parallel(SYS_P407 ,4) */count(*) from pspadm.PSP_COMPANY_EVENT_EMAIL_PARAM partition (SYS_P407)SYS_P407;

  COUNT(*)                                                                      
----------                                                                      
 421537730                                                                      

1 row selected.

Elapsed: 00:01:50.72
03:31:38 SQL> select /*+ FULL(SYS_P409) parallel(SYS_P409 ,4) */count(*) from pspadm.PSP_COMPANY_EVENT_EMAIL_PARAM partition (SYS_P409)SYS_P409;

  COUNT(*)                                                                      
----------                                                                      
 423125733                                                                      

1 row selected.

Elapsed: 00:01:34.45
03:33:13 SQL> select /*+ FULL(SYS_P404) parallel(SYS_P404 ,4) */count(*) from pspadm.PSP_COMPANY_EVENT_EMAIL_PARAM partition (SYS_P404)SYS_P404;

  COUNT(*)                                                                      
----------                                                                      
 420793019                                                                      

1 row selected.

Elapsed: 00:01:34.80
03:34:48 SQL> select /*+ FULL(SYS_P402) parallel(SYS_P402 ,4) */count(*) from pspadm.PSP_COMPANY_EVENT_EMAIL_PARAM partition (SYS_P402)SYS_P402;

  COUNT(*)                                                                      
----------                                                                      
 420325909                                                                      

1 row selected.

Elapsed: 00:01:35.35
03:36:23 SQL> select /*+ FULL(SYS_P403) parallel(SYS_P403 ,4) */count(*) from pspadm.PSP_COMPANY_EVENT_EMAIL_PARAM partition (SYS_P403)SYS_P403;

  COUNT(*)                                                                      
----------                                                                      
 421961625                                                                      

1 row selected.

Elapsed: 00:01:36.74
03:38:00 SQL> select /*+ FULL(SYS_P405) parallel(SYS_P405 ,4) */count(*) from pspadm.PSP_COMPANY_EVENT_EMAIL_PARAM partition (SYS_P405)SYS_P405;

  COUNT(*)                                                                      
----------                                                                      
 418962488                                                                      

1 row selected.

Elapsed: 00:01:35.23
03:39:35 SQL> select /*+ FULL(SYS_P406) parallel(SYS_P406 ,4) */count(*) from pspadm.PSP_COMPANY_EVENT_EMAIL_PARAM partition (SYS_P406)SYS_P406;

  COUNT(*)                                                                      
----------                                                                      
 421458794                                                                      

1 row selected.

Elapsed: 00:01:42.32
03:41:17 SQL> select /*+ FULL(SYS_P414) parallel(SYS_P414 ,4) */count(*) from pspadm.PSP_COMPENSATION partition (SYS_P414)SYS_P414;

  COUNT(*)                                                                      
----------                                                                      
 198960057                                                                      

1 row selected.

Elapsed: 00:03:14.88
03:44:32 SQL> select /*+ FULL(SYS_P416) parallel(SYS_P416 ,4) */count(*) from pspadm.PSP_COMPENSATION partition (SYS_P416)SYS_P416;

  COUNT(*)                                                                      
----------                                                                      
 192401196                                                                      

1 row selected.

Elapsed: 00:03:28.40
03:48:00 SQL> select /*+ FULL(SYS_P413) parallel(SYS_P413 ,4) */count(*) from pspadm.PSP_COMPENSATION partition (SYS_P413)SYS_P413;

  COUNT(*)                                                                      
----------                                                                      
 194701700                                                                      

1 row selected.

Elapsed: 00:02:09.37
03:50:10 SQL> select /*+ FULL(SYS_P410) parallel(SYS_P410 ,4) */count(*) from pspadm.PSP_COMPENSATION partition (SYS_P410)SYS_P410;

  COUNT(*)                                                                      
----------                                                                      
 198752754                                                                      

1 row selected.

Elapsed: 00:02:33.49
03:52:43 SQL> select /*+ FULL(SYS_P412) parallel(SYS_P412 ,4) */count(*) from pspadm.PSP_COMPENSATION partition (SYS_P412)SYS_P412;

  COUNT(*)                                                                      
----------                                                                      
 196919000                                                                      

1 row selected.

Elapsed: 00:01:40.90
03:54:24 SQL> select /*+ FULL(SYS_P417) parallel(SYS_P417 ,4) */count(*) from pspadm.PSP_COMPENSATION partition (SYS_P417)SYS_P417;

  COUNT(*)                                                                      
----------                                                                      
 197824718                                                                      

1 row selected.

Elapsed: 00:01:15.90
03:55:40 SQL> select /*+ FULL(SYS_P411) parallel(SYS_P411 ,4) */count(*) from pspadm.PSP_COMPENSATION partition (SYS_P411)SYS_P411;

  COUNT(*)                                                                      
----------                                                                      
 198801261                                                                      

1 row selected.

Elapsed: 00:00:48.65
03:56:29 SQL> select /*+ FULL(SYS_P415) parallel(SYS_P415 ,4) */count(*) from pspadm.PSP_COMPENSATION partition (SYS_P415)SYS_P415;

  COUNT(*)                                                                      
----------                                                                      
 198225601                                                                      

1 row selected.

Elapsed: 00:00:48.74
03:57:18 SQL> select /*+ FULL(SYS_P584) parallel(SYS_P584 ,4) */count(*) from pspadm.PSP_DEDUCTION partition (SYS_P584)SYS_P584;

  COUNT(*)                                                                      
----------                                                                      
 191133941                                                                      

1 row selected.

Elapsed: 00:00:48.43
03:58:06 SQL> select /*+ FULL(SYS_P583) parallel(SYS_P583 ,4) */count(*) from pspadm.PSP_DEDUCTION partition (SYS_P583)SYS_P583;

  COUNT(*)                                                                      
----------                                                                      
 194077585                                                                      

1 row selected.

Elapsed: 00:00:49.26
03:58:55 SQL> select /*+ FULL(SYS_P582) parallel(SYS_P582 ,4) */count(*) from pspadm.PSP_DEDUCTION partition (SYS_P582)SYS_P582;

  COUNT(*)                                                                      
----------                                                                      
 192513343                                                                      

1 row selected.

Elapsed: 00:00:46.94
03:59:42 SQL> select /*+ FULL(SYS_P585) parallel(SYS_P585 ,4) */count(*) from pspadm.PSP_DEDUCTION partition (SYS_P585)SYS_P585;

  COUNT(*)                                                                      
----------                                                                      
 191971077                                                                      

1 row selected.

Elapsed: 00:00:45.26
04:00:27 SQL> select /*+ FULL(SYS_P573) parallel(SYS_P573 ,4) */count(*) from pspadm.PSP_DISBURSE_ADVICE_TAX_LIAB partition (SYS_P573)SYS_P573;

  COUNT(*)                                                                      
----------                                                                      
 180376904                                                                      

1 row selected.

Elapsed: 00:00:38.33
04:01:06 SQL> select /*+ FULL(SYS_P571) parallel(SYS_P571 ,4) */count(*) from pspadm.PSP_DISBURSE_ADVICE_TAX_LIAB partition (SYS_P571)SYS_P571;

  COUNT(*)                                                                      
----------                                                                      
 179725389                                                                      

1 row selected.

Elapsed: 00:00:40.47
04:01:46 SQL> select /*+ FULL(SYS_P570) parallel(SYS_P570 ,4) */count(*) from pspadm.PSP_DISBURSE_ADVICE_TAX_LIAB partition (SYS_P570)SYS_P570;

  COUNT(*)                                                                      
----------                                                                      
 179271023                                                                      

1 row selected.

Elapsed: 00:00:42.43
04:02:29 SQL> select /*+ FULL(SYS_P572) parallel(SYS_P572 ,4) */count(*) from pspadm.PSP_DISBURSE_ADVICE_TAX_LIAB partition (SYS_P572)SYS_P572;

  COUNT(*)                                                                      
----------                                                                      
 179472005                                                                      

1 row selected.

Elapsed: 00:00:39.89
04:03:09 SQL> select /*+ FULL(SYS_P432) parallel(SYS_P432 ,4) */count(*) from pspadm.PSP_ENTRY_DETAIL_RECORD partition (SYS_P432)SYS_P432;

  COUNT(*)                                                                      
----------                                                                      
 170430003                                                                      

1 row selected.

Elapsed: 00:09:28.35
04:12:37 SQL> select /*+ FULL(SYS_P418) parallel(SYS_P418 ,4) */count(*) from pspadm.PSP_ENTRY_DETAIL_RECORD partition (SYS_P418)SYS_P418;

  COUNT(*)                                                                      
----------                                                                      
 168419346                                                                      

1 row selected.

Elapsed: 00:08:45.11
04:21:22 SQL> select /*+ FULL(SYS_P424) parallel(SYS_P424 ,4) */count(*) from pspadm.PSP_ENTRY_DETAIL_RECORD partition (SYS_P424)SYS_P424;

  COUNT(*)                                                                      
----------                                                                      
 169034905                                                                      

1 row selected.

Elapsed: 00:08:35.06
04:29:57 SQL> select /*+ FULL(SYS_P426) parallel(SYS_P426 ,4) */count(*) from pspadm.PSP_ENTRY_DETAIL_RECORD partition (SYS_P426)SYS_P426;

  COUNT(*)                                                                      
----------                                                                      
 169540238                                                                      

1 row selected.

Elapsed: 00:08:57.40
04:38:54 SQL> select /*+ FULL(SYS_P422) parallel(SYS_P422 ,4) */count(*) from pspadm.PSP_ENTRY_DETAIL_RECORD partition (SYS_P422)SYS_P422;

  COUNT(*)                                                                      
----------                                                                      
 169971775                                                                      

1 row selected.

Elapsed: 00:07:08.21
04:46:03 SQL> select /*+ FULL(SYS_P427) parallel(SYS_P427 ,4) */count(*) from pspadm.PSP_ENTRY_DETAIL_RECORD partition (SYS_P427)SYS_P427;

  COUNT(*)                                                                      
----------                                                                      
 173921280                                                                      

1 row selected.

Elapsed: 00:08:00.23
04:54:03 SQL> select /*+ FULL(SYS_P429) parallel(SYS_P429 ,4) */count(*) from pspadm.PSP_ENTRY_DETAIL_RECORD partition (SYS_P429)SYS_P429;

  COUNT(*)                                                                      
----------                                                                      
 167516557                                                                      

1 row selected.

Elapsed: 00:07:55.91
05:01:59 SQL> select /*+ FULL(SYS_P421) parallel(SYS_P421 ,4) */count(*) from pspadm.PSP_ENTRY_DETAIL_RECORD partition (SYS_P421)SYS_P421;

  COUNT(*)                                                                      
----------                                                                      
 170114137                                                                      

1 row selected.

Elapsed: 00:06:37.52
05:08:36 SQL> select /*+ FULL(SYS_P433) parallel(SYS_P433 ,4) */count(*) from pspadm.PSP_ENTRY_DETAIL_RECORD partition (SYS_P433)SYS_P433;

  COUNT(*)                                                                      
----------                                                                      
 171050148                                                                      

1 row selected.

Elapsed: 00:08:57.34
05:17:34 SQL> select /*+ FULL(SYS_P425) parallel(SYS_P425 ,4) */count(*) from pspadm.PSP_ENTRY_DETAIL_RECORD partition (SYS_P425)SYS_P425;

  COUNT(*)                                                                      
----------                                                                      
 168959339                                                                      

1 row selected.

Elapsed: 00:07:50.35
05:25:24 SQL> select /*+ FULL(SYS_P431) parallel(SYS_P431 ,4) */count(*) from pspadm.PSP_ENTRY_DETAIL_RECORD partition (SYS_P431)SYS_P431;

  COUNT(*)                                                                      
----------                                                                      
 169335043                                                                      

1 row selected.

Elapsed: 00:08:54.21
05:34:18 SQL> select /*+ FULL(SYS_P420) parallel(SYS_P420 ,4) */count(*) from pspadm.PSP_ENTRY_DETAIL_RECORD partition (SYS_P420)SYS_P420;

  COUNT(*)                                                                      
----------                                                                      
 172274092                                                                      

1 row selected.

Elapsed: 00:07:58.45
05:42:17 SQL> select /*+ FULL(SYS_P423) parallel(SYS_P423 ,4) */count(*) from pspadm.PSP_ENTRY_DETAIL_RECORD partition (SYS_P423)SYS_P423;

  COUNT(*)                                                                      
----------                                                                      
 168640292                                                                      

1 row selected.

Elapsed: 00:06:39.31
05:48:56 SQL> select /*+ FULL(SYS_P430) parallel(SYS_P430 ,4) */count(*) from pspadm.PSP_ENTRY_DETAIL_RECORD partition (SYS_P430)SYS_P430;

  COUNT(*)                                                                      
----------                                                                      
 169736664                                                                      

1 row selected.

Elapsed: 00:08:04.68
05:57:01 SQL> select /*+ FULL(SYS_P428) parallel(SYS_P428 ,4) */count(*) from pspadm.PSP_ENTRY_DETAIL_RECORD partition (SYS_P428)SYS_P428;

  COUNT(*)                                                                      
----------                                                                      
 168289796                                                                      

1 row selected.

Elapsed: 00:07:27.04
06:04:28 SQL> select /*+ FULL(SYS_P419) parallel(SYS_P419 ,4) */count(*) from pspadm.PSP_ENTRY_DETAIL_RECORD partition (SYS_P419)SYS_P419;

  COUNT(*)                                                                      
----------                                                                      
 171078110                                                                      

1 row selected.

Elapsed: 00:03:37.19
06:08:05 SQL> 
06:08:05 SQL> spool off;
