SQL> ALTER TABLE PSPADM.PSP_TP401K_BATCH_PAYCHECK MODIFY company_fk NOT NULL ENABLE NOVALIDATE;

Table altered.

Elapsed: 00:00:00.08
SQL> ALTER TABLE PSPADM.PSP_TP401K_PAYCHECK MODIFY company_fk NOT NULL ENABLE NOVALIDATE;

Table altered.

Elapsed: 00:00:00.00
SQL> ALTER TABLE PSPADM.PSP_WC_PAYCHECK MODIFY company_fk NOT NULL ENABLE NOVALIDATE;

Table altered.

Elapsed: 00:00:00.01
SQL> ALTER TABLE PSPADM.PSP_PAYCHECK MODIFY company_fk NOT NULL ENABLE NOVALIDATE;

Table altered.

Elapsed: 00:00:00.03
SQL> ALTER TABLE PSPADM.PSP_PAYCHECK_SPLIT MODIFY company_fk NOT NULL ENABLE NOVALIDATE;

Table altered.

Elapsed: 00:00:00.01
SQL> ALTER TABLE PSPADM.PSP_VOIDED_CHECK MODIFY company_fk NOT NULL ENABLE NOVALIDATE;

Table altered.

Elapsed: 00:00:00.01
SQL> 
SQL> spool off
